2025-09-13 20:59:24,738 - INFO - 🔬 Starting experiment: r1c3_single_cls_22_seed_42
2025-09-13 20:59:24,738 - INFO - 📁 Experiment directory: experiments/r1c3_single_cls_22_seed_42_20250913_205924
2025-09-13 20:59:24,738 - INFO - 🎲 Random seed: 42
2025-09-13 20:59:24,738 - INFO - 🔒 Deterministic mode: True
2025-09-13 20:59:24,739 - INFO - Using device: cuda
2025-09-13 20:59:24,739 - INFO - Total GPU Memory: 25.16 GB
2025-09-13 20:59:24,752 - INFO - 🧪 Fusion: Using cross-attention dynamic fusion
2025-09-13 20:59:24,752 - INFO - 🧪 GNN Backbone: Using default GraphAttentionNetwork branch
2025-09-13 20:59:24,752 - INFO - 🎯 Task Mode: Single classification endpoint 22
2025-09-13 20:59:24,753 - INFO - Configuration saved to: experiments/r1c3_single_cls_22_seed_42_20250913_205924/checkpoints/config.json
2025-09-13 20:59:24,753 - INFO - 🚀 Using preprocessed data from: data/data/processed
2025-09-13 20:59:24,753 - INFO - Loading LMDB dataset from: data/data/processed
2025-09-13 20:59:25,121 - INFO - Number of training batches: 2278
2025-09-13 20:59:25,121 - INFO - Number of validation batches: 2278
2025-09-13 20:59:25,121 - INFO - Number of test batches: 2278
2025-09-13 20:59:25,121 - INFO - Creating ToxD4C model...
2025-09-13 20:59:26,119 - INFO - Model created successfully. Total parameters: 100,932,036
2025-09-13 20:59:26,119 - INFO - Testing model forward pass...
2025-09-13 20:59:26,531 - INFO - Test output shapes:
2025-09-13 20:59:26,531 - INFO -   classification: torch.Size([16, 1])
2025-09-13 20:59:26,534 - INFO -   classification contains NaN: False
2025-09-13 20:59:26,534 - INFO -   classification contains Inf: False
2025-09-13 20:59:26,534 - INFO -   regression: torch.Size([16, 0])
2025-09-13 20:59:26,534 - INFO -   regression contains NaN: False
2025-09-13 20:59:26,534 - INFO -   regression contains Inf: False
2025-09-13 20:59:26,534 - INFO - Model forward pass test successful!
2025-09-13 20:59:27,239 - INFO - 🔁 Loaded checkpoint from: experiments/r1c3_multi_full_seed_42_20250913_152627/checkpoints/r1c3_multi_full_seed_42_best.pth
2025-09-13 20:59:27,240 - INFO - 🧩 Head-only fine-tuning: unfroze head for task 'SR-ATAD5' and froze trunk.
2025-09-13 20:59:27,241 - INFO - Starting training...
2025-09-13 20:59:27,241 - INFO - 
Epoch 1/3
2025-09-13 20:59:27,405 - INFO - Batch 0/2278: Loss=0.0025, Cls=0.0025, Reg=0.0000, Con=0.0000
2025-09-13 20:59:28,310 - INFO - Batch 10/2278: Loss=0.8866, Cls=0.8866, Reg=0.0000, Con=0.0000
2025-09-13 20:59:29,155 - INFO - Batch 20/2278: Loss=1.2228, Cls=0.0345, Reg=0.0000, Con=3.9610
2025-09-13 20:59:30,043 - INFO - Batch 30/2278: Loss=0.0000, Cls=0.0000, Reg=0.0000, Con=0.0000
2025-09-13 20:59:30,948 - INFO - Batch 40/2278: Loss=0.0006, Cls=0.0006, Reg=0.0000, Con=0.0000
2025-09-13 20:59:31,898 - INFO - Batch 50/2278: Loss=1.2012, Cls=0.0129, Reg=0.0000, Con=3.9609
2025-09-13 20:59:32,777 - INFO - Batch 60/2278: Loss=1.3383, Cls=0.1500, Reg=0.0000, Con=3.9609
2025-09-13 20:59:33,657 - INFO - Batch 70/2278: Loss=1.1882, Cls=0.0000, Reg=0.0000, Con=3.9608
2025-09-13 20:59:34,565 - INFO - Batch 80/2278: Loss=0.0001, Cls=0.0001, Reg=0.0000, Con=0.0000
2025-09-13 20:59:35,470 - INFO - Batch 90/2278: Loss=0.0370, Cls=0.0370, Reg=0.0000, Con=0.0000
2025-09-13 20:59:36,361 - INFO - Batch 100/2278: Loss=0.0113, Cls=0.0113, Reg=0.0000, Con=0.0000
2025-09-13 20:59:37,265 - INFO - Batch 110/2278: Loss=0.0188, Cls=0.0188, Reg=0.0000, Con=0.0000
2025-09-13 20:59:38,130 - INFO - Batch 120/2278: Loss=1.1890, Cls=0.0007, Reg=0.0000, Con=3.9609
2025-09-13 20:59:39,018 - INFO - Batch 130/2278: Loss=1.8602, Cls=0.6719, Reg=0.0000, Con=3.9609
2025-09-13 20:59:39,928 - INFO - Batch 140/2278: Loss=1.3988, Cls=0.2103, Reg=0.0000, Con=3.9615
2025-09-13 20:59:40,830 - INFO - Batch 150/2278: Loss=1.1889, Cls=0.0005, Reg=0.0000, Con=3.9613
2025-09-13 20:59:41,712 - INFO - Batch 160/2278: Loss=1.1896, Cls=0.0013, Reg=0.0000, Con=3.9611
2025-09-13 20:59:42,638 - INFO - Batch 170/2278: Loss=1.1909, Cls=0.0026, Reg=0.0000, Con=3.9611
2025-09-13 20:59:43,529 - INFO - Batch 180/2278: Loss=1.1891, Cls=0.0008, Reg=0.0000, Con=3.9610
2025-09-13 20:59:44,409 - INFO - Batch 190/2278: Loss=1.1923, Cls=0.0041, Reg=0.0000, Con=3.9608
2025-09-13 20:59:45,326 - INFO - Batch 200/2278: Loss=0.0085, Cls=0.0085, Reg=0.0000, Con=0.0000
2025-09-13 20:59:46,233 - INFO - Batch 210/2278: Loss=0.0006, Cls=0.0006, Reg=0.0000, Con=0.0000
2025-09-13 20:59:47,159 - INFO - Batch 220/2278: Loss=4.7240, Cls=4.7240, Reg=0.0000, Con=0.0000
2025-09-13 20:59:48,037 - INFO - Batch 230/2278: Loss=1.1885, Cls=0.0002, Reg=0.0000, Con=3.9610
2025-09-13 20:59:48,911 - INFO - Batch 240/2278: Loss=1.1882, Cls=0.0000, Reg=0.0000, Con=3.9608
2025-09-13 20:59:49,820 - INFO - Batch 250/2278: Loss=0.0002, Cls=0.0002, Reg=0.0000, Con=0.0000
2025-09-13 20:59:50,734 - INFO - Batch 260/2278: Loss=1.2138, Cls=1.2138, Reg=0.0000, Con=0.0000
2025-09-13 20:59:51,623 - INFO - Batch 270/2278: Loss=0.0000, Cls=0.0000, Reg=0.0000, Con=0.0000
2025-09-13 20:59:52,478 - INFO - Batch 280/2278: Loss=1.1900, Cls=0.0016, Reg=0.0000, Con=3.9611
2025-09-13 20:59:53,361 - INFO - Batch 290/2278: Loss=0.0153, Cls=0.0153, Reg=0.0000, Con=0.0000
2025-09-13 20:59:54,257 - INFO - Batch 300/2278: Loss=1.1889, Cls=0.0006, Reg=0.0000, Con=3.9609
2025-09-13 20:59:55,143 - INFO - Batch 310/2278: Loss=1.1884, Cls=0.0000, Reg=0.0000, Con=3.9612
2025-09-13 20:59:56,087 - INFO - Batch 320/2278: Loss=0.0024, Cls=0.0024, Reg=0.0000, Con=0.0000
2025-09-13 20:59:57,134 - INFO - Batch 330/2278: Loss=1.1888, Cls=0.0006, Reg=0.0000, Con=3.9609
2025-09-13 20:59:58,027 - INFO - Batch 340/2278: Loss=1.2145, Cls=0.0262, Reg=0.0000, Con=3.9610
2025-09-13 20:59:58,925 - INFO - Batch 350/2278: Loss=2.1856, Cls=0.9973, Reg=0.0000, Con=3.9611
2025-09-13 20:59:59,799 - INFO - Batch 360/2278: Loss=1.1882, Cls=0.0000, Reg=0.0000, Con=3.9607
2025-09-13 21:00:00,695 - INFO - Batch 370/2278: Loss=1.1889, Cls=0.0006, Reg=0.0000, Con=3.9609
2025-09-13 21:00:01,579 - INFO - Batch 380/2278: Loss=1.1893, Cls=0.0010, Reg=0.0000, Con=3.9607
2025-09-13 21:00:02,469 - INFO - Batch 390/2278: Loss=1.1882, Cls=0.0000, Reg=0.0000, Con=3.9607
2025-09-13 21:00:03,356 - INFO - Batch 400/2278: Loss=0.0328, Cls=0.0328, Reg=0.0000, Con=0.0000
2025-09-13 21:00:04,241 - INFO - Batch 410/2278: Loss=0.0120, Cls=0.0120, Reg=0.0000, Con=0.0000
2025-09-13 21:00:05,127 - INFO - Batch 420/2278: Loss=0.0015, Cls=0.0015, Reg=0.0000, Con=0.0000
2025-09-13 21:00:06,004 - INFO - Batch 430/2278: Loss=1.1887, Cls=0.0005, Reg=0.0000, Con=3.9607
2025-09-13 21:00:06,867 - INFO - Batch 440/2278: Loss=1.1947, Cls=0.0064, Reg=0.0000, Con=3.9608
2025-09-13 21:00:07,718 - INFO - Batch 450/2278: Loss=1.1887, Cls=0.0005, Reg=0.0000, Con=3.9607
2025-09-13 21:00:08,617 - INFO - Batch 460/2278: Loss=1.1969, Cls=0.0087, Reg=0.0000, Con=3.9607
2025-09-13 21:00:09,521 - INFO - Batch 470/2278: Loss=1.1891, Cls=0.0008, Reg=0.0000, Con=3.9611
2025-09-13 21:00:10,406 - INFO - Batch 480/2278: Loss=1.1905, Cls=0.0023, Reg=0.0000, Con=3.9607
2025-09-13 21:00:11,273 - INFO - Batch 490/2278: Loss=0.0000, Cls=0.0000, Reg=0.0000, Con=0.0000
2025-09-13 21:00:12,146 - INFO - Batch 500/2278: Loss=0.0000, Cls=0.0000, Reg=0.0000, Con=0.0000
2025-09-13 21:00:13,015 - INFO - Batch 510/2278: Loss=1.1883, Cls=0.0000, Reg=0.0000, Con=3.9609
2025-09-13 21:00:13,881 - INFO - Batch 520/2278: Loss=1.1883, Cls=0.0001, Reg=0.0000, Con=3.9608
2025-09-13 21:00:14,811 - INFO - Batch 530/2278: Loss=1.1885, Cls=0.0003, Reg=0.0000, Con=3.9608
2025-09-13 21:00:15,729 - INFO - Batch 540/2278: Loss=1.7492, Cls=0.5609, Reg=0.0000, Con=3.9610
2025-09-13 21:00:16,593 - INFO - Batch 550/2278: Loss=1.1882, Cls=0.0000, Reg=0.0000, Con=3.9607
2025-09-13 21:00:17,478 - INFO - Batch 560/2278: Loss=1.1884, Cls=0.0001, Reg=0.0000, Con=3.9609
2025-09-13 21:00:18,373 - INFO - Batch 570/2278: Loss=1.2011, Cls=0.0128, Reg=0.0000, Con=3.9608
2025-09-13 21:00:19,240 - INFO - Batch 580/2278: Loss=0.0001, Cls=0.0001, Reg=0.0000, Con=0.0000
2025-09-13 21:00:20,136 - INFO - Batch 590/2278: Loss=0.0930, Cls=0.0930, Reg=0.0000, Con=0.0000
2025-09-13 21:00:21,016 - INFO - Batch 600/2278: Loss=1.1885, Cls=0.0002, Reg=0.0000, Con=3.9609
2025-09-13 21:00:21,907 - INFO - Batch 610/2278: Loss=1.2055, Cls=0.0172, Reg=0.0000, Con=3.9609
2025-09-13 21:00:22,825 - INFO - Batch 620/2278: Loss=1.1888, Cls=0.0006, Reg=0.0000, Con=3.9608
2025-09-13 21:00:23,740 - INFO - Batch 630/2278: Loss=0.0000, Cls=0.0000, Reg=0.0000, Con=0.0000
2025-09-13 21:00:24,637 - INFO - Batch 640/2278: Loss=2.7916, Cls=1.6034, Reg=0.0000, Con=3.9608
2025-09-13 21:00:25,500 - INFO - Batch 650/2278: Loss=1.1886, Cls=0.0002, Reg=0.0000, Con=3.9613
2025-09-13 21:00:26,376 - INFO - Batch 660/2278: Loss=1.1883, Cls=0.0000, Reg=0.0000, Con=3.9608
2025-09-13 21:00:27,278 - INFO - Batch 670/2278: Loss=1.3220, Cls=0.1337, Reg=0.0000, Con=3.9608
2025-09-13 21:00:28,157 - INFO - Batch 680/2278: Loss=1.1992, Cls=0.0109, Reg=0.0000, Con=3.9608
2025-09-13 21:00:29,226 - INFO - Batch 690/2278: Loss=0.0002, Cls=0.0002, Reg=0.0000, Con=0.0000
2025-09-13 21:00:30,139 - INFO - Batch 700/2278: Loss=0.0000, Cls=0.0000, Reg=0.0000, Con=0.0000
2025-09-13 21:00:31,033 - INFO - Batch 710/2278: Loss=1.1882, Cls=0.0000, Reg=0.0000, Con=3.9607
2025-09-13 21:00:31,922 - INFO - Batch 720/2278: Loss=1.1883, Cls=0.0000, Reg=0.0000, Con=3.9609
2025-09-13 21:00:32,808 - INFO - Batch 730/2278: Loss=1.1896, Cls=0.0012, Reg=0.0000, Con=3.9613
2025-09-13 21:00:33,686 - INFO - Batch 740/2278: Loss=1.1916, Cls=0.0033, Reg=0.0000, Con=3.9610
2025-09-13 21:00:34,562 - INFO - Batch 750/2278: Loss=1.1885, Cls=0.0003, Reg=0.0000, Con=3.9609
2025-09-13 21:00:35,451 - INFO - Batch 760/2278: Loss=1.1884, Cls=0.0002, Reg=0.0000, Con=3.9608
2025-09-13 21:00:36,327 - INFO - Batch 770/2278: Loss=1.1884, Cls=0.0001, Reg=0.0000, Con=3.9610
2025-09-13 21:00:37,211 - INFO - Batch 780/2278: Loss=1.1883, Cls=0.0001, Reg=0.0000, Con=3.9608
2025-09-13 21:00:38,082 - INFO - Batch 790/2278: Loss=0.0001, Cls=0.0001, Reg=0.0000, Con=0.0000
2025-09-13 21:00:38,954 - INFO - Batch 800/2278: Loss=1.1884, Cls=0.0000, Reg=0.0000, Con=3.9612
2025-09-13 21:00:39,837 - INFO - Batch 810/2278: Loss=1.1884, Cls=0.0000, Reg=0.0000, Con=3.9612
2025-09-13 21:00:40,744 - INFO - Batch 820/2278: Loss=1.1883, Cls=0.0000, Reg=0.0000, Con=3.9609
2025-09-13 21:00:41,628 - INFO - Batch 830/2278: Loss=1.1887, Cls=0.0005, Reg=0.0000, Con=3.9609
2025-09-13 21:00:42,492 - INFO - Batch 840/2278: Loss=2.1514, Cls=0.9632, Reg=0.0000, Con=3.9608
2025-09-13 21:00:43,368 - INFO - Batch 850/2278: Loss=0.0036, Cls=0.0036, Reg=0.0000, Con=0.0000
2025-09-13 21:00:44,220 - INFO - Batch 860/2278: Loss=1.1914, Cls=0.0032, Reg=0.0000, Con=3.9607
2025-09-13 21:00:45,119 - INFO - Batch 870/2278: Loss=0.0014, Cls=0.0014, Reg=0.0000, Con=0.0000
2025-09-13 21:00:46,008 - INFO - Batch 880/2278: Loss=0.0006, Cls=0.0006, Reg=0.0000, Con=0.0000
2025-09-13 21:00:46,870 - INFO - Batch 890/2278: Loss=0.0004, Cls=0.0004, Reg=0.0000, Con=0.0000
2025-09-13 21:00:47,772 - INFO - Batch 900/2278: Loss=1.1891, Cls=0.0008, Reg=0.0000, Con=3.9609
2025-09-13 21:00:48,655 - INFO - Batch 910/2278: Loss=1.1886, Cls=0.0004, Reg=0.0000, Con=3.9609
2025-09-13 21:00:49,515 - INFO - Batch 920/2278: Loss=1.1883, Cls=0.0000, Reg=0.0000, Con=3.9610
2025-09-13 21:00:50,414 - INFO - Batch 930/2278: Loss=1.1888, Cls=0.0006, Reg=0.0000, Con=3.9608
2025-09-13 21:00:51,304 - INFO - Batch 940/2278: Loss=1.1949, Cls=0.0066, Reg=0.0000, Con=3.9609
2025-09-13 21:00:52,185 - INFO - Batch 950/2278: Loss=1.1883, Cls=0.0000, Reg=0.0000, Con=3.9611
2025-09-13 21:00:53,039 - INFO - Batch 960/2278: Loss=1.1912, Cls=0.0029, Reg=0.0000, Con=3.9609
2025-09-13 21:00:53,918 - INFO - Batch 970/2278: Loss=2.1240, Cls=0.9356, Reg=0.0000, Con=3.9612
2025-09-13 21:00:54,788 - INFO - Batch 980/2278: Loss=0.0006, Cls=0.0006, Reg=0.0000, Con=0.0000
2025-09-13 21:00:55,662 - INFO - Batch 990/2278: Loss=0.0000, Cls=0.0000, Reg=0.0000, Con=0.0000
2025-09-13 21:00:56,580 - INFO - Batch 1000/2278: Loss=2.0252, Cls=0.8370, Reg=0.0000, Con=3.9609
2025-09-13 21:00:57,474 - INFO - Batch 1010/2278: Loss=1.2163, Cls=0.0281, Reg=0.0000, Con=3.9608
2025-09-13 21:00:58,366 - INFO - Batch 1020/2278: Loss=0.0003, Cls=0.0003, Reg=0.0000, Con=0.0000
2025-09-13 21:00:59,254 - INFO - Batch 1030/2278: Loss=1.1884, Cls=0.0001, Reg=0.0000, Con=3.9610
2025-09-13 21:01:00,123 - INFO - Batch 1040/2278: Loss=1.1888, Cls=0.0006, Reg=0.0000, Con=3.9607
2025-09-13 21:01:01,016 - INFO - Batch 1050/2278: Loss=1.1884, Cls=0.0001, Reg=0.0000, Con=3.9609
2025-09-13 21:01:01,889 - INFO - Batch 1060/2278: Loss=1.1885, Cls=0.0003, Reg=0.0000, Con=3.9608
2025-09-13 21:01:02,792 - INFO - Batch 1070/2278: Loss=1.1883, Cls=0.0000, Reg=0.0000, Con=3.9608
2025-09-13 21:01:03,705 - INFO - Batch 1080/2278: Loss=0.0006, Cls=0.0006, Reg=0.0000, Con=0.0000
2025-09-13 21:01:04,620 - INFO - Batch 1090/2278: Loss=5.2181, Cls=4.0298, Reg=0.0000, Con=3.9609
2025-09-13 21:01:05,510 - INFO - Batch 1100/2278: Loss=0.4278, Cls=0.4278, Reg=0.0000, Con=0.0000
2025-09-13 21:01:06,401 - INFO - Batch 1110/2278: Loss=1.1883, Cls=0.0001, Reg=0.0000, Con=3.9608
2025-09-13 21:01:07,353 - INFO - Batch 1120/2278: Loss=0.0179, Cls=0.0179, Reg=0.0000, Con=0.0000
2025-09-13 21:01:08,250 - INFO - Batch 1130/2278: Loss=1.1900, Cls=0.0018, Reg=0.0000, Con=3.9608
2025-09-13 21:01:09,124 - INFO - Batch 1140/2278: Loss=1.1908, Cls=0.0025, Reg=0.0000, Con=3.9608
2025-09-13 21:01:09,993 - INFO - Batch 1150/2278: Loss=1.1885, Cls=0.0001, Reg=0.0000, Con=3.9611
2025-09-13 21:01:10,872 - INFO - Batch 1160/2278: Loss=1.2085, Cls=0.0202, Reg=0.0000, Con=3.9609
2025-09-13 21:01:11,743 - INFO - Batch 1170/2278: Loss=0.0014, Cls=0.0014, Reg=0.0000, Con=0.0000
2025-09-13 21:01:12,617 - INFO - Batch 1180/2278: Loss=1.1889, Cls=0.0006, Reg=0.0000, Con=3.9609
2025-09-13 21:01:13,495 - INFO - Batch 1190/2278: Loss=1.1888, Cls=0.0005, Reg=0.0000, Con=3.9609
2025-09-13 21:01:14,378 - INFO - Batch 1200/2278: Loss=0.0016, Cls=0.0016, Reg=0.0000, Con=0.0000
2025-09-13 21:01:15,273 - INFO - Batch 1210/2278: Loss=1.1902, Cls=0.0019, Reg=0.0000, Con=3.9610
2025-09-13 21:01:16,135 - INFO - Batch 1220/2278: Loss=0.0006, Cls=0.0006, Reg=0.0000, Con=0.0000
2025-09-13 21:01:17,019 - INFO - Batch 1230/2278: Loss=1.1883, Cls=0.0000, Reg=0.0000, Con=3.9609
2025-09-13 21:01:17,919 - INFO - Batch 1240/2278: Loss=1.1883, Cls=0.0000, Reg=0.0000, Con=3.9609
2025-09-13 21:01:18,789 - INFO - Batch 1250/2278: Loss=0.0000, Cls=0.0000, Reg=0.0000, Con=0.0000
2025-09-13 21:01:19,673 - INFO - Batch 1260/2278: Loss=1.2046, Cls=0.0163, Reg=0.0000, Con=3.9608
2025-09-13 21:01:20,560 - INFO - Batch 1270/2278: Loss=1.1883, Cls=0.0001, Reg=0.0000, Con=3.9609
2025-09-13 21:01:21,417 - INFO - Batch 1280/2278: Loss=0.0004, Cls=0.0004, Reg=0.0000, Con=0.0000
2025-09-13 21:01:22,316 - INFO - Batch 1290/2278: Loss=1.4029, Cls=1.4029, Reg=0.0000, Con=0.0000
2025-09-13 21:01:23,208 - INFO - Batch 1300/2278: Loss=1.1887, Cls=0.0004, Reg=0.0000, Con=3.9610
2025-09-13 21:01:24,085 - INFO - Batch 1310/2278: Loss=1.1905, Cls=0.0022, Reg=0.0000, Con=3.9611
2025-09-13 21:01:24,974 - INFO - Batch 1320/2278: Loss=0.0001, Cls=0.0001, Reg=0.0000, Con=0.0000
2025-09-13 21:01:25,844 - INFO - Batch 1330/2278: Loss=1.1886, Cls=0.0002, Reg=0.0000, Con=3.9613
2025-09-13 21:01:26,723 - INFO - Batch 1340/2278: Loss=1.1882, Cls=0.0000, Reg=0.0000, Con=3.9608
2025-09-13 21:01:27,610 - INFO - Batch 1350/2278: Loss=0.0003, Cls=0.0003, Reg=0.0000, Con=0.0000
2025-09-13 21:01:28,524 - INFO - Batch 1360/2278: Loss=1.1924, Cls=0.0041, Reg=0.0000, Con=3.9610
2025-09-13 21:01:29,426 - INFO - Batch 1370/2278: Loss=1.1882, Cls=0.0000, Reg=0.0000, Con=3.9608
2025-09-13 21:01:30,346 - INFO - Batch 1380/2278: Loss=1.1886, Cls=0.0003, Reg=0.0000, Con=3.9608
2025-09-13 21:01:31,251 - INFO - Batch 1390/2278: Loss=1.1885, Cls=0.0003, Reg=0.0000, Con=3.9608
2025-09-13 21:01:32,166 - INFO - Batch 1400/2278: Loss=1.1883, Cls=0.0000, Reg=0.0000, Con=3.9609
2025-09-13 21:01:33,208 - INFO - Batch 1410/2278: Loss=1.1913, Cls=0.0029, Reg=0.0000, Con=3.9612
2025-09-13 21:01:34,080 - INFO - Batch 1420/2278: Loss=0.6272, Cls=0.6272, Reg=0.0000, Con=0.0000
2025-09-13 21:01:34,951 - INFO - Batch 1430/2278: Loss=1.1918, Cls=0.0035, Reg=0.0000, Con=3.9609
2025-09-13 21:01:35,806 - INFO - Batch 1440/2278: Loss=1.1883, Cls=0.0000, Reg=0.0000, Con=3.9609
2025-09-13 21:01:36,657 - INFO - Batch 1450/2278: Loss=1.1989, Cls=0.0107, Reg=0.0000, Con=3.9608
2025-09-13 21:01:37,551 - INFO - Batch 1460/2278: Loss=0.0095, Cls=0.0095, Reg=0.0000, Con=0.0000
2025-09-13 21:01:38,447 - INFO - Batch 1470/2278: Loss=1.1883, Cls=0.0001, Reg=0.0000, Con=3.9609
2025-09-13 21:01:39,350 - INFO - Batch 1480/2278: Loss=1.2046, Cls=0.0164, Reg=0.0000, Con=3.9607
2025-09-13 21:01:40,243 - INFO - Batch 1490/2278: Loss=1.1890, Cls=0.0008, Reg=0.0000, Con=3.9609
2025-09-13 21:01:41,131 - INFO - Batch 1500/2278: Loss=1.1895, Cls=0.0012, Reg=0.0000, Con=3.9609
2025-09-13 21:01:42,018 - INFO - Batch 1510/2278: Loss=0.0000, Cls=0.0000, Reg=0.0000, Con=0.0000
2025-09-13 21:01:42,902 - INFO - Batch 1520/2278: Loss=5.2977, Cls=4.1095, Reg=0.0000, Con=3.9608
2025-09-13 21:01:43,769 - INFO - Batch 1530/2278: Loss=1.1883, Cls=0.0000, Reg=0.0000, Con=3.9608
2025-09-13 21:01:44,666 - INFO - Batch 1540/2278: Loss=1.1892, Cls=0.0009, Reg=0.0000, Con=3.9609
2025-09-13 21:01:45,568 - INFO - Batch 1550/2278: Loss=1.1883, Cls=0.0000, Reg=0.0000, Con=3.9610
2025-09-13 21:01:46,461 - INFO - Batch 1560/2278: Loss=1.2094, Cls=0.0212, Reg=0.0000, Con=3.9609
2025-09-13 21:01:47,372 - INFO - Batch 1570/2278: Loss=1.1908, Cls=0.0026, Reg=0.0000, Con=3.9608
2025-09-13 21:01:48,291 - INFO - Batch 1580/2278: Loss=1.1895, Cls=0.0012, Reg=0.0000, Con=3.9608
2025-09-13 21:01:49,183 - INFO - Batch 1590/2278: Loss=1.2076, Cls=0.0193, Reg=0.0000, Con=3.9609
2025-09-13 21:01:50,038 - INFO - Batch 1600/2278: Loss=1.1886, Cls=0.0003, Reg=0.0000, Con=3.9608
2025-09-13 21:01:50,910 - INFO - Batch 1610/2278: Loss=0.5725, Cls=0.5725, Reg=0.0000, Con=0.0000
2025-09-13 21:01:51,805 - INFO - Batch 1620/2278: Loss=0.0021, Cls=0.0021, Reg=0.0000, Con=0.0000
2025-09-13 21:01:52,699 - INFO - Batch 1630/2278: Loss=1.1882, Cls=0.0000, Reg=0.0000, Con=3.9608
2025-09-13 21:01:53,586 - INFO - Batch 1640/2278: Loss=0.0011, Cls=0.0011, Reg=0.0000, Con=0.0000
2025-09-13 21:01:54,457 - INFO - Batch 1650/2278: Loss=0.0158, Cls=0.0158, Reg=0.0000, Con=0.0000
2025-09-13 21:01:55,361 - INFO - Batch 1660/2278: Loss=0.4230, Cls=0.4230, Reg=0.0000, Con=0.0000
2025-09-13 21:01:56,215 - INFO - Batch 1670/2278: Loss=1.1884, Cls=0.0000, Reg=0.0000, Con=3.9612
2025-09-13 21:01:57,119 - INFO - Batch 1680/2278: Loss=0.0007, Cls=0.0007, Reg=0.0000, Con=0.0000
2025-09-13 21:01:57,993 - INFO - Batch 1690/2278: Loss=1.1900, Cls=0.0016, Reg=0.0000, Con=3.9612
2025-09-13 21:01:58,861 - INFO - Batch 1700/2278: Loss=1.1885, Cls=0.0002, Reg=0.0000, Con=3.9612
2025-09-13 21:01:59,738 - INFO - Batch 1710/2278: Loss=0.0101, Cls=0.0101, Reg=0.0000, Con=0.0000
2025-09-13 21:02:00,620 - INFO - Batch 1720/2278: Loss=1.1884, Cls=0.0001, Reg=0.0000, Con=3.9608
2025-09-13 21:02:01,521 - INFO - Batch 1730/2278: Loss=0.0002, Cls=0.0002, Reg=0.0000, Con=0.0000
2025-09-13 21:02:02,420 - INFO - Batch 1740/2278: Loss=0.0000, Cls=0.0000, Reg=0.0000, Con=0.0000
2025-09-13 21:02:03,292 - INFO - Batch 1750/2278: Loss=1.1883, Cls=0.0000, Reg=0.0000, Con=3.9609
2025-09-13 21:02:04,193 - INFO - Batch 1760/2278: Loss=1.1884, Cls=0.0001, Reg=0.0000, Con=3.9609
2025-09-13 21:02:05,072 - INFO - Batch 1770/2278: Loss=1.1882, Cls=0.0000, Reg=0.0000, Con=3.9608
2025-09-13 21:02:05,959 - INFO - Batch 1780/2278: Loss=1.1883, Cls=0.0000, Reg=0.0000, Con=3.9608
2025-09-13 21:02:06,821 - INFO - Batch 1790/2278: Loss=0.0021, Cls=0.0021, Reg=0.0000, Con=0.0000
2025-09-13 21:02:07,726 - INFO - Batch 1800/2278: Loss=0.0032, Cls=0.0032, Reg=0.0000, Con=0.0000
2025-09-13 21:02:08,624 - INFO - Batch 1810/2278: Loss=0.0002, Cls=0.0002, Reg=0.0000, Con=0.0000
2025-09-13 21:02:09,490 - INFO - Batch 1820/2278: Loss=1.1884, Cls=0.0000, Reg=0.0000, Con=3.9611
2025-09-13 21:02:10,358 - INFO - Batch 1830/2278: Loss=0.0003, Cls=0.0003, Reg=0.0000, Con=0.0000
2025-09-13 21:02:11,313 - INFO - Batch 1840/2278: Loss=0.0059, Cls=0.0059, Reg=0.0000, Con=0.0000
2025-09-13 21:02:12,376 - INFO - Batch 1850/2278: Loss=1.1886, Cls=0.0003, Reg=0.0000, Con=3.9608
2025-09-13 21:02:13,279 - INFO - Batch 1860/2278: Loss=0.0011, Cls=0.0011, Reg=0.0000, Con=0.0000
2025-09-13 21:02:14,149 - INFO - Batch 1870/2278: Loss=1.1883, Cls=0.0000, Reg=0.0000, Con=3.9608
2025-09-13 21:02:15,045 - INFO - Batch 1880/2278: Loss=0.0000, Cls=0.0000, Reg=0.0000, Con=0.0000
2025-09-13 21:02:15,947 - INFO - Batch 1890/2278: Loss=1.1885, Cls=0.0002, Reg=0.0000, Con=3.9609
2025-09-13 21:02:16,832 - INFO - Batch 1900/2278: Loss=0.0048, Cls=0.0048, Reg=0.0000, Con=0.0000
2025-09-13 21:02:17,775 - INFO - Batch 1910/2278: Loss=0.0017, Cls=0.0017, Reg=0.0000, Con=0.0000
2025-09-13 21:02:18,690 - INFO - Batch 1920/2278: Loss=1.1960, Cls=0.0078, Reg=0.0000, Con=3.9607
2025-09-13 21:02:19,592 - INFO - Batch 1930/2278: Loss=1.1889, Cls=0.0007, Reg=0.0000, Con=3.9607
2025-09-13 21:02:20,473 - INFO - Batch 1940/2278: Loss=1.4866, Cls=0.2983, Reg=0.0000, Con=3.9608
2025-09-13 21:02:21,340 - INFO - Batch 1950/2278: Loss=1.1883, Cls=0.0001, Reg=0.0000, Con=3.9608
2025-09-13 21:02:22,233 - INFO - Batch 1960/2278: Loss=1.1886, Cls=0.0003, Reg=0.0000, Con=3.9609
2025-09-13 21:02:23,131 - INFO - Batch 1970/2278: Loss=1.1883, Cls=0.0000, Reg=0.0000, Con=3.9611
2025-09-13 21:02:24,039 - INFO - Batch 1980/2278: Loss=2.3302, Cls=1.1419, Reg=0.0000, Con=3.9609
2025-09-13 21:02:24,925 - INFO - Batch 1990/2278: Loss=1.2325, Cls=0.0440, Reg=0.0000, Con=3.9615
2025-09-13 21:02:25,826 - INFO - Batch 2000/2278: Loss=0.0002, Cls=0.0002, Reg=0.0000, Con=0.0000
2025-09-13 21:02:26,708 - INFO - Batch 2010/2278: Loss=1.1884, Cls=0.0001, Reg=0.0000, Con=3.9608
2025-09-13 21:02:27,620 - INFO - Batch 2020/2278: Loss=1.5438, Cls=0.3555, Reg=0.0000, Con=3.9608
2025-09-13 21:02:28,518 - INFO - Batch 2030/2278: Loss=1.1882, Cls=0.0000, Reg=0.0000, Con=3.9607
2025-09-13 21:02:29,426 - INFO - Batch 2040/2278: Loss=1.1884, Cls=0.0001, Reg=0.0000, Con=3.9609
2025-09-13 21:02:30,315 - INFO - Batch 2050/2278: Loss=1.1891, Cls=0.0009, Reg=0.0000, Con=3.9608
2025-09-13 21:02:31,165 - INFO - Batch 2060/2278: Loss=0.0000, Cls=0.0000, Reg=0.0000, Con=0.0000
2025-09-13 21:02:32,058 - INFO - Batch 2070/2278: Loss=1.1885, Cls=0.0002, Reg=0.0000, Con=3.9611
2025-09-13 21:02:32,962 - INFO - Batch 2080/2278: Loss=1.1884, Cls=0.0001, Reg=0.0000, Con=3.9610
2025-09-13 21:02:33,860 - INFO - Batch 2090/2278: Loss=1.1886, Cls=0.0002, Reg=0.0000, Con=3.9612
2025-09-13 21:02:34,742 - INFO - Batch 2100/2278: Loss=1.1883, Cls=0.0000, Reg=0.0000, Con=3.9611
2025-09-13 21:02:35,649 - INFO - Batch 2110/2278: Loss=1.1883, Cls=0.0000, Reg=0.0000, Con=3.9609
2025-09-13 21:02:36,578 - INFO - Batch 2120/2278: Loss=0.0000, Cls=0.0000, Reg=0.0000, Con=0.0000
2025-09-13 21:02:37,489 - INFO - Batch 2130/2278: Loss=1.1882, Cls=0.0000, Reg=0.0000, Con=3.9606
2025-09-13 21:02:38,379 - INFO - Batch 2140/2278: Loss=1.1882, Cls=0.0000, Reg=0.0000, Con=3.9608
2025-09-13 21:02:39,247 - INFO - Batch 2150/2278: Loss=2.0317, Cls=0.8435, Reg=0.0000, Con=3.9607
2025-09-13 21:02:40,139 - INFO - Batch 2160/2278: Loss=1.1883, Cls=0.0001, Reg=0.0000, Con=3.9608
2025-09-13 21:02:41,015 - INFO - Batch 2170/2278: Loss=1.1884, Cls=0.0001, Reg=0.0000, Con=3.9609
2025-09-13 21:02:41,914 - INFO - Batch 2180/2278: Loss=0.0269, Cls=0.0269, Reg=0.0000, Con=0.0000
2025-09-13 21:02:42,853 - INFO - Batch 2190/2278: Loss=0.0000, Cls=0.0000, Reg=0.0000, Con=0.0000
2025-09-13 21:02:43,772 - INFO - Batch 2200/2278: Loss=1.2889, Cls=0.1007, Reg=0.0000, Con=3.9605
2025-09-13 21:02:44,671 - INFO - Batch 2210/2278: Loss=1.2107, Cls=0.0224, Reg=0.0000, Con=3.9609
2025-09-13 21:02:45,546 - INFO - Batch 2220/2278: Loss=1.1994, Cls=0.0111, Reg=0.0000, Con=3.9610
2025-09-13 21:02:46,438 - INFO - Batch 2230/2278: Loss=0.0001, Cls=0.0001, Reg=0.0000, Con=0.0000
2025-09-13 21:02:47,333 - INFO - Batch 2240/2278: Loss=0.0001, Cls=0.0001, Reg=0.0000, Con=0.0000
2025-09-13 21:02:48,210 - INFO - Batch 2250/2278: Loss=1.1885, Cls=0.0002, Reg=0.0000, Con=3.9609
2025-09-13 21:02:49,138 - INFO - Batch 2260/2278: Loss=1.1941, Cls=0.0059, Reg=0.0000, Con=3.9608
2025-09-13 21:02:50,059 - INFO - Batch 2270/2278: Loss=0.0011, Cls=0.0011, Reg=0.0000, Con=0.0000
2025-09-13 21:06:11,752 - INFO - === Epoch 1 Results ===
2025-09-13 21:06:11,752 - INFO - Training Loss: 0.8794 (Classification: 0.1142, Regression: 0.0000)
2025-09-13 21:06:11,752 - INFO - Validation Loss: 0.0456 (Classification: 0.0456, Regression: 0.0000)
2025-09-13 21:06:11,752 - INFO - Average Classification Accuracy: 0.9648 (on 1/26 tasks)
2025-09-13 21:06:11,752 - INFO - Average AUC: 0.8607
2025-09-13 21:06:12,277 - INFO - Best model saved to: experiments/r1c3_single_cls_22_seed_42_20250913_205924/checkpoints/r1c3_single_cls_22_seed_42_best.pth
2025-09-13 21:06:12,277 - INFO - 
Epoch 2/3
2025-09-13 21:06:12,374 - INFO - Batch 0/2278: Loss=0.0093, Cls=0.0093, Reg=0.0000, Con=0.0000
2025-09-13 21:06:13,250 - INFO - Batch 10/2278: Loss=1.1881, Cls=0.0000, Reg=0.0000, Con=3.9604
2025-09-13 21:06:14,147 - INFO - Batch 20/2278: Loss=1.1884, Cls=0.0001, Reg=0.0000, Con=3.9610
2025-09-13 21:06:15,049 - INFO - Batch 30/2278: Loss=1.1883, Cls=0.0000, Reg=0.0000, Con=3.9608
2025-09-13 21:06:15,934 - INFO - Batch 40/2278: Loss=1.1882, Cls=0.0000, Reg=0.0000, Con=3.9608
2025-09-13 21:06:16,876 - INFO - Batch 50/2278: Loss=0.0027, Cls=0.0027, Reg=0.0000, Con=0.0000
2025-09-13 21:06:17,782 - INFO - Batch 60/2278: Loss=2.3229, Cls=1.1347, Reg=0.0000, Con=3.9608
2025-09-13 21:06:18,680 - INFO - Batch 70/2278: Loss=1.1882, Cls=0.0000, Reg=0.0000, Con=3.9607
2025-09-13 21:06:19,568 - INFO - Batch 80/2278: Loss=1.1883, Cls=0.0000, Reg=0.0000, Con=3.9609
2025-09-13 21:06:20,484 - INFO - Batch 90/2278: Loss=0.0580, Cls=0.0580, Reg=0.0000, Con=0.0000
2025-09-13 21:06:21,394 - INFO - Batch 100/2278: Loss=1.1891, Cls=0.0009, Reg=0.0000, Con=3.9609
2025-09-13 21:06:22,318 - INFO - Batch 110/2278: Loss=1.1883, Cls=0.0000, Reg=0.0000, Con=3.9609
2025-09-13 21:06:23,213 - INFO - Batch 120/2278: Loss=0.4312, Cls=0.4312, Reg=0.0000, Con=0.0000
2025-09-13 21:06:24,128 - INFO - Batch 130/2278: Loss=1.1882, Cls=0.0000, Reg=0.0000, Con=3.9607
2025-09-13 21:06:25,021 - INFO - Batch 140/2278: Loss=1.1886, Cls=0.0003, Reg=0.0000, Con=3.9609
2025-09-13 21:06:25,924 - INFO - Batch 150/2278: Loss=1.1887, Cls=0.0004, Reg=0.0000, Con=3.9611
2025-09-13 21:06:26,824 - INFO - Batch 160/2278: Loss=1.1884, Cls=0.0001, Reg=0.0000, Con=3.9609
2025-09-13 21:06:27,717 - INFO - Batch 170/2278: Loss=0.0079, Cls=0.0079, Reg=0.0000, Con=0.0000
2025-09-13 21:06:28,614 - INFO - Batch 180/2278: Loss=1.1926, Cls=0.0044, Reg=0.0000, Con=3.9609
2025-09-13 21:06:29,515 - INFO - Batch 190/2278: Loss=0.0000, Cls=0.0000, Reg=0.0000, Con=0.0000
2025-09-13 21:06:30,414 - INFO - Batch 200/2278: Loss=1.1909, Cls=0.0027, Reg=0.0000, Con=3.9608
2025-09-13 21:06:31,304 - INFO - Batch 210/2278: Loss=2.1004, Cls=0.9121, Reg=0.0000, Con=3.9609
2025-09-13 21:06:32,201 - INFO - Batch 220/2278: Loss=0.0001, Cls=0.0001, Reg=0.0000, Con=0.0000
2025-09-13 21:06:33,096 - INFO - Batch 230/2278: Loss=0.0023, Cls=0.0023, Reg=0.0000, Con=0.0000
2025-09-13 21:06:34,010 - INFO - Batch 240/2278: Loss=0.0020, Cls=0.0020, Reg=0.0000, Con=0.0000
2025-09-13 21:06:34,915 - INFO - Batch 250/2278: Loss=0.0002, Cls=0.0002, Reg=0.0000, Con=0.0000
2025-09-13 21:06:35,795 - INFO - Batch 260/2278: Loss=0.0502, Cls=0.0502, Reg=0.0000, Con=0.0000
2025-09-13 21:06:36,704 - INFO - Batch 270/2278: Loss=1.1883, Cls=0.0000, Reg=0.0000, Con=3.9608
2025-09-13 21:06:37,596 - INFO - Batch 280/2278: Loss=1.1898, Cls=0.0016, Reg=0.0000, Con=3.9609
2025-09-13 21:06:38,478 - INFO - Batch 290/2278: Loss=2.3968, Cls=1.2085, Reg=0.0000, Con=3.9609
2025-09-13 21:06:39,377 - INFO - Batch 300/2278: Loss=1.2472, Cls=0.0589, Reg=0.0000, Con=3.9609
2025-09-13 21:06:40,288 - INFO - Batch 310/2278: Loss=1.2230, Cls=0.0348, Reg=0.0000, Con=3.9608
2025-09-13 21:06:41,200 - INFO - Batch 320/2278: Loss=0.0000, Cls=0.0000, Reg=0.0000, Con=0.0000
2025-09-13 21:06:42,089 - INFO - Batch 330/2278: Loss=5.7292, Cls=4.5409, Reg=0.0000, Con=3.9609
2025-09-13 21:06:42,966 - INFO - Batch 340/2278: Loss=1.2120, Cls=0.0237, Reg=0.0000, Con=3.9609
2025-09-13 21:06:43,846 - INFO - Batch 350/2278: Loss=1.1884, Cls=0.0001, Reg=0.0000, Con=3.9609
2025-09-13 21:06:44,746 - INFO - Batch 360/2278: Loss=1.1883, Cls=0.0001, Reg=0.0000, Con=3.9609
2025-09-13 21:06:45,620 - INFO - Batch 370/2278: Loss=1.1906, Cls=0.0023, Reg=0.0000, Con=3.9609
2025-09-13 21:06:46,490 - INFO - Batch 380/2278: Loss=1.1886, Cls=0.0004, Reg=0.0000, Con=3.9608
2025-09-13 21:06:47,392 - INFO - Batch 390/2278: Loss=1.1883, Cls=0.0000, Reg=0.0000, Con=3.9609
2025-09-13 21:06:48,318 - INFO - Batch 400/2278: Loss=0.0000, Cls=0.0000, Reg=0.0000, Con=0.0000
2025-09-13 21:06:49,241 - INFO - Batch 410/2278: Loss=1.1884, Cls=0.0001, Reg=0.0000, Con=3.9608
2025-09-13 21:06:50,156 - INFO - Batch 420/2278: Loss=0.0013, Cls=0.0013, Reg=0.0000, Con=0.0000
2025-09-13 21:06:51,051 - INFO - Batch 430/2278: Loss=0.0254, Cls=0.0254, Reg=0.0000, Con=0.0000
2025-09-13 21:06:51,943 - INFO - Batch 440/2278: Loss=1.1988, Cls=0.0106, Reg=0.0000, Con=3.9608
2025-09-13 21:06:52,832 - INFO - Batch 450/2278: Loss=1.1901, Cls=0.0019, Reg=0.0000, Con=3.9607
2025-09-13 21:06:53,712 - INFO - Batch 460/2278: Loss=0.0007, Cls=0.0007, Reg=0.0000, Con=0.0000
2025-09-13 21:06:54,609 - INFO - Batch 470/2278: Loss=1.1920, Cls=0.0037, Reg=0.0000, Con=3.9608
2025-09-13 21:06:55,497 - INFO - Batch 480/2278: Loss=0.0000, Cls=0.0000, Reg=0.0000, Con=0.0000
2025-09-13 21:06:56,396 - INFO - Batch 490/2278: Loss=1.1892, Cls=0.0009, Reg=0.0000, Con=3.9610
2025-09-13 21:06:57,281 - INFO - Batch 500/2278: Loss=1.1887, Cls=0.0004, Reg=0.0000, Con=3.9607
2025-09-13 21:06:58,189 - INFO - Batch 510/2278: Loss=1.1882, Cls=0.0000, Reg=0.0000, Con=3.9607
2025-09-13 21:06:59,097 - INFO - Batch 520/2278: Loss=1.1884, Cls=0.0002, Reg=0.0000, Con=3.9607
2025-09-13 21:06:59,999 - INFO - Batch 530/2278: Loss=1.1944, Cls=0.0062, Reg=0.0000, Con=3.9608
2025-09-13 21:07:00,882 - INFO - Batch 540/2278: Loss=1.1891, Cls=0.0008, Reg=0.0000, Con=3.9610
2025-09-13 21:07:01,760 - INFO - Batch 550/2278: Loss=1.1896, Cls=0.0014, Reg=0.0000, Con=3.9607
2025-09-13 21:07:02,642 - INFO - Batch 560/2278: Loss=0.0005, Cls=0.0005, Reg=0.0000, Con=0.0000
2025-09-13 21:07:03,535 - INFO - Batch 570/2278: Loss=1.1882, Cls=0.0000, Reg=0.0000, Con=3.9608
2025-09-13 21:07:04,434 - INFO - Batch 580/2278: Loss=0.0035, Cls=0.0035, Reg=0.0000, Con=0.0000
2025-09-13 21:07:05,322 - INFO - Batch 590/2278: Loss=1.1882, Cls=0.0000, Reg=0.0000, Con=3.9608
2025-09-13 21:07:06,194 - INFO - Batch 600/2278: Loss=0.0000, Cls=0.0000, Reg=0.0000, Con=0.0000
2025-09-13 21:07:07,078 - INFO - Batch 610/2278: Loss=1.1885, Cls=0.0003, Reg=0.0000, Con=3.9608
2025-09-13 21:07:07,964 - INFO - Batch 620/2278: Loss=1.1883, Cls=0.0000, Reg=0.0000, Con=3.9608
2025-09-13 21:07:08,832 - INFO - Batch 630/2278: Loss=0.6185, Cls=0.6185, Reg=0.0000, Con=0.0000
2025-09-13 21:07:09,760 - INFO - Batch 640/2278: Loss=0.0108, Cls=0.0108, Reg=0.0000, Con=0.0000
2025-09-13 21:07:10,644 - INFO - Batch 650/2278: Loss=0.0000, Cls=0.0000, Reg=0.0000, Con=0.0000
2025-09-13 21:07:11,535 - INFO - Batch 660/2278: Loss=1.1952, Cls=0.0070, Reg=0.0000, Con=3.9607
2025-09-13 21:07:12,449 - INFO - Batch 670/2278: Loss=1.1883, Cls=0.0000, Reg=0.0000, Con=3.9609
2025-09-13 21:07:13,341 - INFO - Batch 680/2278: Loss=1.1941, Cls=0.0058, Reg=0.0000, Con=3.9608
2025-09-13 21:07:14,230 - INFO - Batch 690/2278: Loss=1.1884, Cls=0.0000, Reg=0.0000, Con=3.9613
2025-09-13 21:07:15,141 - INFO - Batch 700/2278: Loss=0.0024, Cls=0.0024, Reg=0.0000, Con=0.0000
2025-09-13 21:07:16,033 - INFO - Batch 710/2278: Loss=1.1889, Cls=0.0006, Reg=0.0000, Con=3.9610
2025-09-13 21:07:16,923 - INFO - Batch 720/2278: Loss=1.1891, Cls=0.0008, Reg=0.0000, Con=3.9609
2025-09-13 21:07:17,807 - INFO - Batch 730/2278: Loss=1.1918, Cls=0.0035, Reg=0.0000, Con=3.9612
2025-09-13 21:07:18,677 - INFO - Batch 740/2278: Loss=1.1903, Cls=0.0020, Reg=0.0000, Con=3.9610
2025-09-13 21:07:19,568 - INFO - Batch 750/2278: Loss=0.0012, Cls=0.0012, Reg=0.0000, Con=0.0000
2025-09-13 21:07:20,439 - INFO - Batch 760/2278: Loss=0.0017, Cls=0.0017, Reg=0.0000, Con=0.0000
2025-09-13 21:07:21,313 - INFO - Batch 770/2278: Loss=1.1885, Cls=0.0002, Reg=0.0000, Con=3.9608
2025-09-13 21:07:22,209 - INFO - Batch 780/2278: Loss=0.0010, Cls=0.0010, Reg=0.0000, Con=0.0000
2025-09-13 21:07:23,099 - INFO - Batch 790/2278: Loss=1.1895, Cls=0.0013, Reg=0.0000, Con=3.9609
2025-09-13 21:07:24,002 - INFO - Batch 800/2278: Loss=0.0004, Cls=0.0004, Reg=0.0000, Con=0.0000
2025-09-13 21:07:24,888 - INFO - Batch 810/2278: Loss=0.0033, Cls=0.0033, Reg=0.0000, Con=0.0000
2025-09-13 21:07:25,781 - INFO - Batch 820/2278: Loss=1.1885, Cls=0.0003, Reg=0.0000, Con=3.9608
2025-09-13 21:07:26,696 - INFO - Batch 830/2278: Loss=1.1882, Cls=0.0000, Reg=0.0000, Con=3.9607
2025-09-13 21:07:27,597 - INFO - Batch 840/2278: Loss=1.1894, Cls=0.0012, Reg=0.0000, Con=3.9608
2025-09-13 21:07:28,488 - INFO - Batch 850/2278: Loss=0.0013, Cls=0.0013, Reg=0.0000, Con=0.0000
2025-09-13 21:07:29,411 - INFO - Batch 860/2278: Loss=1.1897, Cls=0.0014, Reg=0.0000, Con=3.9608
2025-09-13 21:07:30,315 - INFO - Batch 870/2278: Loss=0.0001, Cls=0.0001, Reg=0.0000, Con=0.0000
2025-09-13 21:07:31,205 - INFO - Batch 880/2278: Loss=0.0005, Cls=0.0005, Reg=0.0000, Con=0.0000
2025-09-13 21:07:32,099 - INFO - Batch 890/2278: Loss=1.1904, Cls=0.0021, Reg=0.0000, Con=3.9609
2025-09-13 21:07:33,005 - INFO - Batch 900/2278: Loss=0.0000, Cls=0.0000, Reg=0.0000, Con=0.0000
2025-09-13 21:07:33,904 - INFO - Batch 910/2278: Loss=0.0005, Cls=0.0005, Reg=0.0000, Con=0.0000
2025-09-13 21:07:34,799 - INFO - Batch 920/2278: Loss=1.1883, Cls=0.0000, Reg=0.0000, Con=3.9611
2025-09-13 21:07:35,693 - INFO - Batch 930/2278: Loss=1.1883, Cls=0.0001, Reg=0.0000, Con=3.9609
2025-09-13 21:07:36,583 - INFO - Batch 940/2278: Loss=0.0002, Cls=0.0002, Reg=0.0000, Con=0.0000
2025-09-13 21:07:37,472 - INFO - Batch 950/2278: Loss=0.0670, Cls=0.0670, Reg=0.0000, Con=0.0000
2025-09-13 21:07:38,407 - INFO - Batch 960/2278: Loss=0.0000, Cls=0.0000, Reg=0.0000, Con=0.0000
2025-09-13 21:07:39,328 - INFO - Batch 970/2278: Loss=0.0054, Cls=0.0054, Reg=0.0000, Con=0.0000
2025-09-13 21:07:40,232 - INFO - Batch 980/2278: Loss=1.3434, Cls=0.1551, Reg=0.0000, Con=3.9609
2025-09-13 21:07:41,116 - INFO - Batch 990/2278: Loss=1.1882, Cls=0.0000, Reg=0.0000, Con=3.9606
2025-09-13 21:07:42,004 - INFO - Batch 1000/2278: Loss=1.1883, Cls=0.0000, Reg=0.0000, Con=3.9609
2025-09-13 21:07:42,888 - INFO - Batch 1010/2278: Loss=1.1883, Cls=0.0000, Reg=0.0000, Con=3.9609
2025-09-13 21:07:43,762 - INFO - Batch 1020/2278: Loss=1.1892, Cls=0.0007, Reg=0.0000, Con=3.9615
2025-09-13 21:07:44,636 - INFO - Batch 1030/2278: Loss=1.1886, Cls=0.0003, Reg=0.0000, Con=3.9608
2025-09-13 21:07:45,521 - INFO - Batch 1040/2278: Loss=4.9428, Cls=3.7545, Reg=0.0000, Con=3.9608
2025-09-13 21:07:46,414 - INFO - Batch 1050/2278: Loss=1.7670, Cls=0.5787, Reg=0.0000, Con=3.9611
2025-09-13 21:07:47,288 - INFO - Batch 1060/2278: Loss=1.1883, Cls=0.0000, Reg=0.0000, Con=3.9612
2025-09-13 21:07:48,168 - INFO - Batch 1070/2278: Loss=1.1883, Cls=0.0000, Reg=0.0000, Con=3.9609
2025-09-13 21:07:49,055 - INFO - Batch 1080/2278: Loss=1.1904, Cls=0.0021, Reg=0.0000, Con=3.9609
2025-09-13 21:07:49,993 - INFO - Batch 1090/2278: Loss=1.1888, Cls=0.0006, Reg=0.0000, Con=3.9608
2025-09-13 21:07:50,939 - INFO - Batch 1100/2278: Loss=1.1883, Cls=0.0000, Reg=0.0000, Con=3.9608
2025-09-13 21:07:51,826 - INFO - Batch 1110/2278: Loss=1.1990, Cls=0.0108, Reg=0.0000, Con=3.9608
2025-09-13 21:07:52,719 - INFO - Batch 1120/2278: Loss=1.1890, Cls=0.0008, Reg=0.0000, Con=3.9608
2025-09-13 21:07:53,608 - INFO - Batch 1130/2278: Loss=0.0000, Cls=0.0000, Reg=0.0000, Con=0.0000
2025-09-13 21:07:54,504 - INFO - Batch 1140/2278: Loss=0.0002, Cls=0.0002, Reg=0.0000, Con=0.0000
2025-09-13 21:07:55,409 - INFO - Batch 1150/2278: Loss=1.2034, Cls=0.0152, Reg=0.0000, Con=3.9609
2025-09-13 21:07:56,301 - INFO - Batch 1160/2278: Loss=1.1882, Cls=0.0000, Reg=0.0000, Con=3.9607
2025-09-13 21:07:57,196 - INFO - Batch 1170/2278: Loss=1.8658, Cls=1.8658, Reg=0.0000, Con=0.0000
2025-09-13 21:07:58,095 - INFO - Batch 1180/2278: Loss=1.1883, Cls=0.0000, Reg=0.0000, Con=3.9609
2025-09-13 21:07:59,001 - INFO - Batch 1190/2278: Loss=1.1952, Cls=0.0069, Reg=0.0000, Con=3.9610
2025-09-13 21:07:59,913 - INFO - Batch 1200/2278: Loss=1.1883, Cls=0.0000, Reg=0.0000, Con=3.9609
2025-09-13 21:08:00,819 - INFO - Batch 1210/2278: Loss=1.1939, Cls=0.0057, Reg=0.0000, Con=3.9608
2025-09-13 21:08:01,725 - INFO - Batch 1220/2278: Loss=0.0056, Cls=0.0056, Reg=0.0000, Con=0.0000
2025-09-13 21:08:02,626 - INFO - Batch 1230/2278: Loss=1.2016, Cls=0.0133, Reg=0.0000, Con=3.9609
2025-09-13 21:08:03,501 - INFO - Batch 1240/2278: Loss=1.1883, Cls=0.0000, Reg=0.0000, Con=3.9609
2025-09-13 21:08:04,392 - INFO - Batch 1250/2278: Loss=0.0000, Cls=0.0000, Reg=0.0000, Con=0.0000
2025-09-13 21:08:05,280 - INFO - Batch 1260/2278: Loss=1.1883, Cls=0.0001, Reg=0.0000, Con=3.9607
2025-09-13 21:08:06,150 - INFO - Batch 1270/2278: Loss=0.0000, Cls=0.0000, Reg=0.0000, Con=0.0000
2025-09-13 21:08:07,018 - INFO - Batch 1280/2278: Loss=1.2859, Cls=0.0977, Reg=0.0000, Con=3.9608
2025-09-13 21:08:07,955 - INFO - Batch 1290/2278: Loss=1.1896, Cls=0.0013, Reg=0.0000, Con=3.9610
2025-09-13 21:08:08,872 - INFO - Batch 1300/2278: Loss=1.5849, Cls=0.3966, Reg=0.0000, Con=3.9610
2025-09-13 21:08:09,773 - INFO - Batch 1310/2278: Loss=0.0001, Cls=0.0001, Reg=0.0000, Con=0.0000
2025-09-13 21:08:10,675 - INFO - Batch 1320/2278: Loss=1.1889, Cls=0.0007, Reg=0.0000, Con=3.9609
2025-09-13 21:08:11,570 - INFO - Batch 1330/2278: Loss=1.1887, Cls=0.0005, Reg=0.0000, Con=3.9609
2025-09-13 21:08:12,491 - INFO - Batch 1340/2278: Loss=0.0020, Cls=0.0020, Reg=0.0000, Con=0.0000
2025-09-13 21:08:13,393 - INFO - Batch 1350/2278: Loss=0.0000, Cls=0.0000, Reg=0.0000, Con=0.0000
2025-09-13 21:08:14,288 - INFO - Batch 1360/2278: Loss=1.1932, Cls=0.0050, Reg=0.0000, Con=3.9608
2025-09-13 21:08:15,178 - INFO - Batch 1370/2278: Loss=1.1959, Cls=0.0076, Reg=0.0000, Con=3.9608
2025-09-13 21:08:16,089 - INFO - Batch 1380/2278: Loss=1.1883, Cls=0.0000, Reg=0.0000, Con=3.9609
2025-09-13 21:08:16,979 - INFO - Batch 1390/2278: Loss=1.1894, Cls=0.0012, Reg=0.0000, Con=3.9608
2025-09-13 21:08:17,888 - INFO - Batch 1400/2278: Loss=0.0000, Cls=0.0000, Reg=0.0000, Con=0.0000
2025-09-13 21:08:18,798 - INFO - Batch 1410/2278: Loss=1.1891, Cls=0.0009, Reg=0.0000, Con=3.9608
2025-09-13 21:08:19,710 - INFO - Batch 1420/2278: Loss=0.0001, Cls=0.0001, Reg=0.0000, Con=0.0000
2025-09-13 21:08:20,617 - INFO - Batch 1430/2278: Loss=0.0000, Cls=0.0000, Reg=0.0000, Con=0.0000
2025-09-13 21:08:21,508 - INFO - Batch 1440/2278: Loss=1.1884, Cls=0.0000, Reg=0.0000, Con=3.9613
2025-09-13 21:08:22,390 - INFO - Batch 1450/2278: Loss=0.0000, Cls=0.0000, Reg=0.0000, Con=0.0000
2025-09-13 21:08:23,282 - INFO - Batch 1460/2278: Loss=1.1884, Cls=0.0001, Reg=0.0000, Con=3.9609
2025-09-13 21:08:24,178 - INFO - Batch 1470/2278: Loss=1.2118, Cls=0.0235, Reg=0.0000, Con=3.9608
2025-09-13 21:08:25,090 - INFO - Batch 1480/2278: Loss=0.0000, Cls=0.0000, Reg=0.0000, Con=0.0000
2025-09-13 21:08:26,073 - INFO - Batch 1490/2278: Loss=0.0455, Cls=0.0455, Reg=0.0000, Con=0.0000
2025-09-13 21:08:27,026 - INFO - Batch 1500/2278: Loss=0.0004, Cls=0.0004, Reg=0.0000, Con=0.0000
2025-09-13 21:08:27,968 - INFO - Batch 1510/2278: Loss=1.1974, Cls=0.0091, Reg=0.0000, Con=3.9608
2025-09-13 21:08:28,881 - INFO - Batch 1520/2278: Loss=2.1530, Cls=0.9647, Reg=0.0000, Con=3.9608
2025-09-13 21:08:29,803 - INFO - Batch 1530/2278: Loss=1.1898, Cls=0.0016, Reg=0.0000, Con=3.9609
2025-09-13 21:08:30,714 - INFO - Batch 1540/2278: Loss=0.0000, Cls=0.0000, Reg=0.0000, Con=0.0000
2025-09-13 21:08:31,614 - INFO - Batch 1550/2278: Loss=1.1884, Cls=0.0001, Reg=0.0000, Con=3.9609
2025-09-13 21:08:32,521 - INFO - Batch 1560/2278: Loss=1.1911, Cls=0.0028, Reg=0.0000, Con=3.9608
2025-09-13 21:08:33,431 - INFO - Batch 1570/2278: Loss=1.1900, Cls=0.0017, Reg=0.0000, Con=3.9609
2025-09-13 21:08:34,318 - INFO - Batch 1580/2278: Loss=0.0001, Cls=0.0001, Reg=0.0000, Con=0.0000
2025-09-13 21:08:35,226 - INFO - Batch 1590/2278: Loss=0.0011, Cls=0.0011, Reg=0.0000, Con=0.0000
2025-09-13 21:08:36,137 - INFO - Batch 1600/2278: Loss=1.1902, Cls=0.0019, Reg=0.0000, Con=3.9609
2025-09-13 21:08:37,054 - INFO - Batch 1610/2278: Loss=0.0001, Cls=0.0001, Reg=0.0000, Con=0.0000
2025-09-13 21:08:37,966 - INFO - Batch 1620/2278: Loss=1.1885, Cls=0.0002, Reg=0.0000, Con=3.9609
2025-09-13 21:08:38,898 - INFO - Batch 1630/2278: Loss=0.0000, Cls=0.0000, Reg=0.0000, Con=0.0000
2025-09-13 21:08:39,797 - INFO - Batch 1640/2278: Loss=1.1883, Cls=0.0000, Reg=0.0000, Con=3.9609
2025-09-13 21:08:40,705 - INFO - Batch 1650/2278: Loss=0.0001, Cls=0.0001, Reg=0.0000, Con=0.0000
2025-09-13 21:08:41,624 - INFO - Batch 1660/2278: Loss=1.1885, Cls=0.0003, Reg=0.0000, Con=3.9607
2025-09-13 21:08:42,538 - INFO - Batch 1670/2278: Loss=1.1884, Cls=0.0002, Reg=0.0000, Con=3.9608
2025-09-13 21:08:43,451 - INFO - Batch 1680/2278: Loss=1.8712, Cls=0.6827, Reg=0.0000, Con=3.9615
2025-09-13 21:08:44,373 - INFO - Batch 1690/2278: Loss=0.0005, Cls=0.0005, Reg=0.0000, Con=0.0000
2025-09-13 21:08:45,288 - INFO - Batch 1700/2278: Loss=1.1882, Cls=0.0000, Reg=0.0000, Con=3.9608
2025-09-13 21:08:46,202 - INFO - Batch 1710/2278: Loss=1.1883, Cls=0.0000, Reg=0.0000, Con=3.9612
2025-09-13 21:08:47,114 - INFO - Batch 1720/2278: Loss=1.2552, Cls=0.0669, Reg=0.0000, Con=3.9610
2025-09-13 21:08:48,027 - INFO - Batch 1730/2278: Loss=1.1900, Cls=0.0017, Reg=0.0000, Con=3.9609
2025-09-13 21:08:48,940 - INFO - Batch 1740/2278: Loss=1.1883, Cls=0.0000, Reg=0.0000, Con=3.9610
2025-09-13 21:08:49,870 - INFO - Batch 1750/2278: Loss=1.1883, Cls=0.0000, Reg=0.0000, Con=3.9609
2025-09-13 21:08:50,793 - INFO - Batch 1760/2278: Loss=1.1887, Cls=0.0005, Reg=0.0000, Con=3.9608
2025-09-13 21:08:51,746 - INFO - Batch 1770/2278: Loss=1.1892, Cls=0.0009, Reg=0.0000, Con=3.9610
2025-09-13 21:08:52,663 - INFO - Batch 1780/2278: Loss=1.1893, Cls=0.0010, Reg=0.0000, Con=3.9609
2025-09-13 21:08:53,573 - INFO - Batch 1790/2278: Loss=1.1883, Cls=0.0000, Reg=0.0000, Con=3.9608
2025-09-13 21:08:54,476 - INFO - Batch 1800/2278: Loss=1.1901, Cls=0.0019, Reg=0.0000, Con=3.9609
2025-09-13 21:08:55,375 - INFO - Batch 1810/2278: Loss=1.1884, Cls=0.0001, Reg=0.0000, Con=3.9610
2025-09-13 21:08:56,256 - INFO - Batch 1820/2278: Loss=1.1892, Cls=0.0009, Reg=0.0000, Con=3.9608
2025-09-13 21:08:57,159 - INFO - Batch 1830/2278: Loss=1.1885, Cls=0.0000, Reg=0.0000, Con=3.9615
2025-09-13 21:08:58,072 - INFO - Batch 1840/2278: Loss=1.1901, Cls=0.0018, Reg=0.0000, Con=3.9609
2025-09-13 21:08:58,995 - INFO - Batch 1850/2278: Loss=1.2411, Cls=0.0528, Reg=0.0000, Con=3.9608
2025-09-13 21:08:59,905 - INFO - Batch 1860/2278: Loss=2.6923, Cls=2.6923, Reg=0.0000, Con=0.0000
2025-09-13 21:09:00,826 - INFO - Batch 1870/2278: Loss=0.0114, Cls=0.0114, Reg=0.0000, Con=0.0000
2025-09-13 21:09:01,738 - INFO - Batch 1880/2278: Loss=1.1968, Cls=0.0085, Reg=0.0000, Con=3.9610
2025-09-13 21:09:02,650 - INFO - Batch 1890/2278: Loss=0.0114, Cls=0.0114, Reg=0.0000, Con=0.0000
2025-09-13 21:09:03,563 - INFO - Batch 1900/2278: Loss=1.1895, Cls=0.0012, Reg=0.0000, Con=3.9607
2025-09-13 21:09:04,472 - INFO - Batch 1910/2278: Loss=1.3678, Cls=0.1796, Reg=0.0000, Con=3.9607
2025-09-13 21:09:05,394 - INFO - Batch 1920/2278: Loss=2.2617, Cls=1.0735, Reg=0.0000, Con=3.9608
2025-09-13 21:09:06,317 - INFO - Batch 1930/2278: Loss=0.0000, Cls=0.0000, Reg=0.0000, Con=0.0000
2025-09-13 21:09:07,254 - INFO - Batch 1940/2278: Loss=1.1882, Cls=0.0000, Reg=0.0000, Con=3.9607
2025-09-13 21:09:08,147 - INFO - Batch 1950/2278: Loss=1.1891, Cls=0.0008, Reg=0.0000, Con=3.9609
2025-09-13 21:09:09,078 - INFO - Batch 1960/2278: Loss=1.1883, Cls=0.0000, Reg=0.0000, Con=3.9609
2025-09-13 21:09:10,003 - INFO - Batch 1970/2278: Loss=1.1930, Cls=0.0049, Reg=0.0000, Con=3.9606
2025-09-13 21:09:10,921 - INFO - Batch 1980/2278: Loss=1.1915, Cls=0.0032, Reg=0.0000, Con=3.9608
2025-09-13 21:09:11,831 - INFO - Batch 1990/2278: Loss=0.0160, Cls=0.0160, Reg=0.0000, Con=0.0000
2025-09-13 21:09:12,738 - INFO - Batch 2000/2278: Loss=1.2126, Cls=0.0244, Reg=0.0000, Con=3.9607
2025-09-13 21:09:13,633 - INFO - Batch 2010/2278: Loss=1.1895, Cls=0.0013, Reg=0.0000, Con=3.9608
2025-09-13 21:09:14,539 - INFO - Batch 2020/2278: Loss=0.0001, Cls=0.0001, Reg=0.0000, Con=0.0000
2025-09-13 21:09:15,460 - INFO - Batch 2030/2278: Loss=1.1896, Cls=0.0013, Reg=0.0000, Con=3.9610
2025-09-13 21:09:16,380 - INFO - Batch 2040/2278: Loss=1.1882, Cls=0.0000, Reg=0.0000, Con=3.9608
2025-09-13 21:09:17,288 - INFO - Batch 2050/2278: Loss=0.0000, Cls=0.0000, Reg=0.0000, Con=0.0000
2025-09-13 21:09:18,190 - INFO - Batch 2060/2278: Loss=1.1885, Cls=0.0000, Reg=0.0000, Con=3.9615
2025-09-13 21:09:19,092 - INFO - Batch 2070/2278: Loss=1.1883, Cls=0.0000, Reg=0.0000, Con=3.9608
2025-09-13 21:09:20,010 - INFO - Batch 2080/2278: Loss=0.2628, Cls=0.2628, Reg=0.0000, Con=0.0000
2025-09-13 21:09:20,919 - INFO - Batch 2090/2278: Loss=1.1883, Cls=0.0000, Reg=0.0000, Con=3.9608
2025-09-13 21:09:21,849 - INFO - Batch 2100/2278: Loss=0.0261, Cls=0.0261, Reg=0.0000, Con=0.0000
2025-09-13 21:09:22,756 - INFO - Batch 2110/2278: Loss=0.0017, Cls=0.0017, Reg=0.0000, Con=0.0000
2025-09-13 21:09:23,650 - INFO - Batch 2120/2278: Loss=1.1895, Cls=0.0012, Reg=0.0000, Con=3.9609
2025-09-13 21:09:24,572 - INFO - Batch 2130/2278: Loss=1.1892, Cls=0.0010, Reg=0.0000, Con=3.9608
2025-09-13 21:09:25,486 - INFO - Batch 2140/2278: Loss=0.0471, Cls=0.0471, Reg=0.0000, Con=0.0000
2025-09-13 21:09:26,390 - INFO - Batch 2150/2278: Loss=1.2692, Cls=0.0809, Reg=0.0000, Con=3.9610
2025-09-13 21:09:27,276 - INFO - Batch 2160/2278: Loss=1.1888, Cls=0.0005, Reg=0.0000, Con=3.9608
2025-09-13 21:09:28,178 - INFO - Batch 2170/2278: Loss=1.1982, Cls=0.0099, Reg=0.0000, Con=3.9608
2025-09-13 21:09:29,075 - INFO - Batch 2180/2278: Loss=1.1988, Cls=0.0106, Reg=0.0000, Con=3.9608
2025-09-13 21:09:29,980 - INFO - Batch 2190/2278: Loss=1.1885, Cls=0.0002, Reg=0.0000, Con=3.9610
2025-09-13 21:09:30,864 - INFO - Batch 2200/2278: Loss=1.1883, Cls=0.0000, Reg=0.0000, Con=3.9608
2025-09-13 21:09:31,755 - INFO - Batch 2210/2278: Loss=1.1884, Cls=0.0000, Reg=0.0000, Con=3.9613
2025-09-13 21:09:32,653 - INFO - Batch 2220/2278: Loss=0.0043, Cls=0.0043, Reg=0.0000, Con=0.0000
2025-09-13 21:09:33,579 - INFO - Batch 2230/2278: Loss=0.0011, Cls=0.0011, Reg=0.0000, Con=0.0000
2025-09-13 21:09:34,498 - INFO - Batch 2240/2278: Loss=1.1901, Cls=0.0018, Reg=0.0000, Con=3.9608
2025-09-13 21:09:35,415 - INFO - Batch 2250/2278: Loss=0.0002, Cls=0.0002, Reg=0.0000, Con=0.0000
2025-09-13 21:09:36,321 - INFO - Batch 2260/2278: Loss=1.1884, Cls=0.0001, Reg=0.0000, Con=3.9609
2025-09-13 21:09:37,246 - INFO - Batch 2270/2278: Loss=1.1882, Cls=0.0000, Reg=0.0000, Con=3.9606
2025-09-13 21:13:04,141 - INFO - === Epoch 2 Results ===
2025-09-13 21:13:04,141 - INFO - Training Loss: 0.8973 (Classification: 0.1149, Regression: 0.0000)
2025-09-13 21:13:04,141 - INFO - Validation Loss: 0.0453 (Classification: 0.0453, Regression: 0.0000)
2025-09-13 21:13:04,141 - INFO - Average Classification Accuracy: 0.9648 (on 1/26 tasks)
2025-09-13 21:13:04,141 - INFO - Average AUC: 0.8446
2025-09-13 21:13:06,902 - INFO - Best model saved to: experiments/r1c3_single_cls_22_seed_42_20250913_205924/checkpoints/r1c3_single_cls_22_seed_42_best.pth
2025-09-13 21:13:06,902 - INFO - 
Epoch 3/3
2025-09-13 21:13:07,043 - INFO - Batch 0/2278: Loss=1.1891, Cls=0.0009, Reg=0.0000, Con=3.9608
2025-09-13 21:13:07,909 - INFO - Batch 10/2278: Loss=1.1907, Cls=0.0023, Reg=0.0000, Con=3.9611
2025-09-13 21:13:08,827 - INFO - Batch 20/2278: Loss=1.1894, Cls=0.0011, Reg=0.0000, Con=3.9608
2025-09-13 21:13:09,755 - INFO - Batch 30/2278: Loss=0.0000, Cls=0.0000, Reg=0.0000, Con=0.0000
2025-09-13 21:13:10,706 - INFO - Batch 40/2278: Loss=1.1882, Cls=0.0000, Reg=0.0000, Con=3.9608
2025-09-13 21:13:11,683 - INFO - Batch 50/2278: Loss=1.1883, Cls=0.0000, Reg=0.0000, Con=3.9609
2025-09-13 21:13:12,576 - INFO - Batch 60/2278: Loss=1.1886, Cls=0.0004, Reg=0.0000, Con=3.9607
2025-09-13 21:13:13,479 - INFO - Batch 70/2278: Loss=1.1896, Cls=0.0014, Reg=0.0000, Con=3.9608
2025-09-13 21:13:14,394 - INFO - Batch 80/2278: Loss=0.0007, Cls=0.0007, Reg=0.0000, Con=0.0000
2025-09-13 21:13:15,316 - INFO - Batch 90/2278: Loss=1.1899, Cls=0.0017, Reg=0.0000, Con=3.9609
2025-09-13 21:13:16,219 - INFO - Batch 100/2278: Loss=1.1918, Cls=0.0036, Reg=0.0000, Con=3.9607
2025-09-13 21:13:17,127 - INFO - Batch 110/2278: Loss=1.1950, Cls=0.0065, Reg=0.0000, Con=3.9618
2025-09-13 21:13:18,025 - INFO - Batch 120/2278: Loss=1.1887, Cls=0.0004, Reg=0.0000, Con=3.9609
2025-09-13 21:13:18,951 - INFO - Batch 130/2278: Loss=1.1882, Cls=0.0000, Reg=0.0000, Con=3.9607
2025-09-13 21:13:19,879 - INFO - Batch 140/2278: Loss=0.0000, Cls=0.0000, Reg=0.0000, Con=0.0000
2025-09-13 21:13:20,783 - INFO - Batch 150/2278: Loss=1.9140, Cls=0.7257, Reg=0.0000, Con=3.9608
2025-09-13 21:13:21,723 - INFO - Batch 160/2278: Loss=0.0001, Cls=0.0001, Reg=0.0000, Con=0.0000
2025-09-13 21:13:22,613 - INFO - Batch 170/2278: Loss=1.1886, Cls=0.0004, Reg=0.0000, Con=3.9609
2025-09-13 21:13:23,501 - INFO - Batch 180/2278: Loss=1.1883, Cls=0.0000, Reg=0.0000, Con=3.9611
2025-09-13 21:13:24,433 - INFO - Batch 190/2278: Loss=1.1899, Cls=0.0017, Reg=0.0000, Con=3.9607
2025-09-13 21:13:25,320 - INFO - Batch 200/2278: Loss=0.0057, Cls=0.0057, Reg=0.0000, Con=0.0000
2025-09-13 21:13:26,225 - INFO - Batch 210/2278: Loss=1.1917, Cls=0.0034, Reg=0.0000, Con=3.9612
2025-09-13 21:13:27,125 - INFO - Batch 220/2278: Loss=1.1883, Cls=0.0000, Reg=0.0000, Con=3.9608
2025-09-13 21:13:28,027 - INFO - Batch 230/2278: Loss=1.2311, Cls=0.0427, Reg=0.0000, Con=3.9611
2025-09-13 21:13:28,926 - INFO - Batch 240/2278: Loss=1.1908, Cls=0.0026, Reg=0.0000, Con=3.9607
2025-09-13 21:13:29,872 - INFO - Batch 250/2278: Loss=1.1883, Cls=0.0000, Reg=0.0000, Con=3.9609
2025-09-13 21:13:30,800 - INFO - Batch 260/2278: Loss=1.1886, Cls=0.0004, Reg=0.0000, Con=3.9608
2025-09-13 21:13:31,713 - INFO - Batch 270/2278: Loss=1.1892, Cls=0.0010, Reg=0.0000, Con=3.9607
2025-09-13 21:13:32,611 - INFO - Batch 280/2278: Loss=1.1885, Cls=0.0002, Reg=0.0000, Con=3.9608
2025-09-13 21:13:33,536 - INFO - Batch 290/2278: Loss=1.1890, Cls=0.0008, Reg=0.0000, Con=3.9608
2025-09-13 21:13:34,445 - INFO - Batch 300/2278: Loss=1.1882, Cls=0.0000, Reg=0.0000, Con=3.9607
2025-09-13 21:13:35,346 - INFO - Batch 310/2278: Loss=1.1902, Cls=0.0019, Reg=0.0000, Con=3.9610
2025-09-13 21:13:36,247 - INFO - Batch 320/2278: Loss=1.1893, Cls=0.0009, Reg=0.0000, Con=3.9612
2025-09-13 21:13:37,164 - INFO - Batch 330/2278: Loss=0.0221, Cls=0.0221, Reg=0.0000, Con=0.0000
2025-09-13 21:13:38,078 - INFO - Batch 340/2278: Loss=0.0017, Cls=0.0017, Reg=0.0000, Con=0.0000
2025-09-13 21:13:38,965 - INFO - Batch 350/2278: Loss=1.2146, Cls=0.0262, Reg=0.0000, Con=3.9612
2025-09-13 21:13:39,874 - INFO - Batch 360/2278: Loss=1.1896, Cls=0.0012, Reg=0.0000, Con=3.9611
2025-09-13 21:13:40,792 - INFO - Batch 370/2278: Loss=1.1883, Cls=0.0000, Reg=0.0000, Con=3.9608
2025-09-13 21:13:41,693 - INFO - Batch 380/2278: Loss=1.1965, Cls=0.0083, Reg=0.0000, Con=3.9608
2025-09-13 21:13:42,613 - INFO - Batch 390/2278: Loss=1.1962, Cls=0.0080, Reg=0.0000, Con=3.9609
2025-09-13 21:13:43,506 - INFO - Batch 400/2278: Loss=0.0029, Cls=0.0029, Reg=0.0000, Con=0.0000
2025-09-13 21:13:44,539 - INFO - Batch 410/2278: Loss=1.1885, Cls=0.0002, Reg=0.0000, Con=3.9609
2025-09-13 21:13:45,445 - INFO - Batch 420/2278: Loss=1.1883, Cls=0.0000, Reg=0.0000, Con=3.9609
2025-09-13 21:13:46,369 - INFO - Batch 430/2278: Loss=1.2471, Cls=0.0587, Reg=0.0000, Con=3.9614
2025-09-13 21:13:47,268 - INFO - Batch 440/2278: Loss=0.0000, Cls=0.0000, Reg=0.0000, Con=0.0000
2025-09-13 21:13:48,175 - INFO - Batch 450/2278: Loss=1.1883, Cls=0.0000, Reg=0.0000, Con=3.9608
2025-09-13 21:13:49,096 - INFO - Batch 460/2278: Loss=0.0125, Cls=0.0125, Reg=0.0000, Con=0.0000
2025-09-13 21:13:49,994 - INFO - Batch 470/2278: Loss=0.0000, Cls=0.0000, Reg=0.0000, Con=0.0000
2025-09-13 21:13:50,880 - INFO - Batch 480/2278: Loss=1.1892, Cls=0.0009, Reg=0.0000, Con=3.9609
2025-09-13 21:13:51,938 - INFO - Batch 490/2278: Loss=0.0009, Cls=0.0009, Reg=0.0000, Con=0.0000
2025-09-13 21:13:52,829 - INFO - Batch 500/2278: Loss=0.0000, Cls=0.0000, Reg=0.0000, Con=0.0000
2025-09-13 21:13:53,743 - INFO - Batch 510/2278: Loss=1.1883, Cls=0.0000, Reg=0.0000, Con=3.9608
2025-09-13 21:13:54,658 - INFO - Batch 520/2278: Loss=0.0004, Cls=0.0004, Reg=0.0000, Con=0.0000
2025-09-13 21:13:55,576 - INFO - Batch 530/2278: Loss=3.1679, Cls=1.9797, Reg=0.0000, Con=3.9608
2025-09-13 21:13:56,497 - INFO - Batch 540/2278: Loss=1.1890, Cls=0.0007, Reg=0.0000, Con=3.9609
2025-09-13 21:13:57,413 - INFO - Batch 550/2278: Loss=0.0000, Cls=0.0000, Reg=0.0000, Con=0.0000
2025-09-13 21:13:58,320 - INFO - Batch 560/2278: Loss=1.1890, Cls=0.0008, Reg=0.0000, Con=3.9609
2025-09-13 21:13:59,242 - INFO - Batch 570/2278: Loss=1.1882, Cls=0.0000, Reg=0.0000, Con=3.9608
2025-09-13 21:14:00,155 - INFO - Batch 580/2278: Loss=0.0000, Cls=0.0000, Reg=0.0000, Con=0.0000
2025-09-13 21:14:01,077 - INFO - Batch 590/2278: Loss=1.2057, Cls=0.0174, Reg=0.0000, Con=3.9608
2025-09-13 21:14:01,996 - INFO - Batch 600/2278: Loss=0.0000, Cls=0.0000, Reg=0.0000, Con=0.0000
2025-09-13 21:14:02,894 - INFO - Batch 610/2278: Loss=0.0038, Cls=0.0038, Reg=0.0000, Con=0.0000
2025-09-13 21:14:03,809 - INFO - Batch 620/2278: Loss=1.1882, Cls=0.0000, Reg=0.0000, Con=3.9608
2025-09-13 21:14:04,680 - INFO - Batch 630/2278: Loss=1.1907, Cls=0.0024, Reg=0.0000, Con=3.9611
2025-09-13 21:14:05,609 - INFO - Batch 640/2278: Loss=1.1890, Cls=0.0008, Reg=0.0000, Con=3.9607
2025-09-13 21:14:06,493 - INFO - Batch 650/2278: Loss=1.2110, Cls=0.0227, Reg=0.0000, Con=3.9608
2025-09-13 21:14:07,450 - INFO - Batch 660/2278: Loss=0.0033, Cls=0.0033, Reg=0.0000, Con=0.0000
2025-09-13 21:14:08,336 - INFO - Batch 670/2278: Loss=1.1883, Cls=0.0000, Reg=0.0000, Con=3.9609
2025-09-13 21:14:09,258 - INFO - Batch 680/2278: Loss=0.0000, Cls=0.0000, Reg=0.0000, Con=0.0000
2025-09-13 21:14:10,170 - INFO - Batch 690/2278: Loss=2.2692, Cls=1.0809, Reg=0.0000, Con=3.9609
2025-09-13 21:14:11,181 - INFO - Batch 700/2278: Loss=1.1993, Cls=0.0110, Reg=0.0000, Con=3.9610
2025-09-13 21:14:12,074 - INFO - Batch 710/2278: Loss=1.1884, Cls=0.0001, Reg=0.0000, Con=3.9610
2025-09-13 21:14:13,020 - INFO - Batch 720/2278: Loss=1.2578, Cls=0.0694, Reg=0.0000, Con=3.9610
2025-09-13 21:14:13,909 - INFO - Batch 730/2278: Loss=1.5144, Cls=0.3261, Reg=0.0000, Con=3.9609
2025-09-13 21:14:14,825 - INFO - Batch 740/2278: Loss=1.1891, Cls=0.0009, Reg=0.0000, Con=3.9606
2025-09-13 21:14:15,708 - INFO - Batch 750/2278: Loss=1.1885, Cls=0.0003, Reg=0.0000, Con=3.9606
2025-09-13 21:14:16,640 - INFO - Batch 760/2278: Loss=1.2007, Cls=0.0124, Reg=0.0000, Con=3.9611
2025-09-13 21:14:17,565 - INFO - Batch 770/2278: Loss=1.1889, Cls=0.0006, Reg=0.0000, Con=3.9611
2025-09-13 21:14:18,466 - INFO - Batch 780/2278: Loss=0.0109, Cls=0.0109, Reg=0.0000, Con=0.0000
2025-09-13 21:14:19,396 - INFO - Batch 790/2278: Loss=1.1885, Cls=0.0002, Reg=0.0000, Con=3.9609
2025-09-13 21:14:20,291 - INFO - Batch 800/2278: Loss=1.1884, Cls=0.0000, Reg=0.0000, Con=3.9612
2025-09-13 21:14:21,204 - INFO - Batch 810/2278: Loss=0.0013, Cls=0.0013, Reg=0.0000, Con=0.0000
2025-09-13 21:14:22,108 - INFO - Batch 820/2278: Loss=1.8737, Cls=0.6855, Reg=0.0000, Con=3.9608
2025-09-13 21:14:23,000 - INFO - Batch 830/2278: Loss=1.1883, Cls=0.0000, Reg=0.0000, Con=3.9609
2025-09-13 21:14:23,919 - INFO - Batch 840/2278: Loss=0.0024, Cls=0.0024, Reg=0.0000, Con=0.0000
2025-09-13 21:14:24,826 - INFO - Batch 850/2278: Loss=0.1495, Cls=0.1495, Reg=0.0000, Con=0.0000
2025-09-13 21:14:25,732 - INFO - Batch 860/2278: Loss=1.1892, Cls=0.0008, Reg=0.0000, Con=3.9611
2025-09-13 21:14:26,639 - INFO - Batch 870/2278: Loss=1.1883, Cls=0.0000, Reg=0.0000, Con=3.9609
2025-09-13 21:14:27,621 - INFO - Batch 880/2278: Loss=0.0000, Cls=0.0000, Reg=0.0000, Con=0.0000
2025-09-13 21:14:28,519 - INFO - Batch 890/2278: Loss=1.2185, Cls=0.0302, Reg=0.0000, Con=3.9609
2025-09-13 21:14:29,413 - INFO - Batch 900/2278: Loss=0.0000, Cls=0.0000, Reg=0.0000, Con=0.0000
2025-09-13 21:14:30,339 - INFO - Batch 910/2278: Loss=0.5769, Cls=0.5769, Reg=0.0000, Con=0.0000
2025-09-13 21:14:31,280 - INFO - Batch 920/2278: Loss=0.0002, Cls=0.0002, Reg=0.0000, Con=0.0000
2025-09-13 21:14:32,167 - INFO - Batch 930/2278: Loss=0.0033, Cls=0.0033, Reg=0.0000, Con=0.0000
2025-09-13 21:14:33,089 - INFO - Batch 940/2278: Loss=1.1922, Cls=0.0038, Reg=0.0000, Con=3.9613
2025-09-13 21:14:34,014 - INFO - Batch 950/2278: Loss=0.0008, Cls=0.0008, Reg=0.0000, Con=0.0000
2025-09-13 21:14:34,914 - INFO - Batch 960/2278: Loss=0.0002, Cls=0.0002, Reg=0.0000, Con=0.0000
2025-09-13 21:14:35,797 - INFO - Batch 970/2278: Loss=1.2437, Cls=0.0555, Reg=0.0000, Con=3.9608
2025-09-13 21:14:36,692 - INFO - Batch 980/2278: Loss=1.1923, Cls=0.0040, Reg=0.0000, Con=3.9609
2025-09-13 21:14:37,609 - INFO - Batch 990/2278: Loss=2.1036, Cls=0.9153, Reg=0.0000, Con=3.9609
2025-09-13 21:14:38,493 - INFO - Batch 1000/2278: Loss=1.1891, Cls=0.0008, Reg=0.0000, Con=3.9610
2025-09-13 21:14:39,477 - INFO - Batch 1010/2278: Loss=1.1887, Cls=0.0004, Reg=0.0000, Con=3.9608
2025-09-13 21:14:40,377 - INFO - Batch 1020/2278: Loss=1.1892, Cls=0.0010, Reg=0.0000, Con=3.9608
2025-09-13 21:14:41,286 - INFO - Batch 1030/2278: Loss=0.0001, Cls=0.0001, Reg=0.0000, Con=0.0000
2025-09-13 21:14:42,219 - INFO - Batch 1040/2278: Loss=1.1884, Cls=0.0000, Reg=0.0000, Con=3.9613
2025-09-13 21:14:43,108 - INFO - Batch 1050/2278: Loss=0.0014, Cls=0.0014, Reg=0.0000, Con=0.0000
2025-09-13 21:14:44,021 - INFO - Batch 1060/2278: Loss=1.1895, Cls=0.0011, Reg=0.0000, Con=3.9611
2025-09-13 21:14:44,933 - INFO - Batch 1070/2278: Loss=1.1883, Cls=0.0001, Reg=0.0000, Con=3.9609
2025-09-13 21:14:45,868 - INFO - Batch 1080/2278: Loss=0.0000, Cls=0.0000, Reg=0.0000, Con=0.0000
2025-09-13 21:14:46,799 - INFO - Batch 1090/2278: Loss=1.1883, Cls=0.0000, Reg=0.0000, Con=3.9611
2025-09-13 21:14:47,720 - INFO - Batch 1100/2278: Loss=1.1883, Cls=0.0000, Reg=0.0000, Con=3.9611
2025-09-13 21:14:48,649 - INFO - Batch 1110/2278: Loss=0.0003, Cls=0.0003, Reg=0.0000, Con=0.0000
2025-09-13 21:14:49,577 - INFO - Batch 1120/2278: Loss=0.0001, Cls=0.0001, Reg=0.0000, Con=0.0000
2025-09-13 21:14:50,461 - INFO - Batch 1130/2278: Loss=0.0000, Cls=0.0000, Reg=0.0000, Con=0.0000
2025-09-13 21:14:51,389 - INFO - Batch 1140/2278: Loss=1.1971, Cls=0.0088, Reg=0.0000, Con=3.9609
2025-09-13 21:14:52,300 - INFO - Batch 1150/2278: Loss=0.0048, Cls=0.0048, Reg=0.0000, Con=0.0000
2025-09-13 21:14:53,238 - INFO - Batch 1160/2278: Loss=0.0001, Cls=0.0001, Reg=0.0000, Con=0.0000
2025-09-13 21:14:54,122 - INFO - Batch 1170/2278: Loss=4.0508, Cls=2.8625, Reg=0.0000, Con=3.9608
2025-09-13 21:14:55,049 - INFO - Batch 1180/2278: Loss=1.1884, Cls=0.0000, Reg=0.0000, Con=3.9613
2025-09-13 21:14:55,954 - INFO - Batch 1190/2278: Loss=1.1883, Cls=0.0000, Reg=0.0000, Con=3.9609
2025-09-13 21:14:56,892 - INFO - Batch 1200/2278: Loss=1.1884, Cls=0.0000, Reg=0.0000, Con=3.9611
2025-09-13 21:14:57,815 - INFO - Batch 1210/2278: Loss=1.2499, Cls=0.0616, Reg=0.0000, Con=3.9611
2025-09-13 21:14:58,734 - INFO - Batch 1220/2278: Loss=1.1886, Cls=0.0003, Reg=0.0000, Con=3.9609
2025-09-13 21:14:59,659 - INFO - Batch 1230/2278: Loss=0.0000, Cls=0.0000, Reg=0.0000, Con=0.0000
2025-09-13 21:15:00,562 - INFO - Batch 1240/2278: Loss=1.7894, Cls=0.6011, Reg=0.0000, Con=3.9608
2025-09-13 21:15:01,496 - INFO - Batch 1250/2278: Loss=1.1883, Cls=0.0000, Reg=0.0000, Con=3.9609
2025-09-13 21:15:02,454 - INFO - Batch 1260/2278: Loss=0.3303, Cls=0.3303, Reg=0.0000, Con=0.0000
2025-09-13 21:15:03,428 - INFO - Batch 1270/2278: Loss=1.1886, Cls=0.0003, Reg=0.0000, Con=3.9610
2025-09-13 21:15:04,327 - INFO - Batch 1280/2278: Loss=1.1940, Cls=0.0058, Reg=0.0000, Con=3.9607
2025-09-13 21:15:05,274 - INFO - Batch 1290/2278: Loss=0.0000, Cls=0.0000, Reg=0.0000, Con=0.0000
2025-09-13 21:15:06,178 - INFO - Batch 1300/2278: Loss=0.0007, Cls=0.0007, Reg=0.0000, Con=0.0000
2025-09-13 21:15:07,144 - INFO - Batch 1310/2278: Loss=1.1889, Cls=0.0007, Reg=0.0000, Con=3.9608
2025-09-13 21:15:08,050 - INFO - Batch 1320/2278: Loss=1.1884, Cls=0.0001, Reg=0.0000, Con=3.9610
2025-09-13 21:15:08,937 - INFO - Batch 1330/2278: Loss=1.1888, Cls=0.0005, Reg=0.0000, Con=3.9610
2025-09-13 21:15:09,832 - INFO - Batch 1340/2278: Loss=1.1883, Cls=0.0000, Reg=0.0000, Con=3.9608
2025-09-13 21:15:10,734 - INFO - Batch 1350/2278: Loss=1.1885, Cls=0.0003, Reg=0.0000, Con=3.9608
2025-09-13 21:15:11,642 - INFO - Batch 1360/2278: Loss=1.1884, Cls=0.0001, Reg=0.0000, Con=3.9612
2025-09-13 21:15:12,545 - INFO - Batch 1370/2278: Loss=1.1896, Cls=0.0013, Reg=0.0000, Con=3.9610
2025-09-13 21:15:13,462 - INFO - Batch 1380/2278: Loss=1.1883, Cls=0.0000, Reg=0.0000, Con=3.9608
2025-09-13 21:15:14,354 - INFO - Batch 1390/2278: Loss=1.1883, Cls=0.0000, Reg=0.0000, Con=3.9610
2025-09-13 21:15:15,281 - INFO - Batch 1400/2278: Loss=1.2003, Cls=0.0119, Reg=0.0000, Con=3.9615
2025-09-13 21:15:16,190 - INFO - Batch 1410/2278: Loss=0.0385, Cls=0.0385, Reg=0.0000, Con=0.0000
2025-09-13 21:15:17,131 - INFO - Batch 1420/2278: Loss=1.1889, Cls=0.0006, Reg=0.0000, Con=3.9610
2025-09-13 21:15:18,023 - INFO - Batch 1430/2278: Loss=0.0001, Cls=0.0001, Reg=0.0000, Con=0.0000
2025-09-13 21:15:18,949 - INFO - Batch 1440/2278: Loss=1.1882, Cls=0.0000, Reg=0.0000, Con=3.9606
2025-09-13 21:15:19,873 - INFO - Batch 1450/2278: Loss=0.0231, Cls=0.0231, Reg=0.0000, Con=0.0000
2025-09-13 21:15:20,802 - INFO - Batch 1460/2278: Loss=0.0000, Cls=0.0000, Reg=0.0000, Con=0.0000
2025-09-13 21:15:21,727 - INFO - Batch 1470/2278: Loss=1.1887, Cls=0.0005, Reg=0.0000, Con=3.9607
2025-09-13 21:15:22,623 - INFO - Batch 1480/2278: Loss=1.1908, Cls=0.0026, Reg=0.0000, Con=3.9608
2025-09-13 21:15:23,553 - INFO - Batch 1490/2278: Loss=0.6175, Cls=0.6175, Reg=0.0000, Con=0.0000
2025-09-13 21:15:24,456 - INFO - Batch 1500/2278: Loss=1.1981, Cls=0.0098, Reg=0.0000, Con=3.9610
2025-09-13 21:15:25,388 - INFO - Batch 1510/2278: Loss=1.1884, Cls=0.0001, Reg=0.0000, Con=3.9609
2025-09-13 21:15:26,281 - INFO - Batch 1520/2278: Loss=0.0006, Cls=0.0006, Reg=0.0000, Con=0.0000
2025-09-13 21:15:27,199 - INFO - Batch 1530/2278: Loss=1.1882, Cls=0.0000, Reg=0.0000, Con=3.9608
2025-09-13 21:15:28,115 - INFO - Batch 1540/2278: Loss=1.1887, Cls=0.0004, Reg=0.0000, Con=3.9610
2025-09-13 21:15:29,024 - INFO - Batch 1550/2278: Loss=1.1890, Cls=0.0007, Reg=0.0000, Con=3.9611
2025-09-13 21:15:29,933 - INFO - Batch 1560/2278: Loss=1.1883, Cls=0.0000, Reg=0.0000, Con=3.9608
2025-09-13 21:15:30,856 - INFO - Batch 1570/2278: Loss=0.0000, Cls=0.0000, Reg=0.0000, Con=0.0000
2025-09-13 21:15:31,769 - INFO - Batch 1580/2278: Loss=1.1882, Cls=0.0000, Reg=0.0000, Con=3.9608
2025-09-13 21:15:32,677 - INFO - Batch 1590/2278: Loss=0.0000, Cls=0.0000, Reg=0.0000, Con=0.0000
2025-09-13 21:15:33,588 - INFO - Batch 1600/2278: Loss=2.1799, Cls=0.9917, Reg=0.0000, Con=3.9608
2025-09-13 21:15:34,500 - INFO - Batch 1610/2278: Loss=0.0000, Cls=0.0000, Reg=0.0000, Con=0.0000
2025-09-13 21:15:35,432 - INFO - Batch 1620/2278: Loss=1.1896, Cls=0.0013, Reg=0.0000, Con=3.9608
2025-09-13 21:15:36,327 - INFO - Batch 1630/2278: Loss=1.1889, Cls=0.0006, Reg=0.0000, Con=3.9610
2025-09-13 21:15:37,254 - INFO - Batch 1640/2278: Loss=3.5293, Cls=3.5293, Reg=0.0000, Con=0.0000
2025-09-13 21:15:38,166 - INFO - Batch 1650/2278: Loss=1.1883, Cls=0.0000, Reg=0.0000, Con=3.9609
2025-09-13 21:15:39,081 - INFO - Batch 1660/2278: Loss=1.1889, Cls=0.0005, Reg=0.0000, Con=3.9613
2025-09-13 21:15:40,001 - INFO - Batch 1670/2278: Loss=1.2049, Cls=0.0166, Reg=0.0000, Con=3.9609
2025-09-13 21:15:40,926 - INFO - Batch 1680/2278: Loss=1.1883, Cls=0.0001, Reg=0.0000, Con=3.9607
2025-09-13 21:15:41,800 - INFO - Batch 1690/2278: Loss=1.1888, Cls=0.0005, Reg=0.0000, Con=3.9610
2025-09-13 21:15:42,715 - INFO - Batch 1700/2278: Loss=1.1886, Cls=0.0003, Reg=0.0000, Con=3.9608
2025-09-13 21:15:43,607 - INFO - Batch 1710/2278: Loss=0.0002, Cls=0.0002, Reg=0.0000, Con=0.0000
2025-09-13 21:15:44,500 - INFO - Batch 1720/2278: Loss=0.0003, Cls=0.0003, Reg=0.0000, Con=0.0000
2025-09-13 21:15:45,409 - INFO - Batch 1730/2278: Loss=1.6208, Cls=0.4325, Reg=0.0000, Con=3.9608
2025-09-13 21:15:46,310 - INFO - Batch 1740/2278: Loss=1.1908, Cls=0.0025, Reg=0.0000, Con=3.9609
2025-09-13 21:15:47,201 - INFO - Batch 1750/2278: Loss=0.1452, Cls=0.1452, Reg=0.0000, Con=0.0000
2025-09-13 21:15:48,116 - INFO - Batch 1760/2278: Loss=1.1884, Cls=0.0000, Reg=0.0000, Con=3.9612
2025-09-13 21:15:49,020 - INFO - Batch 1770/2278: Loss=0.0053, Cls=0.0053, Reg=0.0000, Con=0.0000
2025-09-13 21:15:49,924 - INFO - Batch 1780/2278: Loss=0.0003, Cls=0.0003, Reg=0.0000, Con=0.0000
2025-09-13 21:15:50,838 - INFO - Batch 1790/2278: Loss=0.0056, Cls=0.0056, Reg=0.0000, Con=0.0000
2025-09-13 21:15:51,758 - INFO - Batch 1800/2278: Loss=2.9922, Cls=1.8040, Reg=0.0000, Con=3.9607
2025-09-13 21:15:52,668 - INFO - Batch 1810/2278: Loss=0.0005, Cls=0.0005, Reg=0.0000, Con=0.0000
2025-09-13 21:15:53,593 - INFO - Batch 1820/2278: Loss=0.0076, Cls=0.0076, Reg=0.0000, Con=0.0000
2025-09-13 21:15:54,490 - INFO - Batch 1830/2278: Loss=1.2292, Cls=0.0409, Reg=0.0000, Con=3.9608
2025-09-13 21:15:55,405 - INFO - Batch 1840/2278: Loss=0.0039, Cls=0.0039, Reg=0.0000, Con=0.0000
2025-09-13 21:15:56,322 - INFO - Batch 1850/2278: Loss=1.1883, Cls=0.0000, Reg=0.0000, Con=3.9609
2025-09-13 21:15:57,220 - INFO - Batch 1860/2278: Loss=1.1882, Cls=0.0000, Reg=0.0000, Con=3.9607
2025-09-13 21:15:58,158 - INFO - Batch 1870/2278: Loss=0.0001, Cls=0.0001, Reg=0.0000, Con=0.0000
2025-09-13 21:15:59,069 - INFO - Batch 1880/2278: Loss=1.1883, Cls=0.0000, Reg=0.0000, Con=3.9607
2025-09-13 21:16:00,009 - INFO - Batch 1890/2278: Loss=0.0000, Cls=0.0000, Reg=0.0000, Con=0.0000
2025-09-13 21:16:00,952 - INFO - Batch 1900/2278: Loss=0.0331, Cls=0.0331, Reg=0.0000, Con=0.0000
2025-09-13 21:16:01,840 - INFO - Batch 1910/2278: Loss=1.1883, Cls=0.0000, Reg=0.0000, Con=3.9610
2025-09-13 21:16:02,753 - INFO - Batch 1920/2278: Loss=0.0000, Cls=0.0000, Reg=0.0000, Con=0.0000
2025-09-13 21:16:03,658 - INFO - Batch 1930/2278: Loss=1.1953, Cls=0.0070, Reg=0.0000, Con=3.9611
2025-09-13 21:16:04,533 - INFO - Batch 1940/2278: Loss=1.1882, Cls=0.0000, Reg=0.0000, Con=3.9607
2025-09-13 21:16:05,425 - INFO - Batch 1950/2278: Loss=1.1883, Cls=0.0000, Reg=0.0000, Con=3.9609
2025-09-13 21:16:06,325 - INFO - Batch 1960/2278: Loss=1.1884, Cls=0.0001, Reg=0.0000, Con=3.9610
2025-09-13 21:16:07,215 - INFO - Batch 1970/2278: Loss=0.0000, Cls=0.0000, Reg=0.0000, Con=0.0000
2025-09-13 21:16:08,145 - INFO - Batch 1980/2278: Loss=2.5817, Cls=1.3934, Reg=0.0000, Con=3.9610
2025-09-13 21:16:09,051 - INFO - Batch 1990/2278: Loss=1.1887, Cls=0.0005, Reg=0.0000, Con=3.9608
2025-09-13 21:16:10,003 - INFO - Batch 2000/2278: Loss=1.1887, Cls=0.0004, Reg=0.0000, Con=3.9610
2025-09-13 21:16:10,924 - INFO - Batch 2010/2278: Loss=1.2007, Cls=0.0125, Reg=0.0000, Con=3.9608
2025-09-13 21:16:11,826 - INFO - Batch 2020/2278: Loss=1.1882, Cls=0.0000, Reg=0.0000, Con=3.9608
2025-09-13 21:16:12,727 - INFO - Batch 2030/2278: Loss=1.1885, Cls=0.0003, Reg=0.0000, Con=3.9608
2025-09-13 21:16:13,605 - INFO - Batch 2040/2278: Loss=1.1883, Cls=0.0000, Reg=0.0000, Con=3.9610
2025-09-13 21:16:14,546 - INFO - Batch 2050/2278: Loss=0.0000, Cls=0.0000, Reg=0.0000, Con=0.0000
2025-09-13 21:16:15,457 - INFO - Batch 2060/2278: Loss=1.1908, Cls=0.0025, Reg=0.0000, Con=3.9609
2025-09-13 21:16:16,377 - INFO - Batch 2070/2278: Loss=0.0011, Cls=0.0011, Reg=0.0000, Con=0.0000
2025-09-13 21:16:17,274 - INFO - Batch 2080/2278: Loss=1.1884, Cls=0.0001, Reg=0.0000, Con=3.9613
2025-09-13 21:16:18,180 - INFO - Batch 2090/2278: Loss=1.1884, Cls=0.0002, Reg=0.0000, Con=3.9607
2025-09-13 21:16:19,086 - INFO - Batch 2100/2278: Loss=1.1888, Cls=0.0003, Reg=0.0000, Con=3.9619
2025-09-13 21:16:19,981 - INFO - Batch 2110/2278: Loss=1.1891, Cls=0.0008, Reg=0.0000, Con=3.9609
2025-09-13 21:16:20,901 - INFO - Batch 2120/2278: Loss=0.0002, Cls=0.0002, Reg=0.0000, Con=0.0000
2025-09-13 21:16:21,794 - INFO - Batch 2130/2278: Loss=0.0005, Cls=0.0005, Reg=0.0000, Con=0.0000
2025-09-13 21:16:22,695 - INFO - Batch 2140/2278: Loss=0.0000, Cls=0.0000, Reg=0.0000, Con=0.0000
2025-09-13 21:16:23,601 - INFO - Batch 2150/2278: Loss=1.1883, Cls=0.0000, Reg=0.0000, Con=3.9608
2025-09-13 21:16:24,504 - INFO - Batch 2160/2278: Loss=1.2327, Cls=0.0445, Reg=0.0000, Con=3.9609
2025-09-13 21:16:25,380 - INFO - Batch 2170/2278: Loss=1.1999, Cls=0.0117, Reg=0.0000, Con=3.9608
2025-09-13 21:16:26,261 - INFO - Batch 2180/2278: Loss=0.0009, Cls=0.0009, Reg=0.0000, Con=0.0000
2025-09-13 21:16:27,146 - INFO - Batch 2190/2278: Loss=1.1883, Cls=0.0000, Reg=0.0000, Con=3.9609
2025-09-13 21:16:28,077 - INFO - Batch 2200/2278: Loss=1.1889, Cls=0.0007, Reg=0.0000, Con=3.9608
2025-09-13 21:16:28,956 - INFO - Batch 2210/2278: Loss=0.0001, Cls=0.0001, Reg=0.0000, Con=0.0000
2025-09-13 21:16:29,878 - INFO - Batch 2220/2278: Loss=0.0002, Cls=0.0002, Reg=0.0000, Con=0.0000
2025-09-13 21:16:30,763 - INFO - Batch 2230/2278: Loss=1.1883, Cls=0.0000, Reg=0.0000, Con=3.9609
2025-09-13 21:16:31,669 - INFO - Batch 2240/2278: Loss=1.1892, Cls=0.0007, Reg=0.0000, Con=3.9617
2025-09-13 21:16:32,561 - INFO - Batch 2250/2278: Loss=1.1883, Cls=0.0000, Reg=0.0000, Con=3.9608
2025-09-13 21:16:33,468 - INFO - Batch 2260/2278: Loss=0.0001, Cls=0.0001, Reg=0.0000, Con=0.0000
2025-09-13 21:16:34,355 - INFO - Batch 2270/2278: Loss=0.7482, Cls=0.7482, Reg=0.0000, Con=0.0000
2025-09-13 21:20:01,629 - INFO - === Epoch 3 Results ===
2025-09-13 21:20:01,630 - INFO - Training Loss: 0.8979 (Classification: 0.1233, Regression: 0.0000)
2025-09-13 21:20:01,630 - INFO - Validation Loss: 0.0444 (Classification: 0.0444, Regression: 0.0000)
2025-09-13 21:20:01,630 - INFO - Average Classification Accuracy: 0.9632 (on 1/26 tasks)
2025-09-13 21:20:01,630 - INFO - Average AUC: 0.8551
2025-09-13 21:20:04,377 - INFO - Best model saved to: experiments/r1c3_single_cls_22_seed_42_20250913_205924/checkpoints/r1c3_single_cls_22_seed_42_best.pth
2025-09-13 21:20:04,378 - INFO - Training finished!
2025-09-13 21:20:04,378 - INFO - Performing final evaluation...
2025-09-13 21:20:04,635 - INFO - Loaded best model from: experiments/r1c3_single_cls_22_seed_42_20250913_205924/checkpoints/r1c3_single_cls_22_seed_42_best.pth
2025-09-13 21:23:31,734 - INFO - Final Validation Results:
2025-09-13 21:23:31,735 - INFO -   Total Loss: 0.0444
2025-09-13 21:23:31,735 - INFO -   Classification Loss: 0.0444
2025-09-13 21:23:31,735 - INFO -   Regression Loss: 0.0000
2025-09-13 21:23:31,735 - INFO -   Average Classification Accuracy: 0.9632
2025-09-13 21:23:31,735 - INFO -   Average AUC: 0.8551
2025-09-13 21:23:31,735 - INFO - Results saved to: experiments/r1c3_single_cls_22_seed_42_20250913_205924/checkpoints/r1c3_single_cls_22_seed_42_results.json
