2025-09-13 20:59:23,268 - INFO - 🔬 Starting experiment: r1c3_single_cls_21_seed_42
2025-09-13 20:59:23,268 - INFO - 📁 Experiment directory: experiments/r1c3_single_cls_21_seed_42_20250913_205922
2025-09-13 20:59:23,268 - INFO - 🎲 Random seed: 42
2025-09-13 20:59:23,269 - INFO - 🔒 Deterministic mode: True
2025-09-13 20:59:23,269 - INFO - Using device: cuda
2025-09-13 20:59:23,269 - INFO - Total GPU Memory: 25.16 GB
2025-09-13 20:59:23,284 - INFO - 🧪 Fusion: Using cross-attention dynamic fusion
2025-09-13 20:59:23,284 - INFO - 🧪 GNN Backbone: Using default GraphAttentionNetwork branch
2025-09-13 20:59:23,284 - INFO - 🎯 Task Mode: Single classification endpoint 21
2025-09-13 20:59:23,284 - INFO - Configuration saved to: experiments/r1c3_single_cls_21_seed_42_20250913_205922/checkpoints/config.json
2025-09-13 20:59:23,285 - INFO - 🚀 Using preprocessed data from: data/data/processed
2025-09-13 20:59:23,285 - INFO - Loading LMDB dataset from: data/data/processed
2025-09-13 20:59:23,816 - INFO - Number of training batches: 2278
2025-09-13 20:59:23,817 - INFO - Number of validation batches: 2278
2025-09-13 20:59:23,817 - INFO - Number of test batches: 2278
2025-09-13 20:59:23,817 - INFO - Creating ToxD4C model...
2025-09-13 20:59:24,890 - INFO - Model created successfully. Total parameters: 100,932,036
2025-09-13 20:59:24,891 - INFO - Testing model forward pass...
2025-09-13 20:59:25,323 - INFO - Test output shapes:
2025-09-13 20:59:25,323 - INFO -   classification: torch.Size([16, 1])
2025-09-13 20:59:25,326 - INFO -   classification contains NaN: False
2025-09-13 20:59:25,326 - INFO -   classification contains Inf: False
2025-09-13 20:59:25,326 - INFO -   regression: torch.Size([16, 0])
2025-09-13 20:59:25,326 - INFO -   regression contains NaN: False
2025-09-13 20:59:25,326 - INFO -   regression contains Inf: False
2025-09-13 20:59:25,326 - INFO - Model forward pass test successful!
2025-09-13 20:59:26,024 - INFO - 🔁 Loaded checkpoint from: experiments/r1c3_multi_full_seed_42_20250913_152627/checkpoints/r1c3_multi_full_seed_42_best.pth
2025-09-13 20:59:26,024 - INFO - 🧩 Head-only fine-tuning: unfroze head for task 'SR-ARE' and froze trunk.
2025-09-13 20:59:26,025 - INFO - Starting training...
2025-09-13 20:59:26,025 - INFO - 
Epoch 1/3
2025-09-13 20:59:26,172 - INFO - Batch 0/2278: Loss=0.0198, Cls=0.0198, Reg=0.0000, Con=0.0000
2025-09-13 20:59:27,057 - INFO - Batch 10/2278: Loss=0.3647, Cls=0.3647, Reg=0.0000, Con=0.0000
2025-09-13 20:59:27,993 - INFO - Batch 20/2278: Loss=1.6276, Cls=0.4393, Reg=0.0000, Con=3.9610
2025-09-13 20:59:28,862 - INFO - Batch 30/2278: Loss=0.0000, Cls=0.0000, Reg=0.0000, Con=0.0000
2025-09-13 20:59:29,741 - INFO - Batch 40/2278: Loss=0.0056, Cls=0.0056, Reg=0.0000, Con=0.0000
2025-09-13 20:59:30,632 - INFO - Batch 50/2278: Loss=1.3698, Cls=0.1815, Reg=0.0000, Con=3.9609
2025-09-13 20:59:31,598 - INFO - Batch 60/2278: Loss=2.0689, Cls=0.8807, Reg=0.0000, Con=3.9609
2025-09-13 20:59:32,487 - INFO - Batch 70/2278: Loss=1.1882, Cls=0.0000, Reg=0.0000, Con=3.9608
2025-09-13 20:59:33,349 - INFO - Batch 80/2278: Loss=0.0014, Cls=0.0014, Reg=0.0000, Con=0.0000
2025-09-13 20:59:34,253 - INFO - Batch 90/2278: Loss=0.2396, Cls=0.2396, Reg=0.0000, Con=0.0000
2025-09-13 20:59:35,159 - INFO - Batch 100/2278: Loss=0.1260, Cls=0.1260, Reg=0.0000, Con=0.0000
2025-09-13 20:59:36,065 - INFO - Batch 110/2278: Loss=0.0101, Cls=0.0101, Reg=0.0000, Con=0.0000
2025-09-13 20:59:36,959 - INFO - Batch 120/2278: Loss=1.2051, Cls=0.0168, Reg=0.0000, Con=3.9609
2025-09-13 20:59:37,835 - INFO - Batch 130/2278: Loss=1.1980, Cls=0.0097, Reg=0.0000, Con=3.9609
2025-09-13 20:59:38,707 - INFO - Batch 140/2278: Loss=1.1937, Cls=0.0053, Reg=0.0000, Con=3.9615
2025-09-13 20:59:39,621 - INFO - Batch 150/2278: Loss=1.1949, Cls=0.0065, Reg=0.0000, Con=3.9613
2025-09-13 20:59:40,526 - INFO - Batch 160/2278: Loss=1.4581, Cls=0.2698, Reg=0.0000, Con=3.9611
2025-09-13 20:59:41,405 - INFO - Batch 170/2278: Loss=1.2192, Cls=0.0308, Reg=0.0000, Con=3.9611
2025-09-13 20:59:42,338 - INFO - Batch 180/2278: Loss=1.2391, Cls=0.0508, Reg=0.0000, Con=3.9610
2025-09-13 20:59:43,230 - INFO - Batch 190/2278: Loss=2.2229, Cls=1.0347, Reg=0.0000, Con=3.9608
2025-09-13 20:59:44,100 - INFO - Batch 200/2278: Loss=2.6866, Cls=1.4983, Reg=0.0000, Con=3.9609
2025-09-13 20:59:45,029 - INFO - Batch 210/2278: Loss=0.0022, Cls=0.0022, Reg=0.0000, Con=0.0000
2025-09-13 20:59:45,932 - INFO - Batch 220/2278: Loss=3.0195, Cls=3.0195, Reg=0.0000, Con=0.0000
2025-09-13 20:59:46,851 - INFO - Batch 230/2278: Loss=1.1897, Cls=0.0014, Reg=0.0000, Con=3.9610
2025-09-13 20:59:47,726 - INFO - Batch 240/2278: Loss=1.1890, Cls=0.0008, Reg=0.0000, Con=3.9608
2025-09-13 20:59:48,616 - INFO - Batch 250/2278: Loss=0.0013, Cls=0.0013, Reg=0.0000, Con=0.0000
2025-09-13 20:59:49,510 - INFO - Batch 260/2278: Loss=0.0181, Cls=0.0181, Reg=0.0000, Con=0.0000
2025-09-13 20:59:50,435 - INFO - Batch 270/2278: Loss=0.0000, Cls=0.0000, Reg=0.0000, Con=0.0000
2025-09-13 20:59:51,312 - INFO - Batch 280/2278: Loss=1.1984, Cls=0.0101, Reg=0.0000, Con=3.9611
2025-09-13 20:59:52,178 - INFO - Batch 290/2278: Loss=1.0473, Cls=1.0473, Reg=0.0000, Con=0.0000
2025-09-13 20:59:53,064 - INFO - Batch 300/2278: Loss=1.1973, Cls=0.0091, Reg=0.0000, Con=3.9609
2025-09-13 20:59:53,966 - INFO - Batch 310/2278: Loss=1.1993, Cls=0.0110, Reg=0.0000, Con=3.9612
2025-09-13 20:59:54,834 - INFO - Batch 320/2278: Loss=1.3975, Cls=1.3975, Reg=0.0000, Con=0.0000
2025-09-13 20:59:55,784 - INFO - Batch 330/2278: Loss=1.1894, Cls=0.0012, Reg=0.0000, Con=3.9609
2025-09-13 20:59:56,834 - INFO - Batch 340/2278: Loss=1.1883, Cls=0.0000, Reg=0.0000, Con=3.9610
2025-09-13 20:59:57,814 - INFO - Batch 350/2278: Loss=1.3680, Cls=0.1797, Reg=0.0000, Con=3.9611
2025-09-13 20:59:58,696 - INFO - Batch 360/2278: Loss=1.1882, Cls=0.0000, Reg=0.0000, Con=3.9607
2025-09-13 20:59:59,587 - INFO - Batch 370/2278: Loss=2.6256, Cls=1.4374, Reg=0.0000, Con=3.9609
2025-09-13 21:00:00,473 - INFO - Batch 380/2278: Loss=1.2017, Cls=0.0135, Reg=0.0000, Con=3.9607
2025-09-13 21:00:01,366 - INFO - Batch 390/2278: Loss=1.1882, Cls=0.0000, Reg=0.0000, Con=3.9607
2025-09-13 21:00:02,260 - INFO - Batch 400/2278: Loss=0.0016, Cls=0.0016, Reg=0.0000, Con=0.0000
2025-09-13 21:00:03,137 - INFO - Batch 410/2278: Loss=0.0220, Cls=0.0220, Reg=0.0000, Con=0.0000
2025-09-13 21:00:04,016 - INFO - Batch 420/2278: Loss=0.0296, Cls=0.0296, Reg=0.0000, Con=0.0000
2025-09-13 21:00:04,915 - INFO - Batch 430/2278: Loss=1.1955, Cls=0.0073, Reg=0.0000, Con=3.9607
2025-09-13 21:00:05,787 - INFO - Batch 440/2278: Loss=1.2810, Cls=0.0927, Reg=0.0000, Con=3.9608
2025-09-13 21:00:06,649 - INFO - Batch 450/2278: Loss=1.2011, Cls=0.0129, Reg=0.0000, Con=3.9607
2025-09-13 21:00:07,506 - INFO - Batch 460/2278: Loss=1.9276, Cls=0.7394, Reg=0.0000, Con=3.9607
2025-09-13 21:00:08,405 - INFO - Batch 470/2278: Loss=1.1925, Cls=0.0042, Reg=0.0000, Con=3.9611
2025-09-13 21:00:09,310 - INFO - Batch 480/2278: Loss=1.2015, Cls=0.0132, Reg=0.0000, Con=3.9607
2025-09-13 21:00:10,185 - INFO - Batch 490/2278: Loss=0.0000, Cls=0.0000, Reg=0.0000, Con=0.0000
2025-09-13 21:00:11,057 - INFO - Batch 500/2278: Loss=0.0006, Cls=0.0006, Reg=0.0000, Con=0.0000
2025-09-13 21:00:11,928 - INFO - Batch 510/2278: Loss=1.1883, Cls=0.0000, Reg=0.0000, Con=3.9609
2025-09-13 21:00:12,808 - INFO - Batch 520/2278: Loss=1.2047, Cls=0.0165, Reg=0.0000, Con=3.9608
2025-09-13 21:00:13,674 - INFO - Batch 530/2278: Loss=1.2041, Cls=0.0158, Reg=0.0000, Con=3.9608
2025-09-13 21:00:14,603 - INFO - Batch 540/2278: Loss=1.2503, Cls=0.0620, Reg=0.0000, Con=3.9610
2025-09-13 21:00:15,488 - INFO - Batch 550/2278: Loss=1.1882, Cls=0.0000, Reg=0.0000, Con=3.9607
2025-09-13 21:00:16,385 - INFO - Batch 560/2278: Loss=1.1897, Cls=0.0014, Reg=0.0000, Con=3.9609
2025-09-13 21:00:17,337 - INFO - Batch 570/2278: Loss=1.3113, Cls=0.1230, Reg=0.0000, Con=3.9608
2025-09-13 21:00:18,241 - INFO - Batch 580/2278: Loss=0.0097, Cls=0.0097, Reg=0.0000, Con=0.0000
2025-09-13 21:00:19,111 - INFO - Batch 590/2278: Loss=3.9997, Cls=3.9997, Reg=0.0000, Con=0.0000
2025-09-13 21:00:20,013 - INFO - Batch 600/2278: Loss=1.1905, Cls=0.0022, Reg=0.0000, Con=3.9609
2025-09-13 21:00:20,895 - INFO - Batch 610/2278: Loss=1.2084, Cls=0.0201, Reg=0.0000, Con=3.9609
2025-09-13 21:00:21,782 - INFO - Batch 620/2278: Loss=1.2135, Cls=0.0252, Reg=0.0000, Con=3.9608
2025-09-13 21:00:22,694 - INFO - Batch 630/2278: Loss=0.0000, Cls=0.0000, Reg=0.0000, Con=0.0000
2025-09-13 21:00:23,620 - INFO - Batch 640/2278: Loss=1.5218, Cls=0.3336, Reg=0.0000, Con=3.9608
2025-09-13 21:00:24,507 - INFO - Batch 650/2278: Loss=1.1897, Cls=0.0013, Reg=0.0000, Con=3.9613
2025-09-13 21:00:25,372 - INFO - Batch 660/2278: Loss=1.1900, Cls=0.0018, Reg=0.0000, Con=3.9608
2025-09-13 21:00:26,258 - INFO - Batch 670/2278: Loss=5.2386, Cls=4.0504, Reg=0.0000, Con=3.9608
2025-09-13 21:00:27,153 - INFO - Batch 680/2278: Loss=3.3786, Cls=2.1903, Reg=0.0000, Con=3.9608
2025-09-13 21:00:28,032 - INFO - Batch 690/2278: Loss=0.5980, Cls=0.5980, Reg=0.0000, Con=0.0000
2025-09-13 21:00:29,002 - INFO - Batch 700/2278: Loss=0.0157, Cls=0.0157, Reg=0.0000, Con=0.0000
2025-09-13 21:00:29,908 - INFO - Batch 710/2278: Loss=1.1882, Cls=0.0000, Reg=0.0000, Con=3.9607
2025-09-13 21:00:30,811 - INFO - Batch 720/2278: Loss=1.1939, Cls=0.0056, Reg=0.0000, Con=3.9609
2025-09-13 21:00:31,706 - INFO - Batch 730/2278: Loss=1.2046, Cls=0.0162, Reg=0.0000, Con=3.9613
2025-09-13 21:00:32,589 - INFO - Batch 740/2278: Loss=1.2893, Cls=0.1009, Reg=0.0000, Con=3.9610
2025-09-13 21:00:33,472 - INFO - Batch 750/2278: Loss=2.9214, Cls=1.7331, Reg=0.0000, Con=3.9609
2025-09-13 21:00:34,352 - INFO - Batch 760/2278: Loss=1.6438, Cls=0.4556, Reg=0.0000, Con=3.9608
2025-09-13 21:00:35,232 - INFO - Batch 770/2278: Loss=1.1947, Cls=0.0064, Reg=0.0000, Con=3.9610
2025-09-13 21:00:36,118 - INFO - Batch 780/2278: Loss=1.1894, Cls=0.0012, Reg=0.0000, Con=3.9608
2025-09-13 21:00:36,995 - INFO - Batch 790/2278: Loss=0.1187, Cls=0.1187, Reg=0.0000, Con=0.0000
2025-09-13 21:00:37,871 - INFO - Batch 800/2278: Loss=1.2014, Cls=0.0131, Reg=0.0000, Con=3.9612
2025-09-13 21:00:38,733 - INFO - Batch 810/2278: Loss=1.1921, Cls=0.0037, Reg=0.0000, Con=3.9612
2025-09-13 21:00:39,630 - INFO - Batch 820/2278: Loss=1.1883, Cls=0.0000, Reg=0.0000, Con=3.9609
2025-09-13 21:00:40,530 - INFO - Batch 830/2278: Loss=2.0416, Cls=0.8533, Reg=0.0000, Con=3.9609
2025-09-13 21:00:41,400 - INFO - Batch 840/2278: Loss=1.9111, Cls=0.7229, Reg=0.0000, Con=3.9608
2025-09-13 21:00:42,282 - INFO - Batch 850/2278: Loss=0.2057, Cls=0.2057, Reg=0.0000, Con=0.0000
2025-09-13 21:00:43,136 - INFO - Batch 860/2278: Loss=1.2390, Cls=0.0508, Reg=0.0000, Con=3.9607
2025-09-13 21:00:44,009 - INFO - Batch 870/2278: Loss=0.1811, Cls=0.1811, Reg=0.0000, Con=0.0000
2025-09-13 21:00:44,913 - INFO - Batch 880/2278: Loss=0.0000, Cls=0.0000, Reg=0.0000, Con=0.0000
2025-09-13 21:00:45,768 - INFO - Batch 890/2278: Loss=0.0000, Cls=0.0000, Reg=0.0000, Con=0.0000
2025-09-13 21:00:46,660 - INFO - Batch 900/2278: Loss=1.5366, Cls=0.3483, Reg=0.0000, Con=3.9609
2025-09-13 21:00:47,562 - INFO - Batch 910/2278: Loss=2.2390, Cls=1.0507, Reg=0.0000, Con=3.9609
2025-09-13 21:00:48,417 - INFO - Batch 920/2278: Loss=1.2267, Cls=0.0385, Reg=0.0000, Con=3.9610
2025-09-13 21:00:49,314 - INFO - Batch 930/2278: Loss=1.4901, Cls=0.3018, Reg=0.0000, Con=3.9608
2025-09-13 21:00:50,202 - INFO - Batch 940/2278: Loss=1.3180, Cls=0.1298, Reg=0.0000, Con=3.9609
2025-09-13 21:00:51,091 - INFO - Batch 950/2278: Loss=1.1883, Cls=0.0000, Reg=0.0000, Con=3.9611
2025-09-13 21:00:51,957 - INFO - Batch 960/2278: Loss=1.3767, Cls=0.1884, Reg=0.0000, Con=3.9609
2025-09-13 21:00:52,834 - INFO - Batch 970/2278: Loss=1.5181, Cls=0.3297, Reg=0.0000, Con=3.9612
2025-09-13 21:00:53,703 - INFO - Batch 980/2278: Loss=0.0077, Cls=0.0077, Reg=0.0000, Con=0.0000
2025-09-13 21:00:54,575 - INFO - Batch 990/2278: Loss=0.0000, Cls=0.0000, Reg=0.0000, Con=0.0000
2025-09-13 21:00:55,447 - INFO - Batch 1000/2278: Loss=2.6474, Cls=1.4591, Reg=0.0000, Con=3.9609
2025-09-13 21:00:56,368 - INFO - Batch 1010/2278: Loss=1.1882, Cls=0.0000, Reg=0.0000, Con=3.9608
2025-09-13 21:00:57,261 - INFO - Batch 1020/2278: Loss=0.0027, Cls=0.0027, Reg=0.0000, Con=0.0000
2025-09-13 21:00:58,151 - INFO - Batch 1030/2278: Loss=1.1904, Cls=0.0021, Reg=0.0000, Con=3.9610
2025-09-13 21:00:59,047 - INFO - Batch 1040/2278: Loss=1.2002, Cls=0.0120, Reg=0.0000, Con=3.9607
2025-09-13 21:00:59,910 - INFO - Batch 1050/2278: Loss=1.2835, Cls=0.0952, Reg=0.0000, Con=3.9609
2025-09-13 21:01:00,798 - INFO - Batch 1060/2278: Loss=3.9586, Cls=2.7704, Reg=0.0000, Con=3.9608
2025-09-13 21:01:01,681 - INFO - Batch 1070/2278: Loss=1.1884, Cls=0.0001, Reg=0.0000, Con=3.9608
2025-09-13 21:01:02,571 - INFO - Batch 1080/2278: Loss=4.0649, Cls=2.8766, Reg=0.0000, Con=3.9608
2025-09-13 21:01:03,500 - INFO - Batch 1090/2278: Loss=2.0272, Cls=0.8389, Reg=0.0000, Con=3.9609
2025-09-13 21:01:04,391 - INFO - Batch 1100/2278: Loss=0.0638, Cls=0.0638, Reg=0.0000, Con=0.0000
2025-09-13 21:01:05,301 - INFO - Batch 1110/2278: Loss=1.1891, Cls=0.0008, Reg=0.0000, Con=3.9608
2025-09-13 21:01:06,183 - INFO - Batch 1120/2278: Loss=0.0000, Cls=0.0000, Reg=0.0000, Con=0.0000
2025-09-13 21:01:07,135 - INFO - Batch 1130/2278: Loss=4.4935, Cls=3.3052, Reg=0.0000, Con=3.9608
2025-09-13 21:01:08,025 - INFO - Batch 1140/2278: Loss=1.4221, Cls=0.2339, Reg=0.0000, Con=3.9608
2025-09-13 21:01:08,900 - INFO - Batch 1150/2278: Loss=1.2052, Cls=0.0168, Reg=0.0000, Con=3.9611
2025-09-13 21:01:09,784 - INFO - Batch 1160/2278: Loss=1.1940, Cls=0.0058, Reg=0.0000, Con=3.9609
2025-09-13 21:01:10,656 - INFO - Batch 1170/2278: Loss=0.3513, Cls=0.3513, Reg=0.0000, Con=0.0000
2025-09-13 21:01:11,517 - INFO - Batch 1180/2278: Loss=1.1883, Cls=0.0001, Reg=0.0000, Con=3.9609
2025-09-13 21:01:12,398 - INFO - Batch 1190/2278: Loss=1.1908, Cls=0.0025, Reg=0.0000, Con=3.9609
2025-09-13 21:01:13,283 - INFO - Batch 1200/2278: Loss=0.0071, Cls=0.0071, Reg=0.0000, Con=0.0000
2025-09-13 21:01:14,169 - INFO - Batch 1210/2278: Loss=1.3862, Cls=0.1979, Reg=0.0000, Con=3.9610
2025-09-13 21:01:15,044 - INFO - Batch 1220/2278: Loss=0.7415, Cls=0.7415, Reg=0.0000, Con=0.0000
2025-09-13 21:01:15,913 - INFO - Batch 1230/2278: Loss=1.1883, Cls=0.0000, Reg=0.0000, Con=3.9609
2025-09-13 21:01:16,812 - INFO - Batch 1240/2278: Loss=1.1883, Cls=0.0000, Reg=0.0000, Con=3.9609
2025-09-13 21:01:17,689 - INFO - Batch 1250/2278: Loss=0.0000, Cls=0.0000, Reg=0.0000, Con=0.0000
2025-09-13 21:01:18,569 - INFO - Batch 1260/2278: Loss=0.0137, Cls=0.0137, Reg=0.0000, Con=0.0000
2025-09-13 21:01:19,442 - INFO - Batch 1270/2278: Loss=1.1888, Cls=0.0006, Reg=0.0000, Con=3.9609
2025-09-13 21:01:20,339 - INFO - Batch 1280/2278: Loss=1.2871, Cls=1.2871, Reg=0.0000, Con=0.0000
2025-09-13 21:01:21,209 - INFO - Batch 1290/2278: Loss=0.0165, Cls=0.0165, Reg=0.0000, Con=0.0000
2025-09-13 21:01:22,103 - INFO - Batch 1300/2278: Loss=1.2075, Cls=0.0192, Reg=0.0000, Con=3.9610
2025-09-13 21:01:22,994 - INFO - Batch 1310/2278: Loss=3.3454, Cls=2.1571, Reg=0.0000, Con=3.9611
2025-09-13 21:01:23,870 - INFO - Batch 1320/2278: Loss=0.0018, Cls=0.0018, Reg=0.0000, Con=0.0000
2025-09-13 21:01:24,735 - INFO - Batch 1330/2278: Loss=1.1936, Cls=0.0052, Reg=0.0000, Con=3.9613
2025-09-13 21:01:25,629 - INFO - Batch 1340/2278: Loss=1.1895, Cls=0.0013, Reg=0.0000, Con=3.9608
2025-09-13 21:01:26,515 - INFO - Batch 1350/2278: Loss=0.0024, Cls=0.0024, Reg=0.0000, Con=0.0000
2025-09-13 21:01:27,394 - INFO - Batch 1360/2278: Loss=1.4672, Cls=0.2789, Reg=0.0000, Con=3.9610
2025-09-13 21:01:28,296 - INFO - Batch 1370/2278: Loss=1.1882, Cls=0.0000, Reg=0.0000, Con=3.9608
2025-09-13 21:01:29,187 - INFO - Batch 1380/2278: Loss=3.3333, Cls=2.1450, Reg=0.0000, Con=3.9608
2025-09-13 21:01:30,121 - INFO - Batch 1390/2278: Loss=1.2051, Cls=0.0169, Reg=0.0000, Con=3.9608
2025-09-13 21:01:31,021 - INFO - Batch 1400/2278: Loss=1.2088, Cls=0.0205, Reg=0.0000, Con=3.9609
2025-09-13 21:01:31,945 - INFO - Batch 1410/2278: Loss=1.2801, Cls=0.0917, Reg=0.0000, Con=3.9612
2025-09-13 21:01:32,918 - INFO - Batch 1420/2278: Loss=0.5257, Cls=0.5257, Reg=0.0000, Con=0.0000
2025-09-13 21:01:33,852 - INFO - Batch 1430/2278: Loss=1.2167, Cls=0.0285, Reg=0.0000, Con=3.9609
2025-09-13 21:01:34,723 - INFO - Batch 1440/2278: Loss=1.1883, Cls=0.0000, Reg=0.0000, Con=3.9609
2025-09-13 21:01:35,577 - INFO - Batch 1450/2278: Loss=1.1889, Cls=0.0007, Reg=0.0000, Con=3.9608
2025-09-13 21:01:36,453 - INFO - Batch 1460/2278: Loss=0.0087, Cls=0.0087, Reg=0.0000, Con=0.0000
2025-09-13 21:01:37,342 - INFO - Batch 1470/2278: Loss=1.1889, Cls=0.0007, Reg=0.0000, Con=3.9609
2025-09-13 21:01:38,228 - INFO - Batch 1480/2278: Loss=1.5441, Cls=0.3559, Reg=0.0000, Con=3.9607
2025-09-13 21:01:39,137 - INFO - Batch 1490/2278: Loss=5.2593, Cls=4.0710, Reg=0.0000, Con=3.9609
2025-09-13 21:01:40,026 - INFO - Batch 1500/2278: Loss=1.2059, Cls=0.0176, Reg=0.0000, Con=3.9609
2025-09-13 21:01:40,914 - INFO - Batch 1510/2278: Loss=0.0000, Cls=0.0000, Reg=0.0000, Con=0.0000
2025-09-13 21:01:41,789 - INFO - Batch 1520/2278: Loss=1.2302, Cls=0.0420, Reg=0.0000, Con=3.9608
2025-09-13 21:01:42,665 - INFO - Batch 1530/2278: Loss=2.9182, Cls=1.7300, Reg=0.0000, Con=3.9608
2025-09-13 21:01:43,549 - INFO - Batch 1540/2278: Loss=1.1929, Cls=0.0046, Reg=0.0000, Con=3.9609
2025-09-13 21:01:44,452 - INFO - Batch 1550/2278: Loss=1.1883, Cls=0.0000, Reg=0.0000, Con=3.9610
2025-09-13 21:01:45,342 - INFO - Batch 1560/2278: Loss=1.2893, Cls=0.1010, Reg=0.0000, Con=3.9609
2025-09-13 21:01:46,240 - INFO - Batch 1570/2278: Loss=1.4725, Cls=0.2843, Reg=0.0000, Con=3.9608
2025-09-13 21:01:47,154 - INFO - Batch 1580/2278: Loss=1.2325, Cls=0.0443, Reg=0.0000, Con=3.9608
2025-09-13 21:01:48,041 - INFO - Batch 1590/2278: Loss=2.0811, Cls=0.8929, Reg=0.0000, Con=3.9609
2025-09-13 21:01:48,943 - INFO - Batch 1600/2278: Loss=1.1883, Cls=0.0000, Reg=0.0000, Con=3.9608
2025-09-13 21:01:49,817 - INFO - Batch 1610/2278: Loss=0.5043, Cls=0.5043, Reg=0.0000, Con=0.0000
2025-09-13 21:01:50,691 - INFO - Batch 1620/2278: Loss=0.0063, Cls=0.0063, Reg=0.0000, Con=0.0000
2025-09-13 21:01:51,589 - INFO - Batch 1630/2278: Loss=1.1882, Cls=0.0000, Reg=0.0000, Con=3.9608
2025-09-13 21:01:52,478 - INFO - Batch 1640/2278: Loss=0.0145, Cls=0.0145, Reg=0.0000, Con=0.0000
2025-09-13 21:01:53,357 - INFO - Batch 1650/2278: Loss=0.0593, Cls=0.0593, Reg=0.0000, Con=0.0000
2025-09-13 21:01:54,249 - INFO - Batch 1660/2278: Loss=0.1935, Cls=0.1935, Reg=0.0000, Con=0.0000
2025-09-13 21:01:55,119 - INFO - Batch 1670/2278: Loss=1.1884, Cls=0.0000, Reg=0.0000, Con=3.9612
2025-09-13 21:01:56,008 - INFO - Batch 1680/2278: Loss=0.0016, Cls=0.0016, Reg=0.0000, Con=0.0000
2025-09-13 21:01:56,903 - INFO - Batch 1690/2278: Loss=1.1887, Cls=0.0003, Reg=0.0000, Con=3.9612
2025-09-13 21:01:57,770 - INFO - Batch 1700/2278: Loss=1.1914, Cls=0.0030, Reg=0.0000, Con=3.9612
2025-09-13 21:01:58,650 - INFO - Batch 1710/2278: Loss=0.0151, Cls=0.0151, Reg=0.0000, Con=0.0000
2025-09-13 21:01:59,524 - INFO - Batch 1720/2278: Loss=1.1962, Cls=0.0079, Reg=0.0000, Con=3.9608
2025-09-13 21:02:00,412 - INFO - Batch 1730/2278: Loss=0.0021, Cls=0.0021, Reg=0.0000, Con=0.0000
2025-09-13 21:02:01,314 - INFO - Batch 1740/2278: Loss=0.0000, Cls=0.0000, Reg=0.0000, Con=0.0000
2025-09-13 21:02:02,205 - INFO - Batch 1750/2278: Loss=1.1883, Cls=0.0000, Reg=0.0000, Con=3.9609
2025-09-13 21:02:03,078 - INFO - Batch 1760/2278: Loss=1.1888, Cls=0.0006, Reg=0.0000, Con=3.9609
2025-09-13 21:02:03,978 - INFO - Batch 1770/2278: Loss=1.1882, Cls=0.0000, Reg=0.0000, Con=3.9608
2025-09-13 21:02:04,864 - INFO - Batch 1780/2278: Loss=1.1948, Cls=0.0065, Reg=0.0000, Con=3.9608
2025-09-13 21:02:05,728 - INFO - Batch 1790/2278: Loss=0.3311, Cls=0.3311, Reg=0.0000, Con=0.0000
2025-09-13 21:02:06,619 - INFO - Batch 1800/2278: Loss=0.0036, Cls=0.0036, Reg=0.0000, Con=0.0000
2025-09-13 21:02:07,514 - INFO - Batch 1810/2278: Loss=0.0214, Cls=0.0214, Reg=0.0000, Con=0.0000
2025-09-13 21:02:08,399 - INFO - Batch 1820/2278: Loss=3.9878, Cls=2.7995, Reg=0.0000, Con=3.9611
2025-09-13 21:02:09,272 - INFO - Batch 1830/2278: Loss=0.0736, Cls=0.0736, Reg=0.0000, Con=0.0000
2025-09-13 21:02:10,136 - INFO - Batch 1840/2278: Loss=0.4771, Cls=0.4771, Reg=0.0000, Con=0.0000
2025-09-13 21:02:11,103 - INFO - Batch 1850/2278: Loss=1.1888, Cls=0.0006, Reg=0.0000, Con=3.9608
2025-09-13 21:02:12,184 - INFO - Batch 1860/2278: Loss=0.0075, Cls=0.0075, Reg=0.0000, Con=0.0000
2025-09-13 21:02:13,134 - INFO - Batch 1870/2278: Loss=1.1883, Cls=0.0001, Reg=0.0000, Con=3.9608
2025-09-13 21:02:14,021 - INFO - Batch 1880/2278: Loss=0.0000, Cls=0.0000, Reg=0.0000, Con=0.0000
2025-09-13 21:02:14,931 - INFO - Batch 1890/2278: Loss=1.1884, Cls=0.0001, Reg=0.0000, Con=3.9609
2025-09-13 21:02:15,818 - INFO - Batch 1900/2278: Loss=0.7043, Cls=0.7043, Reg=0.0000, Con=0.0000
2025-09-13 21:02:16,699 - INFO - Batch 1910/2278: Loss=0.0074, Cls=0.0074, Reg=0.0000, Con=0.0000
2025-09-13 21:02:17,653 - INFO - Batch 1920/2278: Loss=1.2168, Cls=0.0286, Reg=0.0000, Con=3.9607
2025-09-13 21:02:18,558 - INFO - Batch 1930/2278: Loss=1.1899, Cls=0.0017, Reg=0.0000, Con=3.9607
2025-09-13 21:02:19,467 - INFO - Batch 1940/2278: Loss=1.2657, Cls=0.0775, Reg=0.0000, Con=3.9608
2025-09-13 21:02:20,336 - INFO - Batch 1950/2278: Loss=1.1884, Cls=0.0002, Reg=0.0000, Con=3.9608
2025-09-13 21:02:21,219 - INFO - Batch 1960/2278: Loss=1.4360, Cls=0.2477, Reg=0.0000, Con=3.9609
2025-09-13 21:02:22,106 - INFO - Batch 1970/2278: Loss=1.1883, Cls=0.0000, Reg=0.0000, Con=3.9611
2025-09-13 21:02:23,016 - INFO - Batch 1980/2278: Loss=1.1886, Cls=0.0003, Reg=0.0000, Con=3.9608
2025-09-13 21:02:23,914 - INFO - Batch 1990/2278: Loss=1.2002, Cls=0.0117, Reg=0.0000, Con=3.9615
2025-09-13 21:02:24,801 - INFO - Batch 2000/2278: Loss=0.0005, Cls=0.0005, Reg=0.0000, Con=0.0000
2025-09-13 21:02:25,705 - INFO - Batch 2010/2278: Loss=3.2145, Cls=2.0263, Reg=0.0000, Con=3.9609
2025-09-13 21:02:26,587 - INFO - Batch 2020/2278: Loss=2.7961, Cls=1.6079, Reg=0.0000, Con=3.9608
2025-09-13 21:02:27,491 - INFO - Batch 2030/2278: Loss=1.1883, Cls=0.0001, Reg=0.0000, Con=3.9607
2025-09-13 21:02:28,396 - INFO - Batch 2040/2278: Loss=1.1891, Cls=0.0008, Reg=0.0000, Con=3.9609
2025-09-13 21:02:29,306 - INFO - Batch 2050/2278: Loss=1.1963, Cls=0.0080, Reg=0.0000, Con=3.9608
2025-09-13 21:02:30,176 - INFO - Batch 2060/2278: Loss=0.0210, Cls=0.0210, Reg=0.0000, Con=0.0000
2025-09-13 21:02:31,043 - INFO - Batch 2070/2278: Loss=1.1891, Cls=0.0008, Reg=0.0000, Con=3.9611
2025-09-13 21:02:31,936 - INFO - Batch 2080/2278: Loss=1.1909, Cls=0.0026, Reg=0.0000, Con=3.9610
2025-09-13 21:02:32,834 - INFO - Batch 2090/2278: Loss=1.1992, Cls=0.0108, Reg=0.0000, Con=3.9612
2025-09-13 21:02:33,728 - INFO - Batch 2100/2278: Loss=1.1886, Cls=0.0003, Reg=0.0000, Con=3.9611
2025-09-13 21:02:34,623 - INFO - Batch 2110/2278: Loss=1.1910, Cls=0.0027, Reg=0.0000, Con=3.9609
2025-09-13 21:02:35,525 - INFO - Batch 2120/2278: Loss=0.0073, Cls=0.0073, Reg=0.0000, Con=0.0000
2025-09-13 21:02:36,460 - INFO - Batch 2130/2278: Loss=1.1912, Cls=0.0030, Reg=0.0000, Con=3.9606
2025-09-13 21:02:37,364 - INFO - Batch 2140/2278: Loss=1.1895, Cls=0.0012, Reg=0.0000, Con=3.9608
2025-09-13 21:02:38,251 - INFO - Batch 2150/2278: Loss=1.2479, Cls=0.0597, Reg=0.0000, Con=3.9607
2025-09-13 21:02:39,128 - INFO - Batch 2160/2278: Loss=1.1941, Cls=0.0059, Reg=0.0000, Con=3.9608
2025-09-13 21:02:40,016 - INFO - Batch 2170/2278: Loss=1.1996, Cls=0.0113, Reg=0.0000, Con=3.9609
2025-09-13 21:02:40,883 - INFO - Batch 2180/2278: Loss=1.7419, Cls=1.7419, Reg=0.0000, Con=0.0000
2025-09-13 21:02:41,792 - INFO - Batch 2190/2278: Loss=0.0002, Cls=0.0002, Reg=0.0000, Con=0.0000
2025-09-13 21:02:42,734 - INFO - Batch 2200/2278: Loss=1.1941, Cls=0.0060, Reg=0.0000, Con=3.9605
2025-09-13 21:02:43,647 - INFO - Batch 2210/2278: Loss=1.2608, Cls=0.0725, Reg=0.0000, Con=3.9609
2025-09-13 21:02:44,529 - INFO - Batch 2220/2278: Loss=1.2090, Cls=0.0207, Reg=0.0000, Con=3.9610
2025-09-13 21:02:45,424 - INFO - Batch 2230/2278: Loss=0.0450, Cls=0.0450, Reg=0.0000, Con=0.0000
2025-09-13 21:02:46,314 - INFO - Batch 2240/2278: Loss=4.7688, Cls=4.7688, Reg=0.0000, Con=0.0000
2025-09-13 21:02:47,198 - INFO - Batch 2250/2278: Loss=3.7806, Cls=2.5924, Reg=0.0000, Con=3.9609
2025-09-13 21:02:48,089 - INFO - Batch 2260/2278: Loss=1.6457, Cls=0.4575, Reg=0.0000, Con=3.9608
2025-09-13 21:02:49,011 - INFO - Batch 2270/2278: Loss=1.2339, Cls=1.2339, Reg=0.0000, Con=0.0000
2025-09-13 21:06:12,306 - INFO - === Epoch 1 Results ===
2025-09-13 21:06:12,306 - INFO - Training Loss: 1.0991 (Classification: 0.3266, Regression: 0.0000)
2025-09-13 21:06:12,306 - INFO - Validation Loss: 0.1057 (Classification: 0.1057, Regression: 0.0000)
2025-09-13 21:06:12,306 - INFO - Average Classification Accuracy: 0.8333 (on 1/26 tasks)
2025-09-13 21:06:12,306 - INFO - Average AUC: 0.8280
2025-09-13 21:06:12,849 - INFO - Best model saved to: experiments/r1c3_single_cls_21_seed_42_20250913_205922/checkpoints/r1c3_single_cls_21_seed_42_best.pth
2025-09-13 21:06:12,849 - INFO - 
Epoch 2/3
2025-09-13 21:06:12,946 - INFO - Batch 0/2278: Loss=0.0556, Cls=0.0556, Reg=0.0000, Con=0.0000
2025-09-13 21:06:13,837 - INFO - Batch 10/2278: Loss=1.1881, Cls=0.0000, Reg=0.0000, Con=3.9604
2025-09-13 21:06:14,737 - INFO - Batch 20/2278: Loss=1.2600, Cls=0.0717, Reg=0.0000, Con=3.9610
2025-09-13 21:06:15,636 - INFO - Batch 30/2278: Loss=1.1955, Cls=0.0072, Reg=0.0000, Con=3.9608
2025-09-13 21:06:16,522 - INFO - Batch 40/2278: Loss=1.1962, Cls=0.0080, Reg=0.0000, Con=3.9608
2025-09-13 21:06:17,490 - INFO - Batch 50/2278: Loss=0.1754, Cls=0.1754, Reg=0.0000, Con=0.0000
2025-09-13 21:06:18,374 - INFO - Batch 60/2278: Loss=1.3672, Cls=0.1790, Reg=0.0000, Con=3.9608
2025-09-13 21:06:19,265 - INFO - Batch 70/2278: Loss=1.1963, Cls=0.0081, Reg=0.0000, Con=3.9607
2025-09-13 21:06:20,157 - INFO - Batch 80/2278: Loss=1.4435, Cls=0.2553, Reg=0.0000, Con=3.9609
2025-09-13 21:06:21,080 - INFO - Batch 90/2278: Loss=0.0047, Cls=0.0047, Reg=0.0000, Con=0.0000
2025-09-13 21:06:21,999 - INFO - Batch 100/2278: Loss=1.2595, Cls=0.0712, Reg=0.0000, Con=3.9609
2025-09-13 21:06:22,908 - INFO - Batch 110/2278: Loss=1.2067, Cls=0.0185, Reg=0.0000, Con=3.9609
2025-09-13 21:06:23,813 - INFO - Batch 120/2278: Loss=0.1873, Cls=0.1873, Reg=0.0000, Con=0.0000
2025-09-13 21:06:24,714 - INFO - Batch 130/2278: Loss=4.2983, Cls=3.1101, Reg=0.0000, Con=3.9607
2025-09-13 21:06:25,607 - INFO - Batch 140/2278: Loss=2.7122, Cls=1.5240, Reg=0.0000, Con=3.9609
2025-09-13 21:06:26,511 - INFO - Batch 150/2278: Loss=1.8605, Cls=0.6722, Reg=0.0000, Con=3.9611
2025-09-13 21:06:27,414 - INFO - Batch 160/2278: Loss=1.1922, Cls=0.0039, Reg=0.0000, Con=3.9609
2025-09-13 21:06:28,302 - INFO - Batch 170/2278: Loss=0.0000, Cls=0.0000, Reg=0.0000, Con=0.0000
2025-09-13 21:06:29,201 - INFO - Batch 180/2278: Loss=1.2701, Cls=0.0819, Reg=0.0000, Con=3.9609
2025-09-13 21:06:30,100 - INFO - Batch 190/2278: Loss=0.0226, Cls=0.0226, Reg=0.0000, Con=0.0000
2025-09-13 21:06:31,003 - INFO - Batch 200/2278: Loss=1.2320, Cls=0.0438, Reg=0.0000, Con=3.9608
2025-09-13 21:06:31,889 - INFO - Batch 210/2278: Loss=1.1940, Cls=0.0057, Reg=0.0000, Con=3.9609
2025-09-13 21:06:32,782 - INFO - Batch 220/2278: Loss=0.0031, Cls=0.0031, Reg=0.0000, Con=0.0000
2025-09-13 21:06:33,690 - INFO - Batch 230/2278: Loss=1.3849, Cls=1.3849, Reg=0.0000, Con=0.0000
2025-09-13 21:06:34,593 - INFO - Batch 240/2278: Loss=0.0224, Cls=0.0224, Reg=0.0000, Con=0.0000
2025-09-13 21:06:35,491 - INFO - Batch 250/2278: Loss=0.0021, Cls=0.0021, Reg=0.0000, Con=0.0000
2025-09-13 21:06:36,376 - INFO - Batch 260/2278: Loss=0.0165, Cls=0.0165, Reg=0.0000, Con=0.0000
2025-09-13 21:06:37,275 - INFO - Batch 270/2278: Loss=1.1883, Cls=0.0000, Reg=0.0000, Con=3.9608
2025-09-13 21:06:38,173 - INFO - Batch 280/2278: Loss=2.2472, Cls=1.0589, Reg=0.0000, Con=3.9609
2025-09-13 21:06:39,055 - INFO - Batch 290/2278: Loss=1.1940, Cls=0.0057, Reg=0.0000, Con=3.9609
2025-09-13 21:06:39,971 - INFO - Batch 300/2278: Loss=1.1951, Cls=0.0068, Reg=0.0000, Con=3.9609
2025-09-13 21:06:40,872 - INFO - Batch 310/2278: Loss=1.5492, Cls=0.3610, Reg=0.0000, Con=3.9608
2025-09-13 21:06:41,790 - INFO - Batch 320/2278: Loss=0.0000, Cls=0.0000, Reg=0.0000, Con=0.0000
2025-09-13 21:06:42,662 - INFO - Batch 330/2278: Loss=1.2273, Cls=0.0390, Reg=0.0000, Con=3.9609
2025-09-13 21:06:43,531 - INFO - Batch 340/2278: Loss=1.2668, Cls=0.0785, Reg=0.0000, Con=3.9609
2025-09-13 21:06:44,428 - INFO - Batch 350/2278: Loss=1.2113, Cls=0.0231, Reg=0.0000, Con=3.9609
2025-09-13 21:06:45,318 - INFO - Batch 360/2278: Loss=1.1892, Cls=0.0009, Reg=0.0000, Con=3.9609
2025-09-13 21:06:46,187 - INFO - Batch 370/2278: Loss=1.2137, Cls=0.0255, Reg=0.0000, Con=3.9609
2025-09-13 21:06:47,063 - INFO - Batch 380/2278: Loss=1.2200, Cls=0.0317, Reg=0.0000, Con=3.9608
2025-09-13 21:06:47,990 - INFO - Batch 390/2278: Loss=1.3432, Cls=0.1549, Reg=0.0000, Con=3.9609
2025-09-13 21:06:48,911 - INFO - Batch 400/2278: Loss=0.0000, Cls=0.0000, Reg=0.0000, Con=0.0000
2025-09-13 21:06:49,830 - INFO - Batch 410/2278: Loss=1.2002, Cls=0.0120, Reg=0.0000, Con=3.9608
2025-09-13 21:06:50,745 - INFO - Batch 420/2278: Loss=0.0235, Cls=0.0235, Reg=0.0000, Con=0.0000
2025-09-13 21:06:51,647 - INFO - Batch 430/2278: Loss=0.2942, Cls=0.2942, Reg=0.0000, Con=0.0000
2025-09-13 21:06:52,522 - INFO - Batch 440/2278: Loss=1.3676, Cls=0.1794, Reg=0.0000, Con=3.9608
2025-09-13 21:06:53,401 - INFO - Batch 450/2278: Loss=4.1785, Cls=2.9903, Reg=0.0000, Con=3.9607
2025-09-13 21:06:54,278 - INFO - Batch 460/2278: Loss=0.0035, Cls=0.0035, Reg=0.0000, Con=0.0000
2025-09-13 21:06:55,181 - INFO - Batch 470/2278: Loss=1.7509, Cls=0.5626, Reg=0.0000, Con=3.9608
2025-09-13 21:06:56,079 - INFO - Batch 480/2278: Loss=0.0000, Cls=0.0000, Reg=0.0000, Con=0.0000
2025-09-13 21:06:56,976 - INFO - Batch 490/2278: Loss=1.2185, Cls=0.0302, Reg=0.0000, Con=3.9610
2025-09-13 21:06:57,862 - INFO - Batch 500/2278: Loss=1.2074, Cls=0.0192, Reg=0.0000, Con=3.9607
2025-09-13 21:06:58,776 - INFO - Batch 510/2278: Loss=1.1882, Cls=0.0000, Reg=0.0000, Con=3.9607
2025-09-13 21:06:59,685 - INFO - Batch 520/2278: Loss=3.2976, Cls=2.1094, Reg=0.0000, Con=3.9607
2025-09-13 21:07:00,583 - INFO - Batch 530/2278: Loss=1.2744, Cls=0.0862, Reg=0.0000, Con=3.9608
2025-09-13 21:07:01,452 - INFO - Batch 540/2278: Loss=1.1891, Cls=0.0008, Reg=0.0000, Con=3.9610
2025-09-13 21:07:02,320 - INFO - Batch 550/2278: Loss=1.3217, Cls=0.1335, Reg=0.0000, Con=3.9607
2025-09-13 21:07:03,214 - INFO - Batch 560/2278: Loss=0.9681, Cls=0.9681, Reg=0.0000, Con=0.0000
2025-09-13 21:07:04,121 - INFO - Batch 570/2278: Loss=1.1882, Cls=0.0000, Reg=0.0000, Con=3.9608
2025-09-13 21:07:05,011 - INFO - Batch 580/2278: Loss=0.0762, Cls=0.0762, Reg=0.0000, Con=0.0000
2025-09-13 21:07:05,889 - INFO - Batch 590/2278: Loss=1.1882, Cls=0.0000, Reg=0.0000, Con=3.9608
2025-09-13 21:07:06,761 - INFO - Batch 600/2278: Loss=0.0000, Cls=0.0000, Reg=0.0000, Con=0.0000
2025-09-13 21:07:07,656 - INFO - Batch 610/2278: Loss=1.2196, Cls=0.0314, Reg=0.0000, Con=3.9608
2025-09-13 21:07:08,533 - INFO - Batch 620/2278: Loss=1.1882, Cls=0.0000, Reg=0.0000, Con=3.9608
2025-09-13 21:07:09,423 - INFO - Batch 630/2278: Loss=0.0258, Cls=0.0258, Reg=0.0000, Con=0.0000
2025-09-13 21:07:10,344 - INFO - Batch 640/2278: Loss=0.0098, Cls=0.0098, Reg=0.0000, Con=0.0000
2025-09-13 21:07:11,226 - INFO - Batch 650/2278: Loss=0.0000, Cls=0.0000, Reg=0.0000, Con=0.0000
2025-09-13 21:07:12,116 - INFO - Batch 660/2278: Loss=1.2090, Cls=0.0208, Reg=0.0000, Con=3.9607
2025-09-13 21:07:13,025 - INFO - Batch 670/2278: Loss=1.2024, Cls=0.0141, Reg=0.0000, Con=3.9609
2025-09-13 21:07:13,916 - INFO - Batch 680/2278: Loss=2.0373, Cls=0.8490, Reg=0.0000, Con=3.9608
2025-09-13 21:07:14,817 - INFO - Batch 690/2278: Loss=1.1885, Cls=0.0001, Reg=0.0000, Con=3.9613
2025-09-13 21:07:15,726 - INFO - Batch 700/2278: Loss=0.6273, Cls=0.6273, Reg=0.0000, Con=0.0000
2025-09-13 21:07:16,621 - INFO - Batch 710/2278: Loss=1.2257, Cls=0.0374, Reg=0.0000, Con=3.9610
2025-09-13 21:07:17,492 - INFO - Batch 720/2278: Loss=1.1883, Cls=0.0000, Reg=0.0000, Con=3.9609
2025-09-13 21:07:18,377 - INFO - Batch 730/2278: Loss=1.1992, Cls=0.0108, Reg=0.0000, Con=3.9612
2025-09-13 21:07:19,250 - INFO - Batch 740/2278: Loss=1.9739, Cls=0.7856, Reg=0.0000, Con=3.9610
2025-09-13 21:07:20,132 - INFO - Batch 750/2278: Loss=0.0092, Cls=0.0092, Reg=0.0000, Con=0.0000
2025-09-13 21:07:21,005 - INFO - Batch 760/2278: Loss=0.0589, Cls=0.0589, Reg=0.0000, Con=0.0000
2025-09-13 21:07:21,888 - INFO - Batch 770/2278: Loss=5.0489, Cls=3.8606, Reg=0.0000, Con=3.9608
2025-09-13 21:07:22,788 - INFO - Batch 780/2278: Loss=0.0050, Cls=0.0050, Reg=0.0000, Con=0.0000
2025-09-13 21:07:23,675 - INFO - Batch 790/2278: Loss=1.6804, Cls=0.4921, Reg=0.0000, Con=3.9609
2025-09-13 21:07:24,589 - INFO - Batch 800/2278: Loss=0.0003, Cls=0.0003, Reg=0.0000, Con=0.0000
2025-09-13 21:07:25,475 - INFO - Batch 810/2278: Loss=0.0000, Cls=0.0000, Reg=0.0000, Con=0.0000
2025-09-13 21:07:26,362 - INFO - Batch 820/2278: Loss=1.7154, Cls=0.5271, Reg=0.0000, Con=3.9608
2025-09-13 21:07:27,277 - INFO - Batch 830/2278: Loss=1.1939, Cls=0.0057, Reg=0.0000, Con=3.9607
2025-09-13 21:07:28,182 - INFO - Batch 840/2278: Loss=1.2129, Cls=0.0247, Reg=0.0000, Con=3.9608
2025-09-13 21:07:29,090 - INFO - Batch 850/2278: Loss=0.0047, Cls=0.0047, Reg=0.0000, Con=0.0000
2025-09-13 21:07:30,004 - INFO - Batch 860/2278: Loss=1.1962, Cls=0.0080, Reg=0.0000, Con=3.9608
2025-09-13 21:07:30,893 - INFO - Batch 870/2278: Loss=0.0149, Cls=0.0149, Reg=0.0000, Con=0.0000
2025-09-13 21:07:31,784 - INFO - Batch 880/2278: Loss=0.0033, Cls=0.0033, Reg=0.0000, Con=0.0000
2025-09-13 21:07:32,684 - INFO - Batch 890/2278: Loss=1.7549, Cls=0.5666, Reg=0.0000, Con=3.9609
2025-09-13 21:07:33,601 - INFO - Batch 900/2278: Loss=0.0499, Cls=0.0499, Reg=0.0000, Con=0.0000
2025-09-13 21:07:34,484 - INFO - Batch 910/2278: Loss=4.4702, Cls=4.4702, Reg=0.0000, Con=0.0000
2025-09-13 21:07:35,377 - INFO - Batch 920/2278: Loss=1.1893, Cls=0.0010, Reg=0.0000, Con=3.9611
2025-09-13 21:07:36,262 - INFO - Batch 930/2278: Loss=1.2013, Cls=0.0130, Reg=0.0000, Con=3.9609
2025-09-13 21:07:37,163 - INFO - Batch 940/2278: Loss=0.0071, Cls=0.0071, Reg=0.0000, Con=0.0000
2025-09-13 21:07:38,057 - INFO - Batch 950/2278: Loss=0.0639, Cls=0.0639, Reg=0.0000, Con=0.0000
2025-09-13 21:07:39,009 - INFO - Batch 960/2278: Loss=0.0000, Cls=0.0000, Reg=0.0000, Con=0.0000
2025-09-13 21:07:39,921 - INFO - Batch 970/2278: Loss=0.0466, Cls=0.0466, Reg=0.0000, Con=0.0000
2025-09-13 21:07:40,802 - INFO - Batch 980/2278: Loss=1.6565, Cls=0.4683, Reg=0.0000, Con=3.9609
2025-09-13 21:07:41,690 - INFO - Batch 990/2278: Loss=1.1882, Cls=0.0000, Reg=0.0000, Con=3.9606
2025-09-13 21:07:42,583 - INFO - Batch 1000/2278: Loss=1.2132, Cls=0.0249, Reg=0.0000, Con=3.9609
2025-09-13 21:07:43,465 - INFO - Batch 1010/2278: Loss=1.1883, Cls=0.0000, Reg=0.0000, Con=3.9609
2025-09-13 21:07:44,332 - INFO - Batch 1020/2278: Loss=3.2067, Cls=2.0182, Reg=0.0000, Con=3.9615
2025-09-13 21:07:45,204 - INFO - Batch 1030/2278: Loss=2.6102, Cls=1.4219, Reg=0.0000, Con=3.9608
2025-09-13 21:07:46,092 - INFO - Batch 1040/2278: Loss=1.1882, Cls=0.0000, Reg=0.0000, Con=3.9608
2025-09-13 21:07:46,992 - INFO - Batch 1050/2278: Loss=1.1950, Cls=0.0066, Reg=0.0000, Con=3.9611
2025-09-13 21:07:47,865 - INFO - Batch 1060/2278: Loss=1.2290, Cls=0.0406, Reg=0.0000, Con=3.9612
2025-09-13 21:07:48,748 - INFO - Batch 1070/2278: Loss=1.1895, Cls=0.0012, Reg=0.0000, Con=3.9609
2025-09-13 21:07:49,663 - INFO - Batch 1080/2278: Loss=1.2267, Cls=0.0385, Reg=0.0000, Con=3.9609
2025-09-13 21:07:50,634 - INFO - Batch 1090/2278: Loss=1.1993, Cls=0.0110, Reg=0.0000, Con=3.9608
2025-09-13 21:07:51,526 - INFO - Batch 1100/2278: Loss=1.1891, Cls=0.0009, Reg=0.0000, Con=3.9608
2025-09-13 21:07:52,404 - INFO - Batch 1110/2278: Loss=1.1884, Cls=0.0002, Reg=0.0000, Con=3.9608
2025-09-13 21:07:53,303 - INFO - Batch 1120/2278: Loss=1.2184, Cls=0.0302, Reg=0.0000, Con=3.9608
2025-09-13 21:07:54,185 - INFO - Batch 1130/2278: Loss=0.0002, Cls=0.0002, Reg=0.0000, Con=0.0000
2025-09-13 21:07:55,089 - INFO - Batch 1140/2278: Loss=0.0015, Cls=0.0015, Reg=0.0000, Con=0.0000
2025-09-13 21:07:55,998 - INFO - Batch 1150/2278: Loss=2.4296, Cls=1.2413, Reg=0.0000, Con=3.9609
2025-09-13 21:07:56,875 - INFO - Batch 1160/2278: Loss=1.1882, Cls=0.0000, Reg=0.0000, Con=3.9607
2025-09-13 21:07:57,774 - INFO - Batch 1170/2278: Loss=0.9165, Cls=0.9165, Reg=0.0000, Con=0.0000
2025-09-13 21:07:58,686 - INFO - Batch 1180/2278: Loss=1.1897, Cls=0.0014, Reg=0.0000, Con=3.9609
2025-09-13 21:07:59,586 - INFO - Batch 1190/2278: Loss=1.9243, Cls=0.7360, Reg=0.0000, Con=3.9610
2025-09-13 21:08:00,501 - INFO - Batch 1200/2278: Loss=1.1890, Cls=0.0007, Reg=0.0000, Con=3.9609
2025-09-13 21:08:01,401 - INFO - Batch 1210/2278: Loss=1.2013, Cls=0.0131, Reg=0.0000, Con=3.9608
2025-09-13 21:08:02,310 - INFO - Batch 1220/2278: Loss=2.5019, Cls=2.5019, Reg=0.0000, Con=0.0000
2025-09-13 21:08:03,211 - INFO - Batch 1230/2278: Loss=1.5378, Cls=0.3495, Reg=0.0000, Con=3.9609
2025-09-13 21:08:04,082 - INFO - Batch 1240/2278: Loss=1.2551, Cls=0.0668, Reg=0.0000, Con=3.9609
2025-09-13 21:08:04,960 - INFO - Batch 1250/2278: Loss=0.0004, Cls=0.0004, Reg=0.0000, Con=0.0000
2025-09-13 21:08:05,849 - INFO - Batch 1260/2278: Loss=1.1907, Cls=0.0025, Reg=0.0000, Con=3.9607
2025-09-13 21:08:06,725 - INFO - Batch 1270/2278: Loss=0.0027, Cls=0.0027, Reg=0.0000, Con=0.0000
2025-09-13 21:08:07,584 - INFO - Batch 1280/2278: Loss=1.2827, Cls=0.0945, Reg=0.0000, Con=3.9608
2025-09-13 21:08:08,557 - INFO - Batch 1290/2278: Loss=1.1975, Cls=0.0093, Reg=0.0000, Con=3.9610
2025-09-13 21:08:09,456 - INFO - Batch 1300/2278: Loss=2.3912, Cls=1.2029, Reg=0.0000, Con=3.9610
2025-09-13 21:08:10,349 - INFO - Batch 1310/2278: Loss=0.0000, Cls=0.0000, Reg=0.0000, Con=0.0000
2025-09-13 21:08:11,262 - INFO - Batch 1320/2278: Loss=1.3003, Cls=0.1121, Reg=0.0000, Con=3.9609
2025-09-13 21:08:12,164 - INFO - Batch 1330/2278: Loss=1.1919, Cls=0.0037, Reg=0.0000, Con=3.9609
2025-09-13 21:08:13,088 - INFO - Batch 1340/2278: Loss=0.0041, Cls=0.0041, Reg=0.0000, Con=0.0000
2025-09-13 21:08:13,977 - INFO - Batch 1350/2278: Loss=5.9992, Cls=5.9992, Reg=0.0000, Con=0.0000
2025-09-13 21:08:14,875 - INFO - Batch 1360/2278: Loss=1.2256, Cls=0.0374, Reg=0.0000, Con=3.9608
2025-09-13 21:08:15,778 - INFO - Batch 1370/2278: Loss=1.4785, Cls=0.2903, Reg=0.0000, Con=3.9608
2025-09-13 21:08:16,671 - INFO - Batch 1380/2278: Loss=1.1893, Cls=0.0010, Reg=0.0000, Con=3.9609
2025-09-13 21:08:17,567 - INFO - Batch 1390/2278: Loss=1.1926, Cls=0.0043, Reg=0.0000, Con=3.9608
2025-09-13 21:08:18,487 - INFO - Batch 1400/2278: Loss=0.0689, Cls=0.0689, Reg=0.0000, Con=0.0000
2025-09-13 21:08:19,399 - INFO - Batch 1410/2278: Loss=1.2559, Cls=0.0676, Reg=0.0000, Con=3.9608
2025-09-13 21:08:20,298 - INFO - Batch 1420/2278: Loss=3.3325, Cls=3.3325, Reg=0.0000, Con=0.0000
2025-09-13 21:08:21,199 - INFO - Batch 1430/2278: Loss=0.0037, Cls=0.0037, Reg=0.0000, Con=0.0000
2025-09-13 21:08:22,087 - INFO - Batch 1440/2278: Loss=1.1921, Cls=0.0037, Reg=0.0000, Con=3.9613
2025-09-13 21:08:22,973 - INFO - Batch 1450/2278: Loss=0.0000, Cls=0.0000, Reg=0.0000, Con=0.0000
2025-09-13 21:08:23,863 - INFO - Batch 1460/2278: Loss=1.1945, Cls=0.0062, Reg=0.0000, Con=3.9609
2025-09-13 21:08:24,767 - INFO - Batch 1470/2278: Loss=1.9610, Cls=0.7727, Reg=0.0000, Con=3.9608
2025-09-13 21:08:25,709 - INFO - Batch 1480/2278: Loss=0.0023, Cls=0.0023, Reg=0.0000, Con=0.0000
2025-09-13 21:08:26,712 - INFO - Batch 1490/2278: Loss=0.0311, Cls=0.0311, Reg=0.0000, Con=0.0000
2025-09-13 21:08:27,667 - INFO - Batch 1500/2278: Loss=0.0161, Cls=0.0161, Reg=0.0000, Con=0.0000
2025-09-13 21:08:28,574 - INFO - Batch 1510/2278: Loss=1.1883, Cls=0.0000, Reg=0.0000, Con=3.9608
2025-09-13 21:08:29,495 - INFO - Batch 1520/2278: Loss=1.1966, Cls=0.0084, Reg=0.0000, Con=3.9608
2025-09-13 21:08:30,396 - INFO - Batch 1530/2278: Loss=1.1932, Cls=0.0049, Reg=0.0000, Con=3.9609
2025-09-13 21:08:31,305 - INFO - Batch 1540/2278: Loss=0.0024, Cls=0.0024, Reg=0.0000, Con=0.0000
2025-09-13 21:08:32,207 - INFO - Batch 1550/2278: Loss=1.3651, Cls=0.1769, Reg=0.0000, Con=3.9609
2025-09-13 21:08:33,126 - INFO - Batch 1560/2278: Loss=2.2556, Cls=1.0674, Reg=0.0000, Con=3.9608
2025-09-13 21:08:34,008 - INFO - Batch 1570/2278: Loss=1.2029, Cls=0.0146, Reg=0.0000, Con=3.9609
2025-09-13 21:08:34,901 - INFO - Batch 1580/2278: Loss=0.0026, Cls=0.0026, Reg=0.0000, Con=0.0000
2025-09-13 21:08:35,823 - INFO - Batch 1590/2278: Loss=0.0044, Cls=0.0044, Reg=0.0000, Con=0.0000
2025-09-13 21:08:36,740 - INFO - Batch 1600/2278: Loss=1.2907, Cls=0.1025, Reg=0.0000, Con=3.9609
2025-09-13 21:08:37,654 - INFO - Batch 1610/2278: Loss=0.0008, Cls=0.0008, Reg=0.0000, Con=0.0000
2025-09-13 21:08:38,592 - INFO - Batch 1620/2278: Loss=1.1904, Cls=0.0022, Reg=0.0000, Con=3.9609
2025-09-13 21:08:39,482 - INFO - Batch 1630/2278: Loss=0.0004, Cls=0.0004, Reg=0.0000, Con=0.0000
2025-09-13 21:08:40,398 - INFO - Batch 1640/2278: Loss=1.1883, Cls=0.0000, Reg=0.0000, Con=3.9609
2025-09-13 21:08:41,307 - INFO - Batch 1650/2278: Loss=0.0006, Cls=0.0006, Reg=0.0000, Con=0.0000
2025-09-13 21:08:42,214 - INFO - Batch 1660/2278: Loss=1.1905, Cls=0.0023, Reg=0.0000, Con=3.9607
2025-09-13 21:08:43,137 - INFO - Batch 1670/2278: Loss=1.1888, Cls=0.0006, Reg=0.0000, Con=3.9608
2025-09-13 21:08:44,047 - INFO - Batch 1680/2278: Loss=1.2539, Cls=0.0654, Reg=0.0000, Con=3.9615
2025-09-13 21:08:44,983 - INFO - Batch 1690/2278: Loss=0.0039, Cls=0.0039, Reg=0.0000, Con=0.0000
2025-09-13 21:08:45,900 - INFO - Batch 1700/2278: Loss=1.1882, Cls=0.0000, Reg=0.0000, Con=3.9608
2025-09-13 21:08:46,807 - INFO - Batch 1710/2278: Loss=1.1883, Cls=0.0000, Reg=0.0000, Con=3.9612
2025-09-13 21:08:47,702 - INFO - Batch 1720/2278: Loss=2.1867, Cls=0.9984, Reg=0.0000, Con=3.9610
2025-09-13 21:08:48,636 - INFO - Batch 1730/2278: Loss=1.2026, Cls=0.0144, Reg=0.0000, Con=3.9609
2025-09-13 21:08:49,531 - INFO - Batch 1740/2278: Loss=1.4087, Cls=0.2204, Reg=0.0000, Con=3.9610
2025-09-13 21:08:50,486 - INFO - Batch 1750/2278: Loss=1.1921, Cls=0.0039, Reg=0.0000, Con=3.9609
2025-09-13 21:08:51,431 - INFO - Batch 1760/2278: Loss=1.1951, Cls=0.0069, Reg=0.0000, Con=3.9608
2025-09-13 21:08:52,354 - INFO - Batch 1770/2278: Loss=1.3386, Cls=0.1504, Reg=0.0000, Con=3.9610
2025-09-13 21:08:53,258 - INFO - Batch 1780/2278: Loss=1.3127, Cls=0.1245, Reg=0.0000, Con=3.9609
2025-09-13 21:08:54,158 - INFO - Batch 1790/2278: Loss=5.2487, Cls=4.0605, Reg=0.0000, Con=3.9608
2025-09-13 21:08:55,074 - INFO - Batch 1800/2278: Loss=1.5486, Cls=0.3604, Reg=0.0000, Con=3.9609
2025-09-13 21:08:55,954 - INFO - Batch 1810/2278: Loss=6.4395, Cls=5.2512, Reg=0.0000, Con=3.9610
2025-09-13 21:08:56,848 - INFO - Batch 1820/2278: Loss=1.2002, Cls=0.0120, Reg=0.0000, Con=3.9608
2025-09-13 21:08:57,751 - INFO - Batch 1830/2278: Loss=1.1885, Cls=0.0000, Reg=0.0000, Con=3.9615
2025-09-13 21:08:58,672 - INFO - Batch 1840/2278: Loss=1.2040, Cls=0.0158, Reg=0.0000, Con=3.9609
2025-09-13 21:08:59,593 - INFO - Batch 1850/2278: Loss=1.1972, Cls=0.0089, Reg=0.0000, Con=3.9608
2025-09-13 21:09:00,510 - INFO - Batch 1860/2278: Loss=1.0706, Cls=1.0706, Reg=0.0000, Con=0.0000
2025-09-13 21:09:01,419 - INFO - Batch 1870/2278: Loss=2.2839, Cls=1.0957, Reg=0.0000, Con=3.9608
2025-09-13 21:09:02,332 - INFO - Batch 1880/2278: Loss=1.6888, Cls=0.5005, Reg=0.0000, Con=3.9610
2025-09-13 21:09:03,254 - INFO - Batch 1890/2278: Loss=0.0596, Cls=0.0596, Reg=0.0000, Con=0.0000
2025-09-13 21:09:04,164 - INFO - Batch 1900/2278: Loss=1.1928, Cls=0.0046, Reg=0.0000, Con=3.9607
2025-09-13 21:09:05,072 - INFO - Batch 1910/2278: Loss=1.2067, Cls=0.0185, Reg=0.0000, Con=3.9607
2025-09-13 21:09:06,007 - INFO - Batch 1920/2278: Loss=1.3454, Cls=0.1571, Reg=0.0000, Con=3.9608
2025-09-13 21:09:06,948 - INFO - Batch 1930/2278: Loss=0.0004, Cls=0.0004, Reg=0.0000, Con=0.0000
2025-09-13 21:09:07,846 - INFO - Batch 1940/2278: Loss=1.2095, Cls=0.0213, Reg=0.0000, Con=3.9607
2025-09-13 21:09:08,746 - INFO - Batch 1950/2278: Loss=1.1888, Cls=0.0005, Reg=0.0000, Con=3.9609
2025-09-13 21:09:09,687 - INFO - Batch 1960/2278: Loss=1.1900, Cls=0.0018, Reg=0.0000, Con=3.9609
2025-09-13 21:09:10,613 - INFO - Batch 1970/2278: Loss=1.1920, Cls=0.0038, Reg=0.0000, Con=3.9606
2025-09-13 21:09:11,516 - INFO - Batch 1980/2278: Loss=2.0319, Cls=0.8436, Reg=0.0000, Con=3.9608
2025-09-13 21:09:12,440 - INFO - Batch 1990/2278: Loss=1.0595, Cls=1.0595, Reg=0.0000, Con=0.0000
2025-09-13 21:09:13,320 - INFO - Batch 2000/2278: Loss=1.5506, Cls=0.3624, Reg=0.0000, Con=3.9607
2025-09-13 21:09:14,236 - INFO - Batch 2010/2278: Loss=1.4385, Cls=0.2502, Reg=0.0000, Con=3.9608
2025-09-13 21:09:15,156 - INFO - Batch 2020/2278: Loss=0.0095, Cls=0.0095, Reg=0.0000, Con=0.0000
2025-09-13 21:09:16,049 - INFO - Batch 2030/2278: Loss=1.1907, Cls=0.0024, Reg=0.0000, Con=3.9610
2025-09-13 21:09:16,982 - INFO - Batch 2040/2278: Loss=1.1927, Cls=0.0044, Reg=0.0000, Con=3.9608
2025-09-13 21:09:17,878 - INFO - Batch 2050/2278: Loss=0.0042, Cls=0.0042, Reg=0.0000, Con=0.0000
2025-09-13 21:09:18,781 - INFO - Batch 2060/2278: Loss=1.1997, Cls=0.0113, Reg=0.0000, Con=3.9615
2025-09-13 21:09:19,694 - INFO - Batch 2070/2278: Loss=1.1906, Cls=0.0023, Reg=0.0000, Con=3.9608
2025-09-13 21:09:20,597 - INFO - Batch 2080/2278: Loss=1.5936, Cls=1.5936, Reg=0.0000, Con=0.0000
2025-09-13 21:09:21,527 - INFO - Batch 2090/2278: Loss=2.6979, Cls=1.5096, Reg=0.0000, Con=3.9608
2025-09-13 21:09:22,431 - INFO - Batch 2100/2278: Loss=0.0075, Cls=0.0075, Reg=0.0000, Con=0.0000
2025-09-13 21:09:23,348 - INFO - Batch 2110/2278: Loss=0.0066, Cls=0.0066, Reg=0.0000, Con=0.0000
2025-09-13 21:09:24,257 - INFO - Batch 2120/2278: Loss=1.2558, Cls=0.0675, Reg=0.0000, Con=3.9609
2025-09-13 21:09:25,173 - INFO - Batch 2130/2278: Loss=1.1896, Cls=0.0014, Reg=0.0000, Con=3.9608
2025-09-13 21:09:26,091 - INFO - Batch 2140/2278: Loss=0.0069, Cls=0.0069, Reg=0.0000, Con=0.0000
2025-09-13 21:09:26,978 - INFO - Batch 2150/2278: Loss=2.7886, Cls=1.6002, Reg=0.0000, Con=3.9610
2025-09-13 21:09:27,868 - INFO - Batch 2160/2278: Loss=1.3457, Cls=0.1575, Reg=0.0000, Con=3.9608
2025-09-13 21:09:28,760 - INFO - Batch 2170/2278: Loss=2.1731, Cls=0.9849, Reg=0.0000, Con=3.9608
2025-09-13 21:09:29,663 - INFO - Batch 2180/2278: Loss=1.1927, Cls=0.0044, Reg=0.0000, Con=3.9608
2025-09-13 21:09:30,551 - INFO - Batch 2190/2278: Loss=1.1883, Cls=0.0000, Reg=0.0000, Con=3.9610
2025-09-13 21:09:31,444 - INFO - Batch 2200/2278: Loss=1.1887, Cls=0.0005, Reg=0.0000, Con=3.9608
2025-09-13 21:09:32,350 - INFO - Batch 2210/2278: Loss=1.1928, Cls=0.0044, Reg=0.0000, Con=3.9613
2025-09-13 21:09:33,257 - INFO - Batch 2220/2278: Loss=0.0146, Cls=0.0146, Reg=0.0000, Con=0.0000
2025-09-13 21:09:34,180 - INFO - Batch 2230/2278: Loss=0.0232, Cls=0.0232, Reg=0.0000, Con=0.0000
2025-09-13 21:09:35,099 - INFO - Batch 2240/2278: Loss=1.1882, Cls=0.0000, Reg=0.0000, Con=3.9608
2025-09-13 21:09:36,004 - INFO - Batch 2250/2278: Loss=0.0025, Cls=0.0025, Reg=0.0000, Con=0.0000
2025-09-13 21:09:36,925 - INFO - Batch 2260/2278: Loss=2.2131, Cls=1.0248, Reg=0.0000, Con=3.9609
2025-09-13 21:09:37,842 - INFO - Batch 2270/2278: Loss=1.1898, Cls=0.0016, Reg=0.0000, Con=3.9606
2025-09-13 21:13:08,027 - INFO - === Epoch 2 Results ===
2025-09-13 21:13:08,027 - INFO - Training Loss: 1.1331 (Classification: 0.3397, Regression: 0.0000)
2025-09-13 21:13:08,027 - INFO - Validation Loss: 0.1196 (Classification: 0.1196, Regression: 0.0000)
2025-09-13 21:13:08,027 - INFO - Average Classification Accuracy: 0.8384 (on 1/26 tasks)
2025-09-13 21:13:08,027 - INFO - Average AUC: 0.8266
2025-09-13 21:13:08,027 - INFO - 
Epoch 3/3
2025-09-13 21:13:08,128 - INFO - Batch 0/2278: Loss=1.1928, Cls=0.0046, Reg=0.0000, Con=3.9608
2025-09-13 21:13:09,049 - INFO - Batch 10/2278: Loss=1.2038, Cls=0.0155, Reg=0.0000, Con=3.9611
2025-09-13 21:13:09,980 - INFO - Batch 20/2278: Loss=1.2388, Cls=0.0505, Reg=0.0000, Con=3.9608
2025-09-13 21:13:11,052 - INFO - Batch 30/2278: Loss=0.0000, Cls=0.0000, Reg=0.0000, Con=0.0000
2025-09-13 21:13:11,987 - INFO - Batch 40/2278: Loss=1.1882, Cls=0.0000, Reg=0.0000, Con=3.9608
2025-09-13 21:13:12,894 - INFO - Batch 50/2278: Loss=1.1883, Cls=0.0000, Reg=0.0000, Con=3.9609
2025-09-13 21:13:13,806 - INFO - Batch 60/2278: Loss=1.2002, Cls=0.0119, Reg=0.0000, Con=3.9607
2025-09-13 21:13:14,748 - INFO - Batch 70/2278: Loss=4.3455, Cls=3.1573, Reg=0.0000, Con=3.9608
2025-09-13 21:13:15,636 - INFO - Batch 80/2278: Loss=1.2198, Cls=1.2198, Reg=0.0000, Con=0.0000
2025-09-13 21:13:16,532 - INFO - Batch 90/2278: Loss=1.2075, Cls=0.0192, Reg=0.0000, Con=3.9609
2025-09-13 21:13:17,437 - INFO - Batch 100/2278: Loss=2.1923, Cls=1.0041, Reg=0.0000, Con=3.9607
2025-09-13 21:13:18,368 - INFO - Batch 110/2278: Loss=1.4562, Cls=0.2677, Reg=0.0000, Con=3.9618
2025-09-13 21:13:19,273 - INFO - Batch 120/2278: Loss=1.4513, Cls=0.2631, Reg=0.0000, Con=3.9609
2025-09-13 21:13:20,192 - INFO - Batch 130/2278: Loss=1.1893, Cls=0.0011, Reg=0.0000, Con=3.9607
2025-09-13 21:13:21,137 - INFO - Batch 140/2278: Loss=0.0000, Cls=0.0000, Reg=0.0000, Con=0.0000
2025-09-13 21:13:22,036 - INFO - Batch 150/2278: Loss=1.1970, Cls=0.0088, Reg=0.0000, Con=3.9608
2025-09-13 21:13:22,939 - INFO - Batch 160/2278: Loss=0.0054, Cls=0.0054, Reg=0.0000, Con=0.0000
2025-09-13 21:13:23,842 - INFO - Batch 170/2278: Loss=1.1912, Cls=0.0029, Reg=0.0000, Con=3.9609
2025-09-13 21:13:24,744 - INFO - Batch 180/2278: Loss=1.1883, Cls=0.0000, Reg=0.0000, Con=3.9611
2025-09-13 21:13:25,645 - INFO - Batch 190/2278: Loss=1.5239, Cls=0.3357, Reg=0.0000, Con=3.9607
2025-09-13 21:13:26,538 - INFO - Batch 200/2278: Loss=0.0441, Cls=0.0441, Reg=0.0000, Con=0.0000
2025-09-13 21:13:27,451 - INFO - Batch 210/2278: Loss=1.2141, Cls=0.0258, Reg=0.0000, Con=3.9612
2025-09-13 21:13:28,345 - INFO - Batch 220/2278: Loss=1.1892, Cls=0.0009, Reg=0.0000, Con=3.9608
2025-09-13 21:13:29,265 - INFO - Batch 230/2278: Loss=1.2068, Cls=0.0185, Reg=0.0000, Con=3.9611
2025-09-13 21:13:30,215 - INFO - Batch 240/2278: Loss=1.1948, Cls=0.0066, Reg=0.0000, Con=3.9607
2025-09-13 21:13:31,126 - INFO - Batch 250/2278: Loss=1.1885, Cls=0.0003, Reg=0.0000, Con=3.9609
2025-09-13 21:13:32,017 - INFO - Batch 260/2278: Loss=1.2019, Cls=0.0136, Reg=0.0000, Con=3.9608
2025-09-13 21:13:32,948 - INFO - Batch 270/2278: Loss=1.9750, Cls=0.7868, Reg=0.0000, Con=3.9607
2025-09-13 21:13:33,858 - INFO - Batch 280/2278: Loss=1.2096, Cls=0.0213, Reg=0.0000, Con=3.9608
2025-09-13 21:13:34,770 - INFO - Batch 290/2278: Loss=1.6383, Cls=0.4501, Reg=0.0000, Con=3.9608
2025-09-13 21:13:35,658 - INFO - Batch 300/2278: Loss=1.1885, Cls=0.0003, Reg=0.0000, Con=3.9607
2025-09-13 21:13:36,582 - INFO - Batch 310/2278: Loss=1.2072, Cls=0.0189, Reg=0.0000, Con=3.9610
2025-09-13 21:13:37,509 - INFO - Batch 320/2278: Loss=1.1896, Cls=0.0013, Reg=0.0000, Con=3.9612
2025-09-13 21:13:38,379 - INFO - Batch 330/2278: Loss=0.5032, Cls=0.5032, Reg=0.0000, Con=0.0000
2025-09-13 21:13:39,287 - INFO - Batch 340/2278: Loss=0.0040, Cls=0.0040, Reg=0.0000, Con=0.0000
2025-09-13 21:13:40,202 - INFO - Batch 350/2278: Loss=1.5857, Cls=0.3973, Reg=0.0000, Con=3.9612
2025-09-13 21:13:41,112 - INFO - Batch 360/2278: Loss=1.3068, Cls=0.1184, Reg=0.0000, Con=3.9611
2025-09-13 21:13:42,011 - INFO - Batch 370/2278: Loss=1.1909, Cls=0.0027, Reg=0.0000, Con=3.9608
2025-09-13 21:13:42,928 - INFO - Batch 380/2278: Loss=1.2128, Cls=0.0245, Reg=0.0000, Con=3.9608
2025-09-13 21:13:43,870 - INFO - Batch 390/2278: Loss=1.2375, Cls=0.0492, Reg=0.0000, Con=3.9609
2025-09-13 21:13:44,869 - INFO - Batch 400/2278: Loss=0.0045, Cls=0.0045, Reg=0.0000, Con=0.0000
2025-09-13 21:13:45,791 - INFO - Batch 410/2278: Loss=1.1925, Cls=0.0042, Reg=0.0000, Con=3.9609
2025-09-13 21:13:46,692 - INFO - Batch 420/2278: Loss=1.1883, Cls=0.0000, Reg=0.0000, Con=3.9609
2025-09-13 21:13:47,597 - INFO - Batch 430/2278: Loss=1.2076, Cls=0.0191, Reg=0.0000, Con=3.9614
2025-09-13 21:13:48,512 - INFO - Batch 440/2278: Loss=0.0000, Cls=0.0000, Reg=0.0000, Con=0.0000
2025-09-13 21:13:49,422 - INFO - Batch 450/2278: Loss=1.1966, Cls=0.0084, Reg=0.0000, Con=3.9608
2025-09-13 21:13:50,307 - INFO - Batch 460/2278: Loss=0.0432, Cls=0.0432, Reg=0.0000, Con=0.0000
2025-09-13 21:13:51,195 - INFO - Batch 470/2278: Loss=0.0026, Cls=0.0026, Reg=0.0000, Con=0.0000
2025-09-13 21:13:52,150 - INFO - Batch 480/2278: Loss=1.3255, Cls=0.1373, Reg=0.0000, Con=3.9609
2025-09-13 21:13:53,064 - INFO - Batch 490/2278: Loss=0.1232, Cls=0.1232, Reg=0.0000, Con=0.0000
2025-09-13 21:13:53,961 - INFO - Batch 500/2278: Loss=0.0041, Cls=0.0041, Reg=0.0000, Con=0.0000
2025-09-13 21:13:54,896 - INFO - Batch 510/2278: Loss=1.1900, Cls=0.0018, Reg=0.0000, Con=3.9608
2025-09-13 21:13:55,818 - INFO - Batch 520/2278: Loss=0.0000, Cls=0.0000, Reg=0.0000, Con=0.0000
2025-09-13 21:13:56,903 - INFO - Batch 530/2278: Loss=2.2687, Cls=1.0804, Reg=0.0000, Con=3.9608
2025-09-13 21:13:57,824 - INFO - Batch 540/2278: Loss=1.1933, Cls=0.0051, Reg=0.0000, Con=3.9609
2025-09-13 21:13:58,732 - INFO - Batch 550/2278: Loss=0.0013, Cls=0.0013, Reg=0.0000, Con=0.0000
2025-09-13 21:13:59,647 - INFO - Batch 560/2278: Loss=1.1932, Cls=0.0049, Reg=0.0000, Con=3.9609
2025-09-13 21:14:00,570 - INFO - Batch 570/2278: Loss=1.1883, Cls=0.0000, Reg=0.0000, Con=3.9608
2025-09-13 21:14:01,519 - INFO - Batch 580/2278: Loss=0.0096, Cls=0.0096, Reg=0.0000, Con=0.0000
2025-09-13 21:14:02,407 - INFO - Batch 590/2278: Loss=1.3404, Cls=0.1522, Reg=0.0000, Con=3.9608
2025-09-13 21:14:03,310 - INFO - Batch 600/2278: Loss=0.0072, Cls=0.0072, Reg=0.0000, Con=0.0000
2025-09-13 21:14:04,194 - INFO - Batch 610/2278: Loss=1.0152, Cls=1.0152, Reg=0.0000, Con=0.0000
2025-09-13 21:14:05,109 - INFO - Batch 620/2278: Loss=1.1882, Cls=0.0000, Reg=0.0000, Con=3.9608
2025-09-13 21:14:06,002 - INFO - Batch 630/2278: Loss=1.1913, Cls=0.0030, Reg=0.0000, Con=3.9611
2025-09-13 21:14:06,949 - INFO - Batch 640/2278: Loss=1.2078, Cls=0.0196, Reg=0.0000, Con=3.9607
2025-09-13 21:14:07,835 - INFO - Batch 650/2278: Loss=1.4781, Cls=0.2898, Reg=0.0000, Con=3.9608
2025-09-13 21:14:08,761 - INFO - Batch 660/2278: Loss=0.0321, Cls=0.0321, Reg=0.0000, Con=0.0000
2025-09-13 21:14:09,656 - INFO - Batch 670/2278: Loss=7.6842, Cls=6.4959, Reg=0.0000, Con=3.9609
2025-09-13 21:14:10,669 - INFO - Batch 680/2278: Loss=0.0023, Cls=0.0023, Reg=0.0000, Con=0.0000
2025-09-13 21:14:11,587 - INFO - Batch 690/2278: Loss=1.2087, Cls=0.0204, Reg=0.0000, Con=3.9609
2025-09-13 21:14:12,515 - INFO - Batch 700/2278: Loss=1.3059, Cls=0.1176, Reg=0.0000, Con=3.9610
2025-09-13 21:14:13,418 - INFO - Batch 710/2278: Loss=1.2007, Cls=0.0124, Reg=0.0000, Con=3.9610
2025-09-13 21:14:14,323 - INFO - Batch 720/2278: Loss=1.2228, Cls=0.0345, Reg=0.0000, Con=3.9610
2025-09-13 21:14:15,230 - INFO - Batch 730/2278: Loss=1.1890, Cls=0.0007, Reg=0.0000, Con=3.9609
2025-09-13 21:14:16,148 - INFO - Batch 740/2278: Loss=1.1894, Cls=0.0012, Reg=0.0000, Con=3.9606
2025-09-13 21:14:17,056 - INFO - Batch 750/2278: Loss=1.1986, Cls=0.0104, Reg=0.0000, Con=3.9606
2025-09-13 21:14:17,962 - INFO - Batch 760/2278: Loss=1.1920, Cls=0.0036, Reg=0.0000, Con=3.9611
2025-09-13 21:14:18,895 - INFO - Batch 770/2278: Loss=1.7086, Cls=0.5203, Reg=0.0000, Con=3.9611
2025-09-13 21:14:19,815 - INFO - Batch 780/2278: Loss=0.0194, Cls=0.0194, Reg=0.0000, Con=0.0000
2025-09-13 21:14:20,711 - INFO - Batch 790/2278: Loss=1.1906, Cls=0.0024, Reg=0.0000, Con=3.9609
2025-09-13 21:14:21,612 - INFO - Batch 800/2278: Loss=1.1884, Cls=0.0000, Reg=0.0000, Con=3.9612
2025-09-13 21:14:22,508 - INFO - Batch 810/2278: Loss=0.0187, Cls=0.0187, Reg=0.0000, Con=0.0000
2025-09-13 21:14:23,426 - INFO - Batch 820/2278: Loss=1.3098, Cls=0.1216, Reg=0.0000, Con=3.9608
2025-09-13 21:14:24,328 - INFO - Batch 830/2278: Loss=1.1894, Cls=0.0012, Reg=0.0000, Con=3.9609
2025-09-13 21:14:25,234 - INFO - Batch 840/2278: Loss=0.0040, Cls=0.0040, Reg=0.0000, Con=0.0000
2025-09-13 21:14:26,178 - INFO - Batch 850/2278: Loss=0.0687, Cls=0.0687, Reg=0.0000, Con=0.0000
2025-09-13 21:14:27,087 - INFO - Batch 860/2278: Loss=2.3936, Cls=1.2053, Reg=0.0000, Con=3.9611
2025-09-13 21:14:28,034 - INFO - Batch 870/2278: Loss=1.1883, Cls=0.0000, Reg=0.0000, Con=3.9609
2025-09-13 21:14:28,927 - INFO - Batch 880/2278: Loss=0.0059, Cls=0.0059, Reg=0.0000, Con=0.0000
2025-09-13 21:14:29,837 - INFO - Batch 890/2278: Loss=1.1906, Cls=0.0024, Reg=0.0000, Con=3.9609
2025-09-13 21:14:30,784 - INFO - Batch 900/2278: Loss=0.0000, Cls=0.0000, Reg=0.0000, Con=0.0000
2025-09-13 21:14:31,676 - INFO - Batch 910/2278: Loss=0.0025, Cls=0.0025, Reg=0.0000, Con=0.0000
2025-09-13 21:14:32,612 - INFO - Batch 920/2278: Loss=0.0083, Cls=0.0083, Reg=0.0000, Con=0.0000
2025-09-13 21:14:33,512 - INFO - Batch 930/2278: Loss=2.9741, Cls=2.9741, Reg=0.0000, Con=0.0000
2025-09-13 21:14:34,432 - INFO - Batch 940/2278: Loss=1.2298, Cls=0.0414, Reg=0.0000, Con=3.9613
2025-09-13 21:14:35,325 - INFO - Batch 950/2278: Loss=0.0221, Cls=0.0221, Reg=0.0000, Con=0.0000
2025-09-13 21:14:36,196 - INFO - Batch 960/2278: Loss=0.0102, Cls=0.0102, Reg=0.0000, Con=0.0000
2025-09-13 21:14:37,127 - INFO - Batch 970/2278: Loss=2.4532, Cls=1.2650, Reg=0.0000, Con=3.9608
2025-09-13 21:14:38,020 - INFO - Batch 980/2278: Loss=1.2496, Cls=0.0613, Reg=0.0000, Con=3.9609
2025-09-13 21:14:38,977 - INFO - Batch 990/2278: Loss=1.5120, Cls=0.3237, Reg=0.0000, Con=3.9609
2025-09-13 21:14:39,870 - INFO - Batch 1000/2278: Loss=1.1908, Cls=0.0025, Reg=0.0000, Con=3.9610
2025-09-13 21:14:40,815 - INFO - Batch 1010/2278: Loss=1.2382, Cls=0.0500, Reg=0.0000, Con=3.9608
2025-09-13 21:14:41,715 - INFO - Batch 1020/2278: Loss=1.2082, Cls=0.0199, Reg=0.0000, Con=3.9608
2025-09-13 21:14:42,614 - INFO - Batch 1030/2278: Loss=0.0105, Cls=0.0105, Reg=0.0000, Con=0.0000
2025-09-13 21:14:43,528 - INFO - Batch 1040/2278: Loss=1.1884, Cls=0.0000, Reg=0.0000, Con=3.9613
2025-09-13 21:14:44,448 - INFO - Batch 1050/2278: Loss=0.0037, Cls=0.0037, Reg=0.0000, Con=0.0000
2025-09-13 21:14:45,362 - INFO - Batch 1060/2278: Loss=1.2038, Cls=0.0155, Reg=0.0000, Con=3.9611
2025-09-13 21:14:46,304 - INFO - Batch 1070/2278: Loss=1.1960, Cls=0.0077, Reg=0.0000, Con=3.9609
2025-09-13 21:14:47,218 - INFO - Batch 1080/2278: Loss=0.0000, Cls=0.0000, Reg=0.0000, Con=0.0000
2025-09-13 21:14:48,158 - INFO - Batch 1090/2278: Loss=1.1888, Cls=0.0005, Reg=0.0000, Con=3.9611
2025-09-13 21:14:49,083 - INFO - Batch 1100/2278: Loss=1.1883, Cls=0.0000, Reg=0.0000, Con=3.9611
2025-09-13 21:14:49,978 - INFO - Batch 1110/2278: Loss=1.3472, Cls=1.3472, Reg=0.0000, Con=0.0000
2025-09-13 21:14:50,900 - INFO - Batch 1120/2278: Loss=0.0057, Cls=0.0057, Reg=0.0000, Con=0.0000
2025-09-13 21:14:51,811 - INFO - Batch 1130/2278: Loss=0.0000, Cls=0.0000, Reg=0.0000, Con=0.0000
2025-09-13 21:14:52,739 - INFO - Batch 1140/2278: Loss=2.1263, Cls=0.9380, Reg=0.0000, Con=3.9609
2025-09-13 21:14:53,636 - INFO - Batch 1150/2278: Loss=0.0000, Cls=0.0000, Reg=0.0000, Con=0.0000
2025-09-13 21:14:54,549 - INFO - Batch 1160/2278: Loss=0.0073, Cls=0.0073, Reg=0.0000, Con=0.0000
2025-09-13 21:14:55,453 - INFO - Batch 1170/2278: Loss=1.2513, Cls=0.0631, Reg=0.0000, Con=3.9608
2025-09-13 21:14:56,389 - INFO - Batch 1180/2278: Loss=1.1901, Cls=0.0017, Reg=0.0000, Con=3.9613
2025-09-13 21:14:57,324 - INFO - Batch 1190/2278: Loss=1.1883, Cls=0.0000, Reg=0.0000, Con=3.9609
2025-09-13 21:14:58,236 - INFO - Batch 1200/2278: Loss=1.1991, Cls=0.0108, Reg=0.0000, Con=3.9611
2025-09-13 21:14:59,172 - INFO - Batch 1210/2278: Loss=1.4216, Cls=0.2332, Reg=0.0000, Con=3.9611
2025-09-13 21:15:00,070 - INFO - Batch 1220/2278: Loss=1.1895, Cls=0.0012, Reg=0.0000, Con=3.9609
2025-09-13 21:15:00,998 - INFO - Batch 1230/2278: Loss=0.5314, Cls=0.5314, Reg=0.0000, Con=0.0000
2025-09-13 21:15:01,915 - INFO - Batch 1240/2278: Loss=1.6217, Cls=0.4334, Reg=0.0000, Con=3.9608
2025-09-13 21:15:02,930 - INFO - Batch 1250/2278: Loss=1.1885, Cls=0.0002, Reg=0.0000, Con=3.9609
2025-09-13 21:15:03,826 - INFO - Batch 1260/2278: Loss=2.5261, Cls=2.5261, Reg=0.0000, Con=0.0000
2025-09-13 21:15:04,746 - INFO - Batch 1270/2278: Loss=1.1893, Cls=0.0010, Reg=0.0000, Con=3.9610
2025-09-13 21:15:05,666 - INFO - Batch 1280/2278: Loss=1.3197, Cls=0.1315, Reg=0.0000, Con=3.9607
2025-09-13 21:15:06,650 - INFO - Batch 1290/2278: Loss=0.0000, Cls=0.0000, Reg=0.0000, Con=0.0000
2025-09-13 21:15:07,550 - INFO - Batch 1300/2278: Loss=0.0111, Cls=0.0111, Reg=0.0000, Con=0.0000
2025-09-13 21:15:08,451 - INFO - Batch 1310/2278: Loss=1.6271, Cls=0.4388, Reg=0.0000, Con=3.9608
2025-09-13 21:15:09,344 - INFO - Batch 1320/2278: Loss=1.1904, Cls=0.0021, Reg=0.0000, Con=3.9610
2025-09-13 21:15:10,240 - INFO - Batch 1330/2278: Loss=1.2061, Cls=0.0178, Reg=0.0000, Con=3.9610
2025-09-13 21:15:11,143 - INFO - Batch 1340/2278: Loss=1.1922, Cls=0.0039, Reg=0.0000, Con=3.9608
2025-09-13 21:15:12,052 - INFO - Batch 1350/2278: Loss=1.1889, Cls=0.0007, Reg=0.0000, Con=3.9608
2025-09-13 21:15:12,964 - INFO - Batch 1360/2278: Loss=1.4692, Cls=0.2809, Reg=0.0000, Con=3.9612
2025-09-13 21:15:13,863 - INFO - Batch 1370/2278: Loss=1.6861, Cls=0.4978, Reg=0.0000, Con=3.9610
2025-09-13 21:15:14,785 - INFO - Batch 1380/2278: Loss=4.4022, Cls=3.2139, Reg=0.0000, Con=3.9608
2025-09-13 21:15:15,690 - INFO - Batch 1390/2278: Loss=1.1883, Cls=0.0000, Reg=0.0000, Con=3.9610
2025-09-13 21:15:16,630 - INFO - Batch 1400/2278: Loss=1.1884, Cls=0.0000, Reg=0.0000, Con=3.9615
2025-09-13 21:15:17,537 - INFO - Batch 1410/2278: Loss=1.6789, Cls=0.4906, Reg=0.0000, Con=3.9608
2025-09-13 21:15:18,435 - INFO - Batch 1420/2278: Loss=1.1954, Cls=0.0071, Reg=0.0000, Con=3.9610
2025-09-13 21:15:19,357 - INFO - Batch 1430/2278: Loss=0.4972, Cls=0.4972, Reg=0.0000, Con=0.0000
2025-09-13 21:15:20,303 - INFO - Batch 1440/2278: Loss=1.1883, Cls=0.0001, Reg=0.0000, Con=3.9606
2025-09-13 21:15:21,239 - INFO - Batch 1450/2278: Loss=0.0000, Cls=0.0000, Reg=0.0000, Con=0.0000
2025-09-13 21:15:22,121 - INFO - Batch 1460/2278: Loss=0.0086, Cls=0.0086, Reg=0.0000, Con=0.0000
2025-09-13 21:15:23,062 - INFO - Batch 1470/2278: Loss=1.1891, Cls=0.0009, Reg=0.0000, Con=3.9607
2025-09-13 21:15:23,964 - INFO - Batch 1480/2278: Loss=1.2114, Cls=0.0232, Reg=0.0000, Con=3.9608
2025-09-13 21:15:24,863 - INFO - Batch 1490/2278: Loss=0.0000, Cls=0.0000, Reg=0.0000, Con=0.0000
2025-09-13 21:15:25,792 - INFO - Batch 1500/2278: Loss=1.2192, Cls=0.0309, Reg=0.0000, Con=3.9610
2025-09-13 21:15:26,725 - INFO - Batch 1510/2278: Loss=1.2101, Cls=0.0218, Reg=0.0000, Con=3.9609
2025-09-13 21:15:27,615 - INFO - Batch 1520/2278: Loss=0.3895, Cls=0.3895, Reg=0.0000, Con=0.0000
2025-09-13 21:15:28,522 - INFO - Batch 1530/2278: Loss=1.1882, Cls=0.0000, Reg=0.0000, Con=3.9608
2025-09-13 21:15:29,447 - INFO - Batch 1540/2278: Loss=1.4378, Cls=0.2495, Reg=0.0000, Con=3.9610
2025-09-13 21:15:30,362 - INFO - Batch 1550/2278: Loss=1.1969, Cls=0.0086, Reg=0.0000, Con=3.9611
2025-09-13 21:15:31,283 - INFO - Batch 1560/2278: Loss=1.1886, Cls=0.0004, Reg=0.0000, Con=3.9608
2025-09-13 21:15:32,170 - INFO - Batch 1570/2278: Loss=3.6208, Cls=3.6208, Reg=0.0000, Con=0.0000
2025-09-13 21:15:33,080 - INFO - Batch 1580/2278: Loss=1.1882, Cls=0.0000, Reg=0.0000, Con=3.9608
2025-09-13 21:15:34,012 - INFO - Batch 1590/2278: Loss=0.0000, Cls=0.0000, Reg=0.0000, Con=0.0000
2025-09-13 21:15:34,942 - INFO - Batch 1600/2278: Loss=2.2761, Cls=1.0878, Reg=0.0000, Con=3.9608
2025-09-13 21:15:35,831 - INFO - Batch 1610/2278: Loss=0.0000, Cls=0.0000, Reg=0.0000, Con=0.0000
2025-09-13 21:15:36,768 - INFO - Batch 1620/2278: Loss=1.7388, Cls=0.5505, Reg=0.0000, Con=3.9608
2025-09-13 21:15:37,666 - INFO - Batch 1630/2278: Loss=1.1947, Cls=0.0064, Reg=0.0000, Con=3.9610
2025-09-13 21:15:38,574 - INFO - Batch 1640/2278: Loss=0.0242, Cls=0.0242, Reg=0.0000, Con=0.0000
2025-09-13 21:15:39,497 - INFO - Batch 1650/2278: Loss=1.1883, Cls=0.0000, Reg=0.0000, Con=3.9609
2025-09-13 21:15:40,432 - INFO - Batch 1660/2278: Loss=1.1884, Cls=0.0000, Reg=0.0000, Con=3.9613
2025-09-13 21:15:41,319 - INFO - Batch 1670/2278: Loss=4.2980, Cls=3.1098, Reg=0.0000, Con=3.9609
2025-09-13 21:15:42,242 - INFO - Batch 1680/2278: Loss=1.1912, Cls=0.0030, Reg=0.0000, Con=3.9607
2025-09-13 21:15:43,115 - INFO - Batch 1690/2278: Loss=1.3053, Cls=0.1170, Reg=0.0000, Con=3.9610
2025-09-13 21:15:44,010 - INFO - Batch 1700/2278: Loss=3.0654, Cls=1.8771, Reg=0.0000, Con=3.9608
2025-09-13 21:15:44,913 - INFO - Batch 1710/2278: Loss=0.0024, Cls=0.0024, Reg=0.0000, Con=0.0000
2025-09-13 21:15:45,822 - INFO - Batch 1720/2278: Loss=0.0078, Cls=0.0078, Reg=0.0000, Con=0.0000
2025-09-13 21:15:46,713 - INFO - Batch 1730/2278: Loss=1.1882, Cls=0.0000, Reg=0.0000, Con=3.9608
2025-09-13 21:15:47,615 - INFO - Batch 1740/2278: Loss=1.4840, Cls=0.2958, Reg=0.0000, Con=3.9609
2025-09-13 21:15:48,513 - INFO - Batch 1750/2278: Loss=0.0112, Cls=0.0112, Reg=0.0000, Con=0.0000
2025-09-13 21:15:49,427 - INFO - Batch 1760/2278: Loss=1.1890, Cls=0.0006, Reg=0.0000, Con=3.9612
2025-09-13 21:15:50,341 - INFO - Batch 1770/2278: Loss=0.0203, Cls=0.0203, Reg=0.0000, Con=0.0000
2025-09-13 21:15:51,263 - INFO - Batch 1780/2278: Loss=0.0005, Cls=0.0005, Reg=0.0000, Con=0.0000
2025-09-13 21:15:52,174 - INFO - Batch 1790/2278: Loss=0.0843, Cls=0.0843, Reg=0.0000, Con=0.0000
2025-09-13 21:15:53,108 - INFO - Batch 1800/2278: Loss=3.9301, Cls=2.7419, Reg=0.0000, Con=3.9607
2025-09-13 21:15:53,997 - INFO - Batch 1810/2278: Loss=0.7388, Cls=0.7388, Reg=0.0000, Con=0.0000
2025-09-13 21:15:54,908 - INFO - Batch 1820/2278: Loss=0.3157, Cls=0.3157, Reg=0.0000, Con=0.0000
2025-09-13 21:15:55,804 - INFO - Batch 1830/2278: Loss=1.1948, Cls=0.0065, Reg=0.0000, Con=3.9608
2025-09-13 21:15:56,720 - INFO - Batch 1840/2278: Loss=0.1014, Cls=0.1014, Reg=0.0000, Con=0.0000
2025-09-13 21:15:57,641 - INFO - Batch 1850/2278: Loss=1.1904, Cls=0.0022, Reg=0.0000, Con=3.9609
2025-09-13 21:15:58,557 - INFO - Batch 1860/2278: Loss=1.1882, Cls=0.0000, Reg=0.0000, Con=3.9607
2025-09-13 21:15:59,516 - INFO - Batch 1870/2278: Loss=4.6880, Cls=3.4997, Reg=0.0000, Con=3.9609
2025-09-13 21:16:00,446 - INFO - Batch 1880/2278: Loss=2.7427, Cls=1.5545, Reg=0.0000, Con=3.9607
2025-09-13 21:16:01,364 - INFO - Batch 1890/2278: Loss=0.0000, Cls=0.0000, Reg=0.0000, Con=0.0000
2025-09-13 21:16:02,277 - INFO - Batch 1900/2278: Loss=0.0122, Cls=0.0122, Reg=0.0000, Con=0.0000
2025-09-13 21:16:03,154 - INFO - Batch 1910/2278: Loss=1.1901, Cls=0.0017, Reg=0.0000, Con=3.9610
2025-09-13 21:16:04,041 - INFO - Batch 1920/2278: Loss=0.0019, Cls=0.0019, Reg=0.0000, Con=0.0000
2025-09-13 21:16:04,952 - INFO - Batch 1930/2278: Loss=1.2506, Cls=0.0623, Reg=0.0000, Con=3.9611
2025-09-13 21:16:05,841 - INFO - Batch 1940/2278: Loss=1.1896, Cls=0.0014, Reg=0.0000, Con=3.9607
2025-09-13 21:16:06,719 - INFO - Batch 1950/2278: Loss=1.1887, Cls=0.0004, Reg=0.0000, Con=3.9609
2025-09-13 21:16:07,621 - INFO - Batch 1960/2278: Loss=1.1923, Cls=0.0041, Reg=0.0000, Con=3.9610
2025-09-13 21:16:08,546 - INFO - Batch 1970/2278: Loss=0.0015, Cls=0.0015, Reg=0.0000, Con=0.0000
2025-09-13 21:16:09,506 - INFO - Batch 1980/2278: Loss=1.2898, Cls=0.1015, Reg=0.0000, Con=3.9610
2025-09-13 21:16:10,424 - INFO - Batch 1990/2278: Loss=2.1392, Cls=0.9509, Reg=0.0000, Con=3.9608
2025-09-13 21:16:11,322 - INFO - Batch 2000/2278: Loss=1.2008, Cls=0.0125, Reg=0.0000, Con=3.9610
2025-09-13 21:16:12,213 - INFO - Batch 2010/2278: Loss=1.1882, Cls=0.0000, Reg=0.0000, Con=3.9608
2025-09-13 21:16:13,129 - INFO - Batch 2020/2278: Loss=1.2015, Cls=0.0133, Reg=0.0000, Con=3.9608
2025-09-13 21:16:14,046 - INFO - Batch 2030/2278: Loss=1.1907, Cls=0.0024, Reg=0.0000, Con=3.9608
2025-09-13 21:16:14,951 - INFO - Batch 2040/2278: Loss=1.1911, Cls=0.0028, Reg=0.0000, Con=3.9610
2025-09-13 21:16:15,887 - INFO - Batch 2050/2278: Loss=0.0008, Cls=0.0008, Reg=0.0000, Con=0.0000
2025-09-13 21:16:16,767 - INFO - Batch 2060/2278: Loss=1.2895, Cls=0.1012, Reg=0.0000, Con=3.9609
2025-09-13 21:16:17,685 - INFO - Batch 2070/2278: Loss=0.0038, Cls=0.0038, Reg=0.0000, Con=0.0000
2025-09-13 21:16:18,595 - INFO - Batch 2080/2278: Loss=1.1916, Cls=0.0032, Reg=0.0000, Con=3.9613
2025-09-13 21:16:19,493 - INFO - Batch 2090/2278: Loss=1.2003, Cls=0.0121, Reg=0.0000, Con=3.9607
2025-09-13 21:16:20,404 - INFO - Batch 2100/2278: Loss=1.2064, Cls=0.0178, Reg=0.0000, Con=3.9619
2025-09-13 21:16:21,297 - INFO - Batch 2110/2278: Loss=2.9218, Cls=1.7335, Reg=0.0000, Con=3.9609
2025-09-13 21:16:22,202 - INFO - Batch 2120/2278: Loss=3.4767, Cls=2.2884, Reg=0.0000, Con=3.9608
2025-09-13 21:16:23,107 - INFO - Batch 2130/2278: Loss=0.9549, Cls=0.9549, Reg=0.0000, Con=0.0000
2025-09-13 21:16:24,023 - INFO - Batch 2140/2278: Loss=0.0137, Cls=0.0137, Reg=0.0000, Con=0.0000
2025-09-13 21:16:24,893 - INFO - Batch 2150/2278: Loss=1.1894, Cls=0.0011, Reg=0.0000, Con=3.9608
2025-09-13 21:16:25,786 - INFO - Batch 2160/2278: Loss=3.6931, Cls=2.5048, Reg=0.0000, Con=3.9609
2025-09-13 21:16:26,664 - INFO - Batch 2170/2278: Loss=1.6399, Cls=0.4516, Reg=0.0000, Con=3.9608
2025-09-13 21:16:27,556 - INFO - Batch 2180/2278: Loss=0.0423, Cls=0.0423, Reg=0.0000, Con=0.0000
2025-09-13 21:16:28,468 - INFO - Batch 2190/2278: Loss=1.1899, Cls=0.0017, Reg=0.0000, Con=3.9609
2025-09-13 21:16:29,385 - INFO - Batch 2200/2278: Loss=1.3304, Cls=0.1422, Reg=0.0000, Con=3.9608
2025-09-13 21:16:30,275 - INFO - Batch 2210/2278: Loss=0.0084, Cls=0.0084, Reg=0.0000, Con=0.0000
2025-09-13 21:16:31,176 - INFO - Batch 2220/2278: Loss=0.0028, Cls=0.0028, Reg=0.0000, Con=0.0000
2025-09-13 21:16:32,078 - INFO - Batch 2230/2278: Loss=1.1883, Cls=0.0000, Reg=0.0000, Con=3.9609
2025-09-13 21:16:32,966 - INFO - Batch 2240/2278: Loss=5.7472, Cls=4.5587, Reg=0.0000, Con=3.9617
2025-09-13 21:16:33,860 - INFO - Batch 2250/2278: Loss=1.1904, Cls=0.0022, Reg=0.0000, Con=3.9608
2025-09-13 21:16:34,762 - INFO - Batch 2260/2278: Loss=0.1016, Cls=0.1016, Reg=0.0000, Con=0.0000
2025-09-13 21:16:35,692 - INFO - Batch 2270/2278: Loss=1.4504, Cls=1.4504, Reg=0.0000, Con=0.0000
2025-09-13 21:20:06,532 - INFO - === Epoch 3 Results ===
2025-09-13 21:20:06,533 - INFO - Training Loss: 1.1072 (Classification: 0.3268, Regression: 0.0000)
2025-09-13 21:20:06,533 - INFO - Validation Loss: 0.1171 (Classification: 0.1171, Regression: 0.0000)
2025-09-13 21:20:06,533 - INFO - Average Classification Accuracy: 0.8435 (on 1/26 tasks)
2025-09-13 21:20:06,533 - INFO - Average AUC: 0.8292
2025-09-13 21:20:06,533 - INFO - Training finished!
2025-09-13 21:20:06,533 - INFO - Performing final evaluation...
2025-09-13 21:20:06,771 - INFO - Loaded best model from: experiments/r1c3_single_cls_21_seed_42_20250913_205922/checkpoints/r1c3_single_cls_21_seed_42_best.pth
2025-09-13 21:23:37,094 - INFO - Final Validation Results:
2025-09-13 21:23:37,094 - INFO -   Total Loss: 0.1057
2025-09-13 21:23:37,094 - INFO -   Classification Loss: 0.1057
2025-09-13 21:23:37,094 - INFO -   Regression Loss: 0.0000
2025-09-13 21:23:37,094 - INFO -   Average Classification Accuracy: 0.8333
2025-09-13 21:23:37,095 - INFO -   Average AUC: 0.8280
2025-09-13 21:23:37,095 - INFO - Results saved to: experiments/r1c3_single_cls_21_seed_42_20250913_205922/checkpoints/r1c3_single_cls_21_seed_42_results.json
