2025-09-14 10:54:49,405 - INFO - 🔬 Starting experiment: r1c3_headft_reg_2_seed_42
2025-09-14 10:54:49,405 - INFO - 📁 Experiment directory: experiments/r1c3_headft_reg_2_seed_42_20250914_105449
2025-09-14 10:54:49,405 - INFO - 🎲 Random seed: 42
2025-09-14 10:54:49,405 - INFO - 🔒 Deterministic mode: True
2025-09-14 10:54:49,405 - INFO - Using device: cuda
2025-09-14 10:54:49,405 - INFO - Total GPU Memory: 25.16 GB
2025-09-14 10:54:49,422 - INFO - 🧪 Fusion: Using cross-attention dynamic fusion
2025-09-14 10:54:49,423 - INFO - 🧪 GNN Backbone: Using default GraphAttentionNetwork branch
2025-09-14 10:54:49,423 - INFO - 🎯 Task Mode: Single regression endpoint 2
2025-09-14 10:54:49,423 - INFO - Configuration saved to: experiments/r1c3_headft_reg_2_seed_42_20250914_105449/checkpoints/config.json
2025-09-14 10:54:49,423 - INFO - 🚀 Using preprocessed data from: /mnt/backup2/ai4s/backupunimolpy/responds-work/ToxD4C/data/data/processed
2025-09-14 10:54:49,423 - INFO - Loading LMDB dataset from: /mnt/backup2/ai4s/backupunimolpy/responds-work/ToxD4C/data/data/processed
2025-09-14 10:54:49,785 - INFO - Number of training batches: 2278
2025-09-14 10:54:49,785 - INFO - Number of validation batches: 2278
2025-09-14 10:54:49,785 - INFO - Number of test batches: 2278
2025-09-14 10:54:49,785 - INFO - Creating ToxD4C model...
2025-09-14 10:54:50,891 - INFO - Model created successfully. Total parameters: 100,932,036
2025-09-14 10:54:50,892 - INFO - Testing model forward pass...
2025-09-14 10:54:51,313 - INFO - Test output shapes:
2025-09-14 10:54:51,313 - INFO -   classification: torch.Size([16, 0])
2025-09-14 10:54:51,313 - INFO -   classification contains NaN: False
2025-09-14 10:54:51,314 - INFO -   classification contains Inf: False
2025-09-14 10:54:51,314 - INFO -   regression: torch.Size([16, 1])
2025-09-14 10:54:51,316 - INFO -   regression contains NaN: False
2025-09-14 10:54:51,316 - INFO -   regression contains Inf: False
2025-09-14 10:54:51,316 - INFO - Model forward pass test successful!
2025-09-14 10:54:52,015 - INFO - 🔁 Loaded checkpoint from: /mnt/backup2/ai4s/backupunimolpy/responds-work/ToxD4C/experiments/r1c3_multi_full_seed_42_20250913_152627/checkpoints/r1c3_multi_full_seed_42_best.pth
2025-09-14 10:54:52,016 - INFO - 🧩 Head-only fine-tuning: unfroze head for task 'BCF' and froze trunk.
2025-09-14 10:54:52,017 - INFO - Starting training...
2025-09-14 10:54:52,017 - INFO - 
Epoch 1/3
2025-09-14 10:54:52,115 - INFO - Batch 0/2278: Loss=1.1882, Cls=0.0000, Reg=0.0000, Con=3.9608
2025-09-14 10:54:53,112 - INFO - Batch 10/2278: Loss=1.1882, Cls=0.0000, Reg=0.0000, Con=3.9608
2025-09-14 10:54:53,965 - INFO - Batch 20/2278: Loss=1.1883, Cls=0.0000, Reg=0.0000, Con=3.9608
2025-09-14 10:54:54,825 - INFO - Batch 30/2278: Loss=1.1883, Cls=0.0000, Reg=0.0000, Con=3.9610
2025-09-14 10:54:55,681 - INFO - Batch 40/2278: Loss=0.0000, Cls=0.0000, Reg=0.0000, Con=0.0000
2025-09-14 10:54:56,584 - INFO - Batch 50/2278: Loss=1.2095, Cls=0.0000, Reg=0.0212, Con=3.9608
2025-09-14 10:54:57,475 - INFO - Batch 60/2278: Loss=0.0000, Cls=0.0000, Reg=0.0000, Con=0.0000
2025-09-14 10:54:58,339 - INFO - Batch 70/2278: Loss=1.1883, Cls=0.0000, Reg=0.0000, Con=3.9609
2025-09-14 10:54:59,161 - INFO - Batch 80/2278: Loss=0.0000, Cls=0.0000, Reg=0.0000, Con=0.0000
2025-09-14 10:55:00,026 - INFO - Batch 90/2278: Loss=1.1883, Cls=0.0000, Reg=0.0000, Con=3.9608
2025-09-14 10:55:00,853 - INFO - Batch 100/2278: Loss=1.1882, Cls=0.0000, Reg=0.0000, Con=3.9608
2025-09-14 10:55:01,740 - INFO - Batch 110/2278: Loss=1.1883, Cls=0.0000, Reg=0.0000, Con=3.9609
2025-09-14 10:55:02,593 - INFO - Batch 120/2278: Loss=0.0000, Cls=0.0000, Reg=0.0000, Con=0.0000
2025-09-14 10:55:03,448 - INFO - Batch 130/2278: Loss=0.0000, Cls=0.0000, Reg=0.0000, Con=0.0000
2025-09-14 10:55:04,398 - INFO - Batch 140/2278: Loss=1.1883, Cls=0.0000, Reg=0.0000, Con=3.9610
2025-09-14 10:55:05,344 - INFO - Batch 150/2278: Loss=0.0000, Cls=0.0000, Reg=0.0000, Con=0.0000
2025-09-14 10:55:06,333 - INFO - Batch 160/2278: Loss=1.1882, Cls=0.0000, Reg=0.0000, Con=3.9608
2025-09-14 10:55:07,362 - INFO - Batch 170/2278: Loss=1.1882, Cls=0.0000, Reg=0.0000, Con=3.9606
2025-09-14 10:55:08,292 - INFO - Batch 180/2278: Loss=1.1882, Cls=0.0000, Reg=0.0000, Con=3.9607
2025-09-14 10:55:09,153 - INFO - Batch 190/2278: Loss=0.0000, Cls=0.0000, Reg=0.0000, Con=0.0000
2025-09-14 10:55:10,005 - INFO - Batch 200/2278: Loss=1.1883, Cls=0.0000, Reg=0.0000, Con=3.9609
2025-09-14 10:55:10,892 - INFO - Batch 210/2278: Loss=1.1883, Cls=0.0000, Reg=0.0000, Con=3.9609
2025-09-14 10:55:11,767 - INFO - Batch 220/2278: Loss=0.0597, Cls=0.0000, Reg=0.0597, Con=0.0000
2025-09-14 10:55:12,675 - INFO - Batch 230/2278: Loss=1.2504, Cls=0.0000, Reg=0.0621, Con=3.9609
2025-09-14 10:55:13,529 - INFO - Batch 240/2278: Loss=1.1966, Cls=0.0000, Reg=0.0084, Con=3.9609
2025-09-14 10:55:14,392 - INFO - Batch 250/2278: Loss=1.1882, Cls=0.0000, Reg=0.0000, Con=3.9608
2025-09-14 10:55:15,260 - INFO - Batch 260/2278: Loss=1.3652, Cls=0.0000, Reg=0.1770, Con=3.9608
2025-09-14 10:55:16,242 - INFO - Batch 270/2278: Loss=1.1882, Cls=0.0000, Reg=0.0000, Con=3.9608
2025-09-14 10:55:17,205 - INFO - Batch 280/2278: Loss=1.1882, Cls=0.0000, Reg=0.0000, Con=3.9607
2025-09-14 10:55:18,058 - INFO - Batch 290/2278: Loss=2.1958, Cls=0.0000, Reg=1.0075, Con=3.9609
2025-09-14 10:55:18,931 - INFO - Batch 300/2278: Loss=0.0000, Cls=0.0000, Reg=0.0000, Con=0.0000
2025-09-14 10:55:19,824 - INFO - Batch 310/2278: Loss=1.1883, Cls=0.0000, Reg=0.0000, Con=3.9609
2025-09-14 10:55:20,690 - INFO - Batch 320/2278: Loss=1.3811, Cls=0.0000, Reg=0.1929, Con=3.9608
2025-09-14 10:55:21,573 - INFO - Batch 330/2278: Loss=0.0000, Cls=0.0000, Reg=0.0000, Con=0.0000
2025-09-14 10:55:22,454 - INFO - Batch 340/2278: Loss=1.1883, Cls=0.0000, Reg=0.0000, Con=3.9609
2025-09-14 10:55:23,348 - INFO - Batch 350/2278: Loss=1.1883, Cls=0.0000, Reg=0.0000, Con=3.9610
2025-09-14 10:55:24,218 - INFO - Batch 360/2278: Loss=0.0550, Cls=0.0000, Reg=0.0550, Con=0.0000
2025-09-14 10:55:25,095 - INFO - Batch 370/2278: Loss=1.1883, Cls=0.0000, Reg=0.0000, Con=3.9609
2025-09-14 10:55:25,958 - INFO - Batch 380/2278: Loss=1.1884, Cls=0.0000, Reg=0.0000, Con=3.9614
2025-09-14 10:55:26,838 - INFO - Batch 390/2278: Loss=1.9353, Cls=0.0000, Reg=1.9353, Con=0.0000
2025-09-14 10:55:27,714 - INFO - Batch 400/2278: Loss=0.0000, Cls=0.0000, Reg=0.0000, Con=0.0000
2025-09-14 10:55:28,577 - INFO - Batch 410/2278: Loss=1.1882, Cls=0.0000, Reg=0.0000, Con=3.9608
2025-09-14 10:55:29,441 - INFO - Batch 420/2278: Loss=1.1882, Cls=0.0000, Reg=0.0000, Con=3.9608
2025-09-14 10:55:30,367 - INFO - Batch 430/2278: Loss=1.1883, Cls=0.0000, Reg=0.0000, Con=3.9610
2025-09-14 10:55:31,247 - INFO - Batch 440/2278: Loss=1.1897, Cls=0.0000, Reg=0.0014, Con=3.9610
2025-09-14 10:55:32,095 - INFO - Batch 450/2278: Loss=1.2421, Cls=0.0000, Reg=0.0539, Con=3.9607
2025-09-14 10:55:32,939 - INFO - Batch 460/2278: Loss=1.1884, Cls=0.0000, Reg=0.0000, Con=3.9612
2025-09-14 10:55:33,840 - INFO - Batch 470/2278: Loss=1.1882, Cls=0.0000, Reg=0.0000, Con=3.9607
2025-09-14 10:55:34,720 - INFO - Batch 480/2278: Loss=1.1882, Cls=0.0000, Reg=0.0000, Con=3.9607
2025-09-14 10:55:35,577 - INFO - Batch 490/2278: Loss=1.1882, Cls=0.0000, Reg=0.0000, Con=3.9608
2025-09-14 10:55:36,431 - INFO - Batch 500/2278: Loss=1.5415, Cls=0.0000, Reg=0.3533, Con=3.9608
2025-09-14 10:55:37,306 - INFO - Batch 510/2278: Loss=0.0000, Cls=0.0000, Reg=0.0000, Con=0.0000
2025-09-14 10:55:38,173 - INFO - Batch 520/2278: Loss=1.1883, Cls=0.0000, Reg=0.0000, Con=3.9609
2025-09-14 10:55:39,057 - INFO - Batch 530/2278: Loss=0.0000, Cls=0.0000, Reg=0.0000, Con=0.0000
2025-09-14 10:55:39,968 - INFO - Batch 540/2278: Loss=1.2596, Cls=0.0000, Reg=0.0714, Con=3.9608
2025-09-14 10:55:40,818 - INFO - Batch 550/2278: Loss=1.4168, Cls=0.0000, Reg=0.2285, Con=3.9607
2025-09-14 10:55:41,687 - INFO - Batch 560/2278: Loss=1.1882, Cls=0.0000, Reg=0.0000, Con=3.9608
2025-09-14 10:55:42,586 - INFO - Batch 570/2278: Loss=0.0000, Cls=0.0000, Reg=0.0000, Con=0.0000
2025-09-14 10:55:43,456 - INFO - Batch 580/2278: Loss=1.1883, Cls=0.0000, Reg=0.0000, Con=3.9609
2025-09-14 10:55:44,301 - INFO - Batch 590/2278: Loss=1.1882, Cls=0.0000, Reg=0.0000, Con=3.9608
2025-09-14 10:55:45,183 - INFO - Batch 600/2278: Loss=1.2037, Cls=0.0000, Reg=0.0154, Con=3.9610
2025-09-14 10:55:46,051 - INFO - Batch 610/2278: Loss=1.1884, Cls=0.0000, Reg=0.0000, Con=3.9612
2025-09-14 10:55:46,938 - INFO - Batch 620/2278: Loss=0.0000, Cls=0.0000, Reg=0.0000, Con=0.0000
2025-09-14 10:55:47,799 - INFO - Batch 630/2278: Loss=1.1883, Cls=0.0000, Reg=0.0000, Con=3.9609
2025-09-14 10:55:48,724 - INFO - Batch 640/2278: Loss=0.0000, Cls=0.0000, Reg=0.0000, Con=0.0000
2025-09-14 10:55:49,619 - INFO - Batch 650/2278: Loss=1.1883, Cls=0.0000, Reg=0.0000, Con=3.9611
2025-09-14 10:55:50,456 - INFO - Batch 660/2278: Loss=1.1883, Cls=0.0000, Reg=0.0000, Con=3.9609
2025-09-14 10:55:51,313 - INFO - Batch 670/2278: Loss=1.1883, Cls=0.0000, Reg=0.0000, Con=3.9608
2025-09-14 10:55:52,182 - INFO - Batch 680/2278: Loss=1.1882, Cls=0.0000, Reg=0.0000, Con=3.9608
2025-09-14 10:55:53,071 - INFO - Batch 690/2278: Loss=0.0000, Cls=0.0000, Reg=0.0000, Con=0.0000
2025-09-14 10:55:53,950 - INFO - Batch 700/2278: Loss=1.1883, Cls=0.0000, Reg=0.0000, Con=3.9610
2025-09-14 10:55:54,828 - INFO - Batch 710/2278: Loss=2.5709, Cls=0.0000, Reg=1.3825, Con=3.9614
2025-09-14 10:55:55,666 - INFO - Batch 720/2278: Loss=1.1883, Cls=0.0000, Reg=0.0000, Con=3.9608
2025-09-14 10:55:56,532 - INFO - Batch 730/2278: Loss=1.1882, Cls=0.0000, Reg=0.0000, Con=3.9607
2025-09-14 10:55:57,397 - INFO - Batch 740/2278: Loss=1.1882, Cls=0.0000, Reg=0.0000, Con=3.9608
2025-09-14 10:55:58,320 - INFO - Batch 750/2278: Loss=1.3384, Cls=0.0000, Reg=0.1501, Con=3.9608
2025-09-14 10:55:59,195 - INFO - Batch 760/2278: Loss=1.1884, Cls=0.0000, Reg=0.0000, Con=3.9613
2025-09-14 10:56:00,065 - INFO - Batch 770/2278: Loss=1.1883, Cls=0.0000, Reg=0.0000, Con=3.9609
2025-09-14 10:56:00,952 - INFO - Batch 780/2278: Loss=1.1883, Cls=0.0000, Reg=0.0000, Con=3.9609
2025-09-14 10:56:01,840 - INFO - Batch 790/2278: Loss=0.0000, Cls=0.0000, Reg=0.0000, Con=0.0000
2025-09-14 10:56:02,754 - INFO - Batch 800/2278: Loss=0.0950, Cls=0.0000, Reg=0.0950, Con=0.0000
2025-09-14 10:56:03,622 - INFO - Batch 810/2278: Loss=1.4193, Cls=0.0000, Reg=0.2310, Con=3.9608
2025-09-14 10:56:04,580 - INFO - Batch 820/2278: Loss=1.1882, Cls=0.0000, Reg=0.0000, Con=3.9608
2025-09-14 10:56:05,462 - INFO - Batch 830/2278: Loss=0.0000, Cls=0.0000, Reg=0.0000, Con=0.0000
2025-09-14 10:56:06,347 - INFO - Batch 840/2278: Loss=0.6833, Cls=0.0000, Reg=0.6833, Con=0.0000
2025-09-14 10:56:07,247 - INFO - Batch 850/2278: Loss=1.1883, Cls=0.0000, Reg=0.0000, Con=3.9609
2025-09-14 10:56:08,085 - INFO - Batch 860/2278: Loss=1.9769, Cls=0.0000, Reg=0.7886, Con=3.9612
2025-09-14 10:56:08,945 - INFO - Batch 870/2278: Loss=1.1883, Cls=0.0000, Reg=0.0000, Con=3.9610
2025-09-14 10:56:09,834 - INFO - Batch 880/2278: Loss=1.1882, Cls=0.0000, Reg=0.0000, Con=3.9608
2025-09-14 10:56:10,684 - INFO - Batch 890/2278: Loss=1.1883, Cls=0.0000, Reg=0.0000, Con=3.9609
2025-09-14 10:56:11,577 - INFO - Batch 900/2278: Loss=0.2662, Cls=0.0000, Reg=0.2662, Con=0.0000
2025-09-14 10:56:12,447 - INFO - Batch 910/2278: Loss=0.0000, Cls=0.0000, Reg=0.0000, Con=0.0000
2025-09-14 10:56:13,289 - INFO - Batch 920/2278: Loss=1.1882, Cls=0.0000, Reg=0.0000, Con=3.9608
2025-09-14 10:56:14,177 - INFO - Batch 930/2278: Loss=1.1883, Cls=0.0000, Reg=0.0000, Con=3.9609
2025-09-14 10:56:15,039 - INFO - Batch 940/2278: Loss=1.1883, Cls=0.0000, Reg=0.0000, Con=3.9608
2025-09-14 10:56:15,903 - INFO - Batch 950/2278: Loss=1.1882, Cls=0.0000, Reg=0.0000, Con=3.9607
2025-09-14 10:56:16,756 - INFO - Batch 960/2278: Loss=0.0000, Cls=0.0000, Reg=0.0000, Con=0.0000
2025-09-14 10:56:17,636 - INFO - Batch 970/2278: Loss=0.0000, Cls=0.0000, Reg=0.0000, Con=0.0000
2025-09-14 10:56:18,497 - INFO - Batch 980/2278: Loss=0.0000, Cls=0.0000, Reg=0.0000, Con=0.0000
2025-09-14 10:56:19,345 - INFO - Batch 990/2278: Loss=1.1882, Cls=0.0000, Reg=0.0000, Con=3.9608
2025-09-14 10:56:20,193 - INFO - Batch 1000/2278: Loss=0.1763, Cls=0.0000, Reg=0.1763, Con=0.0000
2025-09-14 10:56:21,081 - INFO - Batch 1010/2278: Loss=1.1884, Cls=0.0000, Reg=0.0000, Con=3.9612
2025-09-14 10:56:21,947 - INFO - Batch 1020/2278: Loss=1.1882, Cls=0.0000, Reg=0.0000, Con=3.9607
2025-09-14 10:56:22,818 - INFO - Batch 1030/2278: Loss=1.2693, Cls=0.0000, Reg=0.0810, Con=3.9609
2025-09-14 10:56:23,680 - INFO - Batch 1040/2278: Loss=1.5111, Cls=0.0000, Reg=0.3228, Con=3.9610
2025-09-14 10:56:24,528 - INFO - Batch 1050/2278: Loss=0.0439, Cls=0.0000, Reg=0.0439, Con=0.0000
2025-09-14 10:56:25,377 - INFO - Batch 1060/2278: Loss=0.0000, Cls=0.0000, Reg=0.0000, Con=0.0000
2025-09-14 10:56:26,246 - INFO - Batch 1070/2278: Loss=1.1882, Cls=0.0000, Reg=0.0000, Con=3.9607
2025-09-14 10:56:27,116 - INFO - Batch 1080/2278: Loss=1.1883, Cls=0.0000, Reg=0.0000, Con=3.9610
2025-09-14 10:56:28,007 - INFO - Batch 1090/2278: Loss=1.1882, Cls=0.0000, Reg=0.0000, Con=3.9607
2025-09-14 10:56:28,878 - INFO - Batch 1100/2278: Loss=1.1882, Cls=0.0000, Reg=0.0000, Con=3.9608
2025-09-14 10:56:29,764 - INFO - Batch 1110/2278: Loss=1.1883, Cls=0.0000, Reg=0.0000, Con=3.9609
2025-09-14 10:56:30,629 - INFO - Batch 1120/2278: Loss=1.1882, Cls=0.0000, Reg=0.0000, Con=3.9608
2025-09-14 10:56:31,609 - INFO - Batch 1130/2278: Loss=1.1883, Cls=0.0000, Reg=0.0000, Con=3.9609
2025-09-14 10:56:32,589 - INFO - Batch 1140/2278: Loss=1.2447, Cls=0.0000, Reg=0.0565, Con=3.9608
2025-09-14 10:56:33,455 - INFO - Batch 1150/2278: Loss=1.1883, Cls=0.0000, Reg=0.0000, Con=3.9611
2025-09-14 10:56:34,331 - INFO - Batch 1160/2278: Loss=0.0000, Cls=0.0000, Reg=0.0000, Con=0.0000
2025-09-14 10:56:35,202 - INFO - Batch 1170/2278: Loss=0.0000, Cls=0.0000, Reg=0.0000, Con=0.0000
2025-09-14 10:56:36,062 - INFO - Batch 1180/2278: Loss=1.1883, Cls=0.0000, Reg=0.0000, Con=3.9609
2025-09-14 10:56:36,941 - INFO - Batch 1190/2278: Loss=1.1883, Cls=0.0000, Reg=0.0000, Con=3.9609
2025-09-14 10:56:37,824 - INFO - Batch 1200/2278: Loss=1.1883, Cls=0.0000, Reg=0.0000, Con=3.9609
2025-09-14 10:56:38,697 - INFO - Batch 1210/2278: Loss=0.0000, Cls=0.0000, Reg=0.0000, Con=0.0000
2025-09-14 10:56:39,561 - INFO - Batch 1220/2278: Loss=1.1883, Cls=0.0000, Reg=0.0000, Con=3.9610
2025-09-14 10:56:40,430 - INFO - Batch 1230/2278: Loss=1.1883, Cls=0.0000, Reg=0.0000, Con=3.9609
2025-09-14 10:56:41,315 - INFO - Batch 1240/2278: Loss=1.1883, Cls=0.0000, Reg=0.0000, Con=3.9609
2025-09-14 10:56:42,178 - INFO - Batch 1250/2278: Loss=1.2559, Cls=0.0000, Reg=0.0676, Con=3.9608
2025-09-14 10:56:43,054 - INFO - Batch 1260/2278: Loss=1.1882, Cls=0.0000, Reg=0.0000, Con=3.9608
2025-09-14 10:56:43,923 - INFO - Batch 1270/2278: Loss=0.0000, Cls=0.0000, Reg=0.0000, Con=0.0000
2025-09-14 10:56:44,777 - INFO - Batch 1280/2278: Loss=0.0000, Cls=0.0000, Reg=0.0000, Con=0.0000
2025-09-14 10:56:45,661 - INFO - Batch 1290/2278: Loss=1.1883, Cls=0.0000, Reg=0.0000, Con=3.9611
2025-09-14 10:56:46,544 - INFO - Batch 1300/2278: Loss=1.1883, Cls=0.0000, Reg=0.0000, Con=3.9608
2025-09-14 10:56:47,456 - INFO - Batch 1310/2278: Loss=2.8789, Cls=0.0000, Reg=1.6907, Con=3.9608
2025-09-14 10:56:48,353 - INFO - Batch 1320/2278: Loss=1.1883, Cls=0.0000, Reg=0.0000, Con=3.9609
2025-09-14 10:56:49,204 - INFO - Batch 1330/2278: Loss=1.1885, Cls=0.0000, Reg=0.0000, Con=3.9615
2025-09-14 10:56:50,066 - INFO - Batch 1340/2278: Loss=1.1883, Cls=0.0000, Reg=0.0000, Con=3.9610
2025-09-14 10:56:50,933 - INFO - Batch 1350/2278: Loss=1.1883, Cls=0.0000, Reg=0.0000, Con=3.9609
2025-09-14 10:56:51,804 - INFO - Batch 1360/2278: Loss=1.2009, Cls=0.0000, Reg=0.0127, Con=3.9609
2025-09-14 10:56:52,678 - INFO - Batch 1370/2278: Loss=0.0000, Cls=0.0000, Reg=0.0000, Con=0.0000
2025-09-14 10:56:53,556 - INFO - Batch 1380/2278: Loss=1.1883, Cls=0.0000, Reg=0.0000, Con=3.9611
2025-09-14 10:56:54,413 - INFO - Batch 1390/2278: Loss=1.1883, Cls=0.0000, Reg=0.0000, Con=3.9609
2025-09-14 10:56:55,309 - INFO - Batch 1400/2278: Loss=1.2081, Cls=0.0000, Reg=0.0199, Con=3.9608
2025-09-14 10:56:56,324 - INFO - Batch 1410/2278: Loss=0.0000, Cls=0.0000, Reg=0.0000, Con=0.0000
2025-09-14 10:56:57,358 - INFO - Batch 1420/2278: Loss=1.1883, Cls=0.0000, Reg=0.0000, Con=3.9608
2025-09-14 10:56:58,253 - INFO - Batch 1430/2278: Loss=1.1882, Cls=0.0000, Reg=0.0000, Con=3.9608
2025-09-14 10:56:59,128 - INFO - Batch 1440/2278: Loss=1.1883, Cls=0.0000, Reg=0.0000, Con=3.9609
2025-09-14 10:56:59,985 - INFO - Batch 1450/2278: Loss=0.0000, Cls=0.0000, Reg=0.0000, Con=0.0000
2025-09-14 10:57:00,861 - INFO - Batch 1460/2278: Loss=1.1883, Cls=0.0000, Reg=0.0000, Con=3.9609
2025-09-14 10:57:01,726 - INFO - Batch 1470/2278: Loss=0.0000, Cls=0.0000, Reg=0.0000, Con=0.0000
2025-09-14 10:57:02,594 - INFO - Batch 1480/2278: Loss=1.1883, Cls=0.0000, Reg=0.0000, Con=3.9609
2025-09-14 10:57:03,478 - INFO - Batch 1490/2278: Loss=0.0000, Cls=0.0000, Reg=0.0000, Con=0.0000
2025-09-14 10:57:04,348 - INFO - Batch 1500/2278: Loss=1.1883, Cls=0.0000, Reg=0.0000, Con=3.9609
2025-09-14 10:57:05,246 - INFO - Batch 1510/2278: Loss=1.4297, Cls=0.0000, Reg=0.2414, Con=3.9610
2025-09-14 10:57:06,129 - INFO - Batch 1520/2278: Loss=1.1883, Cls=0.0000, Reg=0.0000, Con=3.9609
2025-09-14 10:57:06,998 - INFO - Batch 1530/2278: Loss=1.1883, Cls=0.0000, Reg=0.0000, Con=3.9608
2025-09-14 10:57:07,888 - INFO - Batch 1540/2278: Loss=1.1882, Cls=0.0000, Reg=0.0000, Con=3.9608
2025-09-14 10:57:08,800 - INFO - Batch 1550/2278: Loss=1.1882, Cls=0.0000, Reg=0.0000, Con=3.9607
2025-09-14 10:57:09,704 - INFO - Batch 1560/2278: Loss=1.1882, Cls=0.0000, Reg=0.0000, Con=3.9608
2025-09-14 10:57:10,686 - INFO - Batch 1570/2278: Loss=1.1882, Cls=0.0000, Reg=0.0000, Con=3.9608
2025-09-14 10:57:11,635 - INFO - Batch 1580/2278: Loss=1.1882, Cls=0.0000, Reg=0.0000, Con=3.9608
2025-09-14 10:57:12,649 - INFO - Batch 1590/2278: Loss=1.1883, Cls=0.0000, Reg=0.0000, Con=3.9609
2025-09-14 10:57:13,536 - INFO - Batch 1600/2278: Loss=1.1882, Cls=0.0000, Reg=0.0000, Con=3.9608
2025-09-14 10:57:14,394 - INFO - Batch 1610/2278: Loss=1.1882, Cls=0.0000, Reg=0.0000, Con=3.9608
2025-09-14 10:57:15,286 - INFO - Batch 1620/2278: Loss=1.2235, Cls=0.0000, Reg=0.0352, Con=3.9608
2025-09-14 10:57:16,163 - INFO - Batch 1630/2278: Loss=1.1882, Cls=0.0000, Reg=0.0000, Con=3.9608
2025-09-14 10:57:17,029 - INFO - Batch 1640/2278: Loss=1.1883, Cls=0.0000, Reg=0.0000, Con=3.9609
2025-09-14 10:57:17,890 - INFO - Batch 1650/2278: Loss=1.1882, Cls=0.0000, Reg=0.0000, Con=3.9608
2025-09-14 10:57:18,761 - INFO - Batch 1660/2278: Loss=0.0000, Cls=0.0000, Reg=0.0000, Con=0.0000
2025-09-14 10:57:19,598 - INFO - Batch 1670/2278: Loss=1.1884, Cls=0.0000, Reg=0.0000, Con=3.9613
2025-09-14 10:57:20,576 - INFO - Batch 1680/2278: Loss=1.2497, Cls=0.0000, Reg=0.0614, Con=3.9608
2025-09-14 10:57:21,519 - INFO - Batch 1690/2278: Loss=0.0000, Cls=0.0000, Reg=0.0000, Con=0.0000
2025-09-14 10:57:22,378 - INFO - Batch 1700/2278: Loss=1.1882, Cls=0.0000, Reg=0.0000, Con=3.9608
2025-09-14 10:57:23,309 - INFO - Batch 1710/2278: Loss=1.1882, Cls=0.0000, Reg=0.0000, Con=3.9608
2025-09-14 10:57:24,206 - INFO - Batch 1720/2278: Loss=1.1915, Cls=0.0000, Reg=0.0032, Con=3.9609
2025-09-14 10:57:25,079 - INFO - Batch 1730/2278: Loss=1.1883, Cls=0.0000, Reg=0.0000, Con=3.9610
2025-09-14 10:57:25,955 - INFO - Batch 1740/2278: Loss=1.2158, Cls=0.0000, Reg=0.0275, Con=3.9609
2025-09-14 10:57:26,832 - INFO - Batch 1750/2278: Loss=1.1883, Cls=0.0000, Reg=0.0000, Con=3.9610
2025-09-14 10:57:27,700 - INFO - Batch 1760/2278: Loss=1.1883, Cls=0.0000, Reg=0.0000, Con=3.9609
2025-09-14 10:57:28,587 - INFO - Batch 1770/2278: Loss=1.1883, Cls=0.0000, Reg=0.0000, Con=3.9610
2025-09-14 10:57:29,463 - INFO - Batch 1780/2278: Loss=2.1637, Cls=0.0000, Reg=0.9754, Con=3.9611
2025-09-14 10:57:30,314 - INFO - Batch 1790/2278: Loss=1.1882, Cls=0.0000, Reg=0.0000, Con=3.9608
2025-09-14 10:57:31,230 - INFO - Batch 1800/2278: Loss=0.0000, Cls=0.0000, Reg=0.0000, Con=0.0000
2025-09-14 10:57:32,240 - INFO - Batch 1810/2278: Loss=1.1883, Cls=0.0000, Reg=0.0000, Con=3.9609
2025-09-14 10:57:33,210 - INFO - Batch 1820/2278: Loss=0.0000, Cls=0.0000, Reg=0.0000, Con=0.0000
2025-09-14 10:57:34,065 - INFO - Batch 1830/2278: Loss=1.1883, Cls=0.0000, Reg=0.0000, Con=3.9609
2025-09-14 10:57:34,910 - INFO - Batch 1840/2278: Loss=0.0000, Cls=0.0000, Reg=0.0000, Con=0.0000
2025-09-14 10:57:35,848 - INFO - Batch 1850/2278: Loss=1.1882, Cls=0.0000, Reg=0.0000, Con=3.9608
2025-09-14 10:57:36,751 - INFO - Batch 1860/2278: Loss=1.1883, Cls=0.0000, Reg=0.0000, Con=3.9612
2025-09-14 10:57:37,685 - INFO - Batch 1870/2278: Loss=1.2255, Cls=0.0000, Reg=0.0372, Con=3.9609
2025-09-14 10:57:38,570 - INFO - Batch 1880/2278: Loss=1.1883, Cls=0.0000, Reg=0.0000, Con=3.9609
2025-09-14 10:57:39,483 - INFO - Batch 1890/2278: Loss=0.0000, Cls=0.0000, Reg=0.0000, Con=0.0000
2025-09-14 10:57:40,349 - INFO - Batch 1900/2278: Loss=1.2770, Cls=0.0000, Reg=0.0887, Con=3.9609
2025-09-14 10:57:41,214 - INFO - Batch 1910/2278: Loss=0.0000, Cls=0.0000, Reg=0.0000, Con=0.0000
2025-09-14 10:57:42,201 - INFO - Batch 1920/2278: Loss=1.1882, Cls=0.0000, Reg=0.0000, Con=3.9608
2025-09-14 10:57:43,211 - INFO - Batch 1930/2278: Loss=1.1882, Cls=0.0000, Reg=0.0000, Con=3.9608
2025-09-14 10:57:44,142 - INFO - Batch 1940/2278: Loss=1.1882, Cls=0.0000, Reg=0.0000, Con=3.9608
2025-09-14 10:57:44,992 - INFO - Batch 1950/2278: Loss=0.0000, Cls=0.0000, Reg=0.0000, Con=0.0000
2025-09-14 10:57:45,863 - INFO - Batch 1960/2278: Loss=1.2143, Cls=0.0000, Reg=0.0259, Con=3.9615
2025-09-14 10:57:46,731 - INFO - Batch 1970/2278: Loss=1.1882, Cls=0.0000, Reg=0.0000, Con=3.9607
2025-09-14 10:57:47,606 - INFO - Batch 1980/2278: Loss=1.1882, Cls=0.0000, Reg=0.0000, Con=3.9608
2025-09-14 10:57:48,469 - INFO - Batch 1990/2278: Loss=1.1883, Cls=0.0000, Reg=0.0000, Con=3.9610
2025-09-14 10:57:49,333 - INFO - Batch 2000/2278: Loss=0.0000, Cls=0.0000, Reg=0.0000, Con=0.0000
2025-09-14 10:57:50,216 - INFO - Batch 2010/2278: Loss=0.0415, Cls=0.0000, Reg=0.0415, Con=0.0000
2025-09-14 10:57:51,091 - INFO - Batch 2020/2278: Loss=0.0000, Cls=0.0000, Reg=0.0000, Con=0.0000
2025-09-14 10:57:52,094 - INFO - Batch 2030/2278: Loss=1.1883, Cls=0.0000, Reg=0.0000, Con=3.9610
2025-09-14 10:57:53,119 - INFO - Batch 2040/2278: Loss=1.1883, Cls=0.0000, Reg=0.0000, Con=3.9610
2025-09-14 10:57:54,039 - INFO - Batch 2050/2278: Loss=1.1882, Cls=0.0000, Reg=0.0000, Con=3.9608
2025-09-14 10:57:54,896 - INFO - Batch 2060/2278: Loss=1.1882, Cls=0.0000, Reg=0.0000, Con=3.9608
2025-09-14 10:57:55,772 - INFO - Batch 2070/2278: Loss=0.0203, Cls=0.0000, Reg=0.0203, Con=0.0000
2025-09-14 10:57:56,623 - INFO - Batch 2080/2278: Loss=1.1882, Cls=0.0000, Reg=0.0000, Con=3.9607
2025-09-14 10:57:57,491 - INFO - Batch 2090/2278: Loss=0.0034, Cls=0.0000, Reg=0.0034, Con=0.0000
2025-09-14 10:57:58,366 - INFO - Batch 2100/2278: Loss=0.1372, Cls=0.0000, Reg=0.1372, Con=0.0000
2025-09-14 10:57:59,231 - INFO - Batch 2110/2278: Loss=1.1883, Cls=0.0000, Reg=0.0000, Con=3.9609
2025-09-14 10:58:00,096 - INFO - Batch 2120/2278: Loss=1.1884, Cls=0.0000, Reg=0.0000, Con=3.9613
2025-09-14 10:58:00,989 - INFO - Batch 2130/2278: Loss=1.1882, Cls=0.0000, Reg=0.0000, Con=3.9605
2025-09-14 10:58:01,890 - INFO - Batch 2140/2278: Loss=0.0000, Cls=0.0000, Reg=0.0000, Con=0.0000
2025-09-14 10:58:02,896 - INFO - Batch 2150/2278: Loss=1.1883, Cls=0.0000, Reg=0.0000, Con=3.9609
2025-09-14 10:58:03,774 - INFO - Batch 2160/2278: Loss=1.2592, Cls=0.0000, Reg=0.0709, Con=3.9610
2025-09-14 10:58:04,634 - INFO - Batch 2170/2278: Loss=1.1883, Cls=0.0000, Reg=0.0000, Con=3.9608
2025-09-14 10:58:05,506 - INFO - Batch 2180/2278: Loss=1.1882, Cls=0.0000, Reg=0.0000, Con=3.9607
2025-09-14 10:58:06,407 - INFO - Batch 2190/2278: Loss=1.2288, Cls=0.0000, Reg=0.0405, Con=3.9608
2025-09-14 10:58:07,386 - INFO - Batch 2200/2278: Loss=1.1885, Cls=0.0000, Reg=0.0000, Con=3.9616
2025-09-14 10:58:08,297 - INFO - Batch 2210/2278: Loss=0.0000, Cls=0.0000, Reg=0.0000, Con=0.0000
2025-09-14 10:58:09,220 - INFO - Batch 2220/2278: Loss=0.0000, Cls=0.0000, Reg=0.0000, Con=0.0000
2025-09-14 10:58:10,082 - INFO - Batch 2230/2278: Loss=1.1883, Cls=0.0000, Reg=0.0000, Con=3.9609
2025-09-14 10:58:10,952 - INFO - Batch 2240/2278: Loss=1.1883, Cls=0.0000, Reg=0.0000, Con=3.9609
2025-09-14 10:58:11,805 - INFO - Batch 2250/2278: Loss=0.0326, Cls=0.0000, Reg=0.0326, Con=0.0000
2025-09-14 10:58:12,695 - INFO - Batch 2260/2278: Loss=1.1882, Cls=0.0000, Reg=0.0000, Con=3.9608
2025-09-14 10:58:13,572 - INFO - Batch 2270/2278: Loss=1.1882, Cls=0.0000, Reg=0.0000, Con=3.9608
2025-09-14 11:01:42,270 - INFO - === Epoch 1 Results ===
2025-09-14 11:01:42,270 - INFO - Training Loss: 0.9698 (Classification: 0.0000, Regression: 0.0668)
2025-09-14 11:01:42,270 - INFO - Validation Loss: 0.0155 (Classification: 0.0000, Regression: 0.0155)
2025-09-14 11:01:42,270 - INFO - Average R²: 0.6556 (on 1/5 tasks)
2025-09-14 11:01:42,270 - INFO - Average RMSE: 0.8102
2025-09-14 11:01:42,802 - INFO - Best model saved to: experiments/r1c3_headft_reg_2_seed_42_20250914_105449/checkpoints/r1c3_headft_reg_2_seed_42_best.pth
2025-09-14 11:01:42,803 - INFO - 
Epoch 2/3
2025-09-14 11:01:42,907 - INFO - Batch 0/2278: Loss=0.0000, Cls=0.0000, Reg=0.0000, Con=0.0000
2025-09-14 11:01:43,866 - INFO - Batch 10/2278: Loss=1.1881, Cls=0.0000, Reg=0.0000, Con=3.9604
2025-09-14 11:01:44,787 - INFO - Batch 20/2278: Loss=0.2795, Cls=0.0000, Reg=0.2795, Con=0.0000
2025-09-14 11:01:45,752 - INFO - Batch 30/2278: Loss=1.1882, Cls=0.0000, Reg=0.0000, Con=3.9608
2025-09-14 11:01:46,671 - INFO - Batch 40/2278: Loss=1.1883, Cls=0.0000, Reg=0.0000, Con=3.9609
2025-09-14 11:01:47,636 - INFO - Batch 50/2278: Loss=1.1882, Cls=0.0000, Reg=0.0000, Con=3.9608
2025-09-14 11:01:48,546 - INFO - Batch 60/2278: Loss=1.1883, Cls=0.0000, Reg=0.0000, Con=3.9609
2025-09-14 11:01:49,427 - INFO - Batch 70/2278: Loss=1.1883, Cls=0.0000, Reg=0.0000, Con=3.9609
2025-09-14 11:01:50,387 - INFO - Batch 80/2278: Loss=1.4255, Cls=0.0000, Reg=0.2372, Con=3.9612
2025-09-14 11:01:51,307 - INFO - Batch 90/2278: Loss=0.0000, Cls=0.0000, Reg=0.0000, Con=0.0000
2025-09-14 11:01:52,286 - INFO - Batch 100/2278: Loss=1.1883, Cls=0.0000, Reg=0.0000, Con=3.9608
2025-09-14 11:01:53,305 - INFO - Batch 110/2278: Loss=0.0000, Cls=0.0000, Reg=0.0000, Con=0.0000
2025-09-14 11:01:54,249 - INFO - Batch 120/2278: Loss=1.1882, Cls=0.0000, Reg=0.0000, Con=3.9607
2025-09-14 11:01:55,131 - INFO - Batch 130/2278: Loss=1.1882, Cls=0.0000, Reg=0.0000, Con=3.9608
2025-09-14 11:01:55,999 - INFO - Batch 140/2278: Loss=0.0000, Cls=0.0000, Reg=0.0000, Con=0.0000
2025-09-14 11:01:56,881 - INFO - Batch 150/2278: Loss=1.2742, Cls=0.0000, Reg=0.0860, Con=3.9608
2025-09-14 11:01:57,845 - INFO - Batch 160/2278: Loss=1.1882, Cls=0.0000, Reg=0.0000, Con=3.9607
2025-09-14 11:01:58,713 - INFO - Batch 170/2278: Loss=1.1883, Cls=0.0000, Reg=0.0000, Con=3.9609
2025-09-14 11:01:59,591 - INFO - Batch 180/2278: Loss=0.0000, Cls=0.0000, Reg=0.0000, Con=0.0000
2025-09-14 11:02:00,462 - INFO - Batch 190/2278: Loss=0.0000, Cls=0.0000, Reg=0.0000, Con=0.0000
2025-09-14 11:02:01,345 - INFO - Batch 200/2278: Loss=0.0000, Cls=0.0000, Reg=0.0000, Con=0.0000
2025-09-14 11:02:02,211 - INFO - Batch 210/2278: Loss=1.3560, Cls=0.0000, Reg=0.1678, Con=3.9607
2025-09-14 11:02:03,092 - INFO - Batch 220/2278: Loss=1.1882, Cls=0.0000, Reg=0.0000, Con=3.9608
2025-09-14 11:02:03,976 - INFO - Batch 230/2278: Loss=0.0000, Cls=0.0000, Reg=0.0000, Con=0.0000
2025-09-14 11:02:04,863 - INFO - Batch 240/2278: Loss=1.1882, Cls=0.0000, Reg=0.0000, Con=3.9608
2025-09-14 11:02:05,750 - INFO - Batch 250/2278: Loss=1.1883, Cls=0.0000, Reg=0.0000, Con=3.9608
2025-09-14 11:02:06,618 - INFO - Batch 260/2278: Loss=1.1882, Cls=0.0000, Reg=0.0000, Con=3.9608
2025-09-14 11:02:07,494 - INFO - Batch 270/2278: Loss=1.1882, Cls=0.0000, Reg=0.0000, Con=3.9608
2025-09-14 11:02:08,383 - INFO - Batch 280/2278: Loss=0.0000, Cls=0.0000, Reg=0.0000, Con=0.0000
2025-09-14 11:02:09,259 - INFO - Batch 290/2278: Loss=1.1882, Cls=0.0000, Reg=0.0000, Con=3.9608
2025-09-14 11:02:10,177 - INFO - Batch 300/2278: Loss=0.0000, Cls=0.0000, Reg=0.0000, Con=0.0000
2025-09-14 11:02:11,113 - INFO - Batch 310/2278: Loss=0.0000, Cls=0.0000, Reg=0.0000, Con=0.0000
2025-09-14 11:02:12,161 - INFO - Batch 320/2278: Loss=1.1883, Cls=0.0000, Reg=0.0000, Con=3.9609
2025-09-14 11:02:13,069 - INFO - Batch 330/2278: Loss=1.1883, Cls=0.0000, Reg=0.0000, Con=3.9609
2025-09-14 11:02:14,030 - INFO - Batch 340/2278: Loss=0.0000, Cls=0.0000, Reg=0.0000, Con=0.0000
2025-09-14 11:02:15,083 - INFO - Batch 350/2278: Loss=1.1882, Cls=0.0000, Reg=0.0000, Con=3.9608
2025-09-14 11:02:16,097 - INFO - Batch 360/2278: Loss=0.0000, Cls=0.0000, Reg=0.0000, Con=0.0000
2025-09-14 11:02:16,968 - INFO - Batch 370/2278: Loss=1.1883, Cls=0.0000, Reg=0.0000, Con=3.9610
2025-09-14 11:02:17,834 - INFO - Batch 380/2278: Loss=1.1883, Cls=0.0000, Reg=0.0000, Con=3.9610
2025-09-14 11:02:18,727 - INFO - Batch 390/2278: Loss=1.1883, Cls=0.0000, Reg=0.0000, Con=3.9609
2025-09-14 11:02:19,670 - INFO - Batch 400/2278: Loss=1.1883, Cls=0.0000, Reg=0.0000, Con=3.9611
2025-09-14 11:02:20,630 - INFO - Batch 410/2278: Loss=1.2223, Cls=0.0000, Reg=0.0340, Con=3.9608
2025-09-14 11:02:21,569 - INFO - Batch 420/2278: Loss=1.2711, Cls=0.0000, Reg=0.0829, Con=3.9608
2025-09-14 11:02:22,481 - INFO - Batch 430/2278: Loss=1.1882, Cls=0.0000, Reg=0.0000, Con=3.9608
2025-09-14 11:02:23,380 - INFO - Batch 440/2278: Loss=1.1883, Cls=0.0000, Reg=0.0000, Con=3.9611
2025-09-14 11:02:24,269 - INFO - Batch 450/2278: Loss=1.2611, Cls=0.0000, Reg=0.0729, Con=3.9608
2025-09-14 11:02:25,159 - INFO - Batch 460/2278: Loss=1.1883, Cls=0.0000, Reg=0.0000, Con=3.9609
2025-09-14 11:02:26,070 - INFO - Batch 470/2278: Loss=1.1884, Cls=0.0000, Reg=0.0000, Con=3.9612
2025-09-14 11:02:27,048 - INFO - Batch 480/2278: Loss=0.0000, Cls=0.0000, Reg=0.0000, Con=0.0000
2025-09-14 11:02:27,993 - INFO - Batch 490/2278: Loss=0.0000, Cls=0.0000, Reg=0.0000, Con=0.0000
2025-09-14 11:02:28,877 - INFO - Batch 500/2278: Loss=1.3179, Cls=0.0000, Reg=0.1296, Con=3.9609
2025-09-14 11:02:29,797 - INFO - Batch 510/2278: Loss=1.1883, Cls=0.0000, Reg=0.0000, Con=3.9611
2025-09-14 11:02:30,715 - INFO - Batch 520/2278: Loss=1.7066, Cls=0.0000, Reg=0.5184, Con=3.9609
2025-09-14 11:02:31,622 - INFO - Batch 530/2278: Loss=0.3394, Cls=0.0000, Reg=0.3394, Con=0.0000
2025-09-14 11:02:32,487 - INFO - Batch 540/2278: Loss=1.2806, Cls=0.0000, Reg=0.0924, Con=3.9609
2025-09-14 11:02:33,349 - INFO - Batch 550/2278: Loss=1.2005, Cls=0.0000, Reg=0.0123, Con=3.9608
2025-09-14 11:02:34,228 - INFO - Batch 560/2278: Loss=1.1883, Cls=0.0000, Reg=0.0000, Con=3.9610
2025-09-14 11:02:35,123 - INFO - Batch 570/2278: Loss=0.0000, Cls=0.0000, Reg=0.0000, Con=0.0000
2025-09-14 11:02:36,031 - INFO - Batch 580/2278: Loss=1.1883, Cls=0.0000, Reg=0.0000, Con=3.9609
2025-09-14 11:02:36,916 - INFO - Batch 590/2278: Loss=1.1883, Cls=0.0000, Reg=0.0000, Con=3.9611
2025-09-14 11:02:37,783 - INFO - Batch 600/2278: Loss=1.1883, Cls=0.0000, Reg=0.0000, Con=3.9609
2025-09-14 11:02:38,664 - INFO - Batch 610/2278: Loss=1.1939, Cls=0.0000, Reg=0.0056, Con=3.9609
2025-09-14 11:02:39,540 - INFO - Batch 620/2278: Loss=1.1883, Cls=0.0000, Reg=0.0000, Con=3.9610
2025-09-14 11:02:40,401 - INFO - Batch 630/2278: Loss=0.0000, Cls=0.0000, Reg=0.0000, Con=0.0000
2025-09-14 11:02:41,334 - INFO - Batch 640/2278: Loss=1.1883, Cls=0.0000, Reg=0.0000, Con=3.9610
2025-09-14 11:02:42,304 - INFO - Batch 650/2278: Loss=1.1883, Cls=0.0000, Reg=0.0000, Con=3.9609
2025-09-14 11:02:43,217 - INFO - Batch 660/2278: Loss=0.0345, Cls=0.0000, Reg=0.0345, Con=0.0000
2025-09-14 11:02:44,202 - INFO - Batch 670/2278: Loss=0.0055, Cls=0.0000, Reg=0.0055, Con=0.0000
2025-09-14 11:02:45,181 - INFO - Batch 680/2278: Loss=1.1883, Cls=0.0000, Reg=0.0000, Con=3.9609
2025-09-14 11:02:46,141 - INFO - Batch 690/2278: Loss=1.1882, Cls=0.0000, Reg=0.0000, Con=3.9606
2025-09-14 11:02:47,110 - INFO - Batch 700/2278: Loss=1.1883, Cls=0.0000, Reg=0.0000, Con=3.9610
2025-09-14 11:02:48,125 - INFO - Batch 710/2278: Loss=1.1882, Cls=0.0000, Reg=0.0000, Con=3.9608
2025-09-14 11:02:49,017 - INFO - Batch 720/2278: Loss=1.1882, Cls=0.0000, Reg=0.0000, Con=3.9607
2025-09-14 11:02:49,894 - INFO - Batch 730/2278: Loss=1.4433, Cls=0.0000, Reg=0.2548, Con=3.9615
2025-09-14 11:02:50,758 - INFO - Batch 740/2278: Loss=0.0000, Cls=0.0000, Reg=0.0000, Con=0.0000
2025-09-14 11:02:51,641 - INFO - Batch 750/2278: Loss=1.1883, Cls=0.0000, Reg=0.0000, Con=3.9609
2025-09-14 11:02:52,508 - INFO - Batch 760/2278: Loss=1.1884, Cls=0.0000, Reg=0.0000, Con=3.9612
2025-09-14 11:02:53,396 - INFO - Batch 770/2278: Loss=1.1882, Cls=0.0000, Reg=0.0000, Con=3.9608
2025-09-14 11:02:54,306 - INFO - Batch 780/2278: Loss=1.1882, Cls=0.0000, Reg=0.0000, Con=3.9607
2025-09-14 11:02:55,190 - INFO - Batch 790/2278: Loss=0.0000, Cls=0.0000, Reg=0.0000, Con=0.0000
2025-09-14 11:02:56,100 - INFO - Batch 800/2278: Loss=1.1882, Cls=0.0000, Reg=0.0000, Con=3.9608
2025-09-14 11:02:57,003 - INFO - Batch 810/2278: Loss=1.1883, Cls=0.0000, Reg=0.0000, Con=3.9608
2025-09-14 11:02:57,931 - INFO - Batch 820/2278: Loss=0.0000, Cls=0.0000, Reg=0.0000, Con=0.0000
2025-09-14 11:02:58,929 - INFO - Batch 830/2278: Loss=1.1883, Cls=0.0000, Reg=0.0000, Con=3.9611
2025-09-14 11:02:59,854 - INFO - Batch 840/2278: Loss=1.1947, Cls=0.0000, Reg=0.0064, Con=3.9608
2025-09-14 11:03:00,788 - INFO - Batch 850/2278: Loss=1.7302, Cls=0.0000, Reg=0.5420, Con=3.9608
2025-09-14 11:03:01,748 - INFO - Batch 860/2278: Loss=0.0000, Cls=0.0000, Reg=0.0000, Con=0.0000
2025-09-14 11:03:02,637 - INFO - Batch 870/2278: Loss=1.1883, Cls=0.0000, Reg=0.0000, Con=3.9609
2025-09-14 11:03:03,554 - INFO - Batch 880/2278: Loss=1.1883, Cls=0.0000, Reg=0.0000, Con=3.9609
2025-09-14 11:03:04,491 - INFO - Batch 890/2278: Loss=1.1883, Cls=0.0000, Reg=0.0000, Con=3.9609
2025-09-14 11:03:05,506 - INFO - Batch 900/2278: Loss=1.1883, Cls=0.0000, Reg=0.0000, Con=3.9609
2025-09-14 11:03:06,438 - INFO - Batch 910/2278: Loss=1.1883, Cls=0.0000, Reg=0.0000, Con=3.9611
2025-09-14 11:03:07,428 - INFO - Batch 920/2278: Loss=1.1882, Cls=0.0000, Reg=0.0000, Con=3.9608
2025-09-14 11:03:08,374 - INFO - Batch 930/2278: Loss=1.1882, Cls=0.0000, Reg=0.0000, Con=3.9608
2025-09-14 11:03:09,272 - INFO - Batch 940/2278: Loss=1.1882, Cls=0.0000, Reg=0.0000, Con=3.9608
2025-09-14 11:03:10,161 - INFO - Batch 950/2278: Loss=1.1882, Cls=0.0000, Reg=0.0000, Con=3.9608
2025-09-14 11:03:11,101 - INFO - Batch 960/2278: Loss=1.4001, Cls=0.0000, Reg=0.2119, Con=3.9607
2025-09-14 11:03:12,091 - INFO - Batch 970/2278: Loss=1.3334, Cls=0.0000, Reg=0.1451, Con=3.9609
2025-09-14 11:03:12,975 - INFO - Batch 980/2278: Loss=1.1883, Cls=0.0000, Reg=0.0000, Con=3.9609
2025-09-14 11:03:13,857 - INFO - Batch 990/2278: Loss=1.1882, Cls=0.0000, Reg=0.0000, Con=3.9606
2025-09-14 11:03:14,740 - INFO - Batch 1000/2278: Loss=1.1883, Cls=0.0000, Reg=0.0000, Con=3.9610
2025-09-14 11:03:15,718 - INFO - Batch 1010/2278: Loss=1.1883, Cls=0.0000, Reg=0.0000, Con=3.9608
2025-09-14 11:03:16,585 - INFO - Batch 1020/2278: Loss=1.1884, Cls=0.0000, Reg=0.0000, Con=3.9614
2025-09-14 11:03:17,486 - INFO - Batch 1030/2278: Loss=1.1882, Cls=0.0000, Reg=0.0000, Con=3.9608
2025-09-14 11:03:18,444 - INFO - Batch 1040/2278: Loss=0.0095, Cls=0.0000, Reg=0.0095, Con=0.0000
2025-09-14 11:03:19,418 - INFO - Batch 1050/2278: Loss=1.1884, Cls=0.0000, Reg=0.0000, Con=3.9613
2025-09-14 11:03:20,307 - INFO - Batch 1060/2278: Loss=1.2659, Cls=0.0000, Reg=0.0777, Con=3.9607
2025-09-14 11:03:21,189 - INFO - Batch 1070/2278: Loss=1.1884, Cls=0.0000, Reg=0.0000, Con=3.9615
2025-09-14 11:03:22,065 - INFO - Batch 1080/2278: Loss=0.1044, Cls=0.0000, Reg=0.1044, Con=0.0000
2025-09-14 11:03:23,082 - INFO - Batch 1090/2278: Loss=1.1883, Cls=0.0000, Reg=0.0000, Con=3.9608
2025-09-14 11:03:24,105 - INFO - Batch 1100/2278: Loss=0.0000, Cls=0.0000, Reg=0.0000, Con=0.0000
2025-09-14 11:03:25,029 - INFO - Batch 1110/2278: Loss=1.1883, Cls=0.0000, Reg=0.0000, Con=3.9609
2025-09-14 11:03:25,925 - INFO - Batch 1120/2278: Loss=1.5392, Cls=0.0000, Reg=0.3510, Con=3.9609
2025-09-14 11:03:26,811 - INFO - Batch 1130/2278: Loss=1.2026, Cls=0.0000, Reg=0.0144, Con=3.9608
2025-09-14 11:03:27,729 - INFO - Batch 1140/2278: Loss=1.1882, Cls=0.0000, Reg=0.0000, Con=3.9608
2025-09-14 11:03:28,638 - INFO - Batch 1150/2278: Loss=1.2807, Cls=0.0000, Reg=0.0924, Con=3.9608
2025-09-14 11:03:29,528 - INFO - Batch 1160/2278: Loss=1.1882, Cls=0.0000, Reg=0.0000, Con=3.9608
2025-09-14 11:03:30,415 - INFO - Batch 1170/2278: Loss=0.0000, Cls=0.0000, Reg=0.0000, Con=0.0000
2025-09-14 11:03:31,303 - INFO - Batch 1180/2278: Loss=0.0000, Cls=0.0000, Reg=0.0000, Con=0.0000
2025-09-14 11:03:32,192 - INFO - Batch 1190/2278: Loss=1.1883, Cls=0.0000, Reg=0.0000, Con=3.9609
2025-09-14 11:03:33,088 - INFO - Batch 1200/2278: Loss=1.1882, Cls=0.0000, Reg=0.0000, Con=3.9608
2025-09-14 11:03:34,002 - INFO - Batch 1210/2278: Loss=0.0536, Cls=0.0000, Reg=0.0536, Con=0.0000
2025-09-14 11:03:34,915 - INFO - Batch 1220/2278: Loss=1.7922, Cls=0.0000, Reg=0.6040, Con=3.9608
2025-09-14 11:03:35,931 - INFO - Batch 1230/2278: Loss=1.1883, Cls=0.0000, Reg=0.0000, Con=3.9609
2025-09-14 11:03:36,823 - INFO - Batch 1240/2278: Loss=1.1882, Cls=0.0000, Reg=0.0000, Con=3.9607
2025-09-14 11:03:37,725 - INFO - Batch 1250/2278: Loss=1.1883, Cls=0.0000, Reg=0.0000, Con=3.9608
2025-09-14 11:03:38,604 - INFO - Batch 1260/2278: Loss=1.1883, Cls=0.0000, Reg=0.0000, Con=3.9608
2025-09-14 11:03:39,471 - INFO - Batch 1270/2278: Loss=1.1883, Cls=0.0000, Reg=0.0000, Con=3.9609
2025-09-14 11:03:40,374 - INFO - Batch 1280/2278: Loss=1.1882, Cls=0.0000, Reg=0.0000, Con=3.9608
2025-09-14 11:03:41,354 - INFO - Batch 1290/2278: Loss=1.1882, Cls=0.0000, Reg=0.0000, Con=3.9608
2025-09-14 11:03:42,237 - INFO - Batch 1300/2278: Loss=0.0000, Cls=0.0000, Reg=0.0000, Con=0.0000
2025-09-14 11:03:43,115 - INFO - Batch 1310/2278: Loss=1.1883, Cls=0.0000, Reg=0.0000, Con=3.9609
2025-09-14 11:03:44,055 - INFO - Batch 1320/2278: Loss=1.1926, Cls=0.0000, Reg=0.0044, Con=3.9608
2025-09-14 11:03:44,937 - INFO - Batch 1330/2278: Loss=1.1882, Cls=0.0000, Reg=0.0000, Con=3.9607
2025-09-14 11:03:45,882 - INFO - Batch 1340/2278: Loss=1.1882, Cls=0.0000, Reg=0.0000, Con=3.9606
2025-09-14 11:03:46,773 - INFO - Batch 1350/2278: Loss=1.1882, Cls=0.0000, Reg=0.0000, Con=3.9607
2025-09-14 11:03:47,664 - INFO - Batch 1360/2278: Loss=0.0000, Cls=0.0000, Reg=0.0000, Con=0.0000
2025-09-14 11:03:48,539 - INFO - Batch 1370/2278: Loss=1.1883, Cls=0.0000, Reg=0.0000, Con=3.9609
2025-09-14 11:03:49,417 - INFO - Batch 1380/2278: Loss=1.1883, Cls=0.0000, Reg=0.0000, Con=3.9610
2025-09-14 11:03:50,302 - INFO - Batch 1390/2278: Loss=1.1882, Cls=0.0000, Reg=0.0000, Con=3.9608
2025-09-14 11:03:51,196 - INFO - Batch 1400/2278: Loss=1.1882, Cls=0.0000, Reg=0.0000, Con=3.9608
2025-09-14 11:03:52,086 - INFO - Batch 1410/2278: Loss=1.1907, Cls=0.0000, Reg=0.0023, Con=3.9612
2025-09-14 11:03:52,981 - INFO - Batch 1420/2278: Loss=1.1883, Cls=0.0000, Reg=0.0000, Con=3.9610
2025-09-14 11:03:53,894 - INFO - Batch 1430/2278: Loss=1.1882, Cls=0.0000, Reg=0.0000, Con=3.9607
2025-09-14 11:03:54,771 - INFO - Batch 1440/2278: Loss=0.0000, Cls=0.0000, Reg=0.0000, Con=0.0000
2025-09-14 11:03:55,635 - INFO - Batch 1450/2278: Loss=1.1882, Cls=0.0000, Reg=0.0000, Con=3.9608
2025-09-14 11:03:56,512 - INFO - Batch 1460/2278: Loss=0.0000, Cls=0.0000, Reg=0.0000, Con=0.0000
2025-09-14 11:03:57,389 - INFO - Batch 1470/2278: Loss=1.1882, Cls=0.0000, Reg=0.0000, Con=3.9608
2025-09-14 11:03:58,265 - INFO - Batch 1480/2278: Loss=1.1882, Cls=0.0000, Reg=0.0000, Con=3.9608
2025-09-14 11:03:59,281 - INFO - Batch 1490/2278: Loss=1.1883, Cls=0.0000, Reg=0.0000, Con=3.9608
2025-09-14 11:04:00,184 - INFO - Batch 1500/2278: Loss=1.1882, Cls=0.0000, Reg=0.0000, Con=3.9607
2025-09-14 11:04:01,073 - INFO - Batch 1510/2278: Loss=1.1897, Cls=0.0000, Reg=0.0014, Con=3.9608
2025-09-14 11:04:01,964 - INFO - Batch 1520/2278: Loss=1.7729, Cls=0.0000, Reg=0.5846, Con=3.9609
2025-09-14 11:04:02,837 - INFO - Batch 1530/2278: Loss=1.1884, Cls=0.0000, Reg=0.0000, Con=3.9612
2025-09-14 11:04:03,710 - INFO - Batch 1540/2278: Loss=1.1883, Cls=0.0000, Reg=0.0000, Con=3.9609
2025-09-14 11:04:04,582 - INFO - Batch 1550/2278: Loss=1.1883, Cls=0.0000, Reg=0.0000, Con=3.9608
2025-09-14 11:04:05,479 - INFO - Batch 1560/2278: Loss=1.5358, Cls=0.0000, Reg=0.3476, Con=3.9609
2025-09-14 11:04:06,354 - INFO - Batch 1570/2278: Loss=1.1883, Cls=0.0000, Reg=0.0000, Con=3.9610
2025-09-14 11:04:07,233 - INFO - Batch 1580/2278: Loss=1.1883, Cls=0.0000, Reg=0.0000, Con=3.9609
2025-09-14 11:04:08,269 - INFO - Batch 1590/2278: Loss=1.1883, Cls=0.0000, Reg=0.0000, Con=3.9609
2025-09-14 11:04:09,299 - INFO - Batch 1600/2278: Loss=1.1883, Cls=0.0000, Reg=0.0000, Con=3.9611
2025-09-14 11:04:10,201 - INFO - Batch 1610/2278: Loss=1.1882, Cls=0.0000, Reg=0.0000, Con=3.9608
2025-09-14 11:04:11,157 - INFO - Batch 1620/2278: Loss=1.6436, Cls=0.0000, Reg=0.4554, Con=3.9609
2025-09-14 11:04:12,025 - INFO - Batch 1630/2278: Loss=1.1882, Cls=0.0000, Reg=0.0000, Con=3.9606
2025-09-14 11:04:12,929 - INFO - Batch 1640/2278: Loss=1.1883, Cls=0.0000, Reg=0.0000, Con=3.9610
2025-09-14 11:04:13,816 - INFO - Batch 1650/2278: Loss=1.1883, Cls=0.0000, Reg=0.0000, Con=3.9608
2025-09-14 11:04:14,703 - INFO - Batch 1660/2278: Loss=0.0000, Cls=0.0000, Reg=0.0000, Con=0.0000
2025-09-14 11:04:15,692 - INFO - Batch 1670/2278: Loss=0.0000, Cls=0.0000, Reg=0.0000, Con=0.0000
2025-09-14 11:04:16,727 - INFO - Batch 1680/2278: Loss=1.1887, Cls=0.0000, Reg=0.0000, Con=3.9624
2025-09-14 11:04:17,795 - INFO - Batch 1690/2278: Loss=0.0000, Cls=0.0000, Reg=0.0000, Con=0.0000
2025-09-14 11:04:18,705 - INFO - Batch 1700/2278: Loss=1.2864, Cls=0.0000, Reg=0.0982, Con=3.9609
2025-09-14 11:04:19,590 - INFO - Batch 1710/2278: Loss=1.1882, Cls=0.0000, Reg=0.0000, Con=3.9607
2025-09-14 11:04:20,493 - INFO - Batch 1720/2278: Loss=0.0000, Cls=0.0000, Reg=0.0000, Con=0.0000
2025-09-14 11:04:21,435 - INFO - Batch 1730/2278: Loss=1.9691, Cls=0.0000, Reg=0.7808, Con=3.9608
2025-09-14 11:04:22,304 - INFO - Batch 1740/2278: Loss=1.1882, Cls=0.0000, Reg=0.0000, Con=3.9608
2025-09-14 11:04:23,307 - INFO - Batch 1750/2278: Loss=1.1883, Cls=0.0000, Reg=0.0000, Con=3.9610
2025-09-14 11:04:24,266 - INFO - Batch 1760/2278: Loss=1.1883, Cls=0.0000, Reg=0.0000, Con=3.9610
2025-09-14 11:04:25,174 - INFO - Batch 1770/2278: Loss=1.2168, Cls=0.0000, Reg=0.0285, Con=3.9607
2025-09-14 11:04:26,049 - INFO - Batch 1780/2278: Loss=0.0000, Cls=0.0000, Reg=0.0000, Con=0.0000
2025-09-14 11:04:26,935 - INFO - Batch 1790/2278: Loss=0.0000, Cls=0.0000, Reg=0.0000, Con=0.0000
2025-09-14 11:04:27,876 - INFO - Batch 1800/2278: Loss=1.1883, Cls=0.0000, Reg=0.0000, Con=3.9609
2025-09-14 11:04:28,760 - INFO - Batch 1810/2278: Loss=1.1883, Cls=0.0000, Reg=0.0000, Con=3.9609
2025-09-14 11:04:29,638 - INFO - Batch 1820/2278: Loss=1.1882, Cls=0.0000, Reg=0.0000, Con=3.9608
2025-09-14 11:04:30,515 - INFO - Batch 1830/2278: Loss=1.1882, Cls=0.0000, Reg=0.0000, Con=3.9607
2025-09-14 11:04:31,440 - INFO - Batch 1840/2278: Loss=1.1882, Cls=0.0000, Reg=0.0000, Con=3.9608
2025-09-14 11:04:32,339 - INFO - Batch 1850/2278: Loss=0.0000, Cls=0.0000, Reg=0.0000, Con=0.0000
2025-09-14 11:04:33,245 - INFO - Batch 1860/2278: Loss=1.2042, Cls=0.0000, Reg=0.0159, Con=3.9609
2025-09-14 11:04:34,120 - INFO - Batch 1870/2278: Loss=1.1883, Cls=0.0000, Reg=0.0000, Con=3.9608
2025-09-14 11:04:35,011 - INFO - Batch 1880/2278: Loss=0.0243, Cls=0.0000, Reg=0.0243, Con=0.0000
2025-09-14 11:04:35,980 - INFO - Batch 1890/2278: Loss=0.0000, Cls=0.0000, Reg=0.0000, Con=0.0000
2025-09-14 11:04:36,996 - INFO - Batch 1900/2278: Loss=0.0937, Cls=0.0000, Reg=0.0937, Con=0.0000
2025-09-14 11:04:37,898 - INFO - Batch 1910/2278: Loss=1.1883, Cls=0.0000, Reg=0.0000, Con=3.9611
2025-09-14 11:04:38,874 - INFO - Batch 1920/2278: Loss=1.1883, Cls=0.0000, Reg=0.0000, Con=3.9609
2025-09-14 11:04:39,853 - INFO - Batch 1930/2278: Loss=1.1883, Cls=0.0000, Reg=0.0000, Con=3.9609
2025-09-14 11:04:40,730 - INFO - Batch 1940/2278: Loss=0.0000, Cls=0.0000, Reg=0.0000, Con=0.0000
2025-09-14 11:04:41,594 - INFO - Batch 1950/2278: Loss=1.1883, Cls=0.0000, Reg=0.0000, Con=3.9610
2025-09-14 11:04:42,523 - INFO - Batch 1960/2278: Loss=1.1882, Cls=0.0000, Reg=0.0000, Con=3.9608
2025-09-14 11:04:43,475 - INFO - Batch 1970/2278: Loss=0.0000, Cls=0.0000, Reg=0.0000, Con=0.0000
2025-09-14 11:04:44,423 - INFO - Batch 1980/2278: Loss=0.1106, Cls=0.0000, Reg=0.1106, Con=0.0000
2025-09-14 11:04:45,446 - INFO - Batch 1990/2278: Loss=0.0068, Cls=0.0000, Reg=0.0068, Con=0.0000
2025-09-14 11:04:46,321 - INFO - Batch 2000/2278: Loss=1.1883, Cls=0.0000, Reg=0.0000, Con=3.9609
2025-09-14 11:04:47,229 - INFO - Batch 2010/2278: Loss=0.0166, Cls=0.0000, Reg=0.0166, Con=0.0000
2025-09-14 11:04:48,109 - INFO - Batch 2020/2278: Loss=1.1893, Cls=0.0000, Reg=0.0010, Con=3.9611
2025-09-14 11:04:48,970 - INFO - Batch 2030/2278: Loss=1.1882, Cls=0.0000, Reg=0.0000, Con=3.9608
2025-09-14 11:04:49,955 - INFO - Batch 2040/2278: Loss=1.5360, Cls=0.0000, Reg=0.3477, Con=3.9609
2025-09-14 11:04:50,902 - INFO - Batch 2050/2278: Loss=1.1883, Cls=0.0000, Reg=0.0000, Con=3.9609
2025-09-14 11:04:51,823 - INFO - Batch 2060/2278: Loss=1.1882, Cls=0.0000, Reg=0.0000, Con=3.9607
2025-09-14 11:04:52,714 - INFO - Batch 2070/2278: Loss=1.1882, Cls=0.0000, Reg=0.0000, Con=3.9608
2025-09-14 11:04:53,606 - INFO - Batch 2080/2278: Loss=0.1451, Cls=0.0000, Reg=0.1451, Con=0.0000
2025-09-14 11:04:54,513 - INFO - Batch 2090/2278: Loss=1.1883, Cls=0.0000, Reg=0.0000, Con=3.9608
2025-09-14 11:04:55,437 - INFO - Batch 2100/2278: Loss=0.0290, Cls=0.0000, Reg=0.0290, Con=0.0000
2025-09-14 11:04:56,389 - INFO - Batch 2110/2278: Loss=1.1883, Cls=0.0000, Reg=0.0000, Con=3.9610
2025-09-14 11:04:57,370 - INFO - Batch 2120/2278: Loss=1.1882, Cls=0.0000, Reg=0.0000, Con=3.9607
2025-09-14 11:04:58,273 - INFO - Batch 2130/2278: Loss=1.1883, Cls=0.0000, Reg=0.0000, Con=3.9609
2025-09-14 11:04:59,169 - INFO - Batch 2140/2278: Loss=1.1882, Cls=0.0000, Reg=0.0000, Con=3.9607
2025-09-14 11:05:00,051 - INFO - Batch 2150/2278: Loss=0.0218, Cls=0.0000, Reg=0.0218, Con=0.0000
2025-09-14 11:05:00,926 - INFO - Batch 2160/2278: Loss=1.1884, Cls=0.0000, Reg=0.0000, Con=3.9612
2025-09-14 11:05:01,802 - INFO - Batch 2170/2278: Loss=0.0000, Cls=0.0000, Reg=0.0000, Con=0.0000
2025-09-14 11:05:02,694 - INFO - Batch 2180/2278: Loss=1.2020, Cls=0.0000, Reg=0.0138, Con=3.9608
2025-09-14 11:05:03,560 - INFO - Batch 2190/2278: Loss=1.2184, Cls=0.0000, Reg=0.0302, Con=3.9608
2025-09-14 11:05:04,437 - INFO - Batch 2200/2278: Loss=1.1883, Cls=0.0000, Reg=0.0000, Con=3.9608
2025-09-14 11:05:05,325 - INFO - Batch 2210/2278: Loss=0.0000, Cls=0.0000, Reg=0.0000, Con=0.0000
2025-09-14 11:05:06,220 - INFO - Batch 2220/2278: Loss=1.1882, Cls=0.0000, Reg=0.0000, Con=3.9605
2025-09-14 11:05:07,160 - INFO - Batch 2230/2278: Loss=1.1882, Cls=0.0000, Reg=0.0000, Con=3.9608
2025-09-14 11:05:08,127 - INFO - Batch 2240/2278: Loss=1.1883, Cls=0.0000, Reg=0.0000, Con=3.9610
2025-09-14 11:05:09,022 - INFO - Batch 2250/2278: Loss=1.1883, Cls=0.0000, Reg=0.0000, Con=3.9609
2025-09-14 11:05:10,049 - INFO - Batch 2260/2278: Loss=1.1882, Cls=0.0000, Reg=0.0000, Con=3.9608
2025-09-14 11:05:10,960 - INFO - Batch 2270/2278: Loss=1.6473, Cls=0.0000, Reg=0.4591, Con=3.9608
2025-09-14 11:08:40,813 - INFO - === Epoch 2 Results ===
2025-09-14 11:08:40,813 - INFO - Training Loss: 0.9615 (Classification: 0.0000, Regression: 0.0482)
2025-09-14 11:08:40,813 - INFO - Validation Loss: 0.0150 (Classification: 0.0000, Regression: 0.0150)
2025-09-14 11:08:40,814 - INFO - Average R²: 0.6648 (on 1/5 tasks)
2025-09-14 11:08:40,814 - INFO - Average RMSE: 0.7993
2025-09-14 11:08:43,567 - INFO - Best model saved to: experiments/r1c3_headft_reg_2_seed_42_20250914_105449/checkpoints/r1c3_headft_reg_2_seed_42_best.pth
2025-09-14 11:08:43,567 - INFO - 
Epoch 3/3
2025-09-14 11:08:43,711 - INFO - Batch 0/2278: Loss=1.1882, Cls=0.0000, Reg=0.0000, Con=3.9608
2025-09-14 11:08:44,624 - INFO - Batch 10/2278: Loss=0.0355, Cls=0.0000, Reg=0.0355, Con=0.0000
2025-09-14 11:08:45,624 - INFO - Batch 20/2278: Loss=1.1882, Cls=0.0000, Reg=0.0000, Con=3.9608
2025-09-14 11:08:46,559 - INFO - Batch 30/2278: Loss=1.1883, Cls=0.0000, Reg=0.0000, Con=3.9611
2025-09-14 11:08:47,426 - INFO - Batch 40/2278: Loss=1.1882, Cls=0.0000, Reg=0.0000, Con=3.9608
2025-09-14 11:08:48,315 - INFO - Batch 50/2278: Loss=1.1883, Cls=0.0000, Reg=0.0000, Con=3.9609
2025-09-14 11:08:49,248 - INFO - Batch 60/2278: Loss=1.1882, Cls=0.0000, Reg=0.0000, Con=3.9607
2025-09-14 11:08:50,143 - INFO - Batch 70/2278: Loss=1.1884, Cls=0.0000, Reg=0.0000, Con=3.9613
2025-09-14 11:08:51,043 - INFO - Batch 80/2278: Loss=0.0000, Cls=0.0000, Reg=0.0000, Con=0.0000
2025-09-14 11:08:52,091 - INFO - Batch 90/2278: Loss=1.1883, Cls=0.0000, Reg=0.0000, Con=3.9608
2025-09-14 11:08:53,143 - INFO - Batch 100/2278: Loss=0.0000, Cls=0.0000, Reg=0.0000, Con=0.0000
2025-09-14 11:08:54,143 - INFO - Batch 110/2278: Loss=1.1883, Cls=0.0000, Reg=0.0000, Con=3.9608
2025-09-14 11:08:55,029 - INFO - Batch 120/2278: Loss=0.0000, Cls=0.0000, Reg=0.0000, Con=0.0000
2025-09-14 11:08:55,907 - INFO - Batch 130/2278: Loss=1.1883, Cls=0.0000, Reg=0.0000, Con=3.9611
2025-09-14 11:08:56,949 - INFO - Batch 140/2278: Loss=1.1883, Cls=0.0000, Reg=0.0000, Con=3.9609
2025-09-14 11:08:57,830 - INFO - Batch 150/2278: Loss=1.1883, Cls=0.0000, Reg=0.0000, Con=3.9610
2025-09-14 11:08:58,746 - INFO - Batch 160/2278: Loss=1.1882, Cls=0.0000, Reg=0.0000, Con=3.9608
2025-09-14 11:08:59,626 - INFO - Batch 170/2278: Loss=1.1882, Cls=0.0000, Reg=0.0000, Con=3.9608
2025-09-14 11:09:00,498 - INFO - Batch 180/2278: Loss=1.1883, Cls=0.0000, Reg=0.0000, Con=3.9609
2025-09-14 11:09:01,401 - INFO - Batch 190/2278: Loss=1.1882, Cls=0.0000, Reg=0.0000, Con=3.9608
2025-09-14 11:09:02,297 - INFO - Batch 200/2278: Loss=1.3591, Cls=0.0000, Reg=0.1708, Con=3.9608
2025-09-14 11:09:03,172 - INFO - Batch 210/2278: Loss=1.1882, Cls=0.0000, Reg=0.0000, Con=3.9606
2025-09-14 11:09:04,045 - INFO - Batch 220/2278: Loss=0.0000, Cls=0.0000, Reg=0.0000, Con=0.0000
2025-09-14 11:09:04,957 - INFO - Batch 230/2278: Loss=1.1882, Cls=0.0000, Reg=0.0000, Con=3.9608
2025-09-14 11:09:05,996 - INFO - Batch 240/2278: Loss=0.0000, Cls=0.0000, Reg=0.0000, Con=0.0000
2025-09-14 11:09:06,875 - INFO - Batch 250/2278: Loss=0.4561, Cls=0.0000, Reg=0.4561, Con=0.0000
2025-09-14 11:09:07,748 - INFO - Batch 260/2278: Loss=0.0000, Cls=0.0000, Reg=0.0000, Con=0.0000
2025-09-14 11:09:08,650 - INFO - Batch 270/2278: Loss=1.1882, Cls=0.0000, Reg=0.0000, Con=3.9607
2025-09-14 11:09:09,525 - INFO - Batch 280/2278: Loss=0.0000, Cls=0.0000, Reg=0.0000, Con=0.0000
2025-09-14 11:09:10,411 - INFO - Batch 290/2278: Loss=1.1883, Cls=0.0000, Reg=0.0000, Con=3.9609
2025-09-14 11:09:11,278 - INFO - Batch 300/2278: Loss=0.0000, Cls=0.0000, Reg=0.0000, Con=0.0000
2025-09-14 11:09:12,228 - INFO - Batch 310/2278: Loss=0.0000, Cls=0.0000, Reg=0.0000, Con=0.0000
2025-09-14 11:09:13,148 - INFO - Batch 320/2278: Loss=1.1883, Cls=0.0000, Reg=0.0000, Con=3.9609
2025-09-14 11:09:14,003 - INFO - Batch 330/2278: Loss=1.2197, Cls=0.0000, Reg=0.0314, Con=3.9610
2025-09-14 11:09:14,894 - INFO - Batch 340/2278: Loss=0.0000, Cls=0.0000, Reg=0.0000, Con=0.0000
2025-09-14 11:09:15,791 - INFO - Batch 350/2278: Loss=1.4308, Cls=0.0000, Reg=0.2423, Con=3.9618
2025-09-14 11:09:16,703 - INFO - Batch 360/2278: Loss=4.5143, Cls=0.0000, Reg=3.3260, Con=3.9608
2025-09-14 11:09:17,585 - INFO - Batch 370/2278: Loss=0.7651, Cls=0.0000, Reg=0.7651, Con=0.0000
2025-09-14 11:09:18,587 - INFO - Batch 380/2278: Loss=1.1934, Cls=0.0000, Reg=0.0052, Con=3.9608
2025-09-14 11:09:19,562 - INFO - Batch 390/2278: Loss=1.1882, Cls=0.0000, Reg=0.0000, Con=3.9607
2025-09-14 11:09:20,443 - INFO - Batch 400/2278: Loss=1.1884, Cls=0.0000, Reg=0.0000, Con=3.9612
2025-09-14 11:09:21,351 - INFO - Batch 410/2278: Loss=1.1883, Cls=0.0000, Reg=0.0000, Con=3.9609
2025-09-14 11:09:22,225 - INFO - Batch 420/2278: Loss=0.0000, Cls=0.0000, Reg=0.0000, Con=0.0000
2025-09-14 11:09:23,120 - INFO - Batch 430/2278: Loss=1.1882, Cls=0.0000, Reg=0.0000, Con=3.9607
2025-09-14 11:09:24,029 - INFO - Batch 440/2278: Loss=1.1882, Cls=0.0000, Reg=0.0000, Con=3.9608
2025-09-14 11:09:25,012 - INFO - Batch 450/2278: Loss=1.1883, Cls=0.0000, Reg=0.0000, Con=3.9609
2025-09-14 11:09:25,991 - INFO - Batch 460/2278: Loss=0.0000, Cls=0.0000, Reg=0.0000, Con=0.0000
2025-09-14 11:09:26,998 - INFO - Batch 470/2278: Loss=1.1882, Cls=0.0000, Reg=0.0000, Con=3.9607
2025-09-14 11:09:27,889 - INFO - Batch 480/2278: Loss=1.1882, Cls=0.0000, Reg=0.0000, Con=3.9608
2025-09-14 11:09:28,775 - INFO - Batch 490/2278: Loss=0.1155, Cls=0.0000, Reg=0.1155, Con=0.0000
2025-09-14 11:09:29,662 - INFO - Batch 500/2278: Loss=0.0000, Cls=0.0000, Reg=0.0000, Con=0.0000
2025-09-14 11:09:30,660 - INFO - Batch 510/2278: Loss=0.0072, Cls=0.0000, Reg=0.0072, Con=0.0000
2025-09-14 11:09:31,580 - INFO - Batch 520/2278: Loss=0.0000, Cls=0.0000, Reg=0.0000, Con=0.0000
2025-09-14 11:09:32,459 - INFO - Batch 530/2278: Loss=1.1883, Cls=0.0000, Reg=0.0000, Con=3.9609
2025-09-14 11:09:33,367 - INFO - Batch 540/2278: Loss=1.2727, Cls=0.0000, Reg=0.0845, Con=3.9607
2025-09-14 11:09:34,399 - INFO - Batch 550/2278: Loss=1.1882, Cls=0.0000, Reg=0.0000, Con=3.9608
2025-09-14 11:09:35,479 - INFO - Batch 560/2278: Loss=1.1884, Cls=0.0000, Reg=0.0000, Con=3.9613
2025-09-14 11:09:36,419 - INFO - Batch 570/2278: Loss=1.1882, Cls=0.0000, Reg=0.0000, Con=3.9608
2025-09-14 11:09:37,410 - INFO - Batch 580/2278: Loss=1.1882, Cls=0.0000, Reg=0.0000, Con=3.9607
2025-09-14 11:09:38,346 - INFO - Batch 590/2278: Loss=1.3481, Cls=0.0000, Reg=0.1598, Con=3.9608
2025-09-14 11:09:39,393 - INFO - Batch 600/2278: Loss=1.1882, Cls=0.0000, Reg=0.0000, Con=3.9608
2025-09-14 11:09:40,291 - INFO - Batch 610/2278: Loss=1.1884, Cls=0.0000, Reg=0.0000, Con=3.9613
2025-09-14 11:09:41,218 - INFO - Batch 620/2278: Loss=1.1882, Cls=0.0000, Reg=0.0000, Con=3.9608
2025-09-14 11:09:42,100 - INFO - Batch 630/2278: Loss=0.0000, Cls=0.0000, Reg=0.0000, Con=0.0000
2025-09-14 11:09:43,066 - INFO - Batch 640/2278: Loss=1.1961, Cls=0.0000, Reg=0.0077, Con=3.9611
2025-09-14 11:09:43,968 - INFO - Batch 650/2278: Loss=1.1883, Cls=0.0000, Reg=0.0000, Con=3.9611
2025-09-14 11:09:44,985 - INFO - Batch 660/2278: Loss=1.1883, Cls=0.0000, Reg=0.0000, Con=3.9609
2025-09-14 11:09:46,045 - INFO - Batch 670/2278: Loss=1.1889, Cls=0.0000, Reg=0.0006, Con=3.9609
2025-09-14 11:09:46,960 - INFO - Batch 680/2278: Loss=1.1883, Cls=0.0000, Reg=0.0000, Con=3.9609
2025-09-14 11:09:47,832 - INFO - Batch 690/2278: Loss=0.0000, Cls=0.0000, Reg=0.0000, Con=0.0000
2025-09-14 11:09:48,744 - INFO - Batch 700/2278: Loss=1.1882, Cls=0.0000, Reg=0.0000, Con=3.9608
2025-09-14 11:09:49,627 - INFO - Batch 710/2278: Loss=1.1881, Cls=0.0000, Reg=0.0000, Con=3.9604
2025-09-14 11:09:50,527 - INFO - Batch 720/2278: Loss=0.0000, Cls=0.0000, Reg=0.0000, Con=0.0000
2025-09-14 11:09:51,419 - INFO - Batch 730/2278: Loss=0.0000, Cls=0.0000, Reg=0.0000, Con=0.0000
2025-09-14 11:09:52,313 - INFO - Batch 740/2278: Loss=1.1882, Cls=0.0000, Reg=0.0000, Con=3.9606
2025-09-14 11:09:53,206 - INFO - Batch 750/2278: Loss=1.5188, Cls=0.0000, Reg=0.3306, Con=3.9606
2025-09-14 11:09:54,093 - INFO - Batch 760/2278: Loss=0.0000, Cls=0.0000, Reg=0.0000, Con=0.0000
2025-09-14 11:09:54,996 - INFO - Batch 770/2278: Loss=1.1884, Cls=0.0000, Reg=0.0000, Con=3.9614
2025-09-14 11:09:55,913 - INFO - Batch 780/2278: Loss=1.1883, Cls=0.0000, Reg=0.0000, Con=3.9609
2025-09-14 11:09:56,787 - INFO - Batch 790/2278: Loss=1.1882, Cls=0.0000, Reg=0.0000, Con=3.9608
2025-09-14 11:09:57,659 - INFO - Batch 800/2278: Loss=1.1882, Cls=0.0000, Reg=0.0000, Con=3.9608
2025-09-14 11:09:58,538 - INFO - Batch 810/2278: Loss=1.1883, Cls=0.0000, Reg=0.0000, Con=3.9611
2025-09-14 11:09:59,427 - INFO - Batch 820/2278: Loss=0.0000, Cls=0.0000, Reg=0.0000, Con=0.0000
2025-09-14 11:10:00,318 - INFO - Batch 830/2278: Loss=1.1883, Cls=0.0000, Reg=0.0000, Con=3.9609
2025-09-14 11:10:01,196 - INFO - Batch 840/2278: Loss=1.1883, Cls=0.0000, Reg=0.0000, Con=3.9609
2025-09-14 11:10:02,203 - INFO - Batch 850/2278: Loss=0.0000, Cls=0.0000, Reg=0.0000, Con=0.0000
2025-09-14 11:10:03,233 - INFO - Batch 860/2278: Loss=0.0000, Cls=0.0000, Reg=0.0000, Con=0.0000
2025-09-14 11:10:04,177 - INFO - Batch 870/2278: Loss=1.1882, Cls=0.0000, Reg=0.0000, Con=3.9608
2025-09-14 11:10:05,099 - INFO - Batch 880/2278: Loss=0.0000, Cls=0.0000, Reg=0.0000, Con=0.0000
2025-09-14 11:10:06,004 - INFO - Batch 890/2278: Loss=1.1882, Cls=0.0000, Reg=0.0000, Con=3.9607
2025-09-14 11:10:06,923 - INFO - Batch 900/2278: Loss=1.1882, Cls=0.0000, Reg=0.0000, Con=3.9608
2025-09-14 11:10:07,791 - INFO - Batch 910/2278: Loss=1.1883, Cls=0.0000, Reg=0.0000, Con=3.9609
2025-09-14 11:10:08,697 - INFO - Batch 920/2278: Loss=1.1882, Cls=0.0000, Reg=0.0000, Con=3.9608
2025-09-14 11:10:09,574 - INFO - Batch 930/2278: Loss=0.1387, Cls=0.0000, Reg=0.1387, Con=0.0000
2025-09-14 11:10:10,446 - INFO - Batch 940/2278: Loss=1.1885, Cls=0.0000, Reg=0.0000, Con=3.9617
2025-09-14 11:10:11,346 - INFO - Batch 950/2278: Loss=1.1882, Cls=0.0000, Reg=0.0000, Con=3.9608
2025-09-14 11:10:12,220 - INFO - Batch 960/2278: Loss=1.1966, Cls=0.0000, Reg=0.0083, Con=3.9609
2025-09-14 11:10:13,121 - INFO - Batch 970/2278: Loss=1.2308, Cls=0.0000, Reg=0.0426, Con=3.9608
2025-09-14 11:10:13,988 - INFO - Batch 980/2278: Loss=1.1884, Cls=0.0000, Reg=0.0000, Con=3.9612
2025-09-14 11:10:14,870 - INFO - Batch 990/2278: Loss=1.6783, Cls=0.0000, Reg=0.4900, Con=3.9610
2025-09-14 11:10:15,742 - INFO - Batch 1000/2278: Loss=1.1883, Cls=0.0000, Reg=0.0000, Con=3.9609
2025-09-14 11:10:16,667 - INFO - Batch 1010/2278: Loss=1.1882, Cls=0.0000, Reg=0.0000, Con=3.9608
2025-09-14 11:10:17,537 - INFO - Batch 1020/2278: Loss=1.3616, Cls=0.0000, Reg=0.1732, Con=3.9611
2025-09-14 11:10:18,405 - INFO - Batch 1030/2278: Loss=0.0000, Cls=0.0000, Reg=0.0000, Con=0.0000
2025-09-14 11:10:19,301 - INFO - Batch 1040/2278: Loss=1.1882, Cls=0.0000, Reg=0.0000, Con=3.9608
2025-09-14 11:10:20,228 - INFO - Batch 1050/2278: Loss=0.0000, Cls=0.0000, Reg=0.0000, Con=0.0000
2025-09-14 11:10:21,119 - INFO - Batch 1060/2278: Loss=1.1884, Cls=0.0000, Reg=0.0000, Con=3.9613
2025-09-14 11:10:22,052 - INFO - Batch 1070/2278: Loss=1.1883, Cls=0.0000, Reg=0.0000, Con=3.9609
2025-09-14 11:10:22,938 - INFO - Batch 1080/2278: Loss=1.1883, Cls=0.0000, Reg=0.0000, Con=3.9609
2025-09-14 11:10:23,837 - INFO - Batch 1090/2278: Loss=1.1883, Cls=0.0000, Reg=0.0000, Con=3.9609
2025-09-14 11:10:24,715 - INFO - Batch 1100/2278: Loss=1.3556, Cls=0.0000, Reg=0.1673, Con=3.9608
2025-09-14 11:10:25,619 - INFO - Batch 1110/2278: Loss=0.0000, Cls=0.0000, Reg=0.0000, Con=0.0000
2025-09-14 11:10:26,547 - INFO - Batch 1120/2278: Loss=1.1883, Cls=0.0000, Reg=0.0000, Con=3.9610
2025-09-14 11:10:27,435 - INFO - Batch 1130/2278: Loss=1.1882, Cls=0.0000, Reg=0.0000, Con=3.9607
2025-09-14 11:10:28,324 - INFO - Batch 1140/2278: Loss=0.0000, Cls=0.0000, Reg=0.0000, Con=0.0000
2025-09-14 11:10:29,182 - INFO - Batch 1150/2278: Loss=1.1886, Cls=0.0000, Reg=0.0000, Con=3.9619
2025-09-14 11:10:30,075 - INFO - Batch 1160/2278: Loss=0.0000, Cls=0.0000, Reg=0.0000, Con=0.0000
2025-09-14 11:10:30,963 - INFO - Batch 1170/2278: Loss=1.1883, Cls=0.0000, Reg=0.0000, Con=3.9610
2025-09-14 11:10:31,867 - INFO - Batch 1180/2278: Loss=1.1883, Cls=0.0000, Reg=0.0000, Con=3.9609
2025-09-14 11:10:32,780 - INFO - Batch 1190/2278: Loss=0.0000, Cls=0.0000, Reg=0.0000, Con=0.0000
2025-09-14 11:10:33,662 - INFO - Batch 1200/2278: Loss=1.1884, Cls=0.0000, Reg=0.0000, Con=3.9612
2025-09-14 11:10:34,554 - INFO - Batch 1210/2278: Loss=0.9795, Cls=0.0000, Reg=0.9795, Con=0.0000
2025-09-14 11:10:35,436 - INFO - Batch 1220/2278: Loss=0.0000, Cls=0.0000, Reg=0.0000, Con=0.0000
2025-09-14 11:10:36,347 - INFO - Batch 1230/2278: Loss=1.2653, Cls=0.0000, Reg=0.0771, Con=3.9608
2025-09-14 11:10:37,236 - INFO - Batch 1240/2278: Loss=1.1946, Cls=0.0000, Reg=0.0063, Con=3.9608
2025-09-14 11:10:38,143 - INFO - Batch 1250/2278: Loss=1.1884, Cls=0.0000, Reg=0.0000, Con=3.9612
2025-09-14 11:10:39,011 - INFO - Batch 1260/2278: Loss=1.1881, Cls=0.0000, Reg=0.0000, Con=3.9605
2025-09-14 11:10:39,917 - INFO - Batch 1270/2278: Loss=1.1882, Cls=0.0000, Reg=0.0000, Con=3.9608
2025-09-14 11:10:40,796 - INFO - Batch 1280/2278: Loss=0.0000, Cls=0.0000, Reg=0.0000, Con=0.0000
2025-09-14 11:10:41,770 - INFO - Batch 1290/2278: Loss=1.1883, Cls=0.0000, Reg=0.0000, Con=3.9609
2025-09-14 11:10:42,656 - INFO - Batch 1300/2278: Loss=0.0000, Cls=0.0000, Reg=0.0000, Con=0.0000
2025-09-14 11:10:43,535 - INFO - Batch 1310/2278: Loss=1.1883, Cls=0.0000, Reg=0.0000, Con=3.9610
2025-09-14 11:10:44,435 - INFO - Batch 1320/2278: Loss=0.0000, Cls=0.0000, Reg=0.0000, Con=0.0000
2025-09-14 11:10:45,329 - INFO - Batch 1330/2278: Loss=1.1883, Cls=0.0000, Reg=0.0000, Con=3.9609
2025-09-14 11:10:46,283 - INFO - Batch 1340/2278: Loss=1.1883, Cls=0.0000, Reg=0.0000, Con=3.9610
2025-09-14 11:10:47,244 - INFO - Batch 1350/2278: Loss=1.2027, Cls=0.0000, Reg=0.0145, Con=3.9608
2025-09-14 11:10:48,180 - INFO - Batch 1360/2278: Loss=0.0000, Cls=0.0000, Reg=0.0000, Con=0.0000
2025-09-14 11:10:49,097 - INFO - Batch 1370/2278: Loss=1.1882, Cls=0.0000, Reg=0.0000, Con=3.9606
2025-09-14 11:10:50,018 - INFO - Batch 1380/2278: Loss=1.1882, Cls=0.0000, Reg=0.0000, Con=3.9608
2025-09-14 11:10:51,049 - INFO - Batch 1390/2278: Loss=1.1883, Cls=0.0000, Reg=0.0000, Con=3.9609
2025-09-14 11:10:52,065 - INFO - Batch 1400/2278: Loss=1.1884, Cls=0.0000, Reg=0.0000, Con=3.9612
2025-09-14 11:10:53,048 - INFO - Batch 1410/2278: Loss=1.1883, Cls=0.0000, Reg=0.0000, Con=3.9610
2025-09-14 11:10:53,954 - INFO - Batch 1420/2278: Loss=1.1883, Cls=0.0000, Reg=0.0000, Con=3.9609
2025-09-14 11:10:54,847 - INFO - Batch 1430/2278: Loss=1.2115, Cls=0.0000, Reg=0.0232, Con=3.9609
2025-09-14 11:10:55,774 - INFO - Batch 1440/2278: Loss=1.1884, Cls=0.0000, Reg=0.0000, Con=3.9613
2025-09-14 11:10:56,709 - INFO - Batch 1450/2278: Loss=0.0000, Cls=0.0000, Reg=0.0000, Con=0.0000
2025-09-14 11:10:57,623 - INFO - Batch 1460/2278: Loss=1.1884, Cls=0.0000, Reg=0.0000, Con=3.9613
2025-09-14 11:10:58,554 - INFO - Batch 1470/2278: Loss=1.1883, Cls=0.0000, Reg=0.0001, Con=3.9608
2025-09-14 11:10:59,418 - INFO - Batch 1480/2278: Loss=1.1882, Cls=0.0000, Reg=0.0000, Con=3.9608
2025-09-14 11:11:00,350 - INFO - Batch 1490/2278: Loss=1.5582, Cls=0.0000, Reg=0.3699, Con=3.9609
2025-09-14 11:11:01,277 - INFO - Batch 1500/2278: Loss=1.1885, Cls=0.0000, Reg=0.0000, Con=3.9617
2025-09-14 11:11:02,193 - INFO - Batch 1510/2278: Loss=1.9511, Cls=0.0000, Reg=0.7629, Con=3.9607
2025-09-14 11:11:03,060 - INFO - Batch 1520/2278: Loss=0.0000, Cls=0.0000, Reg=0.0000, Con=0.0000
2025-09-14 11:11:04,003 - INFO - Batch 1530/2278: Loss=1.2595, Cls=0.0000, Reg=0.0713, Con=3.9609
2025-09-14 11:11:04,974 - INFO - Batch 1540/2278: Loss=1.1882, Cls=0.0000, Reg=0.0000, Con=3.9608
2025-09-14 11:11:05,895 - INFO - Batch 1550/2278: Loss=1.1882, Cls=0.0000, Reg=0.0000, Con=3.9607
2025-09-14 11:11:06,798 - INFO - Batch 1560/2278: Loss=1.1882, Cls=0.0000, Reg=0.0000, Con=3.9608
2025-09-14 11:11:07,660 - INFO - Batch 1570/2278: Loss=1.1883, Cls=0.0000, Reg=0.0000, Con=3.9608
2025-09-14 11:11:08,545 - INFO - Batch 1580/2278: Loss=1.1882, Cls=0.0000, Reg=0.0000, Con=3.9608
2025-09-14 11:11:09,449 - INFO - Batch 1590/2278: Loss=0.0000, Cls=0.0000, Reg=0.0000, Con=0.0000
2025-09-14 11:11:10,350 - INFO - Batch 1600/2278: Loss=0.0000, Cls=0.0000, Reg=0.0000, Con=0.0000
2025-09-14 11:11:11,234 - INFO - Batch 1610/2278: Loss=1.1882, Cls=0.0000, Reg=0.0000, Con=3.9608
2025-09-14 11:11:12,211 - INFO - Batch 1620/2278: Loss=0.0000, Cls=0.0000, Reg=0.0000, Con=0.0000
2025-09-14 11:11:13,113 - INFO - Batch 1630/2278: Loss=1.1937, Cls=0.0000, Reg=0.0053, Con=3.9613
2025-09-14 11:11:13,986 - INFO - Batch 1640/2278: Loss=1.1883, Cls=0.0000, Reg=0.0000, Con=3.9609
2025-09-14 11:11:14,887 - INFO - Batch 1650/2278: Loss=1.1883, Cls=0.0000, Reg=0.0000, Con=3.9609
2025-09-14 11:11:15,810 - INFO - Batch 1660/2278: Loss=1.1882, Cls=0.0000, Reg=0.0000, Con=3.9607
2025-09-14 11:11:16,678 - INFO - Batch 1670/2278: Loss=0.0000, Cls=0.0000, Reg=0.0000, Con=0.0000
2025-09-14 11:11:17,584 - INFO - Batch 1680/2278: Loss=1.1883, Cls=0.0000, Reg=0.0000, Con=3.9609
2025-09-14 11:11:18,452 - INFO - Batch 1690/2278: Loss=0.0000, Cls=0.0000, Reg=0.0000, Con=0.0000
2025-09-14 11:11:19,325 - INFO - Batch 1700/2278: Loss=1.1882, Cls=0.0000, Reg=0.0000, Con=3.9608
2025-09-14 11:11:20,210 - INFO - Batch 1710/2278: Loss=1.2696, Cls=0.0000, Reg=0.0814, Con=3.9608
2025-09-14 11:11:21,141 - INFO - Batch 1720/2278: Loss=1.1883, Cls=0.0000, Reg=0.0000, Con=3.9609
2025-09-14 11:11:22,032 - INFO - Batch 1730/2278: Loss=0.0000, Cls=0.0000, Reg=0.0000, Con=0.0000
2025-09-14 11:11:22,940 - INFO - Batch 1740/2278: Loss=1.1882, Cls=0.0000, Reg=0.0000, Con=3.9608
2025-09-14 11:11:23,838 - INFO - Batch 1750/2278: Loss=1.1883, Cls=0.0000, Reg=0.0000, Con=3.9610
2025-09-14 11:11:24,738 - INFO - Batch 1760/2278: Loss=1.1883, Cls=0.0000, Reg=0.0000, Con=3.9610
2025-09-14 11:11:25,759 - INFO - Batch 1770/2278: Loss=1.1884, Cls=0.0000, Reg=0.0000, Con=3.9612
2025-09-14 11:11:26,704 - INFO - Batch 1780/2278: Loss=1.1882, Cls=0.0000, Reg=0.0000, Con=3.9607
2025-09-14 11:11:27,595 - INFO - Batch 1790/2278: Loss=1.1883, Cls=0.0000, Reg=0.0000, Con=3.9608
2025-09-14 11:11:28,541 - INFO - Batch 1800/2278: Loss=1.1882, Cls=0.0000, Reg=0.0000, Con=3.9607
2025-09-14 11:11:29,590 - INFO - Batch 1810/2278: Loss=0.0260, Cls=0.0000, Reg=0.0260, Con=0.0000
2025-09-14 11:11:30,634 - INFO - Batch 1820/2278: Loss=1.1882, Cls=0.0000, Reg=0.0000, Con=3.9608
2025-09-14 11:11:31,664 - INFO - Batch 1830/2278: Loss=1.1883, Cls=0.0000, Reg=0.0000, Con=3.9610
2025-09-14 11:11:32,577 - INFO - Batch 1840/2278: Loss=1.1883, Cls=0.0000, Reg=0.0000, Con=3.9609
2025-09-14 11:11:33,491 - INFO - Batch 1850/2278: Loss=0.0000, Cls=0.0000, Reg=0.0000, Con=0.0000
2025-09-14 11:11:34,515 - INFO - Batch 1860/2278: Loss=1.1884, Cls=0.0000, Reg=0.0000, Con=3.9614
2025-09-14 11:11:35,482 - INFO - Batch 1870/2278: Loss=1.1883, Cls=0.0000, Reg=0.0000, Con=3.9609
2025-09-14 11:11:36,419 - INFO - Batch 1880/2278: Loss=1.1882, Cls=0.0000, Reg=0.0000, Con=3.9608
2025-09-14 11:11:37,322 - INFO - Batch 1890/2278: Loss=1.1883, Cls=0.0000, Reg=0.0000, Con=3.9609
2025-09-14 11:11:38,223 - INFO - Batch 1900/2278: Loss=0.0000, Cls=0.0000, Reg=0.0000, Con=0.0000
2025-09-14 11:11:39,134 - INFO - Batch 1910/2278: Loss=0.0000, Cls=0.0000, Reg=0.0000, Con=0.0000
2025-09-14 11:11:40,147 - INFO - Batch 1920/2278: Loss=1.1883, Cls=0.0000, Reg=0.0000, Con=3.9609
2025-09-14 11:11:41,062 - INFO - Batch 1930/2278: Loss=1.2279, Cls=0.0000, Reg=0.0397, Con=3.9608
2025-09-14 11:11:41,939 - INFO - Batch 1940/2278: Loss=0.0000, Cls=0.0000, Reg=0.0000, Con=0.0000
2025-09-14 11:11:42,803 - INFO - Batch 1950/2278: Loss=0.0000, Cls=0.0000, Reg=0.0000, Con=0.0000
2025-09-14 11:11:43,697 - INFO - Batch 1960/2278: Loss=1.2152, Cls=0.0000, Reg=0.0269, Con=3.9608
2025-09-14 11:11:44,722 - INFO - Batch 1970/2278: Loss=1.1883, Cls=0.0000, Reg=0.0000, Con=3.9611
2025-09-14 11:11:45,716 - INFO - Batch 1980/2278: Loss=1.4555, Cls=0.0000, Reg=0.2673, Con=3.9609
2025-09-14 11:11:46,595 - INFO - Batch 1990/2278: Loss=1.1883, Cls=0.0000, Reg=0.0000, Con=3.9609
2025-09-14 11:11:47,467 - INFO - Batch 2000/2278: Loss=0.0000, Cls=0.0000, Reg=0.0000, Con=0.0000
2025-09-14 11:11:48,350 - INFO - Batch 2010/2278: Loss=1.1882, Cls=0.0000, Reg=0.0000, Con=3.9608
2025-09-14 11:11:49,245 - INFO - Batch 2020/2278: Loss=1.2692, Cls=0.0000, Reg=0.0809, Con=3.9610
2025-09-14 11:11:50,152 - INFO - Batch 2030/2278: Loss=0.0000, Cls=0.0000, Reg=0.0000, Con=0.0000
2025-09-14 11:11:51,060 - INFO - Batch 2040/2278: Loss=1.1883, Cls=0.0000, Reg=0.0000, Con=3.9609
2025-09-14 11:11:52,047 - INFO - Batch 2050/2278: Loss=0.0000, Cls=0.0000, Reg=0.0000, Con=0.0000
2025-09-14 11:11:53,023 - INFO - Batch 2060/2278: Loss=0.0000, Cls=0.0000, Reg=0.0000, Con=0.0000
2025-09-14 11:11:53,943 - INFO - Batch 2070/2278: Loss=1.1883, Cls=0.0000, Reg=0.0000, Con=3.9609
2025-09-14 11:11:54,843 - INFO - Batch 2080/2278: Loss=1.1882, Cls=0.0000, Reg=0.0000, Con=3.9607
2025-09-14 11:11:55,723 - INFO - Batch 2090/2278: Loss=1.1882, Cls=0.0000, Reg=0.0000, Con=3.9606
2025-09-14 11:11:56,634 - INFO - Batch 2100/2278: Loss=0.0000, Cls=0.0000, Reg=0.0000, Con=0.0000
2025-09-14 11:11:57,507 - INFO - Batch 2110/2278: Loss=0.0000, Cls=0.0000, Reg=0.0000, Con=0.0000
2025-09-14 11:11:58,397 - INFO - Batch 2120/2278: Loss=1.2142, Cls=0.0000, Reg=0.0259, Con=3.9609
2025-09-14 11:11:59,287 - INFO - Batch 2130/2278: Loss=1.1882, Cls=0.0000, Reg=0.0000, Con=3.9606
2025-09-14 11:12:00,180 - INFO - Batch 2140/2278: Loss=1.1883, Cls=0.0000, Reg=0.0000, Con=3.9609
2025-09-14 11:12:01,081 - INFO - Batch 2150/2278: Loss=1.1883, Cls=0.0000, Reg=0.0000, Con=3.9609
2025-09-14 11:12:01,959 - INFO - Batch 2160/2278: Loss=0.0853, Cls=0.0000, Reg=0.0853, Con=0.0000
2025-09-14 11:12:02,843 - INFO - Batch 2170/2278: Loss=1.1882, Cls=0.0000, Reg=0.0000, Con=3.9607
2025-09-14 11:12:03,733 - INFO - Batch 2180/2278: Loss=1.1883, Cls=0.0000, Reg=0.0000, Con=3.9609
2025-09-14 11:12:04,611 - INFO - Batch 2190/2278: Loss=1.1883, Cls=0.0000, Reg=0.0000, Con=3.9609
2025-09-14 11:12:05,506 - INFO - Batch 2200/2278: Loss=0.0000, Cls=0.0000, Reg=0.0000, Con=0.0000
2025-09-14 11:12:06,443 - INFO - Batch 2210/2278: Loss=1.1882, Cls=0.0000, Reg=0.0000, Con=3.9608
2025-09-14 11:12:07,463 - INFO - Batch 2220/2278: Loss=1.1884, Cls=0.0000, Reg=0.0002, Con=3.9608
2025-09-14 11:12:08,341 - INFO - Batch 2230/2278: Loss=1.1882, Cls=0.0000, Reg=0.0000, Con=3.9608
2025-09-14 11:12:09,238 - INFO - Batch 2240/2278: Loss=1.1884, Cls=0.0000, Reg=0.0000, Con=3.9613
2025-09-14 11:12:10,148 - INFO - Batch 2250/2278: Loss=1.1882, Cls=0.0000, Reg=0.0000, Con=3.9608
2025-09-14 11:12:11,039 - INFO - Batch 2260/2278: Loss=1.1883, Cls=0.0000, Reg=0.0000, Con=3.9612
2025-09-14 11:12:11,927 - INFO - Batch 2270/2278: Loss=1.2757, Cls=0.0000, Reg=0.0874, Con=3.9609
2025-09-14 11:15:40,663 - INFO - === Epoch 3 Results ===
2025-09-14 11:15:40,663 - INFO - Training Loss: 0.9451 (Classification: 0.0000, Regression: 0.0427)
2025-09-14 11:15:40,663 - INFO - Validation Loss: 0.0152 (Classification: 0.0000, Regression: 0.0152)
2025-09-14 11:15:40,663 - INFO - Average R²: 0.6623 (on 1/5 tasks)
2025-09-14 11:15:40,663 - INFO - Average RMSE: 0.8024
2025-09-14 11:15:40,663 - INFO - Training finished!
2025-09-14 11:15:40,663 - INFO - Performing final evaluation...
2025-09-14 11:15:40,872 - INFO - Loaded best model from: experiments/r1c3_headft_reg_2_seed_42_20250914_105449/checkpoints/r1c3_headft_reg_2_seed_42_best.pth
2025-09-14 11:19:10,175 - INFO - Final Validation Results:
2025-09-14 11:19:10,175 - INFO -   Total Loss: 0.0150
2025-09-14 11:19:10,175 - INFO -   Classification Loss: 0.0000
2025-09-14 11:19:10,175 - INFO -   Regression Loss: 0.0150
2025-09-14 11:19:10,175 - INFO -   Average R²: 0.6648
2025-09-14 11:19:10,175 - INFO -   Average RMSE: 0.7993
2025-09-14 11:19:10,176 - INFO - Results saved to: experiments/r1c3_headft_reg_2_seed_42_20250914_105449/checkpoints/r1c3_headft_reg_2_seed_42_results.json
