2025-09-13 18:58:11,992 - INFO - 🔬 Starting experiment: r1c3_single_cls_12_seed_42
2025-09-13 18:58:11,992 - INFO - 📁 Experiment directory: experiments/r1c3_single_cls_12_seed_42_20250913_185811
2025-09-13 18:58:11,992 - INFO - 🎲 Random seed: 42
2025-09-13 18:58:11,992 - INFO - 🔒 Deterministic mode: True
2025-09-13 18:58:11,993 - INFO - Using device: cuda
2025-09-13 18:58:11,993 - INFO - Total GPU Memory: 25.16 GB
2025-09-13 18:58:12,007 - INFO - 🧪 Fusion: Using cross-attention dynamic fusion
2025-09-13 18:58:12,007 - INFO - 🧪 GNN Backbone: Using default GraphAttentionNetwork branch
2025-09-13 18:58:12,007 - INFO - 🎯 Task Mode: Single classification endpoint 12
2025-09-13 18:58:12,007 - INFO - Configuration saved to: experiments/r1c3_single_cls_12_seed_42_20250913_185811/checkpoints/config.json
2025-09-13 18:58:12,007 - INFO - 🚀 Using preprocessed data from: data/data/processed
2025-09-13 18:58:12,007 - INFO - Loading LMDB dataset from: data/data/processed
2025-09-13 18:58:12,370 - INFO - Number of training batches: 2278
2025-09-13 18:58:12,370 - INFO - Number of validation batches: 2278
2025-09-13 18:58:12,370 - INFO - Number of test batches: 2278
2025-09-13 18:58:12,370 - INFO - Creating ToxD4C model...
2025-09-13 18:58:13,398 - INFO - Model created successfully. Total parameters: 100,932,036
2025-09-13 18:58:13,398 - INFO - Testing model forward pass...
2025-09-13 18:58:13,800 - INFO - Test output shapes:
2025-09-13 18:58:13,801 - INFO -   classification: torch.Size([16, 1])
2025-09-13 18:58:13,803 - INFO -   classification contains NaN: False
2025-09-13 18:58:13,803 - INFO -   classification contains Inf: False
2025-09-13 18:58:13,803 - INFO -   regression: torch.Size([16, 0])
2025-09-13 18:58:13,803 - INFO -   regression contains NaN: False
2025-09-13 18:58:13,803 - INFO -   regression contains Inf: False
2025-09-13 18:58:13,803 - INFO - Model forward pass test successful!
2025-09-13 18:58:14,508 - INFO - 🔁 Loaded checkpoint from: experiments/r1c3_multi_full_seed_42_20250913_152627/checkpoints/r1c3_multi_full_seed_42_best.pth
2025-09-13 18:58:14,509 - INFO - 🧩 Head-only fine-tuning: unfroze head for task 'CYP2D6' and froze trunk.
2025-09-13 18:58:14,510 - INFO - Starting training...
2025-09-13 18:58:14,510 - INFO - 
Epoch 1/3
2025-09-13 18:58:14,672 - INFO - Batch 0/2278: Loss=0.0145, Cls=0.0145, Reg=0.0000, Con=0.0000
2025-09-13 18:58:15,587 - INFO - Batch 10/2278: Loss=1.7635, Cls=0.5752, Reg=0.0000, Con=3.9609
2025-09-13 18:58:16,437 - INFO - Batch 20/2278: Loss=1.2096, Cls=0.0213, Reg=0.0000, Con=3.9610
2025-09-13 18:58:17,302 - INFO - Batch 30/2278: Loss=0.1512, Cls=0.1512, Reg=0.0000, Con=0.0000
2025-09-13 18:58:18,173 - INFO - Batch 40/2278: Loss=1.1906, Cls=1.1906, Reg=0.0000, Con=0.0000
2025-09-13 18:58:19,070 - INFO - Batch 50/2278: Loss=1.2052, Cls=0.0169, Reg=0.0000, Con=3.9609
2025-09-13 18:58:19,948 - INFO - Batch 60/2278: Loss=1.2170, Cls=0.0287, Reg=0.0000, Con=3.9609
2025-09-13 18:58:20,833 - INFO - Batch 70/2278: Loss=1.1882, Cls=0.0000, Reg=0.0000, Con=3.9608
2025-09-13 18:58:21,690 - INFO - Batch 80/2278: Loss=0.3478, Cls=0.3478, Reg=0.0000, Con=0.0000
2025-09-13 18:58:22,589 - INFO - Batch 90/2278: Loss=0.0064, Cls=0.0064, Reg=0.0000, Con=0.0000
2025-09-13 18:58:23,451 - INFO - Batch 100/2278: Loss=0.0143, Cls=0.0143, Reg=0.0000, Con=0.0000
2025-09-13 18:58:24,347 - INFO - Batch 110/2278: Loss=0.0192, Cls=0.0192, Reg=0.0000, Con=0.0000
2025-09-13 18:58:25,220 - INFO - Batch 120/2278: Loss=1.1995, Cls=0.0112, Reg=0.0000, Con=3.9609
2025-09-13 18:58:26,074 - INFO - Batch 130/2278: Loss=1.1948, Cls=0.0065, Reg=0.0000, Con=3.9609
2025-09-13 18:58:26,961 - INFO - Batch 140/2278: Loss=1.3974, Cls=0.2090, Reg=0.0000, Con=3.9615
2025-09-13 18:58:27,862 - INFO - Batch 150/2278: Loss=1.3559, Cls=0.1675, Reg=0.0000, Con=3.9613
2025-09-13 18:58:28,734 - INFO - Batch 160/2278: Loss=1.1914, Cls=0.0031, Reg=0.0000, Con=3.9611
2025-09-13 18:58:29,609 - INFO - Batch 170/2278: Loss=1.1895, Cls=0.0012, Reg=0.0000, Con=3.9611
2025-09-13 18:58:30,498 - INFO - Batch 180/2278: Loss=1.8941, Cls=0.7058, Reg=0.0000, Con=3.9610
2025-09-13 18:58:31,361 - INFO - Batch 190/2278: Loss=1.1884, Cls=0.0002, Reg=0.0000, Con=3.9608
2025-09-13 18:58:32,224 - INFO - Batch 200/2278: Loss=0.0002, Cls=0.0002, Reg=0.0000, Con=0.0000
2025-09-13 18:58:33,113 - INFO - Batch 210/2278: Loss=0.0001, Cls=0.0001, Reg=0.0000, Con=0.0000
2025-09-13 18:58:34,001 - INFO - Batch 220/2278: Loss=1.5935, Cls=0.4052, Reg=0.0000, Con=3.9608
2025-09-13 18:58:34,884 - INFO - Batch 230/2278: Loss=1.6350, Cls=0.4467, Reg=0.0000, Con=3.9610
2025-09-13 18:58:35,748 - INFO - Batch 240/2278: Loss=1.2101, Cls=0.0219, Reg=0.0000, Con=3.9608
2025-09-13 18:58:36,622 - INFO - Batch 250/2278: Loss=0.0114, Cls=0.0114, Reg=0.0000, Con=0.0000
2025-09-13 18:58:37,515 - INFO - Batch 260/2278: Loss=0.0087, Cls=0.0087, Reg=0.0000, Con=0.0000
2025-09-13 18:58:38,404 - INFO - Batch 270/2278: Loss=0.0013, Cls=0.0013, Reg=0.0000, Con=0.0000
2025-09-13 18:58:39,261 - INFO - Batch 280/2278: Loss=1.8739, Cls=0.6856, Reg=0.0000, Con=3.9611
2025-09-13 18:58:40,111 - INFO - Batch 290/2278: Loss=0.9549, Cls=0.9549, Reg=0.0000, Con=0.0000
2025-09-13 18:58:40,965 - INFO - Batch 300/2278: Loss=1.1928, Cls=0.0045, Reg=0.0000, Con=3.9609
2025-09-13 18:58:41,873 - INFO - Batch 310/2278: Loss=1.2050, Cls=0.0167, Reg=0.0000, Con=3.9612
2025-09-13 18:58:42,729 - INFO - Batch 320/2278: Loss=0.1205, Cls=0.1205, Reg=0.0000, Con=0.0000
2025-09-13 18:58:43,639 - INFO - Batch 330/2278: Loss=1.1970, Cls=0.0087, Reg=0.0000, Con=3.9609
2025-09-13 18:58:44,515 - INFO - Batch 340/2278: Loss=1.1892, Cls=0.0009, Reg=0.0000, Con=3.9610
2025-09-13 18:58:45,426 - INFO - Batch 350/2278: Loss=1.1883, Cls=0.0000, Reg=0.0000, Con=3.9611
2025-09-13 18:58:46,293 - INFO - Batch 360/2278: Loss=1.2259, Cls=0.0377, Reg=0.0000, Con=3.9607
2025-09-13 18:58:47,193 - INFO - Batch 370/2278: Loss=1.2371, Cls=0.0488, Reg=0.0000, Con=3.9609
2025-09-13 18:58:48,063 - INFO - Batch 380/2278: Loss=1.5125, Cls=0.3243, Reg=0.0000, Con=3.9607
2025-09-13 18:58:48,954 - INFO - Batch 390/2278: Loss=4.4631, Cls=3.2749, Reg=0.0000, Con=3.9607
2025-09-13 18:58:49,840 - INFO - Batch 400/2278: Loss=0.0003, Cls=0.0003, Reg=0.0000, Con=0.0000
2025-09-13 18:58:50,705 - INFO - Batch 410/2278: Loss=0.0001, Cls=0.0001, Reg=0.0000, Con=0.0000
2025-09-13 18:58:51,602 - INFO - Batch 420/2278: Loss=0.0010, Cls=0.0010, Reg=0.0000, Con=0.0000
2025-09-13 18:58:52,487 - INFO - Batch 430/2278: Loss=1.1883, Cls=0.0001, Reg=0.0000, Con=3.9607
2025-09-13 18:58:53,349 - INFO - Batch 440/2278: Loss=2.2053, Cls=1.0170, Reg=0.0000, Con=3.9608
2025-09-13 18:58:54,210 - INFO - Batch 450/2278: Loss=3.3212, Cls=2.1330, Reg=0.0000, Con=3.9607
2025-09-13 18:58:55,080 - INFO - Batch 460/2278: Loss=1.3766, Cls=0.1884, Reg=0.0000, Con=3.9607
2025-09-13 18:58:55,989 - INFO - Batch 470/2278: Loss=1.3092, Cls=0.1209, Reg=0.0000, Con=3.9611
2025-09-13 18:58:56,865 - INFO - Batch 480/2278: Loss=1.9406, Cls=0.7524, Reg=0.0000, Con=3.9608
2025-09-13 18:58:57,729 - INFO - Batch 490/2278: Loss=1.1103, Cls=1.1103, Reg=0.0000, Con=0.0000
2025-09-13 18:58:58,588 - INFO - Batch 500/2278: Loss=0.0508, Cls=0.0508, Reg=0.0000, Con=0.0000
2025-09-13 18:58:59,460 - INFO - Batch 510/2278: Loss=1.5798, Cls=0.3915, Reg=0.0000, Con=3.9609
2025-09-13 18:59:00,321 - INFO - Batch 520/2278: Loss=1.2063, Cls=0.0180, Reg=0.0000, Con=3.9608
2025-09-13 18:59:01,194 - INFO - Batch 530/2278: Loss=3.9662, Cls=2.7780, Reg=0.0000, Con=3.9608
2025-09-13 18:59:02,113 - INFO - Batch 540/2278: Loss=1.1950, Cls=0.0067, Reg=0.0000, Con=3.9610
2025-09-13 18:59:02,969 - INFO - Batch 550/2278: Loss=1.2485, Cls=0.0603, Reg=0.0000, Con=3.9607
2025-09-13 18:59:03,851 - INFO - Batch 560/2278: Loss=1.1883, Cls=0.0001, Reg=0.0000, Con=3.9609
2025-09-13 18:59:04,766 - INFO - Batch 570/2278: Loss=1.1897, Cls=0.0014, Reg=0.0000, Con=3.9608
2025-09-13 18:59:05,633 - INFO - Batch 580/2278: Loss=2.4586, Cls=1.2704, Reg=0.0000, Con=3.9608
2025-09-13 18:59:06,493 - INFO - Batch 590/2278: Loss=0.0818, Cls=0.0818, Reg=0.0000, Con=0.0000
2025-09-13 18:59:07,383 - INFO - Batch 600/2278: Loss=1.4174, Cls=0.2291, Reg=0.0000, Con=3.9609
2025-09-13 18:59:08,240 - INFO - Batch 610/2278: Loss=1.4012, Cls=0.2129, Reg=0.0000, Con=3.9609
2025-09-13 18:59:09,119 - INFO - Batch 620/2278: Loss=1.2265, Cls=0.0383, Reg=0.0000, Con=3.9608
2025-09-13 18:59:10,025 - INFO - Batch 630/2278: Loss=0.5552, Cls=0.5552, Reg=0.0000, Con=0.0000
2025-09-13 18:59:10,915 - INFO - Batch 640/2278: Loss=1.1926, Cls=0.0044, Reg=0.0000, Con=3.9608
2025-09-13 18:59:11,784 - INFO - Batch 650/2278: Loss=2.7291, Cls=1.5407, Reg=0.0000, Con=3.9613
2025-09-13 18:59:12,632 - INFO - Batch 660/2278: Loss=1.1935, Cls=0.0053, Reg=0.0000, Con=3.9608
2025-09-13 18:59:13,531 - INFO - Batch 670/2278: Loss=1.1915, Cls=0.0032, Reg=0.0000, Con=3.9608
2025-09-13 18:59:14,411 - INFO - Batch 680/2278: Loss=1.2577, Cls=0.0695, Reg=0.0000, Con=3.9608
2025-09-13 18:59:15,465 - INFO - Batch 690/2278: Loss=0.0011, Cls=0.0011, Reg=0.0000, Con=0.0000
2025-09-13 18:59:16,384 - INFO - Batch 700/2278: Loss=0.0044, Cls=0.0044, Reg=0.0000, Con=0.0000
2025-09-13 18:59:17,271 - INFO - Batch 710/2278: Loss=1.1903, Cls=0.0020, Reg=0.0000, Con=3.9607
2025-09-13 18:59:18,171 - INFO - Batch 720/2278: Loss=1.2009, Cls=0.0126, Reg=0.0000, Con=3.9609
2025-09-13 18:59:19,047 - INFO - Batch 730/2278: Loss=1.1902, Cls=0.0018, Reg=0.0000, Con=3.9613
2025-09-13 18:59:19,986 - INFO - Batch 740/2278: Loss=1.6131, Cls=0.4248, Reg=0.0000, Con=3.9609
2025-09-13 18:59:20,881 - INFO - Batch 750/2278: Loss=1.1883, Cls=0.0000, Reg=0.0000, Con=3.9609
2025-09-13 18:59:21,779 - INFO - Batch 760/2278: Loss=1.1884, Cls=0.0001, Reg=0.0000, Con=3.9608
2025-09-13 18:59:22,665 - INFO - Batch 770/2278: Loss=1.1893, Cls=0.0010, Reg=0.0000, Con=3.9610
2025-09-13 18:59:23,563 - INFO - Batch 780/2278: Loss=1.1917, Cls=0.0035, Reg=0.0000, Con=3.9608
2025-09-13 18:59:24,442 - INFO - Batch 790/2278: Loss=0.0054, Cls=0.0054, Reg=0.0000, Con=0.0000
2025-09-13 18:59:25,331 - INFO - Batch 800/2278: Loss=1.1994, Cls=0.0110, Reg=0.0000, Con=3.9612
2025-09-13 18:59:26,215 - INFO - Batch 810/2278: Loss=1.1884, Cls=0.0000, Reg=0.0000, Con=3.9612
2025-09-13 18:59:27,127 - INFO - Batch 820/2278: Loss=1.2922, Cls=0.1040, Reg=0.0000, Con=3.9608
2025-09-13 18:59:28,029 - INFO - Batch 830/2278: Loss=2.0935, Cls=0.9053, Reg=0.0000, Con=3.9609
2025-09-13 18:59:28,916 - INFO - Batch 840/2278: Loss=1.1913, Cls=0.0031, Reg=0.0000, Con=3.9608
2025-09-13 18:59:29,793 - INFO - Batch 850/2278: Loss=1.8546, Cls=0.6664, Reg=0.0000, Con=3.9608
2025-09-13 18:59:30,645 - INFO - Batch 860/2278: Loss=1.1887, Cls=0.0005, Reg=0.0000, Con=3.9607
2025-09-13 18:59:31,549 - INFO - Batch 870/2278: Loss=0.0042, Cls=0.0042, Reg=0.0000, Con=0.0000
2025-09-13 18:59:32,437 - INFO - Batch 880/2278: Loss=0.1365, Cls=0.1365, Reg=0.0000, Con=0.0000
2025-09-13 18:59:33,307 - INFO - Batch 890/2278: Loss=0.0007, Cls=0.0007, Reg=0.0000, Con=0.0000
2025-09-13 18:59:34,202 - INFO - Batch 900/2278: Loss=1.1888, Cls=0.0005, Reg=0.0000, Con=3.9609
2025-09-13 18:59:35,102 - INFO - Batch 910/2278: Loss=1.1886, Cls=0.0004, Reg=0.0000, Con=3.9609
2025-09-13 18:59:35,960 - INFO - Batch 920/2278: Loss=1.1980, Cls=0.0097, Reg=0.0000, Con=3.9610
2025-09-13 18:59:36,852 - INFO - Batch 930/2278: Loss=1.1888, Cls=0.0006, Reg=0.0000, Con=3.9608
2025-09-13 18:59:37,744 - INFO - Batch 940/2278: Loss=1.8153, Cls=0.6271, Reg=0.0000, Con=3.9609
2025-09-13 18:59:38,632 - INFO - Batch 950/2278: Loss=1.1884, Cls=0.0000, Reg=0.0000, Con=3.9611
2025-09-13 18:59:39,504 - INFO - Batch 960/2278: Loss=1.1886, Cls=0.0003, Reg=0.0000, Con=3.9609
2025-09-13 18:59:40,393 - INFO - Batch 970/2278: Loss=1.1914, Cls=0.0031, Reg=0.0000, Con=3.9612
2025-09-13 18:59:41,279 - INFO - Batch 980/2278: Loss=0.0048, Cls=0.0048, Reg=0.0000, Con=0.0000
2025-09-13 18:59:42,161 - INFO - Batch 990/2278: Loss=0.8271, Cls=0.8271, Reg=0.0000, Con=0.0000
2025-09-13 18:59:43,056 - INFO - Batch 1000/2278: Loss=1.1883, Cls=0.0000, Reg=0.0000, Con=3.9609
2025-09-13 18:59:43,960 - INFO - Batch 1010/2278: Loss=1.9908, Cls=0.8025, Reg=0.0000, Con=3.9608
2025-09-13 18:59:44,843 - INFO - Batch 1020/2278: Loss=0.0001, Cls=0.0001, Reg=0.0000, Con=0.0000
2025-09-13 18:59:45,723 - INFO - Batch 1030/2278: Loss=1.6031, Cls=0.4148, Reg=0.0000, Con=3.9610
2025-09-13 18:59:46,604 - INFO - Batch 1040/2278: Loss=1.1993, Cls=0.0111, Reg=0.0000, Con=3.9607
2025-09-13 18:59:47,477 - INFO - Batch 1050/2278: Loss=1.2180, Cls=0.0297, Reg=0.0000, Con=3.9609
2025-09-13 18:59:48,344 - INFO - Batch 1060/2278: Loss=1.2059, Cls=0.0176, Reg=0.0000, Con=3.9608
2025-09-13 18:59:49,233 - INFO - Batch 1070/2278: Loss=1.6660, Cls=0.4778, Reg=0.0000, Con=3.9608
2025-09-13 18:59:50,125 - INFO - Batch 1080/2278: Loss=0.0103, Cls=0.0103, Reg=0.0000, Con=0.0000
2025-09-13 18:59:51,037 - INFO - Batch 1090/2278: Loss=1.3814, Cls=0.1931, Reg=0.0000, Con=3.9609
2025-09-13 18:59:51,914 - INFO - Batch 1100/2278: Loss=2.6580, Cls=1.4698, Reg=0.0000, Con=3.9608
2025-09-13 18:59:52,813 - INFO - Batch 1110/2278: Loss=1.1957, Cls=0.0075, Reg=0.0000, Con=3.9608
2025-09-13 18:59:53,702 - INFO - Batch 1120/2278: Loss=0.4799, Cls=0.4799, Reg=0.0000, Con=0.0000
2025-09-13 18:59:54,606 - INFO - Batch 1130/2278: Loss=1.2589, Cls=0.0707, Reg=0.0000, Con=3.9608
2025-09-13 18:59:55,475 - INFO - Batch 1140/2278: Loss=2.0104, Cls=0.8221, Reg=0.0000, Con=3.9608
2025-09-13 18:59:56,332 - INFO - Batch 1150/2278: Loss=1.1883, Cls=0.0000, Reg=0.0000, Con=3.9611
2025-09-13 18:59:57,216 - INFO - Batch 1160/2278: Loss=1.1896, Cls=0.0013, Reg=0.0000, Con=3.9609
2025-09-13 18:59:58,084 - INFO - Batch 1170/2278: Loss=0.0061, Cls=0.0061, Reg=0.0000, Con=0.0000
2025-09-13 18:59:58,962 - INFO - Batch 1180/2278: Loss=1.1897, Cls=0.0014, Reg=0.0000, Con=3.9609
2025-09-13 18:59:59,838 - INFO - Batch 1190/2278: Loss=1.1883, Cls=0.0001, Reg=0.0000, Con=3.9609
2025-09-13 19:00:00,713 - INFO - Batch 1200/2278: Loss=0.0675, Cls=0.0675, Reg=0.0000, Con=0.0000
2025-09-13 19:00:01,603 - INFO - Batch 1210/2278: Loss=1.2095, Cls=0.0212, Reg=0.0000, Con=3.9610
2025-09-13 19:00:02,467 - INFO - Batch 1220/2278: Loss=0.0869, Cls=0.0869, Reg=0.0000, Con=0.0000
2025-09-13 19:00:03,338 - INFO - Batch 1230/2278: Loss=1.1914, Cls=0.0032, Reg=0.0000, Con=3.9609
2025-09-13 19:00:04,257 - INFO - Batch 1240/2278: Loss=1.2063, Cls=0.0180, Reg=0.0000, Con=3.9609
2025-09-13 19:00:05,141 - INFO - Batch 1250/2278: Loss=1.9590, Cls=0.7708, Reg=0.0000, Con=3.9608
2025-09-13 19:00:06,027 - INFO - Batch 1260/2278: Loss=1.7283, Cls=0.5401, Reg=0.0000, Con=3.9608
2025-09-13 19:00:06,903 - INFO - Batch 1270/2278: Loss=1.2509, Cls=0.0627, Reg=0.0000, Con=3.9609
2025-09-13 19:00:07,772 - INFO - Batch 1280/2278: Loss=1.7026, Cls=0.5144, Reg=0.0000, Con=3.9607
2025-09-13 19:00:08,657 - INFO - Batch 1290/2278: Loss=0.0079, Cls=0.0079, Reg=0.0000, Con=0.0000
2025-09-13 19:00:09,551 - INFO - Batch 1300/2278: Loss=1.2125, Cls=0.0242, Reg=0.0000, Con=3.9610
2025-09-13 19:00:10,448 - INFO - Batch 1310/2278: Loss=1.1905, Cls=0.0022, Reg=0.0000, Con=3.9611
2025-09-13 19:00:11,331 - INFO - Batch 1320/2278: Loss=0.0003, Cls=0.0003, Reg=0.0000, Con=0.0000
2025-09-13 19:00:12,184 - INFO - Batch 1330/2278: Loss=1.2132, Cls=0.0248, Reg=0.0000, Con=3.9613
2025-09-13 19:00:13,083 - INFO - Batch 1340/2278: Loss=1.4480, Cls=0.2598, Reg=0.0000, Con=3.9608
2025-09-13 19:00:13,969 - INFO - Batch 1350/2278: Loss=0.0417, Cls=0.0417, Reg=0.0000, Con=0.0000
2025-09-13 19:00:14,869 - INFO - Batch 1360/2278: Loss=1.1921, Cls=0.0038, Reg=0.0000, Con=3.9610
2025-09-13 19:00:15,784 - INFO - Batch 1370/2278: Loss=1.8811, Cls=0.6928, Reg=0.0000, Con=3.9608
2025-09-13 19:00:16,666 - INFO - Batch 1380/2278: Loss=1.1912, Cls=0.0029, Reg=0.0000, Con=3.9608
2025-09-13 19:00:17,543 - INFO - Batch 1390/2278: Loss=1.1905, Cls=0.0023, Reg=0.0000, Con=3.9608
2025-09-13 19:00:18,465 - INFO - Batch 1400/2278: Loss=1.9585, Cls=0.7703, Reg=0.0000, Con=3.9609
2025-09-13 19:00:19,378 - INFO - Batch 1410/2278: Loss=1.4180, Cls=0.2297, Reg=0.0000, Con=3.9610
2025-09-13 19:00:20,252 - INFO - Batch 1420/2278: Loss=0.0103, Cls=0.0103, Reg=0.0000, Con=0.0000
2025-09-13 19:00:21,114 - INFO - Batch 1430/2278: Loss=1.9830, Cls=0.7947, Reg=0.0000, Con=3.9609
2025-09-13 19:00:21,970 - INFO - Batch 1440/2278: Loss=1.2176, Cls=0.0293, Reg=0.0000, Con=3.9609
2025-09-13 19:00:22,830 - INFO - Batch 1450/2278: Loss=1.7250, Cls=0.5368, Reg=0.0000, Con=3.9607
2025-09-13 19:00:23,702 - INFO - Batch 1460/2278: Loss=0.0228, Cls=0.0228, Reg=0.0000, Con=0.0000
2025-09-13 19:00:24,572 - INFO - Batch 1470/2278: Loss=1.2081, Cls=0.0198, Reg=0.0000, Con=3.9609
2025-09-13 19:00:25,464 - INFO - Batch 1480/2278: Loss=1.1931, Cls=0.0049, Reg=0.0000, Con=3.9607
2025-09-13 19:00:26,348 - INFO - Batch 1490/2278: Loss=1.2985, Cls=0.1103, Reg=0.0000, Con=3.9609
2025-09-13 19:00:27,230 - INFO - Batch 1500/2278: Loss=1.1883, Cls=0.0000, Reg=0.0000, Con=3.9609
2025-09-13 19:00:28,126 - INFO - Batch 1510/2278: Loss=0.0054, Cls=0.0054, Reg=0.0000, Con=0.0000
2025-09-13 19:00:28,997 - INFO - Batch 1520/2278: Loss=1.1953, Cls=0.0070, Reg=0.0000, Con=3.9608
2025-09-13 19:00:29,868 - INFO - Batch 1530/2278: Loss=1.1886, Cls=0.0004, Reg=0.0000, Con=3.9608
2025-09-13 19:00:30,757 - INFO - Batch 1540/2278: Loss=1.4782, Cls=0.2899, Reg=0.0000, Con=3.9609
2025-09-13 19:00:31,649 - INFO - Batch 1550/2278: Loss=2.3523, Cls=1.1640, Reg=0.0000, Con=3.9610
2025-09-13 19:00:32,541 - INFO - Batch 1560/2278: Loss=1.5684, Cls=0.3801, Reg=0.0000, Con=3.9609
2025-09-13 19:00:33,461 - INFO - Batch 1570/2278: Loss=1.1902, Cls=0.0020, Reg=0.0000, Con=3.9608
2025-09-13 19:00:34,370 - INFO - Batch 1580/2278: Loss=1.3121, Cls=0.1239, Reg=0.0000, Con=3.9608
2025-09-13 19:00:35,247 - INFO - Batch 1590/2278: Loss=1.2278, Cls=0.0396, Reg=0.0000, Con=3.9609
2025-09-13 19:00:36,093 - INFO - Batch 1600/2278: Loss=1.4791, Cls=0.2909, Reg=0.0000, Con=3.9608
2025-09-13 19:00:36,953 - INFO - Batch 1610/2278: Loss=0.0022, Cls=0.0022, Reg=0.0000, Con=0.0000
2025-09-13 19:00:37,857 - INFO - Batch 1620/2278: Loss=2.9978, Cls=1.8096, Reg=0.0000, Con=3.9608
2025-09-13 19:00:38,746 - INFO - Batch 1630/2278: Loss=1.3811, Cls=0.1929, Reg=0.0000, Con=3.9608
2025-09-13 19:00:39,625 - INFO - Batch 1640/2278: Loss=0.0009, Cls=0.0009, Reg=0.0000, Con=0.0000
2025-09-13 19:00:40,506 - INFO - Batch 1650/2278: Loss=0.0026, Cls=0.0026, Reg=0.0000, Con=0.0000
2025-09-13 19:00:41,396 - INFO - Batch 1660/2278: Loss=0.0044, Cls=0.0044, Reg=0.0000, Con=0.0000
2025-09-13 19:00:42,245 - INFO - Batch 1670/2278: Loss=1.2289, Cls=0.0406, Reg=0.0000, Con=3.9612
2025-09-13 19:00:43,131 - INFO - Batch 1680/2278: Loss=0.9768, Cls=0.9768, Reg=0.0000, Con=0.0000
2025-09-13 19:00:44,021 - INFO - Batch 1690/2278: Loss=1.2361, Cls=0.0478, Reg=0.0000, Con=3.9612
2025-09-13 19:00:44,878 - INFO - Batch 1700/2278: Loss=1.1911, Cls=0.0028, Reg=0.0000, Con=3.9612
2025-09-13 19:00:45,743 - INFO - Batch 1710/2278: Loss=0.0024, Cls=0.0024, Reg=0.0000, Con=0.0000
2025-09-13 19:00:46,605 - INFO - Batch 1720/2278: Loss=1.1900, Cls=0.0018, Reg=0.0000, Con=3.9608
2025-09-13 19:00:47,474 - INFO - Batch 1730/2278: Loss=0.1150, Cls=0.1150, Reg=0.0000, Con=0.0000
2025-09-13 19:00:48,367 - INFO - Batch 1740/2278: Loss=0.0571, Cls=0.0571, Reg=0.0000, Con=0.0000
2025-09-13 19:00:49,239 - INFO - Batch 1750/2278: Loss=1.2141, Cls=0.0258, Reg=0.0000, Con=3.9609
2025-09-13 19:00:50,113 - INFO - Batch 1760/2278: Loss=1.2241, Cls=0.0358, Reg=0.0000, Con=3.9609
2025-09-13 19:00:51,001 - INFO - Batch 1770/2278: Loss=1.1889, Cls=0.0007, Reg=0.0000, Con=3.9608
2025-09-13 19:00:51,888 - INFO - Batch 1780/2278: Loss=1.4939, Cls=0.3057, Reg=0.0000, Con=3.9608
2025-09-13 19:00:52,758 - INFO - Batch 1790/2278: Loss=0.0012, Cls=0.0012, Reg=0.0000, Con=0.0000
2025-09-13 19:00:53,645 - INFO - Batch 1800/2278: Loss=0.0362, Cls=0.0362, Reg=0.0000, Con=0.0000
2025-09-13 19:00:54,550 - INFO - Batch 1810/2278: Loss=0.0168, Cls=0.0168, Reg=0.0000, Con=0.0000
2025-09-13 19:00:55,418 - INFO - Batch 1820/2278: Loss=1.7829, Cls=0.5945, Reg=0.0000, Con=3.9611
2025-09-13 19:00:56,283 - INFO - Batch 1830/2278: Loss=0.1586, Cls=0.1586, Reg=0.0000, Con=0.0000
2025-09-13 19:00:57,164 - INFO - Batch 1840/2278: Loss=0.0139, Cls=0.0139, Reg=0.0000, Con=0.0000
2025-09-13 19:00:58,074 - INFO - Batch 1850/2278: Loss=1.1895, Cls=0.0012, Reg=0.0000, Con=3.9608
2025-09-13 19:00:58,950 - INFO - Batch 1860/2278: Loss=0.0001, Cls=0.0001, Reg=0.0000, Con=0.0000
2025-09-13 19:00:59,826 - INFO - Batch 1870/2278: Loss=1.1886, Cls=0.0004, Reg=0.0000, Con=3.9608
2025-09-13 19:01:00,691 - INFO - Batch 1880/2278: Loss=0.0622, Cls=0.0622, Reg=0.0000, Con=0.0000
2025-09-13 19:01:01,593 - INFO - Batch 1890/2278: Loss=1.1994, Cls=0.0111, Reg=0.0000, Con=3.9609
2025-09-13 19:01:02,464 - INFO - Batch 1900/2278: Loss=0.1645, Cls=0.1645, Reg=0.0000, Con=0.0000
2025-09-13 19:01:03,348 - INFO - Batch 1910/2278: Loss=0.0111, Cls=0.0111, Reg=0.0000, Con=0.0000
2025-09-13 19:01:04,259 - INFO - Batch 1920/2278: Loss=1.1887, Cls=0.0005, Reg=0.0000, Con=3.9607
2025-09-13 19:01:05,142 - INFO - Batch 1930/2278: Loss=1.1996, Cls=0.0114, Reg=0.0000, Con=3.9607
2025-09-13 19:01:06,024 - INFO - Batch 1940/2278: Loss=1.2558, Cls=0.0675, Reg=0.0000, Con=3.9608
2025-09-13 19:01:06,878 - INFO - Batch 1950/2278: Loss=1.2620, Cls=0.0737, Reg=0.0000, Con=3.9608
2025-09-13 19:01:07,740 - INFO - Batch 1960/2278: Loss=1.1941, Cls=0.0058, Reg=0.0000, Con=3.9609
2025-09-13 19:01:08,599 - INFO - Batch 1970/2278: Loss=1.2118, Cls=0.0234, Reg=0.0000, Con=3.9611
2025-09-13 19:01:09,477 - INFO - Batch 1980/2278: Loss=3.2094, Cls=2.0212, Reg=0.0000, Con=3.9608
2025-09-13 19:01:10,353 - INFO - Batch 1990/2278: Loss=3.2861, Cls=2.0978, Reg=0.0000, Con=3.9611
2025-09-13 19:01:11,221 - INFO - Batch 2000/2278: Loss=0.2643, Cls=0.2643, Reg=0.0000, Con=0.0000
2025-09-13 19:01:12,097 - INFO - Batch 2010/2278: Loss=1.1884, Cls=0.0002, Reg=0.0000, Con=3.9608
2025-09-13 19:01:12,988 - INFO - Batch 2020/2278: Loss=1.2255, Cls=0.0372, Reg=0.0000, Con=3.9608
2025-09-13 19:01:13,862 - INFO - Batch 2030/2278: Loss=1.1937, Cls=0.0055, Reg=0.0000, Con=3.9607
2025-09-13 19:01:14,741 - INFO - Batch 2040/2278: Loss=1.6888, Cls=0.5005, Reg=0.0000, Con=3.9609
2025-09-13 19:01:15,632 - INFO - Batch 2050/2278: Loss=1.1926, Cls=0.0043, Reg=0.0000, Con=3.9608
2025-09-13 19:01:16,487 - INFO - Batch 2060/2278: Loss=1.2414, Cls=0.0532, Reg=0.0000, Con=3.9607
2025-09-13 19:01:17,342 - INFO - Batch 2070/2278: Loss=1.4106, Cls=0.2224, Reg=0.0000, Con=3.9609
2025-09-13 19:01:18,199 - INFO - Batch 2080/2278: Loss=1.2193, Cls=0.0310, Reg=0.0000, Con=3.9610
2025-09-13 19:01:19,090 - INFO - Batch 2090/2278: Loss=1.1940, Cls=0.0056, Reg=0.0000, Con=3.9612
2025-09-13 19:01:19,969 - INFO - Batch 2100/2278: Loss=1.2499, Cls=0.0616, Reg=0.0000, Con=3.9611
2025-09-13 19:01:20,844 - INFO - Batch 2110/2278: Loss=1.1884, Cls=0.0002, Reg=0.0000, Con=3.9609
2025-09-13 19:01:21,723 - INFO - Batch 2120/2278: Loss=0.0177, Cls=0.0177, Reg=0.0000, Con=0.0000
2025-09-13 19:01:22,615 - INFO - Batch 2130/2278: Loss=1.2018, Cls=0.0136, Reg=0.0000, Con=3.9606
2025-09-13 19:01:23,508 - INFO - Batch 2140/2278: Loss=1.1886, Cls=0.0003, Reg=0.0000, Con=3.9608
2025-09-13 19:01:24,388 - INFO - Batch 2150/2278: Loss=1.1886, Cls=0.0003, Reg=0.0000, Con=3.9607
2025-09-13 19:01:25,245 - INFO - Batch 2160/2278: Loss=1.6301, Cls=0.4419, Reg=0.0000, Con=3.9608
2025-09-13 19:01:26,125 - INFO - Batch 2170/2278: Loss=2.6330, Cls=1.4448, Reg=0.0000, Con=3.9609
2025-09-13 19:01:26,988 - INFO - Batch 2180/2278: Loss=0.6776, Cls=0.6776, Reg=0.0000, Con=0.0000
2025-09-13 19:01:27,897 - INFO - Batch 2190/2278: Loss=0.0063, Cls=0.0063, Reg=0.0000, Con=0.0000
2025-09-13 19:01:28,786 - INFO - Batch 2200/2278: Loss=1.2402, Cls=0.0520, Reg=0.0000, Con=3.9605
2025-09-13 19:01:29,681 - INFO - Batch 2210/2278: Loss=1.1912, Cls=0.0030, Reg=0.0000, Con=3.9609
2025-09-13 19:01:30,566 - INFO - Batch 2220/2278: Loss=1.2062, Cls=0.0179, Reg=0.0000, Con=3.9610
2025-09-13 19:01:31,428 - INFO - Batch 2230/2278: Loss=0.0066, Cls=0.0066, Reg=0.0000, Con=0.0000
2025-09-13 19:01:32,310 - INFO - Batch 2240/2278: Loss=2.0256, Cls=0.8374, Reg=0.0000, Con=3.9608
2025-09-13 19:01:33,165 - INFO - Batch 2250/2278: Loss=1.1908, Cls=0.0025, Reg=0.0000, Con=3.9609
2025-09-13 19:01:34,049 - INFO - Batch 2260/2278: Loss=2.2828, Cls=1.0946, Reg=0.0000, Con=3.9608
2025-09-13 19:01:34,921 - INFO - Batch 2270/2278: Loss=2.4517, Cls=1.2634, Reg=0.0000, Con=3.9609
2025-09-13 19:04:54,085 - INFO - === Epoch 1 Results ===
2025-09-13 19:04:54,086 - INFO - Training Loss: 1.0225 (Classification: 0.2150, Regression: 0.0000)
2025-09-13 19:04:54,086 - INFO - Validation Loss: 0.0969 (Classification: 0.0969, Regression: 0.0000)
2025-09-13 19:04:54,086 - INFO - Average Classification Accuracy: 0.9040 (on 1/26 tasks)
2025-09-13 19:04:54,086 - INFO - Average AUC: 0.8681
2025-09-13 19:04:54,617 - INFO - Best model saved to: experiments/r1c3_single_cls_12_seed_42_20250913_185811/checkpoints/r1c3_single_cls_12_seed_42_best.pth
2025-09-13 19:04:54,617 - INFO - 
Epoch 2/3
2025-09-13 19:04:54,713 - INFO - Batch 0/2278: Loss=0.0086, Cls=0.0086, Reg=0.0000, Con=0.0000
2025-09-13 19:04:55,615 - INFO - Batch 10/2278: Loss=1.8146, Cls=0.6265, Reg=0.0000, Con=3.9604
2025-09-13 19:04:56,518 - INFO - Batch 20/2278: Loss=1.2020, Cls=0.0137, Reg=0.0000, Con=3.9610
2025-09-13 19:04:57,418 - INFO - Batch 30/2278: Loss=2.2562, Cls=1.0680, Reg=0.0000, Con=3.9608
2025-09-13 19:04:58,314 - INFO - Batch 40/2278: Loss=1.8649, Cls=0.6766, Reg=0.0000, Con=3.9608
2025-09-13 19:04:59,237 - INFO - Batch 50/2278: Loss=0.0394, Cls=0.0394, Reg=0.0000, Con=0.0000
2025-09-13 19:05:00,127 - INFO - Batch 60/2278: Loss=0.0052, Cls=0.0052, Reg=0.0000, Con=0.0000
2025-09-13 19:05:01,017 - INFO - Batch 70/2278: Loss=1.2031, Cls=0.0149, Reg=0.0000, Con=3.9607
2025-09-13 19:05:01,931 - INFO - Batch 80/2278: Loss=1.1907, Cls=0.0024, Reg=0.0000, Con=3.9609
2025-09-13 19:05:02,843 - INFO - Batch 90/2278: Loss=0.8634, Cls=0.8634, Reg=0.0000, Con=0.0000
2025-09-13 19:05:03,757 - INFO - Batch 100/2278: Loss=1.1962, Cls=0.0080, Reg=0.0000, Con=3.9609
2025-09-13 19:05:04,671 - INFO - Batch 110/2278: Loss=1.2028, Cls=0.0145, Reg=0.0000, Con=3.9609
2025-09-13 19:05:05,588 - INFO - Batch 120/2278: Loss=0.0083, Cls=0.0083, Reg=0.0000, Con=0.0000
2025-09-13 19:05:06,500 - INFO - Batch 130/2278: Loss=1.1938, Cls=0.0055, Reg=0.0000, Con=3.9607
2025-09-13 19:05:07,405 - INFO - Batch 140/2278: Loss=1.2027, Cls=0.0144, Reg=0.0000, Con=3.9609
2025-09-13 19:05:08,317 - INFO - Batch 150/2278: Loss=1.2784, Cls=0.0900, Reg=0.0000, Con=3.9611
2025-09-13 19:05:09,227 - INFO - Batch 160/2278: Loss=1.2038, Cls=0.0155, Reg=0.0000, Con=3.9609
2025-09-13 19:05:10,125 - INFO - Batch 170/2278: Loss=0.3847, Cls=0.3847, Reg=0.0000, Con=0.0000
2025-09-13 19:05:11,031 - INFO - Batch 180/2278: Loss=1.2224, Cls=0.0341, Reg=0.0000, Con=3.9609
2025-09-13 19:05:11,938 - INFO - Batch 190/2278: Loss=0.3793, Cls=0.3793, Reg=0.0000, Con=0.0000
2025-09-13 19:05:12,849 - INFO - Batch 200/2278: Loss=1.2045, Cls=0.0162, Reg=0.0000, Con=3.9608
2025-09-13 19:05:13,753 - INFO - Batch 210/2278: Loss=1.1914, Cls=0.0032, Reg=0.0000, Con=3.9609
2025-09-13 19:05:14,650 - INFO - Batch 220/2278: Loss=0.0016, Cls=0.0016, Reg=0.0000, Con=0.0000
2025-09-13 19:05:15,553 - INFO - Batch 230/2278: Loss=0.0060, Cls=0.0060, Reg=0.0000, Con=0.0000
2025-09-13 19:05:16,476 - INFO - Batch 240/2278: Loss=0.0388, Cls=0.0388, Reg=0.0000, Con=0.0000
2025-09-13 19:05:17,388 - INFO - Batch 250/2278: Loss=0.0335, Cls=0.0335, Reg=0.0000, Con=0.0000
2025-09-13 19:05:18,297 - INFO - Batch 260/2278: Loss=0.0014, Cls=0.0014, Reg=0.0000, Con=0.0000
2025-09-13 19:05:19,194 - INFO - Batch 270/2278: Loss=1.2125, Cls=0.0243, Reg=0.0000, Con=3.9608
2025-09-13 19:05:20,099 - INFO - Batch 280/2278: Loss=1.4102, Cls=0.2220, Reg=0.0000, Con=3.9609
2025-09-13 19:05:21,008 - INFO - Batch 290/2278: Loss=1.8046, Cls=0.6164, Reg=0.0000, Con=3.9609
2025-09-13 19:05:21,924 - INFO - Batch 300/2278: Loss=1.1883, Cls=0.0000, Reg=0.0000, Con=3.9609
2025-09-13 19:05:22,851 - INFO - Batch 310/2278: Loss=4.2122, Cls=3.0240, Reg=0.0000, Con=3.9608
2025-09-13 19:05:23,778 - INFO - Batch 320/2278: Loss=0.5569, Cls=0.5569, Reg=0.0000, Con=0.0000
2025-09-13 19:05:24,678 - INFO - Batch 330/2278: Loss=1.1919, Cls=0.0036, Reg=0.0000, Con=3.9609
2025-09-13 19:05:25,555 - INFO - Batch 340/2278: Loss=1.1943, Cls=0.0060, Reg=0.0000, Con=3.9609
2025-09-13 19:05:26,452 - INFO - Batch 350/2278: Loss=1.1884, Cls=0.0001, Reg=0.0000, Con=3.9609
2025-09-13 19:05:27,364 - INFO - Batch 360/2278: Loss=1.1970, Cls=0.0087, Reg=0.0000, Con=3.9609
2025-09-13 19:05:28,254 - INFO - Batch 370/2278: Loss=1.1915, Cls=0.0033, Reg=0.0000, Con=3.9609
2025-09-13 19:05:29,142 - INFO - Batch 380/2278: Loss=1.1974, Cls=0.0092, Reg=0.0000, Con=3.9608
2025-09-13 19:05:30,048 - INFO - Batch 390/2278: Loss=1.2493, Cls=0.0610, Reg=0.0000, Con=3.9609
2025-09-13 19:05:30,973 - INFO - Batch 400/2278: Loss=0.0197, Cls=0.0197, Reg=0.0000, Con=0.0000
2025-09-13 19:05:31,920 - INFO - Batch 410/2278: Loss=1.1938, Cls=0.0056, Reg=0.0000, Con=3.9608
2025-09-13 19:05:32,858 - INFO - Batch 420/2278: Loss=0.1515, Cls=0.1515, Reg=0.0000, Con=0.0000
2025-09-13 19:05:33,786 - INFO - Batch 430/2278: Loss=0.0313, Cls=0.0313, Reg=0.0000, Con=0.0000
2025-09-13 19:05:34,682 - INFO - Batch 440/2278: Loss=1.2181, Cls=0.0299, Reg=0.0000, Con=3.9608
2025-09-13 19:05:35,570 - INFO - Batch 450/2278: Loss=1.1882, Cls=0.0000, Reg=0.0000, Con=3.9607
2025-09-13 19:05:36,465 - INFO - Batch 460/2278: Loss=0.4228, Cls=0.4228, Reg=0.0000, Con=0.0000
2025-09-13 19:05:37,369 - INFO - Batch 470/2278: Loss=1.3608, Cls=0.1726, Reg=0.0000, Con=3.9608
2025-09-13 19:05:38,278 - INFO - Batch 480/2278: Loss=0.0068, Cls=0.0068, Reg=0.0000, Con=0.0000
2025-09-13 19:05:39,192 - INFO - Batch 490/2278: Loss=1.2864, Cls=0.0981, Reg=0.0000, Con=3.9610
2025-09-13 19:05:40,095 - INFO - Batch 500/2278: Loss=2.8743, Cls=1.6860, Reg=0.0000, Con=3.9607
2025-09-13 19:05:41,013 - INFO - Batch 510/2278: Loss=1.2056, Cls=0.0174, Reg=0.0000, Con=3.9607
2025-09-13 19:05:41,935 - INFO - Batch 520/2278: Loss=1.1921, Cls=0.0039, Reg=0.0000, Con=3.9607
2025-09-13 19:05:42,835 - INFO - Batch 530/2278: Loss=1.3275, Cls=0.1393, Reg=0.0000, Con=3.9608
2025-09-13 19:05:43,715 - INFO - Batch 540/2278: Loss=1.2329, Cls=0.0446, Reg=0.0000, Con=3.9610
2025-09-13 19:05:44,606 - INFO - Batch 550/2278: Loss=1.2618, Cls=0.0736, Reg=0.0000, Con=3.9607
2025-09-13 19:05:45,513 - INFO - Batch 560/2278: Loss=2.2296, Cls=1.0413, Reg=0.0000, Con=3.9608
2025-09-13 19:05:46,408 - INFO - Batch 570/2278: Loss=1.3270, Cls=0.1388, Reg=0.0000, Con=3.9608
2025-09-13 19:05:47,317 - INFO - Batch 580/2278: Loss=0.0136, Cls=0.0136, Reg=0.0000, Con=0.0000
2025-09-13 19:05:48,210 - INFO - Batch 590/2278: Loss=1.2190, Cls=0.0308, Reg=0.0000, Con=3.9608
2025-09-13 19:05:49,101 - INFO - Batch 600/2278: Loss=0.0010, Cls=0.0010, Reg=0.0000, Con=0.0000
2025-09-13 19:05:50,000 - INFO - Batch 610/2278: Loss=1.2301, Cls=0.0418, Reg=0.0000, Con=3.9608
2025-09-13 19:05:50,892 - INFO - Batch 620/2278: Loss=1.4076, Cls=0.2194, Reg=0.0000, Con=3.9608
2025-09-13 19:05:51,774 - INFO - Batch 630/2278: Loss=0.0224, Cls=0.0224, Reg=0.0000, Con=0.0000
2025-09-13 19:05:52,696 - INFO - Batch 640/2278: Loss=0.0007, Cls=0.0007, Reg=0.0000, Con=0.0000
2025-09-13 19:05:53,600 - INFO - Batch 650/2278: Loss=0.0307, Cls=0.0307, Reg=0.0000, Con=0.0000
2025-09-13 19:05:54,501 - INFO - Batch 660/2278: Loss=1.5433, Cls=0.3551, Reg=0.0000, Con=3.9607
2025-09-13 19:05:55,427 - INFO - Batch 670/2278: Loss=1.7773, Cls=0.5890, Reg=0.0000, Con=3.9609
2025-09-13 19:05:56,336 - INFO - Batch 680/2278: Loss=1.1935, Cls=0.0052, Reg=0.0000, Con=3.9608
2025-09-13 19:05:57,230 - INFO - Batch 690/2278: Loss=1.2926, Cls=0.1043, Reg=0.0000, Con=3.9611
2025-09-13 19:05:58,147 - INFO - Batch 700/2278: Loss=1.8350, Cls=1.8350, Reg=0.0000, Con=0.0000
2025-09-13 19:05:59,063 - INFO - Batch 710/2278: Loss=1.1896, Cls=0.0013, Reg=0.0000, Con=3.9610
2025-09-13 19:05:59,954 - INFO - Batch 720/2278: Loss=1.2200, Cls=0.0318, Reg=0.0000, Con=3.9609
2025-09-13 19:06:00,838 - INFO - Batch 730/2278: Loss=1.1995, Cls=0.0111, Reg=0.0000, Con=3.9612
2025-09-13 19:06:01,723 - INFO - Batch 740/2278: Loss=1.5215, Cls=0.3332, Reg=0.0000, Con=3.9610
2025-09-13 19:06:02,616 - INFO - Batch 750/2278: Loss=0.0085, Cls=0.0085, Reg=0.0000, Con=0.0000
2025-09-13 19:06:03,508 - INFO - Batch 760/2278: Loss=0.0012, Cls=0.0012, Reg=0.0000, Con=0.0000
2025-09-13 19:06:04,404 - INFO - Batch 770/2278: Loss=1.1916, Cls=0.0034, Reg=0.0000, Con=3.9608
2025-09-13 19:06:05,305 - INFO - Batch 780/2278: Loss=0.3923, Cls=0.3923, Reg=0.0000, Con=0.0000
2025-09-13 19:06:06,206 - INFO - Batch 790/2278: Loss=1.1980, Cls=0.0097, Reg=0.0000, Con=3.9609
2025-09-13 19:06:07,115 - INFO - Batch 800/2278: Loss=0.0027, Cls=0.0027, Reg=0.0000, Con=0.0000
2025-09-13 19:06:08,025 - INFO - Batch 810/2278: Loss=0.0180, Cls=0.0180, Reg=0.0000, Con=0.0000
2025-09-13 19:06:08,917 - INFO - Batch 820/2278: Loss=1.1922, Cls=0.0040, Reg=0.0000, Con=3.9608
2025-09-13 19:06:09,832 - INFO - Batch 830/2278: Loss=1.7915, Cls=0.6033, Reg=0.0000, Con=3.9607
2025-09-13 19:06:10,747 - INFO - Batch 840/2278: Loss=1.5531, Cls=0.3649, Reg=0.0000, Con=3.9608
2025-09-13 19:06:11,665 - INFO - Batch 850/2278: Loss=0.0106, Cls=0.0106, Reg=0.0000, Con=0.0000
2025-09-13 19:06:12,583 - INFO - Batch 860/2278: Loss=1.1906, Cls=0.0024, Reg=0.0000, Con=3.9608
2025-09-13 19:06:13,489 - INFO - Batch 870/2278: Loss=0.0047, Cls=0.0047, Reg=0.0000, Con=0.0000
2025-09-13 19:06:14,399 - INFO - Batch 880/2278: Loss=0.0000, Cls=0.0000, Reg=0.0000, Con=0.0000
2025-09-13 19:06:15,295 - INFO - Batch 890/2278: Loss=2.3326, Cls=1.1443, Reg=0.0000, Con=3.9609
2025-09-13 19:06:16,205 - INFO - Batch 900/2278: Loss=0.0001, Cls=0.0001, Reg=0.0000, Con=0.0000
2025-09-13 19:06:17,091 - INFO - Batch 910/2278: Loss=0.0009, Cls=0.0009, Reg=0.0000, Con=0.0000
2025-09-13 19:06:17,984 - INFO - Batch 920/2278: Loss=1.1883, Cls=0.0000, Reg=0.0000, Con=3.9611
2025-09-13 19:06:18,886 - INFO - Batch 930/2278: Loss=1.5023, Cls=0.3140, Reg=0.0000, Con=3.9609
2025-09-13 19:06:19,782 - INFO - Batch 940/2278: Loss=0.0000, Cls=0.0000, Reg=0.0000, Con=0.0000
2025-09-13 19:06:20,681 - INFO - Batch 950/2278: Loss=0.0031, Cls=0.0031, Reg=0.0000, Con=0.0000
2025-09-13 19:06:21,608 - INFO - Batch 960/2278: Loss=0.0005, Cls=0.0005, Reg=0.0000, Con=0.0000
2025-09-13 19:06:22,532 - INFO - Batch 970/2278: Loss=0.0020, Cls=0.0020, Reg=0.0000, Con=0.0000
2025-09-13 19:06:23,426 - INFO - Batch 980/2278: Loss=1.3733, Cls=0.1850, Reg=0.0000, Con=3.9609
2025-09-13 19:06:24,326 - INFO - Batch 990/2278: Loss=1.3804, Cls=0.1922, Reg=0.0000, Con=3.9606
2025-09-13 19:06:25,224 - INFO - Batch 1000/2278: Loss=1.8792, Cls=0.6910, Reg=0.0000, Con=3.9608
2025-09-13 19:06:26,116 - INFO - Batch 1010/2278: Loss=2.0146, Cls=0.8263, Reg=0.0000, Con=3.9609
2025-09-13 19:06:27,002 - INFO - Batch 1020/2278: Loss=1.1933, Cls=0.0048, Reg=0.0000, Con=3.9615
2025-09-13 19:06:27,898 - INFO - Batch 1030/2278: Loss=1.2044, Cls=0.0161, Reg=0.0000, Con=3.9608
2025-09-13 19:06:28,807 - INFO - Batch 1040/2278: Loss=1.2301, Cls=0.0419, Reg=0.0000, Con=3.9608
2025-09-13 19:06:29,718 - INFO - Batch 1050/2278: Loss=1.3361, Cls=0.1478, Reg=0.0000, Con=3.9611
2025-09-13 19:06:30,614 - INFO - Batch 1060/2278: Loss=1.1973, Cls=0.0089, Reg=0.0000, Con=3.9612
2025-09-13 19:06:31,510 - INFO - Batch 1070/2278: Loss=1.1920, Cls=0.0037, Reg=0.0000, Con=3.9609
2025-09-13 19:06:32,415 - INFO - Batch 1080/2278: Loss=1.1930, Cls=0.0048, Reg=0.0000, Con=3.9609
2025-09-13 19:06:33,363 - INFO - Batch 1090/2278: Loss=2.5854, Cls=1.3971, Reg=0.0000, Con=3.9608
2025-09-13 19:06:34,271 - INFO - Batch 1100/2278: Loss=1.2002, Cls=0.0119, Reg=0.0000, Con=3.9608
2025-09-13 19:06:35,162 - INFO - Batch 1110/2278: Loss=2.9681, Cls=1.7798, Reg=0.0000, Con=3.9608
2025-09-13 19:06:36,073 - INFO - Batch 1120/2278: Loss=1.1895, Cls=0.0013, Reg=0.0000, Con=3.9608
2025-09-13 19:06:36,974 - INFO - Batch 1130/2278: Loss=1.5928, Cls=0.4046, Reg=0.0000, Con=3.9608
2025-09-13 19:06:37,873 - INFO - Batch 1140/2278: Loss=0.7133, Cls=0.7133, Reg=0.0000, Con=0.0000
2025-09-13 19:06:38,776 - INFO - Batch 1150/2278: Loss=1.1917, Cls=0.0034, Reg=0.0000, Con=3.9609
2025-09-13 19:06:39,664 - INFO - Batch 1160/2278: Loss=1.2031, Cls=0.0149, Reg=0.0000, Con=3.9607
2025-09-13 19:06:40,557 - INFO - Batch 1170/2278: Loss=0.0132, Cls=0.0132, Reg=0.0000, Con=0.0000
2025-09-13 19:06:41,467 - INFO - Batch 1180/2278: Loss=1.2011, Cls=0.0128, Reg=0.0000, Con=3.9609
2025-09-13 19:06:42,394 - INFO - Batch 1190/2278: Loss=1.1952, Cls=0.0069, Reg=0.0000, Con=3.9610
2025-09-13 19:06:43,306 - INFO - Batch 1200/2278: Loss=1.2092, Cls=0.0210, Reg=0.0000, Con=3.9609
2025-09-13 19:06:44,222 - INFO - Batch 1210/2278: Loss=1.2180, Cls=0.0298, Reg=0.0000, Con=3.9608
2025-09-13 19:06:45,137 - INFO - Batch 1220/2278: Loss=0.5629, Cls=0.5629, Reg=0.0000, Con=0.0000
2025-09-13 19:06:46,060 - INFO - Batch 1230/2278: Loss=1.1937, Cls=0.0054, Reg=0.0000, Con=3.9609
2025-09-13 19:06:46,962 - INFO - Batch 1240/2278: Loss=1.2183, Cls=0.0300, Reg=0.0000, Con=3.9609
2025-09-13 19:06:47,868 - INFO - Batch 1250/2278: Loss=0.2739, Cls=0.2739, Reg=0.0000, Con=0.0000
2025-09-13 19:06:48,774 - INFO - Batch 1260/2278: Loss=1.2234, Cls=0.0351, Reg=0.0000, Con=3.9607
2025-09-13 19:06:49,674 - INFO - Batch 1270/2278: Loss=0.0357, Cls=0.0357, Reg=0.0000, Con=0.0000
2025-09-13 19:06:50,545 - INFO - Batch 1280/2278: Loss=1.1886, Cls=0.0004, Reg=0.0000, Con=3.9608
2025-09-13 19:06:51,452 - INFO - Batch 1290/2278: Loss=2.4171, Cls=1.2289, Reg=0.0000, Con=3.9609
2025-09-13 19:06:52,372 - INFO - Batch 1300/2278: Loss=6.3819, Cls=5.1936, Reg=0.0000, Con=3.9610
2025-09-13 19:06:53,288 - INFO - Batch 1310/2278: Loss=0.0028, Cls=0.0028, Reg=0.0000, Con=0.0000
2025-09-13 19:06:54,191 - INFO - Batch 1320/2278: Loss=1.2088, Cls=0.0206, Reg=0.0000, Con=3.9609
2025-09-13 19:06:55,089 - INFO - Batch 1330/2278: Loss=1.2922, Cls=0.1039, Reg=0.0000, Con=3.9609
2025-09-13 19:06:56,010 - INFO - Batch 1340/2278: Loss=0.0043, Cls=0.0043, Reg=0.0000, Con=0.0000
2025-09-13 19:06:56,908 - INFO - Batch 1350/2278: Loss=1.8369, Cls=0.6487, Reg=0.0000, Con=3.9607
2025-09-13 19:06:57,815 - INFO - Batch 1360/2278: Loss=1.2254, Cls=0.0372, Reg=0.0000, Con=3.9608
2025-09-13 19:06:58,723 - INFO - Batch 1370/2278: Loss=1.1887, Cls=0.0005, Reg=0.0000, Con=3.9608
2025-09-13 19:06:59,617 - INFO - Batch 1380/2278: Loss=1.1907, Cls=0.0024, Reg=0.0000, Con=3.9609
2025-09-13 19:07:00,524 - INFO - Batch 1390/2278: Loss=1.1946, Cls=0.0063, Reg=0.0000, Con=3.9608
2025-09-13 19:07:01,448 - INFO - Batch 1400/2278: Loss=0.2735, Cls=0.2735, Reg=0.0000, Con=0.0000
2025-09-13 19:07:02,359 - INFO - Batch 1410/2278: Loss=1.2333, Cls=0.0451, Reg=0.0000, Con=3.9608
2025-09-13 19:07:03,277 - INFO - Batch 1420/2278: Loss=0.0084, Cls=0.0084, Reg=0.0000, Con=0.0000
2025-09-13 19:07:04,192 - INFO - Batch 1430/2278: Loss=0.0189, Cls=0.0189, Reg=0.0000, Con=0.0000
2025-09-13 19:07:05,092 - INFO - Batch 1440/2278: Loss=1.2957, Cls=0.1073, Reg=0.0000, Con=3.9613
2025-09-13 19:07:05,984 - INFO - Batch 1450/2278: Loss=0.1612, Cls=0.1612, Reg=0.0000, Con=0.0000
2025-09-13 19:07:06,882 - INFO - Batch 1460/2278: Loss=1.1931, Cls=0.0048, Reg=0.0000, Con=3.9609
2025-09-13 19:07:07,783 - INFO - Batch 1470/2278: Loss=1.2855, Cls=0.0973, Reg=0.0000, Con=3.9608
2025-09-13 19:07:08,680 - INFO - Batch 1480/2278: Loss=2.1224, Cls=0.9342, Reg=0.0000, Con=3.9608
2025-09-13 19:07:09,644 - INFO - Batch 1490/2278: Loss=0.2393, Cls=0.2393, Reg=0.0000, Con=0.0000
2025-09-13 19:07:10,566 - INFO - Batch 1500/2278: Loss=0.0189, Cls=0.0189, Reg=0.0000, Con=0.0000
2025-09-13 19:07:11,457 - INFO - Batch 1510/2278: Loss=1.1891, Cls=0.0009, Reg=0.0000, Con=3.9608
2025-09-13 19:07:12,339 - INFO - Batch 1520/2278: Loss=1.1977, Cls=0.0094, Reg=0.0000, Con=3.9608
2025-09-13 19:07:13,231 - INFO - Batch 1530/2278: Loss=1.1941, Cls=0.0058, Reg=0.0000, Con=3.9609
2025-09-13 19:07:14,128 - INFO - Batch 1540/2278: Loss=0.0089, Cls=0.0089, Reg=0.0000, Con=0.0000
2025-09-13 19:07:15,032 - INFO - Batch 1550/2278: Loss=1.1904, Cls=0.0021, Reg=0.0000, Con=3.9609
2025-09-13 19:07:15,950 - INFO - Batch 1560/2278: Loss=1.2084, Cls=0.0202, Reg=0.0000, Con=3.9608
2025-09-13 19:07:16,832 - INFO - Batch 1570/2278: Loss=2.6565, Cls=1.4682, Reg=0.0000, Con=3.9609
2025-09-13 19:07:17,714 - INFO - Batch 1580/2278: Loss=1.6791, Cls=0.4909, Reg=0.0000, Con=3.9607
2025-09-13 19:07:18,629 - INFO - Batch 1590/2278: Loss=0.0498, Cls=0.0498, Reg=0.0000, Con=0.0000
2025-09-13 19:07:19,543 - INFO - Batch 1600/2278: Loss=1.2542, Cls=0.0660, Reg=0.0000, Con=3.9609
2025-09-13 19:07:20,460 - INFO - Batch 1610/2278: Loss=0.2617, Cls=0.2617, Reg=0.0000, Con=0.0000
2025-09-13 19:07:21,379 - INFO - Batch 1620/2278: Loss=1.2263, Cls=0.0381, Reg=0.0000, Con=3.9609
2025-09-13 19:07:22,258 - INFO - Batch 1630/2278: Loss=2.6676, Cls=1.4794, Reg=0.0000, Con=3.9606
2025-09-13 19:07:23,166 - INFO - Batch 1640/2278: Loss=2.3303, Cls=1.1420, Reg=0.0000, Con=3.9609
2025-09-13 19:07:24,066 - INFO - Batch 1650/2278: Loss=0.0034, Cls=0.0034, Reg=0.0000, Con=0.0000
2025-09-13 19:07:24,971 - INFO - Batch 1660/2278: Loss=2.7602, Cls=1.5720, Reg=0.0000, Con=3.9607
2025-09-13 19:07:25,881 - INFO - Batch 1670/2278: Loss=1.1887, Cls=0.0004, Reg=0.0000, Con=3.9608
2025-09-13 19:07:26,792 - INFO - Batch 1680/2278: Loss=1.1893, Cls=0.0008, Reg=0.0000, Con=3.9615
2025-09-13 19:07:27,713 - INFO - Batch 1690/2278: Loss=0.0010, Cls=0.0010, Reg=0.0000, Con=0.0000
2025-09-13 19:07:28,620 - INFO - Batch 1700/2278: Loss=1.1899, Cls=0.0017, Reg=0.0000, Con=3.9608
2025-09-13 19:07:29,523 - INFO - Batch 1710/2278: Loss=1.1912, Cls=0.0028, Reg=0.0000, Con=3.9612
2025-09-13 19:07:30,417 - INFO - Batch 1720/2278: Loss=1.1907, Cls=0.0024, Reg=0.0000, Con=3.9610
2025-09-13 19:07:31,335 - INFO - Batch 1730/2278: Loss=1.8252, Cls=0.6370, Reg=0.0000, Con=3.9609
2025-09-13 19:07:32,233 - INFO - Batch 1740/2278: Loss=1.1900, Cls=0.0017, Reg=0.0000, Con=3.9610
2025-09-13 19:07:33,168 - INFO - Batch 1750/2278: Loss=2.0806, Cls=0.8923, Reg=0.0000, Con=3.9609
2025-09-13 19:07:34,107 - INFO - Batch 1760/2278: Loss=1.1895, Cls=0.0013, Reg=0.0000, Con=3.9608
2025-09-13 19:07:35,027 - INFO - Batch 1770/2278: Loss=1.1891, Cls=0.0008, Reg=0.0000, Con=3.9610
2025-09-13 19:07:35,933 - INFO - Batch 1780/2278: Loss=1.5752, Cls=0.3869, Reg=0.0000, Con=3.9608
2025-09-13 19:07:36,830 - INFO - Batch 1790/2278: Loss=1.3163, Cls=0.1281, Reg=0.0000, Con=3.9608
2025-09-13 19:07:37,721 - INFO - Batch 1800/2278: Loss=1.2848, Cls=0.0966, Reg=0.0000, Con=3.9609
2025-09-13 19:07:38,603 - INFO - Batch 1810/2278: Loss=1.2395, Cls=0.0512, Reg=0.0000, Con=3.9610
2025-09-13 19:07:39,496 - INFO - Batch 1820/2278: Loss=2.2779, Cls=1.0897, Reg=0.0000, Con=3.9608
2025-09-13 19:07:40,402 - INFO - Batch 1830/2278: Loss=1.2499, Cls=0.0614, Reg=0.0000, Con=3.9615
2025-09-13 19:07:41,319 - INFO - Batch 1840/2278: Loss=1.2469, Cls=0.0586, Reg=0.0000, Con=3.9609
2025-09-13 19:07:42,232 - INFO - Batch 1850/2278: Loss=1.1893, Cls=0.0011, Reg=0.0000, Con=3.9608
2025-09-13 19:07:43,145 - INFO - Batch 1860/2278: Loss=0.0356, Cls=0.0356, Reg=0.0000, Con=0.0000
2025-09-13 19:07:44,052 - INFO - Batch 1870/2278: Loss=1.1429, Cls=1.1429, Reg=0.0000, Con=0.0000
2025-09-13 19:07:44,964 - INFO - Batch 1880/2278: Loss=1.1891, Cls=0.0008, Reg=0.0000, Con=3.9610
2025-09-13 19:07:45,869 - INFO - Batch 1890/2278: Loss=0.2723, Cls=0.2723, Reg=0.0000, Con=0.0000
2025-09-13 19:07:46,765 - INFO - Batch 1900/2278: Loss=1.1952, Cls=0.0070, Reg=0.0000, Con=3.9607
2025-09-13 19:07:47,670 - INFO - Batch 1910/2278: Loss=1.1882, Cls=0.0000, Reg=0.0000, Con=3.9607
2025-09-13 19:07:48,597 - INFO - Batch 1920/2278: Loss=1.2139, Cls=0.0257, Reg=0.0000, Con=3.9608
2025-09-13 19:07:49,510 - INFO - Batch 1930/2278: Loss=0.0019, Cls=0.0019, Reg=0.0000, Con=0.0000
2025-09-13 19:07:50,407 - INFO - Batch 1940/2278: Loss=1.1907, Cls=0.0025, Reg=0.0000, Con=3.9607
2025-09-13 19:07:51,276 - INFO - Batch 1950/2278: Loss=1.1915, Cls=0.0032, Reg=0.0000, Con=3.9609
2025-09-13 19:07:52,199 - INFO - Batch 1960/2278: Loss=1.1888, Cls=0.0005, Reg=0.0000, Con=3.9609
2025-09-13 19:07:53,118 - INFO - Batch 1970/2278: Loss=1.3146, Cls=0.1265, Reg=0.0000, Con=3.9606
2025-09-13 19:07:54,021 - INFO - Batch 1980/2278: Loss=1.2221, Cls=0.0338, Reg=0.0000, Con=3.9608
2025-09-13 19:07:54,937 - INFO - Batch 1990/2278: Loss=0.0011, Cls=0.0011, Reg=0.0000, Con=0.0000
2025-09-13 19:07:55,820 - INFO - Batch 2000/2278: Loss=1.2180, Cls=0.0298, Reg=0.0000, Con=3.9607
2025-09-13 19:07:56,719 - INFO - Batch 2010/2278: Loss=1.1910, Cls=0.0028, Reg=0.0000, Con=3.9608
2025-09-13 19:07:57,613 - INFO - Batch 2020/2278: Loss=0.5449, Cls=0.5449, Reg=0.0000, Con=0.0000
2025-09-13 19:07:58,490 - INFO - Batch 2030/2278: Loss=1.1918, Cls=0.0035, Reg=0.0000, Con=3.9610
2025-09-13 19:07:59,411 - INFO - Batch 2040/2278: Loss=1.1928, Cls=0.0046, Reg=0.0000, Con=3.9608
2025-09-13 19:08:00,310 - INFO - Batch 2050/2278: Loss=0.0170, Cls=0.0170, Reg=0.0000, Con=0.0000
2025-09-13 19:08:01,213 - INFO - Batch 2060/2278: Loss=1.3952, Cls=0.2067, Reg=0.0000, Con=3.9615
2025-09-13 19:08:02,115 - INFO - Batch 2070/2278: Loss=1.1900, Cls=0.0018, Reg=0.0000, Con=3.9608
2025-09-13 19:08:03,014 - INFO - Batch 2080/2278: Loss=1.2007, Cls=0.0125, Reg=0.0000, Con=3.9607
2025-09-13 19:08:03,933 - INFO - Batch 2090/2278: Loss=1.2756, Cls=0.0873, Reg=0.0000, Con=3.9608
2025-09-13 19:08:04,826 - INFO - Batch 2100/2278: Loss=0.0389, Cls=0.0389, Reg=0.0000, Con=0.0000
2025-09-13 19:08:05,736 - INFO - Batch 2110/2278: Loss=0.0072, Cls=0.0072, Reg=0.0000, Con=0.0000
2025-09-13 19:08:06,642 - INFO - Batch 2120/2278: Loss=1.1886, Cls=0.0003, Reg=0.0000, Con=3.9609
2025-09-13 19:08:07,553 - INFO - Batch 2130/2278: Loss=1.4939, Cls=0.3056, Reg=0.0000, Con=3.9608
2025-09-13 19:08:08,457 - INFO - Batch 2140/2278: Loss=0.0012, Cls=0.0012, Reg=0.0000, Con=0.0000
2025-09-13 19:08:09,347 - INFO - Batch 2150/2278: Loss=1.1933, Cls=0.0050, Reg=0.0000, Con=3.9610
2025-09-13 19:08:10,237 - INFO - Batch 2160/2278: Loss=1.1927, Cls=0.0045, Reg=0.0000, Con=3.9608
2025-09-13 19:08:11,123 - INFO - Batch 2170/2278: Loss=1.1883, Cls=0.0001, Reg=0.0000, Con=3.9608
2025-09-13 19:08:12,024 - INFO - Batch 2180/2278: Loss=1.1886, Cls=0.0003, Reg=0.0000, Con=3.9608
2025-09-13 19:08:12,904 - INFO - Batch 2190/2278: Loss=1.1887, Cls=0.0004, Reg=0.0000, Con=3.9610
2025-09-13 19:08:13,792 - INFO - Batch 2200/2278: Loss=1.1897, Cls=0.0014, Reg=0.0000, Con=3.9608
2025-09-13 19:08:14,688 - INFO - Batch 2210/2278: Loss=1.1891, Cls=0.0007, Reg=0.0000, Con=3.9613
2025-09-13 19:08:15,593 - INFO - Batch 2220/2278: Loss=0.0149, Cls=0.0149, Reg=0.0000, Con=0.0000
2025-09-13 19:08:16,511 - INFO - Batch 2230/2278: Loss=0.0087, Cls=0.0087, Reg=0.0000, Con=0.0000
2025-09-13 19:08:17,424 - INFO - Batch 2240/2278: Loss=1.2104, Cls=0.0222, Reg=0.0000, Con=3.9608
2025-09-13 19:08:18,321 - INFO - Batch 2250/2278: Loss=0.0042, Cls=0.0042, Reg=0.0000, Con=0.0000
2025-09-13 19:08:19,240 - INFO - Batch 2260/2278: Loss=1.6249, Cls=0.4366, Reg=0.0000, Con=3.9609
2025-09-13 19:08:20,150 - INFO - Batch 2270/2278: Loss=2.6897, Cls=1.5015, Reg=0.0000, Con=3.9606
2025-09-13 19:11:45,966 - INFO - === Epoch 2 Results ===
2025-09-13 19:11:45,966 - INFO - Training Loss: 1.0430 (Classification: 0.2230, Regression: 0.0000)
2025-09-13 19:11:45,966 - INFO - Validation Loss: 0.1021 (Classification: 0.1021, Regression: 0.0000)
2025-09-13 19:11:45,966 - INFO - Average Classification Accuracy: 0.9149 (on 1/26 tasks)
2025-09-13 19:11:45,966 - INFO - Average AUC: 0.8718
2025-09-13 19:11:45,966 - INFO - 
Epoch 3/3
2025-09-13 19:11:46,059 - INFO - Batch 0/2278: Loss=3.0652, Cls=1.8769, Reg=0.0000, Con=3.9608
2025-09-13 19:11:46,923 - INFO - Batch 10/2278: Loss=1.1985, Cls=0.0102, Reg=0.0000, Con=3.9611
2025-09-13 19:11:47,847 - INFO - Batch 20/2278: Loss=1.2083, Cls=0.0201, Reg=0.0000, Con=3.9608
2025-09-13 19:11:48,786 - INFO - Batch 30/2278: Loss=0.0010, Cls=0.0010, Reg=0.0000, Con=0.0000
2025-09-13 19:11:49,713 - INFO - Batch 40/2278: Loss=1.1882, Cls=0.0000, Reg=0.0000, Con=3.9608
2025-09-13 19:11:50,624 - INFO - Batch 50/2278: Loss=1.1936, Cls=0.0054, Reg=0.0000, Con=3.9609
2025-09-13 19:11:51,540 - INFO - Batch 60/2278: Loss=1.2051, Cls=0.0169, Reg=0.0000, Con=3.9607
2025-09-13 19:11:52,453 - INFO - Batch 70/2278: Loss=1.2486, Cls=0.0604, Reg=0.0000, Con=3.9608
2025-09-13 19:11:53,373 - INFO - Batch 80/2278: Loss=0.0248, Cls=0.0248, Reg=0.0000, Con=0.0000
2025-09-13 19:11:54,274 - INFO - Batch 90/2278: Loss=1.1948, Cls=0.0065, Reg=0.0000, Con=3.9609
2025-09-13 19:11:55,180 - INFO - Batch 100/2278: Loss=1.5145, Cls=0.3263, Reg=0.0000, Con=3.9606
2025-09-13 19:11:56,083 - INFO - Batch 110/2278: Loss=1.2730, Cls=0.0844, Reg=0.0000, Con=3.9618
2025-09-13 19:11:57,002 - INFO - Batch 120/2278: Loss=1.2128, Cls=0.0245, Reg=0.0000, Con=3.9609
2025-09-13 19:11:57,927 - INFO - Batch 130/2278: Loss=1.7629, Cls=0.5747, Reg=0.0000, Con=3.9607
2025-09-13 19:11:58,845 - INFO - Batch 140/2278: Loss=0.0010, Cls=0.0010, Reg=0.0000, Con=0.0000
2025-09-13 19:11:59,769 - INFO - Batch 150/2278: Loss=5.4263, Cls=4.2381, Reg=0.0000, Con=3.9608
2025-09-13 19:12:00,699 - INFO - Batch 160/2278: Loss=0.0105, Cls=0.0105, Reg=0.0000, Con=0.0000
2025-09-13 19:12:01,592 - INFO - Batch 170/2278: Loss=2.1333, Cls=0.9450, Reg=0.0000, Con=3.9609
2025-09-13 19:12:02,487 - INFO - Batch 180/2278: Loss=1.1918, Cls=0.0035, Reg=0.0000, Con=3.9611
2025-09-13 19:12:03,400 - INFO - Batch 190/2278: Loss=1.1915, Cls=0.0033, Reg=0.0000, Con=3.9607
2025-09-13 19:12:04,291 - INFO - Batch 200/2278: Loss=0.0003, Cls=0.0003, Reg=0.0000, Con=0.0000
2025-09-13 19:12:05,194 - INFO - Batch 210/2278: Loss=1.3827, Cls=0.1943, Reg=0.0000, Con=3.9612
2025-09-13 19:12:06,101 - INFO - Batch 220/2278: Loss=1.1891, Cls=0.0009, Reg=0.0000, Con=3.9608
2025-09-13 19:12:07,002 - INFO - Batch 230/2278: Loss=1.1896, Cls=0.0013, Reg=0.0000, Con=3.9611
2025-09-13 19:12:07,913 - INFO - Batch 240/2278: Loss=1.1994, Cls=0.0112, Reg=0.0000, Con=3.9607
2025-09-13 19:12:08,843 - INFO - Batch 250/2278: Loss=4.4548, Cls=3.2665, Reg=0.0000, Con=3.9609
2025-09-13 19:12:09,753 - INFO - Batch 260/2278: Loss=1.1893, Cls=0.0010, Reg=0.0000, Con=3.9608
2025-09-13 19:12:10,675 - INFO - Batch 270/2278: Loss=1.1882, Cls=0.0000, Reg=0.0000, Con=3.9607
2025-09-13 19:12:11,582 - INFO - Batch 280/2278: Loss=2.3872, Cls=1.1989, Reg=0.0000, Con=3.9608
2025-09-13 19:12:12,490 - INFO - Batch 290/2278: Loss=1.1887, Cls=0.0005, Reg=0.0000, Con=3.9608
2025-09-13 19:12:13,396 - INFO - Batch 300/2278: Loss=1.2081, Cls=0.0199, Reg=0.0000, Con=3.9607
2025-09-13 19:12:14,299 - INFO - Batch 310/2278: Loss=1.1904, Cls=0.0021, Reg=0.0000, Con=3.9610
2025-09-13 19:12:15,203 - INFO - Batch 320/2278: Loss=1.1923, Cls=0.0039, Reg=0.0000, Con=3.9612
2025-09-13 19:12:16,111 - INFO - Batch 330/2278: Loss=0.0077, Cls=0.0077, Reg=0.0000, Con=0.0000
2025-09-13 19:12:16,995 - INFO - Batch 340/2278: Loss=0.0334, Cls=0.0334, Reg=0.0000, Con=0.0000
2025-09-13 19:12:17,881 - INFO - Batch 350/2278: Loss=1.1986, Cls=0.0102, Reg=0.0000, Con=3.9612
2025-09-13 19:12:18,796 - INFO - Batch 360/2278: Loss=1.1901, Cls=0.0018, Reg=0.0000, Con=3.9611
2025-09-13 19:12:19,708 - INFO - Batch 370/2278: Loss=2.0172, Cls=0.8290, Reg=0.0000, Con=3.9608
2025-09-13 19:12:20,631 - INFO - Batch 380/2278: Loss=1.2092, Cls=0.0210, Reg=0.0000, Con=3.9608
2025-09-13 19:12:21,562 - INFO - Batch 390/2278: Loss=1.2292, Cls=0.0409, Reg=0.0000, Con=3.9609
2025-09-13 19:12:22,459 - INFO - Batch 400/2278: Loss=1.7403, Cls=1.7403, Reg=0.0000, Con=0.0000
2025-09-13 19:12:23,535 - INFO - Batch 410/2278: Loss=1.1922, Cls=0.0039, Reg=0.0000, Con=3.9609
2025-09-13 19:12:24,469 - INFO - Batch 420/2278: Loss=2.1641, Cls=0.9759, Reg=0.0000, Con=3.9609
2025-09-13 19:12:25,374 - INFO - Batch 430/2278: Loss=1.1988, Cls=0.0103, Reg=0.0000, Con=3.9614
2025-09-13 19:12:26,278 - INFO - Batch 440/2278: Loss=0.1619, Cls=0.1619, Reg=0.0000, Con=0.0000
2025-09-13 19:12:27,178 - INFO - Batch 450/2278: Loss=1.1889, Cls=0.0007, Reg=0.0000, Con=3.9608
2025-09-13 19:12:28,084 - INFO - Batch 460/2278: Loss=0.0074, Cls=0.0074, Reg=0.0000, Con=0.0000
2025-09-13 19:12:28,978 - INFO - Batch 470/2278: Loss=0.0033, Cls=0.0033, Reg=0.0000, Con=0.0000
2025-09-13 19:12:29,876 - INFO - Batch 480/2278: Loss=1.2005, Cls=0.0123, Reg=0.0000, Con=3.9609
2025-09-13 19:12:30,784 - INFO - Batch 490/2278: Loss=0.0169, Cls=0.0169, Reg=0.0000, Con=0.0000
2025-09-13 19:12:31,674 - INFO - Batch 500/2278: Loss=0.1896, Cls=0.1896, Reg=0.0000, Con=0.0000
2025-09-13 19:12:32,797 - INFO - Batch 510/2278: Loss=1.2053, Cls=0.0171, Reg=0.0000, Con=3.9608
2025-09-13 19:12:33,718 - INFO - Batch 520/2278: Loss=0.0161, Cls=0.0161, Reg=0.0000, Con=0.0000
2025-09-13 19:12:34,613 - INFO - Batch 530/2278: Loss=1.1902, Cls=0.0020, Reg=0.0000, Con=3.9608
2025-09-13 19:12:35,540 - INFO - Batch 540/2278: Loss=1.3529, Cls=0.1646, Reg=0.0000, Con=3.9609
2025-09-13 19:12:36,450 - INFO - Batch 550/2278: Loss=0.0069, Cls=0.0069, Reg=0.0000, Con=0.0000
2025-09-13 19:12:37,372 - INFO - Batch 560/2278: Loss=1.1966, Cls=0.0083, Reg=0.0000, Con=3.9609
2025-09-13 19:12:38,289 - INFO - Batch 570/2278: Loss=2.2975, Cls=1.1093, Reg=0.0000, Con=3.9608
2025-09-13 19:12:39,210 - INFO - Batch 580/2278: Loss=0.0040, Cls=0.0040, Reg=0.0000, Con=0.0000
2025-09-13 19:12:40,157 - INFO - Batch 590/2278: Loss=1.1921, Cls=0.0039, Reg=0.0000, Con=3.9608
2025-09-13 19:12:41,046 - INFO - Batch 600/2278: Loss=0.5710, Cls=0.5710, Reg=0.0000, Con=0.0000
2025-09-13 19:12:41,942 - INFO - Batch 610/2278: Loss=0.0136, Cls=0.0136, Reg=0.0000, Con=0.0000
2025-09-13 19:12:42,852 - INFO - Batch 620/2278: Loss=1.1922, Cls=0.0039, Reg=0.0000, Con=3.9608
2025-09-13 19:12:43,739 - INFO - Batch 630/2278: Loss=1.1948, Cls=0.0065, Reg=0.0000, Con=3.9611
2025-09-13 19:12:44,669 - INFO - Batch 640/2278: Loss=1.4980, Cls=0.3098, Reg=0.0000, Con=3.9607
2025-09-13 19:12:45,582 - INFO - Batch 650/2278: Loss=1.2180, Cls=0.0298, Reg=0.0000, Con=3.9608
2025-09-13 19:12:46,515 - INFO - Batch 660/2278: Loss=0.0029, Cls=0.0029, Reg=0.0000, Con=0.0000
2025-09-13 19:12:47,417 - INFO - Batch 670/2278: Loss=1.1889, Cls=0.0007, Reg=0.0000, Con=3.9609
2025-09-13 19:12:48,337 - INFO - Batch 680/2278: Loss=0.0010, Cls=0.0010, Reg=0.0000, Con=0.0000
2025-09-13 19:12:49,273 - INFO - Batch 690/2278: Loss=1.8980, Cls=0.7097, Reg=0.0000, Con=3.9609
2025-09-13 19:12:50,200 - INFO - Batch 700/2278: Loss=2.1626, Cls=0.9743, Reg=0.0000, Con=3.9610
2025-09-13 19:12:51,114 - INFO - Batch 710/2278: Loss=1.2932, Cls=0.1049, Reg=0.0000, Con=3.9610
2025-09-13 19:12:52,041 - INFO - Batch 720/2278: Loss=1.1890, Cls=0.0007, Reg=0.0000, Con=3.9610
2025-09-13 19:12:52,940 - INFO - Batch 730/2278: Loss=1.5905, Cls=0.4022, Reg=0.0000, Con=3.9609
2025-09-13 19:12:53,859 - INFO - Batch 740/2278: Loss=1.2142, Cls=0.0260, Reg=0.0000, Con=3.9606
2025-09-13 19:12:54,755 - INFO - Batch 750/2278: Loss=1.1889, Cls=0.0007, Reg=0.0000, Con=3.9606
2025-09-13 19:12:55,678 - INFO - Batch 760/2278: Loss=1.1896, Cls=0.0013, Reg=0.0000, Con=3.9611
2025-09-13 19:12:56,592 - INFO - Batch 770/2278: Loss=1.7098, Cls=0.5215, Reg=0.0000, Con=3.9611
2025-09-13 19:12:57,495 - INFO - Batch 780/2278: Loss=0.0056, Cls=0.0056, Reg=0.0000, Con=0.0000
2025-09-13 19:12:58,412 - INFO - Batch 790/2278: Loss=1.1901, Cls=0.0018, Reg=0.0000, Con=3.9609
2025-09-13 19:12:59,307 - INFO - Batch 800/2278: Loss=1.1885, Cls=0.0002, Reg=0.0000, Con=3.9612
2025-09-13 19:13:00,209 - INFO - Batch 810/2278: Loss=0.0014, Cls=0.0014, Reg=0.0000, Con=0.0000
2025-09-13 19:13:01,110 - INFO - Batch 820/2278: Loss=1.3906, Cls=0.2023, Reg=0.0000, Con=3.9608
2025-09-13 19:13:02,037 - INFO - Batch 830/2278: Loss=2.3400, Cls=1.1518, Reg=0.0000, Con=3.9608
2025-09-13 19:13:02,934 - INFO - Batch 840/2278: Loss=2.5975, Cls=1.4093, Reg=0.0000, Con=3.9608
2025-09-13 19:13:03,854 - INFO - Batch 850/2278: Loss=0.0417, Cls=0.0417, Reg=0.0000, Con=0.0000
2025-09-13 19:13:04,769 - INFO - Batch 860/2278: Loss=1.2003, Cls=0.0120, Reg=0.0000, Con=3.9611
2025-09-13 19:13:05,651 - INFO - Batch 870/2278: Loss=1.3484, Cls=0.1601, Reg=0.0000, Con=3.9609
2025-09-13 19:13:06,577 - INFO - Batch 880/2278: Loss=0.0092, Cls=0.0092, Reg=0.0000, Con=0.0000
2025-09-13 19:13:07,496 - INFO - Batch 890/2278: Loss=1.4878, Cls=0.2995, Reg=0.0000, Con=3.9609
2025-09-13 19:13:08,406 - INFO - Batch 900/2278: Loss=0.0351, Cls=0.0351, Reg=0.0000, Con=0.0000
2025-09-13 19:13:09,318 - INFO - Batch 910/2278: Loss=0.0010, Cls=0.0010, Reg=0.0000, Con=0.0000
2025-09-13 19:13:10,222 - INFO - Batch 920/2278: Loss=0.0448, Cls=0.0448, Reg=0.0000, Con=0.0000
2025-09-13 19:13:11,122 - INFO - Batch 930/2278: Loss=0.0018, Cls=0.0018, Reg=0.0000, Con=0.0000
2025-09-13 19:13:12,012 - INFO - Batch 940/2278: Loss=1.1897, Cls=0.0013, Reg=0.0000, Con=3.9613
2025-09-13 19:13:12,914 - INFO - Batch 950/2278: Loss=0.0016, Cls=0.0016, Reg=0.0000, Con=0.0000
2025-09-13 19:13:13,794 - INFO - Batch 960/2278: Loss=0.0904, Cls=0.0904, Reg=0.0000, Con=0.0000
2025-09-13 19:13:14,707 - INFO - Batch 970/2278: Loss=2.3319, Cls=1.1436, Reg=0.0000, Con=3.9608
2025-09-13 19:13:15,601 - INFO - Batch 980/2278: Loss=1.1887, Cls=0.0004, Reg=0.0000, Con=3.9609
2025-09-13 19:13:16,498 - INFO - Batch 990/2278: Loss=1.5686, Cls=0.3804, Reg=0.0000, Con=3.9609
2025-09-13 19:13:17,383 - INFO - Batch 1000/2278: Loss=1.3053, Cls=0.1170, Reg=0.0000, Con=3.9610
2025-09-13 19:13:18,323 - INFO - Batch 1010/2278: Loss=1.2014, Cls=0.0131, Reg=0.0000, Con=3.9608
2025-09-13 19:13:19,213 - INFO - Batch 1020/2278: Loss=1.3917, Cls=0.2034, Reg=0.0000, Con=3.9608
2025-09-13 19:13:20,104 - INFO - Batch 1030/2278: Loss=0.0001, Cls=0.0001, Reg=0.0000, Con=0.0000
2025-09-13 19:13:21,014 - INFO - Batch 1040/2278: Loss=1.2453, Cls=0.0569, Reg=0.0000, Con=3.9613
2025-09-13 19:13:21,923 - INFO - Batch 1050/2278: Loss=0.0018, Cls=0.0018, Reg=0.0000, Con=0.0000
2025-09-13 19:13:22,820 - INFO - Batch 1060/2278: Loss=1.1962, Cls=0.0079, Reg=0.0000, Con=3.9611
2025-09-13 19:13:23,740 - INFO - Batch 1070/2278: Loss=1.1897, Cls=0.0015, Reg=0.0000, Con=3.9609
2025-09-13 19:13:24,638 - INFO - Batch 1080/2278: Loss=0.0041, Cls=0.0041, Reg=0.0000, Con=0.0000
2025-09-13 19:13:25,548 - INFO - Batch 1090/2278: Loss=1.1931, Cls=0.0047, Reg=0.0000, Con=3.9611
2025-09-13 19:13:26,437 - INFO - Batch 1100/2278: Loss=1.1888, Cls=0.0005, Reg=0.0000, Con=3.9611
2025-09-13 19:13:27,320 - INFO - Batch 1110/2278: Loss=0.0002, Cls=0.0002, Reg=0.0000, Con=0.0000
2025-09-13 19:13:28,230 - INFO - Batch 1120/2278: Loss=0.0216, Cls=0.0216, Reg=0.0000, Con=0.0000
2025-09-13 19:13:29,132 - INFO - Batch 1130/2278: Loss=0.0724, Cls=0.0724, Reg=0.0000, Con=0.0000
2025-09-13 19:13:30,031 - INFO - Batch 1140/2278: Loss=2.2244, Cls=1.0361, Reg=0.0000, Con=3.9609
2025-09-13 19:13:30,925 - INFO - Batch 1150/2278: Loss=0.0085, Cls=0.0085, Reg=0.0000, Con=0.0000
2025-09-13 19:13:31,864 - INFO - Batch 1160/2278: Loss=0.0019, Cls=0.0019, Reg=0.0000, Con=0.0000
2025-09-13 19:13:32,756 - INFO - Batch 1170/2278: Loss=1.1886, Cls=0.0004, Reg=0.0000, Con=3.9608
2025-09-13 19:13:33,680 - INFO - Batch 1180/2278: Loss=1.1908, Cls=0.0024, Reg=0.0000, Con=3.9613
2025-09-13 19:13:34,595 - INFO - Batch 1190/2278: Loss=1.1964, Cls=0.0081, Reg=0.0000, Con=3.9609
2025-09-13 19:13:35,497 - INFO - Batch 1200/2278: Loss=1.1934, Cls=0.0051, Reg=0.0000, Con=3.9611
2025-09-13 19:13:36,395 - INFO - Batch 1210/2278: Loss=2.6378, Cls=1.4494, Reg=0.0000, Con=3.9611
2025-09-13 19:13:37,290 - INFO - Batch 1220/2278: Loss=1.2431, Cls=0.0548, Reg=0.0000, Con=3.9609
2025-09-13 19:13:38,198 - INFO - Batch 1230/2278: Loss=0.0097, Cls=0.0097, Reg=0.0000, Con=0.0000
2025-09-13 19:13:39,094 - INFO - Batch 1240/2278: Loss=1.2399, Cls=0.0517, Reg=0.0000, Con=3.9608
2025-09-13 19:13:40,009 - INFO - Batch 1250/2278: Loss=1.1959, Cls=0.0077, Reg=0.0000, Con=3.9609
2025-09-13 19:13:40,908 - INFO - Batch 1260/2278: Loss=0.0041, Cls=0.0041, Reg=0.0000, Con=0.0000
2025-09-13 19:13:41,816 - INFO - Batch 1270/2278: Loss=1.2040, Cls=0.0157, Reg=0.0000, Con=3.9610
2025-09-13 19:13:42,698 - INFO - Batch 1280/2278: Loss=1.1929, Cls=0.0046, Reg=0.0000, Con=3.9607
2025-09-13 19:13:43,645 - INFO - Batch 1290/2278: Loss=0.0173, Cls=0.0173, Reg=0.0000, Con=0.0000
2025-09-13 19:13:44,563 - INFO - Batch 1300/2278: Loss=0.0049, Cls=0.0049, Reg=0.0000, Con=0.0000
2025-09-13 19:13:45,468 - INFO - Batch 1310/2278: Loss=1.2031, Cls=0.0148, Reg=0.0000, Con=3.9608
2025-09-13 19:13:46,362 - INFO - Batch 1320/2278: Loss=1.1892, Cls=0.0010, Reg=0.0000, Con=3.9610
2025-09-13 19:13:47,248 - INFO - Batch 1330/2278: Loss=1.2708, Cls=0.0825, Reg=0.0000, Con=3.9610
2025-09-13 19:13:48,126 - INFO - Batch 1340/2278: Loss=1.1927, Cls=0.0045, Reg=0.0000, Con=3.9608
2025-09-13 19:13:49,016 - INFO - Batch 1350/2278: Loss=1.7172, Cls=0.5290, Reg=0.0000, Con=3.9608
2025-09-13 19:13:49,917 - INFO - Batch 1360/2278: Loss=1.1920, Cls=0.0036, Reg=0.0000, Con=3.9612
2025-09-13 19:13:50,799 - INFO - Batch 1370/2278: Loss=1.1896, Cls=0.0013, Reg=0.0000, Con=3.9610
2025-09-13 19:13:51,702 - INFO - Batch 1380/2278: Loss=1.3733, Cls=0.1850, Reg=0.0000, Con=3.9608
2025-09-13 19:13:52,598 - INFO - Batch 1390/2278: Loss=1.1938, Cls=0.0055, Reg=0.0000, Con=3.9610
2025-09-13 19:13:53,510 - INFO - Batch 1400/2278: Loss=1.2983, Cls=0.1099, Reg=0.0000, Con=3.9615
2025-09-13 19:13:54,414 - INFO - Batch 1410/2278: Loss=0.0007, Cls=0.0007, Reg=0.0000, Con=0.0000
2025-09-13 19:13:55,338 - INFO - Batch 1420/2278: Loss=1.1939, Cls=0.0056, Reg=0.0000, Con=3.9610
2025-09-13 19:13:56,239 - INFO - Batch 1430/2278: Loss=0.8406, Cls=0.8406, Reg=0.0000, Con=0.0000
2025-09-13 19:13:57,164 - INFO - Batch 1440/2278: Loss=1.1884, Cls=0.0002, Reg=0.0000, Con=3.9606
2025-09-13 19:13:58,085 - INFO - Batch 1450/2278: Loss=0.0051, Cls=0.0051, Reg=0.0000, Con=0.0000
2025-09-13 19:13:58,993 - INFO - Batch 1460/2278: Loss=0.0010, Cls=0.0010, Reg=0.0000, Con=0.0000
2025-09-13 19:13:59,913 - INFO - Batch 1470/2278: Loss=1.1961, Cls=0.0078, Reg=0.0000, Con=3.9607
2025-09-13 19:14:00,811 - INFO - Batch 1480/2278: Loss=1.9142, Cls=0.7260, Reg=0.0000, Con=3.9608
2025-09-13 19:14:01,710 - INFO - Batch 1490/2278: Loss=1.6811, Cls=1.6811, Reg=0.0000, Con=0.0000
2025-09-13 19:14:02,606 - INFO - Batch 1500/2278: Loss=1.5523, Cls=0.3641, Reg=0.0000, Con=3.9610
2025-09-13 19:14:03,514 - INFO - Batch 1510/2278: Loss=1.2630, Cls=0.0748, Reg=0.0000, Con=3.9609
2025-09-13 19:14:04,409 - INFO - Batch 1520/2278: Loss=0.0026, Cls=0.0026, Reg=0.0000, Con=0.0000
2025-09-13 19:14:05,295 - INFO - Batch 1530/2278: Loss=1.2529, Cls=0.0647, Reg=0.0000, Con=3.9608
2025-09-13 19:14:06,197 - INFO - Batch 1540/2278: Loss=1.1888, Cls=0.0004, Reg=0.0000, Con=3.9610
2025-09-13 19:14:07,122 - INFO - Batch 1550/2278: Loss=1.5627, Cls=0.3744, Reg=0.0000, Con=3.9611
2025-09-13 19:14:08,012 - INFO - Batch 1560/2278: Loss=1.2253, Cls=0.0370, Reg=0.0000, Con=3.9608
2025-09-13 19:14:08,910 - INFO - Batch 1570/2278: Loss=1.3719, Cls=0.1836, Reg=0.0000, Con=3.9608
2025-09-13 19:14:09,800 - INFO - Batch 1580/2278: Loss=1.2184, Cls=0.0302, Reg=0.0000, Con=3.9608
2025-09-13 19:14:10,704 - INFO - Batch 1590/2278: Loss=1.2031, Cls=0.0148, Reg=0.0000, Con=3.9608
2025-09-13 19:14:11,602 - INFO - Batch 1600/2278: Loss=1.1906, Cls=0.0024, Reg=0.0000, Con=3.9608
2025-09-13 19:14:12,497 - INFO - Batch 1610/2278: Loss=0.0037, Cls=0.0037, Reg=0.0000, Con=0.0000
2025-09-13 19:14:13,406 - INFO - Batch 1620/2278: Loss=1.2271, Cls=0.0388, Reg=0.0000, Con=3.9608
2025-09-13 19:14:14,302 - INFO - Batch 1630/2278: Loss=1.1974, Cls=0.0091, Reg=0.0000, Con=3.9610
2025-09-13 19:14:15,195 - INFO - Batch 1640/2278: Loss=0.0092, Cls=0.0092, Reg=0.0000, Con=0.0000
2025-09-13 19:14:16,100 - INFO - Batch 1650/2278: Loss=1.2288, Cls=0.0405, Reg=0.0000, Con=3.9609
2025-09-13 19:14:16,997 - INFO - Batch 1660/2278: Loss=1.2113, Cls=0.0230, Reg=0.0000, Con=3.9613
2025-09-13 19:14:17,901 - INFO - Batch 1670/2278: Loss=1.3374, Cls=0.1491, Reg=0.0000, Con=3.9609
2025-09-13 19:14:18,801 - INFO - Batch 1680/2278: Loss=1.1919, Cls=0.0037, Reg=0.0000, Con=3.9607
2025-09-13 19:14:19,682 - INFO - Batch 1690/2278: Loss=1.2034, Cls=0.0151, Reg=0.0000, Con=3.9610
2025-09-13 19:14:20,560 - INFO - Batch 1700/2278: Loss=1.1886, Cls=0.0003, Reg=0.0000, Con=3.9608
2025-09-13 19:14:21,436 - INFO - Batch 1710/2278: Loss=0.0244, Cls=0.0244, Reg=0.0000, Con=0.0000
2025-09-13 19:14:22,320 - INFO - Batch 1720/2278: Loss=0.0025, Cls=0.0025, Reg=0.0000, Con=0.0000
2025-09-13 19:14:23,204 - INFO - Batch 1730/2278: Loss=1.1973, Cls=0.0090, Reg=0.0000, Con=3.9608
2025-09-13 19:14:24,084 - INFO - Batch 1740/2278: Loss=1.1885, Cls=0.0002, Reg=0.0000, Con=3.9609
2025-09-13 19:14:24,965 - INFO - Batch 1750/2278: Loss=0.0842, Cls=0.0842, Reg=0.0000, Con=0.0000
2025-09-13 19:14:25,850 - INFO - Batch 1760/2278: Loss=1.1910, Cls=0.0026, Reg=0.0000, Con=3.9612
2025-09-13 19:14:26,743 - INFO - Batch 1770/2278: Loss=0.0010, Cls=0.0010, Reg=0.0000, Con=0.0000
2025-09-13 19:14:27,644 - INFO - Batch 1780/2278: Loss=0.0002, Cls=0.0002, Reg=0.0000, Con=0.0000
2025-09-13 19:14:28,545 - INFO - Batch 1790/2278: Loss=0.0014, Cls=0.0014, Reg=0.0000, Con=0.0000
2025-09-13 19:14:29,450 - INFO - Batch 1800/2278: Loss=1.1886, Cls=0.0004, Reg=0.0000, Con=3.9607
2025-09-13 19:14:30,343 - INFO - Batch 1810/2278: Loss=0.0105, Cls=0.0105, Reg=0.0000, Con=0.0000
2025-09-13 19:14:31,233 - INFO - Batch 1820/2278: Loss=0.0299, Cls=0.0299, Reg=0.0000, Con=0.0000
2025-09-13 19:14:32,114 - INFO - Batch 1830/2278: Loss=2.7307, Cls=1.5424, Reg=0.0000, Con=3.9608
2025-09-13 19:14:33,008 - INFO - Batch 1840/2278: Loss=0.0079, Cls=0.0079, Reg=0.0000, Con=0.0000
2025-09-13 19:14:33,935 - INFO - Batch 1850/2278: Loss=1.2259, Cls=0.0376, Reg=0.0000, Con=3.9609
2025-09-13 19:14:34,830 - INFO - Batch 1860/2278: Loss=1.7858, Cls=0.5976, Reg=0.0000, Con=3.9607
2025-09-13 19:14:35,753 - INFO - Batch 1870/2278: Loss=0.1735, Cls=0.1735, Reg=0.0000, Con=0.0000
2025-09-13 19:14:36,676 - INFO - Batch 1880/2278: Loss=1.1938, Cls=0.0055, Reg=0.0000, Con=3.9607
2025-09-13 19:14:37,592 - INFO - Batch 1890/2278: Loss=0.0541, Cls=0.0541, Reg=0.0000, Con=0.0000
2025-09-13 19:14:38,508 - INFO - Batch 1900/2278: Loss=0.2504, Cls=0.2504, Reg=0.0000, Con=0.0000
2025-09-13 19:14:39,395 - INFO - Batch 1910/2278: Loss=1.1987, Cls=0.0104, Reg=0.0000, Con=3.9610
2025-09-13 19:14:40,270 - INFO - Batch 1920/2278: Loss=0.0020, Cls=0.0020, Reg=0.0000, Con=0.0000
2025-09-13 19:14:41,174 - INFO - Batch 1930/2278: Loss=1.1921, Cls=0.0038, Reg=0.0000, Con=3.9611
2025-09-13 19:14:42,057 - INFO - Batch 1940/2278: Loss=1.1892, Cls=0.0010, Reg=0.0000, Con=3.9607
2025-09-13 19:14:42,933 - INFO - Batch 1950/2278: Loss=1.1911, Cls=0.0029, Reg=0.0000, Con=3.9609
2025-09-13 19:14:43,822 - INFO - Batch 1960/2278: Loss=1.1887, Cls=0.0004, Reg=0.0000, Con=3.9610
2025-09-13 19:14:44,707 - INFO - Batch 1970/2278: Loss=0.0018, Cls=0.0018, Reg=0.0000, Con=0.0000
2025-09-13 19:14:45,629 - INFO - Batch 1980/2278: Loss=1.1932, Cls=0.0049, Reg=0.0000, Con=3.9610
2025-09-13 19:14:46,543 - INFO - Batch 1990/2278: Loss=1.1889, Cls=0.0007, Reg=0.0000, Con=3.9608
2025-09-13 19:14:47,425 - INFO - Batch 2000/2278: Loss=1.2425, Cls=0.0542, Reg=0.0000, Con=3.9610
2025-09-13 19:14:48,297 - INFO - Batch 2010/2278: Loss=2.5035, Cls=1.3152, Reg=0.0000, Con=3.9608
2025-09-13 19:14:49,192 - INFO - Batch 2020/2278: Loss=1.1892, Cls=0.0010, Reg=0.0000, Con=3.9608
2025-09-13 19:14:50,101 - INFO - Batch 2030/2278: Loss=1.2162, Cls=0.0279, Reg=0.0000, Con=3.9608
2025-09-13 19:14:51,013 - INFO - Batch 2040/2278: Loss=1.1941, Cls=0.0058, Reg=0.0000, Con=3.9610
2025-09-13 19:14:51,933 - INFO - Batch 2050/2278: Loss=0.0057, Cls=0.0057, Reg=0.0000, Con=0.0000
2025-09-13 19:14:52,829 - INFO - Batch 2060/2278: Loss=1.2577, Cls=0.0694, Reg=0.0000, Con=3.9609
2025-09-13 19:14:53,725 - INFO - Batch 2070/2278: Loss=0.1062, Cls=0.1062, Reg=0.0000, Con=0.0000
2025-09-13 19:14:54,614 - INFO - Batch 2080/2278: Loss=1.1889, Cls=0.0005, Reg=0.0000, Con=3.9613
2025-09-13 19:14:55,524 - INFO - Batch 2090/2278: Loss=1.1931, Cls=0.0048, Reg=0.0000, Con=3.9607
2025-09-13 19:14:56,419 - INFO - Batch 2100/2278: Loss=1.8885, Cls=0.6999, Reg=0.0000, Con=3.9619
2025-09-13 19:14:57,304 - INFO - Batch 2110/2278: Loss=1.1887, Cls=0.0004, Reg=0.0000, Con=3.9609
2025-09-13 19:14:58,206 - INFO - Batch 2120/2278: Loss=0.0710, Cls=0.0710, Reg=0.0000, Con=0.0000
2025-09-13 19:14:59,092 - INFO - Batch 2130/2278: Loss=1.2321, Cls=0.0440, Reg=0.0000, Con=3.9606
2025-09-13 19:14:59,982 - INFO - Batch 2140/2278: Loss=0.0018, Cls=0.0018, Reg=0.0000, Con=0.0000
2025-09-13 19:15:00,888 - INFO - Batch 2150/2278: Loss=1.1902, Cls=0.0019, Reg=0.0000, Con=3.9608
2025-09-13 19:15:01,762 - INFO - Batch 2160/2278: Loss=1.2065, Cls=0.0183, Reg=0.0000, Con=3.9609
2025-09-13 19:15:02,631 - INFO - Batch 2170/2278: Loss=1.1895, Cls=0.0012, Reg=0.0000, Con=3.9608
2025-09-13 19:15:03,509 - INFO - Batch 2180/2278: Loss=0.0347, Cls=0.0347, Reg=0.0000, Con=0.0000
2025-09-13 19:15:04,387 - INFO - Batch 2190/2278: Loss=1.1893, Cls=0.0010, Reg=0.0000, Con=3.9609
2025-09-13 19:15:05,281 - INFO - Batch 2200/2278: Loss=1.1927, Cls=0.0045, Reg=0.0000, Con=3.9608
2025-09-13 19:15:06,193 - INFO - Batch 2210/2278: Loss=1.8681, Cls=0.6798, Reg=0.0000, Con=3.9608
2025-09-13 19:15:07,097 - INFO - Batch 2220/2278: Loss=0.0261, Cls=0.0261, Reg=0.0000, Con=0.0000
2025-09-13 19:15:07,969 - INFO - Batch 2230/2278: Loss=1.2082, Cls=0.0199, Reg=0.0000, Con=3.9609
2025-09-13 19:15:08,868 - INFO - Batch 2240/2278: Loss=1.1893, Cls=0.0008, Reg=0.0000, Con=3.9617
2025-09-13 19:15:09,734 - INFO - Batch 2250/2278: Loss=1.2012, Cls=0.0129, Reg=0.0000, Con=3.9608
2025-09-13 19:15:10,622 - INFO - Batch 2260/2278: Loss=0.0106, Cls=0.0106, Reg=0.0000, Con=0.0000
2025-09-13 19:15:11,509 - INFO - Batch 2270/2278: Loss=0.0158, Cls=0.0158, Reg=0.0000, Con=0.0000
2025-09-13 19:18:38,569 - INFO - === Epoch 3 Results ===
2025-09-13 19:18:38,569 - INFO - Training Loss: 1.0145 (Classification: 0.2054, Regression: 0.0000)
2025-09-13 19:18:38,569 - INFO - Validation Loss: 0.0999 (Classification: 0.0999, Regression: 0.0000)
2025-09-13 19:18:38,569 - INFO - Average Classification Accuracy: 0.9106 (on 1/26 tasks)
2025-09-13 19:18:38,570 - INFO - Average AUC: 0.8723
2025-09-13 19:18:38,570 - INFO - Training finished!
2025-09-13 19:18:38,570 - INFO - Performing final evaluation...
2025-09-13 19:18:38,802 - INFO - Loaded best model from: experiments/r1c3_single_cls_12_seed_42_20250913_185811/checkpoints/r1c3_single_cls_12_seed_42_best.pth
2025-09-13 19:22:06,308 - INFO - Final Validation Results:
2025-09-13 19:22:06,308 - INFO -   Total Loss: 0.0969
2025-09-13 19:22:06,308 - INFO -   Classification Loss: 0.0969
2025-09-13 19:22:06,308 - INFO -   Regression Loss: 0.0000
2025-09-13 19:22:06,308 - INFO -   Average Classification Accuracy: 0.9040
2025-09-13 19:22:06,308 - INFO -   Average AUC: 0.8681
2025-09-13 19:22:06,309 - INFO - Results saved to: experiments/r1c3_single_cls_12_seed_42_20250913_185811/checkpoints/r1c3_single_cls_12_seed_42_results.json
