2025-09-14 00:01:36,295 - INFO - 🔬 Starting experiment: r1c3_headft_cls_0_seed_42
2025-09-14 00:01:36,295 - INFO - 📁 Experiment directory: experiments/r1c3_headft_cls_0_seed_42_20250914_000135
2025-09-14 00:01:36,295 - INFO - 🎲 Random seed: 42
2025-09-14 00:01:36,295 - INFO - 🔒 Deterministic mode: True
2025-09-14 00:01:36,295 - INFO - Using device: cuda
2025-09-14 00:01:36,295 - INFO - Total GPU Memory: 25.16 GB
2025-09-14 00:01:36,311 - INFO - 🧪 Fusion: Using cross-attention dynamic fusion
2025-09-14 00:01:36,311 - INFO - 🧪 GNN Backbone: Using default GraphAttentionNetwork branch
2025-09-14 00:01:36,311 - INFO - 🎯 Task Mode: Single classification endpoint 0
2025-09-14 00:01:36,312 - INFO - Configuration saved to: experiments/r1c3_headft_cls_0_seed_42_20250914_000135/checkpoints/config.json
2025-09-14 00:01:36,312 - INFO - 🚀 Using preprocessed data from: /mnt/backup2/ai4s/backupunimolpy/responds-work/ToxD4C/data/data/processed
2025-09-14 00:01:36,312 - INFO - Loading LMDB dataset from: /mnt/backup2/ai4s/backupunimolpy/responds-work/ToxD4C/data/data/processed
2025-09-14 00:01:36,714 - INFO - Number of training batches: 2278
2025-09-14 00:01:36,714 - INFO - Number of validation batches: 2278
2025-09-14 00:01:36,714 - INFO - Number of test batches: 2278
2025-09-14 00:01:36,714 - INFO - Creating ToxD4C model...
2025-09-14 00:01:37,946 - INFO - Model created successfully. Total parameters: 100,932,036
2025-09-14 00:01:37,946 - INFO - Testing model forward pass...
2025-09-14 00:01:38,375 - INFO - Test output shapes:
2025-09-14 00:01:38,375 - INFO -   classification: torch.Size([16, 1])
2025-09-14 00:01:38,378 - INFO -   classification contains NaN: False
2025-09-14 00:01:38,378 - INFO -   classification contains Inf: False
2025-09-14 00:01:38,378 - INFO -   regression: torch.Size([16, 0])
2025-09-14 00:01:38,378 - INFO -   regression contains NaN: False
2025-09-14 00:01:38,378 - INFO -   regression contains Inf: False
2025-09-14 00:01:38,378 - INFO - Model forward pass test successful!
2025-09-14 00:01:39,079 - INFO - 🔁 Loaded checkpoint from: /mnt/backup2/ai4s/backupunimolpy/responds-work/ToxD4C/experiments/r1c3_multi_full_seed_42_20250913_152627/checkpoints/r1c3_multi_full_seed_42_best.pth
2025-09-14 00:01:39,079 - INFO - 🧩 Head-only fine-tuning: unfroze head for task 'Carcinogenicity' and froze trunk.
2025-09-14 00:01:39,080 - INFO - Starting training...
2025-09-14 00:01:39,080 - INFO - 
Epoch 1/3
2025-09-14 00:01:39,183 - INFO - Batch 0/2278: Loss=0.0000, Cls=0.0000, Reg=0.0000, Con=0.0000
2025-09-14 00:01:40,130 - INFO - Batch 10/2278: Loss=0.0000, Cls=0.0000, Reg=0.0000, Con=0.0000
2025-09-14 00:01:41,000 - INFO - Batch 20/2278: Loss=1.7571, Cls=0.5688, Reg=0.0000, Con=3.9610
2025-09-14 00:01:41,866 - INFO - Batch 30/2278: Loss=0.0000, Cls=0.0000, Reg=0.0000, Con=0.0000
2025-09-14 00:01:42,746 - INFO - Batch 40/2278: Loss=0.0000, Cls=0.0000, Reg=0.0000, Con=0.0000
2025-09-14 00:01:43,626 - INFO - Batch 50/2278: Loss=1.1883, Cls=0.0000, Reg=0.0000, Con=3.9609
2025-09-14 00:01:44,510 - INFO - Batch 60/2278: Loss=1.1883, Cls=0.0000, Reg=0.0000, Con=3.9609
2025-09-14 00:01:45,389 - INFO - Batch 70/2278: Loss=2.3528, Cls=1.1646, Reg=0.0000, Con=3.9608
2025-09-14 00:01:46,237 - INFO - Batch 80/2278: Loss=0.3575, Cls=0.3575, Reg=0.0000, Con=0.0000
2025-09-14 00:01:47,123 - INFO - Batch 90/2278: Loss=0.0000, Cls=0.0000, Reg=0.0000, Con=0.0000
2025-09-14 00:01:47,984 - INFO - Batch 100/2278: Loss=0.0525, Cls=0.0525, Reg=0.0000, Con=0.0000
2025-09-14 00:01:48,864 - INFO - Batch 110/2278: Loss=0.0000, Cls=0.0000, Reg=0.0000, Con=0.0000
2025-09-14 00:01:49,748 - INFO - Batch 120/2278: Loss=1.3710, Cls=0.1827, Reg=0.0000, Con=3.9609
2025-09-14 00:01:50,610 - INFO - Batch 130/2278: Loss=1.1883, Cls=0.0000, Reg=0.0000, Con=3.9609
2025-09-14 00:01:51,476 - INFO - Batch 140/2278: Loss=1.1884, Cls=0.0000, Reg=0.0000, Con=3.9615
2025-09-14 00:01:52,364 - INFO - Batch 150/2278: Loss=1.1884, Cls=0.0000, Reg=0.0000, Con=3.9613
2025-09-14 00:01:53,251 - INFO - Batch 160/2278: Loss=1.1883, Cls=0.0000, Reg=0.0000, Con=3.9611
2025-09-14 00:01:54,132 - INFO - Batch 170/2278: Loss=1.1883, Cls=0.0000, Reg=0.0000, Con=3.9611
2025-09-14 00:01:55,032 - INFO - Batch 180/2278: Loss=1.1883, Cls=0.0000, Reg=0.0000, Con=3.9610
2025-09-14 00:01:55,917 - INFO - Batch 190/2278: Loss=1.5497, Cls=0.3615, Reg=0.0000, Con=3.9608
2025-09-14 00:01:56,785 - INFO - Batch 200/2278: Loss=0.0000, Cls=0.0000, Reg=0.0000, Con=0.0000
2025-09-14 00:01:57,672 - INFO - Batch 210/2278: Loss=0.0000, Cls=0.0000, Reg=0.0000, Con=0.0000
2025-09-14 00:01:58,555 - INFO - Batch 220/2278: Loss=0.0000, Cls=0.0000, Reg=0.0000, Con=0.0000
2025-09-14 00:01:59,465 - INFO - Batch 230/2278: Loss=1.1883, Cls=0.0000, Reg=0.0000, Con=3.9610
2025-09-14 00:02:00,349 - INFO - Batch 240/2278: Loss=1.1882, Cls=0.0000, Reg=0.0000, Con=3.9608
2025-09-14 00:02:01,229 - INFO - Batch 250/2278: Loss=0.0000, Cls=0.0000, Reg=0.0000, Con=0.0000
2025-09-14 00:02:02,109 - INFO - Batch 260/2278: Loss=0.0000, Cls=0.0000, Reg=0.0000, Con=0.0000
2025-09-14 00:02:03,019 - INFO - Batch 270/2278: Loss=1.9871, Cls=1.9871, Reg=0.0000, Con=0.0000
2025-09-14 00:02:03,901 - INFO - Batch 280/2278: Loss=1.8941, Cls=0.7058, Reg=0.0000, Con=3.9611
2025-09-14 00:02:04,760 - INFO - Batch 290/2278: Loss=0.0000, Cls=0.0000, Reg=0.0000, Con=0.0000
2025-09-14 00:02:05,640 - INFO - Batch 300/2278: Loss=1.9960, Cls=0.8077, Reg=0.0000, Con=3.9609
2025-09-14 00:02:06,513 - INFO - Batch 310/2278: Loss=1.1884, Cls=0.0000, Reg=0.0000, Con=3.9612
2025-09-14 00:02:07,379 - INFO - Batch 320/2278: Loss=0.0000, Cls=0.0000, Reg=0.0000, Con=0.0000
2025-09-14 00:02:08,378 - INFO - Batch 330/2278: Loss=1.1883, Cls=0.0000, Reg=0.0000, Con=3.9609
2025-09-14 00:02:09,342 - INFO - Batch 340/2278: Loss=1.1883, Cls=0.0000, Reg=0.0000, Con=3.9610
2025-09-14 00:02:10,222 - INFO - Batch 350/2278: Loss=1.1883, Cls=0.0000, Reg=0.0000, Con=3.9611
2025-09-14 00:02:11,111 - INFO - Batch 360/2278: Loss=1.1882, Cls=0.0000, Reg=0.0000, Con=3.9607
2025-09-14 00:02:11,996 - INFO - Batch 370/2278: Loss=1.1883, Cls=0.0000, Reg=0.0000, Con=3.9609
2025-09-14 00:02:12,884 - INFO - Batch 380/2278: Loss=3.1776, Cls=1.9894, Reg=0.0000, Con=3.9607
2025-09-14 00:02:13,778 - INFO - Batch 390/2278: Loss=1.4995, Cls=0.3113, Reg=0.0000, Con=3.9607
2025-09-14 00:02:14,666 - INFO - Batch 400/2278: Loss=0.0000, Cls=0.0000, Reg=0.0000, Con=0.0000
2025-09-14 00:02:15,553 - INFO - Batch 410/2278: Loss=0.0000, Cls=0.0000, Reg=0.0000, Con=0.0000
2025-09-14 00:02:16,426 - INFO - Batch 420/2278: Loss=0.0000, Cls=0.0000, Reg=0.0000, Con=0.0000
2025-09-14 00:02:17,310 - INFO - Batch 430/2278: Loss=1.1882, Cls=0.0000, Reg=0.0000, Con=3.9607
2025-09-14 00:02:18,186 - INFO - Batch 440/2278: Loss=2.5872, Cls=1.3989, Reg=0.0000, Con=3.9608
2025-09-14 00:02:19,053 - INFO - Batch 450/2278: Loss=1.1882, Cls=0.0000, Reg=0.0000, Con=3.9607
2025-09-14 00:02:19,926 - INFO - Batch 460/2278: Loss=1.1934, Cls=0.0052, Reg=0.0000, Con=3.9607
2025-09-14 00:02:20,807 - INFO - Batch 470/2278: Loss=1.1883, Cls=0.0000, Reg=0.0000, Con=3.9611
2025-09-14 00:02:21,694 - INFO - Batch 480/2278: Loss=1.9356, Cls=0.7474, Reg=0.0000, Con=3.9607
2025-09-14 00:02:22,572 - INFO - Batch 490/2278: Loss=0.0000, Cls=0.0000, Reg=0.0000, Con=0.0000
2025-09-14 00:02:23,449 - INFO - Batch 500/2278: Loss=0.0037, Cls=0.0037, Reg=0.0000, Con=0.0000
2025-09-14 00:02:24,321 - INFO - Batch 510/2278: Loss=1.1960, Cls=0.0077, Reg=0.0000, Con=3.9609
2025-09-14 00:02:25,198 - INFO - Batch 520/2278: Loss=2.8016, Cls=1.6133, Reg=0.0000, Con=3.9608
2025-09-14 00:02:26,062 - INFO - Batch 530/2278: Loss=1.1882, Cls=0.0000, Reg=0.0000, Con=3.9608
2025-09-14 00:02:26,972 - INFO - Batch 540/2278: Loss=1.1883, Cls=0.0000, Reg=0.0000, Con=3.9610
2025-09-14 00:02:27,894 - INFO - Batch 550/2278: Loss=1.1882, Cls=0.0000, Reg=0.0000, Con=3.9607
2025-09-14 00:02:28,757 - INFO - Batch 560/2278: Loss=1.1883, Cls=0.0000, Reg=0.0000, Con=3.9609
2025-09-14 00:02:29,643 - INFO - Batch 570/2278: Loss=1.1882, Cls=0.0000, Reg=0.0000, Con=3.9608
2025-09-14 00:02:30,529 - INFO - Batch 580/2278: Loss=0.0000, Cls=0.0000, Reg=0.0000, Con=0.0000
2025-09-14 00:02:31,398 - INFO - Batch 590/2278: Loss=0.0000, Cls=0.0000, Reg=0.0000, Con=0.0000
2025-09-14 00:02:32,288 - INFO - Batch 600/2278: Loss=1.3678, Cls=0.1796, Reg=0.0000, Con=3.9609
2025-09-14 00:02:33,176 - INFO - Batch 610/2278: Loss=1.2528, Cls=0.0646, Reg=0.0000, Con=3.9609
2025-09-14 00:02:34,059 - INFO - Batch 620/2278: Loss=1.1882, Cls=0.0000, Reg=0.0000, Con=3.9608
2025-09-14 00:02:34,965 - INFO - Batch 630/2278: Loss=0.0000, Cls=0.0000, Reg=0.0000, Con=0.0000
2025-09-14 00:02:35,888 - INFO - Batch 640/2278: Loss=1.2271, Cls=0.0388, Reg=0.0000, Con=3.9608
2025-09-14 00:02:36,798 - INFO - Batch 650/2278: Loss=1.5014, Cls=0.3130, Reg=0.0000, Con=3.9613
2025-09-14 00:02:37,677 - INFO - Batch 660/2278: Loss=1.1882, Cls=0.0000, Reg=0.0000, Con=3.9608
2025-09-14 00:02:38,565 - INFO - Batch 670/2278: Loss=1.1883, Cls=0.0000, Reg=0.0000, Con=3.9608
2025-09-14 00:02:39,508 - INFO - Batch 680/2278: Loss=1.1882, Cls=0.0000, Reg=0.0000, Con=3.9608
2025-09-14 00:02:40,408 - INFO - Batch 690/2278: Loss=0.0006, Cls=0.0006, Reg=0.0000, Con=0.0000
2025-09-14 00:02:41,275 - INFO - Batch 700/2278: Loss=0.0000, Cls=0.0000, Reg=0.0000, Con=0.0000
2025-09-14 00:02:42,159 - INFO - Batch 710/2278: Loss=1.1882, Cls=0.0000, Reg=0.0000, Con=3.9607
2025-09-14 00:02:43,109 - INFO - Batch 720/2278: Loss=1.2719, Cls=0.0836, Reg=0.0000, Con=3.9609
2025-09-14 00:02:44,036 - INFO - Batch 730/2278: Loss=1.1913, Cls=0.0029, Reg=0.0000, Con=3.9613
2025-09-14 00:02:45,036 - INFO - Batch 740/2278: Loss=1.1883, Cls=0.0000, Reg=0.0000, Con=3.9610
2025-09-14 00:02:46,006 - INFO - Batch 750/2278: Loss=1.1883, Cls=0.0000, Reg=0.0000, Con=3.9609
2025-09-14 00:02:46,971 - INFO - Batch 760/2278: Loss=1.2580, Cls=0.0698, Reg=0.0000, Con=3.9608
2025-09-14 00:02:47,833 - INFO - Batch 770/2278: Loss=3.0115, Cls=1.8232, Reg=0.0000, Con=3.9610
2025-09-14 00:02:48,727 - INFO - Batch 780/2278: Loss=3.4513, Cls=2.2631, Reg=0.0000, Con=3.9608
2025-09-14 00:02:49,613 - INFO - Batch 790/2278: Loss=0.0000, Cls=0.0000, Reg=0.0000, Con=0.0000
2025-09-14 00:02:50,507 - INFO - Batch 800/2278: Loss=1.1884, Cls=0.0000, Reg=0.0000, Con=3.9612
2025-09-14 00:02:51,376 - INFO - Batch 810/2278: Loss=1.1884, Cls=0.0000, Reg=0.0000, Con=3.9612
2025-09-14 00:02:52,276 - INFO - Batch 820/2278: Loss=1.1883, Cls=0.0000, Reg=0.0000, Con=3.9609
2025-09-14 00:02:53,168 - INFO - Batch 830/2278: Loss=2.4213, Cls=1.2330, Reg=0.0000, Con=3.9609
2025-09-14 00:02:54,072 - INFO - Batch 840/2278: Loss=5.4583, Cls=4.2701, Reg=0.0000, Con=3.9608
2025-09-14 00:02:54,951 - INFO - Batch 850/2278: Loss=0.0000, Cls=0.0000, Reg=0.0000, Con=0.0000
2025-09-14 00:02:55,828 - INFO - Batch 860/2278: Loss=1.1882, Cls=0.0000, Reg=0.0000, Con=3.9607
2025-09-14 00:02:56,702 - INFO - Batch 870/2278: Loss=1.7158, Cls=1.7158, Reg=0.0000, Con=0.0000
2025-09-14 00:02:57,581 - INFO - Batch 880/2278: Loss=0.0000, Cls=0.0000, Reg=0.0000, Con=0.0000
2025-09-14 00:02:58,462 - INFO - Batch 890/2278: Loss=0.0000, Cls=0.0000, Reg=0.0000, Con=0.0000
2025-09-14 00:02:59,352 - INFO - Batch 900/2278: Loss=1.3130, Cls=0.1247, Reg=0.0000, Con=3.9609
2025-09-14 00:03:00,246 - INFO - Batch 910/2278: Loss=1.3271, Cls=0.1388, Reg=0.0000, Con=3.9609
2025-09-14 00:03:01,139 - INFO - Batch 920/2278: Loss=4.5769, Cls=3.3887, Reg=0.0000, Con=3.9610
2025-09-14 00:03:02,019 - INFO - Batch 930/2278: Loss=1.1904, Cls=0.0021, Reg=0.0000, Con=3.9608
2025-09-14 00:03:02,928 - INFO - Batch 940/2278: Loss=1.1883, Cls=0.0000, Reg=0.0000, Con=3.9609
2025-09-14 00:03:03,825 - INFO - Batch 950/2278: Loss=4.0486, Cls=2.8603, Reg=0.0000, Con=3.9610
2025-09-14 00:03:04,706 - INFO - Batch 960/2278: Loss=1.4804, Cls=0.2921, Reg=0.0000, Con=3.9609
2025-09-14 00:03:05,585 - INFO - Batch 970/2278: Loss=1.1884, Cls=0.0000, Reg=0.0000, Con=3.9612
2025-09-14 00:03:06,470 - INFO - Batch 980/2278: Loss=0.0000, Cls=0.0000, Reg=0.0000, Con=0.0000
2025-09-14 00:03:07,353 - INFO - Batch 990/2278: Loss=0.0000, Cls=0.0000, Reg=0.0000, Con=0.0000
2025-09-14 00:03:08,226 - INFO - Batch 1000/2278: Loss=1.1883, Cls=0.0000, Reg=0.0000, Con=3.9609
2025-09-14 00:03:09,107 - INFO - Batch 1010/2278: Loss=1.1882, Cls=0.0000, Reg=0.0000, Con=3.9608
2025-09-14 00:03:10,004 - INFO - Batch 1020/2278: Loss=0.0000, Cls=0.0000, Reg=0.0000, Con=0.0000
2025-09-14 00:03:10,900 - INFO - Batch 1030/2278: Loss=1.1883, Cls=0.0000, Reg=0.0000, Con=3.9610
2025-09-14 00:03:11,784 - INFO - Batch 1040/2278: Loss=1.1882, Cls=0.0000, Reg=0.0000, Con=3.9607
2025-09-14 00:03:12,664 - INFO - Batch 1050/2278: Loss=1.1883, Cls=0.0000, Reg=0.0000, Con=3.9609
2025-09-14 00:03:13,529 - INFO - Batch 1060/2278: Loss=1.1882, Cls=0.0000, Reg=0.0000, Con=3.9608
2025-09-14 00:03:14,398 - INFO - Batch 1070/2278: Loss=1.1882, Cls=0.0000, Reg=0.0000, Con=3.9608
2025-09-14 00:03:15,274 - INFO - Batch 1080/2278: Loss=2.1679, Cls=0.9796, Reg=0.0000, Con=3.9609
2025-09-14 00:03:16,162 - INFO - Batch 1090/2278: Loss=1.1883, Cls=0.0000, Reg=0.0000, Con=3.9609
2025-09-14 00:03:17,099 - INFO - Batch 1100/2278: Loss=0.0000, Cls=0.0000, Reg=0.0000, Con=0.0000
2025-09-14 00:03:18,026 - INFO - Batch 1110/2278: Loss=1.2260, Cls=0.0378, Reg=0.0000, Con=3.9608
2025-09-14 00:03:18,985 - INFO - Batch 1120/2278: Loss=0.0000, Cls=0.0000, Reg=0.0000, Con=0.0000
2025-09-14 00:03:20,010 - INFO - Batch 1130/2278: Loss=1.1882, Cls=0.0000, Reg=0.0000, Con=3.9608
2025-09-14 00:03:20,879 - INFO - Batch 1140/2278: Loss=3.5190, Cls=2.3308, Reg=0.0000, Con=3.9608
2025-09-14 00:03:21,738 - INFO - Batch 1150/2278: Loss=1.1883, Cls=0.0000, Reg=0.0000, Con=3.9611
2025-09-14 00:03:22,619 - INFO - Batch 1160/2278: Loss=1.1924, Cls=0.0041, Reg=0.0000, Con=3.9609
2025-09-14 00:03:23,483 - INFO - Batch 1170/2278: Loss=3.0587, Cls=3.0587, Reg=0.0000, Con=0.0000
2025-09-14 00:03:24,347 - INFO - Batch 1180/2278: Loss=1.1883, Cls=0.0000, Reg=0.0000, Con=3.9609
2025-09-14 00:03:25,225 - INFO - Batch 1190/2278: Loss=1.1883, Cls=0.0000, Reg=0.0000, Con=3.9609
2025-09-14 00:03:26,106 - INFO - Batch 1200/2278: Loss=0.0000, Cls=0.0000, Reg=0.0000, Con=0.0000
2025-09-14 00:03:26,987 - INFO - Batch 1210/2278: Loss=1.1883, Cls=0.0000, Reg=0.0000, Con=3.9610
2025-09-14 00:03:27,874 - INFO - Batch 1220/2278: Loss=0.0000, Cls=0.0000, Reg=0.0000, Con=0.0000
2025-09-14 00:03:28,749 - INFO - Batch 1230/2278: Loss=1.1883, Cls=0.0000, Reg=0.0000, Con=3.9609
2025-09-14 00:03:29,645 - INFO - Batch 1240/2278: Loss=1.1883, Cls=0.0000, Reg=0.0000, Con=3.9609
2025-09-14 00:03:30,574 - INFO - Batch 1250/2278: Loss=0.0000, Cls=0.0000, Reg=0.0000, Con=0.0000
2025-09-14 00:03:31,526 - INFO - Batch 1260/2278: Loss=1.2672, Cls=0.0790, Reg=0.0000, Con=3.9608
2025-09-14 00:03:32,408 - INFO - Batch 1270/2278: Loss=1.1883, Cls=0.0000, Reg=0.0000, Con=3.9609
2025-09-14 00:03:33,341 - INFO - Batch 1280/2278: Loss=0.0000, Cls=0.0000, Reg=0.0000, Con=0.0000
2025-09-14 00:03:34,203 - INFO - Batch 1290/2278: Loss=0.0000, Cls=0.0000, Reg=0.0000, Con=0.0000
2025-09-14 00:03:35,099 - INFO - Batch 1300/2278: Loss=1.3443, Cls=0.1560, Reg=0.0000, Con=3.9610
2025-09-14 00:03:36,012 - INFO - Batch 1310/2278: Loss=1.2689, Cls=0.0805, Reg=0.0000, Con=3.9611
2025-09-14 00:03:36,953 - INFO - Batch 1320/2278: Loss=0.0000, Cls=0.0000, Reg=0.0000, Con=0.0000
2025-09-14 00:03:37,884 - INFO - Batch 1330/2278: Loss=1.1884, Cls=0.0000, Reg=0.0000, Con=3.9613
2025-09-14 00:03:38,741 - INFO - Batch 1340/2278: Loss=1.1882, Cls=0.0000, Reg=0.0000, Con=3.9608
2025-09-14 00:03:39,634 - INFO - Batch 1350/2278: Loss=0.0034, Cls=0.0034, Reg=0.0000, Con=0.0000
2025-09-14 00:03:40,561 - INFO - Batch 1360/2278: Loss=1.2055, Cls=0.0172, Reg=0.0000, Con=3.9610
2025-09-14 00:03:41,488 - INFO - Batch 1370/2278: Loss=1.3876, Cls=0.1994, Reg=0.0000, Con=3.9608
2025-09-14 00:03:42,388 - INFO - Batch 1380/2278: Loss=1.1882, Cls=0.0000, Reg=0.0000, Con=3.9608
2025-09-14 00:03:43,300 - INFO - Batch 1390/2278: Loss=1.1883, Cls=0.0000, Reg=0.0000, Con=3.9608
2025-09-14 00:03:44,182 - INFO - Batch 1400/2278: Loss=1.1883, Cls=0.0000, Reg=0.0000, Con=3.9609
2025-09-14 00:03:45,089 - INFO - Batch 1410/2278: Loss=1.7944, Cls=0.6060, Reg=0.0000, Con=3.9612
2025-09-14 00:03:46,026 - INFO - Batch 1420/2278: Loss=0.5585, Cls=0.5585, Reg=0.0000, Con=0.0000
2025-09-14 00:03:46,887 - INFO - Batch 1430/2278: Loss=1.1883, Cls=0.0000, Reg=0.0000, Con=3.9609
2025-09-14 00:03:47,764 - INFO - Batch 1440/2278: Loss=1.1883, Cls=0.0000, Reg=0.0000, Con=3.9609
2025-09-14 00:03:48,621 - INFO - Batch 1450/2278: Loss=1.1882, Cls=0.0000, Reg=0.0000, Con=3.9608
2025-09-14 00:03:49,508 - INFO - Batch 1460/2278: Loss=0.0012, Cls=0.0012, Reg=0.0000, Con=0.0000
2025-09-14 00:03:50,376 - INFO - Batch 1470/2278: Loss=1.1883, Cls=0.0000, Reg=0.0000, Con=3.9609
2025-09-14 00:03:51,243 - INFO - Batch 1480/2278: Loss=1.1882, Cls=0.0000, Reg=0.0000, Con=3.9607
2025-09-14 00:03:52,127 - INFO - Batch 1490/2278: Loss=1.1883, Cls=0.0000, Reg=0.0000, Con=3.9609
2025-09-14 00:03:53,023 - INFO - Batch 1500/2278: Loss=1.1883, Cls=0.0000, Reg=0.0000, Con=3.9609
2025-09-14 00:03:53,909 - INFO - Batch 1510/2278: Loss=1.7758, Cls=1.7758, Reg=0.0000, Con=0.0000
2025-09-14 00:03:54,790 - INFO - Batch 1520/2278: Loss=2.4774, Cls=1.2892, Reg=0.0000, Con=3.9608
2025-09-14 00:03:55,665 - INFO - Batch 1530/2278: Loss=1.3933, Cls=0.2051, Reg=0.0000, Con=3.9608
2025-09-14 00:03:56,543 - INFO - Batch 1540/2278: Loss=2.9542, Cls=1.7659, Reg=0.0000, Con=3.9609
2025-09-14 00:03:57,426 - INFO - Batch 1550/2278: Loss=1.1883, Cls=0.0000, Reg=0.0000, Con=3.9610
2025-09-14 00:03:58,298 - INFO - Batch 1560/2278: Loss=4.4922, Cls=3.3039, Reg=0.0000, Con=3.9609
2025-09-14 00:03:59,189 - INFO - Batch 1570/2278: Loss=1.1882, Cls=0.0000, Reg=0.0000, Con=3.9608
2025-09-14 00:04:00,089 - INFO - Batch 1580/2278: Loss=1.1912, Cls=0.0030, Reg=0.0000, Con=3.9608
2025-09-14 00:04:00,974 - INFO - Batch 1590/2278: Loss=2.4594, Cls=1.2712, Reg=0.0000, Con=3.9609
2025-09-14 00:04:01,895 - INFO - Batch 1600/2278: Loss=1.1883, Cls=0.0000, Reg=0.0000, Con=3.9608
2025-09-14 00:04:02,767 - INFO - Batch 1610/2278: Loss=0.0000, Cls=0.0000, Reg=0.0000, Con=0.0000
2025-09-14 00:04:03,643 - INFO - Batch 1620/2278: Loss=0.0000, Cls=0.0000, Reg=0.0000, Con=0.0000
2025-09-14 00:04:04,519 - INFO - Batch 1630/2278: Loss=4.4491, Cls=3.2608, Reg=0.0000, Con=3.9608
2025-09-14 00:04:05,390 - INFO - Batch 1640/2278: Loss=0.0000, Cls=0.0000, Reg=0.0000, Con=0.0000
2025-09-14 00:04:06,283 - INFO - Batch 1650/2278: Loss=2.0857, Cls=2.0857, Reg=0.0000, Con=0.0000
2025-09-14 00:04:07,162 - INFO - Batch 1660/2278: Loss=0.1174, Cls=0.1174, Reg=0.0000, Con=0.0000
2025-09-14 00:04:08,045 - INFO - Batch 1670/2278: Loss=1.1884, Cls=0.0000, Reg=0.0000, Con=3.9612
2025-09-14 00:04:08,949 - INFO - Batch 1680/2278: Loss=0.0000, Cls=0.0000, Reg=0.0000, Con=0.0000
2025-09-14 00:04:09,828 - INFO - Batch 1690/2278: Loss=1.1884, Cls=0.0000, Reg=0.0000, Con=3.9612
2025-09-14 00:04:10,710 - INFO - Batch 1700/2278: Loss=1.5214, Cls=0.3331, Reg=0.0000, Con=3.9612
2025-09-14 00:04:11,583 - INFO - Batch 1710/2278: Loss=0.0000, Cls=0.0000, Reg=0.0000, Con=0.0000
2025-09-14 00:04:12,454 - INFO - Batch 1720/2278: Loss=1.1882, Cls=0.0000, Reg=0.0000, Con=3.9608
2025-09-14 00:04:13,375 - INFO - Batch 1730/2278: Loss=0.0000, Cls=0.0000, Reg=0.0000, Con=0.0000
2025-09-14 00:04:14,323 - INFO - Batch 1740/2278: Loss=0.0000, Cls=0.0000, Reg=0.0000, Con=0.0000
2025-09-14 00:04:15,232 - INFO - Batch 1750/2278: Loss=1.1883, Cls=0.0000, Reg=0.0000, Con=3.9609
2025-09-14 00:04:16,125 - INFO - Batch 1760/2278: Loss=1.1883, Cls=0.0000, Reg=0.0000, Con=3.9609
2025-09-14 00:04:16,998 - INFO - Batch 1770/2278: Loss=1.1882, Cls=0.0000, Reg=0.0000, Con=3.9608
2025-09-14 00:04:17,952 - INFO - Batch 1780/2278: Loss=1.3295, Cls=0.1412, Reg=0.0000, Con=3.9608
2025-09-14 00:04:18,854 - INFO - Batch 1790/2278: Loss=0.5177, Cls=0.5177, Reg=0.0000, Con=0.0000
2025-09-14 00:04:19,750 - INFO - Batch 1800/2278: Loss=1.9289, Cls=1.9289, Reg=0.0000, Con=0.0000
2025-09-14 00:04:20,679 - INFO - Batch 1810/2278: Loss=0.0000, Cls=0.0000, Reg=0.0000, Con=0.0000
2025-09-14 00:04:21,562 - INFO - Batch 1820/2278: Loss=1.1883, Cls=0.0000, Reg=0.0000, Con=3.9611
2025-09-14 00:04:22,487 - INFO - Batch 1830/2278: Loss=0.0000, Cls=0.0000, Reg=0.0000, Con=0.0000
2025-09-14 00:04:23,384 - INFO - Batch 1840/2278: Loss=0.0002, Cls=0.0002, Reg=0.0000, Con=0.0000
2025-09-14 00:04:24,285 - INFO - Batch 1850/2278: Loss=1.1882, Cls=0.0000, Reg=0.0000, Con=3.9608
2025-09-14 00:04:25,176 - INFO - Batch 1860/2278: Loss=0.0927, Cls=0.0927, Reg=0.0000, Con=0.0000
2025-09-14 00:04:26,095 - INFO - Batch 1870/2278: Loss=1.1882, Cls=0.0000, Reg=0.0000, Con=3.9608
2025-09-14 00:04:27,061 - INFO - Batch 1880/2278: Loss=0.0203, Cls=0.0203, Reg=0.0000, Con=0.0000
2025-09-14 00:04:27,943 - INFO - Batch 1890/2278: Loss=1.5939, Cls=0.4057, Reg=0.0000, Con=3.9609
2025-09-14 00:04:28,825 - INFO - Batch 1900/2278: Loss=0.0000, Cls=0.0000, Reg=0.0000, Con=0.0000
2025-09-14 00:04:29,698 - INFO - Batch 1910/2278: Loss=0.0000, Cls=0.0000, Reg=0.0000, Con=0.0000
2025-09-14 00:04:30,609 - INFO - Batch 1920/2278: Loss=1.1882, Cls=0.0000, Reg=0.0000, Con=3.9607
2025-09-14 00:04:31,554 - INFO - Batch 1930/2278: Loss=4.6724, Cls=3.4842, Reg=0.0000, Con=3.9607
2025-09-14 00:04:32,520 - INFO - Batch 1940/2278: Loss=4.4766, Cls=3.2883, Reg=0.0000, Con=3.9608
2025-09-14 00:04:33,429 - INFO - Batch 1950/2278: Loss=1.1882, Cls=0.0000, Reg=0.0000, Con=3.9608
2025-09-14 00:04:34,371 - INFO - Batch 1960/2278: Loss=1.1926, Cls=0.0043, Reg=0.0000, Con=3.9609
2025-09-14 00:04:35,245 - INFO - Batch 1970/2278: Loss=1.1883, Cls=0.0000, Reg=0.0000, Con=3.9611
2025-09-14 00:04:36,127 - INFO - Batch 1980/2278: Loss=1.1882, Cls=0.0000, Reg=0.0000, Con=3.9608
2025-09-14 00:04:37,041 - INFO - Batch 1990/2278: Loss=1.1905, Cls=0.0021, Reg=0.0000, Con=3.9615
2025-09-14 00:04:37,934 - INFO - Batch 2000/2278: Loss=0.0000, Cls=0.0000, Reg=0.0000, Con=0.0000
2025-09-14 00:04:38,828 - INFO - Batch 2010/2278: Loss=1.1883, Cls=0.0000, Reg=0.0000, Con=3.9608
2025-09-14 00:04:39,848 - INFO - Batch 2020/2278: Loss=1.1882, Cls=0.0000, Reg=0.0000, Con=3.9608
2025-09-14 00:04:40,845 - INFO - Batch 2030/2278: Loss=1.1882, Cls=0.0000, Reg=0.0000, Con=3.9607
2025-09-14 00:04:41,745 - INFO - Batch 2040/2278: Loss=1.1883, Cls=0.0000, Reg=0.0000, Con=3.9609
2025-09-14 00:04:42,653 - INFO - Batch 2050/2278: Loss=4.5549, Cls=3.3667, Reg=0.0000, Con=3.9608
2025-09-14 00:04:43,543 - INFO - Batch 2060/2278: Loss=0.0000, Cls=0.0000, Reg=0.0000, Con=0.0000
2025-09-14 00:04:44,478 - INFO - Batch 2070/2278: Loss=1.3761, Cls=0.1878, Reg=0.0000, Con=3.9611
2025-09-14 00:04:45,326 - INFO - Batch 2080/2278: Loss=1.1883, Cls=0.0000, Reg=0.0000, Con=3.9610
2025-09-14 00:04:46,192 - INFO - Batch 2090/2278: Loss=1.1884, Cls=0.0000, Reg=0.0000, Con=3.9612
2025-09-14 00:04:47,071 - INFO - Batch 2100/2278: Loss=1.1883, Cls=0.0000, Reg=0.0000, Con=3.9611
2025-09-14 00:04:47,993 - INFO - Batch 2110/2278: Loss=1.1883, Cls=0.0000, Reg=0.0000, Con=3.9609
2025-09-14 00:04:48,863 - INFO - Batch 2120/2278: Loss=0.0000, Cls=0.0000, Reg=0.0000, Con=0.0000
2025-09-14 00:04:49,740 - INFO - Batch 2130/2278: Loss=1.1882, Cls=0.0000, Reg=0.0000, Con=3.9606
2025-09-14 00:04:50,621 - INFO - Batch 2140/2278: Loss=1.1882, Cls=0.0000, Reg=0.0000, Con=3.9608
2025-09-14 00:04:51,515 - INFO - Batch 2150/2278: Loss=1.1905, Cls=0.0023, Reg=0.0000, Con=3.9607
2025-09-14 00:04:52,436 - INFO - Batch 2160/2278: Loss=1.1882, Cls=0.0000, Reg=0.0000, Con=3.9608
2025-09-14 00:04:53,317 - INFO - Batch 2170/2278: Loss=2.1705, Cls=0.9822, Reg=0.0000, Con=3.9609
2025-09-14 00:04:54,183 - INFO - Batch 2180/2278: Loss=0.0000, Cls=0.0000, Reg=0.0000, Con=0.0000
2025-09-14 00:04:55,091 - INFO - Batch 2190/2278: Loss=0.0000, Cls=0.0000, Reg=0.0000, Con=0.0000
2025-09-14 00:04:55,986 - INFO - Batch 2200/2278: Loss=1.5062, Cls=0.3180, Reg=0.0000, Con=3.9605
2025-09-14 00:04:56,873 - INFO - Batch 2210/2278: Loss=1.1883, Cls=0.0000, Reg=0.0000, Con=3.9609
2025-09-14 00:04:57,789 - INFO - Batch 2220/2278: Loss=1.1883, Cls=0.0000, Reg=0.0000, Con=3.9610
2025-09-14 00:04:58,693 - INFO - Batch 2230/2278: Loss=0.0000, Cls=0.0000, Reg=0.0000, Con=0.0000
2025-09-14 00:04:59,552 - INFO - Batch 2240/2278: Loss=0.0000, Cls=0.0000, Reg=0.0000, Con=0.0000
2025-09-14 00:05:00,418 - INFO - Batch 2250/2278: Loss=1.1883, Cls=0.0000, Reg=0.0000, Con=3.9609
2025-09-14 00:05:01,415 - INFO - Batch 2260/2278: Loss=1.1883, Cls=0.0000, Reg=0.0000, Con=3.9608
2025-09-14 00:05:02,420 - INFO - Batch 2270/2278: Loss=0.0000, Cls=0.0000, Reg=0.0000, Con=0.0000
2025-09-14 00:08:28,941 - INFO - === Epoch 1 Results ===
2025-09-14 00:08:28,941 - INFO - Training Loss: 1.0188 (Classification: 0.2520, Regression: 0.0000)
2025-09-14 00:08:28,941 - INFO - Validation Loss: 0.0595 (Classification: 0.0595, Regression: 0.0000)
2025-09-14 00:08:28,941 - INFO - Average Classification Accuracy: 0.5625 (on 1/26 tasks)
2025-09-14 00:08:28,941 - INFO - Average AUC: 0.6561
2025-09-14 00:08:29,470 - INFO - Best model saved to: experiments/r1c3_headft_cls_0_seed_42_20250914_000135/checkpoints/r1c3_headft_cls_0_seed_42_best.pth
2025-09-14 00:08:29,470 - INFO - 
Epoch 2/3
2025-09-14 00:08:29,565 - INFO - Batch 0/2278: Loss=0.0000, Cls=0.0000, Reg=0.0000, Con=0.0000
2025-09-14 00:08:30,495 - INFO - Batch 10/2278: Loss=1.1881, Cls=0.0000, Reg=0.0000, Con=3.9604
2025-09-14 00:08:31,429 - INFO - Batch 20/2278: Loss=1.1883, Cls=0.0000, Reg=0.0000, Con=3.9610
2025-09-14 00:08:32,294 - INFO - Batch 30/2278: Loss=1.1883, Cls=0.0000, Reg=0.0000, Con=3.9608
2025-09-14 00:08:33,175 - INFO - Batch 40/2278: Loss=5.2199, Cls=4.0316, Reg=0.0000, Con=3.9608
2025-09-14 00:08:34,099 - INFO - Batch 50/2278: Loss=0.0000, Cls=0.0000, Reg=0.0000, Con=0.0000
2025-09-14 00:08:34,955 - INFO - Batch 60/2278: Loss=0.0000, Cls=0.0000, Reg=0.0000, Con=0.0000
2025-09-14 00:08:35,860 - INFO - Batch 70/2278: Loss=5.1083, Cls=3.9200, Reg=0.0000, Con=3.9607
2025-09-14 00:08:36,810 - INFO - Batch 80/2278: Loss=1.1883, Cls=0.0000, Reg=0.0000, Con=3.9609
2025-09-14 00:08:37,753 - INFO - Batch 90/2278: Loss=0.0318, Cls=0.0318, Reg=0.0000, Con=0.0000
2025-09-14 00:08:38,667 - INFO - Batch 100/2278: Loss=1.1883, Cls=0.0000, Reg=0.0000, Con=3.9609
2025-09-14 00:08:39,551 - INFO - Batch 110/2278: Loss=1.1883, Cls=0.0000, Reg=0.0000, Con=3.9609
2025-09-14 00:08:40,436 - INFO - Batch 120/2278: Loss=0.0000, Cls=0.0000, Reg=0.0000, Con=0.0000
2025-09-14 00:08:41,380 - INFO - Batch 130/2278: Loss=1.1907, Cls=0.0025, Reg=0.0000, Con=3.9607
2025-09-14 00:08:42,285 - INFO - Batch 140/2278: Loss=1.1883, Cls=0.0000, Reg=0.0000, Con=3.9609
2025-09-14 00:08:43,302 - INFO - Batch 150/2278: Loss=1.1892, Cls=0.0008, Reg=0.0000, Con=3.9611
2025-09-14 00:08:44,253 - INFO - Batch 160/2278: Loss=1.1883, Cls=0.0000, Reg=0.0000, Con=3.9609
2025-09-14 00:08:45,161 - INFO - Batch 170/2278: Loss=0.0000, Cls=0.0000, Reg=0.0000, Con=0.0000
2025-09-14 00:08:46,202 - INFO - Batch 180/2278: Loss=1.1883, Cls=0.0000, Reg=0.0000, Con=3.9609
2025-09-14 00:08:47,089 - INFO - Batch 190/2278: Loss=0.0000, Cls=0.0000, Reg=0.0000, Con=0.0000
2025-09-14 00:08:48,014 - INFO - Batch 200/2278: Loss=4.8090, Cls=3.6208, Reg=0.0000, Con=3.9608
2025-09-14 00:08:48,947 - INFO - Batch 210/2278: Loss=1.1883, Cls=0.0000, Reg=0.0000, Con=3.9609
2025-09-14 00:08:49,893 - INFO - Batch 220/2278: Loss=0.0000, Cls=0.0000, Reg=0.0000, Con=0.0000
2025-09-14 00:08:50,803 - INFO - Batch 230/2278: Loss=0.0000, Cls=0.0000, Reg=0.0000, Con=0.0000
2025-09-14 00:08:51,713 - INFO - Batch 240/2278: Loss=0.0000, Cls=0.0000, Reg=0.0000, Con=0.0000
2025-09-14 00:08:52,607 - INFO - Batch 250/2278: Loss=0.0000, Cls=0.0000, Reg=0.0000, Con=0.0000
2025-09-14 00:08:53,504 - INFO - Batch 260/2278: Loss=0.0000, Cls=0.0000, Reg=0.0000, Con=0.0000
2025-09-14 00:08:54,521 - INFO - Batch 270/2278: Loss=1.2044, Cls=0.0162, Reg=0.0000, Con=3.9608
2025-09-14 00:08:55,408 - INFO - Batch 280/2278: Loss=1.1883, Cls=0.0000, Reg=0.0000, Con=3.9609
2025-09-14 00:08:56,312 - INFO - Batch 290/2278: Loss=2.3010, Cls=1.1127, Reg=0.0000, Con=3.9609
2025-09-14 00:08:57,206 - INFO - Batch 300/2278: Loss=1.4973, Cls=0.3090, Reg=0.0000, Con=3.9609
2025-09-14 00:08:58,103 - INFO - Batch 310/2278: Loss=1.3210, Cls=0.1328, Reg=0.0000, Con=3.9608
2025-09-14 00:08:59,002 - INFO - Batch 320/2278: Loss=0.0000, Cls=0.0000, Reg=0.0000, Con=0.0000
2025-09-14 00:08:59,869 - INFO - Batch 330/2278: Loss=1.1883, Cls=0.0000, Reg=0.0000, Con=3.9609
2025-09-14 00:09:00,785 - INFO - Batch 340/2278: Loss=1.1883, Cls=0.0000, Reg=0.0000, Con=3.9609
2025-09-14 00:09:01,769 - INFO - Batch 350/2278: Loss=1.1883, Cls=0.0000, Reg=0.0000, Con=3.9609
2025-09-14 00:09:02,692 - INFO - Batch 360/2278: Loss=1.1883, Cls=0.0000, Reg=0.0000, Con=3.9609
2025-09-14 00:09:03,615 - INFO - Batch 370/2278: Loss=1.1883, Cls=0.0000, Reg=0.0000, Con=3.9609
2025-09-14 00:09:04,509 - INFO - Batch 380/2278: Loss=1.1882, Cls=0.0000, Reg=0.0000, Con=3.9608
2025-09-14 00:09:05,436 - INFO - Batch 390/2278: Loss=1.1883, Cls=0.0000, Reg=0.0000, Con=3.9609
2025-09-14 00:09:06,338 - INFO - Batch 400/2278: Loss=0.0000, Cls=0.0000, Reg=0.0000, Con=0.0000
2025-09-14 00:09:07,256 - INFO - Batch 410/2278: Loss=1.1882, Cls=0.0000, Reg=0.0000, Con=3.9608
2025-09-14 00:09:08,171 - INFO - Batch 420/2278: Loss=0.0000, Cls=0.0000, Reg=0.0000, Con=0.0000
2025-09-14 00:09:09,071 - INFO - Batch 430/2278: Loss=0.0000, Cls=0.0000, Reg=0.0000, Con=0.0000
2025-09-14 00:09:09,989 - INFO - Batch 440/2278: Loss=4.0185, Cls=2.8303, Reg=0.0000, Con=3.9608
2025-09-14 00:09:10,933 - INFO - Batch 450/2278: Loss=1.1882, Cls=0.0000, Reg=0.0000, Con=3.9607
2025-09-14 00:09:11,879 - INFO - Batch 460/2278: Loss=0.0000, Cls=0.0000, Reg=0.0000, Con=0.0000
2025-09-14 00:09:12,807 - INFO - Batch 470/2278: Loss=3.1342, Cls=1.9460, Reg=0.0000, Con=3.9608
2025-09-14 00:09:13,707 - INFO - Batch 480/2278: Loss=0.0000, Cls=0.0000, Reg=0.0000, Con=0.0000
2025-09-14 00:09:14,591 - INFO - Batch 490/2278: Loss=1.1883, Cls=0.0000, Reg=0.0000, Con=3.9610
2025-09-14 00:09:15,466 - INFO - Batch 500/2278: Loss=1.1882, Cls=0.0000, Reg=0.0000, Con=3.9607
2025-09-14 00:09:16,370 - INFO - Batch 510/2278: Loss=1.1882, Cls=0.0000, Reg=0.0000, Con=3.9607
2025-09-14 00:09:17,273 - INFO - Batch 520/2278: Loss=1.1882, Cls=0.0000, Reg=0.0000, Con=3.9607
2025-09-14 00:09:18,229 - INFO - Batch 530/2278: Loss=1.3495, Cls=0.1613, Reg=0.0000, Con=3.9608
2025-09-14 00:09:19,139 - INFO - Batch 540/2278: Loss=1.1883, Cls=0.0000, Reg=0.0000, Con=3.9610
2025-09-14 00:09:20,085 - INFO - Batch 550/2278: Loss=1.1882, Cls=0.0000, Reg=0.0000, Con=3.9607
2025-09-14 00:09:21,016 - INFO - Batch 560/2278: Loss=1.1973, Cls=0.0090, Reg=0.0000, Con=3.9610
2025-09-14 00:09:21,901 - INFO - Batch 570/2278: Loss=1.1882, Cls=0.0000, Reg=0.0000, Con=3.9608
2025-09-14 00:09:22,782 - INFO - Batch 580/2278: Loss=0.0000, Cls=0.0000, Reg=0.0000, Con=0.0000
2025-09-14 00:09:23,672 - INFO - Batch 590/2278: Loss=1.1882, Cls=0.0000, Reg=0.0000, Con=3.9608
2025-09-14 00:09:24,567 - INFO - Batch 600/2278: Loss=0.0000, Cls=0.0000, Reg=0.0000, Con=0.0000
2025-09-14 00:09:25,512 - INFO - Batch 610/2278: Loss=1.1882, Cls=0.0000, Reg=0.0000, Con=3.9608
2025-09-14 00:09:26,432 - INFO - Batch 620/2278: Loss=1.1882, Cls=0.0000, Reg=0.0000, Con=3.9608
2025-09-14 00:09:27,335 - INFO - Batch 630/2278: Loss=0.0090, Cls=0.0090, Reg=0.0000, Con=0.0000
2025-09-14 00:09:28,261 - INFO - Batch 640/2278: Loss=0.0000, Cls=0.0000, Reg=0.0000, Con=0.0000
2025-09-14 00:09:29,138 - INFO - Batch 650/2278: Loss=0.0199, Cls=0.0199, Reg=0.0000, Con=0.0000
2025-09-14 00:09:30,029 - INFO - Batch 660/2278: Loss=1.1882, Cls=0.0000, Reg=0.0000, Con=3.9607
2025-09-14 00:09:30,924 - INFO - Batch 670/2278: Loss=1.1883, Cls=0.0000, Reg=0.0000, Con=3.9609
2025-09-14 00:09:31,838 - INFO - Batch 680/2278: Loss=1.2330, Cls=0.0448, Reg=0.0000, Con=3.9608
2025-09-14 00:09:32,759 - INFO - Batch 690/2278: Loss=1.1884, Cls=0.0000, Reg=0.0000, Con=3.9613
2025-09-14 00:09:33,668 - INFO - Batch 700/2278: Loss=0.0000, Cls=0.0000, Reg=0.0000, Con=0.0000
2025-09-14 00:09:34,581 - INFO - Batch 710/2278: Loss=1.1883, Cls=0.0000, Reg=0.0000, Con=3.9610
2025-09-14 00:09:35,539 - INFO - Batch 720/2278: Loss=2.8079, Cls=1.6197, Reg=0.0000, Con=3.9609
2025-09-14 00:09:36,446 - INFO - Batch 730/2278: Loss=2.1628, Cls=0.9745, Reg=0.0000, Con=3.9612
2025-09-14 00:09:37,332 - INFO - Batch 740/2278: Loss=1.1883, Cls=0.0000, Reg=0.0000, Con=3.9610
2025-09-14 00:09:38,235 - INFO - Batch 750/2278: Loss=0.0000, Cls=0.0000, Reg=0.0000, Con=0.0000
2025-09-14 00:09:39,152 - INFO - Batch 760/2278: Loss=0.0000, Cls=0.0000, Reg=0.0000, Con=0.0000
2025-09-14 00:09:40,055 - INFO - Batch 770/2278: Loss=1.1883, Cls=0.0000, Reg=0.0000, Con=3.9608
2025-09-14 00:09:40,949 - INFO - Batch 780/2278: Loss=0.0000, Cls=0.0000, Reg=0.0000, Con=0.0000
2025-09-14 00:09:41,840 - INFO - Batch 790/2278: Loss=1.1883, Cls=0.0000, Reg=0.0000, Con=3.9609
2025-09-14 00:09:42,753 - INFO - Batch 800/2278: Loss=0.0000, Cls=0.0000, Reg=0.0000, Con=0.0000
2025-09-14 00:09:43,643 - INFO - Batch 810/2278: Loss=0.0000, Cls=0.0000, Reg=0.0000, Con=0.0000
2025-09-14 00:09:44,567 - INFO - Batch 820/2278: Loss=1.1882, Cls=0.0000, Reg=0.0000, Con=3.9608
2025-09-14 00:09:45,526 - INFO - Batch 830/2278: Loss=1.1882, Cls=0.0000, Reg=0.0000, Con=3.9607
2025-09-14 00:09:46,419 - INFO - Batch 840/2278: Loss=1.1882, Cls=0.0000, Reg=0.0000, Con=3.9608
2025-09-14 00:09:47,310 - INFO - Batch 850/2278: Loss=0.0000, Cls=0.0000, Reg=0.0000, Con=0.0000
2025-09-14 00:09:48,214 - INFO - Batch 860/2278: Loss=1.1882, Cls=0.0000, Reg=0.0000, Con=3.9608
2025-09-14 00:09:49,102 - INFO - Batch 870/2278: Loss=2.3960, Cls=2.3960, Reg=0.0000, Con=0.0000
2025-09-14 00:09:49,994 - INFO - Batch 880/2278: Loss=0.0000, Cls=0.0000, Reg=0.0000, Con=0.0000
2025-09-14 00:09:50,943 - INFO - Batch 890/2278: Loss=1.1979, Cls=0.0096, Reg=0.0000, Con=3.9609
2025-09-14 00:09:51,903 - INFO - Batch 900/2278: Loss=1.2150, Cls=1.2150, Reg=0.0000, Con=0.0000
2025-09-14 00:09:52,787 - INFO - Batch 910/2278: Loss=0.0000, Cls=0.0000, Reg=0.0000, Con=0.0000
2025-09-14 00:09:53,695 - INFO - Batch 920/2278: Loss=1.1883, Cls=0.0000, Reg=0.0000, Con=3.9611
2025-09-14 00:09:54,695 - INFO - Batch 930/2278: Loss=1.9094, Cls=0.7211, Reg=0.0000, Con=3.9609
2025-09-14 00:09:55,574 - INFO - Batch 940/2278: Loss=0.0000, Cls=0.0000, Reg=0.0000, Con=0.0000
2025-09-14 00:09:56,482 - INFO - Batch 950/2278: Loss=0.0019, Cls=0.0019, Reg=0.0000, Con=0.0000
2025-09-14 00:09:57,394 - INFO - Batch 960/2278: Loss=0.0000, Cls=0.0000, Reg=0.0000, Con=0.0000
2025-09-14 00:09:58,278 - INFO - Batch 970/2278: Loss=0.0000, Cls=0.0000, Reg=0.0000, Con=0.0000
2025-09-14 00:09:59,171 - INFO - Batch 980/2278: Loss=1.1883, Cls=0.0000, Reg=0.0000, Con=3.9609
2025-09-14 00:10:00,109 - INFO - Batch 990/2278: Loss=1.1882, Cls=0.0000, Reg=0.0000, Con=3.9606
2025-09-14 00:10:01,027 - INFO - Batch 1000/2278: Loss=1.1883, Cls=0.0000, Reg=0.0000, Con=3.9609
2025-09-14 00:10:01,962 - INFO - Batch 1010/2278: Loss=1.1883, Cls=0.0000, Reg=0.0000, Con=3.9609
2025-09-14 00:10:02,860 - INFO - Batch 1020/2278: Loss=1.1885, Cls=0.0000, Reg=0.0000, Con=3.9615
2025-09-14 00:10:03,813 - INFO - Batch 1030/2278: Loss=1.5640, Cls=0.3758, Reg=0.0000, Con=3.9608
2025-09-14 00:10:04,714 - INFO - Batch 1040/2278: Loss=1.1882, Cls=0.0000, Reg=0.0000, Con=3.9608
2025-09-14 00:10:05,623 - INFO - Batch 1050/2278: Loss=4.4465, Cls=3.2581, Reg=0.0000, Con=3.9611
2025-09-14 00:10:06,500 - INFO - Batch 1060/2278: Loss=1.6745, Cls=0.4861, Reg=0.0000, Con=3.9612
2025-09-14 00:10:07,386 - INFO - Batch 1070/2278: Loss=1.1883, Cls=0.0000, Reg=0.0000, Con=3.9609
2025-09-14 00:10:08,281 - INFO - Batch 1080/2278: Loss=1.1883, Cls=0.0000, Reg=0.0000, Con=3.9609
2025-09-14 00:10:09,204 - INFO - Batch 1090/2278: Loss=2.2050, Cls=1.0168, Reg=0.0000, Con=3.9608
2025-09-14 00:10:10,078 - INFO - Batch 1100/2278: Loss=1.1883, Cls=0.0000, Reg=0.0000, Con=3.9608
2025-09-14 00:10:10,967 - INFO - Batch 1110/2278: Loss=1.1883, Cls=0.0000, Reg=0.0000, Con=3.9608
2025-09-14 00:10:11,873 - INFO - Batch 1120/2278: Loss=1.2087, Cls=0.0205, Reg=0.0000, Con=3.9608
2025-09-14 00:10:12,802 - INFO - Batch 1130/2278: Loss=2.0055, Cls=2.0055, Reg=0.0000, Con=0.0000
2025-09-14 00:10:13,695 - INFO - Batch 1140/2278: Loss=0.0000, Cls=0.0000, Reg=0.0000, Con=0.0000
2025-09-14 00:10:14,583 - INFO - Batch 1150/2278: Loss=4.4841, Cls=3.2959, Reg=0.0000, Con=3.9609
2025-09-14 00:10:15,481 - INFO - Batch 1160/2278: Loss=1.1882, Cls=0.0000, Reg=0.0000, Con=3.9607
2025-09-14 00:10:16,413 - INFO - Batch 1170/2278: Loss=0.0291, Cls=0.0291, Reg=0.0000, Con=0.0000
2025-09-14 00:10:17,293 - INFO - Batch 1180/2278: Loss=1.1883, Cls=0.0000, Reg=0.0000, Con=3.9609
2025-09-14 00:10:18,194 - INFO - Batch 1190/2278: Loss=1.2182, Cls=0.0299, Reg=0.0000, Con=3.9610
2025-09-14 00:10:19,129 - INFO - Batch 1200/2278: Loss=1.1883, Cls=0.0000, Reg=0.0000, Con=3.9609
2025-09-14 00:10:20,008 - INFO - Batch 1210/2278: Loss=1.1882, Cls=0.0000, Reg=0.0000, Con=3.9608
2025-09-14 00:10:20,915 - INFO - Batch 1220/2278: Loss=0.0000, Cls=0.0000, Reg=0.0000, Con=0.0000
2025-09-14 00:10:21,834 - INFO - Batch 1230/2278: Loss=1.1962, Cls=0.0079, Reg=0.0000, Con=3.9609
2025-09-14 00:10:22,753 - INFO - Batch 1240/2278: Loss=1.1883, Cls=0.0000, Reg=0.0000, Con=3.9609
2025-09-14 00:10:23,723 - INFO - Batch 1250/2278: Loss=0.0000, Cls=0.0000, Reg=0.0000, Con=0.0000
2025-09-14 00:10:24,602 - INFO - Batch 1260/2278: Loss=1.1882, Cls=0.0000, Reg=0.0000, Con=3.9607
2025-09-14 00:10:25,545 - INFO - Batch 1270/2278: Loss=0.0000, Cls=0.0000, Reg=0.0000, Con=0.0000
2025-09-14 00:10:26,482 - INFO - Batch 1280/2278: Loss=1.1882, Cls=0.0000, Reg=0.0000, Con=3.9608
2025-09-14 00:10:27,389 - INFO - Batch 1290/2278: Loss=1.1883, Cls=0.0000, Reg=0.0000, Con=3.9610
2025-09-14 00:10:28,279 - INFO - Batch 1300/2278: Loss=1.1883, Cls=0.0000, Reg=0.0000, Con=3.9610
2025-09-14 00:10:29,174 - INFO - Batch 1310/2278: Loss=0.0402, Cls=0.0402, Reg=0.0000, Con=0.0000
2025-09-14 00:10:30,079 - INFO - Batch 1320/2278: Loss=4.9747, Cls=3.7864, Reg=0.0000, Con=3.9609
2025-09-14 00:10:30,963 - INFO - Batch 1330/2278: Loss=1.1883, Cls=0.0000, Reg=0.0000, Con=3.9609
2025-09-14 00:10:31,865 - INFO - Batch 1340/2278: Loss=7.3296, Cls=7.3296, Reg=0.0000, Con=0.0000
2025-09-14 00:10:32,869 - INFO - Batch 1350/2278: Loss=1.6217, Cls=0.4335, Reg=0.0000, Con=3.9606
2025-09-14 00:10:33,749 - INFO - Batch 1360/2278: Loss=1.1882, Cls=0.0000, Reg=0.0000, Con=3.9608
2025-09-14 00:10:34,654 - INFO - Batch 1370/2278: Loss=3.2205, Cls=2.0323, Reg=0.0000, Con=3.9608
2025-09-14 00:10:35,582 - INFO - Batch 1380/2278: Loss=1.1883, Cls=0.0000, Reg=0.0000, Con=3.9609
2025-09-14 00:10:36,477 - INFO - Batch 1390/2278: Loss=1.1882, Cls=0.0000, Reg=0.0000, Con=3.9608
2025-09-14 00:10:37,381 - INFO - Batch 1400/2278: Loss=0.0000, Cls=0.0000, Reg=0.0000, Con=0.0000
2025-09-14 00:10:38,257 - INFO - Batch 1410/2278: Loss=1.1882, Cls=0.0000, Reg=0.0000, Con=3.9608
2025-09-14 00:10:39,156 - INFO - Batch 1420/2278: Loss=0.2913, Cls=0.2913, Reg=0.0000, Con=0.0000
2025-09-14 00:10:40,045 - INFO - Batch 1430/2278: Loss=0.0630, Cls=0.0630, Reg=0.0000, Con=0.0000
2025-09-14 00:10:40,920 - INFO - Batch 1440/2278: Loss=1.1884, Cls=0.0000, Reg=0.0000, Con=3.9613
2025-09-14 00:10:41,814 - INFO - Batch 1450/2278: Loss=0.6539, Cls=0.6539, Reg=0.0000, Con=0.0000
2025-09-14 00:10:42,802 - INFO - Batch 1460/2278: Loss=1.1921, Cls=0.0038, Reg=0.0000, Con=3.9609
2025-09-14 00:10:43,709 - INFO - Batch 1470/2278: Loss=1.4053, Cls=0.2171, Reg=0.0000, Con=3.9608
2025-09-14 00:10:44,592 - INFO - Batch 1480/2278: Loss=0.0000, Cls=0.0000, Reg=0.0000, Con=0.0000
2025-09-14 00:10:45,573 - INFO - Batch 1490/2278: Loss=2.9949, Cls=1.8066, Reg=0.0000, Con=3.9609
2025-09-14 00:10:46,475 - INFO - Batch 1500/2278: Loss=0.8868, Cls=0.8868, Reg=0.0000, Con=0.0000
2025-09-14 00:10:47,363 - INFO - Batch 1510/2278: Loss=1.1883, Cls=0.0000, Reg=0.0000, Con=3.9608
2025-09-14 00:10:48,218 - INFO - Batch 1520/2278: Loss=1.1883, Cls=0.0000, Reg=0.0000, Con=3.9608
2025-09-14 00:10:49,107 - INFO - Batch 1530/2278: Loss=1.8473, Cls=0.6590, Reg=0.0000, Con=3.9609
2025-09-14 00:10:50,026 - INFO - Batch 1540/2278: Loss=0.0000, Cls=0.0000, Reg=0.0000, Con=0.0000
2025-09-14 00:10:50,957 - INFO - Batch 1550/2278: Loss=1.3120, Cls=0.1238, Reg=0.0000, Con=3.9609
2025-09-14 00:10:51,872 - INFO - Batch 1560/2278: Loss=1.3171, Cls=0.1289, Reg=0.0000, Con=3.9608
2025-09-14 00:10:52,767 - INFO - Batch 1570/2278: Loss=1.9904, Cls=0.8021, Reg=0.0000, Con=3.9609
2025-09-14 00:10:53,639 - INFO - Batch 1580/2278: Loss=0.0000, Cls=0.0000, Reg=0.0000, Con=0.0000
2025-09-14 00:10:54,541 - INFO - Batch 1590/2278: Loss=0.0000, Cls=0.0000, Reg=0.0000, Con=0.0000
2025-09-14 00:10:55,459 - INFO - Batch 1600/2278: Loss=1.8546, Cls=0.6663, Reg=0.0000, Con=3.9609
2025-09-14 00:10:56,395 - INFO - Batch 1610/2278: Loss=0.0000, Cls=0.0000, Reg=0.0000, Con=0.0000
2025-09-14 00:10:57,305 - INFO - Batch 1620/2278: Loss=1.1883, Cls=0.0000, Reg=0.0000, Con=3.9609
2025-09-14 00:10:58,185 - INFO - Batch 1630/2278: Loss=0.0000, Cls=0.0000, Reg=0.0000, Con=0.0000
2025-09-14 00:10:59,090 - INFO - Batch 1640/2278: Loss=1.1883, Cls=0.0000, Reg=0.0000, Con=3.9609
2025-09-14 00:11:00,003 - INFO - Batch 1650/2278: Loss=0.0452, Cls=0.0452, Reg=0.0000, Con=0.0000
2025-09-14 00:11:00,962 - INFO - Batch 1660/2278: Loss=1.1882, Cls=0.0000, Reg=0.0000, Con=3.9607
2025-09-14 00:11:02,018 - INFO - Batch 1670/2278: Loss=1.1882, Cls=0.0000, Reg=0.0000, Con=3.9608
2025-09-14 00:11:02,906 - INFO - Batch 1680/2278: Loss=3.1984, Cls=2.0100, Reg=0.0000, Con=3.9615
2025-09-14 00:11:03,813 - INFO - Batch 1690/2278: Loss=0.0000, Cls=0.0000, Reg=0.0000, Con=0.0000
2025-09-14 00:11:04,708 - INFO - Batch 1700/2278: Loss=1.1882, Cls=0.0000, Reg=0.0000, Con=3.9608
2025-09-14 00:11:05,644 - INFO - Batch 1710/2278: Loss=1.1883, Cls=0.0000, Reg=0.0000, Con=3.9612
2025-09-14 00:11:06,569 - INFO - Batch 1720/2278: Loss=7.6651, Cls=6.4769, Reg=0.0000, Con=3.9610
2025-09-14 00:11:07,589 - INFO - Batch 1730/2278: Loss=3.6140, Cls=2.4258, Reg=0.0000, Con=3.9609
2025-09-14 00:11:08,467 - INFO - Batch 1740/2278: Loss=1.1883, Cls=0.0000, Reg=0.0000, Con=3.9610
2025-09-14 00:11:09,410 - INFO - Batch 1750/2278: Loss=1.1883, Cls=0.0000, Reg=0.0000, Con=3.9609
2025-09-14 00:11:10,325 - INFO - Batch 1760/2278: Loss=1.1882, Cls=0.0000, Reg=0.0000, Con=3.9608
2025-09-14 00:11:11,209 - INFO - Batch 1770/2278: Loss=1.1883, Cls=0.0000, Reg=0.0000, Con=3.9610
2025-09-14 00:11:12,122 - INFO - Batch 1780/2278: Loss=1.1902, Cls=0.0019, Reg=0.0000, Con=3.9609
2025-09-14 00:11:13,023 - INFO - Batch 1790/2278: Loss=1.1882, Cls=0.0000, Reg=0.0000, Con=3.9608
2025-09-14 00:11:13,957 - INFO - Batch 1800/2278: Loss=1.1883, Cls=0.0000, Reg=0.0000, Con=3.9609
2025-09-14 00:11:14,842 - INFO - Batch 1810/2278: Loss=1.2847, Cls=0.0964, Reg=0.0000, Con=3.9610
2025-09-14 00:11:15,789 - INFO - Batch 1820/2278: Loss=1.1882, Cls=0.0000, Reg=0.0000, Con=3.9608
2025-09-14 00:11:16,698 - INFO - Batch 1830/2278: Loss=1.1885, Cls=0.0000, Reg=0.0000, Con=3.9615
2025-09-14 00:11:17,627 - INFO - Batch 1840/2278: Loss=1.7684, Cls=0.5801, Reg=0.0000, Con=3.9609
2025-09-14 00:11:18,518 - INFO - Batch 1850/2278: Loss=1.1883, Cls=0.0000, Reg=0.0000, Con=3.9608
2025-09-14 00:11:19,404 - INFO - Batch 1860/2278: Loss=0.0094, Cls=0.0094, Reg=0.0000, Con=0.0000
2025-09-14 00:11:20,288 - INFO - Batch 1870/2278: Loss=0.0000, Cls=0.0000, Reg=0.0000, Con=0.0000
2025-09-14 00:11:21,175 - INFO - Batch 1880/2278: Loss=1.1883, Cls=0.0000, Reg=0.0000, Con=3.9610
2025-09-14 00:11:22,079 - INFO - Batch 1890/2278: Loss=0.0191, Cls=0.0191, Reg=0.0000, Con=0.0000
2025-09-14 00:11:22,998 - INFO - Batch 1900/2278: Loss=1.1882, Cls=0.0000, Reg=0.0000, Con=3.9607
2025-09-14 00:11:23,951 - INFO - Batch 1910/2278: Loss=1.1882, Cls=0.0000, Reg=0.0000, Con=3.9607
2025-09-14 00:11:24,861 - INFO - Batch 1920/2278: Loss=1.2025, Cls=0.0143, Reg=0.0000, Con=3.9608
2025-09-14 00:11:25,746 - INFO - Batch 1930/2278: Loss=0.0000, Cls=0.0000, Reg=0.0000, Con=0.0000
2025-09-14 00:11:26,688 - INFO - Batch 1940/2278: Loss=1.1882, Cls=0.0000, Reg=0.0000, Con=3.9607
2025-09-14 00:11:27,599 - INFO - Batch 1950/2278: Loss=1.1883, Cls=0.0000, Reg=0.0000, Con=3.9609
2025-09-14 00:11:28,549 - INFO - Batch 1960/2278: Loss=1.1883, Cls=0.0000, Reg=0.0000, Con=3.9609
2025-09-14 00:11:29,462 - INFO - Batch 1970/2278: Loss=1.1882, Cls=0.0000, Reg=0.0000, Con=3.9606
2025-09-14 00:11:30,445 - INFO - Batch 1980/2278: Loss=2.6190, Cls=1.4308, Reg=0.0000, Con=3.9608
2025-09-14 00:11:31,336 - INFO - Batch 1990/2278: Loss=0.0000, Cls=0.0000, Reg=0.0000, Con=0.0000
2025-09-14 00:11:32,210 - INFO - Batch 2000/2278: Loss=1.1882, Cls=0.0000, Reg=0.0000, Con=3.9607
2025-09-14 00:11:33,249 - INFO - Batch 2010/2278: Loss=1.1882, Cls=0.0000, Reg=0.0000, Con=3.9608
2025-09-14 00:11:34,161 - INFO - Batch 2020/2278: Loss=0.0000, Cls=0.0000, Reg=0.0000, Con=0.0000
2025-09-14 00:11:35,078 - INFO - Batch 2030/2278: Loss=1.1883, Cls=0.0000, Reg=0.0000, Con=3.9610
2025-09-14 00:11:35,976 - INFO - Batch 2040/2278: Loss=1.1882, Cls=0.0000, Reg=0.0000, Con=3.9608
2025-09-14 00:11:36,907 - INFO - Batch 2050/2278: Loss=0.1090, Cls=0.1090, Reg=0.0000, Con=0.0000
2025-09-14 00:11:37,791 - INFO - Batch 2060/2278: Loss=1.1885, Cls=0.0000, Reg=0.0000, Con=3.9615
2025-09-14 00:11:38,684 - INFO - Batch 2070/2278: Loss=1.1882, Cls=0.0000, Reg=0.0000, Con=3.9608
2025-09-14 00:11:39,598 - INFO - Batch 2080/2278: Loss=0.0000, Cls=0.0000, Reg=0.0000, Con=0.0000
2025-09-14 00:11:40,492 - INFO - Batch 2090/2278: Loss=1.2096, Cls=0.0214, Reg=0.0000, Con=3.9608
2025-09-14 00:11:41,430 - INFO - Batch 2100/2278: Loss=0.0000, Cls=0.0000, Reg=0.0000, Con=0.0000
2025-09-14 00:11:42,368 - INFO - Batch 2110/2278: Loss=0.0000, Cls=0.0000, Reg=0.0000, Con=0.0000
2025-09-14 00:11:43,251 - INFO - Batch 2120/2278: Loss=1.1883, Cls=0.0000, Reg=0.0000, Con=3.9609
2025-09-14 00:11:44,168 - INFO - Batch 2130/2278: Loss=1.1883, Cls=0.0000, Reg=0.0000, Con=3.9608
2025-09-14 00:11:45,068 - INFO - Batch 2140/2278: Loss=0.0026, Cls=0.0026, Reg=0.0000, Con=0.0000
2025-09-14 00:11:46,045 - INFO - Batch 2150/2278: Loss=1.1923, Cls=0.0040, Reg=0.0000, Con=3.9610
2025-09-14 00:11:46,917 - INFO - Batch 2160/2278: Loss=1.1882, Cls=0.0000, Reg=0.0000, Con=3.9608
2025-09-14 00:11:47,799 - INFO - Batch 2170/2278: Loss=1.2550, Cls=0.0667, Reg=0.0000, Con=3.9608
2025-09-14 00:11:48,786 - INFO - Batch 2180/2278: Loss=1.1894, Cls=0.0012, Reg=0.0000, Con=3.9608
2025-09-14 00:11:49,699 - INFO - Batch 2190/2278: Loss=1.1883, Cls=0.0000, Reg=0.0000, Con=3.9610
2025-09-14 00:11:50,626 - INFO - Batch 2200/2278: Loss=1.1882, Cls=0.0000, Reg=0.0000, Con=3.9608
2025-09-14 00:11:51,530 - INFO - Batch 2210/2278: Loss=1.2690, Cls=0.0806, Reg=0.0000, Con=3.9613
2025-09-14 00:11:52,408 - INFO - Batch 2220/2278: Loss=0.0000, Cls=0.0000, Reg=0.0000, Con=0.0000
2025-09-14 00:11:53,311 - INFO - Batch 2230/2278: Loss=0.0039, Cls=0.0039, Reg=0.0000, Con=0.0000
2025-09-14 00:11:54,198 - INFO - Batch 2240/2278: Loss=1.1882, Cls=0.0000, Reg=0.0000, Con=3.9608
2025-09-14 00:11:55,099 - INFO - Batch 2250/2278: Loss=0.0000, Cls=0.0000, Reg=0.0000, Con=0.0000
2025-09-14 00:11:56,002 - INFO - Batch 2260/2278: Loss=1.1883, Cls=0.0000, Reg=0.0000, Con=3.9609
2025-09-14 00:11:56,885 - INFO - Batch 2270/2278: Loss=1.1882, Cls=0.0000, Reg=0.0000, Con=3.9606
2025-09-14 00:15:24,099 - INFO - === Epoch 2 Results ===
2025-09-14 00:15:24,099 - INFO - Training Loss: 1.0330 (Classification: 0.2511, Regression: 0.0000)
2025-09-14 00:15:24,099 - INFO - Validation Loss: 0.0492 (Classification: 0.0492, Regression: 0.0000)
2025-09-14 00:15:24,099 - INFO - Average Classification Accuracy: 0.5833 (on 1/26 tasks)
2025-09-14 00:15:24,099 - INFO - Average AUC: 0.6765
2025-09-14 00:15:26,950 - INFO - Best model saved to: experiments/r1c3_headft_cls_0_seed_42_20250914_000135/checkpoints/r1c3_headft_cls_0_seed_42_best.pth
2025-09-14 00:15:26,950 - INFO - 
Epoch 3/3
2025-09-14 00:15:27,089 - INFO - Batch 0/2278: Loss=1.1882, Cls=0.0000, Reg=0.0000, Con=3.9608
2025-09-14 00:15:27,974 - INFO - Batch 10/2278: Loss=1.1903, Cls=0.0020, Reg=0.0000, Con=3.9611
2025-09-14 00:15:28,906 - INFO - Batch 20/2278: Loss=1.1883, Cls=0.0000, Reg=0.0000, Con=3.9608
2025-09-14 00:15:29,900 - INFO - Batch 30/2278: Loss=0.0000, Cls=0.0000, Reg=0.0000, Con=0.0000
2025-09-14 00:15:30,802 - INFO - Batch 40/2278: Loss=1.1882, Cls=0.0000, Reg=0.0000, Con=3.9608
2025-09-14 00:15:31,735 - INFO - Batch 50/2278: Loss=1.1883, Cls=0.0000, Reg=0.0000, Con=3.9609
2025-09-14 00:15:32,611 - INFO - Batch 60/2278: Loss=1.1882, Cls=0.0000, Reg=0.0000, Con=3.9607
2025-09-14 00:15:33,506 - INFO - Batch 70/2278: Loss=2.8262, Cls=1.6379, Reg=0.0000, Con=3.9608
2025-09-14 00:15:34,364 - INFO - Batch 80/2278: Loss=0.0000, Cls=0.0000, Reg=0.0000, Con=0.0000
2025-09-14 00:15:35,242 - INFO - Batch 90/2278: Loss=1.9759, Cls=0.7877, Reg=0.0000, Con=3.9609
2025-09-14 00:15:36,180 - INFO - Batch 100/2278: Loss=1.1882, Cls=0.0000, Reg=0.0000, Con=3.9607
2025-09-14 00:15:37,157 - INFO - Batch 110/2278: Loss=1.1885, Cls=0.0000, Reg=0.0000, Con=3.9618
2025-09-14 00:15:38,032 - INFO - Batch 120/2278: Loss=1.2250, Cls=0.0368, Reg=0.0000, Con=3.9609
2025-09-14 00:15:38,942 - INFO - Batch 130/2278: Loss=1.1882, Cls=0.0000, Reg=0.0000, Con=3.9607
2025-09-14 00:15:39,850 - INFO - Batch 140/2278: Loss=0.0207, Cls=0.0207, Reg=0.0000, Con=0.0000
2025-09-14 00:15:40,762 - INFO - Batch 150/2278: Loss=1.1882, Cls=0.0000, Reg=0.0000, Con=3.9608
2025-09-14 00:15:41,800 - INFO - Batch 160/2278: Loss=0.0000, Cls=0.0000, Reg=0.0000, Con=0.0000
2025-09-14 00:15:42,813 - INFO - Batch 170/2278: Loss=2.1704, Cls=0.9822, Reg=0.0000, Con=3.9609
2025-09-14 00:15:43,800 - INFO - Batch 180/2278: Loss=1.1883, Cls=0.0000, Reg=0.0000, Con=3.9611
2025-09-14 00:15:44,684 - INFO - Batch 190/2278: Loss=1.1882, Cls=0.0000, Reg=0.0000, Con=3.9607
2025-09-14 00:15:45,652 - INFO - Batch 200/2278: Loss=0.0000, Cls=0.0000, Reg=0.0000, Con=0.0000
2025-09-14 00:15:46,547 - INFO - Batch 210/2278: Loss=1.2595, Cls=0.0711, Reg=0.0000, Con=3.9612
2025-09-14 00:15:47,445 - INFO - Batch 220/2278: Loss=1.1882, Cls=0.0000, Reg=0.0000, Con=3.9608
2025-09-14 00:15:48,365 - INFO - Batch 230/2278: Loss=1.1885, Cls=0.0002, Reg=0.0000, Con=3.9611
2025-09-14 00:15:49,260 - INFO - Batch 240/2278: Loss=1.1882, Cls=0.0000, Reg=0.0000, Con=3.9607
2025-09-14 00:15:50,124 - INFO - Batch 250/2278: Loss=1.1883, Cls=0.0000, Reg=0.0000, Con=3.9609
2025-09-14 00:15:51,034 - INFO - Batch 260/2278: Loss=1.1882, Cls=0.0000, Reg=0.0000, Con=3.9608
2025-09-14 00:15:51,930 - INFO - Batch 270/2278: Loss=1.1882, Cls=0.0000, Reg=0.0000, Con=3.9607
2025-09-14 00:15:52,811 - INFO - Batch 280/2278: Loss=1.1882, Cls=0.0000, Reg=0.0000, Con=3.9608
2025-09-14 00:15:53,699 - INFO - Batch 290/2278: Loss=1.1882, Cls=0.0000, Reg=0.0000, Con=3.9608
2025-09-14 00:15:54,579 - INFO - Batch 300/2278: Loss=10.8625, Cls=9.6743, Reg=0.0000, Con=3.9607
2025-09-14 00:15:55,474 - INFO - Batch 310/2278: Loss=1.1883, Cls=0.0000, Reg=0.0000, Con=3.9610
2025-09-14 00:15:56,369 - INFO - Batch 320/2278: Loss=1.1884, Cls=0.0000, Reg=0.0000, Con=3.9612
2025-09-14 00:15:57,278 - INFO - Batch 330/2278: Loss=0.0000, Cls=0.0000, Reg=0.0000, Con=0.0000
2025-09-14 00:15:58,165 - INFO - Batch 340/2278: Loss=0.0000, Cls=0.0000, Reg=0.0000, Con=0.0000
2025-09-14 00:15:59,044 - INFO - Batch 350/2278: Loss=1.1884, Cls=0.0000, Reg=0.0000, Con=3.9612
2025-09-14 00:15:59,952 - INFO - Batch 360/2278: Loss=1.1974, Cls=0.0090, Reg=0.0000, Con=3.9611
2025-09-14 00:16:00,855 - INFO - Batch 370/2278: Loss=1.1882, Cls=0.0000, Reg=0.0000, Con=3.9608
2025-09-14 00:16:01,773 - INFO - Batch 380/2278: Loss=1.1882, Cls=0.0000, Reg=0.0000, Con=3.9608
2025-09-14 00:16:02,684 - INFO - Batch 390/2278: Loss=2.6408, Cls=1.4525, Reg=0.0000, Con=3.9609
2025-09-14 00:16:03,571 - INFO - Batch 400/2278: Loss=0.0000, Cls=0.0000, Reg=0.0000, Con=0.0000
2025-09-14 00:16:04,475 - INFO - Batch 410/2278: Loss=1.1883, Cls=0.0000, Reg=0.0000, Con=3.9609
2025-09-14 00:16:05,357 - INFO - Batch 420/2278: Loss=1.1883, Cls=0.0000, Reg=0.0000, Con=3.9609
2025-09-14 00:16:06,236 - INFO - Batch 430/2278: Loss=1.1916, Cls=0.0032, Reg=0.0000, Con=3.9614
2025-09-14 00:16:07,136 - INFO - Batch 440/2278: Loss=0.0000, Cls=0.0000, Reg=0.0000, Con=0.0000
2025-09-14 00:16:08,017 - INFO - Batch 450/2278: Loss=1.1882, Cls=0.0000, Reg=0.0000, Con=3.9608
2025-09-14 00:16:08,909 - INFO - Batch 460/2278: Loss=0.0000, Cls=0.0000, Reg=0.0000, Con=0.0000
2025-09-14 00:16:09,847 - INFO - Batch 470/2278: Loss=0.0599, Cls=0.0599, Reg=0.0000, Con=0.0000
2025-09-14 00:16:10,781 - INFO - Batch 480/2278: Loss=1.1883, Cls=0.0000, Reg=0.0000, Con=3.9609
2025-09-14 00:16:11,686 - INFO - Batch 490/2278: Loss=0.0000, Cls=0.0000, Reg=0.0000, Con=0.0000
2025-09-14 00:16:12,577 - INFO - Batch 500/2278: Loss=0.0000, Cls=0.0000, Reg=0.0000, Con=0.0000
2025-09-14 00:16:13,496 - INFO - Batch 510/2278: Loss=1.1884, Cls=0.0001, Reg=0.0000, Con=3.9608
2025-09-14 00:16:14,399 - INFO - Batch 520/2278: Loss=0.0003, Cls=0.0003, Reg=0.0000, Con=0.0000
2025-09-14 00:16:15,266 - INFO - Batch 530/2278: Loss=1.1882, Cls=0.0000, Reg=0.0000, Con=3.9608
2025-09-14 00:16:16,159 - INFO - Batch 540/2278: Loss=1.1883, Cls=0.0000, Reg=0.0000, Con=3.9609
2025-09-14 00:16:17,071 - INFO - Batch 550/2278: Loss=5.0943, Cls=5.0943, Reg=0.0000, Con=0.0000
2025-09-14 00:16:18,161 - INFO - Batch 560/2278: Loss=1.1883, Cls=0.0000, Reg=0.0000, Con=3.9609
2025-09-14 00:16:19,114 - INFO - Batch 570/2278: Loss=1.1882, Cls=0.0000, Reg=0.0000, Con=3.9608
2025-09-14 00:16:20,092 - INFO - Batch 580/2278: Loss=0.0000, Cls=0.0000, Reg=0.0000, Con=0.0000
2025-09-14 00:16:21,002 - INFO - Batch 590/2278: Loss=1.1883, Cls=0.0000, Reg=0.0000, Con=3.9608
2025-09-14 00:16:21,982 - INFO - Batch 600/2278: Loss=0.0000, Cls=0.0000, Reg=0.0000, Con=0.0000
2025-09-14 00:16:22,929 - INFO - Batch 610/2278: Loss=1.0492, Cls=1.0492, Reg=0.0000, Con=0.0000
2025-09-14 00:16:23,831 - INFO - Batch 620/2278: Loss=1.1882, Cls=0.0000, Reg=0.0000, Con=3.9608
2025-09-14 00:16:24,738 - INFO - Batch 630/2278: Loss=1.1883, Cls=0.0000, Reg=0.0000, Con=3.9611
2025-09-14 00:16:25,666 - INFO - Batch 640/2278: Loss=2.6208, Cls=1.4325, Reg=0.0000, Con=3.9607
2025-09-14 00:16:26,553 - INFO - Batch 650/2278: Loss=1.1883, Cls=0.0000, Reg=0.0000, Con=3.9608
2025-09-14 00:16:27,517 - INFO - Batch 660/2278: Loss=0.0309, Cls=0.0309, Reg=0.0000, Con=0.0000
2025-09-14 00:16:28,406 - INFO - Batch 670/2278: Loss=1.1883, Cls=0.0000, Reg=0.0000, Con=3.9609
2025-09-14 00:16:29,319 - INFO - Batch 680/2278: Loss=2.8951, Cls=2.8951, Reg=0.0000, Con=0.0000
2025-09-14 00:16:30,186 - INFO - Batch 690/2278: Loss=1.1900, Cls=0.0018, Reg=0.0000, Con=3.9609
2025-09-14 00:16:31,087 - INFO - Batch 700/2278: Loss=1.2719, Cls=0.0836, Reg=0.0000, Con=3.9610
2025-09-14 00:16:31,962 - INFO - Batch 710/2278: Loss=1.1883, Cls=0.0000, Reg=0.0000, Con=3.9610
2025-09-14 00:16:32,889 - INFO - Batch 720/2278: Loss=1.1883, Cls=0.0000, Reg=0.0000, Con=3.9610
2025-09-14 00:16:33,812 - INFO - Batch 730/2278: Loss=1.1883, Cls=0.0000, Reg=0.0000, Con=3.9609
2025-09-14 00:16:34,740 - INFO - Batch 740/2278: Loss=1.1882, Cls=0.0000, Reg=0.0000, Con=3.9606
2025-09-14 00:16:35,653 - INFO - Batch 750/2278: Loss=1.2014, Cls=0.0132, Reg=0.0000, Con=3.9606
2025-09-14 00:16:36,577 - INFO - Batch 760/2278: Loss=1.2613, Cls=0.0730, Reg=0.0000, Con=3.9611
2025-09-14 00:16:37,477 - INFO - Batch 770/2278: Loss=1.1883, Cls=0.0000, Reg=0.0000, Con=3.9611
2025-09-14 00:16:38,370 - INFO - Batch 780/2278: Loss=0.0000, Cls=0.0000, Reg=0.0000, Con=0.0000
2025-09-14 00:16:39,283 - INFO - Batch 790/2278: Loss=1.1884, Cls=0.0002, Reg=0.0000, Con=3.9609
2025-09-14 00:16:40,162 - INFO - Batch 800/2278: Loss=1.1884, Cls=0.0000, Reg=0.0000, Con=3.9612
2025-09-14 00:16:41,087 - INFO - Batch 810/2278: Loss=0.0000, Cls=0.0000, Reg=0.0000, Con=0.0000
2025-09-14 00:16:42,015 - INFO - Batch 820/2278: Loss=3.9954, Cls=2.8071, Reg=0.0000, Con=3.9608
2025-09-14 00:16:42,932 - INFO - Batch 830/2278: Loss=1.1883, Cls=0.0000, Reg=0.0000, Con=3.9609
2025-09-14 00:16:43,852 - INFO - Batch 840/2278: Loss=0.2145, Cls=0.2145, Reg=0.0000, Con=0.0000
2025-09-14 00:16:44,766 - INFO - Batch 850/2278: Loss=0.0000, Cls=0.0000, Reg=0.0000, Con=0.0000
2025-09-14 00:16:45,666 - INFO - Batch 860/2278: Loss=1.1883, Cls=0.0000, Reg=0.0000, Con=3.9611
2025-09-14 00:16:46,687 - INFO - Batch 870/2278: Loss=5.3662, Cls=4.1779, Reg=0.0000, Con=3.9609
2025-09-14 00:16:47,589 - INFO - Batch 880/2278: Loss=0.0000, Cls=0.0000, Reg=0.0000, Con=0.0000
2025-09-14 00:16:48,482 - INFO - Batch 890/2278: Loss=1.1883, Cls=0.0000, Reg=0.0000, Con=3.9609
2025-09-14 00:16:49,374 - INFO - Batch 900/2278: Loss=0.0000, Cls=0.0000, Reg=0.0000, Con=0.0000
2025-09-14 00:16:50,253 - INFO - Batch 910/2278: Loss=0.0000, Cls=0.0000, Reg=0.0000, Con=0.0000
2025-09-14 00:16:51,189 - INFO - Batch 920/2278: Loss=0.0000, Cls=0.0000, Reg=0.0000, Con=0.0000
2025-09-14 00:16:52,118 - INFO - Batch 930/2278: Loss=0.0000, Cls=0.0000, Reg=0.0000, Con=0.0000
2025-09-14 00:16:53,000 - INFO - Batch 940/2278: Loss=1.6249, Cls=0.4365, Reg=0.0000, Con=3.9613
2025-09-14 00:16:53,925 - INFO - Batch 950/2278: Loss=0.0000, Cls=0.0000, Reg=0.0000, Con=0.0000
2025-09-14 00:16:54,795 - INFO - Batch 960/2278: Loss=0.0000, Cls=0.0000, Reg=0.0000, Con=0.0000
2025-09-14 00:16:55,679 - INFO - Batch 970/2278: Loss=1.1882, Cls=0.0000, Reg=0.0000, Con=3.9608
2025-09-14 00:16:56,664 - INFO - Batch 980/2278: Loss=1.1883, Cls=0.0000, Reg=0.0000, Con=3.9609
2025-09-14 00:16:57,552 - INFO - Batch 990/2278: Loss=1.2350, Cls=0.0467, Reg=0.0000, Con=3.9609
2025-09-14 00:16:58,413 - INFO - Batch 1000/2278: Loss=1.1883, Cls=0.0000, Reg=0.0000, Con=3.9610
2025-09-14 00:16:59,330 - INFO - Batch 1010/2278: Loss=1.1882, Cls=0.0000, Reg=0.0000, Con=3.9608
2025-09-14 00:17:00,192 - INFO - Batch 1020/2278: Loss=1.6495, Cls=0.4613, Reg=0.0000, Con=3.9608
2025-09-14 00:17:01,079 - INFO - Batch 1030/2278: Loss=0.0000, Cls=0.0000, Reg=0.0000, Con=0.0000
2025-09-14 00:17:01,970 - INFO - Batch 1040/2278: Loss=1.1884, Cls=0.0000, Reg=0.0000, Con=3.9613
2025-09-14 00:17:02,874 - INFO - Batch 1050/2278: Loss=0.0000, Cls=0.0000, Reg=0.0000, Con=0.0000
2025-09-14 00:17:03,762 - INFO - Batch 1060/2278: Loss=6.1344, Cls=4.9461, Reg=0.0000, Con=3.9611
2025-09-14 00:17:04,673 - INFO - Batch 1070/2278: Loss=1.1883, Cls=0.0000, Reg=0.0000, Con=3.9609
2025-09-14 00:17:05,551 - INFO - Batch 1080/2278: Loss=0.0000, Cls=0.0000, Reg=0.0000, Con=0.0000
2025-09-14 00:17:06,460 - INFO - Batch 1090/2278: Loss=1.1883, Cls=0.0000, Reg=0.0000, Con=3.9611
2025-09-14 00:17:07,340 - INFO - Batch 1100/2278: Loss=1.1883, Cls=0.0000, Reg=0.0000, Con=3.9611
2025-09-14 00:17:08,211 - INFO - Batch 1110/2278: Loss=0.0046, Cls=0.0046, Reg=0.0000, Con=0.0000
2025-09-14 00:17:09,111 - INFO - Batch 1120/2278: Loss=0.0000, Cls=0.0000, Reg=0.0000, Con=0.0000
2025-09-14 00:17:09,991 - INFO - Batch 1130/2278: Loss=0.0000, Cls=0.0000, Reg=0.0000, Con=0.0000
2025-09-14 00:17:10,887 - INFO - Batch 1140/2278: Loss=1.2470, Cls=0.0588, Reg=0.0000, Con=3.9609
2025-09-14 00:17:11,770 - INFO - Batch 1150/2278: Loss=0.0000, Cls=0.0000, Reg=0.0000, Con=0.0000
2025-09-14 00:17:12,805 - INFO - Batch 1160/2278: Loss=0.0000, Cls=0.0000, Reg=0.0000, Con=0.0000
2025-09-14 00:17:13,731 - INFO - Batch 1170/2278: Loss=1.1956, Cls=0.0074, Reg=0.0000, Con=3.9608
2025-09-14 00:17:14,635 - INFO - Batch 1180/2278: Loss=1.1903, Cls=0.0020, Reg=0.0000, Con=3.9613
2025-09-14 00:17:15,533 - INFO - Batch 1190/2278: Loss=1.1883, Cls=0.0000, Reg=0.0000, Con=3.9609
2025-09-14 00:17:16,410 - INFO - Batch 1200/2278: Loss=1.2108, Cls=0.0224, Reg=0.0000, Con=3.9611
2025-09-14 00:17:17,306 - INFO - Batch 1210/2278: Loss=1.1907, Cls=0.0023, Reg=0.0000, Con=3.9611
2025-09-14 00:17:18,231 - INFO - Batch 1220/2278: Loss=1.1883, Cls=0.0000, Reg=0.0000, Con=3.9609
2025-09-14 00:17:19,136 - INFO - Batch 1230/2278: Loss=0.0000, Cls=0.0000, Reg=0.0000, Con=0.0000
2025-09-14 00:17:20,022 - INFO - Batch 1240/2278: Loss=1.1882, Cls=0.0000, Reg=0.0000, Con=3.9608
2025-09-14 00:17:20,929 - INFO - Batch 1250/2278: Loss=1.1883, Cls=0.0000, Reg=0.0000, Con=3.9609
2025-09-14 00:17:21,841 - INFO - Batch 1260/2278: Loss=0.0000, Cls=0.0000, Reg=0.0000, Con=0.0000
2025-09-14 00:17:22,783 - INFO - Batch 1270/2278: Loss=1.1883, Cls=0.0000, Reg=0.0000, Con=3.9610
2025-09-14 00:17:23,704 - INFO - Batch 1280/2278: Loss=1.7950, Cls=0.6068, Reg=0.0000, Con=3.9607
2025-09-14 00:17:24,645 - INFO - Batch 1290/2278: Loss=0.0000, Cls=0.0000, Reg=0.0000, Con=0.0000
2025-09-14 00:17:25,524 - INFO - Batch 1300/2278: Loss=0.0000, Cls=0.0000, Reg=0.0000, Con=0.0000
2025-09-14 00:17:26,433 - INFO - Batch 1310/2278: Loss=1.1882, Cls=0.0000, Reg=0.0000, Con=3.9608
2025-09-14 00:17:27,435 - INFO - Batch 1320/2278: Loss=1.1883, Cls=0.0000, Reg=0.0000, Con=3.9610
2025-09-14 00:17:28,415 - INFO - Batch 1330/2278: Loss=1.1883, Cls=0.0000, Reg=0.0000, Con=3.9610
2025-09-14 00:17:29,311 - INFO - Batch 1340/2278: Loss=1.1882, Cls=0.0000, Reg=0.0000, Con=3.9608
2025-09-14 00:17:30,210 - INFO - Batch 1350/2278: Loss=1.1882, Cls=0.0000, Reg=0.0000, Con=3.9608
2025-09-14 00:17:31,107 - INFO - Batch 1360/2278: Loss=1.1892, Cls=0.0008, Reg=0.0000, Con=3.9612
2025-09-14 00:17:32,004 - INFO - Batch 1370/2278: Loss=1.1921, Cls=0.0038, Reg=0.0000, Con=3.9610
2025-09-14 00:17:33,008 - INFO - Batch 1380/2278: Loss=1.1882, Cls=0.0000, Reg=0.0000, Con=3.9608
2025-09-14 00:17:33,999 - INFO - Batch 1390/2278: Loss=1.1883, Cls=0.0000, Reg=0.0000, Con=3.9610
2025-09-14 00:17:34,936 - INFO - Batch 1400/2278: Loss=1.1884, Cls=0.0000, Reg=0.0000, Con=3.9615
2025-09-14 00:17:35,828 - INFO - Batch 1410/2278: Loss=0.0000, Cls=0.0000, Reg=0.0000, Con=0.0000
2025-09-14 00:17:36,715 - INFO - Batch 1420/2278: Loss=1.1883, Cls=0.0000, Reg=0.0000, Con=3.9610
2025-09-14 00:17:37,603 - INFO - Batch 1430/2278: Loss=0.0000, Cls=0.0000, Reg=0.0000, Con=0.0000
2025-09-14 00:17:38,513 - INFO - Batch 1440/2278: Loss=1.1882, Cls=0.0000, Reg=0.0000, Con=3.9606
2025-09-14 00:17:39,424 - INFO - Batch 1450/2278: Loss=0.0000, Cls=0.0000, Reg=0.0000, Con=0.0000
2025-09-14 00:17:40,291 - INFO - Batch 1460/2278: Loss=0.0000, Cls=0.0000, Reg=0.0000, Con=0.0000
2025-09-14 00:17:41,199 - INFO - Batch 1470/2278: Loss=1.1882, Cls=0.0000, Reg=0.0000, Con=3.9607
2025-09-14 00:17:42,074 - INFO - Batch 1480/2278: Loss=1.1882, Cls=0.0000, Reg=0.0000, Con=3.9608
2025-09-14 00:17:43,021 - INFO - Batch 1490/2278: Loss=0.0000, Cls=0.0000, Reg=0.0000, Con=0.0000
2025-09-14 00:17:43,918 - INFO - Batch 1500/2278: Loss=1.1883, Cls=0.0000, Reg=0.0000, Con=3.9610
2025-09-14 00:17:44,824 - INFO - Batch 1510/2278: Loss=1.1884, Cls=0.0001, Reg=0.0000, Con=3.9609
2025-09-14 00:17:45,716 - INFO - Batch 1520/2278: Loss=0.0000, Cls=0.0000, Reg=0.0000, Con=0.0000
2025-09-14 00:17:46,629 - INFO - Batch 1530/2278: Loss=1.1882, Cls=0.0000, Reg=0.0000, Con=3.9608
2025-09-14 00:17:47,612 - INFO - Batch 1540/2278: Loss=1.3739, Cls=0.1856, Reg=0.0000, Con=3.9610
2025-09-14 00:17:48,565 - INFO - Batch 1550/2278: Loss=1.1883, Cls=0.0000, Reg=0.0000, Con=3.9611
2025-09-14 00:17:49,481 - INFO - Batch 1560/2278: Loss=1.1883, Cls=0.0000, Reg=0.0000, Con=3.9608
2025-09-14 00:17:50,475 - INFO - Batch 1570/2278: Loss=0.0000, Cls=0.0000, Reg=0.0000, Con=0.0000
2025-09-14 00:17:51,353 - INFO - Batch 1580/2278: Loss=1.1882, Cls=0.0000, Reg=0.0000, Con=3.9608
2025-09-14 00:17:52,249 - INFO - Batch 1590/2278: Loss=0.0000, Cls=0.0000, Reg=0.0000, Con=0.0000
2025-09-14 00:17:53,142 - INFO - Batch 1600/2278: Loss=1.1882, Cls=0.0000, Reg=0.0000, Con=3.9608
2025-09-14 00:17:54,067 - INFO - Batch 1610/2278: Loss=0.0000, Cls=0.0000, Reg=0.0000, Con=0.0000
2025-09-14 00:17:54,984 - INFO - Batch 1620/2278: Loss=1.1882, Cls=0.0000, Reg=0.0000, Con=3.9608
2025-09-14 00:17:55,874 - INFO - Batch 1630/2278: Loss=2.8863, Cls=1.6980, Reg=0.0000, Con=3.9610
2025-09-14 00:17:56,763 - INFO - Batch 1640/2278: Loss=0.0003, Cls=0.0003, Reg=0.0000, Con=0.0000
2025-09-14 00:17:57,684 - INFO - Batch 1650/2278: Loss=1.2699, Cls=0.0816, Reg=0.0000, Con=3.9609
2025-09-14 00:17:58,579 - INFO - Batch 1660/2278: Loss=1.1885, Cls=0.0002, Reg=0.0000, Con=3.9613
2025-09-14 00:17:59,444 - INFO - Batch 1670/2278: Loss=1.1883, Cls=0.0000, Reg=0.0000, Con=3.9609
2025-09-14 00:18:00,333 - INFO - Batch 1680/2278: Loss=1.1882, Cls=0.0000, Reg=0.0000, Con=3.9607
2025-09-14 00:18:01,282 - INFO - Batch 1690/2278: Loss=1.1887, Cls=0.0004, Reg=0.0000, Con=3.9610
2025-09-14 00:18:02,159 - INFO - Batch 1700/2278: Loss=1.1883, Cls=0.0000, Reg=0.0000, Con=3.9608
2025-09-14 00:18:03,082 - INFO - Batch 1710/2278: Loss=0.1695, Cls=0.1695, Reg=0.0000, Con=0.0000
2025-09-14 00:18:04,004 - INFO - Batch 1720/2278: Loss=0.0121, Cls=0.0121, Reg=0.0000, Con=0.0000
2025-09-14 00:18:04,918 - INFO - Batch 1730/2278: Loss=1.1882, Cls=0.0000, Reg=0.0000, Con=3.9608
2025-09-14 00:18:05,818 - INFO - Batch 1740/2278: Loss=1.1883, Cls=0.0000, Reg=0.0000, Con=3.9609
2025-09-14 00:18:06,805 - INFO - Batch 1750/2278: Loss=0.0042, Cls=0.0042, Reg=0.0000, Con=0.0000
2025-09-14 00:18:07,739 - INFO - Batch 1760/2278: Loss=1.1884, Cls=0.0000, Reg=0.0000, Con=3.9612
2025-09-14 00:18:08,627 - INFO - Batch 1770/2278: Loss=0.0014, Cls=0.0014, Reg=0.0000, Con=0.0000
2025-09-14 00:18:09,513 - INFO - Batch 1780/2278: Loss=0.0000, Cls=0.0000, Reg=0.0000, Con=0.0000
2025-09-14 00:18:10,389 - INFO - Batch 1790/2278: Loss=1.2731, Cls=1.2731, Reg=0.0000, Con=0.0000
2025-09-14 00:18:11,269 - INFO - Batch 1800/2278: Loss=1.1882, Cls=0.0000, Reg=0.0000, Con=3.9607
2025-09-14 00:18:12,137 - INFO - Batch 1810/2278: Loss=0.0000, Cls=0.0000, Reg=0.0000, Con=0.0000
2025-09-14 00:18:13,031 - INFO - Batch 1820/2278: Loss=0.7893, Cls=0.7893, Reg=0.0000, Con=0.0000
2025-09-14 00:18:13,922 - INFO - Batch 1830/2278: Loss=1.1882, Cls=0.0000, Reg=0.0000, Con=3.9608
2025-09-14 00:18:14,822 - INFO - Batch 1840/2278: Loss=0.0000, Cls=0.0000, Reg=0.0000, Con=0.0000
2025-09-14 00:18:15,728 - INFO - Batch 1850/2278: Loss=1.1883, Cls=0.0000, Reg=0.0000, Con=3.9609
2025-09-14 00:18:16,611 - INFO - Batch 1860/2278: Loss=1.1882, Cls=0.0000, Reg=0.0000, Con=3.9607
2025-09-14 00:18:17,530 - INFO - Batch 1870/2278: Loss=0.0000, Cls=0.0000, Reg=0.0000, Con=0.0000
2025-09-14 00:18:18,412 - INFO - Batch 1880/2278: Loss=1.1882, Cls=0.0000, Reg=0.0000, Con=3.9607
2025-09-14 00:18:19,314 - INFO - Batch 1890/2278: Loss=0.0000, Cls=0.0000, Reg=0.0000, Con=0.0000
2025-09-14 00:18:20,339 - INFO - Batch 1900/2278: Loss=0.0000, Cls=0.0000, Reg=0.0000, Con=0.0000
2025-09-14 00:18:21,345 - INFO - Batch 1910/2278: Loss=1.1883, Cls=0.0000, Reg=0.0000, Con=3.9610
2025-09-14 00:18:22,217 - INFO - Batch 1920/2278: Loss=1.3518, Cls=1.3518, Reg=0.0000, Con=0.0000
2025-09-14 00:18:23,119 - INFO - Batch 1930/2278: Loss=1.3125, Cls=0.1242, Reg=0.0000, Con=3.9611
2025-09-14 00:18:24,050 - INFO - Batch 1940/2278: Loss=1.1882, Cls=0.0000, Reg=0.0000, Con=3.9607
2025-09-14 00:18:24,995 - INFO - Batch 1950/2278: Loss=1.1889, Cls=0.0006, Reg=0.0000, Con=3.9609
2025-09-14 00:18:25,881 - INFO - Batch 1960/2278: Loss=1.1883, Cls=0.0000, Reg=0.0000, Con=3.9610
2025-09-14 00:18:26,829 - INFO - Batch 1970/2278: Loss=0.0000, Cls=0.0000, Reg=0.0000, Con=0.0000
2025-09-14 00:18:27,740 - INFO - Batch 1980/2278: Loss=1.1883, Cls=0.0000, Reg=0.0000, Con=3.9610
2025-09-14 00:18:28,618 - INFO - Batch 1990/2278: Loss=1.1882, Cls=0.0000, Reg=0.0000, Con=3.9608
2025-09-14 00:18:29,523 - INFO - Batch 2000/2278: Loss=1.3166, Cls=0.1283, Reg=0.0000, Con=3.9610
2025-09-14 00:18:30,417 - INFO - Batch 2010/2278: Loss=1.3302, Cls=0.1420, Reg=0.0000, Con=3.9608
2025-09-14 00:18:31,297 - INFO - Batch 2020/2278: Loss=1.1882, Cls=0.0000, Reg=0.0000, Con=3.9608
2025-09-14 00:18:32,207 - INFO - Batch 2030/2278: Loss=1.1882, Cls=0.0000, Reg=0.0000, Con=3.9608
2025-09-14 00:18:33,074 - INFO - Batch 2040/2278: Loss=1.1883, Cls=0.0000, Reg=0.0000, Con=3.9610
2025-09-14 00:18:33,966 - INFO - Batch 2050/2278: Loss=0.0000, Cls=0.0000, Reg=0.0000, Con=0.0000
2025-09-14 00:18:34,827 - INFO - Batch 2060/2278: Loss=1.1883, Cls=0.0000, Reg=0.0000, Con=3.9609
2025-09-14 00:18:35,712 - INFO - Batch 2070/2278: Loss=0.0000, Cls=0.0000, Reg=0.0000, Con=0.0000
2025-09-14 00:18:36,653 - INFO - Batch 2080/2278: Loss=1.1884, Cls=0.0000, Reg=0.0000, Con=3.9613
2025-09-14 00:18:37,553 - INFO - Batch 2090/2278: Loss=1.2024, Cls=0.0142, Reg=0.0000, Con=3.9607
2025-09-14 00:18:38,475 - INFO - Batch 2100/2278: Loss=1.2112, Cls=0.0226, Reg=0.0000, Con=3.9619
2025-09-14 00:18:39,353 - INFO - Batch 2110/2278: Loss=1.1883, Cls=0.0000, Reg=0.0000, Con=3.9609
2025-09-14 00:18:40,252 - INFO - Batch 2120/2278: Loss=0.0460, Cls=0.0460, Reg=0.0000, Con=0.0000
2025-09-14 00:18:41,137 - INFO - Batch 2130/2278: Loss=0.0000, Cls=0.0000, Reg=0.0000, Con=0.0000
2025-09-14 00:18:42,062 - INFO - Batch 2140/2278: Loss=0.0344, Cls=0.0344, Reg=0.0000, Con=0.0000
2025-09-14 00:18:42,950 - INFO - Batch 2150/2278: Loss=1.1882, Cls=0.0000, Reg=0.0000, Con=3.9608
2025-09-14 00:18:43,826 - INFO - Batch 2160/2278: Loss=1.1883, Cls=0.0000, Reg=0.0000, Con=3.9609
2025-09-14 00:18:44,760 - INFO - Batch 2170/2278: Loss=1.1980, Cls=0.0098, Reg=0.0000, Con=3.9608
2025-09-14 00:18:45,684 - INFO - Batch 2180/2278: Loss=0.0000, Cls=0.0000, Reg=0.0000, Con=0.0000
2025-09-14 00:18:46,565 - INFO - Batch 2190/2278: Loss=1.1883, Cls=0.0000, Reg=0.0000, Con=3.9609
2025-09-14 00:18:47,477 - INFO - Batch 2200/2278: Loss=1.1882, Cls=0.0000, Reg=0.0000, Con=3.9608
2025-09-14 00:18:48,400 - INFO - Batch 2210/2278: Loss=0.0560, Cls=0.0560, Reg=0.0000, Con=0.0000
2025-09-14 00:18:49,306 - INFO - Batch 2220/2278: Loss=0.0000, Cls=0.0000, Reg=0.0000, Con=0.0000
2025-09-14 00:18:50,196 - INFO - Batch 2230/2278: Loss=1.2009, Cls=0.0126, Reg=0.0000, Con=3.9609
2025-09-14 00:18:51,147 - INFO - Batch 2240/2278: Loss=1.1885, Cls=0.0000, Reg=0.0000, Con=3.9617
2025-09-14 00:18:52,037 - INFO - Batch 2250/2278: Loss=1.1883, Cls=0.0000, Reg=0.0000, Con=3.9608
2025-09-14 00:18:52,921 - INFO - Batch 2260/2278: Loss=0.0355, Cls=0.0355, Reg=0.0000, Con=0.0000
2025-09-14 00:18:53,811 - INFO - Batch 2270/2278: Loss=0.0000, Cls=0.0000, Reg=0.0000, Con=0.0000
2025-09-14 00:22:22,077 - INFO - === Epoch 3 Results ===
2025-09-14 00:22:22,077 - INFO - Training Loss: 1.0081 (Classification: 0.2330, Regression: 0.0000)
2025-09-14 00:22:22,077 - INFO - Validation Loss: 0.0511 (Classification: 0.0511, Regression: 0.0000)
2025-09-14 00:22:22,077 - INFO - Average Classification Accuracy: 0.5729 (on 1/26 tasks)
2025-09-14 00:22:22,077 - INFO - Average AUC: 0.6746
2025-09-14 00:22:22,077 - INFO - Training finished!
2025-09-14 00:22:22,077 - INFO - Performing final evaluation...
2025-09-14 00:22:22,308 - INFO - Loaded best model from: experiments/r1c3_headft_cls_0_seed_42_20250914_000135/checkpoints/r1c3_headft_cls_0_seed_42_best.pth
2025-09-14 00:25:50,962 - INFO - Final Validation Results:
2025-09-14 00:25:50,962 - INFO -   Total Loss: 0.0492
2025-09-14 00:25:50,962 - INFO -   Classification Loss: 0.0492
2025-09-14 00:25:50,962 - INFO -   Regression Loss: 0.0000
2025-09-14 00:25:50,962 - INFO -   Average Classification Accuracy: 0.5833
2025-09-14 00:25:50,962 - INFO -   Average AUC: 0.6765
2025-09-14 00:25:50,963 - INFO - Results saved to: experiments/r1c3_headft_cls_0_seed_42_20250914_000135/checkpoints/r1c3_headft_cls_0_seed_42_results.json
