2025-09-14 11:19:14,345 - INFO - 🔬 Starting experiment: r1c3_headft_reg_4_seed_42
2025-09-14 11:19:14,345 - INFO - 📁 Experiment directory: experiments/r1c3_headft_reg_4_seed_42_20250914_111914
2025-09-14 11:19:14,345 - INFO - 🎲 Random seed: 42
2025-09-14 11:19:14,345 - INFO - 🔒 Deterministic mode: True
2025-09-14 11:19:14,345 - INFO - Using device: cuda
2025-09-14 11:19:14,345 - INFO - Total GPU Memory: 25.16 GB
2025-09-14 11:19:14,363 - INFO - 🧪 Fusion: Using cross-attention dynamic fusion
2025-09-14 11:19:14,363 - INFO - 🧪 GNN Backbone: Using default GraphAttentionNetwork branch
2025-09-14 11:19:14,363 - INFO - 🎯 Task Mode: Single regression endpoint 4
2025-09-14 11:19:14,363 - INFO - Configuration saved to: experiments/r1c3_headft_reg_4_seed_42_20250914_111914/checkpoints/config.json
2025-09-14 11:19:14,363 - INFO - 🚀 Using preprocessed data from: /mnt/backup2/ai4s/backupunimolpy/responds-work/ToxD4C/data/data/processed
2025-09-14 11:19:14,363 - INFO - Loading LMDB dataset from: /mnt/backup2/ai4s/backupunimolpy/responds-work/ToxD4C/data/data/processed
2025-09-14 11:19:14,760 - INFO - Number of training batches: 2278
2025-09-14 11:19:14,760 - INFO - Number of validation batches: 2278
2025-09-14 11:19:14,760 - INFO - Number of test batches: 2278
2025-09-14 11:19:14,760 - INFO - Creating ToxD4C model...
2025-09-14 11:19:15,706 - INFO - Model created successfully. Total parameters: 100,932,036
2025-09-14 11:19:15,706 - INFO - Testing model forward pass...
2025-09-14 11:19:16,125 - INFO - Test output shapes:
2025-09-14 11:19:16,126 - INFO -   classification: torch.Size([16, 0])
2025-09-14 11:19:16,126 - INFO -   classification contains NaN: False
2025-09-14 11:19:16,126 - INFO -   classification contains Inf: False
2025-09-14 11:19:16,126 - INFO -   regression: torch.Size([16, 1])
2025-09-14 11:19:16,128 - INFO -   regression contains NaN: False
2025-09-14 11:19:16,128 - INFO -   regression contains Inf: False
2025-09-14 11:19:16,128 - INFO - Model forward pass test successful!
2025-09-14 11:19:16,800 - INFO - 🔁 Loaded checkpoint from: /mnt/backup2/ai4s/backupunimolpy/responds-work/ToxD4C/experiments/r1c3_multi_full_seed_42_20250913_152627/checkpoints/r1c3_multi_full_seed_42_best.pth
2025-09-14 11:19:16,801 - INFO - 🧩 Head-only fine-tuning: unfroze head for task 'IGC50' and froze trunk.
2025-09-14 11:19:16,802 - INFO - Starting training...
2025-09-14 11:19:16,802 - INFO - 
Epoch 1/3
2025-09-14 11:19:16,969 - INFO - Batch 0/2278: Loss=1.6240, Cls=0.0000, Reg=0.4357, Con=3.9608
2025-09-14 11:19:17,820 - INFO - Batch 10/2278: Loss=1.1882, Cls=0.0000, Reg=0.0000, Con=3.9608
2025-09-14 11:19:18,654 - INFO - Batch 20/2278: Loss=1.1883, Cls=0.0000, Reg=0.0000, Con=3.9608
2025-09-14 11:19:19,499 - INFO - Batch 30/2278: Loss=1.1883, Cls=0.0000, Reg=0.0000, Con=3.9610
2025-09-14 11:19:20,350 - INFO - Batch 40/2278: Loss=0.1919, Cls=0.0000, Reg=0.1919, Con=0.0000
2025-09-14 11:19:21,207 - INFO - Batch 50/2278: Loss=1.1882, Cls=0.0000, Reg=0.0000, Con=3.9608
2025-09-14 11:19:22,069 - INFO - Batch 60/2278: Loss=1.1924, Cls=0.0000, Reg=0.0040, Con=3.9612
2025-09-14 11:19:22,932 - INFO - Batch 70/2278: Loss=1.2835, Cls=0.0000, Reg=0.0953, Con=3.9609
2025-09-14 11:19:23,754 - INFO - Batch 80/2278: Loss=0.2615, Cls=0.0000, Reg=0.2615, Con=0.0000
2025-09-14 11:19:24,627 - INFO - Batch 90/2278: Loss=1.1883, Cls=0.0000, Reg=0.0000, Con=3.9608
2025-09-14 11:19:25,467 - INFO - Batch 100/2278: Loss=1.1882, Cls=0.0000, Reg=0.0000, Con=3.9608
2025-09-14 11:19:26,344 - INFO - Batch 110/2278: Loss=1.1883, Cls=0.0000, Reg=0.0000, Con=3.9609
2025-09-14 11:19:27,205 - INFO - Batch 120/2278: Loss=0.0102, Cls=0.0000, Reg=0.0102, Con=0.0000
2025-09-14 11:19:28,057 - INFO - Batch 130/2278: Loss=0.0000, Cls=0.0000, Reg=0.0000, Con=0.0000
2025-09-14 11:19:28,899 - INFO - Batch 140/2278: Loss=1.1883, Cls=0.0000, Reg=0.0000, Con=3.9610
2025-09-14 11:19:29,768 - INFO - Batch 150/2278: Loss=0.0000, Cls=0.0000, Reg=0.0000, Con=0.0000
2025-09-14 11:19:30,630 - INFO - Batch 160/2278: Loss=1.1882, Cls=0.0000, Reg=0.0000, Con=3.9608
2025-09-14 11:19:31,484 - INFO - Batch 170/2278: Loss=1.1882, Cls=0.0000, Reg=0.0000, Con=3.9606
2025-09-14 11:19:32,360 - INFO - Batch 180/2278: Loss=1.1882, Cls=0.0000, Reg=0.0000, Con=3.9607
2025-09-14 11:19:33,215 - INFO - Batch 190/2278: Loss=0.0000, Cls=0.0000, Reg=0.0000, Con=0.0000
2025-09-14 11:19:34,055 - INFO - Batch 200/2278: Loss=1.1891, Cls=0.0000, Reg=0.0008, Con=3.9609
2025-09-14 11:19:34,930 - INFO - Batch 210/2278: Loss=1.1883, Cls=0.0000, Reg=0.0000, Con=3.9609
2025-09-14 11:19:35,789 - INFO - Batch 220/2278: Loss=1.1885, Cls=0.0000, Reg=0.0000, Con=3.9615
2025-09-14 11:19:36,658 - INFO - Batch 230/2278: Loss=1.3878, Cls=0.0000, Reg=0.1995, Con=3.9610
2025-09-14 11:19:37,491 - INFO - Batch 240/2278: Loss=1.1883, Cls=0.0000, Reg=0.0000, Con=3.9609
2025-09-14 11:19:38,348 - INFO - Batch 250/2278: Loss=1.1882, Cls=0.0000, Reg=0.0000, Con=3.9608
2025-09-14 11:19:39,203 - INFO - Batch 260/2278: Loss=2.0482, Cls=0.0000, Reg=0.8599, Con=3.9610
2025-09-14 11:19:40,067 - INFO - Batch 270/2278: Loss=1.1882, Cls=0.0000, Reg=0.0000, Con=3.9608
2025-09-14 11:19:40,910 - INFO - Batch 280/2278: Loss=1.1945, Cls=0.0000, Reg=0.0062, Con=3.9607
2025-09-14 11:19:41,740 - INFO - Batch 290/2278: Loss=1.1882, Cls=0.0000, Reg=0.0000, Con=3.9608
2025-09-14 11:19:42,581 - INFO - Batch 300/2278: Loss=0.0000, Cls=0.0000, Reg=0.0000, Con=0.0000
2025-09-14 11:19:43,440 - INFO - Batch 310/2278: Loss=1.4954, Cls=0.0000, Reg=0.3071, Con=3.9609
2025-09-14 11:19:44,264 - INFO - Batch 320/2278: Loss=1.1882, Cls=0.0000, Reg=0.0000, Con=3.9608
2025-09-14 11:19:45,143 - INFO - Batch 330/2278: Loss=0.0306, Cls=0.0000, Reg=0.0306, Con=0.0000
2025-09-14 11:19:45,990 - INFO - Batch 340/2278: Loss=1.2322, Cls=0.0000, Reg=0.0439, Con=3.9609
2025-09-14 11:19:46,867 - INFO - Batch 350/2278: Loss=1.5404, Cls=0.0000, Reg=0.3521, Con=3.9610
2025-09-14 11:19:47,705 - INFO - Batch 360/2278: Loss=0.0000, Cls=0.0000, Reg=0.0000, Con=0.0000
2025-09-14 11:19:48,570 - INFO - Batch 370/2278: Loss=1.1883, Cls=0.0000, Reg=0.0000, Con=3.9609
2025-09-14 11:19:49,423 - INFO - Batch 380/2278: Loss=1.1884, Cls=0.0000, Reg=0.0000, Con=3.9614
2025-09-14 11:19:50,295 - INFO - Batch 390/2278: Loss=0.0000, Cls=0.0000, Reg=0.0000, Con=0.0000
2025-09-14 11:19:51,154 - INFO - Batch 400/2278: Loss=0.0000, Cls=0.0000, Reg=0.0000, Con=0.0000
2025-09-14 11:19:52,000 - INFO - Batch 410/2278: Loss=1.1882, Cls=0.0000, Reg=0.0000, Con=3.9608
2025-09-14 11:19:52,855 - INFO - Batch 420/2278: Loss=1.2044, Cls=0.0000, Reg=0.0161, Con=3.9608
2025-09-14 11:19:53,717 - INFO - Batch 430/2278: Loss=1.1883, Cls=0.0000, Reg=0.0000, Con=3.9610
2025-09-14 11:19:54,570 - INFO - Batch 440/2278: Loss=1.1883, Cls=0.0000, Reg=0.0000, Con=3.9610
2025-09-14 11:19:55,413 - INFO - Batch 450/2278: Loss=1.2473, Cls=0.0000, Reg=0.0591, Con=3.9607
2025-09-14 11:19:56,250 - INFO - Batch 460/2278: Loss=0.6340, Cls=0.0000, Reg=0.6340, Con=0.0000
2025-09-14 11:19:57,122 - INFO - Batch 470/2278: Loss=1.1882, Cls=0.0000, Reg=0.0000, Con=3.9607
2025-09-14 11:19:57,981 - INFO - Batch 480/2278: Loss=1.1882, Cls=0.0000, Reg=0.0000, Con=3.9607
2025-09-14 11:19:58,832 - INFO - Batch 490/2278: Loss=1.1882, Cls=0.0000, Reg=0.0000, Con=3.9608
2025-09-14 11:19:59,684 - INFO - Batch 500/2278: Loss=1.4528, Cls=0.0000, Reg=0.2646, Con=3.9608
2025-09-14 11:20:00,539 - INFO - Batch 510/2278: Loss=0.0000, Cls=0.0000, Reg=0.0000, Con=0.0000
2025-09-14 11:20:01,382 - INFO - Batch 520/2278: Loss=1.1883, Cls=0.0000, Reg=0.0000, Con=3.9609
2025-09-14 11:20:02,222 - INFO - Batch 530/2278: Loss=0.0000, Cls=0.0000, Reg=0.0000, Con=0.0000
2025-09-14 11:20:03,095 - INFO - Batch 540/2278: Loss=1.1882, Cls=0.0000, Reg=0.0000, Con=3.9608
2025-09-14 11:20:03,945 - INFO - Batch 550/2278: Loss=1.6527, Cls=0.0000, Reg=0.4645, Con=3.9607
2025-09-14 11:20:04,776 - INFO - Batch 560/2278: Loss=1.1882, Cls=0.0000, Reg=0.0000, Con=3.9608
2025-09-14 11:20:05,652 - INFO - Batch 570/2278: Loss=0.0000, Cls=0.0000, Reg=0.0000, Con=0.0000
2025-09-14 11:20:06,506 - INFO - Batch 580/2278: Loss=1.1889, Cls=0.0000, Reg=0.0006, Con=3.9609
2025-09-14 11:20:07,348 - INFO - Batch 590/2278: Loss=1.1882, Cls=0.0000, Reg=0.0000, Con=3.9608
2025-09-14 11:20:08,207 - INFO - Batch 600/2278: Loss=1.1883, Cls=0.0000, Reg=0.0000, Con=3.9610
2025-09-14 11:20:09,059 - INFO - Batch 610/2278: Loss=1.2561, Cls=0.0000, Reg=0.0678, Con=3.9612
2025-09-14 11:20:09,911 - INFO - Batch 620/2278: Loss=0.0000, Cls=0.0000, Reg=0.0000, Con=0.0000
2025-09-14 11:20:10,782 - INFO - Batch 630/2278: Loss=1.2019, Cls=0.0000, Reg=0.0136, Con=3.9609
2025-09-14 11:20:11,663 - INFO - Batch 640/2278: Loss=0.0000, Cls=0.0000, Reg=0.0000, Con=0.0000
2025-09-14 11:20:12,521 - INFO - Batch 650/2278: Loss=1.1883, Cls=0.0000, Reg=0.0000, Con=3.9611
2025-09-14 11:20:13,362 - INFO - Batch 660/2278: Loss=1.2229, Cls=0.0000, Reg=0.0347, Con=3.9609
2025-09-14 11:20:14,218 - INFO - Batch 670/2278: Loss=1.1883, Cls=0.0000, Reg=0.0000, Con=3.9608
2025-09-14 11:20:15,081 - INFO - Batch 680/2278: Loss=0.0002, Cls=0.0000, Reg=0.0002, Con=0.0000
2025-09-14 11:20:15,934 - INFO - Batch 690/2278: Loss=0.0000, Cls=0.0000, Reg=0.0000, Con=0.0000
2025-09-14 11:20:16,799 - INFO - Batch 700/2278: Loss=1.1883, Cls=0.0000, Reg=0.0000, Con=3.9610
2025-09-14 11:20:17,667 - INFO - Batch 710/2278: Loss=1.1923, Cls=0.0000, Reg=0.0040, Con=3.9611
2025-09-14 11:20:18,504 - INFO - Batch 720/2278: Loss=1.1883, Cls=0.0000, Reg=0.0000, Con=3.9608
2025-09-14 11:20:19,359 - INFO - Batch 730/2278: Loss=1.1882, Cls=0.0000, Reg=0.0000, Con=3.9607
2025-09-14 11:20:20,220 - INFO - Batch 740/2278: Loss=1.1882, Cls=0.0000, Reg=0.0000, Con=3.9608
2025-09-14 11:20:21,087 - INFO - Batch 750/2278: Loss=0.2802, Cls=0.0000, Reg=0.2802, Con=0.0000
2025-09-14 11:20:21,947 - INFO - Batch 760/2278: Loss=1.3741, Cls=0.0000, Reg=0.1858, Con=3.9611
2025-09-14 11:20:22,807 - INFO - Batch 770/2278: Loss=1.4590, Cls=0.0000, Reg=0.2708, Con=3.9609
2025-09-14 11:20:23,667 - INFO - Batch 780/2278: Loss=1.2624, Cls=0.0000, Reg=0.0742, Con=3.9609
2025-09-14 11:20:24,522 - INFO - Batch 790/2278: Loss=0.0000, Cls=0.0000, Reg=0.0000, Con=0.0000
2025-09-14 11:20:25,373 - INFO - Batch 800/2278: Loss=1.2824, Cls=0.0000, Reg=0.0941, Con=3.9612
2025-09-14 11:20:26,214 - INFO - Batch 810/2278: Loss=1.3986, Cls=0.0000, Reg=0.2102, Con=3.9612
2025-09-14 11:20:27,082 - INFO - Batch 820/2278: Loss=1.1882, Cls=0.0000, Reg=0.0000, Con=3.9608
2025-09-14 11:20:27,961 - INFO - Batch 830/2278: Loss=0.0134, Cls=0.0000, Reg=0.0134, Con=0.0000
2025-09-14 11:20:28,816 - INFO - Batch 840/2278: Loss=0.7823, Cls=0.0000, Reg=0.7823, Con=0.0000
2025-09-14 11:20:29,677 - INFO - Batch 850/2278: Loss=1.1883, Cls=0.0000, Reg=0.0000, Con=3.9609
2025-09-14 11:20:30,508 - INFO - Batch 860/2278: Loss=1.1884, Cls=0.0000, Reg=0.0000, Con=3.9612
2025-09-14 11:20:31,350 - INFO - Batch 870/2278: Loss=1.1892, Cls=0.0000, Reg=0.0009, Con=3.9610
2025-09-14 11:20:32,224 - INFO - Batch 880/2278: Loss=1.6066, Cls=0.0000, Reg=0.4183, Con=3.9608
2025-09-14 11:20:33,051 - INFO - Batch 890/2278: Loss=1.1883, Cls=0.0000, Reg=0.0000, Con=3.9609
2025-09-14 11:20:33,910 - INFO - Batch 900/2278: Loss=0.0000, Cls=0.0000, Reg=0.0000, Con=0.0000
2025-09-14 11:20:34,777 - INFO - Batch 910/2278: Loss=0.0000, Cls=0.0000, Reg=0.0000, Con=0.0000
2025-09-14 11:20:35,618 - INFO - Batch 920/2278: Loss=1.1882, Cls=0.0000, Reg=0.0000, Con=3.9608
2025-09-14 11:20:36,482 - INFO - Batch 930/2278: Loss=1.1883, Cls=0.0000, Reg=0.0000, Con=3.9609
2025-09-14 11:20:37,337 - INFO - Batch 940/2278: Loss=1.1883, Cls=0.0000, Reg=0.0000, Con=3.9608
2025-09-14 11:20:38,199 - INFO - Batch 950/2278: Loss=1.1882, Cls=0.0000, Reg=0.0000, Con=3.9607
2025-09-14 11:20:39,047 - INFO - Batch 960/2278: Loss=0.1018, Cls=0.0000, Reg=0.1018, Con=0.0000
2025-09-14 11:20:39,910 - INFO - Batch 970/2278: Loss=0.0949, Cls=0.0000, Reg=0.0949, Con=0.0000
2025-09-14 11:20:40,764 - INFO - Batch 980/2278: Loss=1.9689, Cls=0.0000, Reg=0.7808, Con=3.9603
2025-09-14 11:20:41,614 - INFO - Batch 990/2278: Loss=1.5194, Cls=0.0000, Reg=0.3311, Con=3.9608
2025-09-14 11:20:42,460 - INFO - Batch 1000/2278: Loss=0.0000, Cls=0.0000, Reg=0.0000, Con=0.0000
2025-09-14 11:20:43,323 - INFO - Batch 1010/2278: Loss=1.1884, Cls=0.0000, Reg=0.0000, Con=3.9612
2025-09-14 11:20:44,183 - INFO - Batch 1020/2278: Loss=1.1882, Cls=0.0000, Reg=0.0000, Con=3.9607
2025-09-14 11:20:45,039 - INFO - Batch 1030/2278: Loss=1.1921, Cls=0.0000, Reg=0.0038, Con=3.9609
2025-09-14 11:20:45,895 - INFO - Batch 1040/2278: Loss=1.5270, Cls=0.0000, Reg=0.3388, Con=3.9608
2025-09-14 11:20:46,726 - INFO - Batch 1050/2278: Loss=0.8821, Cls=0.0000, Reg=0.8821, Con=0.0000
2025-09-14 11:20:47,576 - INFO - Batch 1060/2278: Loss=0.0000, Cls=0.0000, Reg=0.0000, Con=0.0000
2025-09-14 11:20:48,431 - INFO - Batch 1070/2278: Loss=1.1882, Cls=0.0000, Reg=0.0000, Con=3.9607
2025-09-14 11:20:49,273 - INFO - Batch 1080/2278: Loss=1.7391, Cls=0.0000, Reg=0.5508, Con=3.9609
2025-09-14 11:20:50,155 - INFO - Batch 1090/2278: Loss=1.1882, Cls=0.0000, Reg=0.0000, Con=3.9607
2025-09-14 11:20:51,013 - INFO - Batch 1100/2278: Loss=1.1882, Cls=0.0000, Reg=0.0000, Con=3.9608
2025-09-14 11:20:51,892 - INFO - Batch 1110/2278: Loss=1.1883, Cls=0.0000, Reg=0.0000, Con=3.9609
2025-09-14 11:20:52,745 - INFO - Batch 1120/2278: Loss=1.1882, Cls=0.0000, Reg=0.0000, Con=3.9608
2025-09-14 11:20:53,617 - INFO - Batch 1130/2278: Loss=1.1883, Cls=0.0000, Reg=0.0000, Con=3.9609
2025-09-14 11:20:54,467 - INFO - Batch 1140/2278: Loss=1.1890, Cls=0.0000, Reg=0.0007, Con=3.9608
2025-09-14 11:20:55,313 - INFO - Batch 1150/2278: Loss=1.2396, Cls=0.0000, Reg=0.0513, Con=3.9611
2025-09-14 11:20:56,165 - INFO - Batch 1160/2278: Loss=0.0000, Cls=0.0000, Reg=0.0000, Con=0.0000
2025-09-14 11:20:57,014 - INFO - Batch 1170/2278: Loss=0.0000, Cls=0.0000, Reg=0.0000, Con=0.0000
2025-09-14 11:20:57,852 - INFO - Batch 1180/2278: Loss=1.1883, Cls=0.0000, Reg=0.0000, Con=3.9609
2025-09-14 11:20:58,713 - INFO - Batch 1190/2278: Loss=1.1883, Cls=0.0000, Reg=0.0000, Con=3.9609
2025-09-14 11:20:59,571 - INFO - Batch 1200/2278: Loss=1.3194, Cls=0.0000, Reg=0.1311, Con=3.9609
2025-09-14 11:21:00,438 - INFO - Batch 1210/2278: Loss=2.3425, Cls=0.0000, Reg=2.3425, Con=0.0000
2025-09-14 11:21:01,289 - INFO - Batch 1220/2278: Loss=1.1964, Cls=0.0000, Reg=0.0081, Con=3.9610
2025-09-14 11:21:02,142 - INFO - Batch 1230/2278: Loss=1.1883, Cls=0.0000, Reg=0.0000, Con=3.9609
2025-09-14 11:21:03,022 - INFO - Batch 1240/2278: Loss=1.1883, Cls=0.0000, Reg=0.0000, Con=3.9609
2025-09-14 11:21:03,870 - INFO - Batch 1250/2278: Loss=1.1882, Cls=0.0000, Reg=0.0000, Con=3.9608
2025-09-14 11:21:04,722 - INFO - Batch 1260/2278: Loss=1.1882, Cls=0.0000, Reg=0.0000, Con=3.9608
2025-09-14 11:21:05,577 - INFO - Batch 1270/2278: Loss=0.0000, Cls=0.0000, Reg=0.0000, Con=0.0000
2025-09-14 11:21:06,411 - INFO - Batch 1280/2278: Loss=0.0000, Cls=0.0000, Reg=0.0000, Con=0.0000
2025-09-14 11:21:07,265 - INFO - Batch 1290/2278: Loss=1.2901, Cls=0.0000, Reg=0.1018, Con=3.9611
2025-09-14 11:21:08,126 - INFO - Batch 1300/2278: Loss=1.2770, Cls=0.0000, Reg=0.0887, Con=3.9608
2025-09-14 11:21:08,987 - INFO - Batch 1310/2278: Loss=1.1883, Cls=0.0000, Reg=0.0000, Con=3.9608
2025-09-14 11:21:09,842 - INFO - Batch 1320/2278: Loss=1.1883, Cls=0.0000, Reg=0.0000, Con=3.9609
2025-09-14 11:21:10,672 - INFO - Batch 1330/2278: Loss=1.1885, Cls=0.0000, Reg=0.0000, Con=3.9615
2025-09-14 11:21:11,519 - INFO - Batch 1340/2278: Loss=1.1883, Cls=0.0000, Reg=0.0000, Con=3.9610
2025-09-14 11:21:12,373 - INFO - Batch 1350/2278: Loss=1.1883, Cls=0.0000, Reg=0.0000, Con=3.9609
2025-09-14 11:21:13,233 - INFO - Batch 1360/2278: Loss=1.1883, Cls=0.0000, Reg=0.0000, Con=3.9609
2025-09-14 11:21:14,098 - INFO - Batch 1370/2278: Loss=0.0000, Cls=0.0000, Reg=0.0000, Con=0.0000
2025-09-14 11:21:14,956 - INFO - Batch 1380/2278: Loss=1.1883, Cls=0.0000, Reg=0.0000, Con=3.9611
2025-09-14 11:21:15,799 - INFO - Batch 1390/2278: Loss=2.0504, Cls=0.0000, Reg=0.8622, Con=3.9609
2025-09-14 11:21:16,663 - INFO - Batch 1400/2278: Loss=1.5159, Cls=0.0000, Reg=0.3276, Con=3.9610
2025-09-14 11:21:17,544 - INFO - Batch 1410/2278: Loss=0.0001, Cls=0.0000, Reg=0.0001, Con=0.0000
2025-09-14 11:21:18,380 - INFO - Batch 1420/2278: Loss=1.9727, Cls=0.0000, Reg=0.7844, Con=3.9608
2025-09-14 11:21:19,220 - INFO - Batch 1430/2278: Loss=1.1903, Cls=0.0000, Reg=0.0021, Con=3.9608
2025-09-14 11:21:20,044 - INFO - Batch 1440/2278: Loss=1.2053, Cls=0.0000, Reg=0.0170, Con=3.9609
2025-09-14 11:21:20,863 - INFO - Batch 1450/2278: Loss=0.0000, Cls=0.0000, Reg=0.0000, Con=0.0000
2025-09-14 11:21:21,709 - INFO - Batch 1460/2278: Loss=1.9307, Cls=0.0000, Reg=0.7425, Con=3.9607
2025-09-14 11:21:22,562 - INFO - Batch 1470/2278: Loss=0.1344, Cls=0.0000, Reg=0.1344, Con=0.0000
2025-09-14 11:21:23,408 - INFO - Batch 1480/2278: Loss=1.4003, Cls=0.0000, Reg=0.2120, Con=3.9608
2025-09-14 11:21:24,273 - INFO - Batch 1490/2278: Loss=0.0000, Cls=0.0000, Reg=0.0000, Con=0.0000
2025-09-14 11:21:25,127 - INFO - Batch 1500/2278: Loss=1.1883, Cls=0.0000, Reg=0.0000, Con=3.9609
2025-09-14 11:21:25,996 - INFO - Batch 1510/2278: Loss=1.5836, Cls=0.0000, Reg=0.3953, Con=3.9609
2025-09-14 11:21:26,853 - INFO - Batch 1520/2278: Loss=1.1882, Cls=0.0000, Reg=0.0000, Con=3.9608
2025-09-14 11:21:27,694 - INFO - Batch 1530/2278: Loss=1.1883, Cls=0.0000, Reg=0.0000, Con=3.9608
2025-09-14 11:21:28,547 - INFO - Batch 1540/2278: Loss=1.1882, Cls=0.0000, Reg=0.0000, Con=3.9608
2025-09-14 11:21:29,411 - INFO - Batch 1550/2278: Loss=2.0391, Cls=0.0000, Reg=0.8508, Con=3.9609
2025-09-14 11:21:30,274 - INFO - Batch 1560/2278: Loss=2.4323, Cls=0.0000, Reg=1.2441, Con=3.9608
2025-09-14 11:21:31,157 - INFO - Batch 1570/2278: Loss=1.1883, Cls=0.0000, Reg=0.0000, Con=3.9608
2025-09-14 11:21:32,039 - INFO - Batch 1580/2278: Loss=1.1882, Cls=0.0000, Reg=0.0000, Con=3.9608
2025-09-14 11:21:32,899 - INFO - Batch 1590/2278: Loss=1.1883, Cls=0.0000, Reg=0.0000, Con=3.9609
2025-09-14 11:21:33,734 - INFO - Batch 1600/2278: Loss=1.2677, Cls=0.0000, Reg=0.0795, Con=3.9608
2025-09-14 11:21:34,578 - INFO - Batch 1610/2278: Loss=1.6766, Cls=0.0000, Reg=0.4884, Con=3.9608
2025-09-14 11:21:35,423 - INFO - Batch 1620/2278: Loss=1.3798, Cls=0.0000, Reg=0.1916, Con=3.9608
2025-09-14 11:21:36,290 - INFO - Batch 1630/2278: Loss=1.1882, Cls=0.0000, Reg=0.0000, Con=3.9608
2025-09-14 11:21:37,148 - INFO - Batch 1640/2278: Loss=1.1883, Cls=0.0000, Reg=0.0000, Con=3.9609
2025-09-14 11:21:38,000 - INFO - Batch 1650/2278: Loss=1.1882, Cls=0.0000, Reg=0.0000, Con=3.9608
2025-09-14 11:21:38,866 - INFO - Batch 1660/2278: Loss=1.5997, Cls=0.0000, Reg=0.4115, Con=3.9608
2025-09-14 11:21:39,702 - INFO - Batch 1670/2278: Loss=0.0619, Cls=0.0000, Reg=0.0619, Con=0.0000
2025-09-14 11:21:40,533 - INFO - Batch 1680/2278: Loss=1.1910, Cls=0.0000, Reg=0.0028, Con=3.9608
2025-09-14 11:21:41,395 - INFO - Batch 1690/2278: Loss=0.0959, Cls=0.0000, Reg=0.0959, Con=0.0000
2025-09-14 11:21:42,237 - INFO - Batch 1700/2278: Loss=1.4321, Cls=0.0000, Reg=0.2438, Con=3.9609
2025-09-14 11:21:43,092 - INFO - Batch 1710/2278: Loss=1.4983, Cls=0.0000, Reg=0.3100, Con=3.9608
2025-09-14 11:21:43,942 - INFO - Batch 1720/2278: Loss=1.1990, Cls=0.0000, Reg=0.0107, Con=3.9607
2025-09-14 11:21:44,795 - INFO - Batch 1730/2278: Loss=1.2447, Cls=0.0000, Reg=0.0564, Con=3.9610
2025-09-14 11:21:45,653 - INFO - Batch 1740/2278: Loss=1.2806, Cls=0.0000, Reg=0.0923, Con=3.9608
2025-09-14 11:21:46,509 - INFO - Batch 1750/2278: Loss=1.3344, Cls=0.0000, Reg=0.1461, Con=3.9610
2025-09-14 11:21:47,363 - INFO - Batch 1760/2278: Loss=1.1883, Cls=0.0000, Reg=0.0000, Con=3.9609
2025-09-14 11:21:48,233 - INFO - Batch 1770/2278: Loss=1.3136, Cls=0.0000, Reg=0.1253, Con=3.9610
2025-09-14 11:21:49,092 - INFO - Batch 1780/2278: Loss=1.2180, Cls=0.0000, Reg=0.0297, Con=3.9611
2025-09-14 11:21:49,925 - INFO - Batch 1790/2278: Loss=1.2711, Cls=0.0000, Reg=0.0829, Con=3.9608
2025-09-14 11:21:50,787 - INFO - Batch 1800/2278: Loss=0.0000, Cls=0.0000, Reg=0.0000, Con=0.0000
2025-09-14 11:21:51,647 - INFO - Batch 1810/2278: Loss=1.1883, Cls=0.0000, Reg=0.0000, Con=3.9609
2025-09-14 11:21:52,499 - INFO - Batch 1820/2278: Loss=0.0000, Cls=0.0000, Reg=0.0000, Con=0.0000
2025-09-14 11:21:53,343 - INFO - Batch 1830/2278: Loss=1.1883, Cls=0.0000, Reg=0.0000, Con=3.9609
2025-09-14 11:21:54,180 - INFO - Batch 1840/2278: Loss=0.0668, Cls=0.0000, Reg=0.0668, Con=0.0000
2025-09-14 11:21:55,072 - INFO - Batch 1850/2278: Loss=1.1882, Cls=0.0000, Reg=0.0000, Con=3.9608
2025-09-14 11:21:55,930 - INFO - Batch 1860/2278: Loss=1.1883, Cls=0.0000, Reg=0.0000, Con=3.9612
2025-09-14 11:21:56,772 - INFO - Batch 1870/2278: Loss=1.5173, Cls=0.0000, Reg=0.3290, Con=3.9609
2025-09-14 11:21:57,619 - INFO - Batch 1880/2278: Loss=1.5209, Cls=0.0000, Reg=0.3326, Con=3.9609
2025-09-14 11:21:58,494 - INFO - Batch 1890/2278: Loss=0.0000, Cls=0.0000, Reg=0.0000, Con=0.0000
2025-09-14 11:21:59,343 - INFO - Batch 1900/2278: Loss=1.1883, Cls=0.0000, Reg=0.0000, Con=3.9609
2025-09-14 11:22:00,190 - INFO - Batch 1910/2278: Loss=0.0000, Cls=0.0000, Reg=0.0000, Con=0.0000
2025-09-14 11:22:01,069 - INFO - Batch 1920/2278: Loss=1.1882, Cls=0.0000, Reg=0.0000, Con=3.9608
2025-09-14 11:22:01,919 - INFO - Batch 1930/2278: Loss=1.1884, Cls=0.0000, Reg=0.0001, Con=3.9608
2025-09-14 11:22:02,782 - INFO - Batch 1940/2278: Loss=1.1894, Cls=0.0000, Reg=0.0011, Con=3.9608
2025-09-14 11:22:03,619 - INFO - Batch 1950/2278: Loss=0.1424, Cls=0.0000, Reg=0.1424, Con=0.0000
2025-09-14 11:22:04,462 - INFO - Batch 1960/2278: Loss=0.4247, Cls=0.0000, Reg=0.4247, Con=0.0000
2025-09-14 11:22:05,305 - INFO - Batch 1970/2278: Loss=1.1883, Cls=0.0000, Reg=0.0001, Con=3.9607
2025-09-14 11:22:06,175 - INFO - Batch 1980/2278: Loss=1.1882, Cls=0.0000, Reg=0.0000, Con=3.9608
2025-09-14 11:22:07,027 - INFO - Batch 1990/2278: Loss=1.1920, Cls=0.0000, Reg=0.0037, Con=3.9610
2025-09-14 11:22:07,870 - INFO - Batch 2000/2278: Loss=0.0000, Cls=0.0000, Reg=0.0000, Con=0.0000
2025-09-14 11:22:08,726 - INFO - Batch 2010/2278: Loss=1.2116, Cls=0.0000, Reg=0.0233, Con=3.9609
2025-09-14 11:22:09,573 - INFO - Batch 2020/2278: Loss=1.3088, Cls=0.0000, Reg=0.1206, Con=3.9608
2025-09-14 11:22:10,429 - INFO - Batch 2030/2278: Loss=1.1883, Cls=0.0000, Reg=0.0000, Con=3.9610
2025-09-14 11:22:11,292 - INFO - Batch 2040/2278: Loss=1.1883, Cls=0.0000, Reg=0.0000, Con=3.9610
2025-09-14 11:22:12,164 - INFO - Batch 2050/2278: Loss=1.2763, Cls=0.0000, Reg=0.0880, Con=3.9608
2025-09-14 11:22:12,999 - INFO - Batch 2060/2278: Loss=1.1882, Cls=0.0000, Reg=0.0000, Con=3.9608
2025-09-14 11:22:13,834 - INFO - Batch 2070/2278: Loss=0.4522, Cls=0.0000, Reg=0.4522, Con=0.0000
2025-09-14 11:22:14,676 - INFO - Batch 2080/2278: Loss=1.2792, Cls=0.0000, Reg=0.0910, Con=3.9607
2025-09-14 11:22:15,530 - INFO - Batch 2090/2278: Loss=0.8211, Cls=0.0000, Reg=0.8211, Con=0.0000
2025-09-14 11:22:16,381 - INFO - Batch 2100/2278: Loss=0.0000, Cls=0.0000, Reg=0.0000, Con=0.0000
2025-09-14 11:22:17,239 - INFO - Batch 2110/2278: Loss=1.8028, Cls=0.0000, Reg=0.6145, Con=3.9609
2025-09-14 11:22:18,099 - INFO - Batch 2120/2278: Loss=1.1887, Cls=0.0000, Reg=0.0003, Con=3.9613
2025-09-14 11:22:18,971 - INFO - Batch 2130/2278: Loss=1.7744, Cls=0.0000, Reg=0.5862, Con=3.9605
2025-09-14 11:22:19,835 - INFO - Batch 2140/2278: Loss=1.3538, Cls=0.0000, Reg=0.1656, Con=3.9606
2025-09-14 11:22:20,691 - INFO - Batch 2150/2278: Loss=1.3519, Cls=0.0000, Reg=0.1636, Con=3.9609
2025-09-14 11:22:21,536 - INFO - Batch 2160/2278: Loss=1.1883, Cls=0.0000, Reg=0.0000, Con=3.9610
2025-09-14 11:22:22,392 - INFO - Batch 2170/2278: Loss=1.1883, Cls=0.0000, Reg=0.0000, Con=3.9608
2025-09-14 11:22:23,219 - INFO - Batch 2180/2278: Loss=1.6259, Cls=0.0000, Reg=0.4376, Con=3.9607
2025-09-14 11:22:24,087 - INFO - Batch 2190/2278: Loss=1.4746, Cls=0.0000, Reg=0.2863, Con=3.9609
2025-09-14 11:22:24,961 - INFO - Batch 2200/2278: Loss=1.1885, Cls=0.0000, Reg=0.0000, Con=3.9616
2025-09-14 11:22:25,832 - INFO - Batch 2210/2278: Loss=1.3138, Cls=0.0000, Reg=0.1256, Con=3.9608
2025-09-14 11:22:26,664 - INFO - Batch 2220/2278: Loss=0.0000, Cls=0.0000, Reg=0.0000, Con=0.0000
2025-09-14 11:22:27,510 - INFO - Batch 2230/2278: Loss=1.1883, Cls=0.0000, Reg=0.0000, Con=3.9609
2025-09-14 11:22:28,352 - INFO - Batch 2240/2278: Loss=1.1883, Cls=0.0000, Reg=0.0000, Con=3.9609
2025-09-14 11:22:29,184 - INFO - Batch 2250/2278: Loss=0.0000, Cls=0.0000, Reg=0.0000, Con=0.0000
2025-09-14 11:22:30,033 - INFO - Batch 2260/2278: Loss=1.1882, Cls=0.0000, Reg=0.0000, Con=3.9608
2025-09-14 11:22:30,894 - INFO - Batch 2270/2278: Loss=1.1882, Cls=0.0000, Reg=0.0000, Con=3.9608
2025-09-14 11:25:41,957 - INFO - === Epoch 1 Results ===
2025-09-14 11:25:41,957 - INFO - Training Loss: 1.0406 (Classification: 0.0000, Regression: 0.1366)
2025-09-14 11:25:41,957 - INFO - Validation Loss: 0.0169 (Classification: 0.0000, Regression: 0.0169)
2025-09-14 11:25:41,957 - INFO - Average R²: 0.6864 (on 1/5 tasks)
2025-09-14 11:25:41,958 - INFO - Average RMSE: 0.5482
2025-09-14 11:25:42,486 - INFO - Best model saved to: experiments/r1c3_headft_reg_4_seed_42_20250914_111914/checkpoints/r1c3_headft_reg_4_seed_42_best.pth
2025-09-14 11:25:42,487 - INFO - 
Epoch 2/3
2025-09-14 11:25:42,579 - INFO - Batch 0/2278: Loss=0.0000, Cls=0.0000, Reg=0.0000, Con=0.0000
2025-09-14 11:25:43,438 - INFO - Batch 10/2278: Loss=1.1881, Cls=0.0000, Reg=0.0000, Con=3.9604
2025-09-14 11:25:44,301 - INFO - Batch 20/2278: Loss=0.0000, Cls=0.0000, Reg=0.0000, Con=0.0000
2025-09-14 11:25:45,166 - INFO - Batch 30/2278: Loss=1.1882, Cls=0.0000, Reg=0.0000, Con=3.9608
2025-09-14 11:25:46,010 - INFO - Batch 40/2278: Loss=1.1883, Cls=0.0000, Reg=0.0000, Con=3.9609
2025-09-14 11:25:46,915 - INFO - Batch 50/2278: Loss=1.3253, Cls=0.0000, Reg=0.1370, Con=3.9608
2025-09-14 11:25:47,751 - INFO - Batch 60/2278: Loss=1.1883, Cls=0.0000, Reg=0.0000, Con=3.9609
2025-09-14 11:25:48,602 - INFO - Batch 70/2278: Loss=1.1883, Cls=0.0000, Reg=0.0000, Con=3.9609
2025-09-14 11:25:49,464 - INFO - Batch 80/2278: Loss=1.1884, Cls=0.0000, Reg=0.0000, Con=3.9612
2025-09-14 11:25:50,338 - INFO - Batch 90/2278: Loss=0.0058, Cls=0.0000, Reg=0.0058, Con=0.0000
2025-09-14 11:25:51,215 - INFO - Batch 100/2278: Loss=1.1883, Cls=0.0000, Reg=0.0000, Con=3.9608
2025-09-14 11:25:52,094 - INFO - Batch 110/2278: Loss=1.5255, Cls=0.0000, Reg=0.3372, Con=3.9609
2025-09-14 11:25:52,963 - INFO - Batch 120/2278: Loss=1.1882, Cls=0.0000, Reg=0.0000, Con=3.9607
2025-09-14 11:25:53,829 - INFO - Batch 130/2278: Loss=1.1882, Cls=0.0000, Reg=0.0000, Con=3.9608
2025-09-14 11:25:54,687 - INFO - Batch 140/2278: Loss=0.0000, Cls=0.0000, Reg=0.0000, Con=0.0000
2025-09-14 11:25:55,552 - INFO - Batch 150/2278: Loss=1.1882, Cls=0.0000, Reg=0.0000, Con=3.9608
2025-09-14 11:25:56,428 - INFO - Batch 160/2278: Loss=1.3039, Cls=0.0000, Reg=0.1157, Con=3.9607
2025-09-14 11:25:57,288 - INFO - Batch 170/2278: Loss=1.1883, Cls=0.0000, Reg=0.0000, Con=3.9609
2025-09-14 11:25:58,158 - INFO - Batch 180/2278: Loss=0.0000, Cls=0.0000, Reg=0.0000, Con=0.0000
2025-09-14 11:25:59,024 - INFO - Batch 190/2278: Loss=0.0219, Cls=0.0000, Reg=0.0219, Con=0.0000
2025-09-14 11:25:59,895 - INFO - Batch 200/2278: Loss=0.0000, Cls=0.0000, Reg=0.0000, Con=0.0000
2025-09-14 11:26:00,746 - INFO - Batch 210/2278: Loss=1.1882, Cls=0.0000, Reg=0.0000, Con=3.9607
2025-09-14 11:26:01,611 - INFO - Batch 220/2278: Loss=0.8177, Cls=0.0000, Reg=0.8177, Con=0.0000
2025-09-14 11:26:02,480 - INFO - Batch 230/2278: Loss=0.0003, Cls=0.0000, Reg=0.0003, Con=0.0000
2025-09-14 11:26:03,357 - INFO - Batch 240/2278: Loss=1.3274, Cls=0.0000, Reg=0.1392, Con=3.9608
2025-09-14 11:26:04,231 - INFO - Batch 250/2278: Loss=1.3716, Cls=0.0000, Reg=0.1833, Con=3.9608
2025-09-14 11:26:05,087 - INFO - Batch 260/2278: Loss=1.1882, Cls=0.0000, Reg=0.0000, Con=3.9608
2025-09-14 11:26:05,954 - INFO - Batch 270/2278: Loss=1.9439, Cls=0.0000, Reg=0.7557, Con=3.9608
2025-09-14 11:26:06,828 - INFO - Batch 280/2278: Loss=0.0000, Cls=0.0000, Reg=0.0000, Con=0.0000
2025-09-14 11:26:07,687 - INFO - Batch 290/2278: Loss=1.1882, Cls=0.0000, Reg=0.0000, Con=3.9608
2025-09-14 11:26:08,567 - INFO - Batch 300/2278: Loss=0.0000, Cls=0.0000, Reg=0.0000, Con=0.0000
2025-09-14 11:26:09,450 - INFO - Batch 310/2278: Loss=0.0000, Cls=0.0000, Reg=0.0000, Con=0.0000
2025-09-14 11:26:10,345 - INFO - Batch 320/2278: Loss=1.1883, Cls=0.0000, Reg=0.0000, Con=3.9609
2025-09-14 11:26:11,195 - INFO - Batch 330/2278: Loss=1.2406, Cls=0.0000, Reg=0.0522, Con=3.9611
2025-09-14 11:26:12,046 - INFO - Batch 340/2278: Loss=0.0000, Cls=0.0000, Reg=0.0000, Con=0.0000
2025-09-14 11:26:12,904 - INFO - Batch 350/2278: Loss=1.1882, Cls=0.0000, Reg=0.0000, Con=3.9608
2025-09-14 11:26:13,773 - INFO - Batch 360/2278: Loss=0.0000, Cls=0.0000, Reg=0.0000, Con=0.0000
2025-09-14 11:26:14,619 - INFO - Batch 370/2278: Loss=1.1883, Cls=0.0000, Reg=0.0000, Con=3.9610
2025-09-14 11:26:15,466 - INFO - Batch 380/2278: Loss=1.1883, Cls=0.0000, Reg=0.0000, Con=3.9610
2025-09-14 11:26:16,343 - INFO - Batch 390/2278: Loss=1.1883, Cls=0.0000, Reg=0.0000, Con=3.9609
2025-09-14 11:26:17,233 - INFO - Batch 400/2278: Loss=1.3637, Cls=0.0000, Reg=0.1754, Con=3.9607
2025-09-14 11:26:18,130 - INFO - Batch 410/2278: Loss=1.1882, Cls=0.0000, Reg=0.0000, Con=3.9608
2025-09-14 11:26:19,025 - INFO - Batch 420/2278: Loss=1.3271, Cls=0.0000, Reg=0.1389, Con=3.9608
2025-09-14 11:26:19,910 - INFO - Batch 430/2278: Loss=1.1942, Cls=0.0000, Reg=0.0060, Con=3.9608
2025-09-14 11:26:20,768 - INFO - Batch 440/2278: Loss=1.2252, Cls=0.0000, Reg=0.0368, Con=3.9611
2025-09-14 11:26:21,628 - INFO - Batch 450/2278: Loss=1.1883, Cls=0.0000, Reg=0.0000, Con=3.9608
2025-09-14 11:26:22,487 - INFO - Batch 460/2278: Loss=1.1952, Cls=0.0000, Reg=0.0069, Con=3.9608
2025-09-14 11:26:23,364 - INFO - Batch 470/2278: Loss=1.2158, Cls=0.0000, Reg=0.0275, Con=3.9610
2025-09-14 11:26:24,231 - INFO - Batch 480/2278: Loss=0.1806, Cls=0.0000, Reg=0.1806, Con=0.0000
2025-09-14 11:26:25,102 - INFO - Batch 490/2278: Loss=0.0000, Cls=0.0000, Reg=0.0000, Con=0.0000
2025-09-14 11:26:25,967 - INFO - Batch 500/2278: Loss=1.1882, Cls=0.0000, Reg=0.0000, Con=3.9608
2025-09-14 11:26:26,849 - INFO - Batch 510/2278: Loss=1.4468, Cls=0.0000, Reg=0.2585, Con=3.9611
2025-09-14 11:26:27,725 - INFO - Batch 520/2278: Loss=1.1883, Cls=0.0000, Reg=0.0000, Con=3.9611
2025-09-14 11:26:28,591 - INFO - Batch 530/2278: Loss=1.5136, Cls=0.0000, Reg=0.3254, Con=3.9607
2025-09-14 11:26:29,435 - INFO - Batch 540/2278: Loss=1.4670, Cls=0.0000, Reg=0.2788, Con=3.9609
2025-09-14 11:26:30,288 - INFO - Batch 550/2278: Loss=1.1882, Cls=0.0000, Reg=0.0000, Con=3.9608
2025-09-14 11:26:31,163 - INFO - Batch 560/2278: Loss=1.1883, Cls=0.0000, Reg=0.0000, Con=3.9610
2025-09-14 11:26:32,038 - INFO - Batch 570/2278: Loss=0.0568, Cls=0.0000, Reg=0.0568, Con=0.0000
2025-09-14 11:26:32,897 - INFO - Batch 580/2278: Loss=1.1883, Cls=0.0000, Reg=0.0000, Con=3.9609
2025-09-14 11:26:33,764 - INFO - Batch 590/2278: Loss=1.1883, Cls=0.0000, Reg=0.0000, Con=3.9611
2025-09-14 11:26:34,621 - INFO - Batch 600/2278: Loss=1.6986, Cls=0.0000, Reg=0.5103, Con=3.9609
2025-09-14 11:26:35,484 - INFO - Batch 610/2278: Loss=1.1883, Cls=0.0000, Reg=0.0000, Con=3.9609
2025-09-14 11:26:36,344 - INFO - Batch 620/2278: Loss=1.1883, Cls=0.0000, Reg=0.0000, Con=3.9610
2025-09-14 11:26:37,181 - INFO - Batch 630/2278: Loss=0.0000, Cls=0.0000, Reg=0.0000, Con=0.0000
2025-09-14 11:26:38,079 - INFO - Batch 640/2278: Loss=1.1883, Cls=0.0000, Reg=0.0000, Con=3.9610
2025-09-14 11:26:38,940 - INFO - Batch 650/2278: Loss=1.1883, Cls=0.0000, Reg=0.0000, Con=3.9609
2025-09-14 11:26:39,810 - INFO - Batch 660/2278: Loss=0.0013, Cls=0.0000, Reg=0.0013, Con=0.0000
2025-09-14 11:26:40,698 - INFO - Batch 670/2278: Loss=0.0000, Cls=0.0000, Reg=0.0000, Con=0.0000
2025-09-14 11:26:41,579 - INFO - Batch 680/2278: Loss=1.2952, Cls=0.0000, Reg=0.1069, Con=3.9609
2025-09-14 11:26:42,445 - INFO - Batch 690/2278: Loss=1.3005, Cls=0.0000, Reg=0.1123, Con=3.9606
2025-09-14 11:26:43,331 - INFO - Batch 700/2278: Loss=1.1883, Cls=0.0000, Reg=0.0000, Con=3.9610
2025-09-14 11:26:44,191 - INFO - Batch 710/2278: Loss=1.1882, Cls=0.0000, Reg=0.0000, Con=3.9608
2025-09-14 11:26:45,040 - INFO - Batch 720/2278: Loss=1.2858, Cls=0.0000, Reg=0.0976, Con=3.9608
2025-09-14 11:26:45,891 - INFO - Batch 730/2278: Loss=1.1884, Cls=0.0000, Reg=0.0000, Con=3.9615
2025-09-14 11:26:46,741 - INFO - Batch 740/2278: Loss=0.0000, Cls=0.0000, Reg=0.0000, Con=0.0000
2025-09-14 11:26:47,611 - INFO - Batch 750/2278: Loss=1.1883, Cls=0.0000, Reg=0.0000, Con=3.9609
2025-09-14 11:26:48,461 - INFO - Batch 760/2278: Loss=1.1884, Cls=0.0000, Reg=0.0000, Con=3.9612
2025-09-14 11:26:49,317 - INFO - Batch 770/2278: Loss=1.1882, Cls=0.0000, Reg=0.0000, Con=3.9608
2025-09-14 11:26:50,180 - INFO - Batch 780/2278: Loss=1.1910, Cls=0.0000, Reg=0.0028, Con=3.9607
2025-09-14 11:26:51,043 - INFO - Batch 790/2278: Loss=0.0000, Cls=0.0000, Reg=0.0000, Con=0.0000
2025-09-14 11:26:51,922 - INFO - Batch 800/2278: Loss=1.1882, Cls=0.0000, Reg=0.0000, Con=3.9608
2025-09-14 11:26:52,791 - INFO - Batch 810/2278: Loss=1.1883, Cls=0.0000, Reg=0.0000, Con=3.9608
2025-09-14 11:26:53,634 - INFO - Batch 820/2278: Loss=0.0000, Cls=0.0000, Reg=0.0000, Con=0.0000
2025-09-14 11:26:54,522 - INFO - Batch 830/2278: Loss=1.7742, Cls=0.0000, Reg=0.5859, Con=3.9611
2025-09-14 11:26:55,398 - INFO - Batch 840/2278: Loss=1.2468, Cls=0.0000, Reg=0.0586, Con=3.9608
2025-09-14 11:26:56,268 - INFO - Batch 850/2278: Loss=1.1883, Cls=0.0000, Reg=0.0000, Con=3.9608
2025-09-14 11:26:57,155 - INFO - Batch 860/2278: Loss=1.3233, Cls=0.0000, Reg=0.1350, Con=3.9608
2025-09-14 11:26:58,018 - INFO - Batch 870/2278: Loss=1.1883, Cls=0.0000, Reg=0.0000, Con=3.9609
2025-09-14 11:26:58,888 - INFO - Batch 880/2278: Loss=1.2325, Cls=0.0000, Reg=0.0442, Con=3.9609
2025-09-14 11:26:59,745 - INFO - Batch 890/2278: Loss=1.1883, Cls=0.0000, Reg=0.0000, Con=3.9609
2025-09-14 11:27:00,620 - INFO - Batch 900/2278: Loss=1.1889, Cls=0.0000, Reg=0.0007, Con=3.9607
2025-09-14 11:27:01,471 - INFO - Batch 910/2278: Loss=1.1883, Cls=0.0000, Reg=0.0000, Con=3.9611
2025-09-14 11:27:02,340 - INFO - Batch 920/2278: Loss=1.2108, Cls=0.0000, Reg=0.0226, Con=3.9608
2025-09-14 11:27:03,194 - INFO - Batch 930/2278: Loss=1.2556, Cls=0.0000, Reg=0.0673, Con=3.9608
2025-09-14 11:27:04,056 - INFO - Batch 940/2278: Loss=1.1882, Cls=0.0000, Reg=0.0000, Con=3.9608
2025-09-14 11:27:04,915 - INFO - Batch 950/2278: Loss=1.2496, Cls=0.0000, Reg=0.0613, Con=3.9608
2025-09-14 11:27:05,821 - INFO - Batch 960/2278: Loss=1.2449, Cls=0.0000, Reg=0.0567, Con=3.9607
2025-09-14 11:27:06,708 - INFO - Batch 970/2278: Loss=1.2760, Cls=0.0000, Reg=0.0877, Con=3.9609
2025-09-14 11:27:07,563 - INFO - Batch 980/2278: Loss=1.1883, Cls=0.0000, Reg=0.0000, Con=3.9609
2025-09-14 11:27:08,422 - INFO - Batch 990/2278: Loss=1.1882, Cls=0.0000, Reg=0.0000, Con=3.9606
2025-09-14 11:27:09,281 - INFO - Batch 1000/2278: Loss=1.1883, Cls=0.0000, Reg=0.0000, Con=3.9610
2025-09-14 11:27:10,134 - INFO - Batch 1010/2278: Loss=1.1883, Cls=0.0000, Reg=0.0000, Con=3.9608
2025-09-14 11:27:10,980 - INFO - Batch 1020/2278: Loss=1.1884, Cls=0.0000, Reg=0.0000, Con=3.9614
2025-09-14 11:27:11,832 - INFO - Batch 1030/2278: Loss=1.8772, Cls=0.0000, Reg=0.6889, Con=3.9608
2025-09-14 11:27:12,699 - INFO - Batch 1040/2278: Loss=0.0000, Cls=0.0000, Reg=0.0000, Con=0.0000
2025-09-14 11:27:13,574 - INFO - Batch 1050/2278: Loss=1.5968, Cls=0.0000, Reg=0.4083, Con=3.9614
2025-09-14 11:27:14,422 - INFO - Batch 1060/2278: Loss=1.1882, Cls=0.0000, Reg=0.0000, Con=3.9607
2025-09-14 11:27:15,277 - INFO - Batch 1070/2278: Loss=0.0126, Cls=0.0000, Reg=0.0126, Con=0.0000
2025-09-14 11:27:16,134 - INFO - Batch 1080/2278: Loss=0.0000, Cls=0.0000, Reg=0.0000, Con=0.0000
2025-09-14 11:27:17,034 - INFO - Batch 1090/2278: Loss=1.1883, Cls=0.0000, Reg=0.0000, Con=3.9608
2025-09-14 11:27:17,889 - INFO - Batch 1100/2278: Loss=0.0000, Cls=0.0000, Reg=0.0000, Con=0.0000
2025-09-14 11:27:18,742 - INFO - Batch 1110/2278: Loss=1.1883, Cls=0.0000, Reg=0.0000, Con=3.9609
2025-09-14 11:27:19,609 - INFO - Batch 1120/2278: Loss=1.1883, Cls=0.0000, Reg=0.0000, Con=3.9609
2025-09-14 11:27:20,460 - INFO - Batch 1130/2278: Loss=1.1882, Cls=0.0000, Reg=0.0000, Con=3.9608
2025-09-14 11:27:21,325 - INFO - Batch 1140/2278: Loss=1.1882, Cls=0.0000, Reg=0.0000, Con=3.9608
2025-09-14 11:27:22,211 - INFO - Batch 1150/2278: Loss=1.1948, Cls=0.0000, Reg=0.0065, Con=3.9608
2025-09-14 11:27:23,054 - INFO - Batch 1160/2278: Loss=1.1882, Cls=0.0000, Reg=0.0000, Con=3.9608
2025-09-14 11:27:23,916 - INFO - Batch 1170/2278: Loss=0.0142, Cls=0.0000, Reg=0.0142, Con=0.0000
2025-09-14 11:27:24,789 - INFO - Batch 1180/2278: Loss=0.0000, Cls=0.0000, Reg=0.0000, Con=0.0000
2025-09-14 11:27:25,659 - INFO - Batch 1190/2278: Loss=1.3105, Cls=0.0000, Reg=0.1222, Con=3.9609
2025-09-14 11:27:26,539 - INFO - Batch 1200/2278: Loss=1.1882, Cls=0.0000, Reg=0.0000, Con=3.9608
2025-09-14 11:27:27,417 - INFO - Batch 1210/2278: Loss=1.2826, Cls=0.0000, Reg=0.0943, Con=3.9609
2025-09-14 11:27:28,303 - INFO - Batch 1220/2278: Loss=1.1883, Cls=0.0000, Reg=0.0000, Con=3.9608
2025-09-14 11:27:29,180 - INFO - Batch 1230/2278: Loss=1.8379, Cls=0.0000, Reg=0.6496, Con=3.9609
2025-09-14 11:27:30,037 - INFO - Batch 1240/2278: Loss=1.2646, Cls=0.0000, Reg=0.0763, Con=3.9607
2025-09-14 11:27:30,903 - INFO - Batch 1250/2278: Loss=1.1883, Cls=0.0000, Reg=0.0000, Con=3.9608
2025-09-14 11:27:31,771 - INFO - Batch 1260/2278: Loss=1.1883, Cls=0.0000, Reg=0.0000, Con=3.9608
2025-09-14 11:27:32,619 - INFO - Batch 1270/2278: Loss=1.1883, Cls=0.0000, Reg=0.0000, Con=3.9609
2025-09-14 11:27:33,461 - INFO - Batch 1280/2278: Loss=1.1882, Cls=0.0000, Reg=0.0000, Con=3.9608
2025-09-14 11:27:34,333 - INFO - Batch 1290/2278: Loss=1.1882, Cls=0.0000, Reg=0.0000, Con=3.9608
2025-09-14 11:27:35,202 - INFO - Batch 1300/2278: Loss=0.0352, Cls=0.0000, Reg=0.0352, Con=0.0000
2025-09-14 11:27:36,071 - INFO - Batch 1310/2278: Loss=1.1955, Cls=0.0000, Reg=0.0073, Con=3.9609
2025-09-14 11:27:36,949 - INFO - Batch 1320/2278: Loss=1.1882, Cls=0.0000, Reg=0.0000, Con=3.9608
2025-09-14 11:27:37,814 - INFO - Batch 1330/2278: Loss=1.4882, Cls=0.0000, Reg=0.3000, Con=3.9607
2025-09-14 11:27:38,698 - INFO - Batch 1340/2278: Loss=1.1882, Cls=0.0000, Reg=0.0000, Con=3.9606
2025-09-14 11:27:39,560 - INFO - Batch 1350/2278: Loss=1.2216, Cls=0.0000, Reg=0.0334, Con=3.9607
2025-09-14 11:27:40,426 - INFO - Batch 1360/2278: Loss=0.0000, Cls=0.0000, Reg=0.0000, Con=0.0000
2025-09-14 11:27:41,285 - INFO - Batch 1370/2278: Loss=1.1883, Cls=0.0000, Reg=0.0000, Con=3.9609
2025-09-14 11:27:42,142 - INFO - Batch 1380/2278: Loss=1.4187, Cls=0.0000, Reg=0.2305, Con=3.9607
2025-09-14 11:27:43,016 - INFO - Batch 1390/2278: Loss=1.2649, Cls=0.0000, Reg=0.0766, Con=3.9609
2025-09-14 11:27:43,898 - INFO - Batch 1400/2278: Loss=1.1882, Cls=0.0000, Reg=0.0000, Con=3.9608
2025-09-14 11:27:44,775 - INFO - Batch 1410/2278: Loss=1.5763, Cls=0.0000, Reg=0.3880, Con=3.9613
2025-09-14 11:27:45,651 - INFO - Batch 1420/2278: Loss=2.2510, Cls=0.0000, Reg=1.0627, Con=3.9610
2025-09-14 11:27:46,538 - INFO - Batch 1430/2278: Loss=1.1882, Cls=0.0000, Reg=0.0000, Con=3.9607
2025-09-14 11:27:47,391 - INFO - Batch 1440/2278: Loss=0.0000, Cls=0.0000, Reg=0.0000, Con=0.0000
2025-09-14 11:27:48,247 - INFO - Batch 1450/2278: Loss=2.0532, Cls=0.0000, Reg=0.8650, Con=3.9608
2025-09-14 11:27:49,116 - INFO - Batch 1460/2278: Loss=0.0000, Cls=0.0000, Reg=0.0000, Con=0.0000
2025-09-14 11:27:49,978 - INFO - Batch 1470/2278: Loss=1.5901, Cls=0.0000, Reg=0.4018, Con=3.9608
2025-09-14 11:27:50,847 - INFO - Batch 1480/2278: Loss=1.3248, Cls=0.0000, Reg=0.1365, Con=3.9608
2025-09-14 11:27:51,784 - INFO - Batch 1490/2278: Loss=1.1883, Cls=0.0000, Reg=0.0000, Con=3.9608
2025-09-14 11:27:52,667 - INFO - Batch 1500/2278: Loss=0.0963, Cls=0.0000, Reg=0.0963, Con=0.0000
2025-09-14 11:27:53,512 - INFO - Batch 1510/2278: Loss=1.1882, Cls=0.0000, Reg=0.0000, Con=3.9608
2025-09-14 11:27:54,324 - INFO - Batch 1520/2278: Loss=1.1883, Cls=0.0000, Reg=0.0000, Con=3.9609
2025-09-14 11:27:55,190 - INFO - Batch 1530/2278: Loss=1.1884, Cls=0.0000, Reg=0.0000, Con=3.9612
2025-09-14 11:27:56,054 - INFO - Batch 1540/2278: Loss=1.1883, Cls=0.0000, Reg=0.0000, Con=3.9609
2025-09-14 11:27:56,919 - INFO - Batch 1550/2278: Loss=1.3550, Cls=0.0000, Reg=0.1667, Con=3.9609
2025-09-14 11:27:57,792 - INFO - Batch 1560/2278: Loss=1.1883, Cls=0.0000, Reg=0.0000, Con=3.9609
2025-09-14 11:27:58,640 - INFO - Batch 1570/2278: Loss=1.1883, Cls=0.0000, Reg=0.0000, Con=3.9610
2025-09-14 11:27:59,495 - INFO - Batch 1580/2278: Loss=1.1949, Cls=0.0000, Reg=0.0067, Con=3.9609
2025-09-14 11:28:00,378 - INFO - Batch 1590/2278: Loss=1.1883, Cls=0.0000, Reg=0.0000, Con=3.9609
2025-09-14 11:28:01,252 - INFO - Batch 1600/2278: Loss=1.1883, Cls=0.0000, Reg=0.0000, Con=3.9611
2025-09-14 11:28:02,126 - INFO - Batch 1610/2278: Loss=1.1882, Cls=0.0000, Reg=0.0000, Con=3.9608
2025-09-14 11:28:03,010 - INFO - Batch 1620/2278: Loss=1.1883, Cls=0.0000, Reg=0.0000, Con=3.9609
2025-09-14 11:28:03,862 - INFO - Batch 1630/2278: Loss=1.1882, Cls=0.0000, Reg=0.0000, Con=3.9606
2025-09-14 11:28:04,748 - INFO - Batch 1640/2278: Loss=1.1883, Cls=0.0000, Reg=0.0000, Con=3.9610
2025-09-14 11:28:05,602 - INFO - Batch 1650/2278: Loss=1.1883, Cls=0.0000, Reg=0.0000, Con=3.9608
2025-09-14 11:28:06,461 - INFO - Batch 1660/2278: Loss=0.4173, Cls=0.0000, Reg=0.4173, Con=0.0000
2025-09-14 11:28:07,347 - INFO - Batch 1670/2278: Loss=0.0042, Cls=0.0000, Reg=0.0042, Con=0.0000
2025-09-14 11:28:08,219 - INFO - Batch 1680/2278: Loss=1.1914, Cls=0.0000, Reg=0.0027, Con=3.9624
2025-09-14 11:28:09,113 - INFO - Batch 1690/2278: Loss=0.0000, Cls=0.0000, Reg=0.0000, Con=0.0000
2025-09-14 11:28:09,978 - INFO - Batch 1700/2278: Loss=1.1883, Cls=0.0000, Reg=0.0000, Con=3.9609
2025-09-14 11:28:10,842 - INFO - Batch 1710/2278: Loss=1.1882, Cls=0.0000, Reg=0.0000, Con=3.9607
2025-09-14 11:28:11,700 - INFO - Batch 1720/2278: Loss=0.0020, Cls=0.0000, Reg=0.0020, Con=0.0000
2025-09-14 11:28:12,580 - INFO - Batch 1730/2278: Loss=1.1882, Cls=0.0000, Reg=0.0000, Con=3.9608
2025-09-14 11:28:13,425 - INFO - Batch 1740/2278: Loss=1.2239, Cls=0.0000, Reg=0.0357, Con=3.9608
2025-09-14 11:28:14,328 - INFO - Batch 1750/2278: Loss=1.1883, Cls=0.0000, Reg=0.0000, Con=3.9610
2025-09-14 11:28:15,225 - INFO - Batch 1760/2278: Loss=1.1883, Cls=0.0000, Reg=0.0000, Con=3.9610
2025-09-14 11:28:16,110 - INFO - Batch 1770/2278: Loss=1.3624, Cls=0.0000, Reg=0.1742, Con=3.9608
2025-09-14 11:28:16,968 - INFO - Batch 1780/2278: Loss=0.0409, Cls=0.0000, Reg=0.0409, Con=0.0000
2025-09-14 11:28:17,823 - INFO - Batch 1790/2278: Loss=0.0000, Cls=0.0000, Reg=0.0000, Con=0.0000
2025-09-14 11:28:18,680 - INFO - Batch 1800/2278: Loss=1.1883, Cls=0.0000, Reg=0.0000, Con=3.9609
2025-09-14 11:28:19,527 - INFO - Batch 1810/2278: Loss=1.1883, Cls=0.0000, Reg=0.0000, Con=3.9609
2025-09-14 11:28:20,378 - INFO - Batch 1820/2278: Loss=1.1882, Cls=0.0000, Reg=0.0000, Con=3.9608
2025-09-14 11:28:21,241 - INFO - Batch 1830/2278: Loss=1.1882, Cls=0.0000, Reg=0.0000, Con=3.9607
2025-09-14 11:28:22,133 - INFO - Batch 1840/2278: Loss=1.1882, Cls=0.0000, Reg=0.0000, Con=3.9608
2025-09-14 11:28:23,012 - INFO - Batch 1850/2278: Loss=0.0000, Cls=0.0000, Reg=0.0000, Con=0.0000
2025-09-14 11:28:23,885 - INFO - Batch 1860/2278: Loss=1.3057, Cls=0.0000, Reg=0.1174, Con=3.9609
2025-09-14 11:28:24,747 - INFO - Batch 1870/2278: Loss=1.2168, Cls=0.0000, Reg=0.0285, Con=3.9608
2025-09-14 11:28:25,620 - INFO - Batch 1880/2278: Loss=0.0000, Cls=0.0000, Reg=0.0000, Con=0.0000
2025-09-14 11:28:26,495 - INFO - Batch 1890/2278: Loss=0.0661, Cls=0.0000, Reg=0.0661, Con=0.0000
2025-09-14 11:28:27,363 - INFO - Batch 1900/2278: Loss=0.0000, Cls=0.0000, Reg=0.0000, Con=0.0000
2025-09-14 11:28:28,234 - INFO - Batch 1910/2278: Loss=1.1883, Cls=0.0000, Reg=0.0000, Con=3.9611
2025-09-14 11:28:29,132 - INFO - Batch 1920/2278: Loss=1.1883, Cls=0.0000, Reg=0.0000, Con=3.9609
2025-09-14 11:28:30,003 - INFO - Batch 1930/2278: Loss=1.1883, Cls=0.0000, Reg=0.0000, Con=3.9609
2025-09-14 11:28:30,853 - INFO - Batch 1940/2278: Loss=0.0000, Cls=0.0000, Reg=0.0000, Con=0.0000
2025-09-14 11:28:31,689 - INFO - Batch 1950/2278: Loss=1.7821, Cls=0.0000, Reg=0.5938, Con=3.9610
2025-09-14 11:28:32,588 - INFO - Batch 1960/2278: Loss=1.2268, Cls=0.0000, Reg=0.0385, Con=3.9608
2025-09-14 11:28:33,473 - INFO - Batch 1970/2278: Loss=0.0030, Cls=0.0000, Reg=0.0030, Con=0.0000
2025-09-14 11:28:34,347 - INFO - Batch 1980/2278: Loss=0.0090, Cls=0.0000, Reg=0.0090, Con=0.0000
2025-09-14 11:28:35,226 - INFO - Batch 1990/2278: Loss=2.0949, Cls=0.0000, Reg=2.0949, Con=0.0000
2025-09-14 11:28:36,072 - INFO - Batch 2000/2278: Loss=1.2466, Cls=0.0000, Reg=0.0584, Con=3.9607
2025-09-14 11:28:36,947 - INFO - Batch 2010/2278: Loss=1.3506, Cls=0.0000, Reg=0.1624, Con=3.9607
2025-09-14 11:28:37,800 - INFO - Batch 2020/2278: Loss=1.1883, Cls=0.0000, Reg=0.0000, Con=3.9611
2025-09-14 11:28:38,653 - INFO - Batch 2030/2278: Loss=1.3119, Cls=0.0000, Reg=0.1236, Con=3.9610
2025-09-14 11:28:39,542 - INFO - Batch 2040/2278: Loss=1.1883, Cls=0.0000, Reg=0.0000, Con=3.9609
2025-09-14 11:28:40,404 - INFO - Batch 2050/2278: Loss=1.1883, Cls=0.0000, Reg=0.0000, Con=3.9609
2025-09-14 11:28:41,274 - INFO - Batch 2060/2278: Loss=1.4748, Cls=0.0000, Reg=0.2865, Con=3.9607
2025-09-14 11:28:42,148 - INFO - Batch 2070/2278: Loss=1.1882, Cls=0.0000, Reg=0.0000, Con=3.9608
2025-09-14 11:28:43,015 - INFO - Batch 2080/2278: Loss=0.0914, Cls=0.0000, Reg=0.0914, Con=0.0000
2025-09-14 11:28:43,907 - INFO - Batch 2090/2278: Loss=1.1883, Cls=0.0000, Reg=0.0000, Con=3.9608
2025-09-14 11:28:44,765 - INFO - Batch 2100/2278: Loss=0.0378, Cls=0.0000, Reg=0.0378, Con=0.0000
2025-09-14 11:28:45,653 - INFO - Batch 2110/2278: Loss=1.1883, Cls=0.0000, Reg=0.0000, Con=3.9610
2025-09-14 11:28:46,526 - INFO - Batch 2120/2278: Loss=1.3848, Cls=0.0000, Reg=0.1965, Con=3.9608
2025-09-14 11:28:47,399 - INFO - Batch 2130/2278: Loss=1.1883, Cls=0.0000, Reg=0.0000, Con=3.9609
2025-09-14 11:28:48,267 - INFO - Batch 2140/2278: Loss=1.3823, Cls=0.0000, Reg=0.1940, Con=3.9607
2025-09-14 11:28:49,121 - INFO - Batch 2150/2278: Loss=0.0579, Cls=0.0000, Reg=0.0579, Con=0.0000
2025-09-14 11:28:49,965 - INFO - Batch 2160/2278: Loss=1.2318, Cls=0.0000, Reg=0.0435, Con=3.9612
2025-09-14 11:28:50,827 - INFO - Batch 2170/2278: Loss=0.0000, Cls=0.0000, Reg=0.0000, Con=0.0000
2025-09-14 11:28:51,688 - INFO - Batch 2180/2278: Loss=1.1882, Cls=0.0000, Reg=0.0000, Con=3.9608
2025-09-14 11:28:52,534 - INFO - Batch 2190/2278: Loss=1.2855, Cls=0.0000, Reg=0.0973, Con=3.9609
2025-09-14 11:28:53,398 - INFO - Batch 2200/2278: Loss=1.6038, Cls=0.0000, Reg=0.4156, Con=3.9608
2025-09-14 11:28:54,270 - INFO - Batch 2210/2278: Loss=0.0000, Cls=0.0000, Reg=0.0000, Con=0.0000
2025-09-14 11:28:55,134 - INFO - Batch 2220/2278: Loss=1.2384, Cls=0.0000, Reg=0.0503, Con=3.9605
2025-09-14 11:28:56,026 - INFO - Batch 2230/2278: Loss=1.1882, Cls=0.0000, Reg=0.0000, Con=3.9608
2025-09-14 11:28:56,900 - INFO - Batch 2240/2278: Loss=1.1883, Cls=0.0000, Reg=0.0000, Con=3.9610
2025-09-14 11:28:57,776 - INFO - Batch 2250/2278: Loss=1.1895, Cls=0.0000, Reg=0.0013, Con=3.9609
2025-09-14 11:28:58,663 - INFO - Batch 2260/2278: Loss=1.1882, Cls=0.0000, Reg=0.0000, Con=3.9608
2025-09-14 11:28:59,533 - INFO - Batch 2270/2278: Loss=0.0913, Cls=0.0000, Reg=0.0913, Con=0.0000
2025-09-14 11:32:11,674 - INFO - === Epoch 2 Results ===
2025-09-14 11:32:11,675 - INFO - Training Loss: 1.0393 (Classification: 0.0000, Regression: 0.1213)
2025-09-14 11:32:11,675 - INFO - Validation Loss: 0.0173 (Classification: 0.0000, Regression: 0.0173)
2025-09-14 11:32:11,675 - INFO - Average R²: 0.6665 (on 1/5 tasks)
2025-09-14 11:32:11,675 - INFO - Average RMSE: 0.5653
2025-09-14 11:32:11,675 - INFO - 
Epoch 3/3
2025-09-14 11:32:11,766 - INFO - Batch 0/2278: Loss=1.8793, Cls=0.0000, Reg=0.6911, Con=3.9608
2025-09-14 11:32:12,615 - INFO - Batch 10/2278: Loss=0.0000, Cls=0.0000, Reg=0.0000, Con=0.0000
2025-09-14 11:32:13,512 - INFO - Batch 20/2278: Loss=1.3405, Cls=0.0000, Reg=0.1522, Con=3.9609
2025-09-14 11:32:14,424 - INFO - Batch 30/2278: Loss=1.1883, Cls=0.0000, Reg=0.0000, Con=3.9611
2025-09-14 11:32:15,290 - INFO - Batch 40/2278: Loss=1.1882, Cls=0.0000, Reg=0.0000, Con=3.9608
2025-09-14 11:32:16,175 - INFO - Batch 50/2278: Loss=1.2179, Cls=0.0000, Reg=0.0296, Con=3.9609
2025-09-14 11:32:17,055 - INFO - Batch 60/2278: Loss=1.1882, Cls=0.0000, Reg=0.0000, Con=3.9607
2025-09-14 11:32:17,942 - INFO - Batch 70/2278: Loss=1.1884, Cls=0.0000, Reg=0.0000, Con=3.9613
2025-09-14 11:32:18,782 - INFO - Batch 80/2278: Loss=0.0000, Cls=0.0000, Reg=0.0000, Con=0.0000
2025-09-14 11:32:19,645 - INFO - Batch 90/2278: Loss=1.2392, Cls=0.0000, Reg=0.0509, Con=3.9610
2025-09-14 11:32:20,521 - INFO - Batch 100/2278: Loss=0.0000, Cls=0.0000, Reg=0.0000, Con=0.0000
2025-09-14 11:32:21,407 - INFO - Batch 110/2278: Loss=1.1883, Cls=0.0000, Reg=0.0000, Con=3.9608
2025-09-14 11:32:22,280 - INFO - Batch 120/2278: Loss=0.0548, Cls=0.0000, Reg=0.0548, Con=0.0000
2025-09-14 11:32:23,155 - INFO - Batch 130/2278: Loss=1.1883, Cls=0.0000, Reg=0.0000, Con=3.9611
2025-09-14 11:32:24,052 - INFO - Batch 140/2278: Loss=1.1883, Cls=0.0000, Reg=0.0000, Con=3.9609
2025-09-14 11:32:24,912 - INFO - Batch 150/2278: Loss=1.4045, Cls=0.0000, Reg=0.2162, Con=3.9609
2025-09-14 11:32:25,793 - INFO - Batch 160/2278: Loss=1.1893, Cls=0.0000, Reg=0.0011, Con=3.9608
2025-09-14 11:32:26,655 - INFO - Batch 170/2278: Loss=1.1882, Cls=0.0000, Reg=0.0000, Con=3.9608
2025-09-14 11:32:27,519 - INFO - Batch 180/2278: Loss=1.1883, Cls=0.0000, Reg=0.0000, Con=3.9609
2025-09-14 11:32:28,381 - INFO - Batch 190/2278: Loss=1.3927, Cls=0.0000, Reg=0.2045, Con=3.9608
2025-09-14 11:32:29,246 - INFO - Batch 200/2278: Loss=1.1882, Cls=0.0000, Reg=0.0000, Con=3.9608
2025-09-14 11:32:30,123 - INFO - Batch 210/2278: Loss=1.2992, Cls=0.0000, Reg=0.1111, Con=3.9606
2025-09-14 11:32:30,985 - INFO - Batch 220/2278: Loss=0.0000, Cls=0.0000, Reg=0.0000, Con=0.0000
2025-09-14 11:32:31,874 - INFO - Batch 230/2278: Loss=1.1909, Cls=0.0000, Reg=0.0026, Con=3.9608
2025-09-14 11:32:32,758 - INFO - Batch 240/2278: Loss=1.2575, Cls=0.0000, Reg=0.0692, Con=3.9609
2025-09-14 11:32:33,618 - INFO - Batch 250/2278: Loss=1.1921, Cls=0.0000, Reg=0.0038, Con=3.9608
2025-09-14 11:32:34,455 - INFO - Batch 260/2278: Loss=0.0000, Cls=0.0000, Reg=0.0000, Con=0.0000
2025-09-14 11:32:35,343 - INFO - Batch 270/2278: Loss=1.1882, Cls=0.0000, Reg=0.0000, Con=3.9607
2025-09-14 11:32:36,198 - INFO - Batch 280/2278: Loss=0.0000, Cls=0.0000, Reg=0.0000, Con=0.0000
2025-09-14 11:32:37,062 - INFO - Batch 290/2278: Loss=1.1890, Cls=0.0000, Reg=0.0008, Con=3.9609
2025-09-14 11:32:37,912 - INFO - Batch 300/2278: Loss=1.3895, Cls=0.0000, Reg=0.2014, Con=3.9606
2025-09-14 11:32:38,795 - INFO - Batch 310/2278: Loss=0.1309, Cls=0.0000, Reg=0.1309, Con=0.0000
2025-09-14 11:32:39,663 - INFO - Batch 320/2278: Loss=1.1883, Cls=0.0000, Reg=0.0000, Con=3.9609
2025-09-14 11:32:40,510 - INFO - Batch 330/2278: Loss=1.2052, Cls=0.0000, Reg=0.0170, Con=3.9607
2025-09-14 11:32:41,378 - INFO - Batch 340/2278: Loss=0.0000, Cls=0.0000, Reg=0.0000, Con=0.0000
2025-09-14 11:32:42,249 - INFO - Batch 350/2278: Loss=1.2997, Cls=0.0000, Reg=0.1112, Con=3.9618
2025-09-14 11:32:43,122 - INFO - Batch 360/2278: Loss=1.1883, Cls=0.0000, Reg=0.0000, Con=3.9608
2025-09-14 11:32:43,988 - INFO - Batch 370/2278: Loss=0.0000, Cls=0.0000, Reg=0.0000, Con=0.0000
2025-09-14 11:32:44,877 - INFO - Batch 380/2278: Loss=1.4092, Cls=0.0000, Reg=0.2210, Con=3.9608
2025-09-14 11:32:45,778 - INFO - Batch 390/2278: Loss=1.1882, Cls=0.0000, Reg=0.0000, Con=3.9607
2025-09-14 11:32:46,639 - INFO - Batch 400/2278: Loss=1.2866, Cls=0.0000, Reg=0.0983, Con=3.9610
2025-09-14 11:32:47,515 - INFO - Batch 410/2278: Loss=1.1883, Cls=0.0000, Reg=0.0000, Con=3.9609
2025-09-14 11:32:48,382 - INFO - Batch 420/2278: Loss=0.5754, Cls=0.0000, Reg=0.5754, Con=0.0000
2025-09-14 11:32:49,253 - INFO - Batch 430/2278: Loss=1.1882, Cls=0.0000, Reg=0.0000, Con=3.9607
2025-09-14 11:32:50,119 - INFO - Batch 440/2278: Loss=1.1882, Cls=0.0000, Reg=0.0000, Con=3.9608
2025-09-14 11:32:50,980 - INFO - Batch 450/2278: Loss=1.4507, Cls=0.0000, Reg=0.2624, Con=3.9610
2025-09-14 11:32:51,838 - INFO - Batch 460/2278: Loss=0.0000, Cls=0.0000, Reg=0.0000, Con=0.0000
2025-09-14 11:32:52,698 - INFO - Batch 470/2278: Loss=1.2090, Cls=0.0000, Reg=0.0208, Con=3.9607
2025-09-14 11:32:53,568 - INFO - Batch 480/2278: Loss=1.1882, Cls=0.0000, Reg=0.0000, Con=3.9608
2025-09-14 11:32:54,441 - INFO - Batch 490/2278: Loss=0.0000, Cls=0.0000, Reg=0.0000, Con=0.0000
2025-09-14 11:32:55,310 - INFO - Batch 500/2278: Loss=0.0000, Cls=0.0000, Reg=0.0000, Con=0.0000
2025-09-14 11:32:56,207 - INFO - Batch 510/2278: Loss=0.0000, Cls=0.0000, Reg=0.0000, Con=0.0000
2025-09-14 11:32:57,091 - INFO - Batch 520/2278: Loss=0.0000, Cls=0.0000, Reg=0.0000, Con=0.0000
2025-09-14 11:32:57,955 - INFO - Batch 530/2278: Loss=1.1883, Cls=0.0000, Reg=0.0000, Con=3.9609
2025-09-14 11:32:58,836 - INFO - Batch 540/2278: Loss=1.2797, Cls=0.0000, Reg=0.0914, Con=3.9610
2025-09-14 11:32:59,725 - INFO - Batch 550/2278: Loss=1.1882, Cls=0.0000, Reg=0.0000, Con=3.9608
2025-09-14 11:33:00,620 - INFO - Batch 560/2278: Loss=1.9544, Cls=0.0000, Reg=0.7660, Con=3.9613
2025-09-14 11:33:01,513 - INFO - Batch 570/2278: Loss=1.2726, Cls=0.0000, Reg=0.0843, Con=3.9608
2025-09-14 11:33:02,548 - INFO - Batch 580/2278: Loss=0.0476, Cls=0.0000, Reg=0.0476, Con=0.0000
2025-09-14 11:33:03,400 - INFO - Batch 590/2278: Loss=2.3596, Cls=0.0000, Reg=1.1714, Con=3.9608
2025-09-14 11:33:04,278 - INFO - Batch 600/2278: Loss=1.2051, Cls=0.0000, Reg=0.0169, Con=3.9608
2025-09-14 11:33:05,123 - INFO - Batch 610/2278: Loss=1.1884, Cls=0.0000, Reg=0.0000, Con=3.9613
2025-09-14 11:33:06,009 - INFO - Batch 620/2278: Loss=1.2072, Cls=0.0000, Reg=0.0189, Con=3.9608
2025-09-14 11:33:06,861 - INFO - Batch 630/2278: Loss=0.0000, Cls=0.0000, Reg=0.0000, Con=0.0000
2025-09-14 11:33:07,779 - INFO - Batch 640/2278: Loss=1.4452, Cls=0.0000, Reg=0.2570, Con=3.9607
2025-09-14 11:33:08,649 - INFO - Batch 650/2278: Loss=1.6509, Cls=0.0000, Reg=0.4627, Con=3.9610
2025-09-14 11:33:09,538 - INFO - Batch 660/2278: Loss=1.1883, Cls=0.0000, Reg=0.0000, Con=3.9609
2025-09-14 11:33:10,423 - INFO - Batch 670/2278: Loss=1.1883, Cls=0.0000, Reg=0.0000, Con=3.9609
2025-09-14 11:33:11,321 - INFO - Batch 680/2278: Loss=1.1883, Cls=0.0000, Reg=0.0000, Con=3.9609
2025-09-14 11:33:12,181 - INFO - Batch 690/2278: Loss=0.0000, Cls=0.0000, Reg=0.0000, Con=0.0000
2025-09-14 11:33:13,074 - INFO - Batch 700/2278: Loss=1.2410, Cls=0.0000, Reg=0.0528, Con=3.9608
2025-09-14 11:33:13,937 - INFO - Batch 710/2278: Loss=1.1881, Cls=0.0000, Reg=0.0000, Con=3.9604
2025-09-14 11:33:14,818 - INFO - Batch 720/2278: Loss=0.0000, Cls=0.0000, Reg=0.0000, Con=0.0000
2025-09-14 11:33:15,693 - INFO - Batch 730/2278: Loss=0.0000, Cls=0.0000, Reg=0.0000, Con=0.0000
2025-09-14 11:33:16,564 - INFO - Batch 740/2278: Loss=1.1882, Cls=0.0000, Reg=0.0000, Con=3.9606
2025-09-14 11:33:17,433 - INFO - Batch 750/2278: Loss=1.1883, Cls=0.0000, Reg=0.0000, Con=3.9610
2025-09-14 11:33:18,279 - INFO - Batch 760/2278: Loss=0.0231, Cls=0.0000, Reg=0.0231, Con=0.0000
2025-09-14 11:33:19,165 - INFO - Batch 770/2278: Loss=1.2398, Cls=0.0000, Reg=0.0514, Con=3.9614
2025-09-14 11:33:20,048 - INFO - Batch 780/2278: Loss=0.1921, Cls=0.0000, Reg=0.1921, Con=0.0000
2025-09-14 11:33:20,905 - INFO - Batch 790/2278: Loss=1.1882, Cls=0.0000, Reg=0.0000, Con=3.9608
2025-09-14 11:33:21,772 - INFO - Batch 800/2278: Loss=1.1882, Cls=0.0000, Reg=0.0000, Con=3.9608
2025-09-14 11:33:22,635 - INFO - Batch 810/2278: Loss=1.1883, Cls=0.0000, Reg=0.0000, Con=3.9611
2025-09-14 11:33:23,521 - INFO - Batch 820/2278: Loss=0.1823, Cls=0.0000, Reg=0.1823, Con=0.0000
2025-09-14 11:33:24,391 - INFO - Batch 830/2278: Loss=1.1883, Cls=0.0000, Reg=0.0000, Con=3.9609
2025-09-14 11:33:25,266 - INFO - Batch 840/2278: Loss=1.1883, Cls=0.0000, Reg=0.0000, Con=3.9609
2025-09-14 11:33:26,165 - INFO - Batch 850/2278: Loss=0.0000, Cls=0.0000, Reg=0.0000, Con=0.0000
2025-09-14 11:33:27,021 - INFO - Batch 860/2278: Loss=0.0000, Cls=0.0000, Reg=0.0000, Con=0.0000
2025-09-14 11:33:27,880 - INFO - Batch 870/2278: Loss=1.4263, Cls=0.0000, Reg=0.2381, Con=3.9608
2025-09-14 11:33:28,742 - INFO - Batch 880/2278: Loss=0.0000, Cls=0.0000, Reg=0.0000, Con=0.0000
2025-09-14 11:33:29,618 - INFO - Batch 890/2278: Loss=1.2538, Cls=0.0000, Reg=0.0656, Con=3.9607
2025-09-14 11:33:30,512 - INFO - Batch 900/2278: Loss=1.1882, Cls=0.0000, Reg=0.0000, Con=3.9608
2025-09-14 11:33:31,366 - INFO - Batch 910/2278: Loss=1.1883, Cls=0.0000, Reg=0.0000, Con=3.9609
2025-09-14 11:33:32,246 - INFO - Batch 920/2278: Loss=1.2691, Cls=0.0000, Reg=0.0808, Con=3.9608
2025-09-14 11:33:33,098 - INFO - Batch 930/2278: Loss=1.3102, Cls=0.0000, Reg=1.3102, Con=0.0000
2025-09-14 11:33:33,960 - INFO - Batch 940/2278: Loss=1.1885, Cls=0.0000, Reg=0.0000, Con=3.9617
2025-09-14 11:33:34,813 - INFO - Batch 950/2278: Loss=1.3360, Cls=0.0000, Reg=0.1478, Con=3.9608
2025-09-14 11:33:35,644 - INFO - Batch 960/2278: Loss=1.1883, Cls=0.0000, Reg=0.0000, Con=3.9609
2025-09-14 11:33:36,518 - INFO - Batch 970/2278: Loss=1.1882, Cls=0.0000, Reg=0.0000, Con=3.9608
2025-09-14 11:33:37,375 - INFO - Batch 980/2278: Loss=1.3189, Cls=0.0000, Reg=0.1305, Con=3.9611
2025-09-14 11:33:38,248 - INFO - Batch 990/2278: Loss=1.4277, Cls=0.0000, Reg=0.2394, Con=3.9610
2025-09-14 11:33:39,093 - INFO - Batch 1000/2278: Loss=1.1883, Cls=0.0000, Reg=0.0000, Con=3.9609
2025-09-14 11:33:39,987 - INFO - Batch 1010/2278: Loss=1.2139, Cls=0.0000, Reg=0.0257, Con=3.9608
2025-09-14 11:33:40,836 - INFO - Batch 1020/2278: Loss=1.2305, Cls=0.0000, Reg=0.0421, Con=3.9611
2025-09-14 11:33:41,691 - INFO - Batch 1030/2278: Loss=0.0000, Cls=0.0000, Reg=0.0000, Con=0.0000
2025-09-14 11:33:42,570 - INFO - Batch 1040/2278: Loss=1.4228, Cls=0.0000, Reg=0.2345, Con=3.9610
2025-09-14 11:33:43,445 - INFO - Batch 1050/2278: Loss=0.0000, Cls=0.0000, Reg=0.0000, Con=0.0000
2025-09-14 11:33:44,320 - INFO - Batch 1060/2278: Loss=1.2784, Cls=0.0000, Reg=0.0900, Con=3.9613
2025-09-14 11:33:45,209 - INFO - Batch 1070/2278: Loss=1.1883, Cls=0.0000, Reg=0.0000, Con=3.9609
2025-09-14 11:33:46,082 - INFO - Batch 1080/2278: Loss=1.1883, Cls=0.0000, Reg=0.0000, Con=3.9609
2025-09-14 11:33:46,963 - INFO - Batch 1090/2278: Loss=1.2687, Cls=0.0000, Reg=0.0804, Con=3.9610
2025-09-14 11:33:47,828 - INFO - Batch 1100/2278: Loss=1.1882, Cls=0.0000, Reg=0.0000, Con=3.9608
2025-09-14 11:33:48,677 - INFO - Batch 1110/2278: Loss=0.5964, Cls=0.0000, Reg=0.5964, Con=0.0000
2025-09-14 11:33:49,555 - INFO - Batch 1120/2278: Loss=1.1883, Cls=0.0000, Reg=0.0000, Con=3.9610
2025-09-14 11:33:50,426 - INFO - Batch 1130/2278: Loss=1.1882, Cls=0.0000, Reg=0.0000, Con=3.9607
2025-09-14 11:33:51,298 - INFO - Batch 1140/2278: Loss=0.0000, Cls=0.0000, Reg=0.0000, Con=0.0000
2025-09-14 11:33:52,155 - INFO - Batch 1150/2278: Loss=1.1886, Cls=0.0000, Reg=0.0000, Con=3.9619
2025-09-14 11:33:53,026 - INFO - Batch 1160/2278: Loss=0.0790, Cls=0.0000, Reg=0.0790, Con=0.0000
2025-09-14 11:33:53,893 - INFO - Batch 1170/2278: Loss=1.7260, Cls=0.0000, Reg=0.5377, Con=3.9610
2025-09-14 11:33:54,784 - INFO - Batch 1180/2278: Loss=1.1883, Cls=0.0000, Reg=0.0000, Con=3.9609
2025-09-14 11:33:55,671 - INFO - Batch 1190/2278: Loss=0.0000, Cls=0.0000, Reg=0.0000, Con=0.0000
2025-09-14 11:33:56,537 - INFO - Batch 1200/2278: Loss=1.1884, Cls=0.0000, Reg=0.0000, Con=3.9612
2025-09-14 11:33:57,413 - INFO - Batch 1210/2278: Loss=1.2812, Cls=0.0000, Reg=0.0927, Con=3.9615
2025-09-14 11:33:58,273 - INFO - Batch 1220/2278: Loss=0.9813, Cls=0.0000, Reg=0.9813, Con=0.0000
2025-09-14 11:33:59,161 - INFO - Batch 1230/2278: Loss=1.2019, Cls=0.0000, Reg=0.0136, Con=3.9608
2025-09-14 11:34:00,031 - INFO - Batch 1240/2278: Loss=1.2413, Cls=0.0000, Reg=0.0531, Con=3.9608
2025-09-14 11:34:00,917 - INFO - Batch 1250/2278: Loss=1.2229, Cls=0.0000, Reg=0.0346, Con=3.9611
2025-09-14 11:34:01,763 - INFO - Batch 1260/2278: Loss=1.2217, Cls=0.0000, Reg=0.0335, Con=3.9605
2025-09-14 11:34:02,650 - INFO - Batch 1270/2278: Loss=1.1882, Cls=0.0000, Reg=0.0000, Con=3.9608
2025-09-14 11:34:03,514 - INFO - Batch 1280/2278: Loss=1.2152, Cls=0.0000, Reg=0.0270, Con=3.9608
2025-09-14 11:34:04,430 - INFO - Batch 1290/2278: Loss=1.1883, Cls=0.0000, Reg=0.0000, Con=3.9609
2025-09-14 11:34:05,283 - INFO - Batch 1300/2278: Loss=0.3457, Cls=0.0000, Reg=0.3457, Con=0.0000
2025-09-14 11:34:06,144 - INFO - Batch 1310/2278: Loss=1.1883, Cls=0.0000, Reg=0.0000, Con=3.9610
2025-09-14 11:34:07,000 - INFO - Batch 1320/2278: Loss=0.0000, Cls=0.0000, Reg=0.0000, Con=0.0000
2025-09-14 11:34:07,864 - INFO - Batch 1330/2278: Loss=1.4873, Cls=0.0000, Reg=0.2990, Con=3.9609
2025-09-14 11:34:08,726 - INFO - Batch 1340/2278: Loss=1.1883, Cls=0.0000, Reg=0.0000, Con=3.9610
2025-09-14 11:34:09,594 - INFO - Batch 1350/2278: Loss=1.2943, Cls=0.0000, Reg=0.1061, Con=3.9606
2025-09-14 11:34:10,467 - INFO - Batch 1360/2278: Loss=0.0000, Cls=0.0000, Reg=0.0000, Con=0.0000
2025-09-14 11:34:11,334 - INFO - Batch 1370/2278: Loss=1.1882, Cls=0.0000, Reg=0.0000, Con=3.9606
2025-09-14 11:34:12,215 - INFO - Batch 1380/2278: Loss=1.1882, Cls=0.0000, Reg=0.0000, Con=3.9608
2025-09-14 11:34:13,087 - INFO - Batch 1390/2278: Loss=1.1883, Cls=0.0000, Reg=0.0000, Con=3.9609
2025-09-14 11:34:13,984 - INFO - Batch 1400/2278: Loss=1.2544, Cls=0.0000, Reg=0.0661, Con=3.9611
2025-09-14 11:34:14,862 - INFO - Batch 1410/2278: Loss=1.1883, Cls=0.0000, Reg=0.0000, Con=3.9610
2025-09-14 11:34:15,736 - INFO - Batch 1420/2278: Loss=1.1883, Cls=0.0000, Reg=0.0000, Con=3.9609
2025-09-14 11:34:16,610 - INFO - Batch 1430/2278: Loss=1.2070, Cls=0.0000, Reg=0.0187, Con=3.9608
2025-09-14 11:34:17,509 - INFO - Batch 1440/2278: Loss=1.4155, Cls=0.0000, Reg=0.2273, Con=3.9607
2025-09-14 11:34:18,396 - INFO - Batch 1450/2278: Loss=0.0000, Cls=0.0000, Reg=0.0000, Con=0.0000
2025-09-14 11:34:19,254 - INFO - Batch 1460/2278: Loss=1.2631, Cls=0.0000, Reg=0.0747, Con=3.9612
2025-09-14 11:34:20,152 - INFO - Batch 1470/2278: Loss=1.1913, Cls=0.0000, Reg=0.0031, Con=3.9608
2025-09-14 11:34:21,006 - INFO - Batch 1480/2278: Loss=1.4500, Cls=0.0000, Reg=0.2617, Con=3.9608
2025-09-14 11:34:21,878 - INFO - Batch 1490/2278: Loss=1.1883, Cls=0.0000, Reg=0.0000, Con=3.9609
2025-09-14 11:34:22,737 - INFO - Batch 1500/2278: Loss=1.1885, Cls=0.0000, Reg=0.0000, Con=3.9617
2025-09-14 11:34:23,618 - INFO - Batch 1510/2278: Loss=1.1882, Cls=0.0000, Reg=0.0000, Con=3.9607
2025-09-14 11:34:24,468 - INFO - Batch 1520/2278: Loss=0.1003, Cls=0.0000, Reg=0.1003, Con=0.0000
2025-09-14 11:34:25,326 - INFO - Batch 1530/2278: Loss=1.1883, Cls=0.0000, Reg=0.0000, Con=3.9609
2025-09-14 11:34:26,213 - INFO - Batch 1540/2278: Loss=1.4388, Cls=0.0000, Reg=0.2505, Con=3.9609
2025-09-14 11:34:27,091 - INFO - Batch 1550/2278: Loss=1.2424, Cls=0.0000, Reg=0.0542, Con=3.9607
2025-09-14 11:34:27,955 - INFO - Batch 1560/2278: Loss=1.5257, Cls=0.0000, Reg=0.3374, Con=3.9608
2025-09-14 11:34:28,807 - INFO - Batch 1570/2278: Loss=1.5351, Cls=0.0000, Reg=0.3469, Con=3.9609
2025-09-14 11:34:29,662 - INFO - Batch 1580/2278: Loss=1.2611, Cls=0.0000, Reg=0.0729, Con=3.9608
2025-09-14 11:34:30,541 - INFO - Batch 1590/2278: Loss=0.0000, Cls=0.0000, Reg=0.0000, Con=0.0000
2025-09-14 11:34:31,425 - INFO - Batch 1600/2278: Loss=1.7406, Cls=0.0000, Reg=1.7406, Con=0.0000
2025-09-14 11:34:32,286 - INFO - Batch 1610/2278: Loss=1.1882, Cls=0.0000, Reg=0.0000, Con=3.9608
2025-09-14 11:34:33,176 - INFO - Batch 1620/2278: Loss=0.0198, Cls=0.0000, Reg=0.0198, Con=0.0000
2025-09-14 11:34:34,042 - INFO - Batch 1630/2278: Loss=1.1884, Cls=0.0000, Reg=0.0000, Con=3.9613
2025-09-14 11:34:34,901 - INFO - Batch 1640/2278: Loss=1.5834, Cls=0.0000, Reg=0.3951, Con=3.9609
2025-09-14 11:34:35,787 - INFO - Batch 1650/2278: Loss=1.1883, Cls=0.0000, Reg=0.0000, Con=3.9609
2025-09-14 11:34:36,667 - INFO - Batch 1660/2278: Loss=1.1882, Cls=0.0000, Reg=0.0000, Con=3.9607
2025-09-14 11:34:37,523 - INFO - Batch 1670/2278: Loss=0.0000, Cls=0.0000, Reg=0.0000, Con=0.0000
2025-09-14 11:34:38,397 - INFO - Batch 1680/2278: Loss=1.3453, Cls=0.0000, Reg=0.1571, Con=3.9608
2025-09-14 11:34:39,240 - INFO - Batch 1690/2278: Loss=1.5110, Cls=0.0000, Reg=0.3227, Con=3.9611
2025-09-14 11:34:40,106 - INFO - Batch 1700/2278: Loss=1.6943, Cls=0.0000, Reg=0.5061, Con=3.9608
2025-09-14 11:34:40,965 - INFO - Batch 1710/2278: Loss=1.1883, Cls=0.0000, Reg=0.0000, Con=3.9609
2025-09-14 11:34:41,829 - INFO - Batch 1720/2278: Loss=1.1930, Cls=0.0000, Reg=0.0047, Con=3.9609
2025-09-14 11:34:42,685 - INFO - Batch 1730/2278: Loss=0.0000, Cls=0.0000, Reg=0.0000, Con=0.0000
2025-09-14 11:34:43,550 - INFO - Batch 1740/2278: Loss=1.1882, Cls=0.0000, Reg=0.0000, Con=3.9608
2025-09-14 11:34:44,399 - INFO - Batch 1750/2278: Loss=1.1883, Cls=0.0000, Reg=0.0000, Con=3.9610
2025-09-14 11:34:45,273 - INFO - Batch 1760/2278: Loss=1.1883, Cls=0.0000, Reg=0.0000, Con=3.9610
2025-09-14 11:34:46,156 - INFO - Batch 1770/2278: Loss=0.0653, Cls=0.0000, Reg=0.0653, Con=0.0000
2025-09-14 11:34:47,038 - INFO - Batch 1780/2278: Loss=1.2147, Cls=0.0000, Reg=0.0265, Con=3.9607
2025-09-14 11:34:47,915 - INFO - Batch 1790/2278: Loss=1.4453, Cls=0.0000, Reg=0.2571, Con=3.9607
2025-09-14 11:34:48,793 - INFO - Batch 1800/2278: Loss=1.2018, Cls=0.0000, Reg=0.0136, Con=3.9607
2025-09-14 11:34:49,647 - INFO - Batch 1810/2278: Loss=1.2669, Cls=0.0000, Reg=0.0786, Con=3.9609
2025-09-14 11:34:50,500 - INFO - Batch 1820/2278: Loss=1.1882, Cls=0.0000, Reg=0.0000, Con=3.9608
2025-09-14 11:34:51,361 - INFO - Batch 1830/2278: Loss=3.6079, Cls=0.0000, Reg=2.4196, Con=3.9610
2025-09-14 11:34:52,237 - INFO - Batch 1840/2278: Loss=1.1892, Cls=0.0000, Reg=0.0009, Con=3.9609
2025-09-14 11:34:53,125 - INFO - Batch 1850/2278: Loss=0.0000, Cls=0.0000, Reg=0.0000, Con=0.0000
2025-09-14 11:34:54,009 - INFO - Batch 1860/2278: Loss=1.1884, Cls=0.0000, Reg=0.0000, Con=3.9614
2025-09-14 11:34:54,920 - INFO - Batch 1870/2278: Loss=1.1883, Cls=0.0000, Reg=0.0000, Con=3.9609
2025-09-14 11:34:55,799 - INFO - Batch 1880/2278: Loss=1.1882, Cls=0.0000, Reg=0.0000, Con=3.9608
2025-09-14 11:34:56,675 - INFO - Batch 1890/2278: Loss=1.1995, Cls=0.0000, Reg=0.0112, Con=3.9609
2025-09-14 11:34:57,551 - INFO - Batch 1900/2278: Loss=0.0792, Cls=0.0000, Reg=0.0792, Con=0.0000
2025-09-14 11:34:58,399 - INFO - Batch 1910/2278: Loss=0.0000, Cls=0.0000, Reg=0.0000, Con=0.0000
2025-09-14 11:34:59,248 - INFO - Batch 1920/2278: Loss=1.1883, Cls=0.0000, Reg=0.0000, Con=3.9609
2025-09-14 11:35:00,134 - INFO - Batch 1930/2278: Loss=1.2089, Cls=0.0000, Reg=0.0207, Con=3.9608
2025-09-14 11:35:00,989 - INFO - Batch 1940/2278: Loss=0.0000, Cls=0.0000, Reg=0.0000, Con=0.0000
2025-09-14 11:35:01,842 - INFO - Batch 1950/2278: Loss=1.0841, Cls=0.0000, Reg=1.0841, Con=0.0000
2025-09-14 11:35:02,706 - INFO - Batch 1960/2278: Loss=1.7216, Cls=0.0000, Reg=0.5333, Con=3.9608
2025-09-14 11:35:03,574 - INFO - Batch 1970/2278: Loss=1.1883, Cls=0.0000, Reg=0.0000, Con=3.9611
2025-09-14 11:35:04,474 - INFO - Batch 1980/2278: Loss=1.1883, Cls=0.0000, Reg=0.0000, Con=3.9609
2025-09-14 11:35:05,329 - INFO - Batch 1990/2278: Loss=1.1883, Cls=0.0000, Reg=0.0000, Con=3.9609
2025-09-14 11:35:06,172 - INFO - Batch 2000/2278: Loss=1.2414, Cls=0.0000, Reg=0.0531, Con=3.9609
2025-09-14 11:35:07,030 - INFO - Batch 2010/2278: Loss=1.1883, Cls=0.0000, Reg=0.0001, Con=3.9608
2025-09-14 11:35:07,914 - INFO - Batch 2020/2278: Loss=1.2200, Cls=0.0000, Reg=0.0316, Con=3.9613
2025-09-14 11:35:08,791 - INFO - Batch 2030/2278: Loss=0.0000, Cls=0.0000, Reg=0.0000, Con=0.0000
2025-09-14 11:35:09,660 - INFO - Batch 2040/2278: Loss=1.3228, Cls=0.0000, Reg=0.1345, Con=3.9610
2025-09-14 11:35:10,556 - INFO - Batch 2050/2278: Loss=0.0000, Cls=0.0000, Reg=0.0000, Con=0.0000
2025-09-14 11:35:11,414 - INFO - Batch 2060/2278: Loss=2.0739, Cls=0.0000, Reg=2.0739, Con=0.0000
2025-09-14 11:35:12,306 - INFO - Batch 2070/2278: Loss=1.1883, Cls=0.0000, Reg=0.0000, Con=3.9609
2025-09-14 11:35:13,184 - INFO - Batch 2080/2278: Loss=1.1985, Cls=0.0000, Reg=0.0102, Con=3.9608
2025-09-14 11:35:14,046 - INFO - Batch 2090/2278: Loss=1.1882, Cls=0.0000, Reg=0.0000, Con=3.9606
2025-09-14 11:35:14,930 - INFO - Batch 2100/2278: Loss=0.0000, Cls=0.0000, Reg=0.0000, Con=0.0000
2025-09-14 11:35:15,794 - INFO - Batch 2110/2278: Loss=0.1274, Cls=0.0000, Reg=0.1274, Con=0.0000
2025-09-14 11:35:16,672 - INFO - Batch 2120/2278: Loss=3.4885, Cls=0.0000, Reg=2.3002, Con=3.9609
2025-09-14 11:35:17,540 - INFO - Batch 2130/2278: Loss=1.1882, Cls=0.0000, Reg=0.0000, Con=3.9606
2025-09-14 11:35:18,421 - INFO - Batch 2140/2278: Loss=1.1978, Cls=0.0000, Reg=0.0095, Con=3.9610
2025-09-14 11:35:19,261 - INFO - Batch 2150/2278: Loss=1.1917, Cls=0.0000, Reg=0.0034, Con=3.9609
2025-09-14 11:35:20,126 - INFO - Batch 2160/2278: Loss=0.0000, Cls=0.0000, Reg=0.0000, Con=0.0000
2025-09-14 11:35:20,986 - INFO - Batch 2170/2278: Loss=1.1906, Cls=0.0000, Reg=0.0023, Con=3.9607
2025-09-14 11:35:21,853 - INFO - Batch 2180/2278: Loss=1.1883, Cls=0.0000, Reg=0.0000, Con=3.9609
2025-09-14 11:35:22,708 - INFO - Batch 2190/2278: Loss=1.1883, Cls=0.0000, Reg=0.0000, Con=3.9609
2025-09-14 11:35:23,595 - INFO - Batch 2200/2278: Loss=0.0768, Cls=0.0000, Reg=0.0768, Con=0.0000
2025-09-14 11:35:24,442 - INFO - Batch 2210/2278: Loss=1.1882, Cls=0.0000, Reg=0.0000, Con=3.9608
2025-09-14 11:35:25,319 - INFO - Batch 2220/2278: Loss=1.1883, Cls=0.0000, Reg=0.0000, Con=3.9609
2025-09-14 11:35:26,183 - INFO - Batch 2230/2278: Loss=1.1882, Cls=0.0000, Reg=0.0000, Con=3.9608
2025-09-14 11:35:27,034 - INFO - Batch 2240/2278: Loss=0.0166, Cls=0.0000, Reg=0.0166, Con=0.0000
2025-09-14 11:35:27,893 - INFO - Batch 2250/2278: Loss=1.1882, Cls=0.0000, Reg=0.0000, Con=3.9608
2025-09-14 11:35:28,768 - INFO - Batch 2260/2278: Loss=1.2464, Cls=0.0000, Reg=0.0581, Con=3.9608
2025-09-14 11:35:29,626 - INFO - Batch 2270/2278: Loss=1.1883, Cls=0.0000, Reg=0.0000, Con=3.9609
2025-09-14 11:38:41,389 - INFO - === Epoch 3 Results ===
2025-09-14 11:38:41,389 - INFO - Training Loss: 1.0113 (Classification: 0.0000, Regression: 0.1048)
2025-09-14 11:38:41,389 - INFO - Validation Loss: 0.0103 (Classification: 0.0000, Regression: 0.0103)
2025-09-14 11:38:41,390 - INFO - Average R²: 0.7998 (on 1/5 tasks)
2025-09-14 11:38:41,390 - INFO - Average RMSE: 0.4380
2025-09-14 11:38:44,204 - INFO - Best model saved to: experiments/r1c3_headft_reg_4_seed_42_20250914_111914/checkpoints/r1c3_headft_reg_4_seed_42_best.pth
2025-09-14 11:38:44,204 - INFO - Training finished!
2025-09-14 11:38:44,204 - INFO - Performing final evaluation...
2025-09-14 11:38:44,454 - INFO - Loaded best model from: experiments/r1c3_headft_reg_4_seed_42_20250914_111914/checkpoints/r1c3_headft_reg_4_seed_42_best.pth
2025-09-14 11:41:56,197 - INFO - Final Validation Results:
2025-09-14 11:41:56,197 - INFO -   Total Loss: 0.0103
2025-09-14 11:41:56,197 - INFO -   Classification Loss: 0.0000
2025-09-14 11:41:56,197 - INFO -   Regression Loss: 0.0103
2025-09-14 11:41:56,197 - INFO -   Average R²: 0.7998
2025-09-14 11:41:56,197 - INFO -   Average RMSE: 0.4380
2025-09-14 11:41:56,198 - INFO - Results saved to: experiments/r1c3_headft_reg_4_seed_42_20250914_111914/checkpoints/r1c3_headft_reg_4_seed_42_results.json
