2025-09-14 10:06:04,014 - INFO - 🔬 Starting experiment: r1c3_headft_cls_24_seed_42
2025-09-14 10:06:04,014 - INFO - 📁 Experiment directory: experiments/r1c3_headft_cls_24_seed_42_20250914_100603
2025-09-14 10:06:04,014 - INFO - 🎲 Random seed: 42
2025-09-14 10:06:04,014 - INFO - 🔒 Deterministic mode: True
2025-09-14 10:06:04,014 - INFO - Using device: cuda
2025-09-14 10:06:04,014 - INFO - Total GPU Memory: 25.16 GB
2025-09-14 10:06:04,029 - INFO - 🧪 Fusion: Using cross-attention dynamic fusion
2025-09-14 10:06:04,029 - INFO - 🧪 GNN Backbone: Using default GraphAttentionNetwork branch
2025-09-14 10:06:04,029 - INFO - 🎯 Task Mode: Single classification endpoint 24
2025-09-14 10:06:04,029 - INFO - Configuration saved to: experiments/r1c3_headft_cls_24_seed_42_20250914_100603/checkpoints/config.json
2025-09-14 10:06:04,029 - INFO - 🚀 Using preprocessed data from: /mnt/backup2/ai4s/backupunimolpy/responds-work/ToxD4C/data/data/processed
2025-09-14 10:06:04,029 - INFO - Loading LMDB dataset from: /mnt/backup2/ai4s/backupunimolpy/responds-work/ToxD4C/data/data/processed
2025-09-14 10:06:04,566 - INFO - Number of training batches: 2278
2025-09-14 10:06:04,566 - INFO - Number of validation batches: 2278
2025-09-14 10:06:04,566 - INFO - Number of test batches: 2278
2025-09-14 10:06:04,566 - INFO - Creating ToxD4C model...
2025-09-14 10:06:05,573 - INFO - Model created successfully. Total parameters: 100,932,036
2025-09-14 10:06:05,573 - INFO - Testing model forward pass...
2025-09-14 10:06:06,001 - INFO - Test output shapes:
2025-09-14 10:06:06,001 - INFO -   classification: torch.Size([16, 1])
2025-09-14 10:06:06,003 - INFO -   classification contains NaN: False
2025-09-14 10:06:06,003 - INFO -   classification contains Inf: False
2025-09-14 10:06:06,003 - INFO -   regression: torch.Size([16, 0])
2025-09-14 10:06:06,004 - INFO -   regression contains NaN: False
2025-09-14 10:06:06,004 - INFO -   regression contains Inf: False
2025-09-14 10:06:06,004 - INFO - Model forward pass test successful!
2025-09-14 10:06:06,639 - INFO - 🔁 Loaded checkpoint from: /mnt/backup2/ai4s/backupunimolpy/responds-work/ToxD4C/experiments/r1c3_multi_full_seed_42_20250913_152627/checkpoints/r1c3_multi_full_seed_42_best.pth
2025-09-14 10:06:06,640 - INFO - 🧩 Head-only fine-tuning: unfroze head for task 'SR-MMP' and froze trunk.
2025-09-14 10:06:06,642 - INFO - Starting training...
2025-09-14 10:06:06,642 - INFO - 
Epoch 1/3
2025-09-14 10:06:06,805 - INFO - Batch 0/2278: Loss=0.0025, Cls=0.0025, Reg=0.0000, Con=0.0000
2025-09-14 10:06:07,682 - INFO - Batch 10/2278: Loss=0.0014, Cls=0.0014, Reg=0.0000, Con=0.0000
2025-09-14 10:06:08,564 - INFO - Batch 20/2278: Loss=1.3519, Cls=0.1636, Reg=0.0000, Con=3.9610
2025-09-14 10:06:09,454 - INFO - Batch 30/2278: Loss=0.0000, Cls=0.0000, Reg=0.0000, Con=0.0000
2025-09-14 10:06:10,322 - INFO - Batch 40/2278: Loss=0.0075, Cls=0.0075, Reg=0.0000, Con=0.0000
2025-09-14 10:06:11,195 - INFO - Batch 50/2278: Loss=1.2065, Cls=0.0183, Reg=0.0000, Con=3.9609
2025-09-14 10:06:12,080 - INFO - Batch 60/2278: Loss=1.4311, Cls=0.2428, Reg=0.0000, Con=3.9609
2025-09-14 10:06:12,989 - INFO - Batch 70/2278: Loss=1.1882, Cls=0.0000, Reg=0.0000, Con=3.9608
2025-09-14 10:06:14,003 - INFO - Batch 80/2278: Loss=0.0007, Cls=0.0007, Reg=0.0000, Con=0.0000
2025-09-14 10:06:14,943 - INFO - Batch 90/2278: Loss=0.0048, Cls=0.0048, Reg=0.0000, Con=0.0000
2025-09-14 10:06:15,802 - INFO - Batch 100/2278: Loss=0.0201, Cls=0.0201, Reg=0.0000, Con=0.0000
2025-09-14 10:06:16,696 - INFO - Batch 110/2278: Loss=0.2771, Cls=0.2771, Reg=0.0000, Con=0.0000
2025-09-14 10:06:17,576 - INFO - Batch 120/2278: Loss=1.1934, Cls=0.0051, Reg=0.0000, Con=3.9609
2025-09-14 10:06:18,462 - INFO - Batch 130/2278: Loss=1.1889, Cls=0.0006, Reg=0.0000, Con=3.9609
2025-09-14 10:06:19,364 - INFO - Batch 140/2278: Loss=1.2073, Cls=0.0188, Reg=0.0000, Con=3.9615
2025-09-14 10:06:20,255 - INFO - Batch 150/2278: Loss=1.2679, Cls=0.0796, Reg=0.0000, Con=3.9610
2025-09-14 10:06:21,144 - INFO - Batch 160/2278: Loss=1.3834, Cls=0.1951, Reg=0.0000, Con=3.9611
2025-09-14 10:06:22,022 - INFO - Batch 170/2278: Loss=1.1905, Cls=0.0022, Reg=0.0000, Con=3.9611
2025-09-14 10:06:22,925 - INFO - Batch 180/2278: Loss=1.1886, Cls=0.0003, Reg=0.0000, Con=3.9610
2025-09-14 10:06:23,797 - INFO - Batch 190/2278: Loss=1.6073, Cls=0.4190, Reg=0.0000, Con=3.9608
2025-09-14 10:06:24,694 - INFO - Batch 200/2278: Loss=0.0711, Cls=0.0711, Reg=0.0000, Con=0.0000
2025-09-14 10:06:25,594 - INFO - Batch 210/2278: Loss=0.0012, Cls=0.0012, Reg=0.0000, Con=0.0000
2025-09-14 10:06:26,466 - INFO - Batch 220/2278: Loss=0.0058, Cls=0.0058, Reg=0.0000, Con=0.0000
2025-09-14 10:06:27,345 - INFO - Batch 230/2278: Loss=1.1905, Cls=0.0022, Reg=0.0000, Con=3.9610
2025-09-14 10:06:28,226 - INFO - Batch 240/2278: Loss=1.1890, Cls=0.0007, Reg=0.0000, Con=3.9608
2025-09-14 10:06:29,154 - INFO - Batch 250/2278: Loss=0.0001, Cls=0.0001, Reg=0.0000, Con=0.0000
2025-09-14 10:06:30,021 - INFO - Batch 260/2278: Loss=0.0024, Cls=0.0024, Reg=0.0000, Con=0.0000
2025-09-14 10:06:30,902 - INFO - Batch 270/2278: Loss=0.0000, Cls=0.0000, Reg=0.0000, Con=0.0000
2025-09-14 10:06:31,762 - INFO - Batch 280/2278: Loss=1.1892, Cls=0.0009, Reg=0.0000, Con=3.9611
2025-09-14 10:06:32,701 - INFO - Batch 290/2278: Loss=1.1965, Cls=1.1965, Reg=0.0000, Con=0.0000
2025-09-14 10:06:33,572 - INFO - Batch 300/2278: Loss=1.1888, Cls=0.0005, Reg=0.0000, Con=3.9609
2025-09-14 10:06:34,458 - INFO - Batch 310/2278: Loss=1.1925, Cls=0.0041, Reg=0.0000, Con=3.9612
2025-09-14 10:06:35,326 - INFO - Batch 320/2278: Loss=0.0003, Cls=0.0003, Reg=0.0000, Con=0.0000
2025-09-14 10:06:36,227 - INFO - Batch 330/2278: Loss=3.0367, Cls=1.8484, Reg=0.0000, Con=3.9609
2025-09-14 10:06:37,105 - INFO - Batch 340/2278: Loss=1.7409, Cls=0.5526, Reg=0.0000, Con=3.9610
2025-09-14 10:06:38,010 - INFO - Batch 350/2278: Loss=1.9795, Cls=0.7912, Reg=0.0000, Con=3.9611
2025-09-14 10:06:38,872 - INFO - Batch 360/2278: Loss=1.1882, Cls=0.0000, Reg=0.0000, Con=3.9607
2025-09-14 10:06:39,778 - INFO - Batch 370/2278: Loss=1.4679, Cls=0.2796, Reg=0.0000, Con=3.9609
2025-09-14 10:06:40,653 - INFO - Batch 380/2278: Loss=1.1884, Cls=0.0001, Reg=0.0000, Con=3.9607
2025-09-14 10:06:41,548 - INFO - Batch 390/2278: Loss=1.1882, Cls=0.0000, Reg=0.0000, Con=3.9607
2025-09-14 10:06:42,443 - INFO - Batch 400/2278: Loss=4.1765, Cls=4.1765, Reg=0.0000, Con=0.0000
2025-09-14 10:06:43,313 - INFO - Batch 410/2278: Loss=0.0000, Cls=0.0000, Reg=0.0000, Con=0.0000
2025-09-14 10:06:44,217 - INFO - Batch 420/2278: Loss=0.0051, Cls=0.0051, Reg=0.0000, Con=0.0000
2025-09-14 10:06:45,103 - INFO - Batch 430/2278: Loss=1.1972, Cls=0.0090, Reg=0.0000, Con=3.9607
2025-09-14 10:06:45,983 - INFO - Batch 440/2278: Loss=1.1882, Cls=0.0000, Reg=0.0000, Con=3.9608
2025-09-14 10:06:46,888 - INFO - Batch 450/2278: Loss=1.6858, Cls=0.4976, Reg=0.0000, Con=3.9607
2025-09-14 10:06:47,768 - INFO - Batch 460/2278: Loss=1.9343, Cls=0.7461, Reg=0.0000, Con=3.9607
2025-09-14 10:06:48,671 - INFO - Batch 470/2278: Loss=1.1885, Cls=0.0002, Reg=0.0000, Con=3.9611
2025-09-14 10:06:49,558 - INFO - Batch 480/2278: Loss=1.1884, Cls=0.0002, Reg=0.0000, Con=3.9607
2025-09-14 10:06:50,435 - INFO - Batch 490/2278: Loss=0.0000, Cls=0.0000, Reg=0.0000, Con=0.0000
2025-09-14 10:06:51,337 - INFO - Batch 500/2278: Loss=0.0001, Cls=0.0001, Reg=0.0000, Con=0.0000
2025-09-14 10:06:52,238 - INFO - Batch 510/2278: Loss=1.1883, Cls=0.0000, Reg=0.0000, Con=3.9609
2025-09-14 10:06:53,103 - INFO - Batch 520/2278: Loss=1.1885, Cls=0.0002, Reg=0.0000, Con=3.9608
2025-09-14 10:06:53,985 - INFO - Batch 530/2278: Loss=1.1891, Cls=0.0009, Reg=0.0000, Con=3.9608
2025-09-14 10:06:54,879 - INFO - Batch 540/2278: Loss=1.1961, Cls=0.0078, Reg=0.0000, Con=3.9610
2025-09-14 10:06:55,739 - INFO - Batch 550/2278: Loss=1.1882, Cls=0.0000, Reg=0.0000, Con=3.9607
2025-09-14 10:06:56,652 - INFO - Batch 560/2278: Loss=1.1884, Cls=0.0001, Reg=0.0000, Con=3.9609
2025-09-14 10:06:57,561 - INFO - Batch 570/2278: Loss=1.7685, Cls=0.5803, Reg=0.0000, Con=3.9608
2025-09-14 10:06:58,444 - INFO - Batch 580/2278: Loss=0.0017, Cls=0.0017, Reg=0.0000, Con=0.0000
2025-09-14 10:06:59,357 - INFO - Batch 590/2278: Loss=0.4092, Cls=0.4092, Reg=0.0000, Con=0.0000
2025-09-14 10:07:00,271 - INFO - Batch 600/2278: Loss=1.1883, Cls=0.0000, Reg=0.0000, Con=3.9609
2025-09-14 10:07:01,149 - INFO - Batch 610/2278: Loss=1.1912, Cls=0.0030, Reg=0.0000, Con=3.9609
2025-09-14 10:07:02,058 - INFO - Batch 620/2278: Loss=1.1977, Cls=0.0095, Reg=0.0000, Con=3.9608
2025-09-14 10:07:02,942 - INFO - Batch 630/2278: Loss=0.0000, Cls=0.0000, Reg=0.0000, Con=0.0000
2025-09-14 10:07:03,835 - INFO - Batch 640/2278: Loss=1.1961, Cls=0.0078, Reg=0.0000, Con=3.9608
2025-09-14 10:07:04,717 - INFO - Batch 650/2278: Loss=1.1885, Cls=0.0001, Reg=0.0000, Con=3.9613
2025-09-14 10:07:05,653 - INFO - Batch 660/2278: Loss=1.1882, Cls=0.0000, Reg=0.0000, Con=3.9608
2025-09-14 10:07:06,558 - INFO - Batch 670/2278: Loss=1.1892, Cls=0.0010, Reg=0.0000, Con=3.9608
2025-09-14 10:07:07,435 - INFO - Batch 680/2278: Loss=1.1883, Cls=0.0000, Reg=0.0000, Con=3.9608
2025-09-14 10:07:08,310 - INFO - Batch 690/2278: Loss=0.9056, Cls=0.9056, Reg=0.0000, Con=0.0000
2025-09-14 10:07:09,221 - INFO - Batch 700/2278: Loss=0.0000, Cls=0.0000, Reg=0.0000, Con=0.0000
2025-09-14 10:07:10,170 - INFO - Batch 710/2278: Loss=1.1882, Cls=0.0000, Reg=0.0000, Con=3.9607
2025-09-14 10:07:11,113 - INFO - Batch 720/2278: Loss=1.1883, Cls=0.0000, Reg=0.0000, Con=3.9609
2025-09-14 10:07:12,072 - INFO - Batch 730/2278: Loss=1.1973, Cls=0.0090, Reg=0.0000, Con=3.9613
2025-09-14 10:07:12,958 - INFO - Batch 740/2278: Loss=2.0290, Cls=0.8407, Reg=0.0000, Con=3.9610
2025-09-14 10:07:13,860 - INFO - Batch 750/2278: Loss=1.2382, Cls=0.0500, Reg=0.0000, Con=3.9609
2025-09-14 10:07:14,750 - INFO - Batch 760/2278: Loss=1.1948, Cls=0.0066, Reg=0.0000, Con=3.9608
2025-09-14 10:07:15,656 - INFO - Batch 770/2278: Loss=1.1883, Cls=0.0000, Reg=0.0000, Con=3.9610
2025-09-14 10:07:16,563 - INFO - Batch 780/2278: Loss=1.1952, Cls=0.0069, Reg=0.0000, Con=3.9608
2025-09-14 10:07:17,461 - INFO - Batch 790/2278: Loss=0.2343, Cls=0.2343, Reg=0.0000, Con=0.0000
2025-09-14 10:07:18,353 - INFO - Batch 800/2278: Loss=1.1884, Cls=0.0000, Reg=0.0000, Con=3.9612
2025-09-14 10:07:19,252 - INFO - Batch 810/2278: Loss=1.1884, Cls=0.0000, Reg=0.0000, Con=3.9612
2025-09-14 10:07:20,145 - INFO - Batch 820/2278: Loss=1.1883, Cls=0.0000, Reg=0.0000, Con=3.9609
2025-09-14 10:07:21,028 - INFO - Batch 830/2278: Loss=1.1883, Cls=0.0000, Reg=0.0000, Con=3.9609
2025-09-14 10:07:21,901 - INFO - Batch 840/2278: Loss=1.1925, Cls=0.0043, Reg=0.0000, Con=3.9608
2025-09-14 10:07:22,805 - INFO - Batch 850/2278: Loss=0.0280, Cls=0.0280, Reg=0.0000, Con=0.0000
2025-09-14 10:07:23,692 - INFO - Batch 860/2278: Loss=1.1922, Cls=0.0039, Reg=0.0000, Con=3.9607
2025-09-14 10:07:24,635 - INFO - Batch 870/2278: Loss=0.0000, Cls=0.0000, Reg=0.0000, Con=0.0000
2025-09-14 10:07:25,535 - INFO - Batch 880/2278: Loss=0.0032, Cls=0.0032, Reg=0.0000, Con=0.0000
2025-09-14 10:07:26,376 - INFO - Batch 890/2278: Loss=0.0005, Cls=0.0005, Reg=0.0000, Con=0.0000
2025-09-14 10:07:27,291 - INFO - Batch 900/2278: Loss=1.2169, Cls=0.0286, Reg=0.0000, Con=3.9609
2025-09-14 10:07:28,195 - INFO - Batch 910/2278: Loss=2.6964, Cls=1.5081, Reg=0.0000, Con=3.9609
2025-09-14 10:07:29,076 - INFO - Batch 920/2278: Loss=7.8273, Cls=6.6390, Reg=0.0000, Con=3.9610
2025-09-14 10:07:29,985 - INFO - Batch 930/2278: Loss=3.1055, Cls=1.9172, Reg=0.0000, Con=3.9608
2025-09-14 10:07:30,908 - INFO - Batch 940/2278: Loss=1.1932, Cls=0.0049, Reg=0.0000, Con=3.9609
2025-09-14 10:07:31,795 - INFO - Batch 950/2278: Loss=1.1883, Cls=0.0000, Reg=0.0000, Con=3.9611
2025-09-14 10:07:32,692 - INFO - Batch 960/2278: Loss=1.5139, Cls=0.3256, Reg=0.0000, Con=3.9609
2025-09-14 10:07:33,618 - INFO - Batch 970/2278: Loss=1.2802, Cls=0.0918, Reg=0.0000, Con=3.9612
2025-09-14 10:07:34,526 - INFO - Batch 980/2278: Loss=2.3981, Cls=2.3981, Reg=0.0000, Con=0.0000
2025-09-14 10:07:35,419 - INFO - Batch 990/2278: Loss=0.0000, Cls=0.0000, Reg=0.0000, Con=0.0000
2025-09-14 10:07:36,315 - INFO - Batch 1000/2278: Loss=1.2485, Cls=0.0602, Reg=0.0000, Con=3.9609
2025-09-14 10:07:37,212 - INFO - Batch 1010/2278: Loss=1.1882, Cls=0.0000, Reg=0.0000, Con=3.9608
2025-09-14 10:07:38,099 - INFO - Batch 1020/2278: Loss=0.0044, Cls=0.0044, Reg=0.0000, Con=0.0000
2025-09-14 10:07:39,004 - INFO - Batch 1030/2278: Loss=1.1885, Cls=0.0002, Reg=0.0000, Con=3.9610
2025-09-14 10:07:39,914 - INFO - Batch 1040/2278: Loss=1.1885, Cls=0.0003, Reg=0.0000, Con=3.9607
2025-09-14 10:07:40,860 - INFO - Batch 1050/2278: Loss=1.1887, Cls=0.0004, Reg=0.0000, Con=3.9609
2025-09-14 10:07:41,733 - INFO - Batch 1060/2278: Loss=1.2484, Cls=0.0602, Reg=0.0000, Con=3.9608
2025-09-14 10:07:42,620 - INFO - Batch 1070/2278: Loss=1.1892, Cls=0.0009, Reg=0.0000, Con=3.9608
2025-09-14 10:07:43,500 - INFO - Batch 1080/2278: Loss=0.1248, Cls=0.1248, Reg=0.0000, Con=0.0000
2025-09-14 10:07:44,393 - INFO - Batch 1090/2278: Loss=1.1883, Cls=0.0000, Reg=0.0000, Con=3.9609
2025-09-14 10:07:45,278 - INFO - Batch 1100/2278: Loss=6.3532, Cls=6.3532, Reg=0.0000, Con=0.0000
2025-09-14 10:07:46,195 - INFO - Batch 1110/2278: Loss=1.1887, Cls=0.0005, Reg=0.0000, Con=3.9608
2025-09-14 10:07:47,143 - INFO - Batch 1120/2278: Loss=0.0013, Cls=0.0013, Reg=0.0000, Con=0.0000
2025-09-14 10:07:48,036 - INFO - Batch 1130/2278: Loss=2.3996, Cls=1.2114, Reg=0.0000, Con=3.9608
2025-09-14 10:07:48,920 - INFO - Batch 1140/2278: Loss=1.2815, Cls=0.0933, Reg=0.0000, Con=3.9608
2025-09-14 10:07:49,826 - INFO - Batch 1150/2278: Loss=1.1904, Cls=0.0020, Reg=0.0000, Con=3.9611
2025-09-14 10:07:50,728 - INFO - Batch 1160/2278: Loss=1.2259, Cls=0.0377, Reg=0.0000, Con=3.9609
2025-09-14 10:07:51,613 - INFO - Batch 1170/2278: Loss=0.0001, Cls=0.0001, Reg=0.0000, Con=0.0000
2025-09-14 10:07:52,496 - INFO - Batch 1180/2278: Loss=1.1890, Cls=0.0008, Reg=0.0000, Con=3.9609
2025-09-14 10:07:53,380 - INFO - Batch 1190/2278: Loss=1.2068, Cls=0.0185, Reg=0.0000, Con=3.9609
2025-09-14 10:07:54,251 - INFO - Batch 1200/2278: Loss=0.0295, Cls=0.0295, Reg=0.0000, Con=0.0000
2025-09-14 10:07:55,157 - INFO - Batch 1210/2278: Loss=1.1914, Cls=0.0031, Reg=0.0000, Con=3.9610
2025-09-14 10:07:56,030 - INFO - Batch 1220/2278: Loss=0.0400, Cls=0.0400, Reg=0.0000, Con=0.0000
2025-09-14 10:07:56,901 - INFO - Batch 1230/2278: Loss=1.1903, Cls=0.0020, Reg=0.0000, Con=3.9609
2025-09-14 10:07:57,820 - INFO - Batch 1240/2278: Loss=1.1883, Cls=0.0000, Reg=0.0000, Con=3.9609
2025-09-14 10:07:58,694 - INFO - Batch 1250/2278: Loss=0.0000, Cls=0.0000, Reg=0.0000, Con=0.0000
2025-09-14 10:07:59,569 - INFO - Batch 1260/2278: Loss=0.0013, Cls=0.0013, Reg=0.0000, Con=0.0000
2025-09-14 10:08:00,459 - INFO - Batch 1270/2278: Loss=1.1883, Cls=0.0001, Reg=0.0000, Con=3.9609
2025-09-14 10:08:01,359 - INFO - Batch 1280/2278: Loss=1.1218, Cls=1.1218, Reg=0.0000, Con=0.0000
2025-09-14 10:08:02,264 - INFO - Batch 1290/2278: Loss=0.0133, Cls=0.0133, Reg=0.0000, Con=0.0000
2025-09-14 10:08:03,142 - INFO - Batch 1300/2278: Loss=1.1983, Cls=0.0100, Reg=0.0000, Con=3.9610
2025-09-14 10:08:04,016 - INFO - Batch 1310/2278: Loss=3.3107, Cls=2.1224, Reg=0.0000, Con=3.9611
2025-09-14 10:08:04,888 - INFO - Batch 1320/2278: Loss=0.0001, Cls=0.0001, Reg=0.0000, Con=0.0000
2025-09-14 10:08:05,774 - INFO - Batch 1330/2278: Loss=1.1886, Cls=0.0002, Reg=0.0000, Con=3.9613
2025-09-14 10:08:06,674 - INFO - Batch 1340/2278: Loss=1.1882, Cls=0.0000, Reg=0.0000, Con=3.9608
2025-09-14 10:08:07,562 - INFO - Batch 1350/2278: Loss=0.0003, Cls=0.0003, Reg=0.0000, Con=0.0000
2025-09-14 10:08:08,436 - INFO - Batch 1360/2278: Loss=1.4065, Cls=0.2182, Reg=0.0000, Con=3.9610
2025-09-14 10:08:09,316 - INFO - Batch 1370/2278: Loss=1.1882, Cls=0.0000, Reg=0.0000, Con=3.9608
2025-09-14 10:08:10,188 - INFO - Batch 1380/2278: Loss=1.4246, Cls=0.2364, Reg=0.0000, Con=3.9608
2025-09-14 10:08:11,102 - INFO - Batch 1390/2278: Loss=1.1925, Cls=0.0042, Reg=0.0000, Con=3.9608
2025-09-14 10:08:12,032 - INFO - Batch 1400/2278: Loss=1.2611, Cls=0.0728, Reg=0.0000, Con=3.9609
2025-09-14 10:08:12,923 - INFO - Batch 1410/2278: Loss=1.2434, Cls=0.0550, Reg=0.0000, Con=3.9612
2025-09-14 10:08:13,818 - INFO - Batch 1420/2278: Loss=0.0118, Cls=0.0118, Reg=0.0000, Con=0.0000
2025-09-14 10:08:14,729 - INFO - Batch 1430/2278: Loss=1.2290, Cls=0.0407, Reg=0.0000, Con=3.9609
2025-09-14 10:08:15,569 - INFO - Batch 1440/2278: Loss=1.1883, Cls=0.0000, Reg=0.0000, Con=3.9609
2025-09-14 10:08:16,445 - INFO - Batch 1450/2278: Loss=1.1882, Cls=0.0000, Reg=0.0000, Con=3.9608
2025-09-14 10:08:17,383 - INFO - Batch 1460/2278: Loss=0.0002, Cls=0.0002, Reg=0.0000, Con=0.0000
2025-09-14 10:08:18,260 - INFO - Batch 1470/2278: Loss=1.1883, Cls=0.0000, Reg=0.0000, Con=3.9609
2025-09-14 10:08:19,120 - INFO - Batch 1480/2278: Loss=1.1912, Cls=0.0030, Reg=0.0000, Con=3.9607
2025-09-14 10:08:20,004 - INFO - Batch 1490/2278: Loss=1.1883, Cls=0.0001, Reg=0.0000, Con=3.9609
2025-09-14 10:08:20,873 - INFO - Batch 1500/2278: Loss=1.1883, Cls=0.0001, Reg=0.0000, Con=3.9609
2025-09-14 10:08:21,769 - INFO - Batch 1510/2278: Loss=0.0000, Cls=0.0000, Reg=0.0000, Con=0.0000
2025-09-14 10:08:22,656 - INFO - Batch 1520/2278: Loss=3.0923, Cls=1.9040, Reg=0.0000, Con=3.9608
2025-09-14 10:08:23,541 - INFO - Batch 1530/2278: Loss=1.3826, Cls=0.1943, Reg=0.0000, Con=3.9608
2025-09-14 10:08:24,437 - INFO - Batch 1540/2278: Loss=1.7199, Cls=0.5317, Reg=0.0000, Con=3.9609
2025-09-14 10:08:25,326 - INFO - Batch 1550/2278: Loss=1.4073, Cls=0.2190, Reg=0.0000, Con=3.9610
2025-09-14 10:08:26,217 - INFO - Batch 1560/2278: Loss=2.2165, Cls=1.0283, Reg=0.0000, Con=3.9609
2025-09-14 10:08:27,105 - INFO - Batch 1570/2278: Loss=1.2264, Cls=0.0382, Reg=0.0000, Con=3.9608
2025-09-14 10:08:28,003 - INFO - Batch 1580/2278: Loss=1.1919, Cls=0.0036, Reg=0.0000, Con=3.9608
2025-09-14 10:08:28,898 - INFO - Batch 1590/2278: Loss=1.6709, Cls=0.4827, Reg=0.0000, Con=3.9609
2025-09-14 10:08:29,852 - INFO - Batch 1600/2278: Loss=1.1883, Cls=0.0000, Reg=0.0000, Con=3.9608
2025-09-14 10:08:30,727 - INFO - Batch 1610/2278: Loss=0.3325, Cls=0.3325, Reg=0.0000, Con=0.0000
2025-09-14 10:08:31,616 - INFO - Batch 1620/2278: Loss=0.0142, Cls=0.0142, Reg=0.0000, Con=0.0000
2025-09-14 10:08:32,493 - INFO - Batch 1630/2278: Loss=1.1882, Cls=0.0000, Reg=0.0000, Con=3.9608
2025-09-14 10:08:33,366 - INFO - Batch 1640/2278: Loss=0.0030, Cls=0.0030, Reg=0.0000, Con=0.0000
2025-09-14 10:08:34,244 - INFO - Batch 1650/2278: Loss=0.5580, Cls=0.5580, Reg=0.0000, Con=0.0000
2025-09-14 10:08:35,132 - INFO - Batch 1660/2278: Loss=0.8415, Cls=0.8415, Reg=0.0000, Con=0.0000
2025-09-14 10:08:36,020 - INFO - Batch 1670/2278: Loss=1.1884, Cls=0.0000, Reg=0.0000, Con=3.9612
2025-09-14 10:08:36,938 - INFO - Batch 1680/2278: Loss=0.0004, Cls=0.0004, Reg=0.0000, Con=0.0000
2025-09-14 10:08:37,815 - INFO - Batch 1690/2278: Loss=1.1895, Cls=0.0011, Reg=0.0000, Con=3.9612
2025-09-14 10:08:38,676 - INFO - Batch 1700/2278: Loss=1.1896, Cls=0.0013, Reg=0.0000, Con=3.9612
2025-09-14 10:08:39,546 - INFO - Batch 1710/2278: Loss=0.0006, Cls=0.0006, Reg=0.0000, Con=0.0000
2025-09-14 10:08:40,421 - INFO - Batch 1720/2278: Loss=1.2973, Cls=0.1090, Reg=0.0000, Con=3.9608
2025-09-14 10:08:41,304 - INFO - Batch 1730/2278: Loss=0.0089, Cls=0.0089, Reg=0.0000, Con=0.0000
2025-09-14 10:08:42,193 - INFO - Batch 1740/2278: Loss=0.0000, Cls=0.0000, Reg=0.0000, Con=0.0000
2025-09-14 10:08:43,061 - INFO - Batch 1750/2278: Loss=1.1883, Cls=0.0000, Reg=0.0000, Con=3.9609
2025-09-14 10:08:43,942 - INFO - Batch 1760/2278: Loss=1.1885, Cls=0.0002, Reg=0.0000, Con=3.9609
2025-09-14 10:08:44,833 - INFO - Batch 1770/2278: Loss=1.1882, Cls=0.0000, Reg=0.0000, Con=3.9608
2025-09-14 10:08:45,717 - INFO - Batch 1780/2278: Loss=1.1938, Cls=0.0055, Reg=0.0000, Con=3.9608
2025-09-14 10:08:46,603 - INFO - Batch 1790/2278: Loss=0.0083, Cls=0.0083, Reg=0.0000, Con=0.0000
2025-09-14 10:08:47,492 - INFO - Batch 1800/2278: Loss=0.0193, Cls=0.0193, Reg=0.0000, Con=0.0000
2025-09-14 10:08:48,389 - INFO - Batch 1810/2278: Loss=0.0000, Cls=0.0000, Reg=0.0000, Con=0.0000
2025-09-14 10:08:49,259 - INFO - Batch 1820/2278: Loss=1.1910, Cls=0.0027, Reg=0.0000, Con=3.9611
2025-09-14 10:08:50,139 - INFO - Batch 1830/2278: Loss=0.0156, Cls=0.0156, Reg=0.0000, Con=0.0000
2025-09-14 10:08:51,065 - INFO - Batch 1840/2278: Loss=0.0044, Cls=0.0044, Reg=0.0000, Con=0.0000
2025-09-14 10:08:51,964 - INFO - Batch 1850/2278: Loss=1.1883, Cls=0.0000, Reg=0.0000, Con=3.9608
2025-09-14 10:08:52,835 - INFO - Batch 1860/2278: Loss=0.0239, Cls=0.0239, Reg=0.0000, Con=0.0000
2025-09-14 10:08:53,716 - INFO - Batch 1870/2278: Loss=1.1883, Cls=0.0000, Reg=0.0000, Con=3.9608
2025-09-14 10:08:54,638 - INFO - Batch 1880/2278: Loss=0.0000, Cls=0.0000, Reg=0.0000, Con=0.0000
2025-09-14 10:08:55,553 - INFO - Batch 1890/2278: Loss=1.1898, Cls=0.0016, Reg=0.0000, Con=3.9609
2025-09-14 10:08:56,428 - INFO - Batch 1900/2278: Loss=0.0077, Cls=0.0077, Reg=0.0000, Con=0.0000
2025-09-14 10:08:57,292 - INFO - Batch 1910/2278: Loss=0.0029, Cls=0.0029, Reg=0.0000, Con=0.0000
2025-09-14 10:08:58,201 - INFO - Batch 1920/2278: Loss=1.2136, Cls=0.0253, Reg=0.0000, Con=3.9607
2025-09-14 10:08:59,081 - INFO - Batch 1930/2278: Loss=1.1958, Cls=0.0075, Reg=0.0000, Con=3.9607
2025-09-14 10:08:59,962 - INFO - Batch 1940/2278: Loss=1.2400, Cls=0.0518, Reg=0.0000, Con=3.9608
2025-09-14 10:09:00,870 - INFO - Batch 1950/2278: Loss=1.1882, Cls=0.0000, Reg=0.0000, Con=3.9608
2025-09-14 10:09:01,766 - INFO - Batch 1960/2278: Loss=1.1946, Cls=0.0064, Reg=0.0000, Con=3.9609
2025-09-14 10:09:02,650 - INFO - Batch 1970/2278: Loss=1.1883, Cls=0.0000, Reg=0.0000, Con=3.9611
2025-09-14 10:09:03,527 - INFO - Batch 1980/2278: Loss=1.1888, Cls=0.0006, Reg=0.0000, Con=3.9608
2025-09-14 10:09:04,395 - INFO - Batch 1990/2278: Loss=1.1923, Cls=0.0039, Reg=0.0000, Con=3.9615
2025-09-14 10:09:05,265 - INFO - Batch 2000/2278: Loss=0.3444, Cls=0.3444, Reg=0.0000, Con=0.0000
2025-09-14 10:09:06,140 - INFO - Batch 2010/2278: Loss=1.1885, Cls=0.0002, Reg=0.0000, Con=3.9608
2025-09-14 10:09:07,033 - INFO - Batch 2020/2278: Loss=1.2259, Cls=0.0376, Reg=0.0000, Con=3.9608
2025-09-14 10:09:07,908 - INFO - Batch 2030/2278: Loss=1.1882, Cls=0.0000, Reg=0.0000, Con=3.9607
2025-09-14 10:09:08,783 - INFO - Batch 2040/2278: Loss=1.1911, Cls=0.0028, Reg=0.0000, Con=3.9609
2025-09-14 10:09:09,673 - INFO - Batch 2050/2278: Loss=1.1887, Cls=0.0004, Reg=0.0000, Con=3.9608
2025-09-14 10:09:10,552 - INFO - Batch 2060/2278: Loss=0.0000, Cls=0.0000, Reg=0.0000, Con=0.0000
2025-09-14 10:09:11,466 - INFO - Batch 2070/2278: Loss=1.1894, Cls=0.0011, Reg=0.0000, Con=3.9611
2025-09-14 10:09:12,373 - INFO - Batch 2080/2278: Loss=1.1883, Cls=0.0001, Reg=0.0000, Con=3.9610
2025-09-14 10:09:13,248 - INFO - Batch 2090/2278: Loss=1.1885, Cls=0.0001, Reg=0.0000, Con=3.9612
2025-09-14 10:09:14,116 - INFO - Batch 2100/2278: Loss=1.1883, Cls=0.0000, Reg=0.0000, Con=3.9611
2025-09-14 10:09:14,983 - INFO - Batch 2110/2278: Loss=1.1896, Cls=0.0014, Reg=0.0000, Con=3.9609
2025-09-14 10:09:15,891 - INFO - Batch 2120/2278: Loss=1.1073, Cls=1.1073, Reg=0.0000, Con=0.0000
2025-09-14 10:09:16,773 - INFO - Batch 2130/2278: Loss=1.1906, Cls=0.0024, Reg=0.0000, Con=3.9606
2025-09-14 10:09:17,641 - INFO - Batch 2140/2278: Loss=1.1890, Cls=0.0008, Reg=0.0000, Con=3.9608
2025-09-14 10:09:18,521 - INFO - Batch 2150/2278: Loss=1.3158, Cls=0.1276, Reg=0.0000, Con=3.9607
2025-09-14 10:09:19,424 - INFO - Batch 2160/2278: Loss=3.2417, Cls=2.0534, Reg=0.0000, Con=3.9608
2025-09-14 10:09:20,327 - INFO - Batch 2170/2278: Loss=1.1885, Cls=0.0002, Reg=0.0000, Con=3.9609
2025-09-14 10:09:21,206 - INFO - Batch 2180/2278: Loss=0.1916, Cls=0.1916, Reg=0.0000, Con=0.0000
2025-09-14 10:09:22,083 - INFO - Batch 2190/2278: Loss=0.0006, Cls=0.0006, Reg=0.0000, Con=0.0000
2025-09-14 10:09:22,962 - INFO - Batch 2200/2278: Loss=1.5544, Cls=0.3663, Reg=0.0000, Con=3.9605
2025-09-14 10:09:23,847 - INFO - Batch 2210/2278: Loss=1.1898, Cls=0.0016, Reg=0.0000, Con=3.9609
2025-09-14 10:09:24,741 - INFO - Batch 2220/2278: Loss=1.1883, Cls=0.0000, Reg=0.0000, Con=3.9610
2025-09-14 10:09:25,662 - INFO - Batch 2230/2278: Loss=0.0000, Cls=0.0000, Reg=0.0000, Con=0.0000
2025-09-14 10:09:26,590 - INFO - Batch 2240/2278: Loss=0.0045, Cls=0.0045, Reg=0.0000, Con=0.0000
2025-09-14 10:09:27,436 - INFO - Batch 2250/2278: Loss=4.0558, Cls=2.8675, Reg=0.0000, Con=3.9609
2025-09-14 10:09:28,334 - INFO - Batch 2260/2278: Loss=1.1909, Cls=0.0026, Reg=0.0000, Con=3.9608
2025-09-14 10:09:29,227 - INFO - Batch 2270/2278: Loss=0.1002, Cls=0.1002, Reg=0.0000, Con=0.0000
2025-09-14 10:12:55,506 - INFO - === Epoch 1 Results ===
2025-09-14 10:12:55,506 - INFO - Training Loss: 0.9932 (Classification: 0.2222, Regression: 0.0000)
2025-09-14 10:12:55,506 - INFO - Validation Loss: 0.0793 (Classification: 0.0793, Regression: 0.0000)
2025-09-14 10:12:55,506 - INFO - Average Classification Accuracy: 0.8985 (on 1/26 tasks)
2025-09-14 10:12:55,506 - INFO - Average AUC: 0.9148
2025-09-14 10:12:56,048 - INFO - Best model saved to: experiments/r1c3_headft_cls_24_seed_42_20250914_100603/checkpoints/r1c3_headft_cls_24_seed_42_best.pth
2025-09-14 10:12:56,048 - INFO - 
Epoch 2/3
2025-09-14 10:12:56,162 - INFO - Batch 0/2278: Loss=0.0011, Cls=0.0011, Reg=0.0000, Con=0.0000
2025-09-14 10:12:57,061 - INFO - Batch 10/2278: Loss=1.1886, Cls=0.0005, Reg=0.0000, Con=3.9604
2025-09-14 10:12:58,040 - INFO - Batch 20/2278: Loss=1.4077, Cls=0.2194, Reg=0.0000, Con=3.9610
2025-09-14 10:12:58,926 - INFO - Batch 30/2278: Loss=1.1903, Cls=0.0021, Reg=0.0000, Con=3.9608
2025-09-14 10:12:59,865 - INFO - Batch 40/2278: Loss=1.1883, Cls=0.0001, Reg=0.0000, Con=3.9608
2025-09-14 10:13:00,841 - INFO - Batch 50/2278: Loss=0.0000, Cls=0.0000, Reg=0.0000, Con=0.0000
2025-09-14 10:13:01,809 - INFO - Batch 60/2278: Loss=0.0324, Cls=0.0324, Reg=0.0000, Con=0.0000
2025-09-14 10:13:02,743 - INFO - Batch 70/2278: Loss=1.1892, Cls=0.0009, Reg=0.0000, Con=3.9607
2025-09-14 10:13:03,676 - INFO - Batch 80/2278: Loss=1.1883, Cls=0.0000, Reg=0.0000, Con=3.9609
2025-09-14 10:13:04,590 - INFO - Batch 90/2278: Loss=0.0001, Cls=0.0001, Reg=0.0000, Con=0.0000
2025-09-14 10:13:05,498 - INFO - Batch 100/2278: Loss=1.1904, Cls=0.0021, Reg=0.0000, Con=3.9609
2025-09-14 10:13:06,419 - INFO - Batch 110/2278: Loss=1.1883, Cls=0.0000, Reg=0.0000, Con=3.9609
2025-09-14 10:13:07,305 - INFO - Batch 120/2278: Loss=0.0023, Cls=0.0023, Reg=0.0000, Con=0.0000
2025-09-14 10:13:08,198 - INFO - Batch 130/2278: Loss=1.1900, Cls=0.0017, Reg=0.0000, Con=3.9607
2025-09-14 10:13:09,088 - INFO - Batch 140/2278: Loss=1.1916, Cls=0.0033, Reg=0.0000, Con=3.9609
2025-09-14 10:13:10,024 - INFO - Batch 150/2278: Loss=1.1884, Cls=0.0001, Reg=0.0000, Con=3.9611
2025-09-14 10:13:10,942 - INFO - Batch 160/2278: Loss=1.1916, Cls=0.0033, Reg=0.0000, Con=3.9609
2025-09-14 10:13:11,861 - INFO - Batch 170/2278: Loss=0.0002, Cls=0.0002, Reg=0.0000, Con=0.0000
2025-09-14 10:13:12,778 - INFO - Batch 180/2278: Loss=1.2227, Cls=0.0344, Reg=0.0000, Con=3.9609
2025-09-14 10:13:13,698 - INFO - Batch 190/2278: Loss=0.0019, Cls=0.0019, Reg=0.0000, Con=0.0000
2025-09-14 10:13:14,617 - INFO - Batch 200/2278: Loss=1.1917, Cls=0.0035, Reg=0.0000, Con=3.9608
2025-09-14 10:13:15,507 - INFO - Batch 210/2278: Loss=1.1883, Cls=0.0000, Reg=0.0000, Con=3.9609
2025-09-14 10:13:16,457 - INFO - Batch 220/2278: Loss=0.0000, Cls=0.0000, Reg=0.0000, Con=0.0000
2025-09-14 10:13:17,368 - INFO - Batch 230/2278: Loss=0.0008, Cls=0.0008, Reg=0.0000, Con=0.0000
2025-09-14 10:13:18,265 - INFO - Batch 240/2278: Loss=0.0191, Cls=0.0191, Reg=0.0000, Con=0.0000
2025-09-14 10:13:19,179 - INFO - Batch 250/2278: Loss=0.0001, Cls=0.0001, Reg=0.0000, Con=0.0000
2025-09-14 10:13:20,093 - INFO - Batch 260/2278: Loss=0.0204, Cls=0.0204, Reg=0.0000, Con=0.0000
2025-09-14 10:13:21,009 - INFO - Batch 270/2278: Loss=1.1883, Cls=0.0000, Reg=0.0000, Con=3.9608
2025-09-14 10:13:21,919 - INFO - Batch 280/2278: Loss=1.2335, Cls=0.0452, Reg=0.0000, Con=3.9609
2025-09-14 10:13:22,925 - INFO - Batch 290/2278: Loss=1.1885, Cls=0.0002, Reg=0.0000, Con=3.9609
2025-09-14 10:13:23,884 - INFO - Batch 300/2278: Loss=3.8673, Cls=2.6790, Reg=0.0000, Con=3.9609
2025-09-14 10:13:24,782 - INFO - Batch 310/2278: Loss=1.2360, Cls=0.0477, Reg=0.0000, Con=3.9609
2025-09-14 10:13:25,719 - INFO - Batch 320/2278: Loss=0.0000, Cls=0.0000, Reg=0.0000, Con=0.0000
2025-09-14 10:13:26,586 - INFO - Batch 330/2278: Loss=1.1883, Cls=0.0000, Reg=0.0000, Con=3.9609
2025-09-14 10:13:27,494 - INFO - Batch 340/2278: Loss=1.1930, Cls=0.0047, Reg=0.0000, Con=3.9609
2025-09-14 10:13:28,388 - INFO - Batch 350/2278: Loss=1.1952, Cls=0.0069, Reg=0.0000, Con=3.9609
2025-09-14 10:13:29,314 - INFO - Batch 360/2278: Loss=1.1883, Cls=0.0000, Reg=0.0000, Con=3.9609
2025-09-14 10:13:30,236 - INFO - Batch 370/2278: Loss=1.1887, Cls=0.0005, Reg=0.0000, Con=3.9609
2025-09-14 10:13:31,140 - INFO - Batch 380/2278: Loss=1.1888, Cls=0.0005, Reg=0.0000, Con=3.9608
2025-09-14 10:13:32,036 - INFO - Batch 390/2278: Loss=1.1883, Cls=0.0000, Reg=0.0000, Con=3.9609
2025-09-14 10:13:32,949 - INFO - Batch 400/2278: Loss=0.0000, Cls=0.0000, Reg=0.0000, Con=0.0000
2025-09-14 10:13:33,870 - INFO - Batch 410/2278: Loss=1.1970, Cls=0.0088, Reg=0.0000, Con=3.9608
2025-09-14 10:13:34,802 - INFO - Batch 420/2278: Loss=0.0596, Cls=0.0596, Reg=0.0000, Con=0.0000
2025-09-14 10:13:35,721 - INFO - Batch 430/2278: Loss=0.0023, Cls=0.0023, Reg=0.0000, Con=0.0000
2025-09-14 10:13:36,593 - INFO - Batch 440/2278: Loss=3.4490, Cls=2.2608, Reg=0.0000, Con=3.9608
2025-09-14 10:13:37,489 - INFO - Batch 450/2278: Loss=1.1882, Cls=0.0000, Reg=0.0000, Con=3.9607
2025-09-14 10:13:38,438 - INFO - Batch 460/2278: Loss=0.1716, Cls=0.1716, Reg=0.0000, Con=0.0000
2025-09-14 10:13:39,380 - INFO - Batch 470/2278: Loss=1.2637, Cls=0.0755, Reg=0.0000, Con=3.9608
2025-09-14 10:13:40,309 - INFO - Batch 480/2278: Loss=0.0000, Cls=0.0000, Reg=0.0000, Con=0.0000
2025-09-14 10:13:41,200 - INFO - Batch 490/2278: Loss=1.2442, Cls=0.0559, Reg=0.0000, Con=3.9610
2025-09-14 10:13:42,079 - INFO - Batch 500/2278: Loss=1.1907, Cls=0.0025, Reg=0.0000, Con=3.9607
2025-09-14 10:13:42,981 - INFO - Batch 510/2278: Loss=1.8629, Cls=0.6747, Reg=0.0000, Con=3.9607
2025-09-14 10:13:43,881 - INFO - Batch 520/2278: Loss=1.1884, Cls=0.0001, Reg=0.0000, Con=3.9607
2025-09-14 10:13:44,781 - INFO - Batch 530/2278: Loss=3.7345, Cls=2.5463, Reg=0.0000, Con=3.9608
2025-09-14 10:13:45,691 - INFO - Batch 540/2278: Loss=1.2205, Cls=0.0322, Reg=0.0000, Con=3.9610
2025-09-14 10:13:46,595 - INFO - Batch 550/2278: Loss=1.2772, Cls=0.0890, Reg=0.0000, Con=3.9607
2025-09-14 10:13:47,514 - INFO - Batch 560/2278: Loss=0.6176, Cls=0.6176, Reg=0.0000, Con=0.0000
2025-09-14 10:13:48,441 - INFO - Batch 570/2278: Loss=1.1882, Cls=0.0000, Reg=0.0000, Con=3.9608
2025-09-14 10:13:49,335 - INFO - Batch 580/2278: Loss=0.0049, Cls=0.0049, Reg=0.0000, Con=0.0000
2025-09-14 10:13:50,222 - INFO - Batch 590/2278: Loss=1.2015, Cls=0.0133, Reg=0.0000, Con=3.9608
2025-09-14 10:13:51,102 - INFO - Batch 600/2278: Loss=0.0000, Cls=0.0000, Reg=0.0000, Con=0.0000
2025-09-14 10:13:51,999 - INFO - Batch 610/2278: Loss=1.1883, Cls=0.0001, Reg=0.0000, Con=3.9608
2025-09-14 10:13:52,886 - INFO - Batch 620/2278: Loss=1.1882, Cls=0.0000, Reg=0.0000, Con=3.9608
2025-09-14 10:13:53,832 - INFO - Batch 630/2278: Loss=0.4297, Cls=0.4297, Reg=0.0000, Con=0.0000
2025-09-14 10:13:54,747 - INFO - Batch 640/2278: Loss=1.5675, Cls=1.5675, Reg=0.0000, Con=0.0000
2025-09-14 10:13:55,620 - INFO - Batch 650/2278: Loss=0.0000, Cls=0.0000, Reg=0.0000, Con=0.0000
2025-09-14 10:13:56,527 - INFO - Batch 660/2278: Loss=1.1956, Cls=0.0074, Reg=0.0000, Con=3.9607
2025-09-14 10:13:57,437 - INFO - Batch 670/2278: Loss=1.1897, Cls=0.0014, Reg=0.0000, Con=3.9609
2025-09-14 10:13:58,319 - INFO - Batch 680/2278: Loss=1.3967, Cls=0.2085, Reg=0.0000, Con=3.9608
2025-09-14 10:13:59,220 - INFO - Batch 690/2278: Loss=1.1884, Cls=0.0000, Reg=0.0000, Con=3.9613
2025-09-14 10:14:00,142 - INFO - Batch 700/2278: Loss=0.9095, Cls=0.9095, Reg=0.0000, Con=0.0000
2025-09-14 10:14:01,028 - INFO - Batch 710/2278: Loss=1.1917, Cls=0.0034, Reg=0.0000, Con=3.9610
2025-09-14 10:14:01,969 - INFO - Batch 720/2278: Loss=1.2144, Cls=0.0261, Reg=0.0000, Con=3.9609
2025-09-14 10:14:02,997 - INFO - Batch 730/2278: Loss=1.1894, Cls=0.0010, Reg=0.0000, Con=3.9612
2025-09-14 10:14:03,911 - INFO - Batch 740/2278: Loss=1.1893, Cls=0.0010, Reg=0.0000, Con=3.9610
2025-09-14 10:14:04,815 - INFO - Batch 750/2278: Loss=0.0002, Cls=0.0002, Reg=0.0000, Con=0.0000
2025-09-14 10:14:05,747 - INFO - Batch 760/2278: Loss=1.8925, Cls=1.8925, Reg=0.0000, Con=0.0000
2025-09-14 10:14:06,628 - INFO - Batch 770/2278: Loss=1.2385, Cls=0.0502, Reg=0.0000, Con=3.9608
2025-09-14 10:14:07,537 - INFO - Batch 780/2278: Loss=0.0002, Cls=0.0002, Reg=0.0000, Con=0.0000
2025-09-14 10:14:08,425 - INFO - Batch 790/2278: Loss=1.2335, Cls=0.0452, Reg=0.0000, Con=3.9609
2025-09-14 10:14:09,336 - INFO - Batch 800/2278: Loss=0.0008, Cls=0.0008, Reg=0.0000, Con=0.0000
2025-09-14 10:14:10,239 - INFO - Batch 810/2278: Loss=2.5146, Cls=2.5146, Reg=0.0000, Con=0.0000
2025-09-14 10:14:11,121 - INFO - Batch 820/2278: Loss=1.2052, Cls=0.0170, Reg=0.0000, Con=3.9608
2025-09-14 10:14:12,049 - INFO - Batch 830/2278: Loss=1.2686, Cls=0.0804, Reg=0.0000, Con=3.9607
2025-09-14 10:14:12,964 - INFO - Batch 840/2278: Loss=1.9645, Cls=0.7763, Reg=0.0000, Con=3.9608
2025-09-14 10:14:13,869 - INFO - Batch 850/2278: Loss=0.0097, Cls=0.0097, Reg=0.0000, Con=0.0000
2025-09-14 10:14:14,780 - INFO - Batch 860/2278: Loss=1.1883, Cls=0.0001, Reg=0.0000, Con=3.9608
2025-09-14 10:14:15,676 - INFO - Batch 870/2278: Loss=0.0033, Cls=0.0033, Reg=0.0000, Con=0.0000
2025-09-14 10:14:16,582 - INFO - Batch 880/2278: Loss=0.0000, Cls=0.0000, Reg=0.0000, Con=0.0000
2025-09-14 10:14:17,478 - INFO - Batch 890/2278: Loss=1.1887, Cls=0.0004, Reg=0.0000, Con=3.9609
2025-09-14 10:14:18,384 - INFO - Batch 900/2278: Loss=0.0021, Cls=0.0021, Reg=0.0000, Con=0.0000
2025-09-14 10:14:19,309 - INFO - Batch 910/2278: Loss=0.0011, Cls=0.0011, Reg=0.0000, Con=0.0000
2025-09-14 10:14:20,203 - INFO - Batch 920/2278: Loss=1.1884, Cls=0.0001, Reg=0.0000, Con=3.9611
2025-09-14 10:14:21,100 - INFO - Batch 930/2278: Loss=1.3098, Cls=0.1215, Reg=0.0000, Con=3.9609
2025-09-14 10:14:22,021 - INFO - Batch 940/2278: Loss=0.0005, Cls=0.0005, Reg=0.0000, Con=0.0000
2025-09-14 10:14:22,916 - INFO - Batch 950/2278: Loss=0.0000, Cls=0.0000, Reg=0.0000, Con=0.0000
2025-09-14 10:14:23,862 - INFO - Batch 960/2278: Loss=0.0000, Cls=0.0000, Reg=0.0000, Con=0.0000
2025-09-14 10:14:24,777 - INFO - Batch 970/2278: Loss=0.0001, Cls=0.0001, Reg=0.0000, Con=0.0000
2025-09-14 10:14:25,665 - INFO - Batch 980/2278: Loss=1.2586, Cls=0.0703, Reg=0.0000, Con=3.9609
2025-09-14 10:14:26,559 - INFO - Batch 990/2278: Loss=1.1882, Cls=0.0000, Reg=0.0000, Con=3.9606
2025-09-14 10:14:27,452 - INFO - Batch 1000/2278: Loss=1.2062, Cls=0.0180, Reg=0.0000, Con=3.9609
2025-09-14 10:14:28,360 - INFO - Batch 1010/2278: Loss=1.1883, Cls=0.0000, Reg=0.0000, Con=3.9609
2025-09-14 10:14:29,279 - INFO - Batch 1020/2278: Loss=1.1913, Cls=0.0029, Reg=0.0000, Con=3.9615
2025-09-14 10:14:30,156 - INFO - Batch 1030/2278: Loss=1.1886, Cls=0.0004, Reg=0.0000, Con=3.9608
2025-09-14 10:14:31,045 - INFO - Batch 1040/2278: Loss=1.1882, Cls=0.0000, Reg=0.0000, Con=3.9608
2025-09-14 10:14:31,944 - INFO - Batch 1050/2278: Loss=1.1896, Cls=0.0012, Reg=0.0000, Con=3.9611
2025-09-14 10:14:32,820 - INFO - Batch 1060/2278: Loss=1.1883, Cls=0.0000, Reg=0.0000, Con=3.9612
2025-09-14 10:14:33,700 - INFO - Batch 1070/2278: Loss=1.1883, Cls=0.0000, Reg=0.0000, Con=3.9609
2025-09-14 10:14:34,587 - INFO - Batch 1080/2278: Loss=1.1920, Cls=0.0038, Reg=0.0000, Con=3.9609
2025-09-14 10:14:35,542 - INFO - Batch 1090/2278: Loss=1.4809, Cls=0.2927, Reg=0.0000, Con=3.9608
2025-09-14 10:14:36,427 - INFO - Batch 1100/2278: Loss=1.1885, Cls=0.0003, Reg=0.0000, Con=3.9608
2025-09-14 10:14:37,303 - INFO - Batch 1110/2278: Loss=2.4712, Cls=1.2829, Reg=0.0000, Con=3.9608
2025-09-14 10:14:38,202 - INFO - Batch 1120/2278: Loss=1.1896, Cls=0.0014, Reg=0.0000, Con=3.9608
2025-09-14 10:14:39,091 - INFO - Batch 1130/2278: Loss=0.0000, Cls=0.0000, Reg=0.0000, Con=0.0000
2025-09-14 10:14:40,002 - INFO - Batch 1140/2278: Loss=3.5872, Cls=3.5872, Reg=0.0000, Con=0.0000
2025-09-14 10:14:40,938 - INFO - Batch 1150/2278: Loss=1.2032, Cls=0.0149, Reg=0.0000, Con=3.9609
2025-09-14 10:14:41,819 - INFO - Batch 1160/2278: Loss=1.1882, Cls=0.0000, Reg=0.0000, Con=3.9607
2025-09-14 10:14:42,732 - INFO - Batch 1170/2278: Loss=0.2282, Cls=0.2282, Reg=0.0000, Con=0.0000
2025-09-14 10:14:43,670 - INFO - Batch 1180/2278: Loss=2.4211, Cls=1.2329, Reg=0.0000, Con=3.9609
2025-09-14 10:14:44,644 - INFO - Batch 1190/2278: Loss=1.2087, Cls=0.0204, Reg=0.0000, Con=3.9610
2025-09-14 10:14:45,569 - INFO - Batch 1200/2278: Loss=1.1883, Cls=0.0000, Reg=0.0000, Con=3.9609
2025-09-14 10:14:46,461 - INFO - Batch 1210/2278: Loss=1.2135, Cls=0.0252, Reg=0.0000, Con=3.9608
2025-09-14 10:14:47,480 - INFO - Batch 1220/2278: Loss=0.0030, Cls=0.0030, Reg=0.0000, Con=0.0000
2025-09-14 10:14:48,480 - INFO - Batch 1230/2278: Loss=3.3334, Cls=2.1452, Reg=0.0000, Con=3.9609
2025-09-14 10:14:49,397 - INFO - Batch 1240/2278: Loss=1.1883, Cls=0.0000, Reg=0.0000, Con=3.9609
2025-09-14 10:14:50,339 - INFO - Batch 1250/2278: Loss=0.0001, Cls=0.0001, Reg=0.0000, Con=0.0000
2025-09-14 10:14:51,269 - INFO - Batch 1260/2278: Loss=1.1887, Cls=0.0005, Reg=0.0000, Con=3.9607
2025-09-14 10:14:52,194 - INFO - Batch 1270/2278: Loss=0.0072, Cls=0.0072, Reg=0.0000, Con=0.0000
2025-09-14 10:14:53,104 - INFO - Batch 1280/2278: Loss=1.3273, Cls=0.1391, Reg=0.0000, Con=3.9608
2025-09-14 10:14:54,078 - INFO - Batch 1290/2278: Loss=2.0604, Cls=0.8721, Reg=0.0000, Con=3.9610
2025-09-14 10:14:55,067 - INFO - Batch 1300/2278: Loss=1.8202, Cls=0.6320, Reg=0.0000, Con=3.9609
2025-09-14 10:14:56,015 - INFO - Batch 1310/2278: Loss=0.0003, Cls=0.0003, Reg=0.0000, Con=0.0000
2025-09-14 10:14:56,969 - INFO - Batch 1320/2278: Loss=1.2083, Cls=0.0200, Reg=0.0000, Con=3.9609
2025-09-14 10:14:57,955 - INFO - Batch 1330/2278: Loss=1.1899, Cls=0.0016, Reg=0.0000, Con=3.9609
2025-09-14 10:14:59,041 - INFO - Batch 1340/2278: Loss=0.0047, Cls=0.0047, Reg=0.0000, Con=0.0000
2025-09-14 10:15:00,013 - INFO - Batch 1350/2278: Loss=7.8700, Cls=7.8700, Reg=0.0000, Con=0.0000
2025-09-14 10:15:00,960 - INFO - Batch 1360/2278: Loss=1.2557, Cls=0.0675, Reg=0.0000, Con=3.9608
2025-09-14 10:15:01,903 - INFO - Batch 1370/2278: Loss=1.3342, Cls=0.1459, Reg=0.0000, Con=3.9608
2025-09-14 10:15:02,823 - INFO - Batch 1380/2278: Loss=1.1883, Cls=0.0000, Reg=0.0000, Con=3.9609
2025-09-14 10:15:03,749 - INFO - Batch 1390/2278: Loss=1.3446, Cls=0.1564, Reg=0.0000, Con=3.9608
2025-09-14 10:15:04,664 - INFO - Batch 1400/2278: Loss=0.0000, Cls=0.0000, Reg=0.0000, Con=0.0000
2025-09-14 10:15:05,623 - INFO - Batch 1410/2278: Loss=1.1889, Cls=0.0007, Reg=0.0000, Con=3.9608
2025-09-14 10:15:06,557 - INFO - Batch 1420/2278: Loss=0.0012, Cls=0.0012, Reg=0.0000, Con=0.0000
2025-09-14 10:15:07,505 - INFO - Batch 1430/2278: Loss=0.0004, Cls=0.0004, Reg=0.0000, Con=0.0000
2025-09-14 10:15:08,402 - INFO - Batch 1440/2278: Loss=1.1884, Cls=0.0000, Reg=0.0000, Con=3.9613
2025-09-14 10:15:09,293 - INFO - Batch 1450/2278: Loss=0.0000, Cls=0.0000, Reg=0.0000, Con=0.0000
2025-09-14 10:15:10,194 - INFO - Batch 1460/2278: Loss=1.1889, Cls=0.0007, Reg=0.0000, Con=3.9609
2025-09-14 10:15:11,101 - INFO - Batch 1470/2278: Loss=3.3290, Cls=2.1408, Reg=0.0000, Con=3.9608
2025-09-14 10:15:12,020 - INFO - Batch 1480/2278: Loss=0.0010, Cls=0.0010, Reg=0.0000, Con=0.0000
2025-09-14 10:15:13,046 - INFO - Batch 1490/2278: Loss=0.0069, Cls=0.0069, Reg=0.0000, Con=0.0000
2025-09-14 10:15:13,985 - INFO - Batch 1500/2278: Loss=0.0207, Cls=0.0207, Reg=0.0000, Con=0.0000
2025-09-14 10:15:14,880 - INFO - Batch 1510/2278: Loss=1.5164, Cls=0.3281, Reg=0.0000, Con=3.9608
2025-09-14 10:15:15,762 - INFO - Batch 1520/2278: Loss=1.6597, Cls=0.4714, Reg=0.0000, Con=3.9608
2025-09-14 10:15:16,678 - INFO - Batch 1530/2278: Loss=1.2294, Cls=0.0412, Reg=0.0000, Con=3.9609
2025-09-14 10:15:17,668 - INFO - Batch 1540/2278: Loss=0.0001, Cls=0.0001, Reg=0.0000, Con=0.0000
2025-09-14 10:15:18,661 - INFO - Batch 1550/2278: Loss=1.1883, Cls=0.0000, Reg=0.0000, Con=3.9609
2025-09-14 10:15:19,596 - INFO - Batch 1560/2278: Loss=4.6108, Cls=3.4226, Reg=0.0000, Con=3.9608
2025-09-14 10:15:20,469 - INFO - Batch 1570/2278: Loss=1.1938, Cls=0.0055, Reg=0.0000, Con=3.9609
2025-09-14 10:15:21,337 - INFO - Batch 1580/2278: Loss=0.0000, Cls=0.0000, Reg=0.0000, Con=0.0000
2025-09-14 10:15:22,245 - INFO - Batch 1590/2278: Loss=0.0225, Cls=0.0225, Reg=0.0000, Con=0.0000
2025-09-14 10:15:23,152 - INFO - Batch 1600/2278: Loss=1.1902, Cls=0.0019, Reg=0.0000, Con=3.9609
2025-09-14 10:15:24,052 - INFO - Batch 1610/2278: Loss=0.0003, Cls=0.0003, Reg=0.0000, Con=0.0000
2025-09-14 10:15:24,967 - INFO - Batch 1620/2278: Loss=1.1884, Cls=0.0001, Reg=0.0000, Con=3.9609
2025-09-14 10:15:25,836 - INFO - Batch 1630/2278: Loss=0.0000, Cls=0.0000, Reg=0.0000, Con=0.0000
2025-09-14 10:15:26,759 - INFO - Batch 1640/2278: Loss=1.1883, Cls=0.0000, Reg=0.0000, Con=3.9609
2025-09-14 10:15:27,681 - INFO - Batch 1650/2278: Loss=1.9112, Cls=1.9112, Reg=0.0000, Con=0.0000
2025-09-14 10:15:28,596 - INFO - Batch 1660/2278: Loss=1.1919, Cls=0.0037, Reg=0.0000, Con=3.9607
2025-09-14 10:15:29,525 - INFO - Batch 1670/2278: Loss=1.1905, Cls=0.0023, Reg=0.0000, Con=3.9608
2025-09-14 10:15:30,409 - INFO - Batch 1680/2278: Loss=1.2621, Cls=0.0737, Reg=0.0000, Con=3.9615
2025-09-14 10:15:31,319 - INFO - Batch 1690/2278: Loss=0.0022, Cls=0.0022, Reg=0.0000, Con=0.0000
2025-09-14 10:15:32,200 - INFO - Batch 1700/2278: Loss=1.1882, Cls=0.0000, Reg=0.0000, Con=3.9608
2025-09-14 10:15:33,086 - INFO - Batch 1710/2278: Loss=1.1883, Cls=0.0000, Reg=0.0000, Con=3.9612
2025-09-14 10:15:34,007 - INFO - Batch 1720/2278: Loss=1.1889, Cls=0.0006, Reg=0.0000, Con=3.9610
2025-09-14 10:15:34,928 - INFO - Batch 1730/2278: Loss=1.1911, Cls=0.0029, Reg=0.0000, Con=3.9609
2025-09-14 10:15:35,887 - INFO - Batch 1740/2278: Loss=1.1883, Cls=0.0000, Reg=0.0000, Con=3.9610
2025-09-14 10:15:36,984 - INFO - Batch 1750/2278: Loss=1.1887, Cls=0.0004, Reg=0.0000, Con=3.9609
2025-09-14 10:15:37,909 - INFO - Batch 1760/2278: Loss=1.1901, Cls=0.0018, Reg=0.0000, Con=3.9608
2025-09-14 10:15:38,810 - INFO - Batch 1770/2278: Loss=1.1899, Cls=0.0016, Reg=0.0000, Con=3.9610
2025-09-14 10:15:39,711 - INFO - Batch 1780/2278: Loss=1.1888, Cls=0.0006, Reg=0.0000, Con=3.9609
2025-09-14 10:15:40,597 - INFO - Batch 1790/2278: Loss=1.1949, Cls=0.0066, Reg=0.0000, Con=3.9608
2025-09-14 10:15:41,578 - INFO - Batch 1800/2278: Loss=1.1937, Cls=0.0054, Reg=0.0000, Con=3.9609
2025-09-14 10:15:42,508 - INFO - Batch 1810/2278: Loss=1.1889, Cls=0.0006, Reg=0.0000, Con=3.9610
2025-09-14 10:15:43,493 - INFO - Batch 1820/2278: Loss=1.1882, Cls=0.0000, Reg=0.0000, Con=3.9608
2025-09-14 10:15:44,397 - INFO - Batch 1830/2278: Loss=1.1885, Cls=0.0000, Reg=0.0000, Con=3.9615
2025-09-14 10:15:45,291 - INFO - Batch 1840/2278: Loss=3.7786, Cls=2.5904, Reg=0.0000, Con=3.9609
2025-09-14 10:15:46,186 - INFO - Batch 1850/2278: Loss=1.1883, Cls=0.0000, Reg=0.0000, Con=3.9608
2025-09-14 10:15:47,075 - INFO - Batch 1860/2278: Loss=0.0210, Cls=0.0210, Reg=0.0000, Con=0.0000
2025-09-14 10:15:47,963 - INFO - Batch 1870/2278: Loss=0.0002, Cls=0.0002, Reg=0.0000, Con=0.0000
2025-09-14 10:15:48,844 - INFO - Batch 1880/2278: Loss=1.1894, Cls=0.0011, Reg=0.0000, Con=3.9610
2025-09-14 10:15:49,763 - INFO - Batch 1890/2278: Loss=0.4185, Cls=0.4185, Reg=0.0000, Con=0.0000
2025-09-14 10:15:50,684 - INFO - Batch 1900/2278: Loss=1.2128, Cls=0.0246, Reg=0.0000, Con=3.9607
2025-09-14 10:15:51,599 - INFO - Batch 1910/2278: Loss=1.2210, Cls=0.0328, Reg=0.0000, Con=3.9607
2025-09-14 10:15:52,507 - INFO - Batch 1920/2278: Loss=1.1894, Cls=0.0012, Reg=0.0000, Con=3.9608
2025-09-14 10:15:53,405 - INFO - Batch 1930/2278: Loss=0.5007, Cls=0.5007, Reg=0.0000, Con=0.0000
2025-09-14 10:15:54,365 - INFO - Batch 1940/2278: Loss=1.2668, Cls=0.0786, Reg=0.0000, Con=3.9607
2025-09-14 10:15:55,255 - INFO - Batch 1950/2278: Loss=2.9428, Cls=1.7545, Reg=0.0000, Con=3.9609
2025-09-14 10:15:56,178 - INFO - Batch 1960/2278: Loss=1.1883, Cls=0.0000, Reg=0.0000, Con=3.9609
2025-09-14 10:15:57,080 - INFO - Batch 1970/2278: Loss=1.1969, Cls=0.0088, Reg=0.0000, Con=3.9606
2025-09-14 10:15:57,987 - INFO - Batch 1980/2278: Loss=1.1895, Cls=0.0012, Reg=0.0000, Con=3.9608
2025-09-14 10:15:58,885 - INFO - Batch 1990/2278: Loss=0.0000, Cls=0.0000, Reg=0.0000, Con=0.0000
2025-09-14 10:15:59,745 - INFO - Batch 2000/2278: Loss=3.4596, Cls=2.2714, Reg=0.0000, Con=3.9607
2025-09-14 10:16:00,683 - INFO - Batch 2010/2278: Loss=2.3208, Cls=1.1326, Reg=0.0000, Con=3.9608
2025-09-14 10:16:01,592 - INFO - Batch 2020/2278: Loss=0.0040, Cls=0.0040, Reg=0.0000, Con=0.0000
2025-09-14 10:16:02,509 - INFO - Batch 2030/2278: Loss=1.1883, Cls=0.0000, Reg=0.0000, Con=3.9610
2025-09-14 10:16:03,421 - INFO - Batch 2040/2278: Loss=1.1882, Cls=0.0000, Reg=0.0000, Con=3.9608
2025-09-14 10:16:04,291 - INFO - Batch 2050/2278: Loss=0.0006, Cls=0.0006, Reg=0.0000, Con=0.0000
2025-09-14 10:16:05,169 - INFO - Batch 2060/2278: Loss=1.1954, Cls=0.0069, Reg=0.0000, Con=3.9615
2025-09-14 10:16:06,057 - INFO - Batch 2070/2278: Loss=1.1885, Cls=0.0002, Reg=0.0000, Con=3.9608
2025-09-14 10:16:06,939 - INFO - Batch 2080/2278: Loss=0.0214, Cls=0.0214, Reg=0.0000, Con=0.0000
2025-09-14 10:16:07,844 - INFO - Batch 2090/2278: Loss=1.1885, Cls=0.0003, Reg=0.0000, Con=3.9608
2025-09-14 10:16:08,727 - INFO - Batch 2100/2278: Loss=0.3046, Cls=0.3046, Reg=0.0000, Con=0.0000
2025-09-14 10:16:09,637 - INFO - Batch 2110/2278: Loss=0.0048, Cls=0.0048, Reg=0.0000, Con=0.0000
2025-09-14 10:16:10,523 - INFO - Batch 2120/2278: Loss=1.7292, Cls=0.5409, Reg=0.0000, Con=3.9609
2025-09-14 10:16:11,407 - INFO - Batch 2130/2278: Loss=1.2318, Cls=0.0436, Reg=0.0000, Con=3.9608
2025-09-14 10:16:12,300 - INFO - Batch 2140/2278: Loss=0.0184, Cls=0.0184, Reg=0.0000, Con=0.0000
2025-09-14 10:16:13,199 - INFO - Batch 2150/2278: Loss=2.6393, Cls=1.4510, Reg=0.0000, Con=3.9610
2025-09-14 10:16:14,096 - INFO - Batch 2160/2278: Loss=3.8936, Cls=2.7054, Reg=0.0000, Con=3.9608
2025-09-14 10:16:15,052 - INFO - Batch 2170/2278: Loss=1.2549, Cls=0.0666, Reg=0.0000, Con=3.9608
2025-09-14 10:16:15,961 - INFO - Batch 2180/2278: Loss=1.1893, Cls=0.0010, Reg=0.0000, Con=3.9608
2025-09-14 10:16:16,882 - INFO - Batch 2190/2278: Loss=1.5326, Cls=0.3443, Reg=0.0000, Con=3.9610
2025-09-14 10:16:17,765 - INFO - Batch 2200/2278: Loss=1.1913, Cls=0.0030, Reg=0.0000, Con=3.9608
2025-09-14 10:16:18,653 - INFO - Batch 2210/2278: Loss=1.2515, Cls=0.0631, Reg=0.0000, Con=3.9613
2025-09-14 10:16:19,532 - INFO - Batch 2220/2278: Loss=0.0110, Cls=0.0110, Reg=0.0000, Con=0.0000
2025-09-14 10:16:20,442 - INFO - Batch 2230/2278: Loss=0.0001, Cls=0.0001, Reg=0.0000, Con=0.0000
2025-09-14 10:16:21,336 - INFO - Batch 2240/2278: Loss=1.1883, Cls=0.0000, Reg=0.0000, Con=3.9608
2025-09-14 10:16:22,219 - INFO - Batch 2250/2278: Loss=0.0183, Cls=0.0183, Reg=0.0000, Con=0.0000
2025-09-14 10:16:23,123 - INFO - Batch 2260/2278: Loss=3.3872, Cls=2.1989, Reg=0.0000, Con=3.9609
2025-09-14 10:16:24,003 - INFO - Batch 2270/2278: Loss=1.1887, Cls=0.0005, Reg=0.0000, Con=3.9606
2025-09-14 10:19:52,300 - INFO - === Epoch 2 Results ===
2025-09-14 10:19:52,301 - INFO - Training Loss: 1.0013 (Classification: 0.2163, Regression: 0.0000)
2025-09-14 10:19:52,301 - INFO - Validation Loss: 0.0801 (Classification: 0.0801, Regression: 0.0000)
2025-09-14 10:19:52,301 - INFO - Average Classification Accuracy: 0.9004 (on 1/26 tasks)
2025-09-14 10:19:52,301 - INFO - Average AUC: 0.9212
2025-09-14 10:19:52,301 - INFO - 
Epoch 3/3
2025-09-14 10:19:52,394 - INFO - Batch 0/2278: Loss=1.1882, Cls=0.0000, Reg=0.0000, Con=3.9608
2025-09-14 10:19:53,329 - INFO - Batch 10/2278: Loss=1.1908, Cls=0.0025, Reg=0.0000, Con=3.9611
2025-09-14 10:19:54,307 - INFO - Batch 20/2278: Loss=1.3936, Cls=0.2054, Reg=0.0000, Con=3.9608
2025-09-14 10:19:55,295 - INFO - Batch 30/2278: Loss=0.0000, Cls=0.0000, Reg=0.0000, Con=0.0000
2025-09-14 10:19:56,259 - INFO - Batch 40/2278: Loss=1.1906, Cls=0.0024, Reg=0.0000, Con=3.9608
2025-09-14 10:19:57,163 - INFO - Batch 50/2278: Loss=1.1883, Cls=0.0000, Reg=0.0000, Con=3.9609
2025-09-14 10:19:58,075 - INFO - Batch 60/2278: Loss=1.1885, Cls=0.0003, Reg=0.0000, Con=3.9607
2025-09-14 10:19:59,077 - INFO - Batch 70/2278: Loss=3.7472, Cls=2.5589, Reg=0.0000, Con=3.9608
2025-09-14 10:20:00,020 - INFO - Batch 80/2278: Loss=0.0044, Cls=0.0044, Reg=0.0000, Con=0.0000
2025-09-14 10:20:00,902 - INFO - Batch 90/2278: Loss=1.2006, Cls=0.0123, Reg=0.0000, Con=3.9609
2025-09-14 10:20:01,784 - INFO - Batch 100/2278: Loss=1.2523, Cls=0.0641, Reg=0.0000, Con=3.9607
2025-09-14 10:20:02,686 - INFO - Batch 110/2278: Loss=1.1885, Cls=0.0000, Reg=0.0000, Con=3.9618
2025-09-14 10:20:03,567 - INFO - Batch 120/2278: Loss=1.1918, Cls=0.0035, Reg=0.0000, Con=3.9608
2025-09-14 10:20:04,567 - INFO - Batch 130/2278: Loss=1.1882, Cls=0.0000, Reg=0.0000, Con=3.9607
2025-09-14 10:20:05,488 - INFO - Batch 140/2278: Loss=0.0000, Cls=0.0000, Reg=0.0000, Con=0.0000
2025-09-14 10:20:06,411 - INFO - Batch 150/2278: Loss=1.8322, Cls=0.6440, Reg=0.0000, Con=3.9608
2025-09-14 10:20:07,361 - INFO - Batch 160/2278: Loss=0.0001, Cls=0.0001, Reg=0.0000, Con=0.0000
2025-09-14 10:20:08,260 - INFO - Batch 170/2278: Loss=1.1884, Cls=0.0002, Reg=0.0000, Con=3.9609
2025-09-14 10:20:09,151 - INFO - Batch 180/2278: Loss=1.1883, Cls=0.0000, Reg=0.0000, Con=3.9611
2025-09-14 10:20:10,068 - INFO - Batch 190/2278: Loss=2.7969, Cls=1.6087, Reg=0.0000, Con=3.9608
2025-09-14 10:20:10,977 - INFO - Batch 200/2278: Loss=2.9354, Cls=2.9354, Reg=0.0000, Con=0.0000
2025-09-14 10:20:11,871 - INFO - Batch 210/2278: Loss=1.1919, Cls=0.0035, Reg=0.0000, Con=3.9612
2025-09-14 10:20:12,755 - INFO - Batch 220/2278: Loss=1.1885, Cls=0.0003, Reg=0.0000, Con=3.9608
2025-09-14 10:20:13,653 - INFO - Batch 230/2278: Loss=3.7909, Cls=2.6026, Reg=0.0000, Con=3.9611
2025-09-14 10:20:14,558 - INFO - Batch 240/2278: Loss=1.1897, Cls=0.0015, Reg=0.0000, Con=3.9607
2025-09-14 10:20:15,443 - INFO - Batch 250/2278: Loss=1.1883, Cls=0.0001, Reg=0.0000, Con=3.9609
2025-09-14 10:20:16,377 - INFO - Batch 260/2278: Loss=1.1887, Cls=0.0004, Reg=0.0000, Con=3.9608
2025-09-14 10:20:17,304 - INFO - Batch 270/2278: Loss=2.2438, Cls=1.0556, Reg=0.0000, Con=3.9607
2025-09-14 10:20:18,187 - INFO - Batch 280/2278: Loss=1.1884, Cls=0.0002, Reg=0.0000, Con=3.9608
2025-09-14 10:20:19,077 - INFO - Batch 290/2278: Loss=2.7715, Cls=1.5832, Reg=0.0000, Con=3.9608
2025-09-14 10:20:19,989 - INFO - Batch 300/2278: Loss=1.1883, Cls=0.0001, Reg=0.0000, Con=3.9607
2025-09-14 10:20:20,894 - INFO - Batch 310/2278: Loss=1.1884, Cls=0.0001, Reg=0.0000, Con=3.9610
2025-09-14 10:20:21,788 - INFO - Batch 320/2278: Loss=1.1888, Cls=0.0004, Reg=0.0000, Con=3.9612
2025-09-14 10:20:22,675 - INFO - Batch 330/2278: Loss=0.0615, Cls=0.0615, Reg=0.0000, Con=0.0000
2025-09-14 10:20:23,579 - INFO - Batch 340/2278: Loss=0.0007, Cls=0.0007, Reg=0.0000, Con=0.0000
2025-09-14 10:20:24,481 - INFO - Batch 350/2278: Loss=1.1955, Cls=0.0072, Reg=0.0000, Con=3.9612
2025-09-14 10:20:25,414 - INFO - Batch 360/2278: Loss=1.1925, Cls=0.0042, Reg=0.0000, Con=3.9611
2025-09-14 10:20:26,309 - INFO - Batch 370/2278: Loss=1.1885, Cls=0.0002, Reg=0.0000, Con=3.9608
2025-09-14 10:20:27,231 - INFO - Batch 380/2278: Loss=1.1938, Cls=0.0055, Reg=0.0000, Con=3.9608
2025-09-14 10:20:28,165 - INFO - Batch 390/2278: Loss=3.2764, Cls=2.0881, Reg=0.0000, Con=3.9609
2025-09-14 10:20:29,044 - INFO - Batch 400/2278: Loss=0.0173, Cls=0.0173, Reg=0.0000, Con=0.0000
2025-09-14 10:20:29,942 - INFO - Batch 410/2278: Loss=1.1886, Cls=0.0003, Reg=0.0000, Con=3.9609
2025-09-14 10:20:30,817 - INFO - Batch 420/2278: Loss=1.1883, Cls=0.0000, Reg=0.0000, Con=3.9609
2025-09-14 10:20:31,722 - INFO - Batch 430/2278: Loss=8.6523, Cls=7.4639, Reg=0.0000, Con=3.9614
2025-09-14 10:20:32,618 - INFO - Batch 440/2278: Loss=0.0005, Cls=0.0005, Reg=0.0000, Con=0.0000
2025-09-14 10:20:33,503 - INFO - Batch 450/2278: Loss=1.1901, Cls=0.0019, Reg=0.0000, Con=3.9608
2025-09-14 10:20:34,375 - INFO - Batch 460/2278: Loss=0.0000, Cls=0.0000, Reg=0.0000, Con=0.0000
2025-09-14 10:20:35,302 - INFO - Batch 470/2278: Loss=0.0041, Cls=0.0041, Reg=0.0000, Con=0.0000
2025-09-14 10:20:36,225 - INFO - Batch 480/2278: Loss=1.1887, Cls=0.0004, Reg=0.0000, Con=3.9609
2025-09-14 10:20:37,129 - INFO - Batch 490/2278: Loss=0.2634, Cls=0.2634, Reg=0.0000, Con=0.0000
2025-09-14 10:20:38,028 - INFO - Batch 500/2278: Loss=0.0008, Cls=0.0008, Reg=0.0000, Con=0.0000
2025-09-14 10:20:39,086 - INFO - Batch 510/2278: Loss=1.1926, Cls=0.0044, Reg=0.0000, Con=3.9608
2025-09-14 10:20:40,008 - INFO - Batch 520/2278: Loss=0.0076, Cls=0.0076, Reg=0.0000, Con=0.0000
2025-09-14 10:20:40,883 - INFO - Batch 530/2278: Loss=1.1882, Cls=0.0000, Reg=0.0000, Con=3.9608
2025-09-14 10:20:41,796 - INFO - Batch 540/2278: Loss=1.1886, Cls=0.0003, Reg=0.0000, Con=3.9609
2025-09-14 10:20:42,690 - INFO - Batch 550/2278: Loss=0.0001, Cls=0.0001, Reg=0.0000, Con=0.0000
2025-09-14 10:20:43,576 - INFO - Batch 560/2278: Loss=1.1883, Cls=0.0000, Reg=0.0000, Con=3.9609
2025-09-14 10:20:44,479 - INFO - Batch 570/2278: Loss=1.1883, Cls=0.0001, Reg=0.0000, Con=3.9608
2025-09-14 10:20:45,396 - INFO - Batch 580/2278: Loss=0.0000, Cls=0.0000, Reg=0.0000, Con=0.0000
2025-09-14 10:20:46,264 - INFO - Batch 590/2278: Loss=1.2263, Cls=0.0381, Reg=0.0000, Con=3.9608
2025-09-14 10:20:47,151 - INFO - Batch 600/2278: Loss=0.0000, Cls=0.0000, Reg=0.0000, Con=0.0000
2025-09-14 10:20:48,029 - INFO - Batch 610/2278: Loss=0.0000, Cls=0.0000, Reg=0.0000, Con=0.0000
2025-09-14 10:20:48,920 - INFO - Batch 620/2278: Loss=1.1882, Cls=0.0000, Reg=0.0000, Con=3.9608
2025-09-14 10:20:49,815 - INFO - Batch 630/2278: Loss=1.1885, Cls=0.0002, Reg=0.0000, Con=3.9611
2025-09-14 10:20:50,742 - INFO - Batch 640/2278: Loss=1.1886, Cls=0.0003, Reg=0.0000, Con=3.9607
2025-09-14 10:20:51,629 - INFO - Batch 650/2278: Loss=1.3340, Cls=0.1457, Reg=0.0000, Con=3.9608
2025-09-14 10:20:52,536 - INFO - Batch 660/2278: Loss=0.0007, Cls=0.0007, Reg=0.0000, Con=0.0000
2025-09-14 10:20:53,442 - INFO - Batch 670/2278: Loss=1.1888, Cls=0.0005, Reg=0.0000, Con=3.9609
2025-09-14 10:20:54,357 - INFO - Batch 680/2278: Loss=0.0015, Cls=0.0015, Reg=0.0000, Con=0.0000
2025-09-14 10:20:55,266 - INFO - Batch 690/2278: Loss=1.4634, Cls=0.2752, Reg=0.0000, Con=3.9609
2025-09-14 10:20:56,264 - INFO - Batch 700/2278: Loss=1.4424, Cls=0.2541, Reg=0.0000, Con=3.9610
2025-09-14 10:20:57,150 - INFO - Batch 710/2278: Loss=1.2177, Cls=0.0294, Reg=0.0000, Con=3.9610
2025-09-14 10:20:58,057 - INFO - Batch 720/2278: Loss=1.1906, Cls=0.0023, Reg=0.0000, Con=3.9610
2025-09-14 10:20:58,967 - INFO - Batch 730/2278: Loss=1.4128, Cls=0.2245, Reg=0.0000, Con=3.9609
2025-09-14 10:20:59,870 - INFO - Batch 740/2278: Loss=1.1896, Cls=0.0014, Reg=0.0000, Con=3.9606
2025-09-14 10:21:00,752 - INFO - Batch 750/2278: Loss=1.3326, Cls=0.1444, Reg=0.0000, Con=3.9606
2025-09-14 10:21:01,662 - INFO - Batch 760/2278: Loss=1.1893, Cls=0.0010, Reg=0.0000, Con=3.9611
2025-09-14 10:21:02,625 - INFO - Batch 770/2278: Loss=1.1886, Cls=0.0003, Reg=0.0000, Con=3.9611
2025-09-14 10:21:03,541 - INFO - Batch 780/2278: Loss=0.0095, Cls=0.0095, Reg=0.0000, Con=0.0000
2025-09-14 10:21:04,454 - INFO - Batch 790/2278: Loss=1.1914, Cls=0.0031, Reg=0.0000, Con=3.9609
2025-09-14 10:21:05,390 - INFO - Batch 800/2278: Loss=2.6174, Cls=1.4290, Reg=0.0000, Con=3.9612
2025-09-14 10:21:06,309 - INFO - Batch 810/2278: Loss=0.0069, Cls=0.0069, Reg=0.0000, Con=0.0000
2025-09-14 10:21:07,216 - INFO - Batch 820/2278: Loss=1.2788, Cls=0.0906, Reg=0.0000, Con=3.9608
2025-09-14 10:21:08,138 - INFO - Batch 830/2278: Loss=1.1883, Cls=0.0000, Reg=0.0000, Con=3.9609
2025-09-14 10:21:09,037 - INFO - Batch 840/2278: Loss=0.0036, Cls=0.0036, Reg=0.0000, Con=0.0000
2025-09-14 10:21:09,976 - INFO - Batch 850/2278: Loss=0.6350, Cls=0.6350, Reg=0.0000, Con=0.0000
2025-09-14 10:21:10,854 - INFO - Batch 860/2278: Loss=1.2029, Cls=0.0145, Reg=0.0000, Con=3.9611
2025-09-14 10:21:11,735 - INFO - Batch 870/2278: Loss=1.1883, Cls=0.0000, Reg=0.0000, Con=3.9609
2025-09-14 10:21:12,644 - INFO - Batch 880/2278: Loss=0.0001, Cls=0.0001, Reg=0.0000, Con=0.0000
2025-09-14 10:21:13,543 - INFO - Batch 890/2278: Loss=1.1887, Cls=0.0005, Reg=0.0000, Con=3.9609
2025-09-14 10:21:14,453 - INFO - Batch 900/2278: Loss=0.0000, Cls=0.0000, Reg=0.0000, Con=0.0000
2025-09-14 10:21:15,332 - INFO - Batch 910/2278: Loss=2.2411, Cls=2.2411, Reg=0.0000, Con=0.0000
2025-09-14 10:21:16,234 - INFO - Batch 920/2278: Loss=0.0001, Cls=0.0001, Reg=0.0000, Con=0.0000
2025-09-14 10:21:17,107 - INFO - Batch 930/2278: Loss=0.0003, Cls=0.0003, Reg=0.0000, Con=0.0000
2025-09-14 10:21:17,992 - INFO - Batch 940/2278: Loss=1.1954, Cls=0.0070, Reg=0.0000, Con=3.9613
2025-09-14 10:21:18,890 - INFO - Batch 950/2278: Loss=0.0337, Cls=0.0337, Reg=0.0000, Con=0.0000
2025-09-14 10:21:19,806 - INFO - Batch 960/2278: Loss=0.0005, Cls=0.0005, Reg=0.0000, Con=0.0000
2025-09-14 10:21:20,733 - INFO - Batch 970/2278: Loss=1.3349, Cls=0.1467, Reg=0.0000, Con=3.9608
2025-09-14 10:21:21,646 - INFO - Batch 980/2278: Loss=1.2018, Cls=0.0136, Reg=0.0000, Con=3.9609
2025-09-14 10:21:22,551 - INFO - Batch 990/2278: Loss=1.1934, Cls=0.0051, Reg=0.0000, Con=3.9609
2025-09-14 10:21:23,417 - INFO - Batch 1000/2278: Loss=1.1891, Cls=0.0008, Reg=0.0000, Con=3.9610
2025-09-14 10:21:24,332 - INFO - Batch 1010/2278: Loss=1.2042, Cls=0.0159, Reg=0.0000, Con=3.9608
2025-09-14 10:21:25,223 - INFO - Batch 1020/2278: Loss=1.1925, Cls=0.0042, Reg=0.0000, Con=3.9608
2025-09-14 10:21:26,114 - INFO - Batch 1030/2278: Loss=0.0003, Cls=0.0003, Reg=0.0000, Con=0.0000
2025-09-14 10:21:27,004 - INFO - Batch 1040/2278: Loss=1.1884, Cls=0.0000, Reg=0.0000, Con=3.9613
2025-09-14 10:21:27,890 - INFO - Batch 1050/2278: Loss=0.7527, Cls=0.7527, Reg=0.0000, Con=0.0000
2025-09-14 10:21:28,772 - INFO - Batch 1060/2278: Loss=1.2117, Cls=0.0233, Reg=0.0000, Con=3.9611
2025-09-14 10:21:29,684 - INFO - Batch 1070/2278: Loss=1.1883, Cls=0.0001, Reg=0.0000, Con=3.9609
2025-09-14 10:21:30,570 - INFO - Batch 1080/2278: Loss=0.0000, Cls=0.0000, Reg=0.0000, Con=0.0000
2025-09-14 10:21:31,479 - INFO - Batch 1090/2278: Loss=1.2037, Cls=0.0154, Reg=0.0000, Con=3.9611
2025-09-14 10:21:32,360 - INFO - Batch 1100/2278: Loss=1.1883, Cls=0.0000, Reg=0.0000, Con=3.9611
2025-09-14 10:21:33,249 - INFO - Batch 1110/2278: Loss=1.8484, Cls=1.8484, Reg=0.0000, Con=0.0000
2025-09-14 10:21:34,178 - INFO - Batch 1120/2278: Loss=0.0021, Cls=0.0021, Reg=0.0000, Con=0.0000
2025-09-14 10:21:35,068 - INFO - Batch 1130/2278: Loss=0.0000, Cls=0.0000, Reg=0.0000, Con=0.0000
2025-09-14 10:21:35,961 - INFO - Batch 1140/2278: Loss=1.1892, Cls=0.0009, Reg=0.0000, Con=3.9609
2025-09-14 10:21:36,838 - INFO - Batch 1150/2278: Loss=0.0752, Cls=0.0752, Reg=0.0000, Con=0.0000
2025-09-14 10:21:37,737 - INFO - Batch 1160/2278: Loss=0.0072, Cls=0.0072, Reg=0.0000, Con=0.0000
2025-09-14 10:21:38,642 - INFO - Batch 1170/2278: Loss=1.1883, Cls=0.0000, Reg=0.0000, Con=3.9608
2025-09-14 10:21:39,558 - INFO - Batch 1180/2278: Loss=1.1884, Cls=0.0000, Reg=0.0000, Con=3.9613
2025-09-14 10:21:40,479 - INFO - Batch 1190/2278: Loss=1.1883, Cls=0.0000, Reg=0.0000, Con=3.9609
2025-09-14 10:21:41,380 - INFO - Batch 1200/2278: Loss=1.1884, Cls=0.0001, Reg=0.0000, Con=3.9611
2025-09-14 10:21:42,291 - INFO - Batch 1210/2278: Loss=1.1893, Cls=0.0010, Reg=0.0000, Con=3.9611
2025-09-14 10:21:43,208 - INFO - Batch 1220/2278: Loss=1.2057, Cls=0.0174, Reg=0.0000, Con=3.9609
2025-09-14 10:21:44,111 - INFO - Batch 1230/2278: Loss=0.0080, Cls=0.0080, Reg=0.0000, Con=0.0000
2025-09-14 10:21:44,992 - INFO - Batch 1240/2278: Loss=1.3581, Cls=0.1699, Reg=0.0000, Con=3.9608
2025-09-14 10:21:45,892 - INFO - Batch 1250/2278: Loss=1.1883, Cls=0.0000, Reg=0.0000, Con=3.9609
2025-09-14 10:21:46,807 - INFO - Batch 1260/2278: Loss=1.3074, Cls=1.3074, Reg=0.0000, Con=0.0000
2025-09-14 10:21:47,733 - INFO - Batch 1270/2278: Loss=1.1890, Cls=0.0007, Reg=0.0000, Con=3.9610
2025-09-14 10:21:48,615 - INFO - Batch 1280/2278: Loss=1.7113, Cls=0.5231, Reg=0.0000, Con=3.9607
2025-09-14 10:21:49,549 - INFO - Batch 1290/2278: Loss=0.0000, Cls=0.0000, Reg=0.0000, Con=0.0000
2025-09-14 10:21:50,441 - INFO - Batch 1300/2278: Loss=0.0117, Cls=0.0117, Reg=0.0000, Con=0.0000
2025-09-14 10:21:51,418 - INFO - Batch 1310/2278: Loss=1.2614, Cls=0.0731, Reg=0.0000, Con=3.9608
2025-09-14 10:21:52,434 - INFO - Batch 1320/2278: Loss=1.1889, Cls=0.0006, Reg=0.0000, Con=3.9610
2025-09-14 10:21:53,365 - INFO - Batch 1330/2278: Loss=1.1885, Cls=0.0002, Reg=0.0000, Con=3.9610
2025-09-14 10:21:54,253 - INFO - Batch 1340/2278: Loss=1.1882, Cls=0.0000, Reg=0.0000, Con=3.9608
2025-09-14 10:21:55,153 - INFO - Batch 1350/2278: Loss=1.1957, Cls=0.0075, Reg=0.0000, Con=3.9608
2025-09-14 10:21:56,068 - INFO - Batch 1360/2278: Loss=1.2199, Cls=0.0315, Reg=0.0000, Con=3.9612
2025-09-14 10:21:56,988 - INFO - Batch 1370/2278: Loss=1.7830, Cls=0.5947, Reg=0.0000, Con=3.9610
2025-09-14 10:21:57,913 - INFO - Batch 1380/2278: Loss=1.1883, Cls=0.0001, Reg=0.0000, Con=3.9608
2025-09-14 10:21:58,808 - INFO - Batch 1390/2278: Loss=1.1883, Cls=0.0000, Reg=0.0000, Con=3.9610
2025-09-14 10:21:59,736 - INFO - Batch 1400/2278: Loss=1.1891, Cls=0.0007, Reg=0.0000, Con=3.9615
2025-09-14 10:22:00,643 - INFO - Batch 1410/2278: Loss=0.3701, Cls=0.3701, Reg=0.0000, Con=0.0000
2025-09-14 10:22:01,604 - INFO - Batch 1420/2278: Loss=1.1898, Cls=0.0014, Reg=0.0000, Con=3.9610
2025-09-14 10:22:02,509 - INFO - Batch 1430/2278: Loss=0.0115, Cls=0.0115, Reg=0.0000, Con=0.0000
2025-09-14 10:22:03,475 - INFO - Batch 1440/2278: Loss=1.1882, Cls=0.0000, Reg=0.0000, Con=3.9606
2025-09-14 10:22:04,565 - INFO - Batch 1450/2278: Loss=0.0207, Cls=0.0207, Reg=0.0000, Con=0.0000
2025-09-14 10:22:05,483 - INFO - Batch 1460/2278: Loss=0.0060, Cls=0.0060, Reg=0.0000, Con=0.0000
2025-09-14 10:22:06,404 - INFO - Batch 1470/2278: Loss=2.4873, Cls=1.2990, Reg=0.0000, Con=3.9608
2025-09-14 10:22:07,314 - INFO - Batch 1480/2278: Loss=1.7125, Cls=0.5242, Reg=0.0000, Con=3.9608
2025-09-14 10:22:08,239 - INFO - Batch 1490/2278: Loss=0.1315, Cls=0.1315, Reg=0.0000, Con=0.0000
2025-09-14 10:22:09,159 - INFO - Batch 1500/2278: Loss=2.5422, Cls=1.3539, Reg=0.0000, Con=3.9610
2025-09-14 10:22:10,110 - INFO - Batch 1510/2278: Loss=1.1890, Cls=0.0007, Reg=0.0000, Con=3.9609
2025-09-14 10:22:11,041 - INFO - Batch 1520/2278: Loss=0.3885, Cls=0.3885, Reg=0.0000, Con=0.0000
2025-09-14 10:22:11,977 - INFO - Batch 1530/2278: Loss=1.1882, Cls=0.0000, Reg=0.0000, Con=3.9608
2025-09-14 10:22:12,911 - INFO - Batch 1540/2278: Loss=1.1884, Cls=0.0000, Reg=0.0000, Con=3.9610
2025-09-14 10:22:13,895 - INFO - Batch 1550/2278: Loss=1.1971, Cls=0.0088, Reg=0.0000, Con=3.9611
2025-09-14 10:22:14,819 - INFO - Batch 1560/2278: Loss=1.1912, Cls=0.0029, Reg=0.0000, Con=3.9608
2025-09-14 10:22:15,771 - INFO - Batch 1570/2278: Loss=0.0000, Cls=0.0000, Reg=0.0000, Con=0.0000
2025-09-14 10:22:16,739 - INFO - Batch 1580/2278: Loss=1.1882, Cls=0.0000, Reg=0.0000, Con=3.9608
2025-09-14 10:22:17,818 - INFO - Batch 1590/2278: Loss=0.0000, Cls=0.0000, Reg=0.0000, Con=0.0000
2025-09-14 10:22:18,810 - INFO - Batch 1600/2278: Loss=2.5131, Cls=1.3249, Reg=0.0000, Con=3.9608
2025-09-14 10:22:19,686 - INFO - Batch 1610/2278: Loss=0.0000, Cls=0.0000, Reg=0.0000, Con=0.0000
2025-09-14 10:22:20,598 - INFO - Batch 1620/2278: Loss=1.2006, Cls=0.0124, Reg=0.0000, Con=3.9608
2025-09-14 10:22:21,483 - INFO - Batch 1630/2278: Loss=2.7578, Cls=1.5695, Reg=0.0000, Con=3.9610
2025-09-14 10:22:22,422 - INFO - Batch 1640/2278: Loss=0.0002, Cls=0.0002, Reg=0.0000, Con=0.0000
2025-09-14 10:22:23,324 - INFO - Batch 1650/2278: Loss=1.1883, Cls=0.0000, Reg=0.0000, Con=3.9609
2025-09-14 10:22:24,224 - INFO - Batch 1660/2278: Loss=1.1889, Cls=0.0006, Reg=0.0000, Con=3.9613
2025-09-14 10:22:25,129 - INFO - Batch 1670/2278: Loss=1.1883, Cls=0.0000, Reg=0.0000, Con=3.9609
2025-09-14 10:22:26,077 - INFO - Batch 1680/2278: Loss=1.1887, Cls=0.0005, Reg=0.0000, Con=3.9607
2025-09-14 10:22:26,973 - INFO - Batch 1690/2278: Loss=1.3506, Cls=0.1623, Reg=0.0000, Con=3.9610
2025-09-14 10:22:27,851 - INFO - Batch 1700/2278: Loss=1.1928, Cls=0.0046, Reg=0.0000, Con=3.9608
2025-09-14 10:22:28,751 - INFO - Batch 1710/2278: Loss=0.0000, Cls=0.0000, Reg=0.0000, Con=0.0000
2025-09-14 10:22:29,650 - INFO - Batch 1720/2278: Loss=0.0000, Cls=0.0000, Reg=0.0000, Con=0.0000
2025-09-14 10:22:30,560 - INFO - Batch 1730/2278: Loss=1.1882, Cls=0.0000, Reg=0.0000, Con=3.9608
2025-09-14 10:22:31,469 - INFO - Batch 1740/2278: Loss=1.2575, Cls=0.0692, Reg=0.0000, Con=3.9609
2025-09-14 10:22:32,395 - INFO - Batch 1750/2278: Loss=0.0000, Cls=0.0000, Reg=0.0000, Con=0.0000
2025-09-14 10:22:33,285 - INFO - Batch 1760/2278: Loss=1.1890, Cls=0.0006, Reg=0.0000, Con=3.9612
2025-09-14 10:22:34,167 - INFO - Batch 1770/2278: Loss=0.3925, Cls=0.3925, Reg=0.0000, Con=0.0000
2025-09-14 10:22:35,091 - INFO - Batch 1780/2278: Loss=0.0000, Cls=0.0000, Reg=0.0000, Con=0.0000
2025-09-14 10:22:36,010 - INFO - Batch 1790/2278: Loss=0.0561, Cls=0.0561, Reg=0.0000, Con=0.0000
2025-09-14 10:22:36,906 - INFO - Batch 1800/2278: Loss=2.5581, Cls=1.3699, Reg=0.0000, Con=3.9607
2025-09-14 10:22:37,825 - INFO - Batch 1810/2278: Loss=0.0394, Cls=0.0394, Reg=0.0000, Con=0.0000
2025-09-14 10:22:38,707 - INFO - Batch 1820/2278: Loss=1.4657, Cls=1.4657, Reg=0.0000, Con=0.0000
2025-09-14 10:22:39,593 - INFO - Batch 1830/2278: Loss=1.2211, Cls=0.0328, Reg=0.0000, Con=3.9608
2025-09-14 10:22:40,499 - INFO - Batch 1840/2278: Loss=0.0009, Cls=0.0009, Reg=0.0000, Con=0.0000
2025-09-14 10:22:41,415 - INFO - Batch 1850/2278: Loss=1.1883, Cls=0.0000, Reg=0.0000, Con=3.9609
2025-09-14 10:22:42,300 - INFO - Batch 1860/2278: Loss=1.1884, Cls=0.0002, Reg=0.0000, Con=3.9607
2025-09-14 10:22:43,226 - INFO - Batch 1870/2278: Loss=0.8070, Cls=0.8070, Reg=0.0000, Con=0.0000
2025-09-14 10:22:44,128 - INFO - Batch 1880/2278: Loss=5.2249, Cls=4.0367, Reg=0.0000, Con=3.9607
2025-09-14 10:22:45,017 - INFO - Batch 1890/2278: Loss=0.0000, Cls=0.0000, Reg=0.0000, Con=0.0000
2025-09-14 10:22:45,946 - INFO - Batch 1900/2278: Loss=0.0119, Cls=0.0119, Reg=0.0000, Con=0.0000
2025-09-14 10:22:46,858 - INFO - Batch 1910/2278: Loss=1.1896, Cls=0.0013, Reg=0.0000, Con=3.9610
2025-09-14 10:22:47,778 - INFO - Batch 1920/2278: Loss=0.0001, Cls=0.0001, Reg=0.0000, Con=0.0000
2025-09-14 10:22:48,702 - INFO - Batch 1930/2278: Loss=1.3622, Cls=0.1739, Reg=0.0000, Con=3.9611
2025-09-14 10:22:49,588 - INFO - Batch 1940/2278: Loss=2.6585, Cls=1.4703, Reg=0.0000, Con=3.9607
2025-09-14 10:22:50,501 - INFO - Batch 1950/2278: Loss=1.1883, Cls=0.0001, Reg=0.0000, Con=3.9609
2025-09-14 10:22:51,522 - INFO - Batch 1960/2278: Loss=1.1958, Cls=0.0075, Reg=0.0000, Con=3.9610
2025-09-14 10:22:52,417 - INFO - Batch 1970/2278: Loss=0.0000, Cls=0.0000, Reg=0.0000, Con=0.0000
2025-09-14 10:22:53,331 - INFO - Batch 1980/2278: Loss=4.3572, Cls=3.1689, Reg=0.0000, Con=3.9610
2025-09-14 10:22:54,274 - INFO - Batch 1990/2278: Loss=1.1912, Cls=0.0030, Reg=0.0000, Con=3.9608
2025-09-14 10:22:55,185 - INFO - Batch 2000/2278: Loss=1.2006, Cls=0.0123, Reg=0.0000, Con=3.9610
2025-09-14 10:22:56,148 - INFO - Batch 2010/2278: Loss=1.2689, Cls=0.0807, Reg=0.0000, Con=3.9608
2025-09-14 10:22:57,098 - INFO - Batch 2020/2278: Loss=1.8150, Cls=0.6267, Reg=0.0000, Con=3.9608
2025-09-14 10:22:58,003 - INFO - Batch 2030/2278: Loss=2.1294, Cls=0.9412, Reg=0.0000, Con=3.9608
2025-09-14 10:22:58,878 - INFO - Batch 2040/2278: Loss=1.1884, Cls=0.0000, Reg=0.0000, Con=3.9610
2025-09-14 10:22:59,790 - INFO - Batch 2050/2278: Loss=0.0003, Cls=0.0003, Reg=0.0000, Con=0.0000
2025-09-14 10:23:00,681 - INFO - Batch 2060/2278: Loss=1.1901, Cls=0.0018, Reg=0.0000, Con=3.9609
2025-09-14 10:23:01,584 - INFO - Batch 2070/2278: Loss=0.0001, Cls=0.0001, Reg=0.0000, Con=0.0000
2025-09-14 10:23:02,475 - INFO - Batch 2080/2278: Loss=1.1979, Cls=0.0095, Reg=0.0000, Con=3.9613
2025-09-14 10:23:03,352 - INFO - Batch 2090/2278: Loss=1.1882, Cls=0.0000, Reg=0.0000, Con=3.9607
2025-09-14 10:23:04,250 - INFO - Batch 2100/2278: Loss=1.1994, Cls=0.0108, Reg=0.0000, Con=3.9619
2025-09-14 10:23:05,174 - INFO - Batch 2110/2278: Loss=1.2149, Cls=0.0267, Reg=0.0000, Con=3.9609
2025-09-14 10:23:06,094 - INFO - Batch 2120/2278: Loss=0.0026, Cls=0.0026, Reg=0.0000, Con=0.0000
2025-09-14 10:23:06,987 - INFO - Batch 2130/2278: Loss=0.2630, Cls=0.2630, Reg=0.0000, Con=0.0000
2025-09-14 10:23:07,887 - INFO - Batch 2140/2278: Loss=0.0043, Cls=0.0043, Reg=0.0000, Con=0.0000
2025-09-14 10:23:08,826 - INFO - Batch 2150/2278: Loss=1.1886, Cls=0.0003, Reg=0.0000, Con=3.9608
2025-09-14 10:23:09,868 - INFO - Batch 2160/2278: Loss=1.2471, Cls=0.0588, Reg=0.0000, Con=3.9609
2025-09-14 10:23:10,753 - INFO - Batch 2170/2278: Loss=1.2332, Cls=0.0450, Reg=0.0000, Con=3.9608
2025-09-14 10:23:11,680 - INFO - Batch 2180/2278: Loss=0.0035, Cls=0.0035, Reg=0.0000, Con=0.0000
2025-09-14 10:23:12,571 - INFO - Batch 2190/2278: Loss=1.1896, Cls=0.0014, Reg=0.0000, Con=3.9609
2025-09-14 10:23:13,490 - INFO - Batch 2200/2278: Loss=1.1897, Cls=0.0015, Reg=0.0000, Con=3.9608
2025-09-14 10:23:14,407 - INFO - Batch 2210/2278: Loss=0.0000, Cls=0.0000, Reg=0.0000, Con=0.0000
2025-09-14 10:23:15,449 - INFO - Batch 2220/2278: Loss=0.0001, Cls=0.0001, Reg=0.0000, Con=0.0000
2025-09-14 10:23:16,343 - INFO - Batch 2230/2278: Loss=1.1883, Cls=0.0000, Reg=0.0000, Con=3.9609
2025-09-14 10:23:17,330 - INFO - Batch 2240/2278: Loss=1.1885, Cls=0.0000, Reg=0.0000, Con=3.9617
2025-09-14 10:23:18,250 - INFO - Batch 2250/2278: Loss=1.1887, Cls=0.0004, Reg=0.0000, Con=3.9608
2025-09-14 10:23:19,152 - INFO - Batch 2260/2278: Loss=0.0001, Cls=0.0001, Reg=0.0000, Con=0.0000
2025-09-14 10:23:20,078 - INFO - Batch 2270/2278: Loss=0.2181, Cls=0.2181, Reg=0.0000, Con=0.0000
2025-09-14 10:26:48,389 - INFO - === Epoch 3 Results ===
2025-09-14 10:26:48,390 - INFO - Training Loss: 0.9836 (Classification: 0.2058, Regression: 0.0000)
2025-09-14 10:26:48,390 - INFO - Validation Loss: 0.0755 (Classification: 0.0755, Regression: 0.0000)
2025-09-14 10:26:48,390 - INFO - Average Classification Accuracy: 0.9114 (on 1/26 tasks)
2025-09-14 10:26:48,390 - INFO - Average AUC: 0.9205
2025-09-14 10:26:51,084 - INFO - Best model saved to: experiments/r1c3_headft_cls_24_seed_42_20250914_100603/checkpoints/r1c3_headft_cls_24_seed_42_best.pth
2025-09-14 10:26:51,085 - INFO - Training finished!
2025-09-14 10:26:51,085 - INFO - Performing final evaluation...
2025-09-14 10:26:51,332 - INFO - Loaded best model from: experiments/r1c3_headft_cls_24_seed_42_20250914_100603/checkpoints/r1c3_headft_cls_24_seed_42_best.pth
2025-09-14 10:30:18,176 - INFO - Final Validation Results:
2025-09-14 10:30:18,176 - INFO -   Total Loss: 0.0755
2025-09-14 10:30:18,176 - INFO -   Classification Loss: 0.0755
2025-09-14 10:30:18,176 - INFO -   Regression Loss: 0.0000
2025-09-14 10:30:18,177 - INFO -   Average Classification Accuracy: 0.9114
2025-09-14 10:30:18,177 - INFO -   Average AUC: 0.9205
2025-09-14 10:30:18,177 - INFO - Results saved to: experiments/r1c3_headft_cls_24_seed_42_20250914_100603/checkpoints/r1c3_headft_cls_24_seed_42_results.json
