2025-09-14 09:41:37,766 - INFO - 🔬 Starting experiment: r1c3_headft_cls_22_seed_42
2025-09-14 09:41:37,766 - INFO - 📁 Experiment directory: experiments/r1c3_headft_cls_22_seed_42_20250914_094137
2025-09-14 09:41:37,766 - INFO - 🎲 Random seed: 42
2025-09-14 09:41:37,766 - INFO - 🔒 Deterministic mode: True
2025-09-14 09:41:37,766 - INFO - Using device: cuda
2025-09-14 09:41:37,766 - INFO - Total GPU Memory: 25.16 GB
2025-09-14 09:41:37,780 - INFO - 🧪 Fusion: Using cross-attention dynamic fusion
2025-09-14 09:41:37,780 - INFO - 🧪 GNN Backbone: Using default GraphAttentionNetwork branch
2025-09-14 09:41:37,780 - INFO - 🎯 Task Mode: Single classification endpoint 22
2025-09-14 09:41:37,781 - INFO - Configuration saved to: experiments/r1c3_headft_cls_22_seed_42_20250914_094137/checkpoints/config.json
2025-09-14 09:41:37,781 - INFO - 🚀 Using preprocessed data from: /mnt/backup2/ai4s/backupunimolpy/responds-work/ToxD4C/data/data/processed
2025-09-14 09:41:37,781 - INFO - Loading LMDB dataset from: /mnt/backup2/ai4s/backupunimolpy/responds-work/ToxD4C/data/data/processed
2025-09-14 09:41:38,150 - INFO - Number of training batches: 2278
2025-09-14 09:41:38,150 - INFO - Number of validation batches: 2278
2025-09-14 09:41:38,150 - INFO - Number of test batches: 2278
2025-09-14 09:41:38,150 - INFO - Creating ToxD4C model...
2025-09-14 09:41:39,167 - INFO - Model created successfully. Total parameters: 100,932,036
2025-09-14 09:41:39,167 - INFO - Testing model forward pass...
2025-09-14 09:41:39,588 - INFO - Test output shapes:
2025-09-14 09:41:39,588 - INFO -   classification: torch.Size([16, 1])
2025-09-14 09:41:39,590 - INFO -   classification contains NaN: False
2025-09-14 09:41:39,590 - INFO -   classification contains Inf: False
2025-09-14 09:41:39,591 - INFO -   regression: torch.Size([16, 0])
2025-09-14 09:41:39,591 - INFO -   regression contains NaN: False
2025-09-14 09:41:39,591 - INFO -   regression contains Inf: False
2025-09-14 09:41:39,591 - INFO - Model forward pass test successful!
2025-09-14 09:41:40,291 - INFO - 🔁 Loaded checkpoint from: /mnt/backup2/ai4s/backupunimolpy/responds-work/ToxD4C/experiments/r1c3_multi_full_seed_42_20250913_152627/checkpoints/r1c3_multi_full_seed_42_best.pth
2025-09-14 09:41:40,292 - INFO - 🧩 Head-only fine-tuning: unfroze head for task 'SR-ATAD5' and froze trunk.
2025-09-14 09:41:40,293 - INFO - Starting training...
2025-09-14 09:41:40,293 - INFO - 
Epoch 1/3
2025-09-14 09:41:40,466 - INFO - Batch 0/2278: Loss=0.0025, Cls=0.0025, Reg=0.0000, Con=0.0000
2025-09-14 09:41:41,378 - INFO - Batch 10/2278: Loss=0.8866, Cls=0.8866, Reg=0.0000, Con=0.0000
2025-09-14 09:41:42,242 - INFO - Batch 20/2278: Loss=1.2228, Cls=0.0345, Reg=0.0000, Con=3.9610
2025-09-14 09:41:43,102 - INFO - Batch 30/2278: Loss=0.0000, Cls=0.0000, Reg=0.0000, Con=0.0000
2025-09-14 09:41:43,969 - INFO - Batch 40/2278: Loss=0.0006, Cls=0.0006, Reg=0.0000, Con=0.0000
2025-09-14 09:41:44,839 - INFO - Batch 50/2278: Loss=1.2012, Cls=0.0129, Reg=0.0000, Con=3.9609
2025-09-14 09:41:45,704 - INFO - Batch 60/2278: Loss=1.3383, Cls=0.1500, Reg=0.0000, Con=3.9609
2025-09-14 09:41:46,571 - INFO - Batch 70/2278: Loss=1.1882, Cls=0.0000, Reg=0.0000, Con=3.9608
2025-09-14 09:41:47,418 - INFO - Batch 80/2278: Loss=0.0001, Cls=0.0001, Reg=0.0000, Con=0.0000
2025-09-14 09:41:48,330 - INFO - Batch 90/2278: Loss=0.0370, Cls=0.0370, Reg=0.0000, Con=0.0000
2025-09-14 09:41:49,221 - INFO - Batch 100/2278: Loss=0.0113, Cls=0.0113, Reg=0.0000, Con=0.0000
2025-09-14 09:41:50,114 - INFO - Batch 110/2278: Loss=0.0188, Cls=0.0188, Reg=0.0000, Con=0.0000
2025-09-14 09:41:50,999 - INFO - Batch 120/2278: Loss=1.1890, Cls=0.0007, Reg=0.0000, Con=3.9609
2025-09-14 09:41:51,882 - INFO - Batch 130/2278: Loss=1.8602, Cls=0.6719, Reg=0.0000, Con=3.9609
2025-09-14 09:41:52,746 - INFO - Batch 140/2278: Loss=1.3988, Cls=0.2103, Reg=0.0000, Con=3.9615
2025-09-14 09:41:53,641 - INFO - Batch 150/2278: Loss=1.1889, Cls=0.0005, Reg=0.0000, Con=3.9613
2025-09-14 09:41:54,539 - INFO - Batch 160/2278: Loss=1.1896, Cls=0.0013, Reg=0.0000, Con=3.9611
2025-09-14 09:41:55,415 - INFO - Batch 170/2278: Loss=1.1909, Cls=0.0026, Reg=0.0000, Con=3.9611
2025-09-14 09:41:56,330 - INFO - Batch 180/2278: Loss=1.1891, Cls=0.0008, Reg=0.0000, Con=3.9610
2025-09-14 09:41:57,204 - INFO - Batch 190/2278: Loss=1.1923, Cls=0.0041, Reg=0.0000, Con=3.9608
2025-09-14 09:41:58,063 - INFO - Batch 200/2278: Loss=0.0085, Cls=0.0085, Reg=0.0000, Con=0.0000
2025-09-14 09:41:58,957 - INFO - Batch 210/2278: Loss=0.0006, Cls=0.0006, Reg=0.0000, Con=0.0000
2025-09-14 09:41:59,843 - INFO - Batch 220/2278: Loss=4.7240, Cls=4.7240, Reg=0.0000, Con=0.0000
2025-09-14 09:42:00,746 - INFO - Batch 230/2278: Loss=1.1885, Cls=0.0002, Reg=0.0000, Con=3.9610
2025-09-14 09:42:01,618 - INFO - Batch 240/2278: Loss=1.1882, Cls=0.0000, Reg=0.0000, Con=3.9608
2025-09-14 09:42:02,494 - INFO - Batch 250/2278: Loss=0.0002, Cls=0.0002, Reg=0.0000, Con=0.0000
2025-09-14 09:42:03,381 - INFO - Batch 260/2278: Loss=1.2138, Cls=1.2138, Reg=0.0000, Con=0.0000
2025-09-14 09:42:04,273 - INFO - Batch 270/2278: Loss=0.0000, Cls=0.0000, Reg=0.0000, Con=0.0000
2025-09-14 09:42:05,145 - INFO - Batch 280/2278: Loss=1.1900, Cls=0.0016, Reg=0.0000, Con=3.9611
2025-09-14 09:42:06,027 - INFO - Batch 290/2278: Loss=0.0153, Cls=0.0153, Reg=0.0000, Con=0.0000
2025-09-14 09:42:06,885 - INFO - Batch 300/2278: Loss=1.1889, Cls=0.0006, Reg=0.0000, Con=3.9609
2025-09-14 09:42:07,782 - INFO - Batch 310/2278: Loss=1.1884, Cls=0.0000, Reg=0.0000, Con=3.9612
2025-09-14 09:42:08,652 - INFO - Batch 320/2278: Loss=0.0024, Cls=0.0024, Reg=0.0000, Con=0.0000
2025-09-14 09:42:09,570 - INFO - Batch 330/2278: Loss=1.1888, Cls=0.0006, Reg=0.0000, Con=3.9609
2025-09-14 09:42:10,435 - INFO - Batch 340/2278: Loss=1.2145, Cls=0.0262, Reg=0.0000, Con=3.9610
2025-09-14 09:42:11,343 - INFO - Batch 350/2278: Loss=2.1856, Cls=0.9973, Reg=0.0000, Con=3.9611
2025-09-14 09:42:12,206 - INFO - Batch 360/2278: Loss=1.1882, Cls=0.0000, Reg=0.0000, Con=3.9607
2025-09-14 09:42:13,092 - INFO - Batch 370/2278: Loss=1.1889, Cls=0.0006, Reg=0.0000, Con=3.9609
2025-09-14 09:42:13,963 - INFO - Batch 380/2278: Loss=1.1893, Cls=0.0010, Reg=0.0000, Con=3.9607
2025-09-14 09:42:14,866 - INFO - Batch 390/2278: Loss=1.1882, Cls=0.0000, Reg=0.0000, Con=3.9607
2025-09-14 09:42:15,763 - INFO - Batch 400/2278: Loss=0.0328, Cls=0.0328, Reg=0.0000, Con=0.0000
2025-09-14 09:42:16,641 - INFO - Batch 410/2278: Loss=0.0120, Cls=0.0120, Reg=0.0000, Con=0.0000
2025-09-14 09:42:17,528 - INFO - Batch 420/2278: Loss=0.0015, Cls=0.0015, Reg=0.0000, Con=0.0000
2025-09-14 09:42:18,413 - INFO - Batch 430/2278: Loss=1.1887, Cls=0.0005, Reg=0.0000, Con=3.9607
2025-09-14 09:42:19,270 - INFO - Batch 440/2278: Loss=1.1947, Cls=0.0064, Reg=0.0000, Con=3.9608
2025-09-14 09:42:20,160 - INFO - Batch 450/2278: Loss=1.1887, Cls=0.0005, Reg=0.0000, Con=3.9607
2025-09-14 09:42:21,017 - INFO - Batch 460/2278: Loss=1.1969, Cls=0.0087, Reg=0.0000, Con=3.9607
2025-09-14 09:42:21,907 - INFO - Batch 470/2278: Loss=1.1891, Cls=0.0008, Reg=0.0000, Con=3.9611
2025-09-14 09:42:22,794 - INFO - Batch 480/2278: Loss=1.1905, Cls=0.0023, Reg=0.0000, Con=3.9607
2025-09-14 09:42:23,666 - INFO - Batch 490/2278: Loss=0.0000, Cls=0.0000, Reg=0.0000, Con=0.0000
2025-09-14 09:42:24,544 - INFO - Batch 500/2278: Loss=0.0000, Cls=0.0000, Reg=0.0000, Con=0.0000
2025-09-14 09:42:25,411 - INFO - Batch 510/2278: Loss=1.1883, Cls=0.0000, Reg=0.0000, Con=3.9609
2025-09-14 09:42:26,282 - INFO - Batch 520/2278: Loss=1.1883, Cls=0.0001, Reg=0.0000, Con=3.9608
2025-09-14 09:42:27,162 - INFO - Batch 530/2278: Loss=1.1885, Cls=0.0003, Reg=0.0000, Con=3.9608
2025-09-14 09:42:28,071 - INFO - Batch 540/2278: Loss=1.7492, Cls=0.5609, Reg=0.0000, Con=3.9610
2025-09-14 09:42:28,936 - INFO - Batch 550/2278: Loss=1.1882, Cls=0.0000, Reg=0.0000, Con=3.9607
2025-09-14 09:42:29,802 - INFO - Batch 560/2278: Loss=1.1884, Cls=0.0001, Reg=0.0000, Con=3.9609
2025-09-14 09:42:30,706 - INFO - Batch 570/2278: Loss=1.2011, Cls=0.0128, Reg=0.0000, Con=3.9608
2025-09-14 09:42:31,580 - INFO - Batch 580/2278: Loss=0.0001, Cls=0.0001, Reg=0.0000, Con=0.0000
2025-09-14 09:42:32,446 - INFO - Batch 590/2278: Loss=0.0930, Cls=0.0930, Reg=0.0000, Con=0.0000
2025-09-14 09:42:33,344 - INFO - Batch 600/2278: Loss=1.1885, Cls=0.0002, Reg=0.0000, Con=3.9609
2025-09-14 09:42:34,201 - INFO - Batch 610/2278: Loss=1.2055, Cls=0.0172, Reg=0.0000, Con=3.9609
2025-09-14 09:42:35,072 - INFO - Batch 620/2278: Loss=1.1888, Cls=0.0006, Reg=0.0000, Con=3.9608
2025-09-14 09:42:35,962 - INFO - Batch 630/2278: Loss=0.0000, Cls=0.0000, Reg=0.0000, Con=0.0000
2025-09-14 09:42:36,862 - INFO - Batch 640/2278: Loss=2.7916, Cls=1.6034, Reg=0.0000, Con=3.9608
2025-09-14 09:42:37,739 - INFO - Batch 650/2278: Loss=1.1886, Cls=0.0002, Reg=0.0000, Con=3.9613
2025-09-14 09:42:38,606 - INFO - Batch 660/2278: Loss=1.1883, Cls=0.0000, Reg=0.0000, Con=3.9608
2025-09-14 09:42:39,506 - INFO - Batch 670/2278: Loss=1.3220, Cls=0.1337, Reg=0.0000, Con=3.9608
2025-09-14 09:42:40,377 - INFO - Batch 680/2278: Loss=1.1992, Cls=0.0109, Reg=0.0000, Con=3.9608
2025-09-14 09:42:41,256 - INFO - Batch 690/2278: Loss=0.0002, Cls=0.0002, Reg=0.0000, Con=0.0000
2025-09-14 09:42:42,140 - INFO - Batch 700/2278: Loss=0.0000, Cls=0.0000, Reg=0.0000, Con=0.0000
2025-09-14 09:42:43,041 - INFO - Batch 710/2278: Loss=1.1882, Cls=0.0000, Reg=0.0000, Con=3.9607
2025-09-14 09:42:43,894 - INFO - Batch 720/2278: Loss=1.1883, Cls=0.0000, Reg=0.0000, Con=3.9609
2025-09-14 09:42:44,782 - INFO - Batch 730/2278: Loss=1.1896, Cls=0.0012, Reg=0.0000, Con=3.9613
2025-09-14 09:42:45,677 - INFO - Batch 740/2278: Loss=1.1916, Cls=0.0033, Reg=0.0000, Con=3.9610
2025-09-14 09:42:46,547 - INFO - Batch 750/2278: Loss=1.1885, Cls=0.0003, Reg=0.0000, Con=3.9609
2025-09-14 09:42:47,425 - INFO - Batch 760/2278: Loss=1.1884, Cls=0.0002, Reg=0.0000, Con=3.9608
2025-09-14 09:42:48,301 - INFO - Batch 770/2278: Loss=1.1884, Cls=0.0001, Reg=0.0000, Con=3.9610
2025-09-14 09:42:49,179 - INFO - Batch 780/2278: Loss=1.1883, Cls=0.0001, Reg=0.0000, Con=3.9608
2025-09-14 09:42:50,199 - INFO - Batch 790/2278: Loss=0.0001, Cls=0.0001, Reg=0.0000, Con=0.0000
2025-09-14 09:42:51,166 - INFO - Batch 800/2278: Loss=1.1884, Cls=0.0000, Reg=0.0000, Con=3.9612
2025-09-14 09:42:52,039 - INFO - Batch 810/2278: Loss=1.1884, Cls=0.0000, Reg=0.0000, Con=3.9612
2025-09-14 09:42:52,953 - INFO - Batch 820/2278: Loss=1.1883, Cls=0.0000, Reg=0.0000, Con=3.9609
2025-09-14 09:42:53,864 - INFO - Batch 830/2278: Loss=1.1887, Cls=0.0005, Reg=0.0000, Con=3.9609
2025-09-14 09:42:54,751 - INFO - Batch 840/2278: Loss=2.1514, Cls=0.9632, Reg=0.0000, Con=3.9608
2025-09-14 09:42:55,644 - INFO - Batch 850/2278: Loss=0.0036, Cls=0.0036, Reg=0.0000, Con=0.0000
2025-09-14 09:42:56,496 - INFO - Batch 860/2278: Loss=1.1914, Cls=0.0032, Reg=0.0000, Con=3.9607
2025-09-14 09:42:57,378 - INFO - Batch 870/2278: Loss=0.0014, Cls=0.0014, Reg=0.0000, Con=0.0000
2025-09-14 09:42:58,282 - INFO - Batch 880/2278: Loss=0.0006, Cls=0.0006, Reg=0.0000, Con=0.0000
2025-09-14 09:42:59,136 - INFO - Batch 890/2278: Loss=0.0004, Cls=0.0004, Reg=0.0000, Con=0.0000
2025-09-14 09:43:00,023 - INFO - Batch 900/2278: Loss=1.1891, Cls=0.0008, Reg=0.0000, Con=3.9609
2025-09-14 09:43:00,926 - INFO - Batch 910/2278: Loss=1.1886, Cls=0.0004, Reg=0.0000, Con=3.9609
2025-09-14 09:43:01,796 - INFO - Batch 920/2278: Loss=1.1883, Cls=0.0000, Reg=0.0000, Con=3.9610
2025-09-14 09:43:02,686 - INFO - Batch 930/2278: Loss=1.1888, Cls=0.0006, Reg=0.0000, Con=3.9608
2025-09-14 09:43:03,577 - INFO - Batch 940/2278: Loss=1.1949, Cls=0.0066, Reg=0.0000, Con=3.9609
2025-09-14 09:43:04,473 - INFO - Batch 950/2278: Loss=1.1883, Cls=0.0000, Reg=0.0000, Con=3.9611
2025-09-14 09:43:05,352 - INFO - Batch 960/2278: Loss=1.1912, Cls=0.0029, Reg=0.0000, Con=3.9609
2025-09-14 09:43:06,251 - INFO - Batch 970/2278: Loss=2.1240, Cls=0.9356, Reg=0.0000, Con=3.9612
2025-09-14 09:43:07,131 - INFO - Batch 980/2278: Loss=0.0006, Cls=0.0006, Reg=0.0000, Con=0.0000
2025-09-14 09:43:08,017 - INFO - Batch 990/2278: Loss=0.0000, Cls=0.0000, Reg=0.0000, Con=0.0000
2025-09-14 09:43:08,890 - INFO - Batch 1000/2278: Loss=2.0252, Cls=0.8370, Reg=0.0000, Con=3.9609
2025-09-14 09:43:09,797 - INFO - Batch 1010/2278: Loss=1.2163, Cls=0.0281, Reg=0.0000, Con=3.9608
2025-09-14 09:43:10,700 - INFO - Batch 1020/2278: Loss=0.0003, Cls=0.0003, Reg=0.0000, Con=0.0000
2025-09-14 09:43:11,588 - INFO - Batch 1030/2278: Loss=1.1884, Cls=0.0001, Reg=0.0000, Con=3.9610
2025-09-14 09:43:12,468 - INFO - Batch 1040/2278: Loss=1.1888, Cls=0.0006, Reg=0.0000, Con=3.9607
2025-09-14 09:43:13,338 - INFO - Batch 1050/2278: Loss=1.1884, Cls=0.0001, Reg=0.0000, Con=3.9609
2025-09-14 09:43:14,200 - INFO - Batch 1060/2278: Loss=1.1885, Cls=0.0003, Reg=0.0000, Con=3.9608
2025-09-14 09:43:15,068 - INFO - Batch 1070/2278: Loss=1.1883, Cls=0.0000, Reg=0.0000, Con=3.9608
2025-09-14 09:43:15,929 - INFO - Batch 1080/2278: Loss=0.0006, Cls=0.0006, Reg=0.0000, Con=0.0000
2025-09-14 09:43:16,840 - INFO - Batch 1090/2278: Loss=5.2181, Cls=4.0298, Reg=0.0000, Con=3.9609
2025-09-14 09:43:17,766 - INFO - Batch 1100/2278: Loss=0.4278, Cls=0.4278, Reg=0.0000, Con=0.0000
2025-09-14 09:43:18,664 - INFO - Batch 1110/2278: Loss=1.1883, Cls=0.0001, Reg=0.0000, Con=3.9608
2025-09-14 09:43:19,535 - INFO - Batch 1120/2278: Loss=0.0179, Cls=0.0179, Reg=0.0000, Con=0.0000
2025-09-14 09:43:20,442 - INFO - Batch 1130/2278: Loss=1.1900, Cls=0.0018, Reg=0.0000, Con=3.9608
2025-09-14 09:43:21,327 - INFO - Batch 1140/2278: Loss=1.1908, Cls=0.0025, Reg=0.0000, Con=3.9608
2025-09-14 09:43:22,212 - INFO - Batch 1150/2278: Loss=1.1885, Cls=0.0001, Reg=0.0000, Con=3.9611
2025-09-14 09:43:23,095 - INFO - Batch 1160/2278: Loss=1.2085, Cls=0.0202, Reg=0.0000, Con=3.9609
2025-09-14 09:43:23,975 - INFO - Batch 1170/2278: Loss=0.0014, Cls=0.0014, Reg=0.0000, Con=0.0000
2025-09-14 09:43:24,839 - INFO - Batch 1180/2278: Loss=1.1889, Cls=0.0006, Reg=0.0000, Con=3.9609
2025-09-14 09:43:25,728 - INFO - Batch 1190/2278: Loss=1.1888, Cls=0.0005, Reg=0.0000, Con=3.9609
2025-09-14 09:43:26,618 - INFO - Batch 1200/2278: Loss=0.0016, Cls=0.0016, Reg=0.0000, Con=0.0000
2025-09-14 09:43:27,507 - INFO - Batch 1210/2278: Loss=1.1902, Cls=0.0019, Reg=0.0000, Con=3.9610
2025-09-14 09:43:28,390 - INFO - Batch 1220/2278: Loss=0.0006, Cls=0.0006, Reg=0.0000, Con=0.0000
2025-09-14 09:43:29,284 - INFO - Batch 1230/2278: Loss=1.1883, Cls=0.0000, Reg=0.0000, Con=3.9609
2025-09-14 09:43:30,193 - INFO - Batch 1240/2278: Loss=1.1883, Cls=0.0000, Reg=0.0000, Con=3.9609
2025-09-14 09:43:31,065 - INFO - Batch 1250/2278: Loss=0.0000, Cls=0.0000, Reg=0.0000, Con=0.0000
2025-09-14 09:43:31,947 - INFO - Batch 1260/2278: Loss=1.2046, Cls=0.0163, Reg=0.0000, Con=3.9608
2025-09-14 09:43:32,828 - INFO - Batch 1270/2278: Loss=1.1883, Cls=0.0001, Reg=0.0000, Con=3.9609
2025-09-14 09:43:33,684 - INFO - Batch 1280/2278: Loss=0.0004, Cls=0.0004, Reg=0.0000, Con=0.0000
2025-09-14 09:43:34,559 - INFO - Batch 1290/2278: Loss=1.4029, Cls=1.4029, Reg=0.0000, Con=0.0000
2025-09-14 09:43:35,446 - INFO - Batch 1300/2278: Loss=1.1887, Cls=0.0004, Reg=0.0000, Con=3.9610
2025-09-14 09:43:36,327 - INFO - Batch 1310/2278: Loss=1.1905, Cls=0.0022, Reg=0.0000, Con=3.9611
2025-09-14 09:43:37,201 - INFO - Batch 1320/2278: Loss=0.0001, Cls=0.0001, Reg=0.0000, Con=0.0000
2025-09-14 09:43:38,067 - INFO - Batch 1330/2278: Loss=1.1886, Cls=0.0002, Reg=0.0000, Con=3.9613
2025-09-14 09:43:38,940 - INFO - Batch 1340/2278: Loss=1.1882, Cls=0.0000, Reg=0.0000, Con=3.9608
2025-09-14 09:43:39,830 - INFO - Batch 1350/2278: Loss=0.0003, Cls=0.0003, Reg=0.0000, Con=0.0000
2025-09-14 09:43:40,714 - INFO - Batch 1360/2278: Loss=1.1924, Cls=0.0041, Reg=0.0000, Con=3.9610
2025-09-14 09:43:41,612 - INFO - Batch 1370/2278: Loss=1.1882, Cls=0.0000, Reg=0.0000, Con=3.9608
2025-09-14 09:43:42,516 - INFO - Batch 1380/2278: Loss=1.1886, Cls=0.0003, Reg=0.0000, Con=3.9608
2025-09-14 09:43:43,393 - INFO - Batch 1390/2278: Loss=1.1885, Cls=0.0003, Reg=0.0000, Con=3.9608
2025-09-14 09:43:44,278 - INFO - Batch 1400/2278: Loss=1.1883, Cls=0.0000, Reg=0.0000, Con=3.9609
2025-09-14 09:43:45,191 - INFO - Batch 1410/2278: Loss=1.1913, Cls=0.0029, Reg=0.0000, Con=3.9612
2025-09-14 09:43:46,076 - INFO - Batch 1420/2278: Loss=0.6272, Cls=0.6272, Reg=0.0000, Con=0.0000
2025-09-14 09:43:46,953 - INFO - Batch 1430/2278: Loss=1.1918, Cls=0.0035, Reg=0.0000, Con=3.9609
2025-09-14 09:43:47,822 - INFO - Batch 1440/2278: Loss=1.1883, Cls=0.0000, Reg=0.0000, Con=3.9609
2025-09-14 09:43:48,725 - INFO - Batch 1450/2278: Loss=1.1989, Cls=0.0107, Reg=0.0000, Con=3.9608
2025-09-14 09:43:49,619 - INFO - Batch 1460/2278: Loss=0.0095, Cls=0.0095, Reg=0.0000, Con=0.0000
2025-09-14 09:43:50,521 - INFO - Batch 1470/2278: Loss=1.1883, Cls=0.0001, Reg=0.0000, Con=3.9609
2025-09-14 09:43:51,434 - INFO - Batch 1480/2278: Loss=1.2046, Cls=0.0164, Reg=0.0000, Con=3.9607
2025-09-14 09:43:52,321 - INFO - Batch 1490/2278: Loss=1.1890, Cls=0.0008, Reg=0.0000, Con=3.9609
2025-09-14 09:43:53,215 - INFO - Batch 1500/2278: Loss=1.1895, Cls=0.0012, Reg=0.0000, Con=3.9609
2025-09-14 09:43:54,128 - INFO - Batch 1510/2278: Loss=0.0000, Cls=0.0000, Reg=0.0000, Con=0.0000
2025-09-14 09:43:55,007 - INFO - Batch 1520/2278: Loss=5.2977, Cls=4.1095, Reg=0.0000, Con=3.9608
2025-09-14 09:43:55,868 - INFO - Batch 1530/2278: Loss=1.1883, Cls=0.0000, Reg=0.0000, Con=3.9608
2025-09-14 09:43:56,756 - INFO - Batch 1540/2278: Loss=1.1892, Cls=0.0009, Reg=0.0000, Con=3.9609
2025-09-14 09:43:57,657 - INFO - Batch 1550/2278: Loss=1.1883, Cls=0.0000, Reg=0.0000, Con=3.9610
2025-09-14 09:43:58,553 - INFO - Batch 1560/2278: Loss=1.2094, Cls=0.0212, Reg=0.0000, Con=3.9609
2025-09-14 09:43:59,466 - INFO - Batch 1570/2278: Loss=1.1908, Cls=0.0026, Reg=0.0000, Con=3.9608
2025-09-14 09:44:00,390 - INFO - Batch 1580/2278: Loss=1.1895, Cls=0.0012, Reg=0.0000, Con=3.9608
2025-09-14 09:44:01,274 - INFO - Batch 1590/2278: Loss=1.2076, Cls=0.0193, Reg=0.0000, Con=3.9609
2025-09-14 09:44:02,134 - INFO - Batch 1600/2278: Loss=1.1886, Cls=0.0003, Reg=0.0000, Con=3.9608
2025-09-14 09:44:03,012 - INFO - Batch 1610/2278: Loss=0.5725, Cls=0.5725, Reg=0.0000, Con=0.0000
2025-09-14 09:44:03,893 - INFO - Batch 1620/2278: Loss=0.0021, Cls=0.0021, Reg=0.0000, Con=0.0000
2025-09-14 09:44:04,788 - INFO - Batch 1630/2278: Loss=1.1882, Cls=0.0000, Reg=0.0000, Con=3.9608
2025-09-14 09:44:05,672 - INFO - Batch 1640/2278: Loss=0.0011, Cls=0.0011, Reg=0.0000, Con=0.0000
2025-09-14 09:44:06,547 - INFO - Batch 1650/2278: Loss=0.0158, Cls=0.0158, Reg=0.0000, Con=0.0000
2025-09-14 09:44:07,445 - INFO - Batch 1660/2278: Loss=0.4230, Cls=0.4230, Reg=0.0000, Con=0.0000
2025-09-14 09:44:08,313 - INFO - Batch 1670/2278: Loss=1.1884, Cls=0.0000, Reg=0.0000, Con=3.9612
2025-09-14 09:44:09,267 - INFO - Batch 1680/2278: Loss=0.0007, Cls=0.0007, Reg=0.0000, Con=0.0000
2025-09-14 09:44:10,155 - INFO - Batch 1690/2278: Loss=1.1900, Cls=0.0016, Reg=0.0000, Con=3.9612
2025-09-14 09:44:11,031 - INFO - Batch 1700/2278: Loss=1.1885, Cls=0.0002, Reg=0.0000, Con=3.9612
2025-09-14 09:44:11,914 - INFO - Batch 1710/2278: Loss=0.0101, Cls=0.0101, Reg=0.0000, Con=0.0000
2025-09-14 09:44:12,797 - INFO - Batch 1720/2278: Loss=1.1884, Cls=0.0001, Reg=0.0000, Con=3.9608
2025-09-14 09:44:13,679 - INFO - Batch 1730/2278: Loss=0.0002, Cls=0.0002, Reg=0.0000, Con=0.0000
2025-09-14 09:44:14,578 - INFO - Batch 1740/2278: Loss=0.0000, Cls=0.0000, Reg=0.0000, Con=0.0000
2025-09-14 09:44:15,462 - INFO - Batch 1750/2278: Loss=1.1883, Cls=0.0000, Reg=0.0000, Con=3.9609
2025-09-14 09:44:16,356 - INFO - Batch 1760/2278: Loss=1.1884, Cls=0.0001, Reg=0.0000, Con=3.9609
2025-09-14 09:44:17,255 - INFO - Batch 1770/2278: Loss=1.1882, Cls=0.0000, Reg=0.0000, Con=3.9608
2025-09-14 09:44:18,157 - INFO - Batch 1780/2278: Loss=1.1883, Cls=0.0000, Reg=0.0000, Con=3.9608
2025-09-14 09:44:19,031 - INFO - Batch 1790/2278: Loss=0.0021, Cls=0.0021, Reg=0.0000, Con=0.0000
2025-09-14 09:44:19,923 - INFO - Batch 1800/2278: Loss=0.0032, Cls=0.0032, Reg=0.0000, Con=0.0000
2025-09-14 09:44:20,818 - INFO - Batch 1810/2278: Loss=0.0002, Cls=0.0002, Reg=0.0000, Con=0.0000
2025-09-14 09:44:21,702 - INFO - Batch 1820/2278: Loss=1.1884, Cls=0.0000, Reg=0.0000, Con=3.9611
2025-09-14 09:44:22,574 - INFO - Batch 1830/2278: Loss=0.0003, Cls=0.0003, Reg=0.0000, Con=0.0000
2025-09-14 09:44:23,447 - INFO - Batch 1840/2278: Loss=0.0059, Cls=0.0059, Reg=0.0000, Con=0.0000
2025-09-14 09:44:24,379 - INFO - Batch 1850/2278: Loss=1.1886, Cls=0.0003, Reg=0.0000, Con=3.9608
2025-09-14 09:44:25,291 - INFO - Batch 1860/2278: Loss=0.0011, Cls=0.0011, Reg=0.0000, Con=0.0000
2025-09-14 09:44:26,175 - INFO - Batch 1870/2278: Loss=1.1883, Cls=0.0000, Reg=0.0000, Con=3.9608
2025-09-14 09:44:27,047 - INFO - Batch 1880/2278: Loss=0.0000, Cls=0.0000, Reg=0.0000, Con=0.0000
2025-09-14 09:44:27,954 - INFO - Batch 1890/2278: Loss=1.1885, Cls=0.0002, Reg=0.0000, Con=3.9609
2025-09-14 09:44:28,827 - INFO - Batch 1900/2278: Loss=0.0048, Cls=0.0048, Reg=0.0000, Con=0.0000
2025-09-14 09:44:29,713 - INFO - Batch 1910/2278: Loss=0.0017, Cls=0.0017, Reg=0.0000, Con=0.0000
2025-09-14 09:44:30,637 - INFO - Batch 1920/2278: Loss=1.1960, Cls=0.0078, Reg=0.0000, Con=3.9607
2025-09-14 09:44:31,522 - INFO - Batch 1930/2278: Loss=1.1889, Cls=0.0007, Reg=0.0000, Con=3.9607
2025-09-14 09:44:32,426 - INFO - Batch 1940/2278: Loss=1.4866, Cls=0.2983, Reg=0.0000, Con=3.9608
2025-09-14 09:44:33,305 - INFO - Batch 1950/2278: Loss=1.1883, Cls=0.0001, Reg=0.0000, Con=3.9608
2025-09-14 09:44:34,193 - INFO - Batch 1960/2278: Loss=1.1886, Cls=0.0003, Reg=0.0000, Con=3.9609
2025-09-14 09:44:35,071 - INFO - Batch 1970/2278: Loss=1.1883, Cls=0.0000, Reg=0.0000, Con=3.9611
2025-09-14 09:44:35,969 - INFO - Batch 1980/2278: Loss=2.3302, Cls=1.1419, Reg=0.0000, Con=3.9609
2025-09-14 09:44:36,863 - INFO - Batch 1990/2278: Loss=1.2325, Cls=0.0440, Reg=0.0000, Con=3.9615
2025-09-14 09:44:37,741 - INFO - Batch 2000/2278: Loss=0.0002, Cls=0.0002, Reg=0.0000, Con=0.0000
2025-09-14 09:44:38,633 - INFO - Batch 2010/2278: Loss=1.1884, Cls=0.0001, Reg=0.0000, Con=3.9608
2025-09-14 09:44:39,528 - INFO - Batch 2020/2278: Loss=1.5438, Cls=0.3555, Reg=0.0000, Con=3.9608
2025-09-14 09:44:40,414 - INFO - Batch 2030/2278: Loss=1.1882, Cls=0.0000, Reg=0.0000, Con=3.9607
2025-09-14 09:44:41,303 - INFO - Batch 2040/2278: Loss=1.1884, Cls=0.0001, Reg=0.0000, Con=3.9609
2025-09-14 09:44:42,208 - INFO - Batch 2050/2278: Loss=1.1891, Cls=0.0009, Reg=0.0000, Con=3.9608
2025-09-14 09:44:43,074 - INFO - Batch 2060/2278: Loss=0.0000, Cls=0.0000, Reg=0.0000, Con=0.0000
2025-09-14 09:44:43,947 - INFO - Batch 2070/2278: Loss=1.1885, Cls=0.0002, Reg=0.0000, Con=3.9611
2025-09-14 09:44:44,841 - INFO - Batch 2080/2278: Loss=1.1884, Cls=0.0001, Reg=0.0000, Con=3.9610
2025-09-14 09:44:45,737 - INFO - Batch 2090/2278: Loss=1.1886, Cls=0.0002, Reg=0.0000, Con=3.9612
2025-09-14 09:44:46,618 - INFO - Batch 2100/2278: Loss=1.1883, Cls=0.0000, Reg=0.0000, Con=3.9611
2025-09-14 09:44:47,498 - INFO - Batch 2110/2278: Loss=1.1883, Cls=0.0000, Reg=0.0000, Con=3.9609
2025-09-14 09:44:48,390 - INFO - Batch 2120/2278: Loss=0.0000, Cls=0.0000, Reg=0.0000, Con=0.0000
2025-09-14 09:44:49,300 - INFO - Batch 2130/2278: Loss=1.1882, Cls=0.0000, Reg=0.0000, Con=3.9606
2025-09-14 09:44:50,198 - INFO - Batch 2140/2278: Loss=1.1882, Cls=0.0000, Reg=0.0000, Con=3.9608
2025-09-14 09:44:51,090 - INFO - Batch 2150/2278: Loss=2.0317, Cls=0.8435, Reg=0.0000, Con=3.9607
2025-09-14 09:44:51,964 - INFO - Batch 2160/2278: Loss=1.1883, Cls=0.0001, Reg=0.0000, Con=3.9608
2025-09-14 09:44:52,852 - INFO - Batch 2170/2278: Loss=1.1884, Cls=0.0001, Reg=0.0000, Con=3.9609
2025-09-14 09:44:53,716 - INFO - Batch 2180/2278: Loss=0.0269, Cls=0.0269, Reg=0.0000, Con=0.0000
2025-09-14 09:44:54,618 - INFO - Batch 2190/2278: Loss=0.0000, Cls=0.0000, Reg=0.0000, Con=0.0000
2025-09-14 09:44:55,547 - INFO - Batch 2200/2278: Loss=1.2889, Cls=0.1007, Reg=0.0000, Con=3.9605
2025-09-14 09:44:56,456 - INFO - Batch 2210/2278: Loss=1.2107, Cls=0.0224, Reg=0.0000, Con=3.9609
2025-09-14 09:44:57,326 - INFO - Batch 2220/2278: Loss=1.1994, Cls=0.0111, Reg=0.0000, Con=3.9610
2025-09-14 09:44:58,217 - INFO - Batch 2230/2278: Loss=0.0001, Cls=0.0001, Reg=0.0000, Con=0.0000
2025-09-14 09:44:59,115 - INFO - Batch 2240/2278: Loss=0.0001, Cls=0.0001, Reg=0.0000, Con=0.0000
2025-09-14 09:44:59,985 - INFO - Batch 2250/2278: Loss=1.1885, Cls=0.0002, Reg=0.0000, Con=3.9609
2025-09-14 09:45:00,874 - INFO - Batch 2260/2278: Loss=1.1941, Cls=0.0059, Reg=0.0000, Con=3.9608
2025-09-14 09:45:01,764 - INFO - Batch 2270/2278: Loss=0.0011, Cls=0.0011, Reg=0.0000, Con=0.0000
2025-09-14 09:48:29,559 - INFO - === Epoch 1 Results ===
2025-09-14 09:48:29,559 - INFO - Training Loss: 0.8794 (Classification: 0.1142, Regression: 0.0000)
2025-09-14 09:48:29,559 - INFO - Validation Loss: 0.0456 (Classification: 0.0456, Regression: 0.0000)
2025-09-14 09:48:29,559 - INFO - Average Classification Accuracy: 0.9648 (on 1/26 tasks)
2025-09-14 09:48:29,559 - INFO - Average AUC: 0.8607
2025-09-14 09:48:30,097 - INFO - Best model saved to: experiments/r1c3_headft_cls_22_seed_42_20250914_094137/checkpoints/r1c3_headft_cls_22_seed_42_best.pth
2025-09-14 09:48:30,097 - INFO - 
Epoch 2/3
2025-09-14 09:48:30,196 - INFO - Batch 0/2278: Loss=0.0093, Cls=0.0093, Reg=0.0000, Con=0.0000
2025-09-14 09:48:31,119 - INFO - Batch 10/2278: Loss=1.1881, Cls=0.0000, Reg=0.0000, Con=3.9604
2025-09-14 09:48:32,046 - INFO - Batch 20/2278: Loss=1.1884, Cls=0.0001, Reg=0.0000, Con=3.9610
2025-09-14 09:48:32,990 - INFO - Batch 30/2278: Loss=1.1883, Cls=0.0000, Reg=0.0000, Con=3.9608
2025-09-14 09:48:33,937 - INFO - Batch 40/2278: Loss=1.1882, Cls=0.0000, Reg=0.0000, Con=3.9608
2025-09-14 09:48:34,929 - INFO - Batch 50/2278: Loss=0.0027, Cls=0.0027, Reg=0.0000, Con=0.0000
2025-09-14 09:48:35,823 - INFO - Batch 60/2278: Loss=2.3229, Cls=1.1347, Reg=0.0000, Con=3.9608
2025-09-14 09:48:36,806 - INFO - Batch 70/2278: Loss=1.1882, Cls=0.0000, Reg=0.0000, Con=3.9607
2025-09-14 09:48:37,740 - INFO - Batch 80/2278: Loss=1.1883, Cls=0.0000, Reg=0.0000, Con=3.9609
2025-09-14 09:48:38,661 - INFO - Batch 90/2278: Loss=0.0580, Cls=0.0580, Reg=0.0000, Con=0.0000
2025-09-14 09:48:39,607 - INFO - Batch 100/2278: Loss=1.1891, Cls=0.0009, Reg=0.0000, Con=3.9609
2025-09-14 09:48:40,517 - INFO - Batch 110/2278: Loss=1.1883, Cls=0.0000, Reg=0.0000, Con=3.9609
2025-09-14 09:48:41,456 - INFO - Batch 120/2278: Loss=0.4312, Cls=0.4312, Reg=0.0000, Con=0.0000
2025-09-14 09:48:42,364 - INFO - Batch 130/2278: Loss=1.1882, Cls=0.0000, Reg=0.0000, Con=3.9607
2025-09-14 09:48:43,272 - INFO - Batch 140/2278: Loss=1.1886, Cls=0.0003, Reg=0.0000, Con=3.9609
2025-09-14 09:48:44,172 - INFO - Batch 150/2278: Loss=1.1887, Cls=0.0004, Reg=0.0000, Con=3.9611
2025-09-14 09:48:45,099 - INFO - Batch 160/2278: Loss=1.1884, Cls=0.0001, Reg=0.0000, Con=3.9609
2025-09-14 09:48:46,002 - INFO - Batch 170/2278: Loss=0.0079, Cls=0.0079, Reg=0.0000, Con=0.0000
2025-09-14 09:48:46,909 - INFO - Batch 180/2278: Loss=1.1926, Cls=0.0044, Reg=0.0000, Con=3.9609
2025-09-14 09:48:47,811 - INFO - Batch 190/2278: Loss=0.0000, Cls=0.0000, Reg=0.0000, Con=0.0000
2025-09-14 09:48:48,726 - INFO - Batch 200/2278: Loss=1.1909, Cls=0.0027, Reg=0.0000, Con=3.9608
2025-09-14 09:48:49,614 - INFO - Batch 210/2278: Loss=2.1004, Cls=0.9121, Reg=0.0000, Con=3.9609
2025-09-14 09:48:50,507 - INFO - Batch 220/2278: Loss=0.0001, Cls=0.0001, Reg=0.0000, Con=0.0000
2025-09-14 09:48:51,410 - INFO - Batch 230/2278: Loss=0.0023, Cls=0.0023, Reg=0.0000, Con=0.0000
2025-09-14 09:48:52,340 - INFO - Batch 240/2278: Loss=0.0020, Cls=0.0020, Reg=0.0000, Con=0.0000
2025-09-14 09:48:53,250 - INFO - Batch 250/2278: Loss=0.0002, Cls=0.0002, Reg=0.0000, Con=0.0000
2025-09-14 09:48:54,141 - INFO - Batch 260/2278: Loss=0.0502, Cls=0.0502, Reg=0.0000, Con=0.0000
2025-09-14 09:48:55,041 - INFO - Batch 270/2278: Loss=1.1883, Cls=0.0000, Reg=0.0000, Con=3.9608
2025-09-14 09:48:55,955 - INFO - Batch 280/2278: Loss=1.1898, Cls=0.0016, Reg=0.0000, Con=3.9609
2025-09-14 09:48:56,858 - INFO - Batch 290/2278: Loss=2.3968, Cls=1.2085, Reg=0.0000, Con=3.9609
2025-09-14 09:48:57,769 - INFO - Batch 300/2278: Loss=1.2472, Cls=0.0589, Reg=0.0000, Con=3.9609
2025-09-14 09:48:58,720 - INFO - Batch 310/2278: Loss=1.2230, Cls=0.0348, Reg=0.0000, Con=3.9608
2025-09-14 09:48:59,662 - INFO - Batch 320/2278: Loss=0.0000, Cls=0.0000, Reg=0.0000, Con=0.0000
2025-09-14 09:49:00,556 - INFO - Batch 330/2278: Loss=5.7292, Cls=4.5409, Reg=0.0000, Con=3.9609
2025-09-14 09:49:01,450 - INFO - Batch 340/2278: Loss=1.2120, Cls=0.0237, Reg=0.0000, Con=3.9609
2025-09-14 09:49:02,338 - INFO - Batch 350/2278: Loss=1.1884, Cls=0.0001, Reg=0.0000, Con=3.9609
2025-09-14 09:49:03,249 - INFO - Batch 360/2278: Loss=1.1883, Cls=0.0001, Reg=0.0000, Con=3.9609
2025-09-14 09:49:04,126 - INFO - Batch 370/2278: Loss=1.1906, Cls=0.0023, Reg=0.0000, Con=3.9609
2025-09-14 09:49:05,002 - INFO - Batch 380/2278: Loss=1.1886, Cls=0.0004, Reg=0.0000, Con=3.9608
2025-09-14 09:49:05,906 - INFO - Batch 390/2278: Loss=1.1883, Cls=0.0000, Reg=0.0000, Con=3.9609
2025-09-14 09:49:06,839 - INFO - Batch 400/2278: Loss=0.0000, Cls=0.0000, Reg=0.0000, Con=0.0000
2025-09-14 09:49:07,782 - INFO - Batch 410/2278: Loss=1.1884, Cls=0.0001, Reg=0.0000, Con=3.9608
2025-09-14 09:49:08,724 - INFO - Batch 420/2278: Loss=0.0013, Cls=0.0013, Reg=0.0000, Con=0.0000
2025-09-14 09:49:09,662 - INFO - Batch 430/2278: Loss=0.0254, Cls=0.0254, Reg=0.0000, Con=0.0000
2025-09-14 09:49:10,559 - INFO - Batch 440/2278: Loss=1.1988, Cls=0.0106, Reg=0.0000, Con=3.9608
2025-09-14 09:49:11,466 - INFO - Batch 450/2278: Loss=1.1901, Cls=0.0019, Reg=0.0000, Con=3.9607
2025-09-14 09:49:12,372 - INFO - Batch 460/2278: Loss=0.0007, Cls=0.0007, Reg=0.0000, Con=0.0000
2025-09-14 09:49:13,290 - INFO - Batch 470/2278: Loss=1.1920, Cls=0.0037, Reg=0.0000, Con=3.9608
2025-09-14 09:49:14,187 - INFO - Batch 480/2278: Loss=0.0000, Cls=0.0000, Reg=0.0000, Con=0.0000
2025-09-14 09:49:15,085 - INFO - Batch 490/2278: Loss=1.1892, Cls=0.0009, Reg=0.0000, Con=3.9610
2025-09-14 09:49:15,996 - INFO - Batch 500/2278: Loss=1.1887, Cls=0.0004, Reg=0.0000, Con=3.9607
2025-09-14 09:49:16,921 - INFO - Batch 510/2278: Loss=1.1882, Cls=0.0000, Reg=0.0000, Con=3.9607
2025-09-14 09:49:17,827 - INFO - Batch 520/2278: Loss=1.1884, Cls=0.0002, Reg=0.0000, Con=3.9607
2025-09-14 09:49:18,714 - INFO - Batch 530/2278: Loss=1.1944, Cls=0.0062, Reg=0.0000, Con=3.9608
2025-09-14 09:49:19,586 - INFO - Batch 540/2278: Loss=1.1891, Cls=0.0008, Reg=0.0000, Con=3.9610
2025-09-14 09:49:20,459 - INFO - Batch 550/2278: Loss=1.1896, Cls=0.0014, Reg=0.0000, Con=3.9607
2025-09-14 09:49:21,352 - INFO - Batch 560/2278: Loss=0.0005, Cls=0.0005, Reg=0.0000, Con=0.0000
2025-09-14 09:49:22,251 - INFO - Batch 570/2278: Loss=1.1882, Cls=0.0000, Reg=0.0000, Con=3.9608
2025-09-14 09:49:23,143 - INFO - Batch 580/2278: Loss=0.0035, Cls=0.0035, Reg=0.0000, Con=0.0000
2025-09-14 09:49:24,031 - INFO - Batch 590/2278: Loss=1.1882, Cls=0.0000, Reg=0.0000, Con=3.9608
2025-09-14 09:49:24,917 - INFO - Batch 600/2278: Loss=0.0000, Cls=0.0000, Reg=0.0000, Con=0.0000
2025-09-14 09:49:25,836 - INFO - Batch 610/2278: Loss=1.1885, Cls=0.0003, Reg=0.0000, Con=3.9608
2025-09-14 09:49:26,724 - INFO - Batch 620/2278: Loss=1.1883, Cls=0.0000, Reg=0.0000, Con=3.9608
2025-09-14 09:49:27,590 - INFO - Batch 630/2278: Loss=0.6185, Cls=0.6185, Reg=0.0000, Con=0.0000
2025-09-14 09:49:28,508 - INFO - Batch 640/2278: Loss=0.0108, Cls=0.0108, Reg=0.0000, Con=0.0000
2025-09-14 09:49:29,405 - INFO - Batch 650/2278: Loss=0.0000, Cls=0.0000, Reg=0.0000, Con=0.0000
2025-09-14 09:49:30,291 - INFO - Batch 660/2278: Loss=1.1952, Cls=0.0070, Reg=0.0000, Con=3.9607
2025-09-14 09:49:31,203 - INFO - Batch 670/2278: Loss=1.1883, Cls=0.0000, Reg=0.0000, Con=3.9609
2025-09-14 09:49:32,104 - INFO - Batch 680/2278: Loss=1.1941, Cls=0.0058, Reg=0.0000, Con=3.9608
2025-09-14 09:49:32,997 - INFO - Batch 690/2278: Loss=1.1884, Cls=0.0000, Reg=0.0000, Con=3.9613
2025-09-14 09:49:33,915 - INFO - Batch 700/2278: Loss=0.0024, Cls=0.0024, Reg=0.0000, Con=0.0000
2025-09-14 09:49:34,806 - INFO - Batch 710/2278: Loss=1.1889, Cls=0.0006, Reg=0.0000, Con=3.9610
2025-09-14 09:49:35,678 - INFO - Batch 720/2278: Loss=1.1891, Cls=0.0008, Reg=0.0000, Con=3.9609
2025-09-14 09:49:36,576 - INFO - Batch 730/2278: Loss=1.1918, Cls=0.0035, Reg=0.0000, Con=3.9612
2025-09-14 09:49:37,474 - INFO - Batch 740/2278: Loss=1.1903, Cls=0.0020, Reg=0.0000, Con=3.9610
2025-09-14 09:49:38,359 - INFO - Batch 750/2278: Loss=0.0012, Cls=0.0012, Reg=0.0000, Con=0.0000
2025-09-14 09:49:39,242 - INFO - Batch 760/2278: Loss=0.0017, Cls=0.0017, Reg=0.0000, Con=0.0000
2025-09-14 09:49:40,141 - INFO - Batch 770/2278: Loss=1.1885, Cls=0.0002, Reg=0.0000, Con=3.9608
2025-09-14 09:49:41,044 - INFO - Batch 780/2278: Loss=0.0010, Cls=0.0010, Reg=0.0000, Con=0.0000
2025-09-14 09:49:41,936 - INFO - Batch 790/2278: Loss=1.1895, Cls=0.0013, Reg=0.0000, Con=3.9609
2025-09-14 09:49:42,861 - INFO - Batch 800/2278: Loss=0.0004, Cls=0.0004, Reg=0.0000, Con=0.0000
2025-09-14 09:49:43,763 - INFO - Batch 810/2278: Loss=0.0033, Cls=0.0033, Reg=0.0000, Con=0.0000
2025-09-14 09:49:44,643 - INFO - Batch 820/2278: Loss=1.1885, Cls=0.0003, Reg=0.0000, Con=3.9608
2025-09-14 09:49:45,566 - INFO - Batch 830/2278: Loss=1.1882, Cls=0.0000, Reg=0.0000, Con=3.9607
2025-09-14 09:49:46,478 - INFO - Batch 840/2278: Loss=1.1894, Cls=0.0012, Reg=0.0000, Con=3.9608
2025-09-14 09:49:47,387 - INFO - Batch 850/2278: Loss=0.0013, Cls=0.0013, Reg=0.0000, Con=0.0000
2025-09-14 09:49:48,340 - INFO - Batch 860/2278: Loss=1.1897, Cls=0.0014, Reg=0.0000, Con=3.9608
2025-09-14 09:49:49,245 - INFO - Batch 870/2278: Loss=0.0001, Cls=0.0001, Reg=0.0000, Con=0.0000
2025-09-14 09:49:50,155 - INFO - Batch 880/2278: Loss=0.0005, Cls=0.0005, Reg=0.0000, Con=0.0000
2025-09-14 09:49:51,057 - INFO - Batch 890/2278: Loss=1.1904, Cls=0.0021, Reg=0.0000, Con=3.9609
2025-09-14 09:49:51,963 - INFO - Batch 900/2278: Loss=0.0000, Cls=0.0000, Reg=0.0000, Con=0.0000
2025-09-14 09:49:52,840 - INFO - Batch 910/2278: Loss=0.0005, Cls=0.0005, Reg=0.0000, Con=0.0000
2025-09-14 09:49:53,744 - INFO - Batch 920/2278: Loss=1.1883, Cls=0.0000, Reg=0.0000, Con=3.9611
2025-09-14 09:49:54,625 - INFO - Batch 930/2278: Loss=1.1883, Cls=0.0001, Reg=0.0000, Con=3.9609
2025-09-14 09:49:55,534 - INFO - Batch 940/2278: Loss=0.0002, Cls=0.0002, Reg=0.0000, Con=0.0000
2025-09-14 09:49:56,438 - INFO - Batch 950/2278: Loss=0.0670, Cls=0.0670, Reg=0.0000, Con=0.0000
2025-09-14 09:49:57,382 - INFO - Batch 960/2278: Loss=0.0000, Cls=0.0000, Reg=0.0000, Con=0.0000
2025-09-14 09:49:58,300 - INFO - Batch 970/2278: Loss=0.0054, Cls=0.0054, Reg=0.0000, Con=0.0000
2025-09-14 09:49:59,191 - INFO - Batch 980/2278: Loss=1.3434, Cls=0.1551, Reg=0.0000, Con=3.9609
2025-09-14 09:50:00,084 - INFO - Batch 990/2278: Loss=1.1882, Cls=0.0000, Reg=0.0000, Con=3.9606
2025-09-14 09:50:00,988 - INFO - Batch 1000/2278: Loss=1.1883, Cls=0.0000, Reg=0.0000, Con=3.9609
2025-09-14 09:50:01,879 - INFO - Batch 1010/2278: Loss=1.1883, Cls=0.0000, Reg=0.0000, Con=3.9609
2025-09-14 09:50:02,762 - INFO - Batch 1020/2278: Loss=1.1892, Cls=0.0007, Reg=0.0000, Con=3.9615
2025-09-14 09:50:03,657 - INFO - Batch 1030/2278: Loss=1.1886, Cls=0.0003, Reg=0.0000, Con=3.9608
2025-09-14 09:50:04,556 - INFO - Batch 1040/2278: Loss=4.9428, Cls=3.7545, Reg=0.0000, Con=3.9608
2025-09-14 09:50:05,465 - INFO - Batch 1050/2278: Loss=1.7670, Cls=0.5787, Reg=0.0000, Con=3.9611
2025-09-14 09:50:06,366 - INFO - Batch 1060/2278: Loss=1.1883, Cls=0.0000, Reg=0.0000, Con=3.9612
2025-09-14 09:50:07,260 - INFO - Batch 1070/2278: Loss=1.1883, Cls=0.0000, Reg=0.0000, Con=3.9609
2025-09-14 09:50:08,164 - INFO - Batch 1080/2278: Loss=1.1904, Cls=0.0021, Reg=0.0000, Con=3.9609
2025-09-14 09:50:09,193 - INFO - Batch 1090/2278: Loss=1.1888, Cls=0.0006, Reg=0.0000, Con=3.9608
2025-09-14 09:50:10,100 - INFO - Batch 1100/2278: Loss=1.1883, Cls=0.0000, Reg=0.0000, Con=3.9608
2025-09-14 09:50:10,985 - INFO - Batch 1110/2278: Loss=1.1990, Cls=0.0108, Reg=0.0000, Con=3.9608
2025-09-14 09:50:11,909 - INFO - Batch 1120/2278: Loss=1.1890, Cls=0.0008, Reg=0.0000, Con=3.9608
2025-09-14 09:50:12,788 - INFO - Batch 1130/2278: Loss=0.0000, Cls=0.0000, Reg=0.0000, Con=0.0000
2025-09-14 09:50:13,695 - INFO - Batch 1140/2278: Loss=0.0002, Cls=0.0002, Reg=0.0000, Con=0.0000
2025-09-14 09:50:14,618 - INFO - Batch 1150/2278: Loss=1.2034, Cls=0.0152, Reg=0.0000, Con=3.9609
2025-09-14 09:50:15,499 - INFO - Batch 1160/2278: Loss=1.1882, Cls=0.0000, Reg=0.0000, Con=3.9607
2025-09-14 09:50:16,402 - INFO - Batch 1170/2278: Loss=1.8658, Cls=1.8658, Reg=0.0000, Con=0.0000
2025-09-14 09:50:17,327 - INFO - Batch 1180/2278: Loss=1.1883, Cls=0.0000, Reg=0.0000, Con=3.9609
2025-09-14 09:50:18,234 - INFO - Batch 1190/2278: Loss=1.1952, Cls=0.0069, Reg=0.0000, Con=3.9610
2025-09-14 09:50:19,141 - INFO - Batch 1200/2278: Loss=1.1883, Cls=0.0000, Reg=0.0000, Con=3.9609
2025-09-14 09:50:20,049 - INFO - Batch 1210/2278: Loss=1.1939, Cls=0.0057, Reg=0.0000, Con=3.9608
2025-09-14 09:50:21,006 - INFO - Batch 1220/2278: Loss=0.0056, Cls=0.0056, Reg=0.0000, Con=0.0000
2025-09-14 09:50:21,977 - INFO - Batch 1230/2278: Loss=1.2016, Cls=0.0133, Reg=0.0000, Con=3.9609
2025-09-14 09:50:22,868 - INFO - Batch 1240/2278: Loss=1.1883, Cls=0.0000, Reg=0.0000, Con=3.9609
2025-09-14 09:50:23,766 - INFO - Batch 1250/2278: Loss=0.0000, Cls=0.0000, Reg=0.0000, Con=0.0000
2025-09-14 09:50:24,671 - INFO - Batch 1260/2278: Loss=1.1883, Cls=0.0001, Reg=0.0000, Con=3.9607
2025-09-14 09:50:25,554 - INFO - Batch 1270/2278: Loss=0.0000, Cls=0.0000, Reg=0.0000, Con=0.0000
2025-09-14 09:50:26,459 - INFO - Batch 1280/2278: Loss=1.2859, Cls=0.0977, Reg=0.0000, Con=3.9608
2025-09-14 09:50:27,374 - INFO - Batch 1290/2278: Loss=1.1896, Cls=0.0013, Reg=0.0000, Con=3.9610
2025-09-14 09:50:28,279 - INFO - Batch 1300/2278: Loss=1.5849, Cls=0.3966, Reg=0.0000, Con=3.9610
2025-09-14 09:50:29,185 - INFO - Batch 1310/2278: Loss=0.0001, Cls=0.0001, Reg=0.0000, Con=0.0000
2025-09-14 09:50:30,095 - INFO - Batch 1320/2278: Loss=1.1889, Cls=0.0007, Reg=0.0000, Con=3.9609
2025-09-14 09:50:30,990 - INFO - Batch 1330/2278: Loss=1.1887, Cls=0.0005, Reg=0.0000, Con=3.9609
2025-09-14 09:50:31,912 - INFO - Batch 1340/2278: Loss=0.0020, Cls=0.0020, Reg=0.0000, Con=0.0000
2025-09-14 09:50:32,803 - INFO - Batch 1350/2278: Loss=0.0000, Cls=0.0000, Reg=0.0000, Con=0.0000
2025-09-14 09:50:33,705 - INFO - Batch 1360/2278: Loss=1.1932, Cls=0.0050, Reg=0.0000, Con=3.9608
2025-09-14 09:50:34,626 - INFO - Batch 1370/2278: Loss=1.1959, Cls=0.0076, Reg=0.0000, Con=3.9608
2025-09-14 09:50:35,531 - INFO - Batch 1380/2278: Loss=1.1883, Cls=0.0000, Reg=0.0000, Con=3.9609
2025-09-14 09:50:36,479 - INFO - Batch 1390/2278: Loss=1.1894, Cls=0.0012, Reg=0.0000, Con=3.9608
2025-09-14 09:50:37,396 - INFO - Batch 1400/2278: Loss=0.0000, Cls=0.0000, Reg=0.0000, Con=0.0000
2025-09-14 09:50:38,317 - INFO - Batch 1410/2278: Loss=1.1891, Cls=0.0009, Reg=0.0000, Con=3.9608
2025-09-14 09:50:39,233 - INFO - Batch 1420/2278: Loss=0.0001, Cls=0.0001, Reg=0.0000, Con=0.0000
2025-09-14 09:50:40,155 - INFO - Batch 1430/2278: Loss=0.0000, Cls=0.0000, Reg=0.0000, Con=0.0000
2025-09-14 09:50:41,043 - INFO - Batch 1440/2278: Loss=1.1884, Cls=0.0000, Reg=0.0000, Con=3.9613
2025-09-14 09:50:41,927 - INFO - Batch 1450/2278: Loss=0.0000, Cls=0.0000, Reg=0.0000, Con=0.0000
2025-09-14 09:50:42,824 - INFO - Batch 1460/2278: Loss=1.1884, Cls=0.0001, Reg=0.0000, Con=3.9609
2025-09-14 09:50:43,729 - INFO - Batch 1470/2278: Loss=1.2118, Cls=0.0235, Reg=0.0000, Con=3.9608
2025-09-14 09:50:44,626 - INFO - Batch 1480/2278: Loss=0.0000, Cls=0.0000, Reg=0.0000, Con=0.0000
2025-09-14 09:50:45,676 - INFO - Batch 1490/2278: Loss=0.0455, Cls=0.0455, Reg=0.0000, Con=0.0000
2025-09-14 09:50:46,730 - INFO - Batch 1500/2278: Loss=0.0004, Cls=0.0004, Reg=0.0000, Con=0.0000
2025-09-14 09:50:47,663 - INFO - Batch 1510/2278: Loss=1.1974, Cls=0.0091, Reg=0.0000, Con=3.9608
2025-09-14 09:50:48,600 - INFO - Batch 1520/2278: Loss=2.1530, Cls=0.9647, Reg=0.0000, Con=3.9608
2025-09-14 09:50:49,516 - INFO - Batch 1530/2278: Loss=1.1898, Cls=0.0016, Reg=0.0000, Con=3.9609
2025-09-14 09:50:50,409 - INFO - Batch 1540/2278: Loss=0.0000, Cls=0.0000, Reg=0.0000, Con=0.0000
2025-09-14 09:50:51,314 - INFO - Batch 1550/2278: Loss=1.1884, Cls=0.0001, Reg=0.0000, Con=3.9609
2025-09-14 09:50:52,228 - INFO - Batch 1560/2278: Loss=1.1911, Cls=0.0028, Reg=0.0000, Con=3.9608
2025-09-14 09:50:53,108 - INFO - Batch 1570/2278: Loss=1.1900, Cls=0.0017, Reg=0.0000, Con=3.9609
2025-09-14 09:50:54,054 - INFO - Batch 1580/2278: Loss=0.0001, Cls=0.0001, Reg=0.0000, Con=0.0000
2025-09-14 09:50:54,977 - INFO - Batch 1590/2278: Loss=0.0011, Cls=0.0011, Reg=0.0000, Con=0.0000
2025-09-14 09:50:55,911 - INFO - Batch 1600/2278: Loss=1.1902, Cls=0.0019, Reg=0.0000, Con=3.9609
2025-09-14 09:50:56,886 - INFO - Batch 1610/2278: Loss=0.0001, Cls=0.0001, Reg=0.0000, Con=0.0000
2025-09-14 09:50:57,820 - INFO - Batch 1620/2278: Loss=1.1885, Cls=0.0002, Reg=0.0000, Con=3.9609
2025-09-14 09:50:58,694 - INFO - Batch 1630/2278: Loss=0.0000, Cls=0.0000, Reg=0.0000, Con=0.0000
2025-09-14 09:50:59,607 - INFO - Batch 1640/2278: Loss=1.1883, Cls=0.0000, Reg=0.0000, Con=3.9609
2025-09-14 09:51:00,502 - INFO - Batch 1650/2278: Loss=0.0001, Cls=0.0001, Reg=0.0000, Con=0.0000
2025-09-14 09:51:01,400 - INFO - Batch 1660/2278: Loss=1.1885, Cls=0.0003, Reg=0.0000, Con=3.9607
2025-09-14 09:51:02,333 - INFO - Batch 1670/2278: Loss=1.1884, Cls=0.0002, Reg=0.0000, Con=3.9608
2025-09-14 09:51:03,246 - INFO - Batch 1680/2278: Loss=1.8712, Cls=0.6827, Reg=0.0000, Con=3.9615
2025-09-14 09:51:04,179 - INFO - Batch 1690/2278: Loss=0.0005, Cls=0.0005, Reg=0.0000, Con=0.0000
2025-09-14 09:51:05,088 - INFO - Batch 1700/2278: Loss=1.1882, Cls=0.0000, Reg=0.0000, Con=3.9608
2025-09-14 09:51:05,983 - INFO - Batch 1710/2278: Loss=1.1883, Cls=0.0000, Reg=0.0000, Con=3.9612
2025-09-14 09:51:06,883 - INFO - Batch 1720/2278: Loss=1.2552, Cls=0.0669, Reg=0.0000, Con=3.9610
2025-09-14 09:51:07,813 - INFO - Batch 1730/2278: Loss=1.1900, Cls=0.0017, Reg=0.0000, Con=3.9609
2025-09-14 09:51:08,694 - INFO - Batch 1740/2278: Loss=1.1883, Cls=0.0000, Reg=0.0000, Con=3.9610
2025-09-14 09:51:09,698 - INFO - Batch 1750/2278: Loss=1.1883, Cls=0.0000, Reg=0.0000, Con=3.9609
2025-09-14 09:51:10,653 - INFO - Batch 1760/2278: Loss=1.1887, Cls=0.0005, Reg=0.0000, Con=3.9608
2025-09-14 09:51:11,570 - INFO - Batch 1770/2278: Loss=1.1892, Cls=0.0009, Reg=0.0000, Con=3.9610
2025-09-14 09:51:12,475 - INFO - Batch 1780/2278: Loss=1.1893, Cls=0.0010, Reg=0.0000, Con=3.9609
2025-09-14 09:51:13,365 - INFO - Batch 1790/2278: Loss=1.1883, Cls=0.0000, Reg=0.0000, Con=3.9608
2025-09-14 09:51:14,270 - INFO - Batch 1800/2278: Loss=1.1901, Cls=0.0019, Reg=0.0000, Con=3.9609
2025-09-14 09:51:15,156 - INFO - Batch 1810/2278: Loss=1.1884, Cls=0.0001, Reg=0.0000, Con=3.9610
2025-09-14 09:51:16,068 - INFO - Batch 1820/2278: Loss=1.1892, Cls=0.0009, Reg=0.0000, Con=3.9608
2025-09-14 09:51:16,963 - INFO - Batch 1830/2278: Loss=1.1885, Cls=0.0000, Reg=0.0000, Con=3.9615
2025-09-14 09:51:17,900 - INFO - Batch 1840/2278: Loss=1.1901, Cls=0.0018, Reg=0.0000, Con=3.9609
2025-09-14 09:51:18,843 - INFO - Batch 1850/2278: Loss=1.2411, Cls=0.0528, Reg=0.0000, Con=3.9608
2025-09-14 09:51:19,744 - INFO - Batch 1860/2278: Loss=2.6923, Cls=2.6923, Reg=0.0000, Con=0.0000
2025-09-14 09:51:20,631 - INFO - Batch 1870/2278: Loss=0.0114, Cls=0.0114, Reg=0.0000, Con=0.0000
2025-09-14 09:51:21,540 - INFO - Batch 1880/2278: Loss=1.1968, Cls=0.0085, Reg=0.0000, Con=3.9610
2025-09-14 09:51:22,447 - INFO - Batch 1890/2278: Loss=0.0114, Cls=0.0114, Reg=0.0000, Con=0.0000
2025-09-14 09:51:23,361 - INFO - Batch 1900/2278: Loss=1.1895, Cls=0.0012, Reg=0.0000, Con=3.9607
2025-09-14 09:51:24,252 - INFO - Batch 1910/2278: Loss=1.3678, Cls=0.1796, Reg=0.0000, Con=3.9607
2025-09-14 09:51:25,190 - INFO - Batch 1920/2278: Loss=2.2617, Cls=1.0735, Reg=0.0000, Con=3.9608
2025-09-14 09:51:26,092 - INFO - Batch 1930/2278: Loss=0.0000, Cls=0.0000, Reg=0.0000, Con=0.0000
2025-09-14 09:51:26,990 - INFO - Batch 1940/2278: Loss=1.1882, Cls=0.0000, Reg=0.0000, Con=3.9607
2025-09-14 09:51:27,894 - INFO - Batch 1950/2278: Loss=1.1891, Cls=0.0008, Reg=0.0000, Con=3.9609
2025-09-14 09:51:28,827 - INFO - Batch 1960/2278: Loss=1.1883, Cls=0.0000, Reg=0.0000, Con=3.9609
2025-09-14 09:51:29,747 - INFO - Batch 1970/2278: Loss=1.1930, Cls=0.0049, Reg=0.0000, Con=3.9606
2025-09-14 09:51:30,646 - INFO - Batch 1980/2278: Loss=1.1915, Cls=0.0032, Reg=0.0000, Con=3.9608
2025-09-14 09:51:31,557 - INFO - Batch 1990/2278: Loss=0.0160, Cls=0.0160, Reg=0.0000, Con=0.0000
2025-09-14 09:51:32,433 - INFO - Batch 2000/2278: Loss=1.2126, Cls=0.0244, Reg=0.0000, Con=3.9607
2025-09-14 09:51:33,374 - INFO - Batch 2010/2278: Loss=1.1895, Cls=0.0013, Reg=0.0000, Con=3.9608
2025-09-14 09:51:34,281 - INFO - Batch 2020/2278: Loss=0.0001, Cls=0.0001, Reg=0.0000, Con=0.0000
2025-09-14 09:51:35,164 - INFO - Batch 2030/2278: Loss=1.1896, Cls=0.0013, Reg=0.0000, Con=3.9610
2025-09-14 09:51:36,086 - INFO - Batch 2040/2278: Loss=1.1882, Cls=0.0000, Reg=0.0000, Con=3.9608
2025-09-14 09:51:36,993 - INFO - Batch 2050/2278: Loss=0.0000, Cls=0.0000, Reg=0.0000, Con=0.0000
2025-09-14 09:51:37,887 - INFO - Batch 2060/2278: Loss=1.1885, Cls=0.0000, Reg=0.0000, Con=3.9615
2025-09-14 09:51:38,791 - INFO - Batch 2070/2278: Loss=1.1883, Cls=0.0000, Reg=0.0000, Con=3.9608
2025-09-14 09:51:39,712 - INFO - Batch 2080/2278: Loss=0.2628, Cls=0.2628, Reg=0.0000, Con=0.0000
2025-09-14 09:51:40,633 - INFO - Batch 2090/2278: Loss=1.1883, Cls=0.0000, Reg=0.0000, Con=3.9608
2025-09-14 09:51:41,521 - INFO - Batch 2100/2278: Loss=0.0261, Cls=0.0261, Reg=0.0000, Con=0.0000
2025-09-14 09:51:42,433 - INFO - Batch 2110/2278: Loss=0.0017, Cls=0.0017, Reg=0.0000, Con=0.0000
2025-09-14 09:51:43,339 - INFO - Batch 2120/2278: Loss=1.1895, Cls=0.0012, Reg=0.0000, Con=3.9609
2025-09-14 09:51:44,256 - INFO - Batch 2130/2278: Loss=1.1892, Cls=0.0010, Reg=0.0000, Con=3.9608
2025-09-14 09:51:45,142 - INFO - Batch 2140/2278: Loss=0.0471, Cls=0.0471, Reg=0.0000, Con=0.0000
2025-09-14 09:51:46,054 - INFO - Batch 2150/2278: Loss=1.2692, Cls=0.0809, Reg=0.0000, Con=3.9610
2025-09-14 09:51:46,956 - INFO - Batch 2160/2278: Loss=1.1888, Cls=0.0005, Reg=0.0000, Con=3.9608
2025-09-14 09:51:47,861 - INFO - Batch 2170/2278: Loss=1.1982, Cls=0.0099, Reg=0.0000, Con=3.9608
2025-09-14 09:51:48,808 - INFO - Batch 2180/2278: Loss=1.1988, Cls=0.0106, Reg=0.0000, Con=3.9608
2025-09-14 09:51:49,699 - INFO - Batch 2190/2278: Loss=1.1885, Cls=0.0002, Reg=0.0000, Con=3.9610
2025-09-14 09:51:50,628 - INFO - Batch 2200/2278: Loss=1.1883, Cls=0.0000, Reg=0.0000, Con=3.9608
2025-09-14 09:51:51,539 - INFO - Batch 2210/2278: Loss=1.1884, Cls=0.0000, Reg=0.0000, Con=3.9613
2025-09-14 09:51:52,424 - INFO - Batch 2220/2278: Loss=0.0043, Cls=0.0043, Reg=0.0000, Con=0.0000
2025-09-14 09:51:53,343 - INFO - Batch 2230/2278: Loss=0.0011, Cls=0.0011, Reg=0.0000, Con=0.0000
2025-09-14 09:51:54,250 - INFO - Batch 2240/2278: Loss=1.1901, Cls=0.0018, Reg=0.0000, Con=3.9608
2025-09-14 09:51:55,142 - INFO - Batch 2250/2278: Loss=0.0002, Cls=0.0002, Reg=0.0000, Con=0.0000
2025-09-14 09:51:56,057 - INFO - Batch 2260/2278: Loss=1.1884, Cls=0.0001, Reg=0.0000, Con=3.9609
2025-09-14 09:51:56,955 - INFO - Batch 2270/2278: Loss=1.1882, Cls=0.0000, Reg=0.0000, Con=3.9606
2025-09-14 09:55:27,799 - INFO - === Epoch 2 Results ===
2025-09-14 09:55:27,800 - INFO - Training Loss: 0.8973 (Classification: 0.1149, Regression: 0.0000)
2025-09-14 09:55:27,800 - INFO - Validation Loss: 0.0453 (Classification: 0.0453, Regression: 0.0000)
2025-09-14 09:55:27,800 - INFO - Average Classification Accuracy: 0.9648 (on 1/26 tasks)
2025-09-14 09:55:27,800 - INFO - Average AUC: 0.8446
2025-09-14 09:55:30,621 - INFO - Best model saved to: experiments/r1c3_headft_cls_22_seed_42_20250914_094137/checkpoints/r1c3_headft_cls_22_seed_42_best.pth
2025-09-14 09:55:30,622 - INFO - 
Epoch 3/3
2025-09-14 09:55:30,759 - INFO - Batch 0/2278: Loss=1.1891, Cls=0.0009, Reg=0.0000, Con=3.9608
2025-09-14 09:55:31,694 - INFO - Batch 10/2278: Loss=1.1907, Cls=0.0023, Reg=0.0000, Con=3.9611
2025-09-14 09:55:32,665 - INFO - Batch 20/2278: Loss=1.1894, Cls=0.0011, Reg=0.0000, Con=3.9608
2025-09-14 09:55:33,661 - INFO - Batch 30/2278: Loss=0.0000, Cls=0.0000, Reg=0.0000, Con=0.0000
2025-09-14 09:55:34,566 - INFO - Batch 40/2278: Loss=1.1882, Cls=0.0000, Reg=0.0000, Con=3.9608
2025-09-14 09:55:35,477 - INFO - Batch 50/2278: Loss=1.1883, Cls=0.0000, Reg=0.0000, Con=3.9609
2025-09-14 09:55:36,389 - INFO - Batch 60/2278: Loss=1.1886, Cls=0.0004, Reg=0.0000, Con=3.9607
2025-09-14 09:55:37,311 - INFO - Batch 70/2278: Loss=1.1896, Cls=0.0014, Reg=0.0000, Con=3.9608
2025-09-14 09:55:38,194 - INFO - Batch 80/2278: Loss=0.0007, Cls=0.0007, Reg=0.0000, Con=0.0000
2025-09-14 09:55:39,088 - INFO - Batch 90/2278: Loss=1.1899, Cls=0.0017, Reg=0.0000, Con=3.9609
2025-09-14 09:55:40,002 - INFO - Batch 100/2278: Loss=1.1918, Cls=0.0036, Reg=0.0000, Con=3.9607
2025-09-14 09:55:40,940 - INFO - Batch 110/2278: Loss=1.1950, Cls=0.0065, Reg=0.0000, Con=3.9618
2025-09-14 09:55:41,863 - INFO - Batch 120/2278: Loss=1.1887, Cls=0.0004, Reg=0.0000, Con=3.9609
2025-09-14 09:55:42,780 - INFO - Batch 130/2278: Loss=1.1882, Cls=0.0000, Reg=0.0000, Con=3.9607
2025-09-14 09:55:43,733 - INFO - Batch 140/2278: Loss=0.0000, Cls=0.0000, Reg=0.0000, Con=0.0000
2025-09-14 09:55:44,636 - INFO - Batch 150/2278: Loss=1.9140, Cls=0.7257, Reg=0.0000, Con=3.9608
2025-09-14 09:55:45,547 - INFO - Batch 160/2278: Loss=0.0001, Cls=0.0001, Reg=0.0000, Con=0.0000
2025-09-14 09:55:46,446 - INFO - Batch 170/2278: Loss=1.1886, Cls=0.0004, Reg=0.0000, Con=3.9609
2025-09-14 09:55:47,338 - INFO - Batch 180/2278: Loss=1.1883, Cls=0.0000, Reg=0.0000, Con=3.9611
2025-09-14 09:55:48,244 - INFO - Batch 190/2278: Loss=1.1899, Cls=0.0017, Reg=0.0000, Con=3.9607
2025-09-14 09:55:49,140 - INFO - Batch 200/2278: Loss=0.0057, Cls=0.0057, Reg=0.0000, Con=0.0000
2025-09-14 09:55:50,055 - INFO - Batch 210/2278: Loss=1.1917, Cls=0.0034, Reg=0.0000, Con=3.9612
2025-09-14 09:55:50,963 - INFO - Batch 220/2278: Loss=1.1883, Cls=0.0000, Reg=0.0000, Con=3.9608
2025-09-14 09:55:51,894 - INFO - Batch 230/2278: Loss=1.2311, Cls=0.0427, Reg=0.0000, Con=3.9611
2025-09-14 09:55:52,823 - INFO - Batch 240/2278: Loss=1.1908, Cls=0.0026, Reg=0.0000, Con=3.9607
2025-09-14 09:55:53,730 - INFO - Batch 250/2278: Loss=1.1883, Cls=0.0000, Reg=0.0000, Con=3.9609
2025-09-14 09:55:54,602 - INFO - Batch 260/2278: Loss=1.1886, Cls=0.0004, Reg=0.0000, Con=3.9608
2025-09-14 09:55:55,522 - INFO - Batch 270/2278: Loss=1.1892, Cls=0.0010, Reg=0.0000, Con=3.9607
2025-09-14 09:55:56,411 - INFO - Batch 280/2278: Loss=1.1885, Cls=0.0002, Reg=0.0000, Con=3.9608
2025-09-14 09:55:57,326 - INFO - Batch 290/2278: Loss=1.1890, Cls=0.0008, Reg=0.0000, Con=3.9608
2025-09-14 09:55:58,223 - INFO - Batch 300/2278: Loss=1.1882, Cls=0.0000, Reg=0.0000, Con=3.9607
2025-09-14 09:55:59,141 - INFO - Batch 310/2278: Loss=1.1902, Cls=0.0019, Reg=0.0000, Con=3.9610
2025-09-14 09:56:00,059 - INFO - Batch 320/2278: Loss=1.1893, Cls=0.0009, Reg=0.0000, Con=3.9612
2025-09-14 09:56:00,935 - INFO - Batch 330/2278: Loss=0.0221, Cls=0.0221, Reg=0.0000, Con=0.0000
2025-09-14 09:56:01,851 - INFO - Batch 340/2278: Loss=0.0017, Cls=0.0017, Reg=0.0000, Con=0.0000
2025-09-14 09:56:02,771 - INFO - Batch 350/2278: Loss=1.2146, Cls=0.0262, Reg=0.0000, Con=3.9612
2025-09-14 09:56:03,704 - INFO - Batch 360/2278: Loss=1.1896, Cls=0.0012, Reg=0.0000, Con=3.9611
2025-09-14 09:56:04,617 - INFO - Batch 370/2278: Loss=1.1883, Cls=0.0000, Reg=0.0000, Con=3.9608
2025-09-14 09:56:05,548 - INFO - Batch 380/2278: Loss=1.1965, Cls=0.0083, Reg=0.0000, Con=3.9608
2025-09-14 09:56:06,495 - INFO - Batch 390/2278: Loss=1.1962, Cls=0.0080, Reg=0.0000, Con=3.9609
2025-09-14 09:56:07,470 - INFO - Batch 400/2278: Loss=0.0029, Cls=0.0029, Reg=0.0000, Con=0.0000
2025-09-14 09:56:08,381 - INFO - Batch 410/2278: Loss=1.1885, Cls=0.0002, Reg=0.0000, Con=3.9609
2025-09-14 09:56:09,282 - INFO - Batch 420/2278: Loss=1.1883, Cls=0.0000, Reg=0.0000, Con=3.9609
2025-09-14 09:56:10,215 - INFO - Batch 430/2278: Loss=1.2471, Cls=0.0587, Reg=0.0000, Con=3.9614
2025-09-14 09:56:11,118 - INFO - Batch 440/2278: Loss=0.0000, Cls=0.0000, Reg=0.0000, Con=0.0000
2025-09-14 09:56:12,007 - INFO - Batch 450/2278: Loss=1.1883, Cls=0.0000, Reg=0.0000, Con=3.9608
2025-09-14 09:56:12,888 - INFO - Batch 460/2278: Loss=0.0125, Cls=0.0125, Reg=0.0000, Con=0.0000
2025-09-14 09:56:13,785 - INFO - Batch 470/2278: Loss=0.0000, Cls=0.0000, Reg=0.0000, Con=0.0000
2025-09-14 09:56:14,680 - INFO - Batch 480/2278: Loss=1.1892, Cls=0.0009, Reg=0.0000, Con=3.9609
2025-09-14 09:56:15,733 - INFO - Batch 490/2278: Loss=0.0009, Cls=0.0009, Reg=0.0000, Con=0.0000
2025-09-14 09:56:16,637 - INFO - Batch 500/2278: Loss=0.0000, Cls=0.0000, Reg=0.0000, Con=0.0000
2025-09-14 09:56:17,564 - INFO - Batch 510/2278: Loss=1.1883, Cls=0.0000, Reg=0.0000, Con=3.9608
2025-09-14 09:56:18,479 - INFO - Batch 520/2278: Loss=0.0004, Cls=0.0004, Reg=0.0000, Con=0.0000
2025-09-14 09:56:19,363 - INFO - Batch 530/2278: Loss=3.1679, Cls=1.9797, Reg=0.0000, Con=3.9608
2025-09-14 09:56:20,267 - INFO - Batch 540/2278: Loss=1.1890, Cls=0.0007, Reg=0.0000, Con=3.9609
2025-09-14 09:56:21,171 - INFO - Batch 550/2278: Loss=0.0000, Cls=0.0000, Reg=0.0000, Con=0.0000
2025-09-14 09:56:22,090 - INFO - Batch 560/2278: Loss=1.1890, Cls=0.0008, Reg=0.0000, Con=3.9609
2025-09-14 09:56:23,046 - INFO - Batch 570/2278: Loss=1.1882, Cls=0.0000, Reg=0.0000, Con=3.9608
2025-09-14 09:56:23,975 - INFO - Batch 580/2278: Loss=0.0000, Cls=0.0000, Reg=0.0000, Con=0.0000
2025-09-14 09:56:24,861 - INFO - Batch 590/2278: Loss=1.2057, Cls=0.0174, Reg=0.0000, Con=3.9608
2025-09-14 09:56:25,777 - INFO - Batch 600/2278: Loss=0.0000, Cls=0.0000, Reg=0.0000, Con=0.0000
2025-09-14 09:56:26,705 - INFO - Batch 610/2278: Loss=0.0038, Cls=0.0038, Reg=0.0000, Con=0.0000
2025-09-14 09:56:27,649 - INFO - Batch 620/2278: Loss=1.1882, Cls=0.0000, Reg=0.0000, Con=3.9608
2025-09-14 09:56:28,541 - INFO - Batch 630/2278: Loss=1.1907, Cls=0.0024, Reg=0.0000, Con=3.9611
2025-09-14 09:56:29,532 - INFO - Batch 640/2278: Loss=1.1890, Cls=0.0008, Reg=0.0000, Con=3.9607
2025-09-14 09:56:30,539 - INFO - Batch 650/2278: Loss=1.2110, Cls=0.0227, Reg=0.0000, Con=3.9608
2025-09-14 09:56:31,485 - INFO - Batch 660/2278: Loss=0.0033, Cls=0.0033, Reg=0.0000, Con=0.0000
2025-09-14 09:56:32,393 - INFO - Batch 670/2278: Loss=1.1883, Cls=0.0000, Reg=0.0000, Con=3.9609
2025-09-14 09:56:33,328 - INFO - Batch 680/2278: Loss=0.0000, Cls=0.0000, Reg=0.0000, Con=0.0000
2025-09-14 09:56:34,230 - INFO - Batch 690/2278: Loss=2.2692, Cls=1.0809, Reg=0.0000, Con=3.9609
2025-09-14 09:56:35,155 - INFO - Batch 700/2278: Loss=1.1993, Cls=0.0110, Reg=0.0000, Con=3.9610
2025-09-14 09:56:36,062 - INFO - Batch 710/2278: Loss=1.1884, Cls=0.0001, Reg=0.0000, Con=3.9610
2025-09-14 09:56:36,981 - INFO - Batch 720/2278: Loss=1.2578, Cls=0.0694, Reg=0.0000, Con=3.9610
2025-09-14 09:56:37,907 - INFO - Batch 730/2278: Loss=1.5144, Cls=0.3261, Reg=0.0000, Con=3.9609
2025-09-14 09:56:38,817 - INFO - Batch 740/2278: Loss=1.1891, Cls=0.0009, Reg=0.0000, Con=3.9606
2025-09-14 09:56:39,714 - INFO - Batch 750/2278: Loss=1.1885, Cls=0.0003, Reg=0.0000, Con=3.9606
2025-09-14 09:56:40,631 - INFO - Batch 760/2278: Loss=1.2007, Cls=0.0124, Reg=0.0000, Con=3.9611
2025-09-14 09:56:41,560 - INFO - Batch 770/2278: Loss=1.1889, Cls=0.0006, Reg=0.0000, Con=3.9611
2025-09-14 09:56:42,474 - INFO - Batch 780/2278: Loss=0.0109, Cls=0.0109, Reg=0.0000, Con=0.0000
2025-09-14 09:56:43,400 - INFO - Batch 790/2278: Loss=1.1885, Cls=0.0002, Reg=0.0000, Con=3.9609
2025-09-14 09:56:44,310 - INFO - Batch 800/2278: Loss=1.1884, Cls=0.0000, Reg=0.0000, Con=3.9612
2025-09-14 09:56:45,224 - INFO - Batch 810/2278: Loss=0.0013, Cls=0.0013, Reg=0.0000, Con=0.0000
2025-09-14 09:56:46,145 - INFO - Batch 820/2278: Loss=1.8737, Cls=0.6855, Reg=0.0000, Con=3.9608
2025-09-14 09:56:47,052 - INFO - Batch 830/2278: Loss=1.1883, Cls=0.0000, Reg=0.0000, Con=3.9609
2025-09-14 09:56:47,969 - INFO - Batch 840/2278: Loss=0.0024, Cls=0.0024, Reg=0.0000, Con=0.0000
2025-09-14 09:56:48,913 - INFO - Batch 850/2278: Loss=0.1495, Cls=0.1495, Reg=0.0000, Con=0.0000
2025-09-14 09:56:49,797 - INFO - Batch 860/2278: Loss=1.1892, Cls=0.0008, Reg=0.0000, Con=3.9611
2025-09-14 09:56:50,687 - INFO - Batch 870/2278: Loss=1.1883, Cls=0.0000, Reg=0.0000, Con=3.9609
2025-09-14 09:56:51,671 - INFO - Batch 880/2278: Loss=0.0000, Cls=0.0000, Reg=0.0000, Con=0.0000
2025-09-14 09:56:52,685 - INFO - Batch 890/2278: Loss=1.2185, Cls=0.0302, Reg=0.0000, Con=3.9609
2025-09-14 09:56:53,611 - INFO - Batch 900/2278: Loss=0.0000, Cls=0.0000, Reg=0.0000, Con=0.0000
2025-09-14 09:56:54,515 - INFO - Batch 910/2278: Loss=0.5769, Cls=0.5769, Reg=0.0000, Con=0.0000
2025-09-14 09:56:55,430 - INFO - Batch 920/2278: Loss=0.0002, Cls=0.0002, Reg=0.0000, Con=0.0000
2025-09-14 09:56:56,319 - INFO - Batch 930/2278: Loss=0.0033, Cls=0.0033, Reg=0.0000, Con=0.0000
2025-09-14 09:56:57,227 - INFO - Batch 940/2278: Loss=1.1922, Cls=0.0038, Reg=0.0000, Con=3.9613
2025-09-14 09:56:58,105 - INFO - Batch 950/2278: Loss=0.0008, Cls=0.0008, Reg=0.0000, Con=0.0000
2025-09-14 09:56:58,982 - INFO - Batch 960/2278: Loss=0.0002, Cls=0.0002, Reg=0.0000, Con=0.0000
2025-09-14 09:56:59,887 - INFO - Batch 970/2278: Loss=1.2437, Cls=0.0555, Reg=0.0000, Con=3.9608
2025-09-14 09:57:00,775 - INFO - Batch 980/2278: Loss=1.1923, Cls=0.0040, Reg=0.0000, Con=3.9609
2025-09-14 09:57:01,686 - INFO - Batch 990/2278: Loss=2.1036, Cls=0.9153, Reg=0.0000, Con=3.9609
2025-09-14 09:57:02,573 - INFO - Batch 1000/2278: Loss=1.1891, Cls=0.0008, Reg=0.0000, Con=3.9610
2025-09-14 09:57:03,507 - INFO - Batch 1010/2278: Loss=1.1887, Cls=0.0004, Reg=0.0000, Con=3.9608
2025-09-14 09:57:04,381 - INFO - Batch 1020/2278: Loss=1.1892, Cls=0.0010, Reg=0.0000, Con=3.9608
2025-09-14 09:57:05,265 - INFO - Batch 1030/2278: Loss=0.0001, Cls=0.0001, Reg=0.0000, Con=0.0000
2025-09-14 09:57:06,177 - INFO - Batch 1040/2278: Loss=1.1884, Cls=0.0000, Reg=0.0000, Con=3.9613
2025-09-14 09:57:07,097 - INFO - Batch 1050/2278: Loss=0.0014, Cls=0.0014, Reg=0.0000, Con=0.0000
2025-09-14 09:57:08,012 - INFO - Batch 1060/2278: Loss=1.1895, Cls=0.0011, Reg=0.0000, Con=3.9611
2025-09-14 09:57:09,079 - INFO - Batch 1070/2278: Loss=1.1883, Cls=0.0001, Reg=0.0000, Con=3.9609
2025-09-14 09:57:10,085 - INFO - Batch 1080/2278: Loss=0.0000, Cls=0.0000, Reg=0.0000, Con=0.0000
2025-09-14 09:57:11,002 - INFO - Batch 1090/2278: Loss=1.1883, Cls=0.0000, Reg=0.0000, Con=3.9611
2025-09-14 09:57:11,910 - INFO - Batch 1100/2278: Loss=1.1883, Cls=0.0000, Reg=0.0000, Con=3.9611
2025-09-14 09:57:12,819 - INFO - Batch 1110/2278: Loss=0.0003, Cls=0.0003, Reg=0.0000, Con=0.0000
2025-09-14 09:57:13,753 - INFO - Batch 1120/2278: Loss=0.0001, Cls=0.0001, Reg=0.0000, Con=0.0000
2025-09-14 09:57:14,657 - INFO - Batch 1130/2278: Loss=0.0000, Cls=0.0000, Reg=0.0000, Con=0.0000
2025-09-14 09:57:15,581 - INFO - Batch 1140/2278: Loss=1.1971, Cls=0.0088, Reg=0.0000, Con=3.9609
2025-09-14 09:57:16,482 - INFO - Batch 1150/2278: Loss=0.0048, Cls=0.0048, Reg=0.0000, Con=0.0000
2025-09-14 09:57:17,399 - INFO - Batch 1160/2278: Loss=0.0001, Cls=0.0001, Reg=0.0000, Con=0.0000
2025-09-14 09:57:18,295 - INFO - Batch 1170/2278: Loss=4.0508, Cls=2.8625, Reg=0.0000, Con=3.9608
2025-09-14 09:57:19,230 - INFO - Batch 1180/2278: Loss=1.1884, Cls=0.0000, Reg=0.0000, Con=3.9613
2025-09-14 09:57:20,225 - INFO - Batch 1190/2278: Loss=1.1883, Cls=0.0000, Reg=0.0000, Con=3.9609
2025-09-14 09:57:21,125 - INFO - Batch 1200/2278: Loss=1.1884, Cls=0.0000, Reg=0.0000, Con=3.9611
2025-09-14 09:57:22,041 - INFO - Batch 1210/2278: Loss=1.2499, Cls=0.0616, Reg=0.0000, Con=3.9611
2025-09-14 09:57:22,982 - INFO - Batch 1220/2278: Loss=1.1886, Cls=0.0003, Reg=0.0000, Con=3.9609
2025-09-14 09:57:23,902 - INFO - Batch 1230/2278: Loss=0.0000, Cls=0.0000, Reg=0.0000, Con=0.0000
2025-09-14 09:57:24,796 - INFO - Batch 1240/2278: Loss=1.7894, Cls=0.6011, Reg=0.0000, Con=3.9608
2025-09-14 09:57:25,721 - INFO - Batch 1250/2278: Loss=1.1883, Cls=0.0000, Reg=0.0000, Con=3.9609
2025-09-14 09:57:26,613 - INFO - Batch 1260/2278: Loss=0.3303, Cls=0.3303, Reg=0.0000, Con=0.0000
2025-09-14 09:57:27,533 - INFO - Batch 1270/2278: Loss=1.1886, Cls=0.0003, Reg=0.0000, Con=3.9610
2025-09-14 09:57:28,426 - INFO - Batch 1280/2278: Loss=1.1940, Cls=0.0058, Reg=0.0000, Con=3.9607
2025-09-14 09:57:29,414 - INFO - Batch 1290/2278: Loss=0.0000, Cls=0.0000, Reg=0.0000, Con=0.0000
2025-09-14 09:57:30,297 - INFO - Batch 1300/2278: Loss=0.0007, Cls=0.0007, Reg=0.0000, Con=0.0000
2025-09-14 09:57:31,200 - INFO - Batch 1310/2278: Loss=1.1889, Cls=0.0007, Reg=0.0000, Con=3.9608
2025-09-14 09:57:32,155 - INFO - Batch 1320/2278: Loss=1.1884, Cls=0.0001, Reg=0.0000, Con=3.9610
2025-09-14 09:57:33,059 - INFO - Batch 1330/2278: Loss=1.1888, Cls=0.0005, Reg=0.0000, Con=3.9610
2025-09-14 09:57:33,950 - INFO - Batch 1340/2278: Loss=1.1883, Cls=0.0000, Reg=0.0000, Con=3.9608
2025-09-14 09:57:34,854 - INFO - Batch 1350/2278: Loss=1.1885, Cls=0.0003, Reg=0.0000, Con=3.9608
2025-09-14 09:57:35,765 - INFO - Batch 1360/2278: Loss=1.1884, Cls=0.0001, Reg=0.0000, Con=3.9612
2025-09-14 09:57:36,653 - INFO - Batch 1370/2278: Loss=1.1896, Cls=0.0013, Reg=0.0000, Con=3.9610
2025-09-14 09:57:37,566 - INFO - Batch 1380/2278: Loss=1.1883, Cls=0.0000, Reg=0.0000, Con=3.9608
2025-09-14 09:57:38,513 - INFO - Batch 1390/2278: Loss=1.1883, Cls=0.0000, Reg=0.0000, Con=3.9610
2025-09-14 09:57:39,466 - INFO - Batch 1400/2278: Loss=1.2003, Cls=0.0119, Reg=0.0000, Con=3.9615
2025-09-14 09:57:40,378 - INFO - Batch 1410/2278: Loss=0.0385, Cls=0.0385, Reg=0.0000, Con=0.0000
2025-09-14 09:57:41,288 - INFO - Batch 1420/2278: Loss=1.1889, Cls=0.0006, Reg=0.0000, Con=3.9610
2025-09-14 09:57:42,183 - INFO - Batch 1430/2278: Loss=0.0001, Cls=0.0001, Reg=0.0000, Con=0.0000
2025-09-14 09:57:43,122 - INFO - Batch 1440/2278: Loss=1.1882, Cls=0.0000, Reg=0.0000, Con=3.9606
2025-09-14 09:57:44,138 - INFO - Batch 1450/2278: Loss=0.0231, Cls=0.0231, Reg=0.0000, Con=0.0000
2025-09-14 09:57:45,022 - INFO - Batch 1460/2278: Loss=0.0000, Cls=0.0000, Reg=0.0000, Con=0.0000
2025-09-14 09:57:45,932 - INFO - Batch 1470/2278: Loss=1.1887, Cls=0.0005, Reg=0.0000, Con=3.9607
2025-09-14 09:57:46,829 - INFO - Batch 1480/2278: Loss=1.1908, Cls=0.0026, Reg=0.0000, Con=3.9608
2025-09-14 09:57:47,724 - INFO - Batch 1490/2278: Loss=0.6175, Cls=0.6175, Reg=0.0000, Con=0.0000
2025-09-14 09:57:48,648 - INFO - Batch 1500/2278: Loss=1.1981, Cls=0.0098, Reg=0.0000, Con=3.9610
2025-09-14 09:57:49,587 - INFO - Batch 1510/2278: Loss=1.1884, Cls=0.0001, Reg=0.0000, Con=3.9609
2025-09-14 09:57:50,495 - INFO - Batch 1520/2278: Loss=0.0006, Cls=0.0006, Reg=0.0000, Con=0.0000
2025-09-14 09:57:51,402 - INFO - Batch 1530/2278: Loss=1.1882, Cls=0.0000, Reg=0.0000, Con=3.9608
2025-09-14 09:57:52,320 - INFO - Batch 1540/2278: Loss=1.1887, Cls=0.0004, Reg=0.0000, Con=3.9610
2025-09-14 09:57:53,230 - INFO - Batch 1550/2278: Loss=1.1890, Cls=0.0007, Reg=0.0000, Con=3.9611
2025-09-14 09:57:54,141 - INFO - Batch 1560/2278: Loss=1.1883, Cls=0.0000, Reg=0.0000, Con=3.9608
2025-09-14 09:57:55,026 - INFO - Batch 1570/2278: Loss=0.0000, Cls=0.0000, Reg=0.0000, Con=0.0000
2025-09-14 09:57:55,903 - INFO - Batch 1580/2278: Loss=1.1882, Cls=0.0000, Reg=0.0000, Con=3.9608
2025-09-14 09:57:56,827 - INFO - Batch 1590/2278: Loss=0.0000, Cls=0.0000, Reg=0.0000, Con=0.0000
2025-09-14 09:57:57,758 - INFO - Batch 1600/2278: Loss=2.1799, Cls=0.9917, Reg=0.0000, Con=3.9608
2025-09-14 09:57:58,672 - INFO - Batch 1610/2278: Loss=0.0000, Cls=0.0000, Reg=0.0000, Con=0.0000
2025-09-14 09:57:59,602 - INFO - Batch 1620/2278: Loss=1.1896, Cls=0.0013, Reg=0.0000, Con=3.9608
2025-09-14 09:58:00,492 - INFO - Batch 1630/2278: Loss=1.1889, Cls=0.0006, Reg=0.0000, Con=3.9610
2025-09-14 09:58:01,371 - INFO - Batch 1640/2278: Loss=3.5293, Cls=3.5293, Reg=0.0000, Con=0.0000
2025-09-14 09:58:02,283 - INFO - Batch 1650/2278: Loss=1.1883, Cls=0.0000, Reg=0.0000, Con=3.9609
2025-09-14 09:58:03,202 - INFO - Batch 1660/2278: Loss=1.1889, Cls=0.0005, Reg=0.0000, Con=3.9613
2025-09-14 09:58:04,083 - INFO - Batch 1670/2278: Loss=1.2049, Cls=0.0166, Reg=0.0000, Con=3.9609
2025-09-14 09:58:04,979 - INFO - Batch 1680/2278: Loss=1.1883, Cls=0.0001, Reg=0.0000, Con=3.9607
2025-09-14 09:58:05,852 - INFO - Batch 1690/2278: Loss=1.1888, Cls=0.0005, Reg=0.0000, Con=3.9610
2025-09-14 09:58:06,737 - INFO - Batch 1700/2278: Loss=1.1886, Cls=0.0003, Reg=0.0000, Con=3.9608
2025-09-14 09:58:07,630 - INFO - Batch 1710/2278: Loss=0.0002, Cls=0.0002, Reg=0.0000, Con=0.0000
2025-09-14 09:58:08,525 - INFO - Batch 1720/2278: Loss=0.0003, Cls=0.0003, Reg=0.0000, Con=0.0000
2025-09-14 09:58:09,408 - INFO - Batch 1730/2278: Loss=1.6208, Cls=0.4325, Reg=0.0000, Con=3.9608
2025-09-14 09:58:10,304 - INFO - Batch 1740/2278: Loss=1.1908, Cls=0.0025, Reg=0.0000, Con=3.9609
2025-09-14 09:58:11,183 - INFO - Batch 1750/2278: Loss=0.1452, Cls=0.1452, Reg=0.0000, Con=0.0000
2025-09-14 09:58:12,086 - INFO - Batch 1760/2278: Loss=1.1884, Cls=0.0000, Reg=0.0000, Con=3.9612
2025-09-14 09:58:13,005 - INFO - Batch 1770/2278: Loss=0.0053, Cls=0.0053, Reg=0.0000, Con=0.0000
2025-09-14 09:58:13,917 - INFO - Batch 1780/2278: Loss=0.0003, Cls=0.0003, Reg=0.0000, Con=0.0000
2025-09-14 09:58:14,819 - INFO - Batch 1790/2278: Loss=0.0056, Cls=0.0056, Reg=0.0000, Con=0.0000
2025-09-14 09:58:15,721 - INFO - Batch 1800/2278: Loss=2.9922, Cls=1.8040, Reg=0.0000, Con=3.9607
2025-09-14 09:58:16,602 - INFO - Batch 1810/2278: Loss=0.0005, Cls=0.0005, Reg=0.0000, Con=0.0000
2025-09-14 09:58:17,506 - INFO - Batch 1820/2278: Loss=0.0076, Cls=0.0076, Reg=0.0000, Con=0.0000
2025-09-14 09:58:18,411 - INFO - Batch 1830/2278: Loss=1.2292, Cls=0.0409, Reg=0.0000, Con=3.9608
2025-09-14 09:58:19,311 - INFO - Batch 1840/2278: Loss=0.0039, Cls=0.0039, Reg=0.0000, Con=0.0000
2025-09-14 09:58:20,220 - INFO - Batch 1850/2278: Loss=1.1883, Cls=0.0000, Reg=0.0000, Con=3.9609
2025-09-14 09:58:21,125 - INFO - Batch 1860/2278: Loss=1.1882, Cls=0.0000, Reg=0.0000, Con=3.9607
2025-09-14 09:58:22,085 - INFO - Batch 1870/2278: Loss=0.0001, Cls=0.0001, Reg=0.0000, Con=0.0000
2025-09-14 09:58:23,176 - INFO - Batch 1880/2278: Loss=1.1883, Cls=0.0000, Reg=0.0000, Con=3.9607
2025-09-14 09:58:24,106 - INFO - Batch 1890/2278: Loss=0.0000, Cls=0.0000, Reg=0.0000, Con=0.0000
2025-09-14 09:58:25,044 - INFO - Batch 1900/2278: Loss=0.0331, Cls=0.0331, Reg=0.0000, Con=0.0000
2025-09-14 09:58:25,937 - INFO - Batch 1910/2278: Loss=1.1883, Cls=0.0000, Reg=0.0000, Con=3.9610
2025-09-14 09:58:26,830 - INFO - Batch 1920/2278: Loss=0.0000, Cls=0.0000, Reg=0.0000, Con=0.0000
2025-09-14 09:58:27,741 - INFO - Batch 1930/2278: Loss=1.1953, Cls=0.0070, Reg=0.0000, Con=3.9611
2025-09-14 09:58:28,666 - INFO - Batch 1940/2278: Loss=1.1882, Cls=0.0000, Reg=0.0000, Con=3.9607
2025-09-14 09:58:29,545 - INFO - Batch 1950/2278: Loss=1.1883, Cls=0.0000, Reg=0.0000, Con=3.9609
2025-09-14 09:58:30,440 - INFO - Batch 1960/2278: Loss=1.1884, Cls=0.0001, Reg=0.0000, Con=3.9610
2025-09-14 09:58:31,338 - INFO - Batch 1970/2278: Loss=0.0000, Cls=0.0000, Reg=0.0000, Con=0.0000
2025-09-14 09:58:32,314 - INFO - Batch 1980/2278: Loss=2.5817, Cls=1.3934, Reg=0.0000, Con=3.9610
2025-09-14 09:58:33,213 - INFO - Batch 1990/2278: Loss=1.1887, Cls=0.0005, Reg=0.0000, Con=3.9608
2025-09-14 09:58:34,089 - INFO - Batch 2000/2278: Loss=1.1887, Cls=0.0004, Reg=0.0000, Con=3.9610
2025-09-14 09:58:35,013 - INFO - Batch 2010/2278: Loss=1.2007, Cls=0.0125, Reg=0.0000, Con=3.9608
2025-09-14 09:58:35,939 - INFO - Batch 2020/2278: Loss=1.1882, Cls=0.0000, Reg=0.0000, Con=3.9608
2025-09-14 09:58:36,868 - INFO - Batch 2030/2278: Loss=1.1885, Cls=0.0003, Reg=0.0000, Con=3.9608
2025-09-14 09:58:37,774 - INFO - Batch 2040/2278: Loss=1.1883, Cls=0.0000, Reg=0.0000, Con=3.9610
2025-09-14 09:58:38,708 - INFO - Batch 2050/2278: Loss=0.0000, Cls=0.0000, Reg=0.0000, Con=0.0000
2025-09-14 09:58:39,596 - INFO - Batch 2060/2278: Loss=1.1908, Cls=0.0025, Reg=0.0000, Con=3.9609
2025-09-14 09:58:40,518 - INFO - Batch 2070/2278: Loss=0.0011, Cls=0.0011, Reg=0.0000, Con=0.0000
2025-09-14 09:58:41,427 - INFO - Batch 2080/2278: Loss=1.1884, Cls=0.0001, Reg=0.0000, Con=3.9613
2025-09-14 09:58:42,319 - INFO - Batch 2090/2278: Loss=1.1884, Cls=0.0002, Reg=0.0000, Con=3.9607
2025-09-14 09:58:43,239 - INFO - Batch 2100/2278: Loss=1.1888, Cls=0.0003, Reg=0.0000, Con=3.9619
2025-09-14 09:58:44,126 - INFO - Batch 2110/2278: Loss=1.1891, Cls=0.0008, Reg=0.0000, Con=3.9609
2025-09-14 09:58:45,040 - INFO - Batch 2120/2278: Loss=0.0002, Cls=0.0002, Reg=0.0000, Con=0.0000
2025-09-14 09:58:45,943 - INFO - Batch 2130/2278: Loss=0.0005, Cls=0.0005, Reg=0.0000, Con=0.0000
2025-09-14 09:58:46,857 - INFO - Batch 2140/2278: Loss=0.0000, Cls=0.0000, Reg=0.0000, Con=0.0000
2025-09-14 09:58:47,729 - INFO - Batch 2150/2278: Loss=1.1883, Cls=0.0000, Reg=0.0000, Con=3.9608
2025-09-14 09:58:48,614 - INFO - Batch 2160/2278: Loss=1.2327, Cls=0.0445, Reg=0.0000, Con=3.9609
2025-09-14 09:58:49,512 - INFO - Batch 2170/2278: Loss=1.1999, Cls=0.0117, Reg=0.0000, Con=3.9608
2025-09-14 09:58:50,409 - INFO - Batch 2180/2278: Loss=0.0009, Cls=0.0009, Reg=0.0000, Con=0.0000
2025-09-14 09:58:51,297 - INFO - Batch 2190/2278: Loss=1.1883, Cls=0.0000, Reg=0.0000, Con=3.9609
2025-09-14 09:58:52,220 - INFO - Batch 2200/2278: Loss=1.1889, Cls=0.0007, Reg=0.0000, Con=3.9608
2025-09-14 09:58:53,184 - INFO - Batch 2210/2278: Loss=0.0001, Cls=0.0001, Reg=0.0000, Con=0.0000
2025-09-14 09:58:54,099 - INFO - Batch 2220/2278: Loss=0.0002, Cls=0.0002, Reg=0.0000, Con=0.0000
2025-09-14 09:58:54,993 - INFO - Batch 2230/2278: Loss=1.1883, Cls=0.0000, Reg=0.0000, Con=3.9609
2025-09-14 09:58:55,873 - INFO - Batch 2240/2278: Loss=1.1892, Cls=0.0007, Reg=0.0000, Con=3.9617
2025-09-14 09:58:56,758 - INFO - Batch 2250/2278: Loss=1.1883, Cls=0.0000, Reg=0.0000, Con=3.9608
2025-09-14 09:58:57,664 - INFO - Batch 2260/2278: Loss=0.0001, Cls=0.0001, Reg=0.0000, Con=0.0000
2025-09-14 09:58:58,567 - INFO - Batch 2270/2278: Loss=0.7482, Cls=0.7482, Reg=0.0000, Con=0.0000
2025-09-14 10:02:27,441 - INFO - === Epoch 3 Results ===
2025-09-14 10:02:27,442 - INFO - Training Loss: 0.8979 (Classification: 0.1233, Regression: 0.0000)
2025-09-14 10:02:27,442 - INFO - Validation Loss: 0.0444 (Classification: 0.0444, Regression: 0.0000)
2025-09-14 10:02:27,442 - INFO - Average Classification Accuracy: 0.9632 (on 1/26 tasks)
2025-09-14 10:02:27,442 - INFO - Average AUC: 0.8551
2025-09-14 10:02:30,497 - INFO - Best model saved to: experiments/r1c3_headft_cls_22_seed_42_20250914_094137/checkpoints/r1c3_headft_cls_22_seed_42_best.pth
2025-09-14 10:02:30,498 - INFO - Training finished!
2025-09-14 10:02:30,498 - INFO - Performing final evaluation...
2025-09-14 10:02:30,758 - INFO - Loaded best model from: experiments/r1c3_headft_cls_22_seed_42_20250914_094137/checkpoints/r1c3_headft_cls_22_seed_42_best.pth
2025-09-14 10:05:59,793 - INFO - Final Validation Results:
2025-09-14 10:05:59,793 - INFO -   Total Loss: 0.0444
2025-09-14 10:05:59,793 - INFO -   Classification Loss: 0.0444
2025-09-14 10:05:59,793 - INFO -   Regression Loss: 0.0000
2025-09-14 10:05:59,793 - INFO -   Average Classification Accuracy: 0.9632
2025-09-14 10:05:59,793 - INFO -   Average AUC: 0.8551
2025-09-14 10:05:59,794 - INFO - Results saved to: experiments/r1c3_headft_cls_22_seed_42_20250914_094137/checkpoints/r1c3_headft_cls_22_seed_42_results.json
