2025-09-14 02:02:56,815 - INFO - 🔬 Starting experiment: r1c3_headft_cls_10_seed_42
2025-09-14 02:02:56,815 - INFO - 📁 Experiment directory: experiments/r1c3_headft_cls_10_seed_42_20250914_020256
2025-09-14 02:02:56,815 - INFO - 🎲 Random seed: 42
2025-09-14 02:02:56,815 - INFO - 🔒 Deterministic mode: True
2025-09-14 02:02:56,816 - INFO - Using device: cuda
2025-09-14 02:02:56,816 - INFO - Total GPU Memory: 25.16 GB
2025-09-14 02:02:56,837 - INFO - 🧪 Fusion: Using cross-attention dynamic fusion
2025-09-14 02:02:56,837 - INFO - 🧪 GNN Backbone: Using default GraphAttentionNetwork branch
2025-09-14 02:02:56,837 - INFO - 🎯 Task Mode: Single classification endpoint 10
2025-09-14 02:02:56,838 - INFO - Configuration saved to: experiments/r1c3_headft_cls_10_seed_42_20250914_020256/checkpoints/config.json
2025-09-14 02:02:56,838 - INFO - 🚀 Using preprocessed data from: /mnt/backup2/ai4s/backupunimolpy/responds-work/ToxD4C/data/data/processed
2025-09-14 02:02:56,838 - INFO - Loading LMDB dataset from: /mnt/backup2/ai4s/backupunimolpy/responds-work/ToxD4C/data/data/processed
2025-09-14 02:02:57,334 - INFO - Number of training batches: 2278
2025-09-14 02:02:57,334 - INFO - Number of validation batches: 2278
2025-09-14 02:02:57,334 - INFO - Number of test batches: 2278
2025-09-14 02:02:57,334 - INFO - Creating ToxD4C model...
2025-09-14 02:02:58,416 - INFO - Model created successfully. Total parameters: 100,932,036
2025-09-14 02:02:58,416 - INFO - Testing model forward pass...
2025-09-14 02:02:58,838 - INFO - Test output shapes:
2025-09-14 02:02:58,839 - INFO -   classification: torch.Size([16, 1])
2025-09-14 02:02:58,841 - INFO -   classification contains NaN: False
2025-09-14 02:02:58,841 - INFO -   classification contains Inf: False
2025-09-14 02:02:58,841 - INFO -   regression: torch.Size([16, 0])
2025-09-14 02:02:58,841 - INFO -   regression contains NaN: False
2025-09-14 02:02:58,841 - INFO -   regression contains Inf: False
2025-09-14 02:02:58,841 - INFO - Model forward pass test successful!
2025-09-14 02:02:59,545 - INFO - 🔁 Loaded checkpoint from: /mnt/backup2/ai4s/backupunimolpy/responds-work/ToxD4C/experiments/r1c3_multi_full_seed_42_20250913_152627/checkpoints/r1c3_multi_full_seed_42_best.pth
2025-09-14 02:02:59,546 - INFO - 🧩 Head-only fine-tuning: unfroze head for task 'CYP2C19' and froze trunk.
2025-09-14 02:02:59,547 - INFO - Starting training...
2025-09-14 02:02:59,547 - INFO - 
Epoch 1/3
2025-09-14 02:02:59,711 - INFO - Batch 0/2278: Loss=1.3670, Cls=0.1787, Reg=0.0000, Con=3.9608
2025-09-14 02:03:00,653 - INFO - Batch 10/2278: Loss=1.3852, Cls=0.1969, Reg=0.0000, Con=3.9608
2025-09-14 02:03:01,571 - INFO - Batch 20/2278: Loss=2.3643, Cls=1.1760, Reg=0.0000, Con=3.9610
2025-09-14 02:03:02,502 - INFO - Batch 30/2278: Loss=1.6949, Cls=0.5067, Reg=0.0000, Con=3.9607
2025-09-14 02:03:03,420 - INFO - Batch 40/2278: Loss=1.2169, Cls=0.0286, Reg=0.0000, Con=3.9608
2025-09-14 02:03:04,347 - INFO - Batch 50/2278: Loss=1.6286, Cls=0.4403, Reg=0.0000, Con=3.9608
2025-09-14 02:03:05,307 - INFO - Batch 60/2278: Loss=1.2875, Cls=0.0992, Reg=0.0000, Con=3.9609
2025-09-14 02:03:06,228 - INFO - Batch 70/2278: Loss=1.2151, Cls=0.0269, Reg=0.0000, Con=3.9608
2025-09-14 02:03:07,128 - INFO - Batch 80/2278: Loss=0.0228, Cls=0.0228, Reg=0.0000, Con=0.0000
2025-09-14 02:03:08,038 - INFO - Batch 90/2278: Loss=1.0546, Cls=1.0546, Reg=0.0000, Con=0.0000
2025-09-14 02:03:08,898 - INFO - Batch 100/2278: Loss=1.2266, Cls=0.0384, Reg=0.0000, Con=3.9608
2025-09-14 02:03:09,841 - INFO - Batch 110/2278: Loss=0.6621, Cls=0.6621, Reg=0.0000, Con=0.0000
2025-09-14 02:03:10,795 - INFO - Batch 120/2278: Loss=1.3356, Cls=0.1473, Reg=0.0000, Con=3.9609
2025-09-14 02:03:11,712 - INFO - Batch 130/2278: Loss=1.2080, Cls=0.0197, Reg=0.0000, Con=3.9609
2025-09-14 02:03:12,648 - INFO - Batch 140/2278: Loss=1.2011, Cls=0.0127, Reg=0.0000, Con=3.9612
2025-09-14 02:03:13,651 - INFO - Batch 150/2278: Loss=1.2252, Cls=0.0369, Reg=0.0000, Con=3.9610
2025-09-14 02:03:14,574 - INFO - Batch 160/2278: Loss=1.2087, Cls=0.0205, Reg=0.0000, Con=3.9609
2025-09-14 02:03:15,528 - INFO - Batch 170/2278: Loss=1.9856, Cls=0.7973, Reg=0.0000, Con=3.9611
2025-09-14 02:03:16,497 - INFO - Batch 180/2278: Loss=2.4786, Cls=1.2904, Reg=0.0000, Con=3.9608
2025-09-14 02:03:17,459 - INFO - Batch 190/2278: Loss=1.2282, Cls=0.0399, Reg=0.0000, Con=3.9608
2025-09-14 02:03:18,386 - INFO - Batch 200/2278: Loss=0.0083, Cls=0.0083, Reg=0.0000, Con=0.0000
2025-09-14 02:03:19,368 - INFO - Batch 210/2278: Loss=0.0166, Cls=0.0166, Reg=0.0000, Con=0.0000
2025-09-14 02:03:20,306 - INFO - Batch 220/2278: Loss=1.7767, Cls=0.5885, Reg=0.0000, Con=3.9608
2025-09-14 02:03:21,213 - INFO - Batch 230/2278: Loss=1.4552, Cls=0.2669, Reg=0.0000, Con=3.9610
2025-09-14 02:03:22,074 - INFO - Batch 240/2278: Loss=2.3788, Cls=1.1905, Reg=0.0000, Con=3.9608
2025-09-14 02:03:22,949 - INFO - Batch 250/2278: Loss=1.4286, Cls=0.2404, Reg=0.0000, Con=3.9608
2025-09-14 02:03:23,817 - INFO - Batch 260/2278: Loss=0.0174, Cls=0.0174, Reg=0.0000, Con=0.0000
2025-09-14 02:03:24,709 - INFO - Batch 270/2278: Loss=0.0208, Cls=0.0208, Reg=0.0000, Con=0.0000
2025-09-14 02:03:25,598 - INFO - Batch 280/2278: Loss=1.3210, Cls=0.1327, Reg=0.0000, Con=3.9611
2025-09-14 02:03:26,465 - INFO - Batch 290/2278: Loss=3.6417, Cls=2.4535, Reg=0.0000, Con=3.9608
2025-09-14 02:03:27,341 - INFO - Batch 300/2278: Loss=1.7551, Cls=0.5669, Reg=0.0000, Con=3.9609
2025-09-14 02:03:28,254 - INFO - Batch 310/2278: Loss=1.1945, Cls=0.0062, Reg=0.0000, Con=3.9609
2025-09-14 02:03:29,132 - INFO - Batch 320/2278: Loss=0.0013, Cls=0.0013, Reg=0.0000, Con=0.0000
2025-09-14 02:03:30,037 - INFO - Batch 330/2278: Loss=1.1961, Cls=0.0079, Reg=0.0000, Con=3.9609
2025-09-14 02:03:30,926 - INFO - Batch 340/2278: Loss=1.7531, Cls=0.5649, Reg=0.0000, Con=3.9609
2025-09-14 02:03:31,840 - INFO - Batch 350/2278: Loss=1.3159, Cls=0.1276, Reg=0.0000, Con=3.9610
2025-09-14 02:03:32,747 - INFO - Batch 360/2278: Loss=3.4869, Cls=2.2987, Reg=0.0000, Con=3.9607
2025-09-14 02:03:33,646 - INFO - Batch 370/2278: Loss=1.1971, Cls=0.0088, Reg=0.0000, Con=3.9608
2025-09-14 02:03:34,534 - INFO - Batch 380/2278: Loss=1.6486, Cls=0.4604, Reg=0.0000, Con=3.9607
2025-09-14 02:03:35,445 - INFO - Batch 390/2278: Loss=1.2052, Cls=0.0170, Reg=0.0000, Con=3.9607
2025-09-14 02:03:36,345 - INFO - Batch 400/2278: Loss=0.6206, Cls=0.6206, Reg=0.0000, Con=0.0000
2025-09-14 02:03:37,236 - INFO - Batch 410/2278: Loss=1.2738, Cls=0.0855, Reg=0.0000, Con=3.9609
2025-09-14 02:03:38,145 - INFO - Batch 420/2278: Loss=1.2215, Cls=0.0332, Reg=0.0000, Con=3.9608
2025-09-14 02:03:39,040 - INFO - Batch 430/2278: Loss=1.3095, Cls=0.1213, Reg=0.0000, Con=3.9607
2025-09-14 02:03:39,918 - INFO - Batch 440/2278: Loss=1.2087, Cls=0.0205, Reg=0.0000, Con=3.9608
2025-09-14 02:03:40,798 - INFO - Batch 450/2278: Loss=1.5279, Cls=0.3397, Reg=0.0000, Con=3.9606
2025-09-14 02:03:41,703 - INFO - Batch 460/2278: Loss=1.2123, Cls=0.0241, Reg=0.0000, Con=3.9607
2025-09-14 02:03:42,636 - INFO - Batch 470/2278: Loss=1.1892, Cls=0.0009, Reg=0.0000, Con=3.9611
2025-09-14 02:03:43,533 - INFO - Batch 480/2278: Loss=1.3595, Cls=0.1713, Reg=0.0000, Con=3.9607
2025-09-14 02:03:44,420 - INFO - Batch 490/2278: Loss=1.6947, Cls=0.5065, Reg=0.0000, Con=3.9607
2025-09-14 02:03:45,303 - INFO - Batch 500/2278: Loss=1.3776, Cls=0.1894, Reg=0.0000, Con=3.9608
2025-09-14 02:03:46,186 - INFO - Batch 510/2278: Loss=1.2027, Cls=0.0145, Reg=0.0000, Con=3.9609
2025-09-14 02:03:47,089 - INFO - Batch 520/2278: Loss=1.6606, Cls=0.4723, Reg=0.0000, Con=3.9608
2025-09-14 02:03:48,001 - INFO - Batch 530/2278: Loss=3.5159, Cls=2.3277, Reg=0.0000, Con=3.9607
2025-09-14 02:03:48,925 - INFO - Batch 540/2278: Loss=1.2632, Cls=0.0750, Reg=0.0000, Con=3.9610
2025-09-14 02:03:49,810 - INFO - Batch 550/2278: Loss=1.5159, Cls=0.3277, Reg=0.0000, Con=3.9607
2025-09-14 02:03:50,699 - INFO - Batch 560/2278: Loss=1.7709, Cls=0.5826, Reg=0.0000, Con=3.9609
2025-09-14 02:03:51,621 - INFO - Batch 570/2278: Loss=1.6344, Cls=0.4462, Reg=0.0000, Con=3.9608
2025-09-14 02:03:52,506 - INFO - Batch 580/2278: Loss=1.1894, Cls=0.0011, Reg=0.0000, Con=3.9608
2025-09-14 02:03:53,373 - INFO - Batch 590/2278: Loss=1.2064, Cls=0.0182, Reg=0.0000, Con=3.9608
2025-09-14 02:03:54,273 - INFO - Batch 600/2278: Loss=1.4405, Cls=0.2522, Reg=0.0000, Con=3.9608
2025-09-14 02:03:55,151 - INFO - Batch 610/2278: Loss=1.2163, Cls=0.0280, Reg=0.0000, Con=3.9609
2025-09-14 02:03:56,045 - INFO - Batch 620/2278: Loss=1.1894, Cls=0.0012, Reg=0.0000, Con=3.9608
2025-09-14 02:03:56,945 - INFO - Batch 630/2278: Loss=0.3446, Cls=0.3446, Reg=0.0000, Con=0.0000
2025-09-14 02:03:57,864 - INFO - Batch 640/2278: Loss=1.7352, Cls=0.5470, Reg=0.0000, Con=3.9608
2025-09-14 02:03:58,754 - INFO - Batch 650/2278: Loss=1.5594, Cls=0.3711, Reg=0.0000, Con=3.9610
2025-09-14 02:03:59,662 - INFO - Batch 660/2278: Loss=1.2401, Cls=0.0519, Reg=0.0000, Con=3.9608
2025-09-14 02:04:00,559 - INFO - Batch 670/2278: Loss=1.7647, Cls=0.5765, Reg=0.0000, Con=3.9608
2025-09-14 02:04:01,457 - INFO - Batch 680/2278: Loss=1.1933, Cls=0.0050, Reg=0.0000, Con=3.9608
2025-09-14 02:04:02,337 - INFO - Batch 690/2278: Loss=0.5668, Cls=0.5668, Reg=0.0000, Con=0.0000
2025-09-14 02:04:03,258 - INFO - Batch 700/2278: Loss=0.0167, Cls=0.0167, Reg=0.0000, Con=0.0000
2025-09-14 02:04:04,143 - INFO - Batch 710/2278: Loss=1.2876, Cls=0.0994, Reg=0.0000, Con=3.9607
2025-09-14 02:04:05,028 - INFO - Batch 720/2278: Loss=1.2143, Cls=0.0260, Reg=0.0000, Con=3.9609
2025-09-14 02:04:05,940 - INFO - Batch 730/2278: Loss=2.2004, Cls=1.0121, Reg=0.0000, Con=3.9610
2025-09-14 02:04:06,829 - INFO - Batch 740/2278: Loss=1.2443, Cls=0.0560, Reg=0.0000, Con=3.9609
2025-09-14 02:04:07,710 - INFO - Batch 750/2278: Loss=1.1901, Cls=0.0019, Reg=0.0000, Con=3.9609
2025-09-14 02:04:08,584 - INFO - Batch 760/2278: Loss=1.1889, Cls=0.0007, Reg=0.0000, Con=3.9608
2025-09-14 02:04:09,460 - INFO - Batch 770/2278: Loss=1.1902, Cls=0.0019, Reg=0.0000, Con=3.9610
2025-09-14 02:04:10,374 - INFO - Batch 780/2278: Loss=1.1971, Cls=0.0088, Reg=0.0000, Con=3.9608
2025-09-14 02:04:11,259 - INFO - Batch 790/2278: Loss=1.2039, Cls=0.0156, Reg=0.0000, Con=3.9608
2025-09-14 02:04:12,153 - INFO - Batch 800/2278: Loss=1.2591, Cls=0.0708, Reg=0.0000, Con=3.9610
2025-09-14 02:04:13,016 - INFO - Batch 810/2278: Loss=1.1995, Cls=0.0112, Reg=0.0000, Con=3.9611
2025-09-14 02:04:13,902 - INFO - Batch 820/2278: Loss=1.4531, Cls=0.2649, Reg=0.0000, Con=3.9608
2025-09-14 02:04:14,794 - INFO - Batch 830/2278: Loss=1.1883, Cls=0.0000, Reg=0.0000, Con=3.9609
2025-09-14 02:04:15,664 - INFO - Batch 840/2278: Loss=1.3031, Cls=0.1148, Reg=0.0000, Con=3.9607
2025-09-14 02:04:16,565 - INFO - Batch 850/2278: Loss=1.3513, Cls=0.1630, Reg=0.0000, Con=3.9608
2025-09-14 02:04:17,419 - INFO - Batch 860/2278: Loss=1.4613, Cls=0.2731, Reg=0.0000, Con=3.9607
2025-09-14 02:04:18,307 - INFO - Batch 870/2278: Loss=0.0650, Cls=0.0650, Reg=0.0000, Con=0.0000
2025-09-14 02:04:19,230 - INFO - Batch 880/2278: Loss=1.8836, Cls=0.6953, Reg=0.0000, Con=3.9608
2025-09-14 02:04:20,107 - INFO - Batch 890/2278: Loss=0.0612, Cls=0.0612, Reg=0.0000, Con=0.0000
2025-09-14 02:04:20,993 - INFO - Batch 900/2278: Loss=1.2004, Cls=0.0121, Reg=0.0000, Con=3.9608
2025-09-14 02:04:21,887 - INFO - Batch 910/2278: Loss=1.2203, Cls=0.0321, Reg=0.0000, Con=3.9609
2025-09-14 02:04:22,741 - INFO - Batch 920/2278: Loss=1.2185, Cls=0.0302, Reg=0.0000, Con=3.9610
2025-09-14 02:04:23,644 - INFO - Batch 930/2278: Loss=1.1892, Cls=0.0010, Reg=0.0000, Con=3.9608
2025-09-14 02:04:24,562 - INFO - Batch 940/2278: Loss=1.2571, Cls=0.0688, Reg=0.0000, Con=3.9609
2025-09-14 02:04:25,465 - INFO - Batch 950/2278: Loss=1.2907, Cls=0.1025, Reg=0.0000, Con=3.9609
2025-09-14 02:04:26,337 - INFO - Batch 960/2278: Loss=1.7162, Cls=0.5280, Reg=0.0000, Con=3.9609
2025-09-14 02:04:27,218 - INFO - Batch 970/2278: Loss=1.5853, Cls=0.3969, Reg=0.0000, Con=3.9612
2025-09-14 02:04:28,096 - INFO - Batch 980/2278: Loss=0.2897, Cls=0.2897, Reg=0.0000, Con=0.0000
2025-09-14 02:04:29,003 - INFO - Batch 990/2278: Loss=1.4983, Cls=0.3100, Reg=0.0000, Con=3.9608
2025-09-14 02:04:29,872 - INFO - Batch 1000/2278: Loss=1.1896, Cls=0.0014, Reg=0.0000, Con=3.9609
2025-09-14 02:04:30,767 - INFO - Batch 1010/2278: Loss=1.1895, Cls=0.0013, Reg=0.0000, Con=3.9607
2025-09-14 02:04:31,670 - INFO - Batch 1020/2278: Loss=0.5469, Cls=0.5469, Reg=0.0000, Con=0.0000
2025-09-14 02:04:32,549 - INFO - Batch 1030/2278: Loss=1.5224, Cls=0.3342, Reg=0.0000, Con=3.9609
2025-09-14 02:04:33,426 - INFO - Batch 1040/2278: Loss=1.6925, Cls=0.5043, Reg=0.0000, Con=3.9607
2025-09-14 02:04:34,323 - INFO - Batch 1050/2278: Loss=1.3811, Cls=0.1929, Reg=0.0000, Con=3.9609
2025-09-14 02:04:35,208 - INFO - Batch 1060/2278: Loss=1.2018, Cls=0.0136, Reg=0.0000, Con=3.9608
2025-09-14 02:04:36,105 - INFO - Batch 1070/2278: Loss=1.1948, Cls=0.0066, Reg=0.0000, Con=3.9608
2025-09-14 02:04:36,992 - INFO - Batch 1080/2278: Loss=1.5169, Cls=0.3287, Reg=0.0000, Con=3.9607
2025-09-14 02:04:37,893 - INFO - Batch 1090/2278: Loss=1.2262, Cls=0.0379, Reg=0.0000, Con=3.9608
2025-09-14 02:04:38,767 - INFO - Batch 1100/2278: Loss=1.2313, Cls=0.0431, Reg=0.0000, Con=3.9608
2025-09-14 02:04:39,664 - INFO - Batch 1110/2278: Loss=1.3150, Cls=0.1268, Reg=0.0000, Con=3.9608
2025-09-14 02:04:40,538 - INFO - Batch 1120/2278: Loss=0.6654, Cls=0.6654, Reg=0.0000, Con=0.0000
2025-09-14 02:04:41,433 - INFO - Batch 1130/2278: Loss=2.2717, Cls=1.0835, Reg=0.0000, Con=3.9608
2025-09-14 02:04:42,321 - INFO - Batch 1140/2278: Loss=1.6872, Cls=0.4989, Reg=0.0000, Con=3.9608
2025-09-14 02:04:43,199 - INFO - Batch 1150/2278: Loss=2.1929, Cls=1.0047, Reg=0.0000, Con=3.9610
2025-09-14 02:04:44,097 - INFO - Batch 1160/2278: Loss=1.2162, Cls=0.0279, Reg=0.0000, Con=3.9609
2025-09-14 02:04:44,971 - INFO - Batch 1170/2278: Loss=1.9607, Cls=0.7725, Reg=0.0000, Con=3.9608
2025-09-14 02:04:45,830 - INFO - Batch 1180/2278: Loss=1.1919, Cls=0.0036, Reg=0.0000, Con=3.9608
2025-09-14 02:04:46,711 - INFO - Batch 1190/2278: Loss=1.1891, Cls=0.0009, Reg=0.0000, Con=3.9609
2025-09-14 02:04:47,594 - INFO - Batch 1200/2278: Loss=0.0221, Cls=0.0221, Reg=0.0000, Con=0.0000
2025-09-14 02:04:48,487 - INFO - Batch 1210/2278: Loss=2.4177, Cls=1.2294, Reg=0.0000, Con=3.9610
2025-09-14 02:04:49,365 - INFO - Batch 1220/2278: Loss=0.1433, Cls=0.1433, Reg=0.0000, Con=0.0000
2025-09-14 02:04:50,247 - INFO - Batch 1230/2278: Loss=1.9371, Cls=0.7488, Reg=0.0000, Con=3.9609
2025-09-14 02:04:51,146 - INFO - Batch 1240/2278: Loss=1.2042, Cls=0.0160, Reg=0.0000, Con=3.9608
2025-09-14 02:04:52,036 - INFO - Batch 1250/2278: Loss=0.8335, Cls=0.8335, Reg=0.0000, Con=0.0000
2025-09-14 02:04:52,926 - INFO - Batch 1260/2278: Loss=1.1919, Cls=0.0037, Reg=0.0000, Con=3.9608
2025-09-14 02:04:53,798 - INFO - Batch 1270/2278: Loss=1.2069, Cls=0.0187, Reg=0.0000, Con=3.9609
2025-09-14 02:04:54,684 - INFO - Batch 1280/2278: Loss=1.5605, Cls=0.3722, Reg=0.0000, Con=3.9607
2025-09-14 02:04:55,570 - INFO - Batch 1290/2278: Loss=1.2074, Cls=0.0191, Reg=0.0000, Con=3.9607
2025-09-14 02:04:56,454 - INFO - Batch 1300/2278: Loss=1.2901, Cls=0.1018, Reg=0.0000, Con=3.9609
2025-09-14 02:04:57,341 - INFO - Batch 1310/2278: Loss=1.2537, Cls=0.0655, Reg=0.0000, Con=3.9609
2025-09-14 02:04:58,226 - INFO - Batch 1320/2278: Loss=1.2521, Cls=0.0638, Reg=0.0000, Con=3.9609
2025-09-14 02:04:59,110 - INFO - Batch 1330/2278: Loss=2.2095, Cls=1.0211, Reg=0.0000, Con=3.9613
2025-09-14 02:05:00,006 - INFO - Batch 1340/2278: Loss=1.3709, Cls=0.1827, Reg=0.0000, Con=3.9608
2025-09-14 02:05:00,892 - INFO - Batch 1350/2278: Loss=0.0827, Cls=0.0827, Reg=0.0000, Con=0.0000
2025-09-14 02:05:01,778 - INFO - Batch 1360/2278: Loss=1.8805, Cls=0.6922, Reg=0.0000, Con=3.9609
2025-09-14 02:05:02,672 - INFO - Batch 1370/2278: Loss=1.2027, Cls=0.0145, Reg=0.0000, Con=3.9608
2025-09-14 02:05:03,570 - INFO - Batch 1380/2278: Loss=1.1895, Cls=0.0012, Reg=0.0000, Con=3.9608
2025-09-14 02:05:04,448 - INFO - Batch 1390/2278: Loss=1.1986, Cls=0.0104, Reg=0.0000, Con=3.9608
2025-09-14 02:05:05,348 - INFO - Batch 1400/2278: Loss=1.9624, Cls=0.7741, Reg=0.0000, Con=3.9609
2025-09-14 02:05:06,255 - INFO - Batch 1410/2278: Loss=1.7448, Cls=0.5564, Reg=0.0000, Con=3.9612
2025-09-14 02:05:07,163 - INFO - Batch 1420/2278: Loss=1.2164, Cls=0.0282, Reg=0.0000, Con=3.9607
2025-09-14 02:05:08,044 - INFO - Batch 1430/2278: Loss=1.3617, Cls=0.1735, Reg=0.0000, Con=3.9609
2025-09-14 02:05:08,956 - INFO - Batch 1440/2278: Loss=1.1930, Cls=0.0048, Reg=0.0000, Con=3.9609
2025-09-14 02:05:09,826 - INFO - Batch 1450/2278: Loss=1.2018, Cls=0.0136, Reg=0.0000, Con=3.9608
2025-09-14 02:05:10,713 - INFO - Batch 1460/2278: Loss=1.1920, Cls=0.0037, Reg=0.0000, Con=3.9608
2025-09-14 02:05:11,618 - INFO - Batch 1470/2278: Loss=1.1898, Cls=0.0016, Reg=0.0000, Con=3.9609
2025-09-14 02:05:12,520 - INFO - Batch 1480/2278: Loss=3.8215, Cls=2.6333, Reg=0.0000, Con=3.9607
2025-09-14 02:05:13,407 - INFO - Batch 1490/2278: Loss=1.4413, Cls=0.2530, Reg=0.0000, Con=3.9608
2025-09-14 02:05:14,303 - INFO - Batch 1500/2278: Loss=1.1883, Cls=0.0000, Reg=0.0000, Con=3.9609
2025-09-14 02:05:15,208 - INFO - Batch 1510/2278: Loss=0.3936, Cls=0.3936, Reg=0.0000, Con=0.0000
2025-09-14 02:05:16,085 - INFO - Batch 1520/2278: Loss=1.3322, Cls=0.1439, Reg=0.0000, Con=3.9608
2025-09-14 02:05:16,964 - INFO - Batch 1530/2278: Loss=1.2104, Cls=0.0222, Reg=0.0000, Con=3.9608
2025-09-14 02:05:17,851 - INFO - Batch 1540/2278: Loss=1.2274, Cls=0.0391, Reg=0.0000, Con=3.9609
2025-09-14 02:05:18,768 - INFO - Batch 1550/2278: Loss=1.5077, Cls=0.3195, Reg=0.0000, Con=3.9609
2025-09-14 02:05:19,662 - INFO - Batch 1560/2278: Loss=1.8590, Cls=0.6708, Reg=0.0000, Con=3.9608
2025-09-14 02:05:20,562 - INFO - Batch 1570/2278: Loss=1.9115, Cls=0.7233, Reg=0.0000, Con=3.9608
2025-09-14 02:05:21,475 - INFO - Batch 1580/2278: Loss=3.2115, Cls=2.0233, Reg=0.0000, Con=3.9608
2025-09-14 02:05:22,364 - INFO - Batch 1590/2278: Loss=1.9104, Cls=0.7221, Reg=0.0000, Con=3.9609
2025-09-14 02:05:23,233 - INFO - Batch 1600/2278: Loss=1.8902, Cls=0.7019, Reg=0.0000, Con=3.9608
2025-09-14 02:05:24,133 - INFO - Batch 1610/2278: Loss=0.3776, Cls=0.3776, Reg=0.0000, Con=0.0000
2025-09-14 02:05:25,040 - INFO - Batch 1620/2278: Loss=1.8136, Cls=0.6254, Reg=0.0000, Con=3.9608
2025-09-14 02:05:25,931 - INFO - Batch 1630/2278: Loss=1.2066, Cls=0.0184, Reg=0.0000, Con=3.9608
2025-09-14 02:05:26,814 - INFO - Batch 1640/2278: Loss=0.0194, Cls=0.0194, Reg=0.0000, Con=0.0000
2025-09-14 02:05:27,696 - INFO - Batch 1650/2278: Loss=2.5101, Cls=1.3219, Reg=0.0000, Con=3.9608
2025-09-14 02:05:28,588 - INFO - Batch 1660/2278: Loss=2.2353, Cls=2.2353, Reg=0.0000, Con=0.0000
2025-09-14 02:05:29,468 - INFO - Batch 1670/2278: Loss=1.2411, Cls=0.0527, Reg=0.0000, Con=3.9612
2025-09-14 02:05:30,400 - INFO - Batch 1680/2278: Loss=0.0026, Cls=0.0026, Reg=0.0000, Con=0.0000
2025-09-14 02:05:31,308 - INFO - Batch 1690/2278: Loss=1.2552, Cls=0.0668, Reg=0.0000, Con=3.9612
2025-09-14 02:05:32,180 - INFO - Batch 1700/2278: Loss=1.1891, Cls=0.0008, Reg=0.0000, Con=3.9612
2025-09-14 02:05:33,079 - INFO - Batch 1710/2278: Loss=1.2487, Cls=0.0605, Reg=0.0000, Con=3.9608
2025-09-14 02:05:33,996 - INFO - Batch 1720/2278: Loss=1.2893, Cls=0.1011, Reg=0.0000, Con=3.9608
2025-09-14 02:05:34,880 - INFO - Batch 1730/2278: Loss=0.0114, Cls=0.0114, Reg=0.0000, Con=0.0000
2025-09-14 02:05:35,775 - INFO - Batch 1740/2278: Loss=1.3990, Cls=0.2108, Reg=0.0000, Con=3.9608
2025-09-14 02:05:36,677 - INFO - Batch 1750/2278: Loss=1.1962, Cls=0.0079, Reg=0.0000, Con=3.9609
2025-09-14 02:05:37,559 - INFO - Batch 1760/2278: Loss=1.3619, Cls=0.1736, Reg=0.0000, Con=3.9609
2025-09-14 02:05:38,478 - INFO - Batch 1770/2278: Loss=1.2072, Cls=0.0189, Reg=0.0000, Con=3.9608
2025-09-14 02:05:39,372 - INFO - Batch 1780/2278: Loss=1.7440, Cls=0.5557, Reg=0.0000, Con=3.9608
2025-09-14 02:05:40,243 - INFO - Batch 1790/2278: Loss=0.0230, Cls=0.0230, Reg=0.0000, Con=0.0000
2025-09-14 02:05:41,138 - INFO - Batch 1800/2278: Loss=0.6594, Cls=0.6594, Reg=0.0000, Con=0.0000
2025-09-14 02:05:42,037 - INFO - Batch 1810/2278: Loss=2.1899, Cls=1.0016, Reg=0.0000, Con=3.9608
2025-09-14 02:05:42,928 - INFO - Batch 1820/2278: Loss=1.2161, Cls=0.0279, Reg=0.0000, Con=3.9609
2025-09-14 02:05:43,827 - INFO - Batch 1830/2278: Loss=1.7162, Cls=0.5280, Reg=0.0000, Con=3.9607
2025-09-14 02:05:44,716 - INFO - Batch 1840/2278: Loss=1.9478, Cls=0.7596, Reg=0.0000, Con=3.9607
2025-09-14 02:05:45,638 - INFO - Batch 1850/2278: Loss=1.1887, Cls=0.0005, Reg=0.0000, Con=3.9608
2025-09-14 02:05:46,518 - INFO - Batch 1860/2278: Loss=0.0104, Cls=0.0104, Reg=0.0000, Con=0.0000
2025-09-14 02:05:47,415 - INFO - Batch 1870/2278: Loss=3.0148, Cls=1.8266, Reg=0.0000, Con=3.9608
2025-09-14 02:05:48,345 - INFO - Batch 1880/2278: Loss=1.2495, Cls=0.0612, Reg=0.0000, Con=3.9609
2025-09-14 02:05:49,274 - INFO - Batch 1890/2278: Loss=1.1896, Cls=0.0013, Reg=0.0000, Con=3.9609
2025-09-14 02:05:50,177 - INFO - Batch 1900/2278: Loss=0.2305, Cls=0.2305, Reg=0.0000, Con=0.0000
2025-09-14 02:05:51,049 - INFO - Batch 1910/2278: Loss=0.0007, Cls=0.0007, Reg=0.0000, Con=0.0000
2025-09-14 02:05:51,969 - INFO - Batch 1920/2278: Loss=1.4111, Cls=0.2229, Reg=0.0000, Con=3.9607
2025-09-14 02:05:52,846 - INFO - Batch 1930/2278: Loss=1.3725, Cls=0.1843, Reg=0.0000, Con=3.9607
2025-09-14 02:05:53,732 - INFO - Batch 1940/2278: Loss=1.2752, Cls=0.0870, Reg=0.0000, Con=3.9608
2025-09-14 02:05:54,624 - INFO - Batch 1950/2278: Loss=2.1022, Cls=0.9140, Reg=0.0000, Con=3.9607
2025-09-14 02:05:55,533 - INFO - Batch 1960/2278: Loss=1.9745, Cls=0.7863, Reg=0.0000, Con=3.9609
2025-09-14 02:05:56,437 - INFO - Batch 1970/2278: Loss=1.2281, Cls=0.0398, Reg=0.0000, Con=3.9609
2025-09-14 02:05:57,318 - INFO - Batch 1980/2278: Loss=1.2398, Cls=0.0516, Reg=0.0000, Con=3.9608
2025-09-14 02:05:58,198 - INFO - Batch 1990/2278: Loss=1.4672, Cls=0.2789, Reg=0.0000, Con=3.9610
2025-09-14 02:05:59,093 - INFO - Batch 2000/2278: Loss=1.2466, Cls=0.0584, Reg=0.0000, Con=3.9608
2025-09-14 02:05:59,971 - INFO - Batch 2010/2278: Loss=4.1633, Cls=2.9751, Reg=0.0000, Con=3.9608
2025-09-14 02:06:00,867 - INFO - Batch 2020/2278: Loss=1.1936, Cls=0.0053, Reg=0.0000, Con=3.9609
2025-09-14 02:06:01,747 - INFO - Batch 2030/2278: Loss=1.3640, Cls=0.1758, Reg=0.0000, Con=3.9607
2025-09-14 02:06:02,629 - INFO - Batch 2040/2278: Loss=2.8776, Cls=1.6894, Reg=0.0000, Con=3.9609
2025-09-14 02:06:03,534 - INFO - Batch 2050/2278: Loss=1.2183, Cls=0.0301, Reg=0.0000, Con=3.9608
2025-09-14 02:06:04,418 - INFO - Batch 2060/2278: Loss=1.2189, Cls=0.0307, Reg=0.0000, Con=3.9607
2025-09-14 02:06:05,320 - INFO - Batch 2070/2278: Loss=1.4199, Cls=0.2317, Reg=0.0000, Con=3.9609
2025-09-14 02:06:06,236 - INFO - Batch 2080/2278: Loss=1.9969, Cls=0.8086, Reg=0.0000, Con=3.9608
2025-09-14 02:06:07,146 - INFO - Batch 2090/2278: Loss=1.2920, Cls=0.1036, Reg=0.0000, Con=3.9612
2025-09-14 02:06:08,023 - INFO - Batch 2100/2278: Loss=1.2014, Cls=0.0131, Reg=0.0000, Con=3.9610
2025-09-14 02:06:08,929 - INFO - Batch 2110/2278: Loss=1.2435, Cls=0.0552, Reg=0.0000, Con=3.9608
2025-09-14 02:06:09,826 - INFO - Batch 2120/2278: Loss=0.2359, Cls=0.2359, Reg=0.0000, Con=0.0000
2025-09-14 02:06:10,724 - INFO - Batch 2130/2278: Loss=1.2056, Cls=0.0174, Reg=0.0000, Con=3.9605
2025-09-14 02:06:11,618 - INFO - Batch 2140/2278: Loss=1.1886, Cls=0.0004, Reg=0.0000, Con=3.9608
2025-09-14 02:06:12,489 - INFO - Batch 2150/2278: Loss=1.1899, Cls=0.0017, Reg=0.0000, Con=3.9607
2025-09-14 02:06:13,440 - INFO - Batch 2160/2278: Loss=1.2298, Cls=0.0415, Reg=0.0000, Con=3.9608
2025-09-14 02:06:14,362 - INFO - Batch 2170/2278: Loss=2.0089, Cls=0.8207, Reg=0.0000, Con=3.9609
2025-09-14 02:06:15,239 - INFO - Batch 2180/2278: Loss=0.3443, Cls=0.3443, Reg=0.0000, Con=0.0000
2025-09-14 02:06:16,138 - INFO - Batch 2190/2278: Loss=1.4234, Cls=0.2351, Reg=0.0000, Con=3.9609
2025-09-14 02:06:17,037 - INFO - Batch 2200/2278: Loss=1.2035, Cls=0.0154, Reg=0.0000, Con=3.9605
2025-09-14 02:06:17,936 - INFO - Batch 2210/2278: Loss=1.2751, Cls=0.0868, Reg=0.0000, Con=3.9609
2025-09-14 02:06:18,819 - INFO - Batch 2220/2278: Loss=1.4253, Cls=0.2370, Reg=0.0000, Con=3.9610
2025-09-14 02:06:19,747 - INFO - Batch 2230/2278: Loss=1.2116, Cls=0.0234, Reg=0.0000, Con=3.9608
2025-09-14 02:06:20,631 - INFO - Batch 2240/2278: Loss=1.1892, Cls=0.0009, Reg=0.0000, Con=3.9609
2025-09-14 02:06:21,530 - INFO - Batch 2250/2278: Loss=1.5942, Cls=0.4060, Reg=0.0000, Con=3.9609
2025-09-14 02:06:22,425 - INFO - Batch 2260/2278: Loss=1.7742, Cls=0.5859, Reg=0.0000, Con=3.9608
2025-09-14 02:06:23,308 - INFO - Batch 2270/2278: Loss=1.2242, Cls=0.0360, Reg=0.0000, Con=3.9608
2025-09-14 02:09:51,824 - INFO - === Epoch 1 Results ===
2025-09-14 02:09:51,825 - INFO - Training Loss: 1.3614 (Classification: 0.3515, Regression: 0.0000)
2025-09-14 02:09:51,825 - INFO - Validation Loss: 0.1609 (Classification: 0.1609, Regression: 0.0000)
2025-09-14 02:09:51,825 - INFO - Average Classification Accuracy: 0.8071 (on 1/26 tasks)
2025-09-14 02:09:51,825 - INFO - Average AUC: 0.8975
2025-09-14 02:09:52,369 - INFO - Best model saved to: experiments/r1c3_headft_cls_10_seed_42_20250914_020256/checkpoints/r1c3_headft_cls_10_seed_42_best.pth
2025-09-14 02:09:52,369 - INFO - 
Epoch 2/3
2025-09-14 02:09:52,467 - INFO - Batch 0/2278: Loss=1.3410, Cls=0.1528, Reg=0.0000, Con=3.9608
2025-09-14 02:09:53,479 - INFO - Batch 10/2278: Loss=1.3643, Cls=0.1762, Reg=0.0000, Con=3.9604
2025-09-14 02:09:54,476 - INFO - Batch 20/2278: Loss=1.5786, Cls=0.3903, Reg=0.0000, Con=3.9609
2025-09-14 02:09:55,485 - INFO - Batch 30/2278: Loss=1.1905, Cls=0.0022, Reg=0.0000, Con=3.9608
2025-09-14 02:09:56,424 - INFO - Batch 40/2278: Loss=1.3399, Cls=0.1516, Reg=0.0000, Con=3.9608
2025-09-14 02:09:57,426 - INFO - Batch 50/2278: Loss=0.0012, Cls=0.0012, Reg=0.0000, Con=0.0000
2025-09-14 02:09:58,357 - INFO - Batch 60/2278: Loss=0.0019, Cls=0.0019, Reg=0.0000, Con=0.0000
2025-09-14 02:09:59,316 - INFO - Batch 70/2278: Loss=1.7607, Cls=0.5725, Reg=0.0000, Con=3.9608
2025-09-14 02:10:00,224 - INFO - Batch 80/2278: Loss=1.9577, Cls=0.7694, Reg=0.0000, Con=3.9609
2025-09-14 02:10:01,190 - INFO - Batch 90/2278: Loss=1.2901, Cls=0.1018, Reg=0.0000, Con=3.9608
2025-09-14 02:10:02,165 - INFO - Batch 100/2278: Loss=1.3861, Cls=0.1979, Reg=0.0000, Con=3.9609
2025-09-14 02:10:03,135 - INFO - Batch 110/2278: Loss=1.2881, Cls=0.0999, Reg=0.0000, Con=3.9609
2025-09-14 02:10:04,062 - INFO - Batch 120/2278: Loss=1.2537, Cls=0.0655, Reg=0.0000, Con=3.9607
2025-09-14 02:10:05,027 - INFO - Batch 130/2278: Loss=1.4222, Cls=0.2340, Reg=0.0000, Con=3.9608
2025-09-14 02:10:06,004 - INFO - Batch 140/2278: Loss=2.6433, Cls=1.4550, Reg=0.0000, Con=3.9609
2025-09-14 02:10:06,990 - INFO - Batch 150/2278: Loss=1.1919, Cls=0.0036, Reg=0.0000, Con=3.9609
2025-09-14 02:10:07,953 - INFO - Batch 160/2278: Loss=2.1948, Cls=1.0065, Reg=0.0000, Con=3.9608
2025-09-14 02:10:08,877 - INFO - Batch 170/2278: Loss=0.3716, Cls=0.3716, Reg=0.0000, Con=0.0000
2025-09-14 02:10:09,854 - INFO - Batch 180/2278: Loss=1.1922, Cls=0.0039, Reg=0.0000, Con=3.9609
2025-09-14 02:10:10,781 - INFO - Batch 190/2278: Loss=0.0277, Cls=0.0277, Reg=0.0000, Con=0.0000
2025-09-14 02:10:11,745 - INFO - Batch 200/2278: Loss=2.1042, Cls=0.9160, Reg=0.0000, Con=3.9608
2025-09-14 02:10:12,677 - INFO - Batch 210/2278: Loss=1.2772, Cls=0.0890, Reg=0.0000, Con=3.9609
2025-09-14 02:10:13,646 - INFO - Batch 220/2278: Loss=0.0127, Cls=0.0127, Reg=0.0000, Con=0.0000
2025-09-14 02:10:14,582 - INFO - Batch 230/2278: Loss=1.1957, Cls=0.0074, Reg=0.0000, Con=3.9608
2025-09-14 02:10:15,586 - INFO - Batch 240/2278: Loss=1.8355, Cls=0.6472, Reg=0.0000, Con=3.9608
2025-09-14 02:10:16,551 - INFO - Batch 250/2278: Loss=1.4589, Cls=0.2707, Reg=0.0000, Con=3.9607
2025-09-14 02:10:17,512 - INFO - Batch 260/2278: Loss=0.0000, Cls=0.0000, Reg=0.0000, Con=0.0000
2025-09-14 02:10:18,490 - INFO - Batch 270/2278: Loss=1.2876, Cls=0.0993, Reg=0.0000, Con=3.9608
2025-09-14 02:10:19,457 - INFO - Batch 280/2278: Loss=1.1924, Cls=0.0041, Reg=0.0000, Con=3.9609
2025-09-14 02:10:20,445 - INFO - Batch 290/2278: Loss=1.1883, Cls=0.0000, Reg=0.0000, Con=3.9609
2025-09-14 02:10:21,420 - INFO - Batch 300/2278: Loss=1.1883, Cls=0.0000, Reg=0.0000, Con=3.9609
2025-09-14 02:10:22,405 - INFO - Batch 310/2278: Loss=1.2018, Cls=0.0135, Reg=0.0000, Con=3.9608
2025-09-14 02:10:23,358 - INFO - Batch 320/2278: Loss=0.0928, Cls=0.0928, Reg=0.0000, Con=0.0000
2025-09-14 02:10:24,254 - INFO - Batch 330/2278: Loss=1.2051, Cls=0.0168, Reg=0.0000, Con=3.9609
2025-09-14 02:10:25,153 - INFO - Batch 340/2278: Loss=1.1997, Cls=0.0114, Reg=0.0000, Con=3.9609
2025-09-14 02:10:26,082 - INFO - Batch 350/2278: Loss=2.1402, Cls=0.9520, Reg=0.0000, Con=3.9609
2025-09-14 02:10:26,988 - INFO - Batch 360/2278: Loss=3.8701, Cls=2.6818, Reg=0.0000, Con=3.9609
2025-09-14 02:10:27,881 - INFO - Batch 370/2278: Loss=1.2125, Cls=0.0242, Reg=0.0000, Con=3.9609
2025-09-14 02:10:28,839 - INFO - Batch 380/2278: Loss=1.2422, Cls=0.0539, Reg=0.0000, Con=3.9608
2025-09-14 02:10:29,755 - INFO - Batch 390/2278: Loss=1.1885, Cls=0.0003, Reg=0.0000, Con=3.9609
2025-09-14 02:10:30,696 - INFO - Batch 400/2278: Loss=1.7033, Cls=0.5151, Reg=0.0000, Con=3.9607
2025-09-14 02:10:31,639 - INFO - Batch 410/2278: Loss=1.1936, Cls=0.0053, Reg=0.0000, Con=3.9608
2025-09-14 02:10:32,577 - INFO - Batch 420/2278: Loss=1.4050, Cls=1.4050, Reg=0.0000, Con=0.0000
2025-09-14 02:10:33,489 - INFO - Batch 430/2278: Loss=1.4030, Cls=0.2148, Reg=0.0000, Con=3.9608
2025-09-14 02:10:34,383 - INFO - Batch 440/2278: Loss=1.9972, Cls=0.8089, Reg=0.0000, Con=3.9608
2025-09-14 02:10:35,299 - INFO - Batch 450/2278: Loss=1.1882, Cls=0.0000, Reg=0.0000, Con=3.9607
2025-09-14 02:10:36,215 - INFO - Batch 460/2278: Loss=0.0105, Cls=0.0105, Reg=0.0000, Con=0.0000
2025-09-14 02:10:37,152 - INFO - Batch 470/2278: Loss=1.2291, Cls=0.0409, Reg=0.0000, Con=3.9608
2025-09-14 02:10:38,063 - INFO - Batch 480/2278: Loss=1.2756, Cls=0.0873, Reg=0.0000, Con=3.9608
2025-09-14 02:10:38,969 - INFO - Batch 490/2278: Loss=1.5436, Cls=0.3553, Reg=0.0000, Con=3.9609
2025-09-14 02:10:39,859 - INFO - Batch 500/2278: Loss=1.2000, Cls=0.0118, Reg=0.0000, Con=3.9607
2025-09-14 02:10:40,772 - INFO - Batch 510/2278: Loss=1.1979, Cls=0.0096, Reg=0.0000, Con=3.9607
2025-09-14 02:10:41,699 - INFO - Batch 520/2278: Loss=1.1931, Cls=0.0048, Reg=0.0000, Con=3.9607
2025-09-14 02:10:42,609 - INFO - Batch 530/2278: Loss=1.8693, Cls=0.6811, Reg=0.0000, Con=3.9608
2025-09-14 02:10:43,501 - INFO - Batch 540/2278: Loss=1.7822, Cls=0.5940, Reg=0.0000, Con=3.9609
2025-09-14 02:10:44,403 - INFO - Batch 550/2278: Loss=1.1887, Cls=0.0005, Reg=0.0000, Con=3.9607
2025-09-14 02:10:45,353 - INFO - Batch 560/2278: Loss=1.1973, Cls=0.0090, Reg=0.0000, Con=3.9608
2025-09-14 02:10:46,258 - INFO - Batch 570/2278: Loss=2.3958, Cls=1.2076, Reg=0.0000, Con=3.9608
2025-09-14 02:10:47,159 - INFO - Batch 580/2278: Loss=0.0395, Cls=0.0395, Reg=0.0000, Con=0.0000
2025-09-14 02:10:48,062 - INFO - Batch 590/2278: Loss=1.4102, Cls=0.2220, Reg=0.0000, Con=3.9608
2025-09-14 02:10:48,967 - INFO - Batch 600/2278: Loss=1.8296, Cls=0.6414, Reg=0.0000, Con=3.9608
2025-09-14 02:10:49,895 - INFO - Batch 610/2278: Loss=1.2306, Cls=0.0423, Reg=0.0000, Con=3.9608
2025-09-14 02:10:50,797 - INFO - Batch 620/2278: Loss=1.1979, Cls=0.0096, Reg=0.0000, Con=3.9608
2025-09-14 02:10:51,726 - INFO - Batch 630/2278: Loss=1.1995, Cls=0.0113, Reg=0.0000, Con=3.9607
2025-09-14 02:10:52,744 - INFO - Batch 640/2278: Loss=0.8740, Cls=0.8740, Reg=0.0000, Con=0.0000
2025-09-14 02:10:53,657 - INFO - Batch 650/2278: Loss=1.1913, Cls=0.0031, Reg=0.0000, Con=3.9608
2025-09-14 02:10:54,550 - INFO - Batch 660/2278: Loss=1.1882, Cls=0.0000, Reg=0.0000, Con=3.9607
2025-09-14 02:10:55,463 - INFO - Batch 670/2278: Loss=1.2014, Cls=0.0132, Reg=0.0000, Con=3.9608
2025-09-14 02:10:56,363 - INFO - Batch 680/2278: Loss=1.8533, Cls=0.6650, Reg=0.0000, Con=3.9608
2025-09-14 02:10:57,254 - INFO - Batch 690/2278: Loss=1.5757, Cls=0.3875, Reg=0.0000, Con=3.9610
2025-09-14 02:10:58,167 - INFO - Batch 700/2278: Loss=0.4316, Cls=0.4316, Reg=0.0000, Con=0.0000
2025-09-14 02:10:59,064 - INFO - Batch 710/2278: Loss=1.2425, Cls=0.0542, Reg=0.0000, Con=3.9610
2025-09-14 02:11:00,002 - INFO - Batch 720/2278: Loss=1.2067, Cls=0.0184, Reg=0.0000, Con=3.9608
2025-09-14 02:11:00,981 - INFO - Batch 730/2278: Loss=2.2202, Cls=1.0319, Reg=0.0000, Con=3.9610
2025-09-14 02:11:01,900 - INFO - Batch 740/2278: Loss=1.9203, Cls=0.7320, Reg=0.0000, Con=3.9610
2025-09-14 02:11:02,838 - INFO - Batch 750/2278: Loss=0.4812, Cls=0.4812, Reg=0.0000, Con=0.0000
2025-09-14 02:11:03,828 - INFO - Batch 760/2278: Loss=0.0140, Cls=0.0140, Reg=0.0000, Con=0.0000
2025-09-14 02:11:04,717 - INFO - Batch 770/2278: Loss=1.2097, Cls=0.0215, Reg=0.0000, Con=3.9608
2025-09-14 02:11:05,618 - INFO - Batch 780/2278: Loss=1.2068, Cls=0.0186, Reg=0.0000, Con=3.9607
2025-09-14 02:11:06,516 - INFO - Batch 790/2278: Loss=1.9300, Cls=0.7418, Reg=0.0000, Con=3.9608
2025-09-14 02:11:07,460 - INFO - Batch 800/2278: Loss=1.6451, Cls=0.4568, Reg=0.0000, Con=3.9608
2025-09-14 02:11:08,362 - INFO - Batch 810/2278: Loss=1.2667, Cls=0.0785, Reg=0.0000, Con=3.9608
2025-09-14 02:11:09,290 - INFO - Batch 820/2278: Loss=1.4610, Cls=0.2727, Reg=0.0000, Con=3.9608
2025-09-14 02:11:10,211 - INFO - Batch 830/2278: Loss=1.2493, Cls=0.0611, Reg=0.0000, Con=3.9607
2025-09-14 02:11:11,130 - INFO - Batch 840/2278: Loss=1.3013, Cls=0.1131, Reg=0.0000, Con=3.9608
2025-09-14 02:11:12,038 - INFO - Batch 850/2278: Loss=0.0740, Cls=0.0740, Reg=0.0000, Con=0.0000
2025-09-14 02:11:12,959 - INFO - Batch 860/2278: Loss=2.0600, Cls=0.8717, Reg=0.0000, Con=3.9608
2025-09-14 02:11:13,854 - INFO - Batch 870/2278: Loss=0.8074, Cls=0.8074, Reg=0.0000, Con=0.0000
2025-09-14 02:11:14,754 - INFO - Batch 880/2278: Loss=0.5173, Cls=0.5173, Reg=0.0000, Con=0.0000
2025-09-14 02:11:15,648 - INFO - Batch 890/2278: Loss=1.2102, Cls=0.0220, Reg=0.0000, Con=3.9609
2025-09-14 02:11:16,562 - INFO - Batch 900/2278: Loss=1.4369, Cls=1.4369, Reg=0.0000, Con=0.0000
2025-09-14 02:11:17,484 - INFO - Batch 910/2278: Loss=1.1916, Cls=0.0034, Reg=0.0000, Con=3.9607
2025-09-14 02:11:18,368 - INFO - Batch 920/2278: Loss=1.1883, Cls=0.0000, Reg=0.0000, Con=3.9611
2025-09-14 02:11:19,288 - INFO - Batch 930/2278: Loss=2.9603, Cls=1.7721, Reg=0.0000, Con=3.9609
2025-09-14 02:11:20,204 - INFO - Batch 940/2278: Loss=0.5258, Cls=0.5258, Reg=0.0000, Con=0.0000
2025-09-14 02:11:21,097 - INFO - Batch 950/2278: Loss=0.1100, Cls=0.1100, Reg=0.0000, Con=0.0000
2025-09-14 02:11:22,064 - INFO - Batch 960/2278: Loss=0.0544, Cls=0.0544, Reg=0.0000, Con=0.0000
2025-09-14 02:11:22,975 - INFO - Batch 970/2278: Loss=1.2895, Cls=0.1012, Reg=0.0000, Con=3.9608
2025-09-14 02:11:23,869 - INFO - Batch 980/2278: Loss=1.2209, Cls=0.0327, Reg=0.0000, Con=3.9608
2025-09-14 02:11:24,775 - INFO - Batch 990/2278: Loss=1.3484, Cls=0.1602, Reg=0.0000, Con=3.9606
2025-09-14 02:11:25,722 - INFO - Batch 1000/2278: Loss=1.3964, Cls=0.2081, Reg=0.0000, Con=3.9608
2025-09-14 02:11:26,639 - INFO - Batch 1010/2278: Loss=1.2204, Cls=0.0321, Reg=0.0000, Con=3.9609
2025-09-14 02:11:27,543 - INFO - Batch 1020/2278: Loss=1.1926, Cls=0.0042, Reg=0.0000, Con=3.9615
2025-09-14 02:11:28,494 - INFO - Batch 1030/2278: Loss=1.5500, Cls=0.3617, Reg=0.0000, Con=3.9608
2025-09-14 02:11:29,398 - INFO - Batch 1040/2278: Loss=1.3364, Cls=0.1482, Reg=0.0000, Con=3.9608
2025-09-14 02:11:30,303 - INFO - Batch 1050/2278: Loss=1.2256, Cls=0.0372, Reg=0.0000, Con=3.9611
2025-09-14 02:11:31,174 - INFO - Batch 1060/2278: Loss=2.7165, Cls=1.5281, Reg=0.0000, Con=3.9612
2025-09-14 02:11:32,056 - INFO - Batch 1070/2278: Loss=1.2040, Cls=0.0158, Reg=0.0000, Con=3.9608
2025-09-14 02:11:32,941 - INFO - Batch 1080/2278: Loss=1.6708, Cls=0.4826, Reg=0.0000, Con=3.9608
2025-09-14 02:11:33,895 - INFO - Batch 1090/2278: Loss=1.7621, Cls=0.5738, Reg=0.0000, Con=3.9608
2025-09-14 02:11:34,786 - INFO - Batch 1100/2278: Loss=1.2493, Cls=0.0611, Reg=0.0000, Con=3.9608
2025-09-14 02:11:35,693 - INFO - Batch 1110/2278: Loss=5.0012, Cls=3.8130, Reg=0.0000, Con=3.9608
2025-09-14 02:11:36,598 - INFO - Batch 1120/2278: Loss=1.3363, Cls=0.1481, Reg=0.0000, Con=3.9608
2025-09-14 02:11:37,523 - INFO - Batch 1130/2278: Loss=1.3019, Cls=0.1137, Reg=0.0000, Con=3.9608
2025-09-14 02:11:38,468 - INFO - Batch 1140/2278: Loss=2.1853, Cls=0.9971, Reg=0.0000, Con=3.9608
2025-09-14 02:11:39,372 - INFO - Batch 1150/2278: Loss=1.1898, Cls=0.0015, Reg=0.0000, Con=3.9609
2025-09-14 02:11:40,282 - INFO - Batch 1160/2278: Loss=1.1909, Cls=0.0027, Reg=0.0000, Con=3.9607
2025-09-14 02:11:41,213 - INFO - Batch 1170/2278: Loss=0.5547, Cls=0.5547, Reg=0.0000, Con=0.0000
2025-09-14 02:11:42,127 - INFO - Batch 1180/2278: Loss=1.3933, Cls=0.2051, Reg=0.0000, Con=3.9609
2025-09-14 02:11:43,045 - INFO - Batch 1190/2278: Loss=1.2359, Cls=0.0476, Reg=0.0000, Con=3.9610
2025-09-14 02:11:43,957 - INFO - Batch 1200/2278: Loss=1.7726, Cls=0.5843, Reg=0.0000, Con=3.9609
2025-09-14 02:11:44,854 - INFO - Batch 1210/2278: Loss=1.3996, Cls=0.2114, Reg=0.0000, Con=3.9608
2025-09-14 02:11:45,771 - INFO - Batch 1220/2278: Loss=1.7548, Cls=0.5665, Reg=0.0000, Con=3.9609
2025-09-14 02:11:46,682 - INFO - Batch 1230/2278: Loss=1.3872, Cls=0.1989, Reg=0.0000, Con=3.9609
2025-09-14 02:11:47,570 - INFO - Batch 1240/2278: Loss=1.3854, Cls=0.1972, Reg=0.0000, Con=3.9608
2025-09-14 02:11:48,479 - INFO - Batch 1250/2278: Loss=1.2836, Cls=0.0954, Reg=0.0000, Con=3.9607
2025-09-14 02:11:49,378 - INFO - Batch 1260/2278: Loss=1.2379, Cls=0.0496, Reg=0.0000, Con=3.9607
2025-09-14 02:11:50,261 - INFO - Batch 1270/2278: Loss=0.0080, Cls=0.0080, Reg=0.0000, Con=0.0000
2025-09-14 02:11:51,205 - INFO - Batch 1280/2278: Loss=1.1978, Cls=0.0096, Reg=0.0000, Con=3.9608
2025-09-14 02:11:52,181 - INFO - Batch 1290/2278: Loss=1.2098, Cls=0.0216, Reg=0.0000, Con=3.9608
2025-09-14 02:11:53,072 - INFO - Batch 1300/2278: Loss=5.7536, Cls=4.5653, Reg=0.0000, Con=3.9610
2025-09-14 02:11:53,961 - INFO - Batch 1310/2278: Loss=1.1993, Cls=0.0111, Reg=0.0000, Con=3.9607
2025-09-14 02:11:54,857 - INFO - Batch 1320/2278: Loss=2.3487, Cls=1.1605, Reg=0.0000, Con=3.9609
2025-09-14 02:11:55,749 - INFO - Batch 1330/2278: Loss=1.1958, Cls=0.0075, Reg=0.0000, Con=3.9608
2025-09-14 02:11:56,668 - INFO - Batch 1340/2278: Loss=1.6338, Cls=0.4456, Reg=0.0000, Con=3.9607
2025-09-14 02:11:57,552 - INFO - Batch 1350/2278: Loss=1.2931, Cls=0.1049, Reg=0.0000, Con=3.9607
2025-09-14 02:11:58,442 - INFO - Batch 1360/2278: Loss=2.1147, Cls=0.9265, Reg=0.0000, Con=3.9608
2025-09-14 02:11:59,331 - INFO - Batch 1370/2278: Loss=1.2232, Cls=0.0350, Reg=0.0000, Con=3.9608
2025-09-14 02:12:00,244 - INFO - Batch 1380/2278: Loss=1.2008, Cls=0.0126, Reg=0.0000, Con=3.9609
2025-09-14 02:12:01,133 - INFO - Batch 1390/2278: Loss=2.9717, Cls=1.7834, Reg=0.0000, Con=3.9608
2025-09-14 02:12:02,041 - INFO - Batch 1400/2278: Loss=1.1912, Cls=0.0030, Reg=0.0000, Con=3.9608
2025-09-14 02:12:02,952 - INFO - Batch 1410/2278: Loss=1.1886, Cls=0.0004, Reg=0.0000, Con=3.9608
2025-09-14 02:12:03,888 - INFO - Batch 1420/2278: Loss=2.4917, Cls=1.3035, Reg=0.0000, Con=3.9607
2025-09-14 02:12:04,794 - INFO - Batch 1430/2278: Loss=1.6486, Cls=0.4604, Reg=0.0000, Con=3.9607
2025-09-14 02:12:05,692 - INFO - Batch 1440/2278: Loss=1.3789, Cls=0.1906, Reg=0.0000, Con=3.9610
2025-09-14 02:12:06,604 - INFO - Batch 1450/2278: Loss=1.2176, Cls=0.0294, Reg=0.0000, Con=3.9608
2025-09-14 02:12:07,504 - INFO - Batch 1460/2278: Loss=2.6121, Cls=1.4238, Reg=0.0000, Con=3.9609
2025-09-14 02:12:08,405 - INFO - Batch 1470/2278: Loss=1.3088, Cls=0.1205, Reg=0.0000, Con=3.9608
2025-09-14 02:12:09,346 - INFO - Batch 1480/2278: Loss=2.0404, Cls=0.8522, Reg=0.0000, Con=3.9608
2025-09-14 02:12:10,398 - INFO - Batch 1490/2278: Loss=1.2041, Cls=0.0158, Reg=0.0000, Con=3.9608
2025-09-14 02:12:11,334 - INFO - Batch 1500/2278: Loss=1.2909, Cls=0.1027, Reg=0.0000, Con=3.9607
2025-09-14 02:12:12,265 - INFO - Batch 1510/2278: Loss=2.8300, Cls=1.6418, Reg=0.0000, Con=3.9608
2025-09-14 02:12:13,215 - INFO - Batch 1520/2278: Loss=1.7177, Cls=0.5295, Reg=0.0000, Con=3.9608
2025-09-14 02:12:14,131 - INFO - Batch 1530/2278: Loss=3.4137, Cls=2.2255, Reg=0.0000, Con=3.9608
2025-09-14 02:12:15,048 - INFO - Batch 1540/2278: Loss=2.1206, Cls=0.9324, Reg=0.0000, Con=3.9608
2025-09-14 02:12:15,965 - INFO - Batch 1550/2278: Loss=1.2104, Cls=0.0222, Reg=0.0000, Con=3.9608
2025-09-14 02:12:16,879 - INFO - Batch 1560/2278: Loss=3.2126, Cls=2.0244, Reg=0.0000, Con=3.9608
2025-09-14 02:12:17,784 - INFO - Batch 1570/2278: Loss=2.8341, Cls=1.6458, Reg=0.0000, Con=3.9609
2025-09-14 02:12:18,673 - INFO - Batch 1580/2278: Loss=1.2539, Cls=0.0656, Reg=0.0000, Con=3.9607
2025-09-14 02:12:19,588 - INFO - Batch 1590/2278: Loss=2.3602, Cls=1.1719, Reg=0.0000, Con=3.9608
2025-09-14 02:12:20,511 - INFO - Batch 1600/2278: Loss=1.2909, Cls=0.1026, Reg=0.0000, Con=3.9608
2025-09-14 02:12:21,440 - INFO - Batch 1610/2278: Loss=1.7993, Cls=0.6110, Reg=0.0000, Con=3.9609
2025-09-14 02:12:22,367 - INFO - Batch 1620/2278: Loss=1.3566, Cls=0.1683, Reg=0.0000, Con=3.9609
2025-09-14 02:12:23,268 - INFO - Batch 1630/2278: Loss=2.3783, Cls=1.1901, Reg=0.0000, Con=3.9606
2025-09-14 02:12:24,187 - INFO - Batch 1640/2278: Loss=1.3718, Cls=0.1836, Reg=0.0000, Con=3.9608
2025-09-14 02:12:25,085 - INFO - Batch 1650/2278: Loss=1.8197, Cls=0.6315, Reg=0.0000, Con=3.9608
2025-09-14 02:12:25,984 - INFO - Batch 1660/2278: Loss=2.1409, Cls=0.9527, Reg=0.0000, Con=3.9607
2025-09-14 02:12:26,915 - INFO - Batch 1670/2278: Loss=2.6389, Cls=1.4506, Reg=0.0000, Con=3.9608
2025-09-14 02:12:27,817 - INFO - Batch 1680/2278: Loss=1.1959, Cls=0.0074, Reg=0.0000, Con=3.9615
2025-09-14 02:12:28,753 - INFO - Batch 1690/2278: Loss=1.1893, Cls=0.0011, Reg=0.0000, Con=3.9607
2025-09-14 02:12:29,671 - INFO - Batch 1700/2278: Loss=1.8641, Cls=0.6759, Reg=0.0000, Con=3.9608
2025-09-14 02:12:30,572 - INFO - Batch 1710/2278: Loss=2.1347, Cls=0.9464, Reg=0.0000, Con=3.9610
2025-09-14 02:12:31,461 - INFO - Batch 1720/2278: Loss=1.2185, Cls=0.0302, Reg=0.0000, Con=3.9610
2025-09-14 02:12:32,396 - INFO - Batch 1730/2278: Loss=1.9746, Cls=0.7864, Reg=0.0000, Con=3.9608
2025-09-14 02:12:33,320 - INFO - Batch 1740/2278: Loss=1.2419, Cls=0.0536, Reg=0.0000, Con=3.9609
2025-09-14 02:12:34,272 - INFO - Batch 1750/2278: Loss=1.1999, Cls=0.0116, Reg=0.0000, Con=3.9609
2025-09-14 02:12:35,213 - INFO - Batch 1760/2278: Loss=1.1885, Cls=0.0002, Reg=0.0000, Con=3.9608
2025-09-14 02:12:36,141 - INFO - Batch 1770/2278: Loss=1.2032, Cls=0.0149, Reg=0.0000, Con=3.9610
2025-09-14 02:12:37,039 - INFO - Batch 1780/2278: Loss=1.3160, Cls=0.1278, Reg=0.0000, Con=3.9608
2025-09-14 02:12:37,932 - INFO - Batch 1790/2278: Loss=1.2053, Cls=0.0171, Reg=0.0000, Con=3.9608
2025-09-14 02:12:38,853 - INFO - Batch 1800/2278: Loss=1.4703, Cls=0.2821, Reg=0.0000, Con=3.9608
2025-09-14 02:12:39,759 - INFO - Batch 1810/2278: Loss=2.5296, Cls=1.3414, Reg=0.0000, Con=3.9609
2025-09-14 02:12:40,701 - INFO - Batch 1820/2278: Loss=1.1930, Cls=0.0048, Reg=0.0000, Con=3.9608
2025-09-14 02:12:41,636 - INFO - Batch 1830/2278: Loss=2.7517, Cls=1.5633, Reg=0.0000, Con=3.9615
2025-09-14 02:12:42,555 - INFO - Batch 1840/2278: Loss=2.0884, Cls=0.9001, Reg=0.0000, Con=3.9608
2025-09-14 02:12:43,582 - INFO - Batch 1850/2278: Loss=1.2011, Cls=0.0129, Reg=0.0000, Con=3.9608
2025-09-14 02:12:44,592 - INFO - Batch 1860/2278: Loss=2.3996, Cls=1.2114, Reg=0.0000, Con=3.9608
2025-09-14 02:12:45,501 - INFO - Batch 1870/2278: Loss=1.1910, Cls=0.0027, Reg=0.0000, Con=3.9608
2025-09-14 02:12:46,421 - INFO - Batch 1880/2278: Loss=1.3244, Cls=0.1361, Reg=0.0000, Con=3.9610
2025-09-14 02:12:47,345 - INFO - Batch 1890/2278: Loss=0.0403, Cls=0.0403, Reg=0.0000, Con=0.0000
2025-09-14 02:12:48,238 - INFO - Batch 1900/2278: Loss=1.1937, Cls=0.0055, Reg=0.0000, Con=3.9607
2025-09-14 02:12:49,141 - INFO - Batch 1910/2278: Loss=1.1882, Cls=0.0000, Reg=0.0000, Con=3.9607
2025-09-14 02:12:50,068 - INFO - Batch 1920/2278: Loss=1.2763, Cls=0.0881, Reg=0.0000, Con=3.9608
2025-09-14 02:12:50,984 - INFO - Batch 1930/2278: Loss=2.1609, Cls=2.1609, Reg=0.0000, Con=0.0000
2025-09-14 02:12:51,921 - INFO - Batch 1940/2278: Loss=1.1888, Cls=0.0005, Reg=0.0000, Con=3.9607
2025-09-14 02:12:52,862 - INFO - Batch 1950/2278: Loss=1.1885, Cls=0.0002, Reg=0.0000, Con=3.9609
2025-09-14 02:12:53,792 - INFO - Batch 1960/2278: Loss=1.4721, Cls=0.2839, Reg=0.0000, Con=3.9608
2025-09-14 02:12:54,701 - INFO - Batch 1970/2278: Loss=1.9414, Cls=0.7532, Reg=0.0000, Con=3.9606
2025-09-14 02:12:55,614 - INFO - Batch 1980/2278: Loss=1.7890, Cls=0.6007, Reg=0.0000, Con=3.9608
2025-09-14 02:12:56,517 - INFO - Batch 1990/2278: Loss=0.0214, Cls=0.0214, Reg=0.0000, Con=0.0000
2025-09-14 02:12:57,451 - INFO - Batch 2000/2278: Loss=1.3249, Cls=0.1367, Reg=0.0000, Con=3.9607
2025-09-14 02:12:58,382 - INFO - Batch 2010/2278: Loss=1.2791, Cls=0.0909, Reg=0.0000, Con=3.9608
2025-09-14 02:12:59,315 - INFO - Batch 2020/2278: Loss=1.8963, Cls=0.7081, Reg=0.0000, Con=3.9608
2025-09-14 02:13:00,255 - INFO - Batch 2030/2278: Loss=1.2042, Cls=0.0160, Reg=0.0000, Con=3.9610
2025-09-14 02:13:01,171 - INFO - Batch 2040/2278: Loss=2.0633, Cls=0.8750, Reg=0.0000, Con=3.9608
2025-09-14 02:13:02,072 - INFO - Batch 2050/2278: Loss=1.1993, Cls=0.0111, Reg=0.0000, Con=3.9609
2025-09-14 02:13:02,993 - INFO - Batch 2060/2278: Loss=1.4620, Cls=0.2736, Reg=0.0000, Con=3.9615
2025-09-14 02:13:03,900 - INFO - Batch 2070/2278: Loss=1.4895, Cls=0.3012, Reg=0.0000, Con=3.9608
2025-09-14 02:13:04,906 - INFO - Batch 2080/2278: Loss=1.2077, Cls=0.0195, Reg=0.0000, Con=3.9608
2025-09-14 02:13:05,868 - INFO - Batch 2090/2278: Loss=1.2084, Cls=0.0202, Reg=0.0000, Con=3.9608
2025-09-14 02:13:06,800 - INFO - Batch 2100/2278: Loss=0.0033, Cls=0.0033, Reg=0.0000, Con=0.0000
2025-09-14 02:13:07,724 - INFO - Batch 2110/2278: Loss=0.5003, Cls=0.5003, Reg=0.0000, Con=0.0000
2025-09-14 02:13:08,627 - INFO - Batch 2120/2278: Loss=4.6921, Cls=3.5039, Reg=0.0000, Con=3.9609
2025-09-14 02:13:09,538 - INFO - Batch 2130/2278: Loss=1.2114, Cls=0.0231, Reg=0.0000, Con=3.9608
2025-09-14 02:13:10,444 - INFO - Batch 2140/2278: Loss=1.1931, Cls=0.0049, Reg=0.0000, Con=3.9608
2025-09-14 02:13:11,359 - INFO - Batch 2150/2278: Loss=1.1931, Cls=0.0048, Reg=0.0000, Con=3.9610
2025-09-14 02:13:12,247 - INFO - Batch 2160/2278: Loss=1.1965, Cls=0.0082, Reg=0.0000, Con=3.9608
2025-09-14 02:13:13,309 - INFO - Batch 2170/2278: Loss=1.1961, Cls=0.0078, Reg=0.0000, Con=3.9608
2025-09-14 02:13:14,208 - INFO - Batch 2180/2278: Loss=1.7149, Cls=0.5267, Reg=0.0000, Con=3.9608
2025-09-14 02:13:15,122 - INFO - Batch 2190/2278: Loss=1.2622, Cls=0.0739, Reg=0.0000, Con=3.9609
2025-09-14 02:13:16,086 - INFO - Batch 2200/2278: Loss=1.8024, Cls=0.6142, Reg=0.0000, Con=3.9608
2025-09-14 02:13:17,013 - INFO - Batch 2210/2278: Loss=1.4579, Cls=0.2696, Reg=0.0000, Con=3.9610
2025-09-14 02:13:17,908 - INFO - Batch 2220/2278: Loss=0.0071, Cls=0.0071, Reg=0.0000, Con=0.0000
2025-09-14 02:13:18,829 - INFO - Batch 2230/2278: Loss=2.1518, Cls=0.9636, Reg=0.0000, Con=3.9608
2025-09-14 02:13:19,747 - INFO - Batch 2240/2278: Loss=1.2085, Cls=0.0202, Reg=0.0000, Con=3.9608
2025-09-14 02:13:20,788 - INFO - Batch 2250/2278: Loss=2.2179, Cls=1.0297, Reg=0.0000, Con=3.9608
2025-09-14 02:13:21,767 - INFO - Batch 2260/2278: Loss=1.6142, Cls=0.4260, Reg=0.0000, Con=3.9608
2025-09-14 02:13:22,679 - INFO - Batch 2270/2278: Loss=1.1995, Cls=0.0113, Reg=0.0000, Con=3.9606
2025-09-14 02:16:53,269 - INFO - === Epoch 2 Results ===
2025-09-14 02:16:53,269 - INFO - Training Loss: 1.3490 (Classification: 0.3402, Regression: 0.0000)
2025-09-14 02:16:53,269 - INFO - Validation Loss: 0.1572 (Classification: 0.1572, Regression: 0.0000)
2025-09-14 02:16:53,269 - INFO - Average Classification Accuracy: 0.8211 (on 1/26 tasks)
2025-09-14 02:16:53,269 - INFO - Average AUC: 0.8981
2025-09-14 02:16:55,870 - INFO - Best model saved to: experiments/r1c3_headft_cls_10_seed_42_20250914_020256/checkpoints/r1c3_headft_cls_10_seed_42_best.pth
2025-09-14 02:16:55,870 - INFO - 
Epoch 3/3
2025-09-14 02:16:56,015 - INFO - Batch 0/2278: Loss=2.8677, Cls=1.6795, Reg=0.0000, Con=3.9608
2025-09-14 02:16:56,924 - INFO - Batch 10/2278: Loss=1.2134, Cls=0.0252, Reg=0.0000, Con=3.9610
2025-09-14 02:16:57,912 - INFO - Batch 20/2278: Loss=1.3448, Cls=0.1566, Reg=0.0000, Con=3.9608
2025-09-14 02:16:58,915 - INFO - Batch 30/2278: Loss=1.2279, Cls=0.0396, Reg=0.0000, Con=3.9609
2025-09-14 02:16:59,828 - INFO - Batch 40/2278: Loss=1.2162, Cls=0.0280, Reg=0.0000, Con=3.9608
2025-09-14 02:17:00,750 - INFO - Batch 50/2278: Loss=1.9264, Cls=0.7382, Reg=0.0000, Con=3.9609
2025-09-14 02:17:01,712 - INFO - Batch 60/2278: Loss=1.1982, Cls=0.0099, Reg=0.0000, Con=3.9607
2025-09-14 02:17:02,723 - INFO - Batch 70/2278: Loss=1.1904, Cls=0.0022, Reg=0.0000, Con=3.9608
2025-09-14 02:17:03,647 - INFO - Batch 80/2278: Loss=0.0522, Cls=0.0522, Reg=0.0000, Con=0.0000
2025-09-14 02:17:04,595 - INFO - Batch 90/2278: Loss=1.2139, Cls=0.0257, Reg=0.0000, Con=3.9608
2025-09-14 02:17:05,542 - INFO - Batch 100/2278: Loss=1.6785, Cls=0.4903, Reg=0.0000, Con=3.9606
2025-09-14 02:17:06,521 - INFO - Batch 110/2278: Loss=1.2052, Cls=0.0166, Reg=0.0000, Con=3.9618
2025-09-14 02:17:07,456 - INFO - Batch 120/2278: Loss=1.7485, Cls=0.5602, Reg=0.0000, Con=3.9609
2025-09-14 02:17:08,382 - INFO - Batch 130/2278: Loss=1.1955, Cls=0.0073, Reg=0.0000, Con=3.9607
2025-09-14 02:17:09,337 - INFO - Batch 140/2278: Loss=0.0026, Cls=0.0026, Reg=0.0000, Con=0.0000
2025-09-14 02:17:10,296 - INFO - Batch 150/2278: Loss=1.3916, Cls=0.2034, Reg=0.0000, Con=3.9608
2025-09-14 02:17:11,275 - INFO - Batch 160/2278: Loss=2.2394, Cls=1.0512, Reg=0.0000, Con=3.9608
2025-09-14 02:17:12,199 - INFO - Batch 170/2278: Loss=1.1910, Cls=0.0027, Reg=0.0000, Con=3.9609
2025-09-14 02:17:13,128 - INFO - Batch 180/2278: Loss=1.2677, Cls=0.0793, Reg=0.0000, Con=3.9611
2025-09-14 02:17:14,063 - INFO - Batch 190/2278: Loss=1.4857, Cls=0.2974, Reg=0.0000, Con=3.9607
2025-09-14 02:17:15,038 - INFO - Batch 200/2278: Loss=1.2618, Cls=0.0736, Reg=0.0000, Con=3.9608
2025-09-14 02:17:16,044 - INFO - Batch 210/2278: Loss=1.2684, Cls=0.0801, Reg=0.0000, Con=3.9609
2025-09-14 02:17:17,052 - INFO - Batch 220/2278: Loss=1.1982, Cls=0.0099, Reg=0.0000, Con=3.9608
2025-09-14 02:17:17,976 - INFO - Batch 230/2278: Loss=1.1927, Cls=0.0044, Reg=0.0000, Con=3.9611
2025-09-14 02:17:18,953 - INFO - Batch 240/2278: Loss=1.2722, Cls=0.0839, Reg=0.0000, Con=3.9607
2025-09-14 02:17:19,901 - INFO - Batch 250/2278: Loss=1.9909, Cls=0.8026, Reg=0.0000, Con=3.9609
2025-09-14 02:17:20,852 - INFO - Batch 260/2278: Loss=1.1900, Cls=0.0018, Reg=0.0000, Con=3.9608
2025-09-14 02:17:21,870 - INFO - Batch 270/2278: Loss=1.1882, Cls=0.0000, Reg=0.0000, Con=3.9607
2025-09-14 02:17:22,781 - INFO - Batch 280/2278: Loss=1.7448, Cls=0.5566, Reg=0.0000, Con=3.9608
2025-09-14 02:17:23,744 - INFO - Batch 290/2278: Loss=1.2466, Cls=0.0584, Reg=0.0000, Con=3.9608
2025-09-14 02:17:24,728 - INFO - Batch 300/2278: Loss=1.2663, Cls=0.0781, Reg=0.0000, Con=3.9607
2025-09-14 02:17:25,654 - INFO - Batch 310/2278: Loss=1.1983, Cls=0.0100, Reg=0.0000, Con=3.9609
2025-09-14 02:17:26,626 - INFO - Batch 320/2278: Loss=1.3011, Cls=0.1128, Reg=0.0000, Con=3.9610
2025-09-14 02:17:27,531 - INFO - Batch 330/2278: Loss=1.3382, Cls=0.1499, Reg=0.0000, Con=3.9607
2025-09-14 02:17:28,491 - INFO - Batch 340/2278: Loss=0.0269, Cls=0.0269, Reg=0.0000, Con=0.0000
2025-09-14 02:17:29,463 - INFO - Batch 350/2278: Loss=3.4338, Cls=2.2455, Reg=0.0000, Con=3.9610
2025-09-14 02:17:30,382 - INFO - Batch 360/2278: Loss=2.5386, Cls=1.3503, Reg=0.0000, Con=3.9611
2025-09-14 02:17:31,288 - INFO - Batch 370/2278: Loss=2.6314, Cls=1.4432, Reg=0.0000, Con=3.9608
2025-09-14 02:17:32,224 - INFO - Batch 380/2278: Loss=1.2326, Cls=0.0443, Reg=0.0000, Con=3.9608
2025-09-14 02:17:33,164 - INFO - Batch 390/2278: Loss=1.3576, Cls=0.1693, Reg=0.0000, Con=3.9608
2025-09-14 02:17:34,076 - INFO - Batch 400/2278: Loss=0.0001, Cls=0.0001, Reg=0.0000, Con=0.0000
2025-09-14 02:17:34,996 - INFO - Batch 410/2278: Loss=1.1913, Cls=0.0031, Reg=0.0000, Con=3.9609
2025-09-14 02:17:35,899 - INFO - Batch 420/2278: Loss=1.4072, Cls=0.2190, Reg=0.0000, Con=3.9609
2025-09-14 02:17:36,829 - INFO - Batch 430/2278: Loss=1.2091, Cls=0.0208, Reg=0.0000, Con=3.9611
2025-09-14 02:17:37,735 - INFO - Batch 440/2278: Loss=1.7784, Cls=0.5902, Reg=0.0000, Con=3.9608
2025-09-14 02:17:38,644 - INFO - Batch 450/2278: Loss=1.2159, Cls=0.0276, Reg=0.0000, Con=3.9608
2025-09-14 02:17:39,591 - INFO - Batch 460/2278: Loss=0.0630, Cls=0.0630, Reg=0.0000, Con=0.0000
2025-09-14 02:17:40,500 - INFO - Batch 470/2278: Loss=1.3146, Cls=1.3146, Reg=0.0000, Con=0.0000
2025-09-14 02:17:41,407 - INFO - Batch 480/2278: Loss=1.1936, Cls=0.0053, Reg=0.0000, Con=3.9609
2025-09-14 02:17:42,478 - INFO - Batch 490/2278: Loss=0.0094, Cls=0.0094, Reg=0.0000, Con=0.0000
2025-09-14 02:17:43,389 - INFO - Batch 500/2278: Loss=1.2315, Cls=0.0436, Reg=0.0000, Con=3.9597
2025-09-14 02:17:44,336 - INFO - Batch 510/2278: Loss=2.9877, Cls=1.7995, Reg=0.0000, Con=3.9608
2025-09-14 02:17:45,263 - INFO - Batch 520/2278: Loss=0.0404, Cls=0.0404, Reg=0.0000, Con=0.0000
2025-09-14 02:17:46,149 - INFO - Batch 530/2278: Loss=1.2085, Cls=0.0202, Reg=0.0000, Con=3.9608
2025-09-14 02:17:47,077 - INFO - Batch 540/2278: Loss=1.2247, Cls=0.0364, Reg=0.0000, Con=3.9609
2025-09-14 02:17:47,994 - INFO - Batch 550/2278: Loss=2.1091, Cls=0.9209, Reg=0.0000, Con=3.9607
2025-09-14 02:17:48,916 - INFO - Batch 560/2278: Loss=1.2243, Cls=0.0361, Reg=0.0000, Con=3.9608
2025-09-14 02:17:49,863 - INFO - Batch 570/2278: Loss=1.3144, Cls=0.1261, Reg=0.0000, Con=3.9608
2025-09-14 02:17:50,812 - INFO - Batch 580/2278: Loss=0.0007, Cls=0.0007, Reg=0.0000, Con=0.0000
2025-09-14 02:17:51,707 - INFO - Batch 590/2278: Loss=1.2373, Cls=0.0491, Reg=0.0000, Con=3.9608
2025-09-14 02:17:52,607 - INFO - Batch 600/2278: Loss=1.2090, Cls=0.0208, Reg=0.0000, Con=3.9608
2025-09-14 02:17:53,483 - INFO - Batch 610/2278: Loss=1.2251, Cls=0.0369, Reg=0.0000, Con=3.9608
2025-09-14 02:17:54,390 - INFO - Batch 620/2278: Loss=1.1882, Cls=0.0000, Reg=0.0000, Con=3.9608
2025-09-14 02:17:55,283 - INFO - Batch 630/2278: Loss=2.9137, Cls=1.7255, Reg=0.0000, Con=3.9610
2025-09-14 02:17:56,219 - INFO - Batch 640/2278: Loss=2.2294, Cls=1.0412, Reg=0.0000, Con=3.9607
2025-09-14 02:17:57,105 - INFO - Batch 650/2278: Loss=1.2505, Cls=0.0623, Reg=0.0000, Con=3.9608
2025-09-14 02:17:58,020 - INFO - Batch 660/2278: Loss=1.5209, Cls=0.3326, Reg=0.0000, Con=3.9609
2025-09-14 02:17:58,914 - INFO - Batch 670/2278: Loss=1.5094, Cls=0.3211, Reg=0.0000, Con=3.9608
2025-09-14 02:17:59,845 - INFO - Batch 680/2278: Loss=1.2679, Cls=0.0796, Reg=0.0000, Con=3.9608
2025-09-14 02:18:00,753 - INFO - Batch 690/2278: Loss=1.1907, Cls=0.0025, Reg=0.0000, Con=3.9609
2025-09-14 02:18:01,709 - INFO - Batch 700/2278: Loss=1.2604, Cls=0.0721, Reg=0.0000, Con=3.9610
2025-09-14 02:18:02,640 - INFO - Batch 710/2278: Loss=1.1925, Cls=0.0043, Reg=0.0000, Con=3.9607
2025-09-14 02:18:03,550 - INFO - Batch 720/2278: Loss=1.6611, Cls=0.4728, Reg=0.0000, Con=3.9610
2025-09-14 02:18:04,447 - INFO - Batch 730/2278: Loss=1.1943, Cls=0.0060, Reg=0.0000, Con=3.9609
2025-09-14 02:18:05,343 - INFO - Batch 740/2278: Loss=1.2396, Cls=0.0515, Reg=0.0000, Con=3.9606
2025-09-14 02:18:06,231 - INFO - Batch 750/2278: Loss=1.9300, Cls=0.7418, Reg=0.0000, Con=3.9606
2025-09-14 02:18:07,137 - INFO - Batch 760/2278: Loss=1.1912, Cls=0.0029, Reg=0.0000, Con=3.9611
2025-09-14 02:18:08,060 - INFO - Batch 770/2278: Loss=1.5093, Cls=0.3210, Reg=0.0000, Con=3.9609
2025-09-14 02:18:08,974 - INFO - Batch 780/2278: Loss=1.9097, Cls=0.7215, Reg=0.0000, Con=3.9606
2025-09-14 02:18:09,862 - INFO - Batch 790/2278: Loss=2.0484, Cls=0.8602, Reg=0.0000, Con=3.9608
2025-09-14 02:18:10,768 - INFO - Batch 800/2278: Loss=1.2044, Cls=0.0160, Reg=0.0000, Con=3.9612
2025-09-14 02:18:11,693 - INFO - Batch 810/2278: Loss=1.3559, Cls=1.3559, Reg=0.0000, Con=0.0000
2025-09-14 02:18:12,604 - INFO - Batch 820/2278: Loss=1.1884, Cls=0.0002, Reg=0.0000, Con=3.9608
2025-09-14 02:18:13,510 - INFO - Batch 830/2278: Loss=1.1978, Cls=0.0096, Reg=0.0000, Con=3.9609
2025-09-14 02:18:14,408 - INFO - Batch 840/2278: Loss=1.3091, Cls=0.1208, Reg=0.0000, Con=3.9608
2025-09-14 02:18:15,343 - INFO - Batch 850/2278: Loss=1.2152, Cls=0.0270, Reg=0.0000, Con=3.9608
2025-09-14 02:18:16,245 - INFO - Batch 860/2278: Loss=1.1986, Cls=0.0102, Reg=0.0000, Con=3.9611
2025-09-14 02:18:17,161 - INFO - Batch 870/2278: Loss=1.1896, Cls=0.0013, Reg=0.0000, Con=3.9609
2025-09-14 02:18:18,102 - INFO - Batch 880/2278: Loss=0.0086, Cls=0.0086, Reg=0.0000, Con=0.0000
2025-09-14 02:18:19,026 - INFO - Batch 890/2278: Loss=1.2570, Cls=0.0687, Reg=0.0000, Con=3.9608
2025-09-14 02:18:19,960 - INFO - Batch 900/2278: Loss=0.0560, Cls=0.0560, Reg=0.0000, Con=0.0000
2025-09-14 02:18:20,844 - INFO - Batch 910/2278: Loss=1.4402, Cls=0.2520, Reg=0.0000, Con=3.9608
2025-09-14 02:18:21,755 - INFO - Batch 920/2278: Loss=1.2514, Cls=0.0632, Reg=0.0000, Con=3.9608
2025-09-14 02:18:22,634 - INFO - Batch 930/2278: Loss=1.3134, Cls=0.1252, Reg=0.0000, Con=3.9608
2025-09-14 02:18:23,524 - INFO - Batch 940/2278: Loss=1.2084, Cls=0.0200, Reg=0.0000, Con=3.9613
2025-09-14 02:18:24,454 - INFO - Batch 950/2278: Loss=1.2020, Cls=0.0138, Reg=0.0000, Con=3.9607
2025-09-14 02:18:25,434 - INFO - Batch 960/2278: Loss=1.5126, Cls=0.3243, Reg=0.0000, Con=3.9608
2025-09-14 02:18:26,514 - INFO - Batch 970/2278: Loss=1.3130, Cls=0.1248, Reg=0.0000, Con=3.9608
2025-09-14 02:18:27,433 - INFO - Batch 980/2278: Loss=1.1909, Cls=0.0026, Reg=0.0000, Con=3.9609
2025-09-14 02:18:28,413 - INFO - Batch 990/2278: Loss=1.1943, Cls=0.0061, Reg=0.0000, Con=3.9609
2025-09-14 02:18:29,393 - INFO - Batch 1000/2278: Loss=1.2781, Cls=0.0899, Reg=0.0000, Con=3.9607
2025-09-14 02:18:30,367 - INFO - Batch 1010/2278: Loss=1.7321, Cls=0.5439, Reg=0.0000, Con=3.9608
2025-09-14 02:18:31,273 - INFO - Batch 1020/2278: Loss=1.1883, Cls=0.0000, Reg=0.0000, Con=3.9608
2025-09-14 02:18:32,186 - INFO - Batch 1030/2278: Loss=1.2573, Cls=0.0691, Reg=0.0000, Con=3.9608
2025-09-14 02:18:33,112 - INFO - Batch 1040/2278: Loss=1.4683, Cls=0.2800, Reg=0.0000, Con=3.9610
2025-09-14 02:18:34,022 - INFO - Batch 1050/2278: Loss=0.0017, Cls=0.0017, Reg=0.0000, Con=0.0000
2025-09-14 02:18:34,923 - INFO - Batch 1060/2278: Loss=1.3212, Cls=0.1329, Reg=0.0000, Con=3.9611
2025-09-14 02:18:35,849 - INFO - Batch 1070/2278: Loss=1.2217, Cls=0.0334, Reg=0.0000, Con=3.9609
2025-09-14 02:18:36,754 - INFO - Batch 1080/2278: Loss=0.0042, Cls=0.0042, Reg=0.0000, Con=0.0000
2025-09-14 02:18:37,669 - INFO - Batch 1090/2278: Loss=1.5416, Cls=0.3533, Reg=0.0000, Con=3.9609
2025-09-14 02:18:38,575 - INFO - Batch 1100/2278: Loss=1.1962, Cls=0.0079, Reg=0.0000, Con=3.9611
2025-09-14 02:18:39,466 - INFO - Batch 1110/2278: Loss=2.6351, Cls=2.6351, Reg=0.0000, Con=0.0000
2025-09-14 02:18:40,381 - INFO - Batch 1120/2278: Loss=0.0046, Cls=0.0046, Reg=0.0000, Con=0.0000
2025-09-14 02:18:41,284 - INFO - Batch 1130/2278: Loss=1.2017, Cls=0.0135, Reg=0.0000, Con=3.9608
2025-09-14 02:18:42,191 - INFO - Batch 1140/2278: Loss=2.3803, Cls=1.1920, Reg=0.0000, Con=3.9609
2025-09-14 02:18:43,094 - INFO - Batch 1150/2278: Loss=0.3603, Cls=0.3603, Reg=0.0000, Con=0.0000
2025-09-14 02:18:44,075 - INFO - Batch 1160/2278: Loss=1.2153, Cls=0.0270, Reg=0.0000, Con=3.9608
2025-09-14 02:18:45,014 - INFO - Batch 1170/2278: Loss=1.1886, Cls=0.0003, Reg=0.0000, Con=3.9608
2025-09-14 02:18:45,932 - INFO - Batch 1180/2278: Loss=1.6746, Cls=0.4862, Reg=0.0000, Con=3.9613
2025-09-14 02:18:46,832 - INFO - Batch 1190/2278: Loss=1.1925, Cls=0.0042, Reg=0.0000, Con=3.9609
2025-09-14 02:18:47,725 - INFO - Batch 1200/2278: Loss=1.2280, Cls=0.0396, Reg=0.0000, Con=3.9611
2025-09-14 02:18:48,652 - INFO - Batch 1210/2278: Loss=2.3808, Cls=1.1925, Reg=0.0000, Con=3.9611
2025-09-14 02:18:49,622 - INFO - Batch 1220/2278: Loss=1.1895, Cls=0.0012, Reg=0.0000, Con=3.9609
2025-09-14 02:18:50,524 - INFO - Batch 1230/2278: Loss=0.2551, Cls=0.2551, Reg=0.0000, Con=0.0000
2025-09-14 02:18:51,448 - INFO - Batch 1240/2278: Loss=1.1926, Cls=0.0044, Reg=0.0000, Con=3.9608
2025-09-14 02:18:52,350 - INFO - Batch 1250/2278: Loss=2.0448, Cls=0.8566, Reg=0.0000, Con=3.9609
2025-09-14 02:18:53,274 - INFO - Batch 1260/2278: Loss=1.2176, Cls=0.0295, Reg=0.0000, Con=3.9605
2025-09-14 02:18:54,180 - INFO - Batch 1270/2278: Loss=1.7234, Cls=0.5351, Reg=0.0000, Con=3.9609
2025-09-14 02:18:55,062 - INFO - Batch 1280/2278: Loss=1.1986, Cls=0.0104, Reg=0.0000, Con=3.9607
2025-09-14 02:18:56,004 - INFO - Batch 1290/2278: Loss=0.1591, Cls=0.1591, Reg=0.0000, Con=0.0000
2025-09-14 02:18:56,884 - INFO - Batch 1300/2278: Loss=0.1317, Cls=0.1317, Reg=0.0000, Con=0.0000
2025-09-14 02:18:57,817 - INFO - Batch 1310/2278: Loss=2.1848, Cls=0.9966, Reg=0.0000, Con=3.9608
2025-09-14 02:18:58,750 - INFO - Batch 1320/2278: Loss=1.3576, Cls=0.1693, Reg=0.0000, Con=3.9610
2025-09-14 02:18:59,714 - INFO - Batch 1330/2278: Loss=1.1976, Cls=0.0093, Reg=0.0000, Con=3.9610
2025-09-14 02:19:00,602 - INFO - Batch 1340/2278: Loss=1.2162, Cls=0.0279, Reg=0.0000, Con=3.9608
2025-09-14 02:19:01,511 - INFO - Batch 1350/2278: Loss=1.2004, Cls=0.0122, Reg=0.0000, Con=3.9607
2025-09-14 02:19:02,417 - INFO - Batch 1360/2278: Loss=1.2018, Cls=0.0135, Reg=0.0000, Con=3.9612
2025-09-14 02:19:03,324 - INFO - Batch 1370/2278: Loss=1.1913, Cls=0.0029, Reg=0.0000, Con=3.9610
2025-09-14 02:19:04,247 - INFO - Batch 1380/2278: Loss=1.2173, Cls=0.0290, Reg=0.0000, Con=3.9608
2025-09-14 02:19:05,165 - INFO - Batch 1390/2278: Loss=1.3815, Cls=0.1933, Reg=0.0000, Con=3.9609
2025-09-14 02:19:06,087 - INFO - Batch 1400/2278: Loss=2.4434, Cls=1.2550, Reg=0.0000, Con=3.9615
2025-09-14 02:19:06,991 - INFO - Batch 1410/2278: Loss=1.3102, Cls=0.1219, Reg=0.0000, Con=3.9609
2025-09-14 02:19:07,918 - INFO - Batch 1420/2278: Loss=1.2010, Cls=0.0127, Reg=0.0000, Con=3.9609
2025-09-14 02:19:08,815 - INFO - Batch 1430/2278: Loss=1.7718, Cls=0.5835, Reg=0.0000, Con=3.9608
2025-09-14 02:19:09,734 - INFO - Batch 1440/2278: Loss=1.1882, Cls=0.0000, Reg=0.0000, Con=3.9606
2025-09-14 02:19:10,667 - INFO - Batch 1450/2278: Loss=1.3647, Cls=0.1765, Reg=0.0000, Con=3.9609
2025-09-14 02:19:11,560 - INFO - Batch 1460/2278: Loss=0.0006, Cls=0.0006, Reg=0.0000, Con=0.0000
2025-09-14 02:19:12,496 - INFO - Batch 1470/2278: Loss=1.3493, Cls=0.1611, Reg=0.0000, Con=3.9608
2025-09-14 02:19:13,390 - INFO - Batch 1480/2278: Loss=1.8073, Cls=0.6191, Reg=0.0000, Con=3.9608
2025-09-14 02:19:14,301 - INFO - Batch 1490/2278: Loss=1.7990, Cls=0.6107, Reg=0.0000, Con=3.9609
2025-09-14 02:19:15,242 - INFO - Batch 1500/2278: Loss=1.2574, Cls=0.0691, Reg=0.0000, Con=3.9609
2025-09-14 02:19:16,166 - INFO - Batch 1510/2278: Loss=1.2744, Cls=0.0861, Reg=0.0000, Con=3.9608
2025-09-14 02:19:17,058 - INFO - Batch 1520/2278: Loss=0.0167, Cls=0.0167, Reg=0.0000, Con=0.0000
2025-09-14 02:19:17,973 - INFO - Batch 1530/2278: Loss=1.1951, Cls=0.0069, Reg=0.0000, Con=3.9608
2025-09-14 02:19:18,893 - INFO - Batch 1540/2278: Loss=5.0301, Cls=3.8418, Reg=0.0000, Con=3.9610
2025-09-14 02:19:19,802 - INFO - Batch 1550/2278: Loss=1.3340, Cls=0.1458, Reg=0.0000, Con=3.9609
2025-09-14 02:19:20,707 - INFO - Batch 1560/2278: Loss=1.2060, Cls=0.0177, Reg=0.0000, Con=3.9608
2025-09-14 02:19:21,615 - INFO - Batch 1570/2278: Loss=0.0000, Cls=0.0000, Reg=0.0000, Con=0.0000
2025-09-14 02:19:22,509 - INFO - Batch 1580/2278: Loss=1.1938, Cls=0.0056, Reg=0.0000, Con=3.9608
2025-09-14 02:19:23,420 - INFO - Batch 1590/2278: Loss=1.8813, Cls=0.6931, Reg=0.0000, Con=3.9609
2025-09-14 02:19:24,332 - INFO - Batch 1600/2278: Loss=1.2386, Cls=0.0504, Reg=0.0000, Con=3.9608
2025-09-14 02:19:25,294 - INFO - Batch 1610/2278: Loss=0.3695, Cls=0.3695, Reg=0.0000, Con=0.0000
2025-09-14 02:19:26,226 - INFO - Batch 1620/2278: Loss=1.1905, Cls=0.0023, Reg=0.0000, Con=3.9608
2025-09-14 02:19:27,121 - INFO - Batch 1630/2278: Loss=1.1930, Cls=0.0047, Reg=0.0000, Con=3.9610
2025-09-14 02:19:28,011 - INFO - Batch 1640/2278: Loss=0.0456, Cls=0.0456, Reg=0.0000, Con=0.0000
2025-09-14 02:19:28,930 - INFO - Batch 1650/2278: Loss=1.6140, Cls=0.4257, Reg=0.0000, Con=3.9608
2025-09-14 02:19:29,841 - INFO - Batch 1660/2278: Loss=1.1954, Cls=0.0070, Reg=0.0000, Con=3.9613
2025-09-14 02:19:30,735 - INFO - Batch 1670/2278: Loss=1.2592, Cls=0.0710, Reg=0.0000, Con=3.9609
2025-09-14 02:19:31,650 - INFO - Batch 1680/2278: Loss=2.1307, Cls=0.9424, Reg=0.0000, Con=3.9607
2025-09-14 02:19:32,542 - INFO - Batch 1690/2278: Loss=1.2062, Cls=0.0179, Reg=0.0000, Con=3.9610
2025-09-14 02:19:33,477 - INFO - Batch 1700/2278: Loss=1.2141, Cls=0.0258, Reg=0.0000, Con=3.9608
2025-09-14 02:19:34,402 - INFO - Batch 1710/2278: Loss=0.0220, Cls=0.0220, Reg=0.0000, Con=0.0000
2025-09-14 02:19:35,339 - INFO - Batch 1720/2278: Loss=0.0205, Cls=0.0205, Reg=0.0000, Con=0.0000
2025-09-14 02:19:36,257 - INFO - Batch 1730/2278: Loss=1.1923, Cls=0.0041, Reg=0.0000, Con=3.9608
2025-09-14 02:19:37,164 - INFO - Batch 1740/2278: Loss=2.9426, Cls=1.7543, Reg=0.0000, Con=3.9609
2025-09-14 02:19:38,078 - INFO - Batch 1750/2278: Loss=0.2037, Cls=0.2037, Reg=0.0000, Con=0.0000
2025-09-14 02:19:39,076 - INFO - Batch 1760/2278: Loss=1.1978, Cls=0.0094, Reg=0.0000, Con=3.9612
2025-09-14 02:19:40,185 - INFO - Batch 1770/2278: Loss=0.0308, Cls=0.0308, Reg=0.0000, Con=0.0000
2025-09-14 02:19:41,145 - INFO - Batch 1780/2278: Loss=0.0000, Cls=0.0000, Reg=0.0000, Con=0.0000
2025-09-14 02:19:42,082 - INFO - Batch 1790/2278: Loss=1.2288, Cls=0.0406, Reg=0.0000, Con=3.9607
2025-09-14 02:19:42,992 - INFO - Batch 1800/2278: Loss=2.4268, Cls=1.2386, Reg=0.0000, Con=3.9607
2025-09-14 02:19:43,884 - INFO - Batch 1810/2278: Loss=1.1943, Cls=0.0061, Reg=0.0000, Con=3.9608
2025-09-14 02:19:44,781 - INFO - Batch 1820/2278: Loss=1.1967, Cls=0.0085, Reg=0.0000, Con=3.9607
2025-09-14 02:19:45,714 - INFO - Batch 1830/2278: Loss=1.2847, Cls=0.0964, Reg=0.0000, Con=3.9608
2025-09-14 02:19:46,677 - INFO - Batch 1840/2278: Loss=0.0126, Cls=0.0126, Reg=0.0000, Con=0.0000
2025-09-14 02:19:47,620 - INFO - Batch 1850/2278: Loss=1.1904, Cls=0.0021, Reg=0.0000, Con=3.9609
2025-09-14 02:19:48,545 - INFO - Batch 1860/2278: Loss=1.1925, Cls=0.0043, Reg=0.0000, Con=3.9607
2025-09-14 02:19:49,501 - INFO - Batch 1870/2278: Loss=0.9403, Cls=0.9403, Reg=0.0000, Con=0.0000
2025-09-14 02:19:50,426 - INFO - Batch 1880/2278: Loss=1.3181, Cls=0.1298, Reg=0.0000, Con=3.9608
2025-09-14 02:19:51,347 - INFO - Batch 1890/2278: Loss=1.2180, Cls=0.0297, Reg=0.0000, Con=3.9607
2025-09-14 02:19:52,257 - INFO - Batch 1900/2278: Loss=0.0387, Cls=0.0387, Reg=0.0000, Con=0.0000
2025-09-14 02:19:53,158 - INFO - Batch 1910/2278: Loss=1.2276, Cls=0.0394, Reg=0.0000, Con=3.9609
2025-09-14 02:19:54,072 - INFO - Batch 1920/2278: Loss=0.3766, Cls=0.3766, Reg=0.0000, Con=0.0000
2025-09-14 02:19:54,988 - INFO - Batch 1930/2278: Loss=1.1938, Cls=0.0055, Reg=0.0000, Con=3.9609
2025-09-14 02:19:55,904 - INFO - Batch 1940/2278: Loss=1.1977, Cls=0.0095, Reg=0.0000, Con=3.9607
2025-09-14 02:19:56,807 - INFO - Batch 1950/2278: Loss=1.2979, Cls=0.1096, Reg=0.0000, Con=3.9609
2025-09-14 02:19:57,709 - INFO - Batch 1960/2278: Loss=1.1970, Cls=0.0088, Reg=0.0000, Con=3.9610
2025-09-14 02:19:58,621 - INFO - Batch 1970/2278: Loss=3.4050, Cls=3.4050, Reg=0.0000, Con=0.0000
2025-09-14 02:19:59,566 - INFO - Batch 1980/2278: Loss=1.2027, Cls=0.0144, Reg=0.0000, Con=3.9610
2025-09-14 02:20:00,455 - INFO - Batch 1990/2278: Loss=1.1987, Cls=0.0104, Reg=0.0000, Con=3.9608
2025-09-14 02:20:01,344 - INFO - Batch 2000/2278: Loss=1.6914, Cls=0.5031, Reg=0.0000, Con=3.9610
2025-09-14 02:20:02,223 - INFO - Batch 2010/2278: Loss=1.5137, Cls=0.3254, Reg=0.0000, Con=3.9608
2025-09-14 02:20:03,132 - INFO - Batch 2020/2278: Loss=1.4484, Cls=0.2602, Reg=0.0000, Con=3.9608
2025-09-14 02:20:04,045 - INFO - Batch 2030/2278: Loss=1.1962, Cls=0.0080, Reg=0.0000, Con=3.9608
2025-09-14 02:20:04,941 - INFO - Batch 2040/2278: Loss=1.2152, Cls=0.0269, Reg=0.0000, Con=3.9610
2025-09-14 02:20:05,874 - INFO - Batch 2050/2278: Loss=1.5395, Cls=0.3513, Reg=0.0000, Con=3.9608
2025-09-14 02:20:06,759 - INFO - Batch 2060/2278: Loss=2.0433, Cls=0.8550, Reg=0.0000, Con=3.9609
2025-09-14 02:20:07,683 - INFO - Batch 2070/2278: Loss=1.2209, Cls=0.0326, Reg=0.0000, Con=3.9608
2025-09-14 02:20:08,610 - INFO - Batch 2080/2278: Loss=1.3259, Cls=0.1375, Reg=0.0000, Con=3.9613
2025-09-14 02:20:09,501 - INFO - Batch 2090/2278: Loss=1.1933, Cls=0.0051, Reg=0.0000, Con=3.9607
2025-09-14 02:20:10,417 - INFO - Batch 2100/2278: Loss=2.2370, Cls=1.0486, Reg=0.0000, Con=3.9613
2025-09-14 02:20:11,317 - INFO - Batch 2110/2278: Loss=1.2338, Cls=0.0455, Reg=0.0000, Con=3.9609
2025-09-14 02:20:12,225 - INFO - Batch 2120/2278: Loss=2.7943, Cls=1.6061, Reg=0.0000, Con=3.9608
2025-09-14 02:20:13,124 - INFO - Batch 2130/2278: Loss=1.2804, Cls=0.0922, Reg=0.0000, Con=3.9606
2025-09-14 02:20:14,021 - INFO - Batch 2140/2278: Loss=0.0173, Cls=0.0173, Reg=0.0000, Con=0.0000
2025-09-14 02:20:14,899 - INFO - Batch 2150/2278: Loss=1.4023, Cls=0.2140, Reg=0.0000, Con=3.9608
2025-09-14 02:20:15,808 - INFO - Batch 2160/2278: Loss=1.1898, Cls=0.0016, Reg=0.0000, Con=3.9609
2025-09-14 02:20:16,717 - INFO - Batch 2170/2278: Loss=1.2874, Cls=0.0992, Reg=0.0000, Con=3.9608
2025-09-14 02:20:17,646 - INFO - Batch 2180/2278: Loss=0.0001, Cls=0.0001, Reg=0.0000, Con=0.0000
2025-09-14 02:20:18,645 - INFO - Batch 2190/2278: Loss=1.2050, Cls=0.0167, Reg=0.0000, Con=3.9609
2025-09-14 02:20:19,607 - INFO - Batch 2200/2278: Loss=1.9331, Cls=0.7448, Reg=0.0000, Con=3.9608
2025-09-14 02:20:20,509 - INFO - Batch 2210/2278: Loss=2.3594, Cls=1.1711, Reg=0.0000, Con=3.9608
2025-09-14 02:20:21,433 - INFO - Batch 2220/2278: Loss=1.2588, Cls=0.0706, Reg=0.0000, Con=3.9608
2025-09-14 02:20:22,329 - INFO - Batch 2230/2278: Loss=1.2590, Cls=0.0707, Reg=0.0000, Con=3.9608
2025-09-14 02:20:23,209 - INFO - Batch 2240/2278: Loss=2.8172, Cls=1.6289, Reg=0.0000, Con=3.9612
2025-09-14 02:20:24,100 - INFO - Batch 2250/2278: Loss=2.2093, Cls=1.0211, Reg=0.0000, Con=3.9608
2025-09-14 02:20:25,001 - INFO - Batch 2260/2278: Loss=0.2355, Cls=0.2355, Reg=0.0000, Con=0.0000
2025-09-14 02:20:25,891 - INFO - Batch 2270/2278: Loss=1.3013, Cls=0.1131, Reg=0.0000, Con=3.9608
2025-09-14 02:23:56,758 - INFO - === Epoch 3 Results ===
2025-09-14 02:23:56,758 - INFO - Training Loss: 1.3347 (Classification: 0.3222, Regression: 0.0000)
2025-09-14 02:23:56,758 - INFO - Validation Loss: 0.1785 (Classification: 0.1785, Regression: 0.0000)
2025-09-14 02:23:56,758 - INFO - Average Classification Accuracy: 0.8039 (on 1/26 tasks)
2025-09-14 02:23:56,758 - INFO - Average AUC: 0.8953
2025-09-14 02:23:56,758 - INFO - Training finished!
2025-09-14 02:23:56,758 - INFO - Performing final evaluation...
2025-09-14 02:23:56,988 - INFO - Loaded best model from: experiments/r1c3_headft_cls_10_seed_42_20250914_020256/checkpoints/r1c3_headft_cls_10_seed_42_best.pth
2025-09-14 02:27:27,418 - INFO - Final Validation Results:
2025-09-14 02:27:27,418 - INFO -   Total Loss: 0.1572
2025-09-14 02:27:27,418 - INFO -   Classification Loss: 0.1572
2025-09-14 02:27:27,418 - INFO -   Regression Loss: 0.0000
2025-09-14 02:27:27,418 - INFO -   Average Classification Accuracy: 0.8211
2025-09-14 02:27:27,418 - INFO -   Average AUC: 0.8981
2025-09-14 02:27:27,419 - INFO - Results saved to: experiments/r1c3_headft_cls_10_seed_42_20250914_020256/checkpoints/r1c3_headft_cls_10_seed_42_results.json
