2025-09-13 19:22:13,990 - INFO - 🔬 Starting experiment: r1c3_single_cls_14_seed_42
2025-09-13 19:22:13,990 - INFO - 📁 Experiment directory: experiments/r1c3_single_cls_14_seed_42_20250913_192213
2025-09-13 19:22:13,990 - INFO - 🎲 Random seed: 42
2025-09-13 19:22:13,990 - INFO - 🔒 Deterministic mode: True
2025-09-13 19:22:13,990 - INFO - Using device: cuda
2025-09-13 19:22:13,990 - INFO - Total GPU Memory: 25.16 GB
2025-09-13 19:22:14,006 - INFO - 🧪 Fusion: Using cross-attention dynamic fusion
2025-09-13 19:22:14,006 - INFO - 🧪 GNN Backbone: Using default GraphAttentionNetwork branch
2025-09-13 19:22:14,006 - INFO - 🎯 Task Mode: Single classification endpoint 14
2025-09-13 19:22:14,007 - INFO - Configuration saved to: experiments/r1c3_single_cls_14_seed_42_20250913_192213/checkpoints/config.json
2025-09-13 19:22:14,007 - INFO - 🚀 Using preprocessed data from: data/data/processed
2025-09-13 19:22:14,007 - INFO - Loading LMDB dataset from: data/data/processed
2025-09-13 19:22:14,368 - INFO - Number of training batches: 2278
2025-09-13 19:22:14,368 - INFO - Number of validation batches: 2278
2025-09-13 19:22:14,368 - INFO - Number of test batches: 2278
2025-09-13 19:22:14,368 - INFO - Creating ToxD4C model...
2025-09-13 19:22:15,423 - INFO - Model created successfully. Total parameters: 100,932,036
2025-09-13 19:22:15,424 - INFO - Testing model forward pass...
2025-09-13 19:22:15,865 - INFO - Test output shapes:
2025-09-13 19:22:15,865 - INFO -   classification: torch.Size([16, 1])
2025-09-13 19:22:15,867 - INFO -   classification contains NaN: False
2025-09-13 19:22:15,867 - INFO -   classification contains Inf: False
2025-09-13 19:22:15,867 - INFO -   regression: torch.Size([16, 0])
2025-09-13 19:22:15,868 - INFO -   regression contains NaN: False
2025-09-13 19:22:15,868 - INFO -   regression contains Inf: False
2025-09-13 19:22:15,868 - INFO - Model forward pass test successful!
2025-09-13 19:22:16,587 - INFO - 🔁 Loaded checkpoint from: experiments/r1c3_multi_full_seed_42_20250913_152627/checkpoints/r1c3_multi_full_seed_42_best.pth
2025-09-13 19:22:16,588 - INFO - 🧩 Head-only fine-tuning: unfroze head for task 'NR-AR' and froze trunk.
2025-09-13 19:22:16,589 - INFO - Starting training...
2025-09-13 19:22:16,589 - INFO - 
Epoch 1/3
2025-09-13 19:22:16,749 - INFO - Batch 0/2278: Loss=0.0055, Cls=0.0055, Reg=0.0000, Con=0.0000
2025-09-13 19:22:17,630 - INFO - Batch 10/2278: Loss=0.0084, Cls=0.0084, Reg=0.0000, Con=0.0000
2025-09-13 19:22:18,524 - INFO - Batch 20/2278: Loss=1.2262, Cls=0.0379, Reg=0.0000, Con=3.9610
2025-09-13 19:22:19,413 - INFO - Batch 30/2278: Loss=0.0000, Cls=0.0000, Reg=0.0000, Con=0.0000
2025-09-13 19:22:20,283 - INFO - Batch 40/2278: Loss=0.0095, Cls=0.0095, Reg=0.0000, Con=0.0000
2025-09-13 19:22:21,188 - INFO - Batch 50/2278: Loss=1.1950, Cls=0.0068, Reg=0.0000, Con=3.9609
2025-09-13 19:22:22,071 - INFO - Batch 60/2278: Loss=1.1985, Cls=0.0102, Reg=0.0000, Con=3.9609
2025-09-13 19:22:22,957 - INFO - Batch 70/2278: Loss=1.1882, Cls=0.0000, Reg=0.0000, Con=3.9608
2025-09-13 19:22:23,829 - INFO - Batch 80/2278: Loss=0.0014, Cls=0.0014, Reg=0.0000, Con=0.0000
2025-09-13 19:22:24,718 - INFO - Batch 90/2278: Loss=0.0058, Cls=0.0058, Reg=0.0000, Con=0.0000
2025-09-13 19:22:25,568 - INFO - Batch 100/2278: Loss=1.6022, Cls=1.6022, Reg=0.0000, Con=0.0000
2025-09-13 19:22:26,470 - INFO - Batch 110/2278: Loss=0.0214, Cls=0.0214, Reg=0.0000, Con=0.0000
2025-09-13 19:22:27,340 - INFO - Batch 120/2278: Loss=3.0714, Cls=1.8831, Reg=0.0000, Con=3.9609
2025-09-13 19:22:28,209 - INFO - Batch 130/2278: Loss=1.1981, Cls=0.0098, Reg=0.0000, Con=3.9609
2025-09-13 19:22:29,115 - INFO - Batch 140/2278: Loss=1.9539, Cls=0.7655, Reg=0.0000, Con=3.9615
2025-09-13 19:22:30,012 - INFO - Batch 150/2278: Loss=1.2183, Cls=0.0299, Reg=0.0000, Con=3.9613
2025-09-13 19:22:30,912 - INFO - Batch 160/2278: Loss=1.1920, Cls=0.0037, Reg=0.0000, Con=3.9611
2025-09-13 19:22:31,778 - INFO - Batch 170/2278: Loss=1.1919, Cls=0.0036, Reg=0.0000, Con=3.9611
2025-09-13 19:22:32,680 - INFO - Batch 180/2278: Loss=1.1902, Cls=0.0019, Reg=0.0000, Con=3.9610
2025-09-13 19:22:33,569 - INFO - Batch 190/2278: Loss=1.2059, Cls=0.0176, Reg=0.0000, Con=3.9608
2025-09-13 19:22:34,433 - INFO - Batch 200/2278: Loss=0.0013, Cls=0.0013, Reg=0.0000, Con=0.0000
2025-09-13 19:22:35,320 - INFO - Batch 210/2278: Loss=0.0084, Cls=0.0084, Reg=0.0000, Con=0.0000
2025-09-13 19:22:36,200 - INFO - Batch 220/2278: Loss=0.0006, Cls=0.0006, Reg=0.0000, Con=0.0000
2025-09-13 19:22:37,086 - INFO - Batch 230/2278: Loss=1.1932, Cls=0.0049, Reg=0.0000, Con=3.9610
2025-09-13 19:22:37,946 - INFO - Batch 240/2278: Loss=1.1888, Cls=0.0005, Reg=0.0000, Con=3.9608
2025-09-13 19:22:38,820 - INFO - Batch 250/2278: Loss=0.0022, Cls=0.0022, Reg=0.0000, Con=0.0000
2025-09-13 19:22:39,689 - INFO - Batch 260/2278: Loss=1.1520, Cls=1.1520, Reg=0.0000, Con=0.0000
2025-09-13 19:22:40,578 - INFO - Batch 270/2278: Loss=0.0000, Cls=0.0000, Reg=0.0000, Con=0.0000
2025-09-13 19:22:41,448 - INFO - Batch 280/2278: Loss=1.1965, Cls=0.0082, Reg=0.0000, Con=3.9611
2025-09-13 19:22:42,349 - INFO - Batch 290/2278: Loss=0.0220, Cls=0.0220, Reg=0.0000, Con=0.0000
2025-09-13 19:22:43,221 - INFO - Batch 300/2278: Loss=1.1983, Cls=0.0100, Reg=0.0000, Con=3.9609
2025-09-13 19:22:44,142 - INFO - Batch 310/2278: Loss=1.1888, Cls=0.0004, Reg=0.0000, Con=3.9612
2025-09-13 19:22:45,004 - INFO - Batch 320/2278: Loss=0.0017, Cls=0.0017, Reg=0.0000, Con=0.0000
2025-09-13 19:22:45,897 - INFO - Batch 330/2278: Loss=1.1927, Cls=0.0044, Reg=0.0000, Con=3.9609
2025-09-13 19:22:46,774 - INFO - Batch 340/2278: Loss=1.1950, Cls=0.0067, Reg=0.0000, Con=3.9610
2025-09-13 19:22:47,673 - INFO - Batch 350/2278: Loss=1.1899, Cls=0.0015, Reg=0.0000, Con=3.9611
2025-09-13 19:22:48,552 - INFO - Batch 360/2278: Loss=1.1882, Cls=0.0000, Reg=0.0000, Con=3.9607
2025-09-13 19:22:49,445 - INFO - Batch 370/2278: Loss=1.1896, Cls=0.0013, Reg=0.0000, Con=3.9609
2025-09-13 19:22:50,322 - INFO - Batch 380/2278: Loss=1.1887, Cls=0.0005, Reg=0.0000, Con=3.9607
2025-09-13 19:22:51,219 - INFO - Batch 390/2278: Loss=1.1882, Cls=0.0000, Reg=0.0000, Con=3.9607
2025-09-13 19:22:52,113 - INFO - Batch 400/2278: Loss=0.0123, Cls=0.0123, Reg=0.0000, Con=0.0000
2025-09-13 19:22:52,977 - INFO - Batch 410/2278: Loss=0.0014, Cls=0.0014, Reg=0.0000, Con=0.0000
2025-09-13 19:22:53,843 - INFO - Batch 420/2278: Loss=0.0023, Cls=0.0023, Reg=0.0000, Con=0.0000
2025-09-13 19:22:54,743 - INFO - Batch 430/2278: Loss=2.4478, Cls=1.2596, Reg=0.0000, Con=3.9607
2025-09-13 19:22:55,636 - INFO - Batch 440/2278: Loss=1.1908, Cls=0.0025, Reg=0.0000, Con=3.9608
2025-09-13 19:22:56,531 - INFO - Batch 450/2278: Loss=1.1889, Cls=0.0007, Reg=0.0000, Con=3.9607
2025-09-13 19:22:57,394 - INFO - Batch 460/2278: Loss=1.1894, Cls=0.0011, Reg=0.0000, Con=3.9607
2025-09-13 19:22:58,291 - INFO - Batch 470/2278: Loss=1.1892, Cls=0.0009, Reg=0.0000, Con=3.9611
2025-09-13 19:22:59,172 - INFO - Batch 480/2278: Loss=1.1920, Cls=0.0038, Reg=0.0000, Con=3.9607
2025-09-13 19:23:00,045 - INFO - Batch 490/2278: Loss=0.0000, Cls=0.0000, Reg=0.0000, Con=0.0000
2025-09-13 19:23:00,942 - INFO - Batch 500/2278: Loss=0.0006, Cls=0.0006, Reg=0.0000, Con=0.0000
2025-09-13 19:23:01,816 - INFO - Batch 510/2278: Loss=1.1883, Cls=0.0000, Reg=0.0000, Con=3.9609
2025-09-13 19:23:02,680 - INFO - Batch 520/2278: Loss=1.1884, Cls=0.0002, Reg=0.0000, Con=3.9608
2025-09-13 19:23:03,606 - INFO - Batch 530/2278: Loss=1.1899, Cls=0.0017, Reg=0.0000, Con=3.9608
2025-09-13 19:23:04,515 - INFO - Batch 540/2278: Loss=1.1898, Cls=0.0015, Reg=0.0000, Con=3.9610
2025-09-13 19:23:05,373 - INFO - Batch 550/2278: Loss=1.1882, Cls=0.0000, Reg=0.0000, Con=3.9607
2025-09-13 19:23:06,266 - INFO - Batch 560/2278: Loss=1.1884, Cls=0.0002, Reg=0.0000, Con=3.9609
2025-09-13 19:23:07,164 - INFO - Batch 570/2278: Loss=1.1946, Cls=0.0064, Reg=0.0000, Con=3.9608
2025-09-13 19:23:08,047 - INFO - Batch 580/2278: Loss=0.0011, Cls=0.0011, Reg=0.0000, Con=0.0000
2025-09-13 19:23:08,942 - INFO - Batch 590/2278: Loss=2.5183, Cls=2.5183, Reg=0.0000, Con=0.0000
2025-09-13 19:23:09,854 - INFO - Batch 600/2278: Loss=1.1900, Cls=0.0018, Reg=0.0000, Con=3.9609
2025-09-13 19:23:10,745 - INFO - Batch 610/2278: Loss=1.1885, Cls=0.0003, Reg=0.0000, Con=3.9609
2025-09-13 19:23:11,617 - INFO - Batch 620/2278: Loss=1.1905, Cls=0.0023, Reg=0.0000, Con=3.9608
2025-09-13 19:23:12,508 - INFO - Batch 630/2278: Loss=0.0006, Cls=0.0006, Reg=0.0000, Con=0.0000
2025-09-13 19:23:13,409 - INFO - Batch 640/2278: Loss=1.8510, Cls=0.6628, Reg=0.0000, Con=3.9608
2025-09-13 19:23:14,286 - INFO - Batch 650/2278: Loss=1.1907, Cls=0.0023, Reg=0.0000, Con=3.9613
2025-09-13 19:23:15,169 - INFO - Batch 660/2278: Loss=1.1910, Cls=0.0027, Reg=0.0000, Con=3.9608
2025-09-13 19:23:16,096 - INFO - Batch 670/2278: Loss=1.1893, Cls=0.0011, Reg=0.0000, Con=3.9608
2025-09-13 19:23:16,972 - INFO - Batch 680/2278: Loss=1.1891, Cls=0.0009, Reg=0.0000, Con=3.9608
2025-09-13 19:23:18,039 - INFO - Batch 690/2278: Loss=0.0017, Cls=0.0017, Reg=0.0000, Con=0.0000
2025-09-13 19:23:18,919 - INFO - Batch 700/2278: Loss=0.0011, Cls=0.0011, Reg=0.0000, Con=0.0000
2025-09-13 19:23:19,811 - INFO - Batch 710/2278: Loss=1.1882, Cls=0.0000, Reg=0.0000, Con=3.9607
2025-09-13 19:23:20,692 - INFO - Batch 720/2278: Loss=1.1886, Cls=0.0004, Reg=0.0000, Con=3.9609
2025-09-13 19:23:21,578 - INFO - Batch 730/2278: Loss=1.1900, Cls=0.0016, Reg=0.0000, Con=3.9613
2025-09-13 19:23:22,460 - INFO - Batch 740/2278: Loss=1.1891, Cls=0.0008, Reg=0.0000, Con=3.9610
2025-09-13 19:23:23,344 - INFO - Batch 750/2278: Loss=1.1932, Cls=0.0049, Reg=0.0000, Con=3.9609
2025-09-13 19:23:24,222 - INFO - Batch 760/2278: Loss=1.1889, Cls=0.0007, Reg=0.0000, Con=3.9608
2025-09-13 19:23:25,092 - INFO - Batch 770/2278: Loss=1.1905, Cls=0.0022, Reg=0.0000, Con=3.9610
2025-09-13 19:23:25,989 - INFO - Batch 780/2278: Loss=1.1886, Cls=0.0004, Reg=0.0000, Con=3.9608
2025-09-13 19:23:26,887 - INFO - Batch 790/2278: Loss=0.0026, Cls=0.0026, Reg=0.0000, Con=0.0000
2025-09-13 19:23:27,777 - INFO - Batch 800/2278: Loss=1.1933, Cls=0.0049, Reg=0.0000, Con=3.9612
2025-09-13 19:23:28,676 - INFO - Batch 810/2278: Loss=1.1916, Cls=0.0032, Reg=0.0000, Con=3.9612
2025-09-13 19:23:29,572 - INFO - Batch 820/2278: Loss=1.1883, Cls=0.0000, Reg=0.0000, Con=3.9609
2025-09-13 19:23:30,489 - INFO - Batch 830/2278: Loss=1.1890, Cls=0.0008, Reg=0.0000, Con=3.9609
2025-09-13 19:23:31,363 - INFO - Batch 840/2278: Loss=1.1910, Cls=0.0028, Reg=0.0000, Con=3.9608
2025-09-13 19:23:32,248 - INFO - Batch 850/2278: Loss=3.2561, Cls=3.2561, Reg=0.0000, Con=0.0000
2025-09-13 19:23:33,112 - INFO - Batch 860/2278: Loss=1.1889, Cls=0.0007, Reg=0.0000, Con=3.9607
2025-09-13 19:23:34,027 - INFO - Batch 870/2278: Loss=0.0035, Cls=0.0035, Reg=0.0000, Con=0.0000
2025-09-13 19:23:34,923 - INFO - Batch 880/2278: Loss=0.0021, Cls=0.0021, Reg=0.0000, Con=0.0000
2025-09-13 19:23:35,787 - INFO - Batch 890/2278: Loss=0.0020, Cls=0.0020, Reg=0.0000, Con=0.0000
2025-09-13 19:23:36,672 - INFO - Batch 900/2278: Loss=1.1921, Cls=0.0038, Reg=0.0000, Con=3.9609
2025-09-13 19:23:37,577 - INFO - Batch 910/2278: Loss=1.1894, Cls=0.0011, Reg=0.0000, Con=3.9609
2025-09-13 19:23:38,449 - INFO - Batch 920/2278: Loss=1.1886, Cls=0.0003, Reg=0.0000, Con=3.9610
2025-09-13 19:23:39,338 - INFO - Batch 930/2278: Loss=1.1897, Cls=0.0015, Reg=0.0000, Con=3.9608
2025-09-13 19:23:40,220 - INFO - Batch 940/2278: Loss=2.7592, Cls=1.5709, Reg=0.0000, Con=3.9609
2025-09-13 19:23:41,087 - INFO - Batch 950/2278: Loss=1.1883, Cls=0.0000, Reg=0.0000, Con=3.9611
2025-09-13 19:23:41,948 - INFO - Batch 960/2278: Loss=1.1895, Cls=0.0012, Reg=0.0000, Con=3.9609
2025-09-13 19:23:42,853 - INFO - Batch 970/2278: Loss=1.1900, Cls=0.0017, Reg=0.0000, Con=3.9612
2025-09-13 19:23:43,748 - INFO - Batch 980/2278: Loss=0.0005, Cls=0.0005, Reg=0.0000, Con=0.0000
2025-09-13 19:23:44,625 - INFO - Batch 990/2278: Loss=0.0000, Cls=0.0000, Reg=0.0000, Con=0.0000
2025-09-13 19:23:45,496 - INFO - Batch 1000/2278: Loss=1.1947, Cls=0.0064, Reg=0.0000, Con=3.9609
2025-09-13 19:23:46,380 - INFO - Batch 1010/2278: Loss=1.2013, Cls=0.0131, Reg=0.0000, Con=3.9608
2025-09-13 19:23:47,253 - INFO - Batch 1020/2278: Loss=0.0011, Cls=0.0011, Reg=0.0000, Con=0.0000
2025-09-13 19:23:48,122 - INFO - Batch 1030/2278: Loss=1.1888, Cls=0.0005, Reg=0.0000, Con=3.9610
2025-09-13 19:23:48,990 - INFO - Batch 1040/2278: Loss=1.1896, Cls=0.0014, Reg=0.0000, Con=3.9607
2025-09-13 19:23:49,895 - INFO - Batch 1050/2278: Loss=1.1894, Cls=0.0011, Reg=0.0000, Con=3.9609
2025-09-13 19:23:50,774 - INFO - Batch 1060/2278: Loss=1.1887, Cls=0.0005, Reg=0.0000, Con=3.9608
2025-09-13 19:23:51,676 - INFO - Batch 1070/2278: Loss=1.1892, Cls=0.0010, Reg=0.0000, Con=3.9608
2025-09-13 19:23:52,545 - INFO - Batch 1080/2278: Loss=0.0094, Cls=0.0094, Reg=0.0000, Con=0.0000
2025-09-13 19:23:53,455 - INFO - Batch 1090/2278: Loss=1.1900, Cls=0.0018, Reg=0.0000, Con=3.9609
2025-09-13 19:23:54,325 - INFO - Batch 1100/2278: Loss=0.0115, Cls=0.0115, Reg=0.0000, Con=0.0000
2025-09-13 19:23:55,212 - INFO - Batch 1110/2278: Loss=1.1885, Cls=0.0003, Reg=0.0000, Con=3.9608
2025-09-13 19:23:56,077 - INFO - Batch 1120/2278: Loss=0.0038, Cls=0.0038, Reg=0.0000, Con=0.0000
2025-09-13 19:23:56,968 - INFO - Batch 1130/2278: Loss=1.1953, Cls=0.0071, Reg=0.0000, Con=3.9608
2025-09-13 19:23:57,831 - INFO - Batch 1140/2278: Loss=1.1898, Cls=0.0016, Reg=0.0000, Con=3.9608
2025-09-13 19:23:58,701 - INFO - Batch 1150/2278: Loss=1.1885, Cls=0.0001, Reg=0.0000, Con=3.9611
2025-09-13 19:23:59,590 - INFO - Batch 1160/2278: Loss=1.1943, Cls=0.0060, Reg=0.0000, Con=3.9609
2025-09-13 19:24:00,461 - INFO - Batch 1170/2278: Loss=0.0013, Cls=0.0013, Reg=0.0000, Con=0.0000
2025-09-13 19:24:01,344 - INFO - Batch 1180/2278: Loss=1.1883, Cls=0.0001, Reg=0.0000, Con=3.9609
2025-09-13 19:24:02,216 - INFO - Batch 1190/2278: Loss=1.1905, Cls=0.0022, Reg=0.0000, Con=3.9609
2025-09-13 19:24:03,115 - INFO - Batch 1200/2278: Loss=0.0003, Cls=0.0003, Reg=0.0000, Con=0.0000
2025-09-13 19:24:04,002 - INFO - Batch 1210/2278: Loss=1.1883, Cls=0.0000, Reg=0.0000, Con=3.9610
2025-09-13 19:24:04,879 - INFO - Batch 1220/2278: Loss=0.0009, Cls=0.0009, Reg=0.0000, Con=0.0000
2025-09-13 19:24:05,754 - INFO - Batch 1230/2278: Loss=1.1920, Cls=0.0037, Reg=0.0000, Con=3.9609
2025-09-13 19:24:06,648 - INFO - Batch 1240/2278: Loss=1.1883, Cls=0.0000, Reg=0.0000, Con=3.9609
2025-09-13 19:24:07,520 - INFO - Batch 1250/2278: Loss=0.0000, Cls=0.0000, Reg=0.0000, Con=0.0000
2025-09-13 19:24:08,396 - INFO - Batch 1260/2278: Loss=1.1904, Cls=0.0021, Reg=0.0000, Con=3.9608
2025-09-13 19:24:09,270 - INFO - Batch 1270/2278: Loss=1.1886, Cls=0.0003, Reg=0.0000, Con=3.9609
2025-09-13 19:24:10,160 - INFO - Batch 1280/2278: Loss=0.0018, Cls=0.0018, Reg=0.0000, Con=0.0000
2025-09-13 19:24:11,030 - INFO - Batch 1290/2278: Loss=0.0027, Cls=0.0027, Reg=0.0000, Con=0.0000
2025-09-13 19:24:11,907 - INFO - Batch 1300/2278: Loss=1.1889, Cls=0.0006, Reg=0.0000, Con=3.9610
2025-09-13 19:24:12,781 - INFO - Batch 1310/2278: Loss=1.1893, Cls=0.0010, Reg=0.0000, Con=3.9611
2025-09-13 19:24:13,656 - INFO - Batch 1320/2278: Loss=0.0002, Cls=0.0002, Reg=0.0000, Con=0.0000
2025-09-13 19:24:14,546 - INFO - Batch 1330/2278: Loss=1.1890, Cls=0.0006, Reg=0.0000, Con=3.9613
2025-09-13 19:24:15,535 - INFO - Batch 1340/2278: Loss=1.1882, Cls=0.0000, Reg=0.0000, Con=3.9608
2025-09-13 19:24:16,414 - INFO - Batch 1350/2278: Loss=0.0170, Cls=0.0170, Reg=0.0000, Con=0.0000
2025-09-13 19:24:17,331 - INFO - Batch 1360/2278: Loss=2.5157, Cls=1.3274, Reg=0.0000, Con=3.9610
2025-09-13 19:24:18,250 - INFO - Batch 1370/2278: Loss=1.1882, Cls=0.0000, Reg=0.0000, Con=3.9608
2025-09-13 19:24:19,143 - INFO - Batch 1380/2278: Loss=1.1887, Cls=0.0005, Reg=0.0000, Con=3.9608
2025-09-13 19:24:20,014 - INFO - Batch 1390/2278: Loss=1.1888, Cls=0.0005, Reg=0.0000, Con=3.9608
2025-09-13 19:24:20,899 - INFO - Batch 1400/2278: Loss=1.1889, Cls=0.0007, Reg=0.0000, Con=3.9609
2025-09-13 19:24:21,902 - INFO - Batch 1410/2278: Loss=1.5626, Cls=0.3742, Reg=0.0000, Con=3.9612
2025-09-13 19:24:22,799 - INFO - Batch 1420/2278: Loss=0.0016, Cls=0.0016, Reg=0.0000, Con=0.0000
2025-09-13 19:24:23,676 - INFO - Batch 1430/2278: Loss=1.1910, Cls=0.0027, Reg=0.0000, Con=3.9609
2025-09-13 19:24:24,558 - INFO - Batch 1440/2278: Loss=1.1883, Cls=0.0000, Reg=0.0000, Con=3.9609
2025-09-13 19:24:25,453 - INFO - Batch 1450/2278: Loss=1.1890, Cls=0.0008, Reg=0.0000, Con=3.9608
2025-09-13 19:24:26,346 - INFO - Batch 1460/2278: Loss=0.0001, Cls=0.0001, Reg=0.0000, Con=0.0000
2025-09-13 19:24:27,248 - INFO - Batch 1470/2278: Loss=1.1924, Cls=0.0041, Reg=0.0000, Con=3.9609
2025-09-13 19:24:28,142 - INFO - Batch 1480/2278: Loss=1.1892, Cls=0.0010, Reg=0.0000, Con=3.9607
2025-09-13 19:24:29,040 - INFO - Batch 1490/2278: Loss=1.1887, Cls=0.0004, Reg=0.0000, Con=3.9609
2025-09-13 19:24:29,937 - INFO - Batch 1500/2278: Loss=1.1901, Cls=0.0018, Reg=0.0000, Con=3.9609
2025-09-13 19:24:30,824 - INFO - Batch 1510/2278: Loss=0.0000, Cls=0.0000, Reg=0.0000, Con=0.0000
2025-09-13 19:24:31,713 - INFO - Batch 1520/2278: Loss=1.1952, Cls=0.0069, Reg=0.0000, Con=3.9608
2025-09-13 19:24:32,615 - INFO - Batch 1530/2278: Loss=1.2041, Cls=0.0159, Reg=0.0000, Con=3.9608
2025-09-13 19:24:33,529 - INFO - Batch 1540/2278: Loss=1.2925, Cls=0.1043, Reg=0.0000, Con=3.9609
2025-09-13 19:24:34,431 - INFO - Batch 1550/2278: Loss=1.1927, Cls=0.0044, Reg=0.0000, Con=3.9610
2025-09-13 19:24:35,319 - INFO - Batch 1560/2278: Loss=1.1912, Cls=0.0029, Reg=0.0000, Con=3.9609
2025-09-13 19:24:36,225 - INFO - Batch 1570/2278: Loss=1.1940, Cls=0.0058, Reg=0.0000, Con=3.9608
2025-09-13 19:24:37,135 - INFO - Batch 1580/2278: Loss=1.1899, Cls=0.0017, Reg=0.0000, Con=3.9608
2025-09-13 19:24:38,006 - INFO - Batch 1590/2278: Loss=1.1906, Cls=0.0023, Reg=0.0000, Con=3.9609
2025-09-13 19:24:38,891 - INFO - Batch 1600/2278: Loss=1.1893, Cls=0.0011, Reg=0.0000, Con=3.9608
2025-09-13 19:24:39,780 - INFO - Batch 1610/2278: Loss=0.0040, Cls=0.0040, Reg=0.0000, Con=0.0000
2025-09-13 19:24:40,672 - INFO - Batch 1620/2278: Loss=0.0004, Cls=0.0004, Reg=0.0000, Con=0.0000
2025-09-13 19:24:41,552 - INFO - Batch 1630/2278: Loss=1.1882, Cls=0.0000, Reg=0.0000, Con=3.9608
2025-09-13 19:24:42,427 - INFO - Batch 1640/2278: Loss=0.0013, Cls=0.0013, Reg=0.0000, Con=0.0000
2025-09-13 19:24:43,309 - INFO - Batch 1650/2278: Loss=0.0010, Cls=0.0010, Reg=0.0000, Con=0.0000
2025-09-13 19:24:44,189 - INFO - Batch 1660/2278: Loss=0.2968, Cls=0.2968, Reg=0.0000, Con=0.0000
2025-09-13 19:24:45,046 - INFO - Batch 1670/2278: Loss=1.1889, Cls=0.0006, Reg=0.0000, Con=3.9612
2025-09-13 19:24:45,949 - INFO - Batch 1680/2278: Loss=0.0021, Cls=0.0021, Reg=0.0000, Con=0.0000
2025-09-13 19:24:46,834 - INFO - Batch 1690/2278: Loss=1.1900, Cls=0.0017, Reg=0.0000, Con=3.9612
2025-09-13 19:24:47,732 - INFO - Batch 1700/2278: Loss=1.1892, Cls=0.0008, Reg=0.0000, Con=3.9612
2025-09-13 19:24:48,622 - INFO - Batch 1710/2278: Loss=0.0007, Cls=0.0007, Reg=0.0000, Con=0.0000
2025-09-13 19:24:49,508 - INFO - Batch 1720/2278: Loss=1.1884, Cls=0.0002, Reg=0.0000, Con=3.9608
2025-09-13 19:24:50,408 - INFO - Batch 1730/2278: Loss=0.0002, Cls=0.0002, Reg=0.0000, Con=0.0000
2025-09-13 19:24:51,304 - INFO - Batch 1740/2278: Loss=0.0000, Cls=0.0000, Reg=0.0000, Con=0.0000
2025-09-13 19:24:52,172 - INFO - Batch 1750/2278: Loss=1.1883, Cls=0.0000, Reg=0.0000, Con=3.9609
2025-09-13 19:24:53,053 - INFO - Batch 1760/2278: Loss=1.1888, Cls=0.0006, Reg=0.0000, Con=3.9609
2025-09-13 19:24:53,930 - INFO - Batch 1770/2278: Loss=1.1882, Cls=0.0000, Reg=0.0000, Con=3.9608
2025-09-13 19:24:54,839 - INFO - Batch 1780/2278: Loss=1.1887, Cls=0.0005, Reg=0.0000, Con=3.9608
2025-09-13 19:24:55,705 - INFO - Batch 1790/2278: Loss=0.0005, Cls=0.0005, Reg=0.0000, Con=0.0000
2025-09-13 19:24:56,594 - INFO - Batch 1800/2278: Loss=0.0039, Cls=0.0039, Reg=0.0000, Con=0.0000
2025-09-13 19:24:57,522 - INFO - Batch 1810/2278: Loss=0.0017, Cls=0.0017, Reg=0.0000, Con=0.0000
2025-09-13 19:24:58,418 - INFO - Batch 1820/2278: Loss=1.1941, Cls=0.0058, Reg=0.0000, Con=3.9611
2025-09-13 19:24:59,288 - INFO - Batch 1830/2278: Loss=0.0001, Cls=0.0001, Reg=0.0000, Con=0.0000
2025-09-13 19:25:00,158 - INFO - Batch 1840/2278: Loss=0.3404, Cls=0.3404, Reg=0.0000, Con=0.0000
2025-09-13 19:25:01,071 - INFO - Batch 1850/2278: Loss=1.1913, Cls=0.0030, Reg=0.0000, Con=3.9608
2025-09-13 19:25:01,941 - INFO - Batch 1860/2278: Loss=1.4319, Cls=1.4319, Reg=0.0000, Con=0.0000
2025-09-13 19:25:02,817 - INFO - Batch 1870/2278: Loss=1.1893, Cls=0.0010, Reg=0.0000, Con=3.9608
2025-09-13 19:25:03,742 - INFO - Batch 1880/2278: Loss=0.0000, Cls=0.0000, Reg=0.0000, Con=0.0000
2025-09-13 19:25:04,638 - INFO - Batch 1890/2278: Loss=1.1907, Cls=0.0024, Reg=0.0000, Con=3.9609
2025-09-13 19:25:05,521 - INFO - Batch 1900/2278: Loss=0.0024, Cls=0.0024, Reg=0.0000, Con=0.0000
2025-09-13 19:25:06,388 - INFO - Batch 1910/2278: Loss=0.0011, Cls=0.0011, Reg=0.0000, Con=0.0000
2025-09-13 19:25:07,309 - INFO - Batch 1920/2278: Loss=1.1901, Cls=0.0019, Reg=0.0000, Con=3.9607
2025-09-13 19:25:08,183 - INFO - Batch 1930/2278: Loss=1.1896, Cls=0.0014, Reg=0.0000, Con=3.9607
2025-09-13 19:25:09,068 - INFO - Batch 1940/2278: Loss=1.1939, Cls=0.0056, Reg=0.0000, Con=3.9608
2025-09-13 19:25:09,929 - INFO - Batch 1950/2278: Loss=1.1887, Cls=0.0004, Reg=0.0000, Con=3.9608
2025-09-13 19:25:10,808 - INFO - Batch 1960/2278: Loss=1.1896, Cls=0.0013, Reg=0.0000, Con=3.9609
2025-09-13 19:25:11,682 - INFO - Batch 1970/2278: Loss=1.1883, Cls=0.0000, Reg=0.0000, Con=3.9611
2025-09-13 19:25:12,567 - INFO - Batch 1980/2278: Loss=1.1948, Cls=0.0065, Reg=0.0000, Con=3.9608
2025-09-13 19:25:13,441 - INFO - Batch 1990/2278: Loss=1.1887, Cls=0.0003, Reg=0.0000, Con=3.9615
2025-09-13 19:25:14,323 - INFO - Batch 2000/2278: Loss=0.0012, Cls=0.0012, Reg=0.0000, Con=0.0000
2025-09-13 19:25:15,203 - INFO - Batch 2010/2278: Loss=1.1889, Cls=0.0006, Reg=0.0000, Con=3.9608
2025-09-13 19:25:16,078 - INFO - Batch 2020/2278: Loss=1.1905, Cls=0.0022, Reg=0.0000, Con=3.9608
2025-09-13 19:25:16,968 - INFO - Batch 2030/2278: Loss=1.1882, Cls=0.0000, Reg=0.0000, Con=3.9607
2025-09-13 19:25:17,866 - INFO - Batch 2040/2278: Loss=2.8590, Cls=1.6707, Reg=0.0000, Con=3.9609
2025-09-13 19:25:18,762 - INFO - Batch 2050/2278: Loss=1.1887, Cls=0.0004, Reg=0.0000, Con=3.9608
2025-09-13 19:25:19,625 - INFO - Batch 2060/2278: Loss=0.0015, Cls=0.0015, Reg=0.0000, Con=0.0000
2025-09-13 19:25:20,478 - INFO - Batch 2070/2278: Loss=1.1905, Cls=0.0022, Reg=0.0000, Con=3.9611
2025-09-13 19:25:21,354 - INFO - Batch 2080/2278: Loss=1.1888, Cls=0.0006, Reg=0.0000, Con=3.9610
2025-09-13 19:25:22,248 - INFO - Batch 2090/2278: Loss=1.1887, Cls=0.0003, Reg=0.0000, Con=3.9612
2025-09-13 19:25:23,118 - INFO - Batch 2100/2278: Loss=1.1888, Cls=0.0005, Reg=0.0000, Con=3.9611
2025-09-13 19:25:23,998 - INFO - Batch 2110/2278: Loss=1.1896, Cls=0.0013, Reg=0.0000, Con=3.9609
2025-09-13 19:25:24,885 - INFO - Batch 2120/2278: Loss=0.0028, Cls=0.0028, Reg=0.0000, Con=0.0000
2025-09-13 19:25:25,789 - INFO - Batch 2130/2278: Loss=1.1899, Cls=0.0017, Reg=0.0000, Con=3.9606
2025-09-13 19:25:26,697 - INFO - Batch 2140/2278: Loss=1.1898, Cls=0.0015, Reg=0.0000, Con=3.9608
2025-09-13 19:25:27,570 - INFO - Batch 2150/2278: Loss=1.1920, Cls=0.0038, Reg=0.0000, Con=3.9607
2025-09-13 19:25:28,451 - INFO - Batch 2160/2278: Loss=1.1903, Cls=0.0020, Reg=0.0000, Con=3.9608
2025-09-13 19:25:29,350 - INFO - Batch 2170/2278: Loss=1.1949, Cls=0.0066, Reg=0.0000, Con=3.9609
2025-09-13 19:25:30,205 - INFO - Batch 2180/2278: Loss=0.0054, Cls=0.0054, Reg=0.0000, Con=0.0000
2025-09-13 19:25:31,101 - INFO - Batch 2190/2278: Loss=0.0021, Cls=0.0021, Reg=0.0000, Con=0.0000
2025-09-13 19:25:32,021 - INFO - Batch 2200/2278: Loss=1.1916, Cls=0.0034, Reg=0.0000, Con=3.9605
2025-09-13 19:25:32,945 - INFO - Batch 2210/2278: Loss=1.1898, Cls=0.0015, Reg=0.0000, Con=3.9609
2025-09-13 19:25:33,831 - INFO - Batch 2220/2278: Loss=2.0903, Cls=0.9020, Reg=0.0000, Con=3.9610
2025-09-13 19:25:34,702 - INFO - Batch 2230/2278: Loss=0.0024, Cls=0.0024, Reg=0.0000, Con=0.0000
2025-09-13 19:25:35,608 - INFO - Batch 2240/2278: Loss=0.0027, Cls=0.0027, Reg=0.0000, Con=0.0000
2025-09-13 19:25:36,526 - INFO - Batch 2250/2278: Loss=1.1918, Cls=0.0036, Reg=0.0000, Con=3.9609
2025-09-13 19:25:37,463 - INFO - Batch 2260/2278: Loss=1.1908, Cls=0.0026, Reg=0.0000, Con=3.9608
2025-09-13 19:25:38,448 - INFO - Batch 2270/2278: Loss=0.0438, Cls=0.0438, Reg=0.0000, Con=0.0000
2025-09-13 19:29:04,620 - INFO - === Epoch 1 Results ===
2025-09-13 19:29:04,620 - INFO - Training Loss: 0.8805 (Classification: 0.1158, Regression: 0.0000)
2025-09-13 19:29:04,620 - INFO - Validation Loss: 0.0301 (Classification: 0.0301, Regression: 0.0000)
2025-09-13 19:29:04,620 - INFO - Average Classification Accuracy: 0.9776 (on 1/26 tasks)
2025-09-13 19:29:04,620 - INFO - Average AUC: 0.7322
2025-09-13 19:29:05,148 - INFO - Best model saved to: experiments/r1c3_single_cls_14_seed_42_20250913_192213/checkpoints/r1c3_single_cls_14_seed_42_best.pth
2025-09-13 19:29:05,148 - INFO - 
Epoch 2/3
2025-09-13 19:29:05,264 - INFO - Batch 0/2278: Loss=0.0035, Cls=0.0035, Reg=0.0000, Con=0.0000
2025-09-13 19:29:06,158 - INFO - Batch 10/2278: Loss=1.1882, Cls=0.0000, Reg=0.0000, Con=3.9604
2025-09-13 19:29:07,158 - INFO - Batch 20/2278: Loss=1.1906, Cls=0.0023, Reg=0.0000, Con=3.9610
2025-09-13 19:29:08,058 - INFO - Batch 30/2278: Loss=1.1887, Cls=0.0005, Reg=0.0000, Con=3.9608
2025-09-13 19:29:08,929 - INFO - Batch 40/2278: Loss=1.1884, Cls=0.0002, Reg=0.0000, Con=3.9608
2025-09-13 19:29:09,868 - INFO - Batch 50/2278: Loss=0.0007, Cls=0.0007, Reg=0.0000, Con=0.0000
2025-09-13 19:29:10,772 - INFO - Batch 60/2278: Loss=3.8319, Cls=2.6436, Reg=0.0000, Con=3.9608
2025-09-13 19:29:11,688 - INFO - Batch 70/2278: Loss=1.1884, Cls=0.0001, Reg=0.0000, Con=3.9607
2025-09-13 19:29:12,591 - INFO - Batch 80/2278: Loss=1.1899, Cls=0.0016, Reg=0.0000, Con=3.9609
2025-09-13 19:29:13,494 - INFO - Batch 90/2278: Loss=0.0027, Cls=0.0027, Reg=0.0000, Con=0.0000
2025-09-13 19:29:14,412 - INFO - Batch 100/2278: Loss=1.1901, Cls=0.0018, Reg=0.0000, Con=3.9609
2025-09-13 19:29:15,323 - INFO - Batch 110/2278: Loss=1.1884, Cls=0.0002, Reg=0.0000, Con=3.9609
2025-09-13 19:29:16,231 - INFO - Batch 120/2278: Loss=0.0074, Cls=0.0074, Reg=0.0000, Con=0.0000
2025-09-13 19:29:17,132 - INFO - Batch 130/2278: Loss=1.1910, Cls=0.0027, Reg=0.0000, Con=3.9607
2025-09-13 19:29:18,028 - INFO - Batch 140/2278: Loss=1.1908, Cls=0.0026, Reg=0.0000, Con=3.9609
2025-09-13 19:29:18,927 - INFO - Batch 150/2278: Loss=1.1889, Cls=0.0006, Reg=0.0000, Con=3.9611
2025-09-13 19:29:19,829 - INFO - Batch 160/2278: Loss=1.1905, Cls=0.0022, Reg=0.0000, Con=3.9609
2025-09-13 19:29:20,711 - INFO - Batch 170/2278: Loss=0.0033, Cls=0.0033, Reg=0.0000, Con=0.0000
2025-09-13 19:29:21,595 - INFO - Batch 180/2278: Loss=1.1924, Cls=0.0041, Reg=0.0000, Con=3.9609
2025-09-13 19:29:22,488 - INFO - Batch 190/2278: Loss=0.0006, Cls=0.0006, Reg=0.0000, Con=0.0000
2025-09-13 19:29:23,421 - INFO - Batch 200/2278: Loss=1.1955, Cls=0.0072, Reg=0.0000, Con=3.9608
2025-09-13 19:29:24,309 - INFO - Batch 210/2278: Loss=1.1947, Cls=0.0064, Reg=0.0000, Con=3.9609
2025-09-13 19:29:25,220 - INFO - Batch 220/2278: Loss=0.0003, Cls=0.0003, Reg=0.0000, Con=0.0000
2025-09-13 19:29:26,106 - INFO - Batch 230/2278: Loss=0.0020, Cls=0.0020, Reg=0.0000, Con=0.0000
2025-09-13 19:29:27,005 - INFO - Batch 240/2278: Loss=0.0041, Cls=0.0041, Reg=0.0000, Con=0.0000
2025-09-13 19:29:27,905 - INFO - Batch 250/2278: Loss=0.0009, Cls=0.0009, Reg=0.0000, Con=0.0000
2025-09-13 19:29:28,777 - INFO - Batch 260/2278: Loss=0.0010, Cls=0.0010, Reg=0.0000, Con=0.0000
2025-09-13 19:29:29,698 - INFO - Batch 270/2278: Loss=1.1883, Cls=0.0000, Reg=0.0000, Con=3.9608
2025-09-13 19:29:30,626 - INFO - Batch 280/2278: Loss=1.1888, Cls=0.0005, Reg=0.0000, Con=3.9609
2025-09-13 19:29:31,540 - INFO - Batch 290/2278: Loss=1.1904, Cls=0.0021, Reg=0.0000, Con=3.9609
2025-09-13 19:29:32,436 - INFO - Batch 300/2278: Loss=1.1905, Cls=0.0023, Reg=0.0000, Con=3.9609
2025-09-13 19:29:33,344 - INFO - Batch 310/2278: Loss=1.1954, Cls=0.0072, Reg=0.0000, Con=3.9608
2025-09-13 19:29:34,253 - INFO - Batch 320/2278: Loss=0.0000, Cls=0.0000, Reg=0.0000, Con=0.0000
2025-09-13 19:29:35,123 - INFO - Batch 330/2278: Loss=3.0609, Cls=1.8726, Reg=0.0000, Con=3.9609
2025-09-13 19:29:35,986 - INFO - Batch 340/2278: Loss=1.1899, Cls=0.0017, Reg=0.0000, Con=3.9609
2025-09-13 19:29:36,870 - INFO - Batch 350/2278: Loss=1.1883, Cls=0.0001, Reg=0.0000, Con=3.9609
2025-09-13 19:29:37,782 - INFO - Batch 360/2278: Loss=1.1885, Cls=0.0002, Reg=0.0000, Con=3.9609
2025-09-13 19:29:38,719 - INFO - Batch 370/2278: Loss=1.1919, Cls=0.0037, Reg=0.0000, Con=3.9609
2025-09-13 19:29:39,682 - INFO - Batch 380/2278: Loss=1.1899, Cls=0.0017, Reg=0.0000, Con=3.9608
2025-09-13 19:29:40,615 - INFO - Batch 390/2278: Loss=1.1904, Cls=0.0021, Reg=0.0000, Con=3.9609
2025-09-13 19:29:41,518 - INFO - Batch 400/2278: Loss=0.0000, Cls=0.0000, Reg=0.0000, Con=0.0000
2025-09-13 19:29:42,447 - INFO - Batch 410/2278: Loss=1.1900, Cls=0.0018, Reg=0.0000, Con=3.9608
2025-09-13 19:29:43,373 - INFO - Batch 420/2278: Loss=0.0011, Cls=0.0011, Reg=0.0000, Con=0.0000
2025-09-13 19:29:44,274 - INFO - Batch 430/2278: Loss=3.1980, Cls=3.1980, Reg=0.0000, Con=0.0000
2025-09-13 19:29:45,161 - INFO - Batch 440/2278: Loss=1.1892, Cls=0.0010, Reg=0.0000, Con=3.9608
2025-09-13 19:29:46,071 - INFO - Batch 450/2278: Loss=1.1888, Cls=0.0006, Reg=0.0000, Con=3.9607
2025-09-13 19:29:46,976 - INFO - Batch 460/2278: Loss=0.0076, Cls=0.0076, Reg=0.0000, Con=0.0000
2025-09-13 19:29:47,874 - INFO - Batch 470/2278: Loss=1.1901, Cls=0.0018, Reg=0.0000, Con=3.9608
2025-09-13 19:29:48,789 - INFO - Batch 480/2278: Loss=0.0000, Cls=0.0000, Reg=0.0000, Con=0.0000
2025-09-13 19:29:49,682 - INFO - Batch 490/2278: Loss=1.1902, Cls=0.0019, Reg=0.0000, Con=3.9610
2025-09-13 19:29:50,558 - INFO - Batch 500/2278: Loss=1.1905, Cls=0.0023, Reg=0.0000, Con=3.9607
2025-09-13 19:29:51,453 - INFO - Batch 510/2278: Loss=1.1884, Cls=0.0002, Reg=0.0000, Con=3.9607
2025-09-13 19:29:52,361 - INFO - Batch 520/2278: Loss=1.1899, Cls=0.0016, Reg=0.0000, Con=3.9607
2025-09-13 19:29:53,247 - INFO - Batch 530/2278: Loss=1.1933, Cls=0.0050, Reg=0.0000, Con=3.9608
2025-09-13 19:29:54,151 - INFO - Batch 540/2278: Loss=3.2076, Cls=2.0193, Reg=0.0000, Con=3.9610
2025-09-13 19:29:55,022 - INFO - Batch 550/2278: Loss=1.1953, Cls=0.0071, Reg=0.0000, Con=3.9607
2025-09-13 19:29:55,928 - INFO - Batch 560/2278: Loss=0.0059, Cls=0.0059, Reg=0.0000, Con=0.0000
2025-09-13 19:29:56,832 - INFO - Batch 570/2278: Loss=1.1882, Cls=0.0000, Reg=0.0000, Con=3.9608
2025-09-13 19:29:57,711 - INFO - Batch 580/2278: Loss=0.0045, Cls=0.0045, Reg=0.0000, Con=0.0000
2025-09-13 19:29:58,584 - INFO - Batch 590/2278: Loss=1.2024, Cls=0.0142, Reg=0.0000, Con=3.9608
2025-09-13 19:29:59,461 - INFO - Batch 600/2278: Loss=0.0000, Cls=0.0000, Reg=0.0000, Con=0.0000
2025-09-13 19:30:00,373 - INFO - Batch 610/2278: Loss=1.1892, Cls=0.0009, Reg=0.0000, Con=3.9608
2025-09-13 19:30:01,248 - INFO - Batch 620/2278: Loss=1.1892, Cls=0.0009, Reg=0.0000, Con=3.9608
2025-09-13 19:30:02,135 - INFO - Batch 630/2278: Loss=0.0009, Cls=0.0009, Reg=0.0000, Con=0.0000
2025-09-13 19:30:03,056 - INFO - Batch 640/2278: Loss=0.0011, Cls=0.0011, Reg=0.0000, Con=0.0000
2025-09-13 19:30:03,925 - INFO - Batch 650/2278: Loss=0.0000, Cls=0.0000, Reg=0.0000, Con=0.0000
2025-09-13 19:30:04,820 - INFO - Batch 660/2278: Loss=1.1890, Cls=0.0008, Reg=0.0000, Con=3.9607
2025-09-13 19:30:05,730 - INFO - Batch 670/2278: Loss=1.1918, Cls=0.0035, Reg=0.0000, Con=3.9609
2025-09-13 19:30:06,617 - INFO - Batch 680/2278: Loss=2.9506, Cls=1.7624, Reg=0.0000, Con=3.9608
2025-09-13 19:30:07,515 - INFO - Batch 690/2278: Loss=1.1886, Cls=0.0002, Reg=0.0000, Con=3.9613
2025-09-13 19:30:08,429 - INFO - Batch 700/2278: Loss=0.0004, Cls=0.0004, Reg=0.0000, Con=0.0000
2025-09-13 19:30:09,315 - INFO - Batch 710/2278: Loss=1.1922, Cls=0.0039, Reg=0.0000, Con=3.9610
2025-09-13 19:30:10,181 - INFO - Batch 720/2278: Loss=1.1893, Cls=0.0010, Reg=0.0000, Con=3.9609
2025-09-13 19:30:11,056 - INFO - Batch 730/2278: Loss=1.1902, Cls=0.0018, Reg=0.0000, Con=3.9612
2025-09-13 19:30:11,946 - INFO - Batch 740/2278: Loss=1.1890, Cls=0.0007, Reg=0.0000, Con=3.9610
2025-09-13 19:30:12,830 - INFO - Batch 750/2278: Loss=0.0012, Cls=0.0012, Reg=0.0000, Con=0.0000
2025-09-13 19:30:13,705 - INFO - Batch 760/2278: Loss=2.0718, Cls=2.0718, Reg=0.0000, Con=0.0000
2025-09-13 19:30:14,600 - INFO - Batch 770/2278: Loss=1.1898, Cls=0.0016, Reg=0.0000, Con=3.9608
2025-09-13 19:30:15,493 - INFO - Batch 780/2278: Loss=0.0018, Cls=0.0018, Reg=0.0000, Con=0.0000
2025-09-13 19:30:16,378 - INFO - Batch 790/2278: Loss=1.1887, Cls=0.0005, Reg=0.0000, Con=3.9609
2025-09-13 19:30:17,284 - INFO - Batch 800/2278: Loss=0.0003, Cls=0.0003, Reg=0.0000, Con=0.0000
2025-09-13 19:30:18,164 - INFO - Batch 810/2278: Loss=0.0018, Cls=0.0018, Reg=0.0000, Con=0.0000
2025-09-13 19:30:19,052 - INFO - Batch 820/2278: Loss=1.1914, Cls=0.0032, Reg=0.0000, Con=3.9608
2025-09-13 19:30:19,964 - INFO - Batch 830/2278: Loss=1.1885, Cls=0.0003, Reg=0.0000, Con=3.9607
2025-09-13 19:30:20,870 - INFO - Batch 840/2278: Loss=1.1896, Cls=0.0014, Reg=0.0000, Con=3.9608
2025-09-13 19:30:21,762 - INFO - Batch 850/2278: Loss=0.0022, Cls=0.0022, Reg=0.0000, Con=0.0000
2025-09-13 19:30:22,674 - INFO - Batch 860/2278: Loss=1.1884, Cls=0.0002, Reg=0.0000, Con=3.9608
2025-09-13 19:30:23,564 - INFO - Batch 870/2278: Loss=0.0008, Cls=0.0008, Reg=0.0000, Con=0.0000
2025-09-13 19:30:24,457 - INFO - Batch 880/2278: Loss=0.0020, Cls=0.0020, Reg=0.0000, Con=0.0000
2025-09-13 19:30:25,342 - INFO - Batch 890/2278: Loss=1.1928, Cls=0.0045, Reg=0.0000, Con=3.9609
2025-09-13 19:30:26,251 - INFO - Batch 900/2278: Loss=0.0005, Cls=0.0005, Reg=0.0000, Con=0.0000
2025-09-13 19:30:27,134 - INFO - Batch 910/2278: Loss=0.0036, Cls=0.0036, Reg=0.0000, Con=0.0000
2025-09-13 19:30:28,022 - INFO - Batch 920/2278: Loss=1.1894, Cls=0.0011, Reg=0.0000, Con=3.9611
2025-09-13 19:30:28,983 - INFO - Batch 930/2278: Loss=1.1887, Cls=0.0005, Reg=0.0000, Con=3.9609
2025-09-13 19:30:29,876 - INFO - Batch 940/2278: Loss=0.0006, Cls=0.0006, Reg=0.0000, Con=0.0000
2025-09-13 19:30:30,755 - INFO - Batch 950/2278: Loss=0.0024, Cls=0.0024, Reg=0.0000, Con=0.0000
2025-09-13 19:30:31,701 - INFO - Batch 960/2278: Loss=0.0000, Cls=0.0000, Reg=0.0000, Con=0.0000
2025-09-13 19:30:32,685 - INFO - Batch 970/2278: Loss=0.0062, Cls=0.0062, Reg=0.0000, Con=0.0000
2025-09-13 19:30:33,579 - INFO - Batch 980/2278: Loss=1.1929, Cls=0.0046, Reg=0.0000, Con=3.9609
2025-09-13 19:30:34,470 - INFO - Batch 990/2278: Loss=1.1882, Cls=0.0000, Reg=0.0000, Con=3.9606
2025-09-13 19:30:35,365 - INFO - Batch 1000/2278: Loss=1.1901, Cls=0.0018, Reg=0.0000, Con=3.9609
2025-09-13 19:30:36,253 - INFO - Batch 1010/2278: Loss=1.1883, Cls=0.0000, Reg=0.0000, Con=3.9609
2025-09-13 19:30:37,135 - INFO - Batch 1020/2278: Loss=1.1905, Cls=0.0020, Reg=0.0000, Con=3.9615
2025-09-13 19:30:38,023 - INFO - Batch 1030/2278: Loss=1.1904, Cls=0.0021, Reg=0.0000, Con=3.9608
2025-09-13 19:30:38,915 - INFO - Batch 1040/2278: Loss=1.1937, Cls=0.0054, Reg=0.0000, Con=3.9608
2025-09-13 19:30:39,820 - INFO - Batch 1050/2278: Loss=1.2068, Cls=0.0185, Reg=0.0000, Con=3.9611
2025-09-13 19:30:40,714 - INFO - Batch 1060/2278: Loss=1.1883, Cls=0.0000, Reg=0.0000, Con=3.9612
2025-09-13 19:30:41,599 - INFO - Batch 1070/2278: Loss=1.1898, Cls=0.0015, Reg=0.0000, Con=3.9609
2025-09-13 19:30:42,478 - INFO - Batch 1080/2278: Loss=1.1945, Cls=0.0062, Reg=0.0000, Con=3.9609
2025-09-13 19:30:43,418 - INFO - Batch 1090/2278: Loss=1.1953, Cls=0.0070, Reg=0.0000, Con=3.9608
2025-09-13 19:30:44,303 - INFO - Batch 1100/2278: Loss=1.1894, Cls=0.0011, Reg=0.0000, Con=3.9608
2025-09-13 19:30:45,181 - INFO - Batch 1110/2278: Loss=1.1939, Cls=0.0057, Reg=0.0000, Con=3.9608
2025-09-13 19:30:46,082 - INFO - Batch 1120/2278: Loss=1.1899, Cls=0.0017, Reg=0.0000, Con=3.9608
2025-09-13 19:30:46,950 - INFO - Batch 1130/2278: Loss=0.0008, Cls=0.0008, Reg=0.0000, Con=0.0000
2025-09-13 19:30:47,843 - INFO - Batch 1140/2278: Loss=0.0016, Cls=0.0016, Reg=0.0000, Con=0.0000
2025-09-13 19:30:48,748 - INFO - Batch 1150/2278: Loss=1.2110, Cls=0.0227, Reg=0.0000, Con=3.9609
2025-09-13 19:30:49,615 - INFO - Batch 1160/2278: Loss=1.1882, Cls=0.0000, Reg=0.0000, Con=3.9607
2025-09-13 19:30:50,527 - INFO - Batch 1170/2278: Loss=0.0017, Cls=0.0017, Reg=0.0000, Con=0.0000
2025-09-13 19:30:51,425 - INFO - Batch 1180/2278: Loss=1.1887, Cls=0.0004, Reg=0.0000, Con=3.9609
2025-09-13 19:30:52,322 - INFO - Batch 1190/2278: Loss=1.1901, Cls=0.0018, Reg=0.0000, Con=3.9610
2025-09-13 19:30:53,232 - INFO - Batch 1200/2278: Loss=1.1885, Cls=0.0002, Reg=0.0000, Con=3.9609
2025-09-13 19:30:54,146 - INFO - Batch 1210/2278: Loss=1.1896, Cls=0.0013, Reg=0.0000, Con=3.9608
2025-09-13 19:30:55,074 - INFO - Batch 1220/2278: Loss=0.0005, Cls=0.0005, Reg=0.0000, Con=0.0000
2025-09-13 19:30:55,997 - INFO - Batch 1230/2278: Loss=1.1895, Cls=0.0013, Reg=0.0000, Con=3.9609
2025-09-13 19:30:56,895 - INFO - Batch 1240/2278: Loss=1.1883, Cls=0.0000, Reg=0.0000, Con=3.9609
2025-09-13 19:30:57,793 - INFO - Batch 1250/2278: Loss=0.0008, Cls=0.0008, Reg=0.0000, Con=0.0000
2025-09-13 19:30:58,706 - INFO - Batch 1260/2278: Loss=1.1888, Cls=0.0005, Reg=0.0000, Con=3.9607
2025-09-13 19:30:59,581 - INFO - Batch 1270/2278: Loss=0.0007, Cls=0.0007, Reg=0.0000, Con=0.0000
2025-09-13 19:31:00,456 - INFO - Batch 1280/2278: Loss=1.2071, Cls=0.0189, Reg=0.0000, Con=3.9608
2025-09-13 19:31:01,376 - INFO - Batch 1290/2278: Loss=1.1889, Cls=0.0006, Reg=0.0000, Con=3.9610
2025-09-13 19:31:02,310 - INFO - Batch 1300/2278: Loss=1.1946, Cls=0.0063, Reg=0.0000, Con=3.9610
2025-09-13 19:31:03,214 - INFO - Batch 1310/2278: Loss=0.0023, Cls=0.0023, Reg=0.0000, Con=0.0000
2025-09-13 19:31:04,115 - INFO - Batch 1320/2278: Loss=1.1977, Cls=0.0094, Reg=0.0000, Con=3.9609
2025-09-13 19:31:05,019 - INFO - Batch 1330/2278: Loss=1.1911, Cls=0.0028, Reg=0.0000, Con=3.9609
2025-09-13 19:31:05,947 - INFO - Batch 1340/2278: Loss=0.0056, Cls=0.0056, Reg=0.0000, Con=0.0000
2025-09-13 19:31:06,839 - INFO - Batch 1350/2278: Loss=0.0002, Cls=0.0002, Reg=0.0000, Con=0.0000
2025-09-13 19:31:07,736 - INFO - Batch 1360/2278: Loss=1.1942, Cls=0.0059, Reg=0.0000, Con=3.9608
2025-09-13 19:31:08,627 - INFO - Batch 1370/2278: Loss=1.6484, Cls=0.4602, Reg=0.0000, Con=3.9608
2025-09-13 19:31:09,525 - INFO - Batch 1380/2278: Loss=1.1888, Cls=0.0006, Reg=0.0000, Con=3.9609
2025-09-13 19:31:10,431 - INFO - Batch 1390/2278: Loss=1.1938, Cls=0.0056, Reg=0.0000, Con=3.9608
2025-09-13 19:31:11,335 - INFO - Batch 1400/2278: Loss=0.0000, Cls=0.0000, Reg=0.0000, Con=0.0000
2025-09-13 19:31:12,244 - INFO - Batch 1410/2278: Loss=1.1908, Cls=0.0026, Reg=0.0000, Con=3.9608
2025-09-13 19:31:13,162 - INFO - Batch 1420/2278: Loss=0.0025, Cls=0.0025, Reg=0.0000, Con=0.0000
2025-09-13 19:31:14,079 - INFO - Batch 1430/2278: Loss=0.0040, Cls=0.0040, Reg=0.0000, Con=0.0000
2025-09-13 19:31:14,981 - INFO - Batch 1440/2278: Loss=1.1900, Cls=0.0017, Reg=0.0000, Con=3.9613
2025-09-13 19:31:15,873 - INFO - Batch 1450/2278: Loss=0.0002, Cls=0.0002, Reg=0.0000, Con=0.0000
2025-09-13 19:31:16,861 - INFO - Batch 1460/2278: Loss=3.2732, Cls=2.0849, Reg=0.0000, Con=3.9609
2025-09-13 19:31:17,761 - INFO - Batch 1470/2278: Loss=1.1945, Cls=0.0062, Reg=0.0000, Con=3.9608
2025-09-13 19:31:18,658 - INFO - Batch 1480/2278: Loss=0.0061, Cls=0.0061, Reg=0.0000, Con=0.0000
2025-09-13 19:31:19,690 - INFO - Batch 1490/2278: Loss=0.0041, Cls=0.0041, Reg=0.0000, Con=0.0000
2025-09-13 19:31:20,614 - INFO - Batch 1500/2278: Loss=0.0044, Cls=0.0044, Reg=0.0000, Con=0.0000
2025-09-13 19:31:21,501 - INFO - Batch 1510/2278: Loss=1.2065, Cls=0.0183, Reg=0.0000, Con=3.9608
2025-09-13 19:31:22,404 - INFO - Batch 1520/2278: Loss=1.2002, Cls=0.0119, Reg=0.0000, Con=3.9608
2025-09-13 19:31:23,358 - INFO - Batch 1530/2278: Loss=1.1901, Cls=0.0018, Reg=0.0000, Con=3.9609
2025-09-13 19:31:24,252 - INFO - Batch 1540/2278: Loss=0.0063, Cls=0.0063, Reg=0.0000, Con=0.0000
2025-09-13 19:31:25,141 - INFO - Batch 1550/2278: Loss=1.1886, Cls=0.0003, Reg=0.0000, Con=3.9609
2025-09-13 19:31:26,040 - INFO - Batch 1560/2278: Loss=1.1887, Cls=0.0004, Reg=0.0000, Con=3.9608
2025-09-13 19:31:26,974 - INFO - Batch 1570/2278: Loss=1.1893, Cls=0.0010, Reg=0.0000, Con=3.9609
2025-09-13 19:31:27,909 - INFO - Batch 1580/2278: Loss=0.0001, Cls=0.0001, Reg=0.0000, Con=0.0000
2025-09-13 19:31:28,818 - INFO - Batch 1590/2278: Loss=0.0022, Cls=0.0022, Reg=0.0000, Con=0.0000
2025-09-13 19:31:29,721 - INFO - Batch 1600/2278: Loss=1.1887, Cls=0.0004, Reg=0.0000, Con=3.9609
2025-09-13 19:31:30,619 - INFO - Batch 1610/2278: Loss=0.0008, Cls=0.0008, Reg=0.0000, Con=0.0000
2025-09-13 19:31:31,525 - INFO - Batch 1620/2278: Loss=1.1968, Cls=0.0085, Reg=0.0000, Con=3.9609
2025-09-13 19:31:32,413 - INFO - Batch 1630/2278: Loss=0.0000, Cls=0.0000, Reg=0.0000, Con=0.0000
2025-09-13 19:31:33,321 - INFO - Batch 1640/2278: Loss=1.1883, Cls=0.0000, Reg=0.0000, Con=3.9609
2025-09-13 19:31:34,223 - INFO - Batch 1650/2278: Loss=0.0016, Cls=0.0016, Reg=0.0000, Con=0.0000
2025-09-13 19:31:35,146 - INFO - Batch 1660/2278: Loss=1.1886, Cls=0.0004, Reg=0.0000, Con=3.9607
2025-09-13 19:31:36,049 - INFO - Batch 1670/2278: Loss=1.1889, Cls=0.0006, Reg=0.0000, Con=3.9608
2025-09-13 19:31:36,938 - INFO - Batch 1680/2278: Loss=1.1899, Cls=0.0015, Reg=0.0000, Con=3.9615
2025-09-13 19:31:37,851 - INFO - Batch 1690/2278: Loss=0.0063, Cls=0.0063, Reg=0.0000, Con=0.0000
2025-09-13 19:31:38,746 - INFO - Batch 1700/2278: Loss=1.1882, Cls=0.0000, Reg=0.0000, Con=3.9608
2025-09-13 19:31:39,624 - INFO - Batch 1710/2278: Loss=1.1883, Cls=0.0000, Reg=0.0000, Con=3.9612
2025-09-13 19:31:40,675 - INFO - Batch 1720/2278: Loss=2.8931, Cls=1.7048, Reg=0.0000, Con=3.9610
2025-09-13 19:31:41,770 - INFO - Batch 1730/2278: Loss=1.2034, Cls=0.0152, Reg=0.0000, Con=3.9609
2025-09-13 19:31:42,724 - INFO - Batch 1740/2278: Loss=1.1883, Cls=0.0000, Reg=0.0000, Con=3.9610
2025-09-13 19:31:43,673 - INFO - Batch 1750/2278: Loss=1.1892, Cls=0.0009, Reg=0.0000, Con=3.9609
2025-09-13 19:31:44,670 - INFO - Batch 1760/2278: Loss=1.1887, Cls=0.0004, Reg=0.0000, Con=3.9608
2025-09-13 19:31:45,637 - INFO - Batch 1770/2278: Loss=3.3078, Cls=2.1196, Reg=0.0000, Con=3.9610
2025-09-13 19:31:46,525 - INFO - Batch 1780/2278: Loss=1.1891, Cls=0.0009, Reg=0.0000, Con=3.9609
2025-09-13 19:31:47,404 - INFO - Batch 1790/2278: Loss=1.1888, Cls=0.0006, Reg=0.0000, Con=3.9608
2025-09-13 19:31:48,318 - INFO - Batch 1800/2278: Loss=1.1891, Cls=0.0008, Reg=0.0000, Con=3.9609
2025-09-13 19:31:49,234 - INFO - Batch 1810/2278: Loss=1.1887, Cls=0.0004, Reg=0.0000, Con=3.9610
2025-09-13 19:31:50,134 - INFO - Batch 1820/2278: Loss=1.1884, Cls=0.0001, Reg=0.0000, Con=3.9608
2025-09-13 19:31:51,034 - INFO - Batch 1830/2278: Loss=1.1885, Cls=0.0000, Reg=0.0000, Con=3.9615
2025-09-13 19:31:51,944 - INFO - Batch 1840/2278: Loss=1.1894, Cls=0.0012, Reg=0.0000, Con=3.9609
2025-09-13 19:31:52,864 - INFO - Batch 1850/2278: Loss=1.1888, Cls=0.0005, Reg=0.0000, Con=3.9608
2025-09-13 19:31:53,775 - INFO - Batch 1860/2278: Loss=0.0011, Cls=0.0011, Reg=0.0000, Con=0.0000
2025-09-13 19:31:54,678 - INFO - Batch 1870/2278: Loss=0.0016, Cls=0.0016, Reg=0.0000, Con=0.0000
2025-09-13 19:31:55,596 - INFO - Batch 1880/2278: Loss=1.1908, Cls=0.0025, Reg=0.0000, Con=3.9610
2025-09-13 19:31:56,502 - INFO - Batch 1890/2278: Loss=0.0016, Cls=0.0016, Reg=0.0000, Con=0.0000
2025-09-13 19:31:57,396 - INFO - Batch 1900/2278: Loss=1.1896, Cls=0.0014, Reg=0.0000, Con=3.9607
2025-09-13 19:31:58,280 - INFO - Batch 1910/2278: Loss=1.1908, Cls=0.0025, Reg=0.0000, Con=3.9607
2025-09-13 19:31:59,205 - INFO - Batch 1920/2278: Loss=1.1934, Cls=0.0051, Reg=0.0000, Con=3.9608
2025-09-13 19:32:00,113 - INFO - Batch 1930/2278: Loss=0.0080, Cls=0.0080, Reg=0.0000, Con=0.0000
2025-09-13 19:32:01,014 - INFO - Batch 1940/2278: Loss=1.1999, Cls=0.0117, Reg=0.0000, Con=3.9607
2025-09-13 19:32:01,932 - INFO - Batch 1950/2278: Loss=1.1892, Cls=0.0009, Reg=0.0000, Con=3.9609
2025-09-13 19:32:02,866 - INFO - Batch 1960/2278: Loss=1.1894, Cls=0.0012, Reg=0.0000, Con=3.9609
2025-09-13 19:32:03,779 - INFO - Batch 1970/2278: Loss=1.1901, Cls=0.0019, Reg=0.0000, Con=3.9606
2025-09-13 19:32:04,670 - INFO - Batch 1980/2278: Loss=1.1895, Cls=0.0013, Reg=0.0000, Con=3.9608
2025-09-13 19:32:05,577 - INFO - Batch 1990/2278: Loss=0.0006, Cls=0.0006, Reg=0.0000, Con=0.0000
2025-09-13 19:32:06,466 - INFO - Batch 2000/2278: Loss=1.1918, Cls=0.0036, Reg=0.0000, Con=3.9607
2025-09-13 19:32:07,368 - INFO - Batch 2010/2278: Loss=1.1911, Cls=0.0028, Reg=0.0000, Con=3.9608
2025-09-13 19:32:08,259 - INFO - Batch 2020/2278: Loss=0.0013, Cls=0.0013, Reg=0.0000, Con=0.0000
2025-09-13 19:32:09,182 - INFO - Batch 2030/2278: Loss=2.0119, Cls=0.8236, Reg=0.0000, Con=3.9610
2025-09-13 19:32:10,092 - INFO - Batch 2040/2278: Loss=1.1884, Cls=0.0001, Reg=0.0000, Con=3.9608
2025-09-13 19:32:10,981 - INFO - Batch 2050/2278: Loss=0.0007, Cls=0.0007, Reg=0.0000, Con=0.0000
2025-09-13 19:32:11,874 - INFO - Batch 2060/2278: Loss=1.1890, Cls=0.0006, Reg=0.0000, Con=3.9615
2025-09-13 19:32:12,763 - INFO - Batch 2070/2278: Loss=1.1888, Cls=0.0006, Reg=0.0000, Con=3.9608
2025-09-13 19:32:13,674 - INFO - Batch 2080/2278: Loss=0.0008, Cls=0.0008, Reg=0.0000, Con=0.0000
2025-09-13 19:32:14,576 - INFO - Batch 2090/2278: Loss=1.1893, Cls=0.0010, Reg=0.0000, Con=3.9608
2025-09-13 19:32:15,478 - INFO - Batch 2100/2278: Loss=0.0022, Cls=0.0022, Reg=0.0000, Con=0.0000
2025-09-13 19:32:16,392 - INFO - Batch 2110/2278: Loss=0.0002, Cls=0.0002, Reg=0.0000, Con=0.0000
2025-09-13 19:32:17,291 - INFO - Batch 2120/2278: Loss=1.1889, Cls=0.0007, Reg=0.0000, Con=3.9609
2025-09-13 19:32:18,192 - INFO - Batch 2130/2278: Loss=2.2158, Cls=1.0276, Reg=0.0000, Con=3.9608
2025-09-13 19:32:19,093 - INFO - Batch 2140/2278: Loss=0.0030, Cls=0.0030, Reg=0.0000, Con=0.0000
2025-09-13 19:32:19,973 - INFO - Batch 2150/2278: Loss=1.1891, Cls=0.0008, Reg=0.0000, Con=3.9610
2025-09-13 19:32:20,840 - INFO - Batch 2160/2278: Loss=1.1888, Cls=0.0006, Reg=0.0000, Con=3.9608
2025-09-13 19:32:21,724 - INFO - Batch 2170/2278: Loss=1.1933, Cls=0.0050, Reg=0.0000, Con=3.9608
2025-09-13 19:32:22,635 - INFO - Batch 2180/2278: Loss=1.1965, Cls=0.0082, Reg=0.0000, Con=3.9608
2025-09-13 19:32:23,526 - INFO - Batch 2190/2278: Loss=1.1893, Cls=0.0010, Reg=0.0000, Con=3.9610
2025-09-13 19:32:24,522 - INFO - Batch 2200/2278: Loss=1.1885, Cls=0.0003, Reg=0.0000, Con=3.9608
2025-09-13 19:32:25,453 - INFO - Batch 2210/2278: Loss=1.1889, Cls=0.0005, Reg=0.0000, Con=3.9613
2025-09-13 19:32:26,343 - INFO - Batch 2220/2278: Loss=0.0018, Cls=0.0018, Reg=0.0000, Con=0.0000
2025-09-13 19:32:27,258 - INFO - Batch 2230/2278: Loss=0.0008, Cls=0.0008, Reg=0.0000, Con=0.0000
2025-09-13 19:32:28,155 - INFO - Batch 2240/2278: Loss=1.1905, Cls=0.0023, Reg=0.0000, Con=3.9608
2025-09-13 19:32:29,079 - INFO - Batch 2250/2278: Loss=0.0045, Cls=0.0045, Reg=0.0000, Con=0.0000
2025-09-13 19:32:30,084 - INFO - Batch 2260/2278: Loss=1.1887, Cls=0.0004, Reg=0.0000, Con=3.9609
2025-09-13 19:32:31,065 - INFO - Batch 2270/2278: Loss=1.1884, Cls=0.0002, Reg=0.0000, Con=3.9606
2025-09-13 19:35:58,679 - INFO - === Epoch 2 Results ===
2025-09-13 19:35:58,679 - INFO - Training Loss: 0.9079 (Classification: 0.1260, Regression: 0.0000)
2025-09-13 19:35:58,679 - INFO - Validation Loss: 0.0272 (Classification: 0.0272, Regression: 0.0000)
2025-09-13 19:35:58,679 - INFO - Average Classification Accuracy: 0.9776 (on 1/26 tasks)
2025-09-13 19:35:58,679 - INFO - Average AUC: 0.8064
2025-09-13 19:36:01,683 - INFO - Best model saved to: experiments/r1c3_single_cls_14_seed_42_20250913_192213/checkpoints/r1c3_single_cls_14_seed_42_best.pth
2025-09-13 19:36:01,683 - INFO - 
Epoch 3/3
2025-09-13 19:36:01,820 - INFO - Batch 0/2278: Loss=1.1889, Cls=0.0007, Reg=0.0000, Con=3.9608
2025-09-13 19:36:02,693 - INFO - Batch 10/2278: Loss=1.1912, Cls=0.0029, Reg=0.0000, Con=3.9611
2025-09-13 19:36:03,611 - INFO - Batch 20/2278: Loss=1.1908, Cls=0.0025, Reg=0.0000, Con=3.9608
2025-09-13 19:36:04,559 - INFO - Batch 30/2278: Loss=0.0000, Cls=0.0000, Reg=0.0000, Con=0.0000
2025-09-13 19:36:05,448 - INFO - Batch 40/2278: Loss=1.1899, Cls=0.0016, Reg=0.0000, Con=3.9608
2025-09-13 19:36:06,356 - INFO - Batch 50/2278: Loss=1.1883, Cls=0.0000, Reg=0.0000, Con=3.9609
2025-09-13 19:36:07,260 - INFO - Batch 60/2278: Loss=1.1890, Cls=0.0008, Reg=0.0000, Con=3.9607
2025-09-13 19:36:08,173 - INFO - Batch 70/2278: Loss=3.0393, Cls=1.8511, Reg=0.0000, Con=3.9608
2025-09-13 19:36:09,051 - INFO - Batch 80/2278: Loss=0.0016, Cls=0.0016, Reg=0.0000, Con=0.0000
2025-09-13 19:36:09,950 - INFO - Batch 90/2278: Loss=1.1903, Cls=0.0020, Reg=0.0000, Con=3.9609
2025-09-13 19:36:10,868 - INFO - Batch 100/2278: Loss=1.1895, Cls=0.0013, Reg=0.0000, Con=3.9607
2025-09-13 19:36:11,801 - INFO - Batch 110/2278: Loss=1.1898, Cls=0.0012, Reg=0.0000, Con=3.9618
2025-09-13 19:36:12,700 - INFO - Batch 120/2278: Loss=1.1911, Cls=0.0028, Reg=0.0000, Con=3.9609
2025-09-13 19:36:13,593 - INFO - Batch 130/2278: Loss=1.1890, Cls=0.0008, Reg=0.0000, Con=3.9607
2025-09-13 19:36:14,529 - INFO - Batch 140/2278: Loss=0.0000, Cls=0.0000, Reg=0.0000, Con=0.0000
2025-09-13 19:36:15,426 - INFO - Batch 150/2278: Loss=1.1892, Cls=0.0010, Reg=0.0000, Con=3.9608
2025-09-13 19:36:16,329 - INFO - Batch 160/2278: Loss=0.0004, Cls=0.0004, Reg=0.0000, Con=0.0000
2025-09-13 19:36:17,215 - INFO - Batch 170/2278: Loss=1.1898, Cls=0.0016, Reg=0.0000, Con=3.9609
2025-09-13 19:36:18,099 - INFO - Batch 180/2278: Loss=1.1883, Cls=0.0000, Reg=0.0000, Con=3.9611
2025-09-13 19:36:19,004 - INFO - Batch 190/2278: Loss=1.1908, Cls=0.0026, Reg=0.0000, Con=3.9607
2025-09-13 19:36:19,934 - INFO - Batch 200/2278: Loss=0.0016, Cls=0.0016, Reg=0.0000, Con=0.0000
2025-09-13 19:36:20,828 - INFO - Batch 210/2278: Loss=2.8841, Cls=1.6957, Reg=0.0000, Con=3.9612
2025-09-13 19:36:21,716 - INFO - Batch 220/2278: Loss=1.1892, Cls=0.0009, Reg=0.0000, Con=3.9608
2025-09-13 19:36:22,632 - INFO - Batch 230/2278: Loss=1.1984, Cls=0.0101, Reg=0.0000, Con=3.9611
2025-09-13 19:36:23,534 - INFO - Batch 240/2278: Loss=1.1896, Cls=0.0014, Reg=0.0000, Con=3.9607
2025-09-13 19:36:24,419 - INFO - Batch 250/2278: Loss=1.1883, Cls=0.0001, Reg=0.0000, Con=3.9609
2025-09-13 19:36:25,305 - INFO - Batch 260/2278: Loss=1.1900, Cls=0.0018, Reg=0.0000, Con=3.9608
2025-09-13 19:36:26,218 - INFO - Batch 270/2278: Loss=1.1896, Cls=0.0014, Reg=0.0000, Con=3.9607
2025-09-13 19:36:27,103 - INFO - Batch 280/2278: Loss=1.1901, Cls=0.0019, Reg=0.0000, Con=3.9608
2025-09-13 19:36:27,994 - INFO - Batch 290/2278: Loss=1.1895, Cls=0.0013, Reg=0.0000, Con=3.9608
2025-09-13 19:36:28,869 - INFO - Batch 300/2278: Loss=1.1888, Cls=0.0006, Reg=0.0000, Con=3.9607
2025-09-13 19:36:29,767 - INFO - Batch 310/2278: Loss=1.1895, Cls=0.0011, Reg=0.0000, Con=3.9610
2025-09-13 19:36:30,672 - INFO - Batch 320/2278: Loss=1.1894, Cls=0.0011, Reg=0.0000, Con=3.9612
2025-09-13 19:36:31,572 - INFO - Batch 330/2278: Loss=0.0048, Cls=0.0048, Reg=0.0000, Con=0.0000
2025-09-13 19:36:32,470 - INFO - Batch 340/2278: Loss=0.0029, Cls=0.0029, Reg=0.0000, Con=0.0000
2025-09-13 19:36:33,388 - INFO - Batch 350/2278: Loss=1.1957, Cls=0.0073, Reg=0.0000, Con=3.9612
2025-09-13 19:36:34,318 - INFO - Batch 360/2278: Loss=1.1921, Cls=0.0038, Reg=0.0000, Con=3.9611
2025-09-13 19:36:35,210 - INFO - Batch 370/2278: Loss=1.1903, Cls=0.0021, Reg=0.0000, Con=3.9608
2025-09-13 19:36:36,119 - INFO - Batch 380/2278: Loss=2.1277, Cls=0.9394, Reg=0.0000, Con=3.9608
2025-09-13 19:36:37,063 - INFO - Batch 390/2278: Loss=1.1919, Cls=0.0036, Reg=0.0000, Con=3.9609
2025-09-13 19:36:37,958 - INFO - Batch 400/2278: Loss=0.0027, Cls=0.0027, Reg=0.0000, Con=0.0000
2025-09-13 19:36:38,859 - INFO - Batch 410/2278: Loss=1.1890, Cls=0.0007, Reg=0.0000, Con=3.9609
2025-09-13 19:36:39,745 - INFO - Batch 420/2278: Loss=1.1883, Cls=0.0000, Reg=0.0000, Con=3.9609
2025-09-13 19:36:40,638 - INFO - Batch 430/2278: Loss=1.1992, Cls=0.0108, Reg=0.0000, Con=3.9614
2025-09-13 19:36:41,530 - INFO - Batch 440/2278: Loss=0.0118, Cls=0.0118, Reg=0.0000, Con=0.0000
2025-09-13 19:36:42,414 - INFO - Batch 450/2278: Loss=1.1905, Cls=0.0023, Reg=0.0000, Con=3.9608
2025-09-13 19:36:43,302 - INFO - Batch 460/2278: Loss=0.0008, Cls=0.0008, Reg=0.0000, Con=0.0000
2025-09-13 19:36:44,198 - INFO - Batch 470/2278: Loss=0.0013, Cls=0.0013, Reg=0.0000, Con=0.0000
2025-09-13 19:36:45,122 - INFO - Batch 480/2278: Loss=1.1890, Cls=0.0007, Reg=0.0000, Con=3.9609
2025-09-13 19:36:46,210 - INFO - Batch 490/2278: Loss=0.0025, Cls=0.0025, Reg=0.0000, Con=0.0000
2025-09-13 19:36:47,108 - INFO - Batch 500/2278: Loss=0.0002, Cls=0.0002, Reg=0.0000, Con=0.0000
2025-09-13 19:36:48,031 - INFO - Batch 510/2278: Loss=1.1896, Cls=0.0013, Reg=0.0000, Con=3.9608
2025-09-13 19:36:48,935 - INFO - Batch 520/2278: Loss=0.0078, Cls=0.0078, Reg=0.0000, Con=0.0000
2025-09-13 19:36:49,830 - INFO - Batch 530/2278: Loss=1.1897, Cls=0.0014, Reg=0.0000, Con=3.9608
2025-09-13 19:36:50,762 - INFO - Batch 540/2278: Loss=1.1898, Cls=0.0016, Reg=0.0000, Con=3.9609
2025-09-13 19:36:51,668 - INFO - Batch 550/2278: Loss=0.0004, Cls=0.0004, Reg=0.0000, Con=0.0000
2025-09-13 19:36:52,583 - INFO - Batch 560/2278: Loss=1.1897, Cls=0.0015, Reg=0.0000, Con=3.9609
2025-09-13 19:36:53,521 - INFO - Batch 570/2278: Loss=1.1884, Cls=0.0002, Reg=0.0000, Con=3.9608
2025-09-13 19:36:54,460 - INFO - Batch 580/2278: Loss=0.0018, Cls=0.0018, Reg=0.0000, Con=0.0000
2025-09-13 19:36:55,352 - INFO - Batch 590/2278: Loss=2.2945, Cls=1.1062, Reg=0.0000, Con=3.9608
2025-09-13 19:36:56,244 - INFO - Batch 600/2278: Loss=0.0028, Cls=0.0028, Reg=0.0000, Con=0.0000
2025-09-13 19:36:57,159 - INFO - Batch 610/2278: Loss=0.0030, Cls=0.0030, Reg=0.0000, Con=0.0000
2025-09-13 19:36:58,073 - INFO - Batch 620/2278: Loss=1.1882, Cls=0.0000, Reg=0.0000, Con=3.9608
2025-09-13 19:36:58,976 - INFO - Batch 630/2278: Loss=1.1887, Cls=0.0003, Reg=0.0000, Con=3.9611
2025-09-13 19:36:59,903 - INFO - Batch 640/2278: Loss=1.1901, Cls=0.0019, Reg=0.0000, Con=3.9607
2025-09-13 19:37:00,788 - INFO - Batch 650/2278: Loss=1.2059, Cls=0.0176, Reg=0.0000, Con=3.9608
2025-09-13 19:37:01,714 - INFO - Batch 660/2278: Loss=0.0094, Cls=0.0094, Reg=0.0000, Con=0.0000
2025-09-13 19:37:02,623 - INFO - Batch 670/2278: Loss=1.1887, Cls=0.0005, Reg=0.0000, Con=3.9609
2025-09-13 19:37:03,564 - INFO - Batch 680/2278: Loss=0.0026, Cls=0.0026, Reg=0.0000, Con=0.0000
2025-09-13 19:37:04,455 - INFO - Batch 690/2278: Loss=2.3016, Cls=1.1133, Reg=0.0000, Con=3.9609
2025-09-13 19:37:05,369 - INFO - Batch 700/2278: Loss=1.1886, Cls=0.0003, Reg=0.0000, Con=3.9610
2025-09-13 19:37:06,261 - INFO - Batch 710/2278: Loss=1.1917, Cls=0.0034, Reg=0.0000, Con=3.9610
2025-09-13 19:37:07,171 - INFO - Batch 720/2278: Loss=1.1899, Cls=0.0016, Reg=0.0000, Con=3.9610
2025-09-13 19:37:08,079 - INFO - Batch 730/2278: Loss=1.2066, Cls=0.0183, Reg=0.0000, Con=3.9609
2025-09-13 19:37:08,992 - INFO - Batch 740/2278: Loss=1.1882, Cls=0.0000, Reg=0.0000, Con=3.9606
2025-09-13 19:37:09,880 - INFO - Batch 750/2278: Loss=1.1889, Cls=0.0007, Reg=0.0000, Con=3.9606
2025-09-13 19:37:10,762 - INFO - Batch 760/2278: Loss=1.1887, Cls=0.0004, Reg=0.0000, Con=3.9611
2025-09-13 19:37:11,675 - INFO - Batch 770/2278: Loss=1.1899, Cls=0.0016, Reg=0.0000, Con=3.9611
2025-09-13 19:37:12,586 - INFO - Batch 780/2278: Loss=0.0008, Cls=0.0008, Reg=0.0000, Con=0.0000
2025-09-13 19:37:13,481 - INFO - Batch 790/2278: Loss=1.3204, Cls=0.1322, Reg=0.0000, Con=3.9609
2025-09-13 19:37:14,368 - INFO - Batch 800/2278: Loss=1.1885, Cls=0.0002, Reg=0.0000, Con=3.9612
2025-09-13 19:37:15,291 - INFO - Batch 810/2278: Loss=0.0018, Cls=0.0018, Reg=0.0000, Con=0.0000
2025-09-13 19:37:16,211 - INFO - Batch 820/2278: Loss=1.2037, Cls=0.0154, Reg=0.0000, Con=3.9608
2025-09-13 19:37:17,107 - INFO - Batch 830/2278: Loss=1.1884, Cls=0.0002, Reg=0.0000, Con=3.9609
2025-09-13 19:37:18,017 - INFO - Batch 840/2278: Loss=0.0006, Cls=0.0006, Reg=0.0000, Con=0.0000
2025-09-13 19:37:18,954 - INFO - Batch 850/2278: Loss=0.0013, Cls=0.0013, Reg=0.0000, Con=0.0000
2025-09-13 19:37:19,836 - INFO - Batch 860/2278: Loss=1.1893, Cls=0.0010, Reg=0.0000, Con=3.9611
2025-09-13 19:37:20,717 - INFO - Batch 870/2278: Loss=1.1883, Cls=0.0000, Reg=0.0000, Con=3.9609
2025-09-13 19:37:21,613 - INFO - Batch 880/2278: Loss=0.0010, Cls=0.0010, Reg=0.0000, Con=0.0000
2025-09-13 19:37:22,507 - INFO - Batch 890/2278: Loss=1.1930, Cls=0.0047, Reg=0.0000, Con=3.9609
2025-09-13 19:37:23,426 - INFO - Batch 900/2278: Loss=0.0000, Cls=0.0000, Reg=0.0000, Con=0.0000
2025-09-13 19:37:24,301 - INFO - Batch 910/2278: Loss=0.0011, Cls=0.0011, Reg=0.0000, Con=0.0000
2025-09-13 19:37:25,211 - INFO - Batch 920/2278: Loss=0.0005, Cls=0.0005, Reg=0.0000, Con=0.0000
2025-09-13 19:37:26,103 - INFO - Batch 930/2278: Loss=0.0011, Cls=0.0011, Reg=0.0000, Con=0.0000
2025-09-13 19:37:26,994 - INFO - Batch 940/2278: Loss=1.1889, Cls=0.0005, Reg=0.0000, Con=3.9613
2025-09-13 19:37:27,863 - INFO - Batch 950/2278: Loss=0.0009, Cls=0.0009, Reg=0.0000, Con=0.0000
2025-09-13 19:37:28,762 - INFO - Batch 960/2278: Loss=0.0003, Cls=0.0003, Reg=0.0000, Con=0.0000
2025-09-13 19:37:29,669 - INFO - Batch 970/2278: Loss=1.1896, Cls=0.0014, Reg=0.0000, Con=3.9608
2025-09-13 19:37:30,566 - INFO - Batch 980/2278: Loss=1.1902, Cls=0.0020, Reg=0.0000, Con=3.9609
2025-09-13 19:37:31,458 - INFO - Batch 990/2278: Loss=1.2546, Cls=0.0664, Reg=0.0000, Con=3.9609
2025-09-13 19:37:32,339 - INFO - Batch 1000/2278: Loss=1.1901, Cls=0.0018, Reg=0.0000, Con=3.9610
2025-09-13 19:37:33,253 - INFO - Batch 1010/2278: Loss=1.1892, Cls=0.0010, Reg=0.0000, Con=3.9608
2025-09-13 19:37:34,138 - INFO - Batch 1020/2278: Loss=1.1893, Cls=0.0011, Reg=0.0000, Con=3.9608
2025-09-13 19:37:35,058 - INFO - Batch 1030/2278: Loss=0.0003, Cls=0.0003, Reg=0.0000, Con=0.0000
2025-09-13 19:37:35,998 - INFO - Batch 1040/2278: Loss=1.1884, Cls=0.0000, Reg=0.0000, Con=3.9613
2025-09-13 19:37:36,897 - INFO - Batch 1050/2278: Loss=0.0006, Cls=0.0006, Reg=0.0000, Con=0.0000
2025-09-13 19:37:37,793 - INFO - Batch 1060/2278: Loss=3.0562, Cls=1.8679, Reg=0.0000, Con=3.9611
2025-09-13 19:37:38,721 - INFO - Batch 1070/2278: Loss=1.1892, Cls=0.0009, Reg=0.0000, Con=3.9609
2025-09-13 19:37:39,622 - INFO - Batch 1080/2278: Loss=0.0000, Cls=0.0000, Reg=0.0000, Con=0.0000
2025-09-13 19:37:40,536 - INFO - Batch 1090/2278: Loss=1.1885, Cls=0.0002, Reg=0.0000, Con=3.9611
2025-09-13 19:37:41,420 - INFO - Batch 1100/2278: Loss=1.1883, Cls=0.0000, Reg=0.0000, Con=3.9611
2025-09-13 19:37:42,303 - INFO - Batch 1110/2278: Loss=0.0015, Cls=0.0015, Reg=0.0000, Con=0.0000
2025-09-13 19:37:43,212 - INFO - Batch 1120/2278: Loss=0.0072, Cls=0.0072, Reg=0.0000, Con=0.0000
2025-09-13 19:37:44,100 - INFO - Batch 1130/2278: Loss=0.0000, Cls=0.0000, Reg=0.0000, Con=0.0000
2025-09-13 19:37:44,998 - INFO - Batch 1140/2278: Loss=1.1912, Cls=0.0029, Reg=0.0000, Con=3.9609
2025-09-13 19:37:45,902 - INFO - Batch 1150/2278: Loss=0.0006, Cls=0.0006, Reg=0.0000, Con=0.0000
2025-09-13 19:37:46,833 - INFO - Batch 1160/2278: Loss=0.0013, Cls=0.0013, Reg=0.0000, Con=0.0000
2025-09-13 19:37:47,723 - INFO - Batch 1170/2278: Loss=1.1902, Cls=0.0020, Reg=0.0000, Con=3.9608
2025-09-13 19:37:48,652 - INFO - Batch 1180/2278: Loss=1.1887, Cls=0.0004, Reg=0.0000, Con=3.9613
2025-09-13 19:37:49,568 - INFO - Batch 1190/2278: Loss=1.1883, Cls=0.0000, Reg=0.0000, Con=3.9609
2025-09-13 19:37:50,459 - INFO - Batch 1200/2278: Loss=1.1895, Cls=0.0012, Reg=0.0000, Con=3.9611
2025-09-13 19:37:51,365 - INFO - Batch 1210/2278: Loss=1.1940, Cls=0.0057, Reg=0.0000, Con=3.9611
2025-09-13 19:37:52,249 - INFO - Batch 1220/2278: Loss=1.1904, Cls=0.0021, Reg=0.0000, Con=3.9609
2025-09-13 19:37:53,149 - INFO - Batch 1230/2278: Loss=0.0043, Cls=0.0043, Reg=0.0000, Con=0.0000
2025-09-13 19:37:54,041 - INFO - Batch 1240/2278: Loss=1.1926, Cls=0.0044, Reg=0.0000, Con=3.9608
2025-09-13 19:37:54,956 - INFO - Batch 1250/2278: Loss=1.1884, Cls=0.0002, Reg=0.0000, Con=3.9609
2025-09-13 19:37:55,902 - INFO - Batch 1260/2278: Loss=0.0026, Cls=0.0026, Reg=0.0000, Con=0.0000
2025-09-13 19:37:56,810 - INFO - Batch 1270/2278: Loss=1.1891, Cls=0.0008, Reg=0.0000, Con=3.9610
2025-09-13 19:37:57,692 - INFO - Batch 1280/2278: Loss=1.1897, Cls=0.0015, Reg=0.0000, Con=3.9607
2025-09-13 19:37:58,642 - INFO - Batch 1290/2278: Loss=0.0000, Cls=0.0000, Reg=0.0000, Con=0.0000
2025-09-13 19:37:59,523 - INFO - Batch 1300/2278: Loss=0.0044, Cls=0.0044, Reg=0.0000, Con=0.0000
2025-09-13 19:38:00,414 - INFO - Batch 1310/2278: Loss=4.6969, Cls=3.5087, Reg=0.0000, Con=3.9608
2025-09-13 19:38:01,314 - INFO - Batch 1320/2278: Loss=1.1899, Cls=0.0016, Reg=0.0000, Con=3.9610
2025-09-13 19:38:02,211 - INFO - Batch 1330/2278: Loss=1.1902, Cls=0.0019, Reg=0.0000, Con=3.9610
2025-09-13 19:38:03,090 - INFO - Batch 1340/2278: Loss=1.1886, Cls=0.0003, Reg=0.0000, Con=3.9608
2025-09-13 19:38:03,996 - INFO - Batch 1350/2278: Loss=1.1887, Cls=0.0004, Reg=0.0000, Con=3.9608
2025-09-13 19:38:04,904 - INFO - Batch 1360/2278: Loss=1.1893, Cls=0.0009, Reg=0.0000, Con=3.9612
2025-09-13 19:38:05,820 - INFO - Batch 1370/2278: Loss=1.1913, Cls=0.0030, Reg=0.0000, Con=3.9610
2025-09-13 19:38:06,740 - INFO - Batch 1380/2278: Loss=1.1889, Cls=0.0006, Reg=0.0000, Con=3.9608
2025-09-13 19:38:07,647 - INFO - Batch 1390/2278: Loss=1.1944, Cls=0.0061, Reg=0.0000, Con=3.9610
2025-09-13 19:38:08,562 - INFO - Batch 1400/2278: Loss=1.1907, Cls=0.0023, Reg=0.0000, Con=3.9615
2025-09-13 19:38:09,480 - INFO - Batch 1410/2278: Loss=0.0045, Cls=0.0045, Reg=0.0000, Con=0.0000
2025-09-13 19:38:10,415 - INFO - Batch 1420/2278: Loss=1.1944, Cls=0.0061, Reg=0.0000, Con=3.9610
2025-09-13 19:38:11,306 - INFO - Batch 1430/2278: Loss=0.0039, Cls=0.0039, Reg=0.0000, Con=0.0000
2025-09-13 19:38:12,231 - INFO - Batch 1440/2278: Loss=1.1884, Cls=0.0003, Reg=0.0000, Con=3.9606
2025-09-13 19:38:13,152 - INFO - Batch 1450/2278: Loss=0.0201, Cls=0.0201, Reg=0.0000, Con=0.0000
2025-09-13 19:38:14,029 - INFO - Batch 1460/2278: Loss=0.0017, Cls=0.0017, Reg=0.0000, Con=0.0000
2025-09-13 19:38:14,935 - INFO - Batch 1470/2278: Loss=1.1910, Cls=0.0027, Reg=0.0000, Con=3.9607
2025-09-13 19:38:15,813 - INFO - Batch 1480/2278: Loss=1.1936, Cls=0.0054, Reg=0.0000, Con=3.9608
2025-09-13 19:38:16,699 - INFO - Batch 1490/2278: Loss=0.0006, Cls=0.0006, Reg=0.0000, Con=0.0000
2025-09-13 19:38:17,607 - INFO - Batch 1500/2278: Loss=1.1928, Cls=0.0045, Reg=0.0000, Con=3.9610
2025-09-13 19:38:18,523 - INFO - Batch 1510/2278: Loss=1.2660, Cls=0.0778, Reg=0.0000, Con=3.9609
2025-09-13 19:38:19,411 - INFO - Batch 1520/2278: Loss=0.0008, Cls=0.0008, Reg=0.0000, Con=0.0000
2025-09-13 19:38:20,310 - INFO - Batch 1530/2278: Loss=1.1882, Cls=0.0000, Reg=0.0000, Con=3.9608
2025-09-13 19:38:21,240 - INFO - Batch 1540/2278: Loss=1.1936, Cls=0.0053, Reg=0.0000, Con=3.9610
2025-09-13 19:38:22,142 - INFO - Batch 1550/2278: Loss=1.1920, Cls=0.0036, Reg=0.0000, Con=3.9611
2025-09-13 19:38:23,044 - INFO - Batch 1560/2278: Loss=1.1886, Cls=0.0003, Reg=0.0000, Con=3.9608
2025-09-13 19:38:23,927 - INFO - Batch 1570/2278: Loss=0.0004, Cls=0.0004, Reg=0.0000, Con=0.0000
2025-09-13 19:38:24,834 - INFO - Batch 1580/2278: Loss=1.1882, Cls=0.0000, Reg=0.0000, Con=3.9608
2025-09-13 19:38:25,751 - INFO - Batch 1590/2278: Loss=0.0001, Cls=0.0001, Reg=0.0000, Con=0.0000
2025-09-13 19:38:26,661 - INFO - Batch 1600/2278: Loss=1.1980, Cls=0.0097, Reg=0.0000, Con=3.9608
2025-09-13 19:38:27,549 - INFO - Batch 1610/2278: Loss=0.0000, Cls=0.0000, Reg=0.0000, Con=0.0000
2025-09-13 19:38:28,477 - INFO - Batch 1620/2278: Loss=1.1889, Cls=0.0006, Reg=0.0000, Con=3.9608
2025-09-13 19:38:29,361 - INFO - Batch 1630/2278: Loss=2.6169, Cls=1.4286, Reg=0.0000, Con=3.9610
2025-09-13 19:38:30,242 - INFO - Batch 1640/2278: Loss=0.0136, Cls=0.0136, Reg=0.0000, Con=0.0000
2025-09-13 19:38:31,161 - INFO - Batch 1650/2278: Loss=1.1887, Cls=0.0004, Reg=0.0000, Con=3.9609
2025-09-13 19:38:32,086 - INFO - Batch 1660/2278: Loss=1.1890, Cls=0.0006, Reg=0.0000, Con=3.9613
2025-09-13 19:38:32,969 - INFO - Batch 1670/2278: Loss=1.1927, Cls=0.0045, Reg=0.0000, Con=3.9609
2025-09-13 19:38:33,870 - INFO - Batch 1680/2278: Loss=1.1888, Cls=0.0006, Reg=0.0000, Con=3.9607
2025-09-13 19:38:34,733 - INFO - Batch 1690/2278: Loss=1.1932, Cls=0.0049, Reg=0.0000, Con=3.9610
2025-09-13 19:38:35,617 - INFO - Batch 1700/2278: Loss=1.1908, Cls=0.0026, Reg=0.0000, Con=3.9608
2025-09-13 19:38:36,509 - INFO - Batch 1710/2278: Loss=0.0016, Cls=0.0016, Reg=0.0000, Con=0.0000
2025-09-13 19:38:37,405 - INFO - Batch 1720/2278: Loss=0.0004, Cls=0.0004, Reg=0.0000, Con=0.0000
2025-09-13 19:38:38,292 - INFO - Batch 1730/2278: Loss=1.2117, Cls=0.0234, Reg=0.0000, Con=3.9608
2025-09-13 19:38:39,196 - INFO - Batch 1740/2278: Loss=1.4328, Cls=0.2446, Reg=0.0000, Con=3.9609
2025-09-13 19:38:40,091 - INFO - Batch 1750/2278: Loss=0.0022, Cls=0.0022, Reg=0.0000, Con=0.0000
2025-09-13 19:38:41,003 - INFO - Batch 1760/2278: Loss=1.1884, Cls=0.0001, Reg=0.0000, Con=3.9612
2025-09-13 19:38:41,908 - INFO - Batch 1770/2278: Loss=0.0025, Cls=0.0025, Reg=0.0000, Con=0.0000
2025-09-13 19:38:42,827 - INFO - Batch 1780/2278: Loss=0.0020, Cls=0.0020, Reg=0.0000, Con=0.0000
2025-09-13 19:38:43,728 - INFO - Batch 1790/2278: Loss=0.0018, Cls=0.0018, Reg=0.0000, Con=0.0000
2025-09-13 19:38:44,641 - INFO - Batch 1800/2278: Loss=1.1927, Cls=0.0045, Reg=0.0000, Con=3.9607
2025-09-13 19:38:45,517 - INFO - Batch 1810/2278: Loss=0.0021, Cls=0.0021, Reg=0.0000, Con=0.0000
2025-09-13 19:38:46,404 - INFO - Batch 1820/2278: Loss=0.0032, Cls=0.0032, Reg=0.0000, Con=0.0000
2025-09-13 19:38:47,305 - INFO - Batch 1830/2278: Loss=3.0545, Cls=1.8662, Reg=0.0000, Con=3.9608
2025-09-13 19:38:48,272 - INFO - Batch 1840/2278: Loss=0.0011, Cls=0.0011, Reg=0.0000, Con=0.0000
2025-09-13 19:38:49,207 - INFO - Batch 1850/2278: Loss=1.1890, Cls=0.0008, Reg=0.0000, Con=3.9609
2025-09-13 19:38:50,114 - INFO - Batch 1860/2278: Loss=1.1886, Cls=0.0004, Reg=0.0000, Con=3.9607
2025-09-13 19:38:51,066 - INFO - Batch 1870/2278: Loss=0.0035, Cls=0.0035, Reg=0.0000, Con=0.0000
2025-09-13 19:38:51,991 - INFO - Batch 1880/2278: Loss=1.1892, Cls=0.0010, Reg=0.0000, Con=3.9607
2025-09-13 19:38:52,918 - INFO - Batch 1890/2278: Loss=0.0010, Cls=0.0010, Reg=0.0000, Con=0.0000
2025-09-13 19:38:53,823 - INFO - Batch 1900/2278: Loss=0.0028, Cls=0.0028, Reg=0.0000, Con=0.0000
2025-09-13 19:38:54,692 - INFO - Batch 1910/2278: Loss=1.1894, Cls=0.0011, Reg=0.0000, Con=3.9610
2025-09-13 19:38:55,572 - INFO - Batch 1920/2278: Loss=0.0019, Cls=0.0019, Reg=0.0000, Con=0.0000
2025-09-13 19:38:56,483 - INFO - Batch 1930/2278: Loss=1.1920, Cls=0.0037, Reg=0.0000, Con=3.9611
2025-09-13 19:38:57,360 - INFO - Batch 1940/2278: Loss=1.1888, Cls=0.0006, Reg=0.0000, Con=3.9607
2025-09-13 19:38:58,304 - INFO - Batch 1950/2278: Loss=1.1888, Cls=0.0005, Reg=0.0000, Con=3.9609
2025-09-13 19:38:59,216 - INFO - Batch 1960/2278: Loss=1.1901, Cls=0.0018, Reg=0.0000, Con=3.9610
2025-09-13 19:39:00,113 - INFO - Batch 1970/2278: Loss=0.0005, Cls=0.0005, Reg=0.0000, Con=0.0000
2025-09-13 19:39:01,180 - INFO - Batch 1980/2278: Loss=1.1919, Cls=0.0036, Reg=0.0000, Con=3.9610
2025-09-13 19:39:02,158 - INFO - Batch 1990/2278: Loss=1.1891, Cls=0.0009, Reg=0.0000, Con=3.9608
2025-09-13 19:39:03,123 - INFO - Batch 2000/2278: Loss=1.1900, Cls=0.0017, Reg=0.0000, Con=3.9610
2025-09-13 19:39:04,094 - INFO - Batch 2010/2278: Loss=1.1917, Cls=0.0035, Reg=0.0000, Con=3.9608
2025-09-13 19:39:05,023 - INFO - Batch 2020/2278: Loss=1.1886, Cls=0.0004, Reg=0.0000, Con=3.9608
2025-09-13 19:39:05,942 - INFO - Batch 2030/2278: Loss=1.1945, Cls=0.0063, Reg=0.0000, Con=3.9608
2025-09-13 19:39:06,839 - INFO - Batch 2040/2278: Loss=1.1895, Cls=0.0012, Reg=0.0000, Con=3.9610
2025-09-13 19:39:07,768 - INFO - Batch 2050/2278: Loss=0.0004, Cls=0.0004, Reg=0.0000, Con=0.0000
2025-09-13 19:39:08,651 - INFO - Batch 2060/2278: Loss=1.1906, Cls=0.0024, Reg=0.0000, Con=3.9609
2025-09-13 19:39:09,565 - INFO - Batch 2070/2278: Loss=0.0034, Cls=0.0034, Reg=0.0000, Con=0.0000
2025-09-13 19:39:10,463 - INFO - Batch 2080/2278: Loss=1.1895, Cls=0.0011, Reg=0.0000, Con=3.9613
2025-09-13 19:39:11,349 - INFO - Batch 2090/2278: Loss=1.1901, Cls=0.0019, Reg=0.0000, Con=3.9607
2025-09-13 19:39:12,245 - INFO - Batch 2100/2278: Loss=4.2950, Cls=3.1065, Reg=0.0000, Con=3.9619
2025-09-13 19:39:13,124 - INFO - Batch 2110/2278: Loss=1.1899, Cls=0.0016, Reg=0.0000, Con=3.9609
2025-09-13 19:39:14,023 - INFO - Batch 2120/2278: Loss=0.0007, Cls=0.0007, Reg=0.0000, Con=0.0000
2025-09-13 19:39:14,911 - INFO - Batch 2130/2278: Loss=0.0009, Cls=0.0009, Reg=0.0000, Con=0.0000
2025-09-13 19:39:15,814 - INFO - Batch 2140/2278: Loss=0.0016, Cls=0.0016, Reg=0.0000, Con=0.0000
2025-09-13 19:39:16,688 - INFO - Batch 2150/2278: Loss=1.1905, Cls=0.0022, Reg=0.0000, Con=3.9608
2025-09-13 19:39:17,581 - INFO - Batch 2160/2278: Loss=1.1975, Cls=0.0092, Reg=0.0000, Con=3.9609
2025-09-13 19:39:18,502 - INFO - Batch 2170/2278: Loss=2.0529, Cls=0.8647, Reg=0.0000, Con=3.9608
2025-09-13 19:39:19,378 - INFO - Batch 2180/2278: Loss=0.9104, Cls=0.9104, Reg=0.0000, Con=0.0000
2025-09-13 19:39:20,271 - INFO - Batch 2190/2278: Loss=4.3420, Cls=3.1537, Reg=0.0000, Con=3.9609
2025-09-13 19:39:21,192 - INFO - Batch 2200/2278: Loss=1.1895, Cls=0.0012, Reg=0.0000, Con=3.9608
2025-09-13 19:39:22,067 - INFO - Batch 2210/2278: Loss=0.0019, Cls=0.0019, Reg=0.0000, Con=0.0000
2025-09-13 19:39:22,962 - INFO - Batch 2220/2278: Loss=0.0015, Cls=0.0015, Reg=0.0000, Con=0.0000
2025-09-13 19:39:23,843 - INFO - Batch 2230/2278: Loss=1.1883, Cls=0.0000, Reg=0.0000, Con=3.9609
2025-09-13 19:39:24,721 - INFO - Batch 2240/2278: Loss=1.1928, Cls=0.0043, Reg=0.0000, Con=3.9617
2025-09-13 19:39:25,634 - INFO - Batch 2250/2278: Loss=1.2043, Cls=0.0161, Reg=0.0000, Con=3.9608
2025-09-13 19:39:26,659 - INFO - Batch 2260/2278: Loss=0.0015, Cls=0.0015, Reg=0.0000, Con=0.0000
2025-09-13 19:39:27,614 - INFO - Batch 2270/2278: Loss=0.0026, Cls=0.0026, Reg=0.0000, Con=0.0000
2025-09-13 19:42:55,223 - INFO - === Epoch 3 Results ===
2025-09-13 19:42:55,223 - INFO - Training Loss: 0.8896 (Classification: 0.1150, Regression: 0.0000)
2025-09-13 19:42:55,223 - INFO - Validation Loss: 0.0247 (Classification: 0.0247, Regression: 0.0000)
2025-09-13 19:42:55,223 - INFO - Average Classification Accuracy: 0.9791 (on 1/26 tasks)
2025-09-13 19:42:55,223 - INFO - Average AUC: 0.7779
2025-09-13 19:42:58,291 - INFO - Best model saved to: experiments/r1c3_single_cls_14_seed_42_20250913_192213/checkpoints/r1c3_single_cls_14_seed_42_best.pth
2025-09-13 19:42:58,291 - INFO - Training finished!
2025-09-13 19:42:58,292 - INFO - Performing final evaluation...
2025-09-13 19:42:58,542 - INFO - Loaded best model from: experiments/r1c3_single_cls_14_seed_42_20250913_192213/checkpoints/r1c3_single_cls_14_seed_42_best.pth
2025-09-13 19:46:25,548 - INFO - Final Validation Results:
2025-09-13 19:46:25,548 - INFO -   Total Loss: 0.0247
2025-09-13 19:46:25,549 - INFO -   Classification Loss: 0.0247
2025-09-13 19:46:25,549 - INFO -   Regression Loss: 0.0000
2025-09-13 19:46:25,549 - INFO -   Average Classification Accuracy: 0.9791
2025-09-13 19:46:25,549 - INFO -   Average AUC: 0.7779
2025-09-13 19:46:25,549 - INFO - Results saved to: experiments/r1c3_single_cls_14_seed_42_20250913_192213/checkpoints/r1c3_single_cls_14_seed_42_results.json
