2025-09-13 20:10:48,710 - INFO - 🔬 Starting experiment: r1c3_single_cls_18_seed_42
2025-09-13 20:10:48,710 - INFO - 📁 Experiment directory: experiments/r1c3_single_cls_18_seed_42_20250913_201048
2025-09-13 20:10:48,710 - INFO - 🎲 Random seed: 42
2025-09-13 20:10:48,710 - INFO - 🔒 Deterministic mode: True
2025-09-13 20:10:48,710 - INFO - Using device: cuda
2025-09-13 20:10:48,710 - INFO - Total GPU Memory: 25.16 GB
2025-09-13 20:10:48,721 - INFO - 🧪 Fusion: Using cross-attention dynamic fusion
2025-09-13 20:10:48,721 - INFO - 🧪 GNN Backbone: Using default GraphAttentionNetwork branch
2025-09-13 20:10:48,721 - INFO - 🎯 Task Mode: Single classification endpoint 18
2025-09-13 20:10:48,721 - INFO - Configuration saved to: experiments/r1c3_single_cls_18_seed_42_20250913_201048/checkpoints/config.json
2025-09-13 20:10:48,722 - INFO - 🚀 Using preprocessed data from: data/data/processed
2025-09-13 20:10:48,722 - INFO - Loading LMDB dataset from: data/data/processed
2025-09-13 20:10:49,089 - INFO - Number of training batches: 2278
2025-09-13 20:10:49,089 - INFO - Number of validation batches: 2278
2025-09-13 20:10:49,089 - INFO - Number of test batches: 2278
2025-09-13 20:10:49,089 - INFO - Creating ToxD4C model...
2025-09-13 20:10:50,118 - INFO - Model created successfully. Total parameters: 100,932,036
2025-09-13 20:10:50,118 - INFO - Testing model forward pass...
2025-09-13 20:10:50,554 - INFO - Test output shapes:
2025-09-13 20:10:50,554 - INFO -   classification: torch.Size([16, 1])
2025-09-13 20:10:50,557 - INFO -   classification contains NaN: False
2025-09-13 20:10:50,557 - INFO -   classification contains Inf: False
2025-09-13 20:10:50,557 - INFO -   regression: torch.Size([16, 0])
2025-09-13 20:10:50,557 - INFO -   regression contains NaN: False
2025-09-13 20:10:50,557 - INFO -   regression contains Inf: False
2025-09-13 20:10:50,557 - INFO - Model forward pass test successful!
2025-09-13 20:10:51,263 - INFO - 🔁 Loaded checkpoint from: experiments/r1c3_multi_full_seed_42_20250913_152627/checkpoints/r1c3_multi_full_seed_42_best.pth
2025-09-13 20:10:51,264 - INFO - 🧩 Head-only fine-tuning: unfroze head for task 'NR-ER' and froze trunk.
2025-09-13 20:10:51,265 - INFO - Starting training...
2025-09-13 20:10:51,265 - INFO - 
Epoch 1/3
2025-09-13 20:10:51,432 - INFO - Batch 0/2278: Loss=0.0414, Cls=0.0414, Reg=0.0000, Con=0.0000
2025-09-13 20:10:52,319 - INFO - Batch 10/2278: Loss=0.0555, Cls=0.0555, Reg=0.0000, Con=0.0000
2025-09-13 20:10:53,164 - INFO - Batch 20/2278: Loss=1.3346, Cls=0.1463, Reg=0.0000, Con=3.9610
2025-09-13 20:10:54,030 - INFO - Batch 30/2278: Loss=0.0000, Cls=0.0000, Reg=0.0000, Con=0.0000
2025-09-13 20:10:54,894 - INFO - Batch 40/2278: Loss=1.7212, Cls=1.7212, Reg=0.0000, Con=0.0000
2025-09-13 20:10:55,799 - INFO - Batch 50/2278: Loss=1.4229, Cls=0.2346, Reg=0.0000, Con=3.9609
2025-09-13 20:10:56,687 - INFO - Batch 60/2278: Loss=2.6359, Cls=1.4476, Reg=0.0000, Con=3.9609
2025-09-13 20:10:57,566 - INFO - Batch 70/2278: Loss=1.1882, Cls=0.0000, Reg=0.0000, Con=3.9608
2025-09-13 20:10:58,423 - INFO - Batch 80/2278: Loss=0.0071, Cls=0.0071, Reg=0.0000, Con=0.0000
2025-09-13 20:10:59,324 - INFO - Batch 90/2278: Loss=0.0061, Cls=0.0061, Reg=0.0000, Con=0.0000
2025-09-13 20:11:00,201 - INFO - Batch 100/2278: Loss=0.1226, Cls=0.1226, Reg=0.0000, Con=0.0000
2025-09-13 20:11:01,086 - INFO - Batch 110/2278: Loss=0.0000, Cls=0.0000, Reg=0.0000, Con=0.0000
2025-09-13 20:11:01,960 - INFO - Batch 120/2278: Loss=1.1955, Cls=0.0073, Reg=0.0000, Con=3.9609
2025-09-13 20:11:02,830 - INFO - Batch 130/2278: Loss=1.2543, Cls=0.0660, Reg=0.0000, Con=3.9609
2025-09-13 20:11:03,697 - INFO - Batch 140/2278: Loss=1.3136, Cls=0.1252, Reg=0.0000, Con=3.9615
2025-09-13 20:11:04,593 - INFO - Batch 150/2278: Loss=1.2922, Cls=0.1038, Reg=0.0000, Con=3.9613
2025-09-13 20:11:05,478 - INFO - Batch 160/2278: Loss=1.2201, Cls=0.0318, Reg=0.0000, Con=3.9611
2025-09-13 20:11:06,356 - INFO - Batch 170/2278: Loss=1.4043, Cls=0.2160, Reg=0.0000, Con=3.9611
2025-09-13 20:11:07,250 - INFO - Batch 180/2278: Loss=1.2013, Cls=0.0130, Reg=0.0000, Con=3.9610
2025-09-13 20:11:08,117 - INFO - Batch 190/2278: Loss=1.2505, Cls=0.0623, Reg=0.0000, Con=3.9608
2025-09-13 20:11:08,981 - INFO - Batch 200/2278: Loss=0.0373, Cls=0.0373, Reg=0.0000, Con=0.0000
2025-09-13 20:11:09,870 - INFO - Batch 210/2278: Loss=0.0234, Cls=0.0234, Reg=0.0000, Con=0.0000
2025-09-13 20:11:10,770 - INFO - Batch 220/2278: Loss=0.0042, Cls=0.0042, Reg=0.0000, Con=0.0000
2025-09-13 20:11:11,661 - INFO - Batch 230/2278: Loss=1.1940, Cls=0.0057, Reg=0.0000, Con=3.9610
2025-09-13 20:11:12,519 - INFO - Batch 240/2278: Loss=1.1929, Cls=0.0047, Reg=0.0000, Con=3.9608
2025-09-13 20:11:13,386 - INFO - Batch 250/2278: Loss=0.0067, Cls=0.0067, Reg=0.0000, Con=0.0000
2025-09-13 20:11:14,258 - INFO - Batch 260/2278: Loss=2.5639, Cls=1.3757, Reg=0.0000, Con=3.9607
2025-09-13 20:11:15,138 - INFO - Batch 270/2278: Loss=0.0000, Cls=0.0000, Reg=0.0000, Con=0.0000
2025-09-13 20:11:16,008 - INFO - Batch 280/2278: Loss=1.2011, Cls=0.0128, Reg=0.0000, Con=3.9611
2025-09-13 20:11:16,869 - INFO - Batch 290/2278: Loss=0.0714, Cls=0.0714, Reg=0.0000, Con=0.0000
2025-09-13 20:11:17,731 - INFO - Batch 300/2278: Loss=1.1962, Cls=0.0080, Reg=0.0000, Con=3.9609
2025-09-13 20:11:18,635 - INFO - Batch 310/2278: Loss=1.1905, Cls=0.0022, Reg=0.0000, Con=3.9612
2025-09-13 20:11:19,502 - INFO - Batch 320/2278: Loss=0.0121, Cls=0.0121, Reg=0.0000, Con=0.0000
2025-09-13 20:11:20,406 - INFO - Batch 330/2278: Loss=1.1975, Cls=0.0093, Reg=0.0000, Con=3.9609
2025-09-13 20:11:21,298 - INFO - Batch 340/2278: Loss=1.2471, Cls=0.0587, Reg=0.0000, Con=3.9610
2025-09-13 20:11:22,212 - INFO - Batch 350/2278: Loss=1.2552, Cls=0.0669, Reg=0.0000, Con=3.9611
2025-09-13 20:11:23,067 - INFO - Batch 360/2278: Loss=1.1882, Cls=0.0000, Reg=0.0000, Con=3.9607
2025-09-13 20:11:23,967 - INFO - Batch 370/2278: Loss=1.2011, Cls=0.0128, Reg=0.0000, Con=3.9609
2025-09-13 20:11:24,846 - INFO - Batch 380/2278: Loss=1.1986, Cls=0.0104, Reg=0.0000, Con=3.9607
2025-09-13 20:11:25,741 - INFO - Batch 390/2278: Loss=1.1882, Cls=0.0000, Reg=0.0000, Con=3.9607
2025-09-13 20:11:26,632 - INFO - Batch 400/2278: Loss=0.1197, Cls=0.1197, Reg=0.0000, Con=0.0000
2025-09-13 20:11:27,504 - INFO - Batch 410/2278: Loss=0.0037, Cls=0.0037, Reg=0.0000, Con=0.0000
2025-09-13 20:11:28,395 - INFO - Batch 420/2278: Loss=2.0005, Cls=2.0005, Reg=0.0000, Con=0.0000
2025-09-13 20:11:29,277 - INFO - Batch 430/2278: Loss=1.2020, Cls=0.0138, Reg=0.0000, Con=3.9607
2025-09-13 20:11:30,139 - INFO - Batch 440/2278: Loss=2.5028, Cls=1.3145, Reg=0.0000, Con=3.9608
2025-09-13 20:11:30,994 - INFO - Batch 450/2278: Loss=1.2211, Cls=0.0329, Reg=0.0000, Con=3.9607
2025-09-13 20:11:31,862 - INFO - Batch 460/2278: Loss=1.2853, Cls=0.0971, Reg=0.0000, Con=3.9607
2025-09-13 20:11:32,774 - INFO - Batch 470/2278: Loss=1.1938, Cls=0.0055, Reg=0.0000, Con=3.9611
2025-09-13 20:11:33,662 - INFO - Batch 480/2278: Loss=1.1975, Cls=0.0093, Reg=0.0000, Con=3.9607
2025-09-13 20:11:34,527 - INFO - Batch 490/2278: Loss=0.0000, Cls=0.0000, Reg=0.0000, Con=0.0000
2025-09-13 20:11:35,395 - INFO - Batch 500/2278: Loss=0.0028, Cls=0.0028, Reg=0.0000, Con=0.0000
2025-09-13 20:11:36,267 - INFO - Batch 510/2278: Loss=1.1883, Cls=0.0000, Reg=0.0000, Con=3.9609
2025-09-13 20:11:37,135 - INFO - Batch 520/2278: Loss=3.7328, Cls=2.5446, Reg=0.0000, Con=3.9608
2025-09-13 20:11:38,015 - INFO - Batch 530/2278: Loss=1.2074, Cls=0.0192, Reg=0.0000, Con=3.9608
2025-09-13 20:11:38,943 - INFO - Batch 540/2278: Loss=1.9203, Cls=0.7320, Reg=0.0000, Con=3.9610
2025-09-13 20:11:39,820 - INFO - Batch 550/2278: Loss=1.1882, Cls=0.0000, Reg=0.0000, Con=3.9607
2025-09-13 20:11:40,728 - INFO - Batch 560/2278: Loss=1.1922, Cls=0.0039, Reg=0.0000, Con=3.9609
2025-09-13 20:11:41,631 - INFO - Batch 570/2278: Loss=1.2630, Cls=0.0747, Reg=0.0000, Con=3.9608
2025-09-13 20:11:42,505 - INFO - Batch 580/2278: Loss=1.2585, Cls=1.2585, Reg=0.0000, Con=0.0000
2025-09-13 20:11:43,379 - INFO - Batch 590/2278: Loss=0.4696, Cls=0.4696, Reg=0.0000, Con=0.0000
2025-09-13 20:11:44,264 - INFO - Batch 600/2278: Loss=1.2114, Cls=0.0232, Reg=0.0000, Con=3.9609
2025-09-13 20:11:45,127 - INFO - Batch 610/2278: Loss=1.2249, Cls=0.0367, Reg=0.0000, Con=3.9609
2025-09-13 20:11:46,009 - INFO - Batch 620/2278: Loss=1.2260, Cls=0.0378, Reg=0.0000, Con=3.9608
2025-09-13 20:11:46,932 - INFO - Batch 630/2278: Loss=0.0000, Cls=0.0000, Reg=0.0000, Con=0.0000
2025-09-13 20:11:47,830 - INFO - Batch 640/2278: Loss=2.5862, Cls=1.3980, Reg=0.0000, Con=3.9608
2025-09-13 20:11:48,712 - INFO - Batch 650/2278: Loss=1.2136, Cls=0.0252, Reg=0.0000, Con=3.9613
2025-09-13 20:11:49,568 - INFO - Batch 660/2278: Loss=1.1931, Cls=0.0049, Reg=0.0000, Con=3.9608
2025-09-13 20:11:50,442 - INFO - Batch 670/2278: Loss=1.1883, Cls=0.0000, Reg=0.0000, Con=3.9608
2025-09-13 20:11:51,315 - INFO - Batch 680/2278: Loss=1.1882, Cls=0.0000, Reg=0.0000, Con=3.9608
2025-09-13 20:11:52,377 - INFO - Batch 690/2278: Loss=4.2010, Cls=3.0128, Reg=0.0000, Con=3.9608
2025-09-13 20:11:53,300 - INFO - Batch 700/2278: Loss=0.0070, Cls=0.0070, Reg=0.0000, Con=0.0000
2025-09-13 20:11:54,205 - INFO - Batch 710/2278: Loss=1.1882, Cls=0.0000, Reg=0.0000, Con=3.9607
2025-09-13 20:11:55,075 - INFO - Batch 720/2278: Loss=1.1954, Cls=0.0072, Reg=0.0000, Con=3.9609
2025-09-13 20:11:55,956 - INFO - Batch 730/2278: Loss=1.2142, Cls=0.0258, Reg=0.0000, Con=3.9613
2025-09-13 20:11:56,825 - INFO - Batch 740/2278: Loss=1.2117, Cls=0.0234, Reg=0.0000, Con=3.9610
2025-09-13 20:11:57,708 - INFO - Batch 750/2278: Loss=1.2103, Cls=0.0220, Reg=0.0000, Con=3.9609
2025-09-13 20:11:58,582 - INFO - Batch 760/2278: Loss=2.8945, Cls=1.7063, Reg=0.0000, Con=3.9608
2025-09-13 20:11:59,454 - INFO - Batch 770/2278: Loss=1.2558, Cls=0.0675, Reg=0.0000, Con=3.9610
2025-09-13 20:12:00,333 - INFO - Batch 780/2278: Loss=1.1939, Cls=0.0057, Reg=0.0000, Con=3.9608
2025-09-13 20:12:01,206 - INFO - Batch 790/2278: Loss=0.0668, Cls=0.0668, Reg=0.0000, Con=0.0000
2025-09-13 20:12:02,080 - INFO - Batch 800/2278: Loss=1.1932, Cls=0.0049, Reg=0.0000, Con=3.9612
2025-09-13 20:12:02,945 - INFO - Batch 810/2278: Loss=1.1902, Cls=0.0019, Reg=0.0000, Con=3.9612
2025-09-13 20:12:03,832 - INFO - Batch 820/2278: Loss=1.1883, Cls=0.0000, Reg=0.0000, Con=3.9609
2025-09-13 20:12:04,726 - INFO - Batch 830/2278: Loss=3.3326, Cls=2.1443, Reg=0.0000, Con=3.9609
2025-09-13 20:12:05,594 - INFO - Batch 840/2278: Loss=1.5133, Cls=0.3251, Reg=0.0000, Con=3.9608
2025-09-13 20:12:06,489 - INFO - Batch 850/2278: Loss=0.0033, Cls=0.0033, Reg=0.0000, Con=0.0000
2025-09-13 20:12:07,338 - INFO - Batch 860/2278: Loss=1.6681, Cls=0.4798, Reg=0.0000, Con=3.9607
2025-09-13 20:12:08,226 - INFO - Batch 870/2278: Loss=0.3760, Cls=0.3760, Reg=0.0000, Con=0.0000
2025-09-13 20:12:09,121 - INFO - Batch 880/2278: Loss=0.0113, Cls=0.0113, Reg=0.0000, Con=0.0000
2025-09-13 20:12:09,968 - INFO - Batch 890/2278: Loss=1.8993, Cls=1.8993, Reg=0.0000, Con=0.0000
2025-09-13 20:12:10,841 - INFO - Batch 900/2278: Loss=2.7775, Cls=1.5892, Reg=0.0000, Con=3.9609
2025-09-13 20:12:11,730 - INFO - Batch 910/2278: Loss=1.3087, Cls=0.1205, Reg=0.0000, Con=3.9609
2025-09-13 20:12:12,593 - INFO - Batch 920/2278: Loss=1.4531, Cls=0.2648, Reg=0.0000, Con=3.9610
2025-09-13 20:12:13,470 - INFO - Batch 930/2278: Loss=1.1882, Cls=0.0000, Reg=0.0000, Con=3.9608
2025-09-13 20:12:14,342 - INFO - Batch 940/2278: Loss=1.2053, Cls=0.0171, Reg=0.0000, Con=3.9609
2025-09-13 20:12:15,221 - INFO - Batch 950/2278: Loss=1.1883, Cls=0.0000, Reg=0.0000, Con=3.9611
2025-09-13 20:12:16,081 - INFO - Batch 960/2278: Loss=1.2261, Cls=0.0378, Reg=0.0000, Con=3.9609
2025-09-13 20:12:16,961 - INFO - Batch 970/2278: Loss=2.6956, Cls=1.5072, Reg=0.0000, Con=3.9612
2025-09-13 20:12:17,824 - INFO - Batch 980/2278: Loss=0.0064, Cls=0.0064, Reg=0.0000, Con=0.0000
2025-09-13 20:12:18,694 - INFO - Batch 990/2278: Loss=0.0000, Cls=0.0000, Reg=0.0000, Con=0.0000
2025-09-13 20:12:19,556 - INFO - Batch 1000/2278: Loss=1.8812, Cls=0.6929, Reg=0.0000, Con=3.9609
2025-09-13 20:12:20,446 - INFO - Batch 1010/2278: Loss=1.2372, Cls=0.0490, Reg=0.0000, Con=3.9608
2025-09-13 20:12:21,330 - INFO - Batch 1020/2278: Loss=0.0047, Cls=0.0047, Reg=0.0000, Con=0.0000
2025-09-13 20:12:22,211 - INFO - Batch 1030/2278: Loss=1.1943, Cls=0.0060, Reg=0.0000, Con=3.9610
2025-09-13 20:12:23,112 - INFO - Batch 1040/2278: Loss=1.1975, Cls=0.0093, Reg=0.0000, Con=3.9607
2025-09-13 20:12:23,955 - INFO - Batch 1050/2278: Loss=2.0618, Cls=0.8735, Reg=0.0000, Con=3.9609
2025-09-13 20:12:24,824 - INFO - Batch 1060/2278: Loss=1.1930, Cls=0.0047, Reg=0.0000, Con=3.9608
2025-09-13 20:12:25,691 - INFO - Batch 1070/2278: Loss=1.1882, Cls=0.0000, Reg=0.0000, Con=3.9608
2025-09-13 20:12:26,561 - INFO - Batch 1080/2278: Loss=2.4851, Cls=2.4851, Reg=0.0000, Con=0.0000
2025-09-13 20:12:27,469 - INFO - Batch 1090/2278: Loss=3.8507, Cls=2.6625, Reg=0.0000, Con=3.9609
2025-09-13 20:12:28,345 - INFO - Batch 1100/2278: Loss=0.0000, Cls=0.0000, Reg=0.0000, Con=0.0000
2025-09-13 20:12:29,238 - INFO - Batch 1110/2278: Loss=1.1908, Cls=0.0026, Reg=0.0000, Con=3.9608
2025-09-13 20:12:30,113 - INFO - Batch 1120/2278: Loss=0.5272, Cls=0.5272, Reg=0.0000, Con=0.0000
2025-09-13 20:12:31,020 - INFO - Batch 1130/2278: Loss=1.2187, Cls=0.0304, Reg=0.0000, Con=3.9608
2025-09-13 20:12:31,893 - INFO - Batch 1140/2278: Loss=1.9373, Cls=0.7490, Reg=0.0000, Con=3.9608
2025-09-13 20:12:32,762 - INFO - Batch 1150/2278: Loss=1.1982, Cls=0.0098, Reg=0.0000, Con=3.9611
2025-09-13 20:12:33,636 - INFO - Batch 1160/2278: Loss=1.8062, Cls=0.6179, Reg=0.0000, Con=3.9609
2025-09-13 20:12:34,511 - INFO - Batch 1170/2278: Loss=2.4733, Cls=1.2851, Reg=0.0000, Con=3.9607
2025-09-13 20:12:35,369 - INFO - Batch 1180/2278: Loss=1.2084, Cls=0.0201, Reg=0.0000, Con=3.9609
2025-09-13 20:12:36,249 - INFO - Batch 1190/2278: Loss=1.2516, Cls=0.0633, Reg=0.0000, Con=3.9609
2025-09-13 20:12:37,135 - INFO - Batch 1200/2278: Loss=0.0258, Cls=0.0258, Reg=0.0000, Con=0.0000
2025-09-13 20:12:38,020 - INFO - Batch 1210/2278: Loss=1.2082, Cls=0.0199, Reg=0.0000, Con=3.9610
2025-09-13 20:12:38,892 - INFO - Batch 1220/2278: Loss=1.3999, Cls=1.3999, Reg=0.0000, Con=0.0000
2025-09-13 20:12:39,773 - INFO - Batch 1230/2278: Loss=1.1883, Cls=0.0000, Reg=0.0000, Con=3.9609
2025-09-13 20:12:40,678 - INFO - Batch 1240/2278: Loss=1.1883, Cls=0.0000, Reg=0.0000, Con=3.9609
2025-09-13 20:12:41,557 - INFO - Batch 1250/2278: Loss=0.0001, Cls=0.0001, Reg=0.0000, Con=0.0000
2025-09-13 20:12:42,434 - INFO - Batch 1260/2278: Loss=1.1958, Cls=0.0076, Reg=0.0000, Con=3.9608
2025-09-13 20:12:43,320 - INFO - Batch 1270/2278: Loss=1.1903, Cls=0.0020, Reg=0.0000, Con=3.9609
2025-09-13 20:12:44,180 - INFO - Batch 1280/2278: Loss=0.0283, Cls=0.0283, Reg=0.0000, Con=0.0000
2025-09-13 20:12:45,053 - INFO - Batch 1290/2278: Loss=0.0496, Cls=0.0496, Reg=0.0000, Con=0.0000
2025-09-13 20:12:45,937 - INFO - Batch 1300/2278: Loss=1.2107, Cls=0.0224, Reg=0.0000, Con=3.9610
2025-09-13 20:12:46,822 - INFO - Batch 1310/2278: Loss=1.1931, Cls=0.0048, Reg=0.0000, Con=3.9611
2025-09-13 20:12:47,709 - INFO - Batch 1320/2278: Loss=0.0013, Cls=0.0013, Reg=0.0000, Con=0.0000
2025-09-13 20:12:48,572 - INFO - Batch 1330/2278: Loss=1.1904, Cls=0.0020, Reg=0.0000, Con=3.9613
2025-09-13 20:12:49,436 - INFO - Batch 1340/2278: Loss=1.1882, Cls=0.0000, Reg=0.0000, Con=3.9608
2025-09-13 20:12:50,313 - INFO - Batch 1350/2278: Loss=0.0054, Cls=0.0054, Reg=0.0000, Con=0.0000
2025-09-13 20:12:51,193 - INFO - Batch 1360/2278: Loss=1.2192, Cls=0.0309, Reg=0.0000, Con=3.9610
2025-09-13 20:12:52,096 - INFO - Batch 1370/2278: Loss=1.1882, Cls=0.0000, Reg=0.0000, Con=3.9608
2025-09-13 20:12:52,993 - INFO - Batch 1380/2278: Loss=6.3700, Cls=5.1817, Reg=0.0000, Con=3.9608
2025-09-13 20:12:53,869 - INFO - Batch 1390/2278: Loss=1.2044, Cls=0.0161, Reg=0.0000, Con=3.9608
2025-09-13 20:12:54,785 - INFO - Batch 1400/2278: Loss=1.2050, Cls=0.0167, Reg=0.0000, Con=3.9609
2025-09-13 20:12:55,818 - INFO - Batch 1410/2278: Loss=1.6283, Cls=0.4399, Reg=0.0000, Con=3.9612
2025-09-13 20:12:56,766 - INFO - Batch 1420/2278: Loss=0.9563, Cls=0.9563, Reg=0.0000, Con=0.0000
2025-09-13 20:12:57,642 - INFO - Batch 1430/2278: Loss=1.2164, Cls=0.0282, Reg=0.0000, Con=3.9609
2025-09-13 20:12:58,492 - INFO - Batch 1440/2278: Loss=1.1883, Cls=0.0000, Reg=0.0000, Con=3.9609
2025-09-13 20:12:59,338 - INFO - Batch 1450/2278: Loss=1.2076, Cls=0.0194, Reg=0.0000, Con=3.9608
2025-09-13 20:13:00,221 - INFO - Batch 1460/2278: Loss=0.0135, Cls=0.0135, Reg=0.0000, Con=0.0000
2025-09-13 20:13:01,101 - INFO - Batch 1470/2278: Loss=1.1909, Cls=0.0026, Reg=0.0000, Con=3.9609
2025-09-13 20:13:01,998 - INFO - Batch 1480/2278: Loss=1.2019, Cls=0.0136, Reg=0.0000, Con=3.9607
2025-09-13 20:13:02,882 - INFO - Batch 1490/2278: Loss=1.1910, Cls=0.0028, Reg=0.0000, Con=3.9609
2025-09-13 20:13:03,780 - INFO - Batch 1500/2278: Loss=1.1931, Cls=0.0048, Reg=0.0000, Con=3.9609
2025-09-13 20:13:04,663 - INFO - Batch 1510/2278: Loss=0.0000, Cls=0.0000, Reg=0.0000, Con=0.0000
2025-09-13 20:13:05,537 - INFO - Batch 1520/2278: Loss=2.9619, Cls=1.7737, Reg=0.0000, Con=3.9608
2025-09-13 20:13:06,405 - INFO - Batch 1530/2278: Loss=1.4886, Cls=0.3004, Reg=0.0000, Con=3.9608
2025-09-13 20:13:07,292 - INFO - Batch 1540/2278: Loss=1.1940, Cls=0.0057, Reg=0.0000, Con=3.9609
2025-09-13 20:13:08,187 - INFO - Batch 1550/2278: Loss=1.2096, Cls=0.0214, Reg=0.0000, Con=3.9610
2025-09-13 20:13:09,090 - INFO - Batch 1560/2278: Loss=1.2484, Cls=0.0601, Reg=0.0000, Con=3.9609
2025-09-13 20:13:10,013 - INFO - Batch 1570/2278: Loss=2.0547, Cls=0.8664, Reg=0.0000, Con=3.9608
2025-09-13 20:13:10,913 - INFO - Batch 1580/2278: Loss=1.2053, Cls=0.0171, Reg=0.0000, Con=3.9608
2025-09-13 20:13:11,799 - INFO - Batch 1590/2278: Loss=1.1883, Cls=0.0000, Reg=0.0000, Con=3.9609
2025-09-13 20:13:12,665 - INFO - Batch 1600/2278: Loss=1.2262, Cls=0.0379, Reg=0.0000, Con=3.9608
2025-09-13 20:13:13,530 - INFO - Batch 1610/2278: Loss=0.0311, Cls=0.0311, Reg=0.0000, Con=0.0000
2025-09-13 20:13:14,432 - INFO - Batch 1620/2278: Loss=0.0149, Cls=0.0149, Reg=0.0000, Con=0.0000
2025-09-13 20:13:15,322 - INFO - Batch 1630/2278: Loss=1.1882, Cls=0.0000, Reg=0.0000, Con=3.9608
2025-09-13 20:13:16,202 - INFO - Batch 1640/2278: Loss=0.0134, Cls=0.0134, Reg=0.0000, Con=0.0000
2025-09-13 20:13:17,100 - INFO - Batch 1650/2278: Loss=0.0261, Cls=0.0261, Reg=0.0000, Con=0.0000
2025-09-13 20:13:17,990 - INFO - Batch 1660/2278: Loss=0.5928, Cls=0.5928, Reg=0.0000, Con=0.0000
2025-09-13 20:13:18,847 - INFO - Batch 1670/2278: Loss=1.1912, Cls=0.0029, Reg=0.0000, Con=3.9612
2025-09-13 20:13:19,750 - INFO - Batch 1680/2278: Loss=1.6842, Cls=1.6842, Reg=0.0000, Con=0.0000
2025-09-13 20:13:20,634 - INFO - Batch 1690/2278: Loss=1.1998, Cls=0.0114, Reg=0.0000, Con=3.9612
2025-09-13 20:13:21,493 - INFO - Batch 1700/2278: Loss=1.1941, Cls=0.0057, Reg=0.0000, Con=3.9612
2025-09-13 20:13:22,361 - INFO - Batch 1710/2278: Loss=0.0052, Cls=0.0052, Reg=0.0000, Con=0.0000
2025-09-13 20:13:23,234 - INFO - Batch 1720/2278: Loss=1.2162, Cls=0.0280, Reg=0.0000, Con=3.9608
2025-09-13 20:13:24,126 - INFO - Batch 1730/2278: Loss=4.9226, Cls=4.9226, Reg=0.0000, Con=0.0000
2025-09-13 20:13:25,024 - INFO - Batch 1740/2278: Loss=0.0000, Cls=0.0000, Reg=0.0000, Con=0.0000
2025-09-13 20:13:25,893 - INFO - Batch 1750/2278: Loss=1.1883, Cls=0.0000, Reg=0.0000, Con=3.9609
2025-09-13 20:13:26,796 - INFO - Batch 1760/2278: Loss=1.1921, Cls=0.0039, Reg=0.0000, Con=3.9609
2025-09-13 20:13:27,681 - INFO - Batch 1770/2278: Loss=1.1882, Cls=0.0000, Reg=0.0000, Con=3.9608
2025-09-13 20:13:28,560 - INFO - Batch 1780/2278: Loss=1.1962, Cls=0.0080, Reg=0.0000, Con=3.9608
2025-09-13 20:13:29,431 - INFO - Batch 1790/2278: Loss=0.0716, Cls=0.0716, Reg=0.0000, Con=0.0000
2025-09-13 20:13:30,320 - INFO - Batch 1800/2278: Loss=1.0361, Cls=1.0361, Reg=0.0000, Con=0.0000
2025-09-13 20:13:31,225 - INFO - Batch 1810/2278: Loss=0.0072, Cls=0.0072, Reg=0.0000, Con=0.0000
2025-09-13 20:13:32,095 - INFO - Batch 1820/2278: Loss=1.1883, Cls=0.0000, Reg=0.0000, Con=3.9611
2025-09-13 20:13:32,959 - INFO - Batch 1830/2278: Loss=0.0015, Cls=0.0015, Reg=0.0000, Con=0.0000
2025-09-13 20:13:33,923 - INFO - Batch 1840/2278: Loss=0.0249, Cls=0.0249, Reg=0.0000, Con=0.0000
2025-09-13 20:13:34,984 - INFO - Batch 1850/2278: Loss=4.2749, Cls=3.0867, Reg=0.0000, Con=3.9608
2025-09-13 20:13:35,879 - INFO - Batch 1860/2278: Loss=0.1304, Cls=0.1304, Reg=0.0000, Con=0.0000
2025-09-13 20:13:36,743 - INFO - Batch 1870/2278: Loss=1.1891, Cls=0.0008, Reg=0.0000, Con=3.9608
2025-09-13 20:13:37,627 - INFO - Batch 1880/2278: Loss=0.0000, Cls=0.0000, Reg=0.0000, Con=0.0000
2025-09-13 20:13:38,516 - INFO - Batch 1890/2278: Loss=1.1969, Cls=0.0086, Reg=0.0000, Con=3.9609
2025-09-13 20:13:39,388 - INFO - Batch 1900/2278: Loss=2.4376, Cls=2.4376, Reg=0.0000, Con=0.0000
2025-09-13 20:13:40,277 - INFO - Batch 1910/2278: Loss=0.0038, Cls=0.0038, Reg=0.0000, Con=0.0000
2025-09-13 20:13:41,197 - INFO - Batch 1920/2278: Loss=2.0501, Cls=0.8619, Reg=0.0000, Con=3.9607
2025-09-13 20:13:42,069 - INFO - Batch 1930/2278: Loss=1.2111, Cls=0.0229, Reg=0.0000, Con=3.9607
2025-09-13 20:13:42,959 - INFO - Batch 1940/2278: Loss=1.2473, Cls=0.0590, Reg=0.0000, Con=3.9608
2025-09-13 20:13:43,820 - INFO - Batch 1950/2278: Loss=1.1907, Cls=0.0024, Reg=0.0000, Con=3.9608
2025-09-13 20:13:44,690 - INFO - Batch 1960/2278: Loss=1.2019, Cls=0.0136, Reg=0.0000, Con=3.9609
2025-09-13 20:13:45,554 - INFO - Batch 1970/2278: Loss=1.1883, Cls=0.0000, Reg=0.0000, Con=3.9611
2025-09-13 20:13:46,436 - INFO - Batch 1980/2278: Loss=2.9896, Cls=1.8013, Reg=0.0000, Con=3.9608
2025-09-13 20:13:47,309 - INFO - Batch 1990/2278: Loss=1.1903, Cls=0.0019, Reg=0.0000, Con=3.9615
2025-09-13 20:13:48,183 - INFO - Batch 2000/2278: Loss=0.0047, Cls=0.0047, Reg=0.0000, Con=0.0000
2025-09-13 20:13:49,065 - INFO - Batch 2010/2278: Loss=1.1922, Cls=0.0039, Reg=0.0000, Con=3.9608
2025-09-13 20:13:49,953 - INFO - Batch 2020/2278: Loss=2.9737, Cls=1.7854, Reg=0.0000, Con=3.9608
2025-09-13 20:13:50,830 - INFO - Batch 2030/2278: Loss=1.1882, Cls=0.0000, Reg=0.0000, Con=3.9607
2025-09-13 20:13:51,714 - INFO - Batch 2040/2278: Loss=1.2103, Cls=0.0220, Reg=0.0000, Con=3.9609
2025-09-13 20:13:52,611 - INFO - Batch 2050/2278: Loss=1.1945, Cls=0.0063, Reg=0.0000, Con=3.9608
2025-09-13 20:13:53,469 - INFO - Batch 2060/2278: Loss=0.0138, Cls=0.0138, Reg=0.0000, Con=0.0000
2025-09-13 20:13:54,320 - INFO - Batch 2070/2278: Loss=1.2018, Cls=0.0135, Reg=0.0000, Con=3.9611
2025-09-13 20:13:55,204 - INFO - Batch 2080/2278: Loss=1.1967, Cls=0.0084, Reg=0.0000, Con=3.9610
2025-09-13 20:13:56,106 - INFO - Batch 2090/2278: Loss=1.2013, Cls=0.0130, Reg=0.0000, Con=3.9612
2025-09-13 20:13:56,984 - INFO - Batch 2100/2278: Loss=1.1883, Cls=0.0000, Reg=0.0000, Con=3.9611
2025-09-13 20:13:57,865 - INFO - Batch 2110/2278: Loss=1.1927, Cls=0.0044, Reg=0.0000, Con=3.9609
2025-09-13 20:13:58,768 - INFO - Batch 2120/2278: Loss=0.0759, Cls=0.0759, Reg=0.0000, Con=0.0000
2025-09-13 20:13:59,663 - INFO - Batch 2130/2278: Loss=1.1945, Cls=0.0063, Reg=0.0000, Con=3.9606
2025-09-13 20:14:00,547 - INFO - Batch 2140/2278: Loss=1.1910, Cls=0.0027, Reg=0.0000, Con=3.9608
2025-09-13 20:14:01,417 - INFO - Batch 2150/2278: Loss=1.1994, Cls=0.0112, Reg=0.0000, Con=3.9607
2025-09-13 20:14:02,291 - INFO - Batch 2160/2278: Loss=1.1960, Cls=0.0077, Reg=0.0000, Con=3.9608
2025-09-13 20:14:03,165 - INFO - Batch 2170/2278: Loss=1.1929, Cls=0.0046, Reg=0.0000, Con=3.9609
2025-09-13 20:14:04,042 - INFO - Batch 2180/2278: Loss=0.0532, Cls=0.0532, Reg=0.0000, Con=0.0000
2025-09-13 20:14:04,940 - INFO - Batch 2190/2278: Loss=0.0097, Cls=0.0097, Reg=0.0000, Con=0.0000
2025-09-13 20:14:05,834 - INFO - Batch 2200/2278: Loss=1.1949, Cls=0.0068, Reg=0.0000, Con=3.9605
2025-09-13 20:14:06,743 - INFO - Batch 2210/2278: Loss=1.2161, Cls=0.0278, Reg=0.0000, Con=3.9609
2025-09-13 20:14:07,605 - INFO - Batch 2220/2278: Loss=1.2076, Cls=0.0193, Reg=0.0000, Con=3.9610
2025-09-13 20:14:08,468 - INFO - Batch 2230/2278: Loss=0.0081, Cls=0.0081, Reg=0.0000, Con=0.0000
2025-09-13 20:14:09,346 - INFO - Batch 2240/2278: Loss=0.0045, Cls=0.0045, Reg=0.0000, Con=0.0000
2025-09-13 20:14:10,205 - INFO - Batch 2250/2278: Loss=1.1966, Cls=0.0084, Reg=0.0000, Con=3.9609
2025-09-13 20:14:11,097 - INFO - Batch 2260/2278: Loss=1.2041, Cls=0.0159, Reg=0.0000, Con=3.9608
2025-09-13 20:14:11,995 - INFO - Batch 2270/2278: Loss=1.8879, Cls=1.8879, Reg=0.0000, Con=0.0000
2025-09-13 20:17:39,711 - INFO - === Epoch 1 Results ===
2025-09-13 20:17:39,711 - INFO - Training Loss: 1.1242 (Classification: 0.3527, Regression: 0.0000)
2025-09-13 20:17:39,711 - INFO - Validation Loss: 0.0836 (Classification: 0.0836, Regression: 0.0000)
2025-09-13 20:17:39,711 - INFO - Average Classification Accuracy: 0.9075 (on 1/26 tasks)
2025-09-13 20:17:39,711 - INFO - Average AUC: 0.7596
2025-09-13 20:17:40,239 - INFO - Best model saved to: experiments/r1c3_single_cls_18_seed_42_20250913_201048/checkpoints/r1c3_single_cls_18_seed_42_best.pth
2025-09-13 20:17:40,240 - INFO - 
Epoch 2/3
2025-09-13 20:17:40,336 - INFO - Batch 0/2278: Loss=0.0446, Cls=0.0446, Reg=0.0000, Con=0.0000
2025-09-13 20:17:41,237 - INFO - Batch 10/2278: Loss=1.1888, Cls=0.0006, Reg=0.0000, Con=3.9604
2025-09-13 20:17:42,128 - INFO - Batch 20/2278: Loss=1.1991, Cls=0.0108, Reg=0.0000, Con=3.9610
2025-09-13 20:17:43,024 - INFO - Batch 30/2278: Loss=2.7838, Cls=1.5955, Reg=0.0000, Con=3.9608
2025-09-13 20:17:43,926 - INFO - Batch 40/2278: Loss=3.1015, Cls=1.9132, Reg=0.0000, Con=3.9608
2025-09-13 20:17:44,864 - INFO - Batch 50/2278: Loss=0.0292, Cls=0.0292, Reg=0.0000, Con=0.0000
2025-09-13 20:17:45,726 - INFO - Batch 60/2278: Loss=4.2541, Cls=3.0659, Reg=0.0000, Con=3.9608
2025-09-13 20:17:46,605 - INFO - Batch 70/2278: Loss=1.1937, Cls=0.0055, Reg=0.0000, Con=3.9607
2025-09-13 20:17:47,505 - INFO - Batch 80/2278: Loss=1.1923, Cls=0.0040, Reg=0.0000, Con=3.9609
2025-09-13 20:17:48,414 - INFO - Batch 90/2278: Loss=0.9021, Cls=0.9021, Reg=0.0000, Con=0.0000
2025-09-13 20:17:49,316 - INFO - Batch 100/2278: Loss=1.1986, Cls=0.0103, Reg=0.0000, Con=3.9609
2025-09-13 20:17:50,213 - INFO - Batch 110/2278: Loss=1.1897, Cls=0.0014, Reg=0.0000, Con=3.9609
2025-09-13 20:17:51,103 - INFO - Batch 120/2278: Loss=1.7589, Cls=1.7589, Reg=0.0000, Con=0.0000
2025-09-13 20:17:51,992 - INFO - Batch 130/2278: Loss=1.2071, Cls=0.0189, Reg=0.0000, Con=3.9607
2025-09-13 20:17:52,879 - INFO - Batch 140/2278: Loss=1.1931, Cls=0.0048, Reg=0.0000, Con=3.9609
2025-09-13 20:17:53,771 - INFO - Batch 150/2278: Loss=1.2052, Cls=0.0168, Reg=0.0000, Con=3.9611
2025-09-13 20:17:54,671 - INFO - Batch 160/2278: Loss=1.2050, Cls=0.0168, Reg=0.0000, Con=3.9609
2025-09-13 20:17:55,551 - INFO - Batch 170/2278: Loss=0.0085, Cls=0.0085, Reg=0.0000, Con=0.0000
2025-09-13 20:17:56,453 - INFO - Batch 180/2278: Loss=2.6606, Cls=1.4723, Reg=0.0000, Con=3.9609
2025-09-13 20:17:57,331 - INFO - Batch 190/2278: Loss=0.0000, Cls=0.0000, Reg=0.0000, Con=0.0000
2025-09-13 20:17:58,233 - INFO - Batch 200/2278: Loss=1.2103, Cls=0.0221, Reg=0.0000, Con=3.9608
2025-09-13 20:17:59,117 - INFO - Batch 210/2278: Loss=1.9840, Cls=0.7957, Reg=0.0000, Con=3.9609
2025-09-13 20:18:00,018 - INFO - Batch 220/2278: Loss=0.0144, Cls=0.0144, Reg=0.0000, Con=0.0000
2025-09-13 20:18:00,898 - INFO - Batch 230/2278: Loss=0.0166, Cls=0.0166, Reg=0.0000, Con=0.0000
2025-09-13 20:18:01,798 - INFO - Batch 240/2278: Loss=0.4981, Cls=0.4981, Reg=0.0000, Con=0.0000
2025-09-13 20:18:02,701 - INFO - Batch 250/2278: Loss=0.0050, Cls=0.0050, Reg=0.0000, Con=0.0000
2025-09-13 20:18:03,579 - INFO - Batch 260/2278: Loss=0.8394, Cls=0.8394, Reg=0.0000, Con=0.0000
2025-09-13 20:18:04,471 - INFO - Batch 270/2278: Loss=1.1883, Cls=0.0000, Reg=0.0000, Con=3.9608
2025-09-13 20:18:05,368 - INFO - Batch 280/2278: Loss=1.4152, Cls=0.2270, Reg=0.0000, Con=3.9609
2025-09-13 20:18:06,261 - INFO - Batch 290/2278: Loss=2.4067, Cls=1.2184, Reg=0.0000, Con=3.9609
2025-09-13 20:18:07,174 - INFO - Batch 300/2278: Loss=1.3613, Cls=0.1730, Reg=0.0000, Con=3.9609
2025-09-13 20:18:08,076 - INFO - Batch 310/2278: Loss=1.3245, Cls=0.1362, Reg=0.0000, Con=3.9608
2025-09-13 20:18:09,004 - INFO - Batch 320/2278: Loss=0.0000, Cls=0.0000, Reg=0.0000, Con=0.0000
2025-09-13 20:18:09,884 - INFO - Batch 330/2278: Loss=1.2440, Cls=0.0557, Reg=0.0000, Con=3.9609
2025-09-13 20:18:10,761 - INFO - Batch 340/2278: Loss=1.1883, Cls=0.0000, Reg=0.0000, Con=3.9609
2025-09-13 20:18:11,632 - INFO - Batch 350/2278: Loss=1.1895, Cls=0.0013, Reg=0.0000, Con=3.9609
2025-09-13 20:18:12,533 - INFO - Batch 360/2278: Loss=1.1917, Cls=0.0034, Reg=0.0000, Con=3.9609
2025-09-13 20:18:13,399 - INFO - Batch 370/2278: Loss=1.1987, Cls=0.0105, Reg=0.0000, Con=3.9609
2025-09-13 20:18:14,297 - INFO - Batch 380/2278: Loss=1.1920, Cls=0.0038, Reg=0.0000, Con=3.9608
2025-09-13 20:18:15,215 - INFO - Batch 390/2278: Loss=1.1903, Cls=0.0021, Reg=0.0000, Con=3.9609
2025-09-13 20:18:16,133 - INFO - Batch 400/2278: Loss=0.0000, Cls=0.0000, Reg=0.0000, Con=0.0000
2025-09-13 20:18:17,054 - INFO - Batch 410/2278: Loss=1.1955, Cls=0.0072, Reg=0.0000, Con=3.9608
2025-09-13 20:18:18,021 - INFO - Batch 420/2278: Loss=0.0374, Cls=0.0374, Reg=0.0000, Con=0.0000
2025-09-13 20:18:18,933 - INFO - Batch 430/2278: Loss=0.0167, Cls=0.0167, Reg=0.0000, Con=0.0000
2025-09-13 20:18:19,821 - INFO - Batch 440/2278: Loss=2.7531, Cls=1.5649, Reg=0.0000, Con=3.9608
2025-09-13 20:18:20,719 - INFO - Batch 450/2278: Loss=1.1968, Cls=0.0086, Reg=0.0000, Con=3.9607
2025-09-13 20:18:21,605 - INFO - Batch 460/2278: Loss=0.0183, Cls=0.0183, Reg=0.0000, Con=0.0000
2025-09-13 20:18:22,497 - INFO - Batch 470/2278: Loss=1.5355, Cls=0.3472, Reg=0.0000, Con=3.9608
2025-09-13 20:18:23,392 - INFO - Batch 480/2278: Loss=0.0000, Cls=0.0000, Reg=0.0000, Con=0.0000
2025-09-13 20:18:24,289 - INFO - Batch 490/2278: Loss=1.2235, Cls=0.0353, Reg=0.0000, Con=3.9610
2025-09-13 20:18:25,192 - INFO - Batch 500/2278: Loss=1.2216, Cls=0.0334, Reg=0.0000, Con=3.9607
2025-09-13 20:18:26,101 - INFO - Batch 510/2278: Loss=1.1882, Cls=0.0000, Reg=0.0000, Con=3.9607
2025-09-13 20:18:27,013 - INFO - Batch 520/2278: Loss=1.1972, Cls=0.0090, Reg=0.0000, Con=3.9607
2025-09-13 20:18:27,898 - INFO - Batch 530/2278: Loss=1.6797, Cls=0.4915, Reg=0.0000, Con=3.9608
2025-09-13 20:18:28,755 - INFO - Batch 540/2278: Loss=1.2017, Cls=0.0134, Reg=0.0000, Con=3.9610
2025-09-13 20:18:29,638 - INFO - Batch 550/2278: Loss=1.3958, Cls=0.2076, Reg=0.0000, Con=3.9607
2025-09-13 20:18:30,577 - INFO - Batch 560/2278: Loss=0.3240, Cls=0.3240, Reg=0.0000, Con=0.0000
2025-09-13 20:18:31,469 - INFO - Batch 570/2278: Loss=1.1882, Cls=0.0000, Reg=0.0000, Con=3.9608
2025-09-13 20:18:32,362 - INFO - Batch 580/2278: Loss=0.0340, Cls=0.0340, Reg=0.0000, Con=0.0000
2025-09-13 20:18:33,247 - INFO - Batch 590/2278: Loss=1.3856, Cls=0.1973, Reg=0.0000, Con=3.9608
2025-09-13 20:18:34,136 - INFO - Batch 600/2278: Loss=0.0000, Cls=0.0000, Reg=0.0000, Con=0.0000
2025-09-13 20:18:35,032 - INFO - Batch 610/2278: Loss=1.1921, Cls=0.0038, Reg=0.0000, Con=3.9608
2025-09-13 20:18:35,918 - INFO - Batch 620/2278: Loss=1.1892, Cls=0.0009, Reg=0.0000, Con=3.9608
2025-09-13 20:18:36,847 - INFO - Batch 630/2278: Loss=3.9320, Cls=2.7437, Reg=0.0000, Con=3.9611
2025-09-13 20:18:37,772 - INFO - Batch 640/2278: Loss=0.0947, Cls=0.0947, Reg=0.0000, Con=0.0000
2025-09-13 20:18:38,659 - INFO - Batch 650/2278: Loss=0.0000, Cls=0.0000, Reg=0.0000, Con=0.0000
2025-09-13 20:18:39,567 - INFO - Batch 660/2278: Loss=1.1991, Cls=0.0109, Reg=0.0000, Con=3.9607
2025-09-13 20:18:40,479 - INFO - Batch 670/2278: Loss=2.2931, Cls=1.1048, Reg=0.0000, Con=3.9609
2025-09-13 20:18:41,374 - INFO - Batch 680/2278: Loss=1.2210, Cls=0.0328, Reg=0.0000, Con=3.9608
2025-09-13 20:18:42,295 - INFO - Batch 690/2278: Loss=1.1884, Cls=0.0000, Reg=0.0000, Con=3.9613
2025-09-13 20:18:43,202 - INFO - Batch 700/2278: Loss=0.0483, Cls=0.0483, Reg=0.0000, Con=0.0000
2025-09-13 20:18:44,101 - INFO - Batch 710/2278: Loss=1.1957, Cls=0.0074, Reg=0.0000, Con=3.9610
2025-09-13 20:18:44,965 - INFO - Batch 720/2278: Loss=1.2004, Cls=0.0121, Reg=0.0000, Con=3.9609
2025-09-13 20:18:45,880 - INFO - Batch 730/2278: Loss=1.1986, Cls=0.0103, Reg=0.0000, Con=3.9612
2025-09-13 20:18:46,761 - INFO - Batch 740/2278: Loss=1.1954, Cls=0.0070, Reg=0.0000, Con=3.9610
2025-09-13 20:18:47,639 - INFO - Batch 750/2278: Loss=0.0088, Cls=0.0088, Reg=0.0000, Con=0.0000
2025-09-13 20:18:48,543 - INFO - Batch 760/2278: Loss=2.1044, Cls=0.9162, Reg=0.0000, Con=3.9608
2025-09-13 20:18:49,448 - INFO - Batch 770/2278: Loss=1.1902, Cls=0.0020, Reg=0.0000, Con=3.9608
2025-09-13 20:18:50,346 - INFO - Batch 780/2278: Loss=0.0140, Cls=0.0140, Reg=0.0000, Con=0.0000
2025-09-13 20:18:51,243 - INFO - Batch 790/2278: Loss=1.2026, Cls=0.0143, Reg=0.0000, Con=3.9609
2025-09-13 20:18:52,153 - INFO - Batch 800/2278: Loss=0.0045, Cls=0.0045, Reg=0.0000, Con=0.0000
2025-09-13 20:18:53,046 - INFO - Batch 810/2278: Loss=0.0000, Cls=0.0000, Reg=0.0000, Con=0.0000
2025-09-13 20:18:53,951 - INFO - Batch 820/2278: Loss=1.1993, Cls=0.0110, Reg=0.0000, Con=3.9608
2025-09-13 20:18:54,878 - INFO - Batch 830/2278: Loss=1.1992, Cls=0.0110, Reg=0.0000, Con=3.9607
2025-09-13 20:18:55,785 - INFO - Batch 840/2278: Loss=1.2083, Cls=0.0200, Reg=0.0000, Con=3.9608
2025-09-13 20:18:56,680 - INFO - Batch 850/2278: Loss=2.5761, Cls=1.3878, Reg=0.0000, Con=3.9608
2025-09-13 20:18:57,583 - INFO - Batch 860/2278: Loss=1.1938, Cls=0.0055, Reg=0.0000, Con=3.9608
2025-09-13 20:18:58,481 - INFO - Batch 870/2278: Loss=0.0065, Cls=0.0065, Reg=0.0000, Con=0.0000
2025-09-13 20:18:59,369 - INFO - Batch 880/2278: Loss=0.0142, Cls=0.0142, Reg=0.0000, Con=0.0000
2025-09-13 20:19:00,246 - INFO - Batch 890/2278: Loss=1.2211, Cls=0.0328, Reg=0.0000, Con=3.9609
2025-09-13 20:19:01,149 - INFO - Batch 900/2278: Loss=0.7298, Cls=0.7298, Reg=0.0000, Con=0.0000
2025-09-13 20:19:02,034 - INFO - Batch 910/2278: Loss=0.0135, Cls=0.0135, Reg=0.0000, Con=0.0000
2025-09-13 20:19:02,923 - INFO - Batch 920/2278: Loss=1.1931, Cls=0.0047, Reg=0.0000, Con=3.9611
2025-09-13 20:19:03,805 - INFO - Batch 930/2278: Loss=1.1957, Cls=0.0075, Reg=0.0000, Con=3.9609
2025-09-13 20:19:04,708 - INFO - Batch 940/2278: Loss=0.0046, Cls=0.0046, Reg=0.0000, Con=0.0000
2025-09-13 20:19:05,663 - INFO - Batch 950/2278: Loss=0.0032, Cls=0.0032, Reg=0.0000, Con=0.0000
2025-09-13 20:19:06,600 - INFO - Batch 960/2278: Loss=0.0000, Cls=0.0000, Reg=0.0000, Con=0.0000
2025-09-13 20:19:07,511 - INFO - Batch 970/2278: Loss=0.0147, Cls=0.0147, Reg=0.0000, Con=0.0000
2025-09-13 20:19:08,391 - INFO - Batch 980/2278: Loss=2.0933, Cls=0.9050, Reg=0.0000, Con=3.9609
2025-09-13 20:19:09,283 - INFO - Batch 990/2278: Loss=1.1882, Cls=0.0000, Reg=0.0000, Con=3.9606
2025-09-13 20:19:10,162 - INFO - Batch 1000/2278: Loss=1.1900, Cls=0.0017, Reg=0.0000, Con=3.9609
2025-09-13 20:19:11,031 - INFO - Batch 1010/2278: Loss=1.1883, Cls=0.0000, Reg=0.0000, Con=3.9609
2025-09-13 20:19:11,901 - INFO - Batch 1020/2278: Loss=1.1906, Cls=0.0022, Reg=0.0000, Con=3.9615
2025-09-13 20:19:12,775 - INFO - Batch 1030/2278: Loss=1.1925, Cls=0.0042, Reg=0.0000, Con=3.9608
2025-09-13 20:19:13,663 - INFO - Batch 1040/2278: Loss=1.1882, Cls=0.0000, Reg=0.0000, Con=3.9608
2025-09-13 20:19:14,558 - INFO - Batch 1050/2278: Loss=1.1957, Cls=0.0074, Reg=0.0000, Con=3.9611
2025-09-13 20:19:15,426 - INFO - Batch 1060/2278: Loss=1.1883, Cls=0.0000, Reg=0.0000, Con=3.9612
2025-09-13 20:19:16,317 - INFO - Batch 1070/2278: Loss=1.1905, Cls=0.0022, Reg=0.0000, Con=3.9609
2025-09-13 20:19:17,235 - INFO - Batch 1080/2278: Loss=1.2041, Cls=0.0159, Reg=0.0000, Con=3.9609
2025-09-13 20:19:18,246 - INFO - Batch 1090/2278: Loss=1.2189, Cls=0.0307, Reg=0.0000, Con=3.9608
2025-09-13 20:19:19,129 - INFO - Batch 1100/2278: Loss=1.1898, Cls=0.0016, Reg=0.0000, Con=3.9608
2025-09-13 20:19:20,011 - INFO - Batch 1110/2278: Loss=1.1984, Cls=0.0101, Reg=0.0000, Con=3.9608
2025-09-13 20:19:20,910 - INFO - Batch 1120/2278: Loss=2.6425, Cls=1.4543, Reg=0.0000, Con=3.9608
2025-09-13 20:19:21,815 - INFO - Batch 1130/2278: Loss=0.0046, Cls=0.0046, Reg=0.0000, Con=0.0000
2025-09-13 20:19:22,779 - INFO - Batch 1140/2278: Loss=2.0778, Cls=2.0778, Reg=0.0000, Con=0.0000
2025-09-13 20:19:23,717 - INFO - Batch 1150/2278: Loss=1.3811, Cls=0.1928, Reg=0.0000, Con=3.9609
2025-09-13 20:19:24,594 - INFO - Batch 1160/2278: Loss=1.1882, Cls=0.0000, Reg=0.0000, Con=3.9607
2025-09-13 20:19:25,518 - INFO - Batch 1170/2278: Loss=0.2005, Cls=0.2005, Reg=0.0000, Con=0.0000
2025-09-13 20:19:26,414 - INFO - Batch 1180/2278: Loss=1.1905, Cls=0.0022, Reg=0.0000, Con=3.9609
2025-09-13 20:19:27,316 - INFO - Batch 1190/2278: Loss=1.2045, Cls=0.0162, Reg=0.0000, Con=3.9610
2025-09-13 20:19:28,237 - INFO - Batch 1200/2278: Loss=1.1919, Cls=0.0036, Reg=0.0000, Con=3.9609
2025-09-13 20:19:29,140 - INFO - Batch 1210/2278: Loss=1.5460, Cls=0.3577, Reg=0.0000, Con=3.9608
2025-09-13 20:19:30,056 - INFO - Batch 1220/2278: Loss=0.0179, Cls=0.0179, Reg=0.0000, Con=0.0000
2025-09-13 20:19:30,977 - INFO - Batch 1230/2278: Loss=1.7252, Cls=0.5370, Reg=0.0000, Con=3.9609
2025-09-13 20:19:31,855 - INFO - Batch 1240/2278: Loss=1.1883, Cls=0.0000, Reg=0.0000, Con=3.9609
2025-09-13 20:19:32,747 - INFO - Batch 1250/2278: Loss=0.0089, Cls=0.0089, Reg=0.0000, Con=0.0000
2025-09-13 20:19:33,649 - INFO - Batch 1260/2278: Loss=1.1925, Cls=0.0042, Reg=0.0000, Con=3.9607
2025-09-13 20:19:34,547 - INFO - Batch 1270/2278: Loss=0.0082, Cls=0.0082, Reg=0.0000, Con=0.0000
2025-09-13 20:19:35,491 - INFO - Batch 1280/2278: Loss=1.5303, Cls=0.3420, Reg=0.0000, Con=3.9608
2025-09-13 20:19:36,413 - INFO - Batch 1290/2278: Loss=1.2304, Cls=0.0421, Reg=0.0000, Con=3.9610
2025-09-13 20:19:37,323 - INFO - Batch 1300/2278: Loss=1.4585, Cls=0.2702, Reg=0.0000, Con=3.9610
2025-09-13 20:19:38,222 - INFO - Batch 1310/2278: Loss=0.0146, Cls=0.0146, Reg=0.0000, Con=0.0000
2025-09-13 20:19:39,118 - INFO - Batch 1320/2278: Loss=1.2083, Cls=0.0201, Reg=0.0000, Con=3.9609
2025-09-13 20:19:40,016 - INFO - Batch 1330/2278: Loss=1.1978, Cls=0.0095, Reg=0.0000, Con=3.9609
2025-09-13 20:19:40,933 - INFO - Batch 1340/2278: Loss=2.6024, Cls=2.6024, Reg=0.0000, Con=0.0000
2025-09-13 20:19:41,819 - INFO - Batch 1350/2278: Loss=0.0035, Cls=0.0035, Reg=0.0000, Con=0.0000
2025-09-13 20:19:42,714 - INFO - Batch 1360/2278: Loss=1.2121, Cls=0.0239, Reg=0.0000, Con=3.9608
2025-09-13 20:19:43,607 - INFO - Batch 1370/2278: Loss=1.2972, Cls=0.1090, Reg=0.0000, Con=3.9608
2025-09-13 20:19:44,493 - INFO - Batch 1380/2278: Loss=1.1900, Cls=0.0018, Reg=0.0000, Con=3.9609
2025-09-13 20:19:45,414 - INFO - Batch 1390/2278: Loss=1.1882, Cls=0.0000, Reg=0.0000, Con=3.9608
2025-09-13 20:19:46,336 - INFO - Batch 1400/2278: Loss=0.0000, Cls=0.0000, Reg=0.0000, Con=0.0000
2025-09-13 20:19:47,237 - INFO - Batch 1410/2278: Loss=1.2593, Cls=0.0710, Reg=0.0000, Con=3.9608
2025-09-13 20:19:48,144 - INFO - Batch 1420/2278: Loss=2.4406, Cls=2.4406, Reg=0.0000, Con=0.0000
2025-09-13 20:19:49,056 - INFO - Batch 1430/2278: Loss=0.0067, Cls=0.0067, Reg=0.0000, Con=0.0000
2025-09-13 20:19:49,941 - INFO - Batch 1440/2278: Loss=1.1912, Cls=0.0029, Reg=0.0000, Con=3.9613
2025-09-13 20:19:50,822 - INFO - Batch 1450/2278: Loss=0.0000, Cls=0.0000, Reg=0.0000, Con=0.0000
2025-09-13 20:19:51,715 - INFO - Batch 1460/2278: Loss=6.0967, Cls=4.9084, Reg=0.0000, Con=3.9609
2025-09-13 20:19:52,629 - INFO - Batch 1470/2278: Loss=2.2418, Cls=1.0536, Reg=0.0000, Con=3.9608
2025-09-13 20:19:53,555 - INFO - Batch 1480/2278: Loss=0.0064, Cls=0.0064, Reg=0.0000, Con=0.0000
2025-09-13 20:19:54,574 - INFO - Batch 1490/2278: Loss=0.8421, Cls=0.8421, Reg=0.0000, Con=0.0000
2025-09-13 20:19:55,484 - INFO - Batch 1500/2278: Loss=0.0109, Cls=0.0109, Reg=0.0000, Con=0.0000
2025-09-13 20:19:56,375 - INFO - Batch 1510/2278: Loss=1.3637, Cls=0.1754, Reg=0.0000, Con=3.9608
2025-09-13 20:19:57,254 - INFO - Batch 1520/2278: Loss=1.2011, Cls=0.0129, Reg=0.0000, Con=3.9608
2025-09-13 20:19:58,157 - INFO - Batch 1530/2278: Loss=2.6406, Cls=1.4523, Reg=0.0000, Con=3.9609
2025-09-13 20:19:59,074 - INFO - Batch 1540/2278: Loss=0.0049, Cls=0.0049, Reg=0.0000, Con=0.0000
2025-09-13 20:19:59,970 - INFO - Batch 1550/2278: Loss=1.1889, Cls=0.0006, Reg=0.0000, Con=3.9609
2025-09-13 20:20:00,885 - INFO - Batch 1560/2278: Loss=1.1941, Cls=0.0058, Reg=0.0000, Con=3.9608
2025-09-13 20:20:01,775 - INFO - Batch 1570/2278: Loss=1.1976, Cls=0.0093, Reg=0.0000, Con=3.9609
2025-09-13 20:20:02,696 - INFO - Batch 1580/2278: Loss=0.0087, Cls=0.0087, Reg=0.0000, Con=0.0000
2025-09-13 20:20:03,614 - INFO - Batch 1590/2278: Loss=0.0190, Cls=0.0190, Reg=0.0000, Con=0.0000
2025-09-13 20:20:04,532 - INFO - Batch 1600/2278: Loss=1.1984, Cls=0.0101, Reg=0.0000, Con=3.9609
2025-09-13 20:20:05,436 - INFO - Batch 1610/2278: Loss=2.3678, Cls=2.3678, Reg=0.0000, Con=0.0000
2025-09-13 20:20:06,368 - INFO - Batch 1620/2278: Loss=1.1998, Cls=0.0115, Reg=0.0000, Con=3.9609
2025-09-13 20:20:07,250 - INFO - Batch 1630/2278: Loss=0.0012, Cls=0.0012, Reg=0.0000, Con=0.0000
2025-09-13 20:20:08,157 - INFO - Batch 1640/2278: Loss=1.1883, Cls=0.0000, Reg=0.0000, Con=3.9609
2025-09-13 20:20:09,052 - INFO - Batch 1650/2278: Loss=0.0039, Cls=0.0039, Reg=0.0000, Con=0.0000
2025-09-13 20:20:09,957 - INFO - Batch 1660/2278: Loss=1.1962, Cls=0.0080, Reg=0.0000, Con=3.9607
2025-09-13 20:20:10,867 - INFO - Batch 1670/2278: Loss=1.1935, Cls=0.0053, Reg=0.0000, Con=3.9608
2025-09-13 20:20:11,774 - INFO - Batch 1680/2278: Loss=2.0253, Cls=0.8369, Reg=0.0000, Con=3.9615
2025-09-13 20:20:12,695 - INFO - Batch 1690/2278: Loss=0.0101, Cls=0.0101, Reg=0.0000, Con=0.0000
2025-09-13 20:20:13,603 - INFO - Batch 1700/2278: Loss=1.1882, Cls=0.0000, Reg=0.0000, Con=3.9608
2025-09-13 20:20:14,492 - INFO - Batch 1710/2278: Loss=1.1883, Cls=0.0000, Reg=0.0000, Con=3.9612
2025-09-13 20:20:15,377 - INFO - Batch 1720/2278: Loss=1.1923, Cls=0.0040, Reg=0.0000, Con=3.9610
2025-09-13 20:20:16,286 - INFO - Batch 1730/2278: Loss=1.2143, Cls=0.0260, Reg=0.0000, Con=3.9609
2025-09-13 20:20:17,215 - INFO - Batch 1740/2278: Loss=1.1883, Cls=0.0000, Reg=0.0000, Con=3.9610
2025-09-13 20:20:18,172 - INFO - Batch 1750/2278: Loss=1.1955, Cls=0.0072, Reg=0.0000, Con=3.9609
2025-09-13 20:20:19,089 - INFO - Batch 1760/2278: Loss=1.1912, Cls=0.0030, Reg=0.0000, Con=3.9608
2025-09-13 20:20:19,985 - INFO - Batch 1770/2278: Loss=1.2233, Cls=0.0350, Reg=0.0000, Con=3.9610
2025-09-13 20:20:20,875 - INFO - Batch 1780/2278: Loss=3.3909, Cls=2.2027, Reg=0.0000, Con=3.9609
2025-09-13 20:20:21,747 - INFO - Batch 1790/2278: Loss=1.1920, Cls=0.0038, Reg=0.0000, Con=3.9608
2025-09-13 20:20:22,630 - INFO - Batch 1800/2278: Loss=1.1966, Cls=0.0083, Reg=0.0000, Con=3.9609
2025-09-13 20:20:23,519 - INFO - Batch 1810/2278: Loss=1.1941, Cls=0.0058, Reg=0.0000, Con=3.9610
2025-09-13 20:20:24,430 - INFO - Batch 1820/2278: Loss=1.1965, Cls=0.0083, Reg=0.0000, Con=3.9608
2025-09-13 20:20:25,337 - INFO - Batch 1830/2278: Loss=1.1885, Cls=0.0000, Reg=0.0000, Con=3.9615
2025-09-13 20:20:26,235 - INFO - Batch 1840/2278: Loss=1.2348, Cls=0.0465, Reg=0.0000, Con=3.9609
2025-09-13 20:20:27,139 - INFO - Batch 1850/2278: Loss=1.1906, Cls=0.0023, Reg=0.0000, Con=3.9608
2025-09-13 20:20:28,036 - INFO - Batch 1860/2278: Loss=0.5666, Cls=0.5666, Reg=0.0000, Con=0.0000
2025-09-13 20:20:28,920 - INFO - Batch 1870/2278: Loss=0.0168, Cls=0.0168, Reg=0.0000, Con=0.0000
2025-09-13 20:20:29,807 - INFO - Batch 1880/2278: Loss=1.3304, Cls=0.1421, Reg=0.0000, Con=3.9610
2025-09-13 20:20:30,710 - INFO - Batch 1890/2278: Loss=0.0102, Cls=0.0102, Reg=0.0000, Con=0.0000
2025-09-13 20:20:31,610 - INFO - Batch 1900/2278: Loss=1.2069, Cls=0.0186, Reg=0.0000, Con=3.9607
2025-09-13 20:20:32,514 - INFO - Batch 1910/2278: Loss=1.4486, Cls=0.2603, Reg=0.0000, Con=3.9607
2025-09-13 20:20:33,438 - INFO - Batch 1920/2278: Loss=3.0844, Cls=1.8961, Reg=0.0000, Con=3.9608
2025-09-13 20:20:34,333 - INFO - Batch 1930/2278: Loss=0.0036, Cls=0.0036, Reg=0.0000, Con=0.0000
2025-09-13 20:20:35,217 - INFO - Batch 1940/2278: Loss=1.4059, Cls=0.2176, Reg=0.0000, Con=3.9607
2025-09-13 20:20:36,132 - INFO - Batch 1950/2278: Loss=6.2202, Cls=5.0320, Reg=0.0000, Con=3.9609
2025-09-13 20:20:37,050 - INFO - Batch 1960/2278: Loss=1.1923, Cls=0.0040, Reg=0.0000, Con=3.9609
2025-09-13 20:20:37,951 - INFO - Batch 1970/2278: Loss=1.1993, Cls=0.0111, Reg=0.0000, Con=3.9606
2025-09-13 20:20:38,835 - INFO - Batch 1980/2278: Loss=1.2295, Cls=0.0412, Reg=0.0000, Con=3.9608
2025-09-13 20:20:39,745 - INFO - Batch 1990/2278: Loss=1.1262, Cls=1.1262, Reg=0.0000, Con=0.0000
2025-09-13 20:20:40,611 - INFO - Batch 2000/2278: Loss=1.5733, Cls=0.3851, Reg=0.0000, Con=3.9607
2025-09-13 20:20:41,501 - INFO - Batch 2010/2278: Loss=1.2035, Cls=0.0153, Reg=0.0000, Con=3.9608
2025-09-13 20:20:42,384 - INFO - Batch 2020/2278: Loss=0.0105, Cls=0.0105, Reg=0.0000, Con=0.0000
2025-09-13 20:20:43,289 - INFO - Batch 2030/2278: Loss=1.1965, Cls=0.0082, Reg=0.0000, Con=3.9610
2025-09-13 20:20:44,197 - INFO - Batch 2040/2278: Loss=1.1903, Cls=0.0021, Reg=0.0000, Con=3.9608
2025-09-13 20:20:45,074 - INFO - Batch 2050/2278: Loss=0.0043, Cls=0.0043, Reg=0.0000, Con=0.0000
2025-09-13 20:20:45,969 - INFO - Batch 2060/2278: Loss=1.3531, Cls=0.1646, Reg=0.0000, Con=3.9615
2025-09-13 20:20:46,857 - INFO - Batch 2070/2278: Loss=1.1952, Cls=0.0070, Reg=0.0000, Con=3.9608
2025-09-13 20:20:47,750 - INFO - Batch 2080/2278: Loss=0.1410, Cls=0.1410, Reg=0.0000, Con=0.0000
2025-09-13 20:20:48,662 - INFO - Batch 2090/2278: Loss=1.2058, Cls=0.0175, Reg=0.0000, Con=3.9608
2025-09-13 20:20:49,556 - INFO - Batch 2100/2278: Loss=0.7210, Cls=0.7210, Reg=0.0000, Con=0.0000
2025-09-13 20:20:50,460 - INFO - Batch 2110/2278: Loss=0.0115, Cls=0.0115, Reg=0.0000, Con=0.0000
2025-09-13 20:20:51,347 - INFO - Batch 2120/2278: Loss=2.3187, Cls=1.1305, Reg=0.0000, Con=3.9608
2025-09-13 20:20:52,239 - INFO - Batch 2130/2278: Loss=1.1957, Cls=0.0075, Reg=0.0000, Con=3.9608
2025-09-13 20:20:53,128 - INFO - Batch 2140/2278: Loss=0.0096, Cls=0.0096, Reg=0.0000, Con=0.0000
2025-09-13 20:20:53,998 - INFO - Batch 2150/2278: Loss=2.5535, Cls=1.3652, Reg=0.0000, Con=3.9610
2025-09-13 20:20:54,861 - INFO - Batch 2160/2278: Loss=2.2434, Cls=1.0551, Reg=0.0000, Con=3.9608
2025-09-13 20:20:55,750 - INFO - Batch 2170/2278: Loss=1.3569, Cls=0.1686, Reg=0.0000, Con=3.9608
2025-09-13 20:20:56,637 - INFO - Batch 2180/2278: Loss=2.2597, Cls=1.0715, Reg=0.0000, Con=3.9608
2025-09-13 20:20:57,514 - INFO - Batch 2190/2278: Loss=1.2028, Cls=0.0145, Reg=0.0000, Con=3.9610
2025-09-13 20:20:58,421 - INFO - Batch 2200/2278: Loss=1.2314, Cls=0.0432, Reg=0.0000, Con=3.9608
2025-09-13 20:20:59,314 - INFO - Batch 2210/2278: Loss=1.1906, Cls=0.0022, Reg=0.0000, Con=3.9613
2025-09-13 20:21:00,225 - INFO - Batch 2220/2278: Loss=0.0242, Cls=0.0242, Reg=0.0000, Con=0.0000
2025-09-13 20:21:01,144 - INFO - Batch 2230/2278: Loss=0.0053, Cls=0.0053, Reg=0.0000, Con=0.0000
2025-09-13 20:21:02,044 - INFO - Batch 2240/2278: Loss=1.1966, Cls=0.0084, Reg=0.0000, Con=3.9608
2025-09-13 20:21:02,957 - INFO - Batch 2250/2278: Loss=0.0701, Cls=0.0701, Reg=0.0000, Con=0.0000
2025-09-13 20:21:03,871 - INFO - Batch 2260/2278: Loss=1.1939, Cls=0.0056, Reg=0.0000, Con=3.9609
2025-09-13 20:21:04,787 - INFO - Batch 2270/2278: Loss=1.1903, Cls=0.0021, Reg=0.0000, Con=3.9606
2025-09-13 20:24:33,573 - INFO - === Epoch 2 Results ===
2025-09-13 20:24:33,573 - INFO - Training Loss: 1.1247 (Classification: 0.3360, Regression: 0.0000)
2025-09-13 20:24:33,573 - INFO - Validation Loss: 0.0803 (Classification: 0.0803, Regression: 0.0000)
2025-09-13 20:24:33,574 - INFO - Average Classification Accuracy: 0.9144 (on 1/26 tasks)
2025-09-13 20:24:33,574 - INFO - Average AUC: 0.7439
2025-09-13 20:24:36,261 - INFO - Best model saved to: experiments/r1c3_single_cls_18_seed_42_20250913_201048/checkpoints/r1c3_single_cls_18_seed_42_best.pth
2025-09-13 20:24:36,262 - INFO - 
Epoch 3/3
2025-09-13 20:24:36,398 - INFO - Batch 0/2278: Loss=2.9762, Cls=1.7880, Reg=0.0000, Con=3.9608
2025-09-13 20:24:37,278 - INFO - Batch 10/2278: Loss=1.2026, Cls=0.0143, Reg=0.0000, Con=3.9611
2025-09-13 20:24:38,208 - INFO - Batch 20/2278: Loss=1.2089, Cls=0.0207, Reg=0.0000, Con=3.9608
2025-09-13 20:24:39,135 - INFO - Batch 30/2278: Loss=0.0000, Cls=0.0000, Reg=0.0000, Con=0.0000
2025-09-13 20:24:40,012 - INFO - Batch 40/2278: Loss=1.1928, Cls=0.0045, Reg=0.0000, Con=3.9608
2025-09-13 20:24:40,904 - INFO - Batch 50/2278: Loss=1.1883, Cls=0.0000, Reg=0.0000, Con=3.9609
2025-09-13 20:24:41,798 - INFO - Batch 60/2278: Loss=1.1933, Cls=0.0051, Reg=0.0000, Con=3.9607
2025-09-13 20:24:42,700 - INFO - Batch 70/2278: Loss=1.3022, Cls=0.1139, Reg=0.0000, Con=3.9608
2025-09-13 20:24:43,574 - INFO - Batch 80/2278: Loss=0.9043, Cls=0.9043, Reg=0.0000, Con=0.0000
2025-09-13 20:24:44,507 - INFO - Batch 90/2278: Loss=1.2309, Cls=0.0426, Reg=0.0000, Con=3.9609
2025-09-13 20:24:45,419 - INFO - Batch 100/2278: Loss=1.2109, Cls=0.0227, Reg=0.0000, Con=3.9607
2025-09-13 20:24:46,320 - INFO - Batch 110/2278: Loss=1.2009, Cls=0.0124, Reg=0.0000, Con=3.9618
2025-09-13 20:24:47,198 - INFO - Batch 120/2278: Loss=1.3380, Cls=0.1498, Reg=0.0000, Con=3.9609
2025-09-13 20:24:48,096 - INFO - Batch 130/2278: Loss=1.1935, Cls=0.0053, Reg=0.0000, Con=3.9607
2025-09-13 20:24:49,017 - INFO - Batch 140/2278: Loss=0.0000, Cls=0.0000, Reg=0.0000, Con=0.0000
2025-09-13 20:24:49,893 - INFO - Batch 150/2278: Loss=1.1986, Cls=0.0104, Reg=0.0000, Con=3.9608
2025-09-13 20:24:50,783 - INFO - Batch 160/2278: Loss=0.0038, Cls=0.0038, Reg=0.0000, Con=0.0000
2025-09-13 20:24:51,659 - INFO - Batch 170/2278: Loss=1.2004, Cls=0.0121, Reg=0.0000, Con=3.9609
2025-09-13 20:24:52,546 - INFO - Batch 180/2278: Loss=1.1883, Cls=0.0000, Reg=0.0000, Con=3.9611
2025-09-13 20:24:53,469 - INFO - Batch 190/2278: Loss=1.9587, Cls=0.7705, Reg=0.0000, Con=3.9607
2025-09-13 20:24:54,368 - INFO - Batch 200/2278: Loss=0.0000, Cls=0.0000, Reg=0.0000, Con=0.0000
2025-09-13 20:24:55,258 - INFO - Batch 210/2278: Loss=2.3969, Cls=1.2085, Reg=0.0000, Con=3.9612
2025-09-13 20:24:56,139 - INFO - Batch 220/2278: Loss=1.1989, Cls=0.0107, Reg=0.0000, Con=3.9608
2025-09-13 20:24:57,040 - INFO - Batch 230/2278: Loss=1.2049, Cls=0.0166, Reg=0.0000, Con=3.9611
2025-09-13 20:24:57,934 - INFO - Batch 240/2278: Loss=1.2000, Cls=0.0118, Reg=0.0000, Con=3.9607
2025-09-13 20:24:58,804 - INFO - Batch 250/2278: Loss=1.1909, Cls=0.0026, Reg=0.0000, Con=3.9609
2025-09-13 20:24:59,685 - INFO - Batch 260/2278: Loss=1.1967, Cls=0.0084, Reg=0.0000, Con=3.9608
2025-09-13 20:25:00,579 - INFO - Batch 270/2278: Loss=1.1963, Cls=0.0081, Reg=0.0000, Con=3.9607
2025-09-13 20:25:01,447 - INFO - Batch 280/2278: Loss=1.1931, Cls=0.0049, Reg=0.0000, Con=3.9608
2025-09-13 20:25:02,328 - INFO - Batch 290/2278: Loss=1.2049, Cls=0.0166, Reg=0.0000, Con=3.9608
2025-09-13 20:25:03,227 - INFO - Batch 300/2278: Loss=1.1908, Cls=0.0026, Reg=0.0000, Con=3.9607
2025-09-13 20:25:04,136 - INFO - Batch 310/2278: Loss=1.1938, Cls=0.0055, Reg=0.0000, Con=3.9610
2025-09-13 20:25:05,021 - INFO - Batch 320/2278: Loss=1.2063, Cls=0.0180, Reg=0.0000, Con=3.9612
2025-09-13 20:25:05,911 - INFO - Batch 330/2278: Loss=0.1078, Cls=0.1078, Reg=0.0000, Con=0.0000
2025-09-13 20:25:06,848 - INFO - Batch 340/2278: Loss=1.7069, Cls=1.7069, Reg=0.0000, Con=0.0000
2025-09-13 20:25:07,781 - INFO - Batch 350/2278: Loss=1.1948, Cls=0.0064, Reg=0.0000, Con=3.9612
2025-09-13 20:25:08,684 - INFO - Batch 360/2278: Loss=1.1932, Cls=0.0049, Reg=0.0000, Con=3.9611
2025-09-13 20:25:09,572 - INFO - Batch 370/2278: Loss=1.1915, Cls=0.0032, Reg=0.0000, Con=3.9608
2025-09-13 20:25:10,489 - INFO - Batch 380/2278: Loss=1.1937, Cls=0.0054, Reg=0.0000, Con=3.9608
2025-09-13 20:25:11,433 - INFO - Batch 390/2278: Loss=1.2973, Cls=0.1090, Reg=0.0000, Con=3.9609
2025-09-13 20:25:12,354 - INFO - Batch 400/2278: Loss=0.0390, Cls=0.0390, Reg=0.0000, Con=0.0000
2025-09-13 20:25:13,264 - INFO - Batch 410/2278: Loss=1.1920, Cls=0.0037, Reg=0.0000, Con=3.9609
2025-09-13 20:25:14,177 - INFO - Batch 420/2278: Loss=1.1883, Cls=0.0000, Reg=0.0000, Con=3.9609
2025-09-13 20:25:15,071 - INFO - Batch 430/2278: Loss=1.4279, Cls=0.2395, Reg=0.0000, Con=3.9614
2025-09-13 20:25:15,968 - INFO - Batch 440/2278: Loss=0.0051, Cls=0.0051, Reg=0.0000, Con=0.0000
2025-09-13 20:25:16,851 - INFO - Batch 450/2278: Loss=1.1919, Cls=0.0037, Reg=0.0000, Con=3.9608
2025-09-13 20:25:17,754 - INFO - Batch 460/2278: Loss=0.0171, Cls=0.0171, Reg=0.0000, Con=0.0000
2025-09-13 20:25:18,718 - INFO - Batch 470/2278: Loss=0.0048, Cls=0.0048, Reg=0.0000, Con=0.0000
2025-09-13 20:25:19,623 - INFO - Batch 480/2278: Loss=1.1966, Cls=0.0084, Reg=0.0000, Con=3.9609
2025-09-13 20:25:20,510 - INFO - Batch 490/2278: Loss=0.0166, Cls=0.0166, Reg=0.0000, Con=0.0000
2025-09-13 20:25:21,413 - INFO - Batch 500/2278: Loss=0.0053, Cls=0.0053, Reg=0.0000, Con=0.0000
2025-09-13 20:25:22,537 - INFO - Batch 510/2278: Loss=1.2016, Cls=0.0133, Reg=0.0000, Con=3.9608
2025-09-13 20:25:23,441 - INFO - Batch 520/2278: Loss=0.2251, Cls=0.2251, Reg=0.0000, Con=0.0000
2025-09-13 20:25:24,356 - INFO - Batch 530/2278: Loss=2.2244, Cls=1.0362, Reg=0.0000, Con=3.9608
2025-09-13 20:25:25,281 - INFO - Batch 540/2278: Loss=1.2001, Cls=0.0119, Reg=0.0000, Con=3.9609
2025-09-13 20:25:26,198 - INFO - Batch 550/2278: Loss=0.0046, Cls=0.0046, Reg=0.0000, Con=0.0000
2025-09-13 20:25:27,120 - INFO - Batch 560/2278: Loss=1.1961, Cls=0.0079, Reg=0.0000, Con=3.9609
2025-09-13 20:25:28,051 - INFO - Batch 570/2278: Loss=1.1914, Cls=0.0031, Reg=0.0000, Con=3.9608
2025-09-13 20:25:28,990 - INFO - Batch 580/2278: Loss=1.8718, Cls=1.8718, Reg=0.0000, Con=0.0000
2025-09-13 20:25:29,887 - INFO - Batch 590/2278: Loss=1.6520, Cls=0.4637, Reg=0.0000, Con=3.9609
2025-09-13 20:25:30,789 - INFO - Batch 600/2278: Loss=1.3640, Cls=1.3640, Reg=0.0000, Con=0.0000
2025-09-13 20:25:31,685 - INFO - Batch 610/2278: Loss=0.0335, Cls=0.0335, Reg=0.0000, Con=0.0000
2025-09-13 20:25:32,625 - INFO - Batch 620/2278: Loss=1.1882, Cls=0.0000, Reg=0.0000, Con=3.9608
2025-09-13 20:25:33,544 - INFO - Batch 630/2278: Loss=1.1986, Cls=0.0103, Reg=0.0000, Con=3.9611
2025-09-13 20:25:34,476 - INFO - Batch 640/2278: Loss=1.2103, Cls=0.0221, Reg=0.0000, Con=3.9607
2025-09-13 20:25:35,370 - INFO - Batch 650/2278: Loss=1.2163, Cls=0.0280, Reg=0.0000, Con=3.9608
2025-09-13 20:25:36,302 - INFO - Batch 660/2278: Loss=0.0059, Cls=0.0059, Reg=0.0000, Con=0.0000
2025-09-13 20:25:37,202 - INFO - Batch 670/2278: Loss=1.1908, Cls=0.0025, Reg=0.0000, Con=3.9609
2025-09-13 20:25:38,133 - INFO - Batch 680/2278: Loss=0.0186, Cls=0.0186, Reg=0.0000, Con=0.0000
2025-09-13 20:25:39,023 - INFO - Batch 690/2278: Loss=1.8420, Cls=0.6537, Reg=0.0000, Con=3.9609
2025-09-13 20:25:39,950 - INFO - Batch 700/2278: Loss=1.1981, Cls=0.0098, Reg=0.0000, Con=3.9610
2025-09-13 20:25:40,856 - INFO - Batch 710/2278: Loss=1.2447, Cls=0.0564, Reg=0.0000, Con=3.9610
2025-09-13 20:25:41,760 - INFO - Batch 720/2278: Loss=1.2038, Cls=0.0155, Reg=0.0000, Con=3.9610
2025-09-13 20:25:42,668 - INFO - Batch 730/2278: Loss=1.1909, Cls=0.0026, Reg=0.0000, Con=3.9609
2025-09-13 20:25:43,563 - INFO - Batch 740/2278: Loss=1.1939, Cls=0.0058, Reg=0.0000, Con=3.9606
2025-09-13 20:25:44,445 - INFO - Batch 750/2278: Loss=1.1966, Cls=0.0084, Reg=0.0000, Con=3.9606
2025-09-13 20:25:45,326 - INFO - Batch 760/2278: Loss=1.1961, Cls=0.0077, Reg=0.0000, Con=3.9611
2025-09-13 20:25:46,240 - INFO - Batch 770/2278: Loss=1.4219, Cls=0.2336, Reg=0.0000, Con=3.9611
2025-09-13 20:25:47,147 - INFO - Batch 780/2278: Loss=0.0276, Cls=0.0276, Reg=0.0000, Con=0.0000
2025-09-13 20:25:48,054 - INFO - Batch 790/2278: Loss=1.2013, Cls=0.0130, Reg=0.0000, Con=3.9609
2025-09-13 20:25:48,981 - INFO - Batch 800/2278: Loss=1.1884, Cls=0.0000, Reg=0.0000, Con=3.9612
2025-09-13 20:25:49,924 - INFO - Batch 810/2278: Loss=1.8322, Cls=1.8322, Reg=0.0000, Con=0.0000
2025-09-13 20:25:50,821 - INFO - Batch 820/2278: Loss=1.2339, Cls=0.0457, Reg=0.0000, Con=3.9608
2025-09-13 20:25:51,711 - INFO - Batch 830/2278: Loss=1.1914, Cls=0.0032, Reg=0.0000, Con=3.9609
2025-09-13 20:25:52,599 - INFO - Batch 840/2278: Loss=0.0000, Cls=0.0000, Reg=0.0000, Con=0.0000
2025-09-13 20:25:53,511 - INFO - Batch 850/2278: Loss=0.0890, Cls=0.0890, Reg=0.0000, Con=0.0000
2025-09-13 20:25:54,396 - INFO - Batch 860/2278: Loss=1.1975, Cls=0.0091, Reg=0.0000, Con=3.9611
2025-09-13 20:25:55,272 - INFO - Batch 870/2278: Loss=1.1883, Cls=0.0000, Reg=0.0000, Con=3.9609
2025-09-13 20:25:56,223 - INFO - Batch 880/2278: Loss=0.0012, Cls=0.0012, Reg=0.0000, Con=0.0000
2025-09-13 20:25:57,116 - INFO - Batch 890/2278: Loss=2.3868, Cls=1.1985, Reg=0.0000, Con=3.9609
2025-09-13 20:25:58,017 - INFO - Batch 900/2278: Loss=0.0000, Cls=0.0000, Reg=0.0000, Con=0.0000
2025-09-13 20:25:58,896 - INFO - Batch 910/2278: Loss=0.0759, Cls=0.0759, Reg=0.0000, Con=0.0000
2025-09-13 20:25:59,793 - INFO - Batch 920/2278: Loss=0.0032, Cls=0.0032, Reg=0.0000, Con=0.0000
2025-09-13 20:26:00,659 - INFO - Batch 930/2278: Loss=1.0461, Cls=1.0461, Reg=0.0000, Con=0.0000
2025-09-13 20:26:01,531 - INFO - Batch 940/2278: Loss=1.1971, Cls=0.0087, Reg=0.0000, Con=3.9613
2025-09-13 20:26:02,440 - INFO - Batch 950/2278: Loss=0.0019, Cls=0.0019, Reg=0.0000, Con=0.0000
2025-09-13 20:26:03,331 - INFO - Batch 960/2278: Loss=0.0038, Cls=0.0038, Reg=0.0000, Con=0.0000
2025-09-13 20:26:04,235 - INFO - Batch 970/2278: Loss=1.2113, Cls=0.0231, Reg=0.0000, Con=3.9608
2025-09-13 20:26:05,116 - INFO - Batch 980/2278: Loss=1.1981, Cls=0.0098, Reg=0.0000, Con=3.9609
2025-09-13 20:26:06,006 - INFO - Batch 990/2278: Loss=1.2510, Cls=0.0627, Reg=0.0000, Con=3.9609
2025-09-13 20:26:06,888 - INFO - Batch 1000/2278: Loss=1.1935, Cls=0.0052, Reg=0.0000, Con=3.9610
2025-09-13 20:26:07,808 - INFO - Batch 1010/2278: Loss=1.2018, Cls=0.0136, Reg=0.0000, Con=3.9608
2025-09-13 20:26:08,733 - INFO - Batch 1020/2278: Loss=1.1945, Cls=0.0063, Reg=0.0000, Con=3.9608
2025-09-13 20:26:09,636 - INFO - Batch 1030/2278: Loss=0.0026, Cls=0.0026, Reg=0.0000, Con=0.0000
2025-09-13 20:26:10,562 - INFO - Batch 1040/2278: Loss=1.1884, Cls=0.0000, Reg=0.0000, Con=3.9613
2025-09-13 20:26:11,460 - INFO - Batch 1050/2278: Loss=0.0221, Cls=0.0221, Reg=0.0000, Con=0.0000
2025-09-13 20:26:12,362 - INFO - Batch 1060/2278: Loss=1.6153, Cls=0.4270, Reg=0.0000, Con=3.9611
2025-09-13 20:26:13,289 - INFO - Batch 1070/2278: Loss=1.1993, Cls=0.0110, Reg=0.0000, Con=3.9609
2025-09-13 20:26:14,184 - INFO - Batch 1080/2278: Loss=0.0000, Cls=0.0000, Reg=0.0000, Con=0.0000
2025-09-13 20:26:15,096 - INFO - Batch 1090/2278: Loss=1.1919, Cls=0.0036, Reg=0.0000, Con=3.9611
2025-09-13 20:26:15,990 - INFO - Batch 1100/2278: Loss=1.1883, Cls=0.0000, Reg=0.0000, Con=3.9611
2025-09-13 20:26:16,866 - INFO - Batch 1110/2278: Loss=0.3426, Cls=0.3426, Reg=0.0000, Con=0.0000
2025-09-13 20:26:17,772 - INFO - Batch 1120/2278: Loss=0.0235, Cls=0.0235, Reg=0.0000, Con=0.0000
2025-09-13 20:26:18,658 - INFO - Batch 1130/2278: Loss=0.0000, Cls=0.0000, Reg=0.0000, Con=0.0000
2025-09-13 20:26:19,589 - INFO - Batch 1140/2278: Loss=1.9672, Cls=0.7789, Reg=0.0000, Con=3.9609
2025-09-13 20:26:20,477 - INFO - Batch 1150/2278: Loss=0.0131, Cls=0.0131, Reg=0.0000, Con=0.0000
2025-09-13 20:26:21,393 - INFO - Batch 1160/2278: Loss=1.2977, Cls=1.2977, Reg=0.0000, Con=0.0000
2025-09-13 20:26:22,287 - INFO - Batch 1170/2278: Loss=6.5143, Cls=5.3261, Reg=0.0000, Con=3.9608
2025-09-13 20:26:23,194 - INFO - Batch 1180/2278: Loss=1.1924, Cls=0.0040, Reg=0.0000, Con=3.9613
2025-09-13 20:26:24,093 - INFO - Batch 1190/2278: Loss=1.1883, Cls=0.0000, Reg=0.0000, Con=3.9609
2025-09-13 20:26:25,001 - INFO - Batch 1200/2278: Loss=1.2142, Cls=0.0259, Reg=0.0000, Con=3.9611
2025-09-13 20:26:25,896 - INFO - Batch 1210/2278: Loss=1.2260, Cls=0.0377, Reg=0.0000, Con=3.9611
2025-09-13 20:26:26,778 - INFO - Batch 1220/2278: Loss=1.2029, Cls=0.0146, Reg=0.0000, Con=3.9609
2025-09-13 20:26:27,677 - INFO - Batch 1230/2278: Loss=0.0082, Cls=0.0082, Reg=0.0000, Con=0.0000
2025-09-13 20:26:28,605 - INFO - Batch 1240/2278: Loss=1.8573, Cls=0.6691, Reg=0.0000, Con=3.9608
2025-09-13 20:26:29,507 - INFO - Batch 1250/2278: Loss=1.1912, Cls=0.0029, Reg=0.0000, Con=3.9609
2025-09-13 20:26:30,392 - INFO - Batch 1260/2278: Loss=0.3940, Cls=0.3940, Reg=0.0000, Con=0.0000
2025-09-13 20:26:31,302 - INFO - Batch 1270/2278: Loss=1.2049, Cls=0.0166, Reg=0.0000, Con=3.9610
2025-09-13 20:26:32,179 - INFO - Batch 1280/2278: Loss=2.6986, Cls=1.5104, Reg=0.0000, Con=3.9607
2025-09-13 20:26:33,117 - INFO - Batch 1290/2278: Loss=0.0000, Cls=0.0000, Reg=0.0000, Con=0.0000
2025-09-13 20:26:34,003 - INFO - Batch 1300/2278: Loss=0.0208, Cls=0.0208, Reg=0.0000, Con=0.0000
2025-09-13 20:26:34,910 - INFO - Batch 1310/2278: Loss=1.1976, Cls=0.0093, Reg=0.0000, Con=3.9608
2025-09-13 20:26:35,813 - INFO - Batch 1320/2278: Loss=1.2106, Cls=0.0224, Reg=0.0000, Con=3.9610
2025-09-13 20:26:36,731 - INFO - Batch 1330/2278: Loss=1.3135, Cls=0.1252, Reg=0.0000, Con=3.9610
2025-09-13 20:26:37,675 - INFO - Batch 1340/2278: Loss=1.1935, Cls=0.0053, Reg=0.0000, Con=3.9608
2025-09-13 20:26:38,580 - INFO - Batch 1350/2278: Loss=1.1993, Cls=0.0111, Reg=0.0000, Con=3.9608
2025-09-13 20:26:39,513 - INFO - Batch 1360/2278: Loss=1.2060, Cls=0.0176, Reg=0.0000, Con=3.9612
2025-09-13 20:26:40,402 - INFO - Batch 1370/2278: Loss=1.1886, Cls=0.0003, Reg=0.0000, Con=3.9610
2025-09-13 20:26:41,320 - INFO - Batch 1380/2278: Loss=1.1968, Cls=0.0085, Reg=0.0000, Con=3.9608
2025-09-13 20:26:42,221 - INFO - Batch 1390/2278: Loss=1.1901, Cls=0.0018, Reg=0.0000, Con=3.9610
2025-09-13 20:26:43,159 - INFO - Batch 1400/2278: Loss=1.2037, Cls=0.0153, Reg=0.0000, Con=3.9615
2025-09-13 20:26:44,064 - INFO - Batch 1410/2278: Loss=0.0145, Cls=0.0145, Reg=0.0000, Con=0.0000
2025-09-13 20:26:44,973 - INFO - Batch 1420/2278: Loss=1.2151, Cls=0.0268, Reg=0.0000, Con=3.9610
2025-09-13 20:26:45,856 - INFO - Batch 1430/2278: Loss=0.0138, Cls=0.0138, Reg=0.0000, Con=0.0000
2025-09-13 20:26:46,781 - INFO - Batch 1440/2278: Loss=1.1894, Cls=0.0012, Reg=0.0000, Con=3.9606
2025-09-13 20:26:47,703 - INFO - Batch 1450/2278: Loss=0.0000, Cls=0.0000, Reg=0.0000, Con=0.0000
2025-09-13 20:26:48,588 - INFO - Batch 1460/2278: Loss=0.0166, Cls=0.0166, Reg=0.0000, Con=0.0000
2025-09-13 20:26:49,501 - INFO - Batch 1470/2278: Loss=1.2079, Cls=0.0197, Reg=0.0000, Con=3.9607
2025-09-13 20:26:50,380 - INFO - Batch 1480/2278: Loss=1.2534, Cls=0.0652, Reg=0.0000, Con=3.9608
2025-09-13 20:26:51,300 - INFO - Batch 1490/2278: Loss=0.0002, Cls=0.0002, Reg=0.0000, Con=0.0000
2025-09-13 20:26:52,205 - INFO - Batch 1500/2278: Loss=1.5057, Cls=0.3174, Reg=0.0000, Con=3.9610
2025-09-13 20:26:53,117 - INFO - Batch 1510/2278: Loss=1.4866, Cls=0.2983, Reg=0.0000, Con=3.9609
2025-09-13 20:26:53,995 - INFO - Batch 1520/2278: Loss=0.0356, Cls=0.0356, Reg=0.0000, Con=0.0000
2025-09-13 20:26:54,879 - INFO - Batch 1530/2278: Loss=1.1882, Cls=0.0000, Reg=0.0000, Con=3.9608
2025-09-13 20:26:55,777 - INFO - Batch 1540/2278: Loss=1.1965, Cls=0.0082, Reg=0.0000, Con=3.9610
2025-09-13 20:26:56,678 - INFO - Batch 1550/2278: Loss=1.2104, Cls=0.0221, Reg=0.0000, Con=3.9611
2025-09-13 20:26:57,569 - INFO - Batch 1560/2278: Loss=1.1923, Cls=0.0040, Reg=0.0000, Con=3.9608
2025-09-13 20:26:58,477 - INFO - Batch 1570/2278: Loss=0.0000, Cls=0.0000, Reg=0.0000, Con=0.0000
2025-09-13 20:26:59,427 - INFO - Batch 1580/2278: Loss=1.1882, Cls=0.0000, Reg=0.0000, Con=3.9608
2025-09-13 20:27:00,338 - INFO - Batch 1590/2278: Loss=0.0012, Cls=0.0012, Reg=0.0000, Con=0.0000
2025-09-13 20:27:01,237 - INFO - Batch 1600/2278: Loss=1.9625, Cls=0.7742, Reg=0.0000, Con=3.9608
2025-09-13 20:27:02,107 - INFO - Batch 1610/2278: Loss=0.0000, Cls=0.0000, Reg=0.0000, Con=0.0000
2025-09-13 20:27:03,025 - INFO - Batch 1620/2278: Loss=1.1949, Cls=0.0067, Reg=0.0000, Con=3.9608
2025-09-13 20:27:03,907 - INFO - Batch 1630/2278: Loss=1.2050, Cls=0.0167, Reg=0.0000, Con=3.9610
2025-09-13 20:27:04,776 - INFO - Batch 1640/2278: Loss=0.0029, Cls=0.0029, Reg=0.0000, Con=0.0000
2025-09-13 20:27:05,682 - INFO - Batch 1650/2278: Loss=1.1900, Cls=0.0017, Reg=0.0000, Con=3.9609
2025-09-13 20:27:06,581 - INFO - Batch 1660/2278: Loss=1.2614, Cls=0.0730, Reg=0.0000, Con=3.9613
2025-09-13 20:27:07,465 - INFO - Batch 1670/2278: Loss=1.2069, Cls=0.0186, Reg=0.0000, Con=3.9609
2025-09-13 20:27:08,357 - INFO - Batch 1680/2278: Loss=1.1903, Cls=0.0021, Reg=0.0000, Con=3.9607
2025-09-13 20:27:09,223 - INFO - Batch 1690/2278: Loss=1.2222, Cls=0.0339, Reg=0.0000, Con=3.9610
2025-09-13 20:27:10,119 - INFO - Batch 1700/2278: Loss=1.2028, Cls=0.0146, Reg=0.0000, Con=3.9608
2025-09-13 20:27:11,004 - INFO - Batch 1710/2278: Loss=0.0049, Cls=0.0049, Reg=0.0000, Con=0.0000
2025-09-13 20:27:11,909 - INFO - Batch 1720/2278: Loss=0.0067, Cls=0.0067, Reg=0.0000, Con=0.0000
2025-09-13 20:27:12,837 - INFO - Batch 1730/2278: Loss=1.2734, Cls=0.0851, Reg=0.0000, Con=3.9608
2025-09-13 20:27:13,756 - INFO - Batch 1740/2278: Loss=1.4515, Cls=0.2633, Reg=0.0000, Con=3.9608
2025-09-13 20:27:14,658 - INFO - Batch 1750/2278: Loss=0.0024, Cls=0.0024, Reg=0.0000, Con=0.0000
2025-09-13 20:27:15,576 - INFO - Batch 1760/2278: Loss=7.2422, Cls=6.0538, Reg=0.0000, Con=3.9612
2025-09-13 20:27:16,470 - INFO - Batch 1770/2278: Loss=0.0312, Cls=0.0312, Reg=0.0000, Con=0.0000
2025-09-13 20:27:17,364 - INFO - Batch 1780/2278: Loss=0.0033, Cls=0.0033, Reg=0.0000, Con=0.0000
2025-09-13 20:27:18,258 - INFO - Batch 1790/2278: Loss=0.7741, Cls=0.7741, Reg=0.0000, Con=0.0000
2025-09-13 20:27:19,158 - INFO - Batch 1800/2278: Loss=2.8600, Cls=1.6718, Reg=0.0000, Con=3.9607
2025-09-13 20:27:20,062 - INFO - Batch 1810/2278: Loss=0.0231, Cls=0.0231, Reg=0.0000, Con=0.0000
2025-09-13 20:27:20,994 - INFO - Batch 1820/2278: Loss=0.0095, Cls=0.0095, Reg=0.0000, Con=0.0000
2025-09-13 20:27:21,953 - INFO - Batch 1830/2278: Loss=1.1920, Cls=0.0038, Reg=0.0000, Con=3.9608
2025-09-13 20:27:22,873 - INFO - Batch 1840/2278: Loss=0.0153, Cls=0.0153, Reg=0.0000, Con=0.0000
2025-09-13 20:27:23,792 - INFO - Batch 1850/2278: Loss=1.1958, Cls=0.0075, Reg=0.0000, Con=3.9609
2025-09-13 20:27:24,687 - INFO - Batch 1860/2278: Loss=1.1934, Cls=0.0052, Reg=0.0000, Con=3.9607
2025-09-13 20:27:25,659 - INFO - Batch 1870/2278: Loss=0.0059, Cls=0.0059, Reg=0.0000, Con=0.0000
2025-09-13 20:27:26,580 - INFO - Batch 1880/2278: Loss=1.1889, Cls=0.0007, Reg=0.0000, Con=3.9607
2025-09-13 20:27:27,477 - INFO - Batch 1890/2278: Loss=0.0000, Cls=0.0000, Reg=0.0000, Con=0.0000
2025-09-13 20:27:28,365 - INFO - Batch 1900/2278: Loss=0.0000, Cls=0.0000, Reg=0.0000, Con=0.0000
2025-09-13 20:27:29,226 - INFO - Batch 1910/2278: Loss=1.1967, Cls=0.0084, Reg=0.0000, Con=3.9610
2025-09-13 20:27:30,109 - INFO - Batch 1920/2278: Loss=0.0277, Cls=0.0277, Reg=0.0000, Con=0.0000
2025-09-13 20:27:31,032 - INFO - Batch 1930/2278: Loss=1.2927, Cls=0.1044, Reg=0.0000, Con=3.9611
2025-09-13 20:27:31,948 - INFO - Batch 1940/2278: Loss=1.1902, Cls=0.0020, Reg=0.0000, Con=3.9607
2025-09-13 20:27:32,837 - INFO - Batch 1950/2278: Loss=1.1969, Cls=0.0087, Reg=0.0000, Con=3.9609
2025-09-13 20:27:33,731 - INFO - Batch 1960/2278: Loss=1.1972, Cls=0.0089, Reg=0.0000, Con=3.9610
2025-09-13 20:27:34,612 - INFO - Batch 1970/2278: Loss=0.0035, Cls=0.0035, Reg=0.0000, Con=0.0000
2025-09-13 20:27:35,543 - INFO - Batch 1980/2278: Loss=2.2191, Cls=1.0309, Reg=0.0000, Con=3.9610
2025-09-13 20:27:36,452 - INFO - Batch 1990/2278: Loss=1.1957, Cls=0.0075, Reg=0.0000, Con=3.9608
2025-09-13 20:27:37,365 - INFO - Batch 2000/2278: Loss=1.2028, Cls=0.0145, Reg=0.0000, Con=3.9610
2025-09-13 20:27:38,333 - INFO - Batch 2010/2278: Loss=1.3445, Cls=0.1563, Reg=0.0000, Con=3.9608
2025-09-13 20:27:39,232 - INFO - Batch 2020/2278: Loss=1.2528, Cls=0.0645, Reg=0.0000, Con=3.9608
2025-09-13 20:27:40,152 - INFO - Batch 2030/2278: Loss=1.1960, Cls=0.0078, Reg=0.0000, Con=3.9608
2025-09-13 20:27:41,024 - INFO - Batch 2040/2278: Loss=1.1951, Cls=0.0068, Reg=0.0000, Con=3.9610
2025-09-13 20:27:41,933 - INFO - Batch 2050/2278: Loss=2.2278, Cls=2.2278, Reg=0.0000, Con=0.0000
2025-09-13 20:27:42,843 - INFO - Batch 2060/2278: Loss=1.2013, Cls=0.0130, Reg=0.0000, Con=3.9609
2025-09-13 20:27:43,742 - INFO - Batch 2070/2278: Loss=1.2348, Cls=1.2348, Reg=0.0000, Con=0.0000
2025-09-13 20:27:44,641 - INFO - Batch 2080/2278: Loss=1.1957, Cls=0.0073, Reg=0.0000, Con=3.9613
2025-09-13 20:27:45,513 - INFO - Batch 2090/2278: Loss=1.1989, Cls=0.0107, Reg=0.0000, Con=3.9607
2025-09-13 20:27:46,420 - INFO - Batch 2100/2278: Loss=1.1891, Cls=0.0005, Reg=0.0000, Con=3.9619
2025-09-13 20:27:47,315 - INFO - Batch 2110/2278: Loss=1.9991, Cls=0.8108, Reg=0.0000, Con=3.9609
2025-09-13 20:27:48,218 - INFO - Batch 2120/2278: Loss=0.0050, Cls=0.0050, Reg=0.0000, Con=0.0000
2025-09-13 20:27:49,127 - INFO - Batch 2130/2278: Loss=0.0049, Cls=0.0049, Reg=0.0000, Con=0.0000
2025-09-13 20:27:50,034 - INFO - Batch 2140/2278: Loss=0.0097, Cls=0.0097, Reg=0.0000, Con=0.0000
2025-09-13 20:27:50,891 - INFO - Batch 2150/2278: Loss=1.1934, Cls=0.0052, Reg=0.0000, Con=3.9608
2025-09-13 20:27:51,797 - INFO - Batch 2160/2278: Loss=2.0224, Cls=0.8342, Reg=0.0000, Con=3.9609
2025-09-13 20:27:52,668 - INFO - Batch 2170/2278: Loss=1.2032, Cls=0.0150, Reg=0.0000, Con=3.9608
2025-09-13 20:27:53,559 - INFO - Batch 2180/2278: Loss=0.0330, Cls=0.0330, Reg=0.0000, Con=0.0000
2025-09-13 20:27:54,438 - INFO - Batch 2190/2278: Loss=1.2043, Cls=0.0160, Reg=0.0000, Con=3.9609
2025-09-13 20:27:55,341 - INFO - Batch 2200/2278: Loss=1.1930, Cls=0.0048, Reg=0.0000, Con=3.9608
2025-09-13 20:27:56,223 - INFO - Batch 2210/2278: Loss=0.0075, Cls=0.0075, Reg=0.0000, Con=0.0000
2025-09-13 20:27:57,122 - INFO - Batch 2220/2278: Loss=0.0083, Cls=0.0083, Reg=0.0000, Con=0.0000
2025-09-13 20:27:58,028 - INFO - Batch 2230/2278: Loss=1.1883, Cls=0.0000, Reg=0.0000, Con=3.9609
2025-09-13 20:27:58,944 - INFO - Batch 2240/2278: Loss=1.1963, Cls=0.0078, Reg=0.0000, Con=3.9617
2025-09-13 20:27:59,915 - INFO - Batch 2250/2278: Loss=1.2033, Cls=0.0151, Reg=0.0000, Con=3.9608
2025-09-13 20:28:00,910 - INFO - Batch 2260/2278: Loss=0.0010, Cls=0.0010, Reg=0.0000, Con=0.0000
2025-09-13 20:28:01,865 - INFO - Batch 2270/2278: Loss=0.5736, Cls=0.5736, Reg=0.0000, Con=0.0000
2025-09-13 20:31:30,152 - INFO - === Epoch 3 Results ===
2025-09-13 20:31:30,152 - INFO - Training Loss: 1.1278 (Classification: 0.3480, Regression: 0.0000)
2025-09-13 20:31:30,152 - INFO - Validation Loss: 0.0701 (Classification: 0.0701, Regression: 0.0000)
2025-09-13 20:31:30,152 - INFO - Average Classification Accuracy: 0.9127 (on 1/26 tasks)
2025-09-13 20:31:30,152 - INFO - Average AUC: 0.7541
2025-09-13 20:31:32,905 - INFO - Best model saved to: experiments/r1c3_single_cls_18_seed_42_20250913_201048/checkpoints/r1c3_single_cls_18_seed_42_best.pth
2025-09-13 20:31:32,905 - INFO - Training finished!
2025-09-13 20:31:32,905 - INFO - Performing final evaluation...
2025-09-13 20:31:33,162 - INFO - Loaded best model from: experiments/r1c3_single_cls_18_seed_42_20250913_201048/checkpoints/r1c3_single_cls_18_seed_42_best.pth
2025-09-13 20:34:59,292 - INFO - Final Validation Results:
2025-09-13 20:34:59,292 - INFO -   Total Loss: 0.0701
2025-09-13 20:34:59,292 - INFO -   Classification Loss: 0.0701
2025-09-13 20:34:59,292 - INFO -   Regression Loss: 0.0000
2025-09-13 20:34:59,292 - INFO -   Average Classification Accuracy: 0.9127
2025-09-13 20:34:59,292 - INFO -   Average AUC: 0.7541
2025-09-13 20:34:59,293 - INFO - Results saved to: experiments/r1c3_single_cls_18_seed_42_20250913_201048/checkpoints/r1c3_single_cls_18_seed_42_results.json
