2025-09-14 08:53:01,664 - INFO - 🔬 Starting experiment: r1c3_headft_cls_18_seed_42
2025-09-14 08:53:01,665 - INFO - 📁 Experiment directory: experiments/r1c3_headft_cls_18_seed_42_20250914_085301
2025-09-14 08:53:01,665 - INFO - 🎲 Random seed: 42
2025-09-14 08:53:01,665 - INFO - 🔒 Deterministic mode: True
2025-09-14 08:53:01,665 - INFO - Using device: cuda
2025-09-14 08:53:01,665 - INFO - Total GPU Memory: 25.16 GB
2025-09-14 08:53:01,682 - INFO - 🧪 Fusion: Using cross-attention dynamic fusion
2025-09-14 08:53:01,682 - INFO - 🧪 GNN Backbone: Using default GraphAttentionNetwork branch
2025-09-14 08:53:01,682 - INFO - 🎯 Task Mode: Single classification endpoint 18
2025-09-14 08:53:01,683 - INFO - Configuration saved to: experiments/r1c3_headft_cls_18_seed_42_20250914_085301/checkpoints/config.json
2025-09-14 08:53:01,683 - INFO - 🚀 Using preprocessed data from: /mnt/backup2/ai4s/backupunimolpy/responds-work/ToxD4C/data/data/processed
2025-09-14 08:53:01,683 - INFO - Loading LMDB dataset from: /mnt/backup2/ai4s/backupunimolpy/responds-work/ToxD4C/data/data/processed
2025-09-14 08:53:02,189 - INFO - Number of training batches: 2278
2025-09-14 08:53:02,189 - INFO - Number of validation batches: 2278
2025-09-14 08:53:02,189 - INFO - Number of test batches: 2278
2025-09-14 08:53:02,189 - INFO - Creating ToxD4C model...
2025-09-14 08:53:03,274 - INFO - Model created successfully. Total parameters: 100,932,036
2025-09-14 08:53:03,275 - INFO - Testing model forward pass...
2025-09-14 08:53:03,706 - INFO - Test output shapes:
2025-09-14 08:53:03,706 - INFO -   classification: torch.Size([16, 1])
2025-09-14 08:53:03,709 - INFO -   classification contains NaN: False
2025-09-14 08:53:03,709 - INFO -   classification contains Inf: False
2025-09-14 08:53:03,709 - INFO -   regression: torch.Size([16, 0])
2025-09-14 08:53:03,709 - INFO -   regression contains NaN: False
2025-09-14 08:53:03,709 - INFO -   regression contains Inf: False
2025-09-14 08:53:03,709 - INFO - Model forward pass test successful!
2025-09-14 08:53:04,415 - INFO - 🔁 Loaded checkpoint from: /mnt/backup2/ai4s/backupunimolpy/responds-work/ToxD4C/experiments/r1c3_multi_full_seed_42_20250913_152627/checkpoints/r1c3_multi_full_seed_42_best.pth
2025-09-14 08:53:04,416 - INFO - 🧩 Head-only fine-tuning: unfroze head for task 'NR-ER' and froze trunk.
2025-09-14 08:53:04,417 - INFO - Starting training...
2025-09-14 08:53:04,417 - INFO - 
Epoch 1/3
2025-09-14 08:53:04,593 - INFO - Batch 0/2278: Loss=0.0414, Cls=0.0414, Reg=0.0000, Con=0.0000
2025-09-14 08:53:05,482 - INFO - Batch 10/2278: Loss=0.0555, Cls=0.0555, Reg=0.0000, Con=0.0000
2025-09-14 08:53:06,359 - INFO - Batch 20/2278: Loss=1.3346, Cls=0.1463, Reg=0.0000, Con=3.9610
2025-09-14 08:53:07,240 - INFO - Batch 30/2278: Loss=0.0000, Cls=0.0000, Reg=0.0000, Con=0.0000
2025-09-14 08:53:08,128 - INFO - Batch 40/2278: Loss=1.7212, Cls=1.7212, Reg=0.0000, Con=0.0000
2025-09-14 08:53:09,041 - INFO - Batch 50/2278: Loss=1.4229, Cls=0.2346, Reg=0.0000, Con=3.9609
2025-09-14 08:53:09,925 - INFO - Batch 60/2278: Loss=2.6359, Cls=1.4476, Reg=0.0000, Con=3.9609
2025-09-14 08:53:10,803 - INFO - Batch 70/2278: Loss=1.1882, Cls=0.0000, Reg=0.0000, Con=3.9608
2025-09-14 08:53:11,666 - INFO - Batch 80/2278: Loss=0.0071, Cls=0.0071, Reg=0.0000, Con=0.0000
2025-09-14 08:53:12,568 - INFO - Batch 90/2278: Loss=0.0061, Cls=0.0061, Reg=0.0000, Con=0.0000
2025-09-14 08:53:13,451 - INFO - Batch 100/2278: Loss=0.1226, Cls=0.1226, Reg=0.0000, Con=0.0000
2025-09-14 08:53:14,365 - INFO - Batch 110/2278: Loss=0.0000, Cls=0.0000, Reg=0.0000, Con=0.0000
2025-09-14 08:53:15,254 - INFO - Batch 120/2278: Loss=1.1955, Cls=0.0073, Reg=0.0000, Con=3.9609
2025-09-14 08:53:16,214 - INFO - Batch 130/2278: Loss=1.2543, Cls=0.0660, Reg=0.0000, Con=3.9609
2025-09-14 08:53:17,085 - INFO - Batch 140/2278: Loss=1.3136, Cls=0.1252, Reg=0.0000, Con=3.9615
2025-09-14 08:53:17,980 - INFO - Batch 150/2278: Loss=1.2922, Cls=0.1038, Reg=0.0000, Con=3.9613
2025-09-14 08:53:18,862 - INFO - Batch 160/2278: Loss=1.2201, Cls=0.0318, Reg=0.0000, Con=3.9611
2025-09-14 08:53:19,728 - INFO - Batch 170/2278: Loss=1.4043, Cls=0.2160, Reg=0.0000, Con=3.9611
2025-09-14 08:53:20,622 - INFO - Batch 180/2278: Loss=1.2013, Cls=0.0130, Reg=0.0000, Con=3.9610
2025-09-14 08:53:21,494 - INFO - Batch 190/2278: Loss=1.2505, Cls=0.0623, Reg=0.0000, Con=3.9608
2025-09-14 08:53:22,350 - INFO - Batch 200/2278: Loss=0.0373, Cls=0.0373, Reg=0.0000, Con=0.0000
2025-09-14 08:53:23,239 - INFO - Batch 210/2278: Loss=0.0234, Cls=0.0234, Reg=0.0000, Con=0.0000
2025-09-14 08:53:24,122 - INFO - Batch 220/2278: Loss=0.0042, Cls=0.0042, Reg=0.0000, Con=0.0000
2025-09-14 08:53:25,008 - INFO - Batch 230/2278: Loss=1.1940, Cls=0.0057, Reg=0.0000, Con=3.9610
2025-09-14 08:53:25,870 - INFO - Batch 240/2278: Loss=1.1929, Cls=0.0047, Reg=0.0000, Con=3.9608
2025-09-14 08:53:26,740 - INFO - Batch 250/2278: Loss=0.0067, Cls=0.0067, Reg=0.0000, Con=0.0000
2025-09-14 08:53:27,606 - INFO - Batch 260/2278: Loss=2.5639, Cls=1.3757, Reg=0.0000, Con=3.9607
2025-09-14 08:53:28,489 - INFO - Batch 270/2278: Loss=0.0000, Cls=0.0000, Reg=0.0000, Con=0.0000
2025-09-14 08:53:29,349 - INFO - Batch 280/2278: Loss=1.2011, Cls=0.0128, Reg=0.0000, Con=3.9611
2025-09-14 08:53:30,194 - INFO - Batch 290/2278: Loss=0.0714, Cls=0.0714, Reg=0.0000, Con=0.0000
2025-09-14 08:53:31,054 - INFO - Batch 300/2278: Loss=1.1962, Cls=0.0080, Reg=0.0000, Con=3.9609
2025-09-14 08:53:31,940 - INFO - Batch 310/2278: Loss=1.1905, Cls=0.0022, Reg=0.0000, Con=3.9612
2025-09-14 08:53:32,783 - INFO - Batch 320/2278: Loss=0.0121, Cls=0.0121, Reg=0.0000, Con=0.0000
2025-09-14 08:53:33,674 - INFO - Batch 330/2278: Loss=1.1975, Cls=0.0093, Reg=0.0000, Con=3.9609
2025-09-14 08:53:34,537 - INFO - Batch 340/2278: Loss=1.2471, Cls=0.0587, Reg=0.0000, Con=3.9610
2025-09-14 08:53:35,449 - INFO - Batch 350/2278: Loss=1.2552, Cls=0.0669, Reg=0.0000, Con=3.9611
2025-09-14 08:53:36,305 - INFO - Batch 360/2278: Loss=1.1882, Cls=0.0000, Reg=0.0000, Con=3.9607
2025-09-14 08:53:37,186 - INFO - Batch 370/2278: Loss=1.2011, Cls=0.0128, Reg=0.0000, Con=3.9609
2025-09-14 08:53:38,053 - INFO - Batch 380/2278: Loss=1.1986, Cls=0.0104, Reg=0.0000, Con=3.9607
2025-09-14 08:53:38,947 - INFO - Batch 390/2278: Loss=1.1882, Cls=0.0000, Reg=0.0000, Con=3.9607
2025-09-14 08:53:39,831 - INFO - Batch 400/2278: Loss=0.1197, Cls=0.1197, Reg=0.0000, Con=0.0000
2025-09-14 08:53:40,705 - INFO - Batch 410/2278: Loss=0.0037, Cls=0.0037, Reg=0.0000, Con=0.0000
2025-09-14 08:53:41,584 - INFO - Batch 420/2278: Loss=2.0005, Cls=2.0005, Reg=0.0000, Con=0.0000
2025-09-14 08:53:42,468 - INFO - Batch 430/2278: Loss=1.2020, Cls=0.0138, Reg=0.0000, Con=3.9607
2025-09-14 08:53:43,338 - INFO - Batch 440/2278: Loss=2.5028, Cls=1.3145, Reg=0.0000, Con=3.9608
2025-09-14 08:53:44,201 - INFO - Batch 450/2278: Loss=1.2211, Cls=0.0329, Reg=0.0000, Con=3.9607
2025-09-14 08:53:45,059 - INFO - Batch 460/2278: Loss=1.2853, Cls=0.0971, Reg=0.0000, Con=3.9607
2025-09-14 08:53:45,960 - INFO - Batch 470/2278: Loss=1.1938, Cls=0.0055, Reg=0.0000, Con=3.9611
2025-09-14 08:53:46,847 - INFO - Batch 480/2278: Loss=1.1975, Cls=0.0093, Reg=0.0000, Con=3.9607
2025-09-14 08:53:47,718 - INFO - Batch 490/2278: Loss=0.0000, Cls=0.0000, Reg=0.0000, Con=0.0000
2025-09-14 08:53:48,590 - INFO - Batch 500/2278: Loss=0.0028, Cls=0.0028, Reg=0.0000, Con=0.0000
2025-09-14 08:53:49,453 - INFO - Batch 510/2278: Loss=1.1883, Cls=0.0000, Reg=0.0000, Con=3.9609
2025-09-14 08:53:50,316 - INFO - Batch 520/2278: Loss=3.7328, Cls=2.5446, Reg=0.0000, Con=3.9608
2025-09-14 08:53:51,183 - INFO - Batch 530/2278: Loss=1.2074, Cls=0.0192, Reg=0.0000, Con=3.9608
2025-09-14 08:53:52,089 - INFO - Batch 540/2278: Loss=1.9203, Cls=0.7320, Reg=0.0000, Con=3.9610
2025-09-14 08:53:52,947 - INFO - Batch 550/2278: Loss=1.1882, Cls=0.0000, Reg=0.0000, Con=3.9607
2025-09-14 08:53:53,796 - INFO - Batch 560/2278: Loss=1.1922, Cls=0.0039, Reg=0.0000, Con=3.9609
2025-09-14 08:53:54,706 - INFO - Batch 570/2278: Loss=1.2630, Cls=0.0747, Reg=0.0000, Con=3.9608
2025-09-14 08:53:55,577 - INFO - Batch 580/2278: Loss=1.2585, Cls=1.2585, Reg=0.0000, Con=0.0000
2025-09-14 08:53:56,434 - INFO - Batch 590/2278: Loss=0.4696, Cls=0.4696, Reg=0.0000, Con=0.0000
2025-09-14 08:53:57,322 - INFO - Batch 600/2278: Loss=1.2114, Cls=0.0232, Reg=0.0000, Con=3.9609
2025-09-14 08:53:58,184 - INFO - Batch 610/2278: Loss=1.2249, Cls=0.0367, Reg=0.0000, Con=3.9609
2025-09-14 08:53:59,065 - INFO - Batch 620/2278: Loss=1.2260, Cls=0.0378, Reg=0.0000, Con=3.9608
2025-09-14 08:53:59,952 - INFO - Batch 630/2278: Loss=0.0000, Cls=0.0000, Reg=0.0000, Con=0.0000
2025-09-14 08:54:00,853 - INFO - Batch 640/2278: Loss=2.5862, Cls=1.3980, Reg=0.0000, Con=3.9608
2025-09-14 08:54:01,722 - INFO - Batch 650/2278: Loss=1.2136, Cls=0.0252, Reg=0.0000, Con=3.9613
2025-09-14 08:54:02,577 - INFO - Batch 660/2278: Loss=1.1931, Cls=0.0049, Reg=0.0000, Con=3.9608
2025-09-14 08:54:03,455 - INFO - Batch 670/2278: Loss=1.1883, Cls=0.0000, Reg=0.0000, Con=3.9608
2025-09-14 08:54:04,329 - INFO - Batch 680/2278: Loss=1.1882, Cls=0.0000, Reg=0.0000, Con=3.9608
2025-09-14 08:54:05,499 - INFO - Batch 690/2278: Loss=4.2010, Cls=3.0128, Reg=0.0000, Con=3.9608
2025-09-14 08:54:06,433 - INFO - Batch 700/2278: Loss=0.0070, Cls=0.0070, Reg=0.0000, Con=0.0000
2025-09-14 08:54:07,349 - INFO - Batch 710/2278: Loss=1.1882, Cls=0.0000, Reg=0.0000, Con=3.9607
2025-09-14 08:54:08,222 - INFO - Batch 720/2278: Loss=1.1954, Cls=0.0072, Reg=0.0000, Con=3.9609
2025-09-14 08:54:09,113 - INFO - Batch 730/2278: Loss=1.2142, Cls=0.0258, Reg=0.0000, Con=3.9613
2025-09-14 08:54:10,001 - INFO - Batch 740/2278: Loss=1.2117, Cls=0.0234, Reg=0.0000, Con=3.9610
2025-09-14 08:54:10,890 - INFO - Batch 750/2278: Loss=1.2103, Cls=0.0220, Reg=0.0000, Con=3.9609
2025-09-14 08:54:11,778 - INFO - Batch 760/2278: Loss=2.8945, Cls=1.7063, Reg=0.0000, Con=3.9608
2025-09-14 08:54:12,658 - INFO - Batch 770/2278: Loss=1.2558, Cls=0.0675, Reg=0.0000, Con=3.9610
2025-09-14 08:54:13,556 - INFO - Batch 780/2278: Loss=1.1939, Cls=0.0057, Reg=0.0000, Con=3.9608
2025-09-14 08:54:14,447 - INFO - Batch 790/2278: Loss=0.0668, Cls=0.0668, Reg=0.0000, Con=0.0000
2025-09-14 08:54:15,335 - INFO - Batch 800/2278: Loss=1.1932, Cls=0.0049, Reg=0.0000, Con=3.9612
2025-09-14 08:54:16,211 - INFO - Batch 810/2278: Loss=1.1902, Cls=0.0019, Reg=0.0000, Con=3.9612
2025-09-14 08:54:17,114 - INFO - Batch 820/2278: Loss=1.1883, Cls=0.0000, Reg=0.0000, Con=3.9609
2025-09-14 08:54:18,022 - INFO - Batch 830/2278: Loss=3.3326, Cls=2.1443, Reg=0.0000, Con=3.9609
2025-09-14 08:54:18,911 - INFO - Batch 840/2278: Loss=1.5133, Cls=0.3251, Reg=0.0000, Con=3.9608
2025-09-14 08:54:19,815 - INFO - Batch 850/2278: Loss=0.0033, Cls=0.0033, Reg=0.0000, Con=0.0000
2025-09-14 08:54:20,682 - INFO - Batch 860/2278: Loss=1.6681, Cls=0.4798, Reg=0.0000, Con=3.9607
2025-09-14 08:54:21,557 - INFO - Batch 870/2278: Loss=0.3760, Cls=0.3760, Reg=0.0000, Con=0.0000
2025-09-14 08:54:22,463 - INFO - Batch 880/2278: Loss=0.0113, Cls=0.0113, Reg=0.0000, Con=0.0000
2025-09-14 08:54:23,323 - INFO - Batch 890/2278: Loss=1.8993, Cls=1.8993, Reg=0.0000, Con=0.0000
2025-09-14 08:54:24,204 - INFO - Batch 900/2278: Loss=2.7775, Cls=1.5892, Reg=0.0000, Con=3.9609
2025-09-14 08:54:25,094 - INFO - Batch 910/2278: Loss=1.3087, Cls=0.1205, Reg=0.0000, Con=3.9609
2025-09-14 08:54:25,965 - INFO - Batch 920/2278: Loss=1.4531, Cls=0.2648, Reg=0.0000, Con=3.9610
2025-09-14 08:54:26,857 - INFO - Batch 930/2278: Loss=1.1882, Cls=0.0000, Reg=0.0000, Con=3.9608
2025-09-14 08:54:27,748 - INFO - Batch 940/2278: Loss=1.2053, Cls=0.0171, Reg=0.0000, Con=3.9609
2025-09-14 08:54:28,645 - INFO - Batch 950/2278: Loss=1.1883, Cls=0.0000, Reg=0.0000, Con=3.9611
2025-09-14 08:54:29,516 - INFO - Batch 960/2278: Loss=1.2261, Cls=0.0378, Reg=0.0000, Con=3.9609
2025-09-14 08:54:30,405 - INFO - Batch 970/2278: Loss=2.6956, Cls=1.5072, Reg=0.0000, Con=3.9612
2025-09-14 08:54:31,273 - INFO - Batch 980/2278: Loss=0.0064, Cls=0.0064, Reg=0.0000, Con=0.0000
2025-09-14 08:54:32,143 - INFO - Batch 990/2278: Loss=0.0000, Cls=0.0000, Reg=0.0000, Con=0.0000
2025-09-14 08:54:33,001 - INFO - Batch 1000/2278: Loss=1.8812, Cls=0.6929, Reg=0.0000, Con=3.9609
2025-09-14 08:54:33,888 - INFO - Batch 1010/2278: Loss=1.2372, Cls=0.0490, Reg=0.0000, Con=3.9608
2025-09-14 08:54:34,768 - INFO - Batch 1020/2278: Loss=0.0047, Cls=0.0047, Reg=0.0000, Con=0.0000
2025-09-14 08:54:35,642 - INFO - Batch 1030/2278: Loss=1.1943, Cls=0.0060, Reg=0.0000, Con=3.9610
2025-09-14 08:54:36,521 - INFO - Batch 1040/2278: Loss=1.1975, Cls=0.0093, Reg=0.0000, Con=3.9607
2025-09-14 08:54:37,378 - INFO - Batch 1050/2278: Loss=2.0618, Cls=0.8735, Reg=0.0000, Con=3.9609
2025-09-14 08:54:38,245 - INFO - Batch 1060/2278: Loss=1.1930, Cls=0.0047, Reg=0.0000, Con=3.9608
2025-09-14 08:54:39,112 - INFO - Batch 1070/2278: Loss=1.1882, Cls=0.0000, Reg=0.0000, Con=3.9608
2025-09-14 08:54:39,978 - INFO - Batch 1080/2278: Loss=2.4851, Cls=2.4851, Reg=0.0000, Con=0.0000
2025-09-14 08:54:40,880 - INFO - Batch 1090/2278: Loss=3.8507, Cls=2.6625, Reg=0.0000, Con=3.9609
2025-09-14 08:54:41,759 - INFO - Batch 1100/2278: Loss=0.0000, Cls=0.0000, Reg=0.0000, Con=0.0000
2025-09-14 08:54:42,642 - INFO - Batch 1110/2278: Loss=1.1908, Cls=0.0026, Reg=0.0000, Con=3.9608
2025-09-14 08:54:43,511 - INFO - Batch 1120/2278: Loss=0.5272, Cls=0.5272, Reg=0.0000, Con=0.0000
2025-09-14 08:54:44,407 - INFO - Batch 1130/2278: Loss=1.2187, Cls=0.0304, Reg=0.0000, Con=3.9608
2025-09-14 08:54:45,278 - INFO - Batch 1140/2278: Loss=1.9373, Cls=0.7490, Reg=0.0000, Con=3.9608
2025-09-14 08:54:46,146 - INFO - Batch 1150/2278: Loss=1.1982, Cls=0.0098, Reg=0.0000, Con=3.9611
2025-09-14 08:54:47,015 - INFO - Batch 1160/2278: Loss=1.8062, Cls=0.6179, Reg=0.0000, Con=3.9609
2025-09-14 08:54:47,879 - INFO - Batch 1170/2278: Loss=2.4733, Cls=1.2851, Reg=0.0000, Con=3.9607
2025-09-14 08:54:48,748 - INFO - Batch 1180/2278: Loss=1.2084, Cls=0.0201, Reg=0.0000, Con=3.9609
2025-09-14 08:54:49,630 - INFO - Batch 1190/2278: Loss=1.2516, Cls=0.0633, Reg=0.0000, Con=3.9609
2025-09-14 08:54:50,513 - INFO - Batch 1200/2278: Loss=0.0258, Cls=0.0258, Reg=0.0000, Con=0.0000
2025-09-14 08:54:51,393 - INFO - Batch 1210/2278: Loss=1.2082, Cls=0.0199, Reg=0.0000, Con=3.9610
2025-09-14 08:54:52,267 - INFO - Batch 1220/2278: Loss=1.3999, Cls=1.3999, Reg=0.0000, Con=0.0000
2025-09-14 08:54:53,143 - INFO - Batch 1230/2278: Loss=1.1883, Cls=0.0000, Reg=0.0000, Con=3.9609
2025-09-14 08:54:54,049 - INFO - Batch 1240/2278: Loss=1.1883, Cls=0.0000, Reg=0.0000, Con=3.9609
2025-09-14 08:54:54,925 - INFO - Batch 1250/2278: Loss=0.0001, Cls=0.0001, Reg=0.0000, Con=0.0000
2025-09-14 08:54:55,801 - INFO - Batch 1260/2278: Loss=1.1958, Cls=0.0076, Reg=0.0000, Con=3.9608
2025-09-14 08:54:56,675 - INFO - Batch 1270/2278: Loss=1.1903, Cls=0.0020, Reg=0.0000, Con=3.9609
2025-09-14 08:54:57,543 - INFO - Batch 1280/2278: Loss=0.0283, Cls=0.0283, Reg=0.0000, Con=0.0000
2025-09-14 08:54:58,416 - INFO - Batch 1290/2278: Loss=0.0496, Cls=0.0496, Reg=0.0000, Con=0.0000
2025-09-14 08:54:59,298 - INFO - Batch 1300/2278: Loss=1.2107, Cls=0.0224, Reg=0.0000, Con=3.9610
2025-09-14 08:55:00,179 - INFO - Batch 1310/2278: Loss=1.1931, Cls=0.0048, Reg=0.0000, Con=3.9611
2025-09-14 08:55:01,059 - INFO - Batch 1320/2278: Loss=0.0013, Cls=0.0013, Reg=0.0000, Con=0.0000
2025-09-14 08:55:01,922 - INFO - Batch 1330/2278: Loss=1.1904, Cls=0.0020, Reg=0.0000, Con=3.9613
2025-09-14 08:55:02,786 - INFO - Batch 1340/2278: Loss=1.1882, Cls=0.0000, Reg=0.0000, Con=3.9608
2025-09-14 08:55:03,667 - INFO - Batch 1350/2278: Loss=0.0054, Cls=0.0054, Reg=0.0000, Con=0.0000
2025-09-14 08:55:04,545 - INFO - Batch 1360/2278: Loss=1.2192, Cls=0.0309, Reg=0.0000, Con=3.9610
2025-09-14 08:55:05,444 - INFO - Batch 1370/2278: Loss=1.1882, Cls=0.0000, Reg=0.0000, Con=3.9608
2025-09-14 08:55:06,338 - INFO - Batch 1380/2278: Loss=6.3700, Cls=5.1817, Reg=0.0000, Con=3.9608
2025-09-14 08:55:07,208 - INFO - Batch 1390/2278: Loss=1.2044, Cls=0.0161, Reg=0.0000, Con=3.9608
2025-09-14 08:55:08,106 - INFO - Batch 1400/2278: Loss=1.2050, Cls=0.0167, Reg=0.0000, Con=3.9609
2025-09-14 08:55:09,022 - INFO - Batch 1410/2278: Loss=1.6283, Cls=0.4399, Reg=0.0000, Con=3.9612
2025-09-14 08:55:09,892 - INFO - Batch 1420/2278: Loss=0.9563, Cls=0.9563, Reg=0.0000, Con=0.0000
2025-09-14 08:55:10,753 - INFO - Batch 1430/2278: Loss=1.2164, Cls=0.0282, Reg=0.0000, Con=3.9609
2025-09-14 08:55:11,598 - INFO - Batch 1440/2278: Loss=1.1883, Cls=0.0000, Reg=0.0000, Con=3.9609
2025-09-14 08:55:12,442 - INFO - Batch 1450/2278: Loss=1.2076, Cls=0.0194, Reg=0.0000, Con=3.9608
2025-09-14 08:55:13,323 - INFO - Batch 1460/2278: Loss=0.0135, Cls=0.0135, Reg=0.0000, Con=0.0000
2025-09-14 08:55:14,207 - INFO - Batch 1470/2278: Loss=1.1909, Cls=0.0026, Reg=0.0000, Con=3.9609
2025-09-14 08:55:15,086 - INFO - Batch 1480/2278: Loss=1.2019, Cls=0.0136, Reg=0.0000, Con=3.9607
2025-09-14 08:55:15,980 - INFO - Batch 1490/2278: Loss=1.1910, Cls=0.0028, Reg=0.0000, Con=3.9609
2025-09-14 08:55:16,871 - INFO - Batch 1500/2278: Loss=1.1931, Cls=0.0048, Reg=0.0000, Con=3.9609
2025-09-14 08:55:17,774 - INFO - Batch 1510/2278: Loss=0.0000, Cls=0.0000, Reg=0.0000, Con=0.0000
2025-09-14 08:55:18,664 - INFO - Batch 1520/2278: Loss=2.9619, Cls=1.7737, Reg=0.0000, Con=3.9608
2025-09-14 08:55:19,532 - INFO - Batch 1530/2278: Loss=1.4886, Cls=0.3004, Reg=0.0000, Con=3.9608
2025-09-14 08:55:20,408 - INFO - Batch 1540/2278: Loss=1.1940, Cls=0.0057, Reg=0.0000, Con=3.9609
2025-09-14 08:55:21,300 - INFO - Batch 1550/2278: Loss=1.2096, Cls=0.0214, Reg=0.0000, Con=3.9610
2025-09-14 08:55:22,179 - INFO - Batch 1560/2278: Loss=1.2484, Cls=0.0601, Reg=0.0000, Con=3.9609
2025-09-14 08:55:23,072 - INFO - Batch 1570/2278: Loss=2.0547, Cls=0.8664, Reg=0.0000, Con=3.9608
2025-09-14 08:55:23,975 - INFO - Batch 1580/2278: Loss=1.2053, Cls=0.0171, Reg=0.0000, Con=3.9608
2025-09-14 08:55:24,859 - INFO - Batch 1590/2278: Loss=1.1883, Cls=0.0000, Reg=0.0000, Con=3.9609
2025-09-14 08:55:25,708 - INFO - Batch 1600/2278: Loss=1.2262, Cls=0.0379, Reg=0.0000, Con=3.9608
2025-09-14 08:55:26,577 - INFO - Batch 1610/2278: Loss=0.0311, Cls=0.0311, Reg=0.0000, Con=0.0000
2025-09-14 08:55:27,444 - INFO - Batch 1620/2278: Loss=0.0149, Cls=0.0149, Reg=0.0000, Con=0.0000
2025-09-14 08:55:28,328 - INFO - Batch 1630/2278: Loss=1.1882, Cls=0.0000, Reg=0.0000, Con=3.9608
2025-09-14 08:55:29,211 - INFO - Batch 1640/2278: Loss=0.0134, Cls=0.0134, Reg=0.0000, Con=0.0000
2025-09-14 08:55:30,087 - INFO - Batch 1650/2278: Loss=0.0261, Cls=0.0261, Reg=0.0000, Con=0.0000
2025-09-14 08:55:30,981 - INFO - Batch 1660/2278: Loss=0.5928, Cls=0.5928, Reg=0.0000, Con=0.0000
2025-09-14 08:55:31,833 - INFO - Batch 1670/2278: Loss=1.1912, Cls=0.0029, Reg=0.0000, Con=3.9612
2025-09-14 08:55:32,693 - INFO - Batch 1680/2278: Loss=1.6842, Cls=1.6842, Reg=0.0000, Con=0.0000
2025-09-14 08:55:33,573 - INFO - Batch 1690/2278: Loss=1.1998, Cls=0.0114, Reg=0.0000, Con=3.9612
2025-09-14 08:55:34,436 - INFO - Batch 1700/2278: Loss=1.1941, Cls=0.0057, Reg=0.0000, Con=3.9612
2025-09-14 08:55:35,330 - INFO - Batch 1710/2278: Loss=0.0052, Cls=0.0052, Reg=0.0000, Con=0.0000
2025-09-14 08:55:36,197 - INFO - Batch 1720/2278: Loss=1.2162, Cls=0.0280, Reg=0.0000, Con=3.9608
2025-09-14 08:55:37,073 - INFO - Batch 1730/2278: Loss=4.9226, Cls=4.9226, Reg=0.0000, Con=0.0000
2025-09-14 08:55:37,962 - INFO - Batch 1740/2278: Loss=0.0000, Cls=0.0000, Reg=0.0000, Con=0.0000
2025-09-14 08:55:38,844 - INFO - Batch 1750/2278: Loss=1.1883, Cls=0.0000, Reg=0.0000, Con=3.9609
2025-09-14 08:55:39,723 - INFO - Batch 1760/2278: Loss=1.1921, Cls=0.0039, Reg=0.0000, Con=3.9609
2025-09-14 08:55:40,608 - INFO - Batch 1770/2278: Loss=1.1882, Cls=0.0000, Reg=0.0000, Con=3.9608
2025-09-14 08:55:41,490 - INFO - Batch 1780/2278: Loss=1.1962, Cls=0.0080, Reg=0.0000, Con=3.9608
2025-09-14 08:55:42,357 - INFO - Batch 1790/2278: Loss=0.0716, Cls=0.0716, Reg=0.0000, Con=0.0000
2025-09-14 08:55:43,253 - INFO - Batch 1800/2278: Loss=1.0361, Cls=1.0361, Reg=0.0000, Con=0.0000
2025-09-14 08:55:44,139 - INFO - Batch 1810/2278: Loss=0.0072, Cls=0.0072, Reg=0.0000, Con=0.0000
2025-09-14 08:55:45,015 - INFO - Batch 1820/2278: Loss=1.1883, Cls=0.0000, Reg=0.0000, Con=3.9611
2025-09-14 08:55:45,889 - INFO - Batch 1830/2278: Loss=0.0015, Cls=0.0015, Reg=0.0000, Con=0.0000
2025-09-14 08:55:46,751 - INFO - Batch 1840/2278: Loss=0.0249, Cls=0.0249, Reg=0.0000, Con=0.0000
2025-09-14 08:55:47,669 - INFO - Batch 1850/2278: Loss=4.2749, Cls=3.0867, Reg=0.0000, Con=3.9608
2025-09-14 08:55:48,550 - INFO - Batch 1860/2278: Loss=0.1304, Cls=0.1304, Reg=0.0000, Con=0.0000
2025-09-14 08:55:49,427 - INFO - Batch 1870/2278: Loss=1.1891, Cls=0.0008, Reg=0.0000, Con=3.9608
2025-09-14 08:55:50,288 - INFO - Batch 1880/2278: Loss=0.0000, Cls=0.0000, Reg=0.0000, Con=0.0000
2025-09-14 08:55:51,203 - INFO - Batch 1890/2278: Loss=1.1969, Cls=0.0086, Reg=0.0000, Con=3.9609
2025-09-14 08:55:52,069 - INFO - Batch 1900/2278: Loss=2.4376, Cls=2.4376, Reg=0.0000, Con=0.0000
2025-09-14 08:55:52,939 - INFO - Batch 1910/2278: Loss=0.0038, Cls=0.0038, Reg=0.0000, Con=0.0000
2025-09-14 08:55:53,859 - INFO - Batch 1920/2278: Loss=2.0501, Cls=0.8619, Reg=0.0000, Con=3.9607
2025-09-14 08:55:54,737 - INFO - Batch 1930/2278: Loss=1.2111, Cls=0.0229, Reg=0.0000, Con=3.9607
2025-09-14 08:55:55,623 - INFO - Batch 1940/2278: Loss=1.2473, Cls=0.0590, Reg=0.0000, Con=3.9608
2025-09-14 08:55:56,481 - INFO - Batch 1950/2278: Loss=1.1907, Cls=0.0024, Reg=0.0000, Con=3.9608
2025-09-14 08:55:57,351 - INFO - Batch 1960/2278: Loss=1.2019, Cls=0.0136, Reg=0.0000, Con=3.9609
2025-09-14 08:55:58,217 - INFO - Batch 1970/2278: Loss=1.1883, Cls=0.0000, Reg=0.0000, Con=3.9611
2025-09-14 08:55:59,102 - INFO - Batch 1980/2278: Loss=2.9896, Cls=1.8013, Reg=0.0000, Con=3.9608
2025-09-14 08:55:59,980 - INFO - Batch 1990/2278: Loss=1.1903, Cls=0.0019, Reg=0.0000, Con=3.9615
2025-09-14 08:56:00,843 - INFO - Batch 2000/2278: Loss=0.0047, Cls=0.0047, Reg=0.0000, Con=0.0000
2025-09-14 08:56:01,726 - INFO - Batch 2010/2278: Loss=1.1922, Cls=0.0039, Reg=0.0000, Con=3.9608
2025-09-14 08:56:02,599 - INFO - Batch 2020/2278: Loss=2.9737, Cls=1.7854, Reg=0.0000, Con=3.9608
2025-09-14 08:56:03,476 - INFO - Batch 2030/2278: Loss=1.1882, Cls=0.0000, Reg=0.0000, Con=3.9607
2025-09-14 08:56:04,357 - INFO - Batch 2040/2278: Loss=1.2103, Cls=0.0220, Reg=0.0000, Con=3.9609
2025-09-14 08:56:05,248 - INFO - Batch 2050/2278: Loss=1.1945, Cls=0.0063, Reg=0.0000, Con=3.9608
2025-09-14 08:56:06,111 - INFO - Batch 2060/2278: Loss=0.0138, Cls=0.0138, Reg=0.0000, Con=0.0000
2025-09-14 08:56:06,963 - INFO - Batch 2070/2278: Loss=1.2018, Cls=0.0135, Reg=0.0000, Con=3.9611
2025-09-14 08:56:07,828 - INFO - Batch 2080/2278: Loss=1.1967, Cls=0.0084, Reg=0.0000, Con=3.9610
2025-09-14 08:56:08,701 - INFO - Batch 2090/2278: Loss=1.2013, Cls=0.0130, Reg=0.0000, Con=3.9612
2025-09-14 08:56:09,578 - INFO - Batch 2100/2278: Loss=1.1883, Cls=0.0000, Reg=0.0000, Con=3.9611
2025-09-14 08:56:10,450 - INFO - Batch 2110/2278: Loss=1.1927, Cls=0.0044, Reg=0.0000, Con=3.9609
2025-09-14 08:56:11,323 - INFO - Batch 2120/2278: Loss=0.0759, Cls=0.0759, Reg=0.0000, Con=0.0000
2025-09-14 08:56:12,222 - INFO - Batch 2130/2278: Loss=1.1945, Cls=0.0063, Reg=0.0000, Con=3.9606
2025-09-14 08:56:13,101 - INFO - Batch 2140/2278: Loss=1.1910, Cls=0.0027, Reg=0.0000, Con=3.9608
2025-09-14 08:56:13,976 - INFO - Batch 2150/2278: Loss=1.1994, Cls=0.0112, Reg=0.0000, Con=3.9607
2025-09-14 08:56:14,846 - INFO - Batch 2160/2278: Loss=1.1960, Cls=0.0077, Reg=0.0000, Con=3.9608
2025-09-14 08:56:15,712 - INFO - Batch 2170/2278: Loss=1.1929, Cls=0.0046, Reg=0.0000, Con=3.9609
2025-09-14 08:56:16,569 - INFO - Batch 2180/2278: Loss=0.0532, Cls=0.0532, Reg=0.0000, Con=0.0000
2025-09-14 08:56:17,454 - INFO - Batch 2190/2278: Loss=0.0097, Cls=0.0097, Reg=0.0000, Con=0.0000
2025-09-14 08:56:18,354 - INFO - Batch 2200/2278: Loss=1.1949, Cls=0.0068, Reg=0.0000, Con=3.9605
2025-09-14 08:56:19,245 - INFO - Batch 2210/2278: Loss=1.2161, Cls=0.0278, Reg=0.0000, Con=3.9609
2025-09-14 08:56:20,144 - INFO - Batch 2220/2278: Loss=1.2076, Cls=0.0193, Reg=0.0000, Con=3.9610
2025-09-14 08:56:21,023 - INFO - Batch 2230/2278: Loss=0.0081, Cls=0.0081, Reg=0.0000, Con=0.0000
2025-09-14 08:56:21,911 - INFO - Batch 2240/2278: Loss=0.0045, Cls=0.0045, Reg=0.0000, Con=0.0000
2025-09-14 08:56:22,783 - INFO - Batch 2250/2278: Loss=1.1966, Cls=0.0084, Reg=0.0000, Con=3.9609
2025-09-14 08:56:23,666 - INFO - Batch 2260/2278: Loss=1.2041, Cls=0.0159, Reg=0.0000, Con=3.9608
2025-09-14 08:56:24,564 - INFO - Batch 2270/2278: Loss=1.8879, Cls=1.8879, Reg=0.0000, Con=0.0000
2025-09-14 08:59:51,365 - INFO - === Epoch 1 Results ===
2025-09-14 08:59:51,365 - INFO - Training Loss: 1.1242 (Classification: 0.3527, Regression: 0.0000)
2025-09-14 08:59:51,365 - INFO - Validation Loss: 0.0836 (Classification: 0.0836, Regression: 0.0000)
2025-09-14 08:59:51,365 - INFO - Average Classification Accuracy: 0.9075 (on 1/26 tasks)
2025-09-14 08:59:51,365 - INFO - Average AUC: 0.7596
2025-09-14 08:59:51,903 - INFO - Best model saved to: experiments/r1c3_headft_cls_18_seed_42_20250914_085301/checkpoints/r1c3_headft_cls_18_seed_42_best.pth
2025-09-14 08:59:51,903 - INFO - 
Epoch 2/3
2025-09-14 08:59:52,004 - INFO - Batch 0/2278: Loss=0.0446, Cls=0.0446, Reg=0.0000, Con=0.0000
2025-09-14 08:59:52,895 - INFO - Batch 10/2278: Loss=1.1888, Cls=0.0006, Reg=0.0000, Con=3.9604
2025-09-14 08:59:53,787 - INFO - Batch 20/2278: Loss=1.1991, Cls=0.0108, Reg=0.0000, Con=3.9610
2025-09-14 08:59:54,671 - INFO - Batch 30/2278: Loss=2.7838, Cls=1.5955, Reg=0.0000, Con=3.9608
2025-09-14 08:59:55,544 - INFO - Batch 40/2278: Loss=3.1015, Cls=1.9132, Reg=0.0000, Con=3.9608
2025-09-14 08:59:56,478 - INFO - Batch 50/2278: Loss=0.0292, Cls=0.0292, Reg=0.0000, Con=0.0000
2025-09-14 08:59:57,338 - INFO - Batch 60/2278: Loss=4.2541, Cls=3.0659, Reg=0.0000, Con=3.9608
2025-09-14 08:59:58,220 - INFO - Batch 70/2278: Loss=1.1937, Cls=0.0055, Reg=0.0000, Con=3.9607
2025-09-14 08:59:59,103 - INFO - Batch 80/2278: Loss=1.1923, Cls=0.0040, Reg=0.0000, Con=3.9609
2025-09-14 08:59:59,998 - INFO - Batch 90/2278: Loss=0.9021, Cls=0.9021, Reg=0.0000, Con=0.0000
2025-09-14 09:00:00,898 - INFO - Batch 100/2278: Loss=1.1986, Cls=0.0103, Reg=0.0000, Con=3.9609
2025-09-14 09:00:01,797 - INFO - Batch 110/2278: Loss=1.1897, Cls=0.0014, Reg=0.0000, Con=3.9609
2025-09-14 09:00:02,695 - INFO - Batch 120/2278: Loss=1.7589, Cls=1.7589, Reg=0.0000, Con=0.0000
2025-09-14 09:00:03,604 - INFO - Batch 130/2278: Loss=1.2071, Cls=0.0189, Reg=0.0000, Con=3.9607
2025-09-14 09:00:04,505 - INFO - Batch 140/2278: Loss=1.1931, Cls=0.0048, Reg=0.0000, Con=3.9609
2025-09-14 09:00:05,407 - INFO - Batch 150/2278: Loss=1.2052, Cls=0.0168, Reg=0.0000, Con=3.9611
2025-09-14 09:00:06,311 - INFO - Batch 160/2278: Loss=1.2050, Cls=0.0168, Reg=0.0000, Con=3.9609
2025-09-14 09:00:07,192 - INFO - Batch 170/2278: Loss=0.0085, Cls=0.0085, Reg=0.0000, Con=0.0000
2025-09-14 09:00:08,084 - INFO - Batch 180/2278: Loss=2.6606, Cls=1.4723, Reg=0.0000, Con=3.9609
2025-09-14 09:00:08,965 - INFO - Batch 190/2278: Loss=0.0000, Cls=0.0000, Reg=0.0000, Con=0.0000
2025-09-14 09:00:09,868 - INFO - Batch 200/2278: Loss=1.2103, Cls=0.0221, Reg=0.0000, Con=3.9608
2025-09-14 09:00:10,740 - INFO - Batch 210/2278: Loss=1.9840, Cls=0.7957, Reg=0.0000, Con=3.9609
2025-09-14 09:00:11,625 - INFO - Batch 220/2278: Loss=0.0144, Cls=0.0144, Reg=0.0000, Con=0.0000
2025-09-14 09:00:12,533 - INFO - Batch 230/2278: Loss=0.0166, Cls=0.0166, Reg=0.0000, Con=0.0000
2025-09-14 09:00:13,429 - INFO - Batch 240/2278: Loss=0.4981, Cls=0.4981, Reg=0.0000, Con=0.0000
2025-09-14 09:00:14,321 - INFO - Batch 250/2278: Loss=0.0050, Cls=0.0050, Reg=0.0000, Con=0.0000
2025-09-14 09:00:15,192 - INFO - Batch 260/2278: Loss=0.8394, Cls=0.8394, Reg=0.0000, Con=0.0000
2025-09-14 09:00:16,078 - INFO - Batch 270/2278: Loss=1.1883, Cls=0.0000, Reg=0.0000, Con=3.9608
2025-09-14 09:00:16,963 - INFO - Batch 280/2278: Loss=1.4152, Cls=0.2270, Reg=0.0000, Con=3.9609
2025-09-14 09:00:17,840 - INFO - Batch 290/2278: Loss=2.4067, Cls=1.2184, Reg=0.0000, Con=3.9609
2025-09-14 09:00:18,741 - INFO - Batch 300/2278: Loss=1.3613, Cls=0.1730, Reg=0.0000, Con=3.9609
2025-09-14 09:00:19,643 - INFO - Batch 310/2278: Loss=1.3245, Cls=0.1362, Reg=0.0000, Con=3.9608
2025-09-14 09:00:20,552 - INFO - Batch 320/2278: Loss=0.0000, Cls=0.0000, Reg=0.0000, Con=0.0000
2025-09-14 09:00:21,423 - INFO - Batch 330/2278: Loss=1.2440, Cls=0.0557, Reg=0.0000, Con=3.9609
2025-09-14 09:00:22,291 - INFO - Batch 340/2278: Loss=1.1883, Cls=0.0000, Reg=0.0000, Con=3.9609
2025-09-14 09:00:23,169 - INFO - Batch 350/2278: Loss=1.1895, Cls=0.0013, Reg=0.0000, Con=3.9609
2025-09-14 09:00:24,057 - INFO - Batch 360/2278: Loss=1.1917, Cls=0.0034, Reg=0.0000, Con=3.9609
2025-09-14 09:00:24,925 - INFO - Batch 370/2278: Loss=1.1987, Cls=0.0105, Reg=0.0000, Con=3.9609
2025-09-14 09:00:25,790 - INFO - Batch 380/2278: Loss=1.1920, Cls=0.0038, Reg=0.0000, Con=3.9608
2025-09-14 09:00:26,691 - INFO - Batch 390/2278: Loss=1.1903, Cls=0.0021, Reg=0.0000, Con=3.9609
2025-09-14 09:00:27,597 - INFO - Batch 400/2278: Loss=0.0000, Cls=0.0000, Reg=0.0000, Con=0.0000
2025-09-14 09:00:28,514 - INFO - Batch 410/2278: Loss=1.1955, Cls=0.0072, Reg=0.0000, Con=3.9608
2025-09-14 09:00:29,429 - INFO - Batch 420/2278: Loss=0.0374, Cls=0.0374, Reg=0.0000, Con=0.0000
2025-09-14 09:00:30,319 - INFO - Batch 430/2278: Loss=0.0167, Cls=0.0167, Reg=0.0000, Con=0.0000
2025-09-14 09:00:31,192 - INFO - Batch 440/2278: Loss=2.7531, Cls=1.5649, Reg=0.0000, Con=3.9608
2025-09-14 09:00:32,072 - INFO - Batch 450/2278: Loss=1.1968, Cls=0.0086, Reg=0.0000, Con=3.9607
2025-09-14 09:00:32,948 - INFO - Batch 460/2278: Loss=0.0183, Cls=0.0183, Reg=0.0000, Con=0.0000
2025-09-14 09:00:33,841 - INFO - Batch 470/2278: Loss=1.5355, Cls=0.3472, Reg=0.0000, Con=3.9608
2025-09-14 09:00:34,727 - INFO - Batch 480/2278: Loss=0.0000, Cls=0.0000, Reg=0.0000, Con=0.0000
2025-09-14 09:00:35,624 - INFO - Batch 490/2278: Loss=1.2235, Cls=0.0353, Reg=0.0000, Con=3.9610
2025-09-14 09:00:36,503 - INFO - Batch 500/2278: Loss=1.2216, Cls=0.0334, Reg=0.0000, Con=3.9607
2025-09-14 09:00:37,404 - INFO - Batch 510/2278: Loss=1.1882, Cls=0.0000, Reg=0.0000, Con=3.9607
2025-09-14 09:00:38,304 - INFO - Batch 520/2278: Loss=1.1972, Cls=0.0090, Reg=0.0000, Con=3.9607
2025-09-14 09:00:39,190 - INFO - Batch 530/2278: Loss=1.6797, Cls=0.4915, Reg=0.0000, Con=3.9608
2025-09-14 09:00:40,047 - INFO - Batch 540/2278: Loss=1.2017, Cls=0.0134, Reg=0.0000, Con=3.9610
2025-09-14 09:00:40,908 - INFO - Batch 550/2278: Loss=1.3958, Cls=0.2076, Reg=0.0000, Con=3.9607
2025-09-14 09:00:41,808 - INFO - Batch 560/2278: Loss=0.3240, Cls=0.3240, Reg=0.0000, Con=0.0000
2025-09-14 09:00:42,702 - INFO - Batch 570/2278: Loss=1.1882, Cls=0.0000, Reg=0.0000, Con=3.9608
2025-09-14 09:00:43,584 - INFO - Batch 580/2278: Loss=0.0340, Cls=0.0340, Reg=0.0000, Con=0.0000
2025-09-14 09:00:44,465 - INFO - Batch 590/2278: Loss=1.3856, Cls=0.1973, Reg=0.0000, Con=3.9608
2025-09-14 09:00:45,348 - INFO - Batch 600/2278: Loss=0.0000, Cls=0.0000, Reg=0.0000, Con=0.0000
2025-09-14 09:00:46,240 - INFO - Batch 610/2278: Loss=1.1921, Cls=0.0038, Reg=0.0000, Con=3.9608
2025-09-14 09:00:47,116 - INFO - Batch 620/2278: Loss=1.1892, Cls=0.0009, Reg=0.0000, Con=3.9608
2025-09-14 09:00:47,978 - INFO - Batch 630/2278: Loss=3.9320, Cls=2.7437, Reg=0.0000, Con=3.9611
2025-09-14 09:00:48,903 - INFO - Batch 640/2278: Loss=0.0947, Cls=0.0947, Reg=0.0000, Con=0.0000
2025-09-14 09:00:49,782 - INFO - Batch 650/2278: Loss=0.0000, Cls=0.0000, Reg=0.0000, Con=0.0000
2025-09-14 09:00:50,665 - INFO - Batch 660/2278: Loss=1.1991, Cls=0.0109, Reg=0.0000, Con=3.9607
2025-09-14 09:00:51,581 - INFO - Batch 670/2278: Loss=2.2931, Cls=1.1048, Reg=0.0000, Con=3.9609
2025-09-14 09:00:52,469 - INFO - Batch 680/2278: Loss=1.2210, Cls=0.0328, Reg=0.0000, Con=3.9608
2025-09-14 09:00:53,350 - INFO - Batch 690/2278: Loss=1.1884, Cls=0.0000, Reg=0.0000, Con=3.9613
2025-09-14 09:00:54,252 - INFO - Batch 700/2278: Loss=0.0483, Cls=0.0483, Reg=0.0000, Con=0.0000
2025-09-14 09:00:55,129 - INFO - Batch 710/2278: Loss=1.1957, Cls=0.0074, Reg=0.0000, Con=3.9610
2025-09-14 09:00:56,000 - INFO - Batch 720/2278: Loss=1.2004, Cls=0.0121, Reg=0.0000, Con=3.9609
2025-09-14 09:00:56,879 - INFO - Batch 730/2278: Loss=1.1986, Cls=0.0103, Reg=0.0000, Con=3.9612
2025-09-14 09:00:57,751 - INFO - Batch 740/2278: Loss=1.1954, Cls=0.0070, Reg=0.0000, Con=3.9610
2025-09-14 09:00:58,627 - INFO - Batch 750/2278: Loss=0.0088, Cls=0.0088, Reg=0.0000, Con=0.0000
2025-09-14 09:00:59,499 - INFO - Batch 760/2278: Loss=2.1044, Cls=0.9162, Reg=0.0000, Con=3.9608
2025-09-14 09:01:00,387 - INFO - Batch 770/2278: Loss=1.1902, Cls=0.0020, Reg=0.0000, Con=3.9608
2025-09-14 09:01:01,281 - INFO - Batch 780/2278: Loss=0.0140, Cls=0.0140, Reg=0.0000, Con=0.0000
2025-09-14 09:01:02,171 - INFO - Batch 790/2278: Loss=1.2026, Cls=0.0143, Reg=0.0000, Con=3.9609
2025-09-14 09:01:03,077 - INFO - Batch 800/2278: Loss=0.0045, Cls=0.0045, Reg=0.0000, Con=0.0000
2025-09-14 09:01:03,956 - INFO - Batch 810/2278: Loss=0.0000, Cls=0.0000, Reg=0.0000, Con=0.0000
2025-09-14 09:01:04,814 - INFO - Batch 820/2278: Loss=1.1993, Cls=0.0110, Reg=0.0000, Con=3.9608
2025-09-14 09:01:05,732 - INFO - Batch 830/2278: Loss=1.1992, Cls=0.0110, Reg=0.0000, Con=3.9607
2025-09-14 09:01:06,635 - INFO - Batch 840/2278: Loss=1.2083, Cls=0.0200, Reg=0.0000, Con=3.9608
2025-09-14 09:01:07,523 - INFO - Batch 850/2278: Loss=2.5761, Cls=1.3878, Reg=0.0000, Con=3.9608
2025-09-14 09:01:08,441 - INFO - Batch 860/2278: Loss=1.1938, Cls=0.0055, Reg=0.0000, Con=3.9608
2025-09-14 09:01:09,324 - INFO - Batch 870/2278: Loss=0.0065, Cls=0.0065, Reg=0.0000, Con=0.0000
2025-09-14 09:01:10,208 - INFO - Batch 880/2278: Loss=0.0142, Cls=0.0142, Reg=0.0000, Con=0.0000
2025-09-14 09:01:11,089 - INFO - Batch 890/2278: Loss=1.2211, Cls=0.0328, Reg=0.0000, Con=3.9609
2025-09-14 09:01:11,988 - INFO - Batch 900/2278: Loss=0.7298, Cls=0.7298, Reg=0.0000, Con=0.0000
2025-09-14 09:01:12,859 - INFO - Batch 910/2278: Loss=0.0135, Cls=0.0135, Reg=0.0000, Con=0.0000
2025-09-14 09:01:13,742 - INFO - Batch 920/2278: Loss=1.1931, Cls=0.0047, Reg=0.0000, Con=3.9611
2025-09-14 09:01:14,620 - INFO - Batch 930/2278: Loss=1.1957, Cls=0.0075, Reg=0.0000, Con=3.9609
2025-09-14 09:01:15,503 - INFO - Batch 940/2278: Loss=0.0046, Cls=0.0046, Reg=0.0000, Con=0.0000
2025-09-14 09:01:16,382 - INFO - Batch 950/2278: Loss=0.0032, Cls=0.0032, Reg=0.0000, Con=0.0000
2025-09-14 09:01:17,316 - INFO - Batch 960/2278: Loss=0.0000, Cls=0.0000, Reg=0.0000, Con=0.0000
2025-09-14 09:01:18,233 - INFO - Batch 970/2278: Loss=0.0147, Cls=0.0147, Reg=0.0000, Con=0.0000
2025-09-14 09:01:19,123 - INFO - Batch 980/2278: Loss=2.0933, Cls=0.9050, Reg=0.0000, Con=3.9609
2025-09-14 09:01:20,013 - INFO - Batch 990/2278: Loss=1.1882, Cls=0.0000, Reg=0.0000, Con=3.9606
2025-09-14 09:01:20,903 - INFO - Batch 1000/2278: Loss=1.1900, Cls=0.0017, Reg=0.0000, Con=3.9609
2025-09-14 09:01:21,790 - INFO - Batch 1010/2278: Loss=1.1883, Cls=0.0000, Reg=0.0000, Con=3.9609
2025-09-14 09:01:22,665 - INFO - Batch 1020/2278: Loss=1.1906, Cls=0.0022, Reg=0.0000, Con=3.9615
2025-09-14 09:01:23,548 - INFO - Batch 1030/2278: Loss=1.1925, Cls=0.0042, Reg=0.0000, Con=3.9608
2025-09-14 09:01:24,441 - INFO - Batch 1040/2278: Loss=1.1882, Cls=0.0000, Reg=0.0000, Con=3.9608
2025-09-14 09:01:25,343 - INFO - Batch 1050/2278: Loss=1.1957, Cls=0.0074, Reg=0.0000, Con=3.9611
2025-09-14 09:01:26,223 - INFO - Batch 1060/2278: Loss=1.1883, Cls=0.0000, Reg=0.0000, Con=3.9612
2025-09-14 09:01:27,113 - INFO - Batch 1070/2278: Loss=1.1905, Cls=0.0022, Reg=0.0000, Con=3.9609
2025-09-14 09:01:28,000 - INFO - Batch 1080/2278: Loss=1.2041, Cls=0.0159, Reg=0.0000, Con=3.9609
2025-09-14 09:01:28,946 - INFO - Batch 1090/2278: Loss=1.2189, Cls=0.0307, Reg=0.0000, Con=3.9608
2025-09-14 09:01:29,844 - INFO - Batch 1100/2278: Loss=1.1898, Cls=0.0016, Reg=0.0000, Con=3.9608
2025-09-14 09:01:30,726 - INFO - Batch 1110/2278: Loss=1.1984, Cls=0.0101, Reg=0.0000, Con=3.9608
2025-09-14 09:01:31,634 - INFO - Batch 1120/2278: Loss=2.6425, Cls=1.4543, Reg=0.0000, Con=3.9608
2025-09-14 09:01:32,517 - INFO - Batch 1130/2278: Loss=0.0046, Cls=0.0046, Reg=0.0000, Con=0.0000
2025-09-14 09:01:33,415 - INFO - Batch 1140/2278: Loss=2.0778, Cls=2.0778, Reg=0.0000, Con=0.0000
2025-09-14 09:01:34,324 - INFO - Batch 1150/2278: Loss=1.3811, Cls=0.1928, Reg=0.0000, Con=3.9609
2025-09-14 09:01:35,201 - INFO - Batch 1160/2278: Loss=1.1882, Cls=0.0000, Reg=0.0000, Con=3.9607
2025-09-14 09:01:36,097 - INFO - Batch 1170/2278: Loss=0.2005, Cls=0.2005, Reg=0.0000, Con=0.0000
2025-09-14 09:01:37,014 - INFO - Batch 1180/2278: Loss=1.1905, Cls=0.0022, Reg=0.0000, Con=3.9609
2025-09-14 09:01:37,926 - INFO - Batch 1190/2278: Loss=1.2045, Cls=0.0162, Reg=0.0000, Con=3.9610
2025-09-14 09:01:38,836 - INFO - Batch 1200/2278: Loss=1.1919, Cls=0.0036, Reg=0.0000, Con=3.9609
2025-09-14 09:01:39,753 - INFO - Batch 1210/2278: Loss=1.5460, Cls=0.3577, Reg=0.0000, Con=3.9608
2025-09-14 09:01:40,677 - INFO - Batch 1220/2278: Loss=0.0179, Cls=0.0179, Reg=0.0000, Con=0.0000
2025-09-14 09:01:41,596 - INFO - Batch 1230/2278: Loss=1.7252, Cls=0.5370, Reg=0.0000, Con=3.9609
2025-09-14 09:01:42,486 - INFO - Batch 1240/2278: Loss=1.1883, Cls=0.0000, Reg=0.0000, Con=3.9609
2025-09-14 09:01:43,380 - INFO - Batch 1250/2278: Loss=0.0089, Cls=0.0089, Reg=0.0000, Con=0.0000
2025-09-14 09:01:44,277 - INFO - Batch 1260/2278: Loss=1.1925, Cls=0.0042, Reg=0.0000, Con=3.9607
2025-09-14 09:01:45,166 - INFO - Batch 1270/2278: Loss=0.0082, Cls=0.0082, Reg=0.0000, Con=0.0000
2025-09-14 09:01:46,036 - INFO - Batch 1280/2278: Loss=1.5303, Cls=0.3420, Reg=0.0000, Con=3.9608
2025-09-14 09:01:46,954 - INFO - Batch 1290/2278: Loss=1.2304, Cls=0.0421, Reg=0.0000, Con=3.9610
2025-09-14 09:01:47,858 - INFO - Batch 1300/2278: Loss=1.4585, Cls=0.2702, Reg=0.0000, Con=3.9610
2025-09-14 09:01:48,760 - INFO - Batch 1310/2278: Loss=0.0146, Cls=0.0146, Reg=0.0000, Con=0.0000
2025-09-14 09:01:49,661 - INFO - Batch 1320/2278: Loss=1.2083, Cls=0.0201, Reg=0.0000, Con=3.9609
2025-09-14 09:01:50,566 - INFO - Batch 1330/2278: Loss=1.1978, Cls=0.0095, Reg=0.0000, Con=3.9609
2025-09-14 09:01:51,483 - INFO - Batch 1340/2278: Loss=2.6024, Cls=2.6024, Reg=0.0000, Con=0.0000
2025-09-14 09:01:52,378 - INFO - Batch 1350/2278: Loss=0.0035, Cls=0.0035, Reg=0.0000, Con=0.0000
2025-09-14 09:01:53,278 - INFO - Batch 1360/2278: Loss=1.2121, Cls=0.0239, Reg=0.0000, Con=3.9608
2025-09-14 09:01:54,174 - INFO - Batch 1370/2278: Loss=1.2972, Cls=0.1090, Reg=0.0000, Con=3.9608
2025-09-14 09:01:55,063 - INFO - Batch 1380/2278: Loss=1.1900, Cls=0.0018, Reg=0.0000, Con=3.9609
2025-09-14 09:01:55,950 - INFO - Batch 1390/2278: Loss=1.1882, Cls=0.0000, Reg=0.0000, Con=3.9608
2025-09-14 09:01:56,864 - INFO - Batch 1400/2278: Loss=0.0000, Cls=0.0000, Reg=0.0000, Con=0.0000
2025-09-14 09:01:57,772 - INFO - Batch 1410/2278: Loss=1.2593, Cls=0.0710, Reg=0.0000, Con=3.9608
2025-09-14 09:01:58,689 - INFO - Batch 1420/2278: Loss=2.4406, Cls=2.4406, Reg=0.0000, Con=0.0000
2025-09-14 09:01:59,604 - INFO - Batch 1430/2278: Loss=0.0067, Cls=0.0067, Reg=0.0000, Con=0.0000
2025-09-14 09:02:00,502 - INFO - Batch 1440/2278: Loss=1.1912, Cls=0.0029, Reg=0.0000, Con=3.9613
2025-09-14 09:02:01,385 - INFO - Batch 1450/2278: Loss=0.0000, Cls=0.0000, Reg=0.0000, Con=0.0000
2025-09-14 09:02:02,281 - INFO - Batch 1460/2278: Loss=6.0967, Cls=4.9084, Reg=0.0000, Con=3.9609
2025-09-14 09:02:03,188 - INFO - Batch 1470/2278: Loss=2.2418, Cls=1.0536, Reg=0.0000, Con=3.9608
2025-09-14 09:02:04,086 - INFO - Batch 1480/2278: Loss=0.0064, Cls=0.0064, Reg=0.0000, Con=0.0000
2025-09-14 09:02:05,061 - INFO - Batch 1490/2278: Loss=0.8421, Cls=0.8421, Reg=0.0000, Con=0.0000
2025-09-14 09:02:05,980 - INFO - Batch 1500/2278: Loss=0.0109, Cls=0.0109, Reg=0.0000, Con=0.0000
2025-09-14 09:02:06,863 - INFO - Batch 1510/2278: Loss=1.3637, Cls=0.1754, Reg=0.0000, Con=3.9608
2025-09-14 09:02:07,720 - INFO - Batch 1520/2278: Loss=1.2011, Cls=0.0129, Reg=0.0000, Con=3.9608
2025-09-14 09:02:08,617 - INFO - Batch 1530/2278: Loss=2.6406, Cls=1.4523, Reg=0.0000, Con=3.9609
2025-09-14 09:02:09,514 - INFO - Batch 1540/2278: Loss=0.0049, Cls=0.0049, Reg=0.0000, Con=0.0000
2025-09-14 09:02:10,412 - INFO - Batch 1550/2278: Loss=1.1889, Cls=0.0006, Reg=0.0000, Con=3.9609
2025-09-14 09:02:11,327 - INFO - Batch 1560/2278: Loss=1.1941, Cls=0.0058, Reg=0.0000, Con=3.9608
2025-09-14 09:02:12,202 - INFO - Batch 1570/2278: Loss=1.1976, Cls=0.0093, Reg=0.0000, Con=3.9609
2025-09-14 09:02:13,091 - INFO - Batch 1580/2278: Loss=0.0087, Cls=0.0087, Reg=0.0000, Con=0.0000
2025-09-14 09:02:14,007 - INFO - Batch 1590/2278: Loss=0.0190, Cls=0.0190, Reg=0.0000, Con=0.0000
2025-09-14 09:02:14,928 - INFO - Batch 1600/2278: Loss=1.1984, Cls=0.0101, Reg=0.0000, Con=3.9609
2025-09-14 09:02:15,844 - INFO - Batch 1610/2278: Loss=2.3678, Cls=2.3678, Reg=0.0000, Con=0.0000
2025-09-14 09:02:16,769 - INFO - Batch 1620/2278: Loss=1.1998, Cls=0.0115, Reg=0.0000, Con=3.9609
2025-09-14 09:02:17,652 - INFO - Batch 1630/2278: Loss=0.0012, Cls=0.0012, Reg=0.0000, Con=0.0000
2025-09-14 09:02:18,564 - INFO - Batch 1640/2278: Loss=1.1883, Cls=0.0000, Reg=0.0000, Con=3.9609
2025-09-14 09:02:19,460 - INFO - Batch 1650/2278: Loss=0.0039, Cls=0.0039, Reg=0.0000, Con=0.0000
2025-09-14 09:02:20,358 - INFO - Batch 1660/2278: Loss=1.1962, Cls=0.0080, Reg=0.0000, Con=3.9607
2025-09-14 09:02:21,276 - INFO - Batch 1670/2278: Loss=1.1935, Cls=0.0053, Reg=0.0000, Con=3.9608
2025-09-14 09:02:22,183 - INFO - Batch 1680/2278: Loss=2.0253, Cls=0.8369, Reg=0.0000, Con=3.9615
2025-09-14 09:02:23,106 - INFO - Batch 1690/2278: Loss=0.0101, Cls=0.0101, Reg=0.0000, Con=0.0000
2025-09-14 09:02:24,014 - INFO - Batch 1700/2278: Loss=1.1882, Cls=0.0000, Reg=0.0000, Con=3.9608
2025-09-14 09:02:24,912 - INFO - Batch 1710/2278: Loss=1.1883, Cls=0.0000, Reg=0.0000, Con=3.9612
2025-09-14 09:02:25,807 - INFO - Batch 1720/2278: Loss=1.1923, Cls=0.0040, Reg=0.0000, Con=3.9610
2025-09-14 09:02:26,724 - INFO - Batch 1730/2278: Loss=1.2143, Cls=0.0260, Reg=0.0000, Con=3.9609
2025-09-14 09:02:27,609 - INFO - Batch 1740/2278: Loss=1.1883, Cls=0.0000, Reg=0.0000, Con=3.9610
2025-09-14 09:02:28,550 - INFO - Batch 1750/2278: Loss=1.1955, Cls=0.0072, Reg=0.0000, Con=3.9609
2025-09-14 09:02:29,475 - INFO - Batch 1760/2278: Loss=1.1912, Cls=0.0030, Reg=0.0000, Con=3.9608
2025-09-14 09:02:30,384 - INFO - Batch 1770/2278: Loss=1.2233, Cls=0.0350, Reg=0.0000, Con=3.9610
2025-09-14 09:02:31,288 - INFO - Batch 1780/2278: Loss=3.3909, Cls=2.2027, Reg=0.0000, Con=3.9609
2025-09-14 09:02:32,189 - INFO - Batch 1790/2278: Loss=1.1920, Cls=0.0038, Reg=0.0000, Con=3.9608
2025-09-14 09:02:33,079 - INFO - Batch 1800/2278: Loss=1.1966, Cls=0.0083, Reg=0.0000, Con=3.9609
2025-09-14 09:02:33,956 - INFO - Batch 1810/2278: Loss=1.1941, Cls=0.0058, Reg=0.0000, Con=3.9610
2025-09-14 09:02:34,844 - INFO - Batch 1820/2278: Loss=1.1965, Cls=0.0083, Reg=0.0000, Con=3.9608
2025-09-14 09:02:35,746 - INFO - Batch 1830/2278: Loss=1.1885, Cls=0.0000, Reg=0.0000, Con=3.9615
2025-09-14 09:02:36,659 - INFO - Batch 1840/2278: Loss=1.2348, Cls=0.0465, Reg=0.0000, Con=3.9609
2025-09-14 09:02:37,571 - INFO - Batch 1850/2278: Loss=1.1906, Cls=0.0023, Reg=0.0000, Con=3.9608
2025-09-14 09:02:38,480 - INFO - Batch 1860/2278: Loss=0.5666, Cls=0.5666, Reg=0.0000, Con=0.0000
2025-09-14 09:02:39,380 - INFO - Batch 1870/2278: Loss=0.0168, Cls=0.0168, Reg=0.0000, Con=0.0000
2025-09-14 09:02:40,289 - INFO - Batch 1880/2278: Loss=1.3304, Cls=0.1421, Reg=0.0000, Con=3.9610
2025-09-14 09:02:41,202 - INFO - Batch 1890/2278: Loss=0.0102, Cls=0.0102, Reg=0.0000, Con=0.0000
2025-09-14 09:02:42,103 - INFO - Batch 1900/2278: Loss=1.2069, Cls=0.0186, Reg=0.0000, Con=3.9607
2025-09-14 09:02:43,004 - INFO - Batch 1910/2278: Loss=1.4486, Cls=0.2603, Reg=0.0000, Con=3.9607
2025-09-14 09:02:43,930 - INFO - Batch 1920/2278: Loss=3.0844, Cls=1.8961, Reg=0.0000, Con=3.9608
2025-09-14 09:02:44,832 - INFO - Batch 1930/2278: Loss=0.0036, Cls=0.0036, Reg=0.0000, Con=0.0000
2025-09-14 09:02:45,723 - INFO - Batch 1940/2278: Loss=1.4059, Cls=0.2176, Reg=0.0000, Con=3.9607
2025-09-14 09:02:46,595 - INFO - Batch 1950/2278: Loss=6.2202, Cls=5.0320, Reg=0.0000, Con=3.9609
2025-09-14 09:02:47,531 - INFO - Batch 1960/2278: Loss=1.1923, Cls=0.0040, Reg=0.0000, Con=3.9609
2025-09-14 09:02:48,446 - INFO - Batch 1970/2278: Loss=1.1993, Cls=0.0111, Reg=0.0000, Con=3.9606
2025-09-14 09:02:49,351 - INFO - Batch 1980/2278: Loss=1.2295, Cls=0.0412, Reg=0.0000, Con=3.9608
2025-09-14 09:02:50,266 - INFO - Batch 1990/2278: Loss=1.1262, Cls=1.1262, Reg=0.0000, Con=0.0000
2025-09-14 09:02:51,143 - INFO - Batch 2000/2278: Loss=1.5733, Cls=0.3851, Reg=0.0000, Con=3.9607
2025-09-14 09:02:52,041 - INFO - Batch 2010/2278: Loss=1.2035, Cls=0.0153, Reg=0.0000, Con=3.9608
2025-09-14 09:02:52,924 - INFO - Batch 2020/2278: Loss=0.0105, Cls=0.0105, Reg=0.0000, Con=0.0000
2025-09-14 09:02:53,805 - INFO - Batch 2030/2278: Loss=1.1965, Cls=0.0082, Reg=0.0000, Con=3.9610
2025-09-14 09:02:54,723 - INFO - Batch 2040/2278: Loss=1.1903, Cls=0.0021, Reg=0.0000, Con=3.9608
2025-09-14 09:02:55,620 - INFO - Batch 2050/2278: Loss=0.0043, Cls=0.0043, Reg=0.0000, Con=0.0000
2025-09-14 09:02:56,527 - INFO - Batch 2060/2278: Loss=1.3531, Cls=0.1646, Reg=0.0000, Con=3.9615
2025-09-14 09:02:57,431 - INFO - Batch 2070/2278: Loss=1.1952, Cls=0.0070, Reg=0.0000, Con=3.9608
2025-09-14 09:02:58,331 - INFO - Batch 2080/2278: Loss=0.1410, Cls=0.1410, Reg=0.0000, Con=0.0000
2025-09-14 09:02:59,250 - INFO - Batch 2090/2278: Loss=1.2058, Cls=0.0175, Reg=0.0000, Con=3.9608
2025-09-14 09:03:00,148 - INFO - Batch 2100/2278: Loss=0.7210, Cls=0.7210, Reg=0.0000, Con=0.0000
2025-09-14 09:03:01,065 - INFO - Batch 2110/2278: Loss=0.0115, Cls=0.0115, Reg=0.0000, Con=0.0000
2025-09-14 09:03:01,973 - INFO - Batch 2120/2278: Loss=2.3187, Cls=1.1305, Reg=0.0000, Con=3.9608
2025-09-14 09:03:02,879 - INFO - Batch 2130/2278: Loss=1.1957, Cls=0.0075, Reg=0.0000, Con=3.9608
2025-09-14 09:03:03,776 - INFO - Batch 2140/2278: Loss=0.0096, Cls=0.0096, Reg=0.0000, Con=0.0000
2025-09-14 09:03:04,661 - INFO - Batch 2150/2278: Loss=2.5535, Cls=1.3652, Reg=0.0000, Con=3.9610
2025-09-14 09:03:05,540 - INFO - Batch 2160/2278: Loss=2.2434, Cls=1.0551, Reg=0.0000, Con=3.9608
2025-09-14 09:03:06,427 - INFO - Batch 2170/2278: Loss=1.3569, Cls=0.1686, Reg=0.0000, Con=3.9608
2025-09-14 09:03:07,318 - INFO - Batch 2180/2278: Loss=2.2597, Cls=1.0715, Reg=0.0000, Con=3.9608
2025-09-14 09:03:08,198 - INFO - Batch 2190/2278: Loss=1.2028, Cls=0.0145, Reg=0.0000, Con=3.9610
2025-09-14 09:03:09,087 - INFO - Batch 2200/2278: Loss=1.2314, Cls=0.0432, Reg=0.0000, Con=3.9608
2025-09-14 09:03:09,992 - INFO - Batch 2210/2278: Loss=1.1906, Cls=0.0022, Reg=0.0000, Con=3.9613
2025-09-14 09:03:10,893 - INFO - Batch 2220/2278: Loss=0.0242, Cls=0.0242, Reg=0.0000, Con=0.0000
2025-09-14 09:03:11,812 - INFO - Batch 2230/2278: Loss=0.0053, Cls=0.0053, Reg=0.0000, Con=0.0000
2025-09-14 09:03:12,721 - INFO - Batch 2240/2278: Loss=1.1966, Cls=0.0084, Reg=0.0000, Con=3.9608
2025-09-14 09:03:13,621 - INFO - Batch 2250/2278: Loss=0.0701, Cls=0.0701, Reg=0.0000, Con=0.0000
2025-09-14 09:03:14,537 - INFO - Batch 2260/2278: Loss=1.1939, Cls=0.0056, Reg=0.0000, Con=3.9609
2025-09-14 09:03:15,440 - INFO - Batch 2270/2278: Loss=1.1903, Cls=0.0021, Reg=0.0000, Con=3.9606
2025-09-14 09:06:40,959 - INFO - === Epoch 2 Results ===
2025-09-14 09:06:40,959 - INFO - Training Loss: 1.1247 (Classification: 0.3360, Regression: 0.0000)
2025-09-14 09:06:40,959 - INFO - Validation Loss: 0.0803 (Classification: 0.0803, Regression: 0.0000)
2025-09-14 09:06:40,959 - INFO - Average Classification Accuracy: 0.9144 (on 1/26 tasks)
2025-09-14 09:06:40,959 - INFO - Average AUC: 0.7439
2025-09-14 09:06:43,613 - INFO - Best model saved to: experiments/r1c3_headft_cls_18_seed_42_20250914_085301/checkpoints/r1c3_headft_cls_18_seed_42_best.pth
2025-09-14 09:06:43,613 - INFO - 
Epoch 3/3
2025-09-14 09:06:43,750 - INFO - Batch 0/2278: Loss=2.9762, Cls=1.7880, Reg=0.0000, Con=3.9608
2025-09-14 09:06:44,625 - INFO - Batch 10/2278: Loss=1.2026, Cls=0.0143, Reg=0.0000, Con=3.9611
2025-09-14 09:06:45,553 - INFO - Batch 20/2278: Loss=1.2089, Cls=0.0207, Reg=0.0000, Con=3.9608
2025-09-14 09:06:46,513 - INFO - Batch 30/2278: Loss=0.0000, Cls=0.0000, Reg=0.0000, Con=0.0000
2025-09-14 09:06:47,402 - INFO - Batch 40/2278: Loss=1.1928, Cls=0.0045, Reg=0.0000, Con=3.9608
2025-09-14 09:06:48,314 - INFO - Batch 50/2278: Loss=1.1883, Cls=0.0000, Reg=0.0000, Con=3.9609
2025-09-14 09:06:49,229 - INFO - Batch 60/2278: Loss=1.1933, Cls=0.0051, Reg=0.0000, Con=3.9607
2025-09-14 09:06:50,156 - INFO - Batch 70/2278: Loss=1.3022, Cls=0.1139, Reg=0.0000, Con=3.9608
2025-09-14 09:06:51,042 - INFO - Batch 80/2278: Loss=0.9043, Cls=0.9043, Reg=0.0000, Con=0.0000
2025-09-14 09:06:51,951 - INFO - Batch 90/2278: Loss=1.2309, Cls=0.0426, Reg=0.0000, Con=3.9609
2025-09-14 09:06:52,853 - INFO - Batch 100/2278: Loss=1.2109, Cls=0.0227, Reg=0.0000, Con=3.9607
2025-09-14 09:06:53,774 - INFO - Batch 110/2278: Loss=1.2009, Cls=0.0124, Reg=0.0000, Con=3.9618
2025-09-14 09:06:54,671 - INFO - Batch 120/2278: Loss=1.3380, Cls=0.1498, Reg=0.0000, Con=3.9609
2025-09-14 09:06:55,568 - INFO - Batch 130/2278: Loss=1.1935, Cls=0.0053, Reg=0.0000, Con=3.9607
2025-09-14 09:06:56,502 - INFO - Batch 140/2278: Loss=0.0000, Cls=0.0000, Reg=0.0000, Con=0.0000
2025-09-14 09:06:57,395 - INFO - Batch 150/2278: Loss=1.1986, Cls=0.0104, Reg=0.0000, Con=3.9608
2025-09-14 09:06:58,304 - INFO - Batch 160/2278: Loss=0.0038, Cls=0.0038, Reg=0.0000, Con=0.0000
2025-09-14 09:06:59,204 - INFO - Batch 170/2278: Loss=1.2004, Cls=0.0121, Reg=0.0000, Con=3.9609
2025-09-14 09:07:00,091 - INFO - Batch 180/2278: Loss=1.1883, Cls=0.0000, Reg=0.0000, Con=3.9611
2025-09-14 09:07:00,987 - INFO - Batch 190/2278: Loss=1.9587, Cls=0.7705, Reg=0.0000, Con=3.9607
2025-09-14 09:07:01,902 - INFO - Batch 200/2278: Loss=0.0000, Cls=0.0000, Reg=0.0000, Con=0.0000
2025-09-14 09:07:02,831 - INFO - Batch 210/2278: Loss=2.3969, Cls=1.2085, Reg=0.0000, Con=3.9612
2025-09-14 09:07:03,725 - INFO - Batch 220/2278: Loss=1.1989, Cls=0.0107, Reg=0.0000, Con=3.9608
2025-09-14 09:07:04,659 - INFO - Batch 230/2278: Loss=1.2049, Cls=0.0166, Reg=0.0000, Con=3.9611
2025-09-14 09:07:05,574 - INFO - Batch 240/2278: Loss=1.2000, Cls=0.0118, Reg=0.0000, Con=3.9607
2025-09-14 09:07:06,463 - INFO - Batch 250/2278: Loss=1.1909, Cls=0.0026, Reg=0.0000, Con=3.9609
2025-09-14 09:07:07,333 - INFO - Batch 260/2278: Loss=1.1967, Cls=0.0084, Reg=0.0000, Con=3.9608
2025-09-14 09:07:08,264 - INFO - Batch 270/2278: Loss=1.1963, Cls=0.0081, Reg=0.0000, Con=3.9607
2025-09-14 09:07:09,140 - INFO - Batch 280/2278: Loss=1.1931, Cls=0.0049, Reg=0.0000, Con=3.9608
2025-09-14 09:07:10,025 - INFO - Batch 290/2278: Loss=1.2049, Cls=0.0166, Reg=0.0000, Con=3.9608
2025-09-14 09:07:10,898 - INFO - Batch 300/2278: Loss=1.1908, Cls=0.0026, Reg=0.0000, Con=3.9607
2025-09-14 09:07:11,801 - INFO - Batch 310/2278: Loss=1.1938, Cls=0.0055, Reg=0.0000, Con=3.9610
2025-09-14 09:07:12,692 - INFO - Batch 320/2278: Loss=1.2063, Cls=0.0180, Reg=0.0000, Con=3.9612
2025-09-14 09:07:13,577 - INFO - Batch 330/2278: Loss=0.1078, Cls=0.1078, Reg=0.0000, Con=0.0000
2025-09-14 09:07:14,486 - INFO - Batch 340/2278: Loss=1.7069, Cls=1.7069, Reg=0.0000, Con=0.0000
2025-09-14 09:07:15,373 - INFO - Batch 350/2278: Loss=1.1948, Cls=0.0064, Reg=0.0000, Con=3.9612
2025-09-14 09:07:16,287 - INFO - Batch 360/2278: Loss=1.1932, Cls=0.0049, Reg=0.0000, Con=3.9611
2025-09-14 09:07:17,204 - INFO - Batch 370/2278: Loss=1.1915, Cls=0.0032, Reg=0.0000, Con=3.9608
2025-09-14 09:07:18,111 - INFO - Batch 380/2278: Loss=1.1937, Cls=0.0054, Reg=0.0000, Con=3.9608
2025-09-14 09:07:19,057 - INFO - Batch 390/2278: Loss=1.2973, Cls=0.1090, Reg=0.0000, Con=3.9609
2025-09-14 09:07:20,032 - INFO - Batch 400/2278: Loss=0.0390, Cls=0.0390, Reg=0.0000, Con=0.0000
2025-09-14 09:07:20,946 - INFO - Batch 410/2278: Loss=1.1920, Cls=0.0037, Reg=0.0000, Con=3.9609
2025-09-14 09:07:21,827 - INFO - Batch 420/2278: Loss=1.1883, Cls=0.0000, Reg=0.0000, Con=3.9609
2025-09-14 09:07:22,719 - INFO - Batch 430/2278: Loss=1.4279, Cls=0.2395, Reg=0.0000, Con=3.9614
2025-09-14 09:07:23,621 - INFO - Batch 440/2278: Loss=0.0051, Cls=0.0051, Reg=0.0000, Con=0.0000
2025-09-14 09:07:24,506 - INFO - Batch 450/2278: Loss=1.1919, Cls=0.0037, Reg=0.0000, Con=3.9608
2025-09-14 09:07:25,388 - INFO - Batch 460/2278: Loss=0.0171, Cls=0.0171, Reg=0.0000, Con=0.0000
2025-09-14 09:07:26,292 - INFO - Batch 470/2278: Loss=0.0048, Cls=0.0048, Reg=0.0000, Con=0.0000
2025-09-14 09:07:27,183 - INFO - Batch 480/2278: Loss=1.1966, Cls=0.0084, Reg=0.0000, Con=3.9609
2025-09-14 09:07:28,093 - INFO - Batch 490/2278: Loss=0.0166, Cls=0.0166, Reg=0.0000, Con=0.0000
2025-09-14 09:07:28,982 - INFO - Batch 500/2278: Loss=0.0053, Cls=0.0053, Reg=0.0000, Con=0.0000
2025-09-14 09:07:30,067 - INFO - Batch 510/2278: Loss=1.2016, Cls=0.0133, Reg=0.0000, Con=3.9608
2025-09-14 09:07:30,963 - INFO - Batch 520/2278: Loss=0.2251, Cls=0.2251, Reg=0.0000, Con=0.0000
2025-09-14 09:07:31,859 - INFO - Batch 530/2278: Loss=2.2244, Cls=1.0362, Reg=0.0000, Con=3.9608
2025-09-14 09:07:32,780 - INFO - Batch 540/2278: Loss=1.2001, Cls=0.0119, Reg=0.0000, Con=3.9609
2025-09-14 09:07:33,679 - INFO - Batch 550/2278: Loss=0.0046, Cls=0.0046, Reg=0.0000, Con=0.0000
2025-09-14 09:07:34,589 - INFO - Batch 560/2278: Loss=1.1961, Cls=0.0079, Reg=0.0000, Con=3.9609
2025-09-14 09:07:35,509 - INFO - Batch 570/2278: Loss=1.1914, Cls=0.0031, Reg=0.0000, Con=3.9608
2025-09-14 09:07:36,445 - INFO - Batch 580/2278: Loss=1.8718, Cls=1.8718, Reg=0.0000, Con=0.0000
2025-09-14 09:07:37,327 - INFO - Batch 590/2278: Loss=1.6520, Cls=0.4637, Reg=0.0000, Con=3.9609
2025-09-14 09:07:38,211 - INFO - Batch 600/2278: Loss=1.3640, Cls=1.3640, Reg=0.0000, Con=0.0000
2025-09-14 09:07:39,163 - INFO - Batch 610/2278: Loss=0.0335, Cls=0.0335, Reg=0.0000, Con=0.0000
2025-09-14 09:07:40,115 - INFO - Batch 620/2278: Loss=1.1882, Cls=0.0000, Reg=0.0000, Con=3.9608
2025-09-14 09:07:41,010 - INFO - Batch 630/2278: Loss=1.1986, Cls=0.0103, Reg=0.0000, Con=3.9611
2025-09-14 09:07:41,937 - INFO - Batch 640/2278: Loss=1.2103, Cls=0.0221, Reg=0.0000, Con=3.9607
2025-09-14 09:07:42,831 - INFO - Batch 650/2278: Loss=1.2163, Cls=0.0280, Reg=0.0000, Con=3.9608
2025-09-14 09:07:43,759 - INFO - Batch 660/2278: Loss=0.0059, Cls=0.0059, Reg=0.0000, Con=0.0000
2025-09-14 09:07:44,657 - INFO - Batch 670/2278: Loss=1.1908, Cls=0.0025, Reg=0.0000, Con=3.9609
2025-09-14 09:07:45,602 - INFO - Batch 680/2278: Loss=0.0186, Cls=0.0186, Reg=0.0000, Con=0.0000
2025-09-14 09:07:46,493 - INFO - Batch 690/2278: Loss=1.8420, Cls=0.6537, Reg=0.0000, Con=3.9609
2025-09-14 09:07:47,408 - INFO - Batch 700/2278: Loss=1.1981, Cls=0.0098, Reg=0.0000, Con=3.9610
2025-09-14 09:07:48,303 - INFO - Batch 710/2278: Loss=1.2447, Cls=0.0564, Reg=0.0000, Con=3.9610
2025-09-14 09:07:49,215 - INFO - Batch 720/2278: Loss=1.2038, Cls=0.0155, Reg=0.0000, Con=3.9610
2025-09-14 09:07:50,133 - INFO - Batch 730/2278: Loss=1.1909, Cls=0.0026, Reg=0.0000, Con=3.9609
2025-09-14 09:07:51,028 - INFO - Batch 740/2278: Loss=1.1939, Cls=0.0058, Reg=0.0000, Con=3.9606
2025-09-14 09:07:51,918 - INFO - Batch 750/2278: Loss=1.1966, Cls=0.0084, Reg=0.0000, Con=3.9606
2025-09-14 09:07:52,807 - INFO - Batch 760/2278: Loss=1.1961, Cls=0.0077, Reg=0.0000, Con=3.9611
2025-09-14 09:07:53,721 - INFO - Batch 770/2278: Loss=1.4219, Cls=0.2336, Reg=0.0000, Con=3.9611
2025-09-14 09:07:54,627 - INFO - Batch 780/2278: Loss=0.0276, Cls=0.0276, Reg=0.0000, Con=0.0000
2025-09-14 09:07:55,519 - INFO - Batch 790/2278: Loss=1.2013, Cls=0.0130, Reg=0.0000, Con=3.9609
2025-09-14 09:07:56,408 - INFO - Batch 800/2278: Loss=1.1884, Cls=0.0000, Reg=0.0000, Con=3.9612
2025-09-14 09:07:57,312 - INFO - Batch 810/2278: Loss=1.8322, Cls=1.8322, Reg=0.0000, Con=0.0000
2025-09-14 09:07:58,231 - INFO - Batch 820/2278: Loss=1.2339, Cls=0.0457, Reg=0.0000, Con=3.9608
2025-09-14 09:07:59,124 - INFO - Batch 830/2278: Loss=1.1914, Cls=0.0032, Reg=0.0000, Con=3.9609
2025-09-14 09:08:00,026 - INFO - Batch 840/2278: Loss=0.0000, Cls=0.0000, Reg=0.0000, Con=0.0000
2025-09-14 09:08:01,092 - INFO - Batch 850/2278: Loss=0.0890, Cls=0.0890, Reg=0.0000, Con=0.0000
2025-09-14 09:08:02,048 - INFO - Batch 860/2278: Loss=1.1975, Cls=0.0091, Reg=0.0000, Con=3.9611
2025-09-14 09:08:02,927 - INFO - Batch 870/2278: Loss=1.1883, Cls=0.0000, Reg=0.0000, Con=3.9609
2025-09-14 09:08:03,821 - INFO - Batch 880/2278: Loss=0.0012, Cls=0.0012, Reg=0.0000, Con=0.0000
2025-09-14 09:08:04,722 - INFO - Batch 890/2278: Loss=2.3868, Cls=1.1985, Reg=0.0000, Con=3.9609
2025-09-14 09:08:05,631 - INFO - Batch 900/2278: Loss=0.0000, Cls=0.0000, Reg=0.0000, Con=0.0000
2025-09-14 09:08:06,516 - INFO - Batch 910/2278: Loss=0.0759, Cls=0.0759, Reg=0.0000, Con=0.0000
2025-09-14 09:08:07,421 - INFO - Batch 920/2278: Loss=0.0032, Cls=0.0032, Reg=0.0000, Con=0.0000
2025-09-14 09:08:08,292 - INFO - Batch 930/2278: Loss=1.0461, Cls=1.0461, Reg=0.0000, Con=0.0000
2025-09-14 09:08:09,187 - INFO - Batch 940/2278: Loss=1.1971, Cls=0.0087, Reg=0.0000, Con=3.9613
2025-09-14 09:08:10,093 - INFO - Batch 950/2278: Loss=0.0019, Cls=0.0019, Reg=0.0000, Con=0.0000
2025-09-14 09:08:11,014 - INFO - Batch 960/2278: Loss=0.0038, Cls=0.0038, Reg=0.0000, Con=0.0000
2025-09-14 09:08:11,915 - INFO - Batch 970/2278: Loss=1.2113, Cls=0.0231, Reg=0.0000, Con=3.9608
2025-09-14 09:08:12,805 - INFO - Batch 980/2278: Loss=1.1981, Cls=0.0098, Reg=0.0000, Con=3.9609
2025-09-14 09:08:13,697 - INFO - Batch 990/2278: Loss=1.2510, Cls=0.0627, Reg=0.0000, Con=3.9609
2025-09-14 09:08:14,571 - INFO - Batch 1000/2278: Loss=1.1935, Cls=0.0052, Reg=0.0000, Con=3.9610
2025-09-14 09:08:15,486 - INFO - Batch 1010/2278: Loss=1.2018, Cls=0.0136, Reg=0.0000, Con=3.9608
2025-09-14 09:08:16,371 - INFO - Batch 1020/2278: Loss=1.1945, Cls=0.0063, Reg=0.0000, Con=3.9608
2025-09-14 09:08:17,279 - INFO - Batch 1030/2278: Loss=0.0026, Cls=0.0026, Reg=0.0000, Con=0.0000
2025-09-14 09:08:18,270 - INFO - Batch 1040/2278: Loss=1.1884, Cls=0.0000, Reg=0.0000, Con=3.9613
2025-09-14 09:08:19,172 - INFO - Batch 1050/2278: Loss=0.0221, Cls=0.0221, Reg=0.0000, Con=0.0000
2025-09-14 09:08:20,085 - INFO - Batch 1060/2278: Loss=1.6153, Cls=0.4270, Reg=0.0000, Con=3.9611
2025-09-14 09:08:20,999 - INFO - Batch 1070/2278: Loss=1.1993, Cls=0.0110, Reg=0.0000, Con=3.9609
2025-09-14 09:08:21,894 - INFO - Batch 1080/2278: Loss=0.0000, Cls=0.0000, Reg=0.0000, Con=0.0000
2025-09-14 09:08:22,806 - INFO - Batch 1090/2278: Loss=1.1919, Cls=0.0036, Reg=0.0000, Con=3.9611
2025-09-14 09:08:23,689 - INFO - Batch 1100/2278: Loss=1.1883, Cls=0.0000, Reg=0.0000, Con=3.9611
2025-09-14 09:08:24,600 - INFO - Batch 1110/2278: Loss=0.3426, Cls=0.3426, Reg=0.0000, Con=0.0000
2025-09-14 09:08:25,524 - INFO - Batch 1120/2278: Loss=0.0235, Cls=0.0235, Reg=0.0000, Con=0.0000
2025-09-14 09:08:26,425 - INFO - Batch 1130/2278: Loss=0.0000, Cls=0.0000, Reg=0.0000, Con=0.0000
2025-09-14 09:08:27,327 - INFO - Batch 1140/2278: Loss=1.9672, Cls=0.7789, Reg=0.0000, Con=3.9609
2025-09-14 09:08:28,226 - INFO - Batch 1150/2278: Loss=0.0131, Cls=0.0131, Reg=0.0000, Con=0.0000
2025-09-14 09:08:29,221 - INFO - Batch 1160/2278: Loss=1.2977, Cls=1.2977, Reg=0.0000, Con=0.0000
2025-09-14 09:08:30,127 - INFO - Batch 1170/2278: Loss=6.5143, Cls=5.3261, Reg=0.0000, Con=3.9608
2025-09-14 09:08:31,060 - INFO - Batch 1180/2278: Loss=1.1924, Cls=0.0040, Reg=0.0000, Con=3.9613
2025-09-14 09:08:31,992 - INFO - Batch 1190/2278: Loss=1.1883, Cls=0.0000, Reg=0.0000, Con=3.9609
2025-09-14 09:08:32,904 - INFO - Batch 1200/2278: Loss=1.2142, Cls=0.0259, Reg=0.0000, Con=3.9611
2025-09-14 09:08:33,800 - INFO - Batch 1210/2278: Loss=1.2260, Cls=0.0377, Reg=0.0000, Con=3.9611
2025-09-14 09:08:34,702 - INFO - Batch 1220/2278: Loss=1.2029, Cls=0.0146, Reg=0.0000, Con=3.9609
2025-09-14 09:08:35,617 - INFO - Batch 1230/2278: Loss=0.0082, Cls=0.0082, Reg=0.0000, Con=0.0000
2025-09-14 09:08:36,513 - INFO - Batch 1240/2278: Loss=1.8573, Cls=0.6691, Reg=0.0000, Con=3.9608
2025-09-14 09:08:37,426 - INFO - Batch 1250/2278: Loss=1.1912, Cls=0.0029, Reg=0.0000, Con=3.9609
2025-09-14 09:08:38,375 - INFO - Batch 1260/2278: Loss=0.3940, Cls=0.3940, Reg=0.0000, Con=0.0000
2025-09-14 09:08:39,295 - INFO - Batch 1270/2278: Loss=1.2049, Cls=0.0166, Reg=0.0000, Con=3.9610
2025-09-14 09:08:40,180 - INFO - Batch 1280/2278: Loss=2.6986, Cls=1.5104, Reg=0.0000, Con=3.9607
2025-09-14 09:08:41,227 - INFO - Batch 1290/2278: Loss=0.0000, Cls=0.0000, Reg=0.0000, Con=0.0000
2025-09-14 09:08:42,187 - INFO - Batch 1300/2278: Loss=0.0208, Cls=0.0208, Reg=0.0000, Con=0.0000
2025-09-14 09:08:43,093 - INFO - Batch 1310/2278: Loss=1.1976, Cls=0.0093, Reg=0.0000, Con=3.9608
2025-09-14 09:08:44,004 - INFO - Batch 1320/2278: Loss=1.2106, Cls=0.0224, Reg=0.0000, Con=3.9610
2025-09-14 09:08:44,898 - INFO - Batch 1330/2278: Loss=1.3135, Cls=0.1252, Reg=0.0000, Con=3.9610
2025-09-14 09:08:45,788 - INFO - Batch 1340/2278: Loss=1.1935, Cls=0.0053, Reg=0.0000, Con=3.9608
2025-09-14 09:08:46,690 - INFO - Batch 1350/2278: Loss=1.1993, Cls=0.0111, Reg=0.0000, Con=3.9608
2025-09-14 09:08:47,603 - INFO - Batch 1360/2278: Loss=1.2060, Cls=0.0176, Reg=0.0000, Con=3.9612
2025-09-14 09:08:48,506 - INFO - Batch 1370/2278: Loss=1.1886, Cls=0.0003, Reg=0.0000, Con=3.9610
2025-09-14 09:08:49,430 - INFO - Batch 1380/2278: Loss=1.1968, Cls=0.0085, Reg=0.0000, Con=3.9608
2025-09-14 09:08:50,348 - INFO - Batch 1390/2278: Loss=1.1901, Cls=0.0018, Reg=0.0000, Con=3.9610
2025-09-14 09:08:51,278 - INFO - Batch 1400/2278: Loss=1.2037, Cls=0.0153, Reg=0.0000, Con=3.9615
2025-09-14 09:08:52,194 - INFO - Batch 1410/2278: Loss=0.0145, Cls=0.0145, Reg=0.0000, Con=0.0000
2025-09-14 09:08:53,132 - INFO - Batch 1420/2278: Loss=1.2151, Cls=0.0268, Reg=0.0000, Con=3.9610
2025-09-14 09:08:54,034 - INFO - Batch 1430/2278: Loss=0.0138, Cls=0.0138, Reg=0.0000, Con=0.0000
2025-09-14 09:08:54,972 - INFO - Batch 1440/2278: Loss=1.1894, Cls=0.0012, Reg=0.0000, Con=3.9606
2025-09-14 09:08:55,902 - INFO - Batch 1450/2278: Loss=0.0000, Cls=0.0000, Reg=0.0000, Con=0.0000
2025-09-14 09:08:56,779 - INFO - Batch 1460/2278: Loss=0.0166, Cls=0.0166, Reg=0.0000, Con=0.0000
2025-09-14 09:08:57,705 - INFO - Batch 1470/2278: Loss=1.2079, Cls=0.0197, Reg=0.0000, Con=3.9607
2025-09-14 09:08:58,600 - INFO - Batch 1480/2278: Loss=1.2534, Cls=0.0652, Reg=0.0000, Con=3.9608
2025-09-14 09:08:59,490 - INFO - Batch 1490/2278: Loss=0.0002, Cls=0.0002, Reg=0.0000, Con=0.0000
2025-09-14 09:09:00,394 - INFO - Batch 1500/2278: Loss=1.5057, Cls=0.3174, Reg=0.0000, Con=3.9610
2025-09-14 09:09:01,326 - INFO - Batch 1510/2278: Loss=1.4866, Cls=0.2983, Reg=0.0000, Con=3.9609
2025-09-14 09:09:02,212 - INFO - Batch 1520/2278: Loss=0.0356, Cls=0.0356, Reg=0.0000, Con=0.0000
2025-09-14 09:09:03,110 - INFO - Batch 1530/2278: Loss=1.1882, Cls=0.0000, Reg=0.0000, Con=3.9608
2025-09-14 09:09:04,048 - INFO - Batch 1540/2278: Loss=1.1965, Cls=0.0082, Reg=0.0000, Con=3.9610
2025-09-14 09:09:04,958 - INFO - Batch 1550/2278: Loss=1.2104, Cls=0.0221, Reg=0.0000, Con=3.9611
2025-09-14 09:09:05,867 - INFO - Batch 1560/2278: Loss=1.1923, Cls=0.0040, Reg=0.0000, Con=3.9608
2025-09-14 09:09:06,741 - INFO - Batch 1570/2278: Loss=0.0000, Cls=0.0000, Reg=0.0000, Con=0.0000
2025-09-14 09:09:07,636 - INFO - Batch 1580/2278: Loss=1.1882, Cls=0.0000, Reg=0.0000, Con=3.9608
2025-09-14 09:09:08,552 - INFO - Batch 1590/2278: Loss=0.0012, Cls=0.0012, Reg=0.0000, Con=0.0000
2025-09-14 09:09:09,469 - INFO - Batch 1600/2278: Loss=1.9625, Cls=0.7742, Reg=0.0000, Con=3.9608
2025-09-14 09:09:10,364 - INFO - Batch 1610/2278: Loss=0.0000, Cls=0.0000, Reg=0.0000, Con=0.0000
2025-09-14 09:09:11,295 - INFO - Batch 1620/2278: Loss=1.1949, Cls=0.0067, Reg=0.0000, Con=3.9608
2025-09-14 09:09:12,186 - INFO - Batch 1630/2278: Loss=1.2050, Cls=0.0167, Reg=0.0000, Con=3.9610
2025-09-14 09:09:13,069 - INFO - Batch 1640/2278: Loss=0.0029, Cls=0.0029, Reg=0.0000, Con=0.0000
2025-09-14 09:09:13,991 - INFO - Batch 1650/2278: Loss=1.1900, Cls=0.0017, Reg=0.0000, Con=3.9609
2025-09-14 09:09:14,924 - INFO - Batch 1660/2278: Loss=1.2614, Cls=0.0730, Reg=0.0000, Con=3.9613
2025-09-14 09:09:15,815 - INFO - Batch 1670/2278: Loss=1.2069, Cls=0.0186, Reg=0.0000, Con=3.9609
2025-09-14 09:09:16,727 - INFO - Batch 1680/2278: Loss=1.1903, Cls=0.0021, Reg=0.0000, Con=3.9607
2025-09-14 09:09:17,592 - INFO - Batch 1690/2278: Loss=1.2222, Cls=0.0339, Reg=0.0000, Con=3.9610
2025-09-14 09:09:18,483 - INFO - Batch 1700/2278: Loss=1.2028, Cls=0.0146, Reg=0.0000, Con=3.9608
2025-09-14 09:09:19,382 - INFO - Batch 1710/2278: Loss=0.0049, Cls=0.0049, Reg=0.0000, Con=0.0000
2025-09-14 09:09:20,281 - INFO - Batch 1720/2278: Loss=0.0067, Cls=0.0067, Reg=0.0000, Con=0.0000
2025-09-14 09:09:21,167 - INFO - Batch 1730/2278: Loss=1.2734, Cls=0.0851, Reg=0.0000, Con=3.9608
2025-09-14 09:09:22,065 - INFO - Batch 1740/2278: Loss=1.4515, Cls=0.2633, Reg=0.0000, Con=3.9608
2025-09-14 09:09:22,949 - INFO - Batch 1750/2278: Loss=0.0024, Cls=0.0024, Reg=0.0000, Con=0.0000
2025-09-14 09:09:23,859 - INFO - Batch 1760/2278: Loss=7.2422, Cls=6.0538, Reg=0.0000, Con=3.9612
2025-09-14 09:09:24,768 - INFO - Batch 1770/2278: Loss=0.0312, Cls=0.0312, Reg=0.0000, Con=0.0000
2025-09-14 09:09:25,692 - INFO - Batch 1780/2278: Loss=0.0033, Cls=0.0033, Reg=0.0000, Con=0.0000
2025-09-14 09:09:26,600 - INFO - Batch 1790/2278: Loss=0.7741, Cls=0.7741, Reg=0.0000, Con=0.0000
2025-09-14 09:09:27,510 - INFO - Batch 1800/2278: Loss=2.8600, Cls=1.6718, Reg=0.0000, Con=3.9607
2025-09-14 09:09:28,379 - INFO - Batch 1810/2278: Loss=0.0231, Cls=0.0231, Reg=0.0000, Con=0.0000
2025-09-14 09:09:29,268 - INFO - Batch 1820/2278: Loss=0.0095, Cls=0.0095, Reg=0.0000, Con=0.0000
2025-09-14 09:09:30,176 - INFO - Batch 1830/2278: Loss=1.1920, Cls=0.0038, Reg=0.0000, Con=3.9608
2025-09-14 09:09:31,117 - INFO - Batch 1840/2278: Loss=0.0153, Cls=0.0153, Reg=0.0000, Con=0.0000
2025-09-14 09:09:32,042 - INFO - Batch 1850/2278: Loss=1.1958, Cls=0.0075, Reg=0.0000, Con=3.9609
2025-09-14 09:09:32,943 - INFO - Batch 1860/2278: Loss=1.1934, Cls=0.0052, Reg=0.0000, Con=3.9607
2025-09-14 09:09:33,928 - INFO - Batch 1870/2278: Loss=0.0059, Cls=0.0059, Reg=0.0000, Con=0.0000
2025-09-14 09:09:34,919 - INFO - Batch 1880/2278: Loss=1.1889, Cls=0.0007, Reg=0.0000, Con=3.9607
2025-09-14 09:09:35,840 - INFO - Batch 1890/2278: Loss=0.0000, Cls=0.0000, Reg=0.0000, Con=0.0000
2025-09-14 09:09:36,750 - INFO - Batch 1900/2278: Loss=0.0000, Cls=0.0000, Reg=0.0000, Con=0.0000
2025-09-14 09:09:37,625 - INFO - Batch 1910/2278: Loss=1.1967, Cls=0.0084, Reg=0.0000, Con=3.9610
2025-09-14 09:09:38,512 - INFO - Batch 1920/2278: Loss=0.0277, Cls=0.0277, Reg=0.0000, Con=0.0000
2025-09-14 09:09:39,434 - INFO - Batch 1930/2278: Loss=1.2927, Cls=0.1044, Reg=0.0000, Con=3.9611
2025-09-14 09:09:40,325 - INFO - Batch 1940/2278: Loss=1.1902, Cls=0.0020, Reg=0.0000, Con=3.9607
2025-09-14 09:09:41,226 - INFO - Batch 1950/2278: Loss=1.1969, Cls=0.0087, Reg=0.0000, Con=3.9609
2025-09-14 09:09:42,118 - INFO - Batch 1960/2278: Loss=1.1972, Cls=0.0089, Reg=0.0000, Con=3.9610
2025-09-14 09:09:43,014 - INFO - Batch 1970/2278: Loss=0.0035, Cls=0.0035, Reg=0.0000, Con=0.0000
2025-09-14 09:09:44,066 - INFO - Batch 1980/2278: Loss=2.2191, Cls=1.0309, Reg=0.0000, Con=3.9610
2025-09-14 09:09:44,986 - INFO - Batch 1990/2278: Loss=1.1957, Cls=0.0075, Reg=0.0000, Con=3.9608
2025-09-14 09:09:45,925 - INFO - Batch 2000/2278: Loss=1.2028, Cls=0.0145, Reg=0.0000, Con=3.9610
2025-09-14 09:09:46,829 - INFO - Batch 2010/2278: Loss=1.3445, Cls=0.1563, Reg=0.0000, Con=3.9608
2025-09-14 09:09:47,753 - INFO - Batch 2020/2278: Loss=1.2528, Cls=0.0645, Reg=0.0000, Con=3.9608
2025-09-14 09:09:48,669 - INFO - Batch 2030/2278: Loss=1.1960, Cls=0.0078, Reg=0.0000, Con=3.9608
2025-09-14 09:09:49,571 - INFO - Batch 2040/2278: Loss=1.1951, Cls=0.0068, Reg=0.0000, Con=3.9610
2025-09-14 09:09:50,512 - INFO - Batch 2050/2278: Loss=2.2278, Cls=2.2278, Reg=0.0000, Con=0.0000
2025-09-14 09:09:51,399 - INFO - Batch 2060/2278: Loss=1.2013, Cls=0.0130, Reg=0.0000, Con=3.9609
2025-09-14 09:09:52,322 - INFO - Batch 2070/2278: Loss=1.2348, Cls=1.2348, Reg=0.0000, Con=0.0000
2025-09-14 09:09:53,245 - INFO - Batch 2080/2278: Loss=1.1957, Cls=0.0073, Reg=0.0000, Con=3.9613
2025-09-14 09:09:54,128 - INFO - Batch 2090/2278: Loss=1.1989, Cls=0.0107, Reg=0.0000, Con=3.9607
2025-09-14 09:09:55,051 - INFO - Batch 2100/2278: Loss=1.1891, Cls=0.0005, Reg=0.0000, Con=3.9619
2025-09-14 09:09:55,967 - INFO - Batch 2110/2278: Loss=1.9991, Cls=0.8108, Reg=0.0000, Con=3.9609
2025-09-14 09:09:56,892 - INFO - Batch 2120/2278: Loss=0.0050, Cls=0.0050, Reg=0.0000, Con=0.0000
2025-09-14 09:09:57,813 - INFO - Batch 2130/2278: Loss=0.0049, Cls=0.0049, Reg=0.0000, Con=0.0000
2025-09-14 09:09:58,752 - INFO - Batch 2140/2278: Loss=0.0097, Cls=0.0097, Reg=0.0000, Con=0.0000
2025-09-14 09:09:59,620 - INFO - Batch 2150/2278: Loss=1.1934, Cls=0.0052, Reg=0.0000, Con=3.9608
2025-09-14 09:10:00,523 - INFO - Batch 2160/2278: Loss=2.0224, Cls=0.8342, Reg=0.0000, Con=3.9609
2025-09-14 09:10:01,415 - INFO - Batch 2170/2278: Loss=1.2032, Cls=0.0150, Reg=0.0000, Con=3.9608
2025-09-14 09:10:02,301 - INFO - Batch 2180/2278: Loss=0.0330, Cls=0.0330, Reg=0.0000, Con=0.0000
2025-09-14 09:10:03,190 - INFO - Batch 2190/2278: Loss=1.2043, Cls=0.0160, Reg=0.0000, Con=3.9609
2025-09-14 09:10:04,109 - INFO - Batch 2200/2278: Loss=1.1930, Cls=0.0048, Reg=0.0000, Con=3.9608
2025-09-14 09:10:05,071 - INFO - Batch 2210/2278: Loss=0.0075, Cls=0.0075, Reg=0.0000, Con=0.0000
2025-09-14 09:10:05,980 - INFO - Batch 2220/2278: Loss=0.0083, Cls=0.0083, Reg=0.0000, Con=0.0000
2025-09-14 09:10:06,873 - INFO - Batch 2230/2278: Loss=1.1883, Cls=0.0000, Reg=0.0000, Con=3.9609
2025-09-14 09:10:07,741 - INFO - Batch 2240/2278: Loss=1.1963, Cls=0.0078, Reg=0.0000, Con=3.9617
2025-09-14 09:10:08,659 - INFO - Batch 2250/2278: Loss=1.2033, Cls=0.0151, Reg=0.0000, Con=3.9608
2025-09-14 09:10:09,625 - INFO - Batch 2260/2278: Loss=0.0010, Cls=0.0010, Reg=0.0000, Con=0.0000
2025-09-14 09:10:10,604 - INFO - Batch 2270/2278: Loss=0.5736, Cls=0.5736, Reg=0.0000, Con=0.0000
2025-09-14 09:13:40,173 - INFO - === Epoch 3 Results ===
2025-09-14 09:13:40,173 - INFO - Training Loss: 1.1278 (Classification: 0.3480, Regression: 0.0000)
2025-09-14 09:13:40,173 - INFO - Validation Loss: 0.0701 (Classification: 0.0701, Regression: 0.0000)
2025-09-14 09:13:40,173 - INFO - Average Classification Accuracy: 0.9127 (on 1/26 tasks)
2025-09-14 09:13:40,173 - INFO - Average AUC: 0.7541
2025-09-14 09:13:42,933 - INFO - Best model saved to: experiments/r1c3_headft_cls_18_seed_42_20250914_085301/checkpoints/r1c3_headft_cls_18_seed_42_best.pth
2025-09-14 09:13:42,933 - INFO - Training finished!
2025-09-14 09:13:42,933 - INFO - Performing final evaluation...
2025-09-14 09:13:43,206 - INFO - Loaded best model from: experiments/r1c3_headft_cls_18_seed_42_20250914_085301/checkpoints/r1c3_headft_cls_18_seed_42_best.pth
2025-09-14 09:17:10,611 - INFO - Final Validation Results:
2025-09-14 09:17:10,611 - INFO -   Total Loss: 0.0701
2025-09-14 09:17:10,611 - INFO -   Classification Loss: 0.0701
2025-09-14 09:17:10,611 - INFO -   Regression Loss: 0.0000
2025-09-14 09:17:10,611 - INFO -   Average Classification Accuracy: 0.9127
2025-09-14 09:17:10,611 - INFO -   Average AUC: 0.7541
2025-09-14 09:17:10,612 - INFO - Results saved to: experiments/r1c3_headft_cls_18_seed_42_20250914_085301/checkpoints/r1c3_headft_cls_18_seed_42_results.json
