2025-09-14 03:17:01,630 - INFO - 🔬 Starting experiment: r1c3_headft_cls_17_seed_42
2025-09-14 03:17:01,630 - INFO - 📁 Experiment directory: experiments/r1c3_headft_cls_17_seed_42_20250914_031701
2025-09-14 03:17:01,630 - INFO - 🎲 Random seed: 42
2025-09-14 03:17:01,630 - INFO - 🔒 Deterministic mode: True
2025-09-14 03:17:01,631 - INFO - Using device: cuda
2025-09-14 03:17:01,631 - INFO - Total GPU Memory: 25.16 GB
2025-09-14 03:17:01,644 - INFO - 🧪 Fusion: Using cross-attention dynamic fusion
2025-09-14 03:17:01,644 - INFO - 🧪 GNN Backbone: Using default GraphAttentionNetwork branch
2025-09-14 03:17:01,644 - INFO - 🎯 Task Mode: Single classification endpoint 17
2025-09-14 03:17:01,645 - INFO - Configuration saved to: experiments/r1c3_headft_cls_17_seed_42_20250914_031701/checkpoints/config.json
2025-09-14 03:17:01,645 - INFO - 🚀 Using preprocessed data from: /mnt/backup2/ai4s/backupunimolpy/responds-work/ToxD4C/data/data/processed
2025-09-14 03:17:01,645 - INFO - Loading LMDB dataset from: /mnt/backup2/ai4s/backupunimolpy/responds-work/ToxD4C/data/data/processed
2025-09-14 03:17:02,007 - INFO - Number of training batches: 2278
2025-09-14 03:17:02,007 - INFO - Number of validation batches: 2278
2025-09-14 03:17:02,007 - INFO - Number of test batches: 2278
2025-09-14 03:17:02,007 - INFO - Creating ToxD4C model...
2025-09-14 03:17:03,089 - INFO - Model created successfully. Total parameters: 100,932,036
2025-09-14 03:17:03,089 - INFO - Testing model forward pass...
2025-09-14 03:17:03,514 - INFO - Test output shapes:
2025-09-14 03:17:03,514 - INFO -   classification: torch.Size([16, 1])
2025-09-14 03:17:03,516 - INFO -   classification contains NaN: False
2025-09-14 03:17:03,517 - INFO -   classification contains Inf: False
2025-09-14 03:17:03,517 - INFO -   regression: torch.Size([16, 0])
2025-09-14 03:17:03,517 - INFO -   regression contains NaN: False
2025-09-14 03:17:03,517 - INFO -   regression contains Inf: False
2025-09-14 03:17:03,517 - INFO - Model forward pass test successful!
2025-09-14 03:17:04,233 - INFO - 🔁 Loaded checkpoint from: /mnt/backup2/ai4s/backupunimolpy/responds-work/ToxD4C/experiments/r1c3_multi_full_seed_42_20250913_152627/checkpoints/r1c3_multi_full_seed_42_best.pth
2025-09-14 03:17:04,234 - INFO - 🧩 Head-only fine-tuning: unfroze head for task 'NR-Aromatase' and froze trunk.
2025-09-14 03:17:04,235 - INFO - Starting training...
2025-09-14 03:17:04,235 - INFO - 
Epoch 1/3
2025-09-14 03:17:04,399 - INFO - Batch 0/2278: Loss=0.0017, Cls=0.0017, Reg=0.0000, Con=0.0000
2025-09-14 03:17:05,276 - INFO - Batch 10/2278: Loss=0.0066, Cls=0.0066, Reg=0.0000, Con=0.0000
2025-09-14 03:17:06,132 - INFO - Batch 20/2278: Loss=1.2387, Cls=0.0504, Reg=0.0000, Con=3.9610
2025-09-14 03:17:07,000 - INFO - Batch 30/2278: Loss=0.0000, Cls=0.0000, Reg=0.0000, Con=0.0000
2025-09-14 03:17:07,894 - INFO - Batch 40/2278: Loss=0.0050, Cls=0.0050, Reg=0.0000, Con=0.0000
2025-09-14 03:17:08,785 - INFO - Batch 50/2278: Loss=1.1917, Cls=0.0035, Reg=0.0000, Con=3.9609
2025-09-14 03:17:09,772 - INFO - Batch 60/2278: Loss=1.2439, Cls=0.0556, Reg=0.0000, Con=3.9609
2025-09-14 03:17:10,705 - INFO - Batch 70/2278: Loss=1.1882, Cls=0.0000, Reg=0.0000, Con=3.9608
2025-09-14 03:17:11,586 - INFO - Batch 80/2278: Loss=0.0007, Cls=0.0007, Reg=0.0000, Con=0.0000
2025-09-14 03:17:12,494 - INFO - Batch 90/2278: Loss=0.0007, Cls=0.0007, Reg=0.0000, Con=0.0000
2025-09-14 03:17:13,356 - INFO - Batch 100/2278: Loss=0.0186, Cls=0.0186, Reg=0.0000, Con=0.0000
2025-09-14 03:17:14,266 - INFO - Batch 110/2278: Loss=1.6381, Cls=1.6381, Reg=0.0000, Con=0.0000
2025-09-14 03:17:15,147 - INFO - Batch 120/2278: Loss=1.1893, Cls=0.0010, Reg=0.0000, Con=3.9609
2025-09-14 03:17:16,054 - INFO - Batch 130/2278: Loss=1.1893, Cls=0.0010, Reg=0.0000, Con=3.9609
2025-09-14 03:17:16,970 - INFO - Batch 140/2278: Loss=1.1888, Cls=0.0004, Reg=0.0000, Con=3.9615
2025-09-14 03:17:17,870 - INFO - Batch 150/2278: Loss=1.1887, Cls=0.0003, Reg=0.0000, Con=3.9613
2025-09-14 03:17:18,770 - INFO - Batch 160/2278: Loss=1.1962, Cls=0.0079, Reg=0.0000, Con=3.9611
2025-09-14 03:17:19,657 - INFO - Batch 170/2278: Loss=1.1889, Cls=0.0006, Reg=0.0000, Con=3.9611
2025-09-14 03:17:20,557 - INFO - Batch 180/2278: Loss=1.1887, Cls=0.0004, Reg=0.0000, Con=3.9610
2025-09-14 03:17:21,431 - INFO - Batch 190/2278: Loss=2.3145, Cls=1.1263, Reg=0.0000, Con=3.9608
2025-09-14 03:17:22,320 - INFO - Batch 200/2278: Loss=0.0034, Cls=0.0034, Reg=0.0000, Con=0.0000
2025-09-14 03:17:23,232 - INFO - Batch 210/2278: Loss=0.0005, Cls=0.0005, Reg=0.0000, Con=0.0000
2025-09-14 03:17:24,119 - INFO - Batch 220/2278: Loss=0.0005, Cls=0.0005, Reg=0.0000, Con=0.0000
2025-09-14 03:17:25,016 - INFO - Batch 230/2278: Loss=1.1885, Cls=0.0002, Reg=0.0000, Con=3.9610
2025-09-14 03:17:25,906 - INFO - Batch 240/2278: Loss=1.1906, Cls=0.0023, Reg=0.0000, Con=3.9608
2025-09-14 03:17:26,789 - INFO - Batch 250/2278: Loss=0.0007, Cls=0.0007, Reg=0.0000, Con=0.0000
2025-09-14 03:17:27,679 - INFO - Batch 260/2278: Loss=0.0008, Cls=0.0008, Reg=0.0000, Con=0.0000
2025-09-14 03:17:28,567 - INFO - Batch 270/2278: Loss=0.0000, Cls=0.0000, Reg=0.0000, Con=0.0000
2025-09-14 03:17:29,447 - INFO - Batch 280/2278: Loss=1.1887, Cls=0.0004, Reg=0.0000, Con=3.9611
2025-09-14 03:17:30,348 - INFO - Batch 290/2278: Loss=0.0026, Cls=0.0026, Reg=0.0000, Con=0.0000
2025-09-14 03:17:31,231 - INFO - Batch 300/2278: Loss=1.1890, Cls=0.0007, Reg=0.0000, Con=3.9609
2025-09-14 03:17:32,134 - INFO - Batch 310/2278: Loss=1.1951, Cls=0.0067, Reg=0.0000, Con=3.9612
2025-09-14 03:17:33,026 - INFO - Batch 320/2278: Loss=0.0010, Cls=0.0010, Reg=0.0000, Con=0.0000
2025-09-14 03:17:33,949 - INFO - Batch 330/2278: Loss=1.1950, Cls=0.0067, Reg=0.0000, Con=3.9609
2025-09-14 03:17:34,820 - INFO - Batch 340/2278: Loss=1.2125, Cls=0.0241, Reg=0.0000, Con=3.9610
2025-09-14 03:17:35,738 - INFO - Batch 350/2278: Loss=1.1883, Cls=0.0000, Reg=0.0000, Con=3.9611
2025-09-14 03:17:36,612 - INFO - Batch 360/2278: Loss=1.1882, Cls=0.0000, Reg=0.0000, Con=3.9607
2025-09-14 03:17:37,507 - INFO - Batch 370/2278: Loss=1.1914, Cls=0.0031, Reg=0.0000, Con=3.9609
2025-09-14 03:17:38,383 - INFO - Batch 380/2278: Loss=1.1891, Cls=0.0009, Reg=0.0000, Con=3.9607
2025-09-14 03:17:39,287 - INFO - Batch 390/2278: Loss=1.1882, Cls=0.0000, Reg=0.0000, Con=3.9607
2025-09-14 03:17:40,183 - INFO - Batch 400/2278: Loss=0.0045, Cls=0.0045, Reg=0.0000, Con=0.0000
2025-09-14 03:17:41,068 - INFO - Batch 410/2278: Loss=0.0022, Cls=0.0022, Reg=0.0000, Con=0.0000
2025-09-14 03:17:41,952 - INFO - Batch 420/2278: Loss=0.0101, Cls=0.0101, Reg=0.0000, Con=0.0000
2025-09-14 03:17:42,848 - INFO - Batch 430/2278: Loss=1.1962, Cls=0.0080, Reg=0.0000, Con=3.9607
2025-09-14 03:17:43,731 - INFO - Batch 440/2278: Loss=1.1892, Cls=0.0009, Reg=0.0000, Con=3.9608
2025-09-14 03:17:44,625 - INFO - Batch 450/2278: Loss=1.1900, Cls=0.0017, Reg=0.0000, Con=3.9607
2025-09-14 03:17:45,505 - INFO - Batch 460/2278: Loss=1.2047, Cls=0.0165, Reg=0.0000, Con=3.9607
2025-09-14 03:17:46,415 - INFO - Batch 470/2278: Loss=1.1888, Cls=0.0005, Reg=0.0000, Con=3.9611
2025-09-14 03:17:47,311 - INFO - Batch 480/2278: Loss=1.1889, Cls=0.0007, Reg=0.0000, Con=3.9607
2025-09-14 03:17:48,203 - INFO - Batch 490/2278: Loss=0.0000, Cls=0.0000, Reg=0.0000, Con=0.0000
2025-09-14 03:17:49,077 - INFO - Batch 500/2278: Loss=0.0009, Cls=0.0009, Reg=0.0000, Con=0.0000
2025-09-14 03:17:49,967 - INFO - Batch 510/2278: Loss=1.1883, Cls=0.0000, Reg=0.0000, Con=3.9609
2025-09-14 03:17:50,863 - INFO - Batch 520/2278: Loss=1.1890, Cls=0.0007, Reg=0.0000, Con=3.9608
2025-09-14 03:17:51,758 - INFO - Batch 530/2278: Loss=1.1889, Cls=0.0007, Reg=0.0000, Con=3.9608
2025-09-14 03:17:52,668 - INFO - Batch 540/2278: Loss=1.1891, Cls=0.0008, Reg=0.0000, Con=3.9610
2025-09-14 03:17:53,539 - INFO - Batch 550/2278: Loss=1.1882, Cls=0.0000, Reg=0.0000, Con=3.9607
2025-09-14 03:17:54,432 - INFO - Batch 560/2278: Loss=1.1883, Cls=0.0001, Reg=0.0000, Con=3.9609
2025-09-14 03:17:55,339 - INFO - Batch 570/2278: Loss=1.3067, Cls=0.1184, Reg=0.0000, Con=3.9608
2025-09-14 03:17:56,223 - INFO - Batch 580/2278: Loss=0.0003, Cls=0.0003, Reg=0.0000, Con=0.0000
2025-09-14 03:17:57,129 - INFO - Batch 590/2278: Loss=0.0021, Cls=0.0021, Reg=0.0000, Con=0.0000
2025-09-14 03:17:58,051 - INFO - Batch 600/2278: Loss=1.1883, Cls=0.0000, Reg=0.0000, Con=3.9609
2025-09-14 03:17:58,922 - INFO - Batch 610/2278: Loss=1.1884, Cls=0.0001, Reg=0.0000, Con=3.9609
2025-09-14 03:17:59,801 - INFO - Batch 620/2278: Loss=1.1889, Cls=0.0007, Reg=0.0000, Con=3.9608
2025-09-14 03:18:00,706 - INFO - Batch 630/2278: Loss=0.0000, Cls=0.0000, Reg=0.0000, Con=0.0000
2025-09-14 03:18:01,619 - INFO - Batch 640/2278: Loss=3.6597, Cls=2.4715, Reg=0.0000, Con=3.9608
2025-09-14 03:18:02,511 - INFO - Batch 650/2278: Loss=1.1886, Cls=0.0002, Reg=0.0000, Con=3.9613
2025-09-14 03:18:03,375 - INFO - Batch 660/2278: Loss=1.1882, Cls=0.0000, Reg=0.0000, Con=3.9608
2025-09-14 03:18:04,259 - INFO - Batch 670/2278: Loss=1.1893, Cls=0.0010, Reg=0.0000, Con=3.9608
2025-09-14 03:18:05,146 - INFO - Batch 680/2278: Loss=1.1882, Cls=0.0000, Reg=0.0000, Con=3.9608
2025-09-14 03:18:06,024 - INFO - Batch 690/2278: Loss=0.0039, Cls=0.0039, Reg=0.0000, Con=0.0000
2025-09-14 03:18:06,925 - INFO - Batch 700/2278: Loss=0.0001, Cls=0.0001, Reg=0.0000, Con=0.0000
2025-09-14 03:18:07,824 - INFO - Batch 710/2278: Loss=1.1882, Cls=0.0000, Reg=0.0000, Con=3.9607
2025-09-14 03:18:08,698 - INFO - Batch 720/2278: Loss=1.1883, Cls=0.0000, Reg=0.0000, Con=3.9609
2025-09-14 03:18:09,585 - INFO - Batch 730/2278: Loss=1.1909, Cls=0.0025, Reg=0.0000, Con=3.9613
2025-09-14 03:18:10,467 - INFO - Batch 740/2278: Loss=1.1883, Cls=0.0000, Reg=0.0000, Con=3.9610
2025-09-14 03:18:11,358 - INFO - Batch 750/2278: Loss=1.1944, Cls=0.0062, Reg=0.0000, Con=3.9609
2025-09-14 03:18:12,241 - INFO - Batch 760/2278: Loss=1.2065, Cls=0.0183, Reg=0.0000, Con=3.9608
2025-09-14 03:18:13,125 - INFO - Batch 770/2278: Loss=1.1883, Cls=0.0001, Reg=0.0000, Con=3.9610
2025-09-14 03:18:14,020 - INFO - Batch 780/2278: Loss=4.1804, Cls=2.9921, Reg=0.0000, Con=3.9608
2025-09-14 03:18:14,905 - INFO - Batch 790/2278: Loss=0.0009, Cls=0.0009, Reg=0.0000, Con=0.0000
2025-09-14 03:18:15,791 - INFO - Batch 800/2278: Loss=1.1884, Cls=0.0000, Reg=0.0000, Con=3.9612
2025-09-14 03:18:16,657 - INFO - Batch 810/2278: Loss=1.1885, Cls=0.0001, Reg=0.0000, Con=3.9612
2025-09-14 03:18:17,556 - INFO - Batch 820/2278: Loss=1.1883, Cls=0.0000, Reg=0.0000, Con=3.9609
2025-09-14 03:18:18,465 - INFO - Batch 830/2278: Loss=1.1889, Cls=0.0006, Reg=0.0000, Con=3.9609
2025-09-14 03:18:19,348 - INFO - Batch 840/2278: Loss=1.1931, Cls=0.0048, Reg=0.0000, Con=3.9608
2025-09-14 03:18:20,241 - INFO - Batch 850/2278: Loss=0.0279, Cls=0.0279, Reg=0.0000, Con=0.0000
2025-09-14 03:18:21,105 - INFO - Batch 860/2278: Loss=1.1885, Cls=0.0003, Reg=0.0000, Con=3.9607
2025-09-14 03:18:22,017 - INFO - Batch 870/2278: Loss=0.0003, Cls=0.0003, Reg=0.0000, Con=0.0000
2025-09-14 03:18:22,934 - INFO - Batch 880/2278: Loss=0.0021, Cls=0.0021, Reg=0.0000, Con=0.0000
2025-09-14 03:18:23,788 - INFO - Batch 890/2278: Loss=0.0036, Cls=0.0036, Reg=0.0000, Con=0.0000
2025-09-14 03:18:24,685 - INFO - Batch 900/2278: Loss=1.1934, Cls=0.0051, Reg=0.0000, Con=3.9609
2025-09-14 03:18:25,606 - INFO - Batch 910/2278: Loss=2.3142, Cls=1.1259, Reg=0.0000, Con=3.9609
2025-09-14 03:18:26,481 - INFO - Batch 920/2278: Loss=3.0526, Cls=1.8643, Reg=0.0000, Con=3.9610
2025-09-14 03:18:27,371 - INFO - Batch 930/2278: Loss=1.4320, Cls=0.2437, Reg=0.0000, Con=3.9608
2025-09-14 03:18:28,257 - INFO - Batch 940/2278: Loss=1.1886, Cls=0.0004, Reg=0.0000, Con=3.9609
2025-09-14 03:18:29,205 - INFO - Batch 950/2278: Loss=1.1883, Cls=0.0000, Reg=0.0000, Con=3.9611
2025-09-14 03:18:30,122 - INFO - Batch 960/2278: Loss=1.1944, Cls=0.0061, Reg=0.0000, Con=3.9609
2025-09-14 03:18:31,031 - INFO - Batch 970/2278: Loss=1.6442, Cls=0.4558, Reg=0.0000, Con=3.9612
2025-09-14 03:18:31,914 - INFO - Batch 980/2278: Loss=0.0007, Cls=0.0007, Reg=0.0000, Con=0.0000
2025-09-14 03:18:32,798 - INFO - Batch 990/2278: Loss=0.0000, Cls=0.0000, Reg=0.0000, Con=0.0000
2025-09-14 03:18:33,675 - INFO - Batch 1000/2278: Loss=1.1946, Cls=0.0064, Reg=0.0000, Con=3.9609
2025-09-14 03:18:34,584 - INFO - Batch 1010/2278: Loss=2.1723, Cls=0.9840, Reg=0.0000, Con=3.9608
2025-09-14 03:18:35,483 - INFO - Batch 1020/2278: Loss=0.0003, Cls=0.0003, Reg=0.0000, Con=0.0000
2025-09-14 03:18:36,377 - INFO - Batch 1030/2278: Loss=1.1884, Cls=0.0001, Reg=0.0000, Con=3.9610
2025-09-14 03:18:37,272 - INFO - Batch 1040/2278: Loss=1.1888, Cls=0.0006, Reg=0.0000, Con=3.9607
2025-09-14 03:18:38,154 - INFO - Batch 1050/2278: Loss=1.1883, Cls=0.0000, Reg=0.0000, Con=3.9609
2025-09-14 03:18:39,040 - INFO - Batch 1060/2278: Loss=1.1898, Cls=0.0015, Reg=0.0000, Con=3.9608
2025-09-14 03:18:39,943 - INFO - Batch 1070/2278: Loss=1.1884, Cls=0.0001, Reg=0.0000, Con=3.9608
2025-09-14 03:18:40,851 - INFO - Batch 1080/2278: Loss=0.0062, Cls=0.0062, Reg=0.0000, Con=0.0000
2025-09-14 03:18:41,771 - INFO - Batch 1090/2278: Loss=1.1883, Cls=0.0000, Reg=0.0000, Con=3.9609
2025-09-14 03:18:42,673 - INFO - Batch 1100/2278: Loss=1.4114, Cls=1.4114, Reg=0.0000, Con=0.0000
2025-09-14 03:18:43,591 - INFO - Batch 1110/2278: Loss=1.1884, Cls=0.0001, Reg=0.0000, Con=3.9608
2025-09-14 03:18:44,478 - INFO - Batch 1120/2278: Loss=0.0000, Cls=0.0000, Reg=0.0000, Con=0.0000
2025-09-14 03:18:45,395 - INFO - Batch 1130/2278: Loss=1.1907, Cls=0.0024, Reg=0.0000, Con=3.9608
2025-09-14 03:18:46,279 - INFO - Batch 1140/2278: Loss=1.2259, Cls=0.0377, Reg=0.0000, Con=3.9608
2025-09-14 03:18:47,163 - INFO - Batch 1150/2278: Loss=1.1899, Cls=0.0016, Reg=0.0000, Con=3.9611
2025-09-14 03:18:48,053 - INFO - Batch 1160/2278: Loss=1.1898, Cls=0.0015, Reg=0.0000, Con=3.9609
2025-09-14 03:18:48,947 - INFO - Batch 1170/2278: Loss=1.4198, Cls=1.4198, Reg=0.0000, Con=0.0000
2025-09-14 03:18:49,835 - INFO - Batch 1180/2278: Loss=1.1884, Cls=0.0001, Reg=0.0000, Con=3.9609
2025-09-14 03:18:50,734 - INFO - Batch 1190/2278: Loss=1.1914, Cls=0.0031, Reg=0.0000, Con=3.9609
2025-09-14 03:18:51,640 - INFO - Batch 1200/2278: Loss=0.0071, Cls=0.0071, Reg=0.0000, Con=0.0000
2025-09-14 03:18:52,545 - INFO - Batch 1210/2278: Loss=1.1883, Cls=0.0000, Reg=0.0000, Con=3.9610
2025-09-14 03:18:53,441 - INFO - Batch 1220/2278: Loss=0.0012, Cls=0.0012, Reg=0.0000, Con=0.0000
2025-09-14 03:18:54,346 - INFO - Batch 1230/2278: Loss=1.1931, Cls=0.0049, Reg=0.0000, Con=3.9609
2025-09-14 03:18:55,271 - INFO - Batch 1240/2278: Loss=1.1883, Cls=0.0000, Reg=0.0000, Con=3.9609
2025-09-14 03:18:56,170 - INFO - Batch 1250/2278: Loss=0.0000, Cls=0.0000, Reg=0.0000, Con=0.0000
2025-09-14 03:18:57,072 - INFO - Batch 1260/2278: Loss=1.1885, Cls=0.0003, Reg=0.0000, Con=3.9608
2025-09-14 03:18:57,970 - INFO - Batch 1270/2278: Loss=1.1883, Cls=0.0001, Reg=0.0000, Con=3.9609
2025-09-14 03:18:58,846 - INFO - Batch 1280/2278: Loss=0.0009, Cls=0.0009, Reg=0.0000, Con=0.0000
2025-09-14 03:18:59,742 - INFO - Batch 1290/2278: Loss=0.0000, Cls=0.0000, Reg=0.0000, Con=0.0000
2025-09-14 03:19:00,650 - INFO - Batch 1300/2278: Loss=1.1887, Cls=0.0004, Reg=0.0000, Con=3.9610
2025-09-14 03:19:01,557 - INFO - Batch 1310/2278: Loss=1.1910, Cls=0.0027, Reg=0.0000, Con=3.9611
2025-09-14 03:19:02,459 - INFO - Batch 1320/2278: Loss=0.0000, Cls=0.0000, Reg=0.0000, Con=0.0000
2025-09-14 03:19:03,342 - INFO - Batch 1330/2278: Loss=1.1884, Cls=0.0000, Reg=0.0000, Con=3.9613
2025-09-14 03:19:04,234 - INFO - Batch 1340/2278: Loss=1.1882, Cls=0.0000, Reg=0.0000, Con=3.9608
2025-09-14 03:19:05,128 - INFO - Batch 1350/2278: Loss=0.0001, Cls=0.0001, Reg=0.0000, Con=0.0000
2025-09-14 03:19:06,022 - INFO - Batch 1360/2278: Loss=1.1887, Cls=0.0004, Reg=0.0000, Con=3.9610
2025-09-14 03:19:06,939 - INFO - Batch 1370/2278: Loss=1.1882, Cls=0.0000, Reg=0.0000, Con=3.9608
2025-09-14 03:19:07,964 - INFO - Batch 1380/2278: Loss=3.6799, Cls=2.4916, Reg=0.0000, Con=3.9608
2025-09-14 03:19:08,867 - INFO - Batch 1390/2278: Loss=1.1890, Cls=0.0007, Reg=0.0000, Con=3.9608
2025-09-14 03:19:09,770 - INFO - Batch 1400/2278: Loss=1.1885, Cls=0.0003, Reg=0.0000, Con=3.9609
2025-09-14 03:19:10,812 - INFO - Batch 1410/2278: Loss=1.2059, Cls=0.0176, Reg=0.0000, Con=3.9612
2025-09-14 03:19:11,714 - INFO - Batch 1420/2278: Loss=0.0000, Cls=0.0000, Reg=0.0000, Con=0.0000
2025-09-14 03:19:12,587 - INFO - Batch 1430/2278: Loss=3.5362, Cls=2.3480, Reg=0.0000, Con=3.9609
2025-09-14 03:19:13,470 - INFO - Batch 1440/2278: Loss=1.1883, Cls=0.0000, Reg=0.0000, Con=3.9609
2025-09-14 03:19:14,334 - INFO - Batch 1450/2278: Loss=1.1882, Cls=0.0000, Reg=0.0000, Con=3.9608
2025-09-14 03:19:15,213 - INFO - Batch 1460/2278: Loss=0.0001, Cls=0.0001, Reg=0.0000, Con=0.0000
2025-09-14 03:19:16,096 - INFO - Batch 1470/2278: Loss=1.1883, Cls=0.0000, Reg=0.0000, Con=3.9609
2025-09-14 03:19:16,976 - INFO - Batch 1480/2278: Loss=1.9484, Cls=0.7602, Reg=0.0000, Con=3.9607
2025-09-14 03:19:17,879 - INFO - Batch 1490/2278: Loss=1.1883, Cls=0.0001, Reg=0.0000, Con=3.9609
2025-09-14 03:19:18,774 - INFO - Batch 1500/2278: Loss=1.1883, Cls=0.0000, Reg=0.0000, Con=3.9609
2025-09-14 03:19:19,670 - INFO - Batch 1510/2278: Loss=0.0000, Cls=0.0000, Reg=0.0000, Con=0.0000
2025-09-14 03:19:20,561 - INFO - Batch 1520/2278: Loss=1.1895, Cls=0.0013, Reg=0.0000, Con=3.9608
2025-09-14 03:19:21,428 - INFO - Batch 1530/2278: Loss=1.1883, Cls=0.0001, Reg=0.0000, Con=3.9608
2025-09-14 03:19:22,312 - INFO - Batch 1540/2278: Loss=1.2047, Cls=0.0164, Reg=0.0000, Con=3.9609
2025-09-14 03:19:23,218 - INFO - Batch 1550/2278: Loss=3.1606, Cls=1.9723, Reg=0.0000, Con=3.9610
2025-09-14 03:19:24,121 - INFO - Batch 1560/2278: Loss=1.2703, Cls=0.0821, Reg=0.0000, Con=3.9609
2025-09-14 03:19:25,048 - INFO - Batch 1570/2278: Loss=1.1903, Cls=0.0020, Reg=0.0000, Con=3.9608
2025-09-14 03:19:25,983 - INFO - Batch 1580/2278: Loss=1.1890, Cls=0.0008, Reg=0.0000, Con=3.9608
2025-09-14 03:19:26,873 - INFO - Batch 1590/2278: Loss=1.1883, Cls=0.0000, Reg=0.0000, Con=3.9609
2025-09-14 03:19:27,735 - INFO - Batch 1600/2278: Loss=1.1885, Cls=0.0003, Reg=0.0000, Con=3.9608
2025-09-14 03:19:28,606 - INFO - Batch 1610/2278: Loss=0.0044, Cls=0.0044, Reg=0.0000, Con=0.0000
2025-09-14 03:19:29,485 - INFO - Batch 1620/2278: Loss=0.0001, Cls=0.0001, Reg=0.0000, Con=0.0000
2025-09-14 03:19:30,384 - INFO - Batch 1630/2278: Loss=1.1882, Cls=0.0000, Reg=0.0000, Con=3.9608
2025-09-14 03:19:31,265 - INFO - Batch 1640/2278: Loss=0.0029, Cls=0.0029, Reg=0.0000, Con=0.0000
2025-09-14 03:19:32,146 - INFO - Batch 1650/2278: Loss=0.0023, Cls=0.0023, Reg=0.0000, Con=0.0000
2025-09-14 03:19:33,052 - INFO - Batch 1660/2278: Loss=0.0217, Cls=0.0217, Reg=0.0000, Con=0.0000
2025-09-14 03:19:33,911 - INFO - Batch 1670/2278: Loss=1.1884, Cls=0.0000, Reg=0.0000, Con=3.9612
2025-09-14 03:19:34,791 - INFO - Batch 1680/2278: Loss=1.6441, Cls=1.6441, Reg=0.0000, Con=0.0000
2025-09-14 03:19:35,678 - INFO - Batch 1690/2278: Loss=1.1938, Cls=0.0055, Reg=0.0000, Con=3.9612
2025-09-14 03:19:36,569 - INFO - Batch 1700/2278: Loss=1.1902, Cls=0.0019, Reg=0.0000, Con=3.9612
2025-09-14 03:19:37,482 - INFO - Batch 1710/2278: Loss=0.0001, Cls=0.0001, Reg=0.0000, Con=0.0000
2025-09-14 03:19:38,361 - INFO - Batch 1720/2278: Loss=1.1902, Cls=0.0019, Reg=0.0000, Con=3.9608
2025-09-14 03:19:39,245 - INFO - Batch 1730/2278: Loss=0.0003, Cls=0.0003, Reg=0.0000, Con=0.0000
2025-09-14 03:19:40,144 - INFO - Batch 1740/2278: Loss=0.0000, Cls=0.0000, Reg=0.0000, Con=0.0000
2025-09-14 03:19:41,032 - INFO - Batch 1750/2278: Loss=1.1883, Cls=0.0000, Reg=0.0000, Con=3.9609
2025-09-14 03:19:41,914 - INFO - Batch 1760/2278: Loss=1.1885, Cls=0.0002, Reg=0.0000, Con=3.9609
2025-09-14 03:19:42,809 - INFO - Batch 1770/2278: Loss=1.1882, Cls=0.0000, Reg=0.0000, Con=3.9608
2025-09-14 03:19:43,715 - INFO - Batch 1780/2278: Loss=1.1888, Cls=0.0005, Reg=0.0000, Con=3.9608
2025-09-14 03:19:44,686 - INFO - Batch 1790/2278: Loss=0.0000, Cls=0.0000, Reg=0.0000, Con=0.0000
2025-09-14 03:19:45,706 - INFO - Batch 1800/2278: Loss=0.0010, Cls=0.0010, Reg=0.0000, Con=0.0000
2025-09-14 03:19:46,632 - INFO - Batch 1810/2278: Loss=0.0024, Cls=0.0024, Reg=0.0000, Con=0.0000
2025-09-14 03:19:47,581 - INFO - Batch 1820/2278: Loss=2.9824, Cls=1.7941, Reg=0.0000, Con=3.9611
2025-09-14 03:19:48,548 - INFO - Batch 1830/2278: Loss=0.0333, Cls=0.0333, Reg=0.0000, Con=0.0000
2025-09-14 03:19:49,495 - INFO - Batch 1840/2278: Loss=0.0199, Cls=0.0199, Reg=0.0000, Con=0.0000
2025-09-14 03:19:50,471 - INFO - Batch 1850/2278: Loss=1.6883, Cls=0.5001, Reg=0.0000, Con=3.9608
2025-09-14 03:19:51,438 - INFO - Batch 1860/2278: Loss=0.0077, Cls=0.0077, Reg=0.0000, Con=0.0000
2025-09-14 03:19:52,376 - INFO - Batch 1870/2278: Loss=1.1883, Cls=0.0000, Reg=0.0000, Con=3.9608
2025-09-14 03:19:53,328 - INFO - Batch 1880/2278: Loss=0.0000, Cls=0.0000, Reg=0.0000, Con=0.0000
2025-09-14 03:19:54,313 - INFO - Batch 1890/2278: Loss=1.1903, Cls=0.0021, Reg=0.0000, Con=3.9609
2025-09-14 03:19:55,259 - INFO - Batch 1900/2278: Loss=1.4873, Cls=1.4873, Reg=0.0000, Con=0.0000
2025-09-14 03:19:56,178 - INFO - Batch 1910/2278: Loss=0.0011, Cls=0.0011, Reg=0.0000, Con=0.0000
2025-09-14 03:19:57,147 - INFO - Batch 1920/2278: Loss=1.1972, Cls=0.0090, Reg=0.0000, Con=3.9607
2025-09-14 03:19:58,124 - INFO - Batch 1930/2278: Loss=1.1889, Cls=0.0006, Reg=0.0000, Con=3.9607
2025-09-14 03:19:59,055 - INFO - Batch 1940/2278: Loss=1.2657, Cls=0.0775, Reg=0.0000, Con=3.9608
2025-09-14 03:20:00,030 - INFO - Batch 1950/2278: Loss=1.1918, Cls=0.0036, Reg=0.0000, Con=3.9608
2025-09-14 03:20:00,986 - INFO - Batch 1960/2278: Loss=1.1886, Cls=0.0003, Reg=0.0000, Con=3.9609
2025-09-14 03:20:01,937 - INFO - Batch 1970/2278: Loss=1.1883, Cls=0.0000, Reg=0.0000, Con=3.9611
2025-09-14 03:20:02,890 - INFO - Batch 1980/2278: Loss=1.1887, Cls=0.0004, Reg=0.0000, Con=3.9608
2025-09-14 03:20:03,889 - INFO - Batch 1990/2278: Loss=1.1886, Cls=0.0001, Reg=0.0000, Con=3.9615
2025-09-14 03:20:04,821 - INFO - Batch 2000/2278: Loss=1.6371, Cls=1.6371, Reg=0.0000, Con=0.0000
2025-09-14 03:20:05,810 - INFO - Batch 2010/2278: Loss=1.4050, Cls=0.2167, Reg=0.0000, Con=3.9608
2025-09-14 03:20:06,765 - INFO - Batch 2020/2278: Loss=1.1923, Cls=0.0041, Reg=0.0000, Con=3.9608
2025-09-14 03:20:07,740 - INFO - Batch 2030/2278: Loss=1.1882, Cls=0.0000, Reg=0.0000, Con=3.9607
2025-09-14 03:20:08,692 - INFO - Batch 2040/2278: Loss=1.1894, Cls=0.0011, Reg=0.0000, Con=3.9609
2025-09-14 03:20:09,651 - INFO - Batch 2050/2278: Loss=1.1899, Cls=0.0016, Reg=0.0000, Con=3.9608
2025-09-14 03:20:10,534 - INFO - Batch 2060/2278: Loss=0.0658, Cls=0.0658, Reg=0.0000, Con=0.0000
2025-09-14 03:20:11,446 - INFO - Batch 2070/2278: Loss=8.7719, Cls=7.5836, Reg=0.0000, Con=3.9611
2025-09-14 03:20:12,399 - INFO - Batch 2080/2278: Loss=1.1893, Cls=0.0010, Reg=0.0000, Con=3.9610
2025-09-14 03:20:13,322 - INFO - Batch 2090/2278: Loss=1.1888, Cls=0.0004, Reg=0.0000, Con=3.9612
2025-09-14 03:20:14,266 - INFO - Batch 2100/2278: Loss=4.0149, Cls=2.8266, Reg=0.0000, Con=3.9611
2025-09-14 03:20:15,292 - INFO - Batch 2110/2278: Loss=1.1884, Cls=0.0002, Reg=0.0000, Con=3.9609
2025-09-14 03:20:16,282 - INFO - Batch 2120/2278: Loss=1.6890, Cls=1.6890, Reg=0.0000, Con=0.0000
2025-09-14 03:20:17,262 - INFO - Batch 2130/2278: Loss=1.1885, Cls=0.0004, Reg=0.0000, Con=3.9606
2025-09-14 03:20:18,159 - INFO - Batch 2140/2278: Loss=1.1890, Cls=0.0008, Reg=0.0000, Con=3.9608
2025-09-14 03:20:19,056 - INFO - Batch 2150/2278: Loss=1.1963, Cls=0.0081, Reg=0.0000, Con=3.9607
2025-09-14 03:20:19,978 - INFO - Batch 2160/2278: Loss=1.9416, Cls=0.7533, Reg=0.0000, Con=3.9608
2025-09-14 03:20:20,917 - INFO - Batch 2170/2278: Loss=1.1889, Cls=0.0006, Reg=0.0000, Con=3.9609
2025-09-14 03:20:21,861 - INFO - Batch 2180/2278: Loss=0.0187, Cls=0.0187, Reg=0.0000, Con=0.0000
2025-09-14 03:20:22,789 - INFO - Batch 2190/2278: Loss=0.0000, Cls=0.0000, Reg=0.0000, Con=0.0000
2025-09-14 03:20:23,757 - INFO - Batch 2200/2278: Loss=1.1894, Cls=0.0013, Reg=0.0000, Con=3.9605
2025-09-14 03:20:24,764 - INFO - Batch 2210/2278: Loss=1.1884, Cls=0.0001, Reg=0.0000, Con=3.9609
2025-09-14 03:20:25,728 - INFO - Batch 2220/2278: Loss=1.1883, Cls=0.0000, Reg=0.0000, Con=3.9610
2025-09-14 03:20:26,709 - INFO - Batch 2230/2278: Loss=0.0061, Cls=0.0061, Reg=0.0000, Con=0.0000
2025-09-14 03:20:27,671 - INFO - Batch 2240/2278: Loss=0.0005, Cls=0.0005, Reg=0.0000, Con=0.0000
2025-09-14 03:20:28,607 - INFO - Batch 2250/2278: Loss=1.1883, Cls=0.0000, Reg=0.0000, Con=3.9609
2025-09-14 03:20:29,584 - INFO - Batch 2260/2278: Loss=1.2177, Cls=0.0294, Reg=0.0000, Con=3.9608
2025-09-14 03:20:30,549 - INFO - Batch 2270/2278: Loss=0.6963, Cls=0.6963, Reg=0.0000, Con=0.0000
2025-09-14 03:23:59,563 - INFO - === Epoch 1 Results ===
2025-09-14 03:23:59,564 - INFO - Training Loss: 0.9178 (Classification: 0.1526, Regression: 0.0000)
2025-09-14 03:23:59,564 - INFO - Validation Loss: 0.0409 (Classification: 0.0409, Regression: 0.0000)
2025-09-14 03:23:59,564 - INFO - Average Classification Accuracy: 0.9551 (on 1/26 tasks)
2025-09-14 03:23:59,564 - INFO - Average AUC: 0.8398
2025-09-14 03:24:00,100 - INFO - Best model saved to: experiments/r1c3_headft_cls_17_seed_42_20250914_031701/checkpoints/r1c3_headft_cls_17_seed_42_best.pth
2025-09-14 03:24:00,100 - INFO - 
Epoch 2/3
2025-09-14 03:24:00,202 - INFO - Batch 0/2278: Loss=0.0052, Cls=0.0052, Reg=0.0000, Con=0.0000
2025-09-14 03:24:01,127 - INFO - Batch 10/2278: Loss=1.1881, Cls=0.0000, Reg=0.0000, Con=3.9604
2025-09-14 03:24:02,033 - INFO - Batch 20/2278: Loss=1.1900, Cls=0.0017, Reg=0.0000, Con=3.9610
2025-09-14 03:24:02,943 - INFO - Batch 30/2278: Loss=1.1893, Cls=0.0010, Reg=0.0000, Con=3.9608
2025-09-14 03:24:03,837 - INFO - Batch 40/2278: Loss=1.1887, Cls=0.0005, Reg=0.0000, Con=3.9608
2025-09-14 03:24:04,804 - INFO - Batch 50/2278: Loss=0.0038, Cls=0.0038, Reg=0.0000, Con=0.0000
2025-09-14 03:24:05,719 - INFO - Batch 60/2278: Loss=0.0001, Cls=0.0001, Reg=0.0000, Con=0.0000
2025-09-14 03:24:06,638 - INFO - Batch 70/2278: Loss=1.1890, Cls=0.0008, Reg=0.0000, Con=3.9607
2025-09-14 03:24:07,525 - INFO - Batch 80/2278: Loss=2.0724, Cls=0.8842, Reg=0.0000, Con=3.9609
2025-09-14 03:24:08,425 - INFO - Batch 90/2278: Loss=0.0011, Cls=0.0011, Reg=0.0000, Con=0.0000
2025-09-14 03:24:09,361 - INFO - Batch 100/2278: Loss=1.1885, Cls=0.0003, Reg=0.0000, Con=3.9609
2025-09-14 03:24:10,281 - INFO - Batch 110/2278: Loss=1.2003, Cls=0.0120, Reg=0.0000, Con=3.9609
2025-09-14 03:24:11,202 - INFO - Batch 120/2278: Loss=0.0013, Cls=0.0013, Reg=0.0000, Con=0.0000
2025-09-14 03:24:12,114 - INFO - Batch 130/2278: Loss=1.1883, Cls=0.0001, Reg=0.0000, Con=3.9607
2025-09-14 03:24:13,004 - INFO - Batch 140/2278: Loss=1.2618, Cls=0.0735, Reg=0.0000, Con=3.9609
2025-09-14 03:24:13,908 - INFO - Batch 150/2278: Loss=2.1703, Cls=0.9820, Reg=0.0000, Con=3.9611
2025-09-14 03:24:14,820 - INFO - Batch 160/2278: Loss=1.1899, Cls=0.0016, Reg=0.0000, Con=3.9609
2025-09-14 03:24:15,708 - INFO - Batch 170/2278: Loss=0.0015, Cls=0.0015, Reg=0.0000, Con=0.0000
2025-09-14 03:24:16,609 - INFO - Batch 180/2278: Loss=1.3402, Cls=0.1520, Reg=0.0000, Con=3.9609
2025-09-14 03:24:17,514 - INFO - Batch 190/2278: Loss=0.0132, Cls=0.0132, Reg=0.0000, Con=0.0000
2025-09-14 03:24:18,425 - INFO - Batch 200/2278: Loss=1.1921, Cls=0.0038, Reg=0.0000, Con=3.9608
2025-09-14 03:24:19,323 - INFO - Batch 210/2278: Loss=1.1961, Cls=0.0078, Reg=0.0000, Con=3.9609
2025-09-14 03:24:20,233 - INFO - Batch 220/2278: Loss=0.0006, Cls=0.0006, Reg=0.0000, Con=0.0000
2025-09-14 03:24:21,142 - INFO - Batch 230/2278: Loss=0.0099, Cls=0.0099, Reg=0.0000, Con=0.0000
2025-09-14 03:24:22,068 - INFO - Batch 240/2278: Loss=0.0069, Cls=0.0069, Reg=0.0000, Con=0.0000
2025-09-14 03:24:22,987 - INFO - Batch 250/2278: Loss=0.0013, Cls=0.0013, Reg=0.0000, Con=0.0000
2025-09-14 03:24:23,888 - INFO - Batch 260/2278: Loss=0.0048, Cls=0.0048, Reg=0.0000, Con=0.0000
2025-09-14 03:24:24,785 - INFO - Batch 270/2278: Loss=1.1883, Cls=0.0000, Reg=0.0000, Con=3.9608
2025-09-14 03:24:25,684 - INFO - Batch 280/2278: Loss=1.1904, Cls=0.0021, Reg=0.0000, Con=3.9609
2025-09-14 03:24:26,587 - INFO - Batch 290/2278: Loss=4.0228, Cls=2.8345, Reg=0.0000, Con=3.9609
2025-09-14 03:24:27,496 - INFO - Batch 300/2278: Loss=1.2294, Cls=0.0412, Reg=0.0000, Con=3.9609
2025-09-14 03:24:28,413 - INFO - Batch 310/2278: Loss=1.1926, Cls=0.0044, Reg=0.0000, Con=3.9608
2025-09-14 03:24:29,353 - INFO - Batch 320/2278: Loss=0.0000, Cls=0.0000, Reg=0.0000, Con=0.0000
2025-09-14 03:24:30,233 - INFO - Batch 330/2278: Loss=1.1883, Cls=0.0000, Reg=0.0000, Con=3.9609
2025-09-14 03:24:31,158 - INFO - Batch 340/2278: Loss=1.1886, Cls=0.0004, Reg=0.0000, Con=3.9609
2025-09-14 03:24:32,073 - INFO - Batch 350/2278: Loss=1.1889, Cls=0.0006, Reg=0.0000, Con=3.9609
2025-09-14 03:24:32,979 - INFO - Batch 360/2278: Loss=1.1883, Cls=0.0000, Reg=0.0000, Con=3.9609
2025-09-14 03:24:33,861 - INFO - Batch 370/2278: Loss=1.1883, Cls=0.0000, Reg=0.0000, Con=3.9609
2025-09-14 03:24:34,763 - INFO - Batch 380/2278: Loss=1.1905, Cls=0.0022, Reg=0.0000, Con=3.9608
2025-09-14 03:24:35,675 - INFO - Batch 390/2278: Loss=1.1887, Cls=0.0004, Reg=0.0000, Con=3.9609
2025-09-14 03:24:36,623 - INFO - Batch 400/2278: Loss=0.0000, Cls=0.0000, Reg=0.0000, Con=0.0000
2025-09-14 03:24:37,580 - INFO - Batch 410/2278: Loss=1.1985, Cls=0.0102, Reg=0.0000, Con=3.9608
2025-09-14 03:24:38,543 - INFO - Batch 420/2278: Loss=0.0021, Cls=0.0021, Reg=0.0000, Con=0.0000
2025-09-14 03:24:39,470 - INFO - Batch 430/2278: Loss=0.0982, Cls=0.0982, Reg=0.0000, Con=0.0000
2025-09-14 03:24:40,357 - INFO - Batch 440/2278: Loss=1.1885, Cls=0.0002, Reg=0.0000, Con=3.9608
2025-09-14 03:24:41,259 - INFO - Batch 450/2278: Loss=1.1885, Cls=0.0003, Reg=0.0000, Con=3.9607
2025-09-14 03:24:42,189 - INFO - Batch 460/2278: Loss=0.2437, Cls=0.2437, Reg=0.0000, Con=0.0000
2025-09-14 03:24:43,096 - INFO - Batch 470/2278: Loss=2.2786, Cls=1.0904, Reg=0.0000, Con=3.9608
2025-09-14 03:24:43,996 - INFO - Batch 480/2278: Loss=0.0000, Cls=0.0000, Reg=0.0000, Con=0.0000
2025-09-14 03:24:44,916 - INFO - Batch 490/2278: Loss=1.1932, Cls=0.0049, Reg=0.0000, Con=3.9610
2025-09-14 03:24:45,808 - INFO - Batch 500/2278: Loss=1.1960, Cls=0.0078, Reg=0.0000, Con=3.9607
2025-09-14 03:24:46,735 - INFO - Batch 510/2278: Loss=1.2082, Cls=0.0200, Reg=0.0000, Con=3.9607
2025-09-14 03:24:47,660 - INFO - Batch 520/2278: Loss=1.1932, Cls=0.0050, Reg=0.0000, Con=3.9607
2025-09-14 03:24:48,558 - INFO - Batch 530/2278: Loss=2.9533, Cls=1.7651, Reg=0.0000, Con=3.9608
2025-09-14 03:24:49,435 - INFO - Batch 540/2278: Loss=1.1923, Cls=0.0040, Reg=0.0000, Con=3.9610
2025-09-14 03:24:50,314 - INFO - Batch 550/2278: Loss=1.1899, Cls=0.0017, Reg=0.0000, Con=3.9607
2025-09-14 03:24:51,213 - INFO - Batch 560/2278: Loss=0.0061, Cls=0.0061, Reg=0.0000, Con=0.0000
2025-09-14 03:24:52,123 - INFO - Batch 570/2278: Loss=1.1882, Cls=0.0000, Reg=0.0000, Con=3.9608
2025-09-14 03:24:53,060 - INFO - Batch 580/2278: Loss=0.0004, Cls=0.0004, Reg=0.0000, Con=0.0000
2025-09-14 03:24:53,969 - INFO - Batch 590/2278: Loss=1.2011, Cls=0.0129, Reg=0.0000, Con=3.9608
2025-09-14 03:24:54,882 - INFO - Batch 600/2278: Loss=0.0000, Cls=0.0000, Reg=0.0000, Con=0.0000
2025-09-14 03:24:55,800 - INFO - Batch 610/2278: Loss=1.1883, Cls=0.0001, Reg=0.0000, Con=3.9608
2025-09-14 03:24:56,719 - INFO - Batch 620/2278: Loss=1.1897, Cls=0.0015, Reg=0.0000, Con=3.9608
2025-09-14 03:24:57,607 - INFO - Batch 630/2278: Loss=0.0004, Cls=0.0004, Reg=0.0000, Con=0.0000
2025-09-14 03:24:58,545 - INFO - Batch 640/2278: Loss=0.0026, Cls=0.0026, Reg=0.0000, Con=0.0000
2025-09-14 03:24:59,430 - INFO - Batch 650/2278: Loss=0.0000, Cls=0.0000, Reg=0.0000, Con=0.0000
2025-09-14 03:25:00,334 - INFO - Batch 660/2278: Loss=1.1891, Cls=0.0009, Reg=0.0000, Con=3.9607
2025-09-14 03:25:01,259 - INFO - Batch 670/2278: Loss=1.1900, Cls=0.0017, Reg=0.0000, Con=3.9609
2025-09-14 03:25:02,162 - INFO - Batch 680/2278: Loss=1.2105, Cls=0.0223, Reg=0.0000, Con=3.9608
2025-09-14 03:25:03,062 - INFO - Batch 690/2278: Loss=1.1884, Cls=0.0000, Reg=0.0000, Con=3.9613
2025-09-14 03:25:03,982 - INFO - Batch 700/2278: Loss=0.0274, Cls=0.0274, Reg=0.0000, Con=0.0000
2025-09-14 03:25:04,886 - INFO - Batch 710/2278: Loss=1.1980, Cls=0.0097, Reg=0.0000, Con=3.9610
2025-09-14 03:25:05,819 - INFO - Batch 720/2278: Loss=1.1885, Cls=0.0002, Reg=0.0000, Con=3.9609
2025-09-14 03:25:06,740 - INFO - Batch 730/2278: Loss=1.2297, Cls=0.0414, Reg=0.0000, Con=3.9612
2025-09-14 03:25:07,618 - INFO - Batch 740/2278: Loss=1.2242, Cls=0.0359, Reg=0.0000, Con=3.9610
2025-09-14 03:25:08,509 - INFO - Batch 750/2278: Loss=0.0002, Cls=0.0002, Reg=0.0000, Con=0.0000
2025-09-14 03:25:09,392 - INFO - Batch 760/2278: Loss=0.0038, Cls=0.0038, Reg=0.0000, Con=0.0000
2025-09-14 03:25:10,292 - INFO - Batch 770/2278: Loss=1.1884, Cls=0.0002, Reg=0.0000, Con=3.9608
2025-09-14 03:25:11,244 - INFO - Batch 780/2278: Loss=0.0003, Cls=0.0003, Reg=0.0000, Con=0.0000
2025-09-14 03:25:12,159 - INFO - Batch 790/2278: Loss=1.1900, Cls=0.0017, Reg=0.0000, Con=3.9609
2025-09-14 03:25:13,079 - INFO - Batch 800/2278: Loss=0.0249, Cls=0.0249, Reg=0.0000, Con=0.0000
2025-09-14 03:25:13,993 - INFO - Batch 810/2278: Loss=5.6149, Cls=5.6149, Reg=0.0000, Con=0.0000
2025-09-14 03:25:14,896 - INFO - Batch 820/2278: Loss=1.1889, Cls=0.0006, Reg=0.0000, Con=3.9608
2025-09-14 03:25:15,819 - INFO - Batch 830/2278: Loss=1.1907, Cls=0.0025, Reg=0.0000, Con=3.9607
2025-09-14 03:25:16,751 - INFO - Batch 840/2278: Loss=1.1910, Cls=0.0028, Reg=0.0000, Con=3.9608
2025-09-14 03:25:17,665 - INFO - Batch 850/2278: Loss=0.0008, Cls=0.0008, Reg=0.0000, Con=0.0000
2025-09-14 03:25:18,595 - INFO - Batch 860/2278: Loss=1.1883, Cls=0.0001, Reg=0.0000, Con=3.9608
2025-09-14 03:25:19,513 - INFO - Batch 870/2278: Loss=0.0003, Cls=0.0003, Reg=0.0000, Con=0.0000
2025-09-14 03:25:20,435 - INFO - Batch 880/2278: Loss=0.0001, Cls=0.0001, Reg=0.0000, Con=0.0000
2025-09-14 03:25:21,341 - INFO - Batch 890/2278: Loss=1.9391, Cls=0.7509, Reg=0.0000, Con=3.9609
2025-09-14 03:25:22,259 - INFO - Batch 900/2278: Loss=0.0574, Cls=0.0574, Reg=0.0000, Con=0.0000
2025-09-14 03:25:23,175 - INFO - Batch 910/2278: Loss=0.0009, Cls=0.0009, Reg=0.0000, Con=0.0000
2025-09-14 03:25:24,086 - INFO - Batch 920/2278: Loss=1.1884, Cls=0.0001, Reg=0.0000, Con=3.9611
2025-09-14 03:25:24,999 - INFO - Batch 930/2278: Loss=1.1884, Cls=0.0001, Reg=0.0000, Con=3.9609
2025-09-14 03:25:25,901 - INFO - Batch 940/2278: Loss=0.0005, Cls=0.0005, Reg=0.0000, Con=0.0000
2025-09-14 03:25:26,805 - INFO - Batch 950/2278: Loss=0.0001, Cls=0.0001, Reg=0.0000, Con=0.0000
2025-09-14 03:25:27,755 - INFO - Batch 960/2278: Loss=0.0000, Cls=0.0000, Reg=0.0000, Con=0.0000
2025-09-14 03:25:28,820 - INFO - Batch 970/2278: Loss=0.0011, Cls=0.0011, Reg=0.0000, Con=0.0000
2025-09-14 03:25:29,800 - INFO - Batch 980/2278: Loss=1.1934, Cls=0.0051, Reg=0.0000, Con=3.9609
2025-09-14 03:25:30,759 - INFO - Batch 990/2278: Loss=1.1882, Cls=0.0000, Reg=0.0000, Con=3.9606
2025-09-14 03:25:31,659 - INFO - Batch 1000/2278: Loss=1.1884, Cls=0.0001, Reg=0.0000, Con=3.9609
2025-09-14 03:25:32,552 - INFO - Batch 1010/2278: Loss=1.1883, Cls=0.0000, Reg=0.0000, Con=3.9609
2025-09-14 03:25:33,438 - INFO - Batch 1020/2278: Loss=1.1902, Cls=0.0017, Reg=0.0000, Con=3.9615
2025-09-14 03:25:34,330 - INFO - Batch 1030/2278: Loss=1.1892, Cls=0.0010, Reg=0.0000, Con=3.9608
2025-09-14 03:25:35,243 - INFO - Batch 1040/2278: Loss=1.1882, Cls=0.0000, Reg=0.0000, Con=3.9608
2025-09-14 03:25:36,160 - INFO - Batch 1050/2278: Loss=2.7751, Cls=1.5867, Reg=0.0000, Con=3.9611
2025-09-14 03:25:37,045 - INFO - Batch 1060/2278: Loss=1.1883, Cls=0.0000, Reg=0.0000, Con=3.9612
2025-09-14 03:25:37,944 - INFO - Batch 1070/2278: Loss=1.1883, Cls=0.0000, Reg=0.0000, Con=3.9609
2025-09-14 03:25:38,845 - INFO - Batch 1080/2278: Loss=1.2073, Cls=0.0191, Reg=0.0000, Con=3.9609
2025-09-14 03:25:39,806 - INFO - Batch 1090/2278: Loss=1.1974, Cls=0.0091, Reg=0.0000, Con=3.9608
2025-09-14 03:25:40,705 - INFO - Batch 1100/2278: Loss=1.1894, Cls=0.0011, Reg=0.0000, Con=3.9608
2025-09-14 03:25:41,652 - INFO - Batch 1110/2278: Loss=1.5425, Cls=0.3542, Reg=0.0000, Con=3.9608
2025-09-14 03:25:42,562 - INFO - Batch 1120/2278: Loss=1.7187, Cls=0.5305, Reg=0.0000, Con=3.9608
2025-09-14 03:25:43,464 - INFO - Batch 1130/2278: Loss=0.0002, Cls=0.0002, Reg=0.0000, Con=0.0000
2025-09-14 03:25:44,393 - INFO - Batch 1140/2278: Loss=0.0145, Cls=0.0145, Reg=0.0000, Con=0.0000
2025-09-14 03:25:45,331 - INFO - Batch 1150/2278: Loss=1.2147, Cls=0.0264, Reg=0.0000, Con=3.9609
2025-09-14 03:25:46,236 - INFO - Batch 1160/2278: Loss=1.1882, Cls=0.0000, Reg=0.0000, Con=3.9607
2025-09-14 03:25:47,159 - INFO - Batch 1170/2278: Loss=0.0066, Cls=0.0066, Reg=0.0000, Con=0.0000
2025-09-14 03:25:48,069 - INFO - Batch 1180/2278: Loss=1.1904, Cls=0.0021, Reg=0.0000, Con=3.9609
2025-09-14 03:25:48,980 - INFO - Batch 1190/2278: Loss=1.1944, Cls=0.0061, Reg=0.0000, Con=3.9610
2025-09-14 03:25:49,898 - INFO - Batch 1200/2278: Loss=1.1884, Cls=0.0001, Reg=0.0000, Con=3.9609
2025-09-14 03:25:50,830 - INFO - Batch 1210/2278: Loss=1.1905, Cls=0.0023, Reg=0.0000, Con=3.9608
2025-09-14 03:25:51,751 - INFO - Batch 1220/2278: Loss=0.0058, Cls=0.0058, Reg=0.0000, Con=0.0000
2025-09-14 03:25:52,693 - INFO - Batch 1230/2278: Loss=1.1889, Cls=0.0007, Reg=0.0000, Con=3.9609
2025-09-14 03:25:53,594 - INFO - Batch 1240/2278: Loss=1.1883, Cls=0.0000, Reg=0.0000, Con=3.9609
2025-09-14 03:25:54,545 - INFO - Batch 1250/2278: Loss=0.0004, Cls=0.0004, Reg=0.0000, Con=0.0000
2025-09-14 03:25:55,475 - INFO - Batch 1260/2278: Loss=1.1920, Cls=0.0038, Reg=0.0000, Con=3.9607
2025-09-14 03:25:56,368 - INFO - Batch 1270/2278: Loss=0.0029, Cls=0.0029, Reg=0.0000, Con=0.0000
2025-09-14 03:25:57,267 - INFO - Batch 1280/2278: Loss=1.1882, Cls=0.0000, Reg=0.0000, Con=3.9608
2025-09-14 03:25:58,191 - INFO - Batch 1290/2278: Loss=1.1930, Cls=0.0047, Reg=0.0000, Con=3.9610
2025-09-14 03:25:59,188 - INFO - Batch 1300/2278: Loss=1.2042, Cls=0.0160, Reg=0.0000, Con=3.9610
2025-09-14 03:26:00,126 - INFO - Batch 1310/2278: Loss=0.0003, Cls=0.0003, Reg=0.0000, Con=0.0000
2025-09-14 03:26:01,028 - INFO - Batch 1320/2278: Loss=1.1905, Cls=0.0023, Reg=0.0000, Con=3.9609
2025-09-14 03:26:01,933 - INFO - Batch 1330/2278: Loss=1.1886, Cls=0.0004, Reg=0.0000, Con=3.9609
2025-09-14 03:26:02,847 - INFO - Batch 1340/2278: Loss=0.0049, Cls=0.0049, Reg=0.0000, Con=0.0000
2025-09-14 03:26:03,767 - INFO - Batch 1350/2278: Loss=0.0000, Cls=0.0000, Reg=0.0000, Con=0.0000
2025-09-14 03:26:04,693 - INFO - Batch 1360/2278: Loss=1.1884, Cls=0.0002, Reg=0.0000, Con=3.9608
2025-09-14 03:26:05,621 - INFO - Batch 1370/2278: Loss=2.1313, Cls=0.9431, Reg=0.0000, Con=3.9608
2025-09-14 03:26:06,544 - INFO - Batch 1380/2278: Loss=1.1883, Cls=0.0000, Reg=0.0000, Con=3.9609
2025-09-14 03:26:07,457 - INFO - Batch 1390/2278: Loss=6.0243, Cls=4.8360, Reg=0.0000, Con=3.9608
2025-09-14 03:26:08,368 - INFO - Batch 1400/2278: Loss=0.0000, Cls=0.0000, Reg=0.0000, Con=0.0000
2025-09-14 03:26:09,286 - INFO - Batch 1410/2278: Loss=1.1895, Cls=0.0012, Reg=0.0000, Con=3.9608
2025-09-14 03:26:10,211 - INFO - Batch 1420/2278: Loss=0.0032, Cls=0.0032, Reg=0.0000, Con=0.0000
2025-09-14 03:26:11,120 - INFO - Batch 1430/2278: Loss=0.0006, Cls=0.0006, Reg=0.0000, Con=0.0000
2025-09-14 03:26:12,011 - INFO - Batch 1440/2278: Loss=1.1885, Cls=0.0001, Reg=0.0000, Con=3.9613
2025-09-14 03:26:12,924 - INFO - Batch 1450/2278: Loss=0.0000, Cls=0.0000, Reg=0.0000, Con=0.0000
2025-09-14 03:26:13,870 - INFO - Batch 1460/2278: Loss=1.1887, Cls=0.0004, Reg=0.0000, Con=3.9609
2025-09-14 03:26:14,782 - INFO - Batch 1470/2278: Loss=1.6620, Cls=0.4738, Reg=0.0000, Con=3.9608
2025-09-14 03:26:15,753 - INFO - Batch 1480/2278: Loss=0.0002, Cls=0.0002, Reg=0.0000, Con=0.0000
2025-09-14 03:26:16,762 - INFO - Batch 1490/2278: Loss=0.6802, Cls=0.6802, Reg=0.0000, Con=0.0000
2025-09-14 03:26:17,782 - INFO - Batch 1500/2278: Loss=0.0010, Cls=0.0010, Reg=0.0000, Con=0.0000
2025-09-14 03:26:18,690 - INFO - Batch 1510/2278: Loss=1.2058, Cls=0.0175, Reg=0.0000, Con=3.9608
2025-09-14 03:26:19,550 - INFO - Batch 1520/2278: Loss=1.2181, Cls=0.0298, Reg=0.0000, Con=3.9608
2025-09-14 03:26:20,481 - INFO - Batch 1530/2278: Loss=1.2449, Cls=0.0566, Reg=0.0000, Con=3.9609
2025-09-14 03:26:21,391 - INFO - Batch 1540/2278: Loss=0.0002, Cls=0.0002, Reg=0.0000, Con=0.0000
2025-09-14 03:26:22,289 - INFO - Batch 1550/2278: Loss=1.1883, Cls=0.0000, Reg=0.0000, Con=3.9609
2025-09-14 03:26:23,197 - INFO - Batch 1560/2278: Loss=1.3992, Cls=0.2109, Reg=0.0000, Con=3.9608
2025-09-14 03:26:24,085 - INFO - Batch 1570/2278: Loss=1.1938, Cls=0.0055, Reg=0.0000, Con=3.9609
2025-09-14 03:26:25,001 - INFO - Batch 1580/2278: Loss=0.0000, Cls=0.0000, Reg=0.0000, Con=0.0000
2025-09-14 03:26:25,919 - INFO - Batch 1590/2278: Loss=0.0012, Cls=0.0012, Reg=0.0000, Con=0.0000
2025-09-14 03:26:26,834 - INFO - Batch 1600/2278: Loss=1.2199, Cls=0.0317, Reg=0.0000, Con=3.9609
2025-09-14 03:26:27,739 - INFO - Batch 1610/2278: Loss=0.0003, Cls=0.0003, Reg=0.0000, Con=0.0000
2025-09-14 03:26:28,672 - INFO - Batch 1620/2278: Loss=1.1897, Cls=0.0014, Reg=0.0000, Con=3.9609
2025-09-14 03:26:29,562 - INFO - Batch 1630/2278: Loss=0.0000, Cls=0.0000, Reg=0.0000, Con=0.0000
2025-09-14 03:26:30,481 - INFO - Batch 1640/2278: Loss=1.1883, Cls=0.0000, Reg=0.0000, Con=3.9609
2025-09-14 03:26:31,382 - INFO - Batch 1650/2278: Loss=0.0020, Cls=0.0020, Reg=0.0000, Con=0.0000
2025-09-14 03:26:32,280 - INFO - Batch 1660/2278: Loss=1.1893, Cls=0.0011, Reg=0.0000, Con=3.9607
2025-09-14 03:26:33,209 - INFO - Batch 1670/2278: Loss=1.1941, Cls=0.0059, Reg=0.0000, Con=3.9608
2025-09-14 03:26:34,121 - INFO - Batch 1680/2278: Loss=1.1886, Cls=0.0002, Reg=0.0000, Con=3.9615
2025-09-14 03:26:35,069 - INFO - Batch 1690/2278: Loss=0.0003, Cls=0.0003, Reg=0.0000, Con=0.0000
2025-09-14 03:26:35,973 - INFO - Batch 1700/2278: Loss=1.1882, Cls=0.0000, Reg=0.0000, Con=3.9608
2025-09-14 03:26:36,864 - INFO - Batch 1710/2278: Loss=1.1883, Cls=0.0000, Reg=0.0000, Con=3.9612
2025-09-14 03:26:37,758 - INFO - Batch 1720/2278: Loss=1.1910, Cls=0.0027, Reg=0.0000, Con=3.9610
2025-09-14 03:26:38,675 - INFO - Batch 1730/2278: Loss=1.1887, Cls=0.0004, Reg=0.0000, Con=3.9609
2025-09-14 03:26:39,559 - INFO - Batch 1740/2278: Loss=1.1883, Cls=0.0000, Reg=0.0000, Con=3.9610
2025-09-14 03:26:40,498 - INFO - Batch 1750/2278: Loss=1.1884, Cls=0.0001, Reg=0.0000, Con=3.9609
2025-09-14 03:26:41,434 - INFO - Batch 1760/2278: Loss=1.2065, Cls=0.0182, Reg=0.0000, Con=3.9608
2025-09-14 03:26:42,357 - INFO - Batch 1770/2278: Loss=1.1891, Cls=0.0008, Reg=0.0000, Con=3.9610
2025-09-14 03:26:43,316 - INFO - Batch 1780/2278: Loss=1.1883, Cls=0.0000, Reg=0.0000, Con=3.9609
2025-09-14 03:26:44,297 - INFO - Batch 1790/2278: Loss=1.1885, Cls=0.0003, Reg=0.0000, Con=3.9608
2025-09-14 03:26:45,275 - INFO - Batch 1800/2278: Loss=1.2896, Cls=0.1013, Reg=0.0000, Con=3.9609
2025-09-14 03:26:46,198 - INFO - Batch 1810/2278: Loss=1.1884, Cls=0.0001, Reg=0.0000, Con=3.9610
2025-09-14 03:26:47,134 - INFO - Batch 1820/2278: Loss=1.1882, Cls=0.0000, Reg=0.0000, Con=3.9608
2025-09-14 03:26:48,054 - INFO - Batch 1830/2278: Loss=1.1885, Cls=0.0000, Reg=0.0000, Con=3.9615
2025-09-14 03:26:49,057 - INFO - Batch 1840/2278: Loss=1.1888, Cls=0.0006, Reg=0.0000, Con=3.9609
2025-09-14 03:26:50,030 - INFO - Batch 1850/2278: Loss=1.2149, Cls=0.0266, Reg=0.0000, Con=3.9608
2025-09-14 03:26:50,977 - INFO - Batch 1860/2278: Loss=0.0004, Cls=0.0004, Reg=0.0000, Con=0.0000
2025-09-14 03:26:51,943 - INFO - Batch 1870/2278: Loss=0.0000, Cls=0.0000, Reg=0.0000, Con=0.0000
2025-09-14 03:26:52,938 - INFO - Batch 1880/2278: Loss=2.9093, Cls=1.7210, Reg=0.0000, Con=3.9610
2025-09-14 03:26:53,942 - INFO - Batch 1890/2278: Loss=0.0010, Cls=0.0010, Reg=0.0000, Con=0.0000
2025-09-14 03:26:54,985 - INFO - Batch 1900/2278: Loss=1.1888, Cls=0.0006, Reg=0.0000, Con=3.9607
2025-09-14 03:26:56,024 - INFO - Batch 1910/2278: Loss=1.1885, Cls=0.0002, Reg=0.0000, Con=3.9607
2025-09-14 03:26:57,018 - INFO - Batch 1920/2278: Loss=1.2989, Cls=0.1106, Reg=0.0000, Con=3.9608
2025-09-14 03:26:57,998 - INFO - Batch 1930/2278: Loss=0.0000, Cls=0.0000, Reg=0.0000, Con=0.0000
2025-09-14 03:26:58,966 - INFO - Batch 1940/2278: Loss=1.1882, Cls=0.0000, Reg=0.0000, Con=3.9607
2025-09-14 03:26:59,898 - INFO - Batch 1950/2278: Loss=1.1883, Cls=0.0000, Reg=0.0000, Con=3.9609
2025-09-14 03:27:00,876 - INFO - Batch 1960/2278: Loss=1.1883, Cls=0.0000, Reg=0.0000, Con=3.9609
2025-09-14 03:27:01,879 - INFO - Batch 1970/2278: Loss=1.1888, Cls=0.0006, Reg=0.0000, Con=3.9606
2025-09-14 03:27:02,880 - INFO - Batch 1980/2278: Loss=1.1999, Cls=0.0116, Reg=0.0000, Con=3.9608
2025-09-14 03:27:03,808 - INFO - Batch 1990/2278: Loss=0.0089, Cls=0.0089, Reg=0.0000, Con=0.0000
2025-09-14 03:27:04,742 - INFO - Batch 2000/2278: Loss=1.4940, Cls=0.3058, Reg=0.0000, Con=3.9607
2025-09-14 03:27:05,705 - INFO - Batch 2010/2278: Loss=1.1896, Cls=0.0013, Reg=0.0000, Con=3.9608
2025-09-14 03:27:06,658 - INFO - Batch 2020/2278: Loss=0.0009, Cls=0.0009, Reg=0.0000, Con=0.0000
2025-09-14 03:27:07,672 - INFO - Batch 2030/2278: Loss=1.2098, Cls=0.0215, Reg=0.0000, Con=3.9610
2025-09-14 03:27:08,635 - INFO - Batch 2040/2278: Loss=1.1882, Cls=0.0000, Reg=0.0000, Con=3.9608
2025-09-14 03:27:09,586 - INFO - Batch 2050/2278: Loss=0.0000, Cls=0.0000, Reg=0.0000, Con=0.0000
2025-09-14 03:27:10,574 - INFO - Batch 2060/2278: Loss=1.1916, Cls=0.0032, Reg=0.0000, Con=3.9615
2025-09-14 03:27:11,546 - INFO - Batch 2070/2278: Loss=1.1889, Cls=0.0007, Reg=0.0000, Con=3.9608
2025-09-14 03:27:12,477 - INFO - Batch 2080/2278: Loss=0.0002, Cls=0.0002, Reg=0.0000, Con=0.0000
2025-09-14 03:27:13,443 - INFO - Batch 2090/2278: Loss=1.1886, Cls=0.0004, Reg=0.0000, Con=3.9608
2025-09-14 03:27:14,342 - INFO - Batch 2100/2278: Loss=0.0106, Cls=0.0106, Reg=0.0000, Con=0.0000
2025-09-14 03:27:15,281 - INFO - Batch 2110/2278: Loss=0.0008, Cls=0.0008, Reg=0.0000, Con=0.0000
2025-09-14 03:27:16,239 - INFO - Batch 2120/2278: Loss=1.1907, Cls=0.0025, Reg=0.0000, Con=3.9609
2025-09-14 03:27:17,189 - INFO - Batch 2130/2278: Loss=1.1883, Cls=0.0000, Reg=0.0000, Con=3.9608
2025-09-14 03:27:18,099 - INFO - Batch 2140/2278: Loss=0.0003, Cls=0.0003, Reg=0.0000, Con=0.0000
2025-09-14 03:27:19,019 - INFO - Batch 2150/2278: Loss=1.2255, Cls=0.0372, Reg=0.0000, Con=3.9610
2025-09-14 03:27:20,010 - INFO - Batch 2160/2278: Loss=1.1882, Cls=0.0000, Reg=0.0000, Con=3.9608
2025-09-14 03:27:20,974 - INFO - Batch 2170/2278: Loss=1.1960, Cls=0.0078, Reg=0.0000, Con=3.9608
2025-09-14 03:27:21,924 - INFO - Batch 2180/2278: Loss=1.1897, Cls=0.0014, Reg=0.0000, Con=3.9608
2025-09-14 03:27:22,922 - INFO - Batch 2190/2278: Loss=1.1899, Cls=0.0016, Reg=0.0000, Con=3.9610
2025-09-14 03:27:23,894 - INFO - Batch 2200/2278: Loss=1.1888, Cls=0.0006, Reg=0.0000, Con=3.9608
2025-09-14 03:27:24,878 - INFO - Batch 2210/2278: Loss=1.1942, Cls=0.0058, Reg=0.0000, Con=3.9613
2025-09-14 03:27:25,835 - INFO - Batch 2220/2278: Loss=0.0049, Cls=0.0049, Reg=0.0000, Con=0.0000
2025-09-14 03:27:26,850 - INFO - Batch 2230/2278: Loss=0.0001, Cls=0.0001, Reg=0.0000, Con=0.0000
2025-09-14 03:27:27,869 - INFO - Batch 2240/2278: Loss=1.1883, Cls=0.0001, Reg=0.0000, Con=3.9608
2025-09-14 03:27:28,843 - INFO - Batch 2250/2278: Loss=0.0037, Cls=0.0037, Reg=0.0000, Con=0.0000
2025-09-14 03:27:29,847 - INFO - Batch 2260/2278: Loss=1.1890, Cls=0.0008, Reg=0.0000, Con=3.9609
2025-09-14 03:27:30,815 - INFO - Batch 2270/2278: Loss=1.1884, Cls=0.0002, Reg=0.0000, Con=3.9606
2025-09-14 03:31:02,295 - INFO - === Epoch 2 Results ===
2025-09-14 03:31:02,295 - INFO - Training Loss: 0.9161 (Classification: 0.1362, Regression: 0.0000)
2025-09-14 03:31:02,295 - INFO - Validation Loss: 0.0469 (Classification: 0.0469, Regression: 0.0000)
2025-09-14 03:31:02,295 - INFO - Average Classification Accuracy: 0.9570 (on 1/26 tasks)
2025-09-14 03:31:02,295 - INFO - Average AUC: 0.8427
2025-09-14 03:31:02,295 - INFO - 
Epoch 3/3
2025-09-14 03:31:02,391 - INFO - Batch 0/2278: Loss=1.1928, Cls=0.0045, Reg=0.0000, Con=3.9608
2025-09-14 03:31:03,301 - INFO - Batch 10/2278: Loss=1.1890, Cls=0.0007, Reg=0.0000, Con=3.9611
2025-09-14 03:31:04,240 - INFO - Batch 20/2278: Loss=1.2050, Cls=0.0167, Reg=0.0000, Con=3.9608
2025-09-14 03:31:05,213 - INFO - Batch 30/2278: Loss=0.0000, Cls=0.0000, Reg=0.0000, Con=0.0000
2025-09-14 03:31:06,125 - INFO - Batch 40/2278: Loss=1.1892, Cls=0.0009, Reg=0.0000, Con=3.9608
2025-09-14 03:31:07,039 - INFO - Batch 50/2278: Loss=1.1883, Cls=0.0000, Reg=0.0000, Con=3.9609
2025-09-14 03:31:07,951 - INFO - Batch 60/2278: Loss=1.1883, Cls=0.0000, Reg=0.0000, Con=3.9607
2025-09-14 03:31:08,868 - INFO - Batch 70/2278: Loss=1.1885, Cls=0.0003, Reg=0.0000, Con=3.9608
2025-09-14 03:31:09,773 - INFO - Batch 80/2278: Loss=0.0040, Cls=0.0040, Reg=0.0000, Con=0.0000
2025-09-14 03:31:10,713 - INFO - Batch 90/2278: Loss=1.1889, Cls=0.0006, Reg=0.0000, Con=3.9609
2025-09-14 03:31:11,620 - INFO - Batch 100/2278: Loss=2.0761, Cls=0.8879, Reg=0.0000, Con=3.9607
2025-09-14 03:31:12,561 - INFO - Batch 110/2278: Loss=1.2973, Cls=0.1087, Reg=0.0000, Con=3.9618
2025-09-14 03:31:13,478 - INFO - Batch 120/2278: Loss=1.2367, Cls=0.0484, Reg=0.0000, Con=3.9609
2025-09-14 03:31:14,375 - INFO - Batch 130/2278: Loss=1.1882, Cls=0.0000, Reg=0.0000, Con=3.9607
2025-09-14 03:31:15,312 - INFO - Batch 140/2278: Loss=0.0000, Cls=0.0000, Reg=0.0000, Con=0.0000
2025-09-14 03:31:16,223 - INFO - Batch 150/2278: Loss=1.1899, Cls=0.0016, Reg=0.0000, Con=3.9608
2025-09-14 03:31:17,142 - INFO - Batch 160/2278: Loss=0.0001, Cls=0.0001, Reg=0.0000, Con=0.0000
2025-09-14 03:31:18,043 - INFO - Batch 170/2278: Loss=1.1885, Cls=0.0002, Reg=0.0000, Con=3.9609
2025-09-14 03:31:18,939 - INFO - Batch 180/2278: Loss=1.1883, Cls=0.0000, Reg=0.0000, Con=3.9611
2025-09-14 03:31:19,922 - INFO - Batch 190/2278: Loss=1.3579, Cls=0.1697, Reg=0.0000, Con=3.9607
2025-09-14 03:31:20,836 - INFO - Batch 200/2278: Loss=0.0191, Cls=0.0191, Reg=0.0000, Con=0.0000
2025-09-14 03:31:21,744 - INFO - Batch 210/2278: Loss=1.1915, Cls=0.0032, Reg=0.0000, Con=3.9612
2025-09-14 03:31:22,664 - INFO - Batch 220/2278: Loss=1.1883, Cls=0.0000, Reg=0.0000, Con=3.9608
2025-09-14 03:31:23,580 - INFO - Batch 230/2278: Loss=1.2698, Cls=0.0815, Reg=0.0000, Con=3.9611
2025-09-14 03:31:24,494 - INFO - Batch 240/2278: Loss=1.1883, Cls=0.0001, Reg=0.0000, Con=3.9607
2025-09-14 03:31:25,389 - INFO - Batch 250/2278: Loss=1.1883, Cls=0.0000, Reg=0.0000, Con=3.9609
2025-09-14 03:31:26,291 - INFO - Batch 260/2278: Loss=1.1893, Cls=0.0011, Reg=0.0000, Con=3.9608
2025-09-14 03:31:27,226 - INFO - Batch 270/2278: Loss=1.1960, Cls=0.0078, Reg=0.0000, Con=3.9607
2025-09-14 03:31:28,127 - INFO - Batch 280/2278: Loss=1.1897, Cls=0.0015, Reg=0.0000, Con=3.9608
2025-09-14 03:31:29,033 - INFO - Batch 290/2278: Loss=1.1919, Cls=0.0036, Reg=0.0000, Con=3.9608
2025-09-14 03:31:29,920 - INFO - Batch 300/2278: Loss=1.1883, Cls=0.0001, Reg=0.0000, Con=3.9607
2025-09-14 03:31:30,830 - INFO - Batch 310/2278: Loss=1.1887, Cls=0.0004, Reg=0.0000, Con=3.9610
2025-09-14 03:31:31,739 - INFO - Batch 320/2278: Loss=1.1896, Cls=0.0012, Reg=0.0000, Con=3.9612
2025-09-14 03:31:32,634 - INFO - Batch 330/2278: Loss=0.0009, Cls=0.0009, Reg=0.0000, Con=0.0000
2025-09-14 03:31:33,539 - INFO - Batch 340/2278: Loss=0.0002, Cls=0.0002, Reg=0.0000, Con=0.0000
2025-09-14 03:31:34,445 - INFO - Batch 350/2278: Loss=1.1902, Cls=0.0019, Reg=0.0000, Con=3.9612
2025-09-14 03:31:35,358 - INFO - Batch 360/2278: Loss=1.2559, Cls=0.0676, Reg=0.0000, Con=3.9611
2025-09-14 03:31:36,256 - INFO - Batch 370/2278: Loss=1.1884, Cls=0.0001, Reg=0.0000, Con=3.9608
2025-09-14 03:31:37,173 - INFO - Batch 380/2278: Loss=1.1999, Cls=0.0117, Reg=0.0000, Con=3.9608
2025-09-14 03:31:38,129 - INFO - Batch 390/2278: Loss=1.1886, Cls=0.0003, Reg=0.0000, Con=3.9609
2025-09-14 03:31:39,034 - INFO - Batch 400/2278: Loss=0.0006, Cls=0.0006, Reg=0.0000, Con=0.0000
2025-09-14 03:31:39,952 - INFO - Batch 410/2278: Loss=1.1888, Cls=0.0005, Reg=0.0000, Con=3.9609
2025-09-14 03:31:40,839 - INFO - Batch 420/2278: Loss=1.1883, Cls=0.0000, Reg=0.0000, Con=3.9609
2025-09-14 03:31:41,737 - INFO - Batch 430/2278: Loss=1.2224, Cls=0.0339, Reg=0.0000, Con=3.9614
2025-09-14 03:31:42,647 - INFO - Batch 440/2278: Loss=0.0003, Cls=0.0003, Reg=0.0000, Con=0.0000
2025-09-14 03:31:43,539 - INFO - Batch 450/2278: Loss=1.1885, Cls=0.0003, Reg=0.0000, Con=3.9608
2025-09-14 03:31:44,433 - INFO - Batch 460/2278: Loss=0.0058, Cls=0.0058, Reg=0.0000, Con=0.0000
2025-09-14 03:31:45,328 - INFO - Batch 470/2278: Loss=0.0001, Cls=0.0001, Reg=0.0000, Con=0.0000
2025-09-14 03:31:46,226 - INFO - Batch 480/2278: Loss=1.1988, Cls=0.0106, Reg=0.0000, Con=3.9609
2025-09-14 03:31:47,123 - INFO - Batch 490/2278: Loss=0.0023, Cls=0.0023, Reg=0.0000, Con=0.0000
2025-09-14 03:31:48,026 - INFO - Batch 500/2278: Loss=0.0000, Cls=0.0000, Reg=0.0000, Con=0.0000
2025-09-14 03:31:48,992 - INFO - Batch 510/2278: Loss=1.1883, Cls=0.0001, Reg=0.0000, Con=3.9608
2025-09-14 03:31:49,982 - INFO - Batch 520/2278: Loss=0.0000, Cls=0.0000, Reg=0.0000, Con=0.0000
2025-09-14 03:31:51,066 - INFO - Batch 530/2278: Loss=1.1894, Cls=0.0011, Reg=0.0000, Con=3.9608
2025-09-14 03:31:51,980 - INFO - Batch 540/2278: Loss=1.1883, Cls=0.0001, Reg=0.0000, Con=3.9609
2025-09-14 03:31:52,889 - INFO - Batch 550/2278: Loss=0.0000, Cls=0.0000, Reg=0.0000, Con=0.0000
2025-09-14 03:31:53,797 - INFO - Batch 560/2278: Loss=1.1884, Cls=0.0001, Reg=0.0000, Con=3.9609
2025-09-14 03:31:54,708 - INFO - Batch 570/2278: Loss=1.1882, Cls=0.0000, Reg=0.0000, Con=3.9608
2025-09-14 03:31:55,627 - INFO - Batch 580/2278: Loss=0.0000, Cls=0.0000, Reg=0.0000, Con=0.0000
2025-09-14 03:31:56,507 - INFO - Batch 590/2278: Loss=1.2009, Cls=0.0127, Reg=0.0000, Con=3.9608
2025-09-14 03:31:57,409 - INFO - Batch 600/2278: Loss=0.0004, Cls=0.0004, Reg=0.0000, Con=0.0000
2025-09-14 03:31:58,302 - INFO - Batch 610/2278: Loss=1.6649, Cls=1.6649, Reg=0.0000, Con=0.0000
2025-09-14 03:31:59,209 - INFO - Batch 620/2278: Loss=1.1882, Cls=0.0000, Reg=0.0000, Con=3.9608
2025-09-14 03:32:00,094 - INFO - Batch 630/2278: Loss=1.1885, Cls=0.0002, Reg=0.0000, Con=3.9611
2025-09-14 03:32:01,022 - INFO - Batch 640/2278: Loss=1.1888, Cls=0.0006, Reg=0.0000, Con=3.9607
2025-09-14 03:32:01,904 - INFO - Batch 650/2278: Loss=1.1894, Cls=0.0012, Reg=0.0000, Con=3.9608
2025-09-14 03:32:02,819 - INFO - Batch 660/2278: Loss=0.0809, Cls=0.0809, Reg=0.0000, Con=0.0000
2025-09-14 03:32:03,715 - INFO - Batch 670/2278: Loss=1.1884, Cls=0.0001, Reg=0.0000, Con=3.9609
2025-09-14 03:32:04,644 - INFO - Batch 680/2278: Loss=0.0001, Cls=0.0001, Reg=0.0000, Con=0.0000
2025-09-14 03:32:05,544 - INFO - Batch 690/2278: Loss=1.1894, Cls=0.0012, Reg=0.0000, Con=3.9609
2025-09-14 03:32:06,469 - INFO - Batch 700/2278: Loss=1.1995, Cls=0.0111, Reg=0.0000, Con=3.9610
2025-09-14 03:32:07,349 - INFO - Batch 710/2278: Loss=1.1892, Cls=0.0009, Reg=0.0000, Con=3.9610
2025-09-14 03:32:08,256 - INFO - Batch 720/2278: Loss=1.1887, Cls=0.0004, Reg=0.0000, Con=3.9610
2025-09-14 03:32:09,156 - INFO - Batch 730/2278: Loss=1.2173, Cls=0.0290, Reg=0.0000, Con=3.9609
2025-09-14 03:32:10,058 - INFO - Batch 740/2278: Loss=1.1882, Cls=0.0000, Reg=0.0000, Con=3.9606
2025-09-14 03:32:10,956 - INFO - Batch 750/2278: Loss=1.1886, Cls=0.0004, Reg=0.0000, Con=3.9606
2025-09-14 03:32:11,873 - INFO - Batch 760/2278: Loss=1.1886, Cls=0.0002, Reg=0.0000, Con=3.9611
2025-09-14 03:32:12,791 - INFO - Batch 770/2278: Loss=2.7649, Cls=1.5765, Reg=0.0000, Con=3.9611
2025-09-14 03:32:13,698 - INFO - Batch 780/2278: Loss=0.0013, Cls=0.0013, Reg=0.0000, Con=0.0000
2025-09-14 03:32:14,586 - INFO - Batch 790/2278: Loss=1.2239, Cls=0.0357, Reg=0.0000, Con=3.9609
2025-09-14 03:32:15,525 - INFO - Batch 800/2278: Loss=7.0297, Cls=5.8413, Reg=0.0000, Con=3.9612
2025-09-14 03:32:16,413 - INFO - Batch 810/2278: Loss=0.0169, Cls=0.0169, Reg=0.0000, Con=0.0000
2025-09-14 03:32:17,330 - INFO - Batch 820/2278: Loss=1.1982, Cls=0.0100, Reg=0.0000, Con=3.9608
2025-09-14 03:32:18,235 - INFO - Batch 830/2278: Loss=1.1886, Cls=0.0003, Reg=0.0000, Con=3.9609
2025-09-14 03:32:19,153 - INFO - Batch 840/2278: Loss=0.0017, Cls=0.0017, Reg=0.0000, Con=0.0000
2025-09-14 03:32:20,105 - INFO - Batch 850/2278: Loss=2.2684, Cls=2.2684, Reg=0.0000, Con=0.0000
2025-09-14 03:32:20,983 - INFO - Batch 860/2278: Loss=1.1898, Cls=0.0015, Reg=0.0000, Con=3.9611
2025-09-14 03:32:21,865 - INFO - Batch 870/2278: Loss=1.1883, Cls=0.0000, Reg=0.0000, Con=3.9609
2025-09-14 03:32:22,761 - INFO - Batch 880/2278: Loss=0.0010, Cls=0.0010, Reg=0.0000, Con=0.0000
2025-09-14 03:32:23,669 - INFO - Batch 890/2278: Loss=1.2692, Cls=0.0809, Reg=0.0000, Con=3.9609
2025-09-14 03:32:24,588 - INFO - Batch 900/2278: Loss=0.0000, Cls=0.0000, Reg=0.0000, Con=0.0000
2025-09-14 03:32:25,486 - INFO - Batch 910/2278: Loss=0.0002, Cls=0.0002, Reg=0.0000, Con=0.0000
2025-09-14 03:32:26,406 - INFO - Batch 920/2278: Loss=0.0001, Cls=0.0001, Reg=0.0000, Con=0.0000
2025-09-14 03:32:27,303 - INFO - Batch 930/2278: Loss=0.0004, Cls=0.0004, Reg=0.0000, Con=0.0000
2025-09-14 03:32:28,195 - INFO - Batch 940/2278: Loss=1.1888, Cls=0.0004, Reg=0.0000, Con=3.9613
2025-09-14 03:32:29,123 - INFO - Batch 950/2278: Loss=0.0012, Cls=0.0012, Reg=0.0000, Con=0.0000
2025-09-14 03:32:30,050 - INFO - Batch 960/2278: Loss=0.0003, Cls=0.0003, Reg=0.0000, Con=0.0000
2025-09-14 03:32:30,959 - INFO - Batch 970/2278: Loss=1.1998, Cls=0.0116, Reg=0.0000, Con=3.9608
2025-09-14 03:32:31,852 - INFO - Batch 980/2278: Loss=1.1909, Cls=0.0026, Reg=0.0000, Con=3.9609
2025-09-14 03:32:32,761 - INFO - Batch 990/2278: Loss=1.1918, Cls=0.0036, Reg=0.0000, Con=3.9609
2025-09-14 03:32:33,644 - INFO - Batch 1000/2278: Loss=1.1883, Cls=0.0000, Reg=0.0000, Con=3.9610
2025-09-14 03:32:34,579 - INFO - Batch 1010/2278: Loss=1.1948, Cls=0.0065, Reg=0.0000, Con=3.9608
2025-09-14 03:32:35,469 - INFO - Batch 1020/2278: Loss=1.1885, Cls=0.0003, Reg=0.0000, Con=3.9608
2025-09-14 03:32:36,362 - INFO - Batch 1030/2278: Loss=0.0005, Cls=0.0005, Reg=0.0000, Con=0.0000
2025-09-14 03:32:37,272 - INFO - Batch 1040/2278: Loss=1.1884, Cls=0.0000, Reg=0.0000, Con=3.9613
2025-09-14 03:32:38,187 - INFO - Batch 1050/2278: Loss=0.3500, Cls=0.3500, Reg=0.0000, Con=0.0000
2025-09-14 03:32:39,101 - INFO - Batch 1060/2278: Loss=1.7467, Cls=0.5584, Reg=0.0000, Con=3.9611
2025-09-14 03:32:40,044 - INFO - Batch 1070/2278: Loss=1.1891, Cls=0.0009, Reg=0.0000, Con=3.9609
2025-09-14 03:32:40,966 - INFO - Batch 1080/2278: Loss=0.0000, Cls=0.0000, Reg=0.0000, Con=0.0000
2025-09-14 03:32:41,905 - INFO - Batch 1090/2278: Loss=1.1883, Cls=0.0000, Reg=0.0000, Con=3.9611
2025-09-14 03:32:42,806 - INFO - Batch 1100/2278: Loss=1.1883, Cls=0.0000, Reg=0.0000, Con=3.9611
2025-09-14 03:32:43,691 - INFO - Batch 1110/2278: Loss=0.0008, Cls=0.0008, Reg=0.0000, Con=0.0000
2025-09-14 03:32:44,614 - INFO - Batch 1120/2278: Loss=0.0008, Cls=0.0008, Reg=0.0000, Con=0.0000
2025-09-14 03:32:45,520 - INFO - Batch 1130/2278: Loss=0.0000, Cls=0.0000, Reg=0.0000, Con=0.0000
2025-09-14 03:32:46,426 - INFO - Batch 1140/2278: Loss=1.3572, Cls=0.1690, Reg=0.0000, Con=3.9609
2025-09-14 03:32:47,327 - INFO - Batch 1150/2278: Loss=0.0024, Cls=0.0024, Reg=0.0000, Con=0.0000
2025-09-14 03:32:48,245 - INFO - Batch 1160/2278: Loss=0.0020, Cls=0.0020, Reg=0.0000, Con=0.0000
2025-09-14 03:32:49,136 - INFO - Batch 1170/2278: Loss=1.1883, Cls=0.0000, Reg=0.0000, Con=3.9608
2025-09-14 03:32:50,077 - INFO - Batch 1180/2278: Loss=1.1893, Cls=0.0009, Reg=0.0000, Con=3.9613
2025-09-14 03:32:51,003 - INFO - Batch 1190/2278: Loss=1.1883, Cls=0.0000, Reg=0.0000, Con=3.9609
2025-09-14 03:32:51,920 - INFO - Batch 1200/2278: Loss=1.1906, Cls=0.0022, Reg=0.0000, Con=3.9611
2025-09-14 03:32:52,844 - INFO - Batch 1210/2278: Loss=1.8935, Cls=0.7052, Reg=0.0000, Con=3.9611
2025-09-14 03:32:53,749 - INFO - Batch 1220/2278: Loss=1.1892, Cls=0.0009, Reg=0.0000, Con=3.9609
2025-09-14 03:32:54,686 - INFO - Batch 1230/2278: Loss=1.2922, Cls=1.2922, Reg=0.0000, Con=0.0000
2025-09-14 03:32:55,598 - INFO - Batch 1240/2278: Loss=1.1883, Cls=0.0000, Reg=0.0000, Con=3.9608
2025-09-14 03:32:56,588 - INFO - Batch 1250/2278: Loss=1.1883, Cls=0.0000, Reg=0.0000, Con=3.9609
2025-09-14 03:32:57,468 - INFO - Batch 1260/2278: Loss=0.0066, Cls=0.0066, Reg=0.0000, Con=0.0000
2025-09-14 03:32:58,397 - INFO - Batch 1270/2278: Loss=1.1883, Cls=0.0001, Reg=0.0000, Con=3.9610
2025-09-14 03:32:59,301 - INFO - Batch 1280/2278: Loss=1.6880, Cls=0.4997, Reg=0.0000, Con=3.9607
2025-09-14 03:33:00,273 - INFO - Batch 1290/2278: Loss=0.0000, Cls=0.0000, Reg=0.0000, Con=0.0000
2025-09-14 03:33:01,172 - INFO - Batch 1300/2278: Loss=0.0059, Cls=0.0059, Reg=0.0000, Con=0.0000
2025-09-14 03:33:02,078 - INFO - Batch 1310/2278: Loss=1.2221, Cls=0.0339, Reg=0.0000, Con=3.9608
2025-09-14 03:33:02,973 - INFO - Batch 1320/2278: Loss=1.1884, Cls=0.0002, Reg=0.0000, Con=3.9610
2025-09-14 03:33:03,869 - INFO - Batch 1330/2278: Loss=1.1936, Cls=0.0053, Reg=0.0000, Con=3.9610
2025-09-14 03:33:04,770 - INFO - Batch 1340/2278: Loss=1.1883, Cls=0.0000, Reg=0.0000, Con=3.9608
2025-09-14 03:33:05,687 - INFO - Batch 1350/2278: Loss=1.1884, Cls=0.0002, Reg=0.0000, Con=3.9608
2025-09-14 03:33:06,607 - INFO - Batch 1360/2278: Loss=1.1884, Cls=0.0000, Reg=0.0000, Con=3.9612
2025-09-14 03:33:07,504 - INFO - Batch 1370/2278: Loss=1.1923, Cls=0.0040, Reg=0.0000, Con=3.9610
2025-09-14 03:33:08,436 - INFO - Batch 1380/2278: Loss=1.1883, Cls=0.0000, Reg=0.0000, Con=3.9608
2025-09-14 03:33:09,337 - INFO - Batch 1390/2278: Loss=1.1883, Cls=0.0000, Reg=0.0000, Con=3.9610
2025-09-14 03:33:10,272 - INFO - Batch 1400/2278: Loss=1.1887, Cls=0.0003, Reg=0.0000, Con=3.9615
2025-09-14 03:33:11,187 - INFO - Batch 1410/2278: Loss=0.0001, Cls=0.0001, Reg=0.0000, Con=0.0000
2025-09-14 03:33:12,095 - INFO - Batch 1420/2278: Loss=1.1895, Cls=0.0012, Reg=0.0000, Con=3.9610
2025-09-14 03:33:13,029 - INFO - Batch 1430/2278: Loss=0.0004, Cls=0.0004, Reg=0.0000, Con=0.0000
2025-09-14 03:33:14,003 - INFO - Batch 1440/2278: Loss=1.1882, Cls=0.0000, Reg=0.0000, Con=3.9606
2025-09-14 03:33:15,022 - INFO - Batch 1450/2278: Loss=0.0000, Cls=0.0000, Reg=0.0000, Con=0.0000
2025-09-14 03:33:15,897 - INFO - Batch 1460/2278: Loss=0.0026, Cls=0.0026, Reg=0.0000, Con=0.0000
2025-09-14 03:33:16,826 - INFO - Batch 1470/2278: Loss=1.5636, Cls=0.3754, Reg=0.0000, Con=3.9607
2025-09-14 03:33:17,713 - INFO - Batch 1480/2278: Loss=1.1916, Cls=0.0034, Reg=0.0000, Con=3.9608
2025-09-14 03:33:18,644 - INFO - Batch 1490/2278: Loss=1.2443, Cls=1.2443, Reg=0.0000, Con=0.0000
2025-09-14 03:33:19,536 - INFO - Batch 1500/2278: Loss=1.1908, Cls=0.0025, Reg=0.0000, Con=3.9610
2025-09-14 03:33:20,469 - INFO - Batch 1510/2278: Loss=1.2011, Cls=0.0128, Reg=0.0000, Con=3.9609
2025-09-14 03:33:21,350 - INFO - Batch 1520/2278: Loss=0.0811, Cls=0.0811, Reg=0.0000, Con=0.0000
2025-09-14 03:33:22,248 - INFO - Batch 1530/2278: Loss=1.1882, Cls=0.0000, Reg=0.0000, Con=3.9608
2025-09-14 03:33:23,156 - INFO - Batch 1540/2278: Loss=1.1884, Cls=0.0001, Reg=0.0000, Con=3.9610
2025-09-14 03:33:24,063 - INFO - Batch 1550/2278: Loss=1.1895, Cls=0.0012, Reg=0.0000, Con=3.9611
2025-09-14 03:33:24,960 - INFO - Batch 1560/2278: Loss=1.1886, Cls=0.0003, Reg=0.0000, Con=3.9608
2025-09-14 03:33:25,840 - INFO - Batch 1570/2278: Loss=0.0000, Cls=0.0000, Reg=0.0000, Con=0.0000
2025-09-14 03:33:26,757 - INFO - Batch 1580/2278: Loss=1.1882, Cls=0.0000, Reg=0.0000, Con=3.9608
2025-09-14 03:33:27,669 - INFO - Batch 1590/2278: Loss=0.0000, Cls=0.0000, Reg=0.0000, Con=0.0000
2025-09-14 03:33:28,575 - INFO - Batch 1600/2278: Loss=1.1882, Cls=0.0000, Reg=0.0000, Con=3.9608
2025-09-14 03:33:29,455 - INFO - Batch 1610/2278: Loss=0.0000, Cls=0.0000, Reg=0.0000, Con=0.0000
2025-09-14 03:33:30,384 - INFO - Batch 1620/2278: Loss=1.1883, Cls=0.0000, Reg=0.0000, Con=3.9608
2025-09-14 03:33:31,269 - INFO - Batch 1630/2278: Loss=1.1927, Cls=0.0044, Reg=0.0000, Con=3.9610
2025-09-14 03:33:32,155 - INFO - Batch 1640/2278: Loss=0.0000, Cls=0.0000, Reg=0.0000, Con=0.0000
2025-09-14 03:33:33,069 - INFO - Batch 1650/2278: Loss=1.1883, Cls=0.0001, Reg=0.0000, Con=3.9609
2025-09-14 03:33:33,987 - INFO - Batch 1660/2278: Loss=1.1890, Cls=0.0006, Reg=0.0000, Con=3.9613
2025-09-14 03:33:34,867 - INFO - Batch 1670/2278: Loss=1.1895, Cls=0.0012, Reg=0.0000, Con=3.9609
2025-09-14 03:33:35,767 - INFO - Batch 1680/2278: Loss=1.1885, Cls=0.0003, Reg=0.0000, Con=3.9607
2025-09-14 03:33:36,628 - INFO - Batch 1690/2278: Loss=1.2262, Cls=0.0379, Reg=0.0000, Con=3.9610
2025-09-14 03:33:37,507 - INFO - Batch 1700/2278: Loss=1.1888, Cls=0.0006, Reg=0.0000, Con=3.9608
2025-09-14 03:33:38,419 - INFO - Batch 1710/2278: Loss=0.0001, Cls=0.0001, Reg=0.0000, Con=0.0000
2025-09-14 03:33:39,307 - INFO - Batch 1720/2278: Loss=0.0002, Cls=0.0002, Reg=0.0000, Con=0.0000
2025-09-14 03:33:40,189 - INFO - Batch 1730/2278: Loss=1.1882, Cls=0.0000, Reg=0.0000, Con=3.9608
2025-09-14 03:33:41,084 - INFO - Batch 1740/2278: Loss=1.1889, Cls=0.0007, Reg=0.0000, Con=3.9609
2025-09-14 03:33:41,964 - INFO - Batch 1750/2278: Loss=0.0000, Cls=0.0000, Reg=0.0000, Con=0.0000
2025-09-14 03:33:42,863 - INFO - Batch 1760/2278: Loss=1.1888, Cls=0.0004, Reg=0.0000, Con=3.9612
2025-09-14 03:33:43,769 - INFO - Batch 1770/2278: Loss=0.0033, Cls=0.0033, Reg=0.0000, Con=0.0000
2025-09-14 03:33:44,683 - INFO - Batch 1780/2278: Loss=0.0203, Cls=0.0203, Reg=0.0000, Con=0.0000
2025-09-14 03:33:45,612 - INFO - Batch 1790/2278: Loss=0.0005, Cls=0.0005, Reg=0.0000, Con=0.0000
2025-09-14 03:33:46,641 - INFO - Batch 1800/2278: Loss=1.2340, Cls=0.0458, Reg=0.0000, Con=3.9607
2025-09-14 03:33:47,611 - INFO - Batch 1810/2278: Loss=0.0005, Cls=0.0005, Reg=0.0000, Con=0.0000
2025-09-14 03:33:48,585 - INFO - Batch 1820/2278: Loss=1.4882, Cls=1.4882, Reg=0.0000, Con=0.0000
2025-09-14 03:33:49,547 - INFO - Batch 1830/2278: Loss=1.1924, Cls=0.0041, Reg=0.0000, Con=3.9608
2025-09-14 03:33:50,539 - INFO - Batch 1840/2278: Loss=0.2086, Cls=0.2086, Reg=0.0000, Con=0.0000
2025-09-14 03:33:51,520 - INFO - Batch 1850/2278: Loss=1.1888, Cls=0.0005, Reg=0.0000, Con=3.9609
2025-09-14 03:33:52,505 - INFO - Batch 1860/2278: Loss=1.1884, Cls=0.0002, Reg=0.0000, Con=3.9607
2025-09-14 03:33:53,528 - INFO - Batch 1870/2278: Loss=0.0044, Cls=0.0044, Reg=0.0000, Con=0.0000
2025-09-14 03:33:54,552 - INFO - Batch 1880/2278: Loss=1.2059, Cls=0.0177, Reg=0.0000, Con=3.9607
2025-09-14 03:33:55,501 - INFO - Batch 1890/2278: Loss=0.0000, Cls=0.0000, Reg=0.0000, Con=0.0000
2025-09-14 03:33:56,477 - INFO - Batch 1900/2278: Loss=0.7407, Cls=0.7407, Reg=0.0000, Con=0.0000
2025-09-14 03:33:57,382 - INFO - Batch 1910/2278: Loss=1.1886, Cls=0.0003, Reg=0.0000, Con=3.9610
2025-09-14 03:33:58,280 - INFO - Batch 1920/2278: Loss=0.0003, Cls=0.0003, Reg=0.0000, Con=0.0000
2025-09-14 03:33:59,285 - INFO - Batch 1930/2278: Loss=1.1894, Cls=0.0011, Reg=0.0000, Con=3.9611
2025-09-14 03:34:00,234 - INFO - Batch 1940/2278: Loss=1.1885, Cls=0.0003, Reg=0.0000, Con=3.9607
2025-09-14 03:34:01,211 - INFO - Batch 1950/2278: Loss=1.1885, Cls=0.0002, Reg=0.0000, Con=3.9609
2025-09-14 03:34:02,173 - INFO - Batch 1960/2278: Loss=1.1899, Cls=0.0016, Reg=0.0000, Con=3.9610
2025-09-14 03:34:03,138 - INFO - Batch 1970/2278: Loss=0.0000, Cls=0.0000, Reg=0.0000, Con=0.0000
2025-09-14 03:34:04,149 - INFO - Batch 1980/2278: Loss=1.2010, Cls=0.0127, Reg=0.0000, Con=3.9610
2025-09-14 03:34:05,139 - INFO - Batch 1990/2278: Loss=1.1890, Cls=0.0007, Reg=0.0000, Con=3.9608
2025-09-14 03:34:06,033 - INFO - Batch 2000/2278: Loss=1.1889, Cls=0.0005, Reg=0.0000, Con=3.9610
2025-09-14 03:34:06,973 - INFO - Batch 2010/2278: Loss=1.1908, Cls=0.0025, Reg=0.0000, Con=3.9608
2025-09-14 03:34:07,937 - INFO - Batch 2020/2278: Loss=1.1988, Cls=0.0105, Reg=0.0000, Con=3.9608
2025-09-14 03:34:08,986 - INFO - Batch 2030/2278: Loss=1.2045, Cls=0.0163, Reg=0.0000, Con=3.9608
2025-09-14 03:34:09,918 - INFO - Batch 2040/2278: Loss=1.1885, Cls=0.0002, Reg=0.0000, Con=3.9610
2025-09-14 03:34:10,884 - INFO - Batch 2050/2278: Loss=0.0006, Cls=0.0006, Reg=0.0000, Con=0.0000
2025-09-14 03:34:11,831 - INFO - Batch 2060/2278: Loss=1.1926, Cls=0.0043, Reg=0.0000, Con=3.9609
2025-09-14 03:34:12,894 - INFO - Batch 2070/2278: Loss=0.0073, Cls=0.0073, Reg=0.0000, Con=0.0000
2025-09-14 03:34:13,868 - INFO - Batch 2080/2278: Loss=1.1901, Cls=0.0018, Reg=0.0000, Con=3.9613
2025-09-14 03:34:14,808 - INFO - Batch 2090/2278: Loss=1.1934, Cls=0.0052, Reg=0.0000, Con=3.9607
2025-09-14 03:34:15,760 - INFO - Batch 2100/2278: Loss=1.1887, Cls=0.0001, Reg=0.0000, Con=3.9619
2025-09-14 03:34:16,659 - INFO - Batch 2110/2278: Loss=1.2481, Cls=0.0598, Reg=0.0000, Con=3.9609
2025-09-14 03:34:17,609 - INFO - Batch 2120/2278: Loss=0.0012, Cls=0.0012, Reg=0.0000, Con=0.0000
2025-09-14 03:34:18,576 - INFO - Batch 2130/2278: Loss=0.0301, Cls=0.0301, Reg=0.0000, Con=0.0000
2025-09-14 03:34:19,560 - INFO - Batch 2140/2278: Loss=0.0005, Cls=0.0005, Reg=0.0000, Con=0.0000
2025-09-14 03:34:20,511 - INFO - Batch 2150/2278: Loss=1.1885, Cls=0.0003, Reg=0.0000, Con=3.9608
2025-09-14 03:34:21,429 - INFO - Batch 2160/2278: Loss=1.2021, Cls=0.0139, Reg=0.0000, Con=3.9609
2025-09-14 03:34:22,390 - INFO - Batch 2170/2278: Loss=1.1930, Cls=0.0048, Reg=0.0000, Con=3.9608
2025-09-14 03:34:23,361 - INFO - Batch 2180/2278: Loss=0.0022, Cls=0.0022, Reg=0.0000, Con=0.0000
2025-09-14 03:34:24,354 - INFO - Batch 2190/2278: Loss=1.1883, Cls=0.0001, Reg=0.0000, Con=3.9609
2025-09-14 03:34:25,309 - INFO - Batch 2200/2278: Loss=1.2696, Cls=0.0813, Reg=0.0000, Con=3.9608
2025-09-14 03:34:26,265 - INFO - Batch 2210/2278: Loss=0.0012, Cls=0.0012, Reg=0.0000, Con=0.0000
2025-09-14 03:34:27,259 - INFO - Batch 2220/2278: Loss=0.0003, Cls=0.0003, Reg=0.0000, Con=0.0000
2025-09-14 03:34:28,254 - INFO - Batch 2230/2278: Loss=1.1883, Cls=0.0000, Reg=0.0000, Con=3.9609
2025-09-14 03:34:29,182 - INFO - Batch 2240/2278: Loss=1.1885, Cls=0.0000, Reg=0.0000, Con=3.9617
2025-09-14 03:34:30,198 - INFO - Batch 2250/2278: Loss=1.1888, Cls=0.0005, Reg=0.0000, Con=3.9608
2025-09-14 03:34:31,172 - INFO - Batch 2260/2278: Loss=1.5917, Cls=1.5917, Reg=0.0000, Con=0.0000
2025-09-14 03:34:32,148 - INFO - Batch 2270/2278: Loss=0.0000, Cls=0.0000, Reg=0.0000, Con=0.0000
2025-09-14 03:38:02,700 - INFO - === Epoch 3 Results ===
2025-09-14 03:38:02,700 - INFO - Training Loss: 0.9087 (Classification: 0.1330, Regression: 0.0000)
2025-09-14 03:38:02,700 - INFO - Validation Loss: 0.0397 (Classification: 0.0397, Regression: 0.0000)
2025-09-14 03:38:02,700 - INFO - Average Classification Accuracy: 0.9570 (on 1/26 tasks)
2025-09-14 03:38:02,700 - INFO - Average AUC: 0.8459
2025-09-14 03:38:05,503 - INFO - Best model saved to: experiments/r1c3_headft_cls_17_seed_42_20250914_031701/checkpoints/r1c3_headft_cls_17_seed_42_best.pth
2025-09-14 03:38:05,503 - INFO - Training finished!
2025-09-14 03:38:05,503 - INFO - Performing final evaluation...
2025-09-14 03:38:05,766 - INFO - Loaded best model from: experiments/r1c3_headft_cls_17_seed_42_20250914_031701/checkpoints/r1c3_headft_cls_17_seed_42_best.pth
2025-09-14 03:41:35,859 - INFO - Final Validation Results:
2025-09-14 03:41:35,859 - INFO -   Total Loss: 0.0397
2025-09-14 03:41:35,859 - INFO -   Classification Loss: 0.0397
2025-09-14 03:41:35,859 - INFO -   Regression Loss: 0.0000
2025-09-14 03:41:35,859 - INFO -   Average Classification Accuracy: 0.9570
2025-09-14 03:41:35,859 - INFO -   Average AUC: 0.8459
2025-09-14 03:41:35,860 - INFO - Results saved to: experiments/r1c3_headft_cls_17_seed_42_20250914_031701/checkpoints/r1c3_headft_cls_17_seed_42_results.json
