2025-09-13 18:34:15,496 - INFO - 🔬 Starting experiment: r1c3_single_cls_6_seed_42
2025-09-13 18:34:15,496 - INFO - 📁 Experiment directory: experiments/r1c3_single_cls_6_seed_42_20250913_183415
2025-09-13 18:34:15,496 - INFO - 🎲 Random seed: 42
2025-09-13 18:34:15,496 - INFO - 🔒 Deterministic mode: True
2025-09-13 18:34:15,496 - INFO - Using device: cuda
2025-09-13 18:34:15,496 - INFO - Total GPU Memory: 25.16 GB
2025-09-13 18:34:15,516 - INFO - 🧪 Fusion: Using cross-attention dynamic fusion
2025-09-13 18:34:15,516 - INFO - 🧪 GNN Backbone: Using default GraphAttentionNetwork branch
2025-09-13 18:34:15,516 - INFO - 🎯 Task Mode: Single classification endpoint 6
2025-09-13 18:34:15,516 - INFO - Configuration saved to: experiments/r1c3_single_cls_6_seed_42_20250913_183415/checkpoints/config.json
2025-09-13 18:34:15,516 - INFO - 🚀 Using preprocessed data from: data/data/processed
2025-09-13 18:34:15,516 - INFO - Loading LMDB dataset from: data/data/processed
2025-09-13 18:34:16,022 - INFO - Number of training batches: 2278
2025-09-13 18:34:16,022 - INFO - Number of validation batches: 2278
2025-09-13 18:34:16,022 - INFO - Number of test batches: 2278
2025-09-13 18:34:16,022 - INFO - Creating ToxD4C model...
2025-09-13 18:34:17,174 - INFO - Model created successfully. Total parameters: 100,932,036
2025-09-13 18:34:17,174 - INFO - Testing model forward pass...
2025-09-13 18:34:17,609 - INFO - Test output shapes:
2025-09-13 18:34:17,609 - INFO -   classification: torch.Size([16, 1])
2025-09-13 18:34:17,612 - INFO -   classification contains NaN: False
2025-09-13 18:34:17,612 - INFO -   classification contains Inf: False
2025-09-13 18:34:17,612 - INFO -   regression: torch.Size([16, 0])
2025-09-13 18:34:17,612 - INFO -   regression contains NaN: False
2025-09-13 18:34:17,612 - INFO -   regression contains Inf: False
2025-09-13 18:34:17,612 - INFO - Model forward pass test successful!
2025-09-13 18:34:18,327 - INFO - 🔁 Loaded checkpoint from: experiments/r1c3_multi_full_seed_42_20250913_152627/checkpoints/r1c3_multi_full_seed_42_best.pth
2025-09-13 18:34:18,328 - INFO - 🧩 Head-only fine-tuning: unfroze head for task 'Cardiotoxicity10' and froze trunk.
2025-09-13 18:34:18,329 - INFO - Starting training...
2025-09-13 18:34:18,329 - INFO - 
Epoch 1/3
2025-09-13 18:34:18,434 - INFO - Batch 0/2278: Loss=0.0000, Cls=0.0000, Reg=0.0000, Con=0.0000
2025-09-13 18:34:19,388 - INFO - Batch 10/2278: Loss=0.0000, Cls=0.0000, Reg=0.0000, Con=0.0000
2025-09-13 18:34:20,258 - INFO - Batch 20/2278: Loss=1.1883, Cls=0.0000, Reg=0.0000, Con=3.9610
2025-09-13 18:34:21,167 - INFO - Batch 30/2278: Loss=0.9702, Cls=0.9702, Reg=0.0000, Con=0.0000
2025-09-13 18:34:22,039 - INFO - Batch 40/2278: Loss=0.0000, Cls=0.0000, Reg=0.0000, Con=0.0000
2025-09-13 18:34:22,921 - INFO - Batch 50/2278: Loss=1.1900, Cls=0.0017, Reg=0.0000, Con=3.9609
2025-09-13 18:34:23,785 - INFO - Batch 60/2278: Loss=1.2240, Cls=0.0357, Reg=0.0000, Con=3.9609
2025-09-13 18:34:24,657 - INFO - Batch 70/2278: Loss=1.5128, Cls=0.3246, Reg=0.0000, Con=3.9608
2025-09-13 18:34:25,490 - INFO - Batch 80/2278: Loss=0.0000, Cls=0.0000, Reg=0.0000, Con=0.0000
2025-09-13 18:34:26,372 - INFO - Batch 90/2278: Loss=0.0000, Cls=0.0000, Reg=0.0000, Con=0.0000
2025-09-13 18:34:27,210 - INFO - Batch 100/2278: Loss=0.0000, Cls=0.0000, Reg=0.0000, Con=0.0000
2025-09-13 18:34:28,108 - INFO - Batch 110/2278: Loss=0.0000, Cls=0.0000, Reg=0.0000, Con=0.0000
2025-09-13 18:34:28,978 - INFO - Batch 120/2278: Loss=1.1883, Cls=0.0000, Reg=0.0000, Con=3.9609
2025-09-13 18:34:29,832 - INFO - Batch 130/2278: Loss=1.2836, Cls=0.0953, Reg=0.0000, Con=3.9609
2025-09-13 18:34:30,674 - INFO - Batch 140/2278: Loss=1.1884, Cls=0.0000, Reg=0.0000, Con=3.9615
2025-09-13 18:34:31,554 - INFO - Batch 150/2278: Loss=1.2088, Cls=0.0204, Reg=0.0000, Con=3.9613
2025-09-13 18:34:32,421 - INFO - Batch 160/2278: Loss=1.2319, Cls=0.0436, Reg=0.0000, Con=3.9611
2025-09-13 18:34:33,271 - INFO - Batch 170/2278: Loss=1.1883, Cls=0.0000, Reg=0.0000, Con=3.9611
2025-09-13 18:34:34,154 - INFO - Batch 180/2278: Loss=1.1883, Cls=0.0000, Reg=0.0000, Con=3.9610
2025-09-13 18:34:35,011 - INFO - Batch 190/2278: Loss=1.1984, Cls=0.0101, Reg=0.0000, Con=3.9608
2025-09-13 18:34:35,856 - INFO - Batch 200/2278: Loss=0.0000, Cls=0.0000, Reg=0.0000, Con=0.0000
2025-09-13 18:34:36,729 - INFO - Batch 210/2278: Loss=0.4815, Cls=0.4815, Reg=0.0000, Con=0.0000
2025-09-13 18:34:37,593 - INFO - Batch 220/2278: Loss=0.0032, Cls=0.0032, Reg=0.0000, Con=0.0000
2025-09-13 18:34:38,475 - INFO - Batch 230/2278: Loss=1.1883, Cls=0.0000, Reg=0.0000, Con=3.9610
2025-09-13 18:34:39,322 - INFO - Batch 240/2278: Loss=1.1882, Cls=0.0000, Reg=0.0000, Con=3.9608
2025-09-13 18:34:40,184 - INFO - Batch 250/2278: Loss=0.0000, Cls=0.0000, Reg=0.0000, Con=0.0000
2025-09-13 18:34:41,043 - INFO - Batch 260/2278: Loss=0.0000, Cls=0.0000, Reg=0.0000, Con=0.0000
2025-09-13 18:34:41,931 - INFO - Batch 270/2278: Loss=3.2124, Cls=2.0242, Reg=0.0000, Con=3.9607
2025-09-13 18:34:42,794 - INFO - Batch 280/2278: Loss=1.6552, Cls=0.4669, Reg=0.0000, Con=3.9611
2025-09-13 18:34:43,647 - INFO - Batch 290/2278: Loss=0.0000, Cls=0.0000, Reg=0.0000, Con=0.0000
2025-09-13 18:34:44,499 - INFO - Batch 300/2278: Loss=1.1883, Cls=0.0000, Reg=0.0000, Con=3.9609
2025-09-13 18:34:45,368 - INFO - Batch 310/2278: Loss=1.1884, Cls=0.0000, Reg=0.0000, Con=3.9612
2025-09-13 18:34:46,215 - INFO - Batch 320/2278: Loss=0.0000, Cls=0.0000, Reg=0.0000, Con=0.0000
2025-09-13 18:34:47,102 - INFO - Batch 330/2278: Loss=3.7143, Cls=2.5261, Reg=0.0000, Con=3.9609
2025-09-13 18:34:47,967 - INFO - Batch 340/2278: Loss=1.1883, Cls=0.0000, Reg=0.0000, Con=3.9610
2025-09-13 18:34:48,857 - INFO - Batch 350/2278: Loss=1.1883, Cls=0.0000, Reg=0.0000, Con=3.9611
2025-09-13 18:34:49,714 - INFO - Batch 360/2278: Loss=1.4194, Cls=0.2312, Reg=0.0000, Con=3.9607
2025-09-13 18:34:50,592 - INFO - Batch 370/2278: Loss=1.1883, Cls=0.0000, Reg=0.0000, Con=3.9609
2025-09-13 18:34:51,459 - INFO - Batch 380/2278: Loss=1.1882, Cls=0.0000, Reg=0.0000, Con=3.9607
2025-09-13 18:34:52,337 - INFO - Batch 390/2278: Loss=1.2769, Cls=0.0886, Reg=0.0000, Con=3.9607
2025-09-13 18:34:53,227 - INFO - Batch 400/2278: Loss=0.0000, Cls=0.0000, Reg=0.0000, Con=0.0000
2025-09-13 18:34:54,099 - INFO - Batch 410/2278: Loss=0.0000, Cls=0.0000, Reg=0.0000, Con=0.0000
2025-09-13 18:34:54,965 - INFO - Batch 420/2278: Loss=0.0311, Cls=0.0311, Reg=0.0000, Con=0.0000
2025-09-13 18:34:55,849 - INFO - Batch 430/2278: Loss=1.1882, Cls=0.0000, Reg=0.0000, Con=3.9607
2025-09-13 18:34:56,708 - INFO - Batch 440/2278: Loss=1.1882, Cls=0.0000, Reg=0.0000, Con=3.9608
2025-09-13 18:34:57,563 - INFO - Batch 450/2278: Loss=1.2287, Cls=0.0405, Reg=0.0000, Con=3.9607
2025-09-13 18:34:58,421 - INFO - Batch 460/2278: Loss=1.1882, Cls=0.0000, Reg=0.0000, Con=3.9607
2025-09-13 18:34:59,301 - INFO - Batch 470/2278: Loss=1.1883, Cls=0.0000, Reg=0.0000, Con=3.9611
2025-09-13 18:35:00,179 - INFO - Batch 480/2278: Loss=1.1882, Cls=0.0000, Reg=0.0000, Con=3.9607
2025-09-13 18:35:01,053 - INFO - Batch 490/2278: Loss=0.0000, Cls=0.0000, Reg=0.0000, Con=0.0000
2025-09-13 18:35:01,910 - INFO - Batch 500/2278: Loss=0.0000, Cls=0.0000, Reg=0.0000, Con=0.0000
2025-09-13 18:35:02,775 - INFO - Batch 510/2278: Loss=1.1883, Cls=0.0000, Reg=0.0000, Con=3.9609
2025-09-13 18:35:03,646 - INFO - Batch 520/2278: Loss=1.1882, Cls=0.0000, Reg=0.0000, Con=3.9608
2025-09-13 18:35:04,497 - INFO - Batch 530/2278: Loss=1.1882, Cls=0.0000, Reg=0.0000, Con=3.9608
2025-09-13 18:35:05,374 - INFO - Batch 540/2278: Loss=1.1883, Cls=0.0000, Reg=0.0000, Con=3.9610
2025-09-13 18:35:06,238 - INFO - Batch 550/2278: Loss=1.6661, Cls=0.4778, Reg=0.0000, Con=3.9607
2025-09-13 18:35:07,077 - INFO - Batch 560/2278: Loss=1.1883, Cls=0.0000, Reg=0.0000, Con=3.9609
2025-09-13 18:35:07,970 - INFO - Batch 570/2278: Loss=1.1882, Cls=0.0000, Reg=0.0000, Con=3.9608
2025-09-13 18:35:08,843 - INFO - Batch 580/2278: Loss=0.0107, Cls=0.0107, Reg=0.0000, Con=0.0000
2025-09-13 18:35:09,700 - INFO - Batch 590/2278: Loss=0.0000, Cls=0.0000, Reg=0.0000, Con=0.0000
2025-09-13 18:35:10,566 - INFO - Batch 600/2278: Loss=1.1883, Cls=0.0000, Reg=0.0000, Con=3.9609
2025-09-13 18:35:11,429 - INFO - Batch 610/2278: Loss=1.1905, Cls=0.0023, Reg=0.0000, Con=3.9609
2025-09-13 18:35:12,296 - INFO - Batch 620/2278: Loss=1.1930, Cls=0.0047, Reg=0.0000, Con=3.9608
2025-09-13 18:35:13,176 - INFO - Batch 630/2278: Loss=0.0002, Cls=0.0002, Reg=0.0000, Con=0.0000
2025-09-13 18:35:14,064 - INFO - Batch 640/2278: Loss=1.1882, Cls=0.0000, Reg=0.0000, Con=3.9608
2025-09-13 18:35:14,934 - INFO - Batch 650/2278: Loss=1.1884, Cls=0.0000, Reg=0.0000, Con=3.9613
2025-09-13 18:35:15,786 - INFO - Batch 660/2278: Loss=1.1882, Cls=0.0000, Reg=0.0000, Con=3.9608
2025-09-13 18:35:16,644 - INFO - Batch 670/2278: Loss=1.1883, Cls=0.0000, Reg=0.0000, Con=3.9608
2025-09-13 18:35:17,516 - INFO - Batch 680/2278: Loss=1.1882, Cls=0.0000, Reg=0.0000, Con=3.9608
2025-09-13 18:35:18,496 - INFO - Batch 690/2278: Loss=0.0000, Cls=0.0000, Reg=0.0000, Con=0.0000
2025-09-13 18:35:19,377 - INFO - Batch 700/2278: Loss=0.0000, Cls=0.0000, Reg=0.0000, Con=0.0000
2025-09-13 18:35:20,300 - INFO - Batch 710/2278: Loss=1.1882, Cls=0.0000, Reg=0.0000, Con=3.9607
2025-09-13 18:35:21,180 - INFO - Batch 720/2278: Loss=1.1883, Cls=0.0000, Reg=0.0000, Con=3.9609
2025-09-13 18:35:22,053 - INFO - Batch 730/2278: Loss=1.1884, Cls=0.0000, Reg=0.0000, Con=3.9613
2025-09-13 18:35:22,929 - INFO - Batch 740/2278: Loss=1.2229, Cls=0.0346, Reg=0.0000, Con=3.9610
2025-09-13 18:35:23,799 - INFO - Batch 750/2278: Loss=3.5229, Cls=2.3347, Reg=0.0000, Con=3.9609
2025-09-13 18:35:24,666 - INFO - Batch 760/2278: Loss=1.1882, Cls=0.0000, Reg=0.0000, Con=3.9608
2025-09-13 18:35:25,522 - INFO - Batch 770/2278: Loss=1.1883, Cls=0.0000, Reg=0.0000, Con=3.9610
2025-09-13 18:35:26,395 - INFO - Batch 780/2278: Loss=1.1882, Cls=0.0000, Reg=0.0000, Con=3.9608
2025-09-13 18:35:27,268 - INFO - Batch 790/2278: Loss=0.0000, Cls=0.0000, Reg=0.0000, Con=0.0000
2025-09-13 18:35:28,149 - INFO - Batch 800/2278: Loss=1.1884, Cls=0.0000, Reg=0.0000, Con=3.9612
2025-09-13 18:35:29,004 - INFO - Batch 810/2278: Loss=1.1884, Cls=0.0000, Reg=0.0000, Con=3.9612
2025-09-13 18:35:29,889 - INFO - Batch 820/2278: Loss=1.1883, Cls=0.0000, Reg=0.0000, Con=3.9609
2025-09-13 18:35:30,777 - INFO - Batch 830/2278: Loss=1.1949, Cls=0.0067, Reg=0.0000, Con=3.9609
2025-09-13 18:35:31,651 - INFO - Batch 840/2278: Loss=1.1955, Cls=0.0072, Reg=0.0000, Con=3.9608
2025-09-13 18:35:32,532 - INFO - Batch 850/2278: Loss=0.0000, Cls=0.0000, Reg=0.0000, Con=0.0000
2025-09-13 18:35:33,396 - INFO - Batch 860/2278: Loss=1.1882, Cls=0.0000, Reg=0.0000, Con=3.9607
2025-09-13 18:35:34,268 - INFO - Batch 870/2278: Loss=0.0067, Cls=0.0067, Reg=0.0000, Con=0.0000
2025-09-13 18:35:35,154 - INFO - Batch 880/2278: Loss=0.0000, Cls=0.0000, Reg=0.0000, Con=0.0000
2025-09-13 18:35:36,055 - INFO - Batch 890/2278: Loss=0.0000, Cls=0.0000, Reg=0.0000, Con=0.0000
2025-09-13 18:35:36,938 - INFO - Batch 900/2278: Loss=1.1883, Cls=0.0000, Reg=0.0000, Con=3.9609
2025-09-13 18:35:37,820 - INFO - Batch 910/2278: Loss=1.1888, Cls=0.0005, Reg=0.0000, Con=3.9609
2025-09-13 18:35:38,704 - INFO - Batch 920/2278: Loss=1.1883, Cls=0.0000, Reg=0.0000, Con=3.9610
2025-09-13 18:35:39,594 - INFO - Batch 930/2278: Loss=1.1947, Cls=0.0065, Reg=0.0000, Con=3.9608
2025-09-13 18:35:40,460 - INFO - Batch 940/2278: Loss=3.2815, Cls=2.0932, Reg=0.0000, Con=3.9609
2025-09-13 18:35:41,334 - INFO - Batch 950/2278: Loss=1.1883, Cls=0.0000, Reg=0.0000, Con=3.9611
2025-09-13 18:35:42,222 - INFO - Batch 960/2278: Loss=1.1889, Cls=0.0006, Reg=0.0000, Con=3.9609
2025-09-13 18:35:43,097 - INFO - Batch 970/2278: Loss=1.1884, Cls=0.0000, Reg=0.0000, Con=3.9612
2025-09-13 18:35:43,957 - INFO - Batch 980/2278: Loss=0.0000, Cls=0.0000, Reg=0.0000, Con=0.0000
2025-09-13 18:35:44,824 - INFO - Batch 990/2278: Loss=0.0000, Cls=0.0000, Reg=0.0000, Con=0.0000
2025-09-13 18:35:45,683 - INFO - Batch 1000/2278: Loss=4.2707, Cls=3.0825, Reg=0.0000, Con=3.9609
2025-09-13 18:35:46,563 - INFO - Batch 1010/2278: Loss=1.1887, Cls=0.0005, Reg=0.0000, Con=3.9608
2025-09-13 18:35:47,431 - INFO - Batch 1020/2278: Loss=0.0000, Cls=0.0000, Reg=0.0000, Con=0.0000
2025-09-13 18:35:48,299 - INFO - Batch 1030/2278: Loss=1.2254, Cls=0.0371, Reg=0.0000, Con=3.9610
2025-09-13 18:35:49,170 - INFO - Batch 1040/2278: Loss=1.1882, Cls=0.0000, Reg=0.0000, Con=3.9607
2025-09-13 18:35:50,026 - INFO - Batch 1050/2278: Loss=1.1883, Cls=0.0000, Reg=0.0000, Con=3.9609
2025-09-13 18:35:50,892 - INFO - Batch 1060/2278: Loss=1.1882, Cls=0.0000, Reg=0.0000, Con=3.9608
2025-09-13 18:35:51,766 - INFO - Batch 1070/2278: Loss=1.1882, Cls=0.0000, Reg=0.0000, Con=3.9608
2025-09-13 18:35:52,632 - INFO - Batch 1080/2278: Loss=0.0000, Cls=0.0000, Reg=0.0000, Con=0.0000
2025-09-13 18:35:53,524 - INFO - Batch 1090/2278: Loss=1.1883, Cls=0.0000, Reg=0.0000, Con=3.9609
2025-09-13 18:35:54,407 - INFO - Batch 1100/2278: Loss=0.1082, Cls=0.1082, Reg=0.0000, Con=0.0000
2025-09-13 18:35:55,295 - INFO - Batch 1110/2278: Loss=1.1882, Cls=0.0000, Reg=0.0000, Con=3.9608
2025-09-13 18:35:56,195 - INFO - Batch 1120/2278: Loss=0.0000, Cls=0.0000, Reg=0.0000, Con=0.0000
2025-09-13 18:35:57,098 - INFO - Batch 1130/2278: Loss=1.1882, Cls=0.0000, Reg=0.0000, Con=3.9608
2025-09-13 18:35:57,981 - INFO - Batch 1140/2278: Loss=1.1882, Cls=0.0000, Reg=0.0000, Con=3.9608
2025-09-13 18:35:58,834 - INFO - Batch 1150/2278: Loss=1.1883, Cls=0.0000, Reg=0.0000, Con=3.9611
2025-09-13 18:35:59,698 - INFO - Batch 1160/2278: Loss=1.1883, Cls=0.0000, Reg=0.0000, Con=3.9609
2025-09-13 18:36:00,566 - INFO - Batch 1170/2278: Loss=0.0000, Cls=0.0000, Reg=0.0000, Con=0.0000
2025-09-13 18:36:01,424 - INFO - Batch 1180/2278: Loss=1.1883, Cls=0.0000, Reg=0.0000, Con=3.9609
2025-09-13 18:36:02,305 - INFO - Batch 1190/2278: Loss=1.1883, Cls=0.0000, Reg=0.0000, Con=3.9609
2025-09-13 18:36:03,175 - INFO - Batch 1200/2278: Loss=0.0000, Cls=0.0000, Reg=0.0000, Con=0.0000
2025-09-13 18:36:04,051 - INFO - Batch 1210/2278: Loss=1.1883, Cls=0.0000, Reg=0.0000, Con=3.9610
2025-09-13 18:36:04,916 - INFO - Batch 1220/2278: Loss=0.0014, Cls=0.0014, Reg=0.0000, Con=0.0000
2025-09-13 18:36:05,789 - INFO - Batch 1230/2278: Loss=1.1883, Cls=0.0000, Reg=0.0000, Con=3.9609
2025-09-13 18:36:06,678 - INFO - Batch 1240/2278: Loss=1.1883, Cls=0.0000, Reg=0.0000, Con=3.9609
2025-09-13 18:36:07,547 - INFO - Batch 1250/2278: Loss=2.1236, Cls=2.1236, Reg=0.0000, Con=0.0000
2025-09-13 18:36:08,417 - INFO - Batch 1260/2278: Loss=1.1882, Cls=0.0000, Reg=0.0000, Con=3.9608
2025-09-13 18:36:09,301 - INFO - Batch 1270/2278: Loss=1.1883, Cls=0.0000, Reg=0.0000, Con=3.9609
2025-09-13 18:36:10,152 - INFO - Batch 1280/2278: Loss=0.0000, Cls=0.0000, Reg=0.0000, Con=0.0000
2025-09-13 18:36:11,019 - INFO - Batch 1290/2278: Loss=0.0000, Cls=0.0000, Reg=0.0000, Con=0.0000
2025-09-13 18:36:11,895 - INFO - Batch 1300/2278: Loss=1.7617, Cls=0.5734, Reg=0.0000, Con=3.9610
2025-09-13 18:36:12,771 - INFO - Batch 1310/2278: Loss=1.2024, Cls=0.0141, Reg=0.0000, Con=3.9611
2025-09-13 18:36:13,644 - INFO - Batch 1320/2278: Loss=0.0000, Cls=0.0000, Reg=0.0000, Con=0.0000
2025-09-13 18:36:14,505 - INFO - Batch 1330/2278: Loss=6.4148, Cls=5.2264, Reg=0.0000, Con=3.9613
2025-09-13 18:36:15,366 - INFO - Batch 1340/2278: Loss=1.1882, Cls=0.0000, Reg=0.0000, Con=3.9608
2025-09-13 18:36:16,240 - INFO - Batch 1350/2278: Loss=0.0000, Cls=0.0000, Reg=0.0000, Con=0.0000
2025-09-13 18:36:17,112 - INFO - Batch 1360/2278: Loss=1.1883, Cls=0.0000, Reg=0.0000, Con=3.9610
2025-09-13 18:36:18,010 - INFO - Batch 1370/2278: Loss=1.1884, Cls=0.0002, Reg=0.0000, Con=3.9608
2025-09-13 18:36:18,905 - INFO - Batch 1380/2278: Loss=1.1882, Cls=0.0000, Reg=0.0000, Con=3.9608
2025-09-13 18:36:19,766 - INFO - Batch 1390/2278: Loss=1.1883, Cls=0.0000, Reg=0.0000, Con=3.9608
2025-09-13 18:36:20,649 - INFO - Batch 1400/2278: Loss=1.1883, Cls=0.0000, Reg=0.0000, Con=3.9609
2025-09-13 18:36:21,577 - INFO - Batch 1410/2278: Loss=1.1883, Cls=0.0000, Reg=0.0000, Con=3.9612
2025-09-13 18:36:22,460 - INFO - Batch 1420/2278: Loss=0.0000, Cls=0.0000, Reg=0.0000, Con=0.0000
2025-09-13 18:36:23,324 - INFO - Batch 1430/2278: Loss=1.1883, Cls=0.0000, Reg=0.0000, Con=3.9609
2025-09-13 18:36:24,162 - INFO - Batch 1440/2278: Loss=1.1883, Cls=0.0000, Reg=0.0000, Con=3.9609
2025-09-13 18:36:25,002 - INFO - Batch 1450/2278: Loss=1.1882, Cls=0.0000, Reg=0.0000, Con=3.9608
2025-09-13 18:36:25,858 - INFO - Batch 1460/2278: Loss=0.0000, Cls=0.0000, Reg=0.0000, Con=0.0000
2025-09-13 18:36:26,713 - INFO - Batch 1470/2278: Loss=1.2432, Cls=0.0549, Reg=0.0000, Con=3.9609
2025-09-13 18:36:27,567 - INFO - Batch 1480/2278: Loss=1.1882, Cls=0.0000, Reg=0.0000, Con=3.9607
2025-09-13 18:36:28,453 - INFO - Batch 1490/2278: Loss=1.1883, Cls=0.0000, Reg=0.0000, Con=3.9609
2025-09-13 18:36:29,327 - INFO - Batch 1500/2278: Loss=1.1883, Cls=0.0000, Reg=0.0000, Con=3.9609
2025-09-13 18:36:30,210 - INFO - Batch 1510/2278: Loss=0.2808, Cls=0.2808, Reg=0.0000, Con=0.0000
2025-09-13 18:36:31,079 - INFO - Batch 1520/2278: Loss=1.1882, Cls=0.0000, Reg=0.0000, Con=3.9608
2025-09-13 18:36:31,935 - INFO - Batch 1530/2278: Loss=1.1882, Cls=0.0000, Reg=0.0000, Con=3.9608
2025-09-13 18:36:32,815 - INFO - Batch 1540/2278: Loss=1.1883, Cls=0.0000, Reg=0.0000, Con=3.9609
2025-09-13 18:36:33,696 - INFO - Batch 1550/2278: Loss=1.1884, Cls=0.0001, Reg=0.0000, Con=3.9610
2025-09-13 18:36:34,567 - INFO - Batch 1560/2278: Loss=1.1883, Cls=0.0000, Reg=0.0000, Con=3.9609
2025-09-13 18:36:35,458 - INFO - Batch 1570/2278: Loss=1.1882, Cls=0.0000, Reg=0.0000, Con=3.9608
2025-09-13 18:36:36,370 - INFO - Batch 1580/2278: Loss=1.1967, Cls=0.0084, Reg=0.0000, Con=3.9608
2025-09-13 18:36:37,249 - INFO - Batch 1590/2278: Loss=1.1883, Cls=0.0000, Reg=0.0000, Con=3.9609
2025-09-13 18:36:38,111 - INFO - Batch 1600/2278: Loss=1.1904, Cls=0.0022, Reg=0.0000, Con=3.9608
2025-09-13 18:36:38,976 - INFO - Batch 1610/2278: Loss=0.0000, Cls=0.0000, Reg=0.0000, Con=0.0000
2025-09-13 18:36:39,839 - INFO - Batch 1620/2278: Loss=0.0000, Cls=0.0000, Reg=0.0000, Con=0.0000
2025-09-13 18:36:40,730 - INFO - Batch 1630/2278: Loss=1.1882, Cls=0.0000, Reg=0.0000, Con=3.9608
2025-09-13 18:36:41,603 - INFO - Batch 1640/2278: Loss=0.0000, Cls=0.0000, Reg=0.0000, Con=0.0000
2025-09-13 18:36:42,472 - INFO - Batch 1650/2278: Loss=0.0000, Cls=0.0000, Reg=0.0000, Con=0.0000
2025-09-13 18:36:43,360 - INFO - Batch 1660/2278: Loss=0.0000, Cls=0.0000, Reg=0.0000, Con=0.0000
2025-09-13 18:36:44,215 - INFO - Batch 1670/2278: Loss=1.1884, Cls=0.0000, Reg=0.0000, Con=3.9612
2025-09-13 18:36:45,068 - INFO - Batch 1680/2278: Loss=0.0000, Cls=0.0000, Reg=0.0000, Con=0.0000
2025-09-13 18:36:45,945 - INFO - Batch 1690/2278: Loss=1.1884, Cls=0.0000, Reg=0.0000, Con=3.9612
2025-09-13 18:36:46,806 - INFO - Batch 1700/2278: Loss=1.1884, Cls=0.0000, Reg=0.0000, Con=3.9612
2025-09-13 18:36:47,665 - INFO - Batch 1710/2278: Loss=0.0000, Cls=0.0000, Reg=0.0000, Con=0.0000
2025-09-13 18:36:48,527 - INFO - Batch 1720/2278: Loss=1.1882, Cls=0.0000, Reg=0.0000, Con=3.9608
2025-09-13 18:36:49,397 - INFO - Batch 1730/2278: Loss=0.0000, Cls=0.0000, Reg=0.0000, Con=0.0000
2025-09-13 18:36:50,275 - INFO - Batch 1740/2278: Loss=0.0000, Cls=0.0000, Reg=0.0000, Con=0.0000
2025-09-13 18:36:51,142 - INFO - Batch 1750/2278: Loss=1.1883, Cls=0.0000, Reg=0.0000, Con=3.9609
2025-09-13 18:36:52,012 - INFO - Batch 1760/2278: Loss=1.1887, Cls=0.0004, Reg=0.0000, Con=3.9609
2025-09-13 18:36:52,905 - INFO - Batch 1770/2278: Loss=1.1882, Cls=0.0000, Reg=0.0000, Con=3.9608
2025-09-13 18:36:53,782 - INFO - Batch 1780/2278: Loss=1.1883, Cls=0.0000, Reg=0.0000, Con=3.9608
2025-09-13 18:36:54,639 - INFO - Batch 1790/2278: Loss=0.0000, Cls=0.0000, Reg=0.0000, Con=0.0000
2025-09-13 18:36:55,521 - INFO - Batch 1800/2278: Loss=0.0028, Cls=0.0028, Reg=0.0000, Con=0.0000
2025-09-13 18:36:56,400 - INFO - Batch 1810/2278: Loss=0.0473, Cls=0.0473, Reg=0.0000, Con=0.0000
2025-09-13 18:36:57,269 - INFO - Batch 1820/2278: Loss=1.1883, Cls=0.0000, Reg=0.0000, Con=3.9611
2025-09-13 18:36:58,134 - INFO - Batch 1830/2278: Loss=0.0000, Cls=0.0000, Reg=0.0000, Con=0.0000
2025-09-13 18:36:58,985 - INFO - Batch 1840/2278: Loss=0.0000, Cls=0.0000, Reg=0.0000, Con=0.0000
2025-09-13 18:36:59,889 - INFO - Batch 1850/2278: Loss=1.1904, Cls=0.0022, Reg=0.0000, Con=3.9608
2025-09-13 18:37:00,758 - INFO - Batch 1860/2278: Loss=0.0000, Cls=0.0000, Reg=0.0000, Con=0.0000
2025-09-13 18:37:01,635 - INFO - Batch 1870/2278: Loss=1.1882, Cls=0.0000, Reg=0.0000, Con=3.9608
2025-09-13 18:37:02,498 - INFO - Batch 1880/2278: Loss=0.0017, Cls=0.0017, Reg=0.0000, Con=0.0000
2025-09-13 18:37:03,395 - INFO - Batch 1890/2278: Loss=1.1883, Cls=0.0000, Reg=0.0000, Con=3.9609
2025-09-13 18:37:04,259 - INFO - Batch 1900/2278: Loss=0.0000, Cls=0.0000, Reg=0.0000, Con=0.0000
2025-09-13 18:37:05,129 - INFO - Batch 1910/2278: Loss=0.0000, Cls=0.0000, Reg=0.0000, Con=0.0000
2025-09-13 18:37:06,031 - INFO - Batch 1920/2278: Loss=1.1885, Cls=0.0003, Reg=0.0000, Con=3.9607
2025-09-13 18:37:06,899 - INFO - Batch 1930/2278: Loss=1.1882, Cls=0.0000, Reg=0.0000, Con=3.9607
2025-09-13 18:37:07,775 - INFO - Batch 1940/2278: Loss=1.1882, Cls=0.0000, Reg=0.0000, Con=3.9608
2025-09-13 18:37:08,628 - INFO - Batch 1950/2278: Loss=1.1882, Cls=0.0000, Reg=0.0000, Con=3.9608
2025-09-13 18:37:09,490 - INFO - Batch 1960/2278: Loss=4.6435, Cls=3.4552, Reg=0.0000, Con=3.9609
2025-09-13 18:37:10,350 - INFO - Batch 1970/2278: Loss=1.1890, Cls=0.0007, Reg=0.0000, Con=3.9611
2025-09-13 18:37:11,224 - INFO - Batch 1980/2278: Loss=2.3109, Cls=1.1226, Reg=0.0000, Con=3.9608
2025-09-13 18:37:12,091 - INFO - Batch 1990/2278: Loss=1.1884, Cls=0.0000, Reg=0.0000, Con=3.9615
2025-09-13 18:37:12,952 - INFO - Batch 2000/2278: Loss=0.0000, Cls=0.0000, Reg=0.0000, Con=0.0000
2025-09-13 18:37:13,832 - INFO - Batch 2010/2278: Loss=1.1883, Cls=0.0000, Reg=0.0000, Con=3.9608
2025-09-13 18:37:14,687 - INFO - Batch 2020/2278: Loss=1.1882, Cls=0.0000, Reg=0.0000, Con=3.9608
2025-09-13 18:37:15,555 - INFO - Batch 2030/2278: Loss=1.1896, Cls=0.0014, Reg=0.0000, Con=3.9607
2025-09-13 18:37:16,431 - INFO - Batch 2040/2278: Loss=1.1883, Cls=0.0000, Reg=0.0000, Con=3.9609
2025-09-13 18:37:17,326 - INFO - Batch 2050/2278: Loss=1.1883, Cls=0.0000, Reg=0.0000, Con=3.9608
2025-09-13 18:37:18,184 - INFO - Batch 2060/2278: Loss=0.0000, Cls=0.0000, Reg=0.0000, Con=0.0000
2025-09-13 18:37:19,028 - INFO - Batch 2070/2278: Loss=1.1883, Cls=0.0000, Reg=0.0000, Con=3.9611
2025-09-13 18:37:19,885 - INFO - Batch 2080/2278: Loss=1.1883, Cls=0.0000, Reg=0.0000, Con=3.9610
2025-09-13 18:37:20,756 - INFO - Batch 2090/2278: Loss=1.1884, Cls=0.0000, Reg=0.0000, Con=3.9612
2025-09-13 18:37:21,630 - INFO - Batch 2100/2278: Loss=1.1883, Cls=0.0000, Reg=0.0000, Con=3.9611
2025-09-13 18:37:22,492 - INFO - Batch 2110/2278: Loss=6.1492, Cls=4.9610, Reg=0.0000, Con=3.9609
2025-09-13 18:37:23,369 - INFO - Batch 2120/2278: Loss=1.6855, Cls=1.6855, Reg=0.0000, Con=0.0000
2025-09-13 18:37:24,263 - INFO - Batch 2130/2278: Loss=1.1882, Cls=0.0000, Reg=0.0000, Con=3.9606
2025-09-13 18:37:25,136 - INFO - Batch 2140/2278: Loss=1.1882, Cls=0.0000, Reg=0.0000, Con=3.9608
2025-09-13 18:37:25,997 - INFO - Batch 2150/2278: Loss=1.1882, Cls=0.0000, Reg=0.0000, Con=3.9607
2025-09-13 18:37:26,845 - INFO - Batch 2160/2278: Loss=1.1882, Cls=0.0000, Reg=0.0000, Con=3.9608
2025-09-13 18:37:27,710 - INFO - Batch 2170/2278: Loss=1.1883, Cls=0.0000, Reg=0.0000, Con=3.9609
2025-09-13 18:37:28,562 - INFO - Batch 2180/2278: Loss=0.0000, Cls=0.0000, Reg=0.0000, Con=0.0000
2025-09-13 18:37:29,438 - INFO - Batch 2190/2278: Loss=0.0000, Cls=0.0000, Reg=0.0000, Con=0.0000
2025-09-13 18:37:30,333 - INFO - Batch 2200/2278: Loss=1.1882, Cls=0.0000, Reg=0.0000, Con=3.9605
2025-09-13 18:37:31,215 - INFO - Batch 2210/2278: Loss=1.1883, Cls=0.0000, Reg=0.0000, Con=3.9609
2025-09-13 18:37:32,094 - INFO - Batch 2220/2278: Loss=1.1883, Cls=0.0000, Reg=0.0000, Con=3.9610
2025-09-13 18:37:32,937 - INFO - Batch 2230/2278: Loss=0.0000, Cls=0.0000, Reg=0.0000, Con=0.0000
2025-09-13 18:37:33,804 - INFO - Batch 2240/2278: Loss=0.0000, Cls=0.0000, Reg=0.0000, Con=0.0000
2025-09-13 18:37:34,633 - INFO - Batch 2250/2278: Loss=1.1883, Cls=0.0000, Reg=0.0000, Con=3.9609
2025-09-13 18:37:35,505 - INFO - Batch 2260/2278: Loss=1.3474, Cls=0.1592, Reg=0.0000, Con=3.9608
2025-09-13 18:37:36,362 - INFO - Batch 2270/2278: Loss=0.0000, Cls=0.0000, Reg=0.0000, Con=0.0000
2025-09-13 18:41:00,419 - INFO - === Epoch 1 Results ===
2025-09-13 18:41:00,419 - INFO - Training Loss: 0.9072 (Classification: 0.1372, Regression: 0.0000)
2025-09-13 18:41:00,419 - INFO - Validation Loss: 0.0571 (Classification: 0.0571, Regression: 0.0000)
2025-09-13 18:41:00,419 - INFO - Average Classification Accuracy: 0.7853 (on 1/26 tasks)
2025-09-13 18:41:00,419 - INFO - Average AUC: 0.8486
2025-09-13 18:41:00,946 - INFO - Best model saved to: experiments/r1c3_single_cls_6_seed_42_20250913_183415/checkpoints/r1c3_single_cls_6_seed_42_best.pth
2025-09-13 18:41:00,947 - INFO - 
Epoch 2/3
2025-09-13 18:41:01,051 - INFO - Batch 0/2278: Loss=0.0143, Cls=0.0143, Reg=0.0000, Con=0.0000
2025-09-13 18:41:01,938 - INFO - Batch 10/2278: Loss=1.1881, Cls=0.0000, Reg=0.0000, Con=3.9604
2025-09-13 18:41:02,836 - INFO - Batch 20/2278: Loss=1.1955, Cls=0.0071, Reg=0.0000, Con=3.9610
2025-09-13 18:41:03,714 - INFO - Batch 30/2278: Loss=1.1883, Cls=0.0000, Reg=0.0000, Con=3.9608
2025-09-13 18:41:04,582 - INFO - Batch 40/2278: Loss=1.1935, Cls=0.0053, Reg=0.0000, Con=3.9608
2025-09-13 18:41:05,518 - INFO - Batch 50/2278: Loss=0.6146, Cls=0.6146, Reg=0.0000, Con=0.0000
2025-09-13 18:41:06,404 - INFO - Batch 60/2278: Loss=0.0000, Cls=0.0000, Reg=0.0000, Con=0.0000
2025-09-13 18:41:07,279 - INFO - Batch 70/2278: Loss=1.1882, Cls=0.0000, Reg=0.0000, Con=3.9607
2025-09-13 18:41:08,164 - INFO - Batch 80/2278: Loss=1.1883, Cls=0.0000, Reg=0.0000, Con=3.9609
2025-09-13 18:41:09,060 - INFO - Batch 90/2278: Loss=0.0085, Cls=0.0085, Reg=0.0000, Con=0.0000
2025-09-13 18:41:09,960 - INFO - Batch 100/2278: Loss=1.1883, Cls=0.0000, Reg=0.0000, Con=3.9609
2025-09-13 18:41:10,853 - INFO - Batch 110/2278: Loss=1.4888, Cls=0.3005, Reg=0.0000, Con=3.9609
2025-09-13 18:41:11,738 - INFO - Batch 120/2278: Loss=2.5850, Cls=2.5850, Reg=0.0000, Con=0.0000
2025-09-13 18:41:12,617 - INFO - Batch 130/2278: Loss=1.1882, Cls=0.0000, Reg=0.0000, Con=3.9607
2025-09-13 18:41:13,487 - INFO - Batch 140/2278: Loss=1.1883, Cls=0.0000, Reg=0.0000, Con=3.9609
2025-09-13 18:41:14,362 - INFO - Batch 150/2278: Loss=1.1883, Cls=0.0000, Reg=0.0000, Con=3.9611
2025-09-13 18:41:15,240 - INFO - Batch 160/2278: Loss=1.1883, Cls=0.0000, Reg=0.0000, Con=3.9609
2025-09-13 18:41:16,108 - INFO - Batch 170/2278: Loss=0.0000, Cls=0.0000, Reg=0.0000, Con=0.0000
2025-09-13 18:41:16,999 - INFO - Batch 180/2278: Loss=1.1884, Cls=0.0001, Reg=0.0000, Con=3.9609
2025-09-13 18:41:17,874 - INFO - Batch 190/2278: Loss=5.0596, Cls=5.0596, Reg=0.0000, Con=0.0000
2025-09-13 18:41:18,772 - INFO - Batch 200/2278: Loss=1.1882, Cls=0.0000, Reg=0.0000, Con=3.9608
2025-09-13 18:41:19,647 - INFO - Batch 210/2278: Loss=1.1883, Cls=0.0000, Reg=0.0000, Con=3.9609
2025-09-13 18:41:20,521 - INFO - Batch 220/2278: Loss=0.0005, Cls=0.0005, Reg=0.0000, Con=0.0000
2025-09-13 18:41:21,433 - INFO - Batch 230/2278: Loss=10.2034, Cls=10.2034, Reg=0.0000, Con=0.0000
2025-09-13 18:41:22,321 - INFO - Batch 240/2278: Loss=0.0000, Cls=0.0000, Reg=0.0000, Con=0.0000
2025-09-13 18:41:23,207 - INFO - Batch 250/2278: Loss=0.0000, Cls=0.0000, Reg=0.0000, Con=0.0000
2025-09-13 18:41:24,065 - INFO - Batch 260/2278: Loss=0.0000, Cls=0.0000, Reg=0.0000, Con=0.0000
2025-09-13 18:41:24,946 - INFO - Batch 270/2278: Loss=1.1883, Cls=0.0000, Reg=0.0000, Con=3.9608
2025-09-13 18:41:25,823 - INFO - Batch 280/2278: Loss=1.1883, Cls=0.0000, Reg=0.0000, Con=3.9609
2025-09-13 18:41:26,704 - INFO - Batch 290/2278: Loss=1.1883, Cls=0.0000, Reg=0.0000, Con=3.9609
2025-09-13 18:41:27,594 - INFO - Batch 300/2278: Loss=1.1885, Cls=0.0002, Reg=0.0000, Con=3.9609
2025-09-13 18:41:28,496 - INFO - Batch 310/2278: Loss=3.5266, Cls=2.3384, Reg=0.0000, Con=3.9608
2025-09-13 18:41:29,399 - INFO - Batch 320/2278: Loss=0.0000, Cls=0.0000, Reg=0.0000, Con=0.0000
2025-09-13 18:41:30,268 - INFO - Batch 330/2278: Loss=1.1883, Cls=0.0000, Reg=0.0000, Con=3.9609
2025-09-13 18:41:31,126 - INFO - Batch 340/2278: Loss=2.4217, Cls=1.2335, Reg=0.0000, Con=3.9609
2025-09-13 18:41:31,996 - INFO - Batch 350/2278: Loss=1.1883, Cls=0.0000, Reg=0.0000, Con=3.9609
2025-09-13 18:41:32,876 - INFO - Batch 360/2278: Loss=1.2008, Cls=0.0125, Reg=0.0000, Con=3.9609
2025-09-13 18:41:33,725 - INFO - Batch 370/2278: Loss=1.1883, Cls=0.0000, Reg=0.0000, Con=3.9609
2025-09-13 18:41:34,589 - INFO - Batch 380/2278: Loss=1.1882, Cls=0.0000, Reg=0.0000, Con=3.9608
2025-09-13 18:41:35,519 - INFO - Batch 390/2278: Loss=1.1888, Cls=0.0005, Reg=0.0000, Con=3.9609
2025-09-13 18:41:36,420 - INFO - Batch 400/2278: Loss=0.0000, Cls=0.0000, Reg=0.0000, Con=0.0000
2025-09-13 18:41:37,335 - INFO - Batch 410/2278: Loss=1.1882, Cls=0.0000, Reg=0.0000, Con=3.9608
2025-09-13 18:41:38,240 - INFO - Batch 420/2278: Loss=3.2308, Cls=3.2308, Reg=0.0000, Con=0.0000
2025-09-13 18:41:39,133 - INFO - Batch 430/2278: Loss=0.0000, Cls=0.0000, Reg=0.0000, Con=0.0000
2025-09-13 18:41:40,003 - INFO - Batch 440/2278: Loss=1.1882, Cls=0.0000, Reg=0.0000, Con=3.9608
2025-09-13 18:41:40,867 - INFO - Batch 450/2278: Loss=1.1882, Cls=0.0000, Reg=0.0000, Con=3.9607
2025-09-13 18:41:41,738 - INFO - Batch 460/2278: Loss=0.0000, Cls=0.0000, Reg=0.0000, Con=0.0000
2025-09-13 18:41:42,635 - INFO - Batch 470/2278: Loss=1.1882, Cls=0.0000, Reg=0.0000, Con=3.9608
2025-09-13 18:41:43,520 - INFO - Batch 480/2278: Loss=0.0000, Cls=0.0000, Reg=0.0000, Con=0.0000
2025-09-13 18:41:44,414 - INFO - Batch 490/2278: Loss=1.1883, Cls=0.0000, Reg=0.0000, Con=3.9610
2025-09-13 18:41:45,292 - INFO - Batch 500/2278: Loss=1.1882, Cls=0.0000, Reg=0.0000, Con=3.9607
2025-09-13 18:41:46,183 - INFO - Batch 510/2278: Loss=1.1882, Cls=0.0000, Reg=0.0000, Con=3.9607
2025-09-13 18:41:47,077 - INFO - Batch 520/2278: Loss=5.6275, Cls=4.4393, Reg=0.0000, Con=3.9607
2025-09-13 18:41:47,951 - INFO - Batch 530/2278: Loss=1.2136, Cls=0.0253, Reg=0.0000, Con=3.9608
2025-09-13 18:41:48,812 - INFO - Batch 540/2278: Loss=1.1883, Cls=0.0000, Reg=0.0000, Con=3.9610
2025-09-13 18:41:49,673 - INFO - Batch 550/2278: Loss=1.1882, Cls=0.0000, Reg=0.0000, Con=3.9607
2025-09-13 18:41:50,559 - INFO - Batch 560/2278: Loss=0.0000, Cls=0.0000, Reg=0.0000, Con=0.0000
2025-09-13 18:41:51,453 - INFO - Batch 570/2278: Loss=1.1882, Cls=0.0000, Reg=0.0000, Con=3.9608
2025-09-13 18:41:52,329 - INFO - Batch 580/2278: Loss=0.0000, Cls=0.0000, Reg=0.0000, Con=0.0000
2025-09-13 18:41:53,205 - INFO - Batch 590/2278: Loss=1.1882, Cls=0.0000, Reg=0.0000, Con=3.9608
2025-09-13 18:41:54,070 - INFO - Batch 600/2278: Loss=0.0000, Cls=0.0000, Reg=0.0000, Con=0.0000
2025-09-13 18:41:54,951 - INFO - Batch 610/2278: Loss=1.1882, Cls=0.0000, Reg=0.0000, Con=3.9608
2025-09-13 18:41:55,828 - INFO - Batch 620/2278: Loss=1.1935, Cls=0.0053, Reg=0.0000, Con=3.9608
2025-09-13 18:41:56,690 - INFO - Batch 630/2278: Loss=0.0000, Cls=0.0000, Reg=0.0000, Con=0.0000
2025-09-13 18:41:57,596 - INFO - Batch 640/2278: Loss=0.0000, Cls=0.0000, Reg=0.0000, Con=0.0000
2025-09-13 18:41:58,473 - INFO - Batch 650/2278: Loss=0.0000, Cls=0.0000, Reg=0.0000, Con=0.0000
2025-09-13 18:41:59,351 - INFO - Batch 660/2278: Loss=1.1882, Cls=0.0000, Reg=0.0000, Con=3.9607
2025-09-13 18:42:00,248 - INFO - Batch 670/2278: Loss=1.1883, Cls=0.0000, Reg=0.0000, Con=3.9609
2025-09-13 18:42:01,135 - INFO - Batch 680/2278: Loss=1.1882, Cls=0.0000, Reg=0.0000, Con=3.9608
2025-09-13 18:42:02,017 - INFO - Batch 690/2278: Loss=1.1884, Cls=0.0000, Reg=0.0000, Con=3.9613
2025-09-13 18:42:02,918 - INFO - Batch 700/2278: Loss=0.0000, Cls=0.0000, Reg=0.0000, Con=0.0000
2025-09-13 18:42:03,787 - INFO - Batch 710/2278: Loss=1.1883, Cls=0.0000, Reg=0.0000, Con=3.9610
2025-09-13 18:42:04,661 - INFO - Batch 720/2278: Loss=1.6294, Cls=0.4411, Reg=0.0000, Con=3.9609
2025-09-13 18:42:05,527 - INFO - Batch 730/2278: Loss=1.1884, Cls=0.0000, Reg=0.0000, Con=3.9612
2025-09-13 18:42:06,384 - INFO - Batch 740/2278: Loss=1.1883, Cls=0.0000, Reg=0.0000, Con=3.9610
2025-09-13 18:42:07,250 - INFO - Batch 750/2278: Loss=0.0000, Cls=0.0000, Reg=0.0000, Con=0.0000
2025-09-13 18:42:08,108 - INFO - Batch 760/2278: Loss=0.0000, Cls=0.0000, Reg=0.0000, Con=0.0000
2025-09-13 18:42:09,001 - INFO - Batch 770/2278: Loss=1.1883, Cls=0.0000, Reg=0.0000, Con=3.9608
2025-09-13 18:42:09,900 - INFO - Batch 780/2278: Loss=0.0000, Cls=0.0000, Reg=0.0000, Con=0.0000
2025-09-13 18:42:10,788 - INFO - Batch 790/2278: Loss=1.1883, Cls=0.0000, Reg=0.0000, Con=3.9609
2025-09-13 18:42:11,690 - INFO - Batch 800/2278: Loss=0.0000, Cls=0.0000, Reg=0.0000, Con=0.0000
2025-09-13 18:42:12,556 - INFO - Batch 810/2278: Loss=0.0000, Cls=0.0000, Reg=0.0000, Con=0.0000
2025-09-13 18:42:13,416 - INFO - Batch 820/2278: Loss=1.1903, Cls=0.0021, Reg=0.0000, Con=3.9608
2025-09-13 18:42:14,317 - INFO - Batch 830/2278: Loss=1.1882, Cls=0.0000, Reg=0.0000, Con=3.9607
2025-09-13 18:42:15,214 - INFO - Batch 840/2278: Loss=1.1882, Cls=0.0000, Reg=0.0000, Con=3.9608
2025-09-13 18:42:16,084 - INFO - Batch 850/2278: Loss=0.0000, Cls=0.0000, Reg=0.0000, Con=0.0000
2025-09-13 18:42:17,023 - INFO - Batch 860/2278: Loss=2.2781, Cls=1.0899, Reg=0.0000, Con=3.9608
2025-09-13 18:42:17,892 - INFO - Batch 870/2278: Loss=0.0000, Cls=0.0000, Reg=0.0000, Con=0.0000
2025-09-13 18:42:18,767 - INFO - Batch 880/2278: Loss=0.0000, Cls=0.0000, Reg=0.0000, Con=0.0000
2025-09-13 18:42:19,639 - INFO - Batch 890/2278: Loss=1.1883, Cls=0.0000, Reg=0.0000, Con=3.9609
2025-09-13 18:42:20,526 - INFO - Batch 900/2278: Loss=0.0000, Cls=0.0000, Reg=0.0000, Con=0.0000
2025-09-13 18:42:21,384 - INFO - Batch 910/2278: Loss=0.0000, Cls=0.0000, Reg=0.0000, Con=0.0000
2025-09-13 18:42:22,258 - INFO - Batch 920/2278: Loss=1.1883, Cls=0.0000, Reg=0.0000, Con=3.9611
2025-09-13 18:42:23,132 - INFO - Batch 930/2278: Loss=1.2084, Cls=0.0202, Reg=0.0000, Con=3.9609
2025-09-13 18:42:24,010 - INFO - Batch 940/2278: Loss=0.0000, Cls=0.0000, Reg=0.0000, Con=0.0000
2025-09-13 18:42:24,883 - INFO - Batch 950/2278: Loss=0.1403, Cls=0.1403, Reg=0.0000, Con=0.0000
2025-09-13 18:42:25,819 - INFO - Batch 960/2278: Loss=0.0013, Cls=0.0013, Reg=0.0000, Con=0.0000
2025-09-13 18:42:26,702 - INFO - Batch 970/2278: Loss=0.0000, Cls=0.0000, Reg=0.0000, Con=0.0000
2025-09-13 18:42:27,557 - INFO - Batch 980/2278: Loss=1.1883, Cls=0.0000, Reg=0.0000, Con=3.9609
2025-09-13 18:42:28,429 - INFO - Batch 990/2278: Loss=1.1882, Cls=0.0000, Reg=0.0000, Con=3.9606
2025-09-13 18:42:29,294 - INFO - Batch 1000/2278: Loss=1.1883, Cls=0.0000, Reg=0.0000, Con=3.9609
2025-09-13 18:42:30,151 - INFO - Batch 1010/2278: Loss=1.1883, Cls=0.0000, Reg=0.0000, Con=3.9609
2025-09-13 18:42:31,009 - INFO - Batch 1020/2278: Loss=1.1885, Cls=0.0000, Reg=0.0000, Con=3.9615
2025-09-13 18:42:31,886 - INFO - Batch 1030/2278: Loss=1.1882, Cls=0.0000, Reg=0.0000, Con=3.9608
2025-09-13 18:42:32,771 - INFO - Batch 1040/2278: Loss=1.1882, Cls=0.0000, Reg=0.0000, Con=3.9608
2025-09-13 18:42:33,662 - INFO - Batch 1050/2278: Loss=1.1883, Cls=0.0000, Reg=0.0000, Con=3.9611
2025-09-13 18:42:34,524 - INFO - Batch 1060/2278: Loss=1.1883, Cls=0.0000, Reg=0.0000, Con=3.9612
2025-09-13 18:42:35,396 - INFO - Batch 1070/2278: Loss=2.7039, Cls=1.5156, Reg=0.0000, Con=3.9609
2025-09-13 18:42:36,269 - INFO - Batch 1080/2278: Loss=1.1883, Cls=0.0000, Reg=0.0000, Con=3.9609
2025-09-13 18:42:37,201 - INFO - Batch 1090/2278: Loss=1.1882, Cls=0.0000, Reg=0.0000, Con=3.9608
2025-09-13 18:42:38,081 - INFO - Batch 1100/2278: Loss=1.2468, Cls=0.0586, Reg=0.0000, Con=3.9608
2025-09-13 18:42:38,940 - INFO - Batch 1110/2278: Loss=1.1883, Cls=0.0000, Reg=0.0000, Con=3.9608
2025-09-13 18:42:39,818 - INFO - Batch 1120/2278: Loss=1.1902, Cls=0.0020, Reg=0.0000, Con=3.9608
2025-09-13 18:42:40,697 - INFO - Batch 1130/2278: Loss=0.0020, Cls=0.0020, Reg=0.0000, Con=0.0000
2025-09-13 18:42:41,579 - INFO - Batch 1140/2278: Loss=0.0000, Cls=0.0000, Reg=0.0000, Con=0.0000
2025-09-13 18:42:42,460 - INFO - Batch 1150/2278: Loss=1.1883, Cls=0.0000, Reg=0.0000, Con=3.9609
2025-09-13 18:42:43,321 - INFO - Batch 1160/2278: Loss=1.1882, Cls=0.0000, Reg=0.0000, Con=3.9607
2025-09-13 18:42:44,197 - INFO - Batch 1170/2278: Loss=0.0000, Cls=0.0000, Reg=0.0000, Con=0.0000
2025-09-13 18:42:45,077 - INFO - Batch 1180/2278: Loss=1.1883, Cls=0.0000, Reg=0.0000, Con=3.9609
2025-09-13 18:42:45,957 - INFO - Batch 1190/2278: Loss=1.1883, Cls=0.0000, Reg=0.0000, Con=3.9610
2025-09-13 18:42:46,841 - INFO - Batch 1200/2278: Loss=1.1883, Cls=0.0000, Reg=0.0000, Con=3.9609
2025-09-13 18:42:47,728 - INFO - Batch 1210/2278: Loss=1.1882, Cls=0.0000, Reg=0.0000, Con=3.9608
2025-09-13 18:42:48,632 - INFO - Batch 1220/2278: Loss=1.1907, Cls=0.0024, Reg=0.0000, Con=3.9608
2025-09-13 18:42:49,527 - INFO - Batch 1230/2278: Loss=1.1883, Cls=0.0000, Reg=0.0000, Con=3.9609
2025-09-13 18:42:50,396 - INFO - Batch 1240/2278: Loss=1.1883, Cls=0.0000, Reg=0.0000, Con=3.9609
2025-09-13 18:42:51,261 - INFO - Batch 1250/2278: Loss=0.0000, Cls=0.0000, Reg=0.0000, Con=0.0000
2025-09-13 18:42:52,132 - INFO - Batch 1260/2278: Loss=1.1882, Cls=0.0000, Reg=0.0000, Con=3.9607
2025-09-13 18:42:52,990 - INFO - Batch 1270/2278: Loss=0.0000, Cls=0.0000, Reg=0.0000, Con=0.0000
2025-09-13 18:42:53,832 - INFO - Batch 1280/2278: Loss=1.1882, Cls=0.0000, Reg=0.0000, Con=3.9608
2025-09-13 18:42:54,734 - INFO - Batch 1290/2278: Loss=1.1883, Cls=0.0000, Reg=0.0000, Con=3.9610
2025-09-13 18:42:55,612 - INFO - Batch 1300/2278: Loss=1.1883, Cls=0.0000, Reg=0.0000, Con=3.9610
2025-09-13 18:42:56,483 - INFO - Batch 1310/2278: Loss=0.0000, Cls=0.0000, Reg=0.0000, Con=0.0000
2025-09-13 18:42:57,360 - INFO - Batch 1320/2278: Loss=1.1883, Cls=0.0000, Reg=0.0000, Con=3.9609
2025-09-13 18:42:58,238 - INFO - Batch 1330/2278: Loss=1.1883, Cls=0.0000, Reg=0.0000, Con=3.9609
2025-09-13 18:42:59,143 - INFO - Batch 1340/2278: Loss=0.0000, Cls=0.0000, Reg=0.0000, Con=0.0000
2025-09-13 18:43:00,004 - INFO - Batch 1350/2278: Loss=0.0000, Cls=0.0000, Reg=0.0000, Con=0.0000
2025-09-13 18:43:00,879 - INFO - Batch 1360/2278: Loss=1.1882, Cls=0.0000, Reg=0.0000, Con=3.9608
2025-09-13 18:43:01,736 - INFO - Batch 1370/2278: Loss=1.1882, Cls=0.0000, Reg=0.0000, Con=3.9608
2025-09-13 18:43:02,604 - INFO - Batch 1380/2278: Loss=1.1914, Cls=0.0032, Reg=0.0000, Con=3.9609
2025-09-13 18:43:03,473 - INFO - Batch 1390/2278: Loss=1.1883, Cls=0.0000, Reg=0.0000, Con=3.9608
2025-09-13 18:43:04,370 - INFO - Batch 1400/2278: Loss=0.1000, Cls=0.1000, Reg=0.0000, Con=0.0000
2025-09-13 18:43:05,249 - INFO - Batch 1410/2278: Loss=1.1882, Cls=0.0000, Reg=0.0000, Con=3.9608
2025-09-13 18:43:06,129 - INFO - Batch 1420/2278: Loss=0.0000, Cls=0.0000, Reg=0.0000, Con=0.0000
2025-09-13 18:43:07,012 - INFO - Batch 1430/2278: Loss=0.0000, Cls=0.0000, Reg=0.0000, Con=0.0000
2025-09-13 18:43:07,879 - INFO - Batch 1440/2278: Loss=1.1886, Cls=0.0002, Reg=0.0000, Con=3.9613
2025-09-13 18:43:08,740 - INFO - Batch 1450/2278: Loss=0.0000, Cls=0.0000, Reg=0.0000, Con=0.0000
2025-09-13 18:43:09,613 - INFO - Batch 1460/2278: Loss=1.1883, Cls=0.0000, Reg=0.0000, Con=3.9609
2025-09-13 18:43:10,487 - INFO - Batch 1470/2278: Loss=1.1883, Cls=0.0000, Reg=0.0000, Con=3.9608
2025-09-13 18:43:11,380 - INFO - Batch 1480/2278: Loss=0.0000, Cls=0.0000, Reg=0.0000, Con=0.0000
2025-09-13 18:43:12,360 - INFO - Batch 1490/2278: Loss=3.7337, Cls=3.7337, Reg=0.0000, Con=0.0000
2025-09-13 18:43:13,255 - INFO - Batch 1500/2278: Loss=0.0000, Cls=0.0000, Reg=0.0000, Con=0.0000
2025-09-13 18:43:14,113 - INFO - Batch 1510/2278: Loss=1.1883, Cls=0.0000, Reg=0.0000, Con=3.9608
2025-09-13 18:43:14,940 - INFO - Batch 1520/2278: Loss=1.2018, Cls=0.0135, Reg=0.0000, Con=3.9608
2025-09-13 18:43:15,824 - INFO - Batch 1530/2278: Loss=1.1883, Cls=0.0000, Reg=0.0000, Con=3.9609
2025-09-13 18:43:16,698 - INFO - Batch 1540/2278: Loss=0.0119, Cls=0.0119, Reg=0.0000, Con=0.0000
2025-09-13 18:43:17,574 - INFO - Batch 1550/2278: Loss=1.1936, Cls=0.0053, Reg=0.0000, Con=3.9609
2025-09-13 18:43:18,471 - INFO - Batch 1560/2278: Loss=1.1883, Cls=0.0000, Reg=0.0000, Con=3.9608
2025-09-13 18:43:19,320 - INFO - Batch 1570/2278: Loss=1.1883, Cls=0.0000, Reg=0.0000, Con=3.9609
2025-09-13 18:43:20,185 - INFO - Batch 1580/2278: Loss=0.0000, Cls=0.0000, Reg=0.0000, Con=0.0000
2025-09-13 18:43:21,077 - INFO - Batch 1590/2278: Loss=0.0000, Cls=0.0000, Reg=0.0000, Con=0.0000
2025-09-13 18:43:21,961 - INFO - Batch 1600/2278: Loss=1.2253, Cls=0.0370, Reg=0.0000, Con=3.9609
2025-09-13 18:43:22,846 - INFO - Batch 1610/2278: Loss=0.0000, Cls=0.0000, Reg=0.0000, Con=0.0000
2025-09-13 18:43:23,738 - INFO - Batch 1620/2278: Loss=1.1883, Cls=0.0000, Reg=0.0000, Con=3.9609
2025-09-13 18:43:24,590 - INFO - Batch 1630/2278: Loss=0.0000, Cls=0.0000, Reg=0.0000, Con=0.0000
2025-09-13 18:43:25,472 - INFO - Batch 1640/2278: Loss=1.1940, Cls=0.0057, Reg=0.0000, Con=3.9609
2025-09-13 18:43:26,344 - INFO - Batch 1650/2278: Loss=0.0015, Cls=0.0015, Reg=0.0000, Con=0.0000
2025-09-13 18:43:27,212 - INFO - Batch 1660/2278: Loss=1.1882, Cls=0.0000, Reg=0.0000, Con=3.9607
2025-09-13 18:43:28,103 - INFO - Batch 1670/2278: Loss=1.1883, Cls=0.0000, Reg=0.0000, Con=3.9608
2025-09-13 18:43:28,979 - INFO - Batch 1680/2278: Loss=1.1885, Cls=0.0000, Reg=0.0000, Con=3.9615
2025-09-13 18:43:29,879 - INFO - Batch 1690/2278: Loss=0.0000, Cls=0.0000, Reg=0.0000, Con=0.0000
2025-09-13 18:43:30,747 - INFO - Batch 1700/2278: Loss=1.1882, Cls=0.0000, Reg=0.0000, Con=3.9608
2025-09-13 18:43:31,614 - INFO - Batch 1710/2278: Loss=1.1883, Cls=0.0000, Reg=0.0000, Con=3.9612
2025-09-13 18:43:32,492 - INFO - Batch 1720/2278: Loss=1.1883, Cls=0.0000, Reg=0.0000, Con=3.9610
2025-09-13 18:43:33,379 - INFO - Batch 1730/2278: Loss=1.1883, Cls=0.0000, Reg=0.0000, Con=3.9609
2025-09-13 18:43:34,237 - INFO - Batch 1740/2278: Loss=1.1883, Cls=0.0000, Reg=0.0000, Con=3.9610
2025-09-13 18:43:35,164 - INFO - Batch 1750/2278: Loss=1.1883, Cls=0.0000, Reg=0.0000, Con=3.9609
2025-09-13 18:43:36,068 - INFO - Batch 1760/2278: Loss=1.1882, Cls=0.0000, Reg=0.0000, Con=3.9608
2025-09-13 18:43:36,947 - INFO - Batch 1770/2278: Loss=1.1883, Cls=0.0000, Reg=0.0000, Con=3.9610
2025-09-13 18:43:37,814 - INFO - Batch 1780/2278: Loss=1.1883, Cls=0.0000, Reg=0.0000, Con=3.9609
2025-09-13 18:43:38,676 - INFO - Batch 1790/2278: Loss=1.1882, Cls=0.0000, Reg=0.0000, Con=3.9608
2025-09-13 18:43:39,542 - INFO - Batch 1800/2278: Loss=1.1883, Cls=0.0000, Reg=0.0000, Con=3.9609
2025-09-13 18:43:40,388 - INFO - Batch 1810/2278: Loss=1.1883, Cls=0.0000, Reg=0.0000, Con=3.9610
2025-09-13 18:43:41,261 - INFO - Batch 1820/2278: Loss=1.1882, Cls=0.0000, Reg=0.0000, Con=3.9608
2025-09-13 18:43:42,134 - INFO - Batch 1830/2278: Loss=4.7989, Cls=3.6104, Reg=0.0000, Con=3.9615
2025-09-13 18:43:43,021 - INFO - Batch 1840/2278: Loss=1.1883, Cls=0.0000, Reg=0.0000, Con=3.9609
2025-09-13 18:43:43,911 - INFO - Batch 1850/2278: Loss=1.1884, Cls=0.0001, Reg=0.0000, Con=3.9608
2025-09-13 18:43:44,793 - INFO - Batch 1860/2278: Loss=0.0000, Cls=0.0000, Reg=0.0000, Con=0.0000
2025-09-13 18:43:45,664 - INFO - Batch 1870/2278: Loss=0.0627, Cls=0.0627, Reg=0.0000, Con=0.0000
2025-09-13 18:43:46,541 - INFO - Batch 1880/2278: Loss=1.1883, Cls=0.0000, Reg=0.0000, Con=3.9610
2025-09-13 18:43:47,420 - INFO - Batch 1890/2278: Loss=0.0000, Cls=0.0000, Reg=0.0000, Con=0.0000
2025-09-13 18:43:48,293 - INFO - Batch 1900/2278: Loss=1.1882, Cls=0.0000, Reg=0.0000, Con=3.9607
2025-09-13 18:43:49,176 - INFO - Batch 1910/2278: Loss=1.1882, Cls=0.0000, Reg=0.0000, Con=3.9607
2025-09-13 18:43:50,082 - INFO - Batch 1920/2278: Loss=1.1893, Cls=0.0010, Reg=0.0000, Con=3.9608
2025-09-13 18:43:50,956 - INFO - Batch 1930/2278: Loss=0.0049, Cls=0.0049, Reg=0.0000, Con=0.0000
2025-09-13 18:43:51,830 - INFO - Batch 1940/2278: Loss=1.1882, Cls=0.0000, Reg=0.0000, Con=3.9607
2025-09-13 18:43:52,673 - INFO - Batch 1950/2278: Loss=1.1883, Cls=0.0000, Reg=0.0000, Con=3.9609
2025-09-13 18:43:53,595 - INFO - Batch 1960/2278: Loss=1.1884, Cls=0.0001, Reg=0.0000, Con=3.9609
2025-09-13 18:43:54,474 - INFO - Batch 1970/2278: Loss=1.1882, Cls=0.0000, Reg=0.0000, Con=3.9606
2025-09-13 18:43:55,354 - INFO - Batch 1980/2278: Loss=1.1882, Cls=0.0000, Reg=0.0000, Con=3.9608
2025-09-13 18:43:56,253 - INFO - Batch 1990/2278: Loss=0.0001, Cls=0.0001, Reg=0.0000, Con=0.0000
2025-09-13 18:43:57,104 - INFO - Batch 2000/2278: Loss=1.1882, Cls=0.0000, Reg=0.0000, Con=3.9607
2025-09-13 18:43:57,984 - INFO - Batch 2010/2278: Loss=1.4724, Cls=0.2841, Reg=0.0000, Con=3.9608
2025-09-13 18:43:58,852 - INFO - Batch 2020/2278: Loss=0.0000, Cls=0.0000, Reg=0.0000, Con=0.0000
2025-09-13 18:43:59,726 - INFO - Batch 2030/2278: Loss=1.1891, Cls=0.0007, Reg=0.0000, Con=3.9610
2025-09-13 18:44:00,632 - INFO - Batch 2040/2278: Loss=1.1882, Cls=0.0000, Reg=0.0000, Con=3.9608
2025-09-13 18:44:01,504 - INFO - Batch 2050/2278: Loss=0.0000, Cls=0.0000, Reg=0.0000, Con=0.0000
2025-09-13 18:44:02,377 - INFO - Batch 2060/2278: Loss=1.1885, Cls=0.0000, Reg=0.0000, Con=3.9615
2025-09-13 18:44:03,253 - INFO - Batch 2070/2278: Loss=1.1882, Cls=0.0000, Reg=0.0000, Con=3.9608
2025-09-13 18:44:04,133 - INFO - Batch 2080/2278: Loss=0.0000, Cls=0.0000, Reg=0.0000, Con=0.0000
2025-09-13 18:44:05,019 - INFO - Batch 2090/2278: Loss=1.1882, Cls=0.0000, Reg=0.0000, Con=3.9608
2025-09-13 18:44:05,887 - INFO - Batch 2100/2278: Loss=0.0020, Cls=0.0020, Reg=0.0000, Con=0.0000
2025-09-13 18:44:06,771 - INFO - Batch 2110/2278: Loss=0.0000, Cls=0.0000, Reg=0.0000, Con=0.0000
2025-09-13 18:44:07,657 - INFO - Batch 2120/2278: Loss=1.1883, Cls=0.0000, Reg=0.0000, Con=3.9609
2025-09-13 18:44:08,544 - INFO - Batch 2130/2278: Loss=1.1908, Cls=0.0025, Reg=0.0000, Con=3.9608
2025-09-13 18:44:09,419 - INFO - Batch 2140/2278: Loss=0.0000, Cls=0.0000, Reg=0.0000, Con=0.0000
2025-09-13 18:44:10,270 - INFO - Batch 2150/2278: Loss=1.1883, Cls=0.0000, Reg=0.0000, Con=3.9610
2025-09-13 18:44:11,124 - INFO - Batch 2160/2278: Loss=1.1882, Cls=0.0000, Reg=0.0000, Con=3.9608
2025-09-13 18:44:11,986 - INFO - Batch 2170/2278: Loss=1.1882, Cls=0.0000, Reg=0.0000, Con=3.9608
2025-09-13 18:44:12,851 - INFO - Batch 2180/2278: Loss=1.1882, Cls=0.0000, Reg=0.0000, Con=3.9608
2025-09-13 18:44:13,698 - INFO - Batch 2190/2278: Loss=1.1883, Cls=0.0000, Reg=0.0000, Con=3.9610
2025-09-13 18:44:14,559 - INFO - Batch 2200/2278: Loss=1.1882, Cls=0.0000, Reg=0.0000, Con=3.9608
2025-09-13 18:44:15,435 - INFO - Batch 2210/2278: Loss=1.1912, Cls=0.0028, Reg=0.0000, Con=3.9613
2025-09-13 18:44:16,300 - INFO - Batch 2220/2278: Loss=0.0000, Cls=0.0000, Reg=0.0000, Con=0.0000
2025-09-13 18:44:17,204 - INFO - Batch 2230/2278: Loss=0.0000, Cls=0.0000, Reg=0.0000, Con=0.0000
2025-09-13 18:44:18,076 - INFO - Batch 2240/2278: Loss=1.1882, Cls=0.0000, Reg=0.0000, Con=3.9608
2025-09-13 18:44:18,948 - INFO - Batch 2250/2278: Loss=0.0628, Cls=0.0628, Reg=0.0000, Con=0.0000
2025-09-13 18:44:19,838 - INFO - Batch 2260/2278: Loss=1.1883, Cls=0.0000, Reg=0.0000, Con=3.9609
2025-09-13 18:44:20,716 - INFO - Batch 2270/2278: Loss=1.1882, Cls=0.0000, Reg=0.0000, Con=3.9606
2025-09-13 18:47:49,325 - INFO - === Epoch 2 Results ===
2025-09-13 18:47:49,325 - INFO - Training Loss: 0.9324 (Classification: 0.1484, Regression: 0.0000)
2025-09-13 18:47:49,325 - INFO - Validation Loss: 0.0622 (Classification: 0.0622, Regression: 0.0000)
2025-09-13 18:47:49,326 - INFO - Average Classification Accuracy: 0.7797 (on 1/26 tasks)
2025-09-13 18:47:49,326 - INFO - Average AUC: 0.8590
2025-09-13 18:47:49,326 - INFO - 
Epoch 3/3
2025-09-13 18:47:49,424 - INFO - Batch 0/2278: Loss=1.1882, Cls=0.0000, Reg=0.0000, Con=3.9608
2025-09-13 18:47:50,327 - INFO - Batch 10/2278: Loss=1.1883, Cls=0.0000, Reg=0.0000, Con=3.9611
2025-09-13 18:47:51,235 - INFO - Batch 20/2278: Loss=1.1883, Cls=0.0000, Reg=0.0000, Con=3.9608
2025-09-13 18:47:52,165 - INFO - Batch 30/2278: Loss=0.0000, Cls=0.0000, Reg=0.0000, Con=0.0000
2025-09-13 18:47:53,034 - INFO - Batch 40/2278: Loss=1.1882, Cls=0.0000, Reg=0.0000, Con=3.9608
2025-09-13 18:47:53,926 - INFO - Batch 50/2278: Loss=1.1883, Cls=0.0000, Reg=0.0000, Con=3.9609
2025-09-13 18:47:54,816 - INFO - Batch 60/2278: Loss=1.1882, Cls=0.0000, Reg=0.0000, Con=3.9607
2025-09-13 18:47:55,730 - INFO - Batch 70/2278: Loss=1.2056, Cls=0.0173, Reg=0.0000, Con=3.9608
2025-09-13 18:47:56,596 - INFO - Batch 80/2278: Loss=0.0000, Cls=0.0000, Reg=0.0000, Con=0.0000
2025-09-13 18:47:57,469 - INFO - Batch 90/2278: Loss=1.1883, Cls=0.0000, Reg=0.0000, Con=3.9609
2025-09-13 18:47:58,366 - INFO - Batch 100/2278: Loss=1.1882, Cls=0.0000, Reg=0.0000, Con=3.9607
2025-09-13 18:47:59,270 - INFO - Batch 110/2278: Loss=1.1885, Cls=0.0000, Reg=0.0000, Con=3.9618
2025-09-13 18:48:00,161 - INFO - Batch 120/2278: Loss=1.1968, Cls=0.0086, Reg=0.0000, Con=3.9609
2025-09-13 18:48:01,044 - INFO - Batch 130/2278: Loss=1.1882, Cls=0.0000, Reg=0.0000, Con=3.9607
2025-09-13 18:48:01,970 - INFO - Batch 140/2278: Loss=0.0007, Cls=0.0007, Reg=0.0000, Con=0.0000
2025-09-13 18:48:02,866 - INFO - Batch 150/2278: Loss=1.1882, Cls=0.0000, Reg=0.0000, Con=3.9608
2025-09-13 18:48:03,751 - INFO - Batch 160/2278: Loss=0.6451, Cls=0.6451, Reg=0.0000, Con=0.0000
2025-09-13 18:48:04,616 - INFO - Batch 170/2278: Loss=1.1883, Cls=0.0000, Reg=0.0000, Con=3.9609
2025-09-13 18:48:05,499 - INFO - Batch 180/2278: Loss=1.1883, Cls=0.0000, Reg=0.0000, Con=3.9611
2025-09-13 18:48:06,369 - INFO - Batch 190/2278: Loss=1.1882, Cls=0.0000, Reg=0.0000, Con=3.9607
2025-09-13 18:48:07,250 - INFO - Batch 200/2278: Loss=0.0000, Cls=0.0000, Reg=0.0000, Con=0.0000
2025-09-13 18:48:08,139 - INFO - Batch 210/2278: Loss=1.1884, Cls=0.0000, Reg=0.0000, Con=3.9612
2025-09-13 18:48:09,022 - INFO - Batch 220/2278: Loss=1.1915, Cls=0.0033, Reg=0.0000, Con=3.9608
2025-09-13 18:48:09,924 - INFO - Batch 230/2278: Loss=1.3650, Cls=0.1767, Reg=0.0000, Con=3.9611
2025-09-13 18:48:10,831 - INFO - Batch 240/2278: Loss=1.1882, Cls=0.0000, Reg=0.0000, Con=3.9607
2025-09-13 18:48:11,729 - INFO - Batch 250/2278: Loss=1.1883, Cls=0.0000, Reg=0.0000, Con=3.9609
2025-09-13 18:48:12,608 - INFO - Batch 260/2278: Loss=1.1882, Cls=0.0000, Reg=0.0000, Con=3.9608
2025-09-13 18:48:13,530 - INFO - Batch 270/2278: Loss=1.1882, Cls=0.0000, Reg=0.0000, Con=3.9607
2025-09-13 18:48:14,398 - INFO - Batch 280/2278: Loss=1.1882, Cls=0.0000, Reg=0.0000, Con=3.9608
2025-09-13 18:48:15,294 - INFO - Batch 290/2278: Loss=1.1882, Cls=0.0000, Reg=0.0000, Con=3.9608
2025-09-13 18:48:16,158 - INFO - Batch 300/2278: Loss=1.1918, Cls=0.0036, Reg=0.0000, Con=3.9607
2025-09-13 18:48:17,052 - INFO - Batch 310/2278: Loss=1.1883, Cls=0.0000, Reg=0.0000, Con=3.9610
2025-09-13 18:48:17,959 - INFO - Batch 320/2278: Loss=1.1884, Cls=0.0000, Reg=0.0000, Con=3.9612
2025-09-13 18:48:18,812 - INFO - Batch 330/2278: Loss=0.0000, Cls=0.0000, Reg=0.0000, Con=0.0000
2025-09-13 18:48:19,700 - INFO - Batch 340/2278: Loss=0.0000, Cls=0.0000, Reg=0.0000, Con=0.0000
2025-09-13 18:48:20,596 - INFO - Batch 350/2278: Loss=1.1884, Cls=0.0000, Reg=0.0000, Con=3.9612
2025-09-13 18:48:21,486 - INFO - Batch 360/2278: Loss=1.1883, Cls=0.0000, Reg=0.0000, Con=3.9611
2025-09-13 18:48:22,371 - INFO - Batch 370/2278: Loss=1.1882, Cls=0.0000, Reg=0.0000, Con=3.9608
2025-09-13 18:48:23,272 - INFO - Batch 380/2278: Loss=1.1882, Cls=0.0000, Reg=0.0000, Con=3.9608
2025-09-13 18:48:24,200 - INFO - Batch 390/2278: Loss=1.1883, Cls=0.0000, Reg=0.0000, Con=3.9609
2025-09-13 18:48:25,138 - INFO - Batch 400/2278: Loss=0.0000, Cls=0.0000, Reg=0.0000, Con=0.0000
2025-09-13 18:48:26,034 - INFO - Batch 410/2278: Loss=1.1886, Cls=0.0004, Reg=0.0000, Con=3.9609
2025-09-13 18:48:26,908 - INFO - Batch 420/2278: Loss=1.1883, Cls=0.0000, Reg=0.0000, Con=3.9609
2025-09-13 18:48:27,777 - INFO - Batch 430/2278: Loss=1.1884, Cls=0.0000, Reg=0.0000, Con=3.9614
2025-09-13 18:48:28,652 - INFO - Batch 440/2278: Loss=0.0000, Cls=0.0000, Reg=0.0000, Con=0.0000
2025-09-13 18:48:29,539 - INFO - Batch 450/2278: Loss=1.1882, Cls=0.0000, Reg=0.0000, Con=3.9608
2025-09-13 18:48:30,415 - INFO - Batch 460/2278: Loss=0.4599, Cls=0.4599, Reg=0.0000, Con=0.0000
2025-09-13 18:48:31,287 - INFO - Batch 470/2278: Loss=0.0000, Cls=0.0000, Reg=0.0000, Con=0.0000
2025-09-13 18:48:32,166 - INFO - Batch 480/2278: Loss=1.1883, Cls=0.0000, Reg=0.0000, Con=3.9609
2025-09-13 18:48:33,041 - INFO - Batch 490/2278: Loss=0.0000, Cls=0.0000, Reg=0.0000, Con=0.0000
2025-09-13 18:48:33,919 - INFO - Batch 500/2278: Loss=0.0000, Cls=0.0000, Reg=0.0000, Con=0.0000
2025-09-13 18:48:34,843 - INFO - Batch 510/2278: Loss=1.1882, Cls=0.0000, Reg=0.0000, Con=3.9608
2025-09-13 18:48:35,746 - INFO - Batch 520/2278: Loss=0.0000, Cls=0.0000, Reg=0.0000, Con=0.0000
2025-09-13 18:48:36,625 - INFO - Batch 530/2278: Loss=1.1882, Cls=0.0000, Reg=0.0000, Con=3.9608
2025-09-13 18:48:37,533 - INFO - Batch 540/2278: Loss=1.1883, Cls=0.0000, Reg=0.0000, Con=3.9609
2025-09-13 18:48:38,432 - INFO - Batch 550/2278: Loss=0.0000, Cls=0.0000, Reg=0.0000, Con=0.0000
2025-09-13 18:48:39,334 - INFO - Batch 560/2278: Loss=1.1883, Cls=0.0000, Reg=0.0000, Con=3.9609
2025-09-13 18:48:40,244 - INFO - Batch 570/2278: Loss=1.1882, Cls=0.0000, Reg=0.0000, Con=3.9608
2025-09-13 18:48:41,375 - INFO - Batch 580/2278: Loss=0.0000, Cls=0.0000, Reg=0.0000, Con=0.0000
2025-09-13 18:48:42,293 - INFO - Batch 590/2278: Loss=1.1883, Cls=0.0000, Reg=0.0000, Con=3.9608
2025-09-13 18:48:43,171 - INFO - Batch 600/2278: Loss=0.0000, Cls=0.0000, Reg=0.0000, Con=0.0000
2025-09-13 18:48:44,037 - INFO - Batch 610/2278: Loss=0.0000, Cls=0.0000, Reg=0.0000, Con=0.0000
2025-09-13 18:48:44,951 - INFO - Batch 620/2278: Loss=1.1882, Cls=0.0000, Reg=0.0000, Con=3.9608
2025-09-13 18:48:45,855 - INFO - Batch 630/2278: Loss=1.1884, Cls=0.0001, Reg=0.0000, Con=3.9611
2025-09-13 18:48:46,779 - INFO - Batch 640/2278: Loss=1.2074, Cls=0.0192, Reg=0.0000, Con=3.9607
2025-09-13 18:48:47,666 - INFO - Batch 650/2278: Loss=1.1883, Cls=0.0000, Reg=0.0000, Con=3.9608
2025-09-13 18:48:48,570 - INFO - Batch 660/2278: Loss=0.0000, Cls=0.0000, Reg=0.0000, Con=0.0000
2025-09-13 18:48:49,462 - INFO - Batch 670/2278: Loss=1.1883, Cls=0.0000, Reg=0.0000, Con=3.9609
2025-09-13 18:48:50,394 - INFO - Batch 680/2278: Loss=0.0000, Cls=0.0000, Reg=0.0000, Con=0.0000
2025-09-13 18:48:51,326 - INFO - Batch 690/2278: Loss=1.1883, Cls=0.0000, Reg=0.0000, Con=3.9609
2025-09-13 18:48:52,239 - INFO - Batch 700/2278: Loss=1.1883, Cls=0.0000, Reg=0.0000, Con=3.9610
2025-09-13 18:48:53,116 - INFO - Batch 710/2278: Loss=1.1883, Cls=0.0000, Reg=0.0000, Con=3.9610
2025-09-13 18:48:54,025 - INFO - Batch 720/2278: Loss=1.1883, Cls=0.0000, Reg=0.0000, Con=3.9610
2025-09-13 18:48:54,907 - INFO - Batch 730/2278: Loss=1.1883, Cls=0.0000, Reg=0.0000, Con=3.9609
2025-09-13 18:48:55,794 - INFO - Batch 740/2278: Loss=1.1882, Cls=0.0000, Reg=0.0000, Con=3.9606
2025-09-13 18:48:56,669 - INFO - Batch 750/2278: Loss=1.1885, Cls=0.0004, Reg=0.0000, Con=3.9606
2025-09-13 18:48:57,550 - INFO - Batch 760/2278: Loss=1.1958, Cls=0.0075, Reg=0.0000, Con=3.9611
2025-09-13 18:48:58,469 - INFO - Batch 770/2278: Loss=1.1883, Cls=0.0000, Reg=0.0000, Con=3.9611
2025-09-13 18:48:59,358 - INFO - Batch 780/2278: Loss=6.1906, Cls=6.1906, Reg=0.0000, Con=0.0000
2025-09-13 18:49:00,220 - INFO - Batch 790/2278: Loss=1.1883, Cls=0.0000, Reg=0.0000, Con=3.9609
2025-09-13 18:49:01,090 - INFO - Batch 800/2278: Loss=1.2071, Cls=0.0187, Reg=0.0000, Con=3.9612
2025-09-13 18:49:01,975 - INFO - Batch 810/2278: Loss=0.0021, Cls=0.0021, Reg=0.0000, Con=0.0000
2025-09-13 18:49:02,856 - INFO - Batch 820/2278: Loss=1.1882, Cls=0.0000, Reg=0.0000, Con=3.9608
2025-09-13 18:49:03,739 - INFO - Batch 830/2278: Loss=1.1883, Cls=0.0000, Reg=0.0000, Con=3.9609
2025-09-13 18:49:04,643 - INFO - Batch 840/2278: Loss=0.0000, Cls=0.0000, Reg=0.0000, Con=0.0000
2025-09-13 18:49:05,540 - INFO - Batch 850/2278: Loss=0.0000, Cls=0.0000, Reg=0.0000, Con=0.0000
2025-09-13 18:49:06,401 - INFO - Batch 860/2278: Loss=1.1883, Cls=0.0000, Reg=0.0000, Con=3.9611
2025-09-13 18:49:07,265 - INFO - Batch 870/2278: Loss=1.1982, Cls=0.0100, Reg=0.0000, Con=3.9609
2025-09-13 18:49:08,208 - INFO - Batch 880/2278: Loss=0.9394, Cls=0.9394, Reg=0.0000, Con=0.0000
2025-09-13 18:49:09,122 - INFO - Batch 890/2278: Loss=1.3958, Cls=0.2075, Reg=0.0000, Con=3.9609
2025-09-13 18:49:10,032 - INFO - Batch 900/2278: Loss=0.0000, Cls=0.0000, Reg=0.0000, Con=0.0000
2025-09-13 18:49:10,896 - INFO - Batch 910/2278: Loss=0.2345, Cls=0.2345, Reg=0.0000, Con=0.0000
2025-09-13 18:49:11,808 - INFO - Batch 920/2278: Loss=0.0038, Cls=0.0038, Reg=0.0000, Con=0.0000
2025-09-13 18:49:12,674 - INFO - Batch 930/2278: Loss=0.0003, Cls=0.0003, Reg=0.0000, Con=0.0000
2025-09-13 18:49:13,553 - INFO - Batch 940/2278: Loss=1.1884, Cls=0.0000, Reg=0.0000, Con=3.9613
2025-09-13 18:49:14,403 - INFO - Batch 950/2278: Loss=0.0002, Cls=0.0002, Reg=0.0000, Con=0.0000
2025-09-13 18:49:15,300 - INFO - Batch 960/2278: Loss=0.0000, Cls=0.0000, Reg=0.0000, Con=0.0000
2025-09-13 18:49:16,188 - INFO - Batch 970/2278: Loss=1.1890, Cls=0.0008, Reg=0.0000, Con=3.9608
2025-09-13 18:49:17,051 - INFO - Batch 980/2278: Loss=1.1883, Cls=0.0000, Reg=0.0000, Con=3.9609
2025-09-13 18:49:17,980 - INFO - Batch 990/2278: Loss=1.2071, Cls=0.0189, Reg=0.0000, Con=3.9609
2025-09-13 18:49:18,844 - INFO - Batch 1000/2278: Loss=1.1883, Cls=0.0000, Reg=0.0000, Con=3.9610
2025-09-13 18:49:19,788 - INFO - Batch 1010/2278: Loss=1.1882, Cls=0.0000, Reg=0.0000, Con=3.9608
2025-09-13 18:49:20,646 - INFO - Batch 1020/2278: Loss=1.1882, Cls=0.0000, Reg=0.0000, Con=3.9608
2025-09-13 18:49:21,513 - INFO - Batch 1030/2278: Loss=0.0000, Cls=0.0000, Reg=0.0000, Con=0.0000
2025-09-13 18:49:22,415 - INFO - Batch 1040/2278: Loss=1.1884, Cls=0.0000, Reg=0.0000, Con=3.9613
2025-09-13 18:49:23,296 - INFO - Batch 1050/2278: Loss=0.0000, Cls=0.0000, Reg=0.0000, Con=0.0000
2025-09-13 18:49:24,207 - INFO - Batch 1060/2278: Loss=1.1883, Cls=0.0000, Reg=0.0000, Con=3.9611
2025-09-13 18:49:25,102 - INFO - Batch 1070/2278: Loss=1.1886, Cls=0.0003, Reg=0.0000, Con=3.9609
2025-09-13 18:49:25,975 - INFO - Batch 1080/2278: Loss=0.0000, Cls=0.0000, Reg=0.0000, Con=0.0000
2025-09-13 18:49:26,862 - INFO - Batch 1090/2278: Loss=1.1915, Cls=0.0032, Reg=0.0000, Con=3.9611
2025-09-13 18:49:27,744 - INFO - Batch 1100/2278: Loss=1.1883, Cls=0.0000, Reg=0.0000, Con=3.9611
2025-09-13 18:49:28,607 - INFO - Batch 1110/2278: Loss=0.0000, Cls=0.0000, Reg=0.0000, Con=0.0000
2025-09-13 18:49:29,500 - INFO - Batch 1120/2278: Loss=0.0000, Cls=0.0000, Reg=0.0000, Con=0.0000
2025-09-13 18:49:30,386 - INFO - Batch 1130/2278: Loss=3.2668, Cls=3.2668, Reg=0.0000, Con=0.0000
2025-09-13 18:49:31,274 - INFO - Batch 1140/2278: Loss=1.1883, Cls=0.0000, Reg=0.0000, Con=3.9609
2025-09-13 18:49:32,196 - INFO - Batch 1150/2278: Loss=0.0000, Cls=0.0000, Reg=0.0000, Con=0.0000
2025-09-13 18:49:33,105 - INFO - Batch 1160/2278: Loss=0.0000, Cls=0.0000, Reg=0.0000, Con=0.0000
2025-09-13 18:49:33,985 - INFO - Batch 1170/2278: Loss=10.0702, Cls=8.8820, Reg=0.0000, Con=3.9608
2025-09-13 18:49:34,906 - INFO - Batch 1180/2278: Loss=1.1884, Cls=0.0000, Reg=0.0000, Con=3.9613
2025-09-13 18:49:35,798 - INFO - Batch 1190/2278: Loss=1.1991, Cls=0.0108, Reg=0.0000, Con=3.9609
2025-09-13 18:49:36,669 - INFO - Batch 1200/2278: Loss=1.1883, Cls=0.0000, Reg=0.0000, Con=3.9611
2025-09-13 18:49:37,560 - INFO - Batch 1210/2278: Loss=1.1883, Cls=0.0000, Reg=0.0000, Con=3.9611
2025-09-13 18:49:38,445 - INFO - Batch 1220/2278: Loss=1.1883, Cls=0.0000, Reg=0.0000, Con=3.9609
2025-09-13 18:49:39,354 - INFO - Batch 1230/2278: Loss=0.0000, Cls=0.0000, Reg=0.0000, Con=0.0000
2025-09-13 18:49:40,231 - INFO - Batch 1240/2278: Loss=1.1882, Cls=0.0000, Reg=0.0000, Con=3.9608
2025-09-13 18:49:41,200 - INFO - Batch 1250/2278: Loss=1.1883, Cls=0.0000, Reg=0.0000, Con=3.9609
2025-09-13 18:49:42,077 - INFO - Batch 1260/2278: Loss=0.0000, Cls=0.0000, Reg=0.0000, Con=0.0000
2025-09-13 18:49:42,969 - INFO - Batch 1270/2278: Loss=1.1883, Cls=0.0000, Reg=0.0000, Con=3.9610
2025-09-13 18:49:43,866 - INFO - Batch 1280/2278: Loss=1.1883, Cls=0.0001, Reg=0.0000, Con=3.9607
2025-09-13 18:49:44,829 - INFO - Batch 1290/2278: Loss=0.0000, Cls=0.0000, Reg=0.0000, Con=0.0000
2025-09-13 18:49:45,766 - INFO - Batch 1300/2278: Loss=0.0000, Cls=0.0000, Reg=0.0000, Con=0.0000
2025-09-13 18:49:46,683 - INFO - Batch 1310/2278: Loss=1.1882, Cls=0.0000, Reg=0.0000, Con=3.9608
2025-09-13 18:49:47,558 - INFO - Batch 1320/2278: Loss=1.1889, Cls=0.0006, Reg=0.0000, Con=3.9610
2025-09-13 18:49:48,429 - INFO - Batch 1330/2278: Loss=1.1883, Cls=0.0000, Reg=0.0000, Con=3.9610
2025-09-13 18:49:49,295 - INFO - Batch 1340/2278: Loss=1.1882, Cls=0.0000, Reg=0.0000, Con=3.9608
2025-09-13 18:49:50,180 - INFO - Batch 1350/2278: Loss=1.3103, Cls=0.1220, Reg=0.0000, Con=3.9608
2025-09-13 18:49:51,067 - INFO - Batch 1360/2278: Loss=1.1960, Cls=0.0076, Reg=0.0000, Con=3.9612
2025-09-13 18:49:51,941 - INFO - Batch 1370/2278: Loss=2.1000, Cls=0.9117, Reg=0.0000, Con=3.9610
2025-09-13 18:49:52,851 - INFO - Batch 1380/2278: Loss=1.1882, Cls=0.0000, Reg=0.0000, Con=3.9608
2025-09-13 18:49:53,732 - INFO - Batch 1390/2278: Loss=9.1153, Cls=7.9270, Reg=0.0000, Con=3.9610
2025-09-13 18:49:54,635 - INFO - Batch 1400/2278: Loss=1.1884, Cls=0.0000, Reg=0.0000, Con=3.9615
2025-09-13 18:49:55,603 - INFO - Batch 1410/2278: Loss=0.0000, Cls=0.0000, Reg=0.0000, Con=0.0000
2025-09-13 18:49:56,484 - INFO - Batch 1420/2278: Loss=6.8070, Cls=5.6187, Reg=0.0000, Con=3.9610
2025-09-13 18:49:57,374 - INFO - Batch 1430/2278: Loss=0.0000, Cls=0.0000, Reg=0.0000, Con=0.0000
2025-09-13 18:49:58,319 - INFO - Batch 1440/2278: Loss=1.1882, Cls=0.0000, Reg=0.0000, Con=3.9606
2025-09-13 18:49:59,220 - INFO - Batch 1450/2278: Loss=0.0000, Cls=0.0000, Reg=0.0000, Con=0.0000
2025-09-13 18:50:00,112 - INFO - Batch 1460/2278: Loss=0.0000, Cls=0.0000, Reg=0.0000, Con=0.0000
2025-09-13 18:50:01,037 - INFO - Batch 1470/2278: Loss=2.8547, Cls=1.6665, Reg=0.0000, Con=3.9607
2025-09-13 18:50:01,908 - INFO - Batch 1480/2278: Loss=1.1882, Cls=0.0000, Reg=0.0000, Con=3.9608
2025-09-13 18:50:02,797 - INFO - Batch 1490/2278: Loss=0.0000, Cls=0.0000, Reg=0.0000, Con=0.0000
2025-09-13 18:50:03,693 - INFO - Batch 1500/2278: Loss=1.1883, Cls=0.0000, Reg=0.0000, Con=3.9610
2025-09-13 18:50:04,581 - INFO - Batch 1510/2278: Loss=1.1883, Cls=0.0000, Reg=0.0000, Con=3.9609
2025-09-13 18:50:05,443 - INFO - Batch 1520/2278: Loss=0.0000, Cls=0.0000, Reg=0.0000, Con=0.0000
2025-09-13 18:50:06,332 - INFO - Batch 1530/2278: Loss=1.1882, Cls=0.0000, Reg=0.0000, Con=3.9608
2025-09-13 18:50:07,234 - INFO - Batch 1540/2278: Loss=1.1883, Cls=0.0000, Reg=0.0000, Con=3.9610
2025-09-13 18:50:08,114 - INFO - Batch 1550/2278: Loss=1.1883, Cls=0.0000, Reg=0.0000, Con=3.9611
2025-09-13 18:50:09,013 - INFO - Batch 1560/2278: Loss=1.1883, Cls=0.0000, Reg=0.0000, Con=3.9608
2025-09-13 18:50:09,888 - INFO - Batch 1570/2278: Loss=0.0000, Cls=0.0000, Reg=0.0000, Con=0.0000
2025-09-13 18:50:10,802 - INFO - Batch 1580/2278: Loss=1.1882, Cls=0.0000, Reg=0.0000, Con=3.9608
2025-09-13 18:50:11,701 - INFO - Batch 1590/2278: Loss=0.0015, Cls=0.0015, Reg=0.0000, Con=0.0000
2025-09-13 18:50:12,592 - INFO - Batch 1600/2278: Loss=1.1886, Cls=0.0003, Reg=0.0000, Con=3.9608
2025-09-13 18:50:13,464 - INFO - Batch 1610/2278: Loss=0.0000, Cls=0.0000, Reg=0.0000, Con=0.0000
2025-09-13 18:50:14,387 - INFO - Batch 1620/2278: Loss=1.1882, Cls=0.0000, Reg=0.0000, Con=3.9608
2025-09-13 18:50:15,280 - INFO - Batch 1630/2278: Loss=1.1883, Cls=0.0000, Reg=0.0000, Con=3.9610
2025-09-13 18:50:16,144 - INFO - Batch 1640/2278: Loss=0.0000, Cls=0.0000, Reg=0.0000, Con=0.0000
2025-09-13 18:50:17,030 - INFO - Batch 1650/2278: Loss=1.1883, Cls=0.0000, Reg=0.0000, Con=3.9609
2025-09-13 18:50:17,927 - INFO - Batch 1660/2278: Loss=1.1884, Cls=0.0000, Reg=0.0000, Con=3.9613
2025-09-13 18:50:18,795 - INFO - Batch 1670/2278: Loss=1.1883, Cls=0.0000, Reg=0.0000, Con=3.9609
2025-09-13 18:50:19,671 - INFO - Batch 1680/2278: Loss=1.1882, Cls=0.0000, Reg=0.0000, Con=3.9607
2025-09-13 18:50:20,511 - INFO - Batch 1690/2278: Loss=1.1883, Cls=0.0000, Reg=0.0000, Con=3.9610
2025-09-13 18:50:21,377 - INFO - Batch 1700/2278: Loss=1.1883, Cls=0.0000, Reg=0.0000, Con=3.9608
2025-09-13 18:50:22,248 - INFO - Batch 1710/2278: Loss=0.0000, Cls=0.0000, Reg=0.0000, Con=0.0000
2025-09-13 18:50:23,117 - INFO - Batch 1720/2278: Loss=0.0000, Cls=0.0000, Reg=0.0000, Con=0.0000
2025-09-13 18:50:23,985 - INFO - Batch 1730/2278: Loss=1.1882, Cls=0.0000, Reg=0.0000, Con=3.9608
2025-09-13 18:50:24,854 - INFO - Batch 1740/2278: Loss=1.1883, Cls=0.0000, Reg=0.0000, Con=3.9609
2025-09-13 18:50:25,716 - INFO - Batch 1750/2278: Loss=1.1942, Cls=0.0059, Reg=0.0000, Con=3.9608
2025-09-13 18:50:26,596 - INFO - Batch 1760/2278: Loss=1.1884, Cls=0.0000, Reg=0.0000, Con=3.9612
2025-09-13 18:50:27,488 - INFO - Batch 1770/2278: Loss=0.9065, Cls=0.9065, Reg=0.0000, Con=0.0000
2025-09-13 18:50:28,377 - INFO - Batch 1780/2278: Loss=0.0000, Cls=0.0000, Reg=0.0000, Con=0.0000
2025-09-13 18:50:29,267 - INFO - Batch 1790/2278: Loss=0.0000, Cls=0.0000, Reg=0.0000, Con=0.0000
2025-09-13 18:50:30,167 - INFO - Batch 1800/2278: Loss=1.1882, Cls=0.0000, Reg=0.0000, Con=3.9607
2025-09-13 18:50:31,033 - INFO - Batch 1810/2278: Loss=0.0008, Cls=0.0008, Reg=0.0000, Con=0.0000
2025-09-13 18:50:31,909 - INFO - Batch 1820/2278: Loss=0.0104, Cls=0.0104, Reg=0.0000, Con=0.0000
2025-09-13 18:50:32,777 - INFO - Batch 1830/2278: Loss=1.1882, Cls=0.0000, Reg=0.0000, Con=3.9608
2025-09-13 18:50:33,672 - INFO - Batch 1840/2278: Loss=0.0000, Cls=0.0000, Reg=0.0000, Con=0.0000
2025-09-13 18:50:34,579 - INFO - Batch 1850/2278: Loss=2.2122, Cls=1.0239, Reg=0.0000, Con=3.9609
2025-09-13 18:50:35,464 - INFO - Batch 1860/2278: Loss=1.1882, Cls=0.0000, Reg=0.0000, Con=3.9607
2025-09-13 18:50:36,421 - INFO - Batch 1870/2278: Loss=0.0000, Cls=0.0000, Reg=0.0000, Con=0.0000
2025-09-13 18:50:37,352 - INFO - Batch 1880/2278: Loss=1.1882, Cls=0.0000, Reg=0.0000, Con=3.9607
2025-09-13 18:50:38,294 - INFO - Batch 1890/2278: Loss=0.0000, Cls=0.0000, Reg=0.0000, Con=0.0000
2025-09-13 18:50:39,184 - INFO - Batch 1900/2278: Loss=0.0000, Cls=0.0000, Reg=0.0000, Con=0.0000
2025-09-13 18:50:40,083 - INFO - Batch 1910/2278: Loss=1.1883, Cls=0.0000, Reg=0.0000, Con=3.9610
2025-09-13 18:50:40,940 - INFO - Batch 1920/2278: Loss=0.0000, Cls=0.0000, Reg=0.0000, Con=0.0000
2025-09-13 18:50:41,832 - INFO - Batch 1930/2278: Loss=1.1883, Cls=0.0000, Reg=0.0000, Con=3.9611
2025-09-13 18:50:42,694 - INFO - Batch 1940/2278: Loss=1.3647, Cls=0.1765, Reg=0.0000, Con=3.9607
2025-09-13 18:50:43,557 - INFO - Batch 1950/2278: Loss=1.1883, Cls=0.0000, Reg=0.0000, Con=3.9609
2025-09-13 18:50:44,425 - INFO - Batch 1960/2278: Loss=1.1883, Cls=0.0000, Reg=0.0000, Con=3.9610
2025-09-13 18:50:45,316 - INFO - Batch 1970/2278: Loss=0.0000, Cls=0.0000, Reg=0.0000, Con=0.0000
2025-09-13 18:50:46,245 - INFO - Batch 1980/2278: Loss=1.1883, Cls=0.0000, Reg=0.0000, Con=3.9610
2025-09-13 18:50:47,133 - INFO - Batch 1990/2278: Loss=1.7317, Cls=0.5435, Reg=0.0000, Con=3.9608
2025-09-13 18:50:48,004 - INFO - Batch 2000/2278: Loss=1.1883, Cls=0.0000, Reg=0.0000, Con=3.9610
2025-09-13 18:50:48,884 - INFO - Batch 2010/2278: Loss=1.1884, Cls=0.0001, Reg=0.0000, Con=3.9608
2025-09-13 18:50:49,771 - INFO - Batch 2020/2278: Loss=1.1882, Cls=0.0000, Reg=0.0000, Con=3.9608
2025-09-13 18:50:50,703 - INFO - Batch 2030/2278: Loss=1.1882, Cls=0.0000, Reg=0.0000, Con=3.9608
2025-09-13 18:50:51,591 - INFO - Batch 2040/2278: Loss=1.1883, Cls=0.0000, Reg=0.0000, Con=3.9610
2025-09-13 18:50:52,496 - INFO - Batch 2050/2278: Loss=0.0808, Cls=0.0808, Reg=0.0000, Con=0.0000
2025-09-13 18:50:53,356 - INFO - Batch 2060/2278: Loss=1.1883, Cls=0.0000, Reg=0.0000, Con=3.9609
2025-09-13 18:50:54,264 - INFO - Batch 2070/2278: Loss=0.0000, Cls=0.0000, Reg=0.0000, Con=0.0000
2025-09-13 18:50:55,143 - INFO - Batch 2080/2278: Loss=1.1884, Cls=0.0000, Reg=0.0000, Con=3.9613
2025-09-13 18:50:56,005 - INFO - Batch 2090/2278: Loss=1.1882, Cls=0.0000, Reg=0.0000, Con=3.9607
2025-09-13 18:50:56,898 - INFO - Batch 2100/2278: Loss=1.1886, Cls=0.0000, Reg=0.0000, Con=3.9619
2025-09-13 18:50:57,756 - INFO - Batch 2110/2278: Loss=1.1883, Cls=0.0000, Reg=0.0000, Con=3.9609
2025-09-13 18:50:58,642 - INFO - Batch 2120/2278: Loss=0.0000, Cls=0.0000, Reg=0.0000, Con=0.0000
2025-09-13 18:50:59,527 - INFO - Batch 2130/2278: Loss=0.0000, Cls=0.0000, Reg=0.0000, Con=0.0000
2025-09-13 18:51:00,446 - INFO - Batch 2140/2278: Loss=0.0000, Cls=0.0000, Reg=0.0000, Con=0.0000
2025-09-13 18:51:01,282 - INFO - Batch 2150/2278: Loss=1.1882, Cls=0.0000, Reg=0.0000, Con=3.9608
2025-09-13 18:51:02,137 - INFO - Batch 2160/2278: Loss=1.1883, Cls=0.0000, Reg=0.0000, Con=3.9609
2025-09-13 18:51:02,996 - INFO - Batch 2170/2278: Loss=1.1882, Cls=0.0000, Reg=0.0000, Con=3.9608
2025-09-13 18:51:03,856 - INFO - Batch 2180/2278: Loss=0.0000, Cls=0.0000, Reg=0.0000, Con=0.0000
2025-09-13 18:51:04,734 - INFO - Batch 2190/2278: Loss=1.1883, Cls=0.0000, Reg=0.0000, Con=3.9609
2025-09-13 18:51:05,666 - INFO - Batch 2200/2278: Loss=1.2376, Cls=0.0493, Reg=0.0000, Con=3.9608
2025-09-13 18:51:06,522 - INFO - Batch 2210/2278: Loss=0.0000, Cls=0.0000, Reg=0.0000, Con=0.0000
2025-09-13 18:51:07,413 - INFO - Batch 2220/2278: Loss=0.0000, Cls=0.0000, Reg=0.0000, Con=0.0000
2025-09-13 18:51:08,278 - INFO - Batch 2230/2278: Loss=1.1883, Cls=0.0000, Reg=0.0000, Con=3.9609
2025-09-13 18:51:09,138 - INFO - Batch 2240/2278: Loss=1.1885, Cls=0.0000, Reg=0.0000, Con=3.9617
2025-09-13 18:51:10,081 - INFO - Batch 2250/2278: Loss=1.1883, Cls=0.0000, Reg=0.0000, Con=3.9608
2025-09-13 18:51:10,965 - INFO - Batch 2260/2278: Loss=0.0000, Cls=0.0000, Reg=0.0000, Con=0.0000
2025-09-13 18:51:11,845 - INFO - Batch 2270/2278: Loss=0.0000, Cls=0.0000, Reg=0.0000, Con=0.0000
2025-09-13 18:54:39,796 - INFO - === Epoch 3 Results ===
2025-09-13 18:54:39,796 - INFO - Training Loss: 0.9155 (Classification: 0.1351, Regression: 0.0000)
2025-09-13 18:54:39,796 - INFO - Validation Loss: 0.0663 (Classification: 0.0663, Regression: 0.0000)
2025-09-13 18:54:39,796 - INFO - Average Classification Accuracy: 0.7853 (on 1/26 tasks)
2025-09-13 18:54:39,796 - INFO - Average AUC: 0.8537
2025-09-13 18:54:39,797 - INFO - Training finished!
2025-09-13 18:54:39,797 - INFO - Performing final evaluation...
2025-09-13 18:54:40,018 - INFO - Loaded best model from: experiments/r1c3_single_cls_6_seed_42_20250913_183415/checkpoints/r1c3_single_cls_6_seed_42_best.pth
2025-09-13 18:58:08,051 - INFO - Final Validation Results:
2025-09-13 18:58:08,051 - INFO -   Total Loss: 0.0571
2025-09-13 18:58:08,051 - INFO -   Classification Loss: 0.0571
2025-09-13 18:58:08,051 - INFO -   Regression Loss: 0.0000
2025-09-13 18:58:08,051 - INFO -   Average Classification Accuracy: 0.7853
2025-09-13 18:58:08,051 - INFO -   Average AUC: 0.8486
2025-09-13 18:58:08,052 - INFO - Results saved to: experiments/r1c3_single_cls_6_seed_42_20250913_183415/checkpoints/r1c3_single_cls_6_seed_42_results.json
