2025-09-14 02:51:53,675 - INFO - 🔬 Starting experiment: r1c3_headft_cls_14_seed_42
2025-09-14 02:51:53,675 - INFO - 📁 Experiment directory: experiments/r1c3_headft_cls_14_seed_42_20250914_025153
2025-09-14 02:51:53,675 - INFO - 🎲 Random seed: 42
2025-09-14 02:51:53,675 - INFO - 🔒 Deterministic mode: True
2025-09-14 02:51:53,675 - INFO - Using device: cuda
2025-09-14 02:51:53,675 - INFO - Total GPU Memory: 25.16 GB
2025-09-14 02:51:53,689 - INFO - 🧪 Fusion: Using cross-attention dynamic fusion
2025-09-14 02:51:53,689 - INFO - 🧪 GNN Backbone: Using default GraphAttentionNetwork branch
2025-09-14 02:51:53,689 - INFO - 🎯 Task Mode: Single classification endpoint 14
2025-09-14 02:51:53,689 - INFO - Configuration saved to: experiments/r1c3_headft_cls_14_seed_42_20250914_025153/checkpoints/config.json
2025-09-14 02:51:53,689 - INFO - 🚀 Using preprocessed data from: /mnt/backup2/ai4s/backupunimolpy/responds-work/ToxD4C/data/data/processed
2025-09-14 02:51:53,689 - INFO - Loading LMDB dataset from: /mnt/backup2/ai4s/backupunimolpy/responds-work/ToxD4C/data/data/processed
2025-09-14 02:51:54,055 - INFO - Number of training batches: 2278
2025-09-14 02:51:54,055 - INFO - Number of validation batches: 2278
2025-09-14 02:51:54,055 - INFO - Number of test batches: 2278
2025-09-14 02:51:54,055 - INFO - Creating ToxD4C model...
2025-09-14 02:51:55,070 - INFO - Model created successfully. Total parameters: 100,932,036
2025-09-14 02:51:55,070 - INFO - Testing model forward pass...
2025-09-14 02:51:55,501 - INFO - Test output shapes:
2025-09-14 02:51:55,501 - INFO -   classification: torch.Size([16, 1])
2025-09-14 02:51:55,504 - INFO -   classification contains NaN: False
2025-09-14 02:51:55,504 - INFO -   classification contains Inf: False
2025-09-14 02:51:55,504 - INFO -   regression: torch.Size([16, 0])
2025-09-14 02:51:55,504 - INFO -   regression contains NaN: False
2025-09-14 02:51:55,504 - INFO -   regression contains Inf: False
2025-09-14 02:51:55,504 - INFO - Model forward pass test successful!
2025-09-14 02:51:56,222 - INFO - 🔁 Loaded checkpoint from: /mnt/backup2/ai4s/backupunimolpy/responds-work/ToxD4C/experiments/r1c3_multi_full_seed_42_20250913_152627/checkpoints/r1c3_multi_full_seed_42_best.pth
2025-09-14 02:51:56,223 - INFO - 🧩 Head-only fine-tuning: unfroze head for task 'NR-AR' and froze trunk.
2025-09-14 02:51:56,224 - INFO - Starting training...
2025-09-14 02:51:56,224 - INFO - 
Epoch 1/3
2025-09-14 02:51:56,391 - INFO - Batch 0/2278: Loss=0.0055, Cls=0.0055, Reg=0.0000, Con=0.0000
2025-09-14 02:51:57,302 - INFO - Batch 10/2278: Loss=0.0084, Cls=0.0084, Reg=0.0000, Con=0.0000
2025-09-14 02:51:58,222 - INFO - Batch 20/2278: Loss=1.2262, Cls=0.0379, Reg=0.0000, Con=3.9610
2025-09-14 02:51:59,108 - INFO - Batch 30/2278: Loss=0.0000, Cls=0.0000, Reg=0.0000, Con=0.0000
2025-09-14 02:52:00,057 - INFO - Batch 40/2278: Loss=0.0095, Cls=0.0095, Reg=0.0000, Con=0.0000
2025-09-14 02:52:01,000 - INFO - Batch 50/2278: Loss=1.1950, Cls=0.0068, Reg=0.0000, Con=3.9609
2025-09-14 02:52:01,943 - INFO - Batch 60/2278: Loss=1.1985, Cls=0.0102, Reg=0.0000, Con=3.9609
2025-09-14 02:52:02,862 - INFO - Batch 70/2278: Loss=1.1882, Cls=0.0000, Reg=0.0000, Con=3.9608
2025-09-14 02:52:03,755 - INFO - Batch 80/2278: Loss=0.0014, Cls=0.0014, Reg=0.0000, Con=0.0000
2025-09-14 02:52:04,683 - INFO - Batch 90/2278: Loss=0.0058, Cls=0.0058, Reg=0.0000, Con=0.0000
2025-09-14 02:52:05,592 - INFO - Batch 100/2278: Loss=1.6022, Cls=1.6022, Reg=0.0000, Con=0.0000
2025-09-14 02:52:06,568 - INFO - Batch 110/2278: Loss=0.0214, Cls=0.0214, Reg=0.0000, Con=0.0000
2025-09-14 02:52:07,506 - INFO - Batch 120/2278: Loss=3.0714, Cls=1.8831, Reg=0.0000, Con=3.9609
2025-09-14 02:52:08,437 - INFO - Batch 130/2278: Loss=1.1981, Cls=0.0098, Reg=0.0000, Con=3.9609
2025-09-14 02:52:09,355 - INFO - Batch 140/2278: Loss=1.9539, Cls=0.7655, Reg=0.0000, Con=3.9615
2025-09-14 02:52:10,273 - INFO - Batch 150/2278: Loss=1.2183, Cls=0.0299, Reg=0.0000, Con=3.9613
2025-09-14 02:52:11,212 - INFO - Batch 160/2278: Loss=1.1920, Cls=0.0037, Reg=0.0000, Con=3.9611
2025-09-14 02:52:12,195 - INFO - Batch 170/2278: Loss=1.1919, Cls=0.0036, Reg=0.0000, Con=3.9611
2025-09-14 02:52:13,180 - INFO - Batch 180/2278: Loss=1.1902, Cls=0.0019, Reg=0.0000, Con=3.9610
2025-09-14 02:52:14,106 - INFO - Batch 190/2278: Loss=1.2059, Cls=0.0176, Reg=0.0000, Con=3.9608
2025-09-14 02:52:14,984 - INFO - Batch 200/2278: Loss=0.0013, Cls=0.0013, Reg=0.0000, Con=0.0000
2025-09-14 02:52:15,991 - INFO - Batch 210/2278: Loss=0.0084, Cls=0.0084, Reg=0.0000, Con=0.0000
2025-09-14 02:52:16,897 - INFO - Batch 220/2278: Loss=0.0006, Cls=0.0006, Reg=0.0000, Con=0.0000
2025-09-14 02:52:17,840 - INFO - Batch 230/2278: Loss=1.1932, Cls=0.0049, Reg=0.0000, Con=3.9610
2025-09-14 02:52:18,717 - INFO - Batch 240/2278: Loss=1.1888, Cls=0.0005, Reg=0.0000, Con=3.9608
2025-09-14 02:52:19,592 - INFO - Batch 250/2278: Loss=0.0022, Cls=0.0022, Reg=0.0000, Con=0.0000
2025-09-14 02:52:20,452 - INFO - Batch 260/2278: Loss=1.1520, Cls=1.1520, Reg=0.0000, Con=0.0000
2025-09-14 02:52:21,381 - INFO - Batch 270/2278: Loss=0.0000, Cls=0.0000, Reg=0.0000, Con=0.0000
2025-09-14 02:52:22,254 - INFO - Batch 280/2278: Loss=1.1965, Cls=0.0082, Reg=0.0000, Con=3.9611
2025-09-14 02:52:23,088 - INFO - Batch 290/2278: Loss=0.0220, Cls=0.0220, Reg=0.0000, Con=0.0000
2025-09-14 02:52:23,946 - INFO - Batch 300/2278: Loss=1.1983, Cls=0.0100, Reg=0.0000, Con=3.9609
2025-09-14 02:52:24,813 - INFO - Batch 310/2278: Loss=1.1888, Cls=0.0004, Reg=0.0000, Con=3.9612
2025-09-14 02:52:25,637 - INFO - Batch 320/2278: Loss=0.0017, Cls=0.0017, Reg=0.0000, Con=0.0000
2025-09-14 02:52:26,510 - INFO - Batch 330/2278: Loss=1.1927, Cls=0.0044, Reg=0.0000, Con=3.9609
2025-09-14 02:52:27,362 - INFO - Batch 340/2278: Loss=1.1950, Cls=0.0067, Reg=0.0000, Con=3.9610
2025-09-14 02:52:28,270 - INFO - Batch 350/2278: Loss=1.1899, Cls=0.0015, Reg=0.0000, Con=3.9611
2025-09-14 02:52:29,131 - INFO - Batch 360/2278: Loss=1.1882, Cls=0.0000, Reg=0.0000, Con=3.9607
2025-09-14 02:52:30,009 - INFO - Batch 370/2278: Loss=1.1896, Cls=0.0013, Reg=0.0000, Con=3.9609
2025-09-14 02:52:30,903 - INFO - Batch 380/2278: Loss=1.1887, Cls=0.0005, Reg=0.0000, Con=3.9607
2025-09-14 02:52:31,789 - INFO - Batch 390/2278: Loss=1.1882, Cls=0.0000, Reg=0.0000, Con=3.9607
2025-09-14 02:52:32,670 - INFO - Batch 400/2278: Loss=0.0123, Cls=0.0123, Reg=0.0000, Con=0.0000
2025-09-14 02:52:33,567 - INFO - Batch 410/2278: Loss=0.0014, Cls=0.0014, Reg=0.0000, Con=0.0000
2025-09-14 02:52:34,567 - INFO - Batch 420/2278: Loss=0.0023, Cls=0.0023, Reg=0.0000, Con=0.0000
2025-09-14 02:52:35,455 - INFO - Batch 430/2278: Loss=2.4478, Cls=1.2596, Reg=0.0000, Con=3.9607
2025-09-14 02:52:36,326 - INFO - Batch 440/2278: Loss=1.1908, Cls=0.0025, Reg=0.0000, Con=3.9608
2025-09-14 02:52:37,222 - INFO - Batch 450/2278: Loss=1.1889, Cls=0.0007, Reg=0.0000, Con=3.9607
2025-09-14 02:52:38,105 - INFO - Batch 460/2278: Loss=1.1894, Cls=0.0011, Reg=0.0000, Con=3.9607
2025-09-14 02:52:39,036 - INFO - Batch 470/2278: Loss=1.1892, Cls=0.0009, Reg=0.0000, Con=3.9611
2025-09-14 02:52:39,927 - INFO - Batch 480/2278: Loss=1.1920, Cls=0.0038, Reg=0.0000, Con=3.9607
2025-09-14 02:52:40,805 - INFO - Batch 490/2278: Loss=0.0000, Cls=0.0000, Reg=0.0000, Con=0.0000
2025-09-14 02:52:41,674 - INFO - Batch 500/2278: Loss=0.0006, Cls=0.0006, Reg=0.0000, Con=0.0000
2025-09-14 02:52:42,549 - INFO - Batch 510/2278: Loss=1.1883, Cls=0.0000, Reg=0.0000, Con=3.9609
2025-09-14 02:52:43,446 - INFO - Batch 520/2278: Loss=1.1884, Cls=0.0002, Reg=0.0000, Con=3.9608
2025-09-14 02:52:44,330 - INFO - Batch 530/2278: Loss=1.1899, Cls=0.0017, Reg=0.0000, Con=3.9608
2025-09-14 02:52:45,242 - INFO - Batch 540/2278: Loss=1.1898, Cls=0.0015, Reg=0.0000, Con=3.9610
2025-09-14 02:52:46,098 - INFO - Batch 550/2278: Loss=1.1882, Cls=0.0000, Reg=0.0000, Con=3.9607
2025-09-14 02:52:46,978 - INFO - Batch 560/2278: Loss=1.1884, Cls=0.0002, Reg=0.0000, Con=3.9609
2025-09-14 02:52:47,880 - INFO - Batch 570/2278: Loss=1.1946, Cls=0.0064, Reg=0.0000, Con=3.9608
2025-09-14 02:52:48,764 - INFO - Batch 580/2278: Loss=0.0011, Cls=0.0011, Reg=0.0000, Con=0.0000
2025-09-14 02:52:49,661 - INFO - Batch 590/2278: Loss=2.5183, Cls=2.5183, Reg=0.0000, Con=0.0000
2025-09-14 02:52:50,561 - INFO - Batch 600/2278: Loss=1.1900, Cls=0.0018, Reg=0.0000, Con=3.9609
2025-09-14 02:52:51,425 - INFO - Batch 610/2278: Loss=1.1885, Cls=0.0003, Reg=0.0000, Con=3.9609
2025-09-14 02:52:52,299 - INFO - Batch 620/2278: Loss=1.1905, Cls=0.0023, Reg=0.0000, Con=3.9608
2025-09-14 02:52:53,194 - INFO - Batch 630/2278: Loss=0.0006, Cls=0.0006, Reg=0.0000, Con=0.0000
2025-09-14 02:52:54,106 - INFO - Batch 640/2278: Loss=1.8510, Cls=0.6628, Reg=0.0000, Con=3.9608
2025-09-14 02:52:55,010 - INFO - Batch 650/2278: Loss=1.1907, Cls=0.0023, Reg=0.0000, Con=3.9613
2025-09-14 02:52:55,868 - INFO - Batch 660/2278: Loss=1.1910, Cls=0.0027, Reg=0.0000, Con=3.9608
2025-09-14 02:52:56,746 - INFO - Batch 670/2278: Loss=1.1893, Cls=0.0011, Reg=0.0000, Con=3.9608
2025-09-14 02:52:57,633 - INFO - Batch 680/2278: Loss=1.1891, Cls=0.0009, Reg=0.0000, Con=3.9608
2025-09-14 02:52:58,511 - INFO - Batch 690/2278: Loss=0.0017, Cls=0.0017, Reg=0.0000, Con=0.0000
2025-09-14 02:52:59,409 - INFO - Batch 700/2278: Loss=0.0011, Cls=0.0011, Reg=0.0000, Con=0.0000
2025-09-14 02:53:00,297 - INFO - Batch 710/2278: Loss=1.1882, Cls=0.0000, Reg=0.0000, Con=3.9607
2025-09-14 02:53:01,171 - INFO - Batch 720/2278: Loss=1.1886, Cls=0.0004, Reg=0.0000, Con=3.9609
2025-09-14 02:53:02,055 - INFO - Batch 730/2278: Loss=1.1900, Cls=0.0016, Reg=0.0000, Con=3.9613
2025-09-14 02:53:02,940 - INFO - Batch 740/2278: Loss=1.1891, Cls=0.0008, Reg=0.0000, Con=3.9610
2025-09-14 02:53:03,831 - INFO - Batch 750/2278: Loss=1.1932, Cls=0.0049, Reg=0.0000, Con=3.9609
2025-09-14 02:53:04,733 - INFO - Batch 760/2278: Loss=1.1889, Cls=0.0007, Reg=0.0000, Con=3.9608
2025-09-14 02:53:05,611 - INFO - Batch 770/2278: Loss=1.1905, Cls=0.0022, Reg=0.0000, Con=3.9610
2025-09-14 02:53:06,502 - INFO - Batch 780/2278: Loss=1.1886, Cls=0.0004, Reg=0.0000, Con=3.9608
2025-09-14 02:53:07,391 - INFO - Batch 790/2278: Loss=0.0026, Cls=0.0026, Reg=0.0000, Con=0.0000
2025-09-14 02:53:08,282 - INFO - Batch 800/2278: Loss=1.1933, Cls=0.0049, Reg=0.0000, Con=3.9612
2025-09-14 02:53:09,146 - INFO - Batch 810/2278: Loss=1.1916, Cls=0.0032, Reg=0.0000, Con=3.9612
2025-09-14 02:53:10,044 - INFO - Batch 820/2278: Loss=1.1883, Cls=0.0000, Reg=0.0000, Con=3.9609
2025-09-14 02:53:10,942 - INFO - Batch 830/2278: Loss=1.1890, Cls=0.0008, Reg=0.0000, Con=3.9609
2025-09-14 02:53:11,815 - INFO - Batch 840/2278: Loss=1.1910, Cls=0.0028, Reg=0.0000, Con=3.9608
2025-09-14 02:53:12,701 - INFO - Batch 850/2278: Loss=3.2561, Cls=3.2561, Reg=0.0000, Con=0.0000
2025-09-14 02:53:13,555 - INFO - Batch 860/2278: Loss=1.1889, Cls=0.0007, Reg=0.0000, Con=3.9607
2025-09-14 02:53:14,451 - INFO - Batch 870/2278: Loss=0.0035, Cls=0.0035, Reg=0.0000, Con=0.0000
2025-09-14 02:53:15,344 - INFO - Batch 880/2278: Loss=0.0021, Cls=0.0021, Reg=0.0000, Con=0.0000
2025-09-14 02:53:16,198 - INFO - Batch 890/2278: Loss=0.0020, Cls=0.0020, Reg=0.0000, Con=0.0000
2025-09-14 02:53:17,096 - INFO - Batch 900/2278: Loss=1.1921, Cls=0.0038, Reg=0.0000, Con=3.9609
2025-09-14 02:53:18,001 - INFO - Batch 910/2278: Loss=1.1894, Cls=0.0011, Reg=0.0000, Con=3.9609
2025-09-14 02:53:18,868 - INFO - Batch 920/2278: Loss=1.1886, Cls=0.0003, Reg=0.0000, Con=3.9610
2025-09-14 02:53:19,787 - INFO - Batch 930/2278: Loss=1.1897, Cls=0.0015, Reg=0.0000, Con=3.9608
2025-09-14 02:53:20,684 - INFO - Batch 940/2278: Loss=2.7592, Cls=1.5709, Reg=0.0000, Con=3.9609
2025-09-14 02:53:21,568 - INFO - Batch 950/2278: Loss=1.1883, Cls=0.0000, Reg=0.0000, Con=3.9611
2025-09-14 02:53:22,438 - INFO - Batch 960/2278: Loss=1.1895, Cls=0.0012, Reg=0.0000, Con=3.9609
2025-09-14 02:53:23,317 - INFO - Batch 970/2278: Loss=1.1900, Cls=0.0017, Reg=0.0000, Con=3.9612
2025-09-14 02:53:24,184 - INFO - Batch 980/2278: Loss=0.0005, Cls=0.0005, Reg=0.0000, Con=0.0000
2025-09-14 02:53:25,076 - INFO - Batch 990/2278: Loss=0.0000, Cls=0.0000, Reg=0.0000, Con=0.0000
2025-09-14 02:53:25,992 - INFO - Batch 1000/2278: Loss=1.1947, Cls=0.0064, Reg=0.0000, Con=3.9609
2025-09-14 02:53:26,891 - INFO - Batch 1010/2278: Loss=1.2013, Cls=0.0131, Reg=0.0000, Con=3.9608
2025-09-14 02:53:27,770 - INFO - Batch 1020/2278: Loss=0.0011, Cls=0.0011, Reg=0.0000, Con=0.0000
2025-09-14 02:53:28,650 - INFO - Batch 1030/2278: Loss=1.1888, Cls=0.0005, Reg=0.0000, Con=3.9610
2025-09-14 02:53:29,531 - INFO - Batch 1040/2278: Loss=1.1896, Cls=0.0014, Reg=0.0000, Con=3.9607
2025-09-14 02:53:30,415 - INFO - Batch 1050/2278: Loss=1.1894, Cls=0.0011, Reg=0.0000, Con=3.9609
2025-09-14 02:53:31,290 - INFO - Batch 1060/2278: Loss=1.1887, Cls=0.0005, Reg=0.0000, Con=3.9608
2025-09-14 02:53:32,214 - INFO - Batch 1070/2278: Loss=1.1892, Cls=0.0010, Reg=0.0000, Con=3.9608
2025-09-14 02:53:33,089 - INFO - Batch 1080/2278: Loss=0.0094, Cls=0.0094, Reg=0.0000, Con=0.0000
2025-09-14 02:53:33,985 - INFO - Batch 1090/2278: Loss=1.1900, Cls=0.0018, Reg=0.0000, Con=3.9609
2025-09-14 02:53:34,857 - INFO - Batch 1100/2278: Loss=0.0115, Cls=0.0115, Reg=0.0000, Con=0.0000
2025-09-14 02:53:35,756 - INFO - Batch 1110/2278: Loss=1.1885, Cls=0.0003, Reg=0.0000, Con=3.9608
2025-09-14 02:53:36,634 - INFO - Batch 1120/2278: Loss=0.0038, Cls=0.0038, Reg=0.0000, Con=0.0000
2025-09-14 02:53:37,514 - INFO - Batch 1130/2278: Loss=1.1953, Cls=0.0071, Reg=0.0000, Con=3.9608
2025-09-14 02:53:38,388 - INFO - Batch 1140/2278: Loss=1.1898, Cls=0.0016, Reg=0.0000, Con=3.9608
2025-09-14 02:53:39,286 - INFO - Batch 1150/2278: Loss=1.1885, Cls=0.0001, Reg=0.0000, Con=3.9611
2025-09-14 02:53:40,178 - INFO - Batch 1160/2278: Loss=1.1943, Cls=0.0060, Reg=0.0000, Con=3.9609
2025-09-14 02:53:41,055 - INFO - Batch 1170/2278: Loss=0.0013, Cls=0.0013, Reg=0.0000, Con=0.0000
2025-09-14 02:53:41,950 - INFO - Batch 1180/2278: Loss=1.1883, Cls=0.0001, Reg=0.0000, Con=3.9609
2025-09-14 02:53:42,858 - INFO - Batch 1190/2278: Loss=1.1905, Cls=0.0022, Reg=0.0000, Con=3.9609
2025-09-14 02:53:43,751 - INFO - Batch 1200/2278: Loss=0.0003, Cls=0.0003, Reg=0.0000, Con=0.0000
2025-09-14 02:53:44,658 - INFO - Batch 1210/2278: Loss=1.1883, Cls=0.0000, Reg=0.0000, Con=3.9610
2025-09-14 02:53:45,521 - INFO - Batch 1220/2278: Loss=0.0009, Cls=0.0009, Reg=0.0000, Con=0.0000
2025-09-14 02:53:46,378 - INFO - Batch 1230/2278: Loss=1.1920, Cls=0.0037, Reg=0.0000, Con=3.9609
2025-09-14 02:53:47,283 - INFO - Batch 1240/2278: Loss=1.1883, Cls=0.0000, Reg=0.0000, Con=3.9609
2025-09-14 02:53:48,148 - INFO - Batch 1250/2278: Loss=0.0000, Cls=0.0000, Reg=0.0000, Con=0.0000
2025-09-14 02:53:49,025 - INFO - Batch 1260/2278: Loss=1.1904, Cls=0.0021, Reg=0.0000, Con=3.9608
2025-09-14 02:53:49,901 - INFO - Batch 1270/2278: Loss=1.1886, Cls=0.0003, Reg=0.0000, Con=3.9609
2025-09-14 02:53:50,780 - INFO - Batch 1280/2278: Loss=0.0018, Cls=0.0018, Reg=0.0000, Con=0.0000
2025-09-14 02:53:51,656 - INFO - Batch 1290/2278: Loss=0.0027, Cls=0.0027, Reg=0.0000, Con=0.0000
2025-09-14 02:53:52,549 - INFO - Batch 1300/2278: Loss=1.1889, Cls=0.0006, Reg=0.0000, Con=3.9610
2025-09-14 02:53:53,440 - INFO - Batch 1310/2278: Loss=1.1893, Cls=0.0010, Reg=0.0000, Con=3.9611
2025-09-14 02:53:54,328 - INFO - Batch 1320/2278: Loss=0.0002, Cls=0.0002, Reg=0.0000, Con=0.0000
2025-09-14 02:53:55,194 - INFO - Batch 1330/2278: Loss=1.1890, Cls=0.0006, Reg=0.0000, Con=3.9613
2025-09-14 02:53:56,075 - INFO - Batch 1340/2278: Loss=1.1882, Cls=0.0000, Reg=0.0000, Con=3.9608
2025-09-14 02:53:56,965 - INFO - Batch 1350/2278: Loss=0.0170, Cls=0.0170, Reg=0.0000, Con=0.0000
2025-09-14 02:53:57,845 - INFO - Batch 1360/2278: Loss=2.5157, Cls=1.3274, Reg=0.0000, Con=3.9610
2025-09-14 02:53:58,730 - INFO - Batch 1370/2278: Loss=1.1882, Cls=0.0000, Reg=0.0000, Con=3.9608
2025-09-14 02:53:59,618 - INFO - Batch 1380/2278: Loss=1.1887, Cls=0.0005, Reg=0.0000, Con=3.9608
2025-09-14 02:54:00,503 - INFO - Batch 1390/2278: Loss=1.1888, Cls=0.0005, Reg=0.0000, Con=3.9608
2025-09-14 02:54:01,393 - INFO - Batch 1400/2278: Loss=1.1889, Cls=0.0007, Reg=0.0000, Con=3.9609
2025-09-14 02:54:02,310 - INFO - Batch 1410/2278: Loss=1.5626, Cls=0.3742, Reg=0.0000, Con=3.9612
2025-09-14 02:54:03,184 - INFO - Batch 1420/2278: Loss=0.0016, Cls=0.0016, Reg=0.0000, Con=0.0000
2025-09-14 02:54:04,050 - INFO - Batch 1430/2278: Loss=1.1910, Cls=0.0027, Reg=0.0000, Con=3.9609
2025-09-14 02:54:04,939 - INFO - Batch 1440/2278: Loss=1.1883, Cls=0.0000, Reg=0.0000, Con=3.9609
2025-09-14 02:54:05,837 - INFO - Batch 1450/2278: Loss=1.1890, Cls=0.0008, Reg=0.0000, Con=3.9608
2025-09-14 02:54:06,751 - INFO - Batch 1460/2278: Loss=0.0001, Cls=0.0001, Reg=0.0000, Con=0.0000
2025-09-14 02:54:07,632 - INFO - Batch 1470/2278: Loss=1.1924, Cls=0.0041, Reg=0.0000, Con=3.9609
2025-09-14 02:54:08,519 - INFO - Batch 1480/2278: Loss=1.1892, Cls=0.0010, Reg=0.0000, Con=3.9607
2025-09-14 02:54:09,419 - INFO - Batch 1490/2278: Loss=1.1887, Cls=0.0004, Reg=0.0000, Con=3.9609
2025-09-14 02:54:10,311 - INFO - Batch 1500/2278: Loss=1.1901, Cls=0.0018, Reg=0.0000, Con=3.9609
2025-09-14 02:54:11,205 - INFO - Batch 1510/2278: Loss=0.0000, Cls=0.0000, Reg=0.0000, Con=0.0000
2025-09-14 02:54:12,095 - INFO - Batch 1520/2278: Loss=1.1952, Cls=0.0069, Reg=0.0000, Con=3.9608
2025-09-14 02:54:12,957 - INFO - Batch 1530/2278: Loss=1.2041, Cls=0.0159, Reg=0.0000, Con=3.9608
2025-09-14 02:54:13,839 - INFO - Batch 1540/2278: Loss=1.2925, Cls=0.1043, Reg=0.0000, Con=3.9609
2025-09-14 02:54:14,731 - INFO - Batch 1550/2278: Loss=1.1927, Cls=0.0044, Reg=0.0000, Con=3.9610
2025-09-14 02:54:15,603 - INFO - Batch 1560/2278: Loss=1.1912, Cls=0.0029, Reg=0.0000, Con=3.9609
2025-09-14 02:54:16,492 - INFO - Batch 1570/2278: Loss=1.1940, Cls=0.0058, Reg=0.0000, Con=3.9608
2025-09-14 02:54:17,387 - INFO - Batch 1580/2278: Loss=1.1899, Cls=0.0017, Reg=0.0000, Con=3.9608
2025-09-14 02:54:18,258 - INFO - Batch 1590/2278: Loss=1.1906, Cls=0.0023, Reg=0.0000, Con=3.9609
2025-09-14 02:54:19,147 - INFO - Batch 1600/2278: Loss=1.1893, Cls=0.0011, Reg=0.0000, Con=3.9608
2025-09-14 02:54:20,072 - INFO - Batch 1610/2278: Loss=0.0040, Cls=0.0040, Reg=0.0000, Con=0.0000
2025-09-14 02:54:20,975 - INFO - Batch 1620/2278: Loss=0.0004, Cls=0.0004, Reg=0.0000, Con=0.0000
2025-09-14 02:54:21,876 - INFO - Batch 1630/2278: Loss=1.1882, Cls=0.0000, Reg=0.0000, Con=3.9608
2025-09-14 02:54:22,743 - INFO - Batch 1640/2278: Loss=0.0013, Cls=0.0013, Reg=0.0000, Con=0.0000
2025-09-14 02:54:23,615 - INFO - Batch 1650/2278: Loss=0.0010, Cls=0.0010, Reg=0.0000, Con=0.0000
2025-09-14 02:54:24,495 - INFO - Batch 1660/2278: Loss=0.2968, Cls=0.2968, Reg=0.0000, Con=0.0000
2025-09-14 02:54:25,388 - INFO - Batch 1670/2278: Loss=1.1889, Cls=0.0006, Reg=0.0000, Con=3.9612
2025-09-14 02:54:26,312 - INFO - Batch 1680/2278: Loss=0.0021, Cls=0.0021, Reg=0.0000, Con=0.0000
2025-09-14 02:54:27,190 - INFO - Batch 1690/2278: Loss=1.1900, Cls=0.0017, Reg=0.0000, Con=3.9612
2025-09-14 02:54:28,049 - INFO - Batch 1700/2278: Loss=1.1892, Cls=0.0008, Reg=0.0000, Con=3.9612
2025-09-14 02:54:28,931 - INFO - Batch 1710/2278: Loss=0.0007, Cls=0.0007, Reg=0.0000, Con=0.0000
2025-09-14 02:54:29,813 - INFO - Batch 1720/2278: Loss=1.1884, Cls=0.0002, Reg=0.0000, Con=3.9608
2025-09-14 02:54:30,721 - INFO - Batch 1730/2278: Loss=0.0002, Cls=0.0002, Reg=0.0000, Con=0.0000
2025-09-14 02:54:31,672 - INFO - Batch 1740/2278: Loss=0.0000, Cls=0.0000, Reg=0.0000, Con=0.0000
2025-09-14 02:54:32,560 - INFO - Batch 1750/2278: Loss=1.1883, Cls=0.0000, Reg=0.0000, Con=3.9609
2025-09-14 02:54:33,446 - INFO - Batch 1760/2278: Loss=1.1888, Cls=0.0006, Reg=0.0000, Con=3.9609
2025-09-14 02:54:34,363 - INFO - Batch 1770/2278: Loss=1.1882, Cls=0.0000, Reg=0.0000, Con=3.9608
2025-09-14 02:54:35,264 - INFO - Batch 1780/2278: Loss=1.1887, Cls=0.0005, Reg=0.0000, Con=3.9608
2025-09-14 02:54:36,145 - INFO - Batch 1790/2278: Loss=0.0005, Cls=0.0005, Reg=0.0000, Con=0.0000
2025-09-14 02:54:37,034 - INFO - Batch 1800/2278: Loss=0.0039, Cls=0.0039, Reg=0.0000, Con=0.0000
2025-09-14 02:54:37,919 - INFO - Batch 1810/2278: Loss=0.0017, Cls=0.0017, Reg=0.0000, Con=0.0000
2025-09-14 02:54:38,795 - INFO - Batch 1820/2278: Loss=1.1941, Cls=0.0058, Reg=0.0000, Con=3.9611
2025-09-14 02:54:39,674 - INFO - Batch 1830/2278: Loss=0.0001, Cls=0.0001, Reg=0.0000, Con=0.0000
2025-09-14 02:54:40,567 - INFO - Batch 1840/2278: Loss=0.3404, Cls=0.3404, Reg=0.0000, Con=0.0000
2025-09-14 02:54:41,478 - INFO - Batch 1850/2278: Loss=1.1913, Cls=0.0030, Reg=0.0000, Con=3.9608
2025-09-14 02:54:42,354 - INFO - Batch 1860/2278: Loss=1.4319, Cls=1.4319, Reg=0.0000, Con=0.0000
2025-09-14 02:54:43,253 - INFO - Batch 1870/2278: Loss=1.1893, Cls=0.0010, Reg=0.0000, Con=3.9608
2025-09-14 02:54:44,154 - INFO - Batch 1880/2278: Loss=0.0000, Cls=0.0000, Reg=0.0000, Con=0.0000
2025-09-14 02:54:45,075 - INFO - Batch 1890/2278: Loss=1.1907, Cls=0.0024, Reg=0.0000, Con=3.9609
2025-09-14 02:54:45,971 - INFO - Batch 1900/2278: Loss=0.0024, Cls=0.0024, Reg=0.0000, Con=0.0000
2025-09-14 02:54:46,866 - INFO - Batch 1910/2278: Loss=0.0011, Cls=0.0011, Reg=0.0000, Con=0.0000
2025-09-14 02:54:47,777 - INFO - Batch 1920/2278: Loss=1.1901, Cls=0.0019, Reg=0.0000, Con=3.9607
2025-09-14 02:54:48,702 - INFO - Batch 1930/2278: Loss=1.1896, Cls=0.0014, Reg=0.0000, Con=3.9607
2025-09-14 02:54:49,632 - INFO - Batch 1940/2278: Loss=1.1939, Cls=0.0056, Reg=0.0000, Con=3.9608
2025-09-14 02:54:50,544 - INFO - Batch 1950/2278: Loss=1.1887, Cls=0.0004, Reg=0.0000, Con=3.9608
2025-09-14 02:54:51,436 - INFO - Batch 1960/2278: Loss=1.1896, Cls=0.0013, Reg=0.0000, Con=3.9609
2025-09-14 02:54:52,319 - INFO - Batch 1970/2278: Loss=1.1883, Cls=0.0000, Reg=0.0000, Con=3.9611
2025-09-14 02:54:53,214 - INFO - Batch 1980/2278: Loss=1.1948, Cls=0.0065, Reg=0.0000, Con=3.9608
2025-09-14 02:54:54,106 - INFO - Batch 1990/2278: Loss=1.1887, Cls=0.0003, Reg=0.0000, Con=3.9615
2025-09-14 02:54:55,014 - INFO - Batch 2000/2278: Loss=0.0012, Cls=0.0012, Reg=0.0000, Con=0.0000
2025-09-14 02:54:55,913 - INFO - Batch 2010/2278: Loss=1.1889, Cls=0.0006, Reg=0.0000, Con=3.9608
2025-09-14 02:54:56,853 - INFO - Batch 2020/2278: Loss=1.1905, Cls=0.0022, Reg=0.0000, Con=3.9608
2025-09-14 02:54:57,731 - INFO - Batch 2030/2278: Loss=1.1882, Cls=0.0000, Reg=0.0000, Con=3.9607
2025-09-14 02:54:58,618 - INFO - Batch 2040/2278: Loss=2.8590, Cls=1.6707, Reg=0.0000, Con=3.9609
2025-09-14 02:54:59,501 - INFO - Batch 2050/2278: Loss=1.1887, Cls=0.0004, Reg=0.0000, Con=3.9608
2025-09-14 02:55:00,370 - INFO - Batch 2060/2278: Loss=0.0015, Cls=0.0015, Reg=0.0000, Con=0.0000
2025-09-14 02:55:01,261 - INFO - Batch 2070/2278: Loss=1.1905, Cls=0.0022, Reg=0.0000, Con=3.9611
2025-09-14 02:55:02,161 - INFO - Batch 2080/2278: Loss=1.1888, Cls=0.0006, Reg=0.0000, Con=3.9610
2025-09-14 02:55:03,039 - INFO - Batch 2090/2278: Loss=1.1887, Cls=0.0003, Reg=0.0000, Con=3.9612
2025-09-14 02:55:03,914 - INFO - Batch 2100/2278: Loss=1.1888, Cls=0.0005, Reg=0.0000, Con=3.9611
2025-09-14 02:55:04,842 - INFO - Batch 2110/2278: Loss=1.1896, Cls=0.0013, Reg=0.0000, Con=3.9609
2025-09-14 02:55:05,737 - INFO - Batch 2120/2278: Loss=0.0028, Cls=0.0028, Reg=0.0000, Con=0.0000
2025-09-14 02:55:06,654 - INFO - Batch 2130/2278: Loss=1.1899, Cls=0.0017, Reg=0.0000, Con=3.9606
2025-09-14 02:55:07,551 - INFO - Batch 2140/2278: Loss=1.1898, Cls=0.0015, Reg=0.0000, Con=3.9608
2025-09-14 02:55:08,439 - INFO - Batch 2150/2278: Loss=1.1920, Cls=0.0038, Reg=0.0000, Con=3.9607
2025-09-14 02:55:09,349 - INFO - Batch 2160/2278: Loss=1.1903, Cls=0.0020, Reg=0.0000, Con=3.9608
2025-09-14 02:55:10,247 - INFO - Batch 2170/2278: Loss=1.1949, Cls=0.0066, Reg=0.0000, Con=3.9609
2025-09-14 02:55:11,177 - INFO - Batch 2180/2278: Loss=0.0054, Cls=0.0054, Reg=0.0000, Con=0.0000
2025-09-14 02:55:12,077 - INFO - Batch 2190/2278: Loss=0.0021, Cls=0.0021, Reg=0.0000, Con=0.0000
2025-09-14 02:55:12,970 - INFO - Batch 2200/2278: Loss=1.1916, Cls=0.0034, Reg=0.0000, Con=3.9605
2025-09-14 02:55:13,863 - INFO - Batch 2210/2278: Loss=1.1898, Cls=0.0015, Reg=0.0000, Con=3.9609
2025-09-14 02:55:14,809 - INFO - Batch 2220/2278: Loss=2.0903, Cls=0.9020, Reg=0.0000, Con=3.9610
2025-09-14 02:55:15,765 - INFO - Batch 2230/2278: Loss=0.0024, Cls=0.0024, Reg=0.0000, Con=0.0000
2025-09-14 02:55:16,634 - INFO - Batch 2240/2278: Loss=0.0027, Cls=0.0027, Reg=0.0000, Con=0.0000
2025-09-14 02:55:17,498 - INFO - Batch 2250/2278: Loss=1.1918, Cls=0.0036, Reg=0.0000, Con=3.9609
2025-09-14 02:55:18,543 - INFO - Batch 2260/2278: Loss=1.1908, Cls=0.0026, Reg=0.0000, Con=3.9608
2025-09-14 02:55:19,459 - INFO - Batch 2270/2278: Loss=0.0438, Cls=0.0438, Reg=0.0000, Con=0.0000
2025-09-14 02:58:46,650 - INFO - === Epoch 1 Results ===
2025-09-14 02:58:46,650 - INFO - Training Loss: 0.8805 (Classification: 0.1158, Regression: 0.0000)
2025-09-14 02:58:46,650 - INFO - Validation Loss: 0.0301 (Classification: 0.0301, Regression: 0.0000)
2025-09-14 02:58:46,650 - INFO - Average Classification Accuracy: 0.9776 (on 1/26 tasks)
2025-09-14 02:58:46,650 - INFO - Average AUC: 0.7322
2025-09-14 02:58:47,185 - INFO - Best model saved to: experiments/r1c3_headft_cls_14_seed_42_20250914_025153/checkpoints/r1c3_headft_cls_14_seed_42_best.pth
2025-09-14 02:58:47,186 - INFO - 
Epoch 2/3
2025-09-14 02:58:47,286 - INFO - Batch 0/2278: Loss=0.0035, Cls=0.0035, Reg=0.0000, Con=0.0000
2025-09-14 02:58:48,269 - INFO - Batch 10/2278: Loss=1.1882, Cls=0.0000, Reg=0.0000, Con=3.9604
2025-09-14 02:58:49,220 - INFO - Batch 20/2278: Loss=1.1906, Cls=0.0023, Reg=0.0000, Con=3.9610
2025-09-14 02:58:50,172 - INFO - Batch 30/2278: Loss=1.1887, Cls=0.0005, Reg=0.0000, Con=3.9608
2025-09-14 02:58:51,109 - INFO - Batch 40/2278: Loss=1.1884, Cls=0.0002, Reg=0.0000, Con=3.9608
2025-09-14 02:58:52,113 - INFO - Batch 50/2278: Loss=0.0007, Cls=0.0007, Reg=0.0000, Con=0.0000
2025-09-14 02:58:53,006 - INFO - Batch 60/2278: Loss=3.8319, Cls=2.6436, Reg=0.0000, Con=3.9608
2025-09-14 02:58:53,942 - INFO - Batch 70/2278: Loss=1.1884, Cls=0.0001, Reg=0.0000, Con=3.9607
2025-09-14 02:58:54,856 - INFO - Batch 80/2278: Loss=1.1899, Cls=0.0016, Reg=0.0000, Con=3.9609
2025-09-14 02:58:55,858 - INFO - Batch 90/2278: Loss=0.0027, Cls=0.0027, Reg=0.0000, Con=0.0000
2025-09-14 02:58:56,818 - INFO - Batch 100/2278: Loss=1.1901, Cls=0.0018, Reg=0.0000, Con=3.9609
2025-09-14 02:58:57,730 - INFO - Batch 110/2278: Loss=1.1884, Cls=0.0002, Reg=0.0000, Con=3.9609
2025-09-14 02:58:58,674 - INFO - Batch 120/2278: Loss=0.0074, Cls=0.0074, Reg=0.0000, Con=0.0000
2025-09-14 02:58:59,600 - INFO - Batch 130/2278: Loss=1.1910, Cls=0.0027, Reg=0.0000, Con=3.9607
2025-09-14 02:59:00,513 - INFO - Batch 140/2278: Loss=1.1908, Cls=0.0026, Reg=0.0000, Con=3.9609
2025-09-14 02:59:01,447 - INFO - Batch 150/2278: Loss=1.1889, Cls=0.0006, Reg=0.0000, Con=3.9611
2025-09-14 02:59:02,412 - INFO - Batch 160/2278: Loss=1.1905, Cls=0.0022, Reg=0.0000, Con=3.9609
2025-09-14 02:59:03,337 - INFO - Batch 170/2278: Loss=0.0033, Cls=0.0033, Reg=0.0000, Con=0.0000
2025-09-14 02:59:04,290 - INFO - Batch 180/2278: Loss=1.1924, Cls=0.0041, Reg=0.0000, Con=3.9609
2025-09-14 02:59:05,239 - INFO - Batch 190/2278: Loss=0.0006, Cls=0.0006, Reg=0.0000, Con=0.0000
2025-09-14 02:59:06,184 - INFO - Batch 200/2278: Loss=1.1955, Cls=0.0072, Reg=0.0000, Con=3.9608
2025-09-14 02:59:07,070 - INFO - Batch 210/2278: Loss=1.1947, Cls=0.0064, Reg=0.0000, Con=3.9609
2025-09-14 02:59:08,064 - INFO - Batch 220/2278: Loss=0.0003, Cls=0.0003, Reg=0.0000, Con=0.0000
2025-09-14 02:59:08,995 - INFO - Batch 230/2278: Loss=0.0020, Cls=0.0020, Reg=0.0000, Con=0.0000
2025-09-14 02:59:09,969 - INFO - Batch 240/2278: Loss=0.0041, Cls=0.0041, Reg=0.0000, Con=0.0000
2025-09-14 02:59:10,882 - INFO - Batch 250/2278: Loss=0.0009, Cls=0.0009, Reg=0.0000, Con=0.0000
2025-09-14 02:59:11,777 - INFO - Batch 260/2278: Loss=0.0010, Cls=0.0010, Reg=0.0000, Con=0.0000
2025-09-14 02:59:12,713 - INFO - Batch 270/2278: Loss=1.1883, Cls=0.0000, Reg=0.0000, Con=3.9608
2025-09-14 02:59:13,663 - INFO - Batch 280/2278: Loss=1.1888, Cls=0.0005, Reg=0.0000, Con=3.9609
2025-09-14 02:59:14,598 - INFO - Batch 290/2278: Loss=1.1904, Cls=0.0021, Reg=0.0000, Con=3.9609
2025-09-14 02:59:15,532 - INFO - Batch 300/2278: Loss=1.1905, Cls=0.0023, Reg=0.0000, Con=3.9609
2025-09-14 02:59:16,500 - INFO - Batch 310/2278: Loss=1.1954, Cls=0.0072, Reg=0.0000, Con=3.9608
2025-09-14 02:59:17,499 - INFO - Batch 320/2278: Loss=0.0000, Cls=0.0000, Reg=0.0000, Con=0.0000
2025-09-14 02:59:18,438 - INFO - Batch 330/2278: Loss=3.0609, Cls=1.8726, Reg=0.0000, Con=3.9609
2025-09-14 02:59:19,377 - INFO - Batch 340/2278: Loss=1.1899, Cls=0.0017, Reg=0.0000, Con=3.9609
2025-09-14 02:59:20,257 - INFO - Batch 350/2278: Loss=1.1883, Cls=0.0001, Reg=0.0000, Con=3.9609
2025-09-14 02:59:21,231 - INFO - Batch 360/2278: Loss=1.1885, Cls=0.0002, Reg=0.0000, Con=3.9609
2025-09-14 02:59:22,144 - INFO - Batch 370/2278: Loss=1.1919, Cls=0.0037, Reg=0.0000, Con=3.9609
2025-09-14 02:59:23,017 - INFO - Batch 380/2278: Loss=1.1899, Cls=0.0017, Reg=0.0000, Con=3.9608
2025-09-14 02:59:23,920 - INFO - Batch 390/2278: Loss=1.1904, Cls=0.0021, Reg=0.0000, Con=3.9609
2025-09-14 02:59:24,856 - INFO - Batch 400/2278: Loss=0.0000, Cls=0.0000, Reg=0.0000, Con=0.0000
2025-09-14 02:59:25,800 - INFO - Batch 410/2278: Loss=1.1900, Cls=0.0018, Reg=0.0000, Con=3.9608
2025-09-14 02:59:26,736 - INFO - Batch 420/2278: Loss=0.0011, Cls=0.0011, Reg=0.0000, Con=0.0000
2025-09-14 02:59:27,648 - INFO - Batch 430/2278: Loss=3.1980, Cls=3.1980, Reg=0.0000, Con=0.0000
2025-09-14 02:59:28,552 - INFO - Batch 440/2278: Loss=1.1892, Cls=0.0010, Reg=0.0000, Con=3.9608
2025-09-14 02:59:29,443 - INFO - Batch 450/2278: Loss=1.1888, Cls=0.0006, Reg=0.0000, Con=3.9607
2025-09-14 02:59:30,328 - INFO - Batch 460/2278: Loss=0.0076, Cls=0.0076, Reg=0.0000, Con=0.0000
2025-09-14 02:59:31,233 - INFO - Batch 470/2278: Loss=1.1901, Cls=0.0018, Reg=0.0000, Con=3.9608
2025-09-14 02:59:32,121 - INFO - Batch 480/2278: Loss=0.0000, Cls=0.0000, Reg=0.0000, Con=0.0000
2025-09-14 02:59:33,024 - INFO - Batch 490/2278: Loss=1.1902, Cls=0.0019, Reg=0.0000, Con=3.9610
2025-09-14 02:59:33,919 - INFO - Batch 500/2278: Loss=1.1905, Cls=0.0023, Reg=0.0000, Con=3.9607
2025-09-14 02:59:34,835 - INFO - Batch 510/2278: Loss=1.1884, Cls=0.0002, Reg=0.0000, Con=3.9607
2025-09-14 02:59:35,734 - INFO - Batch 520/2278: Loss=1.1899, Cls=0.0016, Reg=0.0000, Con=3.9607
2025-09-14 02:59:36,638 - INFO - Batch 530/2278: Loss=1.1933, Cls=0.0050, Reg=0.0000, Con=3.9608
2025-09-14 02:59:37,535 - INFO - Batch 540/2278: Loss=3.2076, Cls=2.0193, Reg=0.0000, Con=3.9610
2025-09-14 02:59:38,439 - INFO - Batch 550/2278: Loss=1.1953, Cls=0.0071, Reg=0.0000, Con=3.9607
2025-09-14 02:59:39,346 - INFO - Batch 560/2278: Loss=0.0059, Cls=0.0059, Reg=0.0000, Con=0.0000
2025-09-14 02:59:40,240 - INFO - Batch 570/2278: Loss=1.1882, Cls=0.0000, Reg=0.0000, Con=3.9608
2025-09-14 02:59:41,123 - INFO - Batch 580/2278: Loss=0.0045, Cls=0.0045, Reg=0.0000, Con=0.0000
2025-09-14 02:59:42,034 - INFO - Batch 590/2278: Loss=1.2024, Cls=0.0142, Reg=0.0000, Con=3.9608
2025-09-14 02:59:42,926 - INFO - Batch 600/2278: Loss=0.0000, Cls=0.0000, Reg=0.0000, Con=0.0000
2025-09-14 02:59:43,819 - INFO - Batch 610/2278: Loss=1.1892, Cls=0.0009, Reg=0.0000, Con=3.9608
2025-09-14 02:59:44,717 - INFO - Batch 620/2278: Loss=1.1892, Cls=0.0009, Reg=0.0000, Con=3.9608
2025-09-14 02:59:45,634 - INFO - Batch 630/2278: Loss=0.0009, Cls=0.0009, Reg=0.0000, Con=0.0000
2025-09-14 02:59:46,553 - INFO - Batch 640/2278: Loss=0.0011, Cls=0.0011, Reg=0.0000, Con=0.0000
2025-09-14 02:59:47,423 - INFO - Batch 650/2278: Loss=0.0000, Cls=0.0000, Reg=0.0000, Con=0.0000
2025-09-14 02:59:48,316 - INFO - Batch 660/2278: Loss=1.1890, Cls=0.0008, Reg=0.0000, Con=3.9607
2025-09-14 02:59:49,220 - INFO - Batch 670/2278: Loss=1.1918, Cls=0.0035, Reg=0.0000, Con=3.9609
2025-09-14 02:59:50,106 - INFO - Batch 680/2278: Loss=2.9506, Cls=1.7624, Reg=0.0000, Con=3.9608
2025-09-14 02:59:51,001 - INFO - Batch 690/2278: Loss=1.1886, Cls=0.0002, Reg=0.0000, Con=3.9613
2025-09-14 02:59:51,918 - INFO - Batch 700/2278: Loss=0.0004, Cls=0.0004, Reg=0.0000, Con=0.0000
2025-09-14 02:59:52,833 - INFO - Batch 710/2278: Loss=1.1922, Cls=0.0039, Reg=0.0000, Con=3.9610
2025-09-14 02:59:53,797 - INFO - Batch 720/2278: Loss=1.1893, Cls=0.0010, Reg=0.0000, Con=3.9609
2025-09-14 02:59:54,696 - INFO - Batch 730/2278: Loss=1.1902, Cls=0.0018, Reg=0.0000, Con=3.9612
2025-09-14 02:59:55,589 - INFO - Batch 740/2278: Loss=1.1890, Cls=0.0007, Reg=0.0000, Con=3.9610
2025-09-14 02:59:56,499 - INFO - Batch 750/2278: Loss=0.0012, Cls=0.0012, Reg=0.0000, Con=0.0000
2025-09-14 02:59:57,387 - INFO - Batch 760/2278: Loss=2.0718, Cls=2.0718, Reg=0.0000, Con=0.0000
2025-09-14 02:59:58,268 - INFO - Batch 770/2278: Loss=1.1898, Cls=0.0016, Reg=0.0000, Con=3.9608
2025-09-14 02:59:59,167 - INFO - Batch 780/2278: Loss=0.0018, Cls=0.0018, Reg=0.0000, Con=0.0000
2025-09-14 03:00:00,099 - INFO - Batch 790/2278: Loss=1.1887, Cls=0.0005, Reg=0.0000, Con=3.9609
2025-09-14 03:00:01,051 - INFO - Batch 800/2278: Loss=0.0003, Cls=0.0003, Reg=0.0000, Con=0.0000
2025-09-14 03:00:01,982 - INFO - Batch 810/2278: Loss=0.0018, Cls=0.0018, Reg=0.0000, Con=0.0000
2025-09-14 03:00:02,919 - INFO - Batch 820/2278: Loss=1.1914, Cls=0.0032, Reg=0.0000, Con=3.9608
2025-09-14 03:00:03,833 - INFO - Batch 830/2278: Loss=1.1885, Cls=0.0003, Reg=0.0000, Con=3.9607
2025-09-14 03:00:04,745 - INFO - Batch 840/2278: Loss=1.1896, Cls=0.0014, Reg=0.0000, Con=3.9608
2025-09-14 03:00:05,653 - INFO - Batch 850/2278: Loss=0.0022, Cls=0.0022, Reg=0.0000, Con=0.0000
2025-09-14 03:00:06,593 - INFO - Batch 860/2278: Loss=1.1884, Cls=0.0002, Reg=0.0000, Con=3.9608
2025-09-14 03:00:07,476 - INFO - Batch 870/2278: Loss=0.0008, Cls=0.0008, Reg=0.0000, Con=0.0000
2025-09-14 03:00:08,365 - INFO - Batch 880/2278: Loss=0.0020, Cls=0.0020, Reg=0.0000, Con=0.0000
2025-09-14 03:00:09,255 - INFO - Batch 890/2278: Loss=1.1928, Cls=0.0045, Reg=0.0000, Con=3.9609
2025-09-14 03:00:10,150 - INFO - Batch 900/2278: Loss=0.0005, Cls=0.0005, Reg=0.0000, Con=0.0000
2025-09-14 03:00:11,073 - INFO - Batch 910/2278: Loss=0.0036, Cls=0.0036, Reg=0.0000, Con=0.0000
2025-09-14 03:00:11,958 - INFO - Batch 920/2278: Loss=1.1894, Cls=0.0011, Reg=0.0000, Con=3.9611
2025-09-14 03:00:12,836 - INFO - Batch 930/2278: Loss=1.1887, Cls=0.0005, Reg=0.0000, Con=3.9609
2025-09-14 03:00:13,720 - INFO - Batch 940/2278: Loss=0.0006, Cls=0.0006, Reg=0.0000, Con=0.0000
2025-09-14 03:00:14,596 - INFO - Batch 950/2278: Loss=0.0024, Cls=0.0024, Reg=0.0000, Con=0.0000
2025-09-14 03:00:15,524 - INFO - Batch 960/2278: Loss=0.0000, Cls=0.0000, Reg=0.0000, Con=0.0000
2025-09-14 03:00:16,430 - INFO - Batch 970/2278: Loss=0.0062, Cls=0.0062, Reg=0.0000, Con=0.0000
2025-09-14 03:00:17,298 - INFO - Batch 980/2278: Loss=1.1929, Cls=0.0046, Reg=0.0000, Con=3.9609
2025-09-14 03:00:18,192 - INFO - Batch 990/2278: Loss=1.1882, Cls=0.0000, Reg=0.0000, Con=3.9606
2025-09-14 03:00:19,073 - INFO - Batch 1000/2278: Loss=1.1901, Cls=0.0018, Reg=0.0000, Con=3.9609
2025-09-14 03:00:19,944 - INFO - Batch 1010/2278: Loss=1.1883, Cls=0.0000, Reg=0.0000, Con=3.9609
2025-09-14 03:00:20,825 - INFO - Batch 1020/2278: Loss=1.1905, Cls=0.0020, Reg=0.0000, Con=3.9615
2025-09-14 03:00:21,724 - INFO - Batch 1030/2278: Loss=1.1904, Cls=0.0021, Reg=0.0000, Con=3.9608
2025-09-14 03:00:22,636 - INFO - Batch 1040/2278: Loss=1.1937, Cls=0.0054, Reg=0.0000, Con=3.9608
2025-09-14 03:00:23,528 - INFO - Batch 1050/2278: Loss=1.2068, Cls=0.0185, Reg=0.0000, Con=3.9611
2025-09-14 03:00:24,422 - INFO - Batch 1060/2278: Loss=1.1883, Cls=0.0000, Reg=0.0000, Con=3.9612
2025-09-14 03:00:25,328 - INFO - Batch 1070/2278: Loss=1.1898, Cls=0.0015, Reg=0.0000, Con=3.9609
2025-09-14 03:00:26,223 - INFO - Batch 1080/2278: Loss=1.1945, Cls=0.0062, Reg=0.0000, Con=3.9609
2025-09-14 03:00:27,158 - INFO - Batch 1090/2278: Loss=1.1953, Cls=0.0070, Reg=0.0000, Con=3.9608
2025-09-14 03:00:28,039 - INFO - Batch 1100/2278: Loss=1.1894, Cls=0.0011, Reg=0.0000, Con=3.9608
2025-09-14 03:00:28,910 - INFO - Batch 1110/2278: Loss=1.1939, Cls=0.0057, Reg=0.0000, Con=3.9608
2025-09-14 03:00:29,800 - INFO - Batch 1120/2278: Loss=1.1899, Cls=0.0017, Reg=0.0000, Con=3.9608
2025-09-14 03:00:30,677 - INFO - Batch 1130/2278: Loss=0.0008, Cls=0.0008, Reg=0.0000, Con=0.0000
2025-09-14 03:00:31,579 - INFO - Batch 1140/2278: Loss=0.0016, Cls=0.0016, Reg=0.0000, Con=0.0000
2025-09-14 03:00:32,476 - INFO - Batch 1150/2278: Loss=1.2110, Cls=0.0227, Reg=0.0000, Con=3.9609
2025-09-14 03:00:33,356 - INFO - Batch 1160/2278: Loss=1.1882, Cls=0.0000, Reg=0.0000, Con=3.9607
2025-09-14 03:00:34,272 - INFO - Batch 1170/2278: Loss=0.0017, Cls=0.0017, Reg=0.0000, Con=0.0000
2025-09-14 03:00:35,163 - INFO - Batch 1180/2278: Loss=1.1887, Cls=0.0004, Reg=0.0000, Con=3.9609
2025-09-14 03:00:36,057 - INFO - Batch 1190/2278: Loss=1.1901, Cls=0.0018, Reg=0.0000, Con=3.9610
2025-09-14 03:00:36,975 - INFO - Batch 1200/2278: Loss=1.1885, Cls=0.0002, Reg=0.0000, Con=3.9609
2025-09-14 03:00:37,873 - INFO - Batch 1210/2278: Loss=1.1896, Cls=0.0013, Reg=0.0000, Con=3.9608
2025-09-14 03:00:38,774 - INFO - Batch 1220/2278: Loss=0.0005, Cls=0.0005, Reg=0.0000, Con=0.0000
2025-09-14 03:00:39,678 - INFO - Batch 1230/2278: Loss=1.1895, Cls=0.0013, Reg=0.0000, Con=3.9609
2025-09-14 03:00:40,575 - INFO - Batch 1240/2278: Loss=1.1883, Cls=0.0000, Reg=0.0000, Con=3.9609
2025-09-14 03:00:41,540 - INFO - Batch 1250/2278: Loss=0.0008, Cls=0.0008, Reg=0.0000, Con=0.0000
2025-09-14 03:00:42,440 - INFO - Batch 1260/2278: Loss=1.1888, Cls=0.0005, Reg=0.0000, Con=3.9607
2025-09-14 03:00:43,332 - INFO - Batch 1270/2278: Loss=0.0007, Cls=0.0007, Reg=0.0000, Con=0.0000
2025-09-14 03:00:44,289 - INFO - Batch 1280/2278: Loss=1.2071, Cls=0.0189, Reg=0.0000, Con=3.9608
2025-09-14 03:00:45,266 - INFO - Batch 1290/2278: Loss=1.1889, Cls=0.0006, Reg=0.0000, Con=3.9610
2025-09-14 03:00:46,166 - INFO - Batch 1300/2278: Loss=1.1946, Cls=0.0063, Reg=0.0000, Con=3.9610
2025-09-14 03:00:47,065 - INFO - Batch 1310/2278: Loss=0.0023, Cls=0.0023, Reg=0.0000, Con=0.0000
2025-09-14 03:00:47,965 - INFO - Batch 1320/2278: Loss=1.1977, Cls=0.0094, Reg=0.0000, Con=3.9609
2025-09-14 03:00:48,850 - INFO - Batch 1330/2278: Loss=1.1911, Cls=0.0028, Reg=0.0000, Con=3.9609
2025-09-14 03:00:49,755 - INFO - Batch 1340/2278: Loss=0.0056, Cls=0.0056, Reg=0.0000, Con=0.0000
2025-09-14 03:00:50,682 - INFO - Batch 1350/2278: Loss=0.0002, Cls=0.0002, Reg=0.0000, Con=0.0000
2025-09-14 03:00:51,676 - INFO - Batch 1360/2278: Loss=1.1942, Cls=0.0059, Reg=0.0000, Con=3.9608
2025-09-14 03:00:52,567 - INFO - Batch 1370/2278: Loss=1.6484, Cls=0.4602, Reg=0.0000, Con=3.9608
2025-09-14 03:00:53,458 - INFO - Batch 1380/2278: Loss=1.1888, Cls=0.0006, Reg=0.0000, Con=3.9609
2025-09-14 03:00:54,363 - INFO - Batch 1390/2278: Loss=1.1938, Cls=0.0056, Reg=0.0000, Con=3.9608
2025-09-14 03:00:55,278 - INFO - Batch 1400/2278: Loss=0.0000, Cls=0.0000, Reg=0.0000, Con=0.0000
2025-09-14 03:00:56,175 - INFO - Batch 1410/2278: Loss=1.1908, Cls=0.0026, Reg=0.0000, Con=3.9608
2025-09-14 03:00:57,076 - INFO - Batch 1420/2278: Loss=0.0025, Cls=0.0025, Reg=0.0000, Con=0.0000
2025-09-14 03:00:57,980 - INFO - Batch 1430/2278: Loss=0.0040, Cls=0.0040, Reg=0.0000, Con=0.0000
2025-09-14 03:00:58,871 - INFO - Batch 1440/2278: Loss=1.1900, Cls=0.0017, Reg=0.0000, Con=3.9613
2025-09-14 03:00:59,755 - INFO - Batch 1450/2278: Loss=0.0002, Cls=0.0002, Reg=0.0000, Con=0.0000
2025-09-14 03:01:00,645 - INFO - Batch 1460/2278: Loss=3.2732, Cls=2.0849, Reg=0.0000, Con=3.9609
2025-09-14 03:01:01,530 - INFO - Batch 1470/2278: Loss=1.1945, Cls=0.0062, Reg=0.0000, Con=3.9608
2025-09-14 03:01:02,541 - INFO - Batch 1480/2278: Loss=0.0061, Cls=0.0061, Reg=0.0000, Con=0.0000
2025-09-14 03:01:03,583 - INFO - Batch 1490/2278: Loss=0.0041, Cls=0.0041, Reg=0.0000, Con=0.0000
2025-09-14 03:01:04,487 - INFO - Batch 1500/2278: Loss=0.0044, Cls=0.0044, Reg=0.0000, Con=0.0000
2025-09-14 03:01:05,396 - INFO - Batch 1510/2278: Loss=1.2065, Cls=0.0183, Reg=0.0000, Con=3.9608
2025-09-14 03:01:06,285 - INFO - Batch 1520/2278: Loss=1.2002, Cls=0.0119, Reg=0.0000, Con=3.9608
2025-09-14 03:01:07,200 - INFO - Batch 1530/2278: Loss=1.1901, Cls=0.0018, Reg=0.0000, Con=3.9609
2025-09-14 03:01:08,155 - INFO - Batch 1540/2278: Loss=0.0063, Cls=0.0063, Reg=0.0000, Con=0.0000
2025-09-14 03:01:09,065 - INFO - Batch 1550/2278: Loss=1.1886, Cls=0.0003, Reg=0.0000, Con=3.9609
2025-09-14 03:01:09,971 - INFO - Batch 1560/2278: Loss=1.1887, Cls=0.0004, Reg=0.0000, Con=3.9608
2025-09-14 03:01:10,880 - INFO - Batch 1570/2278: Loss=1.1893, Cls=0.0010, Reg=0.0000, Con=3.9609
2025-09-14 03:01:11,815 - INFO - Batch 1580/2278: Loss=0.0001, Cls=0.0001, Reg=0.0000, Con=0.0000
2025-09-14 03:01:12,721 - INFO - Batch 1590/2278: Loss=0.0022, Cls=0.0022, Reg=0.0000, Con=0.0000
2025-09-14 03:01:13,651 - INFO - Batch 1600/2278: Loss=1.1887, Cls=0.0004, Reg=0.0000, Con=3.9609
2025-09-14 03:01:14,564 - INFO - Batch 1610/2278: Loss=0.0008, Cls=0.0008, Reg=0.0000, Con=0.0000
2025-09-14 03:01:15,476 - INFO - Batch 1620/2278: Loss=1.1968, Cls=0.0085, Reg=0.0000, Con=3.9609
2025-09-14 03:01:16,380 - INFO - Batch 1630/2278: Loss=0.0000, Cls=0.0000, Reg=0.0000, Con=0.0000
2025-09-14 03:01:17,270 - INFO - Batch 1640/2278: Loss=1.1883, Cls=0.0000, Reg=0.0000, Con=3.9609
2025-09-14 03:01:18,152 - INFO - Batch 1650/2278: Loss=0.0016, Cls=0.0016, Reg=0.0000, Con=0.0000
2025-09-14 03:01:19,041 - INFO - Batch 1660/2278: Loss=1.1886, Cls=0.0004, Reg=0.0000, Con=3.9607
2025-09-14 03:01:19,954 - INFO - Batch 1670/2278: Loss=1.1889, Cls=0.0006, Reg=0.0000, Con=3.9608
2025-09-14 03:01:20,859 - INFO - Batch 1680/2278: Loss=1.1899, Cls=0.0015, Reg=0.0000, Con=3.9615
2025-09-14 03:01:21,794 - INFO - Batch 1690/2278: Loss=0.0063, Cls=0.0063, Reg=0.0000, Con=0.0000
2025-09-14 03:01:22,685 - INFO - Batch 1700/2278: Loss=1.1882, Cls=0.0000, Reg=0.0000, Con=3.9608
2025-09-14 03:01:23,566 - INFO - Batch 1710/2278: Loss=1.1883, Cls=0.0000, Reg=0.0000, Con=3.9612
2025-09-14 03:01:24,485 - INFO - Batch 1720/2278: Loss=2.8931, Cls=1.7048, Reg=0.0000, Con=3.9610
2025-09-14 03:01:25,401 - INFO - Batch 1730/2278: Loss=1.2034, Cls=0.0152, Reg=0.0000, Con=3.9609
2025-09-14 03:01:26,307 - INFO - Batch 1740/2278: Loss=1.1883, Cls=0.0000, Reg=0.0000, Con=3.9610
2025-09-14 03:01:27,240 - INFO - Batch 1750/2278: Loss=1.1892, Cls=0.0009, Reg=0.0000, Con=3.9609
2025-09-14 03:01:28,154 - INFO - Batch 1760/2278: Loss=1.1887, Cls=0.0004, Reg=0.0000, Con=3.9608
2025-09-14 03:01:29,052 - INFO - Batch 1770/2278: Loss=3.3078, Cls=2.1196, Reg=0.0000, Con=3.9610
2025-09-14 03:01:29,930 - INFO - Batch 1780/2278: Loss=1.1891, Cls=0.0009, Reg=0.0000, Con=3.9609
2025-09-14 03:01:30,820 - INFO - Batch 1790/2278: Loss=1.1888, Cls=0.0006, Reg=0.0000, Con=3.9608
2025-09-14 03:01:31,747 - INFO - Batch 1800/2278: Loss=1.1891, Cls=0.0008, Reg=0.0000, Con=3.9609
2025-09-14 03:01:32,636 - INFO - Batch 1810/2278: Loss=1.1887, Cls=0.0004, Reg=0.0000, Con=3.9610
2025-09-14 03:01:33,555 - INFO - Batch 1820/2278: Loss=1.1884, Cls=0.0001, Reg=0.0000, Con=3.9608
2025-09-14 03:01:34,454 - INFO - Batch 1830/2278: Loss=1.1885, Cls=0.0000, Reg=0.0000, Con=3.9615
2025-09-14 03:01:35,355 - INFO - Batch 1840/2278: Loss=1.1894, Cls=0.0012, Reg=0.0000, Con=3.9609
2025-09-14 03:01:36,273 - INFO - Batch 1850/2278: Loss=1.1888, Cls=0.0005, Reg=0.0000, Con=3.9608
2025-09-14 03:01:37,171 - INFO - Batch 1860/2278: Loss=0.0011, Cls=0.0011, Reg=0.0000, Con=0.0000
2025-09-14 03:01:38,066 - INFO - Batch 1870/2278: Loss=0.0016, Cls=0.0016, Reg=0.0000, Con=0.0000
2025-09-14 03:01:39,007 - INFO - Batch 1880/2278: Loss=1.1908, Cls=0.0025, Reg=0.0000, Con=3.9610
2025-09-14 03:01:39,981 - INFO - Batch 1890/2278: Loss=0.0016, Cls=0.0016, Reg=0.0000, Con=0.0000
2025-09-14 03:01:40,877 - INFO - Batch 1900/2278: Loss=1.1896, Cls=0.0014, Reg=0.0000, Con=3.9607
2025-09-14 03:01:41,768 - INFO - Batch 1910/2278: Loss=1.1908, Cls=0.0025, Reg=0.0000, Con=3.9607
2025-09-14 03:01:42,708 - INFO - Batch 1920/2278: Loss=1.1934, Cls=0.0051, Reg=0.0000, Con=3.9608
2025-09-14 03:01:43,611 - INFO - Batch 1930/2278: Loss=0.0080, Cls=0.0080, Reg=0.0000, Con=0.0000
2025-09-14 03:01:44,524 - INFO - Batch 1940/2278: Loss=1.1999, Cls=0.0117, Reg=0.0000, Con=3.9607
2025-09-14 03:01:45,453 - INFO - Batch 1950/2278: Loss=1.1892, Cls=0.0009, Reg=0.0000, Con=3.9609
2025-09-14 03:01:46,417 - INFO - Batch 1960/2278: Loss=1.1894, Cls=0.0012, Reg=0.0000, Con=3.9609
2025-09-14 03:01:47,323 - INFO - Batch 1970/2278: Loss=1.1901, Cls=0.0019, Reg=0.0000, Con=3.9606
2025-09-14 03:01:48,222 - INFO - Batch 1980/2278: Loss=1.1895, Cls=0.0013, Reg=0.0000, Con=3.9608
2025-09-14 03:01:49,119 - INFO - Batch 1990/2278: Loss=0.0006, Cls=0.0006, Reg=0.0000, Con=0.0000
2025-09-14 03:01:50,037 - INFO - Batch 2000/2278: Loss=1.1918, Cls=0.0036, Reg=0.0000, Con=3.9607
2025-09-14 03:01:50,996 - INFO - Batch 2010/2278: Loss=1.1911, Cls=0.0028, Reg=0.0000, Con=3.9608
2025-09-14 03:01:51,879 - INFO - Batch 2020/2278: Loss=0.0013, Cls=0.0013, Reg=0.0000, Con=0.0000
2025-09-14 03:01:52,778 - INFO - Batch 2030/2278: Loss=2.0119, Cls=0.8236, Reg=0.0000, Con=3.9610
2025-09-14 03:01:53,695 - INFO - Batch 2040/2278: Loss=1.1884, Cls=0.0001, Reg=0.0000, Con=3.9608
2025-09-14 03:01:54,585 - INFO - Batch 2050/2278: Loss=0.0007, Cls=0.0007, Reg=0.0000, Con=0.0000
2025-09-14 03:01:55,487 - INFO - Batch 2060/2278: Loss=1.1890, Cls=0.0006, Reg=0.0000, Con=3.9615
2025-09-14 03:01:56,377 - INFO - Batch 2070/2278: Loss=1.1888, Cls=0.0006, Reg=0.0000, Con=3.9608
2025-09-14 03:01:57,286 - INFO - Batch 2080/2278: Loss=0.0008, Cls=0.0008, Reg=0.0000, Con=0.0000
2025-09-14 03:01:58,203 - INFO - Batch 2090/2278: Loss=1.1893, Cls=0.0010, Reg=0.0000, Con=3.9608
2025-09-14 03:01:59,094 - INFO - Batch 2100/2278: Loss=0.0022, Cls=0.0022, Reg=0.0000, Con=0.0000
2025-09-14 03:01:59,999 - INFO - Batch 2110/2278: Loss=0.0002, Cls=0.0002, Reg=0.0000, Con=0.0000
2025-09-14 03:02:00,890 - INFO - Batch 2120/2278: Loss=1.1889, Cls=0.0007, Reg=0.0000, Con=3.9609
2025-09-14 03:02:01,786 - INFO - Batch 2130/2278: Loss=2.2158, Cls=1.0276, Reg=0.0000, Con=3.9608
2025-09-14 03:02:02,694 - INFO - Batch 2140/2278: Loss=0.0030, Cls=0.0030, Reg=0.0000, Con=0.0000
2025-09-14 03:02:03,639 - INFO - Batch 2150/2278: Loss=1.1891, Cls=0.0008, Reg=0.0000, Con=3.9610
2025-09-14 03:02:04,588 - INFO - Batch 2160/2278: Loss=1.1888, Cls=0.0006, Reg=0.0000, Con=3.9608
2025-09-14 03:02:05,507 - INFO - Batch 2170/2278: Loss=1.1933, Cls=0.0050, Reg=0.0000, Con=3.9608
2025-09-14 03:02:06,417 - INFO - Batch 2180/2278: Loss=1.1965, Cls=0.0082, Reg=0.0000, Con=3.9608
2025-09-14 03:02:07,284 - INFO - Batch 2190/2278: Loss=1.1893, Cls=0.0010, Reg=0.0000, Con=3.9610
2025-09-14 03:02:08,176 - INFO - Batch 2200/2278: Loss=1.1885, Cls=0.0003, Reg=0.0000, Con=3.9608
2025-09-14 03:02:09,069 - INFO - Batch 2210/2278: Loss=1.1889, Cls=0.0005, Reg=0.0000, Con=3.9613
2025-09-14 03:02:09,952 - INFO - Batch 2220/2278: Loss=0.0018, Cls=0.0018, Reg=0.0000, Con=0.0000
2025-09-14 03:02:10,858 - INFO - Batch 2230/2278: Loss=0.0008, Cls=0.0008, Reg=0.0000, Con=0.0000
2025-09-14 03:02:11,751 - INFO - Batch 2240/2278: Loss=1.1905, Cls=0.0023, Reg=0.0000, Con=3.9608
2025-09-14 03:02:12,668 - INFO - Batch 2250/2278: Loss=0.0045, Cls=0.0045, Reg=0.0000, Con=0.0000
2025-09-14 03:02:13,584 - INFO - Batch 2260/2278: Loss=1.1887, Cls=0.0004, Reg=0.0000, Con=3.9609
2025-09-14 03:02:14,485 - INFO - Batch 2270/2278: Loss=1.1884, Cls=0.0002, Reg=0.0000, Con=3.9606
2025-09-14 03:05:42,283 - INFO - === Epoch 2 Results ===
2025-09-14 03:05:42,283 - INFO - Training Loss: 0.9079 (Classification: 0.1260, Regression: 0.0000)
2025-09-14 03:05:42,283 - INFO - Validation Loss: 0.0272 (Classification: 0.0272, Regression: 0.0000)
2025-09-14 03:05:42,283 - INFO - Average Classification Accuracy: 0.9776 (on 1/26 tasks)
2025-09-14 03:05:42,283 - INFO - Average AUC: 0.8064
2025-09-14 03:05:45,126 - INFO - Best model saved to: experiments/r1c3_headft_cls_14_seed_42_20250914_025153/checkpoints/r1c3_headft_cls_14_seed_42_best.pth
2025-09-14 03:05:45,126 - INFO - 
Epoch 3/3
2025-09-14 03:05:45,268 - INFO - Batch 0/2278: Loss=1.1889, Cls=0.0007, Reg=0.0000, Con=3.9608
2025-09-14 03:05:46,159 - INFO - Batch 10/2278: Loss=1.1912, Cls=0.0029, Reg=0.0000, Con=3.9611
2025-09-14 03:05:47,145 - INFO - Batch 20/2278: Loss=1.1908, Cls=0.0025, Reg=0.0000, Con=3.9608
2025-09-14 03:05:48,157 - INFO - Batch 30/2278: Loss=0.0000, Cls=0.0000, Reg=0.0000, Con=0.0000
2025-09-14 03:05:49,055 - INFO - Batch 40/2278: Loss=1.1899, Cls=0.0016, Reg=0.0000, Con=3.9608
2025-09-14 03:05:50,006 - INFO - Batch 50/2278: Loss=1.1883, Cls=0.0000, Reg=0.0000, Con=3.9609
2025-09-14 03:05:50,940 - INFO - Batch 60/2278: Loss=1.1890, Cls=0.0008, Reg=0.0000, Con=3.9607
2025-09-14 03:05:51,953 - INFO - Batch 70/2278: Loss=3.0393, Cls=1.8511, Reg=0.0000, Con=3.9608
2025-09-14 03:05:52,882 - INFO - Batch 80/2278: Loss=0.0016, Cls=0.0016, Reg=0.0000, Con=0.0000
2025-09-14 03:05:53,872 - INFO - Batch 90/2278: Loss=1.1903, Cls=0.0020, Reg=0.0000, Con=3.9609
2025-09-14 03:05:54,852 - INFO - Batch 100/2278: Loss=1.1895, Cls=0.0013, Reg=0.0000, Con=3.9607
2025-09-14 03:05:55,798 - INFO - Batch 110/2278: Loss=1.1898, Cls=0.0012, Reg=0.0000, Con=3.9618
2025-09-14 03:05:56,719 - INFO - Batch 120/2278: Loss=1.1911, Cls=0.0028, Reg=0.0000, Con=3.9609
2025-09-14 03:05:57,613 - INFO - Batch 130/2278: Loss=1.1890, Cls=0.0008, Reg=0.0000, Con=3.9607
2025-09-14 03:05:58,546 - INFO - Batch 140/2278: Loss=0.0000, Cls=0.0000, Reg=0.0000, Con=0.0000
2025-09-14 03:05:59,450 - INFO - Batch 150/2278: Loss=1.1892, Cls=0.0010, Reg=0.0000, Con=3.9608
2025-09-14 03:06:00,403 - INFO - Batch 160/2278: Loss=0.0004, Cls=0.0004, Reg=0.0000, Con=0.0000
2025-09-14 03:06:01,336 - INFO - Batch 170/2278: Loss=1.1898, Cls=0.0016, Reg=0.0000, Con=3.9609
2025-09-14 03:06:02,225 - INFO - Batch 180/2278: Loss=1.1883, Cls=0.0000, Reg=0.0000, Con=3.9611
2025-09-14 03:06:03,189 - INFO - Batch 190/2278: Loss=1.1908, Cls=0.0026, Reg=0.0000, Con=3.9607
2025-09-14 03:06:04,140 - INFO - Batch 200/2278: Loss=0.0016, Cls=0.0016, Reg=0.0000, Con=0.0000
2025-09-14 03:06:05,060 - INFO - Batch 210/2278: Loss=2.8841, Cls=1.6957, Reg=0.0000, Con=3.9612
2025-09-14 03:06:05,966 - INFO - Batch 220/2278: Loss=1.1892, Cls=0.0009, Reg=0.0000, Con=3.9608
2025-09-14 03:06:06,959 - INFO - Batch 230/2278: Loss=1.1984, Cls=0.0101, Reg=0.0000, Con=3.9611
2025-09-14 03:06:07,929 - INFO - Batch 240/2278: Loss=1.1896, Cls=0.0014, Reg=0.0000, Con=3.9607
2025-09-14 03:06:08,904 - INFO - Batch 250/2278: Loss=1.1883, Cls=0.0001, Reg=0.0000, Con=3.9609
2025-09-14 03:06:09,822 - INFO - Batch 260/2278: Loss=1.1900, Cls=0.0018, Reg=0.0000, Con=3.9608
2025-09-14 03:06:10,786 - INFO - Batch 270/2278: Loss=1.1896, Cls=0.0014, Reg=0.0000, Con=3.9607
2025-09-14 03:06:11,711 - INFO - Batch 280/2278: Loss=1.1901, Cls=0.0019, Reg=0.0000, Con=3.9608
2025-09-14 03:06:12,695 - INFO - Batch 290/2278: Loss=1.1895, Cls=0.0013, Reg=0.0000, Con=3.9608
2025-09-14 03:06:13,587 - INFO - Batch 300/2278: Loss=1.1888, Cls=0.0006, Reg=0.0000, Con=3.9607
2025-09-14 03:06:14,543 - INFO - Batch 310/2278: Loss=1.1895, Cls=0.0011, Reg=0.0000, Con=3.9610
2025-09-14 03:06:15,477 - INFO - Batch 320/2278: Loss=1.1894, Cls=0.0011, Reg=0.0000, Con=3.9612
2025-09-14 03:06:16,373 - INFO - Batch 330/2278: Loss=0.0048, Cls=0.0048, Reg=0.0000, Con=0.0000
2025-09-14 03:06:17,318 - INFO - Batch 340/2278: Loss=0.0029, Cls=0.0029, Reg=0.0000, Con=0.0000
2025-09-14 03:06:18,249 - INFO - Batch 350/2278: Loss=1.1957, Cls=0.0073, Reg=0.0000, Con=3.9612
2025-09-14 03:06:19,157 - INFO - Batch 360/2278: Loss=1.1921, Cls=0.0038, Reg=0.0000, Con=3.9611
2025-09-14 03:06:20,065 - INFO - Batch 370/2278: Loss=1.1903, Cls=0.0021, Reg=0.0000, Con=3.9608
2025-09-14 03:06:21,048 - INFO - Batch 380/2278: Loss=2.1277, Cls=0.9394, Reg=0.0000, Con=3.9608
2025-09-14 03:06:22,056 - INFO - Batch 390/2278: Loss=1.1919, Cls=0.0036, Reg=0.0000, Con=3.9609
2025-09-14 03:06:22,944 - INFO - Batch 400/2278: Loss=0.0027, Cls=0.0027, Reg=0.0000, Con=0.0000
2025-09-14 03:06:23,842 - INFO - Batch 410/2278: Loss=1.1890, Cls=0.0007, Reg=0.0000, Con=3.9609
2025-09-14 03:06:24,711 - INFO - Batch 420/2278: Loss=1.1883, Cls=0.0000, Reg=0.0000, Con=3.9609
2025-09-14 03:06:25,644 - INFO - Batch 430/2278: Loss=1.1992, Cls=0.0108, Reg=0.0000, Con=3.9614
2025-09-14 03:06:26,613 - INFO - Batch 440/2278: Loss=0.0118, Cls=0.0118, Reg=0.0000, Con=0.0000
2025-09-14 03:06:27,543 - INFO - Batch 450/2278: Loss=1.1905, Cls=0.0023, Reg=0.0000, Con=3.9608
2025-09-14 03:06:28,492 - INFO - Batch 460/2278: Loss=0.0008, Cls=0.0008, Reg=0.0000, Con=0.0000
2025-09-14 03:06:29,405 - INFO - Batch 470/2278: Loss=0.0013, Cls=0.0013, Reg=0.0000, Con=0.0000
2025-09-14 03:06:30,318 - INFO - Batch 480/2278: Loss=1.1890, Cls=0.0007, Reg=0.0000, Con=3.9609
2025-09-14 03:06:31,350 - INFO - Batch 490/2278: Loss=0.0025, Cls=0.0025, Reg=0.0000, Con=0.0000
2025-09-14 03:06:32,235 - INFO - Batch 500/2278: Loss=0.0002, Cls=0.0002, Reg=0.0000, Con=0.0000
2025-09-14 03:06:33,167 - INFO - Batch 510/2278: Loss=1.1896, Cls=0.0013, Reg=0.0000, Con=3.9608
2025-09-14 03:06:34,071 - INFO - Batch 520/2278: Loss=0.0078, Cls=0.0078, Reg=0.0000, Con=0.0000
2025-09-14 03:06:34,952 - INFO - Batch 530/2278: Loss=1.1897, Cls=0.0014, Reg=0.0000, Con=3.9608
2025-09-14 03:06:35,871 - INFO - Batch 540/2278: Loss=1.1898, Cls=0.0016, Reg=0.0000, Con=3.9609
2025-09-14 03:06:36,771 - INFO - Batch 550/2278: Loss=0.0004, Cls=0.0004, Reg=0.0000, Con=0.0000
2025-09-14 03:06:37,675 - INFO - Batch 560/2278: Loss=1.1897, Cls=0.0015, Reg=0.0000, Con=3.9609
2025-09-14 03:06:38,588 - INFO - Batch 570/2278: Loss=1.1884, Cls=0.0002, Reg=0.0000, Con=3.9608
2025-09-14 03:06:39,507 - INFO - Batch 580/2278: Loss=0.0018, Cls=0.0018, Reg=0.0000, Con=0.0000
2025-09-14 03:06:40,386 - INFO - Batch 590/2278: Loss=2.2945, Cls=1.1062, Reg=0.0000, Con=3.9608
2025-09-14 03:06:41,280 - INFO - Batch 600/2278: Loss=0.0028, Cls=0.0028, Reg=0.0000, Con=0.0000
2025-09-14 03:06:42,165 - INFO - Batch 610/2278: Loss=0.0030, Cls=0.0030, Reg=0.0000, Con=0.0000
2025-09-14 03:06:43,074 - INFO - Batch 620/2278: Loss=1.1882, Cls=0.0000, Reg=0.0000, Con=3.9608
2025-09-14 03:06:43,946 - INFO - Batch 630/2278: Loss=1.1887, Cls=0.0003, Reg=0.0000, Con=3.9611
2025-09-14 03:06:44,883 - INFO - Batch 640/2278: Loss=1.1901, Cls=0.0019, Reg=0.0000, Con=3.9607
2025-09-14 03:06:45,763 - INFO - Batch 650/2278: Loss=1.2059, Cls=0.0176, Reg=0.0000, Con=3.9608
2025-09-14 03:06:46,683 - INFO - Batch 660/2278: Loss=0.0094, Cls=0.0094, Reg=0.0000, Con=0.0000
2025-09-14 03:06:47,579 - INFO - Batch 670/2278: Loss=1.1887, Cls=0.0005, Reg=0.0000, Con=3.9609
2025-09-14 03:06:48,518 - INFO - Batch 680/2278: Loss=0.0026, Cls=0.0026, Reg=0.0000, Con=0.0000
2025-09-14 03:06:49,408 - INFO - Batch 690/2278: Loss=2.3016, Cls=1.1133, Reg=0.0000, Con=3.9609
2025-09-14 03:06:50,338 - INFO - Batch 700/2278: Loss=1.1886, Cls=0.0003, Reg=0.0000, Con=3.9610
2025-09-14 03:06:51,225 - INFO - Batch 710/2278: Loss=1.1917, Cls=0.0034, Reg=0.0000, Con=3.9610
2025-09-14 03:06:52,125 - INFO - Batch 720/2278: Loss=1.1899, Cls=0.0016, Reg=0.0000, Con=3.9610
2025-09-14 03:06:53,011 - INFO - Batch 730/2278: Loss=1.2066, Cls=0.0183, Reg=0.0000, Con=3.9609
2025-09-14 03:06:53,909 - INFO - Batch 740/2278: Loss=1.1882, Cls=0.0000, Reg=0.0000, Con=3.9606
2025-09-14 03:06:54,790 - INFO - Batch 750/2278: Loss=1.1889, Cls=0.0007, Reg=0.0000, Con=3.9606
2025-09-14 03:06:55,662 - INFO - Batch 760/2278: Loss=1.1887, Cls=0.0004, Reg=0.0000, Con=3.9611
2025-09-14 03:06:56,564 - INFO - Batch 770/2278: Loss=1.1899, Cls=0.0016, Reg=0.0000, Con=3.9611
2025-09-14 03:06:57,465 - INFO - Batch 780/2278: Loss=0.0008, Cls=0.0008, Reg=0.0000, Con=0.0000
2025-09-14 03:06:58,368 - INFO - Batch 790/2278: Loss=1.3204, Cls=0.1322, Reg=0.0000, Con=3.9609
2025-09-14 03:06:59,255 - INFO - Batch 800/2278: Loss=1.1885, Cls=0.0002, Reg=0.0000, Con=3.9612
2025-09-14 03:07:00,190 - INFO - Batch 810/2278: Loss=0.0018, Cls=0.0018, Reg=0.0000, Con=0.0000
2025-09-14 03:07:01,122 - INFO - Batch 820/2278: Loss=1.2037, Cls=0.0154, Reg=0.0000, Con=3.9608
2025-09-14 03:07:02,086 - INFO - Batch 830/2278: Loss=1.1884, Cls=0.0002, Reg=0.0000, Con=3.9609
2025-09-14 03:07:02,987 - INFO - Batch 840/2278: Loss=0.0006, Cls=0.0006, Reg=0.0000, Con=0.0000
2025-09-14 03:07:03,899 - INFO - Batch 850/2278: Loss=0.0013, Cls=0.0013, Reg=0.0000, Con=0.0000
2025-09-14 03:07:04,792 - INFO - Batch 860/2278: Loss=1.1893, Cls=0.0010, Reg=0.0000, Con=3.9611
2025-09-14 03:07:05,688 - INFO - Batch 870/2278: Loss=1.1883, Cls=0.0000, Reg=0.0000, Con=3.9609
2025-09-14 03:07:06,623 - INFO - Batch 880/2278: Loss=0.0010, Cls=0.0010, Reg=0.0000, Con=0.0000
2025-09-14 03:07:07,507 - INFO - Batch 890/2278: Loss=1.1930, Cls=0.0047, Reg=0.0000, Con=3.9609
2025-09-14 03:07:08,404 - INFO - Batch 900/2278: Loss=0.0000, Cls=0.0000, Reg=0.0000, Con=0.0000
2025-09-14 03:07:09,304 - INFO - Batch 910/2278: Loss=0.0011, Cls=0.0011, Reg=0.0000, Con=0.0000
2025-09-14 03:07:10,213 - INFO - Batch 920/2278: Loss=0.0005, Cls=0.0005, Reg=0.0000, Con=0.0000
2025-09-14 03:07:11,109 - INFO - Batch 930/2278: Loss=0.0011, Cls=0.0011, Reg=0.0000, Con=0.0000
2025-09-14 03:07:12,034 - INFO - Batch 940/2278: Loss=1.1889, Cls=0.0005, Reg=0.0000, Con=3.9613
2025-09-14 03:07:12,978 - INFO - Batch 950/2278: Loss=0.0009, Cls=0.0009, Reg=0.0000, Con=0.0000
2025-09-14 03:07:13,920 - INFO - Batch 960/2278: Loss=0.0003, Cls=0.0003, Reg=0.0000, Con=0.0000
2025-09-14 03:07:14,840 - INFO - Batch 970/2278: Loss=1.1896, Cls=0.0014, Reg=0.0000, Con=3.9608
2025-09-14 03:07:15,784 - INFO - Batch 980/2278: Loss=1.1902, Cls=0.0020, Reg=0.0000, Con=3.9609
2025-09-14 03:07:16,720 - INFO - Batch 990/2278: Loss=1.2546, Cls=0.0664, Reg=0.0000, Con=3.9609
2025-09-14 03:07:17,649 - INFO - Batch 1000/2278: Loss=1.1901, Cls=0.0018, Reg=0.0000, Con=3.9610
2025-09-14 03:07:18,600 - INFO - Batch 1010/2278: Loss=1.1892, Cls=0.0010, Reg=0.0000, Con=3.9608
2025-09-14 03:07:19,490 - INFO - Batch 1020/2278: Loss=1.1893, Cls=0.0011, Reg=0.0000, Con=3.9608
2025-09-14 03:07:20,395 - INFO - Batch 1030/2278: Loss=0.0003, Cls=0.0003, Reg=0.0000, Con=0.0000
2025-09-14 03:07:21,294 - INFO - Batch 1040/2278: Loss=1.1884, Cls=0.0000, Reg=0.0000, Con=3.9613
2025-09-14 03:07:22,193 - INFO - Batch 1050/2278: Loss=0.0006, Cls=0.0006, Reg=0.0000, Con=0.0000
2025-09-14 03:07:23,083 - INFO - Batch 1060/2278: Loss=3.0562, Cls=1.8679, Reg=0.0000, Con=3.9611
2025-09-14 03:07:24,008 - INFO - Batch 1070/2278: Loss=1.1892, Cls=0.0009, Reg=0.0000, Con=3.9609
2025-09-14 03:07:24,909 - INFO - Batch 1080/2278: Loss=0.0000, Cls=0.0000, Reg=0.0000, Con=0.0000
2025-09-14 03:07:25,833 - INFO - Batch 1090/2278: Loss=1.1885, Cls=0.0002, Reg=0.0000, Con=3.9611
2025-09-14 03:07:26,741 - INFO - Batch 1100/2278: Loss=1.1883, Cls=0.0000, Reg=0.0000, Con=3.9611
2025-09-14 03:07:27,668 - INFO - Batch 1110/2278: Loss=0.0015, Cls=0.0015, Reg=0.0000, Con=0.0000
2025-09-14 03:07:28,572 - INFO - Batch 1120/2278: Loss=0.0072, Cls=0.0072, Reg=0.0000, Con=0.0000
2025-09-14 03:07:29,466 - INFO - Batch 1130/2278: Loss=0.0000, Cls=0.0000, Reg=0.0000, Con=0.0000
2025-09-14 03:07:30,400 - INFO - Batch 1140/2278: Loss=1.1912, Cls=0.0029, Reg=0.0000, Con=3.9609
2025-09-14 03:07:31,283 - INFO - Batch 1150/2278: Loss=0.0006, Cls=0.0006, Reg=0.0000, Con=0.0000
2025-09-14 03:07:32,266 - INFO - Batch 1160/2278: Loss=0.0013, Cls=0.0013, Reg=0.0000, Con=0.0000
2025-09-14 03:07:33,164 - INFO - Batch 1170/2278: Loss=1.1902, Cls=0.0020, Reg=0.0000, Con=3.9608
2025-09-14 03:07:34,084 - INFO - Batch 1180/2278: Loss=1.1887, Cls=0.0004, Reg=0.0000, Con=3.9613
2025-09-14 03:07:34,992 - INFO - Batch 1190/2278: Loss=1.1883, Cls=0.0000, Reg=0.0000, Con=3.9609
2025-09-14 03:07:35,893 - INFO - Batch 1200/2278: Loss=1.1895, Cls=0.0012, Reg=0.0000, Con=3.9611
2025-09-14 03:07:36,823 - INFO - Batch 1210/2278: Loss=1.1940, Cls=0.0057, Reg=0.0000, Con=3.9611
2025-09-14 03:07:37,723 - INFO - Batch 1220/2278: Loss=1.1904, Cls=0.0021, Reg=0.0000, Con=3.9609
2025-09-14 03:07:38,626 - INFO - Batch 1230/2278: Loss=0.0043, Cls=0.0043, Reg=0.0000, Con=0.0000
2025-09-14 03:07:39,524 - INFO - Batch 1240/2278: Loss=1.1926, Cls=0.0044, Reg=0.0000, Con=3.9608
2025-09-14 03:07:40,438 - INFO - Batch 1250/2278: Loss=1.1884, Cls=0.0002, Reg=0.0000, Con=3.9609
2025-09-14 03:07:41,343 - INFO - Batch 1260/2278: Loss=0.0026, Cls=0.0026, Reg=0.0000, Con=0.0000
2025-09-14 03:07:42,263 - INFO - Batch 1270/2278: Loss=1.1891, Cls=0.0008, Reg=0.0000, Con=3.9610
2025-09-14 03:07:43,181 - INFO - Batch 1280/2278: Loss=1.1897, Cls=0.0015, Reg=0.0000, Con=3.9607
2025-09-14 03:07:44,127 - INFO - Batch 1290/2278: Loss=0.0000, Cls=0.0000, Reg=0.0000, Con=0.0000
2025-09-14 03:07:45,004 - INFO - Batch 1300/2278: Loss=0.0044, Cls=0.0044, Reg=0.0000, Con=0.0000
2025-09-14 03:07:45,886 - INFO - Batch 1310/2278: Loss=4.6969, Cls=3.5087, Reg=0.0000, Con=3.9608
2025-09-14 03:07:46,808 - INFO - Batch 1320/2278: Loss=1.1899, Cls=0.0016, Reg=0.0000, Con=3.9610
2025-09-14 03:07:47,726 - INFO - Batch 1330/2278: Loss=1.1902, Cls=0.0019, Reg=0.0000, Con=3.9610
2025-09-14 03:07:48,611 - INFO - Batch 1340/2278: Loss=1.1886, Cls=0.0003, Reg=0.0000, Con=3.9608
2025-09-14 03:07:49,509 - INFO - Batch 1350/2278: Loss=1.1887, Cls=0.0004, Reg=0.0000, Con=3.9608
2025-09-14 03:07:50,417 - INFO - Batch 1360/2278: Loss=1.1893, Cls=0.0009, Reg=0.0000, Con=3.9612
2025-09-14 03:07:51,305 - INFO - Batch 1370/2278: Loss=1.1913, Cls=0.0030, Reg=0.0000, Con=3.9610
2025-09-14 03:07:52,219 - INFO - Batch 1380/2278: Loss=1.1889, Cls=0.0006, Reg=0.0000, Con=3.9608
2025-09-14 03:07:53,121 - INFO - Batch 1390/2278: Loss=1.1944, Cls=0.0061, Reg=0.0000, Con=3.9610
2025-09-14 03:07:54,051 - INFO - Batch 1400/2278: Loss=1.1907, Cls=0.0023, Reg=0.0000, Con=3.9615
2025-09-14 03:07:54,962 - INFO - Batch 1410/2278: Loss=0.0045, Cls=0.0045, Reg=0.0000, Con=0.0000
2025-09-14 03:07:55,868 - INFO - Batch 1420/2278: Loss=1.1944, Cls=0.0061, Reg=0.0000, Con=3.9610
2025-09-14 03:07:56,766 - INFO - Batch 1430/2278: Loss=0.0039, Cls=0.0039, Reg=0.0000, Con=0.0000
2025-09-14 03:07:57,695 - INFO - Batch 1440/2278: Loss=1.1884, Cls=0.0003, Reg=0.0000, Con=3.9606
2025-09-14 03:07:58,624 - INFO - Batch 1450/2278: Loss=0.0201, Cls=0.0201, Reg=0.0000, Con=0.0000
2025-09-14 03:07:59,504 - INFO - Batch 1460/2278: Loss=0.0017, Cls=0.0017, Reg=0.0000, Con=0.0000
2025-09-14 03:08:00,427 - INFO - Batch 1470/2278: Loss=1.1910, Cls=0.0027, Reg=0.0000, Con=3.9607
2025-09-14 03:08:01,312 - INFO - Batch 1480/2278: Loss=1.1936, Cls=0.0054, Reg=0.0000, Con=3.9608
2025-09-14 03:08:02,235 - INFO - Batch 1490/2278: Loss=0.0006, Cls=0.0006, Reg=0.0000, Con=0.0000
2025-09-14 03:08:03,214 - INFO - Batch 1500/2278: Loss=1.1928, Cls=0.0045, Reg=0.0000, Con=3.9610
2025-09-14 03:08:04,123 - INFO - Batch 1510/2278: Loss=1.2660, Cls=0.0778, Reg=0.0000, Con=3.9609
2025-09-14 03:08:05,024 - INFO - Batch 1520/2278: Loss=0.0008, Cls=0.0008, Reg=0.0000, Con=0.0000
2025-09-14 03:08:05,936 - INFO - Batch 1530/2278: Loss=1.1882, Cls=0.0000, Reg=0.0000, Con=3.9608
2025-09-14 03:08:06,853 - INFO - Batch 1540/2278: Loss=1.1936, Cls=0.0053, Reg=0.0000, Con=3.9610
2025-09-14 03:08:07,755 - INFO - Batch 1550/2278: Loss=1.1920, Cls=0.0036, Reg=0.0000, Con=3.9611
2025-09-14 03:08:08,651 - INFO - Batch 1560/2278: Loss=1.1886, Cls=0.0003, Reg=0.0000, Con=3.9608
2025-09-14 03:08:09,556 - INFO - Batch 1570/2278: Loss=0.0004, Cls=0.0004, Reg=0.0000, Con=0.0000
2025-09-14 03:08:10,483 - INFO - Batch 1580/2278: Loss=1.1882, Cls=0.0000, Reg=0.0000, Con=3.9608
2025-09-14 03:08:11,399 - INFO - Batch 1590/2278: Loss=0.0001, Cls=0.0001, Reg=0.0000, Con=0.0000
2025-09-14 03:08:12,296 - INFO - Batch 1600/2278: Loss=1.1980, Cls=0.0097, Reg=0.0000, Con=3.9608
2025-09-14 03:08:13,198 - INFO - Batch 1610/2278: Loss=0.0000, Cls=0.0000, Reg=0.0000, Con=0.0000
2025-09-14 03:08:14,150 - INFO - Batch 1620/2278: Loss=1.1889, Cls=0.0006, Reg=0.0000, Con=3.9608
2025-09-14 03:08:15,037 - INFO - Batch 1630/2278: Loss=2.6169, Cls=1.4286, Reg=0.0000, Con=3.9610
2025-09-14 03:08:15,956 - INFO - Batch 1640/2278: Loss=0.0136, Cls=0.0136, Reg=0.0000, Con=0.0000
2025-09-14 03:08:16,874 - INFO - Batch 1650/2278: Loss=1.1887, Cls=0.0004, Reg=0.0000, Con=3.9609
2025-09-14 03:08:17,780 - INFO - Batch 1660/2278: Loss=1.1890, Cls=0.0006, Reg=0.0000, Con=3.9613
2025-09-14 03:08:18,689 - INFO - Batch 1670/2278: Loss=1.1927, Cls=0.0045, Reg=0.0000, Con=3.9609
2025-09-14 03:08:19,637 - INFO - Batch 1680/2278: Loss=1.1888, Cls=0.0006, Reg=0.0000, Con=3.9607
2025-09-14 03:08:20,504 - INFO - Batch 1690/2278: Loss=1.1932, Cls=0.0049, Reg=0.0000, Con=3.9610
2025-09-14 03:08:21,412 - INFO - Batch 1700/2278: Loss=1.1908, Cls=0.0026, Reg=0.0000, Con=3.9608
2025-09-14 03:08:22,336 - INFO - Batch 1710/2278: Loss=0.0016, Cls=0.0016, Reg=0.0000, Con=0.0000
2025-09-14 03:08:23,310 - INFO - Batch 1720/2278: Loss=0.0004, Cls=0.0004, Reg=0.0000, Con=0.0000
2025-09-14 03:08:24,374 - INFO - Batch 1730/2278: Loss=1.2117, Cls=0.0234, Reg=0.0000, Con=3.9608
2025-09-14 03:08:25,428 - INFO - Batch 1740/2278: Loss=1.4328, Cls=0.2446, Reg=0.0000, Con=3.9609
2025-09-14 03:08:26,331 - INFO - Batch 1750/2278: Loss=0.0022, Cls=0.0022, Reg=0.0000, Con=0.0000
2025-09-14 03:08:27,242 - INFO - Batch 1760/2278: Loss=1.1884, Cls=0.0001, Reg=0.0000, Con=3.9612
2025-09-14 03:08:28,141 - INFO - Batch 1770/2278: Loss=0.0025, Cls=0.0025, Reg=0.0000, Con=0.0000
2025-09-14 03:08:29,047 - INFO - Batch 1780/2278: Loss=0.0020, Cls=0.0020, Reg=0.0000, Con=0.0000
2025-09-14 03:08:29,946 - INFO - Batch 1790/2278: Loss=0.0018, Cls=0.0018, Reg=0.0000, Con=0.0000
2025-09-14 03:08:30,851 - INFO - Batch 1800/2278: Loss=1.1927, Cls=0.0045, Reg=0.0000, Con=3.9607
2025-09-14 03:08:31,771 - INFO - Batch 1810/2278: Loss=0.0021, Cls=0.0021, Reg=0.0000, Con=0.0000
2025-09-14 03:08:32,686 - INFO - Batch 1820/2278: Loss=0.0032, Cls=0.0032, Reg=0.0000, Con=0.0000
2025-09-14 03:08:33,615 - INFO - Batch 1830/2278: Loss=3.0545, Cls=1.8662, Reg=0.0000, Con=3.9608
2025-09-14 03:08:34,595 - INFO - Batch 1840/2278: Loss=0.0011, Cls=0.0011, Reg=0.0000, Con=0.0000
2025-09-14 03:08:35,514 - INFO - Batch 1850/2278: Loss=1.1890, Cls=0.0008, Reg=0.0000, Con=3.9609
2025-09-14 03:08:36,415 - INFO - Batch 1860/2278: Loss=1.1886, Cls=0.0004, Reg=0.0000, Con=3.9607
2025-09-14 03:08:37,361 - INFO - Batch 1870/2278: Loss=0.0035, Cls=0.0035, Reg=0.0000, Con=0.0000
2025-09-14 03:08:38,266 - INFO - Batch 1880/2278: Loss=1.1892, Cls=0.0010, Reg=0.0000, Con=3.9607
2025-09-14 03:08:39,178 - INFO - Batch 1890/2278: Loss=0.0010, Cls=0.0010, Reg=0.0000, Con=0.0000
2025-09-14 03:08:40,112 - INFO - Batch 1900/2278: Loss=0.0028, Cls=0.0028, Reg=0.0000, Con=0.0000
2025-09-14 03:08:41,009 - INFO - Batch 1910/2278: Loss=1.1894, Cls=0.0011, Reg=0.0000, Con=3.9610
2025-09-14 03:08:41,911 - INFO - Batch 1920/2278: Loss=0.0019, Cls=0.0019, Reg=0.0000, Con=0.0000
2025-09-14 03:08:42,816 - INFO - Batch 1930/2278: Loss=1.1920, Cls=0.0037, Reg=0.0000, Con=3.9611
2025-09-14 03:08:43,747 - INFO - Batch 1940/2278: Loss=1.1888, Cls=0.0006, Reg=0.0000, Con=3.9607
2025-09-14 03:08:44,653 - INFO - Batch 1950/2278: Loss=1.1888, Cls=0.0005, Reg=0.0000, Con=3.9609
2025-09-14 03:08:45,577 - INFO - Batch 1960/2278: Loss=1.1901, Cls=0.0018, Reg=0.0000, Con=3.9610
2025-09-14 03:08:46,512 - INFO - Batch 1970/2278: Loss=0.0005, Cls=0.0005, Reg=0.0000, Con=0.0000
2025-09-14 03:08:47,448 - INFO - Batch 1980/2278: Loss=1.1919, Cls=0.0036, Reg=0.0000, Con=3.9610
2025-09-14 03:08:48,332 - INFO - Batch 1990/2278: Loss=1.1891, Cls=0.0009, Reg=0.0000, Con=3.9608
2025-09-14 03:08:49,202 - INFO - Batch 2000/2278: Loss=1.1900, Cls=0.0017, Reg=0.0000, Con=3.9610
2025-09-14 03:08:50,088 - INFO - Batch 2010/2278: Loss=1.1917, Cls=0.0035, Reg=0.0000, Con=3.9608
2025-09-14 03:08:50,995 - INFO - Batch 2020/2278: Loss=1.1886, Cls=0.0004, Reg=0.0000, Con=3.9608
2025-09-14 03:08:51,905 - INFO - Batch 2030/2278: Loss=1.1945, Cls=0.0063, Reg=0.0000, Con=3.9608
2025-09-14 03:08:52,788 - INFO - Batch 2040/2278: Loss=1.1895, Cls=0.0012, Reg=0.0000, Con=3.9610
2025-09-14 03:08:53,711 - INFO - Batch 2050/2278: Loss=0.0004, Cls=0.0004, Reg=0.0000, Con=0.0000
2025-09-14 03:08:54,613 - INFO - Batch 2060/2278: Loss=1.1906, Cls=0.0024, Reg=0.0000, Con=3.9609
2025-09-14 03:08:55,528 - INFO - Batch 2070/2278: Loss=0.0034, Cls=0.0034, Reg=0.0000, Con=0.0000
2025-09-14 03:08:56,425 - INFO - Batch 2080/2278: Loss=1.1895, Cls=0.0011, Reg=0.0000, Con=3.9613
2025-09-14 03:08:57,332 - INFO - Batch 2090/2278: Loss=1.1901, Cls=0.0019, Reg=0.0000, Con=3.9607
2025-09-14 03:08:58,230 - INFO - Batch 2100/2278: Loss=4.2950, Cls=3.1065, Reg=0.0000, Con=3.9619
2025-09-14 03:08:59,121 - INFO - Batch 2110/2278: Loss=1.1899, Cls=0.0016, Reg=0.0000, Con=3.9609
2025-09-14 03:09:00,015 - INFO - Batch 2120/2278: Loss=0.0007, Cls=0.0007, Reg=0.0000, Con=0.0000
2025-09-14 03:09:00,917 - INFO - Batch 2130/2278: Loss=0.0009, Cls=0.0009, Reg=0.0000, Con=0.0000
2025-09-14 03:09:01,817 - INFO - Batch 2140/2278: Loss=0.0016, Cls=0.0016, Reg=0.0000, Con=0.0000
2025-09-14 03:09:02,707 - INFO - Batch 2150/2278: Loss=1.1905, Cls=0.0022, Reg=0.0000, Con=3.9608
2025-09-14 03:09:03,592 - INFO - Batch 2160/2278: Loss=1.1975, Cls=0.0092, Reg=0.0000, Con=3.9609
2025-09-14 03:09:04,490 - INFO - Batch 2170/2278: Loss=2.0529, Cls=0.8647, Reg=0.0000, Con=3.9608
2025-09-14 03:09:05,381 - INFO - Batch 2180/2278: Loss=0.9104, Cls=0.9104, Reg=0.0000, Con=0.0000
2025-09-14 03:09:06,271 - INFO - Batch 2190/2278: Loss=4.3420, Cls=3.1537, Reg=0.0000, Con=3.9609
2025-09-14 03:09:07,191 - INFO - Batch 2200/2278: Loss=1.1895, Cls=0.0012, Reg=0.0000, Con=3.9608
2025-09-14 03:09:08,098 - INFO - Batch 2210/2278: Loss=0.0019, Cls=0.0019, Reg=0.0000, Con=0.0000
2025-09-14 03:09:09,016 - INFO - Batch 2220/2278: Loss=0.0015, Cls=0.0015, Reg=0.0000, Con=0.0000
2025-09-14 03:09:09,907 - INFO - Batch 2230/2278: Loss=1.1883, Cls=0.0000, Reg=0.0000, Con=3.9609
2025-09-14 03:09:10,815 - INFO - Batch 2240/2278: Loss=1.1928, Cls=0.0043, Reg=0.0000, Con=3.9617
2025-09-14 03:09:11,702 - INFO - Batch 2250/2278: Loss=1.2043, Cls=0.0161, Reg=0.0000, Con=3.9608
2025-09-14 03:09:12,592 - INFO - Batch 2260/2278: Loss=0.0015, Cls=0.0015, Reg=0.0000, Con=0.0000
2025-09-14 03:09:13,496 - INFO - Batch 2270/2278: Loss=0.0026, Cls=0.0026, Reg=0.0000, Con=0.0000
2025-09-14 03:12:41,500 - INFO - === Epoch 3 Results ===
2025-09-14 03:12:41,500 - INFO - Training Loss: 0.8896 (Classification: 0.1150, Regression: 0.0000)
2025-09-14 03:12:41,500 - INFO - Validation Loss: 0.0247 (Classification: 0.0247, Regression: 0.0000)
2025-09-14 03:12:41,500 - INFO - Average Classification Accuracy: 0.9791 (on 1/26 tasks)
2025-09-14 03:12:41,500 - INFO - Average AUC: 0.7779
2025-09-14 03:12:44,282 - INFO - Best model saved to: experiments/r1c3_headft_cls_14_seed_42_20250914_025153/checkpoints/r1c3_headft_cls_14_seed_42_best.pth
2025-09-14 03:12:44,282 - INFO - Training finished!
2025-09-14 03:12:44,282 - INFO - Performing final evaluation...
2025-09-14 03:12:44,544 - INFO - Loaded best model from: experiments/r1c3_headft_cls_14_seed_42_20250914_025153/checkpoints/r1c3_headft_cls_14_seed_42_best.pth
2025-09-14 03:16:11,219 - INFO - Final Validation Results:
2025-09-14 03:16:11,220 - INFO -   Total Loss: 0.0247
2025-09-14 03:16:11,220 - INFO -   Classification Loss: 0.0247
2025-09-14 03:16:11,220 - INFO -   Regression Loss: 0.0000
2025-09-14 03:16:11,220 - INFO -   Average Classification Accuracy: 0.9791
2025-09-14 03:16:11,220 - INFO -   Average AUC: 0.7779
2025-09-14 03:16:11,221 - INFO - Results saved to: experiments/r1c3_headft_cls_14_seed_42_20250914_025153/checkpoints/r1c3_headft_cls_14_seed_42_results.json
