2025-09-13 19:46:24,164 - INFO - 🔬 Starting experiment: r1c3_single_cls_15_seed_42
2025-09-13 19:46:24,164 - INFO - 📁 Experiment directory: experiments/r1c3_single_cls_15_seed_42_20250913_194624
2025-09-13 19:46:24,164 - INFO - 🎲 Random seed: 42
2025-09-13 19:46:24,164 - INFO - 🔒 Deterministic mode: True
2025-09-13 19:46:24,164 - INFO - Using device: cuda
2025-09-13 19:46:24,164 - INFO - Total GPU Memory: 25.16 GB
2025-09-13 19:46:24,181 - INFO - 🧪 Fusion: Using cross-attention dynamic fusion
2025-09-13 19:46:24,181 - INFO - 🧪 GNN Backbone: Using default GraphAttentionNetwork branch
2025-09-13 19:46:24,181 - INFO - 🎯 Task Mode: Single classification endpoint 15
2025-09-13 19:46:24,181 - INFO - Configuration saved to: experiments/r1c3_single_cls_15_seed_42_20250913_194624/checkpoints/config.json
2025-09-13 19:46:24,181 - INFO - 🚀 Using preprocessed data from: data/data/processed
2025-09-13 19:46:24,181 - INFO - Loading LMDB dataset from: data/data/processed
2025-09-13 19:46:24,680 - INFO - Number of training batches: 2278
2025-09-13 19:46:24,680 - INFO - Number of validation batches: 2278
2025-09-13 19:46:24,680 - INFO - Number of test batches: 2278
2025-09-13 19:46:24,680 - INFO - Creating ToxD4C model...
2025-09-13 19:46:25,759 - INFO - Model created successfully. Total parameters: 100,932,036
2025-09-13 19:46:25,759 - INFO - Testing model forward pass...
2025-09-13 19:46:26,185 - INFO - Test output shapes:
2025-09-13 19:46:26,185 - INFO -   classification: torch.Size([16, 1])
2025-09-13 19:46:26,188 - INFO -   classification contains NaN: False
2025-09-13 19:46:26,188 - INFO -   classification contains Inf: False
2025-09-13 19:46:26,188 - INFO -   regression: torch.Size([16, 0])
2025-09-13 19:46:26,188 - INFO -   regression contains NaN: False
2025-09-13 19:46:26,188 - INFO -   regression contains Inf: False
2025-09-13 19:46:26,188 - INFO - Model forward pass test successful!
2025-09-13 19:46:26,999 - INFO - 🔁 Loaded checkpoint from: experiments/r1c3_multi_full_seed_42_20250913_152627/checkpoints/r1c3_multi_full_seed_42_best.pth
2025-09-13 19:46:27,000 - INFO - 🧩 Head-only fine-tuning: unfroze head for task 'NR-AR-LBD' and froze trunk.
2025-09-13 19:46:27,001 - INFO - Starting training...
2025-09-13 19:46:27,001 - INFO - 
Epoch 1/3
2025-09-13 19:46:27,158 - INFO - Batch 0/2278: Loss=0.0033, Cls=0.0033, Reg=0.0000, Con=0.0000
2025-09-13 19:46:28,013 - INFO - Batch 10/2278: Loss=0.0056, Cls=0.0056, Reg=0.0000, Con=0.0000
2025-09-13 19:46:28,855 - INFO - Batch 20/2278: Loss=1.2012, Cls=0.0128, Reg=0.0000, Con=3.9610
2025-09-13 19:46:29,702 - INFO - Batch 30/2278: Loss=0.0000, Cls=0.0000, Reg=0.0000, Con=0.0000
2025-09-13 19:46:30,569 - INFO - Batch 40/2278: Loss=0.0015, Cls=0.0015, Reg=0.0000, Con=0.0000
2025-09-13 19:46:31,492 - INFO - Batch 50/2278: Loss=1.1903, Cls=0.0020, Reg=0.0000, Con=3.9609
2025-09-13 19:46:32,373 - INFO - Batch 60/2278: Loss=1.1883, Cls=0.0000, Reg=0.0000, Con=3.9609
2025-09-13 19:46:33,259 - INFO - Batch 70/2278: Loss=1.1882, Cls=0.0000, Reg=0.0000, Con=3.9608
2025-09-13 19:46:34,109 - INFO - Batch 80/2278: Loss=0.0003, Cls=0.0003, Reg=0.0000, Con=0.0000
2025-09-13 19:46:35,002 - INFO - Batch 90/2278: Loss=0.0049, Cls=0.0049, Reg=0.0000, Con=0.0000
2025-09-13 19:46:35,856 - INFO - Batch 100/2278: Loss=0.0052, Cls=0.0052, Reg=0.0000, Con=0.0000
2025-09-13 19:46:36,741 - INFO - Batch 110/2278: Loss=0.0232, Cls=0.0232, Reg=0.0000, Con=0.0000
2025-09-13 19:46:37,626 - INFO - Batch 120/2278: Loss=1.1887, Cls=0.0005, Reg=0.0000, Con=3.9609
2025-09-13 19:46:38,490 - INFO - Batch 130/2278: Loss=1.1945, Cls=0.0062, Reg=0.0000, Con=3.9609
2025-09-13 19:46:39,347 - INFO - Batch 140/2278: Loss=1.1902, Cls=0.0018, Reg=0.0000, Con=3.9615
2025-09-13 19:46:40,246 - INFO - Batch 150/2278: Loss=2.2925, Cls=1.1041, Reg=0.0000, Con=3.9613
2025-09-13 19:46:41,125 - INFO - Batch 160/2278: Loss=1.1887, Cls=0.0004, Reg=0.0000, Con=3.9611
2025-09-13 19:46:41,998 - INFO - Batch 170/2278: Loss=1.1885, Cls=0.0001, Reg=0.0000, Con=3.9611
2025-09-13 19:46:42,884 - INFO - Batch 180/2278: Loss=1.1888, Cls=0.0005, Reg=0.0000, Con=3.9610
2025-09-13 19:46:43,751 - INFO - Batch 190/2278: Loss=1.1886, Cls=0.0004, Reg=0.0000, Con=3.9608
2025-09-13 19:46:44,609 - INFO - Batch 200/2278: Loss=0.0018, Cls=0.0018, Reg=0.0000, Con=0.0000
2025-09-13 19:46:45,487 - INFO - Batch 210/2278: Loss=0.0001, Cls=0.0001, Reg=0.0000, Con=0.0000
2025-09-13 19:46:46,379 - INFO - Batch 220/2278: Loss=0.0006, Cls=0.0006, Reg=0.0000, Con=0.0000
2025-09-13 19:46:47,267 - INFO - Batch 230/2278: Loss=1.1886, Cls=0.0003, Reg=0.0000, Con=3.9610
2025-09-13 19:46:48,149 - INFO - Batch 240/2278: Loss=1.1883, Cls=0.0000, Reg=0.0000, Con=3.9608
2025-09-13 19:46:49,022 - INFO - Batch 250/2278: Loss=0.0002, Cls=0.0002, Reg=0.0000, Con=0.0000
2025-09-13 19:46:49,889 - INFO - Batch 260/2278: Loss=0.0069, Cls=0.0069, Reg=0.0000, Con=0.0000
2025-09-13 19:46:50,774 - INFO - Batch 270/2278: Loss=0.0000, Cls=0.0000, Reg=0.0000, Con=0.0000
2025-09-13 19:46:51,634 - INFO - Batch 280/2278: Loss=1.1901, Cls=0.0018, Reg=0.0000, Con=3.9611
2025-09-13 19:46:52,551 - INFO - Batch 290/2278: Loss=0.0288, Cls=0.0288, Reg=0.0000, Con=0.0000
2025-09-13 19:46:53,418 - INFO - Batch 300/2278: Loss=1.1956, Cls=0.0074, Reg=0.0000, Con=3.9609
2025-09-13 19:46:54,298 - INFO - Batch 310/2278: Loss=1.1884, Cls=0.0000, Reg=0.0000, Con=3.9612
2025-09-13 19:46:55,142 - INFO - Batch 320/2278: Loss=0.0009, Cls=0.0009, Reg=0.0000, Con=0.0000
2025-09-13 19:46:56,038 - INFO - Batch 330/2278: Loss=1.1892, Cls=0.0010, Reg=0.0000, Con=3.9609
2025-09-13 19:46:56,900 - INFO - Batch 340/2278: Loss=1.1928, Cls=0.0045, Reg=0.0000, Con=3.9610
2025-09-13 19:46:57,828 - INFO - Batch 350/2278: Loss=1.2127, Cls=0.0243, Reg=0.0000, Con=3.9611
2025-09-13 19:46:58,692 - INFO - Batch 360/2278: Loss=1.1882, Cls=0.0000, Reg=0.0000, Con=3.9607
2025-09-13 19:46:59,580 - INFO - Batch 370/2278: Loss=1.1883, Cls=0.0001, Reg=0.0000, Con=3.9609
2025-09-13 19:47:00,466 - INFO - Batch 380/2278: Loss=1.1885, Cls=0.0002, Reg=0.0000, Con=3.9607
2025-09-13 19:47:01,356 - INFO - Batch 390/2278: Loss=1.1882, Cls=0.0000, Reg=0.0000, Con=3.9607
2025-09-13 19:47:02,251 - INFO - Batch 400/2278: Loss=0.0233, Cls=0.0233, Reg=0.0000, Con=0.0000
2025-09-13 19:47:03,132 - INFO - Batch 410/2278: Loss=0.0000, Cls=0.0000, Reg=0.0000, Con=0.0000
2025-09-13 19:47:04,016 - INFO - Batch 420/2278: Loss=0.0009, Cls=0.0009, Reg=0.0000, Con=0.0000
2025-09-13 19:47:04,910 - INFO - Batch 430/2278: Loss=1.1887, Cls=0.0005, Reg=0.0000, Con=3.9607
2025-09-13 19:47:05,774 - INFO - Batch 440/2278: Loss=1.1884, Cls=0.0002, Reg=0.0000, Con=3.9608
2025-09-13 19:47:06,644 - INFO - Batch 450/2278: Loss=1.1884, Cls=0.0002, Reg=0.0000, Con=3.9607
2025-09-13 19:47:07,531 - INFO - Batch 460/2278: Loss=1.1893, Cls=0.0010, Reg=0.0000, Con=3.9607
2025-09-13 19:47:08,440 - INFO - Batch 470/2278: Loss=1.1884, Cls=0.0000, Reg=0.0000, Con=3.9611
2025-09-13 19:47:09,332 - INFO - Batch 480/2278: Loss=1.1886, Cls=0.0003, Reg=0.0000, Con=3.9607
2025-09-13 19:47:10,212 - INFO - Batch 490/2278: Loss=0.0000, Cls=0.0000, Reg=0.0000, Con=0.0000
2025-09-13 19:47:11,073 - INFO - Batch 500/2278: Loss=0.0001, Cls=0.0001, Reg=0.0000, Con=0.0000
2025-09-13 19:47:11,939 - INFO - Batch 510/2278: Loss=1.1883, Cls=0.0000, Reg=0.0000, Con=3.9609
2025-09-13 19:47:12,816 - INFO - Batch 520/2278: Loss=1.1910, Cls=0.0027, Reg=0.0000, Con=3.9608
2025-09-13 19:47:13,686 - INFO - Batch 530/2278: Loss=1.1895, Cls=0.0013, Reg=0.0000, Con=3.9608
2025-09-13 19:47:14,591 - INFO - Batch 540/2278: Loss=1.1884, Cls=0.0001, Reg=0.0000, Con=3.9610
2025-09-13 19:47:15,456 - INFO - Batch 550/2278: Loss=1.1882, Cls=0.0000, Reg=0.0000, Con=3.9607
2025-09-13 19:47:16,322 - INFO - Batch 560/2278: Loss=1.1883, Cls=0.0000, Reg=0.0000, Con=3.9609
2025-09-13 19:47:17,227 - INFO - Batch 570/2278: Loss=1.1885, Cls=0.0002, Reg=0.0000, Con=3.9608
2025-09-13 19:47:18,105 - INFO - Batch 580/2278: Loss=0.0003, Cls=0.0003, Reg=0.0000, Con=0.0000
2025-09-13 19:47:18,971 - INFO - Batch 590/2278: Loss=0.0010, Cls=0.0010, Reg=0.0000, Con=0.0000
2025-09-13 19:47:19,852 - INFO - Batch 600/2278: Loss=1.1886, Cls=0.0004, Reg=0.0000, Con=3.9609
2025-09-13 19:47:20,724 - INFO - Batch 610/2278: Loss=1.1883, Cls=0.0000, Reg=0.0000, Con=3.9609
2025-09-13 19:47:21,606 - INFO - Batch 620/2278: Loss=1.1920, Cls=0.0037, Reg=0.0000, Con=3.9608
2025-09-13 19:47:22,502 - INFO - Batch 630/2278: Loss=0.0000, Cls=0.0000, Reg=0.0000, Con=0.0000
2025-09-13 19:47:23,405 - INFO - Batch 640/2278: Loss=2.0040, Cls=0.8158, Reg=0.0000, Con=3.9608
2025-09-13 19:47:24,295 - INFO - Batch 650/2278: Loss=1.1884, Cls=0.0000, Reg=0.0000, Con=3.9613
2025-09-13 19:47:25,157 - INFO - Batch 660/2278: Loss=1.1883, Cls=0.0000, Reg=0.0000, Con=3.9608
2025-09-13 19:47:26,036 - INFO - Batch 670/2278: Loss=1.1883, Cls=0.0000, Reg=0.0000, Con=3.9608
2025-09-13 19:47:26,917 - INFO - Batch 680/2278: Loss=1.1883, Cls=0.0000, Reg=0.0000, Con=3.9608
2025-09-13 19:47:27,789 - INFO - Batch 690/2278: Loss=0.0006, Cls=0.0006, Reg=0.0000, Con=0.0000
2025-09-13 19:47:28,728 - INFO - Batch 700/2278: Loss=0.0005, Cls=0.0005, Reg=0.0000, Con=0.0000
2025-09-13 19:47:29,611 - INFO - Batch 710/2278: Loss=1.1882, Cls=0.0000, Reg=0.0000, Con=3.9607
2025-09-13 19:47:30,465 - INFO - Batch 720/2278: Loss=1.1884, Cls=0.0001, Reg=0.0000, Con=3.9609
2025-09-13 19:47:31,347 - INFO - Batch 730/2278: Loss=1.1885, Cls=0.0001, Reg=0.0000, Con=3.9613
2025-09-13 19:47:32,225 - INFO - Batch 740/2278: Loss=1.1884, Cls=0.0001, Reg=0.0000, Con=3.9610
2025-09-13 19:47:33,178 - INFO - Batch 750/2278: Loss=1.1907, Cls=0.0025, Reg=0.0000, Con=3.9609
2025-09-13 19:47:34,062 - INFO - Batch 760/2278: Loss=1.1885, Cls=0.0002, Reg=0.0000, Con=3.9608
2025-09-13 19:47:34,951 - INFO - Batch 770/2278: Loss=1.1912, Cls=0.0030, Reg=0.0000, Con=3.9610
2025-09-13 19:47:35,845 - INFO - Batch 780/2278: Loss=1.1884, Cls=0.0001, Reg=0.0000, Con=3.9608
2025-09-13 19:47:36,727 - INFO - Batch 790/2278: Loss=0.0052, Cls=0.0052, Reg=0.0000, Con=0.0000
2025-09-13 19:47:37,612 - INFO - Batch 800/2278: Loss=1.1896, Cls=0.0013, Reg=0.0000, Con=3.9612
2025-09-13 19:47:38,480 - INFO - Batch 810/2278: Loss=1.1894, Cls=0.0010, Reg=0.0000, Con=3.9612
2025-09-13 19:47:39,371 - INFO - Batch 820/2278: Loss=1.1883, Cls=0.0000, Reg=0.0000, Con=3.9609
2025-09-13 19:47:40,271 - INFO - Batch 830/2278: Loss=1.1885, Cls=0.0002, Reg=0.0000, Con=3.9609
2025-09-13 19:47:41,151 - INFO - Batch 840/2278: Loss=1.1895, Cls=0.0013, Reg=0.0000, Con=3.9608
2025-09-13 19:47:42,034 - INFO - Batch 850/2278: Loss=0.0002, Cls=0.0002, Reg=0.0000, Con=0.0000
2025-09-13 19:47:42,901 - INFO - Batch 860/2278: Loss=1.1886, Cls=0.0004, Reg=0.0000, Con=3.9607
2025-09-13 19:47:43,767 - INFO - Batch 870/2278: Loss=0.0000, Cls=0.0000, Reg=0.0000, Con=0.0000
2025-09-13 19:47:44,662 - INFO - Batch 880/2278: Loss=0.0000, Cls=0.0000, Reg=0.0000, Con=0.0000
2025-09-13 19:47:45,527 - INFO - Batch 890/2278: Loss=0.0024, Cls=0.0024, Reg=0.0000, Con=0.0000
2025-09-13 19:47:46,423 - INFO - Batch 900/2278: Loss=1.1896, Cls=0.0013, Reg=0.0000, Con=3.9609
2025-09-13 19:47:47,314 - INFO - Batch 910/2278: Loss=1.1887, Cls=0.0004, Reg=0.0000, Con=3.9609
2025-09-13 19:47:48,177 - INFO - Batch 920/2278: Loss=1.1883, Cls=0.0000, Reg=0.0000, Con=3.9610
2025-09-13 19:47:49,076 - INFO - Batch 930/2278: Loss=1.1887, Cls=0.0004, Reg=0.0000, Con=3.9608
2025-09-13 19:47:49,952 - INFO - Batch 940/2278: Loss=1.1889, Cls=0.0007, Reg=0.0000, Con=3.9609
2025-09-13 19:47:50,834 - INFO - Batch 950/2278: Loss=1.1883, Cls=0.0000, Reg=0.0000, Con=3.9611
2025-09-13 19:47:51,705 - INFO - Batch 960/2278: Loss=1.1884, Cls=0.0001, Reg=0.0000, Con=3.9609
2025-09-13 19:47:52,590 - INFO - Batch 970/2278: Loss=1.1884, Cls=0.0001, Reg=0.0000, Con=3.9612
2025-09-13 19:47:53,466 - INFO - Batch 980/2278: Loss=0.0001, Cls=0.0001, Reg=0.0000, Con=0.0000
2025-09-13 19:47:54,347 - INFO - Batch 990/2278: Loss=0.0000, Cls=0.0000, Reg=0.0000, Con=0.0000
2025-09-13 19:47:55,210 - INFO - Batch 1000/2278: Loss=1.2503, Cls=0.0620, Reg=0.0000, Con=3.9609
2025-09-13 19:47:56,099 - INFO - Batch 1010/2278: Loss=1.1919, Cls=0.0037, Reg=0.0000, Con=3.9608
2025-09-13 19:47:56,988 - INFO - Batch 1020/2278: Loss=0.0004, Cls=0.0004, Reg=0.0000, Con=0.0000
2025-09-13 19:47:57,877 - INFO - Batch 1030/2278: Loss=1.1885, Cls=0.0002, Reg=0.0000, Con=3.9610
2025-09-13 19:47:58,757 - INFO - Batch 1040/2278: Loss=1.1912, Cls=0.0030, Reg=0.0000, Con=3.9607
2025-09-13 19:47:59,619 - INFO - Batch 1050/2278: Loss=1.1885, Cls=0.0003, Reg=0.0000, Con=3.9609
2025-09-13 19:48:00,486 - INFO - Batch 1060/2278: Loss=1.1894, Cls=0.0012, Reg=0.0000, Con=3.9608
2025-09-13 19:48:01,359 - INFO - Batch 1070/2278: Loss=1.1883, Cls=0.0000, Reg=0.0000, Con=3.9608
2025-09-13 19:48:02,230 - INFO - Batch 1080/2278: Loss=0.0013, Cls=0.0013, Reg=0.0000, Con=0.0000
2025-09-13 19:48:03,136 - INFO - Batch 1090/2278: Loss=1.1883, Cls=0.0000, Reg=0.0000, Con=3.9609
2025-09-13 19:48:04,027 - INFO - Batch 1100/2278: Loss=0.0214, Cls=0.0214, Reg=0.0000, Con=0.0000
2025-09-13 19:48:04,937 - INFO - Batch 1110/2278: Loss=1.1882, Cls=0.0000, Reg=0.0000, Con=3.9608
2025-09-13 19:48:05,823 - INFO - Batch 1120/2278: Loss=0.0007, Cls=0.0007, Reg=0.0000, Con=0.0000
2025-09-13 19:48:06,752 - INFO - Batch 1130/2278: Loss=1.1886, Cls=0.0003, Reg=0.0000, Con=3.9608
2025-09-13 19:48:07,623 - INFO - Batch 1140/2278: Loss=1.1883, Cls=0.0001, Reg=0.0000, Con=3.9608
2025-09-13 19:48:08,499 - INFO - Batch 1150/2278: Loss=1.1884, Cls=0.0000, Reg=0.0000, Con=3.9611
2025-09-13 19:48:09,400 - INFO - Batch 1160/2278: Loss=1.1883, Cls=0.0001, Reg=0.0000, Con=3.9609
2025-09-13 19:48:10,273 - INFO - Batch 1170/2278: Loss=0.0001, Cls=0.0001, Reg=0.0000, Con=0.0000
2025-09-13 19:48:11,149 - INFO - Batch 1180/2278: Loss=1.1883, Cls=0.0000, Reg=0.0000, Con=3.9609
2025-09-13 19:48:12,049 - INFO - Batch 1190/2278: Loss=1.1884, Cls=0.0001, Reg=0.0000, Con=3.9609
2025-09-13 19:48:12,937 - INFO - Batch 1200/2278: Loss=0.0001, Cls=0.0001, Reg=0.0000, Con=0.0000
2025-09-13 19:48:13,818 - INFO - Batch 1210/2278: Loss=1.2495, Cls=0.0612, Reg=0.0000, Con=3.9610
2025-09-13 19:48:14,693 - INFO - Batch 1220/2278: Loss=0.0002, Cls=0.0002, Reg=0.0000, Con=0.0000
2025-09-13 19:48:15,566 - INFO - Batch 1230/2278: Loss=1.1883, Cls=0.0000, Reg=0.0000, Con=3.9609
2025-09-13 19:48:16,470 - INFO - Batch 1240/2278: Loss=1.1883, Cls=0.0000, Reg=0.0000, Con=3.9609
2025-09-13 19:48:17,365 - INFO - Batch 1250/2278: Loss=0.0000, Cls=0.0000, Reg=0.0000, Con=0.0000
2025-09-13 19:48:18,246 - INFO - Batch 1260/2278: Loss=1.1892, Cls=0.0009, Reg=0.0000, Con=3.9608
2025-09-13 19:48:19,132 - INFO - Batch 1270/2278: Loss=1.1883, Cls=0.0000, Reg=0.0000, Con=3.9609
2025-09-13 19:48:20,017 - INFO - Batch 1280/2278: Loss=0.0001, Cls=0.0001, Reg=0.0000, Con=0.0000
2025-09-13 19:48:20,894 - INFO - Batch 1290/2278: Loss=0.0007, Cls=0.0007, Reg=0.0000, Con=0.0000
2025-09-13 19:48:21,780 - INFO - Batch 1300/2278: Loss=1.1885, Cls=0.0002, Reg=0.0000, Con=3.9610
2025-09-13 19:48:22,669 - INFO - Batch 1310/2278: Loss=1.1885, Cls=0.0002, Reg=0.0000, Con=3.9611
2025-09-13 19:48:23,543 - INFO - Batch 1320/2278: Loss=0.0000, Cls=0.0000, Reg=0.0000, Con=0.0000
2025-09-13 19:48:24,416 - INFO - Batch 1330/2278: Loss=1.1884, Cls=0.0001, Reg=0.0000, Con=3.9613
2025-09-13 19:48:25,282 - INFO - Batch 1340/2278: Loss=1.1882, Cls=0.0000, Reg=0.0000, Con=3.9608
2025-09-13 19:48:26,172 - INFO - Batch 1350/2278: Loss=0.0008, Cls=0.0008, Reg=0.0000, Con=0.0000
2025-09-13 19:48:27,054 - INFO - Batch 1360/2278: Loss=1.1902, Cls=0.0019, Reg=0.0000, Con=3.9610
2025-09-13 19:48:27,950 - INFO - Batch 1370/2278: Loss=1.1882, Cls=0.0000, Reg=0.0000, Con=3.9608
2025-09-13 19:48:28,844 - INFO - Batch 1380/2278: Loss=1.1882, Cls=0.0000, Reg=0.0000, Con=3.9608
2025-09-13 19:48:29,711 - INFO - Batch 1390/2278: Loss=1.1883, Cls=0.0001, Reg=0.0000, Con=3.9608
2025-09-13 19:48:30,610 - INFO - Batch 1400/2278: Loss=1.1883, Cls=0.0001, Reg=0.0000, Con=3.9609
2025-09-13 19:48:31,530 - INFO - Batch 1410/2278: Loss=1.2099, Cls=0.0216, Reg=0.0000, Con=3.9612
2025-09-13 19:48:32,389 - INFO - Batch 1420/2278: Loss=0.0107, Cls=0.0107, Reg=0.0000, Con=0.0000
2025-09-13 19:48:33,260 - INFO - Batch 1430/2278: Loss=1.1925, Cls=0.0042, Reg=0.0000, Con=3.9609
2025-09-13 19:48:34,168 - INFO - Batch 1440/2278: Loss=1.1883, Cls=0.0000, Reg=0.0000, Con=3.9609
2025-09-13 19:48:35,021 - INFO - Batch 1450/2278: Loss=1.1892, Cls=0.0009, Reg=0.0000, Con=3.9608
2025-09-13 19:48:35,910 - INFO - Batch 1460/2278: Loss=0.0001, Cls=0.0001, Reg=0.0000, Con=0.0000
2025-09-13 19:48:36,831 - INFO - Batch 1470/2278: Loss=1.1889, Cls=0.0006, Reg=0.0000, Con=3.9609
2025-09-13 19:48:37,700 - INFO - Batch 1480/2278: Loss=1.1885, Cls=0.0002, Reg=0.0000, Con=3.9607
2025-09-13 19:48:38,597 - INFO - Batch 1490/2278: Loss=1.1884, Cls=0.0002, Reg=0.0000, Con=3.9609
2025-09-13 19:48:39,494 - INFO - Batch 1500/2278: Loss=1.1883, Cls=0.0000, Reg=0.0000, Con=3.9609
2025-09-13 19:48:40,392 - INFO - Batch 1510/2278: Loss=0.0000, Cls=0.0000, Reg=0.0000, Con=0.0000
2025-09-13 19:48:41,286 - INFO - Batch 1520/2278: Loss=1.1889, Cls=0.0007, Reg=0.0000, Con=3.9608
2025-09-13 19:48:42,154 - INFO - Batch 1530/2278: Loss=1.1893, Cls=0.0010, Reg=0.0000, Con=3.9608
2025-09-13 19:48:43,038 - INFO - Batch 1540/2278: Loss=1.1884, Cls=0.0001, Reg=0.0000, Con=3.9609
2025-09-13 19:48:43,929 - INFO - Batch 1550/2278: Loss=1.1883, Cls=0.0000, Reg=0.0000, Con=3.9610
2025-09-13 19:48:44,825 - INFO - Batch 1560/2278: Loss=1.1960, Cls=0.0078, Reg=0.0000, Con=3.9609
2025-09-13 19:48:45,735 - INFO - Batch 1570/2278: Loss=1.1909, Cls=0.0026, Reg=0.0000, Con=3.9608
2025-09-13 19:48:46,657 - INFO - Batch 1580/2278: Loss=1.1891, Cls=0.0008, Reg=0.0000, Con=3.9608
2025-09-13 19:48:47,541 - INFO - Batch 1590/2278: Loss=1.1883, Cls=0.0000, Reg=0.0000, Con=3.9609
2025-09-13 19:48:48,396 - INFO - Batch 1600/2278: Loss=1.1883, Cls=0.0000, Reg=0.0000, Con=3.9608
2025-09-13 19:48:49,263 - INFO - Batch 1610/2278: Loss=0.0041, Cls=0.0041, Reg=0.0000, Con=0.0000
2025-09-13 19:48:50,153 - INFO - Batch 1620/2278: Loss=0.0005, Cls=0.0005, Reg=0.0000, Con=0.0000
2025-09-13 19:48:51,036 - INFO - Batch 1630/2278: Loss=1.1882, Cls=0.0000, Reg=0.0000, Con=3.9608
2025-09-13 19:48:51,930 - INFO - Batch 1640/2278: Loss=0.0008, Cls=0.0008, Reg=0.0000, Con=0.0000
2025-09-13 19:48:52,811 - INFO - Batch 1650/2278: Loss=0.0001, Cls=0.0001, Reg=0.0000, Con=0.0000
2025-09-13 19:48:53,710 - INFO - Batch 1660/2278: Loss=0.0320, Cls=0.0320, Reg=0.0000, Con=0.0000
2025-09-13 19:48:54,559 - INFO - Batch 1670/2278: Loss=1.1884, Cls=0.0000, Reg=0.0000, Con=3.9612
2025-09-13 19:48:55,432 - INFO - Batch 1680/2278: Loss=0.0007, Cls=0.0007, Reg=0.0000, Con=0.0000
2025-09-13 19:48:56,313 - INFO - Batch 1690/2278: Loss=1.1899, Cls=0.0016, Reg=0.0000, Con=3.9612
2025-09-13 19:48:57,175 - INFO - Batch 1700/2278: Loss=1.1884, Cls=0.0001, Reg=0.0000, Con=3.9612
2025-09-13 19:48:58,048 - INFO - Batch 1710/2278: Loss=0.0002, Cls=0.0002, Reg=0.0000, Con=0.0000
2025-09-13 19:48:58,922 - INFO - Batch 1720/2278: Loss=1.1883, Cls=0.0000, Reg=0.0000, Con=3.9608
2025-09-13 19:48:59,790 - INFO - Batch 1730/2278: Loss=0.0000, Cls=0.0000, Reg=0.0000, Con=0.0000
2025-09-13 19:49:00,691 - INFO - Batch 1740/2278: Loss=0.0000, Cls=0.0000, Reg=0.0000, Con=0.0000
2025-09-13 19:49:01,569 - INFO - Batch 1750/2278: Loss=1.1883, Cls=0.0000, Reg=0.0000, Con=3.9609
2025-09-13 19:49:02,446 - INFO - Batch 1760/2278: Loss=1.1883, Cls=0.0000, Reg=0.0000, Con=3.9609
2025-09-13 19:49:03,343 - INFO - Batch 1770/2278: Loss=1.1882, Cls=0.0000, Reg=0.0000, Con=3.9608
2025-09-13 19:49:04,228 - INFO - Batch 1780/2278: Loss=1.1883, Cls=0.0000, Reg=0.0000, Con=3.9608
2025-09-13 19:49:05,092 - INFO - Batch 1790/2278: Loss=0.0001, Cls=0.0001, Reg=0.0000, Con=0.0000
2025-09-13 19:49:05,980 - INFO - Batch 1800/2278: Loss=0.0002, Cls=0.0002, Reg=0.0000, Con=0.0000
2025-09-13 19:49:06,873 - INFO - Batch 1810/2278: Loss=0.0000, Cls=0.0000, Reg=0.0000, Con=0.0000
2025-09-13 19:49:07,749 - INFO - Batch 1820/2278: Loss=1.1884, Cls=0.0001, Reg=0.0000, Con=3.9611
2025-09-13 19:49:08,634 - INFO - Batch 1830/2278: Loss=0.0000, Cls=0.0000, Reg=0.0000, Con=0.0000
2025-09-13 19:49:09,495 - INFO - Batch 1840/2278: Loss=0.8535, Cls=0.8535, Reg=0.0000, Con=0.0000
2025-09-13 19:49:10,413 - INFO - Batch 1850/2278: Loss=1.1886, Cls=0.0004, Reg=0.0000, Con=3.9608
2025-09-13 19:49:11,293 - INFO - Batch 1860/2278: Loss=1.1748, Cls=1.1748, Reg=0.0000, Con=0.0000
2025-09-13 19:49:12,172 - INFO - Batch 1870/2278: Loss=1.1884, Cls=0.0001, Reg=0.0000, Con=3.9608
2025-09-13 19:49:13,052 - INFO - Batch 1880/2278: Loss=0.0000, Cls=0.0000, Reg=0.0000, Con=0.0000
2025-09-13 19:49:13,957 - INFO - Batch 1890/2278: Loss=1.1886, Cls=0.0004, Reg=0.0000, Con=3.9609
2025-09-13 19:49:14,828 - INFO - Batch 1900/2278: Loss=0.0049, Cls=0.0049, Reg=0.0000, Con=0.0000
2025-09-13 19:49:15,711 - INFO - Batch 1910/2278: Loss=0.0003, Cls=0.0003, Reg=0.0000, Con=0.0000
2025-09-13 19:49:16,622 - INFO - Batch 1920/2278: Loss=1.1911, Cls=0.0029, Reg=0.0000, Con=3.9607
2025-09-13 19:49:17,496 - INFO - Batch 1930/2278: Loss=1.1884, Cls=0.0002, Reg=0.0000, Con=3.9607
2025-09-13 19:49:18,387 - INFO - Batch 1940/2278: Loss=2.0846, Cls=0.8963, Reg=0.0000, Con=3.9608
2025-09-13 19:49:19,260 - INFO - Batch 1950/2278: Loss=1.1904, Cls=0.0022, Reg=0.0000, Con=3.9608
2025-09-13 19:49:20,130 - INFO - Batch 1960/2278: Loss=1.1884, Cls=0.0001, Reg=0.0000, Con=3.9609
2025-09-13 19:49:20,990 - INFO - Batch 1970/2278: Loss=1.1883, Cls=0.0000, Reg=0.0000, Con=3.9611
2025-09-13 19:49:21,890 - INFO - Batch 1980/2278: Loss=1.4475, Cls=0.2592, Reg=0.0000, Con=3.9608
2025-09-13 19:49:22,768 - INFO - Batch 1990/2278: Loss=1.1889, Cls=0.0005, Reg=0.0000, Con=3.9615
2025-09-13 19:49:23,639 - INFO - Batch 2000/2278: Loss=0.0005, Cls=0.0005, Reg=0.0000, Con=0.0000
2025-09-13 19:49:24,513 - INFO - Batch 2010/2278: Loss=1.1885, Cls=0.0003, Reg=0.0000, Con=3.9608
2025-09-13 19:49:25,386 - INFO - Batch 2020/2278: Loss=1.1936, Cls=0.0054, Reg=0.0000, Con=3.9608
2025-09-13 19:49:26,269 - INFO - Batch 2030/2278: Loss=1.1882, Cls=0.0000, Reg=0.0000, Con=3.9607
2025-09-13 19:49:27,153 - INFO - Batch 2040/2278: Loss=1.1888, Cls=0.0005, Reg=0.0000, Con=3.9609
2025-09-13 19:49:28,055 - INFO - Batch 2050/2278: Loss=1.1883, Cls=0.0000, Reg=0.0000, Con=3.9608
2025-09-13 19:49:28,911 - INFO - Batch 2060/2278: Loss=0.0002, Cls=0.0002, Reg=0.0000, Con=0.0000
2025-09-13 19:49:29,778 - INFO - Batch 2070/2278: Loss=1.1886, Cls=0.0003, Reg=0.0000, Con=3.9611
2025-09-13 19:49:30,637 - INFO - Batch 2080/2278: Loss=1.1883, Cls=0.0000, Reg=0.0000, Con=3.9610
2025-09-13 19:49:31,519 - INFO - Batch 2090/2278: Loss=1.1885, Cls=0.0001, Reg=0.0000, Con=3.9612
2025-09-13 19:49:32,398 - INFO - Batch 2100/2278: Loss=1.1894, Cls=0.0011, Reg=0.0000, Con=3.9611
2025-09-13 19:49:33,268 - INFO - Batch 2110/2278: Loss=1.1884, Cls=0.0002, Reg=0.0000, Con=3.9609
2025-09-13 19:49:34,145 - INFO - Batch 2120/2278: Loss=0.0004, Cls=0.0004, Reg=0.0000, Con=0.0000
2025-09-13 19:49:35,055 - INFO - Batch 2130/2278: Loss=1.1883, Cls=0.0002, Reg=0.0000, Con=3.9606
2025-09-13 19:49:35,954 - INFO - Batch 2140/2278: Loss=1.1883, Cls=0.0000, Reg=0.0000, Con=3.9608
2025-09-13 19:49:36,831 - INFO - Batch 2150/2278: Loss=1.1890, Cls=0.0008, Reg=0.0000, Con=3.9607
2025-09-13 19:49:37,711 - INFO - Batch 2160/2278: Loss=1.1884, Cls=0.0002, Reg=0.0000, Con=3.9608
2025-09-13 19:49:38,578 - INFO - Batch 2170/2278: Loss=1.1887, Cls=0.0004, Reg=0.0000, Con=3.9609
2025-09-13 19:49:39,435 - INFO - Batch 2180/2278: Loss=0.0152, Cls=0.0152, Reg=0.0000, Con=0.0000
2025-09-13 19:49:40,322 - INFO - Batch 2190/2278: Loss=0.0002, Cls=0.0002, Reg=0.0000, Con=0.0000
2025-09-13 19:49:41,224 - INFO - Batch 2200/2278: Loss=1.3840, Cls=0.1958, Reg=0.0000, Con=3.9605
2025-09-13 19:49:42,131 - INFO - Batch 2210/2278: Loss=1.1883, Cls=0.0000, Reg=0.0000, Con=3.9609
2025-09-13 19:49:42,988 - INFO - Batch 2220/2278: Loss=1.1902, Cls=0.0019, Reg=0.0000, Con=3.9610
2025-09-13 19:49:43,852 - INFO - Batch 2230/2278: Loss=0.0001, Cls=0.0001, Reg=0.0000, Con=0.0000
2025-09-13 19:49:44,729 - INFO - Batch 2240/2278: Loss=0.0007, Cls=0.0007, Reg=0.0000, Con=0.0000
2025-09-13 19:49:45,589 - INFO - Batch 2250/2278: Loss=1.1883, Cls=0.0000, Reg=0.0000, Con=3.9609
2025-09-13 19:49:46,498 - INFO - Batch 2260/2278: Loss=1.1884, Cls=0.0001, Reg=0.0000, Con=3.9608
2025-09-13 19:49:47,383 - INFO - Batch 2270/2278: Loss=0.0214, Cls=0.0214, Reg=0.0000, Con=0.0000
2025-09-13 19:53:15,817 - INFO - === Epoch 1 Results ===
2025-09-13 19:53:15,817 - INFO - Training Loss: 0.8333 (Classification: 0.0692, Regression: 0.0000)
2025-09-13 19:53:15,817 - INFO - Validation Loss: 0.0320 (Classification: 0.0320, Regression: 0.0000)
2025-09-13 19:53:15,817 - INFO - Average Classification Accuracy: 0.9824 (on 1/26 tasks)
2025-09-13 19:53:15,817 - INFO - Average AUC: 0.8052
2025-09-13 19:53:16,347 - INFO - Best model saved to: experiments/r1c3_single_cls_15_seed_42_20250913_194624/checkpoints/r1c3_single_cls_15_seed_42_best.pth
2025-09-13 19:53:16,348 - INFO - 
Epoch 2/3
2025-09-13 19:53:16,447 - INFO - Batch 0/2278: Loss=0.0002, Cls=0.0002, Reg=0.0000, Con=0.0000
2025-09-13 19:53:17,366 - INFO - Batch 10/2278: Loss=1.1882, Cls=0.0001, Reg=0.0000, Con=3.9604
2025-09-13 19:53:18,304 - INFO - Batch 20/2278: Loss=1.1895, Cls=0.0012, Reg=0.0000, Con=3.9610
2025-09-13 19:53:19,267 - INFO - Batch 30/2278: Loss=1.1883, Cls=0.0000, Reg=0.0000, Con=3.9608
2025-09-13 19:53:20,156 - INFO - Batch 40/2278: Loss=1.1882, Cls=0.0000, Reg=0.0000, Con=3.9608
2025-09-13 19:53:21,075 - INFO - Batch 50/2278: Loss=0.0003, Cls=0.0003, Reg=0.0000, Con=0.0000
2025-09-13 19:53:22,053 - INFO - Batch 60/2278: Loss=0.0002, Cls=0.0002, Reg=0.0000, Con=0.0000
2025-09-13 19:53:22,944 - INFO - Batch 70/2278: Loss=1.1882, Cls=0.0000, Reg=0.0000, Con=3.9607
2025-09-13 19:53:23,831 - INFO - Batch 80/2278: Loss=1.1886, Cls=0.0003, Reg=0.0000, Con=3.9609
2025-09-13 19:53:24,747 - INFO - Batch 90/2278: Loss=0.0020, Cls=0.0020, Reg=0.0000, Con=0.0000
2025-09-13 19:53:25,674 - INFO - Batch 100/2278: Loss=1.1891, Cls=0.0008, Reg=0.0000, Con=3.9609
2025-09-13 19:53:26,591 - INFO - Batch 110/2278: Loss=1.1883, Cls=0.0000, Reg=0.0000, Con=3.9609
2025-09-13 19:53:27,506 - INFO - Batch 120/2278: Loss=0.0010, Cls=0.0010, Reg=0.0000, Con=0.0000
2025-09-13 19:53:28,413 - INFO - Batch 130/2278: Loss=1.1883, Cls=0.0001, Reg=0.0000, Con=3.9607
2025-09-13 19:53:29,308 - INFO - Batch 140/2278: Loss=1.1894, Cls=0.0011, Reg=0.0000, Con=3.9609
2025-09-13 19:53:30,210 - INFO - Batch 150/2278: Loss=1.1885, Cls=0.0002, Reg=0.0000, Con=3.9611
2025-09-13 19:53:31,111 - INFO - Batch 160/2278: Loss=1.1884, Cls=0.0002, Reg=0.0000, Con=3.9609
2025-09-13 19:53:32,005 - INFO - Batch 170/2278: Loss=0.0072, Cls=0.0072, Reg=0.0000, Con=0.0000
2025-09-13 19:53:32,904 - INFO - Batch 180/2278: Loss=1.1884, Cls=0.0001, Reg=0.0000, Con=3.9609
2025-09-13 19:53:33,798 - INFO - Batch 190/2278: Loss=0.0000, Cls=0.0000, Reg=0.0000, Con=0.0000
2025-09-13 19:53:34,710 - INFO - Batch 200/2278: Loss=1.1898, Cls=0.0016, Reg=0.0000, Con=3.9608
2025-09-13 19:53:35,593 - INFO - Batch 210/2278: Loss=1.1951, Cls=0.0068, Reg=0.0000, Con=3.9609
2025-09-13 19:53:36,484 - INFO - Batch 220/2278: Loss=0.0002, Cls=0.0002, Reg=0.0000, Con=0.0000
2025-09-13 19:53:37,390 - INFO - Batch 230/2278: Loss=0.0021, Cls=0.0021, Reg=0.0000, Con=0.0000
2025-09-13 19:53:38,316 - INFO - Batch 240/2278: Loss=0.0004, Cls=0.0004, Reg=0.0000, Con=0.0000
2025-09-13 19:53:39,225 - INFO - Batch 250/2278: Loss=0.0004, Cls=0.0004, Reg=0.0000, Con=0.0000
2025-09-13 19:53:40,110 - INFO - Batch 260/2278: Loss=0.0005, Cls=0.0005, Reg=0.0000, Con=0.0000
2025-09-13 19:53:41,006 - INFO - Batch 270/2278: Loss=1.1883, Cls=0.0000, Reg=0.0000, Con=3.9608
2025-09-13 19:53:41,899 - INFO - Batch 280/2278: Loss=1.1884, Cls=0.0001, Reg=0.0000, Con=3.9609
2025-09-13 19:53:42,804 - INFO - Batch 290/2278: Loss=1.1891, Cls=0.0008, Reg=0.0000, Con=3.9609
2025-09-13 19:53:43,710 - INFO - Batch 300/2278: Loss=3.5072, Cls=2.3190, Reg=0.0000, Con=3.9609
2025-09-13 19:53:44,613 - INFO - Batch 310/2278: Loss=1.1884, Cls=0.0002, Reg=0.0000, Con=3.9608
2025-09-13 19:53:45,544 - INFO - Batch 320/2278: Loss=0.0000, Cls=0.0000, Reg=0.0000, Con=0.0000
2025-09-13 19:53:46,416 - INFO - Batch 330/2278: Loss=1.2176, Cls=0.0293, Reg=0.0000, Con=3.9609
2025-09-13 19:53:47,311 - INFO - Batch 340/2278: Loss=1.1911, Cls=0.0028, Reg=0.0000, Con=3.9609
2025-09-13 19:53:48,195 - INFO - Batch 350/2278: Loss=1.1883, Cls=0.0000, Reg=0.0000, Con=3.9609
2025-09-13 19:53:49,112 - INFO - Batch 360/2278: Loss=1.1883, Cls=0.0000, Reg=0.0000, Con=3.9609
2025-09-13 19:53:50,037 - INFO - Batch 370/2278: Loss=1.1995, Cls=0.0112, Reg=0.0000, Con=3.9609
2025-09-13 19:53:51,043 - INFO - Batch 380/2278: Loss=1.1905, Cls=0.0022, Reg=0.0000, Con=3.9608
2025-09-13 19:53:51,945 - INFO - Batch 390/2278: Loss=1.1883, Cls=0.0000, Reg=0.0000, Con=3.9609
2025-09-13 19:53:52,871 - INFO - Batch 400/2278: Loss=0.0000, Cls=0.0000, Reg=0.0000, Con=0.0000
2025-09-13 19:53:53,805 - INFO - Batch 410/2278: Loss=1.1886, Cls=0.0003, Reg=0.0000, Con=3.9608
2025-09-13 19:53:54,745 - INFO - Batch 420/2278: Loss=0.0003, Cls=0.0003, Reg=0.0000, Con=0.0000
2025-09-13 19:53:55,750 - INFO - Batch 430/2278: Loss=0.0167, Cls=0.0167, Reg=0.0000, Con=0.0000
2025-09-13 19:53:56,685 - INFO - Batch 440/2278: Loss=1.1952, Cls=0.0070, Reg=0.0000, Con=3.9608
2025-09-13 19:53:57,576 - INFO - Batch 450/2278: Loss=1.1917, Cls=0.0035, Reg=0.0000, Con=3.9607
2025-09-13 19:53:58,501 - INFO - Batch 460/2278: Loss=0.0093, Cls=0.0093, Reg=0.0000, Con=0.0000
2025-09-13 19:53:59,431 - INFO - Batch 470/2278: Loss=1.1943, Cls=0.0060, Reg=0.0000, Con=3.9608
2025-09-13 19:54:00,347 - INFO - Batch 480/2278: Loss=0.0000, Cls=0.0000, Reg=0.0000, Con=0.0000
2025-09-13 19:54:01,251 - INFO - Batch 490/2278: Loss=1.1905, Cls=0.0022, Reg=0.0000, Con=3.9610
2025-09-13 19:54:02,152 - INFO - Batch 500/2278: Loss=1.1892, Cls=0.0010, Reg=0.0000, Con=3.9607
2025-09-13 19:54:03,069 - INFO - Batch 510/2278: Loss=1.1883, Cls=0.0001, Reg=0.0000, Con=3.9607
2025-09-13 19:54:04,001 - INFO - Batch 520/2278: Loss=1.1890, Cls=0.0007, Reg=0.0000, Con=3.9607
2025-09-13 19:54:04,890 - INFO - Batch 530/2278: Loss=1.1888, Cls=0.0006, Reg=0.0000, Con=3.9608
2025-09-13 19:54:05,798 - INFO - Batch 540/2278: Loss=1.1889, Cls=0.0006, Reg=0.0000, Con=3.9610
2025-09-13 19:54:06,706 - INFO - Batch 550/2278: Loss=1.1892, Cls=0.0010, Reg=0.0000, Con=3.9607
2025-09-13 19:54:07,613 - INFO - Batch 560/2278: Loss=0.0004, Cls=0.0004, Reg=0.0000, Con=0.0000
2025-09-13 19:54:08,527 - INFO - Batch 570/2278: Loss=1.1882, Cls=0.0000, Reg=0.0000, Con=3.9608
2025-09-13 19:54:09,425 - INFO - Batch 580/2278: Loss=1.8388, Cls=1.8388, Reg=0.0000, Con=0.0000
2025-09-13 19:54:10,323 - INFO - Batch 590/2278: Loss=1.1885, Cls=0.0002, Reg=0.0000, Con=3.9608
2025-09-13 19:54:11,211 - INFO - Batch 600/2278: Loss=0.0000, Cls=0.0000, Reg=0.0000, Con=0.0000
2025-09-13 19:54:12,119 - INFO - Batch 610/2278: Loss=1.1883, Cls=0.0001, Reg=0.0000, Con=3.9608
2025-09-13 19:54:13,013 - INFO - Batch 620/2278: Loss=1.1883, Cls=0.0000, Reg=0.0000, Con=3.9608
2025-09-13 19:54:13,888 - INFO - Batch 630/2278: Loss=1.2962, Cls=1.2962, Reg=0.0000, Con=0.0000
2025-09-13 19:54:14,828 - INFO - Batch 640/2278: Loss=0.0005, Cls=0.0005, Reg=0.0000, Con=0.0000
2025-09-13 19:54:15,804 - INFO - Batch 650/2278: Loss=0.0000, Cls=0.0000, Reg=0.0000, Con=0.0000
2025-09-13 19:54:16,712 - INFO - Batch 660/2278: Loss=1.1888, Cls=0.0006, Reg=0.0000, Con=3.9607
2025-09-13 19:54:17,656 - INFO - Batch 670/2278: Loss=1.1899, Cls=0.0016, Reg=0.0000, Con=3.9609
2025-09-13 19:54:18,577 - INFO - Batch 680/2278: Loss=1.1943, Cls=0.0060, Reg=0.0000, Con=3.9608
2025-09-13 19:54:19,487 - INFO - Batch 690/2278: Loss=1.1885, Cls=0.0001, Reg=0.0000, Con=3.9613
2025-09-13 19:54:20,406 - INFO - Batch 700/2278: Loss=0.0001, Cls=0.0001, Reg=0.0000, Con=0.0000
2025-09-13 19:54:21,299 - INFO - Batch 710/2278: Loss=1.1920, Cls=0.0037, Reg=0.0000, Con=3.9610
2025-09-13 19:54:22,179 - INFO - Batch 720/2278: Loss=1.1884, Cls=0.0001, Reg=0.0000, Con=3.9609
2025-09-13 19:54:23,088 - INFO - Batch 730/2278: Loss=1.1908, Cls=0.0024, Reg=0.0000, Con=3.9612
2025-09-13 19:54:23,974 - INFO - Batch 740/2278: Loss=1.1885, Cls=0.0001, Reg=0.0000, Con=3.9610
2025-09-13 19:54:24,869 - INFO - Batch 750/2278: Loss=0.0001, Cls=0.0001, Reg=0.0000, Con=0.0000
2025-09-13 19:54:25,765 - INFO - Batch 760/2278: Loss=0.0003, Cls=0.0003, Reg=0.0000, Con=0.0000
2025-09-13 19:54:26,648 - INFO - Batch 770/2278: Loss=1.1887, Cls=0.0005, Reg=0.0000, Con=3.9608
2025-09-13 19:54:27,572 - INFO - Batch 780/2278: Loss=0.0002, Cls=0.0002, Reg=0.0000, Con=0.0000
2025-09-13 19:54:28,469 - INFO - Batch 790/2278: Loss=1.1884, Cls=0.0001, Reg=0.0000, Con=3.9609
2025-09-13 19:54:29,381 - INFO - Batch 800/2278: Loss=0.0000, Cls=0.0000, Reg=0.0000, Con=0.0000
2025-09-13 19:54:30,286 - INFO - Batch 810/2278: Loss=0.0119, Cls=0.0119, Reg=0.0000, Con=0.0000
2025-09-13 19:54:31,161 - INFO - Batch 820/2278: Loss=1.1897, Cls=0.0014, Reg=0.0000, Con=3.9608
2025-09-13 19:54:32,067 - INFO - Batch 830/2278: Loss=1.1882, Cls=0.0000, Reg=0.0000, Con=3.9607
2025-09-13 19:54:32,974 - INFO - Batch 840/2278: Loss=1.1883, Cls=0.0001, Reg=0.0000, Con=3.9608
2025-09-13 19:54:33,884 - INFO - Batch 850/2278: Loss=0.0002, Cls=0.0002, Reg=0.0000, Con=0.0000
2025-09-13 19:54:34,798 - INFO - Batch 860/2278: Loss=1.1886, Cls=0.0004, Reg=0.0000, Con=3.9608
2025-09-13 19:54:35,692 - INFO - Batch 870/2278: Loss=0.0001, Cls=0.0001, Reg=0.0000, Con=0.0000
2025-09-13 19:54:36,591 - INFO - Batch 880/2278: Loss=0.0003, Cls=0.0003, Reg=0.0000, Con=0.0000
2025-09-13 19:54:37,479 - INFO - Batch 890/2278: Loss=1.1900, Cls=0.0017, Reg=0.0000, Con=3.9609
2025-09-13 19:54:38,375 - INFO - Batch 900/2278: Loss=0.0000, Cls=0.0000, Reg=0.0000, Con=0.0000
2025-09-13 19:54:39,281 - INFO - Batch 910/2278: Loss=0.0007, Cls=0.0007, Reg=0.0000, Con=0.0000
2025-09-13 19:54:40,168 - INFO - Batch 920/2278: Loss=1.1883, Cls=0.0000, Reg=0.0000, Con=3.9611
2025-09-13 19:54:41,044 - INFO - Batch 930/2278: Loss=1.1883, Cls=0.0000, Reg=0.0000, Con=3.9609
2025-09-13 19:54:41,936 - INFO - Batch 940/2278: Loss=0.0002, Cls=0.0002, Reg=0.0000, Con=0.0000
2025-09-13 19:54:42,819 - INFO - Batch 950/2278: Loss=0.0145, Cls=0.0145, Reg=0.0000, Con=0.0000
2025-09-13 19:54:43,824 - INFO - Batch 960/2278: Loss=0.0000, Cls=0.0000, Reg=0.0000, Con=0.0000
2025-09-13 19:54:44,727 - INFO - Batch 970/2278: Loss=0.0029, Cls=0.0029, Reg=0.0000, Con=0.0000
2025-09-13 19:54:45,612 - INFO - Batch 980/2278: Loss=1.2040, Cls=0.0157, Reg=0.0000, Con=3.9609
2025-09-13 19:54:46,494 - INFO - Batch 990/2278: Loss=1.1882, Cls=0.0000, Reg=0.0000, Con=3.9606
2025-09-13 19:54:47,385 - INFO - Batch 1000/2278: Loss=1.1884, Cls=0.0002, Reg=0.0000, Con=3.9609
2025-09-13 19:54:48,285 - INFO - Batch 1010/2278: Loss=1.1883, Cls=0.0000, Reg=0.0000, Con=3.9609
2025-09-13 19:54:49,299 - INFO - Batch 1020/2278: Loss=1.1885, Cls=0.0001, Reg=0.0000, Con=3.9615
2025-09-13 19:54:50,187 - INFO - Batch 1030/2278: Loss=1.1884, Cls=0.0002, Reg=0.0000, Con=3.9608
2025-09-13 19:54:51,078 - INFO - Batch 1040/2278: Loss=6.3907, Cls=5.2024, Reg=0.0000, Con=3.9608
2025-09-13 19:54:51,979 - INFO - Batch 1050/2278: Loss=1.1890, Cls=0.0007, Reg=0.0000, Con=3.9611
2025-09-13 19:54:52,850 - INFO - Batch 1060/2278: Loss=1.1883, Cls=0.0000, Reg=0.0000, Con=3.9612
2025-09-13 19:54:53,734 - INFO - Batch 1070/2278: Loss=1.1883, Cls=0.0000, Reg=0.0000, Con=3.9609
2025-09-13 19:54:54,629 - INFO - Batch 1080/2278: Loss=1.1890, Cls=0.0007, Reg=0.0000, Con=3.9609
2025-09-13 19:54:55,646 - INFO - Batch 1090/2278: Loss=1.1887, Cls=0.0004, Reg=0.0000, Con=3.9608
2025-09-13 19:54:56,567 - INFO - Batch 1100/2278: Loss=1.1883, Cls=0.0000, Reg=0.0000, Con=3.9608
2025-09-13 19:54:57,468 - INFO - Batch 1110/2278: Loss=1.2281, Cls=0.0399, Reg=0.0000, Con=3.9608
2025-09-13 19:54:58,369 - INFO - Batch 1120/2278: Loss=1.1884, Cls=0.0002, Reg=0.0000, Con=3.9608
2025-09-13 19:54:59,249 - INFO - Batch 1130/2278: Loss=0.0001, Cls=0.0001, Reg=0.0000, Con=0.0000
2025-09-13 19:55:00,170 - INFO - Batch 1140/2278: Loss=0.0001, Cls=0.0001, Reg=0.0000, Con=0.0000
2025-09-13 19:55:01,079 - INFO - Batch 1150/2278: Loss=1.2070, Cls=0.0188, Reg=0.0000, Con=3.9609
2025-09-13 19:55:01,958 - INFO - Batch 1160/2278: Loss=1.1882, Cls=0.0000, Reg=0.0000, Con=3.9607
2025-09-13 19:55:02,863 - INFO - Batch 1170/2278: Loss=0.0001, Cls=0.0001, Reg=0.0000, Con=0.0000
2025-09-13 19:55:03,758 - INFO - Batch 1180/2278: Loss=1.1883, Cls=0.0001, Reg=0.0000, Con=3.9609
2025-09-13 19:55:04,744 - INFO - Batch 1190/2278: Loss=1.1902, Cls=0.0019, Reg=0.0000, Con=3.9610
2025-09-13 19:55:05,658 - INFO - Batch 1200/2278: Loss=1.1883, Cls=0.0000, Reg=0.0000, Con=3.9609
2025-09-13 19:55:06,617 - INFO - Batch 1210/2278: Loss=1.1883, Cls=0.0001, Reg=0.0000, Con=3.9608
2025-09-13 19:55:07,572 - INFO - Batch 1220/2278: Loss=0.0011, Cls=0.0011, Reg=0.0000, Con=0.0000
2025-09-13 19:55:08,490 - INFO - Batch 1230/2278: Loss=1.1884, Cls=0.0001, Reg=0.0000, Con=3.9609
2025-09-13 19:55:09,371 - INFO - Batch 1240/2278: Loss=1.1883, Cls=0.0000, Reg=0.0000, Con=3.9609
2025-09-13 19:55:10,266 - INFO - Batch 1250/2278: Loss=0.0000, Cls=0.0000, Reg=0.0000, Con=0.0000
2025-09-13 19:55:11,159 - INFO - Batch 1260/2278: Loss=1.1882, Cls=0.0000, Reg=0.0000, Con=3.9607
2025-09-13 19:55:12,049 - INFO - Batch 1270/2278: Loss=0.0000, Cls=0.0000, Reg=0.0000, Con=0.0000
2025-09-13 19:55:12,973 - INFO - Batch 1280/2278: Loss=1.1940, Cls=0.0057, Reg=0.0000, Con=3.9608
2025-09-13 19:55:13,909 - INFO - Batch 1290/2278: Loss=1.1883, Cls=0.0000, Reg=0.0000, Con=3.9610
2025-09-13 19:55:14,905 - INFO - Batch 1300/2278: Loss=1.1924, Cls=0.0041, Reg=0.0000, Con=3.9610
2025-09-13 19:55:15,827 - INFO - Batch 1310/2278: Loss=0.0000, Cls=0.0000, Reg=0.0000, Con=0.0000
2025-09-13 19:55:16,741 - INFO - Batch 1320/2278: Loss=1.1884, Cls=0.0001, Reg=0.0000, Con=3.9609
2025-09-13 19:55:17,768 - INFO - Batch 1330/2278: Loss=1.1883, Cls=0.0000, Reg=0.0000, Con=3.9609
2025-09-13 19:55:18,761 - INFO - Batch 1340/2278: Loss=0.0000, Cls=0.0000, Reg=0.0000, Con=0.0000
2025-09-13 19:55:19,703 - INFO - Batch 1350/2278: Loss=0.0000, Cls=0.0000, Reg=0.0000, Con=0.0000
2025-09-13 19:55:20,627 - INFO - Batch 1360/2278: Loss=1.1905, Cls=0.0022, Reg=0.0000, Con=3.9608
2025-09-13 19:55:21,521 - INFO - Batch 1370/2278: Loss=1.4695, Cls=0.2812, Reg=0.0000, Con=3.9608
2025-09-13 19:55:22,450 - INFO - Batch 1380/2278: Loss=1.1883, Cls=0.0000, Reg=0.0000, Con=3.9609
2025-09-13 19:55:23,398 - INFO - Batch 1390/2278: Loss=1.1883, Cls=0.0000, Reg=0.0000, Con=3.9608
2025-09-13 19:55:24,319 - INFO - Batch 1400/2278: Loss=0.0000, Cls=0.0000, Reg=0.0000, Con=0.0000
2025-09-13 19:55:25,236 - INFO - Batch 1410/2278: Loss=1.1899, Cls=0.0017, Reg=0.0000, Con=3.9608
2025-09-13 19:55:26,155 - INFO - Batch 1420/2278: Loss=0.0000, Cls=0.0000, Reg=0.0000, Con=0.0000
2025-09-13 19:55:27,083 - INFO - Batch 1430/2278: Loss=0.0000, Cls=0.0000, Reg=0.0000, Con=0.0000
2025-09-13 19:55:27,977 - INFO - Batch 1440/2278: Loss=1.1886, Cls=0.0002, Reg=0.0000, Con=3.9613
2025-09-13 19:55:28,862 - INFO - Batch 1450/2278: Loss=0.0000, Cls=0.0000, Reg=0.0000, Con=0.0000
2025-09-13 19:55:29,771 - INFO - Batch 1460/2278: Loss=1.1887, Cls=0.0004, Reg=0.0000, Con=3.9609
2025-09-13 19:55:30,675 - INFO - Batch 1470/2278: Loss=1.1898, Cls=0.0015, Reg=0.0000, Con=3.9608
2025-09-13 19:55:31,588 - INFO - Batch 1480/2278: Loss=0.0000, Cls=0.0000, Reg=0.0000, Con=0.0000
2025-09-13 19:55:32,622 - INFO - Batch 1490/2278: Loss=0.0725, Cls=0.0725, Reg=0.0000, Con=0.0000
2025-09-13 19:55:33,515 - INFO - Batch 1500/2278: Loss=0.0002, Cls=0.0002, Reg=0.0000, Con=0.0000
2025-09-13 19:55:34,395 - INFO - Batch 1510/2278: Loss=1.1887, Cls=0.0004, Reg=0.0000, Con=3.9608
2025-09-13 19:55:35,291 - INFO - Batch 1520/2278: Loss=1.1957, Cls=0.0074, Reg=0.0000, Con=3.9608
2025-09-13 19:55:36,173 - INFO - Batch 1530/2278: Loss=1.1883, Cls=0.0000, Reg=0.0000, Con=3.9609
2025-09-13 19:55:37,101 - INFO - Batch 1540/2278: Loss=0.0000, Cls=0.0000, Reg=0.0000, Con=0.0000
2025-09-13 19:55:37,985 - INFO - Batch 1550/2278: Loss=1.1883, Cls=0.0000, Reg=0.0000, Con=3.9609
2025-09-13 19:55:38,900 - INFO - Batch 1560/2278: Loss=1.1895, Cls=0.0012, Reg=0.0000, Con=3.9608
2025-09-13 19:55:39,772 - INFO - Batch 1570/2278: Loss=1.1896, Cls=0.0014, Reg=0.0000, Con=3.9609
2025-09-13 19:55:40,649 - INFO - Batch 1580/2278: Loss=0.0031, Cls=0.0031, Reg=0.0000, Con=0.0000
2025-09-13 19:55:41,558 - INFO - Batch 1590/2278: Loss=0.0004, Cls=0.0004, Reg=0.0000, Con=0.0000
2025-09-13 19:55:42,458 - INFO - Batch 1600/2278: Loss=1.1883, Cls=0.0000, Reg=0.0000, Con=3.9609
2025-09-13 19:55:43,362 - INFO - Batch 1610/2278: Loss=0.0000, Cls=0.0000, Reg=0.0000, Con=0.0000
2025-09-13 19:55:44,296 - INFO - Batch 1620/2278: Loss=1.1884, Cls=0.0002, Reg=0.0000, Con=3.9609
2025-09-13 19:55:45,165 - INFO - Batch 1630/2278: Loss=0.0000, Cls=0.0000, Reg=0.0000, Con=0.0000
2025-09-13 19:55:46,071 - INFO - Batch 1640/2278: Loss=1.1883, Cls=0.0000, Reg=0.0000, Con=3.9609
2025-09-13 19:55:46,983 - INFO - Batch 1650/2278: Loss=0.0000, Cls=0.0000, Reg=0.0000, Con=0.0000
2025-09-13 19:55:47,890 - INFO - Batch 1660/2278: Loss=1.1882, Cls=0.0000, Reg=0.0000, Con=3.9607
2025-09-13 19:55:48,812 - INFO - Batch 1670/2278: Loss=1.1883, Cls=0.0001, Reg=0.0000, Con=3.9608
2025-09-13 19:55:49,704 - INFO - Batch 1680/2278: Loss=1.1887, Cls=0.0002, Reg=0.0000, Con=3.9615
2025-09-13 19:55:50,620 - INFO - Batch 1690/2278: Loss=0.0010, Cls=0.0010, Reg=0.0000, Con=0.0000
2025-09-13 19:55:51,522 - INFO - Batch 1700/2278: Loss=1.1882, Cls=0.0000, Reg=0.0000, Con=3.9608
2025-09-13 19:55:52,413 - INFO - Batch 1710/2278: Loss=1.1883, Cls=0.0000, Reg=0.0000, Con=3.9612
2025-09-13 19:55:53,308 - INFO - Batch 1720/2278: Loss=4.6268, Cls=3.4386, Reg=0.0000, Con=3.9610
2025-09-13 19:55:54,212 - INFO - Batch 1730/2278: Loss=1.1894, Cls=0.0011, Reg=0.0000, Con=3.9609
2025-09-13 19:55:55,129 - INFO - Batch 1740/2278: Loss=1.1883, Cls=0.0000, Reg=0.0000, Con=3.9610
2025-09-13 19:55:56,076 - INFO - Batch 1750/2278: Loss=1.1884, Cls=0.0001, Reg=0.0000, Con=3.9609
2025-09-13 19:55:57,006 - INFO - Batch 1760/2278: Loss=1.1883, Cls=0.0001, Reg=0.0000, Con=3.9608
2025-09-13 19:55:57,914 - INFO - Batch 1770/2278: Loss=4.6765, Cls=3.4882, Reg=0.0000, Con=3.9610
2025-09-13 19:55:58,806 - INFO - Batch 1780/2278: Loss=1.1898, Cls=0.0015, Reg=0.0000, Con=3.9609
2025-09-13 19:55:59,682 - INFO - Batch 1790/2278: Loss=1.1883, Cls=0.0000, Reg=0.0000, Con=3.9608
2025-09-13 19:56:00,647 - INFO - Batch 1800/2278: Loss=1.1895, Cls=0.0013, Reg=0.0000, Con=3.9609
2025-09-13 19:56:01,637 - INFO - Batch 1810/2278: Loss=1.1883, Cls=0.0000, Reg=0.0000, Con=3.9610
2025-09-13 19:56:02,567 - INFO - Batch 1820/2278: Loss=1.1883, Cls=0.0000, Reg=0.0000, Con=3.9608
2025-09-13 19:56:03,468 - INFO - Batch 1830/2278: Loss=1.1885, Cls=0.0000, Reg=0.0000, Con=3.9615
2025-09-13 19:56:04,406 - INFO - Batch 1840/2278: Loss=1.1883, Cls=0.0000, Reg=0.0000, Con=3.9609
2025-09-13 19:56:05,397 - INFO - Batch 1850/2278: Loss=2.7881, Cls=1.5998, Reg=0.0000, Con=3.9608
2025-09-13 19:56:06,397 - INFO - Batch 1860/2278: Loss=0.0020, Cls=0.0020, Reg=0.0000, Con=0.0000
2025-09-13 19:56:07,326 - INFO - Batch 1870/2278: Loss=0.0122, Cls=0.0122, Reg=0.0000, Con=0.0000
2025-09-13 19:56:08,226 - INFO - Batch 1880/2278: Loss=1.1985, Cls=0.0102, Reg=0.0000, Con=3.9610
2025-09-13 19:56:09,126 - INFO - Batch 1890/2278: Loss=0.0008, Cls=0.0008, Reg=0.0000, Con=0.0000
2025-09-13 19:56:10,033 - INFO - Batch 1900/2278: Loss=1.1884, Cls=0.0001, Reg=0.0000, Con=3.9607
2025-09-13 19:56:10,950 - INFO - Batch 1910/2278: Loss=1.1885, Cls=0.0003, Reg=0.0000, Con=3.9607
2025-09-13 19:56:11,871 - INFO - Batch 1920/2278: Loss=1.1916, Cls=0.0033, Reg=0.0000, Con=3.9608
2025-09-13 19:56:12,764 - INFO - Batch 1930/2278: Loss=0.0002, Cls=0.0002, Reg=0.0000, Con=0.0000
2025-09-13 19:56:13,670 - INFO - Batch 1940/2278: Loss=1.2675, Cls=0.0793, Reg=0.0000, Con=3.9607
2025-09-13 19:56:14,556 - INFO - Batch 1950/2278: Loss=1.1887, Cls=0.0005, Reg=0.0000, Con=3.9609
2025-09-13 19:56:15,497 - INFO - Batch 1960/2278: Loss=1.1889, Cls=0.0006, Reg=0.0000, Con=3.9609
2025-09-13 19:56:16,416 - INFO - Batch 1970/2278: Loss=1.1892, Cls=0.0010, Reg=0.0000, Con=3.9606
2025-09-13 19:56:17,318 - INFO - Batch 1980/2278: Loss=1.1885, Cls=0.0003, Reg=0.0000, Con=3.9608
2025-09-13 19:56:18,232 - INFO - Batch 1990/2278: Loss=0.0008, Cls=0.0008, Reg=0.0000, Con=0.0000
2025-09-13 19:56:19,100 - INFO - Batch 2000/2278: Loss=1.2278, Cls=0.0396, Reg=0.0000, Con=3.9607
2025-09-13 19:56:20,020 - INFO - Batch 2010/2278: Loss=1.1905, Cls=0.0023, Reg=0.0000, Con=3.9608
2025-09-13 19:56:20,927 - INFO - Batch 2020/2278: Loss=0.0001, Cls=0.0001, Reg=0.0000, Con=0.0000
2025-09-13 19:56:21,835 - INFO - Batch 2030/2278: Loss=1.5310, Cls=0.3427, Reg=0.0000, Con=3.9610
2025-09-13 19:56:22,764 - INFO - Batch 2040/2278: Loss=1.1882, Cls=0.0000, Reg=0.0000, Con=3.9608
2025-09-13 19:56:23,663 - INFO - Batch 2050/2278: Loss=0.0001, Cls=0.0001, Reg=0.0000, Con=0.0000
2025-09-13 19:56:24,582 - INFO - Batch 2060/2278: Loss=1.1886, Cls=0.0001, Reg=0.0000, Con=3.9615
2025-09-13 19:56:25,492 - INFO - Batch 2070/2278: Loss=1.1884, Cls=0.0001, Reg=0.0000, Con=3.9608
2025-09-13 19:56:26,402 - INFO - Batch 2080/2278: Loss=0.3881, Cls=0.3881, Reg=0.0000, Con=0.0000
2025-09-13 19:56:27,324 - INFO - Batch 2090/2278: Loss=1.1884, Cls=0.0001, Reg=0.0000, Con=3.9608
2025-09-13 19:56:28,207 - INFO - Batch 2100/2278: Loss=0.0009, Cls=0.0009, Reg=0.0000, Con=0.0000
2025-09-13 19:56:29,120 - INFO - Batch 2110/2278: Loss=0.0001, Cls=0.0001, Reg=0.0000, Con=0.0000
2025-09-13 19:56:30,036 - INFO - Batch 2120/2278: Loss=1.1886, Cls=0.0003, Reg=0.0000, Con=3.9609
2025-09-13 19:56:30,948 - INFO - Batch 2130/2278: Loss=1.1903, Cls=0.0021, Reg=0.0000, Con=3.9608
2025-09-13 19:56:31,845 - INFO - Batch 2140/2278: Loss=0.0011, Cls=0.0011, Reg=0.0000, Con=0.0000
2025-09-13 19:56:32,744 - INFO - Batch 2150/2278: Loss=1.1915, Cls=0.0032, Reg=0.0000, Con=3.9610
2025-09-13 19:56:33,630 - INFO - Batch 2160/2278: Loss=1.1974, Cls=0.0092, Reg=0.0000, Con=3.9608
2025-09-13 19:56:34,555 - INFO - Batch 2170/2278: Loss=1.1886, Cls=0.0004, Reg=0.0000, Con=3.9608
2025-09-13 19:56:35,466 - INFO - Batch 2180/2278: Loss=1.1887, Cls=0.0004, Reg=0.0000, Con=3.9608
2025-09-13 19:56:36,374 - INFO - Batch 2190/2278: Loss=1.1890, Cls=0.0007, Reg=0.0000, Con=3.9610
2025-09-13 19:56:37,261 - INFO - Batch 2200/2278: Loss=1.1883, Cls=0.0000, Reg=0.0000, Con=3.9608
2025-09-13 19:56:38,157 - INFO - Batch 2210/2278: Loss=1.1884, Cls=0.0000, Reg=0.0000, Con=3.9613
2025-09-13 19:56:39,066 - INFO - Batch 2220/2278: Loss=0.0003, Cls=0.0003, Reg=0.0000, Con=0.0000
2025-09-13 19:56:39,996 - INFO - Batch 2230/2278: Loss=0.0001, Cls=0.0001, Reg=0.0000, Con=0.0000
2025-09-13 19:56:40,902 - INFO - Batch 2240/2278: Loss=1.1889, Cls=0.0007, Reg=0.0000, Con=3.9608
2025-09-13 19:56:41,808 - INFO - Batch 2250/2278: Loss=0.0001, Cls=0.0001, Reg=0.0000, Con=0.0000
2025-09-13 19:56:42,739 - INFO - Batch 2260/2278: Loss=1.1883, Cls=0.0000, Reg=0.0000, Con=3.9609
2025-09-13 19:56:43,633 - INFO - Batch 2270/2278: Loss=1.1882, Cls=0.0000, Reg=0.0000, Con=3.9606
2025-09-13 20:00:13,340 - INFO - === Epoch 2 Results ===
2025-09-13 20:00:13,340 - INFO - Training Loss: 0.8509 (Classification: 0.0716, Regression: 0.0000)
2025-09-13 20:00:13,340 - INFO - Validation Loss: 0.0291 (Classification: 0.0291, Regression: 0.0000)
2025-09-13 20:00:13,340 - INFO - Average Classification Accuracy: 0.9824 (on 1/26 tasks)
2025-09-13 20:00:13,340 - INFO - Average AUC: 0.8188
2025-09-13 20:00:16,179 - INFO - Best model saved to: experiments/r1c3_single_cls_15_seed_42_20250913_194624/checkpoints/r1c3_single_cls_15_seed_42_best.pth
2025-09-13 20:00:16,180 - INFO - 
Epoch 3/3
2025-09-13 20:00:16,320 - INFO - Batch 0/2278: Loss=1.1883, Cls=0.0001, Reg=0.0000, Con=3.9608
2025-09-13 20:00:17,212 - INFO - Batch 10/2278: Loss=1.1886, Cls=0.0003, Reg=0.0000, Con=3.9611
2025-09-13 20:00:18,156 - INFO - Batch 20/2278: Loss=1.1884, Cls=0.0001, Reg=0.0000, Con=3.9608
2025-09-13 20:00:19,095 - INFO - Batch 30/2278: Loss=0.0000, Cls=0.0000, Reg=0.0000, Con=0.0000
2025-09-13 20:00:19,969 - INFO - Batch 40/2278: Loss=1.1883, Cls=0.0000, Reg=0.0000, Con=3.9608
2025-09-13 20:00:20,916 - INFO - Batch 50/2278: Loss=1.1883, Cls=0.0000, Reg=0.0000, Con=3.9609
2025-09-13 20:00:21,921 - INFO - Batch 60/2278: Loss=1.1887, Cls=0.0005, Reg=0.0000, Con=3.9607
2025-09-13 20:00:22,850 - INFO - Batch 70/2278: Loss=1.1882, Cls=0.0000, Reg=0.0000, Con=3.9608
2025-09-13 20:00:23,767 - INFO - Batch 80/2278: Loss=0.0002, Cls=0.0002, Reg=0.0000, Con=0.0000
2025-09-13 20:00:24,672 - INFO - Batch 90/2278: Loss=1.1894, Cls=0.0011, Reg=0.0000, Con=3.9609
2025-09-13 20:00:25,576 - INFO - Batch 100/2278: Loss=1.1883, Cls=0.0001, Reg=0.0000, Con=3.9607
2025-09-13 20:00:26,504 - INFO - Batch 110/2278: Loss=1.1889, Cls=0.0003, Reg=0.0000, Con=3.9618
2025-09-13 20:00:27,404 - INFO - Batch 120/2278: Loss=1.1884, Cls=0.0001, Reg=0.0000, Con=3.9609
2025-09-13 20:00:28,309 - INFO - Batch 130/2278: Loss=1.1883, Cls=0.0001, Reg=0.0000, Con=3.9607
2025-09-13 20:00:29,270 - INFO - Batch 140/2278: Loss=0.0000, Cls=0.0000, Reg=0.0000, Con=0.0000
2025-09-13 20:00:30,166 - INFO - Batch 150/2278: Loss=1.1883, Cls=0.0001, Reg=0.0000, Con=3.9608
2025-09-13 20:00:31,085 - INFO - Batch 160/2278: Loss=0.0001, Cls=0.0001, Reg=0.0000, Con=0.0000
2025-09-13 20:00:31,979 - INFO - Batch 170/2278: Loss=1.1885, Cls=0.0002, Reg=0.0000, Con=3.9609
2025-09-13 20:00:32,874 - INFO - Batch 180/2278: Loss=1.1883, Cls=0.0000, Reg=0.0000, Con=3.9611
2025-09-13 20:00:33,810 - INFO - Batch 190/2278: Loss=1.1884, Cls=0.0002, Reg=0.0000, Con=3.9607
2025-09-13 20:00:34,711 - INFO - Batch 200/2278: Loss=0.0005, Cls=0.0005, Reg=0.0000, Con=0.0000
2025-09-13 20:00:35,614 - INFO - Batch 210/2278: Loss=1.1914, Cls=0.0030, Reg=0.0000, Con=3.9612
2025-09-13 20:00:36,499 - INFO - Batch 220/2278: Loss=1.1887, Cls=0.0005, Reg=0.0000, Con=3.9608
2025-09-13 20:00:37,407 - INFO - Batch 230/2278: Loss=1.2115, Cls=0.0232, Reg=0.0000, Con=3.9611
2025-09-13 20:00:38,314 - INFO - Batch 240/2278: Loss=1.1916, Cls=0.0034, Reg=0.0000, Con=3.9607
2025-09-13 20:00:39,199 - INFO - Batch 250/2278: Loss=1.1883, Cls=0.0000, Reg=0.0000, Con=3.9609
2025-09-13 20:00:40,096 - INFO - Batch 260/2278: Loss=1.1886, Cls=0.0004, Reg=0.0000, Con=3.9608
2025-09-13 20:00:41,000 - INFO - Batch 270/2278: Loss=1.1884, Cls=0.0002, Reg=0.0000, Con=3.9607
2025-09-13 20:00:41,904 - INFO - Batch 280/2278: Loss=1.1886, Cls=0.0003, Reg=0.0000, Con=3.9608
2025-09-13 20:00:42,809 - INFO - Batch 290/2278: Loss=1.1889, Cls=0.0006, Reg=0.0000, Con=3.9608
2025-09-13 20:00:43,695 - INFO - Batch 300/2278: Loss=1.1882, Cls=0.0000, Reg=0.0000, Con=3.9607
2025-09-13 20:00:44,601 - INFO - Batch 310/2278: Loss=1.3048, Cls=0.1165, Reg=0.0000, Con=3.9610
2025-09-13 20:00:45,500 - INFO - Batch 320/2278: Loss=1.1884, Cls=0.0000, Reg=0.0000, Con=3.9612
2025-09-13 20:00:46,393 - INFO - Batch 330/2278: Loss=0.0051, Cls=0.0051, Reg=0.0000, Con=0.0000
2025-09-13 20:00:47,303 - INFO - Batch 340/2278: Loss=0.0002, Cls=0.0002, Reg=0.0000, Con=0.0000
2025-09-13 20:00:48,194 - INFO - Batch 350/2278: Loss=1.1887, Cls=0.0003, Reg=0.0000, Con=3.9612
2025-09-13 20:00:49,090 - INFO - Batch 360/2278: Loss=1.1885, Cls=0.0001, Reg=0.0000, Con=3.9611
2025-09-13 20:00:49,980 - INFO - Batch 370/2278: Loss=1.1884, Cls=0.0002, Reg=0.0000, Con=3.9608
2025-09-13 20:00:50,909 - INFO - Batch 380/2278: Loss=1.1993, Cls=0.0110, Reg=0.0000, Con=3.9608
2025-09-13 20:00:51,848 - INFO - Batch 390/2278: Loss=1.1884, Cls=0.0001, Reg=0.0000, Con=3.9609
2025-09-13 20:00:52,744 - INFO - Batch 400/2278: Loss=0.0006, Cls=0.0006, Reg=0.0000, Con=0.0000
2025-09-13 20:00:53,658 - INFO - Batch 410/2278: Loss=1.1883, Cls=0.0000, Reg=0.0000, Con=3.9609
2025-09-13 20:00:54,536 - INFO - Batch 420/2278: Loss=1.1883, Cls=0.0000, Reg=0.0000, Con=3.9609
2025-09-13 20:00:55,459 - INFO - Batch 430/2278: Loss=1.1912, Cls=0.0028, Reg=0.0000, Con=3.9614
2025-09-13 20:00:56,393 - INFO - Batch 440/2278: Loss=0.0004, Cls=0.0004, Reg=0.0000, Con=0.0000
2025-09-13 20:00:57,295 - INFO - Batch 450/2278: Loss=1.1883, Cls=0.0000, Reg=0.0000, Con=3.9608
2025-09-13 20:00:58,210 - INFO - Batch 460/2278: Loss=0.0000, Cls=0.0000, Reg=0.0000, Con=0.0000
2025-09-13 20:00:59,107 - INFO - Batch 470/2278: Loss=0.0000, Cls=0.0000, Reg=0.0000, Con=0.0000
2025-09-13 20:01:00,006 - INFO - Batch 480/2278: Loss=1.1883, Cls=0.0000, Reg=0.0000, Con=3.9609
2025-09-13 20:01:01,056 - INFO - Batch 490/2278: Loss=0.0003, Cls=0.0003, Reg=0.0000, Con=0.0000
2025-09-13 20:01:01,953 - INFO - Batch 500/2278: Loss=0.0001, Cls=0.0001, Reg=0.0000, Con=0.0000
2025-09-13 20:01:02,895 - INFO - Batch 510/2278: Loss=1.1883, Cls=0.0000, Reg=0.0000, Con=3.9608
2025-09-13 20:01:03,816 - INFO - Batch 520/2278: Loss=0.0000, Cls=0.0000, Reg=0.0000, Con=0.0000
2025-09-13 20:01:04,693 - INFO - Batch 530/2278: Loss=1.1884, Cls=0.0002, Reg=0.0000, Con=3.9608
2025-09-13 20:01:05,670 - INFO - Batch 540/2278: Loss=1.1887, Cls=0.0005, Reg=0.0000, Con=3.9609
2025-09-13 20:01:06,574 - INFO - Batch 550/2278: Loss=0.0001, Cls=0.0001, Reg=0.0000, Con=0.0000
2025-09-13 20:01:07,492 - INFO - Batch 560/2278: Loss=1.1887, Cls=0.0004, Reg=0.0000, Con=3.9609
2025-09-13 20:01:08,413 - INFO - Batch 570/2278: Loss=1.1882, Cls=0.0000, Reg=0.0000, Con=3.9608
2025-09-13 20:01:09,339 - INFO - Batch 580/2278: Loss=0.0591, Cls=0.0591, Reg=0.0000, Con=0.0000
2025-09-13 20:01:10,235 - INFO - Batch 590/2278: Loss=1.1957, Cls=0.0074, Reg=0.0000, Con=3.9608
2025-09-13 20:01:11,148 - INFO - Batch 600/2278: Loss=0.0000, Cls=0.0000, Reg=0.0000, Con=0.0000
2025-09-13 20:01:12,066 - INFO - Batch 610/2278: Loss=0.0012, Cls=0.0012, Reg=0.0000, Con=0.0000
2025-09-13 20:01:13,010 - INFO - Batch 620/2278: Loss=1.1882, Cls=0.0000, Reg=0.0000, Con=3.9608
2025-09-13 20:01:13,912 - INFO - Batch 630/2278: Loss=1.1883, Cls=0.0000, Reg=0.0000, Con=3.9611
2025-09-13 20:01:14,845 - INFO - Batch 640/2278: Loss=1.1887, Cls=0.0005, Reg=0.0000, Con=3.9607
2025-09-13 20:01:15,732 - INFO - Batch 650/2278: Loss=1.1967, Cls=0.0085, Reg=0.0000, Con=3.9608
2025-09-13 20:01:16,660 - INFO - Batch 660/2278: Loss=0.0064, Cls=0.0064, Reg=0.0000, Con=0.0000
2025-09-13 20:01:17,554 - INFO - Batch 670/2278: Loss=1.1883, Cls=0.0000, Reg=0.0000, Con=3.9609
2025-09-13 20:01:18,510 - INFO - Batch 680/2278: Loss=0.0001, Cls=0.0001, Reg=0.0000, Con=0.0000
2025-09-13 20:01:19,400 - INFO - Batch 690/2278: Loss=1.1891, Cls=0.0009, Reg=0.0000, Con=3.9609
2025-09-13 20:01:20,317 - INFO - Batch 700/2278: Loss=1.1898, Cls=0.0015, Reg=0.0000, Con=3.9610
2025-09-13 20:01:21,215 - INFO - Batch 710/2278: Loss=1.1890, Cls=0.0007, Reg=0.0000, Con=3.9610
2025-09-13 20:01:22,136 - INFO - Batch 720/2278: Loss=1.1895, Cls=0.0012, Reg=0.0000, Con=3.9610
2025-09-13 20:01:23,037 - INFO - Batch 730/2278: Loss=1.2211, Cls=0.0328, Reg=0.0000, Con=3.9609
2025-09-13 20:01:23,943 - INFO - Batch 740/2278: Loss=1.1882, Cls=0.0000, Reg=0.0000, Con=3.9606
2025-09-13 20:01:24,834 - INFO - Batch 750/2278: Loss=1.1883, Cls=0.0001, Reg=0.0000, Con=3.9606
2025-09-13 20:01:25,748 - INFO - Batch 760/2278: Loss=1.1884, Cls=0.0001, Reg=0.0000, Con=3.9611
2025-09-13 20:01:26,653 - INFO - Batch 770/2278: Loss=1.1886, Cls=0.0002, Reg=0.0000, Con=3.9611
2025-09-13 20:01:27,556 - INFO - Batch 780/2278: Loss=0.0003, Cls=0.0003, Reg=0.0000, Con=0.0000
2025-09-13 20:01:28,435 - INFO - Batch 790/2278: Loss=1.3095, Cls=0.1212, Reg=0.0000, Con=3.9609
2025-09-13 20:01:29,322 - INFO - Batch 800/2278: Loss=1.1884, Cls=0.0000, Reg=0.0000, Con=3.9612
2025-09-13 20:01:30,218 - INFO - Batch 810/2278: Loss=0.0002, Cls=0.0002, Reg=0.0000, Con=0.0000
2025-09-13 20:01:31,124 - INFO - Batch 820/2278: Loss=1.2033, Cls=0.0151, Reg=0.0000, Con=3.9608
2025-09-13 20:01:32,032 - INFO - Batch 830/2278: Loss=1.1883, Cls=0.0000, Reg=0.0000, Con=3.9609
2025-09-13 20:01:32,938 - INFO - Batch 840/2278: Loss=0.0000, Cls=0.0000, Reg=0.0000, Con=0.0000
2025-09-13 20:01:33,875 - INFO - Batch 850/2278: Loss=0.0000, Cls=0.0000, Reg=0.0000, Con=0.0000
2025-09-13 20:01:34,762 - INFO - Batch 860/2278: Loss=1.1885, Cls=0.0001, Reg=0.0000, Con=3.9611
2025-09-13 20:01:35,636 - INFO - Batch 870/2278: Loss=1.1883, Cls=0.0000, Reg=0.0000, Con=3.9609
2025-09-13 20:01:36,540 - INFO - Batch 880/2278: Loss=0.0000, Cls=0.0000, Reg=0.0000, Con=0.0000
2025-09-13 20:01:37,431 - INFO - Batch 890/2278: Loss=1.1937, Cls=0.0054, Reg=0.0000, Con=3.9609
2025-09-13 20:01:38,343 - INFO - Batch 900/2278: Loss=0.0000, Cls=0.0000, Reg=0.0000, Con=0.0000
2025-09-13 20:01:39,216 - INFO - Batch 910/2278: Loss=0.0107, Cls=0.0107, Reg=0.0000, Con=0.0000
2025-09-13 20:01:40,130 - INFO - Batch 920/2278: Loss=0.0008, Cls=0.0008, Reg=0.0000, Con=0.0000
2025-09-13 20:01:41,016 - INFO - Batch 930/2278: Loss=0.0026, Cls=0.0026, Reg=0.0000, Con=0.0000
2025-09-13 20:01:41,893 - INFO - Batch 940/2278: Loss=1.1893, Cls=0.0009, Reg=0.0000, Con=3.9613
2025-09-13 20:01:42,799 - INFO - Batch 950/2278: Loss=0.0003, Cls=0.0003, Reg=0.0000, Con=0.0000
2025-09-13 20:01:43,676 - INFO - Batch 960/2278: Loss=0.0001, Cls=0.0001, Reg=0.0000, Con=0.0000
2025-09-13 20:01:44,569 - INFO - Batch 970/2278: Loss=1.2101, Cls=0.0219, Reg=0.0000, Con=3.9608
2025-09-13 20:01:45,452 - INFO - Batch 980/2278: Loss=1.1892, Cls=0.0009, Reg=0.0000, Con=3.9609
2025-09-13 20:01:46,338 - INFO - Batch 990/2278: Loss=1.2182, Cls=0.0299, Reg=0.0000, Con=3.9609
2025-09-13 20:01:47,217 - INFO - Batch 1000/2278: Loss=1.1885, Cls=0.0002, Reg=0.0000, Con=3.9610
2025-09-13 20:01:48,139 - INFO - Batch 1010/2278: Loss=1.1884, Cls=0.0001, Reg=0.0000, Con=3.9608
2025-09-13 20:01:49,016 - INFO - Batch 1020/2278: Loss=1.1887, Cls=0.0004, Reg=0.0000, Con=3.9608
2025-09-13 20:01:49,905 - INFO - Batch 1030/2278: Loss=0.0000, Cls=0.0000, Reg=0.0000, Con=0.0000
2025-09-13 20:01:50,807 - INFO - Batch 1040/2278: Loss=1.1884, Cls=0.0000, Reg=0.0000, Con=3.9613
2025-09-13 20:01:51,737 - INFO - Batch 1050/2278: Loss=0.0001, Cls=0.0001, Reg=0.0000, Con=0.0000
2025-09-13 20:01:52,631 - INFO - Batch 1060/2278: Loss=1.1886, Cls=0.0003, Reg=0.0000, Con=3.9611
2025-09-13 20:01:53,583 - INFO - Batch 1070/2278: Loss=1.1887, Cls=0.0004, Reg=0.0000, Con=3.9609
2025-09-13 20:01:54,500 - INFO - Batch 1080/2278: Loss=0.0000, Cls=0.0000, Reg=0.0000, Con=0.0000
2025-09-13 20:01:55,439 - INFO - Batch 1090/2278: Loss=1.1883, Cls=0.0000, Reg=0.0000, Con=3.9611
2025-09-13 20:01:56,342 - INFO - Batch 1100/2278: Loss=1.1883, Cls=0.0000, Reg=0.0000, Con=3.9611
2025-09-13 20:01:57,226 - INFO - Batch 1110/2278: Loss=0.0002, Cls=0.0002, Reg=0.0000, Con=0.0000
2025-09-13 20:01:58,159 - INFO - Batch 1120/2278: Loss=0.0027, Cls=0.0027, Reg=0.0000, Con=0.0000
2025-09-13 20:01:59,064 - INFO - Batch 1130/2278: Loss=0.0000, Cls=0.0000, Reg=0.0000, Con=0.0000
2025-09-13 20:01:59,977 - INFO - Batch 1140/2278: Loss=1.1916, Cls=0.0033, Reg=0.0000, Con=3.9609
2025-09-13 20:02:00,862 - INFO - Batch 1150/2278: Loss=0.0000, Cls=0.0000, Reg=0.0000, Con=0.0000
2025-09-13 20:02:01,763 - INFO - Batch 1160/2278: Loss=0.0001, Cls=0.0001, Reg=0.0000, Con=0.0000
2025-09-13 20:02:02,660 - INFO - Batch 1170/2278: Loss=1.1883, Cls=0.0000, Reg=0.0000, Con=3.9608
2025-09-13 20:02:03,600 - INFO - Batch 1180/2278: Loss=1.1884, Cls=0.0000, Reg=0.0000, Con=3.9613
2025-09-13 20:02:04,519 - INFO - Batch 1190/2278: Loss=1.1883, Cls=0.0000, Reg=0.0000, Con=3.9609
2025-09-13 20:02:05,426 - INFO - Batch 1200/2278: Loss=1.1884, Cls=0.0000, Reg=0.0000, Con=3.9611
2025-09-13 20:02:06,334 - INFO - Batch 1210/2278: Loss=1.1931, Cls=0.0048, Reg=0.0000, Con=3.9611
2025-09-13 20:02:07,228 - INFO - Batch 1220/2278: Loss=1.1885, Cls=0.0002, Reg=0.0000, Con=3.9609
2025-09-13 20:02:08,145 - INFO - Batch 1230/2278: Loss=0.0000, Cls=0.0000, Reg=0.0000, Con=0.0000
2025-09-13 20:02:09,046 - INFO - Batch 1240/2278: Loss=1.1897, Cls=0.0015, Reg=0.0000, Con=3.9608
2025-09-13 20:02:09,967 - INFO - Batch 1250/2278: Loss=1.1883, Cls=0.0000, Reg=0.0000, Con=3.9609
2025-09-13 20:02:10,848 - INFO - Batch 1260/2278: Loss=0.0127, Cls=0.0127, Reg=0.0000, Con=0.0000
2025-09-13 20:02:11,761 - INFO - Batch 1270/2278: Loss=1.1883, Cls=0.0000, Reg=0.0000, Con=3.9610
2025-09-13 20:02:12,662 - INFO - Batch 1280/2278: Loss=1.1885, Cls=0.0003, Reg=0.0000, Con=3.9607
2025-09-13 20:02:13,712 - INFO - Batch 1290/2278: Loss=0.0000, Cls=0.0000, Reg=0.0000, Con=0.0000
2025-09-13 20:02:14,675 - INFO - Batch 1300/2278: Loss=0.0005, Cls=0.0005, Reg=0.0000, Con=0.0000
2025-09-13 20:02:15,577 - INFO - Batch 1310/2278: Loss=4.5458, Cls=3.3576, Reg=0.0000, Con=3.9608
2025-09-13 20:02:16,500 - INFO - Batch 1320/2278: Loss=1.1886, Cls=0.0003, Reg=0.0000, Con=3.9610
2025-09-13 20:02:17,407 - INFO - Batch 1330/2278: Loss=1.1896, Cls=0.0013, Reg=0.0000, Con=3.9610
2025-09-13 20:02:18,350 - INFO - Batch 1340/2278: Loss=1.1883, Cls=0.0001, Reg=0.0000, Con=3.9608
2025-09-13 20:02:19,263 - INFO - Batch 1350/2278: Loss=1.1883, Cls=0.0000, Reg=0.0000, Con=3.9608
2025-09-13 20:02:20,179 - INFO - Batch 1360/2278: Loss=1.1884, Cls=0.0000, Reg=0.0000, Con=3.9612
2025-09-13 20:02:21,071 - INFO - Batch 1370/2278: Loss=1.1884, Cls=0.0001, Reg=0.0000, Con=3.9610
2025-09-13 20:02:21,986 - INFO - Batch 1380/2278: Loss=1.1887, Cls=0.0005, Reg=0.0000, Con=3.9608
2025-09-13 20:02:22,885 - INFO - Batch 1390/2278: Loss=1.1884, Cls=0.0001, Reg=0.0000, Con=3.9610
2025-09-13 20:02:23,806 - INFO - Batch 1400/2278: Loss=1.1885, Cls=0.0001, Reg=0.0000, Con=3.9615
2025-09-13 20:02:24,698 - INFO - Batch 1410/2278: Loss=0.0002, Cls=0.0002, Reg=0.0000, Con=0.0000
2025-09-13 20:02:25,599 - INFO - Batch 1420/2278: Loss=1.1886, Cls=0.0003, Reg=0.0000, Con=3.9610
2025-09-13 20:02:26,509 - INFO - Batch 1430/2278: Loss=0.0002, Cls=0.0002, Reg=0.0000, Con=0.0000
2025-09-13 20:02:27,443 - INFO - Batch 1440/2278: Loss=1.1882, Cls=0.0000, Reg=0.0000, Con=3.9606
2025-09-13 20:02:28,356 - INFO - Batch 1450/2278: Loss=0.0000, Cls=0.0000, Reg=0.0000, Con=0.0000
2025-09-13 20:02:29,226 - INFO - Batch 1460/2278: Loss=0.0000, Cls=0.0000, Reg=0.0000, Con=0.0000
2025-09-13 20:02:30,143 - INFO - Batch 1470/2278: Loss=1.1883, Cls=0.0001, Reg=0.0000, Con=3.9607
2025-09-13 20:02:31,027 - INFO - Batch 1480/2278: Loss=1.1888, Cls=0.0006, Reg=0.0000, Con=3.9608
2025-09-13 20:02:31,991 - INFO - Batch 1490/2278: Loss=0.0000, Cls=0.0000, Reg=0.0000, Con=0.0000
2025-09-13 20:02:32,923 - INFO - Batch 1500/2278: Loss=1.1890, Cls=0.0007, Reg=0.0000, Con=3.9610
2025-09-13 20:02:33,833 - INFO - Batch 1510/2278: Loss=1.2075, Cls=0.0193, Reg=0.0000, Con=3.9609
2025-09-13 20:02:34,727 - INFO - Batch 1520/2278: Loss=0.0002, Cls=0.0002, Reg=0.0000, Con=0.0000
2025-09-13 20:02:35,634 - INFO - Batch 1530/2278: Loss=1.1882, Cls=0.0000, Reg=0.0000, Con=3.9608
2025-09-13 20:02:36,547 - INFO - Batch 1540/2278: Loss=1.1886, Cls=0.0003, Reg=0.0000, Con=3.9610
2025-09-13 20:02:37,441 - INFO - Batch 1550/2278: Loss=1.1886, Cls=0.0003, Reg=0.0000, Con=3.9611
2025-09-13 20:02:38,341 - INFO - Batch 1560/2278: Loss=1.1883, Cls=0.0000, Reg=0.0000, Con=3.9608
2025-09-13 20:02:39,224 - INFO - Batch 1570/2278: Loss=0.0000, Cls=0.0000, Reg=0.0000, Con=0.0000
2025-09-13 20:02:40,136 - INFO - Batch 1580/2278: Loss=1.1882, Cls=0.0000, Reg=0.0000, Con=3.9608
2025-09-13 20:02:41,056 - INFO - Batch 1590/2278: Loss=0.0000, Cls=0.0000, Reg=0.0000, Con=0.0000
2025-09-13 20:02:41,958 - INFO - Batch 1600/2278: Loss=1.1889, Cls=0.0006, Reg=0.0000, Con=3.9608
2025-09-13 20:02:42,840 - INFO - Batch 1610/2278: Loss=0.0000, Cls=0.0000, Reg=0.0000, Con=0.0000
2025-09-13 20:02:43,766 - INFO - Batch 1620/2278: Loss=1.1897, Cls=0.0015, Reg=0.0000, Con=3.9608
2025-09-13 20:02:44,656 - INFO - Batch 1630/2278: Loss=3.5017, Cls=2.3134, Reg=0.0000, Con=3.9610
2025-09-13 20:02:45,564 - INFO - Batch 1640/2278: Loss=0.0076, Cls=0.0076, Reg=0.0000, Con=0.0000
2025-09-13 20:02:46,470 - INFO - Batch 1650/2278: Loss=1.1883, Cls=0.0000, Reg=0.0000, Con=3.9609
2025-09-13 20:02:47,377 - INFO - Batch 1660/2278: Loss=1.1885, Cls=0.0001, Reg=0.0000, Con=3.9613
2025-09-13 20:02:48,286 - INFO - Batch 1670/2278: Loss=1.1886, Cls=0.0003, Reg=0.0000, Con=3.9609
2025-09-13 20:02:49,192 - INFO - Batch 1680/2278: Loss=1.1882, Cls=0.0000, Reg=0.0000, Con=3.9607
2025-09-13 20:02:50,054 - INFO - Batch 1690/2278: Loss=1.1889, Cls=0.0006, Reg=0.0000, Con=3.9610
2025-09-13 20:02:50,959 - INFO - Batch 1700/2278: Loss=1.1884, Cls=0.0002, Reg=0.0000, Con=3.9608
2025-09-13 20:02:51,859 - INFO - Batch 1710/2278: Loss=0.0001, Cls=0.0001, Reg=0.0000, Con=0.0000
2025-09-13 20:02:52,754 - INFO - Batch 1720/2278: Loss=0.0000, Cls=0.0000, Reg=0.0000, Con=0.0000
2025-09-13 20:02:53,634 - INFO - Batch 1730/2278: Loss=1.1928, Cls=0.0045, Reg=0.0000, Con=3.9608
2025-09-13 20:02:54,530 - INFO - Batch 1740/2278: Loss=1.4205, Cls=0.2323, Reg=0.0000, Con=3.9609
2025-09-13 20:02:55,404 - INFO - Batch 1750/2278: Loss=0.0000, Cls=0.0000, Reg=0.0000, Con=0.0000
2025-09-13 20:02:56,294 - INFO - Batch 1760/2278: Loss=1.1884, Cls=0.0000, Reg=0.0000, Con=3.9612
2025-09-13 20:02:57,203 - INFO - Batch 1770/2278: Loss=0.0008, Cls=0.0008, Reg=0.0000, Con=0.0000
2025-09-13 20:02:58,113 - INFO - Batch 1780/2278: Loss=0.0002, Cls=0.0002, Reg=0.0000, Con=0.0000
2025-09-13 20:02:59,026 - INFO - Batch 1790/2278: Loss=0.0000, Cls=0.0000, Reg=0.0000, Con=0.0000
2025-09-13 20:02:59,939 - INFO - Batch 1800/2278: Loss=1.1883, Cls=0.0001, Reg=0.0000, Con=3.9607
2025-09-13 20:03:00,820 - INFO - Batch 1810/2278: Loss=0.0001, Cls=0.0001, Reg=0.0000, Con=0.0000
2025-09-13 20:03:01,730 - INFO - Batch 1820/2278: Loss=0.0012, Cls=0.0012, Reg=0.0000, Con=0.0000
2025-09-13 20:03:02,626 - INFO - Batch 1830/2278: Loss=1.1953, Cls=0.0070, Reg=0.0000, Con=3.9608
2025-09-13 20:03:03,535 - INFO - Batch 1840/2278: Loss=0.0007, Cls=0.0007, Reg=0.0000, Con=0.0000
2025-09-13 20:03:04,448 - INFO - Batch 1850/2278: Loss=1.1883, Cls=0.0000, Reg=0.0000, Con=3.9609
2025-09-13 20:03:05,358 - INFO - Batch 1860/2278: Loss=1.1882, Cls=0.0000, Reg=0.0000, Con=3.9607
2025-09-13 20:03:06,323 - INFO - Batch 1870/2278: Loss=0.0001, Cls=0.0001, Reg=0.0000, Con=0.0000
2025-09-13 20:03:07,264 - INFO - Batch 1880/2278: Loss=1.1883, Cls=0.0000, Reg=0.0000, Con=3.9607
2025-09-13 20:03:08,172 - INFO - Batch 1890/2278: Loss=0.0000, Cls=0.0000, Reg=0.0000, Con=0.0000
2025-09-13 20:03:09,074 - INFO - Batch 1900/2278: Loss=4.7023, Cls=4.7023, Reg=0.0000, Con=0.0000
2025-09-13 20:03:09,960 - INFO - Batch 1910/2278: Loss=1.1883, Cls=0.0000, Reg=0.0000, Con=3.9610
2025-09-13 20:03:10,963 - INFO - Batch 1920/2278: Loss=0.0004, Cls=0.0004, Reg=0.0000, Con=0.0000
2025-09-13 20:03:11,933 - INFO - Batch 1930/2278: Loss=1.1887, Cls=0.0004, Reg=0.0000, Con=3.9611
2025-09-13 20:03:12,819 - INFO - Batch 1940/2278: Loss=1.1882, Cls=0.0000, Reg=0.0000, Con=3.9607
2025-09-13 20:03:13,719 - INFO - Batch 1950/2278: Loss=1.1883, Cls=0.0000, Reg=0.0000, Con=3.9609
2025-09-13 20:03:14,612 - INFO - Batch 1960/2278: Loss=1.1884, Cls=0.0001, Reg=0.0000, Con=3.9610
2025-09-13 20:03:15,492 - INFO - Batch 1970/2278: Loss=0.0001, Cls=0.0001, Reg=0.0000, Con=0.0000
2025-09-13 20:03:16,418 - INFO - Batch 1980/2278: Loss=1.2151, Cls=0.0268, Reg=0.0000, Con=3.9610
2025-09-13 20:03:17,303 - INFO - Batch 1990/2278: Loss=1.1885, Cls=0.0002, Reg=0.0000, Con=3.9608
2025-09-13 20:03:18,172 - INFO - Batch 2000/2278: Loss=1.1889, Cls=0.0006, Reg=0.0000, Con=3.9610
2025-09-13 20:03:19,063 - INFO - Batch 2010/2278: Loss=1.1894, Cls=0.0011, Reg=0.0000, Con=3.9608
2025-09-13 20:03:19,968 - INFO - Batch 2020/2278: Loss=1.1882, Cls=0.0000, Reg=0.0000, Con=3.9608
2025-09-13 20:03:20,901 - INFO - Batch 2030/2278: Loss=1.1889, Cls=0.0007, Reg=0.0000, Con=3.9608
2025-09-13 20:03:21,792 - INFO - Batch 2040/2278: Loss=1.1885, Cls=0.0002, Reg=0.0000, Con=3.9610
2025-09-13 20:03:22,732 - INFO - Batch 2050/2278: Loss=0.0000, Cls=0.0000, Reg=0.0000, Con=0.0000
2025-09-13 20:03:23,612 - INFO - Batch 2060/2278: Loss=1.1896, Cls=0.0014, Reg=0.0000, Con=3.9609
2025-09-13 20:03:24,524 - INFO - Batch 2070/2278: Loss=0.0002, Cls=0.0002, Reg=0.0000, Con=0.0000
2025-09-13 20:03:25,431 - INFO - Batch 2080/2278: Loss=1.1888, Cls=0.0004, Reg=0.0000, Con=3.9613
2025-09-13 20:03:26,314 - INFO - Batch 2090/2278: Loss=1.1883, Cls=0.0001, Reg=0.0000, Con=3.9607
2025-09-13 20:03:27,223 - INFO - Batch 2100/2278: Loss=1.1887, Cls=0.0001, Reg=0.0000, Con=3.9619
2025-09-13 20:03:28,110 - INFO - Batch 2110/2278: Loss=1.1886, Cls=0.0003, Reg=0.0000, Con=3.9609
2025-09-13 20:03:29,019 - INFO - Batch 2120/2278: Loss=0.0002, Cls=0.0002, Reg=0.0000, Con=0.0000
2025-09-13 20:03:29,911 - INFO - Batch 2130/2278: Loss=0.0015, Cls=0.0015, Reg=0.0000, Con=0.0000
2025-09-13 20:03:30,822 - INFO - Batch 2140/2278: Loss=0.0004, Cls=0.0004, Reg=0.0000, Con=0.0000
2025-09-13 20:03:31,720 - INFO - Batch 2150/2278: Loss=1.1885, Cls=0.0003, Reg=0.0000, Con=3.9608
2025-09-13 20:03:32,614 - INFO - Batch 2160/2278: Loss=1.2221, Cls=0.0338, Reg=0.0000, Con=3.9609
2025-09-13 20:03:33,491 - INFO - Batch 2170/2278: Loss=1.1888, Cls=0.0006, Reg=0.0000, Con=3.9608
2025-09-13 20:03:34,390 - INFO - Batch 2180/2278: Loss=0.0001, Cls=0.0001, Reg=0.0000, Con=0.0000
2025-09-13 20:03:35,290 - INFO - Batch 2190/2278: Loss=1.1884, Cls=0.0001, Reg=0.0000, Con=3.9609
2025-09-13 20:03:36,213 - INFO - Batch 2200/2278: Loss=1.1884, Cls=0.0001, Reg=0.0000, Con=3.9608
2025-09-13 20:03:37,096 - INFO - Batch 2210/2278: Loss=0.0002, Cls=0.0002, Reg=0.0000, Con=0.0000
2025-09-13 20:03:37,999 - INFO - Batch 2220/2278: Loss=0.0002, Cls=0.0002, Reg=0.0000, Con=0.0000
2025-09-13 20:03:38,901 - INFO - Batch 2230/2278: Loss=1.1883, Cls=0.0000, Reg=0.0000, Con=3.9609
2025-09-13 20:03:39,788 - INFO - Batch 2240/2278: Loss=1.1898, Cls=0.0013, Reg=0.0000, Con=3.9617
2025-09-13 20:03:40,678 - INFO - Batch 2250/2278: Loss=1.1896, Cls=0.0013, Reg=0.0000, Con=3.9608
2025-09-13 20:03:41,578 - INFO - Batch 2260/2278: Loss=0.0005, Cls=0.0005, Reg=0.0000, Con=0.0000
2025-09-13 20:03:42,463 - INFO - Batch 2270/2278: Loss=0.0008, Cls=0.0008, Reg=0.0000, Con=0.0000
2025-09-13 20:07:12,080 - INFO - === Epoch 3 Results ===
2025-09-13 20:07:12,081 - INFO - Training Loss: 0.8423 (Classification: 0.0677, Regression: 0.0000)
2025-09-13 20:07:12,081 - INFO - Validation Loss: 0.0279 (Classification: 0.0279, Regression: 0.0000)
2025-09-13 20:07:12,081 - INFO - Average Classification Accuracy: 0.9840 (on 1/26 tasks)
2025-09-13 20:07:12,081 - INFO - Average AUC: 0.8079
2025-09-13 20:07:14,910 - INFO - Best model saved to: experiments/r1c3_single_cls_15_seed_42_20250913_194624/checkpoints/r1c3_single_cls_15_seed_42_best.pth
2025-09-13 20:07:14,910 - INFO - Training finished!
2025-09-13 20:07:14,911 - INFO - Performing final evaluation...
2025-09-13 20:07:15,161 - INFO - Loaded best model from: experiments/r1c3_single_cls_15_seed_42_20250913_194624/checkpoints/r1c3_single_cls_15_seed_42_best.pth
2025-09-13 20:10:43,784 - INFO - Final Validation Results:
2025-09-13 20:10:43,784 - INFO -   Total Loss: 0.0279
2025-09-13 20:10:43,784 - INFO -   Classification Loss: 0.0279
2025-09-13 20:10:43,784 - INFO -   Regression Loss: 0.0000
2025-09-13 20:10:43,785 - INFO -   Average Classification Accuracy: 0.9840
2025-09-13 20:10:43,785 - INFO -   Average AUC: 0.8079
2025-09-13 20:10:43,785 - INFO - Results saved to: experiments/r1c3_single_cls_15_seed_42_20250913_194624/checkpoints/r1c3_single_cls_15_seed_42_results.json
