2025-09-13 19:22:10,278 - INFO - 🔬 Starting experiment: r1c3_single_cls_13_seed_42
2025-09-13 19:22:10,278 - INFO - 📁 Experiment directory: experiments/r1c3_single_cls_13_seed_42_20250913_192210
2025-09-13 19:22:10,278 - INFO - 🎲 Random seed: 42
2025-09-13 19:22:10,278 - INFO - 🔒 Deterministic mode: True
2025-09-13 19:22:10,278 - INFO - Using device: cuda
2025-09-13 19:22:10,278 - INFO - Total GPU Memory: 25.16 GB
2025-09-13 19:22:10,296 - INFO - 🧪 Fusion: Using cross-attention dynamic fusion
2025-09-13 19:22:10,296 - INFO - 🧪 GNN Backbone: Using default GraphAttentionNetwork branch
2025-09-13 19:22:10,296 - INFO - 🎯 Task Mode: Single classification endpoint 13
2025-09-13 19:22:10,297 - INFO - Configuration saved to: experiments/r1c3_single_cls_13_seed_42_20250913_192210/checkpoints/config.json
2025-09-13 19:22:10,297 - INFO - 🚀 Using preprocessed data from: data/data/processed
2025-09-13 19:22:10,297 - INFO - Loading LMDB dataset from: data/data/processed
2025-09-13 19:22:10,837 - INFO - Number of training batches: 2278
2025-09-13 19:22:10,837 - INFO - Number of validation batches: 2278
2025-09-13 19:22:10,837 - INFO - Number of test batches: 2278
2025-09-13 19:22:10,837 - INFO - Creating ToxD4C model...
2025-09-13 19:22:11,876 - INFO - Model created successfully. Total parameters: 100,932,036
2025-09-13 19:22:11,876 - INFO - Testing model forward pass...
2025-09-13 19:22:12,295 - INFO - Test output shapes:
2025-09-13 19:22:12,295 - INFO -   classification: torch.Size([16, 1])
2025-09-13 19:22:12,297 - INFO -   classification contains NaN: False
2025-09-13 19:22:12,297 - INFO -   classification contains Inf: False
2025-09-13 19:22:12,298 - INFO -   regression: torch.Size([16, 0])
2025-09-13 19:22:12,298 - INFO -   regression contains NaN: False
2025-09-13 19:22:12,298 - INFO -   regression contains Inf: False
2025-09-13 19:22:12,298 - INFO - Model forward pass test successful!
2025-09-13 19:22:12,967 - INFO - 🔁 Loaded checkpoint from: experiments/r1c3_multi_full_seed_42_20250913_152627/checkpoints/r1c3_multi_full_seed_42_best.pth
2025-09-13 19:22:12,968 - INFO - 🧩 Head-only fine-tuning: unfroze head for task 'CYP3A4' and froze trunk.
2025-09-13 19:22:12,969 - INFO - Starting training...
2025-09-13 19:22:12,970 - INFO - 
Epoch 1/3
2025-09-13 19:22:13,124 - INFO - Batch 0/2278: Loss=1.4213, Cls=0.2330, Reg=0.0000, Con=3.9609
2025-09-13 19:22:13,979 - INFO - Batch 10/2278: Loss=1.3873, Cls=0.1991, Reg=0.0000, Con=3.9608
2025-09-13 19:22:14,820 - INFO - Batch 20/2278: Loss=1.5989, Cls=0.4106, Reg=0.0000, Con=3.9610
2025-09-13 19:22:15,699 - INFO - Batch 30/2278: Loss=0.0004, Cls=0.0004, Reg=0.0000, Con=0.0000
2025-09-13 19:22:16,576 - INFO - Batch 40/2278: Loss=0.2224, Cls=0.2224, Reg=0.0000, Con=0.0000
2025-09-13 19:22:17,502 - INFO - Batch 50/2278: Loss=1.3037, Cls=0.1154, Reg=0.0000, Con=3.9609
2025-09-13 19:22:18,398 - INFO - Batch 60/2278: Loss=1.3825, Cls=0.1942, Reg=0.0000, Con=3.9609
2025-09-13 19:22:19,298 - INFO - Batch 70/2278: Loss=2.0892, Cls=0.9010, Reg=0.0000, Con=3.9608
2025-09-13 19:22:20,160 - INFO - Batch 80/2278: Loss=0.0498, Cls=0.0498, Reg=0.0000, Con=0.0000
2025-09-13 19:22:21,060 - INFO - Batch 90/2278: Loss=0.6307, Cls=0.6307, Reg=0.0000, Con=0.0000
2025-09-13 19:22:21,938 - INFO - Batch 100/2278: Loss=2.0082, Cls=0.8200, Reg=0.0000, Con=3.9608
2025-09-13 19:22:22,822 - INFO - Batch 110/2278: Loss=0.0017, Cls=0.0017, Reg=0.0000, Con=0.0000
2025-09-13 19:22:23,704 - INFO - Batch 120/2278: Loss=1.2216, Cls=0.0334, Reg=0.0000, Con=3.9609
2025-09-13 19:22:24,577 - INFO - Batch 130/2278: Loss=1.1926, Cls=0.0043, Reg=0.0000, Con=3.9609
2025-09-13 19:22:25,442 - INFO - Batch 140/2278: Loss=1.2476, Cls=0.0591, Reg=0.0000, Con=3.9615
2025-09-13 19:22:26,339 - INFO - Batch 150/2278: Loss=1.2422, Cls=0.0538, Reg=0.0000, Con=3.9613
2025-09-13 19:22:27,219 - INFO - Batch 160/2278: Loss=2.0260, Cls=0.8377, Reg=0.0000, Con=3.9611
2025-09-13 19:22:28,087 - INFO - Batch 170/2278: Loss=1.1924, Cls=0.0041, Reg=0.0000, Con=3.9611
2025-09-13 19:22:28,989 - INFO - Batch 180/2278: Loss=1.2063, Cls=0.0180, Reg=0.0000, Con=3.9610
2025-09-13 19:22:29,862 - INFO - Batch 190/2278: Loss=1.1977, Cls=0.0095, Reg=0.0000, Con=3.9608
2025-09-13 19:22:30,762 - INFO - Batch 200/2278: Loss=1.6449, Cls=0.4566, Reg=0.0000, Con=3.9608
2025-09-13 19:22:31,650 - INFO - Batch 210/2278: Loss=0.3705, Cls=0.3705, Reg=0.0000, Con=0.0000
2025-09-13 19:22:32,546 - INFO - Batch 220/2278: Loss=1.1971, Cls=0.0089, Reg=0.0000, Con=3.9608
2025-09-13 19:22:33,443 - INFO - Batch 230/2278: Loss=1.2259, Cls=0.0376, Reg=0.0000, Con=3.9609
2025-09-13 19:22:34,308 - INFO - Batch 240/2278: Loss=1.7352, Cls=0.5469, Reg=0.0000, Con=3.9608
2025-09-13 19:22:35,185 - INFO - Batch 250/2278: Loss=1.7426, Cls=0.5544, Reg=0.0000, Con=3.9608
2025-09-13 19:22:36,060 - INFO - Batch 260/2278: Loss=0.1390, Cls=0.1390, Reg=0.0000, Con=0.0000
2025-09-13 19:22:36,951 - INFO - Batch 270/2278: Loss=0.2519, Cls=0.2519, Reg=0.0000, Con=0.0000
2025-09-13 19:22:37,820 - INFO - Batch 280/2278: Loss=1.2996, Cls=0.1113, Reg=0.0000, Con=3.9611
2025-09-13 19:22:38,676 - INFO - Batch 290/2278: Loss=0.0013, Cls=0.0013, Reg=0.0000, Con=0.0000
2025-09-13 19:22:39,542 - INFO - Batch 300/2278: Loss=1.2000, Cls=0.0118, Reg=0.0000, Con=3.9609
2025-09-13 19:22:40,450 - INFO - Batch 310/2278: Loss=1.2328, Cls=0.0446, Reg=0.0000, Con=3.9609
2025-09-13 19:22:41,319 - INFO - Batch 320/2278: Loss=0.4446, Cls=0.4446, Reg=0.0000, Con=0.0000
2025-09-13 19:22:42,223 - INFO - Batch 330/2278: Loss=1.7255, Cls=0.5373, Reg=0.0000, Con=3.9609
2025-09-13 19:22:43,103 - INFO - Batch 340/2278: Loss=1.2215, Cls=0.0331, Reg=0.0000, Con=3.9610
2025-09-13 19:22:44,013 - INFO - Batch 350/2278: Loss=1.3536, Cls=0.1653, Reg=0.0000, Con=3.9610
2025-09-13 19:22:44,877 - INFO - Batch 360/2278: Loss=1.1946, Cls=0.0063, Reg=0.0000, Con=3.9607
2025-09-13 19:22:45,770 - INFO - Batch 370/2278: Loss=1.3053, Cls=0.1171, Reg=0.0000, Con=3.9608
2025-09-13 19:22:46,646 - INFO - Batch 380/2278: Loss=1.4363, Cls=0.2481, Reg=0.0000, Con=3.9607
2025-09-13 19:22:47,534 - INFO - Batch 390/2278: Loss=1.2517, Cls=0.0635, Reg=0.0000, Con=3.9607
2025-09-13 19:22:48,433 - INFO - Batch 400/2278: Loss=0.0003, Cls=0.0003, Reg=0.0000, Con=0.0000
2025-09-13 19:22:49,307 - INFO - Batch 410/2278: Loss=1.7668, Cls=0.5785, Reg=0.0000, Con=3.9609
2025-09-13 19:22:50,193 - INFO - Batch 420/2278: Loss=1.6324, Cls=0.4442, Reg=0.0000, Con=3.9608
2025-09-13 19:22:51,090 - INFO - Batch 430/2278: Loss=1.1905, Cls=0.0022, Reg=0.0000, Con=3.9607
2025-09-13 19:22:51,974 - INFO - Batch 440/2278: Loss=1.1934, Cls=0.0052, Reg=0.0000, Con=3.9608
2025-09-13 19:22:52,844 - INFO - Batch 450/2278: Loss=1.2476, Cls=0.0594, Reg=0.0000, Con=3.9607
2025-09-13 19:22:53,705 - INFO - Batch 460/2278: Loss=1.2059, Cls=0.0177, Reg=0.0000, Con=3.9607
2025-09-13 19:22:54,613 - INFO - Batch 470/2278: Loss=1.2253, Cls=0.0369, Reg=0.0000, Con=3.9611
2025-09-13 19:22:55,512 - INFO - Batch 480/2278: Loss=1.1905, Cls=0.0023, Reg=0.0000, Con=3.9607
2025-09-13 19:22:56,406 - INFO - Batch 490/2278: Loss=0.0502, Cls=0.0502, Reg=0.0000, Con=0.0000
2025-09-13 19:22:57,274 - INFO - Batch 500/2278: Loss=1.2104, Cls=0.0222, Reg=0.0000, Con=3.9608
2025-09-13 19:22:58,150 - INFO - Batch 510/2278: Loss=1.2529, Cls=0.0647, Reg=0.0000, Con=3.9609
2025-09-13 19:22:59,027 - INFO - Batch 520/2278: Loss=1.2034, Cls=0.0152, Reg=0.0000, Con=3.9608
2025-09-13 19:22:59,912 - INFO - Batch 530/2278: Loss=1.2330, Cls=0.0447, Reg=0.0000, Con=3.9608
2025-09-13 19:23:00,817 - INFO - Batch 540/2278: Loss=4.5419, Cls=3.3537, Reg=0.0000, Con=3.9609
2025-09-13 19:23:01,694 - INFO - Batch 550/2278: Loss=1.1926, Cls=0.0044, Reg=0.0000, Con=3.9607
2025-09-13 19:23:02,558 - INFO - Batch 560/2278: Loss=1.1957, Cls=0.0075, Reg=0.0000, Con=3.9608
2025-09-13 19:23:03,483 - INFO - Batch 570/2278: Loss=1.5634, Cls=0.3752, Reg=0.0000, Con=3.9608
2025-09-13 19:23:04,373 - INFO - Batch 580/2278: Loss=0.5037, Cls=0.5037, Reg=0.0000, Con=0.0000
2025-09-13 19:23:05,243 - INFO - Batch 590/2278: Loss=0.0016, Cls=0.0016, Reg=0.0000, Con=0.0000
2025-09-13 19:23:06,140 - INFO - Batch 600/2278: Loss=1.1891, Cls=0.0008, Reg=0.0000, Con=3.9609
2025-09-13 19:23:07,026 - INFO - Batch 610/2278: Loss=1.1912, Cls=0.0029, Reg=0.0000, Con=3.9609
2025-09-13 19:23:07,919 - INFO - Batch 620/2278: Loss=1.1945, Cls=0.0062, Reg=0.0000, Con=3.9608
2025-09-13 19:23:08,815 - INFO - Batch 630/2278: Loss=0.0000, Cls=0.0000, Reg=0.0000, Con=0.0000
2025-09-13 19:23:09,737 - INFO - Batch 640/2278: Loss=1.2142, Cls=0.0260, Reg=0.0000, Con=3.9608
2025-09-13 19:23:10,622 - INFO - Batch 650/2278: Loss=1.1910, Cls=0.0026, Reg=0.0000, Con=3.9613
2025-09-13 19:23:11,480 - INFO - Batch 660/2278: Loss=1.3988, Cls=0.2105, Reg=0.0000, Con=3.9608
2025-09-13 19:23:12,370 - INFO - Batch 670/2278: Loss=1.5386, Cls=0.3504, Reg=0.0000, Con=3.9608
2025-09-13 19:23:13,267 - INFO - Batch 680/2278: Loss=2.0437, Cls=0.8555, Reg=0.0000, Con=3.9608
2025-09-13 19:23:14,150 - INFO - Batch 690/2278: Loss=0.1328, Cls=0.1328, Reg=0.0000, Con=0.0000
2025-09-13 19:23:15,050 - INFO - Batch 700/2278: Loss=0.0018, Cls=0.0018, Reg=0.0000, Con=0.0000
2025-09-13 19:23:15,967 - INFO - Batch 710/2278: Loss=1.1883, Cls=0.0001, Reg=0.0000, Con=3.9607
2025-09-13 19:23:16,838 - INFO - Batch 720/2278: Loss=1.5812, Cls=0.3929, Reg=0.0000, Con=3.9609
2025-09-13 19:23:17,806 - INFO - Batch 730/2278: Loss=1.1922, Cls=0.0038, Reg=0.0000, Con=3.9613
2025-09-13 19:23:18,689 - INFO - Batch 740/2278: Loss=1.3137, Cls=0.1254, Reg=0.0000, Con=3.9610
2025-09-13 19:23:19,584 - INFO - Batch 750/2278: Loss=1.2616, Cls=0.0733, Reg=0.0000, Con=3.9609
2025-09-13 19:23:20,480 - INFO - Batch 760/2278: Loss=1.1906, Cls=0.0024, Reg=0.0000, Con=3.9608
2025-09-13 19:23:21,359 - INFO - Batch 770/2278: Loss=1.6316, Cls=0.4433, Reg=0.0000, Con=3.9609
2025-09-13 19:23:22,248 - INFO - Batch 780/2278: Loss=1.1902, Cls=0.0019, Reg=0.0000, Con=3.9608
2025-09-13 19:23:23,130 - INFO - Batch 790/2278: Loss=0.0042, Cls=0.0042, Reg=0.0000, Con=0.0000
2025-09-13 19:23:24,011 - INFO - Batch 800/2278: Loss=1.2749, Cls=0.0866, Reg=0.0000, Con=3.9612
2025-09-13 19:23:24,876 - INFO - Batch 810/2278: Loss=2.3973, Cls=1.2089, Reg=0.0000, Con=3.9612
2025-09-13 19:23:25,772 - INFO - Batch 820/2278: Loss=1.2124, Cls=0.0242, Reg=0.0000, Con=3.9608
2025-09-13 19:23:26,676 - INFO - Batch 830/2278: Loss=1.1896, Cls=0.0014, Reg=0.0000, Con=3.9609
2025-09-13 19:23:27,563 - INFO - Batch 840/2278: Loss=1.1976, Cls=0.0094, Reg=0.0000, Con=3.9608
2025-09-13 19:23:28,470 - INFO - Batch 850/2278: Loss=1.2557, Cls=0.0675, Reg=0.0000, Con=3.9608
2025-09-13 19:23:29,333 - INFO - Batch 860/2278: Loss=1.1912, Cls=0.0029, Reg=0.0000, Con=3.9607
2025-09-13 19:23:30,245 - INFO - Batch 870/2278: Loss=0.0007, Cls=0.0007, Reg=0.0000, Con=0.0000
2025-09-13 19:23:31,150 - INFO - Batch 880/2278: Loss=3.4403, Cls=2.2521, Reg=0.0000, Con=3.9609
2025-09-13 19:23:32,014 - INFO - Batch 890/2278: Loss=0.0001, Cls=0.0001, Reg=0.0000, Con=0.0000
2025-09-13 19:23:32,903 - INFO - Batch 900/2278: Loss=1.1916, Cls=0.0033, Reg=0.0000, Con=3.9609
2025-09-13 19:23:33,808 - INFO - Batch 910/2278: Loss=1.2529, Cls=0.0646, Reg=0.0000, Con=3.9609
2025-09-13 19:23:34,686 - INFO - Batch 920/2278: Loss=1.1903, Cls=0.0020, Reg=0.0000, Con=3.9610
2025-09-13 19:23:35,588 - INFO - Batch 930/2278: Loss=1.3601, Cls=0.1718, Reg=0.0000, Con=3.9608
2025-09-13 19:23:36,469 - INFO - Batch 940/2278: Loss=1.8799, Cls=0.6916, Reg=0.0000, Con=3.9609
2025-09-13 19:23:37,365 - INFO - Batch 950/2278: Loss=1.7115, Cls=0.5233, Reg=0.0000, Con=3.9609
2025-09-13 19:23:38,236 - INFO - Batch 960/2278: Loss=1.2046, Cls=0.0164, Reg=0.0000, Con=3.9609
2025-09-13 19:23:39,125 - INFO - Batch 970/2278: Loss=1.1985, Cls=0.0101, Reg=0.0000, Con=3.9612
2025-09-13 19:23:40,000 - INFO - Batch 980/2278: Loss=0.0226, Cls=0.0226, Reg=0.0000, Con=0.0000
2025-09-13 19:23:40,869 - INFO - Batch 990/2278: Loss=3.8901, Cls=2.7019, Reg=0.0000, Con=3.9608
2025-09-13 19:23:41,735 - INFO - Batch 1000/2278: Loss=1.1884, Cls=0.0001, Reg=0.0000, Con=3.9609
2025-09-13 19:23:42,640 - INFO - Batch 1010/2278: Loss=1.2394, Cls=0.0512, Reg=0.0000, Con=3.9608
2025-09-13 19:23:43,530 - INFO - Batch 1020/2278: Loss=0.0028, Cls=0.0028, Reg=0.0000, Con=0.0000
2025-09-13 19:23:44,413 - INFO - Batch 1030/2278: Loss=1.6979, Cls=0.5096, Reg=0.0000, Con=3.9610
2025-09-13 19:23:45,293 - INFO - Batch 1040/2278: Loss=1.6692, Cls=0.4810, Reg=0.0000, Con=3.9607
2025-09-13 19:23:46,155 - INFO - Batch 1050/2278: Loss=2.9235, Cls=1.7352, Reg=0.0000, Con=3.9609
2025-09-13 19:23:47,029 - INFO - Batch 1060/2278: Loss=1.1896, Cls=0.0014, Reg=0.0000, Con=3.9608
2025-09-13 19:23:47,907 - INFO - Batch 1070/2278: Loss=1.2358, Cls=0.0476, Reg=0.0000, Con=3.9608
2025-09-13 19:23:48,768 - INFO - Batch 1080/2278: Loss=1.2474, Cls=0.0592, Reg=0.0000, Con=3.9608
2025-09-13 19:23:49,685 - INFO - Batch 1090/2278: Loss=1.8125, Cls=0.6242, Reg=0.0000, Con=3.9608
2025-09-13 19:23:50,562 - INFO - Batch 1100/2278: Loss=0.0067, Cls=0.0067, Reg=0.0000, Con=0.0000
2025-09-13 19:23:51,470 - INFO - Batch 1110/2278: Loss=1.4041, Cls=0.2159, Reg=0.0000, Con=3.9608
2025-09-13 19:23:52,336 - INFO - Batch 1120/2278: Loss=1.3283, Cls=0.1400, Reg=0.0000, Con=3.9608
2025-09-13 19:23:53,236 - INFO - Batch 1130/2278: Loss=1.1882, Cls=0.0000, Reg=0.0000, Con=3.9608
2025-09-13 19:23:54,110 - INFO - Batch 1140/2278: Loss=1.2164, Cls=0.0282, Reg=0.0000, Con=3.9608
2025-09-13 19:23:54,970 - INFO - Batch 1150/2278: Loss=1.2657, Cls=0.0774, Reg=0.0000, Con=3.9611
2025-09-13 19:23:55,861 - INFO - Batch 1160/2278: Loss=1.6786, Cls=0.4903, Reg=0.0000, Con=3.9609
2025-09-13 19:23:56,736 - INFO - Batch 1170/2278: Loss=1.2367, Cls=0.0484, Reg=0.0000, Con=3.9607
2025-09-13 19:23:57,602 - INFO - Batch 1180/2278: Loss=1.2005, Cls=0.0122, Reg=0.0000, Con=3.9609
2025-09-13 19:23:58,485 - INFO - Batch 1190/2278: Loss=1.1929, Cls=0.0046, Reg=0.0000, Con=3.9609
2025-09-13 19:23:59,374 - INFO - Batch 1200/2278: Loss=0.0008, Cls=0.0008, Reg=0.0000, Con=0.0000
2025-09-13 19:24:00,251 - INFO - Batch 1210/2278: Loss=1.2025, Cls=0.0142, Reg=0.0000, Con=3.9608
2025-09-13 19:24:01,129 - INFO - Batch 1220/2278: Loss=0.5784, Cls=0.5784, Reg=0.0000, Con=0.0000
2025-09-13 19:24:02,007 - INFO - Batch 1230/2278: Loss=1.1934, Cls=0.0051, Reg=0.0000, Con=3.9609
2025-09-13 19:24:02,909 - INFO - Batch 1240/2278: Loss=2.3244, Cls=1.1361, Reg=0.0000, Con=3.9608
2025-09-13 19:24:03,787 - INFO - Batch 1250/2278: Loss=1.8890, Cls=0.7007, Reg=0.0000, Con=3.9608
2025-09-13 19:24:04,664 - INFO - Batch 1260/2278: Loss=1.1891, Cls=0.0008, Reg=0.0000, Con=3.9608
2025-09-13 19:24:05,544 - INFO - Batch 1270/2278: Loss=1.1963, Cls=0.0081, Reg=0.0000, Con=3.9609
2025-09-13 19:24:06,401 - INFO - Batch 1280/2278: Loss=1.7431, Cls=0.5549, Reg=0.0000, Con=3.9607
2025-09-13 19:24:07,300 - INFO - Batch 1290/2278: Loss=0.0046, Cls=0.0046, Reg=0.0000, Con=0.0000
2025-09-13 19:24:08,181 - INFO - Batch 1300/2278: Loss=1.1907, Cls=0.0024, Reg=0.0000, Con=3.9610
2025-09-13 19:24:09,064 - INFO - Batch 1310/2278: Loss=1.1883, Cls=0.0000, Reg=0.0000, Con=3.9611
2025-09-13 19:24:09,948 - INFO - Batch 1320/2278: Loss=2.1496, Cls=0.9614, Reg=0.0000, Con=3.9608
2025-09-13 19:24:10,809 - INFO - Batch 1330/2278: Loss=2.0103, Cls=0.8219, Reg=0.0000, Con=3.9613
2025-09-13 19:24:11,679 - INFO - Batch 1340/2278: Loss=1.5467, Cls=0.3585, Reg=0.0000, Con=3.9608
2025-09-13 19:24:12,558 - INFO - Batch 1350/2278: Loss=0.0112, Cls=0.0112, Reg=0.0000, Con=0.0000
2025-09-13 19:24:13,439 - INFO - Batch 1360/2278: Loss=1.4942, Cls=0.3060, Reg=0.0000, Con=3.9609
2025-09-13 19:24:14,333 - INFO - Batch 1370/2278: Loss=1.3830, Cls=0.1947, Reg=0.0000, Con=3.9608
2025-09-13 19:24:15,325 - INFO - Batch 1380/2278: Loss=1.1883, Cls=0.0000, Reg=0.0000, Con=3.9608
2025-09-13 19:24:16,199 - INFO - Batch 1390/2278: Loss=1.2418, Cls=0.0536, Reg=0.0000, Con=3.9608
2025-09-13 19:24:17,099 - INFO - Batch 1400/2278: Loss=1.2188, Cls=0.0306, Reg=0.0000, Con=3.9608
2025-09-13 19:24:18,032 - INFO - Batch 1410/2278: Loss=1.1884, Cls=0.0000, Reg=0.0000, Con=3.9612
2025-09-13 19:24:18,931 - INFO - Batch 1420/2278: Loss=0.0040, Cls=0.0040, Reg=0.0000, Con=0.0000
2025-09-13 19:24:19,807 - INFO - Batch 1430/2278: Loss=1.7090, Cls=0.5207, Reg=0.0000, Con=3.9608
2025-09-13 19:24:20,679 - INFO - Batch 1440/2278: Loss=1.1895, Cls=0.0013, Reg=0.0000, Con=3.9609
2025-09-13 19:24:21,594 - INFO - Batch 1450/2278: Loss=1.3667, Cls=0.1785, Reg=0.0000, Con=3.9608
2025-09-13 19:24:22,487 - INFO - Batch 1460/2278: Loss=1.1948, Cls=0.0066, Reg=0.0000, Con=3.9607
2025-09-13 19:24:23,360 - INFO - Batch 1470/2278: Loss=2.1311, Cls=0.9429, Reg=0.0000, Con=3.9609
2025-09-13 19:24:24,244 - INFO - Batch 1480/2278: Loss=1.1889, Cls=0.0007, Reg=0.0000, Con=3.9607
2025-09-13 19:24:25,150 - INFO - Batch 1490/2278: Loss=1.1927, Cls=0.0044, Reg=0.0000, Con=3.9609
2025-09-13 19:24:26,050 - INFO - Batch 1500/2278: Loss=1.1883, Cls=0.0000, Reg=0.0000, Con=3.9609
2025-09-13 19:24:26,953 - INFO - Batch 1510/2278: Loss=0.0110, Cls=0.0110, Reg=0.0000, Con=0.0000
2025-09-13 19:24:27,840 - INFO - Batch 1520/2278: Loss=1.1929, Cls=0.0047, Reg=0.0000, Con=3.9608
2025-09-13 19:24:28,718 - INFO - Batch 1530/2278: Loss=1.2045, Cls=0.0163, Reg=0.0000, Con=3.9608
2025-09-13 19:24:29,612 - INFO - Batch 1540/2278: Loss=2.8470, Cls=1.6587, Reg=0.0000, Con=3.9609
2025-09-13 19:24:30,504 - INFO - Batch 1550/2278: Loss=1.2013, Cls=0.0130, Reg=0.0000, Con=3.9609
2025-09-13 19:24:31,396 - INFO - Batch 1560/2278: Loss=1.9173, Cls=0.7291, Reg=0.0000, Con=3.9608
2025-09-13 19:24:32,310 - INFO - Batch 1570/2278: Loss=1.3271, Cls=0.1389, Reg=0.0000, Con=3.9608
2025-09-13 19:24:33,228 - INFO - Batch 1580/2278: Loss=1.2060, Cls=0.0177, Reg=0.0000, Con=3.9608
2025-09-13 19:24:34,121 - INFO - Batch 1590/2278: Loss=1.4823, Cls=0.2941, Reg=0.0000, Con=3.9609
2025-09-13 19:24:35,007 - INFO - Batch 1600/2278: Loss=2.1217, Cls=0.9335, Reg=0.0000, Con=3.9608
2025-09-13 19:24:35,889 - INFO - Batch 1610/2278: Loss=1.5087, Cls=0.3205, Reg=0.0000, Con=3.9606
2025-09-13 19:24:36,805 - INFO - Batch 1620/2278: Loss=1.8677, Cls=0.6794, Reg=0.0000, Con=3.9608
2025-09-13 19:24:37,704 - INFO - Batch 1630/2278: Loss=1.2481, Cls=0.0599, Reg=0.0000, Con=3.9608
2025-09-13 19:24:38,594 - INFO - Batch 1640/2278: Loss=0.0983, Cls=0.0983, Reg=0.0000, Con=0.0000
2025-09-13 19:24:39,478 - INFO - Batch 1650/2278: Loss=2.9599, Cls=1.7717, Reg=0.0000, Con=3.9609
2025-09-13 19:24:40,382 - INFO - Batch 1660/2278: Loss=0.0001, Cls=0.0001, Reg=0.0000, Con=0.0000
2025-09-13 19:24:41,240 - INFO - Batch 1670/2278: Loss=1.1910, Cls=0.0027, Reg=0.0000, Con=3.9612
2025-09-13 19:24:42,126 - INFO - Batch 1680/2278: Loss=0.3704, Cls=0.3704, Reg=0.0000, Con=0.0000
2025-09-13 19:24:43,013 - INFO - Batch 1690/2278: Loss=1.1909, Cls=0.0026, Reg=0.0000, Con=3.9612
2025-09-13 19:24:43,878 - INFO - Batch 1700/2278: Loss=1.2746, Cls=0.0862, Reg=0.0000, Con=3.9612
2025-09-13 19:24:44,751 - INFO - Batch 1710/2278: Loss=1.3721, Cls=0.1839, Reg=0.0000, Con=3.9607
2025-09-13 19:24:45,646 - INFO - Batch 1720/2278: Loss=1.3334, Cls=0.1451, Reg=0.0000, Con=3.9608
2025-09-13 19:24:46,531 - INFO - Batch 1730/2278: Loss=2.5092, Cls=1.3210, Reg=0.0000, Con=3.9608
2025-09-13 19:24:47,437 - INFO - Batch 1740/2278: Loss=1.4259, Cls=1.4259, Reg=0.0000, Con=0.0000
2025-09-13 19:24:48,327 - INFO - Batch 1750/2278: Loss=1.1889, Cls=0.0006, Reg=0.0000, Con=3.9609
2025-09-13 19:24:49,205 - INFO - Batch 1760/2278: Loss=1.6164, Cls=0.4281, Reg=0.0000, Con=3.9608
2025-09-13 19:24:50,112 - INFO - Batch 1770/2278: Loss=1.2593, Cls=0.0710, Reg=0.0000, Con=3.9608
2025-09-13 19:24:51,005 - INFO - Batch 1780/2278: Loss=2.0192, Cls=0.8309, Reg=0.0000, Con=3.9608
2025-09-13 19:24:51,862 - INFO - Batch 1790/2278: Loss=0.0284, Cls=0.0284, Reg=0.0000, Con=0.0000
2025-09-13 19:24:52,751 - INFO - Batch 1800/2278: Loss=0.0154, Cls=0.0154, Reg=0.0000, Con=0.0000
2025-09-13 19:24:53,638 - INFO - Batch 1810/2278: Loss=1.6170, Cls=0.4288, Reg=0.0000, Con=3.9608
2025-09-13 19:24:54,532 - INFO - Batch 1820/2278: Loss=1.1903, Cls=0.0020, Reg=0.0000, Con=3.9611
2025-09-13 19:24:55,409 - INFO - Batch 1830/2278: Loss=1.1884, Cls=0.0001, Reg=0.0000, Con=3.9607
2025-09-13 19:24:56,281 - INFO - Batch 1840/2278: Loss=0.8455, Cls=0.8455, Reg=0.0000, Con=0.0000
2025-09-13 19:24:57,215 - INFO - Batch 1850/2278: Loss=1.1901, Cls=0.0019, Reg=0.0000, Con=3.9608
2025-09-13 19:24:58,104 - INFO - Batch 1860/2278: Loss=0.0012, Cls=0.0012, Reg=0.0000, Con=0.0000
2025-09-13 19:24:58,982 - INFO - Batch 1870/2278: Loss=1.3134, Cls=0.1252, Reg=0.0000, Con=3.9608
2025-09-13 19:24:59,862 - INFO - Batch 1880/2278: Loss=0.0249, Cls=0.0249, Reg=0.0000, Con=0.0000
2025-09-13 19:25:00,755 - INFO - Batch 1890/2278: Loss=1.7036, Cls=0.5153, Reg=0.0000, Con=3.9609
2025-09-13 19:25:01,644 - INFO - Batch 1900/2278: Loss=0.0019, Cls=0.0019, Reg=0.0000, Con=0.0000
2025-09-13 19:25:02,511 - INFO - Batch 1910/2278: Loss=1.3961, Cls=0.2079, Reg=0.0000, Con=3.9607
2025-09-13 19:25:03,449 - INFO - Batch 1920/2278: Loss=1.1882, Cls=0.0000, Reg=0.0000, Con=3.9607
2025-09-13 19:25:04,326 - INFO - Batch 1930/2278: Loss=1.7869, Cls=0.5987, Reg=0.0000, Con=3.9607
2025-09-13 19:25:05,217 - INFO - Batch 1940/2278: Loss=1.9512, Cls=0.7629, Reg=0.0000, Con=3.9608
2025-09-13 19:25:06,076 - INFO - Batch 1950/2278: Loss=1.1927, Cls=0.0045, Reg=0.0000, Con=3.9608
2025-09-13 19:25:06,977 - INFO - Batch 1960/2278: Loss=1.1883, Cls=0.0000, Reg=0.0000, Con=3.9609
2025-09-13 19:25:07,866 - INFO - Batch 1970/2278: Loss=2.5561, Cls=1.3678, Reg=0.0000, Con=3.9609
2025-09-13 19:25:08,750 - INFO - Batch 1980/2278: Loss=1.2239, Cls=0.0357, Reg=0.0000, Con=3.9608
2025-09-13 19:25:09,629 - INFO - Batch 1990/2278: Loss=1.1915, Cls=0.0031, Reg=0.0000, Con=3.9615
2025-09-13 19:25:10,499 - INFO - Batch 2000/2278: Loss=0.0019, Cls=0.0019, Reg=0.0000, Con=0.0000
2025-09-13 19:25:11,387 - INFO - Batch 2010/2278: Loss=1.1977, Cls=0.0095, Reg=0.0000, Con=3.9608
2025-09-13 19:25:12,263 - INFO - Batch 2020/2278: Loss=1.4177, Cls=0.2294, Reg=0.0000, Con=3.9608
2025-09-13 19:25:13,137 - INFO - Batch 2030/2278: Loss=1.1930, Cls=0.0048, Reg=0.0000, Con=3.9607
2025-09-13 19:25:14,026 - INFO - Batch 2040/2278: Loss=1.1901, Cls=0.0019, Reg=0.0000, Con=3.9609
2025-09-13 19:25:14,913 - INFO - Batch 2050/2278: Loss=1.4165, Cls=0.2283, Reg=0.0000, Con=3.9608
2025-09-13 19:25:15,763 - INFO - Batch 2060/2278: Loss=1.8882, Cls=0.7000, Reg=0.0000, Con=3.9607
2025-09-13 19:25:16,650 - INFO - Batch 2070/2278: Loss=1.2740, Cls=0.0857, Reg=0.0000, Con=3.9610
2025-09-13 19:25:17,544 - INFO - Batch 2080/2278: Loss=1.2158, Cls=0.0276, Reg=0.0000, Con=3.9610
2025-09-13 19:25:18,431 - INFO - Batch 2090/2278: Loss=2.0832, Cls=0.8949, Reg=0.0000, Con=3.9612
2025-09-13 19:25:19,313 - INFO - Batch 2100/2278: Loss=1.3060, Cls=0.1177, Reg=0.0000, Con=3.9611
2025-09-13 19:25:20,180 - INFO - Batch 2110/2278: Loss=2.1747, Cls=0.9865, Reg=0.0000, Con=3.9608
2025-09-13 19:25:21,054 - INFO - Batch 2120/2278: Loss=5.7267, Cls=5.7267, Reg=0.0000, Con=0.0000
2025-09-13 19:25:21,948 - INFO - Batch 2130/2278: Loss=1.2909, Cls=0.1028, Reg=0.0000, Con=3.9605
2025-09-13 19:25:22,824 - INFO - Batch 2140/2278: Loss=1.2989, Cls=0.1107, Reg=0.0000, Con=3.9608
2025-09-13 19:25:23,690 - INFO - Batch 2150/2278: Loss=1.1882, Cls=0.0000, Reg=0.0000, Con=3.9607
2025-09-13 19:25:24,561 - INFO - Batch 2160/2278: Loss=1.2139, Cls=0.0257, Reg=0.0000, Con=3.9608
2025-09-13 19:25:25,464 - INFO - Batch 2170/2278: Loss=1.2656, Cls=0.0773, Reg=0.0000, Con=3.9609
2025-09-13 19:25:26,359 - INFO - Batch 2180/2278: Loss=0.5367, Cls=0.5367, Reg=0.0000, Con=0.0000
2025-09-13 19:25:27,263 - INFO - Batch 2190/2278: Loss=0.0002, Cls=0.0002, Reg=0.0000, Con=0.0000
2025-09-13 19:25:28,154 - INFO - Batch 2200/2278: Loss=1.2191, Cls=0.0309, Reg=0.0000, Con=3.9605
2025-09-13 19:25:29,044 - INFO - Batch 2210/2278: Loss=1.1883, Cls=0.0000, Reg=0.0000, Con=3.9609
2025-09-13 19:25:29,916 - INFO - Batch 2220/2278: Loss=1.1940, Cls=0.0057, Reg=0.0000, Con=3.9610
2025-09-13 19:25:30,778 - INFO - Batch 2230/2278: Loss=1.1900, Cls=0.0018, Reg=0.0000, Con=3.9608
2025-09-13 19:25:31,689 - INFO - Batch 2240/2278: Loss=0.0238, Cls=0.0238, Reg=0.0000, Con=0.0000
2025-09-13 19:25:32,592 - INFO - Batch 2250/2278: Loss=1.1916, Cls=0.0033, Reg=0.0000, Con=3.9609
2025-09-13 19:25:33,526 - INFO - Batch 2260/2278: Loss=1.1896, Cls=0.0014, Reg=0.0000, Con=3.9608
2025-09-13 19:25:34,403 - INFO - Batch 2270/2278: Loss=1.6264, Cls=0.4382, Reg=0.0000, Con=3.9608
2025-09-13 19:29:01,111 - INFO - === Epoch 1 Results ===
2025-09-13 19:29:01,111 - INFO - Training Loss: 1.1879 (Classification: 0.2886, Regression: 0.0000)
2025-09-13 19:29:01,111 - INFO - Validation Loss: 0.1356 (Classification: 0.1356, Regression: 0.0000)
2025-09-13 19:29:01,111 - INFO - Average Classification Accuracy: 0.8561 (on 1/26 tasks)
2025-09-13 19:29:01,111 - INFO - Average AUC: 0.9207
2025-09-13 19:29:01,643 - INFO - Best model saved to: experiments/r1c3_single_cls_13_seed_42_20250913_192210/checkpoints/r1c3_single_cls_13_seed_42_best.pth
2025-09-13 19:29:01,643 - INFO - 
Epoch 2/3
2025-09-13 19:29:01,741 - INFO - Batch 0/2278: Loss=0.0347, Cls=0.0347, Reg=0.0000, Con=0.0000
2025-09-13 19:29:02,731 - INFO - Batch 10/2278: Loss=1.2197, Cls=0.0315, Reg=0.0000, Con=3.9604
2025-09-13 19:29:03,655 - INFO - Batch 20/2278: Loss=1.2013, Cls=0.0130, Reg=0.0000, Con=3.9610
2025-09-13 19:29:04,614 - INFO - Batch 30/2278: Loss=1.2657, Cls=0.0775, Reg=0.0000, Con=3.9608
2025-09-13 19:29:05,498 - INFO - Batch 40/2278: Loss=1.2015, Cls=0.0133, Reg=0.0000, Con=3.9608
2025-09-13 19:29:06,452 - INFO - Batch 50/2278: Loss=0.9985, Cls=0.9985, Reg=0.0000, Con=0.0000
2025-09-13 19:29:07,467 - INFO - Batch 60/2278: Loss=0.0017, Cls=0.0017, Reg=0.0000, Con=0.0000
2025-09-13 19:29:08,357 - INFO - Batch 70/2278: Loss=1.1979, Cls=0.0097, Reg=0.0000, Con=3.9607
2025-09-13 19:29:09,244 - INFO - Batch 80/2278: Loss=1.1883, Cls=0.0000, Reg=0.0000, Con=3.9609
2025-09-13 19:29:10,186 - INFO - Batch 90/2278: Loss=0.8023, Cls=0.8023, Reg=0.0000, Con=0.0000
2025-09-13 19:29:11,114 - INFO - Batch 100/2278: Loss=1.3779, Cls=0.1896, Reg=0.0000, Con=3.9609
2025-09-13 19:29:12,018 - INFO - Batch 110/2278: Loss=1.1883, Cls=0.0000, Reg=0.0000, Con=3.9609
2025-09-13 19:29:12,917 - INFO - Batch 120/2278: Loss=1.3495, Cls=0.1613, Reg=0.0000, Con=3.9607
2025-09-13 19:29:13,809 - INFO - Batch 130/2278: Loss=1.1884, Cls=0.0002, Reg=0.0000, Con=3.9607
2025-09-13 19:29:14,723 - INFO - Batch 140/2278: Loss=1.2544, Cls=0.0661, Reg=0.0000, Con=3.9609
2025-09-13 19:29:15,628 - INFO - Batch 150/2278: Loss=1.3527, Cls=0.1644, Reg=0.0000, Con=3.9609
2025-09-13 19:29:16,534 - INFO - Batch 160/2278: Loss=1.2159, Cls=0.0276, Reg=0.0000, Con=3.9608
2025-09-13 19:29:17,434 - INFO - Batch 170/2278: Loss=1.4238, Cls=0.2356, Reg=0.0000, Con=3.9607
2025-09-13 19:29:18,341 - INFO - Batch 180/2278: Loss=1.8932, Cls=0.7050, Reg=0.0000, Con=3.9608
2025-09-13 19:29:19,243 - INFO - Batch 190/2278: Loss=1.2069, Cls=0.0187, Reg=0.0000, Con=3.9608
2025-09-13 19:29:20,144 - INFO - Batch 200/2278: Loss=1.1913, Cls=0.0030, Reg=0.0000, Con=3.9608
2025-09-13 19:29:21,019 - INFO - Batch 210/2278: Loss=1.2287, Cls=0.0404, Reg=0.0000, Con=3.9609
2025-09-13 19:29:21,905 - INFO - Batch 220/2278: Loss=0.0054, Cls=0.0054, Reg=0.0000, Con=0.0000
2025-09-13 19:29:22,811 - INFO - Batch 230/2278: Loss=1.1894, Cls=0.0012, Reg=0.0000, Con=3.9608
2025-09-13 19:29:23,739 - INFO - Batch 240/2278: Loss=0.0028, Cls=0.0028, Reg=0.0000, Con=0.0000
2025-09-13 19:29:24,644 - INFO - Batch 250/2278: Loss=0.2890, Cls=0.2890, Reg=0.0000, Con=0.0000
2025-09-13 19:29:25,529 - INFO - Batch 260/2278: Loss=0.0269, Cls=0.0269, Reg=0.0000, Con=0.0000
2025-09-13 19:29:26,425 - INFO - Batch 270/2278: Loss=1.7463, Cls=0.5581, Reg=0.0000, Con=3.9608
2025-09-13 19:29:27,327 - INFO - Batch 280/2278: Loss=4.9624, Cls=3.7741, Reg=0.0000, Con=3.9609
2025-09-13 19:29:28,215 - INFO - Batch 290/2278: Loss=1.2784, Cls=0.0901, Reg=0.0000, Con=3.9609
2025-09-13 19:29:29,121 - INFO - Batch 300/2278: Loss=1.1883, Cls=0.0000, Reg=0.0000, Con=3.9609
2025-09-13 19:29:30,045 - INFO - Batch 310/2278: Loss=1.2199, Cls=0.0317, Reg=0.0000, Con=3.9608
2025-09-13 19:29:30,970 - INFO - Batch 320/2278: Loss=0.2117, Cls=0.2117, Reg=0.0000, Con=0.0000
2025-09-13 19:29:31,848 - INFO - Batch 330/2278: Loss=1.1883, Cls=0.0000, Reg=0.0000, Con=3.9609
2025-09-13 19:29:32,745 - INFO - Batch 340/2278: Loss=1.1916, Cls=0.0033, Reg=0.0000, Con=3.9609
2025-09-13 19:29:33,654 - INFO - Batch 350/2278: Loss=1.1890, Cls=0.0007, Reg=0.0000, Con=3.9609
2025-09-13 19:29:34,557 - INFO - Batch 360/2278: Loss=1.3655, Cls=0.1773, Reg=0.0000, Con=3.9609
2025-09-13 19:29:35,427 - INFO - Batch 370/2278: Loss=1.1967, Cls=0.0085, Reg=0.0000, Con=3.9609
2025-09-13 19:29:36,295 - INFO - Batch 380/2278: Loss=1.1982, Cls=0.0100, Reg=0.0000, Con=3.9608
2025-09-13 19:29:37,190 - INFO - Batch 390/2278: Loss=1.1883, Cls=0.0000, Reg=0.0000, Con=3.9609
2025-09-13 19:29:38,125 - INFO - Batch 400/2278: Loss=0.1553, Cls=0.1553, Reg=0.0000, Con=0.0000
2025-09-13 19:29:39,079 - INFO - Batch 410/2278: Loss=1.1884, Cls=0.0002, Reg=0.0000, Con=3.9608
2025-09-13 19:29:40,021 - INFO - Batch 420/2278: Loss=1.6448, Cls=0.4565, Reg=0.0000, Con=3.9608
2025-09-13 19:29:40,935 - INFO - Batch 430/2278: Loss=0.5821, Cls=0.5821, Reg=0.0000, Con=0.0000
2025-09-13 19:29:41,830 - INFO - Batch 440/2278: Loss=1.2052, Cls=0.0170, Reg=0.0000, Con=3.9608
2025-09-13 19:29:42,759 - INFO - Batch 450/2278: Loss=1.1883, Cls=0.0001, Reg=0.0000, Con=3.9607
2025-09-13 19:29:43,674 - INFO - Batch 460/2278: Loss=0.0000, Cls=0.0000, Reg=0.0000, Con=0.0000
2025-09-13 19:29:44,591 - INFO - Batch 470/2278: Loss=1.2512, Cls=0.0629, Reg=0.0000, Con=3.9608
2025-09-13 19:29:45,486 - INFO - Batch 480/2278: Loss=1.6391, Cls=0.4509, Reg=0.0000, Con=3.9608
2025-09-13 19:29:46,402 - INFO - Batch 490/2278: Loss=1.1949, Cls=0.0067, Reg=0.0000, Con=3.9609
2025-09-13 19:29:47,292 - INFO - Batch 500/2278: Loss=1.2970, Cls=0.1087, Reg=0.0000, Con=3.9607
2025-09-13 19:29:48,196 - INFO - Batch 510/2278: Loss=2.0883, Cls=0.9001, Reg=0.0000, Con=3.9609
2025-09-13 19:29:49,105 - INFO - Batch 520/2278: Loss=1.4083, Cls=0.2201, Reg=0.0000, Con=3.9607
2025-09-13 19:29:49,999 - INFO - Batch 530/2278: Loss=1.1882, Cls=0.0000, Reg=0.0000, Con=3.9608
2025-09-13 19:29:50,863 - INFO - Batch 540/2278: Loss=1.2158, Cls=0.0275, Reg=0.0000, Con=3.9610
2025-09-13 19:29:51,769 - INFO - Batch 550/2278: Loss=2.8981, Cls=1.7099, Reg=0.0000, Con=3.9607
2025-09-13 19:29:52,667 - INFO - Batch 560/2278: Loss=1.6687, Cls=0.4805, Reg=0.0000, Con=3.9608
2025-09-13 19:29:53,561 - INFO - Batch 570/2278: Loss=1.7935, Cls=0.6053, Reg=0.0000, Con=3.9608
2025-09-13 19:29:54,459 - INFO - Batch 580/2278: Loss=0.0663, Cls=0.0663, Reg=0.0000, Con=0.0000
2025-09-13 19:29:55,352 - INFO - Batch 590/2278: Loss=1.2296, Cls=0.0414, Reg=0.0000, Con=3.9608
2025-09-13 19:29:56,246 - INFO - Batch 600/2278: Loss=0.0965, Cls=0.0965, Reg=0.0000, Con=0.0000
2025-09-13 19:29:57,144 - INFO - Batch 610/2278: Loss=1.2459, Cls=0.0577, Reg=0.0000, Con=3.9608
2025-09-13 19:29:58,024 - INFO - Batch 620/2278: Loss=1.1892, Cls=0.0010, Reg=0.0000, Con=3.9608
2025-09-13 19:29:58,882 - INFO - Batch 630/2278: Loss=1.3704, Cls=0.1821, Reg=0.0000, Con=3.9607
2025-09-13 19:29:59,800 - INFO - Batch 640/2278: Loss=1.2991, Cls=0.1108, Reg=0.0000, Con=3.9609
2025-09-13 19:30:00,674 - INFO - Batch 650/2278: Loss=1.9492, Cls=0.7610, Reg=0.0000, Con=3.9608
2025-09-13 19:30:01,552 - INFO - Batch 660/2278: Loss=1.3534, Cls=0.1652, Reg=0.0000, Con=3.9607
2025-09-13 19:30:02,475 - INFO - Batch 670/2278: Loss=1.3589, Cls=0.1706, Reg=0.0000, Con=3.9609
2025-09-13 19:30:03,364 - INFO - Batch 680/2278: Loss=1.1887, Cls=0.0005, Reg=0.0000, Con=3.9608
2025-09-13 19:30:04,241 - INFO - Batch 690/2278: Loss=1.3273, Cls=0.1390, Reg=0.0000, Con=3.9611
2025-09-13 19:30:05,143 - INFO - Batch 700/2278: Loss=1.2487, Cls=0.0605, Reg=0.0000, Con=3.9607
2025-09-13 19:30:06,025 - INFO - Batch 710/2278: Loss=2.1357, Cls=0.9474, Reg=0.0000, Con=3.9610
2025-09-13 19:30:06,915 - INFO - Batch 720/2278: Loss=1.4623, Cls=0.2741, Reg=0.0000, Con=3.9608
2025-09-13 19:30:07,829 - INFO - Batch 730/2278: Loss=1.1895, Cls=0.0012, Reg=0.0000, Con=3.9612
2025-09-13 19:30:08,736 - INFO - Batch 740/2278: Loss=1.2031, Cls=0.0148, Reg=0.0000, Con=3.9610
2025-09-13 19:30:09,620 - INFO - Batch 750/2278: Loss=0.2797, Cls=0.2797, Reg=0.0000, Con=0.0000
2025-09-13 19:30:10,492 - INFO - Batch 760/2278: Loss=0.0010, Cls=0.0010, Reg=0.0000, Con=0.0000
2025-09-13 19:30:11,374 - INFO - Batch 770/2278: Loss=1.1951, Cls=0.0069, Reg=0.0000, Con=3.9608
2025-09-13 19:30:12,261 - INFO - Batch 780/2278: Loss=1.3053, Cls=0.1171, Reg=0.0000, Con=3.9607
2025-09-13 19:30:13,136 - INFO - Batch 790/2278: Loss=1.2056, Cls=0.0173, Reg=0.0000, Con=3.9608
2025-09-13 19:30:14,030 - INFO - Batch 800/2278: Loss=1.1136, Cls=1.1136, Reg=0.0000, Con=0.0000
2025-09-13 19:30:14,910 - INFO - Batch 810/2278: Loss=0.1213, Cls=0.1213, Reg=0.0000, Con=0.0000
2025-09-13 19:30:15,787 - INFO - Batch 820/2278: Loss=1.1982, Cls=0.0099, Reg=0.0000, Con=3.9608
2025-09-13 19:30:16,697 - INFO - Batch 830/2278: Loss=2.3210, Cls=1.1327, Reg=0.0000, Con=3.9607
2025-09-13 19:30:17,591 - INFO - Batch 840/2278: Loss=1.2146, Cls=0.0264, Reg=0.0000, Con=3.9608
2025-09-13 19:30:18,472 - INFO - Batch 850/2278: Loss=0.0580, Cls=0.0580, Reg=0.0000, Con=0.0000
2025-09-13 19:30:19,375 - INFO - Batch 860/2278: Loss=1.6822, Cls=0.4939, Reg=0.0000, Con=3.9608
2025-09-13 19:30:20,269 - INFO - Batch 870/2278: Loss=0.7131, Cls=0.7131, Reg=0.0000, Con=0.0000
2025-09-13 19:30:21,174 - INFO - Batch 880/2278: Loss=0.0009, Cls=0.0009, Reg=0.0000, Con=0.0000
2025-09-13 19:30:22,060 - INFO - Batch 890/2278: Loss=2.3401, Cls=1.1518, Reg=0.0000, Con=3.9609
2025-09-13 19:30:22,975 - INFO - Batch 900/2278: Loss=0.1441, Cls=0.1441, Reg=0.0000, Con=0.0000
2025-09-13 19:30:23,877 - INFO - Batch 910/2278: Loss=2.2389, Cls=1.0507, Reg=0.0000, Con=3.9607
2025-09-13 19:30:24,765 - INFO - Batch 920/2278: Loss=1.1884, Cls=0.0001, Reg=0.0000, Con=3.9611
2025-09-13 19:30:25,649 - INFO - Batch 930/2278: Loss=1.4652, Cls=0.2770, Reg=0.0000, Con=3.9609
2025-09-13 19:30:26,555 - INFO - Batch 940/2278: Loss=0.1748, Cls=0.1748, Reg=0.0000, Con=0.0000
2025-09-13 19:30:27,435 - INFO - Batch 950/2278: Loss=0.0385, Cls=0.0385, Reg=0.0000, Con=0.0000
2025-09-13 19:30:28,382 - INFO - Batch 960/2278: Loss=0.0005, Cls=0.0005, Reg=0.0000, Con=0.0000
2025-09-13 19:30:29,316 - INFO - Batch 970/2278: Loss=0.0021, Cls=0.0021, Reg=0.0000, Con=0.0000
2025-09-13 19:30:30,183 - INFO - Batch 980/2278: Loss=1.2388, Cls=0.0506, Reg=0.0000, Con=3.9608
2025-09-13 19:30:31,066 - INFO - Batch 990/2278: Loss=1.2199, Cls=0.0317, Reg=0.0000, Con=3.9606
2025-09-13 19:30:32,041 - INFO - Batch 1000/2278: Loss=2.5013, Cls=1.3131, Reg=0.0000, Con=3.9608
2025-09-13 19:30:32,978 - INFO - Batch 1010/2278: Loss=1.3741, Cls=0.1858, Reg=0.0000, Con=3.9609
2025-09-13 19:30:33,874 - INFO - Batch 1020/2278: Loss=1.2308, Cls=0.0424, Reg=0.0000, Con=3.9615
2025-09-13 19:30:34,772 - INFO - Batch 1030/2278: Loss=1.2046, Cls=0.0164, Reg=0.0000, Con=3.9608
2025-09-13 19:30:35,677 - INFO - Batch 1040/2278: Loss=1.1980, Cls=0.0098, Reg=0.0000, Con=3.9608
2025-09-13 19:30:36,562 - INFO - Batch 1050/2278: Loss=1.1888, Cls=0.0005, Reg=0.0000, Con=3.9611
2025-09-13 19:30:37,438 - INFO - Batch 1060/2278: Loss=1.1885, Cls=0.0002, Reg=0.0000, Con=3.9610
2025-09-13 19:30:38,332 - INFO - Batch 1070/2278: Loss=1.2173, Cls=0.0290, Reg=0.0000, Con=3.9609
2025-09-13 19:30:39,218 - INFO - Batch 1080/2278: Loss=1.8789, Cls=0.6906, Reg=0.0000, Con=3.9609
2025-09-13 19:30:40,149 - INFO - Batch 1090/2278: Loss=1.3258, Cls=0.1375, Reg=0.0000, Con=3.9608
2025-09-13 19:30:41,031 - INFO - Batch 1100/2278: Loss=1.2164, Cls=0.0281, Reg=0.0000, Con=3.9608
2025-09-13 19:30:41,901 - INFO - Batch 1110/2278: Loss=1.1899, Cls=0.0016, Reg=0.0000, Con=3.9608
2025-09-13 19:30:42,791 - INFO - Batch 1120/2278: Loss=1.1899, Cls=0.0017, Reg=0.0000, Con=3.9608
2025-09-13 19:30:43,728 - INFO - Batch 1130/2278: Loss=1.5318, Cls=0.3435, Reg=0.0000, Con=3.9608
2025-09-13 19:30:44,618 - INFO - Batch 1140/2278: Loss=0.7366, Cls=0.7366, Reg=0.0000, Con=0.0000
2025-09-13 19:30:45,517 - INFO - Batch 1150/2278: Loss=1.1935, Cls=0.0053, Reg=0.0000, Con=3.9609
2025-09-13 19:30:46,378 - INFO - Batch 1160/2278: Loss=1.2197, Cls=0.0315, Reg=0.0000, Con=3.9607
2025-09-13 19:30:47,258 - INFO - Batch 1170/2278: Loss=0.3534, Cls=0.3534, Reg=0.0000, Con=0.0000
2025-09-13 19:30:48,153 - INFO - Batch 1180/2278: Loss=1.2082, Cls=0.0200, Reg=0.0000, Con=3.9609
2025-09-13 19:30:49,047 - INFO - Batch 1190/2278: Loss=1.1885, Cls=0.0002, Reg=0.0000, Con=3.9610
2025-09-13 19:30:49,946 - INFO - Batch 1200/2278: Loss=2.9456, Cls=1.7574, Reg=0.0000, Con=3.9609
2025-09-13 19:30:50,847 - INFO - Batch 1210/2278: Loss=1.1883, Cls=0.0001, Reg=0.0000, Con=3.9608
2025-09-13 19:30:51,753 - INFO - Batch 1220/2278: Loss=0.0212, Cls=0.0212, Reg=0.0000, Con=0.0000
2025-09-13 19:30:52,654 - INFO - Batch 1230/2278: Loss=1.1934, Cls=0.0051, Reg=0.0000, Con=3.9609
2025-09-13 19:30:53,536 - INFO - Batch 1240/2278: Loss=1.3073, Cls=0.1191, Reg=0.0000, Con=3.9608
2025-09-13 19:30:54,447 - INFO - Batch 1250/2278: Loss=0.0000, Cls=0.0000, Reg=0.0000, Con=0.0000
2025-09-13 19:30:55,387 - INFO - Batch 1260/2278: Loss=1.1887, Cls=0.0005, Reg=0.0000, Con=3.9607
2025-09-13 19:30:56,293 - INFO - Batch 1270/2278: Loss=1.7264, Cls=0.5382, Reg=0.0000, Con=3.9606
2025-09-13 19:30:57,199 - INFO - Batch 1280/2278: Loss=1.1888, Cls=0.0006, Reg=0.0000, Con=3.9608
2025-09-13 19:30:58,116 - INFO - Batch 1290/2278: Loss=1.2614, Cls=0.0732, Reg=0.0000, Con=3.9609
2025-09-13 19:30:59,008 - INFO - Batch 1300/2278: Loss=1.1896, Cls=0.0013, Reg=0.0000, Con=3.9610
2025-09-13 19:30:59,891 - INFO - Batch 1310/2278: Loss=0.0013, Cls=0.0013, Reg=0.0000, Con=0.0000
2025-09-13 19:31:00,780 - INFO - Batch 1320/2278: Loss=1.4208, Cls=0.2326, Reg=0.0000, Con=3.9609
2025-09-13 19:31:01,707 - INFO - Batch 1330/2278: Loss=1.1886, Cls=0.0003, Reg=0.0000, Con=3.9609
2025-09-13 19:31:02,628 - INFO - Batch 1340/2278: Loss=1.2015, Cls=0.0133, Reg=0.0000, Con=3.9606
2025-09-13 19:31:03,519 - INFO - Batch 1350/2278: Loss=1.2493, Cls=0.0611, Reg=0.0000, Con=3.9606
2025-09-13 19:31:04,427 - INFO - Batch 1360/2278: Loss=1.2121, Cls=0.0239, Reg=0.0000, Con=3.9608
2025-09-13 19:31:05,328 - INFO - Batch 1370/2278: Loss=3.0638, Cls=1.8756, Reg=0.0000, Con=3.9608
2025-09-13 19:31:06,259 - INFO - Batch 1380/2278: Loss=1.5055, Cls=0.3172, Reg=0.0000, Con=3.9608
2025-09-13 19:31:07,154 - INFO - Batch 1390/2278: Loss=1.2315, Cls=0.0432, Reg=0.0000, Con=3.9608
2025-09-13 19:31:08,057 - INFO - Batch 1400/2278: Loss=0.0002, Cls=0.0002, Reg=0.0000, Con=0.0000
2025-09-13 19:31:08,950 - INFO - Batch 1410/2278: Loss=1.3221, Cls=0.1339, Reg=0.0000, Con=3.9608
2025-09-13 19:31:09,852 - INFO - Batch 1420/2278: Loss=0.0247, Cls=0.0247, Reg=0.0000, Con=0.0000
2025-09-13 19:31:10,752 - INFO - Batch 1430/2278: Loss=2.4580, Cls=1.2699, Reg=0.0000, Con=3.9607
2025-09-13 19:31:11,650 - INFO - Batch 1440/2278: Loss=1.4150, Cls=0.2266, Reg=0.0000, Con=3.9613
2025-09-13 19:31:12,548 - INFO - Batch 1450/2278: Loss=1.1999, Cls=0.0117, Reg=0.0000, Con=3.9607
2025-09-13 19:31:13,471 - INFO - Batch 1460/2278: Loss=1.3259, Cls=0.1377, Reg=0.0000, Con=3.9609
2025-09-13 19:31:14,379 - INFO - Batch 1470/2278: Loss=1.2229, Cls=0.0347, Reg=0.0000, Con=3.9608
2025-09-13 19:31:15,283 - INFO - Batch 1480/2278: Loss=0.0005, Cls=0.0005, Reg=0.0000, Con=0.0000
2025-09-13 19:31:16,323 - INFO - Batch 1490/2278: Loss=0.1622, Cls=0.1622, Reg=0.0000, Con=0.0000
2025-09-13 19:31:17,270 - INFO - Batch 1500/2278: Loss=1.1949, Cls=0.0067, Reg=0.0000, Con=3.9607
2025-09-13 19:31:18,162 - INFO - Batch 1510/2278: Loss=1.3019, Cls=0.1136, Reg=0.0000, Con=3.9608
2025-09-13 19:31:19,077 - INFO - Batch 1520/2278: Loss=1.1906, Cls=0.0024, Reg=0.0000, Con=3.9608
2025-09-13 19:31:20,004 - INFO - Batch 1530/2278: Loss=1.6398, Cls=0.4515, Reg=0.0000, Con=3.9608
2025-09-13 19:31:20,920 - INFO - Batch 1540/2278: Loss=2.6094, Cls=1.4211, Reg=0.0000, Con=3.9608
2025-09-13 19:31:21,805 - INFO - Batch 1550/2278: Loss=1.2083, Cls=0.0200, Reg=0.0000, Con=3.9609
2025-09-13 19:31:22,795 - INFO - Batch 1560/2278: Loss=1.9938, Cls=0.8055, Reg=0.0000, Con=3.9608
2025-09-13 19:31:23,671 - INFO - Batch 1570/2278: Loss=1.2145, Cls=0.0263, Reg=0.0000, Con=3.9609
2025-09-13 19:31:24,564 - INFO - Batch 1580/2278: Loss=0.9318, Cls=0.9318, Reg=0.0000, Con=0.0000
2025-09-13 19:31:25,476 - INFO - Batch 1590/2278: Loss=1.2259, Cls=0.0377, Reg=0.0000, Con=3.9608
2025-09-13 19:31:26,394 - INFO - Batch 1600/2278: Loss=1.2863, Cls=0.0980, Reg=0.0000, Con=3.9609
2025-09-13 19:31:27,308 - INFO - Batch 1610/2278: Loss=1.8450, Cls=0.6568, Reg=0.0000, Con=3.9608
2025-09-13 19:31:28,245 - INFO - Batch 1620/2278: Loss=1.2101, Cls=0.0218, Reg=0.0000, Con=3.9609
2025-09-13 19:31:29,124 - INFO - Batch 1630/2278: Loss=1.2007, Cls=0.0125, Reg=0.0000, Con=3.9606
2025-09-13 19:31:30,035 - INFO - Batch 1640/2278: Loss=1.1944, Cls=0.0062, Reg=0.0000, Con=3.9608
2025-09-13 19:31:30,927 - INFO - Batch 1650/2278: Loss=1.1487, Cls=1.1487, Reg=0.0000, Con=0.0000
2025-09-13 19:31:31,821 - INFO - Batch 1660/2278: Loss=1.8941, Cls=0.7059, Reg=0.0000, Con=3.9607
2025-09-13 19:31:32,738 - INFO - Batch 1670/2278: Loss=1.2130, Cls=0.0248, Reg=0.0000, Con=3.9608
2025-09-13 19:31:33,637 - INFO - Batch 1680/2278: Loss=2.2468, Cls=1.0583, Reg=0.0000, Con=3.9615
2025-09-13 19:31:34,570 - INFO - Batch 1690/2278: Loss=0.0000, Cls=0.0000, Reg=0.0000, Con=0.0000
2025-09-13 19:31:35,480 - INFO - Batch 1700/2278: Loss=1.3608, Cls=0.1725, Reg=0.0000, Con=3.9608
2025-09-13 19:31:36,363 - INFO - Batch 1710/2278: Loss=1.2877, Cls=0.0994, Reg=0.0000, Con=3.9610
2025-09-13 19:31:37,248 - INFO - Batch 1720/2278: Loss=1.5578, Cls=0.3696, Reg=0.0000, Con=3.9609
2025-09-13 19:31:38,155 - INFO - Batch 1730/2278: Loss=1.1887, Cls=0.0004, Reg=0.0000, Con=3.9609
2025-09-13 19:31:39,053 - INFO - Batch 1740/2278: Loss=1.1895, Cls=0.0012, Reg=0.0000, Con=3.9609
2025-09-13 19:31:40,042 - INFO - Batch 1750/2278: Loss=1.1886, Cls=0.0004, Reg=0.0000, Con=3.9609
2025-09-13 19:31:41,119 - INFO - Batch 1760/2278: Loss=1.1886, Cls=0.0004, Reg=0.0000, Con=3.9608
2025-09-13 19:31:42,194 - INFO - Batch 1770/2278: Loss=1.1910, Cls=0.0027, Reg=0.0000, Con=3.9610
2025-09-13 19:31:43,123 - INFO - Batch 1780/2278: Loss=1.2255, Cls=0.0373, Reg=0.0000, Con=3.9609
2025-09-13 19:31:44,067 - INFO - Batch 1790/2278: Loss=1.1892, Cls=0.0010, Reg=0.0000, Con=3.9608
2025-09-13 19:31:45,067 - INFO - Batch 1800/2278: Loss=3.8640, Cls=2.6758, Reg=0.0000, Con=3.9608
2025-09-13 19:31:45,944 - INFO - Batch 1810/2278: Loss=1.7759, Cls=0.5877, Reg=0.0000, Con=3.9608
2025-09-13 19:31:46,839 - INFO - Batch 1820/2278: Loss=1.2032, Cls=0.0150, Reg=0.0000, Con=3.9608
2025-09-13 19:31:47,723 - INFO - Batch 1830/2278: Loss=1.1899, Cls=0.0015, Reg=0.0000, Con=3.9615
2025-09-13 19:31:48,639 - INFO - Batch 1840/2278: Loss=2.3479, Cls=1.1597, Reg=0.0000, Con=3.9608
2025-09-13 19:31:49,560 - INFO - Batch 1850/2278: Loss=1.1883, Cls=0.0000, Reg=0.0000, Con=3.9608
2025-09-13 19:31:50,457 - INFO - Batch 1860/2278: Loss=0.0876, Cls=0.0876, Reg=0.0000, Con=0.0000
2025-09-13 19:31:51,353 - INFO - Batch 1870/2278: Loss=0.0026, Cls=0.0026, Reg=0.0000, Con=0.0000
2025-09-13 19:31:52,253 - INFO - Batch 1880/2278: Loss=1.2091, Cls=0.0208, Reg=0.0000, Con=3.9610
2025-09-13 19:31:53,165 - INFO - Batch 1890/2278: Loss=0.0125, Cls=0.0125, Reg=0.0000, Con=0.0000
2025-09-13 19:31:54,094 - INFO - Batch 1900/2278: Loss=1.1900, Cls=0.0018, Reg=0.0000, Con=3.9607
2025-09-13 19:31:55,004 - INFO - Batch 1910/2278: Loss=1.1882, Cls=0.0000, Reg=0.0000, Con=3.9607
2025-09-13 19:31:55,919 - INFO - Batch 1920/2278: Loss=1.2611, Cls=0.0729, Reg=0.0000, Con=3.9608
2025-09-13 19:31:56,811 - INFO - Batch 1930/2278: Loss=0.0011, Cls=0.0011, Reg=0.0000, Con=0.0000
2025-09-13 19:31:57,707 - INFO - Batch 1940/2278: Loss=1.6610, Cls=0.4728, Reg=0.0000, Con=3.9607
2025-09-13 19:31:58,596 - INFO - Batch 1950/2278: Loss=1.2089, Cls=0.0206, Reg=0.0000, Con=3.9609
2025-09-13 19:31:59,526 - INFO - Batch 1960/2278: Loss=1.3186, Cls=0.1303, Reg=0.0000, Con=3.9609
2025-09-13 19:32:00,440 - INFO - Batch 1970/2278: Loss=1.7932, Cls=0.6050, Reg=0.0000, Con=3.9606
2025-09-13 19:32:01,339 - INFO - Batch 1980/2278: Loss=1.7436, Cls=0.5553, Reg=0.0000, Con=3.9608
2025-09-13 19:32:02,252 - INFO - Batch 1990/2278: Loss=0.0330, Cls=0.0330, Reg=0.0000, Con=0.0000
2025-09-13 19:32:03,172 - INFO - Batch 2000/2278: Loss=1.1930, Cls=0.0048, Reg=0.0000, Con=3.9607
2025-09-13 19:32:04,081 - INFO - Batch 2010/2278: Loss=1.2036, Cls=0.0154, Reg=0.0000, Con=3.9608
2025-09-13 19:32:04,981 - INFO - Batch 2020/2278: Loss=1.2126, Cls=1.2126, Reg=0.0000, Con=0.0000
2025-09-13 19:32:05,880 - INFO - Batch 2030/2278: Loss=1.1883, Cls=0.0000, Reg=0.0000, Con=3.9610
2025-09-13 19:32:06,803 - INFO - Batch 2040/2278: Loss=1.3877, Cls=0.1995, Reg=0.0000, Con=3.9608
2025-09-13 19:32:07,680 - INFO - Batch 2050/2278: Loss=1.1948, Cls=0.0066, Reg=0.0000, Con=3.9608
2025-09-13 19:32:08,600 - INFO - Batch 2060/2278: Loss=1.2285, Cls=0.0401, Reg=0.0000, Con=3.9615
2025-09-13 19:32:09,501 - INFO - Batch 2070/2278: Loss=1.2053, Cls=0.0171, Reg=0.0000, Con=3.9608
2025-09-13 19:32:10,397 - INFO - Batch 2080/2278: Loss=0.8689, Cls=0.8689, Reg=0.0000, Con=0.0000
2025-09-13 19:32:11,307 - INFO - Batch 2090/2278: Loss=1.3648, Cls=0.1766, Reg=0.0000, Con=3.9608
2025-09-13 19:32:12,187 - INFO - Batch 2100/2278: Loss=0.7235, Cls=0.7235, Reg=0.0000, Con=0.0000
2025-09-13 19:32:13,092 - INFO - Batch 2110/2278: Loss=0.0763, Cls=0.0763, Reg=0.0000, Con=0.0000
2025-09-13 19:32:13,987 - INFO - Batch 2120/2278: Loss=1.1958, Cls=0.0075, Reg=0.0000, Con=3.9609
2025-09-13 19:32:14,889 - INFO - Batch 2130/2278: Loss=1.2290, Cls=0.0407, Reg=0.0000, Con=3.9608
2025-09-13 19:32:15,780 - INFO - Batch 2140/2278: Loss=1.2600, Cls=0.0718, Reg=0.0000, Con=3.9608
2025-09-13 19:32:16,692 - INFO - Batch 2150/2278: Loss=1.2054, Cls=0.0171, Reg=0.0000, Con=3.9610
2025-09-13 19:32:17,593 - INFO - Batch 2160/2278: Loss=1.1950, Cls=0.0068, Reg=0.0000, Con=3.9608
2025-09-13 19:32:18,506 - INFO - Batch 2170/2278: Loss=1.2085, Cls=0.0202, Reg=0.0000, Con=3.9608
2025-09-13 19:32:19,406 - INFO - Batch 2180/2278: Loss=1.2085, Cls=0.0203, Reg=0.0000, Con=3.9608
2025-09-13 19:32:20,275 - INFO - Batch 2190/2278: Loss=1.6970, Cls=0.5087, Reg=0.0000, Con=3.9609
2025-09-13 19:32:21,159 - INFO - Batch 2200/2278: Loss=1.2211, Cls=0.0328, Reg=0.0000, Con=3.9608
2025-09-13 19:32:22,058 - INFO - Batch 2210/2278: Loss=1.2324, Cls=0.0440, Reg=0.0000, Con=3.9613
2025-09-13 19:32:22,942 - INFO - Batch 2220/2278: Loss=0.0009, Cls=0.0009, Reg=0.0000, Con=0.0000
2025-09-13 19:32:23,875 - INFO - Batch 2230/2278: Loss=1.2282, Cls=0.0400, Reg=0.0000, Con=3.9608
2025-09-13 19:32:24,870 - INFO - Batch 2240/2278: Loss=1.2089, Cls=0.0207, Reg=0.0000, Con=3.9608
2025-09-13 19:32:25,766 - INFO - Batch 2250/2278: Loss=0.3268, Cls=0.3268, Reg=0.0000, Con=0.0000
2025-09-13 19:32:26,676 - INFO - Batch 2260/2278: Loss=1.2390, Cls=0.0507, Reg=0.0000, Con=3.9609
2025-09-13 19:32:27,577 - INFO - Batch 2270/2278: Loss=1.1888, Cls=0.0006, Reg=0.0000, Con=3.9606
2025-09-13 19:35:55,701 - INFO - === Epoch 2 Results ===
2025-09-13 19:35:55,702 - INFO - Training Loss: 1.1954 (Classification: 0.2883, Regression: 0.0000)
2025-09-13 19:35:55,702 - INFO - Validation Loss: 0.1242 (Classification: 0.1242, Regression: 0.0000)
2025-09-13 19:35:55,702 - INFO - Average Classification Accuracy: 0.8561 (on 1/26 tasks)
2025-09-13 19:35:55,702 - INFO - Average AUC: 0.9257
2025-09-13 19:35:58,449 - INFO - Best model saved to: experiments/r1c3_single_cls_13_seed_42_20250913_192210/checkpoints/r1c3_single_cls_13_seed_42_best.pth
2025-09-13 19:35:58,449 - INFO - 
Epoch 3/3
2025-09-13 19:35:58,592 - INFO - Batch 0/2278: Loss=1.3344, Cls=0.1462, Reg=0.0000, Con=3.9608
2025-09-13 19:35:59,464 - INFO - Batch 10/2278: Loss=1.3276, Cls=0.1393, Reg=0.0000, Con=3.9611
2025-09-13 19:36:00,379 - INFO - Batch 20/2278: Loss=1.8464, Cls=0.6582, Reg=0.0000, Con=3.9608
2025-09-13 19:36:01,310 - INFO - Batch 30/2278: Loss=0.1486, Cls=0.1486, Reg=0.0000, Con=0.0000
2025-09-13 19:36:02,200 - INFO - Batch 40/2278: Loss=1.1882, Cls=0.0000, Reg=0.0000, Con=3.9608
2025-09-13 19:36:03,105 - INFO - Batch 50/2278: Loss=1.1901, Cls=0.0018, Reg=0.0000, Con=3.9609
2025-09-13 19:36:04,028 - INFO - Batch 60/2278: Loss=1.1891, Cls=0.0009, Reg=0.0000, Con=3.9607
2025-09-13 19:36:04,947 - INFO - Batch 70/2278: Loss=1.1882, Cls=0.0000, Reg=0.0000, Con=3.9608
2025-09-13 19:36:05,849 - INFO - Batch 80/2278: Loss=0.9085, Cls=0.9085, Reg=0.0000, Con=0.0000
2025-09-13 19:36:06,749 - INFO - Batch 90/2278: Loss=1.2894, Cls=0.1011, Reg=0.0000, Con=3.9608
2025-09-13 19:36:07,662 - INFO - Batch 100/2278: Loss=1.1989, Cls=0.0107, Reg=0.0000, Con=3.9606
2025-09-13 19:36:08,579 - INFO - Batch 110/2278: Loss=1.2159, Cls=0.0275, Reg=0.0000, Con=3.9614
2025-09-13 19:36:09,475 - INFO - Batch 120/2278: Loss=1.1926, Cls=0.0043, Reg=0.0000, Con=3.9609
2025-09-13 19:36:10,373 - INFO - Batch 130/2278: Loss=1.1976, Cls=0.0094, Reg=0.0000, Con=3.9607
2025-09-13 19:36:11,306 - INFO - Batch 140/2278: Loss=0.0545, Cls=0.0545, Reg=0.0000, Con=0.0000
2025-09-13 19:36:12,191 - INFO - Batch 150/2278: Loss=1.4592, Cls=0.2710, Reg=0.0000, Con=3.9608
2025-09-13 19:36:13,105 - INFO - Batch 160/2278: Loss=0.6590, Cls=0.6590, Reg=0.0000, Con=0.0000
2025-09-13 19:36:14,000 - INFO - Batch 170/2278: Loss=1.2402, Cls=0.0519, Reg=0.0000, Con=3.9609
2025-09-13 19:36:14,919 - INFO - Batch 180/2278: Loss=1.2181, Cls=0.0298, Reg=0.0000, Con=3.9611
2025-09-13 19:36:15,817 - INFO - Batch 190/2278: Loss=1.4361, Cls=0.2479, Reg=0.0000, Con=3.9607
2025-09-13 19:36:16,716 - INFO - Batch 200/2278: Loss=1.7440, Cls=0.5558, Reg=0.0000, Con=3.9608
2025-09-13 19:36:17,619 - INFO - Batch 210/2278: Loss=1.3794, Cls=0.1911, Reg=0.0000, Con=3.9612
2025-09-13 19:36:18,513 - INFO - Batch 220/2278: Loss=1.1887, Cls=0.0005, Reg=0.0000, Con=3.9608
2025-09-13 19:36:19,435 - INFO - Batch 230/2278: Loss=1.1992, Cls=0.0108, Reg=0.0000, Con=3.9611
2025-09-13 19:36:20,341 - INFO - Batch 240/2278: Loss=1.6201, Cls=0.4319, Reg=0.0000, Con=3.9607
2025-09-13 19:36:21,220 - INFO - Batch 250/2278: Loss=1.3580, Cls=0.1698, Reg=0.0000, Con=3.9609
2025-09-13 19:36:22,119 - INFO - Batch 260/2278: Loss=1.1882, Cls=0.0000, Reg=0.0000, Con=3.9608
2025-09-13 19:36:23,036 - INFO - Batch 270/2278: Loss=1.1882, Cls=0.0000, Reg=0.0000, Con=3.9607
2025-09-13 19:36:23,929 - INFO - Batch 280/2278: Loss=1.1913, Cls=0.0031, Reg=0.0000, Con=3.9608
2025-09-13 19:36:24,826 - INFO - Batch 290/2278: Loss=1.6052, Cls=0.4170, Reg=0.0000, Con=3.9608
2025-09-13 19:36:25,710 - INFO - Batch 300/2278: Loss=1.2050, Cls=0.0168, Reg=0.0000, Con=3.9607
2025-09-13 19:36:26,624 - INFO - Batch 310/2278: Loss=1.1996, Cls=0.0113, Reg=0.0000, Con=3.9610
2025-09-13 19:36:27,521 - INFO - Batch 320/2278: Loss=1.2113, Cls=0.0229, Reg=0.0000, Con=3.9612
2025-09-13 19:36:28,383 - INFO - Batch 330/2278: Loss=2.7770, Cls=1.5888, Reg=0.0000, Con=3.9607
2025-09-13 19:36:29,282 - INFO - Batch 340/2278: Loss=0.0153, Cls=0.0153, Reg=0.0000, Con=0.0000
2025-09-13 19:36:30,174 - INFO - Batch 350/2278: Loss=1.4720, Cls=0.2837, Reg=0.0000, Con=3.9610
2025-09-13 19:36:31,080 - INFO - Batch 360/2278: Loss=1.1892, Cls=0.0009, Reg=0.0000, Con=3.9611
2025-09-13 19:36:31,974 - INFO - Batch 370/2278: Loss=1.5823, Cls=0.3941, Reg=0.0000, Con=3.9608
2025-09-13 19:36:32,896 - INFO - Batch 380/2278: Loss=2.6143, Cls=1.4261, Reg=0.0000, Con=3.9608
2025-09-13 19:36:33,817 - INFO - Batch 390/2278: Loss=1.3742, Cls=0.1859, Reg=0.0000, Con=3.9608
2025-09-13 19:36:34,716 - INFO - Batch 400/2278: Loss=0.0032, Cls=0.0032, Reg=0.0000, Con=0.0000
2025-09-13 19:36:35,614 - INFO - Batch 410/2278: Loss=1.5086, Cls=0.3203, Reg=0.0000, Con=3.9609
2025-09-13 19:36:36,524 - INFO - Batch 420/2278: Loss=1.2001, Cls=0.0118, Reg=0.0000, Con=3.9608
2025-09-13 19:36:37,470 - INFO - Batch 430/2278: Loss=3.1078, Cls=1.9194, Reg=0.0000, Con=3.9614
2025-09-13 19:36:38,360 - INFO - Batch 440/2278: Loss=1.5545, Cls=0.3662, Reg=0.0000, Con=3.9608
2025-09-13 19:36:39,246 - INFO - Batch 450/2278: Loss=1.1898, Cls=0.0016, Reg=0.0000, Con=3.9608
2025-09-13 19:36:40,135 - INFO - Batch 460/2278: Loss=0.0646, Cls=0.0646, Reg=0.0000, Con=0.0000
2025-09-13 19:36:41,035 - INFO - Batch 470/2278: Loss=1.8787, Cls=0.6905, Reg=0.0000, Con=3.9608
2025-09-13 19:36:41,930 - INFO - Batch 480/2278: Loss=1.2130, Cls=0.0247, Reg=0.0000, Con=3.9609
2025-09-13 19:36:42,995 - INFO - Batch 490/2278: Loss=0.0004, Cls=0.0004, Reg=0.0000, Con=0.0000
2025-09-13 19:36:43,882 - INFO - Batch 500/2278: Loss=1.1907, Cls=0.0029, Reg=0.0000, Con=3.9596
2025-09-13 19:36:44,807 - INFO - Batch 510/2278: Loss=1.1883, Cls=0.0001, Reg=0.0000, Con=3.9608
2025-09-13 19:36:45,770 - INFO - Batch 520/2278: Loss=0.0189, Cls=0.0189, Reg=0.0000, Con=0.0000
2025-09-13 19:36:46,691 - INFO - Batch 530/2278: Loss=1.1929, Cls=0.0047, Reg=0.0000, Con=3.9608
2025-09-13 19:36:47,612 - INFO - Batch 540/2278: Loss=1.1892, Cls=0.0010, Reg=0.0000, Con=3.9609
2025-09-13 19:36:48,524 - INFO - Batch 550/2278: Loss=0.0174, Cls=0.0174, Reg=0.0000, Con=0.0000
2025-09-13 19:36:49,431 - INFO - Batch 560/2278: Loss=1.5374, Cls=0.3492, Reg=0.0000, Con=3.9609
2025-09-13 19:36:50,359 - INFO - Batch 570/2278: Loss=1.3672, Cls=0.1790, Reg=0.0000, Con=3.9608
2025-09-13 19:36:51,274 - INFO - Batch 580/2278: Loss=1.1941, Cls=0.0059, Reg=0.0000, Con=3.9607
2025-09-13 19:36:52,168 - INFO - Batch 590/2278: Loss=1.4093, Cls=0.2211, Reg=0.0000, Con=3.9608
2025-09-13 19:36:53,089 - INFO - Batch 600/2278: Loss=0.1690, Cls=0.1690, Reg=0.0000, Con=0.0000
2025-09-13 19:36:54,018 - INFO - Batch 610/2278: Loss=0.0000, Cls=0.0000, Reg=0.0000, Con=0.0000
2025-09-13 19:36:54,958 - INFO - Batch 620/2278: Loss=1.1882, Cls=0.0000, Reg=0.0000, Con=3.9608
2025-09-13 19:36:55,836 - INFO - Batch 630/2278: Loss=1.2000, Cls=0.0117, Reg=0.0000, Con=3.9611
2025-09-13 19:36:56,767 - INFO - Batch 640/2278: Loss=1.1902, Cls=0.0020, Reg=0.0000, Con=3.9607
2025-09-13 19:36:57,655 - INFO - Batch 650/2278: Loss=1.2689, Cls=0.0806, Reg=0.0000, Con=3.9608
2025-09-13 19:36:58,578 - INFO - Batch 660/2278: Loss=0.0028, Cls=0.0028, Reg=0.0000, Con=0.0000
2025-09-13 19:36:59,477 - INFO - Batch 670/2278: Loss=3.3002, Cls=2.1119, Reg=0.0000, Con=3.9609
2025-09-13 19:37:00,399 - INFO - Batch 680/2278: Loss=1.2769, Cls=0.0887, Reg=0.0000, Con=3.9608
2025-09-13 19:37:01,279 - INFO - Batch 690/2278: Loss=1.4871, Cls=0.2988, Reg=0.0000, Con=3.9609
2025-09-13 19:37:02,212 - INFO - Batch 700/2278: Loss=3.0094, Cls=1.8211, Reg=0.0000, Con=3.9610
2025-09-13 19:37:03,139 - INFO - Batch 710/2278: Loss=1.1892, Cls=0.0009, Reg=0.0000, Con=3.9610
2025-09-13 19:37:04,052 - INFO - Batch 720/2278: Loss=1.2175, Cls=0.0292, Reg=0.0000, Con=3.9610
2025-09-13 19:37:04,948 - INFO - Batch 730/2278: Loss=1.8646, Cls=0.6763, Reg=0.0000, Con=3.9608
2025-09-13 19:37:05,867 - INFO - Batch 740/2278: Loss=1.2007, Cls=0.0125, Reg=0.0000, Con=3.9606
2025-09-13 19:37:06,748 - INFO - Batch 750/2278: Loss=1.1993, Cls=0.0112, Reg=0.0000, Con=3.9606
2025-09-13 19:37:07,668 - INFO - Batch 760/2278: Loss=1.1986, Cls=0.0103, Reg=0.0000, Con=3.9609
2025-09-13 19:37:08,585 - INFO - Batch 770/2278: Loss=1.2009, Cls=0.0126, Reg=0.0000, Con=3.9611
2025-09-13 19:37:09,486 - INFO - Batch 780/2278: Loss=0.0012, Cls=0.0012, Reg=0.0000, Con=0.0000
2025-09-13 19:37:10,369 - INFO - Batch 790/2278: Loss=1.2073, Cls=0.0191, Reg=0.0000, Con=3.9608
2025-09-13 19:37:11,257 - INFO - Batch 800/2278: Loss=1.2275, Cls=0.0392, Reg=0.0000, Con=3.9609
2025-09-13 19:37:12,176 - INFO - Batch 810/2278: Loss=0.0473, Cls=0.0473, Reg=0.0000, Con=0.0000
2025-09-13 19:37:13,081 - INFO - Batch 820/2278: Loss=1.1940, Cls=0.0058, Reg=0.0000, Con=3.9608
2025-09-13 19:37:13,979 - INFO - Batch 830/2278: Loss=1.2207, Cls=0.0325, Reg=0.0000, Con=3.9609
2025-09-13 19:37:14,881 - INFO - Batch 840/2278: Loss=1.6656, Cls=0.4773, Reg=0.0000, Con=3.9608
2025-09-13 19:37:15,808 - INFO - Batch 850/2278: Loss=1.2987, Cls=0.1105, Reg=0.0000, Con=3.9608
2025-09-13 19:37:16,695 - INFO - Batch 860/2278: Loss=1.2741, Cls=0.0857, Reg=0.0000, Con=3.9611
2025-09-13 19:37:17,578 - INFO - Batch 870/2278: Loss=1.1884, Cls=0.0002, Reg=0.0000, Con=3.9609
2025-09-13 19:37:18,531 - INFO - Batch 880/2278: Loss=0.2298, Cls=0.2298, Reg=0.0000, Con=0.0000
2025-09-13 19:37:19,438 - INFO - Batch 890/2278: Loss=1.2060, Cls=0.0177, Reg=0.0000, Con=3.9609
2025-09-13 19:37:20,343 - INFO - Batch 900/2278: Loss=0.0482, Cls=0.0482, Reg=0.0000, Con=0.0000
2025-09-13 19:37:21,209 - INFO - Batch 910/2278: Loss=1.3653, Cls=0.1770, Reg=0.0000, Con=3.9608
2025-09-13 19:37:22,112 - INFO - Batch 920/2278: Loss=1.2254, Cls=0.0372, Reg=0.0000, Con=3.9608
2025-09-13 19:37:23,006 - INFO - Batch 930/2278: Loss=1.3655, Cls=0.1772, Reg=0.0000, Con=3.9608
2025-09-13 19:37:23,897 - INFO - Batch 940/2278: Loss=1.2370, Cls=0.0486, Reg=0.0000, Con=3.9613
2025-09-13 19:37:24,779 - INFO - Batch 950/2278: Loss=1.8575, Cls=0.6692, Reg=0.0000, Con=3.9607
2025-09-13 19:37:25,696 - INFO - Batch 960/2278: Loss=1.8792, Cls=0.6910, Reg=0.0000, Con=3.9608
2025-09-13 19:37:26,593 - INFO - Batch 970/2278: Loss=1.2784, Cls=0.0902, Reg=0.0000, Con=3.9608
2025-09-13 19:37:27,467 - INFO - Batch 980/2278: Loss=1.1885, Cls=0.0002, Reg=0.0000, Con=3.9609
2025-09-13 19:37:28,360 - INFO - Batch 990/2278: Loss=1.1887, Cls=0.0004, Reg=0.0000, Con=3.9609
2025-09-13 19:37:29,247 - INFO - Batch 1000/2278: Loss=1.5749, Cls=0.3866, Reg=0.0000, Con=3.9610
2025-09-13 19:37:30,180 - INFO - Batch 1010/2278: Loss=1.2007, Cls=0.0125, Reg=0.0000, Con=3.9608
2025-09-13 19:37:31,051 - INFO - Batch 1020/2278: Loss=1.1882, Cls=0.0000, Reg=0.0000, Con=3.9608
2025-09-13 19:37:31,947 - INFO - Batch 1030/2278: Loss=0.0004, Cls=0.0004, Reg=0.0000, Con=0.0000
2025-09-13 19:37:32,851 - INFO - Batch 1040/2278: Loss=1.2071, Cls=0.0187, Reg=0.0000, Con=3.9613
2025-09-13 19:37:33,749 - INFO - Batch 1050/2278: Loss=0.0365, Cls=0.0365, Reg=0.0000, Con=0.0000
2025-09-13 19:37:34,638 - INFO - Batch 1060/2278: Loss=1.1949, Cls=0.0066, Reg=0.0000, Con=3.9611
2025-09-13 19:37:35,593 - INFO - Batch 1070/2278: Loss=1.7903, Cls=0.6021, Reg=0.0000, Con=3.9609
2025-09-13 19:37:36,482 - INFO - Batch 1080/2278: Loss=0.0087, Cls=0.0087, Reg=0.0000, Con=0.0000
2025-09-13 19:37:37,384 - INFO - Batch 1090/2278: Loss=1.2876, Cls=0.0993, Reg=0.0000, Con=3.9609
2025-09-13 19:37:38,298 - INFO - Batch 1100/2278: Loss=1.1964, Cls=0.0081, Reg=0.0000, Con=3.9611
2025-09-13 19:37:39,203 - INFO - Batch 1110/2278: Loss=0.0000, Cls=0.0000, Reg=0.0000, Con=0.0000
2025-09-13 19:37:40,123 - INFO - Batch 1120/2278: Loss=0.0040, Cls=0.0040, Reg=0.0000, Con=0.0000
2025-09-13 19:37:41,018 - INFO - Batch 1130/2278: Loss=0.1128, Cls=0.1128, Reg=0.0000, Con=0.0000
2025-09-13 19:37:41,912 - INFO - Batch 1140/2278: Loss=1.1901, Cls=0.0018, Reg=0.0000, Con=3.9609
2025-09-13 19:37:42,782 - INFO - Batch 1150/2278: Loss=0.0940, Cls=0.0940, Reg=0.0000, Con=0.0000
2025-09-13 19:37:43,708 - INFO - Batch 1160/2278: Loss=0.0569, Cls=0.0569, Reg=0.0000, Con=0.0000
2025-09-13 19:37:44,592 - INFO - Batch 1170/2278: Loss=1.1882, Cls=0.0000, Reg=0.0000, Con=3.9608
2025-09-13 19:37:45,502 - INFO - Batch 1180/2278: Loss=1.2111, Cls=0.0227, Reg=0.0000, Con=3.9613
2025-09-13 19:37:46,422 - INFO - Batch 1190/2278: Loss=1.1888, Cls=0.0005, Reg=0.0000, Con=3.9609
2025-09-13 19:37:47,308 - INFO - Batch 1200/2278: Loss=1.2038, Cls=0.0154, Reg=0.0000, Con=3.9611
2025-09-13 19:37:48,212 - INFO - Batch 1210/2278: Loss=3.5327, Cls=2.3444, Reg=0.0000, Con=3.9610
2025-09-13 19:37:49,152 - INFO - Batch 1220/2278: Loss=1.2273, Cls=0.0390, Reg=0.0000, Con=3.9609
2025-09-13 19:37:50,057 - INFO - Batch 1230/2278: Loss=1.2212, Cls=0.0330, Reg=0.0000, Con=3.9608
2025-09-13 19:37:50,949 - INFO - Batch 1240/2278: Loss=1.4288, Cls=0.2406, Reg=0.0000, Con=3.9608
2025-09-13 19:37:51,857 - INFO - Batch 1250/2278: Loss=1.2412, Cls=0.0530, Reg=0.0000, Con=3.9609
2025-09-13 19:37:52,726 - INFO - Batch 1260/2278: Loss=0.2749, Cls=0.2749, Reg=0.0000, Con=0.0000
2025-09-13 19:37:53,647 - INFO - Batch 1270/2278: Loss=1.2199, Cls=0.0316, Reg=0.0000, Con=3.9610
2025-09-13 19:37:54,544 - INFO - Batch 1280/2278: Loss=1.1885, Cls=0.0003, Reg=0.0000, Con=3.9607
2025-09-13 19:37:55,508 - INFO - Batch 1290/2278: Loss=0.0822, Cls=0.0822, Reg=0.0000, Con=0.0000
2025-09-13 19:37:56,398 - INFO - Batch 1300/2278: Loss=0.0005, Cls=0.0005, Reg=0.0000, Con=0.0000
2025-09-13 19:37:57,295 - INFO - Batch 1310/2278: Loss=1.7336, Cls=0.5454, Reg=0.0000, Con=3.9608
2025-09-13 19:37:58,206 - INFO - Batch 1320/2278: Loss=2.3944, Cls=1.2062, Reg=0.0000, Con=3.9609
2025-09-13 19:37:59,134 - INFO - Batch 1330/2278: Loss=1.1897, Cls=0.0014, Reg=0.0000, Con=3.9610
2025-09-13 19:38:00,013 - INFO - Batch 1340/2278: Loss=1.2136, Cls=0.0254, Reg=0.0000, Con=3.9608
2025-09-13 19:38:00,909 - INFO - Batch 1350/2278: Loss=1.3805, Cls=0.1923, Reg=0.0000, Con=3.9608
2025-09-13 19:38:01,814 - INFO - Batch 1360/2278: Loss=1.2006, Cls=0.0122, Reg=0.0000, Con=3.9612
2025-09-13 19:38:02,697 - INFO - Batch 1370/2278: Loss=1.1887, Cls=0.0004, Reg=0.0000, Con=3.9610
2025-09-13 19:38:03,601 - INFO - Batch 1380/2278: Loss=1.1931, Cls=0.0049, Reg=0.0000, Con=3.9608
2025-09-13 19:38:04,496 - INFO - Batch 1390/2278: Loss=1.2315, Cls=0.0431, Reg=0.0000, Con=3.9610
2025-09-13 19:38:05,431 - INFO - Batch 1400/2278: Loss=1.2533, Cls=0.0649, Reg=0.0000, Con=3.9615
2025-09-13 19:38:06,326 - INFO - Batch 1410/2278: Loss=0.0000, Cls=0.0000, Reg=0.0000, Con=0.0000
2025-09-13 19:38:07,249 - INFO - Batch 1420/2278: Loss=1.2490, Cls=0.0607, Reg=0.0000, Con=3.9610
2025-09-13 19:38:08,138 - INFO - Batch 1430/2278: Loss=1.3476, Cls=0.1593, Reg=0.0000, Con=3.9608
2025-09-13 19:38:09,077 - INFO - Batch 1440/2278: Loss=1.1882, Cls=0.0000, Reg=0.0000, Con=3.9606
2025-09-13 19:38:10,009 - INFO - Batch 1450/2278: Loss=0.0011, Cls=0.0011, Reg=0.0000, Con=0.0000
2025-09-13 19:38:10,896 - INFO - Batch 1460/2278: Loss=0.9331, Cls=0.9331, Reg=0.0000, Con=0.0000
2025-09-13 19:38:11,810 - INFO - Batch 1470/2278: Loss=2.3705, Cls=1.1823, Reg=0.0000, Con=3.9607
2025-09-13 19:38:12,722 - INFO - Batch 1480/2278: Loss=1.1910, Cls=0.0028, Reg=0.0000, Con=3.9608
2025-09-13 19:38:13,637 - INFO - Batch 1490/2278: Loss=1.0915, Cls=1.0915, Reg=0.0000, Con=0.0000
2025-09-13 19:38:14,530 - INFO - Batch 1500/2278: Loss=1.1917, Cls=0.0034, Reg=0.0000, Con=3.9610
2025-09-13 19:38:15,437 - INFO - Batch 1510/2278: Loss=1.1887, Cls=0.0005, Reg=0.0000, Con=3.9609
2025-09-13 19:38:16,306 - INFO - Batch 1520/2278: Loss=0.0065, Cls=0.0065, Reg=0.0000, Con=0.0000
2025-09-13 19:38:17,203 - INFO - Batch 1530/2278: Loss=1.3174, Cls=0.1292, Reg=0.0000, Con=3.9608
2025-09-13 19:38:18,102 - INFO - Batch 1540/2278: Loss=1.2023, Cls=0.0140, Reg=0.0000, Con=3.9610
2025-09-13 19:38:19,020 - INFO - Batch 1550/2278: Loss=1.2518, Cls=0.0635, Reg=0.0000, Con=3.9609
2025-09-13 19:38:19,922 - INFO - Batch 1560/2278: Loss=1.2254, Cls=0.0372, Reg=0.0000, Con=3.9608
2025-09-13 19:38:20,803 - INFO - Batch 1570/2278: Loss=0.9913, Cls=0.9913, Reg=0.0000, Con=0.0000
2025-09-13 19:38:21,726 - INFO - Batch 1580/2278: Loss=1.3439, Cls=0.1557, Reg=0.0000, Con=3.9608
2025-09-13 19:38:22,632 - INFO - Batch 1590/2278: Loss=0.0003, Cls=0.0003, Reg=0.0000, Con=0.0000
2025-09-13 19:38:23,545 - INFO - Batch 1600/2278: Loss=1.2059, Cls=0.0177, Reg=0.0000, Con=3.9608
2025-09-13 19:38:24,434 - INFO - Batch 1610/2278: Loss=0.3878, Cls=0.3878, Reg=0.0000, Con=0.0000
2025-09-13 19:38:25,347 - INFO - Batch 1620/2278: Loss=1.1897, Cls=0.0014, Reg=0.0000, Con=3.9608
2025-09-13 19:38:26,224 - INFO - Batch 1630/2278: Loss=1.2028, Cls=0.0145, Reg=0.0000, Con=3.9610
2025-09-13 19:38:27,133 - INFO - Batch 1640/2278: Loss=0.1050, Cls=0.1050, Reg=0.0000, Con=0.0000
2025-09-13 19:38:28,044 - INFO - Batch 1650/2278: Loss=1.2003, Cls=0.0121, Reg=0.0000, Con=3.9608
2025-09-13 19:38:28,959 - INFO - Batch 1660/2278: Loss=1.1919, Cls=0.0035, Reg=0.0000, Con=3.9613
2025-09-13 19:38:29,842 - INFO - Batch 1670/2278: Loss=1.9550, Cls=0.7667, Reg=0.0000, Con=3.9609
2025-09-13 19:38:30,738 - INFO - Batch 1680/2278: Loss=1.1893, Cls=0.0011, Reg=0.0000, Con=3.9607
2025-09-13 19:38:31,658 - INFO - Batch 1690/2278: Loss=1.1940, Cls=0.0057, Reg=0.0000, Con=3.9610
2025-09-13 19:38:32,571 - INFO - Batch 1700/2278: Loss=1.2047, Cls=0.0165, Reg=0.0000, Con=3.9608
2025-09-13 19:38:33,456 - INFO - Batch 1710/2278: Loss=2.2651, Cls=1.0768, Reg=0.0000, Con=3.9608
2025-09-13 19:38:34,343 - INFO - Batch 1720/2278: Loss=0.0054, Cls=0.0054, Reg=0.0000, Con=0.0000
2025-09-13 19:38:35,216 - INFO - Batch 1730/2278: Loss=1.2069, Cls=0.0186, Reg=0.0000, Con=3.9608
2025-09-13 19:38:36,110 - INFO - Batch 1740/2278: Loss=1.1884, Cls=0.0001, Reg=0.0000, Con=3.9609
2025-09-13 19:38:37,001 - INFO - Batch 1750/2278: Loss=0.0254, Cls=0.0254, Reg=0.0000, Con=0.0000
2025-09-13 19:38:37,896 - INFO - Batch 1760/2278: Loss=1.1885, Cls=0.0001, Reg=0.0000, Con=3.9612
2025-09-13 19:38:38,795 - INFO - Batch 1770/2278: Loss=0.0044, Cls=0.0044, Reg=0.0000, Con=0.0000
2025-09-13 19:38:39,696 - INFO - Batch 1780/2278: Loss=0.0134, Cls=0.0134, Reg=0.0000, Con=0.0000
2025-09-13 19:38:40,597 - INFO - Batch 1790/2278: Loss=0.0251, Cls=0.0251, Reg=0.0000, Con=0.0000
2025-09-13 19:38:41,490 - INFO - Batch 1800/2278: Loss=1.1889, Cls=0.0007, Reg=0.0000, Con=3.9607
2025-09-13 19:38:42,397 - INFO - Batch 1810/2278: Loss=2.4999, Cls=2.4999, Reg=0.0000, Con=0.0000
2025-09-13 19:38:43,314 - INFO - Batch 1820/2278: Loss=2.5609, Cls=2.5609, Reg=0.0000, Con=0.0000
2025-09-13 19:38:44,215 - INFO - Batch 1830/2278: Loss=1.1917, Cls=0.0034, Reg=0.0000, Con=3.9608
2025-09-13 19:38:45,120 - INFO - Batch 1840/2278: Loss=1.6153, Cls=0.4271, Reg=0.0000, Con=3.9608
2025-09-13 19:38:46,020 - INFO - Batch 1850/2278: Loss=2.2620, Cls=1.0737, Reg=0.0000, Con=3.9609
2025-09-13 19:38:46,914 - INFO - Batch 1860/2278: Loss=1.1982, Cls=0.0100, Reg=0.0000, Con=3.9607
2025-09-13 19:38:47,873 - INFO - Batch 1870/2278: Loss=0.0761, Cls=0.0761, Reg=0.0000, Con=0.0000
2025-09-13 19:38:48,792 - INFO - Batch 1880/2278: Loss=1.2237, Cls=0.0354, Reg=0.0000, Con=3.9607
2025-09-13 19:38:49,693 - INFO - Batch 1890/2278: Loss=1.2353, Cls=0.0471, Reg=0.0000, Con=3.9608
2025-09-13 19:38:50,620 - INFO - Batch 1900/2278: Loss=1.6670, Cls=0.4788, Reg=0.0000, Con=3.9608
2025-09-13 19:38:51,559 - INFO - Batch 1910/2278: Loss=1.2609, Cls=0.0726, Reg=0.0000, Con=3.9610
2025-09-13 19:38:52,483 - INFO - Batch 1920/2278: Loss=0.1982, Cls=0.1982, Reg=0.0000, Con=0.0000
2025-09-13 19:38:53,416 - INFO - Batch 1930/2278: Loss=1.6922, Cls=0.5039, Reg=0.0000, Con=3.9609
2025-09-13 19:38:54,303 - INFO - Batch 1940/2278: Loss=1.2127, Cls=0.0245, Reg=0.0000, Con=3.9607
2025-09-13 19:38:55,171 - INFO - Batch 1950/2278: Loss=1.4181, Cls=0.2298, Reg=0.0000, Con=3.9609
2025-09-13 19:38:56,060 - INFO - Batch 1960/2278: Loss=1.2020, Cls=0.0138, Reg=0.0000, Con=3.9609
2025-09-13 19:38:56,960 - INFO - Batch 1970/2278: Loss=0.0000, Cls=0.0000, Reg=0.0000, Con=0.0000
2025-09-13 19:38:57,895 - INFO - Batch 1980/2278: Loss=1.1883, Cls=0.0000, Reg=0.0000, Con=3.9610
2025-09-13 19:38:58,813 - INFO - Batch 1990/2278: Loss=1.1882, Cls=0.0000, Reg=0.0000, Con=3.9608
2025-09-13 19:38:59,700 - INFO - Batch 2000/2278: Loss=1.1952, Cls=0.0069, Reg=0.0000, Con=3.9610
2025-09-13 19:39:00,619 - INFO - Batch 2010/2278: Loss=1.4340, Cls=0.2457, Reg=0.0000, Con=3.9608
2025-09-13 19:39:01,665 - INFO - Batch 2020/2278: Loss=1.1884, Cls=0.0002, Reg=0.0000, Con=3.9608
2025-09-13 19:39:02,598 - INFO - Batch 2030/2278: Loss=1.2316, Cls=0.0434, Reg=0.0000, Con=3.9608
2025-09-13 19:39:03,573 - INFO - Batch 2040/2278: Loss=1.4373, Cls=0.2490, Reg=0.0000, Con=3.9610
2025-09-13 19:39:04,528 - INFO - Batch 2050/2278: Loss=1.8927, Cls=0.7044, Reg=0.0000, Con=3.9608
2025-09-13 19:39:05,420 - INFO - Batch 2060/2278: Loss=1.2170, Cls=0.0287, Reg=0.0000, Con=3.9609
2025-09-13 19:39:06,351 - INFO - Batch 2070/2278: Loss=0.0019, Cls=0.0019, Reg=0.0000, Con=0.0000
2025-09-13 19:39:07,254 - INFO - Batch 2080/2278: Loss=1.2928, Cls=0.1045, Reg=0.0000, Con=3.9613
2025-09-13 19:39:08,163 - INFO - Batch 2090/2278: Loss=1.1884, Cls=0.0002, Reg=0.0000, Con=3.9607
2025-09-13 19:39:09,068 - INFO - Batch 2100/2278: Loss=1.1891, Cls=0.0006, Reg=0.0000, Con=3.9619
2025-09-13 19:39:09,954 - INFO - Batch 2110/2278: Loss=2.9237, Cls=1.7355, Reg=0.0000, Con=3.9609
2025-09-13 19:39:10,855 - INFO - Batch 2120/2278: Loss=1.0656, Cls=1.0656, Reg=0.0000, Con=0.0000
2025-09-13 19:39:11,755 - INFO - Batch 2130/2278: Loss=1.6644, Cls=0.4762, Reg=0.0000, Con=3.9606
2025-09-13 19:39:12,654 - INFO - Batch 2140/2278: Loss=0.0000, Cls=0.0000, Reg=0.0000, Con=0.0000
2025-09-13 19:39:13,521 - INFO - Batch 2150/2278: Loss=1.4242, Cls=0.2360, Reg=0.0000, Con=3.9608
2025-09-13 19:39:14,419 - INFO - Batch 2160/2278: Loss=1.2029, Cls=0.0146, Reg=0.0000, Con=3.9609
2025-09-13 19:39:15,304 - INFO - Batch 2170/2278: Loss=1.1901, Cls=0.0019, Reg=0.0000, Con=3.9608
2025-09-13 19:39:16,214 - INFO - Batch 2180/2278: Loss=0.0002, Cls=0.0002, Reg=0.0000, Con=0.0000
2025-09-13 19:39:17,101 - INFO - Batch 2190/2278: Loss=1.1939, Cls=0.0056, Reg=0.0000, Con=3.9609
2025-09-13 19:39:18,017 - INFO - Batch 2200/2278: Loss=1.1896, Cls=0.0013, Reg=0.0000, Con=3.9608
2025-09-13 19:39:18,893 - INFO - Batch 2210/2278: Loss=1.6745, Cls=0.4863, Reg=0.0000, Con=3.9609
2025-09-13 19:39:19,793 - INFO - Batch 2220/2278: Loss=0.0347, Cls=0.0347, Reg=0.0000, Con=0.0000
2025-09-13 19:39:20,690 - INFO - Batch 2230/2278: Loss=1.2741, Cls=0.0858, Reg=0.0000, Con=3.9609
2025-09-13 19:39:21,591 - INFO - Batch 2240/2278: Loss=2.5791, Cls=1.3907, Reg=0.0000, Con=3.9612
2025-09-13 19:39:22,469 - INFO - Batch 2250/2278: Loss=1.2443, Cls=0.0561, Reg=0.0000, Con=3.9608
2025-09-13 19:39:23,361 - INFO - Batch 2260/2278: Loss=1.2421, Cls=0.0539, Reg=0.0000, Con=3.9608
2025-09-13 19:39:24,242 - INFO - Batch 2270/2278: Loss=2.0797, Cls=0.8914, Reg=0.0000, Con=3.9608
2025-09-13 19:42:52,698 - INFO - === Epoch 3 Results ===
2025-09-13 19:42:52,698 - INFO - Training Loss: 1.1754 (Classification: 0.2646, Regression: 0.0000)
2025-09-13 19:42:52,698 - INFO - Validation Loss: 0.1378 (Classification: 0.1378, Regression: 0.0000)
2025-09-13 19:42:52,698 - INFO - Average Classification Accuracy: 0.8514 (on 1/26 tasks)
2025-09-13 19:42:52,698 - INFO - Average AUC: 0.9209
2025-09-13 19:42:52,698 - INFO - Training finished!
2025-09-13 19:42:52,698 - INFO - Performing final evaluation...
2025-09-13 19:42:52,907 - INFO - Loaded best model from: experiments/r1c3_single_cls_13_seed_42_20250913_192210/checkpoints/r1c3_single_cls_13_seed_42_best.pth
2025-09-13 19:46:20,229 - INFO - Final Validation Results:
2025-09-13 19:46:20,229 - INFO -   Total Loss: 0.1242
2025-09-13 19:46:20,229 - INFO -   Classification Loss: 0.1242
2025-09-13 19:46:20,229 - INFO -   Regression Loss: 0.0000
2025-09-13 19:46:20,230 - INFO -   Average Classification Accuracy: 0.8561
2025-09-13 19:46:20,230 - INFO -   Average AUC: 0.9257
2025-09-13 19:46:20,230 - INFO - Results saved to: experiments/r1c3_single_cls_13_seed_42_20250913_192210/checkpoints/r1c3_single_cls_13_seed_42_results.json
