2025-09-14 02:03:25,021 - INFO - 🔬 Starting experiment: r1c3_headft_cls_11_seed_42
2025-09-14 02:03:25,021 - INFO - 📁 Experiment directory: experiments/r1c3_headft_cls_11_seed_42_20250914_020324
2025-09-14 02:03:25,021 - INFO - 🎲 Random seed: 42
2025-09-14 02:03:25,021 - INFO - 🔒 Deterministic mode: True
2025-09-14 02:03:25,021 - INFO - Using device: cuda
2025-09-14 02:03:25,021 - INFO - Total GPU Memory: 25.16 GB
2025-09-14 02:03:25,036 - INFO - 🧪 Fusion: Using cross-attention dynamic fusion
2025-09-14 02:03:25,036 - INFO - 🧪 GNN Backbone: Using default GraphAttentionNetwork branch
2025-09-14 02:03:25,036 - INFO - 🎯 Task Mode: Single classification endpoint 11
2025-09-14 02:03:25,036 - INFO - Configuration saved to: experiments/r1c3_headft_cls_11_seed_42_20250914_020324/checkpoints/config.json
2025-09-14 02:03:25,036 - INFO - 🚀 Using preprocessed data from: /mnt/backup2/ai4s/backupunimolpy/responds-work/ToxD4C/data/data/processed
2025-09-14 02:03:25,036 - INFO - Loading LMDB dataset from: /mnt/backup2/ai4s/backupunimolpy/responds-work/ToxD4C/data/data/processed
2025-09-14 02:03:25,403 - INFO - Number of training batches: 2278
2025-09-14 02:03:25,403 - INFO - Number of validation batches: 2278
2025-09-14 02:03:25,403 - INFO - Number of test batches: 2278
2025-09-14 02:03:25,403 - INFO - Creating ToxD4C model...
2025-09-14 02:03:26,528 - INFO - Model created successfully. Total parameters: 100,932,036
2025-09-14 02:03:26,528 - INFO - Testing model forward pass...
2025-09-14 02:03:26,965 - INFO - Test output shapes:
2025-09-14 02:03:26,965 - INFO -   classification: torch.Size([16, 1])
2025-09-14 02:03:26,967 - INFO -   classification contains NaN: False
2025-09-14 02:03:26,967 - INFO -   classification contains Inf: False
2025-09-14 02:03:26,967 - INFO -   regression: torch.Size([16, 0])
2025-09-14 02:03:26,967 - INFO -   regression contains NaN: False
2025-09-14 02:03:26,967 - INFO -   regression contains Inf: False
2025-09-14 02:03:26,968 - INFO - Model forward pass test successful!
2025-09-14 02:03:27,671 - INFO - 🔁 Loaded checkpoint from: /mnt/backup2/ai4s/backupunimolpy/responds-work/ToxD4C/experiments/r1c3_multi_full_seed_42_20250913_152627/checkpoints/r1c3_multi_full_seed_42_best.pth
2025-09-14 02:03:27,671 - INFO - 🧩 Head-only fine-tuning: unfroze head for task 'CYP2C9' and froze trunk.
2025-09-14 02:03:27,673 - INFO - Starting training...
2025-09-14 02:03:27,673 - INFO - 
Epoch 1/3
2025-09-14 02:03:27,845 - INFO - Batch 0/2278: Loss=0.7823, Cls=0.7823, Reg=0.0000, Con=0.0000
2025-09-14 02:03:28,742 - INFO - Batch 10/2278: Loss=1.3871, Cls=0.1989, Reg=0.0000, Con=3.9608
2025-09-14 02:03:29,625 - INFO - Batch 20/2278: Loss=1.7034, Cls=0.5151, Reg=0.0000, Con=3.9609
2025-09-14 02:03:30,527 - INFO - Batch 30/2278: Loss=2.1875, Cls=0.9993, Reg=0.0000, Con=3.9607
2025-09-14 02:03:31,421 - INFO - Batch 40/2278: Loss=0.0592, Cls=0.0592, Reg=0.0000, Con=0.0000
2025-09-14 02:03:32,322 - INFO - Batch 50/2278: Loss=1.2978, Cls=0.1096, Reg=0.0000, Con=3.9609
2025-09-14 02:03:33,228 - INFO - Batch 60/2278: Loss=2.1292, Cls=0.9409, Reg=0.0000, Con=3.9609
2025-09-14 02:03:34,140 - INFO - Batch 70/2278: Loss=1.2520, Cls=0.0638, Reg=0.0000, Con=3.9608
2025-09-14 02:03:35,024 - INFO - Batch 80/2278: Loss=0.3577, Cls=0.3577, Reg=0.0000, Con=0.0000
2025-09-14 02:03:35,940 - INFO - Batch 90/2278: Loss=1.3145, Cls=0.1263, Reg=0.0000, Con=3.9608
2025-09-14 02:03:36,825 - INFO - Batch 100/2278: Loss=1.2524, Cls=0.0642, Reg=0.0000, Con=3.9608
2025-09-14 02:03:37,749 - INFO - Batch 110/2278: Loss=0.0473, Cls=0.0473, Reg=0.0000, Con=0.0000
2025-09-14 02:03:38,637 - INFO - Batch 120/2278: Loss=1.8126, Cls=0.6243, Reg=0.0000, Con=3.9609
2025-09-14 02:03:39,522 - INFO - Batch 130/2278: Loss=1.7141, Cls=0.5258, Reg=0.0000, Con=3.9609
2025-09-14 02:03:40,397 - INFO - Batch 140/2278: Loss=1.2755, Cls=0.0872, Reg=0.0000, Con=3.9612
2025-09-14 02:03:41,308 - INFO - Batch 150/2278: Loss=1.1906, Cls=0.0022, Reg=0.0000, Con=3.9613
2025-09-14 02:03:42,238 - INFO - Batch 160/2278: Loss=1.2708, Cls=0.0825, Reg=0.0000, Con=3.9609
2025-09-14 02:03:43,126 - INFO - Batch 170/2278: Loss=1.6945, Cls=0.5061, Reg=0.0000, Con=3.9611
2025-09-14 02:03:44,025 - INFO - Batch 180/2278: Loss=1.2546, Cls=0.0664, Reg=0.0000, Con=3.9608
2025-09-14 02:03:44,910 - INFO - Batch 190/2278: Loss=1.2240, Cls=0.0358, Reg=0.0000, Con=3.9608
2025-09-14 02:03:45,787 - INFO - Batch 200/2278: Loss=0.0049, Cls=0.0049, Reg=0.0000, Con=0.0000
2025-09-14 02:03:46,698 - INFO - Batch 210/2278: Loss=0.0002, Cls=0.0002, Reg=0.0000, Con=0.0000
2025-09-14 02:03:47,606 - INFO - Batch 220/2278: Loss=0.4008, Cls=0.4008, Reg=0.0000, Con=0.0000
2025-09-14 02:03:48,519 - INFO - Batch 230/2278: Loss=1.7406, Cls=0.5523, Reg=0.0000, Con=3.9610
2025-09-14 02:03:49,414 - INFO - Batch 240/2278: Loss=1.4391, Cls=0.2509, Reg=0.0000, Con=3.9608
2025-09-14 02:03:50,308 - INFO - Batch 250/2278: Loss=0.0029, Cls=0.0029, Reg=0.0000, Con=0.0000
2025-09-14 02:03:51,199 - INFO - Batch 260/2278: Loss=0.0155, Cls=0.0155, Reg=0.0000, Con=0.0000
2025-09-14 02:03:52,115 - INFO - Batch 270/2278: Loss=0.0014, Cls=0.0014, Reg=0.0000, Con=0.0000
2025-09-14 02:03:52,992 - INFO - Batch 280/2278: Loss=1.2065, Cls=0.0182, Reg=0.0000, Con=3.9609
2025-09-14 02:03:53,857 - INFO - Batch 290/2278: Loss=0.0000, Cls=0.0000, Reg=0.0000, Con=0.0000
2025-09-14 02:03:54,743 - INFO - Batch 300/2278: Loss=1.3658, Cls=0.1775, Reg=0.0000, Con=3.9609
2025-09-14 02:03:55,648 - INFO - Batch 310/2278: Loss=1.1999, Cls=0.0116, Reg=0.0000, Con=3.9610
2025-09-14 02:03:56,527 - INFO - Batch 320/2278: Loss=2.2631, Cls=1.0748, Reg=0.0000, Con=3.9608
2025-09-14 02:03:57,454 - INFO - Batch 330/2278: Loss=1.2939, Cls=0.1057, Reg=0.0000, Con=3.9609
2025-09-14 02:03:58,350 - INFO - Batch 340/2278: Loss=2.2839, Cls=1.0956, Reg=0.0000, Con=3.9610
2025-09-14 02:03:59,277 - INFO - Batch 350/2278: Loss=1.7419, Cls=0.5536, Reg=0.0000, Con=3.9611
2025-09-14 02:04:00,155 - INFO - Batch 360/2278: Loss=1.2098, Cls=0.0216, Reg=0.0000, Con=3.9607
2025-09-14 02:04:01,058 - INFO - Batch 370/2278: Loss=1.2230, Cls=0.0348, Reg=0.0000, Con=3.9608
2025-09-14 02:04:01,943 - INFO - Batch 380/2278: Loss=2.0114, Cls=0.8232, Reg=0.0000, Con=3.9607
2025-09-14 02:04:02,852 - INFO - Batch 390/2278: Loss=1.1882, Cls=0.0000, Reg=0.0000, Con=3.9607
2025-09-14 02:04:03,755 - INFO - Batch 400/2278: Loss=1.8000, Cls=1.8000, Reg=0.0000, Con=0.0000
2025-09-14 02:04:04,642 - INFO - Batch 410/2278: Loss=0.0379, Cls=0.0379, Reg=0.0000, Con=0.0000
2025-09-14 02:04:05,527 - INFO - Batch 420/2278: Loss=1.2667, Cls=0.0785, Reg=0.0000, Con=3.9609
2025-09-14 02:04:06,435 - INFO - Batch 430/2278: Loss=1.2483, Cls=0.0601, Reg=0.0000, Con=3.9607
2025-09-14 02:04:07,324 - INFO - Batch 440/2278: Loss=1.6532, Cls=0.4650, Reg=0.0000, Con=3.9608
2025-09-14 02:04:08,189 - INFO - Batch 450/2278: Loss=1.8350, Cls=0.6467, Reg=0.0000, Con=3.9607
2025-09-14 02:04:09,056 - INFO - Batch 460/2278: Loss=1.1958, Cls=0.0076, Reg=0.0000, Con=3.9607
2025-09-14 02:04:09,969 - INFO - Batch 470/2278: Loss=1.1884, Cls=0.0000, Reg=0.0000, Con=3.9611
2025-09-14 02:04:10,867 - INFO - Batch 480/2278: Loss=1.4872, Cls=0.2990, Reg=0.0000, Con=3.9607
2025-09-14 02:04:11,759 - INFO - Batch 490/2278: Loss=0.0154, Cls=0.0154, Reg=0.0000, Con=0.0000
2025-09-14 02:04:12,627 - INFO - Batch 500/2278: Loss=6.1221, Cls=6.1221, Reg=0.0000, Con=0.0000
2025-09-14 02:04:13,500 - INFO - Batch 510/2278: Loss=1.1941, Cls=0.0058, Reg=0.0000, Con=3.9609
2025-09-14 02:04:14,378 - INFO - Batch 520/2278: Loss=1.1905, Cls=0.0023, Reg=0.0000, Con=3.9608
2025-09-14 02:04:15,266 - INFO - Batch 530/2278: Loss=3.0538, Cls=1.8656, Reg=0.0000, Con=3.9608
2025-09-14 02:04:16,169 - INFO - Batch 540/2278: Loss=1.1993, Cls=0.0110, Reg=0.0000, Con=3.9610
2025-09-14 02:04:17,049 - INFO - Batch 550/2278: Loss=1.4095, Cls=0.2213, Reg=0.0000, Con=3.9607
2025-09-14 02:04:17,906 - INFO - Batch 560/2278: Loss=1.2910, Cls=0.1028, Reg=0.0000, Con=3.9609
2025-09-14 02:04:18,834 - INFO - Batch 570/2278: Loss=1.2943, Cls=0.1061, Reg=0.0000, Con=3.9608
2025-09-14 02:04:19,723 - INFO - Batch 580/2278: Loss=1.1944, Cls=0.0061, Reg=0.0000, Con=3.9608
2025-09-14 02:04:20,590 - INFO - Batch 590/2278: Loss=0.0006, Cls=0.0006, Reg=0.0000, Con=0.0000
2025-09-14 02:04:21,491 - INFO - Batch 600/2278: Loss=1.2158, Cls=0.0276, Reg=0.0000, Con=3.9609
2025-09-14 02:04:22,363 - INFO - Batch 610/2278: Loss=1.2019, Cls=0.0137, Reg=0.0000, Con=3.9609
2025-09-14 02:04:23,247 - INFO - Batch 620/2278: Loss=1.2038, Cls=0.0156, Reg=0.0000, Con=3.9608
2025-09-14 02:04:24,152 - INFO - Batch 630/2278: Loss=0.7859, Cls=0.7859, Reg=0.0000, Con=0.0000
2025-09-14 02:04:25,075 - INFO - Batch 640/2278: Loss=1.9171, Cls=0.7289, Reg=0.0000, Con=3.9608
2025-09-14 02:04:25,962 - INFO - Batch 650/2278: Loss=1.1927, Cls=0.0043, Reg=0.0000, Con=3.9613
2025-09-14 02:04:26,819 - INFO - Batch 660/2278: Loss=1.6617, Cls=0.4734, Reg=0.0000, Con=3.9608
2025-09-14 02:04:27,706 - INFO - Batch 670/2278: Loss=1.2608, Cls=0.0725, Reg=0.0000, Con=3.9608
2025-09-14 02:04:28,589 - INFO - Batch 680/2278: Loss=3.3508, Cls=2.1625, Reg=0.0000, Con=3.9608
2025-09-14 02:04:29,652 - INFO - Batch 690/2278: Loss=0.2899, Cls=0.2899, Reg=0.0000, Con=0.0000
2025-09-14 02:04:30,553 - INFO - Batch 700/2278: Loss=0.4243, Cls=0.4243, Reg=0.0000, Con=0.0000
2025-09-14 02:04:31,457 - INFO - Batch 710/2278: Loss=1.3819, Cls=0.1937, Reg=0.0000, Con=3.9607
2025-09-14 02:04:32,328 - INFO - Batch 720/2278: Loss=1.8598, Cls=0.6715, Reg=0.0000, Con=3.9609
2025-09-14 02:04:33,209 - INFO - Batch 730/2278: Loss=1.2006, Cls=0.0123, Reg=0.0000, Con=3.9613
2025-09-14 02:04:34,101 - INFO - Batch 740/2278: Loss=1.2066, Cls=0.0183, Reg=0.0000, Con=3.9609
2025-09-14 02:04:34,995 - INFO - Batch 750/2278: Loss=1.1944, Cls=0.0061, Reg=0.0000, Con=3.9609
2025-09-14 02:04:35,891 - INFO - Batch 760/2278: Loss=1.1884, Cls=0.0001, Reg=0.0000, Con=3.9608
2025-09-14 02:04:36,777 - INFO - Batch 770/2278: Loss=2.1911, Cls=1.0028, Reg=0.0000, Con=3.9610
2025-09-14 02:04:37,667 - INFO - Batch 780/2278: Loss=1.1894, Cls=0.0011, Reg=0.0000, Con=3.9608
2025-09-14 02:04:38,549 - INFO - Batch 790/2278: Loss=0.0190, Cls=0.0190, Reg=0.0000, Con=0.0000
2025-09-14 02:04:39,430 - INFO - Batch 800/2278: Loss=2.2113, Cls=1.0230, Reg=0.0000, Con=3.9612
2025-09-14 02:04:40,313 - INFO - Batch 810/2278: Loss=1.1910, Cls=0.0026, Reg=0.0000, Con=3.9612
2025-09-14 02:04:41,210 - INFO - Batch 820/2278: Loss=1.6738, Cls=0.4855, Reg=0.0000, Con=3.9609
2025-09-14 02:04:42,109 - INFO - Batch 830/2278: Loss=1.3862, Cls=0.1979, Reg=0.0000, Con=3.9609
2025-09-14 02:04:42,988 - INFO - Batch 840/2278: Loss=1.2047, Cls=0.0165, Reg=0.0000, Con=3.9608
2025-09-14 02:04:43,883 - INFO - Batch 850/2278: Loss=0.3738, Cls=0.3738, Reg=0.0000, Con=0.0000
2025-09-14 02:04:44,741 - INFO - Batch 860/2278: Loss=1.2115, Cls=0.0233, Reg=0.0000, Con=3.9607
2025-09-14 02:04:45,614 - INFO - Batch 870/2278: Loss=0.0352, Cls=0.0352, Reg=0.0000, Con=0.0000
2025-09-14 02:04:46,507 - INFO - Batch 880/2278: Loss=1.3816, Cls=0.1934, Reg=0.0000, Con=3.9608
2025-09-14 02:04:47,368 - INFO - Batch 890/2278: Loss=0.0000, Cls=0.0000, Reg=0.0000, Con=0.0000
2025-09-14 02:04:48,260 - INFO - Batch 900/2278: Loss=1.2002, Cls=0.0120, Reg=0.0000, Con=3.9609
2025-09-14 02:04:49,153 - INFO - Batch 910/2278: Loss=1.2065, Cls=0.0182, Reg=0.0000, Con=3.9609
2025-09-14 02:04:50,023 - INFO - Batch 920/2278: Loss=1.5174, Cls=0.3292, Reg=0.0000, Con=3.9610
2025-09-14 02:04:50,917 - INFO - Batch 930/2278: Loss=1.1888, Cls=0.0006, Reg=0.0000, Con=3.9608
2025-09-14 02:04:51,820 - INFO - Batch 940/2278: Loss=1.9286, Cls=0.7403, Reg=0.0000, Con=3.9609
2025-09-14 02:04:52,712 - INFO - Batch 950/2278: Loss=2.6396, Cls=1.4513, Reg=0.0000, Con=3.9609
2025-09-14 02:04:53,581 - INFO - Batch 960/2278: Loss=1.2748, Cls=0.0865, Reg=0.0000, Con=3.9609
2025-09-14 02:04:54,471 - INFO - Batch 970/2278: Loss=1.3450, Cls=0.1567, Reg=0.0000, Con=3.9612
2025-09-14 02:04:55,352 - INFO - Batch 980/2278: Loss=0.0079, Cls=0.0079, Reg=0.0000, Con=0.0000
2025-09-14 02:04:56,233 - INFO - Batch 990/2278: Loss=0.0397, Cls=0.0397, Reg=0.0000, Con=0.0000
2025-09-14 02:04:57,110 - INFO - Batch 1000/2278: Loss=1.1883, Cls=0.0000, Reg=0.0000, Con=3.9609
2025-09-14 02:04:58,010 - INFO - Batch 1010/2278: Loss=1.1997, Cls=0.0115, Reg=0.0000, Con=3.9607
2025-09-14 02:04:58,899 - INFO - Batch 1020/2278: Loss=0.0000, Cls=0.0000, Reg=0.0000, Con=0.0000
2025-09-14 02:04:59,792 - INFO - Batch 1030/2278: Loss=1.3250, Cls=0.1367, Reg=0.0000, Con=3.9610
2025-09-14 02:05:00,675 - INFO - Batch 1040/2278: Loss=1.3555, Cls=0.1673, Reg=0.0000, Con=3.9607
2025-09-14 02:05:01,548 - INFO - Batch 1050/2278: Loss=1.2938, Cls=0.1055, Reg=0.0000, Con=3.9609
2025-09-14 02:05:02,431 - INFO - Batch 1060/2278: Loss=1.1902, Cls=0.0020, Reg=0.0000, Con=3.9608
2025-09-14 02:05:03,353 - INFO - Batch 1070/2278: Loss=1.3025, Cls=0.1143, Reg=0.0000, Con=3.9608
2025-09-14 02:05:04,228 - INFO - Batch 1080/2278: Loss=0.0052, Cls=0.0052, Reg=0.0000, Con=0.0000
2025-09-14 02:05:05,143 - INFO - Batch 1090/2278: Loss=1.2019, Cls=0.0136, Reg=0.0000, Con=3.9608
2025-09-14 02:05:06,038 - INFO - Batch 1100/2278: Loss=1.2118, Cls=0.0236, Reg=0.0000, Con=3.9608
2025-09-14 02:05:06,955 - INFO - Batch 1110/2278: Loss=1.2157, Cls=0.0275, Reg=0.0000, Con=3.9608
2025-09-14 02:05:07,828 - INFO - Batch 1120/2278: Loss=0.2684, Cls=0.2684, Reg=0.0000, Con=0.0000
2025-09-14 02:05:08,816 - INFO - Batch 1130/2278: Loss=1.5298, Cls=0.3415, Reg=0.0000, Con=3.9608
2025-09-14 02:05:09,708 - INFO - Batch 1140/2278: Loss=2.0867, Cls=0.8984, Reg=0.0000, Con=3.9608
2025-09-14 02:05:10,592 - INFO - Batch 1150/2278: Loss=1.9140, Cls=0.7257, Reg=0.0000, Con=3.9611
2025-09-14 02:05:11,494 - INFO - Batch 1160/2278: Loss=1.2001, Cls=0.0118, Reg=0.0000, Con=3.9609
2025-09-14 02:05:12,395 - INFO - Batch 1170/2278: Loss=0.0011, Cls=0.0011, Reg=0.0000, Con=0.0000
2025-09-14 02:05:13,269 - INFO - Batch 1180/2278: Loss=2.4128, Cls=1.2246, Reg=0.0000, Con=3.9609
2025-09-14 02:05:14,170 - INFO - Batch 1190/2278: Loss=1.2132, Cls=0.0249, Reg=0.0000, Con=3.9609
2025-09-14 02:05:15,066 - INFO - Batch 1200/2278: Loss=0.0049, Cls=0.0049, Reg=0.0000, Con=0.0000
2025-09-14 02:05:15,957 - INFO - Batch 1210/2278: Loss=1.2878, Cls=0.0995, Reg=0.0000, Con=3.9610
2025-09-14 02:05:16,837 - INFO - Batch 1220/2278: Loss=1.7995, Cls=1.7995, Reg=0.0000, Con=0.0000
2025-09-14 02:05:17,727 - INFO - Batch 1230/2278: Loss=1.2031, Cls=0.0149, Reg=0.0000, Con=3.9609
2025-09-14 02:05:18,640 - INFO - Batch 1240/2278: Loss=1.3610, Cls=0.1728, Reg=0.0000, Con=3.9608
2025-09-14 02:05:19,537 - INFO - Batch 1250/2278: Loss=0.4387, Cls=0.4387, Reg=0.0000, Con=0.0000
2025-09-14 02:05:20,425 - INFO - Batch 1260/2278: Loss=1.1926, Cls=0.0044, Reg=0.0000, Con=3.9608
2025-09-14 02:05:21,319 - INFO - Batch 1270/2278: Loss=1.1937, Cls=0.0054, Reg=0.0000, Con=3.9609
2025-09-14 02:05:22,213 - INFO - Batch 1280/2278: Loss=1.9605, Cls=0.7723, Reg=0.0000, Con=3.9608
2025-09-14 02:05:23,110 - INFO - Batch 1290/2278: Loss=1.3839, Cls=0.1957, Reg=0.0000, Con=3.9607
2025-09-14 02:05:24,012 - INFO - Batch 1300/2278: Loss=1.2200, Cls=0.0317, Reg=0.0000, Con=3.9610
2025-09-14 02:05:24,917 - INFO - Batch 1310/2278: Loss=1.9767, Cls=0.7884, Reg=0.0000, Con=3.9611
2025-09-14 02:05:25,801 - INFO - Batch 1320/2278: Loss=2.3886, Cls=1.2003, Reg=0.0000, Con=3.9608
2025-09-14 02:05:26,669 - INFO - Batch 1330/2278: Loss=1.6013, Cls=0.4129, Reg=0.0000, Con=3.9613
2025-09-14 02:05:27,564 - INFO - Batch 1340/2278: Loss=1.2385, Cls=0.0503, Reg=0.0000, Con=3.9608
2025-09-14 02:05:28,455 - INFO - Batch 1350/2278: Loss=0.0001, Cls=0.0001, Reg=0.0000, Con=0.0000
2025-09-14 02:05:29,348 - INFO - Batch 1360/2278: Loss=1.3412, Cls=0.1529, Reg=0.0000, Con=3.9609
2025-09-14 02:05:30,268 - INFO - Batch 1370/2278: Loss=2.2418, Cls=1.0535, Reg=0.0000, Con=3.9608
2025-09-14 02:05:31,169 - INFO - Batch 1380/2278: Loss=1.1883, Cls=0.0001, Reg=0.0000, Con=3.9608
2025-09-14 02:05:32,048 - INFO - Batch 1390/2278: Loss=1.1917, Cls=0.0034, Reg=0.0000, Con=3.9608
2025-09-14 02:05:32,943 - INFO - Batch 1400/2278: Loss=1.2031, Cls=0.0148, Reg=0.0000, Con=3.9609
2025-09-14 02:05:33,877 - INFO - Batch 1410/2278: Loss=1.1887, Cls=0.0004, Reg=0.0000, Con=3.9612
2025-09-14 02:05:34,751 - INFO - Batch 1420/2278: Loss=0.0062, Cls=0.0062, Reg=0.0000, Con=0.0000
2025-09-14 02:05:35,624 - INFO - Batch 1430/2278: Loss=1.2150, Cls=0.0268, Reg=0.0000, Con=3.9609
2025-09-14 02:05:36,535 - INFO - Batch 1440/2278: Loss=1.1891, Cls=0.0009, Reg=0.0000, Con=3.9609
2025-09-14 02:05:37,407 - INFO - Batch 1450/2278: Loss=1.1977, Cls=0.0095, Reg=0.0000, Con=3.9608
2025-09-14 02:05:38,318 - INFO - Batch 1460/2278: Loss=0.1996, Cls=0.1996, Reg=0.0000, Con=0.0000
2025-09-14 02:05:39,223 - INFO - Batch 1470/2278: Loss=1.2222, Cls=0.0340, Reg=0.0000, Con=3.9609
2025-09-14 02:05:40,116 - INFO - Batch 1480/2278: Loss=1.1887, Cls=0.0005, Reg=0.0000, Con=3.9607
2025-09-14 02:05:41,013 - INFO - Batch 1490/2278: Loss=1.2693, Cls=0.0811, Reg=0.0000, Con=3.9608
2025-09-14 02:05:41,906 - INFO - Batch 1500/2278: Loss=1.1883, Cls=0.0000, Reg=0.0000, Con=3.9609
2025-09-14 02:05:42,807 - INFO - Batch 1510/2278: Loss=0.0004, Cls=0.0004, Reg=0.0000, Con=0.0000
2025-09-14 02:05:43,702 - INFO - Batch 1520/2278: Loss=1.3406, Cls=0.1524, Reg=0.0000, Con=3.9608
2025-09-14 02:05:44,588 - INFO - Batch 1530/2278: Loss=1.3323, Cls=0.1441, Reg=0.0000, Con=3.9608
2025-09-14 02:05:45,490 - INFO - Batch 1540/2278: Loss=1.3357, Cls=0.1475, Reg=0.0000, Con=3.9609
2025-09-14 02:05:46,392 - INFO - Batch 1550/2278: Loss=1.6346, Cls=0.4464, Reg=0.0000, Con=3.9610
2025-09-14 02:05:47,290 - INFO - Batch 1560/2278: Loss=1.2301, Cls=0.0419, Reg=0.0000, Con=3.9609
2025-09-14 02:05:48,221 - INFO - Batch 1570/2278: Loss=1.2076, Cls=0.0193, Reg=0.0000, Con=3.9608
2025-09-14 02:05:49,151 - INFO - Batch 1580/2278: Loss=1.1882, Cls=0.0000, Reg=0.0000, Con=3.9608
2025-09-14 02:05:50,052 - INFO - Batch 1590/2278: Loss=1.2613, Cls=0.0731, Reg=0.0000, Con=3.9609
2025-09-14 02:05:50,920 - INFO - Batch 1600/2278: Loss=1.7606, Cls=0.5723, Reg=0.0000, Con=3.9608
2025-09-14 02:05:51,821 - INFO - Batch 1610/2278: Loss=0.1335, Cls=0.1335, Reg=0.0000, Con=0.0000
2025-09-14 02:05:52,707 - INFO - Batch 1620/2278: Loss=1.2029, Cls=0.0147, Reg=0.0000, Con=3.9608
2025-09-14 02:05:53,609 - INFO - Batch 1630/2278: Loss=1.1982, Cls=0.0099, Reg=0.0000, Con=3.9608
2025-09-14 02:05:54,506 - INFO - Batch 1640/2278: Loss=0.0157, Cls=0.0157, Reg=0.0000, Con=0.0000
2025-09-14 02:05:55,406 - INFO - Batch 1650/2278: Loss=0.5863, Cls=0.5863, Reg=0.0000, Con=0.0000
2025-09-14 02:05:56,320 - INFO - Batch 1660/2278: Loss=0.0010, Cls=0.0010, Reg=0.0000, Con=0.0000
2025-09-14 02:05:57,185 - INFO - Batch 1670/2278: Loss=1.1884, Cls=0.0001, Reg=0.0000, Con=3.9612
2025-09-14 02:05:58,068 - INFO - Batch 1680/2278: Loss=0.1333, Cls=0.1333, Reg=0.0000, Con=0.0000
2025-09-14 02:05:58,969 - INFO - Batch 1690/2278: Loss=1.1906, Cls=0.0022, Reg=0.0000, Con=3.9612
2025-09-14 02:05:59,845 - INFO - Batch 1700/2278: Loss=1.1884, Cls=0.0000, Reg=0.0000, Con=3.9612
2025-09-14 02:06:00,737 - INFO - Batch 1710/2278: Loss=1.3030, Cls=0.1148, Reg=0.0000, Con=3.9608
2025-09-14 02:06:01,618 - INFO - Batch 1720/2278: Loss=1.7671, Cls=0.5788, Reg=0.0000, Con=3.9608
2025-09-14 02:06:02,505 - INFO - Batch 1730/2278: Loss=0.0175, Cls=0.0175, Reg=0.0000, Con=0.0000
2025-09-14 02:06:03,405 - INFO - Batch 1740/2278: Loss=0.0632, Cls=0.0632, Reg=0.0000, Con=0.0000
2025-09-14 02:06:04,297 - INFO - Batch 1750/2278: Loss=1.1894, Cls=0.0012, Reg=0.0000, Con=3.9609
2025-09-14 02:06:05,196 - INFO - Batch 1760/2278: Loss=1.2175, Cls=0.0292, Reg=0.0000, Con=3.9609
2025-09-14 02:06:06,117 - INFO - Batch 1770/2278: Loss=1.1948, Cls=0.0066, Reg=0.0000, Con=3.9608
2025-09-14 02:06:07,023 - INFO - Batch 1780/2278: Loss=2.4946, Cls=1.3063, Reg=0.0000, Con=3.9608
2025-09-14 02:06:07,898 - INFO - Batch 1790/2278: Loss=0.0160, Cls=0.0160, Reg=0.0000, Con=0.0000
2025-09-14 02:06:08,808 - INFO - Batch 1800/2278: Loss=0.0377, Cls=0.0377, Reg=0.0000, Con=0.0000
2025-09-14 02:06:09,705 - INFO - Batch 1810/2278: Loss=0.0008, Cls=0.0008, Reg=0.0000, Con=0.0000
2025-09-14 02:06:10,595 - INFO - Batch 1820/2278: Loss=1.9576, Cls=0.7694, Reg=0.0000, Con=3.9609
2025-09-14 02:06:11,483 - INFO - Batch 1830/2278: Loss=0.1628, Cls=0.1628, Reg=0.0000, Con=0.0000
2025-09-14 02:06:12,355 - INFO - Batch 1840/2278: Loss=0.0019, Cls=0.0019, Reg=0.0000, Con=0.0000
2025-09-14 02:06:13,319 - INFO - Batch 1850/2278: Loss=1.1883, Cls=0.0000, Reg=0.0000, Con=3.9608
2025-09-14 02:06:14,231 - INFO - Batch 1860/2278: Loss=0.0002, Cls=0.0002, Reg=0.0000, Con=0.0000
2025-09-14 02:06:15,113 - INFO - Batch 1870/2278: Loss=1.3792, Cls=0.1909, Reg=0.0000, Con=3.9608
2025-09-14 02:06:15,999 - INFO - Batch 1880/2278: Loss=0.0035, Cls=0.0035, Reg=0.0000, Con=0.0000
2025-09-14 02:06:16,903 - INFO - Batch 1890/2278: Loss=1.7213, Cls=0.5330, Reg=0.0000, Con=3.9609
2025-09-14 02:06:17,790 - INFO - Batch 1900/2278: Loss=1.3770, Cls=0.1887, Reg=0.0000, Con=3.9608
2025-09-14 02:06:18,690 - INFO - Batch 1910/2278: Loss=3.1332, Cls=1.9450, Reg=0.0000, Con=3.9607
2025-09-14 02:06:19,621 - INFO - Batch 1920/2278: Loss=1.7455, Cls=0.5573, Reg=0.0000, Con=3.9607
2025-09-14 02:06:20,506 - INFO - Batch 1930/2278: Loss=1.5135, Cls=0.3253, Reg=0.0000, Con=3.9607
2025-09-14 02:06:21,411 - INFO - Batch 1940/2278: Loss=1.2971, Cls=0.1089, Reg=0.0000, Con=3.9608
2025-09-14 02:06:22,284 - INFO - Batch 1950/2278: Loss=1.1884, Cls=0.0002, Reg=0.0000, Con=3.9608
2025-09-14 02:06:23,167 - INFO - Batch 1960/2278: Loss=2.1740, Cls=0.9857, Reg=0.0000, Con=3.9609
2025-09-14 02:06:24,038 - INFO - Batch 1970/2278: Loss=1.2584, Cls=0.0701, Reg=0.0000, Con=3.9609
2025-09-14 02:06:25,014 - INFO - Batch 1980/2278: Loss=1.1978, Cls=0.0096, Reg=0.0000, Con=3.9608
2025-09-14 02:06:26,004 - INFO - Batch 1990/2278: Loss=2.6633, Cls=1.4748, Reg=0.0000, Con=3.9615
2025-09-14 02:06:26,959 - INFO - Batch 2000/2278: Loss=1.2061, Cls=0.0179, Reg=0.0000, Con=3.9608
2025-09-14 02:06:27,945 - INFO - Batch 2010/2278: Loss=1.2115, Cls=0.0233, Reg=0.0000, Con=3.9608
2025-09-14 02:06:28,920 - INFO - Batch 2020/2278: Loss=1.1909, Cls=0.0027, Reg=0.0000, Con=3.9608
2025-09-14 02:06:29,864 - INFO - Batch 2030/2278: Loss=1.8631, Cls=0.6749, Reg=0.0000, Con=3.9607
2025-09-14 02:06:30,852 - INFO - Batch 2040/2278: Loss=1.1883, Cls=0.0000, Reg=0.0000, Con=3.9609
2025-09-14 02:06:31,832 - INFO - Batch 2050/2278: Loss=1.1923, Cls=0.0041, Reg=0.0000, Con=3.9608
2025-09-14 02:06:32,739 - INFO - Batch 2060/2278: Loss=0.2291, Cls=0.2291, Reg=0.0000, Con=0.0000
2025-09-14 02:06:33,632 - INFO - Batch 2070/2278: Loss=1.1989, Cls=0.0106, Reg=0.0000, Con=3.9611
2025-09-14 02:06:34,561 - INFO - Batch 2080/2278: Loss=1.2703, Cls=0.0820, Reg=0.0000, Con=3.9609
2025-09-14 02:06:35,511 - INFO - Batch 2090/2278: Loss=2.2684, Cls=1.0800, Reg=0.0000, Con=3.9612
2025-09-14 02:06:36,436 - INFO - Batch 2100/2278: Loss=1.2324, Cls=0.0441, Reg=0.0000, Con=3.9611
2025-09-14 02:06:37,335 - INFO - Batch 2110/2278: Loss=1.1900, Cls=0.0018, Reg=0.0000, Con=3.9608
2025-09-14 02:06:38,325 - INFO - Batch 2120/2278: Loss=0.0430, Cls=0.0430, Reg=0.0000, Con=0.0000
2025-09-14 02:06:39,325 - INFO - Batch 2130/2278: Loss=1.2112, Cls=0.0230, Reg=0.0000, Con=3.9605
2025-09-14 02:06:40,309 - INFO - Batch 2140/2278: Loss=1.1920, Cls=0.0038, Reg=0.0000, Con=3.9608
2025-09-14 02:06:41,240 - INFO - Batch 2150/2278: Loss=1.1886, Cls=0.0004, Reg=0.0000, Con=3.9607
2025-09-14 02:06:42,218 - INFO - Batch 2160/2278: Loss=3.4383, Cls=2.2501, Reg=0.0000, Con=3.9608
2025-09-14 02:06:43,198 - INFO - Batch 2170/2278: Loss=1.4064, Cls=0.2182, Reg=0.0000, Con=3.9609
2025-09-14 02:06:44,088 - INFO - Batch 2180/2278: Loss=0.5512, Cls=0.5512, Reg=0.0000, Con=0.0000
2025-09-14 02:06:45,084 - INFO - Batch 2190/2278: Loss=0.0838, Cls=0.0838, Reg=0.0000, Con=0.0000
2025-09-14 02:06:46,097 - INFO - Batch 2200/2278: Loss=1.4966, Cls=0.3084, Reg=0.0000, Con=3.9605
2025-09-14 02:06:47,111 - INFO - Batch 2210/2278: Loss=1.1890, Cls=0.0008, Reg=0.0000, Con=3.9609
2025-09-14 02:06:48,059 - INFO - Batch 2220/2278: Loss=1.7784, Cls=0.5901, Reg=0.0000, Con=3.9610
2025-09-14 02:06:48,999 - INFO - Batch 2230/2278: Loss=0.1234, Cls=0.1234, Reg=0.0000, Con=0.0000
2025-09-14 02:06:49,984 - INFO - Batch 2240/2278: Loss=1.1976, Cls=0.0093, Reg=0.0000, Con=3.9609
2025-09-14 02:06:50,935 - INFO - Batch 2250/2278: Loss=1.6082, Cls=0.4199, Reg=0.0000, Con=3.9609
2025-09-14 02:06:51,958 - INFO - Batch 2260/2278: Loss=1.2756, Cls=0.0874, Reg=0.0000, Con=3.9608
2025-09-14 02:06:52,950 - INFO - Batch 2270/2278: Loss=1.6077, Cls=0.4195, Reg=0.0000, Con=3.9608
2025-09-14 02:10:23,108 - INFO - === Epoch 1 Results ===
2025-09-14 02:10:23,108 - INFO - Training Loss: 1.1799 (Classification: 0.2911, Regression: 0.0000)
2025-09-14 02:10:23,108 - INFO - Validation Loss: 0.1260 (Classification: 0.1260, Regression: 0.0000)
2025-09-14 02:10:23,108 - INFO - Average Classification Accuracy: 0.8535 (on 1/26 tasks)
2025-09-14 02:10:23,108 - INFO - Average AUC: 0.9044
2025-09-14 02:10:23,640 - INFO - Best model saved to: experiments/r1c3_headft_cls_11_seed_42_20250914_020324/checkpoints/r1c3_headft_cls_11_seed_42_best.pth
2025-09-14 02:10:23,641 - INFO - 
Epoch 2/3
2025-09-14 02:10:23,748 - INFO - Batch 0/2278: Loss=0.6863, Cls=0.6863, Reg=0.0000, Con=0.0000
2025-09-14 02:10:24,659 - INFO - Batch 10/2278: Loss=1.2837, Cls=0.0956, Reg=0.0000, Con=3.9604
2025-09-14 02:10:25,590 - INFO - Batch 20/2278: Loss=1.5525, Cls=0.3642, Reg=0.0000, Con=3.9609
2025-09-14 02:10:26,505 - INFO - Batch 30/2278: Loss=1.3108, Cls=0.1226, Reg=0.0000, Con=3.9608
2025-09-14 02:10:27,400 - INFO - Batch 40/2278: Loss=1.6686, Cls=0.4804, Reg=0.0000, Con=3.9608
2025-09-14 02:10:28,392 - INFO - Batch 50/2278: Loss=0.0002, Cls=0.0002, Reg=0.0000, Con=0.0000
2025-09-14 02:10:29,334 - INFO - Batch 60/2278: Loss=0.0044, Cls=0.0044, Reg=0.0000, Con=0.0000
2025-09-14 02:10:30,265 - INFO - Batch 70/2278: Loss=1.7977, Cls=0.6095, Reg=0.0000, Con=3.9607
2025-09-14 02:10:31,197 - INFO - Batch 80/2278: Loss=1.2747, Cls=0.0865, Reg=0.0000, Con=3.9609
2025-09-14 02:10:32,153 - INFO - Batch 90/2278: Loss=1.8321, Cls=1.8321, Reg=0.0000, Con=0.0000
2025-09-14 02:10:33,078 - INFO - Batch 100/2278: Loss=2.8018, Cls=1.6136, Reg=0.0000, Con=3.9608
2025-09-14 02:10:33,990 - INFO - Batch 110/2278: Loss=2.9031, Cls=1.7148, Reg=0.0000, Con=3.9609
2025-09-14 02:10:34,908 - INFO - Batch 120/2278: Loss=0.0434, Cls=0.0434, Reg=0.0000, Con=0.0000
2025-09-14 02:10:35,818 - INFO - Batch 130/2278: Loss=1.4383, Cls=0.2501, Reg=0.0000, Con=3.9607
2025-09-14 02:10:36,731 - INFO - Batch 140/2278: Loss=1.1964, Cls=0.0082, Reg=0.0000, Con=3.9609
2025-09-14 02:10:37,654 - INFO - Batch 150/2278: Loss=1.1896, Cls=0.0012, Reg=0.0000, Con=3.9611
2025-09-14 02:10:38,567 - INFO - Batch 160/2278: Loss=1.1895, Cls=0.0012, Reg=0.0000, Con=3.9609
2025-09-14 02:10:39,460 - INFO - Batch 170/2278: Loss=0.1907, Cls=0.1907, Reg=0.0000, Con=0.0000
2025-09-14 02:10:40,365 - INFO - Batch 180/2278: Loss=1.2434, Cls=0.0551, Reg=0.0000, Con=3.9609
2025-09-14 02:10:41,290 - INFO - Batch 190/2278: Loss=0.0759, Cls=0.0759, Reg=0.0000, Con=0.0000
2025-09-14 02:10:42,210 - INFO - Batch 200/2278: Loss=1.1896, Cls=0.0014, Reg=0.0000, Con=3.9608
2025-09-14 02:10:43,101 - INFO - Batch 210/2278: Loss=1.2359, Cls=0.0476, Reg=0.0000, Con=3.9609
2025-09-14 02:10:44,005 - INFO - Batch 220/2278: Loss=0.0000, Cls=0.0000, Reg=0.0000, Con=0.0000
2025-09-14 02:10:44,933 - INFO - Batch 230/2278: Loss=0.2599, Cls=0.2599, Reg=0.0000, Con=0.0000
2025-09-14 02:10:45,856 - INFO - Batch 240/2278: Loss=0.0003, Cls=0.0003, Reg=0.0000, Con=0.0000
2025-09-14 02:10:46,762 - INFO - Batch 250/2278: Loss=0.2869, Cls=0.2869, Reg=0.0000, Con=0.0000
2025-09-14 02:10:47,664 - INFO - Batch 260/2278: Loss=0.1161, Cls=0.1161, Reg=0.0000, Con=0.0000
2025-09-14 02:10:48,574 - INFO - Batch 270/2278: Loss=1.1990, Cls=0.0108, Reg=0.0000, Con=3.9608
2025-09-14 02:10:49,498 - INFO - Batch 280/2278: Loss=1.1902, Cls=0.0020, Reg=0.0000, Con=3.9609
2025-09-14 02:10:50,407 - INFO - Batch 290/2278: Loss=3.0572, Cls=1.8690, Reg=0.0000, Con=3.9609
2025-09-14 02:10:51,316 - INFO - Batch 300/2278: Loss=1.1883, Cls=0.0000, Reg=0.0000, Con=3.9609
2025-09-14 02:10:52,326 - INFO - Batch 310/2278: Loss=4.0609, Cls=2.8726, Reg=0.0000, Con=3.9608
2025-09-14 02:10:53,265 - INFO - Batch 320/2278: Loss=0.2211, Cls=0.2211, Reg=0.0000, Con=0.0000
2025-09-14 02:10:54,159 - INFO - Batch 330/2278: Loss=1.1883, Cls=0.0000, Reg=0.0000, Con=3.9609
2025-09-14 02:10:55,050 - INFO - Batch 340/2278: Loss=1.1887, Cls=0.0004, Reg=0.0000, Con=3.9609
2025-09-14 02:10:55,950 - INFO - Batch 350/2278: Loss=1.1903, Cls=0.0020, Reg=0.0000, Con=3.9609
2025-09-14 02:10:56,860 - INFO - Batch 360/2278: Loss=1.2096, Cls=0.0213, Reg=0.0000, Con=3.9609
2025-09-14 02:10:57,747 - INFO - Batch 370/2278: Loss=1.1896, Cls=0.0013, Reg=0.0000, Con=3.9609
2025-09-14 02:10:58,664 - INFO - Batch 380/2278: Loss=1.1954, Cls=0.0072, Reg=0.0000, Con=3.9608
2025-09-14 02:10:59,582 - INFO - Batch 390/2278: Loss=4.1504, Cls=2.9621, Reg=0.0000, Con=3.9609
2025-09-14 02:11:00,569 - INFO - Batch 400/2278: Loss=1.2678, Cls=0.0795, Reg=0.0000, Con=3.9607
2025-09-14 02:11:01,580 - INFO - Batch 410/2278: Loss=1.1930, Cls=0.0048, Reg=0.0000, Con=3.9608
2025-09-14 02:11:02,528 - INFO - Batch 420/2278: Loss=0.1930, Cls=0.1930, Reg=0.0000, Con=0.0000
2025-09-14 02:11:03,570 - INFO - Batch 430/2278: Loss=0.0001, Cls=0.0001, Reg=0.0000, Con=0.0000
2025-09-14 02:11:04,505 - INFO - Batch 440/2278: Loss=1.2183, Cls=0.0301, Reg=0.0000, Con=3.9608
2025-09-14 02:11:05,402 - INFO - Batch 450/2278: Loss=1.1882, Cls=0.0000, Reg=0.0000, Con=3.9607
2025-09-14 02:11:06,306 - INFO - Batch 460/2278: Loss=0.0035, Cls=0.0035, Reg=0.0000, Con=0.0000
2025-09-14 02:11:07,236 - INFO - Batch 470/2278: Loss=1.1934, Cls=0.0052, Reg=0.0000, Con=3.9608
2025-09-14 02:11:08,141 - INFO - Batch 480/2278: Loss=0.0080, Cls=0.0080, Reg=0.0000, Con=0.0000
2025-09-14 02:11:09,072 - INFO - Batch 490/2278: Loss=1.1885, Cls=0.0002, Reg=0.0000, Con=3.9610
2025-09-14 02:11:09,977 - INFO - Batch 500/2278: Loss=1.2190, Cls=0.0307, Reg=0.0000, Con=3.9607
2025-09-14 02:11:10,897 - INFO - Batch 510/2278: Loss=1.1895, Cls=0.0013, Reg=0.0000, Con=3.9607
2025-09-14 02:11:11,822 - INFO - Batch 520/2278: Loss=1.4360, Cls=0.2477, Reg=0.0000, Con=3.9607
2025-09-14 02:11:12,729 - INFO - Batch 530/2278: Loss=1.1887, Cls=0.0004, Reg=0.0000, Con=3.9608
2025-09-14 02:11:13,624 - INFO - Batch 540/2278: Loss=1.3777, Cls=0.1894, Reg=0.0000, Con=3.9610
2025-09-14 02:11:14,518 - INFO - Batch 550/2278: Loss=1.7530, Cls=0.5647, Reg=0.0000, Con=3.9607
2025-09-14 02:11:15,433 - INFO - Batch 560/2278: Loss=0.0014, Cls=0.0014, Reg=0.0000, Con=0.0000
2025-09-14 02:11:16,341 - INFO - Batch 570/2278: Loss=1.1964, Cls=0.0081, Reg=0.0000, Con=3.9608
2025-09-14 02:11:17,258 - INFO - Batch 580/2278: Loss=0.1570, Cls=0.1570, Reg=0.0000, Con=0.0000
2025-09-14 02:11:18,157 - INFO - Batch 590/2278: Loss=1.2145, Cls=0.0263, Reg=0.0000, Con=3.9608
2025-09-14 02:11:19,066 - INFO - Batch 600/2278: Loss=0.0052, Cls=0.0052, Reg=0.0000, Con=0.0000
2025-09-14 02:11:19,982 - INFO - Batch 610/2278: Loss=1.1891, Cls=0.0008, Reg=0.0000, Con=3.9608
2025-09-14 02:11:20,884 - INFO - Batch 620/2278: Loss=1.2075, Cls=0.0192, Reg=0.0000, Con=3.9608
2025-09-14 02:11:21,796 - INFO - Batch 630/2278: Loss=0.4548, Cls=0.4548, Reg=0.0000, Con=0.0000
2025-09-14 02:11:22,753 - INFO - Batch 640/2278: Loss=0.0233, Cls=0.0233, Reg=0.0000, Con=0.0000
2025-09-14 02:11:23,648 - INFO - Batch 650/2278: Loss=0.0025, Cls=0.0025, Reg=0.0000, Con=0.0000
2025-09-14 02:11:24,549 - INFO - Batch 660/2278: Loss=2.8653, Cls=1.6771, Reg=0.0000, Con=3.9607
2025-09-14 02:11:25,509 - INFO - Batch 670/2278: Loss=1.8303, Cls=0.6420, Reg=0.0000, Con=3.9608
2025-09-14 02:11:26,427 - INFO - Batch 680/2278: Loss=1.7289, Cls=0.5406, Reg=0.0000, Con=3.9608
2025-09-14 02:11:27,331 - INFO - Batch 690/2278: Loss=1.4576, Cls=0.2693, Reg=0.0000, Con=3.9610
2025-09-14 02:11:28,274 - INFO - Batch 700/2278: Loss=0.1943, Cls=0.1943, Reg=0.0000, Con=0.0000
2025-09-14 02:11:29,177 - INFO - Batch 710/2278: Loss=1.1900, Cls=0.0017, Reg=0.0000, Con=3.9610
2025-09-14 02:11:30,066 - INFO - Batch 720/2278: Loss=1.2468, Cls=0.0586, Reg=0.0000, Con=3.9609
2025-09-14 02:11:30,963 - INFO - Batch 730/2278: Loss=1.2987, Cls=0.1104, Reg=0.0000, Con=3.9612
2025-09-14 02:11:31,838 - INFO - Batch 740/2278: Loss=1.6658, Cls=0.4775, Reg=0.0000, Con=3.9610
2025-09-14 02:11:32,732 - INFO - Batch 750/2278: Loss=0.0104, Cls=0.0104, Reg=0.0000, Con=0.0000
2025-09-14 02:11:33,656 - INFO - Batch 760/2278: Loss=0.0287, Cls=0.0287, Reg=0.0000, Con=0.0000
2025-09-14 02:11:34,567 - INFO - Batch 770/2278: Loss=1.1897, Cls=0.0015, Reg=0.0000, Con=3.9608
2025-09-14 02:11:35,479 - INFO - Batch 780/2278: Loss=0.0008, Cls=0.0008, Reg=0.0000, Con=0.0000
2025-09-14 02:11:36,374 - INFO - Batch 790/2278: Loss=1.8599, Cls=0.6717, Reg=0.0000, Con=3.9608
2025-09-14 02:11:37,305 - INFO - Batch 800/2278: Loss=1.3641, Cls=0.1758, Reg=0.0000, Con=3.9608
2025-09-14 02:11:38,248 - INFO - Batch 810/2278: Loss=2.1927, Cls=1.0045, Reg=0.0000, Con=3.9607
2025-09-14 02:11:39,126 - INFO - Batch 820/2278: Loss=1.6401, Cls=0.4518, Reg=0.0000, Con=3.9608
2025-09-14 02:11:40,066 - INFO - Batch 830/2278: Loss=1.2715, Cls=0.0833, Reg=0.0000, Con=3.9607
2025-09-14 02:11:40,997 - INFO - Batch 840/2278: Loss=1.4442, Cls=0.2559, Reg=0.0000, Con=3.9608
2025-09-14 02:11:41,909 - INFO - Batch 850/2278: Loss=0.0227, Cls=0.0227, Reg=0.0000, Con=0.0000
2025-09-14 02:11:42,832 - INFO - Batch 860/2278: Loss=1.3152, Cls=0.1270, Reg=0.0000, Con=3.9607
2025-09-14 02:11:43,734 - INFO - Batch 870/2278: Loss=0.0011, Cls=0.0011, Reg=0.0000, Con=0.0000
2025-09-14 02:11:44,632 - INFO - Batch 880/2278: Loss=0.0022, Cls=0.0022, Reg=0.0000, Con=0.0000
2025-09-14 02:11:45,533 - INFO - Batch 890/2278: Loss=2.5852, Cls=1.3970, Reg=0.0000, Con=3.9608
2025-09-14 02:11:46,445 - INFO - Batch 900/2278: Loss=0.0009, Cls=0.0009, Reg=0.0000, Con=0.0000
2025-09-14 02:11:47,357 - INFO - Batch 910/2278: Loss=1.2949, Cls=0.1067, Reg=0.0000, Con=3.9607
2025-09-14 02:11:48,267 - INFO - Batch 920/2278: Loss=1.1883, Cls=0.0000, Reg=0.0000, Con=3.9611
2025-09-14 02:11:49,158 - INFO - Batch 930/2278: Loss=4.9754, Cls=3.7872, Reg=0.0000, Con=3.9609
2025-09-14 02:11:50,050 - INFO - Batch 940/2278: Loss=0.4879, Cls=0.4879, Reg=0.0000, Con=0.0000
2025-09-14 02:11:50,991 - INFO - Batch 950/2278: Loss=0.1427, Cls=0.1427, Reg=0.0000, Con=0.0000
2025-09-14 02:11:51,952 - INFO - Batch 960/2278: Loss=0.1025, Cls=0.1025, Reg=0.0000, Con=0.0000
2025-09-14 02:11:52,865 - INFO - Batch 970/2278: Loss=0.0137, Cls=0.0137, Reg=0.0000, Con=0.0000
2025-09-14 02:11:53,751 - INFO - Batch 980/2278: Loss=1.1923, Cls=0.0040, Reg=0.0000, Con=3.9609
2025-09-14 02:11:54,638 - INFO - Batch 990/2278: Loss=1.3095, Cls=0.1214, Reg=0.0000, Con=3.9606
2025-09-14 02:11:55,534 - INFO - Batch 1000/2278: Loss=1.4136, Cls=0.2253, Reg=0.0000, Con=3.9608
2025-09-14 02:11:56,442 - INFO - Batch 1010/2278: Loss=2.0012, Cls=0.8129, Reg=0.0000, Con=3.9609
2025-09-14 02:11:57,329 - INFO - Batch 1020/2278: Loss=1.1892, Cls=0.0007, Reg=0.0000, Con=3.9615
2025-09-14 02:11:58,213 - INFO - Batch 1030/2278: Loss=1.3200, Cls=0.1318, Reg=0.0000, Con=3.9608
2025-09-14 02:11:59,111 - INFO - Batch 1040/2278: Loss=1.2207, Cls=0.0324, Reg=0.0000, Con=3.9608
2025-09-14 02:12:00,030 - INFO - Batch 1050/2278: Loss=1.1883, Cls=0.0000, Reg=0.0000, Con=3.9611
2025-09-14 02:12:00,908 - INFO - Batch 1060/2278: Loss=1.1897, Cls=0.0014, Reg=0.0000, Con=3.9612
2025-09-14 02:12:01,800 - INFO - Batch 1070/2278: Loss=2.0989, Cls=0.9107, Reg=0.0000, Con=3.9609
2025-09-14 02:12:02,710 - INFO - Batch 1080/2278: Loss=1.2155, Cls=0.0273, Reg=0.0000, Con=3.9608
2025-09-14 02:12:03,669 - INFO - Batch 1090/2278: Loss=1.1905, Cls=0.0022, Reg=0.0000, Con=3.9608
2025-09-14 02:12:04,565 - INFO - Batch 1100/2278: Loss=1.7566, Cls=0.5684, Reg=0.0000, Con=3.9608
2025-09-14 02:12:05,468 - INFO - Batch 1110/2278: Loss=1.3580, Cls=0.1697, Reg=0.0000, Con=3.9608
2025-09-14 02:12:06,396 - INFO - Batch 1120/2278: Loss=1.1883, Cls=0.0001, Reg=0.0000, Con=3.9608
2025-09-14 02:12:07,293 - INFO - Batch 1130/2278: Loss=0.0062, Cls=0.0062, Reg=0.0000, Con=0.0000
2025-09-14 02:12:08,194 - INFO - Batch 1140/2278: Loss=1.4528, Cls=0.2646, Reg=0.0000, Con=3.9608
2025-09-14 02:12:09,132 - INFO - Batch 1150/2278: Loss=1.2164, Cls=0.0281, Reg=0.0000, Con=3.9609
2025-09-14 02:12:10,056 - INFO - Batch 1160/2278: Loss=2.5180, Cls=1.3298, Reg=0.0000, Con=3.9607
2025-09-14 02:12:11,018 - INFO - Batch 1170/2278: Loss=0.0741, Cls=0.0741, Reg=0.0000, Con=0.0000
2025-09-14 02:12:11,941 - INFO - Batch 1180/2278: Loss=1.3036, Cls=0.1153, Reg=0.0000, Con=3.9609
2025-09-14 02:12:12,907 - INFO - Batch 1190/2278: Loss=1.2129, Cls=0.0246, Reg=0.0000, Con=3.9610
2025-09-14 02:12:13,900 - INFO - Batch 1200/2278: Loss=1.5711, Cls=0.3828, Reg=0.0000, Con=3.9609
2025-09-14 02:12:14,820 - INFO - Batch 1210/2278: Loss=1.1975, Cls=0.0093, Reg=0.0000, Con=3.9608
2025-09-14 02:12:15,743 - INFO - Batch 1220/2278: Loss=1.9740, Cls=0.7858, Reg=0.0000, Con=3.9609
2025-09-14 02:12:16,670 - INFO - Batch 1230/2278: Loss=1.2199, Cls=0.0316, Reg=0.0000, Con=3.9609
2025-09-14 02:12:17,561 - INFO - Batch 1240/2278: Loss=1.3020, Cls=0.1137, Reg=0.0000, Con=3.9608
2025-09-14 02:12:18,454 - INFO - Batch 1250/2278: Loss=0.0444, Cls=0.0444, Reg=0.0000, Con=0.0000
2025-09-14 02:12:19,355 - INFO - Batch 1260/2278: Loss=1.3455, Cls=0.1573, Reg=0.0000, Con=3.9607
2025-09-14 02:12:20,253 - INFO - Batch 1270/2278: Loss=1.2768, Cls=1.2768, Reg=0.0000, Con=0.0000
2025-09-14 02:12:21,181 - INFO - Batch 1280/2278: Loss=1.2017, Cls=0.0134, Reg=0.0000, Con=3.9608
2025-09-14 02:12:22,134 - INFO - Batch 1290/2278: Loss=1.6672, Cls=0.4790, Reg=0.0000, Con=3.9610
2025-09-14 02:12:23,043 - INFO - Batch 1300/2278: Loss=1.1883, Cls=0.0000, Reg=0.0000, Con=3.9610
2025-09-14 02:12:23,948 - INFO - Batch 1310/2278: Loss=0.0786, Cls=0.0786, Reg=0.0000, Con=0.0000
2025-09-14 02:12:24,862 - INFO - Batch 1320/2278: Loss=1.1900, Cls=0.0018, Reg=0.0000, Con=3.9609
2025-09-14 02:12:25,767 - INFO - Batch 1330/2278: Loss=1.1884, Cls=0.0001, Reg=0.0000, Con=3.9609
2025-09-14 02:12:26,691 - INFO - Batch 1340/2278: Loss=1.1984, Cls=0.0102, Reg=0.0000, Con=3.9606
2025-09-14 02:12:27,583 - INFO - Batch 1350/2278: Loss=1.4561, Cls=0.2680, Reg=0.0000, Con=3.9606
2025-09-14 02:12:28,495 - INFO - Batch 1360/2278: Loss=1.3399, Cls=0.1516, Reg=0.0000, Con=3.9608
2025-09-14 02:12:29,426 - INFO - Batch 1370/2278: Loss=1.1902, Cls=0.0020, Reg=0.0000, Con=3.9608
2025-09-14 02:12:30,342 - INFO - Batch 1380/2278: Loss=1.2024, Cls=0.0141, Reg=0.0000, Con=3.9609
2025-09-14 02:12:31,244 - INFO - Batch 1390/2278: Loss=2.4835, Cls=1.2953, Reg=0.0000, Con=3.9608
2025-09-14 02:12:32,170 - INFO - Batch 1400/2278: Loss=1.1915, Cls=0.0033, Reg=0.0000, Con=3.9608
2025-09-14 02:12:33,100 - INFO - Batch 1410/2278: Loss=1.1888, Cls=0.0005, Reg=0.0000, Con=3.9608
2025-09-14 02:12:34,020 - INFO - Batch 1420/2278: Loss=0.0079, Cls=0.0079, Reg=0.0000, Con=0.0000
2025-09-14 02:12:34,969 - INFO - Batch 1430/2278: Loss=1.2662, Cls=0.0780, Reg=0.0000, Con=3.9607
2025-09-14 02:12:35,910 - INFO - Batch 1440/2278: Loss=1.1939, Cls=0.0056, Reg=0.0000, Con=3.9610
2025-09-14 02:12:36,810 - INFO - Batch 1450/2278: Loss=1.4242, Cls=0.2359, Reg=0.0000, Con=3.9608
2025-09-14 02:12:37,713 - INFO - Batch 1460/2278: Loss=1.2086, Cls=0.0203, Reg=0.0000, Con=3.9609
2025-09-14 02:12:38,621 - INFO - Batch 1470/2278: Loss=1.1883, Cls=0.0001, Reg=0.0000, Con=3.9608
2025-09-14 02:12:39,538 - INFO - Batch 1480/2278: Loss=1.3076, Cls=0.1194, Reg=0.0000, Con=3.9608
2025-09-14 02:12:40,569 - INFO - Batch 1490/2278: Loss=0.0020, Cls=0.0020, Reg=0.0000, Con=0.0000
2025-09-14 02:12:41,510 - INFO - Batch 1500/2278: Loss=0.0618, Cls=0.0618, Reg=0.0000, Con=0.0000
2025-09-14 02:12:42,419 - INFO - Batch 1510/2278: Loss=2.8803, Cls=1.6920, Reg=0.0000, Con=3.9608
2025-09-14 02:12:43,355 - INFO - Batch 1520/2278: Loss=1.2765, Cls=0.0883, Reg=0.0000, Con=3.9608
2025-09-14 02:12:44,368 - INFO - Batch 1530/2278: Loss=1.8685, Cls=0.6802, Reg=0.0000, Con=3.9609
2025-09-14 02:12:45,281 - INFO - Batch 1540/2278: Loss=0.0107, Cls=0.0107, Reg=0.0000, Con=0.0000
2025-09-14 02:12:46,200 - INFO - Batch 1550/2278: Loss=1.9728, Cls=0.7846, Reg=0.0000, Con=3.9609
2025-09-14 02:12:47,133 - INFO - Batch 1560/2278: Loss=2.2902, Cls=1.1020, Reg=0.0000, Con=3.9608
2025-09-14 02:12:48,021 - INFO - Batch 1570/2278: Loss=1.2110, Cls=0.0227, Reg=0.0000, Con=3.9609
2025-09-14 02:12:48,916 - INFO - Batch 1580/2278: Loss=2.3332, Cls=1.1450, Reg=0.0000, Con=3.9607
2025-09-14 02:12:49,844 - INFO - Batch 1590/2278: Loss=0.9500, Cls=0.9500, Reg=0.0000, Con=0.0000
2025-09-14 02:12:50,768 - INFO - Batch 1600/2278: Loss=1.7323, Cls=0.5440, Reg=0.0000, Con=3.9609
2025-09-14 02:12:51,699 - INFO - Batch 1610/2278: Loss=1.6542, Cls=0.4659, Reg=0.0000, Con=3.9608
2025-09-14 02:12:52,651 - INFO - Batch 1620/2278: Loss=1.7608, Cls=0.5725, Reg=0.0000, Con=3.9609
2025-09-14 02:12:53,556 - INFO - Batch 1630/2278: Loss=0.0178, Cls=0.0178, Reg=0.0000, Con=0.0000
2025-09-14 02:12:54,483 - INFO - Batch 1640/2278: Loss=1.4688, Cls=0.2805, Reg=0.0000, Con=3.9608
2025-09-14 02:12:55,388 - INFO - Batch 1650/2278: Loss=2.3008, Cls=1.1126, Reg=0.0000, Con=3.9608
2025-09-14 02:12:56,288 - INFO - Batch 1660/2278: Loss=2.2980, Cls=1.1098, Reg=0.0000, Con=3.9607
2025-09-14 02:12:57,229 - INFO - Batch 1670/2278: Loss=2.8420, Cls=1.6538, Reg=0.0000, Con=3.9608
2025-09-14 02:12:58,158 - INFO - Batch 1680/2278: Loss=1.3859, Cls=0.1975, Reg=0.0000, Con=3.9612
2025-09-14 02:12:59,102 - INFO - Batch 1690/2278: Loss=1.1926, Cls=0.0043, Reg=0.0000, Con=3.9607
2025-09-14 02:13:00,036 - INFO - Batch 1700/2278: Loss=1.2070, Cls=0.0187, Reg=0.0000, Con=3.9608
2025-09-14 02:13:00,944 - INFO - Batch 1710/2278: Loss=1.1987, Cls=0.0104, Reg=0.0000, Con=3.9612
2025-09-14 02:13:01,843 - INFO - Batch 1720/2278: Loss=1.1998, Cls=0.0116, Reg=0.0000, Con=3.9610
2025-09-14 02:13:02,785 - INFO - Batch 1730/2278: Loss=1.8127, Cls=0.6244, Reg=0.0000, Con=3.9608
2025-09-14 02:13:03,681 - INFO - Batch 1740/2278: Loss=1.3146, Cls=0.1263, Reg=0.0000, Con=3.9610
2025-09-14 02:13:04,705 - INFO - Batch 1750/2278: Loss=1.1887, Cls=0.0004, Reg=0.0000, Con=3.9609
2025-09-14 02:13:05,734 - INFO - Batch 1760/2278: Loss=1.1882, Cls=0.0000, Reg=0.0000, Con=3.9608
2025-09-14 02:13:06,666 - INFO - Batch 1770/2278: Loss=2.5095, Cls=1.3212, Reg=0.0000, Con=3.9610
2025-09-14 02:13:07,577 - INFO - Batch 1780/2278: Loss=1.3367, Cls=0.1485, Reg=0.0000, Con=3.9608
2025-09-14 02:13:08,482 - INFO - Batch 1790/2278: Loss=1.2226, Cls=0.0343, Reg=0.0000, Con=3.9608
2025-09-14 02:13:09,403 - INFO - Batch 1800/2278: Loss=1.4780, Cls=0.2897, Reg=0.0000, Con=3.9608
2025-09-14 02:13:10,321 - INFO - Batch 1810/2278: Loss=1.9894, Cls=0.8011, Reg=0.0000, Con=3.9610
2025-09-14 02:13:11,236 - INFO - Batch 1820/2278: Loss=2.0613, Cls=0.8730, Reg=0.0000, Con=3.9608
2025-09-14 02:13:12,138 - INFO - Batch 1830/2278: Loss=2.1913, Cls=1.0029, Reg=0.0000, Con=3.9615
2025-09-14 02:13:13,224 - INFO - Batch 1840/2278: Loss=1.2112, Cls=0.0229, Reg=0.0000, Con=3.9609
2025-09-14 02:13:14,166 - INFO - Batch 1850/2278: Loss=1.2118, Cls=0.0235, Reg=0.0000, Con=3.9608
2025-09-14 02:13:15,096 - INFO - Batch 1860/2278: Loss=0.0157, Cls=0.0157, Reg=0.0000, Con=0.0000
2025-09-14 02:13:16,046 - INFO - Batch 1870/2278: Loss=0.0665, Cls=0.0665, Reg=0.0000, Con=0.0000
2025-09-14 02:13:16,958 - INFO - Batch 1880/2278: Loss=1.1896, Cls=0.0013, Reg=0.0000, Con=3.9610
2025-09-14 02:13:17,868 - INFO - Batch 1890/2278: Loss=0.0612, Cls=0.0612, Reg=0.0000, Con=0.0000
2025-09-14 02:13:18,774 - INFO - Batch 1900/2278: Loss=1.1961, Cls=0.0079, Reg=0.0000, Con=3.9607
2025-09-14 02:13:19,713 - INFO - Batch 1910/2278: Loss=1.1882, Cls=0.0000, Reg=0.0000, Con=3.9607
2025-09-14 02:13:20,774 - INFO - Batch 1920/2278: Loss=1.2496, Cls=0.0613, Reg=0.0000, Con=3.9608
2025-09-14 02:13:21,719 - INFO - Batch 1930/2278: Loss=1.2373, Cls=1.2373, Reg=0.0000, Con=0.0000
2025-09-14 02:13:22,637 - INFO - Batch 1940/2278: Loss=1.1882, Cls=0.0000, Reg=0.0000, Con=3.9607
2025-09-14 02:13:23,540 - INFO - Batch 1950/2278: Loss=1.1998, Cls=0.0115, Reg=0.0000, Con=3.9609
2025-09-14 02:13:24,566 - INFO - Batch 1960/2278: Loss=1.1900, Cls=0.0018, Reg=0.0000, Con=3.9609
2025-09-14 02:13:25,585 - INFO - Batch 1970/2278: Loss=1.2858, Cls=0.0976, Reg=0.0000, Con=3.9606
2025-09-14 02:13:26,576 - INFO - Batch 1980/2278: Loss=1.2572, Cls=0.0690, Reg=0.0000, Con=3.9608
2025-09-14 02:13:27,543 - INFO - Batch 1990/2278: Loss=0.0156, Cls=0.0156, Reg=0.0000, Con=0.0000
2025-09-14 02:13:28,501 - INFO - Batch 2000/2278: Loss=1.3482, Cls=0.1600, Reg=0.0000, Con=3.9607
2025-09-14 02:13:29,500 - INFO - Batch 2010/2278: Loss=1.2292, Cls=0.0409, Reg=0.0000, Con=3.9608
2025-09-14 02:13:30,466 - INFO - Batch 2020/2278: Loss=0.0023, Cls=0.0023, Reg=0.0000, Con=0.0000
2025-09-14 02:13:31,419 - INFO - Batch 2030/2278: Loss=1.1975, Cls=0.0092, Reg=0.0000, Con=3.9610
2025-09-14 02:13:32,446 - INFO - Batch 2040/2278: Loss=1.9112, Cls=0.7229, Reg=0.0000, Con=3.9608
2025-09-14 02:13:33,445 - INFO - Batch 2050/2278: Loss=1.2125, Cls=0.0242, Reg=0.0000, Con=3.9609
2025-09-14 02:13:34,433 - INFO - Batch 2060/2278: Loss=1.2488, Cls=0.0604, Reg=0.0000, Con=3.9615
2025-09-14 02:13:35,423 - INFO - Batch 2070/2278: Loss=1.2050, Cls=0.0168, Reg=0.0000, Con=3.9608
2025-09-14 02:13:36,433 - INFO - Batch 2080/2278: Loss=0.0137, Cls=0.0137, Reg=0.0000, Con=0.0000
2025-09-14 02:13:37,416 - INFO - Batch 2090/2278: Loss=1.2573, Cls=0.0691, Reg=0.0000, Con=3.9608
2025-09-14 02:13:38,339 - INFO - Batch 2100/2278: Loss=0.0079, Cls=0.0079, Reg=0.0000, Con=0.0000
2025-09-14 02:13:39,361 - INFO - Batch 2110/2278: Loss=0.0045, Cls=0.0045, Reg=0.0000, Con=0.0000
2025-09-14 02:13:40,331 - INFO - Batch 2120/2278: Loss=1.1883, Cls=0.0000, Reg=0.0000, Con=3.9609
2025-09-14 02:13:41,337 - INFO - Batch 2130/2278: Loss=2.6097, Cls=1.4214, Reg=0.0000, Con=3.9608
2025-09-14 02:13:42,315 - INFO - Batch 2140/2278: Loss=0.0034, Cls=0.0034, Reg=0.0000, Con=0.0000
2025-09-14 02:13:43,300 - INFO - Batch 2150/2278: Loss=1.1935, Cls=0.0052, Reg=0.0000, Con=3.9610
2025-09-14 02:13:44,253 - INFO - Batch 2160/2278: Loss=1.2346, Cls=0.0464, Reg=0.0000, Con=3.9608
2025-09-14 02:13:45,233 - INFO - Batch 2170/2278: Loss=1.1954, Cls=0.0072, Reg=0.0000, Con=3.9608
2025-09-14 02:13:46,264 - INFO - Batch 2180/2278: Loss=1.5991, Cls=0.4109, Reg=0.0000, Con=3.9608
2025-09-14 02:13:47,200 - INFO - Batch 2190/2278: Loss=1.1956, Cls=0.0073, Reg=0.0000, Con=3.9610
2025-09-14 02:13:48,203 - INFO - Batch 2200/2278: Loss=1.1882, Cls=0.0000, Reg=0.0000, Con=3.9608
2025-09-14 02:13:49,207 - INFO - Batch 2210/2278: Loss=1.5881, Cls=0.3998, Reg=0.0000, Con=3.9610
2025-09-14 02:13:50,224 - INFO - Batch 2220/2278: Loss=0.0003, Cls=0.0003, Reg=0.0000, Con=0.0000
2025-09-14 02:13:51,225 - INFO - Batch 2230/2278: Loss=0.0015, Cls=0.0015, Reg=0.0000, Con=0.0000
2025-09-14 02:13:52,245 - INFO - Batch 2240/2278: Loss=1.1984, Cls=0.0101, Reg=0.0000, Con=3.9608
2025-09-14 02:13:53,216 - INFO - Batch 2250/2278: Loss=0.5420, Cls=0.5420, Reg=0.0000, Con=0.0000
2025-09-14 02:13:54,267 - INFO - Batch 2260/2278: Loss=1.3974, Cls=0.2092, Reg=0.0000, Con=3.9608
2025-09-14 02:13:55,299 - INFO - Batch 2270/2278: Loss=1.1902, Cls=0.0020, Reg=0.0000, Con=3.9606
2025-09-14 02:17:26,053 - INFO - === Epoch 2 Results ===
2025-09-14 02:17:26,053 - INFO - Training Loss: 1.1665 (Classification: 0.2813, Regression: 0.0000)
2025-09-14 02:17:26,053 - INFO - Validation Loss: 0.1309 (Classification: 0.1309, Regression: 0.0000)
2025-09-14 02:17:26,053 - INFO - Average Classification Accuracy: 0.8607 (on 1/26 tasks)
2025-09-14 02:17:26,053 - INFO - Average AUC: 0.9081
2025-09-14 02:17:26,053 - INFO - 
Epoch 3/3
2025-09-14 02:17:26,152 - INFO - Batch 0/2278: Loss=1.3528, Cls=0.1646, Reg=0.0000, Con=3.9608
2025-09-14 02:17:27,114 - INFO - Batch 10/2278: Loss=1.1895, Cls=0.0012, Reg=0.0000, Con=3.9611
2025-09-14 02:17:28,064 - INFO - Batch 20/2278: Loss=1.6384, Cls=0.4501, Reg=0.0000, Con=3.9608
2025-09-14 02:17:29,060 - INFO - Batch 30/2278: Loss=1.2359, Cls=0.0477, Reg=0.0000, Con=3.9609
2025-09-14 02:17:29,968 - INFO - Batch 40/2278: Loss=1.1886, Cls=0.0004, Reg=0.0000, Con=3.9608
2025-09-14 02:17:30,880 - INFO - Batch 50/2278: Loss=1.3143, Cls=0.1260, Reg=0.0000, Con=3.9609
2025-09-14 02:17:31,804 - INFO - Batch 60/2278: Loss=1.4769, Cls=0.2887, Reg=0.0000, Con=3.9606
2025-09-14 02:17:32,724 - INFO - Batch 70/2278: Loss=1.3354, Cls=0.1471, Reg=0.0000, Con=3.9608
2025-09-14 02:17:33,660 - INFO - Batch 80/2278: Loss=0.5706, Cls=0.5706, Reg=0.0000, Con=0.0000
2025-09-14 02:17:34,570 - INFO - Batch 90/2278: Loss=2.3307, Cls=1.1425, Reg=0.0000, Con=3.9609
2025-09-14 02:17:35,488 - INFO - Batch 100/2278: Loss=1.2344, Cls=0.0462, Reg=0.0000, Con=3.9607
2025-09-14 02:17:36,432 - INFO - Batch 110/2278: Loss=1.3427, Cls=0.1542, Reg=0.0000, Con=3.9618
2025-09-14 02:17:37,337 - INFO - Batch 120/2278: Loss=1.1977, Cls=0.0095, Reg=0.0000, Con=3.9609
2025-09-14 02:17:38,244 - INFO - Batch 130/2278: Loss=1.1913, Cls=0.0031, Reg=0.0000, Con=3.9607
2025-09-14 02:17:39,192 - INFO - Batch 140/2278: Loss=0.0059, Cls=0.0059, Reg=0.0000, Con=0.0000
2025-09-14 02:17:40,103 - INFO - Batch 150/2278: Loss=1.2002, Cls=0.0120, Reg=0.0000, Con=3.9608
2025-09-14 02:17:41,014 - INFO - Batch 160/2278: Loss=1.1920, Cls=0.0037, Reg=0.0000, Con=3.9607
2025-09-14 02:17:41,935 - INFO - Batch 170/2278: Loss=1.1997, Cls=0.0114, Reg=0.0000, Con=3.9609
2025-09-14 02:17:42,874 - INFO - Batch 180/2278: Loss=1.1960, Cls=0.0077, Reg=0.0000, Con=3.9611
2025-09-14 02:17:43,792 - INFO - Batch 190/2278: Loss=2.9540, Cls=1.7658, Reg=0.0000, Con=3.9607
2025-09-14 02:17:44,749 - INFO - Batch 200/2278: Loss=0.0017, Cls=0.0017, Reg=0.0000, Con=0.0000
2025-09-14 02:17:45,675 - INFO - Batch 210/2278: Loss=1.1890, Cls=0.0007, Reg=0.0000, Con=3.9612
2025-09-14 02:17:46,581 - INFO - Batch 220/2278: Loss=1.1980, Cls=0.0097, Reg=0.0000, Con=3.9608
2025-09-14 02:17:47,493 - INFO - Batch 230/2278: Loss=1.2002, Cls=0.0119, Reg=0.0000, Con=3.9611
2025-09-14 02:17:48,407 - INFO - Batch 240/2278: Loss=1.1902, Cls=0.0020, Reg=0.0000, Con=3.9607
2025-09-14 02:17:49,323 - INFO - Batch 250/2278: Loss=1.7297, Cls=0.5414, Reg=0.0000, Con=3.9609
2025-09-14 02:17:50,277 - INFO - Batch 260/2278: Loss=1.1883, Cls=0.0000, Reg=0.0000, Con=3.9608
2025-09-14 02:17:51,211 - INFO - Batch 270/2278: Loss=1.1882, Cls=0.0000, Reg=0.0000, Con=3.9607
2025-09-14 02:17:52,105 - INFO - Batch 280/2278: Loss=1.6105, Cls=0.4223, Reg=0.0000, Con=3.9608
2025-09-14 02:17:53,003 - INFO - Batch 290/2278: Loss=1.1882, Cls=0.0000, Reg=0.0000, Con=3.9608
2025-09-14 02:17:53,879 - INFO - Batch 300/2278: Loss=1.2023, Cls=0.0141, Reg=0.0000, Con=3.9607
2025-09-14 02:17:54,794 - INFO - Batch 310/2278: Loss=1.2011, Cls=0.0128, Reg=0.0000, Con=3.9610
2025-09-14 02:17:55,703 - INFO - Batch 320/2278: Loss=2.6270, Cls=1.4386, Reg=0.0000, Con=3.9612
2025-09-14 02:17:56,609 - INFO - Batch 330/2278: Loss=0.9651, Cls=0.9651, Reg=0.0000, Con=0.0000
2025-09-14 02:17:57,519 - INFO - Batch 340/2278: Loss=0.0037, Cls=0.0037, Reg=0.0000, Con=0.0000
2025-09-14 02:17:58,414 - INFO - Batch 350/2278: Loss=1.1888, Cls=0.0004, Reg=0.0000, Con=3.9612
2025-09-14 02:17:59,340 - INFO - Batch 360/2278: Loss=1.9727, Cls=0.7844, Reg=0.0000, Con=3.9611
2025-09-14 02:18:00,254 - INFO - Batch 370/2278: Loss=1.4571, Cls=0.2689, Reg=0.0000, Con=3.9608
2025-09-14 02:18:01,200 - INFO - Batch 380/2278: Loss=1.1937, Cls=0.0054, Reg=0.0000, Con=3.9608
2025-09-14 02:18:02,137 - INFO - Batch 390/2278: Loss=2.5732, Cls=1.3849, Reg=0.0000, Con=3.9608
2025-09-14 02:18:03,056 - INFO - Batch 400/2278: Loss=0.0001, Cls=0.0001, Reg=0.0000, Con=0.0000
2025-09-14 02:18:03,961 - INFO - Batch 410/2278: Loss=1.2679, Cls=0.0796, Reg=0.0000, Con=3.9609
2025-09-14 02:18:04,850 - INFO - Batch 420/2278: Loss=1.1956, Cls=0.0073, Reg=0.0000, Con=3.9609
2025-09-14 02:18:05,747 - INFO - Batch 430/2278: Loss=1.4760, Cls=0.2877, Reg=0.0000, Con=3.9611
2025-09-14 02:18:06,649 - INFO - Batch 440/2278: Loss=0.3241, Cls=0.3241, Reg=0.0000, Con=0.0000
2025-09-14 02:18:07,551 - INFO - Batch 450/2278: Loss=1.1990, Cls=0.0107, Reg=0.0000, Con=3.9608
2025-09-14 02:18:08,462 - INFO - Batch 460/2278: Loss=0.3225, Cls=0.3225, Reg=0.0000, Con=0.0000
2025-09-14 02:18:09,377 - INFO - Batch 470/2278: Loss=0.7300, Cls=0.7300, Reg=0.0000, Con=0.0000
2025-09-14 02:18:10,289 - INFO - Batch 480/2278: Loss=2.5021, Cls=1.3138, Reg=0.0000, Con=3.9609
2025-09-14 02:18:11,197 - INFO - Batch 490/2278: Loss=0.0107, Cls=0.0107, Reg=0.0000, Con=0.0000
2025-09-14 02:18:12,110 - INFO - Batch 500/2278: Loss=0.0106, Cls=0.0106, Reg=0.0000, Con=0.0000
2025-09-14 02:18:13,173 - INFO - Batch 510/2278: Loss=3.1437, Cls=1.9554, Reg=0.0000, Con=3.9608
2025-09-14 02:18:14,088 - INFO - Batch 520/2278: Loss=0.0006, Cls=0.0006, Reg=0.0000, Con=0.0000
2025-09-14 02:18:14,987 - INFO - Batch 530/2278: Loss=1.2174, Cls=0.0292, Reg=0.0000, Con=3.9608
2025-09-14 02:18:15,929 - INFO - Batch 540/2278: Loss=1.9772, Cls=0.7889, Reg=0.0000, Con=3.9609
2025-09-14 02:18:16,850 - INFO - Batch 550/2278: Loss=0.0008, Cls=0.0008, Reg=0.0000, Con=0.0000
2025-09-14 02:18:17,780 - INFO - Batch 560/2278: Loss=1.1974, Cls=0.0091, Reg=0.0000, Con=3.9609
2025-09-14 02:18:18,716 - INFO - Batch 570/2278: Loss=1.2242, Cls=0.0360, Reg=0.0000, Con=3.9608
2025-09-14 02:18:19,653 - INFO - Batch 580/2278: Loss=0.0006, Cls=0.0006, Reg=0.0000, Con=0.0000
2025-09-14 02:18:20,536 - INFO - Batch 590/2278: Loss=1.1949, Cls=0.0066, Reg=0.0000, Con=3.9608
2025-09-14 02:18:21,433 - INFO - Batch 600/2278: Loss=0.0372, Cls=0.0372, Reg=0.0000, Con=0.0000
2025-09-14 02:18:22,317 - INFO - Batch 610/2278: Loss=0.0000, Cls=0.0000, Reg=0.0000, Con=0.0000
2025-09-14 02:18:23,234 - INFO - Batch 620/2278: Loss=1.2291, Cls=0.0409, Reg=0.0000, Con=3.9608
2025-09-14 02:18:24,127 - INFO - Batch 630/2278: Loss=1.3615, Cls=0.1732, Reg=0.0000, Con=3.9611
2025-09-14 02:18:25,118 - INFO - Batch 640/2278: Loss=1.6397, Cls=0.4515, Reg=0.0000, Con=3.9607
2025-09-14 02:18:26,194 - INFO - Batch 650/2278: Loss=1.3264, Cls=0.1381, Reg=0.0000, Con=3.9608
2025-09-14 02:18:27,219 - INFO - Batch 660/2278: Loss=0.0051, Cls=0.0051, Reg=0.0000, Con=0.0000
2025-09-14 02:18:28,177 - INFO - Batch 670/2278: Loss=1.5619, Cls=0.3736, Reg=0.0000, Con=3.9608
2025-09-14 02:18:29,190 - INFO - Batch 680/2278: Loss=0.0275, Cls=0.0275, Reg=0.0000, Con=0.0000
2025-09-14 02:18:30,123 - INFO - Batch 690/2278: Loss=1.1885, Cls=0.0002, Reg=0.0000, Con=3.9609
2025-09-14 02:18:31,051 - INFO - Batch 700/2278: Loss=1.7168, Cls=0.5285, Reg=0.0000, Con=3.9610
2025-09-14 02:18:31,958 - INFO - Batch 710/2278: Loss=1.1984, Cls=0.0102, Reg=0.0000, Con=3.9607
2025-09-14 02:18:32,883 - INFO - Batch 720/2278: Loss=1.1883, Cls=0.0000, Reg=0.0000, Con=3.9610
2025-09-14 02:18:33,788 - INFO - Batch 730/2278: Loss=1.2133, Cls=0.0251, Reg=0.0000, Con=3.9608
2025-09-14 02:18:34,694 - INFO - Batch 740/2278: Loss=1.5669, Cls=0.3787, Reg=0.0000, Con=3.9606
2025-09-14 02:18:35,602 - INFO - Batch 750/2278: Loss=1.6663, Cls=0.4781, Reg=0.0000, Con=3.9606
2025-09-14 02:18:36,510 - INFO - Batch 760/2278: Loss=1.1977, Cls=0.0094, Reg=0.0000, Con=3.9611
2025-09-14 02:18:37,437 - INFO - Batch 770/2278: Loss=1.1903, Cls=0.0019, Reg=0.0000, Con=3.9611
2025-09-14 02:18:38,350 - INFO - Batch 780/2278: Loss=0.0394, Cls=0.0394, Reg=0.0000, Con=0.0000
2025-09-14 02:18:39,242 - INFO - Batch 790/2278: Loss=1.4004, Cls=0.2121, Reg=0.0000, Con=3.9609
2025-09-14 02:18:40,139 - INFO - Batch 800/2278: Loss=1.1887, Cls=0.0003, Reg=0.0000, Con=3.9612
2025-09-14 02:18:41,047 - INFO - Batch 810/2278: Loss=0.1521, Cls=0.1521, Reg=0.0000, Con=0.0000
2025-09-14 02:18:41,961 - INFO - Batch 820/2278: Loss=1.1884, Cls=0.0002, Reg=0.0000, Con=3.9608
2025-09-14 02:18:42,886 - INFO - Batch 830/2278: Loss=1.1923, Cls=0.0040, Reg=0.0000, Con=3.9609
2025-09-14 02:18:43,850 - INFO - Batch 840/2278: Loss=1.2365, Cls=0.0482, Reg=0.0000, Con=3.9609
2025-09-14 02:18:44,804 - INFO - Batch 850/2278: Loss=0.0019, Cls=0.0019, Reg=0.0000, Con=0.0000
2025-09-14 02:18:45,703 - INFO - Batch 860/2278: Loss=1.2347, Cls=0.0464, Reg=0.0000, Con=3.9611
2025-09-14 02:18:46,604 - INFO - Batch 870/2278: Loss=1.1890, Cls=0.0007, Reg=0.0000, Con=3.9609
2025-09-14 02:18:47,506 - INFO - Batch 880/2278: Loss=0.4965, Cls=0.4965, Reg=0.0000, Con=0.0000
2025-09-14 02:18:48,438 - INFO - Batch 890/2278: Loss=2.0006, Cls=0.8123, Reg=0.0000, Con=3.9609
2025-09-14 02:18:49,409 - INFO - Batch 900/2278: Loss=0.0020, Cls=0.0020, Reg=0.0000, Con=0.0000
2025-09-14 02:18:50,306 - INFO - Batch 910/2278: Loss=1.5685, Cls=0.3802, Reg=0.0000, Con=3.9608
2025-09-14 02:18:51,230 - INFO - Batch 920/2278: Loss=0.0004, Cls=0.0004, Reg=0.0000, Con=0.0000
2025-09-14 02:18:52,142 - INFO - Batch 930/2278: Loss=1.9408, Cls=0.7525, Reg=0.0000, Con=3.9609
2025-09-14 02:18:53,062 - INFO - Batch 940/2278: Loss=1.2719, Cls=0.0835, Reg=0.0000, Con=3.9613
2025-09-14 02:18:53,961 - INFO - Batch 950/2278: Loss=2.1261, Cls=0.9379, Reg=0.0000, Con=3.9607
2025-09-14 02:18:54,841 - INFO - Batch 960/2278: Loss=1.3509, Cls=0.1626, Reg=0.0000, Con=3.9608
2025-09-14 02:18:55,763 - INFO - Batch 970/2278: Loss=2.7617, Cls=1.5734, Reg=0.0000, Con=3.9608
2025-09-14 02:18:56,669 - INFO - Batch 980/2278: Loss=1.1883, Cls=0.0000, Reg=0.0000, Con=3.9609
2025-09-14 02:18:57,591 - INFO - Batch 990/2278: Loss=1.1894, Cls=0.0011, Reg=0.0000, Con=3.9609
2025-09-14 02:18:58,526 - INFO - Batch 1000/2278: Loss=1.9374, Cls=0.7491, Reg=0.0000, Con=3.9608
2025-09-14 02:18:59,557 - INFO - Batch 1010/2278: Loss=1.8216, Cls=0.6334, Reg=0.0000, Con=3.9608
2025-09-14 02:19:00,463 - INFO - Batch 1020/2278: Loss=1.1953, Cls=0.0070, Reg=0.0000, Con=3.9608
2025-09-14 02:19:01,375 - INFO - Batch 1030/2278: Loss=0.6476, Cls=0.6476, Reg=0.0000, Con=0.0000
2025-09-14 02:19:02,288 - INFO - Batch 1040/2278: Loss=1.5889, Cls=0.4005, Reg=0.0000, Con=3.9613
2025-09-14 02:19:03,202 - INFO - Batch 1050/2278: Loss=0.0081, Cls=0.0081, Reg=0.0000, Con=0.0000
2025-09-14 02:19:04,112 - INFO - Batch 1060/2278: Loss=1.3556, Cls=0.1673, Reg=0.0000, Con=3.9611
2025-09-14 02:19:05,039 - INFO - Batch 1070/2278: Loss=1.3735, Cls=0.1852, Reg=0.0000, Con=3.9609
2025-09-14 02:19:05,946 - INFO - Batch 1080/2278: Loss=0.0005, Cls=0.0005, Reg=0.0000, Con=0.0000
2025-09-14 02:19:06,870 - INFO - Batch 1090/2278: Loss=1.2113, Cls=0.0230, Reg=0.0000, Con=3.9611
2025-09-14 02:19:07,780 - INFO - Batch 1100/2278: Loss=1.1894, Cls=0.0011, Reg=0.0000, Con=3.9611
2025-09-14 02:19:08,677 - INFO - Batch 1110/2278: Loss=0.0000, Cls=0.0000, Reg=0.0000, Con=0.0000
2025-09-14 02:19:09,592 - INFO - Batch 1120/2278: Loss=0.0021, Cls=0.0021, Reg=0.0000, Con=0.0000
2025-09-14 02:19:10,516 - INFO - Batch 1130/2278: Loss=0.0105, Cls=0.0105, Reg=0.0000, Con=0.0000
2025-09-14 02:19:11,436 - INFO - Batch 1140/2278: Loss=1.2066, Cls=0.0183, Reg=0.0000, Con=3.9609
2025-09-14 02:19:12,336 - INFO - Batch 1150/2278: Loss=0.1360, Cls=0.1360, Reg=0.0000, Con=0.0000
2025-09-14 02:19:13,272 - INFO - Batch 1160/2278: Loss=0.3312, Cls=0.3312, Reg=0.0000, Con=0.0000
2025-09-14 02:19:14,170 - INFO - Batch 1170/2278: Loss=1.1883, Cls=0.0001, Reg=0.0000, Con=3.9608
2025-09-14 02:19:15,116 - INFO - Batch 1180/2278: Loss=1.9918, Cls=0.8034, Reg=0.0000, Con=3.9613
2025-09-14 02:19:16,038 - INFO - Batch 1190/2278: Loss=1.2009, Cls=0.0126, Reg=0.0000, Con=3.9609
2025-09-14 02:19:16,937 - INFO - Batch 1200/2278: Loss=1.2075, Cls=0.0192, Reg=0.0000, Con=3.9611
2025-09-14 02:19:17,850 - INFO - Batch 1210/2278: Loss=1.4293, Cls=0.2410, Reg=0.0000, Con=3.9611
2025-09-14 02:19:18,760 - INFO - Batch 1220/2278: Loss=1.2374, Cls=0.0491, Reg=0.0000, Con=3.9609
2025-09-14 02:19:19,673 - INFO - Batch 1230/2278: Loss=0.2295, Cls=0.2295, Reg=0.0000, Con=0.0000
2025-09-14 02:19:20,565 - INFO - Batch 1240/2278: Loss=1.6257, Cls=0.4374, Reg=0.0000, Con=3.9608
2025-09-14 02:19:21,494 - INFO - Batch 1250/2278: Loss=2.5676, Cls=1.3793, Reg=0.0000, Con=3.9609
2025-09-14 02:19:22,367 - INFO - Batch 1260/2278: Loss=0.5883, Cls=0.5883, Reg=0.0000, Con=0.0000
2025-09-14 02:19:23,291 - INFO - Batch 1270/2278: Loss=1.5653, Cls=0.3770, Reg=0.0000, Con=3.9610
2025-09-14 02:19:24,185 - INFO - Batch 1280/2278: Loss=1.1883, Cls=0.0001, Reg=0.0000, Con=3.9607
2025-09-14 02:19:25,169 - INFO - Batch 1290/2278: Loss=0.3959, Cls=0.3959, Reg=0.0000, Con=0.0000
2025-09-14 02:19:26,080 - INFO - Batch 1300/2278: Loss=0.0067, Cls=0.0067, Reg=0.0000, Con=0.0000
2025-09-14 02:19:26,991 - INFO - Batch 1310/2278: Loss=1.3037, Cls=0.1155, Reg=0.0000, Con=3.9608
2025-09-14 02:19:27,887 - INFO - Batch 1320/2278: Loss=1.2877, Cls=0.0994, Reg=0.0000, Con=3.9610
2025-09-14 02:19:28,798 - INFO - Batch 1330/2278: Loss=1.2175, Cls=0.0292, Reg=0.0000, Con=3.9610
2025-09-14 02:19:29,704 - INFO - Batch 1340/2278: Loss=1.1963, Cls=0.0081, Reg=0.0000, Con=3.9608
2025-09-14 02:19:30,608 - INFO - Batch 1350/2278: Loss=1.6860, Cls=0.4978, Reg=0.0000, Con=3.9608
2025-09-14 02:19:31,523 - INFO - Batch 1360/2278: Loss=1.2137, Cls=0.0253, Reg=0.0000, Con=3.9612
2025-09-14 02:19:32,425 - INFO - Batch 1370/2278: Loss=1.1918, Cls=0.0035, Reg=0.0000, Con=3.9610
2025-09-14 02:19:33,360 - INFO - Batch 1380/2278: Loss=1.3551, Cls=0.1669, Reg=0.0000, Con=3.9608
2025-09-14 02:19:34,272 - INFO - Batch 1390/2278: Loss=1.2239, Cls=0.0356, Reg=0.0000, Con=3.9610
2025-09-14 02:19:35,218 - INFO - Batch 1400/2278: Loss=1.2221, Cls=0.0337, Reg=0.0000, Con=3.9615
2025-09-14 02:19:36,136 - INFO - Batch 1410/2278: Loss=0.0340, Cls=0.0340, Reg=0.0000, Con=0.0000
2025-09-14 02:19:37,039 - INFO - Batch 1420/2278: Loss=1.2001, Cls=0.0118, Reg=0.0000, Con=3.9610
2025-09-14 02:19:37,958 - INFO - Batch 1430/2278: Loss=0.0094, Cls=0.0094, Reg=0.0000, Con=0.0000
2025-09-14 02:19:38,950 - INFO - Batch 1440/2278: Loss=1.1882, Cls=0.0000, Reg=0.0000, Con=3.9606
2025-09-14 02:19:40,065 - INFO - Batch 1450/2278: Loss=1.8887, Cls=0.7005, Reg=0.0000, Con=3.9609
2025-09-14 02:19:41,012 - INFO - Batch 1460/2278: Loss=0.0001, Cls=0.0001, Reg=0.0000, Con=0.0000
2025-09-14 02:19:41,959 - INFO - Batch 1470/2278: Loss=1.1885, Cls=0.0003, Reg=0.0000, Con=3.9607
2025-09-14 02:19:42,856 - INFO - Batch 1480/2278: Loss=1.8316, Cls=0.6434, Reg=0.0000, Con=3.9608
2025-09-14 02:19:43,769 - INFO - Batch 1490/2278: Loss=0.0891, Cls=0.0891, Reg=0.0000, Con=0.0000
2025-09-14 02:19:44,659 - INFO - Batch 1500/2278: Loss=1.2290, Cls=0.0407, Reg=0.0000, Con=3.9610
2025-09-14 02:19:45,608 - INFO - Batch 1510/2278: Loss=1.8662, Cls=0.6780, Reg=0.0000, Con=3.9608
2025-09-14 02:19:46,551 - INFO - Batch 1520/2278: Loss=0.7099, Cls=0.7099, Reg=0.0000, Con=0.0000
2025-09-14 02:19:47,477 - INFO - Batch 1530/2278: Loss=1.1948, Cls=0.0066, Reg=0.0000, Con=3.9608
2025-09-14 02:19:48,401 - INFO - Batch 1540/2278: Loss=1.1893, Cls=0.0010, Reg=0.0000, Con=3.9610
2025-09-14 02:19:49,335 - INFO - Batch 1550/2278: Loss=1.4065, Cls=0.2182, Reg=0.0000, Con=3.9609
2025-09-14 02:19:50,279 - INFO - Batch 1560/2278: Loss=1.3679, Cls=0.1797, Reg=0.0000, Con=3.9608
2025-09-14 02:19:51,194 - INFO - Batch 1570/2278: Loss=0.0064, Cls=0.0064, Reg=0.0000, Con=0.0000
2025-09-14 02:19:52,115 - INFO - Batch 1580/2278: Loss=1.5870, Cls=0.3987, Reg=0.0000, Con=3.9608
2025-09-14 02:19:53,036 - INFO - Batch 1590/2278: Loss=0.0083, Cls=0.0083, Reg=0.0000, Con=0.0000
2025-09-14 02:19:53,954 - INFO - Batch 1600/2278: Loss=1.9424, Cls=0.7542, Reg=0.0000, Con=3.9608
2025-09-14 02:19:54,845 - INFO - Batch 1610/2278: Loss=0.0090, Cls=0.0090, Reg=0.0000, Con=0.0000
2025-09-14 02:19:55,775 - INFO - Batch 1620/2278: Loss=1.2068, Cls=0.0186, Reg=0.0000, Con=3.9608
2025-09-14 02:19:56,682 - INFO - Batch 1630/2278: Loss=1.4499, Cls=0.2616, Reg=0.0000, Con=3.9609
2025-09-14 02:19:57,571 - INFO - Batch 1640/2278: Loss=0.2243, Cls=0.2243, Reg=0.0000, Con=0.0000
2025-09-14 02:19:58,488 - INFO - Batch 1650/2278: Loss=1.2002, Cls=0.0120, Reg=0.0000, Con=3.9609
2025-09-14 02:19:59,411 - INFO - Batch 1660/2278: Loss=1.1888, Cls=0.0004, Reg=0.0000, Con=3.9613
2025-09-14 02:20:00,307 - INFO - Batch 1670/2278: Loss=2.2581, Cls=1.0698, Reg=0.0000, Con=3.9609
2025-09-14 02:20:01,219 - INFO - Batch 1680/2278: Loss=1.1886, Cls=0.0004, Reg=0.0000, Con=3.9607
2025-09-14 02:20:02,084 - INFO - Batch 1690/2278: Loss=1.2053, Cls=0.0170, Reg=0.0000, Con=3.9610
2025-09-14 02:20:02,984 - INFO - Batch 1700/2278: Loss=2.3435, Cls=1.1552, Reg=0.0000, Con=3.9608
2025-09-14 02:20:03,885 - INFO - Batch 1710/2278: Loss=0.0059, Cls=0.0059, Reg=0.0000, Con=0.0000
2025-09-14 02:20:04,805 - INFO - Batch 1720/2278: Loss=0.0025, Cls=0.0025, Reg=0.0000, Con=0.0000
2025-09-14 02:20:05,724 - INFO - Batch 1730/2278: Loss=1.2611, Cls=0.0729, Reg=0.0000, Con=3.9608
2025-09-14 02:20:06,628 - INFO - Batch 1740/2278: Loss=1.1902, Cls=0.0019, Reg=0.0000, Con=3.9609
2025-09-14 02:20:07,525 - INFO - Batch 1750/2278: Loss=0.0160, Cls=0.0160, Reg=0.0000, Con=0.0000
2025-09-14 02:20:08,463 - INFO - Batch 1760/2278: Loss=1.2181, Cls=0.0297, Reg=0.0000, Con=3.9612
2025-09-14 02:20:09,371 - INFO - Batch 1770/2278: Loss=0.9959, Cls=0.9959, Reg=0.0000, Con=0.0000
2025-09-14 02:20:10,278 - INFO - Batch 1780/2278: Loss=0.0250, Cls=0.0250, Reg=0.0000, Con=0.0000
2025-09-14 02:20:11,185 - INFO - Batch 1790/2278: Loss=0.0000, Cls=0.0000, Reg=0.0000, Con=0.0000
2025-09-14 02:20:12,096 - INFO - Batch 1800/2278: Loss=1.1894, Cls=0.0012, Reg=0.0000, Con=3.9607
2025-09-14 02:20:12,979 - INFO - Batch 1810/2278: Loss=0.0044, Cls=0.0044, Reg=0.0000, Con=0.0000
2025-09-14 02:20:13,878 - INFO - Batch 1820/2278: Loss=1.2100, Cls=0.0218, Reg=0.0000, Con=3.9607
2025-09-14 02:20:14,769 - INFO - Batch 1830/2278: Loss=1.8275, Cls=0.6392, Reg=0.0000, Con=3.9608
2025-09-14 02:20:15,680 - INFO - Batch 1840/2278: Loss=0.0701, Cls=0.0701, Reg=0.0000, Con=0.0000
2025-09-14 02:20:16,599 - INFO - Batch 1850/2278: Loss=1.1987, Cls=0.0104, Reg=0.0000, Con=3.9609
2025-09-14 02:20:17,523 - INFO - Batch 1860/2278: Loss=1.1894, Cls=0.0013, Reg=0.0000, Con=3.9607
2025-09-14 02:20:18,541 - INFO - Batch 1870/2278: Loss=0.0396, Cls=0.0396, Reg=0.0000, Con=0.0000
2025-09-14 02:20:19,549 - INFO - Batch 1880/2278: Loss=3.3610, Cls=2.1728, Reg=0.0000, Con=3.9607
2025-09-14 02:20:20,475 - INFO - Batch 1890/2278: Loss=1.2010, Cls=0.0128, Reg=0.0000, Con=3.9607
2025-09-14 02:20:21,402 - INFO - Batch 1900/2278: Loss=0.0046, Cls=0.0046, Reg=0.0000, Con=0.0000
2025-09-14 02:20:22,278 - INFO - Batch 1910/2278: Loss=1.1889, Cls=0.0006, Reg=0.0000, Con=3.9610
2025-09-14 02:20:23,158 - INFO - Batch 1920/2278: Loss=0.0281, Cls=0.0281, Reg=0.0000, Con=0.0000
2025-09-14 02:20:24,067 - INFO - Batch 1930/2278: Loss=1.2045, Cls=0.0161, Reg=0.0000, Con=3.9611
2025-09-14 02:20:24,958 - INFO - Batch 1940/2278: Loss=1.1909, Cls=0.0027, Reg=0.0000, Con=3.9607
2025-09-14 02:20:25,838 - INFO - Batch 1950/2278: Loss=1.2281, Cls=0.0398, Reg=0.0000, Con=3.9609
2025-09-14 02:20:26,737 - INFO - Batch 1960/2278: Loss=1.2079, Cls=0.0196, Reg=0.0000, Con=3.9610
2025-09-14 02:20:27,701 - INFO - Batch 1970/2278: Loss=0.0020, Cls=0.0020, Reg=0.0000, Con=0.0000
2025-09-14 02:20:28,698 - INFO - Batch 1980/2278: Loss=1.1888, Cls=0.0005, Reg=0.0000, Con=3.9610
2025-09-14 02:20:29,641 - INFO - Batch 1990/2278: Loss=1.2552, Cls=0.0669, Reg=0.0000, Con=3.9608
2025-09-14 02:20:30,609 - INFO - Batch 2000/2278: Loss=1.2080, Cls=0.0197, Reg=0.0000, Con=3.9610
2025-09-14 02:20:31,560 - INFO - Batch 2010/2278: Loss=2.4304, Cls=1.2421, Reg=0.0000, Con=3.9608
2025-09-14 02:20:32,542 - INFO - Batch 2020/2278: Loss=1.2521, Cls=0.0639, Reg=0.0000, Con=3.9608
2025-09-14 02:20:33,541 - INFO - Batch 2030/2278: Loss=2.4097, Cls=1.2215, Reg=0.0000, Con=3.9608
2025-09-14 02:20:34,501 - INFO - Batch 2040/2278: Loss=1.9156, Cls=0.7273, Reg=0.0000, Con=3.9610
2025-09-14 02:20:35,523 - INFO - Batch 2050/2278: Loss=0.0252, Cls=0.0252, Reg=0.0000, Con=0.0000
2025-09-14 02:20:36,494 - INFO - Batch 2060/2278: Loss=1.2108, Cls=0.0225, Reg=0.0000, Con=3.9609
2025-09-14 02:20:37,469 - INFO - Batch 2070/2278: Loss=1.6418, Cls=0.4535, Reg=0.0000, Con=3.9608
2025-09-14 02:20:38,443 - INFO - Batch 2080/2278: Loss=1.3002, Cls=0.1118, Reg=0.0000, Con=3.9613
2025-09-14 02:20:39,345 - INFO - Batch 2090/2278: Loss=1.1999, Cls=0.0117, Reg=0.0000, Con=3.9607
2025-09-14 02:20:40,324 - INFO - Batch 2100/2278: Loss=1.3678, Cls=0.1792, Reg=0.0000, Con=3.9619
2025-09-14 02:20:41,286 - INFO - Batch 2110/2278: Loss=1.1892, Cls=0.0009, Reg=0.0000, Con=3.9609
2025-09-14 02:20:42,271 - INFO - Batch 2120/2278: Loss=1.5736, Cls=1.5736, Reg=0.0000, Con=0.0000
2025-09-14 02:20:43,271 - INFO - Batch 2130/2278: Loss=2.2793, Cls=1.0911, Reg=0.0000, Con=3.9606
2025-09-14 02:20:44,213 - INFO - Batch 2140/2278: Loss=0.0006, Cls=0.0006, Reg=0.0000, Con=0.0000
2025-09-14 02:20:45,181 - INFO - Batch 2150/2278: Loss=1.2383, Cls=0.0500, Reg=0.0000, Con=3.9608
2025-09-14 02:20:46,181 - INFO - Batch 2160/2278: Loss=1.2060, Cls=0.0177, Reg=0.0000, Con=3.9609
2025-09-14 02:20:47,134 - INFO - Batch 2170/2278: Loss=1.1895, Cls=0.0013, Reg=0.0000, Con=3.9608
2025-09-14 02:20:48,088 - INFO - Batch 2180/2278: Loss=0.0000, Cls=0.0000, Reg=0.0000, Con=0.0000
2025-09-14 02:20:49,002 - INFO - Batch 2190/2278: Loss=1.1885, Cls=0.0002, Reg=0.0000, Con=3.9609
2025-09-14 02:20:50,053 - INFO - Batch 2200/2278: Loss=1.1885, Cls=0.0002, Reg=0.0000, Con=3.9608
2025-09-14 02:20:50,992 - INFO - Batch 2210/2278: Loss=1.7001, Cls=0.5118, Reg=0.0000, Con=3.9608
2025-09-14 02:20:51,965 - INFO - Batch 2220/2278: Loss=2.3656, Cls=1.1774, Reg=0.0000, Con=3.9608
2025-09-14 02:20:52,929 - INFO - Batch 2230/2278: Loss=1.4782, Cls=0.2899, Reg=0.0000, Con=3.9609
2025-09-14 02:20:53,823 - INFO - Batch 2240/2278: Loss=1.5406, Cls=0.3522, Reg=0.0000, Con=3.9613
2025-09-14 02:20:54,780 - INFO - Batch 2250/2278: Loss=1.1902, Cls=0.0020, Reg=0.0000, Con=3.9608
2025-09-14 02:20:55,784 - INFO - Batch 2260/2278: Loss=0.0284, Cls=0.0284, Reg=0.0000, Con=0.0000
2025-09-14 02:20:56,726 - INFO - Batch 2270/2278: Loss=0.2948, Cls=0.2948, Reg=0.0000, Con=0.0000
2025-09-14 02:24:28,102 - INFO - === Epoch 3 Results ===
2025-09-14 02:24:28,102 - INFO - Training Loss: 1.1464 (Classification: 0.2654, Regression: 0.0000)
2025-09-14 02:24:28,102 - INFO - Validation Loss: 0.1355 (Classification: 0.1355, Regression: 0.0000)
2025-09-14 02:24:28,102 - INFO - Average Classification Accuracy: 0.8559 (on 1/26 tasks)
2025-09-14 02:24:28,102 - INFO - Average AUC: 0.9042
2025-09-14 02:24:28,102 - INFO - Training finished!
2025-09-14 02:24:28,102 - INFO - Performing final evaluation...
2025-09-14 02:24:28,323 - INFO - Loaded best model from: experiments/r1c3_headft_cls_11_seed_42_20250914_020324/checkpoints/r1c3_headft_cls_11_seed_42_best.pth
2025-09-14 02:27:59,032 - INFO - Final Validation Results:
2025-09-14 02:27:59,033 - INFO -   Total Loss: 0.1260
2025-09-14 02:27:59,033 - INFO -   Classification Loss: 0.1260
2025-09-14 02:27:59,033 - INFO -   Regression Loss: 0.0000
2025-09-14 02:27:59,033 - INFO -   Average Classification Accuracy: 0.8535
2025-09-14 02:27:59,033 - INFO -   Average AUC: 0.9044
2025-09-14 02:27:59,033 - INFO - Results saved to: experiments/r1c3_headft_cls_11_seed_42_20250914_020324/checkpoints/r1c3_headft_cls_11_seed_42_results.json
