2025-09-14 10:06:05,589 - INFO - 🔬 Starting experiment: r1c3_headft_cls_25_seed_42
2025-09-14 10:06:05,589 - INFO - 📁 Experiment directory: experiments/r1c3_headft_cls_25_seed_42_20250914_100605
2025-09-14 10:06:05,589 - INFO - 🎲 Random seed: 42
2025-09-14 10:06:05,589 - INFO - 🔒 Deterministic mode: True
2025-09-14 10:06:05,589 - INFO - Using device: cuda
2025-09-14 10:06:05,589 - INFO - Total GPU Memory: 25.16 GB
2025-09-14 10:06:05,606 - INFO - 🧪 Fusion: Using cross-attention dynamic fusion
2025-09-14 10:06:05,606 - INFO - 🧪 GNN Backbone: Using default GraphAttentionNetwork branch
2025-09-14 10:06:05,606 - INFO - 🎯 Task Mode: Single classification endpoint 25
2025-09-14 10:06:05,606 - INFO - Configuration saved to: experiments/r1c3_headft_cls_25_seed_42_20250914_100605/checkpoints/config.json
2025-09-14 10:06:05,607 - INFO - 🚀 Using preprocessed data from: /mnt/backup2/ai4s/backupunimolpy/responds-work/ToxD4C/data/data/processed
2025-09-14 10:06:05,607 - INFO - Loading LMDB dataset from: /mnt/backup2/ai4s/backupunimolpy/responds-work/ToxD4C/data/data/processed
2025-09-14 10:06:05,966 - INFO - Number of training batches: 2278
2025-09-14 10:06:05,966 - INFO - Number of validation batches: 2278
2025-09-14 10:06:05,966 - INFO - Number of test batches: 2278
2025-09-14 10:06:05,966 - INFO - Creating ToxD4C model...
2025-09-14 10:06:07,046 - INFO - Model created successfully. Total parameters: 100,932,036
2025-09-14 10:06:07,046 - INFO - Testing model forward pass...
2025-09-14 10:06:07,473 - INFO - Test output shapes:
2025-09-14 10:06:07,473 - INFO -   classification: torch.Size([16, 1])
2025-09-14 10:06:07,475 - INFO -   classification contains NaN: False
2025-09-14 10:06:07,475 - INFO -   classification contains Inf: False
2025-09-14 10:06:07,475 - INFO -   regression: torch.Size([16, 0])
2025-09-14 10:06:07,475 - INFO -   regression contains NaN: False
2025-09-14 10:06:07,476 - INFO -   regression contains Inf: False
2025-09-14 10:06:07,476 - INFO - Model forward pass test successful!
2025-09-14 10:06:08,187 - INFO - 🔁 Loaded checkpoint from: /mnt/backup2/ai4s/backupunimolpy/responds-work/ToxD4C/experiments/r1c3_multi_full_seed_42_20250913_152627/checkpoints/r1c3_multi_full_seed_42_best.pth
2025-09-14 10:06:08,188 - INFO - 🧩 Head-only fine-tuning: unfroze head for task 'SR-p53' and froze trunk.
2025-09-14 10:06:08,189 - INFO - Starting training...
2025-09-14 10:06:08,189 - INFO - 
Epoch 1/3
2025-09-14 10:06:08,352 - INFO - Batch 0/2278: Loss=0.0024, Cls=0.0024, Reg=0.0000, Con=0.0000
2025-09-14 10:06:09,246 - INFO - Batch 10/2278: Loss=0.8370, Cls=0.8370, Reg=0.0000, Con=0.0000
2025-09-14 10:06:10,113 - INFO - Batch 20/2278: Loss=1.2442, Cls=0.0559, Reg=0.0000, Con=3.9610
2025-09-14 10:06:10,985 - INFO - Batch 30/2278: Loss=0.0000, Cls=0.0000, Reg=0.0000, Con=0.0000
2025-09-14 10:06:11,863 - INFO - Batch 40/2278: Loss=0.0049, Cls=0.0049, Reg=0.0000, Con=0.0000
2025-09-14 10:06:12,767 - INFO - Batch 50/2278: Loss=1.2051, Cls=0.0169, Reg=0.0000, Con=3.9609
2025-09-14 10:06:13,800 - INFO - Batch 60/2278: Loss=1.1948, Cls=0.0065, Reg=0.0000, Con=3.9609
2025-09-14 10:06:14,800 - INFO - Batch 70/2278: Loss=1.1882, Cls=0.0000, Reg=0.0000, Con=3.9608
2025-09-14 10:06:15,671 - INFO - Batch 80/2278: Loss=0.0001, Cls=0.0001, Reg=0.0000, Con=0.0000
2025-09-14 10:06:16,560 - INFO - Batch 90/2278: Loss=0.0468, Cls=0.0468, Reg=0.0000, Con=0.0000
2025-09-14 10:06:17,437 - INFO - Batch 100/2278: Loss=0.0113, Cls=0.0113, Reg=0.0000, Con=0.0000
2025-09-14 10:06:18,343 - INFO - Batch 110/2278: Loss=0.0007, Cls=0.0007, Reg=0.0000, Con=0.0000
2025-09-14 10:06:19,238 - INFO - Batch 120/2278: Loss=1.1894, Cls=0.0012, Reg=0.0000, Con=3.9609
2025-09-14 10:06:20,110 - INFO - Batch 130/2278: Loss=1.2466, Cls=0.0584, Reg=0.0000, Con=3.9609
2025-09-14 10:06:21,003 - INFO - Batch 140/2278: Loss=1.2182, Cls=0.0297, Reg=0.0000, Con=3.9615
2025-09-14 10:06:21,901 - INFO - Batch 150/2278: Loss=1.5488, Cls=0.3604, Reg=0.0000, Con=3.9613
2025-09-14 10:06:22,794 - INFO - Batch 160/2278: Loss=1.1899, Cls=0.0015, Reg=0.0000, Con=3.9611
2025-09-14 10:06:23,670 - INFO - Batch 170/2278: Loss=1.1885, Cls=0.0002, Reg=0.0000, Con=3.9611
2025-09-14 10:06:24,576 - INFO - Batch 180/2278: Loss=1.1928, Cls=0.0045, Reg=0.0000, Con=3.9610
2025-09-14 10:06:25,459 - INFO - Batch 190/2278: Loss=1.1885, Cls=0.0002, Reg=0.0000, Con=3.9608
2025-09-14 10:06:26,323 - INFO - Batch 200/2278: Loss=0.0842, Cls=0.0842, Reg=0.0000, Con=0.0000
2025-09-14 10:06:27,219 - INFO - Batch 210/2278: Loss=0.0387, Cls=0.0387, Reg=0.0000, Con=0.0000
2025-09-14 10:06:28,103 - INFO - Batch 220/2278: Loss=0.0090, Cls=0.0090, Reg=0.0000, Con=0.0000
2025-09-14 10:06:29,027 - INFO - Batch 230/2278: Loss=1.1887, Cls=0.0004, Reg=0.0000, Con=3.9610
2025-09-14 10:06:29,890 - INFO - Batch 240/2278: Loss=1.1888, Cls=0.0006, Reg=0.0000, Con=3.9608
2025-09-14 10:06:30,771 - INFO - Batch 250/2278: Loss=0.0001, Cls=0.0001, Reg=0.0000, Con=0.0000
2025-09-14 10:06:31,641 - INFO - Batch 260/2278: Loss=0.0271, Cls=0.0271, Reg=0.0000, Con=0.0000
2025-09-14 10:06:32,642 - INFO - Batch 270/2278: Loss=0.0000, Cls=0.0000, Reg=0.0000, Con=0.0000
2025-09-14 10:06:33,529 - INFO - Batch 280/2278: Loss=1.1897, Cls=0.0013, Reg=0.0000, Con=3.9611
2025-09-14 10:06:34,399 - INFO - Batch 290/2278: Loss=0.0459, Cls=0.0459, Reg=0.0000, Con=0.0000
2025-09-14 10:06:35,282 - INFO - Batch 300/2278: Loss=1.1889, Cls=0.0007, Reg=0.0000, Con=3.9609
2025-09-14 10:06:36,183 - INFO - Batch 310/2278: Loss=1.1884, Cls=0.0000, Reg=0.0000, Con=3.9612
2025-09-14 10:06:37,054 - INFO - Batch 320/2278: Loss=0.0004, Cls=0.0004, Reg=0.0000, Con=0.0000
2025-09-14 10:06:37,962 - INFO - Batch 330/2278: Loss=1.1921, Cls=0.0039, Reg=0.0000, Con=3.9609
2025-09-14 10:06:38,831 - INFO - Batch 340/2278: Loss=1.2227, Cls=0.0344, Reg=0.0000, Con=3.9610
2025-09-14 10:06:39,738 - INFO - Batch 350/2278: Loss=1.5856, Cls=0.3972, Reg=0.0000, Con=3.9611
2025-09-14 10:06:40,605 - INFO - Batch 360/2278: Loss=1.1882, Cls=0.0000, Reg=0.0000, Con=3.9607
2025-09-14 10:06:41,507 - INFO - Batch 370/2278: Loss=1.2909, Cls=0.1026, Reg=0.0000, Con=3.9609
2025-09-14 10:06:42,386 - INFO - Batch 380/2278: Loss=1.1900, Cls=0.0017, Reg=0.0000, Con=3.9607
2025-09-14 10:06:43,276 - INFO - Batch 390/2278: Loss=1.1882, Cls=0.0000, Reg=0.0000, Con=3.9607
2025-09-14 10:06:44,183 - INFO - Batch 400/2278: Loss=0.0244, Cls=0.0244, Reg=0.0000, Con=0.0000
2025-09-14 10:06:45,064 - INFO - Batch 410/2278: Loss=0.0005, Cls=0.0005, Reg=0.0000, Con=0.0000
2025-09-14 10:06:45,953 - INFO - Batch 420/2278: Loss=0.0035, Cls=0.0035, Reg=0.0000, Con=0.0000
2025-09-14 10:06:46,859 - INFO - Batch 430/2278: Loss=1.1888, Cls=0.0006, Reg=0.0000, Con=3.9607
2025-09-14 10:06:47,739 - INFO - Batch 440/2278: Loss=1.1903, Cls=0.0020, Reg=0.0000, Con=3.9608
2025-09-14 10:06:48,621 - INFO - Batch 450/2278: Loss=1.1893, Cls=0.0011, Reg=0.0000, Con=3.9607
2025-09-14 10:06:49,497 - INFO - Batch 460/2278: Loss=1.1984, Cls=0.0102, Reg=0.0000, Con=3.9607
2025-09-14 10:06:50,402 - INFO - Batch 470/2278: Loss=1.1884, Cls=0.0001, Reg=0.0000, Con=3.9611
2025-09-14 10:06:51,308 - INFO - Batch 480/2278: Loss=1.1885, Cls=0.0003, Reg=0.0000, Con=3.9607
2025-09-14 10:06:52,202 - INFO - Batch 490/2278: Loss=0.0000, Cls=0.0000, Reg=0.0000, Con=0.0000
2025-09-14 10:06:53,068 - INFO - Batch 500/2278: Loss=0.0001, Cls=0.0001, Reg=0.0000, Con=0.0000
2025-09-14 10:06:53,949 - INFO - Batch 510/2278: Loss=1.1883, Cls=0.0000, Reg=0.0000, Con=3.9609
2025-09-14 10:06:54,824 - INFO - Batch 520/2278: Loss=1.1886, Cls=0.0004, Reg=0.0000, Con=3.9608
2025-09-14 10:06:55,705 - INFO - Batch 530/2278: Loss=1.1887, Cls=0.0004, Reg=0.0000, Con=3.9608
2025-09-14 10:06:56,619 - INFO - Batch 540/2278: Loss=1.1970, Cls=0.0087, Reg=0.0000, Con=3.9610
2025-09-14 10:06:57,509 - INFO - Batch 550/2278: Loss=1.1882, Cls=0.0000, Reg=0.0000, Con=3.9607
2025-09-14 10:06:58,400 - INFO - Batch 560/2278: Loss=1.1883, Cls=0.0000, Reg=0.0000, Con=3.9609
2025-09-14 10:06:59,329 - INFO - Batch 570/2278: Loss=1.1939, Cls=0.0057, Reg=0.0000, Con=3.9608
2025-09-14 10:07:00,236 - INFO - Batch 580/2278: Loss=0.0010, Cls=0.0010, Reg=0.0000, Con=0.0000
2025-09-14 10:07:01,114 - INFO - Batch 590/2278: Loss=0.0386, Cls=0.0386, Reg=0.0000, Con=0.0000
2025-09-14 10:07:02,018 - INFO - Batch 600/2278: Loss=1.1884, Cls=0.0001, Reg=0.0000, Con=3.9609
2025-09-14 10:07:02,900 - INFO - Batch 610/2278: Loss=1.1884, Cls=0.0001, Reg=0.0000, Con=3.9609
2025-09-14 10:07:03,790 - INFO - Batch 620/2278: Loss=1.1903, Cls=0.0021, Reg=0.0000, Con=3.9608
2025-09-14 10:07:04,688 - INFO - Batch 630/2278: Loss=0.0002, Cls=0.0002, Reg=0.0000, Con=0.0000
2025-09-14 10:07:05,706 - INFO - Batch 640/2278: Loss=2.7322, Cls=1.5439, Reg=0.0000, Con=3.9608
2025-09-14 10:07:06,604 - INFO - Batch 650/2278: Loss=1.1889, Cls=0.0006, Reg=0.0000, Con=3.9613
2025-09-14 10:07:07,469 - INFO - Batch 660/2278: Loss=1.1883, Cls=0.0000, Reg=0.0000, Con=3.9608
2025-09-14 10:07:08,367 - INFO - Batch 670/2278: Loss=1.1884, Cls=0.0001, Reg=0.0000, Con=3.9608
2025-09-14 10:07:09,259 - INFO - Batch 680/2278: Loss=1.1883, Cls=0.0001, Reg=0.0000, Con=3.9608
2025-09-14 10:07:10,329 - INFO - Batch 690/2278: Loss=0.0080, Cls=0.0080, Reg=0.0000, Con=0.0000
2025-09-14 10:07:11,276 - INFO - Batch 700/2278: Loss=0.0006, Cls=0.0006, Reg=0.0000, Con=0.0000
2025-09-14 10:07:12,226 - INFO - Batch 710/2278: Loss=1.1882, Cls=0.0000, Reg=0.0000, Con=3.9607
2025-09-14 10:07:13,105 - INFO - Batch 720/2278: Loss=1.1883, Cls=0.0000, Reg=0.0000, Con=3.9609
2025-09-14 10:07:14,004 - INFO - Batch 730/2278: Loss=1.1888, Cls=0.0004, Reg=0.0000, Con=3.9613
2025-09-14 10:07:14,897 - INFO - Batch 740/2278: Loss=1.1932, Cls=0.0049, Reg=0.0000, Con=3.9610
2025-09-14 10:07:15,804 - INFO - Batch 750/2278: Loss=1.1903, Cls=0.0021, Reg=0.0000, Con=3.9609
2025-09-14 10:07:16,704 - INFO - Batch 760/2278: Loss=1.2012, Cls=0.0129, Reg=0.0000, Con=3.9608
2025-09-14 10:07:17,599 - INFO - Batch 770/2278: Loss=1.1925, Cls=0.0042, Reg=0.0000, Con=3.9610
2025-09-14 10:07:18,503 - INFO - Batch 780/2278: Loss=1.1942, Cls=0.0060, Reg=0.0000, Con=3.9608
2025-09-14 10:07:19,404 - INFO - Batch 790/2278: Loss=0.0181, Cls=0.0181, Reg=0.0000, Con=0.0000
2025-09-14 10:07:20,283 - INFO - Batch 800/2278: Loss=1.1924, Cls=0.0040, Reg=0.0000, Con=3.9612
2025-09-14 10:07:21,151 - INFO - Batch 810/2278: Loss=1.1900, Cls=0.0017, Reg=0.0000, Con=3.9612
2025-09-14 10:07:22,051 - INFO - Batch 820/2278: Loss=1.1883, Cls=0.0000, Reg=0.0000, Con=3.9609
2025-09-14 10:07:22,956 - INFO - Batch 830/2278: Loss=1.1949, Cls=0.0066, Reg=0.0000, Con=3.9609
2025-09-14 10:07:23,849 - INFO - Batch 840/2278: Loss=1.9324, Cls=0.7441, Reg=0.0000, Con=3.9608
2025-09-14 10:07:24,788 - INFO - Batch 850/2278: Loss=0.0000, Cls=0.0000, Reg=0.0000, Con=0.0000
2025-09-14 10:07:25,653 - INFO - Batch 860/2278: Loss=1.1957, Cls=0.0075, Reg=0.0000, Con=3.9607
2025-09-14 10:07:26,526 - INFO - Batch 870/2278: Loss=0.0076, Cls=0.0076, Reg=0.0000, Con=0.0000
2025-09-14 10:07:27,447 - INFO - Batch 880/2278: Loss=0.0030, Cls=0.0030, Reg=0.0000, Con=0.0000
2025-09-14 10:07:28,317 - INFO - Batch 890/2278: Loss=0.0026, Cls=0.0026, Reg=0.0000, Con=0.0000
2025-09-14 10:07:29,226 - INFO - Batch 900/2278: Loss=2.5361, Cls=1.3478, Reg=0.0000, Con=3.9609
2025-09-14 10:07:30,134 - INFO - Batch 910/2278: Loss=1.2100, Cls=0.0217, Reg=0.0000, Con=3.9609
2025-09-14 10:07:31,045 - INFO - Batch 920/2278: Loss=1.1931, Cls=0.0048, Reg=0.0000, Con=3.9610
2025-09-14 10:07:31,949 - INFO - Batch 930/2278: Loss=1.1882, Cls=0.0000, Reg=0.0000, Con=3.9608
2025-09-14 10:07:32,854 - INFO - Batch 940/2278: Loss=1.2568, Cls=0.0686, Reg=0.0000, Con=3.9609
2025-09-14 10:07:33,773 - INFO - Batch 950/2278: Loss=1.1883, Cls=0.0000, Reg=0.0000, Con=3.9611
2025-09-14 10:07:34,662 - INFO - Batch 960/2278: Loss=1.2186, Cls=0.0303, Reg=0.0000, Con=3.9609
2025-09-14 10:07:35,572 - INFO - Batch 970/2278: Loss=1.2024, Cls=0.0140, Reg=0.0000, Con=3.9612
2025-09-14 10:07:36,467 - INFO - Batch 980/2278: Loss=0.0057, Cls=0.0057, Reg=0.0000, Con=0.0000
2025-09-14 10:07:37,356 - INFO - Batch 990/2278: Loss=0.0000, Cls=0.0000, Reg=0.0000, Con=0.0000
2025-09-14 10:07:38,236 - INFO - Batch 1000/2278: Loss=1.3469, Cls=0.1586, Reg=0.0000, Con=3.9609
2025-09-14 10:07:39,153 - INFO - Batch 1010/2278: Loss=5.3059, Cls=4.1177, Reg=0.0000, Con=3.9608
2025-09-14 10:07:40,066 - INFO - Batch 1020/2278: Loss=0.0006, Cls=0.0006, Reg=0.0000, Con=0.0000
2025-09-14 10:07:41,080 - INFO - Batch 1030/2278: Loss=1.1888, Cls=0.0005, Reg=0.0000, Con=3.9610
2025-09-14 10:07:41,977 - INFO - Batch 1040/2278: Loss=1.1902, Cls=0.0020, Reg=0.0000, Con=3.9607
2025-09-14 10:07:42,844 - INFO - Batch 1050/2278: Loss=1.2040, Cls=0.0157, Reg=0.0000, Con=3.9609
2025-09-14 10:07:43,733 - INFO - Batch 1060/2278: Loss=1.1893, Cls=0.0010, Reg=0.0000, Con=3.9608
2025-09-14 10:07:44,620 - INFO - Batch 1070/2278: Loss=1.1884, Cls=0.0001, Reg=0.0000, Con=3.9608
2025-09-14 10:07:45,509 - INFO - Batch 1080/2278: Loss=0.0055, Cls=0.0055, Reg=0.0000, Con=0.0000
2025-09-14 10:07:46,436 - INFO - Batch 1090/2278: Loss=1.1883, Cls=0.0000, Reg=0.0000, Con=3.9609
2025-09-14 10:07:47,378 - INFO - Batch 1100/2278: Loss=0.3854, Cls=0.3854, Reg=0.0000, Con=0.0000
2025-09-14 10:07:48,278 - INFO - Batch 1110/2278: Loss=1.1883, Cls=0.0000, Reg=0.0000, Con=3.9608
2025-09-14 10:07:49,155 - INFO - Batch 1120/2278: Loss=0.2674, Cls=0.2674, Reg=0.0000, Con=0.0000
2025-09-14 10:07:50,073 - INFO - Batch 1130/2278: Loss=1.2230, Cls=0.0347, Reg=0.0000, Con=3.9608
2025-09-14 10:07:50,962 - INFO - Batch 1140/2278: Loss=1.1941, Cls=0.0059, Reg=0.0000, Con=3.9608
2025-09-14 10:07:51,845 - INFO - Batch 1150/2278: Loss=1.1888, Cls=0.0004, Reg=0.0000, Con=3.9611
2025-09-14 10:07:52,734 - INFO - Batch 1160/2278: Loss=1.1888, Cls=0.0005, Reg=0.0000, Con=3.9609
2025-09-14 10:07:53,615 - INFO - Batch 1170/2278: Loss=0.0053, Cls=0.0053, Reg=0.0000, Con=0.0000
2025-09-14 10:07:54,475 - INFO - Batch 1180/2278: Loss=1.1893, Cls=0.0010, Reg=0.0000, Con=3.9609
2025-09-14 10:07:55,369 - INFO - Batch 1190/2278: Loss=1.1885, Cls=0.0002, Reg=0.0000, Con=3.9609
2025-09-14 10:07:56,256 - INFO - Batch 1200/2278: Loss=0.0008, Cls=0.0008, Reg=0.0000, Con=0.0000
2025-09-14 10:07:57,146 - INFO - Batch 1210/2278: Loss=1.2013, Cls=0.0130, Reg=0.0000, Con=3.9610
2025-09-14 10:07:58,028 - INFO - Batch 1220/2278: Loss=0.0447, Cls=0.0447, Reg=0.0000, Con=0.0000
2025-09-14 10:07:58,907 - INFO - Batch 1230/2278: Loss=1.1891, Cls=0.0008, Reg=0.0000, Con=3.9609
2025-09-14 10:07:59,815 - INFO - Batch 1240/2278: Loss=1.1883, Cls=0.0000, Reg=0.0000, Con=3.9609
2025-09-14 10:08:00,706 - INFO - Batch 1250/2278: Loss=0.0000, Cls=0.0000, Reg=0.0000, Con=0.0000
2025-09-14 10:08:01,599 - INFO - Batch 1260/2278: Loss=0.2453, Cls=0.2453, Reg=0.0000, Con=0.0000
2025-09-14 10:08:02,492 - INFO - Batch 1270/2278: Loss=1.1883, Cls=0.0001, Reg=0.0000, Con=3.9609
2025-09-14 10:08:03,353 - INFO - Batch 1280/2278: Loss=0.0042, Cls=0.0042, Reg=0.0000, Con=0.0000
2025-09-14 10:08:04,226 - INFO - Batch 1290/2278: Loss=0.9630, Cls=0.9630, Reg=0.0000, Con=0.0000
2025-09-14 10:08:05,118 - INFO - Batch 1300/2278: Loss=1.1896, Cls=0.0013, Reg=0.0000, Con=3.9610
2025-09-14 10:08:06,021 - INFO - Batch 1310/2278: Loss=1.1935, Cls=0.0052, Reg=0.0000, Con=3.9611
2025-09-14 10:08:06,913 - INFO - Batch 1320/2278: Loss=0.0002, Cls=0.0002, Reg=0.0000, Con=0.0000
2025-09-14 10:08:07,780 - INFO - Batch 1330/2278: Loss=1.1889, Cls=0.0005, Reg=0.0000, Con=3.9613
2025-09-14 10:08:08,652 - INFO - Batch 1340/2278: Loss=1.1882, Cls=0.0000, Reg=0.0000, Con=3.9608
2025-09-14 10:08:09,538 - INFO - Batch 1350/2278: Loss=0.0022, Cls=0.0022, Reg=0.0000, Con=0.0000
2025-09-14 10:08:10,430 - INFO - Batch 1360/2278: Loss=1.2495, Cls=0.0612, Reg=0.0000, Con=3.9610
2025-09-14 10:08:11,353 - INFO - Batch 1370/2278: Loss=1.1882, Cls=0.0000, Reg=0.0000, Con=3.9608
2025-09-14 10:08:12,262 - INFO - Batch 1380/2278: Loss=1.1882, Cls=0.0000, Reg=0.0000, Con=3.9608
2025-09-14 10:08:13,140 - INFO - Batch 1390/2278: Loss=1.1885, Cls=0.0003, Reg=0.0000, Con=3.9608
2025-09-14 10:08:14,053 - INFO - Batch 1400/2278: Loss=1.1886, Cls=0.0004, Reg=0.0000, Con=3.9609
2025-09-14 10:08:15,023 - INFO - Batch 1410/2278: Loss=1.2018, Cls=0.0135, Reg=0.0000, Con=3.9612
2025-09-14 10:08:15,893 - INFO - Batch 1420/2278: Loss=0.9057, Cls=0.9057, Reg=0.0000, Con=0.0000
2025-09-14 10:08:16,840 - INFO - Batch 1430/2278: Loss=1.1915, Cls=0.0033, Reg=0.0000, Con=3.9609
2025-09-14 10:08:17,700 - INFO - Batch 1440/2278: Loss=1.1883, Cls=0.0000, Reg=0.0000, Con=3.9609
2025-09-14 10:08:18,551 - INFO - Batch 1450/2278: Loss=1.2156, Cls=0.0274, Reg=0.0000, Con=3.9608
2025-09-14 10:08:19,426 - INFO - Batch 1460/2278: Loss=0.0146, Cls=0.0146, Reg=0.0000, Con=0.0000
2025-09-14 10:08:20,309 - INFO - Batch 1470/2278: Loss=1.1884, Cls=0.0001, Reg=0.0000, Con=3.9609
2025-09-14 10:08:21,184 - INFO - Batch 1480/2278: Loss=1.1938, Cls=0.0056, Reg=0.0000, Con=3.9607
2025-09-14 10:08:22,089 - INFO - Batch 1490/2278: Loss=1.1906, Cls=0.0024, Reg=0.0000, Con=3.9609
2025-09-14 10:08:22,978 - INFO - Batch 1500/2278: Loss=1.1884, Cls=0.0001, Reg=0.0000, Con=3.9609
2025-09-14 10:08:23,880 - INFO - Batch 1510/2278: Loss=0.0000, Cls=0.0000, Reg=0.0000, Con=0.0000
2025-09-14 10:08:24,769 - INFO - Batch 1520/2278: Loss=1.2004, Cls=0.0121, Reg=0.0000, Con=3.9608
2025-09-14 10:08:25,641 - INFO - Batch 1530/2278: Loss=1.2012, Cls=0.0130, Reg=0.0000, Con=3.9608
2025-09-14 10:08:26,527 - INFO - Batch 1540/2278: Loss=1.2667, Cls=0.0784, Reg=0.0000, Con=3.9609
2025-09-14 10:08:27,424 - INFO - Batch 1550/2278: Loss=1.6446, Cls=0.4563, Reg=0.0000, Con=3.9610
2025-09-14 10:08:28,315 - INFO - Batch 1560/2278: Loss=1.3227, Cls=0.1344, Reg=0.0000, Con=3.9609
2025-09-14 10:08:29,246 - INFO - Batch 1570/2278: Loss=1.1896, Cls=0.0014, Reg=0.0000, Con=3.9608
2025-09-14 10:08:30,257 - INFO - Batch 1580/2278: Loss=1.1889, Cls=0.0007, Reg=0.0000, Con=3.9608
2025-09-14 10:08:31,149 - INFO - Batch 1590/2278: Loss=1.1883, Cls=0.0000, Reg=0.0000, Con=3.9609
2025-09-14 10:08:32,008 - INFO - Batch 1600/2278: Loss=1.1884, Cls=0.0001, Reg=0.0000, Con=3.9608
2025-09-14 10:08:32,879 - INFO - Batch 1610/2278: Loss=0.1870, Cls=0.1870, Reg=0.0000, Con=0.0000
2025-09-14 10:08:33,757 - INFO - Batch 1620/2278: Loss=0.0018, Cls=0.0018, Reg=0.0000, Con=0.0000
2025-09-14 10:08:34,655 - INFO - Batch 1630/2278: Loss=1.1882, Cls=0.0000, Reg=0.0000, Con=3.9608
2025-09-14 10:08:35,546 - INFO - Batch 1640/2278: Loss=0.0197, Cls=0.0197, Reg=0.0000, Con=0.0000
2025-09-14 10:08:36,517 - INFO - Batch 1650/2278: Loss=0.0079, Cls=0.0079, Reg=0.0000, Con=0.0000
2025-09-14 10:08:37,422 - INFO - Batch 1660/2278: Loss=0.0872, Cls=0.0872, Reg=0.0000, Con=0.0000
2025-09-14 10:08:38,280 - INFO - Batch 1670/2278: Loss=1.1884, Cls=0.0000, Reg=0.0000, Con=3.9612
2025-09-14 10:08:39,159 - INFO - Batch 1680/2278: Loss=0.0001, Cls=0.0001, Reg=0.0000, Con=0.0000
2025-09-14 10:08:40,042 - INFO - Batch 1690/2278: Loss=1.1909, Cls=0.0026, Reg=0.0000, Con=3.9612
2025-09-14 10:08:40,916 - INFO - Batch 1700/2278: Loss=1.1884, Cls=0.0000, Reg=0.0000, Con=3.9612
2025-09-14 10:08:41,800 - INFO - Batch 1710/2278: Loss=0.0006, Cls=0.0006, Reg=0.0000, Con=0.0000
2025-09-14 10:08:42,673 - INFO - Batch 1720/2278: Loss=1.1885, Cls=0.0002, Reg=0.0000, Con=3.9608
2025-09-14 10:08:43,555 - INFO - Batch 1730/2278: Loss=0.0007, Cls=0.0007, Reg=0.0000, Con=0.0000
2025-09-14 10:08:44,448 - INFO - Batch 1740/2278: Loss=0.0000, Cls=0.0000, Reg=0.0000, Con=0.0000
2025-09-14 10:08:45,327 - INFO - Batch 1750/2278: Loss=1.1883, Cls=0.0000, Reg=0.0000, Con=3.9609
2025-09-14 10:08:46,207 - INFO - Batch 1760/2278: Loss=1.1885, Cls=0.0002, Reg=0.0000, Con=3.9609
2025-09-14 10:08:47,109 - INFO - Batch 1770/2278: Loss=1.1882, Cls=0.0000, Reg=0.0000, Con=3.9608
2025-09-14 10:08:47,997 - INFO - Batch 1780/2278: Loss=1.1884, Cls=0.0001, Reg=0.0000, Con=3.9608
2025-09-14 10:08:48,862 - INFO - Batch 1790/2278: Loss=0.4196, Cls=0.4196, Reg=0.0000, Con=0.0000
2025-09-14 10:08:49,757 - INFO - Batch 1800/2278: Loss=0.0028, Cls=0.0028, Reg=0.0000, Con=0.0000
2025-09-14 10:08:50,667 - INFO - Batch 1810/2278: Loss=0.0004, Cls=0.0004, Reg=0.0000, Con=0.0000
2025-09-14 10:08:51,559 - INFO - Batch 1820/2278: Loss=1.1903, Cls=0.0020, Reg=0.0000, Con=3.9611
2025-09-14 10:08:52,439 - INFO - Batch 1830/2278: Loss=0.0019, Cls=0.0019, Reg=0.0000, Con=0.0000
2025-09-14 10:08:53,314 - INFO - Batch 1840/2278: Loss=0.0065, Cls=0.0065, Reg=0.0000, Con=0.0000
2025-09-14 10:08:54,256 - INFO - Batch 1850/2278: Loss=1.1957, Cls=0.0074, Reg=0.0000, Con=3.9608
2025-09-14 10:08:55,157 - INFO - Batch 1860/2278: Loss=0.0019, Cls=0.0019, Reg=0.0000, Con=0.0000
2025-09-14 10:08:56,036 - INFO - Batch 1870/2278: Loss=1.1883, Cls=0.0000, Reg=0.0000, Con=3.9608
2025-09-14 10:08:56,906 - INFO - Batch 1880/2278: Loss=0.0000, Cls=0.0000, Reg=0.0000, Con=0.0000
2025-09-14 10:08:57,808 - INFO - Batch 1890/2278: Loss=1.1883, Cls=0.0000, Reg=0.0000, Con=3.9609
2025-09-14 10:08:58,687 - INFO - Batch 1900/2278: Loss=0.0115, Cls=0.0115, Reg=0.0000, Con=0.0000
2025-09-14 10:08:59,560 - INFO - Batch 1910/2278: Loss=0.0002, Cls=0.0002, Reg=0.0000, Con=0.0000
2025-09-14 10:09:00,492 - INFO - Batch 1920/2278: Loss=1.1991, Cls=0.0109, Reg=0.0000, Con=3.9607
2025-09-14 10:09:01,371 - INFO - Batch 1930/2278: Loss=1.1889, Cls=0.0007, Reg=0.0000, Con=3.9607
2025-09-14 10:09:02,272 - INFO - Batch 1940/2278: Loss=1.2381, Cls=0.0498, Reg=0.0000, Con=3.9608
2025-09-14 10:09:03,139 - INFO - Batch 1950/2278: Loss=1.1887, Cls=0.0005, Reg=0.0000, Con=3.9608
2025-09-14 10:09:04,010 - INFO - Batch 1960/2278: Loss=1.1921, Cls=0.0038, Reg=0.0000, Con=3.9609
2025-09-14 10:09:04,871 - INFO - Batch 1970/2278: Loss=1.1883, Cls=0.0000, Reg=0.0000, Con=3.9611
2025-09-14 10:09:05,759 - INFO - Batch 1980/2278: Loss=1.3847, Cls=0.1965, Reg=0.0000, Con=3.9608
2025-09-14 10:09:06,644 - INFO - Batch 1990/2278: Loss=2.4698, Cls=1.2813, Reg=0.0000, Con=3.9615
2025-09-14 10:09:07,513 - INFO - Batch 2000/2278: Loss=0.0002, Cls=0.0002, Reg=0.0000, Con=0.0000
2025-09-14 10:09:08,402 - INFO - Batch 2010/2278: Loss=1.1884, Cls=0.0001, Reg=0.0000, Con=3.9608
2025-09-14 10:09:09,276 - INFO - Batch 2020/2278: Loss=2.7023, Cls=1.5141, Reg=0.0000, Con=3.9608
2025-09-14 10:09:10,161 - INFO - Batch 2030/2278: Loss=1.1882, Cls=0.0000, Reg=0.0000, Con=3.9607
2025-09-14 10:09:11,066 - INFO - Batch 2040/2278: Loss=1.1883, Cls=0.0001, Reg=0.0000, Con=3.9609
2025-09-14 10:09:11,999 - INFO - Batch 2050/2278: Loss=1.1907, Cls=0.0024, Reg=0.0000, Con=3.9608
2025-09-14 10:09:12,862 - INFO - Batch 2060/2278: Loss=0.0013, Cls=0.0013, Reg=0.0000, Con=0.0000
2025-09-14 10:09:13,736 - INFO - Batch 2070/2278: Loss=1.1884, Cls=0.0001, Reg=0.0000, Con=3.9611
2025-09-14 10:09:14,604 - INFO - Batch 2080/2278: Loss=1.1893, Cls=0.0010, Reg=0.0000, Con=3.9610
2025-09-14 10:09:15,487 - INFO - Batch 2090/2278: Loss=1.1888, Cls=0.0004, Reg=0.0000, Con=3.9612
2025-09-14 10:09:16,371 - INFO - Batch 2100/2278: Loss=1.2471, Cls=0.0588, Reg=0.0000, Con=3.9611
2025-09-14 10:09:17,252 - INFO - Batch 2110/2278: Loss=1.1883, Cls=0.0000, Reg=0.0000, Con=3.9609
2025-09-14 10:09:18,131 - INFO - Batch 2120/2278: Loss=2.8007, Cls=2.8007, Reg=0.0000, Con=0.0000
2025-09-14 10:09:19,044 - INFO - Batch 2130/2278: Loss=1.1882, Cls=0.0000, Reg=0.0000, Con=3.9606
2025-09-14 10:09:19,944 - INFO - Batch 2140/2278: Loss=1.1883, Cls=0.0000, Reg=0.0000, Con=3.9608
2025-09-14 10:09:20,824 - INFO - Batch 2150/2278: Loss=1.1893, Cls=0.0011, Reg=0.0000, Con=3.9607
2025-09-14 10:09:21,700 - INFO - Batch 2160/2278: Loss=1.2021, Cls=0.0139, Reg=0.0000, Con=3.9608
2025-09-14 10:09:22,570 - INFO - Batch 2170/2278: Loss=1.1884, Cls=0.0001, Reg=0.0000, Con=3.9609
2025-09-14 10:09:23,427 - INFO - Batch 2180/2278: Loss=0.6426, Cls=0.6426, Reg=0.0000, Con=0.0000
2025-09-14 10:09:24,328 - INFO - Batch 2190/2278: Loss=0.0000, Cls=0.0000, Reg=0.0000, Con=0.0000
2025-09-14 10:09:25,268 - INFO - Batch 2200/2278: Loss=1.1891, Cls=0.0009, Reg=0.0000, Con=3.9605
2025-09-14 10:09:26,195 - INFO - Batch 2210/2278: Loss=1.4729, Cls=0.2846, Reg=0.0000, Con=3.9609
2025-09-14 10:09:27,059 - INFO - Batch 2220/2278: Loss=1.2492, Cls=0.0609, Reg=0.0000, Con=3.9610
2025-09-14 10:09:27,949 - INFO - Batch 2230/2278: Loss=0.0001, Cls=0.0001, Reg=0.0000, Con=0.0000
2025-09-14 10:09:28,835 - INFO - Batch 2240/2278: Loss=0.0002, Cls=0.0002, Reg=0.0000, Con=0.0000
2025-09-14 10:09:29,706 - INFO - Batch 2250/2278: Loss=1.1885, Cls=0.0003, Reg=0.0000, Con=3.9609
2025-09-14 10:09:30,639 - INFO - Batch 2260/2278: Loss=1.5619, Cls=0.3737, Reg=0.0000, Con=3.9608
2025-09-14 10:09:31,567 - INFO - Batch 2270/2278: Loss=0.0001, Cls=0.0001, Reg=0.0000, Con=0.0000
2025-09-14 10:13:00,364 - INFO - === Epoch 1 Results ===
2025-09-14 10:13:00,365 - INFO - Training Loss: 0.9273 (Classification: 0.1600, Regression: 0.0000)
2025-09-14 10:13:00,365 - INFO - Validation Loss: 0.0735 (Classification: 0.0735, Regression: 0.0000)
2025-09-14 10:13:00,365 - INFO - Average Classification Accuracy: 0.9293 (on 1/26 tasks)
2025-09-14 10:13:00,365 - INFO - Average AUC: 0.8280
2025-09-14 10:13:00,902 - INFO - Best model saved to: experiments/r1c3_headft_cls_25_seed_42_20250914_100605/checkpoints/r1c3_headft_cls_25_seed_42_best.pth
2025-09-14 10:13:00,903 - INFO - 
Epoch 2/3
2025-09-14 10:13:01,005 - INFO - Batch 0/2278: Loss=2.3682, Cls=2.3682, Reg=0.0000, Con=0.0000
2025-09-14 10:13:01,966 - INFO - Batch 10/2278: Loss=1.1890, Cls=0.0009, Reg=0.0000, Con=3.9604
2025-09-14 10:13:02,902 - INFO - Batch 20/2278: Loss=1.1902, Cls=0.0019, Reg=0.0000, Con=3.9610
2025-09-14 10:13:03,833 - INFO - Batch 30/2278: Loss=1.1885, Cls=0.0003, Reg=0.0000, Con=3.9608
2025-09-14 10:13:04,723 - INFO - Batch 40/2278: Loss=1.1883, Cls=0.0000, Reg=0.0000, Con=3.9608
2025-09-14 10:13:05,667 - INFO - Batch 50/2278: Loss=0.0374, Cls=0.0374, Reg=0.0000, Con=0.0000
2025-09-14 10:13:06,545 - INFO - Batch 60/2278: Loss=0.0049, Cls=0.0049, Reg=0.0000, Con=0.0000
2025-09-14 10:13:07,439 - INFO - Batch 70/2278: Loss=1.1882, Cls=0.0000, Reg=0.0000, Con=3.9607
2025-09-14 10:13:08,331 - INFO - Batch 80/2278: Loss=1.1883, Cls=0.0000, Reg=0.0000, Con=3.9609
2025-09-14 10:13:09,243 - INFO - Batch 90/2278: Loss=0.0485, Cls=0.0485, Reg=0.0000, Con=0.0000
2025-09-14 10:13:10,179 - INFO - Batch 100/2278: Loss=1.1885, Cls=0.0002, Reg=0.0000, Con=3.9609
2025-09-14 10:13:11,100 - INFO - Batch 110/2278: Loss=1.1883, Cls=0.0000, Reg=0.0000, Con=3.9609
2025-09-14 10:13:12,016 - INFO - Batch 120/2278: Loss=0.0016, Cls=0.0016, Reg=0.0000, Con=0.0000
2025-09-14 10:13:12,932 - INFO - Batch 130/2278: Loss=1.1882, Cls=0.0000, Reg=0.0000, Con=3.9607
2025-09-14 10:13:13,840 - INFO - Batch 140/2278: Loss=4.7865, Cls=3.5982, Reg=0.0000, Con=3.9609
2025-09-14 10:13:14,749 - INFO - Batch 150/2278: Loss=1.1891, Cls=0.0008, Reg=0.0000, Con=3.9611
2025-09-14 10:13:15,669 - INFO - Batch 160/2278: Loss=1.1883, Cls=0.0001, Reg=0.0000, Con=3.9609
2025-09-14 10:13:16,603 - INFO - Batch 170/2278: Loss=0.0039, Cls=0.0039, Reg=0.0000, Con=0.0000
2025-09-14 10:13:17,515 - INFO - Batch 180/2278: Loss=1.1889, Cls=0.0007, Reg=0.0000, Con=3.9609
2025-09-14 10:13:18,415 - INFO - Batch 190/2278: Loss=0.0014, Cls=0.0014, Reg=0.0000, Con=0.0000
2025-09-14 10:13:19,336 - INFO - Batch 200/2278: Loss=2.2188, Cls=1.0306, Reg=0.0000, Con=3.9608
2025-09-14 10:13:20,243 - INFO - Batch 210/2278: Loss=1.1935, Cls=0.0052, Reg=0.0000, Con=3.9609
2025-09-14 10:13:21,157 - INFO - Batch 220/2278: Loss=0.0002, Cls=0.0002, Reg=0.0000, Con=0.0000
2025-09-14 10:13:22,076 - INFO - Batch 230/2278: Loss=0.0042, Cls=0.0042, Reg=0.0000, Con=0.0000
2025-09-14 10:13:23,142 - INFO - Batch 240/2278: Loss=0.0047, Cls=0.0047, Reg=0.0000, Con=0.0000
2025-09-14 10:13:24,097 - INFO - Batch 250/2278: Loss=0.0015, Cls=0.0015, Reg=0.0000, Con=0.0000
2025-09-14 10:13:25,002 - INFO - Batch 260/2278: Loss=0.1476, Cls=0.1476, Reg=0.0000, Con=0.0000
2025-09-14 10:13:25,931 - INFO - Batch 270/2278: Loss=1.1883, Cls=0.0000, Reg=0.0000, Con=3.9608
2025-09-14 10:13:26,832 - INFO - Batch 280/2278: Loss=1.1892, Cls=0.0010, Reg=0.0000, Con=3.9609
2025-09-14 10:13:27,731 - INFO - Batch 290/2278: Loss=1.1889, Cls=0.0006, Reg=0.0000, Con=3.9609
2025-09-14 10:13:28,643 - INFO - Batch 300/2278: Loss=1.6437, Cls=0.4555, Reg=0.0000, Con=3.9609
2025-09-14 10:13:29,556 - INFO - Batch 310/2278: Loss=1.3001, Cls=0.1118, Reg=0.0000, Con=3.9608
2025-09-14 10:13:30,488 - INFO - Batch 320/2278: Loss=0.0000, Cls=0.0000, Reg=0.0000, Con=0.0000
2025-09-14 10:13:31,367 - INFO - Batch 330/2278: Loss=3.4476, Cls=2.2593, Reg=0.0000, Con=3.9609
2025-09-14 10:13:32,260 - INFO - Batch 340/2278: Loss=1.1898, Cls=0.0015, Reg=0.0000, Con=3.9609
2025-09-14 10:13:33,170 - INFO - Batch 350/2278: Loss=1.1883, Cls=0.0000, Reg=0.0000, Con=3.9609
2025-09-14 10:13:34,093 - INFO - Batch 360/2278: Loss=1.1883, Cls=0.0000, Reg=0.0000, Con=3.9609
2025-09-14 10:13:35,011 - INFO - Batch 370/2278: Loss=1.1911, Cls=0.0029, Reg=0.0000, Con=3.9609
2025-09-14 10:13:35,927 - INFO - Batch 380/2278: Loss=1.1914, Cls=0.0032, Reg=0.0000, Con=3.9608
2025-09-14 10:13:36,820 - INFO - Batch 390/2278: Loss=1.1890, Cls=0.0007, Reg=0.0000, Con=3.9609
2025-09-14 10:13:37,746 - INFO - Batch 400/2278: Loss=0.0000, Cls=0.0000, Reg=0.0000, Con=0.0000
2025-09-14 10:13:38,689 - INFO - Batch 410/2278: Loss=1.1914, Cls=0.0031, Reg=0.0000, Con=3.9608
2025-09-14 10:13:39,630 - INFO - Batch 420/2278: Loss=0.0011, Cls=0.0011, Reg=0.0000, Con=0.0000
2025-09-14 10:13:40,545 - INFO - Batch 430/2278: Loss=0.0076, Cls=0.0076, Reg=0.0000, Con=0.0000
2025-09-14 10:13:41,422 - INFO - Batch 440/2278: Loss=1.1941, Cls=0.0059, Reg=0.0000, Con=3.9608
2025-09-14 10:13:42,309 - INFO - Batch 450/2278: Loss=1.1888, Cls=0.0006, Reg=0.0000, Con=3.9607
2025-09-14 10:13:43,206 - INFO - Batch 460/2278: Loss=0.0112, Cls=0.0112, Reg=0.0000, Con=0.0000
2025-09-14 10:13:44,117 - INFO - Batch 470/2278: Loss=1.2009, Cls=0.0127, Reg=0.0000, Con=3.9608
2025-09-14 10:13:45,012 - INFO - Batch 480/2278: Loss=0.0000, Cls=0.0000, Reg=0.0000, Con=0.0000
2025-09-14 10:13:45,929 - INFO - Batch 490/2278: Loss=1.1884, Cls=0.0001, Reg=0.0000, Con=3.9610
2025-09-14 10:13:46,834 - INFO - Batch 500/2278: Loss=1.1896, Cls=0.0014, Reg=0.0000, Con=3.9607
2025-09-14 10:13:47,753 - INFO - Batch 510/2278: Loss=1.1947, Cls=0.0065, Reg=0.0000, Con=3.9607
2025-09-14 10:13:48,674 - INFO - Batch 520/2278: Loss=1.1886, Cls=0.0003, Reg=0.0000, Con=3.9607
2025-09-14 10:13:49,576 - INFO - Batch 530/2278: Loss=1.1887, Cls=0.0005, Reg=0.0000, Con=3.9608
2025-09-14 10:13:50,445 - INFO - Batch 540/2278: Loss=1.1894, Cls=0.0011, Reg=0.0000, Con=3.9610
2025-09-14 10:13:51,329 - INFO - Batch 550/2278: Loss=1.1942, Cls=0.0060, Reg=0.0000, Con=3.9607
2025-09-14 10:13:52,229 - INFO - Batch 560/2278: Loss=0.0012, Cls=0.0012, Reg=0.0000, Con=0.0000
2025-09-14 10:13:53,130 - INFO - Batch 570/2278: Loss=1.1882, Cls=0.0000, Reg=0.0000, Con=3.9608
2025-09-14 10:13:54,071 - INFO - Batch 580/2278: Loss=3.3924, Cls=2.2041, Reg=0.0000, Con=3.9608
2025-09-14 10:13:54,964 - INFO - Batch 590/2278: Loss=1.1884, Cls=0.0002, Reg=0.0000, Con=3.9608
2025-09-14 10:13:55,857 - INFO - Batch 600/2278: Loss=0.0000, Cls=0.0000, Reg=0.0000, Con=0.0000
2025-09-14 10:13:56,770 - INFO - Batch 610/2278: Loss=1.1883, Cls=0.0001, Reg=0.0000, Con=3.9608
2025-09-14 10:13:57,659 - INFO - Batch 620/2278: Loss=1.1884, Cls=0.0001, Reg=0.0000, Con=3.9608
2025-09-14 10:13:58,533 - INFO - Batch 630/2278: Loss=0.4781, Cls=0.4781, Reg=0.0000, Con=0.0000
2025-09-14 10:13:59,470 - INFO - Batch 640/2278: Loss=0.0051, Cls=0.0051, Reg=0.0000, Con=0.0000
2025-09-14 10:14:00,369 - INFO - Batch 650/2278: Loss=0.0000, Cls=0.0000, Reg=0.0000, Con=0.0000
2025-09-14 10:14:01,275 - INFO - Batch 660/2278: Loss=1.1888, Cls=0.0006, Reg=0.0000, Con=3.9607
2025-09-14 10:14:02,240 - INFO - Batch 670/2278: Loss=1.1887, Cls=0.0004, Reg=0.0000, Con=3.9609
2025-09-14 10:14:03,297 - INFO - Batch 680/2278: Loss=1.2192, Cls=0.0310, Reg=0.0000, Con=3.9608
2025-09-14 10:14:04,222 - INFO - Batch 690/2278: Loss=1.1884, Cls=0.0000, Reg=0.0000, Con=3.9613
2025-09-14 10:14:05,150 - INFO - Batch 700/2278: Loss=0.0193, Cls=0.0193, Reg=0.0000, Con=0.0000
2025-09-14 10:14:06,051 - INFO - Batch 710/2278: Loss=1.1931, Cls=0.0048, Reg=0.0000, Con=3.9610
2025-09-14 10:14:06,933 - INFO - Batch 720/2278: Loss=1.1889, Cls=0.0006, Reg=0.0000, Con=3.9609
2025-09-14 10:14:07,849 - INFO - Batch 730/2278: Loss=1.2974, Cls=0.1091, Reg=0.0000, Con=3.9612
2025-09-14 10:14:08,735 - INFO - Batch 740/2278: Loss=1.1913, Cls=0.0030, Reg=0.0000, Con=3.9610
2025-09-14 10:14:09,640 - INFO - Batch 750/2278: Loss=0.0002, Cls=0.0002, Reg=0.0000, Con=0.0000
2025-09-14 10:14:10,552 - INFO - Batch 760/2278: Loss=0.0007, Cls=0.0007, Reg=0.0000, Con=0.0000
2025-09-14 10:14:11,433 - INFO - Batch 770/2278: Loss=3.2155, Cls=2.0273, Reg=0.0000, Con=3.9608
2025-09-14 10:14:12,349 - INFO - Batch 780/2278: Loss=0.0023, Cls=0.0023, Reg=0.0000, Con=0.0000
2025-09-14 10:14:13,271 - INFO - Batch 790/2278: Loss=1.2142, Cls=0.0260, Reg=0.0000, Con=3.9609
2025-09-14 10:14:14,188 - INFO - Batch 800/2278: Loss=0.0000, Cls=0.0000, Reg=0.0000, Con=0.0000
2025-09-14 10:14:15,085 - INFO - Batch 810/2278: Loss=1.5817, Cls=1.5817, Reg=0.0000, Con=0.0000
2025-09-14 10:14:15,984 - INFO - Batch 820/2278: Loss=1.1887, Cls=0.0005, Reg=0.0000, Con=3.9608
2025-09-14 10:14:16,897 - INFO - Batch 830/2278: Loss=1.1885, Cls=0.0003, Reg=0.0000, Con=3.9607
2025-09-14 10:14:17,810 - INFO - Batch 840/2278: Loss=1.1893, Cls=0.0011, Reg=0.0000, Con=3.9608
2025-09-14 10:14:18,703 - INFO - Batch 850/2278: Loss=0.0027, Cls=0.0027, Reg=0.0000, Con=0.0000
2025-09-14 10:14:19,631 - INFO - Batch 860/2278: Loss=1.2124, Cls=0.0242, Reg=0.0000, Con=3.9608
2025-09-14 10:14:20,523 - INFO - Batch 870/2278: Loss=0.0028, Cls=0.0028, Reg=0.0000, Con=0.0000
2025-09-14 10:14:21,432 - INFO - Batch 880/2278: Loss=0.0017, Cls=0.0017, Reg=0.0000, Con=0.0000
2025-09-14 10:14:22,330 - INFO - Batch 890/2278: Loss=1.3391, Cls=0.1508, Reg=0.0000, Con=3.9609
2025-09-14 10:14:23,247 - INFO - Batch 900/2278: Loss=0.0011, Cls=0.0011, Reg=0.0000, Con=0.0000
2025-09-14 10:14:24,184 - INFO - Batch 910/2278: Loss=0.0154, Cls=0.0154, Reg=0.0000, Con=0.0000
2025-09-14 10:14:25,091 - INFO - Batch 920/2278: Loss=1.1883, Cls=0.0000, Reg=0.0000, Con=3.9611
2025-09-14 10:14:25,978 - INFO - Batch 930/2278: Loss=1.1883, Cls=0.0001, Reg=0.0000, Con=3.9609
2025-09-14 10:14:26,874 - INFO - Batch 940/2278: Loss=0.0006, Cls=0.0006, Reg=0.0000, Con=0.0000
2025-09-14 10:14:27,771 - INFO - Batch 950/2278: Loss=3.0407, Cls=3.0407, Reg=0.0000, Con=0.0000
2025-09-14 10:14:28,785 - INFO - Batch 960/2278: Loss=0.0000, Cls=0.0000, Reg=0.0000, Con=0.0000
2025-09-14 10:14:29,686 - INFO - Batch 970/2278: Loss=0.0046, Cls=0.0046, Reg=0.0000, Con=0.0000
2025-09-14 10:14:30,565 - INFO - Batch 980/2278: Loss=1.2099, Cls=0.0216, Reg=0.0000, Con=3.9609
2025-09-14 10:14:31,446 - INFO - Batch 990/2278: Loss=1.1882, Cls=0.0000, Reg=0.0000, Con=3.9606
2025-09-14 10:14:32,341 - INFO - Batch 1000/2278: Loss=1.1883, Cls=0.0001, Reg=0.0000, Con=3.9609
2025-09-14 10:14:33,216 - INFO - Batch 1010/2278: Loss=1.1883, Cls=0.0000, Reg=0.0000, Con=3.9609
2025-09-14 10:14:34,094 - INFO - Batch 1020/2278: Loss=1.1887, Cls=0.0002, Reg=0.0000, Con=3.9615
2025-09-14 10:14:34,997 - INFO - Batch 1030/2278: Loss=1.1915, Cls=0.0032, Reg=0.0000, Con=3.9608
2025-09-14 10:14:35,938 - INFO - Batch 1040/2278: Loss=1.1882, Cls=0.0000, Reg=0.0000, Con=3.9608
2025-09-14 10:14:36,830 - INFO - Batch 1050/2278: Loss=1.3179, Cls=0.1296, Reg=0.0000, Con=3.9611
2025-09-14 10:14:37,699 - INFO - Batch 1060/2278: Loss=1.1883, Cls=0.0000, Reg=0.0000, Con=3.9612
2025-09-14 10:14:38,599 - INFO - Batch 1070/2278: Loss=1.1883, Cls=0.0000, Reg=0.0000, Con=3.9609
2025-09-14 10:14:39,491 - INFO - Batch 1080/2278: Loss=1.7678, Cls=0.5796, Reg=0.0000, Con=3.9609
2025-09-14 10:14:40,440 - INFO - Batch 1090/2278: Loss=1.1886, Cls=0.0003, Reg=0.0000, Con=3.9608
2025-09-14 10:14:41,329 - INFO - Batch 1100/2278: Loss=1.1884, Cls=0.0001, Reg=0.0000, Con=3.9608
2025-09-14 10:14:42,212 - INFO - Batch 1110/2278: Loss=1.5170, Cls=0.3287, Reg=0.0000, Con=3.9608
2025-09-14 10:14:43,140 - INFO - Batch 1120/2278: Loss=1.1883, Cls=0.0001, Reg=0.0000, Con=3.9608
2025-09-14 10:14:44,073 - INFO - Batch 1130/2278: Loss=0.0000, Cls=0.0000, Reg=0.0000, Con=0.0000
2025-09-14 10:14:44,970 - INFO - Batch 1140/2278: Loss=0.0001, Cls=0.0001, Reg=0.0000, Con=0.0000
2025-09-14 10:14:45,882 - INFO - Batch 1150/2278: Loss=5.3154, Cls=4.1271, Reg=0.0000, Con=3.9609
2025-09-14 10:14:46,762 - INFO - Batch 1160/2278: Loss=1.1882, Cls=0.0000, Reg=0.0000, Con=3.9607
2025-09-14 10:14:47,778 - INFO - Batch 1170/2278: Loss=1.3659, Cls=1.3659, Reg=0.0000, Con=0.0000
2025-09-14 10:14:48,700 - INFO - Batch 1180/2278: Loss=1.1884, Cls=0.0001, Reg=0.0000, Con=3.9609
2025-09-14 10:14:49,613 - INFO - Batch 1190/2278: Loss=3.3646, Cls=2.1763, Reg=0.0000, Con=3.9610
2025-09-14 10:14:50,567 - INFO - Batch 1200/2278: Loss=1.1883, Cls=0.0000, Reg=0.0000, Con=3.9609
2025-09-14 10:14:51,493 - INFO - Batch 1210/2278: Loss=1.1897, Cls=0.0014, Reg=0.0000, Con=3.9608
2025-09-14 10:14:52,426 - INFO - Batch 1220/2278: Loss=0.0136, Cls=0.0136, Reg=0.0000, Con=0.0000
2025-09-14 10:14:53,344 - INFO - Batch 1230/2278: Loss=1.1883, Cls=0.0000, Reg=0.0000, Con=3.9609
2025-09-14 10:14:54,294 - INFO - Batch 1240/2278: Loss=1.1883, Cls=0.0000, Reg=0.0000, Con=3.9609
2025-09-14 10:14:55,203 - INFO - Batch 1250/2278: Loss=0.0000, Cls=0.0000, Reg=0.0000, Con=0.0000
2025-09-14 10:14:56,145 - INFO - Batch 1260/2278: Loss=1.1884, Cls=0.0002, Reg=0.0000, Con=3.9607
2025-09-14 10:14:57,090 - INFO - Batch 1270/2278: Loss=0.0002, Cls=0.0002, Reg=0.0000, Con=0.0000
2025-09-14 10:14:57,991 - INFO - Batch 1280/2278: Loss=3.4869, Cls=2.2987, Reg=0.0000, Con=3.9608
2025-09-14 10:14:59,042 - INFO - Batch 1290/2278: Loss=1.1899, Cls=0.0016, Reg=0.0000, Con=3.9610
2025-09-14 10:15:00,047 - INFO - Batch 1300/2278: Loss=2.3422, Cls=1.1539, Reg=0.0000, Con=3.9610
2025-09-14 10:15:00,983 - INFO - Batch 1310/2278: Loss=0.0001, Cls=0.0001, Reg=0.0000, Con=0.0000
2025-09-14 10:15:01,955 - INFO - Batch 1320/2278: Loss=1.1915, Cls=0.0032, Reg=0.0000, Con=3.9609
2025-09-14 10:15:02,863 - INFO - Batch 1330/2278: Loss=1.1883, Cls=0.0001, Reg=0.0000, Con=3.9609
2025-09-14 10:15:03,789 - INFO - Batch 1340/2278: Loss=0.0047, Cls=0.0047, Reg=0.0000, Con=0.0000
2025-09-14 10:15:04,688 - INFO - Batch 1350/2278: Loss=0.0000, Cls=0.0000, Reg=0.0000, Con=0.0000
2025-09-14 10:15:05,655 - INFO - Batch 1360/2278: Loss=1.1887, Cls=0.0005, Reg=0.0000, Con=3.9608
2025-09-14 10:15:06,590 - INFO - Batch 1370/2278: Loss=1.7339, Cls=0.5457, Reg=0.0000, Con=3.9608
2025-09-14 10:15:07,534 - INFO - Batch 1380/2278: Loss=1.1883, Cls=0.0000, Reg=0.0000, Con=3.9609
2025-09-14 10:15:08,438 - INFO - Batch 1390/2278: Loss=1.1885, Cls=0.0003, Reg=0.0000, Con=3.9608
2025-09-14 10:15:09,350 - INFO - Batch 1400/2278: Loss=0.0000, Cls=0.0000, Reg=0.0000, Con=0.0000
2025-09-14 10:15:10,242 - INFO - Batch 1410/2278: Loss=1.1896, Cls=0.0013, Reg=0.0000, Con=3.9608
2025-09-14 10:15:11,151 - INFO - Batch 1420/2278: Loss=0.0001, Cls=0.0001, Reg=0.0000, Con=0.0000
2025-09-14 10:15:12,059 - INFO - Batch 1430/2278: Loss=0.0000, Cls=0.0000, Reg=0.0000, Con=0.0000
2025-09-14 10:15:12,990 - INFO - Batch 1440/2278: Loss=1.1886, Cls=0.0002, Reg=0.0000, Con=3.9613
2025-09-14 10:15:13,923 - INFO - Batch 1450/2278: Loss=0.0000, Cls=0.0000, Reg=0.0000, Con=0.0000
2025-09-14 10:15:14,820 - INFO - Batch 1460/2278: Loss=1.1893, Cls=0.0011, Reg=0.0000, Con=3.9609
2025-09-14 10:15:15,719 - INFO - Batch 1470/2278: Loss=1.2471, Cls=0.0588, Reg=0.0000, Con=3.9608
2025-09-14 10:15:16,616 - INFO - Batch 1480/2278: Loss=0.0001, Cls=0.0001, Reg=0.0000, Con=0.0000
2025-09-14 10:15:17,666 - INFO - Batch 1490/2278: Loss=1.1840, Cls=1.1840, Reg=0.0000, Con=0.0000
2025-09-14 10:15:18,619 - INFO - Batch 1500/2278: Loss=0.0006, Cls=0.0006, Reg=0.0000, Con=0.0000
2025-09-14 10:15:19,548 - INFO - Batch 1510/2278: Loss=1.1974, Cls=0.0091, Reg=0.0000, Con=3.9608
2025-09-14 10:15:20,410 - INFO - Batch 1520/2278: Loss=1.4279, Cls=0.2396, Reg=0.0000, Con=3.9608
2025-09-14 10:15:21,302 - INFO - Batch 1530/2278: Loss=1.2039, Cls=0.0156, Reg=0.0000, Con=3.9609
2025-09-14 10:15:22,200 - INFO - Batch 1540/2278: Loss=0.0001, Cls=0.0001, Reg=0.0000, Con=0.0000
2025-09-14 10:15:23,094 - INFO - Batch 1550/2278: Loss=1.1883, Cls=0.0000, Reg=0.0000, Con=3.9609
2025-09-14 10:15:23,996 - INFO - Batch 1560/2278: Loss=1.3525, Cls=0.1643, Reg=0.0000, Con=3.9608
2025-09-14 10:15:24,916 - INFO - Batch 1570/2278: Loss=1.1912, Cls=0.0029, Reg=0.0000, Con=3.9609
2025-09-14 10:15:25,800 - INFO - Batch 1580/2278: Loss=0.0004, Cls=0.0004, Reg=0.0000, Con=0.0000
2025-09-14 10:15:26,726 - INFO - Batch 1590/2278: Loss=1.8416, Cls=1.8416, Reg=0.0000, Con=0.0000
2025-09-14 10:15:27,651 - INFO - Batch 1600/2278: Loss=1.1888, Cls=0.0005, Reg=0.0000, Con=3.9609
2025-09-14 10:15:28,568 - INFO - Batch 1610/2278: Loss=0.0001, Cls=0.0001, Reg=0.0000, Con=0.0000
2025-09-14 10:15:29,492 - INFO - Batch 1620/2278: Loss=4.0670, Cls=2.8788, Reg=0.0000, Con=3.9609
2025-09-14 10:15:30,364 - INFO - Batch 1630/2278: Loss=0.0000, Cls=0.0000, Reg=0.0000, Con=0.0000
2025-09-14 10:15:31,269 - INFO - Batch 1640/2278: Loss=1.1883, Cls=0.0000, Reg=0.0000, Con=3.9609
2025-09-14 10:15:32,159 - INFO - Batch 1650/2278: Loss=0.0001, Cls=0.0001, Reg=0.0000, Con=0.0000
2025-09-14 10:15:33,047 - INFO - Batch 1660/2278: Loss=1.1883, Cls=0.0001, Reg=0.0000, Con=3.9607
2025-09-14 10:15:33,980 - INFO - Batch 1670/2278: Loss=1.1884, Cls=0.0001, Reg=0.0000, Con=3.9608
2025-09-14 10:15:34,894 - INFO - Batch 1680/2278: Loss=1.1907, Cls=0.0022, Reg=0.0000, Con=3.9615
2025-09-14 10:15:35,889 - INFO - Batch 1690/2278: Loss=0.0007, Cls=0.0007, Reg=0.0000, Con=0.0000
2025-09-14 10:15:36,951 - INFO - Batch 1700/2278: Loss=1.1882, Cls=0.0000, Reg=0.0000, Con=3.9608
2025-09-14 10:15:37,850 - INFO - Batch 1710/2278: Loss=1.1883, Cls=0.0000, Reg=0.0000, Con=3.9612
2025-09-14 10:15:38,760 - INFO - Batch 1720/2278: Loss=1.1888, Cls=0.0005, Reg=0.0000, Con=3.9610
2025-09-14 10:15:39,682 - INFO - Batch 1730/2278: Loss=1.1932, Cls=0.0049, Reg=0.0000, Con=3.9609
2025-09-14 10:15:40,565 - INFO - Batch 1740/2278: Loss=1.1883, Cls=0.0000, Reg=0.0000, Con=3.9610
2025-09-14 10:15:41,583 - INFO - Batch 1750/2278: Loss=1.1883, Cls=0.0001, Reg=0.0000, Con=3.9609
2025-09-14 10:15:42,572 - INFO - Batch 1760/2278: Loss=1.1884, Cls=0.0002, Reg=0.0000, Con=3.9608
2025-09-14 10:15:43,555 - INFO - Batch 1770/2278: Loss=1.1920, Cls=0.0037, Reg=0.0000, Con=3.9610
2025-09-14 10:15:44,446 - INFO - Batch 1780/2278: Loss=4.2520, Cls=3.0637, Reg=0.0000, Con=3.9609
2025-09-14 10:15:45,326 - INFO - Batch 1790/2278: Loss=1.1882, Cls=0.0000, Reg=0.0000, Con=3.9608
2025-09-14 10:15:46,231 - INFO - Batch 1800/2278: Loss=1.1920, Cls=0.0038, Reg=0.0000, Con=3.9609
2025-09-14 10:15:47,114 - INFO - Batch 1810/2278: Loss=1.1883, Cls=0.0000, Reg=0.0000, Con=3.9610
2025-09-14 10:15:48,014 - INFO - Batch 1820/2278: Loss=1.1884, Cls=0.0001, Reg=0.0000, Con=3.9608
2025-09-14 10:15:48,899 - INFO - Batch 1830/2278: Loss=1.1885, Cls=0.0000, Reg=0.0000, Con=3.9615
2025-09-14 10:15:49,825 - INFO - Batch 1840/2278: Loss=1.1887, Cls=0.0004, Reg=0.0000, Con=3.9609
2025-09-14 10:15:50,747 - INFO - Batch 1850/2278: Loss=4.2610, Cls=3.0728, Reg=0.0000, Con=3.9608
2025-09-14 10:15:51,659 - INFO - Batch 1860/2278: Loss=0.0063, Cls=0.0063, Reg=0.0000, Con=0.0000
2025-09-14 10:15:52,551 - INFO - Batch 1870/2278: Loss=0.7299, Cls=0.7299, Reg=0.0000, Con=0.0000
2025-09-14 10:15:53,458 - INFO - Batch 1880/2278: Loss=2.1394, Cls=0.9511, Reg=0.0000, Con=3.9610
2025-09-14 10:15:54,411 - INFO - Batch 1890/2278: Loss=0.2092, Cls=0.2092, Reg=0.0000, Con=0.0000
2025-09-14 10:15:55,315 - INFO - Batch 1900/2278: Loss=1.1884, Cls=0.0002, Reg=0.0000, Con=3.9607
2025-09-14 10:15:56,219 - INFO - Batch 1910/2278: Loss=1.1884, Cls=0.0002, Reg=0.0000, Con=3.9607
2025-09-14 10:15:57,130 - INFO - Batch 1920/2278: Loss=1.1883, Cls=0.0000, Reg=0.0000, Con=3.9608
2025-09-14 10:15:58,031 - INFO - Batch 1930/2278: Loss=0.0000, Cls=0.0000, Reg=0.0000, Con=0.0000
2025-09-14 10:15:58,935 - INFO - Batch 1940/2278: Loss=1.1882, Cls=0.0000, Reg=0.0000, Con=3.9607
2025-09-14 10:15:59,797 - INFO - Batch 1950/2278: Loss=1.1883, Cls=0.0000, Reg=0.0000, Con=3.9609
2025-09-14 10:16:00,735 - INFO - Batch 1960/2278: Loss=1.1883, Cls=0.0001, Reg=0.0000, Con=3.9609
2025-09-14 10:16:01,657 - INFO - Batch 1970/2278: Loss=1.1917, Cls=0.0035, Reg=0.0000, Con=3.9606
2025-09-14 10:16:02,568 - INFO - Batch 1980/2278: Loss=1.1912, Cls=0.0030, Reg=0.0000, Con=3.9608
2025-09-14 10:16:03,467 - INFO - Batch 1990/2278: Loss=0.0032, Cls=0.0032, Reg=0.0000, Con=0.0000
2025-09-14 10:16:04,326 - INFO - Batch 2000/2278: Loss=1.4221, Cls=0.2339, Reg=0.0000, Con=3.9607
2025-09-14 10:16:05,219 - INFO - Batch 2010/2278: Loss=1.2225, Cls=0.0343, Reg=0.0000, Con=3.9608
2025-09-14 10:16:06,094 - INFO - Batch 2020/2278: Loss=0.0003, Cls=0.0003, Reg=0.0000, Con=0.0000
2025-09-14 10:16:06,976 - INFO - Batch 2030/2278: Loss=1.3769, Cls=0.1886, Reg=0.0000, Con=3.9610
2025-09-14 10:16:07,895 - INFO - Batch 2040/2278: Loss=1.1884, Cls=0.0002, Reg=0.0000, Con=3.9608
2025-09-14 10:16:08,775 - INFO - Batch 2050/2278: Loss=0.0015, Cls=0.0015, Reg=0.0000, Con=0.0000
2025-09-14 10:16:09,671 - INFO - Batch 2060/2278: Loss=1.1937, Cls=0.0053, Reg=0.0000, Con=3.9615
2025-09-14 10:16:10,571 - INFO - Batch 2070/2278: Loss=1.1884, Cls=0.0002, Reg=0.0000, Con=3.9608
2025-09-14 10:16:11,460 - INFO - Batch 2080/2278: Loss=0.0491, Cls=0.0491, Reg=0.0000, Con=0.0000
2025-09-14 10:16:12,366 - INFO - Batch 2090/2278: Loss=1.1885, Cls=0.0002, Reg=0.0000, Con=3.9608
2025-09-14 10:16:13,256 - INFO - Batch 2100/2278: Loss=0.2711, Cls=0.2711, Reg=0.0000, Con=0.0000
2025-09-14 10:16:14,180 - INFO - Batch 2110/2278: Loss=0.0008, Cls=0.0008, Reg=0.0000, Con=0.0000
2025-09-14 10:16:15,108 - INFO - Batch 2120/2278: Loss=1.1916, Cls=0.0033, Reg=0.0000, Con=3.9609
2025-09-14 10:16:16,018 - INFO - Batch 2130/2278: Loss=2.6032, Cls=1.4149, Reg=0.0000, Con=3.9608
2025-09-14 10:16:16,937 - INFO - Batch 2140/2278: Loss=0.0050, Cls=0.0050, Reg=0.0000, Con=0.0000
2025-09-14 10:16:17,810 - INFO - Batch 2150/2278: Loss=1.2606, Cls=0.0723, Reg=0.0000, Con=3.9610
2025-09-14 10:16:18,683 - INFO - Batch 2160/2278: Loss=1.3914, Cls=0.2031, Reg=0.0000, Con=3.9608
2025-09-14 10:16:19,569 - INFO - Batch 2170/2278: Loss=1.9940, Cls=0.8058, Reg=0.0000, Con=3.9608
2025-09-14 10:16:20,479 - INFO - Batch 2180/2278: Loss=2.1942, Cls=1.0060, Reg=0.0000, Con=3.9608
2025-09-14 10:16:21,375 - INFO - Batch 2190/2278: Loss=1.2124, Cls=0.0241, Reg=0.0000, Con=3.9610
2025-09-14 10:16:22,260 - INFO - Batch 2200/2278: Loss=1.1883, Cls=0.0001, Reg=0.0000, Con=3.9608
2025-09-14 10:16:23,163 - INFO - Batch 2210/2278: Loss=1.1885, Cls=0.0001, Reg=0.0000, Con=3.9613
2025-09-14 10:16:24,053 - INFO - Batch 2220/2278: Loss=0.0027, Cls=0.0027, Reg=0.0000, Con=0.0000
2025-09-14 10:16:24,980 - INFO - Batch 2230/2278: Loss=0.0014, Cls=0.0014, Reg=0.0000, Con=0.0000
2025-09-14 10:16:25,920 - INFO - Batch 2240/2278: Loss=1.1894, Cls=0.0012, Reg=0.0000, Con=3.9608
2025-09-14 10:16:26,882 - INFO - Batch 2250/2278: Loss=0.0010, Cls=0.0010, Reg=0.0000, Con=0.0000
2025-09-14 10:16:27,860 - INFO - Batch 2260/2278: Loss=1.1886, Cls=0.0003, Reg=0.0000, Con=3.9609
2025-09-14 10:16:28,827 - INFO - Batch 2270/2278: Loss=1.1882, Cls=0.0000, Reg=0.0000, Con=3.9606
2025-09-14 10:20:00,509 - INFO - === Epoch 2 Results ===
2025-09-14 10:20:00,509 - INFO - Training Loss: 0.9304 (Classification: 0.1475, Regression: 0.0000)
2025-09-14 10:20:00,509 - INFO - Validation Loss: 0.0653 (Classification: 0.0653, Regression: 0.0000)
2025-09-14 10:20:00,510 - INFO - Average Classification Accuracy: 0.9293 (on 1/26 tasks)
2025-09-14 10:20:00,510 - INFO - Average AUC: 0.8387
2025-09-14 10:20:03,787 - INFO - Best model saved to: experiments/r1c3_headft_cls_25_seed_42_20250914_100605/checkpoints/r1c3_headft_cls_25_seed_42_best.pth
2025-09-14 10:20:03,788 - INFO - 
Epoch 3/3
2025-09-14 10:20:03,944 - INFO - Batch 0/2278: Loss=1.1903, Cls=0.0021, Reg=0.0000, Con=3.9608
2025-09-14 10:20:04,898 - INFO - Batch 10/2278: Loss=1.1923, Cls=0.0040, Reg=0.0000, Con=3.9611
2025-09-14 10:20:05,807 - INFO - Batch 20/2278: Loss=1.2587, Cls=0.0704, Reg=0.0000, Con=3.9608
2025-09-14 10:20:06,766 - INFO - Batch 30/2278: Loss=0.0000, Cls=0.0000, Reg=0.0000, Con=0.0000
2025-09-14 10:20:07,670 - INFO - Batch 40/2278: Loss=1.1888, Cls=0.0006, Reg=0.0000, Con=3.9608
2025-09-14 10:20:08,577 - INFO - Batch 50/2278: Loss=1.1883, Cls=0.0000, Reg=0.0000, Con=3.9609
2025-09-14 10:20:09,483 - INFO - Batch 60/2278: Loss=1.1894, Cls=0.0011, Reg=0.0000, Con=3.9607
2025-09-14 10:20:10,406 - INFO - Batch 70/2278: Loss=1.1898, Cls=0.0015, Reg=0.0000, Con=3.9608
2025-09-14 10:20:11,279 - INFO - Batch 80/2278: Loss=0.0008, Cls=0.0008, Reg=0.0000, Con=0.0000
2025-09-14 10:20:12,163 - INFO - Batch 90/2278: Loss=1.1888, Cls=0.0005, Reg=0.0000, Con=3.9609
2025-09-14 10:20:13,064 - INFO - Batch 100/2278: Loss=1.1938, Cls=0.0056, Reg=0.0000, Con=3.9607
2025-09-14 10:20:13,981 - INFO - Batch 110/2278: Loss=1.2029, Cls=0.0143, Reg=0.0000, Con=3.9618
2025-09-14 10:20:14,878 - INFO - Batch 120/2278: Loss=1.4353, Cls=0.2470, Reg=0.0000, Con=3.9609
2025-09-14 10:20:15,781 - INFO - Batch 130/2278: Loss=1.1882, Cls=0.0000, Reg=0.0000, Con=3.9607
2025-09-14 10:20:16,726 - INFO - Batch 140/2278: Loss=0.0000, Cls=0.0000, Reg=0.0000, Con=0.0000
2025-09-14 10:20:17,620 - INFO - Batch 150/2278: Loss=1.1885, Cls=0.0002, Reg=0.0000, Con=3.9608
2025-09-14 10:20:18,518 - INFO - Batch 160/2278: Loss=0.0001, Cls=0.0001, Reg=0.0000, Con=0.0000
2025-09-14 10:20:19,405 - INFO - Batch 170/2278: Loss=1.1893, Cls=0.0011, Reg=0.0000, Con=3.9609
2025-09-14 10:20:20,297 - INFO - Batch 180/2278: Loss=1.1883, Cls=0.0000, Reg=0.0000, Con=3.9611
2025-09-14 10:20:21,196 - INFO - Batch 190/2278: Loss=1.1898, Cls=0.0016, Reg=0.0000, Con=3.9607
2025-09-14 10:20:22,094 - INFO - Batch 200/2278: Loss=2.4548, Cls=2.4548, Reg=0.0000, Con=0.0000
2025-09-14 10:20:23,006 - INFO - Batch 210/2278: Loss=2.9877, Cls=1.7994, Reg=0.0000, Con=3.9612
2025-09-14 10:20:23,907 - INFO - Batch 220/2278: Loss=1.1883, Cls=0.0001, Reg=0.0000, Con=3.9608
2025-09-14 10:20:24,814 - INFO - Batch 230/2278: Loss=1.3422, Cls=0.1538, Reg=0.0000, Con=3.9611
2025-09-14 10:20:25,733 - INFO - Batch 240/2278: Loss=1.1920, Cls=0.0038, Reg=0.0000, Con=3.9607
2025-09-14 10:20:26,620 - INFO - Batch 250/2278: Loss=1.1883, Cls=0.0000, Reg=0.0000, Con=3.9609
2025-09-14 10:20:27,546 - INFO - Batch 260/2278: Loss=1.1930, Cls=0.0048, Reg=0.0000, Con=3.9608
2025-09-14 10:20:28,473 - INFO - Batch 270/2278: Loss=1.1921, Cls=0.0039, Reg=0.0000, Con=3.9607
2025-09-14 10:20:29,356 - INFO - Batch 280/2278: Loss=1.1904, Cls=0.0022, Reg=0.0000, Con=3.9608
2025-09-14 10:20:30,254 - INFO - Batch 290/2278: Loss=1.1910, Cls=0.0028, Reg=0.0000, Con=3.9608
2025-09-14 10:20:31,137 - INFO - Batch 300/2278: Loss=1.1882, Cls=0.0000, Reg=0.0000, Con=3.9607
2025-09-14 10:20:32,050 - INFO - Batch 310/2278: Loss=1.1911, Cls=0.0028, Reg=0.0000, Con=3.9610
2025-09-14 10:20:32,952 - INFO - Batch 320/2278: Loss=1.1886, Cls=0.0002, Reg=0.0000, Con=3.9612
2025-09-14 10:20:33,814 - INFO - Batch 330/2278: Loss=0.6136, Cls=0.6136, Reg=0.0000, Con=0.0000
2025-09-14 10:20:34,722 - INFO - Batch 340/2278: Loss=0.0003, Cls=0.0003, Reg=0.0000, Con=0.0000
2025-09-14 10:20:35,643 - INFO - Batch 350/2278: Loss=1.1936, Cls=0.0053, Reg=0.0000, Con=3.9612
2025-09-14 10:20:36,546 - INFO - Batch 360/2278: Loss=1.1901, Cls=0.0018, Reg=0.0000, Con=3.9611
2025-09-14 10:20:37,447 - INFO - Batch 370/2278: Loss=1.1883, Cls=0.0001, Reg=0.0000, Con=3.9608
2025-09-14 10:20:38,373 - INFO - Batch 380/2278: Loss=2.4225, Cls=1.2343, Reg=0.0000, Con=3.9608
2025-09-14 10:20:39,329 - INFO - Batch 390/2278: Loss=1.1900, Cls=0.0017, Reg=0.0000, Con=3.9609
2025-09-14 10:20:40,229 - INFO - Batch 400/2278: Loss=0.0013, Cls=0.0013, Reg=0.0000, Con=0.0000
2025-09-14 10:20:41,135 - INFO - Batch 410/2278: Loss=1.1884, Cls=0.0001, Reg=0.0000, Con=3.9609
2025-09-14 10:20:42,021 - INFO - Batch 420/2278: Loss=1.1883, Cls=0.0000, Reg=0.0000, Con=3.9609
2025-09-14 10:20:42,915 - INFO - Batch 430/2278: Loss=1.2352, Cls=0.0467, Reg=0.0000, Con=3.9614
2025-09-14 10:20:43,800 - INFO - Batch 440/2278: Loss=0.0004, Cls=0.0004, Reg=0.0000, Con=0.0000
2025-09-14 10:20:44,689 - INFO - Batch 450/2278: Loss=1.1885, Cls=0.0003, Reg=0.0000, Con=3.9608
2025-09-14 10:20:45,607 - INFO - Batch 460/2278: Loss=0.0058, Cls=0.0058, Reg=0.0000, Con=0.0000
2025-09-14 10:20:46,489 - INFO - Batch 470/2278: Loss=0.0000, Cls=0.0000, Reg=0.0000, Con=0.0000
2025-09-14 10:20:47,391 - INFO - Batch 480/2278: Loss=1.1887, Cls=0.0004, Reg=0.0000, Con=3.9609
2025-09-14 10:20:48,430 - INFO - Batch 490/2278: Loss=0.0016, Cls=0.0016, Reg=0.0000, Con=0.0000
2025-09-14 10:20:49,318 - INFO - Batch 500/2278: Loss=0.0003, Cls=0.0003, Reg=0.0000, Con=0.0000
2025-09-14 10:20:50,247 - INFO - Batch 510/2278: Loss=1.1886, Cls=0.0003, Reg=0.0000, Con=3.9608
2025-09-14 10:20:51,153 - INFO - Batch 520/2278: Loss=0.0105, Cls=0.0105, Reg=0.0000, Con=0.0000
2025-09-14 10:20:52,037 - INFO - Batch 530/2278: Loss=1.1891, Cls=0.0009, Reg=0.0000, Con=3.9608
2025-09-14 10:20:52,942 - INFO - Batch 540/2278: Loss=1.1888, Cls=0.0006, Reg=0.0000, Con=3.9609
2025-09-14 10:20:53,857 - INFO - Batch 550/2278: Loss=0.0001, Cls=0.0001, Reg=0.0000, Con=0.0000
2025-09-14 10:20:54,771 - INFO - Batch 560/2278: Loss=1.1887, Cls=0.0004, Reg=0.0000, Con=3.9609
2025-09-14 10:20:55,752 - INFO - Batch 570/2278: Loss=1.1882, Cls=0.0000, Reg=0.0000, Con=3.9608
2025-09-14 10:20:56,688 - INFO - Batch 580/2278: Loss=0.0002, Cls=0.0002, Reg=0.0000, Con=0.0000
2025-09-14 10:20:57,570 - INFO - Batch 590/2278: Loss=1.2393, Cls=0.0511, Reg=0.0000, Con=3.9608
2025-09-14 10:20:58,462 - INFO - Batch 600/2278: Loss=0.0001, Cls=0.0001, Reg=0.0000, Con=0.0000
2025-09-14 10:20:59,357 - INFO - Batch 610/2278: Loss=0.0142, Cls=0.0142, Reg=0.0000, Con=0.0000
2025-09-14 10:21:00,280 - INFO - Batch 620/2278: Loss=1.1882, Cls=0.0000, Reg=0.0000, Con=3.9608
2025-09-14 10:21:01,162 - INFO - Batch 630/2278: Loss=1.1885, Cls=0.0001, Reg=0.0000, Con=3.9611
2025-09-14 10:21:02,139 - INFO - Batch 640/2278: Loss=1.1893, Cls=0.0011, Reg=0.0000, Con=3.9607
2025-09-14 10:21:03,033 - INFO - Batch 650/2278: Loss=1.1926, Cls=0.0044, Reg=0.0000, Con=3.9608
2025-09-14 10:21:03,970 - INFO - Batch 660/2278: Loss=0.8736, Cls=0.8736, Reg=0.0000, Con=0.0000
2025-09-14 10:21:04,875 - INFO - Batch 670/2278: Loss=1.1883, Cls=0.0000, Reg=0.0000, Con=3.9609
2025-09-14 10:21:05,819 - INFO - Batch 680/2278: Loss=0.0000, Cls=0.0000, Reg=0.0000, Con=0.0000
2025-09-14 10:21:06,713 - INFO - Batch 690/2278: Loss=1.1962, Cls=0.0079, Reg=0.0000, Con=3.9609
2025-09-14 10:21:07,634 - INFO - Batch 700/2278: Loss=1.2045, Cls=0.0162, Reg=0.0000, Con=3.9610
2025-09-14 10:21:08,527 - INFO - Batch 710/2278: Loss=1.1886, Cls=0.0003, Reg=0.0000, Con=3.9610
2025-09-14 10:21:09,452 - INFO - Batch 720/2278: Loss=1.1964, Cls=0.0081, Reg=0.0000, Con=3.9610
2025-09-14 10:21:10,358 - INFO - Batch 730/2278: Loss=1.1883, Cls=0.0000, Reg=0.0000, Con=3.9609
2025-09-14 10:21:11,256 - INFO - Batch 740/2278: Loss=1.1883, Cls=0.0001, Reg=0.0000, Con=3.9606
2025-09-14 10:21:12,160 - INFO - Batch 750/2278: Loss=1.1897, Cls=0.0015, Reg=0.0000, Con=3.9606
2025-09-14 10:21:13,030 - INFO - Batch 760/2278: Loss=2.6078, Cls=1.4195, Reg=0.0000, Con=3.9611
2025-09-14 10:21:13,949 - INFO - Batch 770/2278: Loss=1.1907, Cls=0.0024, Reg=0.0000, Con=3.9611
2025-09-14 10:21:14,853 - INFO - Batch 780/2278: Loss=0.0054, Cls=0.0054, Reg=0.0000, Con=0.0000
2025-09-14 10:21:15,734 - INFO - Batch 790/2278: Loss=1.2874, Cls=0.0991, Reg=0.0000, Con=3.9609
2025-09-14 10:21:16,624 - INFO - Batch 800/2278: Loss=1.1904, Cls=0.0020, Reg=0.0000, Con=3.9612
2025-09-14 10:21:17,508 - INFO - Batch 810/2278: Loss=0.0037, Cls=0.0037, Reg=0.0000, Con=0.0000
2025-09-14 10:21:18,414 - INFO - Batch 820/2278: Loss=1.2140, Cls=0.0257, Reg=0.0000, Con=3.9608
2025-09-14 10:21:19,317 - INFO - Batch 830/2278: Loss=1.1883, Cls=0.0000, Reg=0.0000, Con=3.9609
2025-09-14 10:21:20,237 - INFO - Batch 840/2278: Loss=0.0007, Cls=0.0007, Reg=0.0000, Con=0.0000
2025-09-14 10:21:21,179 - INFO - Batch 850/2278: Loss=1.1779, Cls=1.1779, Reg=0.0000, Con=0.0000
2025-09-14 10:21:22,060 - INFO - Batch 860/2278: Loss=1.1993, Cls=0.0109, Reg=0.0000, Con=3.9611
2025-09-14 10:21:22,942 - INFO - Batch 870/2278: Loss=1.1883, Cls=0.0000, Reg=0.0000, Con=3.9609
2025-09-14 10:21:23,828 - INFO - Batch 880/2278: Loss=0.0000, Cls=0.0000, Reg=0.0000, Con=0.0000
2025-09-14 10:21:24,728 - INFO - Batch 890/2278: Loss=1.3265, Cls=0.1382, Reg=0.0000, Con=3.9609
2025-09-14 10:21:25,640 - INFO - Batch 900/2278: Loss=0.0000, Cls=0.0000, Reg=0.0000, Con=0.0000
2025-09-14 10:21:26,513 - INFO - Batch 910/2278: Loss=0.7031, Cls=0.7031, Reg=0.0000, Con=0.0000
2025-09-14 10:21:27,414 - INFO - Batch 920/2278: Loss=0.0008, Cls=0.0008, Reg=0.0000, Con=0.0000
2025-09-14 10:21:28,284 - INFO - Batch 930/2278: Loss=0.0032, Cls=0.0032, Reg=0.0000, Con=0.0000
2025-09-14 10:21:29,178 - INFO - Batch 940/2278: Loss=1.1964, Cls=0.0080, Reg=0.0000, Con=3.9613
2025-09-14 10:21:30,078 - INFO - Batch 950/2278: Loss=0.0013, Cls=0.0013, Reg=0.0000, Con=0.0000
2025-09-14 10:21:30,974 - INFO - Batch 960/2278: Loss=0.0003, Cls=0.0003, Reg=0.0000, Con=0.0000
2025-09-14 10:21:31,876 - INFO - Batch 970/2278: Loss=1.2356, Cls=0.0473, Reg=0.0000, Con=3.9608
2025-09-14 10:21:32,759 - INFO - Batch 980/2278: Loss=1.1931, Cls=0.0049, Reg=0.0000, Con=3.9609
2025-09-14 10:21:33,675 - INFO - Batch 990/2278: Loss=1.2009, Cls=0.0126, Reg=0.0000, Con=3.9609
2025-09-14 10:21:34,562 - INFO - Batch 1000/2278: Loss=1.1884, Cls=0.0001, Reg=0.0000, Con=3.9610
2025-09-14 10:21:35,484 - INFO - Batch 1010/2278: Loss=1.1895, Cls=0.0012, Reg=0.0000, Con=3.9608
2025-09-14 10:21:36,356 - INFO - Batch 1020/2278: Loss=1.1899, Cls=0.0017, Reg=0.0000, Con=3.9608
2025-09-14 10:21:37,243 - INFO - Batch 1030/2278: Loss=0.0001, Cls=0.0001, Reg=0.0000, Con=0.0000
2025-09-14 10:21:38,148 - INFO - Batch 1040/2278: Loss=1.1884, Cls=0.0000, Reg=0.0000, Con=3.9613
2025-09-14 10:21:39,063 - INFO - Batch 1050/2278: Loss=0.0012, Cls=0.0012, Reg=0.0000, Con=0.0000
2025-09-14 10:21:39,966 - INFO - Batch 1060/2278: Loss=1.1889, Cls=0.0006, Reg=0.0000, Con=3.9611
2025-09-14 10:21:40,898 - INFO - Batch 1070/2278: Loss=1.1884, Cls=0.0002, Reg=0.0000, Con=3.9609
2025-09-14 10:21:41,797 - INFO - Batch 1080/2278: Loss=0.0000, Cls=0.0000, Reg=0.0000, Con=0.0000
2025-09-14 10:21:42,723 - INFO - Batch 1090/2278: Loss=1.1883, Cls=0.0000, Reg=0.0000, Con=3.9611
2025-09-14 10:21:43,626 - INFO - Batch 1100/2278: Loss=1.1883, Cls=0.0000, Reg=0.0000, Con=3.9611
2025-09-14 10:21:44,509 - INFO - Batch 1110/2278: Loss=1.2057, Cls=1.2057, Reg=0.0000, Con=0.0000
2025-09-14 10:21:45,414 - INFO - Batch 1120/2278: Loss=0.0005, Cls=0.0005, Reg=0.0000, Con=0.0000
2025-09-14 10:21:46,317 - INFO - Batch 1130/2278: Loss=0.0000, Cls=0.0000, Reg=0.0000, Con=0.0000
2025-09-14 10:21:47,243 - INFO - Batch 1140/2278: Loss=1.2251, Cls=0.0368, Reg=0.0000, Con=3.9609
2025-09-14 10:21:48,126 - INFO - Batch 1150/2278: Loss=0.0043, Cls=0.0043, Reg=0.0000, Con=0.0000
2025-09-14 10:21:49,040 - INFO - Batch 1160/2278: Loss=0.0007, Cls=0.0007, Reg=0.0000, Con=0.0000
2025-09-14 10:21:49,950 - INFO - Batch 1170/2278: Loss=1.1906, Cls=0.0023, Reg=0.0000, Con=3.9608
2025-09-14 10:21:50,890 - INFO - Batch 1180/2278: Loss=1.1884, Cls=0.0000, Reg=0.0000, Con=3.9613
2025-09-14 10:21:51,886 - INFO - Batch 1190/2278: Loss=1.1883, Cls=0.0000, Reg=0.0000, Con=3.9609
2025-09-14 10:21:52,949 - INFO - Batch 1200/2278: Loss=1.1887, Cls=0.0003, Reg=0.0000, Con=3.9611
2025-09-14 10:21:53,856 - INFO - Batch 1210/2278: Loss=1.1951, Cls=0.0068, Reg=0.0000, Con=3.9611
2025-09-14 10:21:54,746 - INFO - Batch 1220/2278: Loss=1.2148, Cls=0.0265, Reg=0.0000, Con=3.9609
2025-09-14 10:21:55,656 - INFO - Batch 1230/2278: Loss=0.5850, Cls=0.5850, Reg=0.0000, Con=0.0000
2025-09-14 10:21:56,555 - INFO - Batch 1240/2278: Loss=1.2478, Cls=0.0596, Reg=0.0000, Con=3.9608
2025-09-14 10:21:57,484 - INFO - Batch 1250/2278: Loss=1.1883, Cls=0.0000, Reg=0.0000, Con=3.9609
2025-09-14 10:21:58,405 - INFO - Batch 1260/2278: Loss=0.5162, Cls=0.5162, Reg=0.0000, Con=0.0000
2025-09-14 10:21:59,317 - INFO - Batch 1270/2278: Loss=1.1883, Cls=0.0000, Reg=0.0000, Con=3.9610
2025-09-14 10:22:00,220 - INFO - Batch 1280/2278: Loss=1.1947, Cls=0.0065, Reg=0.0000, Con=3.9607
2025-09-14 10:22:01,186 - INFO - Batch 1290/2278: Loss=0.0000, Cls=0.0000, Reg=0.0000, Con=0.0000
2025-09-14 10:22:02,091 - INFO - Batch 1300/2278: Loss=0.0006, Cls=0.0006, Reg=0.0000, Con=0.0000
2025-09-14 10:22:02,996 - INFO - Batch 1310/2278: Loss=1.1882, Cls=0.0000, Reg=0.0000, Con=3.9608
2025-09-14 10:22:04,034 - INFO - Batch 1320/2278: Loss=1.1884, Cls=0.0001, Reg=0.0000, Con=3.9610
2025-09-14 10:22:05,004 - INFO - Batch 1330/2278: Loss=1.1905, Cls=0.0022, Reg=0.0000, Con=3.9610
2025-09-14 10:22:05,905 - INFO - Batch 1340/2278: Loss=1.1884, Cls=0.0001, Reg=0.0000, Con=3.9608
2025-09-14 10:22:06,819 - INFO - Batch 1350/2278: Loss=1.1885, Cls=0.0003, Reg=0.0000, Con=3.9608
2025-09-14 10:22:07,746 - INFO - Batch 1360/2278: Loss=1.1896, Cls=0.0012, Reg=0.0000, Con=3.9612
2025-09-14 10:22:08,662 - INFO - Batch 1370/2278: Loss=1.1938, Cls=0.0055, Reg=0.0000, Con=3.9610
2025-09-14 10:22:09,598 - INFO - Batch 1380/2278: Loss=1.1883, Cls=0.0001, Reg=0.0000, Con=3.9608
2025-09-14 10:22:10,534 - INFO - Batch 1390/2278: Loss=1.1889, Cls=0.0006, Reg=0.0000, Con=3.9610
2025-09-14 10:22:11,495 - INFO - Batch 1400/2278: Loss=1.1950, Cls=0.0066, Reg=0.0000, Con=3.9615
2025-09-14 10:22:12,440 - INFO - Batch 1410/2278: Loss=0.1295, Cls=0.1295, Reg=0.0000, Con=0.0000
2025-09-14 10:22:13,358 - INFO - Batch 1420/2278: Loss=1.1894, Cls=0.0011, Reg=0.0000, Con=3.9610
2025-09-14 10:22:14,328 - INFO - Batch 1430/2278: Loss=0.0004, Cls=0.0004, Reg=0.0000, Con=0.0000
2025-09-14 10:22:15,355 - INFO - Batch 1440/2278: Loss=1.1883, Cls=0.0001, Reg=0.0000, Con=3.9606
2025-09-14 10:22:16,299 - INFO - Batch 1450/2278: Loss=2.1835, Cls=2.1835, Reg=0.0000, Con=0.0000
2025-09-14 10:22:17,375 - INFO - Batch 1460/2278: Loss=0.0006, Cls=0.0006, Reg=0.0000, Con=0.0000
2025-09-14 10:22:18,457 - INFO - Batch 1470/2278: Loss=1.2357, Cls=0.0475, Reg=0.0000, Con=3.9607
2025-09-14 10:22:19,365 - INFO - Batch 1480/2278: Loss=1.1893, Cls=0.0010, Reg=0.0000, Con=3.9608
2025-09-14 10:22:20,274 - INFO - Batch 1490/2278: Loss=1.0089, Cls=1.0089, Reg=0.0000, Con=0.0000
2025-09-14 10:22:21,183 - INFO - Batch 1500/2278: Loss=1.2828, Cls=0.0945, Reg=0.0000, Con=3.9610
2025-09-14 10:22:22,122 - INFO - Batch 1510/2278: Loss=1.1901, Cls=0.0019, Reg=0.0000, Con=3.9609
2025-09-14 10:22:23,014 - INFO - Batch 1520/2278: Loss=0.0101, Cls=0.0101, Reg=0.0000, Con=0.0000
2025-09-14 10:22:23,908 - INFO - Batch 1530/2278: Loss=1.1882, Cls=0.0000, Reg=0.0000, Con=3.9608
2025-09-14 10:22:24,834 - INFO - Batch 1540/2278: Loss=2.1109, Cls=0.9226, Reg=0.0000, Con=3.9610
2025-09-14 10:22:25,769 - INFO - Batch 1550/2278: Loss=1.1895, Cls=0.0012, Reg=0.0000, Con=3.9611
2025-09-14 10:22:26,682 - INFO - Batch 1560/2278: Loss=1.1883, Cls=0.0001, Reg=0.0000, Con=3.9608
2025-09-14 10:22:27,558 - INFO - Batch 1570/2278: Loss=0.0000, Cls=0.0000, Reg=0.0000, Con=0.0000
2025-09-14 10:22:28,435 - INFO - Batch 1580/2278: Loss=1.1882, Cls=0.0000, Reg=0.0000, Con=3.9608
2025-09-14 10:22:29,354 - INFO - Batch 1590/2278: Loss=0.0000, Cls=0.0000, Reg=0.0000, Con=0.0000
2025-09-14 10:22:30,275 - INFO - Batch 1600/2278: Loss=1.2249, Cls=0.0367, Reg=0.0000, Con=3.9608
2025-09-14 10:22:31,160 - INFO - Batch 1610/2278: Loss=0.0000, Cls=0.0000, Reg=0.0000, Con=0.0000
2025-09-14 10:22:32,161 - INFO - Batch 1620/2278: Loss=1.1907, Cls=0.0025, Reg=0.0000, Con=3.9608
2025-09-14 10:22:33,060 - INFO - Batch 1630/2278: Loss=1.1901, Cls=0.0018, Reg=0.0000, Con=3.9610
2025-09-14 10:22:33,947 - INFO - Batch 1640/2278: Loss=0.1520, Cls=0.1520, Reg=0.0000, Con=0.0000
2025-09-14 10:22:34,870 - INFO - Batch 1650/2278: Loss=1.1883, Cls=0.0000, Reg=0.0000, Con=3.9609
2025-09-14 10:22:35,794 - INFO - Batch 1660/2278: Loss=1.1899, Cls=0.0016, Reg=0.0000, Con=3.9613
2025-09-14 10:22:36,690 - INFO - Batch 1670/2278: Loss=1.1950, Cls=0.0068, Reg=0.0000, Con=3.9609
2025-09-14 10:22:37,617 - INFO - Batch 1680/2278: Loss=1.1888, Cls=0.0006, Reg=0.0000, Con=3.9607
2025-09-14 10:22:38,491 - INFO - Batch 1690/2278: Loss=1.2003, Cls=0.0120, Reg=0.0000, Con=3.9610
2025-09-14 10:22:39,379 - INFO - Batch 1700/2278: Loss=1.1891, Cls=0.0009, Reg=0.0000, Con=3.9608
2025-09-14 10:22:40,281 - INFO - Batch 1710/2278: Loss=0.0002, Cls=0.0002, Reg=0.0000, Con=0.0000
2025-09-14 10:22:41,185 - INFO - Batch 1720/2278: Loss=0.0010, Cls=0.0010, Reg=0.0000, Con=0.0000
2025-09-14 10:22:42,065 - INFO - Batch 1730/2278: Loss=1.4761, Cls=0.2879, Reg=0.0000, Con=3.9608
2025-09-14 10:22:42,978 - INFO - Batch 1740/2278: Loss=1.6160, Cls=0.4277, Reg=0.0000, Con=3.9609
2025-09-14 10:22:43,899 - INFO - Batch 1750/2278: Loss=0.0110, Cls=0.0110, Reg=0.0000, Con=0.0000
2025-09-14 10:22:44,805 - INFO - Batch 1760/2278: Loss=1.1884, Cls=0.0000, Reg=0.0000, Con=3.9612
2025-09-14 10:22:45,723 - INFO - Batch 1770/2278: Loss=0.0054, Cls=0.0054, Reg=0.0000, Con=0.0000
2025-09-14 10:22:46,642 - INFO - Batch 1780/2278: Loss=0.0000, Cls=0.0000, Reg=0.0000, Con=0.0000
2025-09-14 10:22:47,563 - INFO - Batch 1790/2278: Loss=0.0039, Cls=0.0039, Reg=0.0000, Con=0.0000
2025-09-14 10:22:48,487 - INFO - Batch 1800/2278: Loss=1.1937, Cls=0.0055, Reg=0.0000, Con=3.9607
2025-09-14 10:22:49,372 - INFO - Batch 1810/2278: Loss=0.0242, Cls=0.0242, Reg=0.0000, Con=0.0000
2025-09-14 10:22:50,284 - INFO - Batch 1820/2278: Loss=0.0297, Cls=0.0297, Reg=0.0000, Con=0.0000
2025-09-14 10:22:51,308 - INFO - Batch 1830/2278: Loss=1.1997, Cls=0.0115, Reg=0.0000, Con=3.9608
2025-09-14 10:22:52,279 - INFO - Batch 1840/2278: Loss=0.0196, Cls=0.0196, Reg=0.0000, Con=0.0000
2025-09-14 10:22:53,200 - INFO - Batch 1850/2278: Loss=1.1883, Cls=0.0000, Reg=0.0000, Con=3.9609
2025-09-14 10:22:54,147 - INFO - Batch 1860/2278: Loss=1.1882, Cls=0.0000, Reg=0.0000, Con=3.9607
2025-09-14 10:22:55,160 - INFO - Batch 1870/2278: Loss=0.0020, Cls=0.0020, Reg=0.0000, Con=0.0000
2025-09-14 10:22:56,151 - INFO - Batch 1880/2278: Loss=1.1896, Cls=0.0014, Reg=0.0000, Con=3.9607
2025-09-14 10:22:57,141 - INFO - Batch 1890/2278: Loss=1.0454, Cls=1.0454, Reg=0.0000, Con=0.0000
2025-09-14 10:22:58,054 - INFO - Batch 1900/2278: Loss=0.0000, Cls=0.0000, Reg=0.0000, Con=0.0000
2025-09-14 10:22:58,924 - INFO - Batch 1910/2278: Loss=1.1884, Cls=0.0001, Reg=0.0000, Con=3.9610
2025-09-14 10:22:59,824 - INFO - Batch 1920/2278: Loss=0.0005, Cls=0.0005, Reg=0.0000, Con=0.0000
2025-09-14 10:23:00,745 - INFO - Batch 1930/2278: Loss=1.1892, Cls=0.0009, Reg=0.0000, Con=3.9611
2025-09-14 10:23:01,632 - INFO - Batch 1940/2278: Loss=1.1883, Cls=0.0001, Reg=0.0000, Con=3.9607
2025-09-14 10:23:02,510 - INFO - Batch 1950/2278: Loss=1.1883, Cls=0.0000, Reg=0.0000, Con=3.9609
2025-09-14 10:23:03,409 - INFO - Batch 1960/2278: Loss=1.1888, Cls=0.0005, Reg=0.0000, Con=3.9610
2025-09-14 10:23:04,300 - INFO - Batch 1970/2278: Loss=0.0001, Cls=0.0001, Reg=0.0000, Con=0.0000
2025-09-14 10:23:05,246 - INFO - Batch 1980/2278: Loss=3.9725, Cls=2.7843, Reg=0.0000, Con=3.9610
2025-09-14 10:23:06,151 - INFO - Batch 1990/2278: Loss=1.1889, Cls=0.0007, Reg=0.0000, Con=3.9608
2025-09-14 10:23:07,036 - INFO - Batch 2000/2278: Loss=1.1901, Cls=0.0018, Reg=0.0000, Con=3.9610
2025-09-14 10:23:07,933 - INFO - Batch 2010/2278: Loss=1.2131, Cls=0.0248, Reg=0.0000, Con=3.9608
2025-09-14 10:23:08,930 - INFO - Batch 2020/2278: Loss=1.1889, Cls=0.0007, Reg=0.0000, Con=3.9608
2025-09-14 10:23:10,000 - INFO - Batch 2030/2278: Loss=1.2099, Cls=0.0217, Reg=0.0000, Con=3.9608
2025-09-14 10:23:10,891 - INFO - Batch 2040/2278: Loss=1.1884, Cls=0.0001, Reg=0.0000, Con=3.9610
2025-09-14 10:23:11,834 - INFO - Batch 2050/2278: Loss=0.0003, Cls=0.0003, Reg=0.0000, Con=0.0000
2025-09-14 10:23:12,715 - INFO - Batch 2060/2278: Loss=1.1927, Cls=0.0044, Reg=0.0000, Con=3.9609
2025-09-14 10:23:13,634 - INFO - Batch 2070/2278: Loss=0.0035, Cls=0.0035, Reg=0.0000, Con=0.0000
2025-09-14 10:23:14,623 - INFO - Batch 2080/2278: Loss=1.1936, Cls=0.0052, Reg=0.0000, Con=3.9613
2025-09-14 10:23:15,674 - INFO - Batch 2090/2278: Loss=1.1894, Cls=0.0012, Reg=0.0000, Con=3.9607
2025-09-14 10:23:16,605 - INFO - Batch 2100/2278: Loss=1.1890, Cls=0.0004, Reg=0.0000, Con=3.9619
2025-09-14 10:23:17,652 - INFO - Batch 2110/2278: Loss=1.1909, Cls=0.0026, Reg=0.0000, Con=3.9609
2025-09-14 10:23:18,574 - INFO - Batch 2120/2278: Loss=0.0014, Cls=0.0014, Reg=0.0000, Con=0.0000
2025-09-14 10:23:19,482 - INFO - Batch 2130/2278: Loss=0.0003, Cls=0.0003, Reg=0.0000, Con=0.0000
2025-09-14 10:23:20,417 - INFO - Batch 2140/2278: Loss=0.0004, Cls=0.0004, Reg=0.0000, Con=0.0000
2025-09-14 10:23:21,321 - INFO - Batch 2150/2278: Loss=1.1886, Cls=0.0004, Reg=0.0000, Con=3.9608
2025-09-14 10:23:22,322 - INFO - Batch 2160/2278: Loss=1.3941, Cls=0.2058, Reg=0.0000, Con=3.9609
2025-09-14 10:23:23,297 - INFO - Batch 2170/2278: Loss=1.1969, Cls=0.0087, Reg=0.0000, Con=3.9608
2025-09-14 10:23:24,272 - INFO - Batch 2180/2278: Loss=1.2892, Cls=1.2892, Reg=0.0000, Con=0.0000
2025-09-14 10:23:25,209 - INFO - Batch 2190/2278: Loss=1.1883, Cls=0.0001, Reg=0.0000, Con=3.9609
2025-09-14 10:23:26,197 - INFO - Batch 2200/2278: Loss=1.1928, Cls=0.0046, Reg=0.0000, Con=3.9608
2025-09-14 10:23:27,154 - INFO - Batch 2210/2278: Loss=6.1423, Cls=6.1423, Reg=0.0000, Con=0.0000
2025-09-14 10:23:28,126 - INFO - Batch 2220/2278: Loss=0.0004, Cls=0.0004, Reg=0.0000, Con=0.0000
2025-09-14 10:23:29,122 - INFO - Batch 2230/2278: Loss=1.1883, Cls=0.0000, Reg=0.0000, Con=3.9609
2025-09-14 10:23:30,055 - INFO - Batch 2240/2278: Loss=1.1898, Cls=0.0013, Reg=0.0000, Con=3.9617
2025-09-14 10:23:31,046 - INFO - Batch 2250/2278: Loss=1.1883, Cls=0.0001, Reg=0.0000, Con=3.9608
2025-09-14 10:23:32,008 - INFO - Batch 2260/2278: Loss=0.0035, Cls=0.0035, Reg=0.0000, Con=0.0000
2025-09-14 10:23:32,988 - INFO - Batch 2270/2278: Loss=0.0071, Cls=0.0071, Reg=0.0000, Con=0.0000
2025-09-14 10:27:03,171 - INFO - === Epoch 3 Results ===
2025-09-14 10:27:03,171 - INFO - Training Loss: 0.9379 (Classification: 0.1628, Regression: 0.0000)
2025-09-14 10:27:03,171 - INFO - Validation Loss: 0.0668 (Classification: 0.0668, Regression: 0.0000)
2025-09-14 10:27:03,171 - INFO - Average Classification Accuracy: 0.9309 (on 1/26 tasks)
2025-09-14 10:27:03,171 - INFO - Average AUC: 0.8337
2025-09-14 10:27:03,171 - INFO - Training finished!
2025-09-14 10:27:03,171 - INFO - Performing final evaluation...
2025-09-14 10:27:03,385 - INFO - Loaded best model from: experiments/r1c3_headft_cls_25_seed_42_20250914_100605/checkpoints/r1c3_headft_cls_25_seed_42_best.pth
2025-09-14 10:30:32,298 - INFO - Final Validation Results:
2025-09-14 10:30:32,299 - INFO -   Total Loss: 0.0653
2025-09-14 10:30:32,299 - INFO -   Classification Loss: 0.0653
2025-09-14 10:30:32,299 - INFO -   Regression Loss: 0.0000
2025-09-14 10:30:32,299 - INFO -   Average Classification Accuracy: 0.9293
2025-09-14 10:30:32,299 - INFO -   Average AUC: 0.8387
2025-09-14 10:30:32,299 - INFO - Results saved to: experiments/r1c3_headft_cls_25_seed_42_20250914_100605/checkpoints/r1c3_headft_cls_25_seed_42_results.json
