2025-09-14 09:17:11,210 - INFO - 🔬 Starting experiment: r1c3_headft_cls_20_seed_42
2025-09-14 09:17:11,210 - INFO - 📁 Experiment directory: experiments/r1c3_headft_cls_20_seed_42_20250914_091711
2025-09-14 09:17:11,210 - INFO - 🎲 Random seed: 42
2025-09-14 09:17:11,210 - INFO - 🔒 Deterministic mode: True
2025-09-14 09:17:11,210 - INFO - Using device: cuda
2025-09-14 09:17:11,210 - INFO - Total GPU Memory: 25.16 GB
2025-09-14 09:17:11,224 - INFO - 🧪 Fusion: Using cross-attention dynamic fusion
2025-09-14 09:17:11,224 - INFO - 🧪 GNN Backbone: Using default GraphAttentionNetwork branch
2025-09-14 09:17:11,224 - INFO - 🎯 Task Mode: Single classification endpoint 20
2025-09-14 09:17:11,224 - INFO - Configuration saved to: experiments/r1c3_headft_cls_20_seed_42_20250914_091711/checkpoints/config.json
2025-09-14 09:17:11,224 - INFO - 🚀 Using preprocessed data from: /mnt/backup2/ai4s/backupunimolpy/responds-work/ToxD4C/data/data/processed
2025-09-14 09:17:11,224 - INFO - Loading LMDB dataset from: /mnt/backup2/ai4s/backupunimolpy/responds-work/ToxD4C/data/data/processed
2025-09-14 09:17:11,628 - INFO - Number of training batches: 2278
2025-09-14 09:17:11,628 - INFO - Number of validation batches: 2278
2025-09-14 09:17:11,628 - INFO - Number of test batches: 2278
2025-09-14 09:17:11,628 - INFO - Creating ToxD4C model...
2025-09-14 09:17:12,582 - INFO - Model created successfully. Total parameters: 100,932,036
2025-09-14 09:17:12,582 - INFO - Testing model forward pass...
2025-09-14 09:17:12,985 - INFO - Test output shapes:
2025-09-14 09:17:12,985 - INFO -   classification: torch.Size([16, 1])
2025-09-14 09:17:12,988 - INFO -   classification contains NaN: False
2025-09-14 09:17:12,988 - INFO -   classification contains Inf: False
2025-09-14 09:17:12,988 - INFO -   regression: torch.Size([16, 0])
2025-09-14 09:17:12,988 - INFO -   regression contains NaN: False
2025-09-14 09:17:12,988 - INFO -   regression contains Inf: False
2025-09-14 09:17:12,988 - INFO - Model forward pass test successful!
2025-09-14 09:17:13,666 - INFO - 🔁 Loaded checkpoint from: /mnt/backup2/ai4s/backupunimolpy/responds-work/ToxD4C/experiments/r1c3_multi_full_seed_42_20250913_152627/checkpoints/r1c3_multi_full_seed_42_best.pth
2025-09-14 09:17:13,667 - INFO - 🧩 Head-only fine-tuning: unfroze head for task 'NR-PPAR-gamma' and froze trunk.
2025-09-14 09:17:13,668 - INFO - Starting training...
2025-09-14 09:17:13,668 - INFO - 
Epoch 1/3
2025-09-14 09:17:13,827 - INFO - Batch 0/2278: Loss=0.0020, Cls=0.0020, Reg=0.0000, Con=0.0000
2025-09-14 09:17:14,693 - INFO - Batch 10/2278: Loss=0.0097, Cls=0.0097, Reg=0.0000, Con=0.0000
2025-09-14 09:17:15,545 - INFO - Batch 20/2278: Loss=1.1883, Cls=0.0000, Reg=0.0000, Con=3.9610
2025-09-14 09:17:16,421 - INFO - Batch 30/2278: Loss=0.0000, Cls=0.0000, Reg=0.0000, Con=0.0000
2025-09-14 09:17:17,362 - INFO - Batch 40/2278: Loss=0.0038, Cls=0.0038, Reg=0.0000, Con=0.0000
2025-09-14 09:17:18,292 - INFO - Batch 50/2278: Loss=1.1898, Cls=0.0015, Reg=0.0000, Con=3.9609
2025-09-14 09:17:19,188 - INFO - Batch 60/2278: Loss=1.1900, Cls=0.0017, Reg=0.0000, Con=3.9609
2025-09-14 09:17:20,083 - INFO - Batch 70/2278: Loss=1.1882, Cls=0.0000, Reg=0.0000, Con=3.9608
2025-09-14 09:17:20,934 - INFO - Batch 80/2278: Loss=0.0003, Cls=0.0003, Reg=0.0000, Con=0.0000
2025-09-14 09:17:21,847 - INFO - Batch 90/2278: Loss=0.0125, Cls=0.0125, Reg=0.0000, Con=0.0000
2025-09-14 09:17:22,740 - INFO - Batch 100/2278: Loss=0.0057, Cls=0.0057, Reg=0.0000, Con=0.0000
2025-09-14 09:17:23,654 - INFO - Batch 110/2278: Loss=1.4030, Cls=1.4030, Reg=0.0000, Con=0.0000
2025-09-14 09:17:24,554 - INFO - Batch 120/2278: Loss=1.1885, Cls=0.0002, Reg=0.0000, Con=3.9609
2025-09-14 09:17:25,446 - INFO - Batch 130/2278: Loss=1.1890, Cls=0.0008, Reg=0.0000, Con=3.9609
2025-09-14 09:17:26,330 - INFO - Batch 140/2278: Loss=1.1908, Cls=0.0024, Reg=0.0000, Con=3.9615
2025-09-14 09:17:27,231 - INFO - Batch 150/2278: Loss=1.9297, Cls=0.7413, Reg=0.0000, Con=3.9613
2025-09-14 09:17:28,121 - INFO - Batch 160/2278: Loss=1.1887, Cls=0.0004, Reg=0.0000, Con=3.9611
2025-09-14 09:17:28,995 - INFO - Batch 170/2278: Loss=1.2059, Cls=0.0175, Reg=0.0000, Con=3.9611
2025-09-14 09:17:29,919 - INFO - Batch 180/2278: Loss=1.1899, Cls=0.0016, Reg=0.0000, Con=3.9610
2025-09-14 09:17:30,804 - INFO - Batch 190/2278: Loss=1.5085, Cls=0.3203, Reg=0.0000, Con=3.9608
2025-09-14 09:17:31,685 - INFO - Batch 200/2278: Loss=0.0013, Cls=0.0013, Reg=0.0000, Con=0.0000
2025-09-14 09:17:32,590 - INFO - Batch 210/2278: Loss=0.0000, Cls=0.0000, Reg=0.0000, Con=0.0000
2025-09-14 09:17:33,490 - INFO - Batch 220/2278: Loss=0.0001, Cls=0.0001, Reg=0.0000, Con=0.0000
2025-09-14 09:17:34,406 - INFO - Batch 230/2278: Loss=1.1883, Cls=0.0000, Reg=0.0000, Con=3.9610
2025-09-14 09:17:35,286 - INFO - Batch 240/2278: Loss=1.1882, Cls=0.0000, Reg=0.0000, Con=3.9608
2025-09-14 09:17:36,176 - INFO - Batch 250/2278: Loss=0.0004, Cls=0.0004, Reg=0.0000, Con=0.0000
2025-09-14 09:17:37,060 - INFO - Batch 260/2278: Loss=0.0054, Cls=0.0054, Reg=0.0000, Con=0.0000
2025-09-14 09:17:37,967 - INFO - Batch 270/2278: Loss=0.0000, Cls=0.0000, Reg=0.0000, Con=0.0000
2025-09-14 09:17:38,847 - INFO - Batch 280/2278: Loss=1.1884, Cls=0.0001, Reg=0.0000, Con=3.9611
2025-09-14 09:17:39,714 - INFO - Batch 290/2278: Loss=0.0005, Cls=0.0005, Reg=0.0000, Con=0.0000
2025-09-14 09:17:40,591 - INFO - Batch 300/2278: Loss=1.1884, Cls=0.0001, Reg=0.0000, Con=3.9609
2025-09-14 09:17:41,497 - INFO - Batch 310/2278: Loss=1.1884, Cls=0.0000, Reg=0.0000, Con=3.9612
2025-09-14 09:17:42,371 - INFO - Batch 320/2278: Loss=1.3820, Cls=1.3820, Reg=0.0000, Con=0.0000
2025-09-14 09:17:43,279 - INFO - Batch 330/2278: Loss=1.2080, Cls=0.0197, Reg=0.0000, Con=3.9609
2025-09-14 09:17:44,160 - INFO - Batch 340/2278: Loss=1.2160, Cls=0.0276, Reg=0.0000, Con=3.9610
2025-09-14 09:17:45,111 - INFO - Batch 350/2278: Loss=1.1883, Cls=0.0000, Reg=0.0000, Con=3.9611
2025-09-14 09:17:46,002 - INFO - Batch 360/2278: Loss=1.1882, Cls=0.0000, Reg=0.0000, Con=3.9607
2025-09-14 09:17:46,903 - INFO - Batch 370/2278: Loss=1.1884, Cls=0.0001, Reg=0.0000, Con=3.9609
2025-09-14 09:17:47,793 - INFO - Batch 380/2278: Loss=1.1883, Cls=0.0001, Reg=0.0000, Con=3.9607
2025-09-14 09:17:48,702 - INFO - Batch 390/2278: Loss=1.1882, Cls=0.0000, Reg=0.0000, Con=3.9607
2025-09-14 09:17:49,614 - INFO - Batch 400/2278: Loss=0.0039, Cls=0.0039, Reg=0.0000, Con=0.0000
2025-09-14 09:17:50,501 - INFO - Batch 410/2278: Loss=0.0007, Cls=0.0007, Reg=0.0000, Con=0.0000
2025-09-14 09:17:51,393 - INFO - Batch 420/2278: Loss=0.0239, Cls=0.0239, Reg=0.0000, Con=0.0000
2025-09-14 09:17:52,300 - INFO - Batch 430/2278: Loss=1.1884, Cls=0.0001, Reg=0.0000, Con=3.9607
2025-09-14 09:17:53,182 - INFO - Batch 440/2278: Loss=1.1884, Cls=0.0002, Reg=0.0000, Con=3.9608
2025-09-14 09:17:54,056 - INFO - Batch 450/2278: Loss=1.1900, Cls=0.0018, Reg=0.0000, Con=3.9607
2025-09-14 09:17:54,926 - INFO - Batch 460/2278: Loss=1.1949, Cls=0.0067, Reg=0.0000, Con=3.9607
2025-09-14 09:17:55,840 - INFO - Batch 470/2278: Loss=1.1885, Cls=0.0002, Reg=0.0000, Con=3.9611
2025-09-14 09:17:56,757 - INFO - Batch 480/2278: Loss=1.1890, Cls=0.0008, Reg=0.0000, Con=3.9607
2025-09-14 09:17:57,663 - INFO - Batch 490/2278: Loss=0.0000, Cls=0.0000, Reg=0.0000, Con=0.0000
2025-09-14 09:17:58,547 - INFO - Batch 500/2278: Loss=0.0000, Cls=0.0000, Reg=0.0000, Con=0.0000
2025-09-14 09:17:59,435 - INFO - Batch 510/2278: Loss=1.1883, Cls=0.0000, Reg=0.0000, Con=3.9609
2025-09-14 09:18:00,313 - INFO - Batch 520/2278: Loss=1.1883, Cls=0.0000, Reg=0.0000, Con=3.9608
2025-09-14 09:18:01,204 - INFO - Batch 530/2278: Loss=6.9844, Cls=5.7962, Reg=0.0000, Con=3.9608
2025-09-14 09:18:02,118 - INFO - Batch 540/2278: Loss=1.2024, Cls=0.0141, Reg=0.0000, Con=3.9610
2025-09-14 09:18:03,006 - INFO - Batch 550/2278: Loss=1.1882, Cls=0.0000, Reg=0.0000, Con=3.9607
2025-09-14 09:18:03,869 - INFO - Batch 560/2278: Loss=1.1883, Cls=0.0000, Reg=0.0000, Con=3.9609
2025-09-14 09:18:04,810 - INFO - Batch 570/2278: Loss=1.1964, Cls=0.0081, Reg=0.0000, Con=3.9608
2025-09-14 09:18:05,708 - INFO - Batch 580/2278: Loss=0.0041, Cls=0.0041, Reg=0.0000, Con=0.0000
2025-09-14 09:18:06,581 - INFO - Batch 590/2278: Loss=0.0111, Cls=0.0111, Reg=0.0000, Con=0.0000
2025-09-14 09:18:07,536 - INFO - Batch 600/2278: Loss=1.1883, Cls=0.0001, Reg=0.0000, Con=3.9609
2025-09-14 09:18:08,452 - INFO - Batch 610/2278: Loss=1.1883, Cls=0.0001, Reg=0.0000, Con=3.9609
2025-09-14 09:18:09,339 - INFO - Batch 620/2278: Loss=1.1885, Cls=0.0003, Reg=0.0000, Con=3.9608
2025-09-14 09:18:10,246 - INFO - Batch 630/2278: Loss=0.0005, Cls=0.0005, Reg=0.0000, Con=0.0000
2025-09-14 09:18:11,172 - INFO - Batch 640/2278: Loss=1.1899, Cls=0.0017, Reg=0.0000, Con=3.9608
2025-09-14 09:18:12,065 - INFO - Batch 650/2278: Loss=1.1884, Cls=0.0000, Reg=0.0000, Con=3.9613
2025-09-14 09:18:12,929 - INFO - Batch 660/2278: Loss=1.1882, Cls=0.0000, Reg=0.0000, Con=3.9608
2025-09-14 09:18:13,811 - INFO - Batch 670/2278: Loss=1.1883, Cls=0.0000, Reg=0.0000, Con=3.9608
2025-09-14 09:18:14,694 - INFO - Batch 680/2278: Loss=1.1882, Cls=0.0000, Reg=0.0000, Con=3.9608
2025-09-14 09:18:15,576 - INFO - Batch 690/2278: Loss=0.0001, Cls=0.0001, Reg=0.0000, Con=0.0000
2025-09-14 09:18:16,472 - INFO - Batch 700/2278: Loss=0.0001, Cls=0.0001, Reg=0.0000, Con=0.0000
2025-09-14 09:18:17,388 - INFO - Batch 710/2278: Loss=1.1882, Cls=0.0000, Reg=0.0000, Con=3.9607
2025-09-14 09:18:18,266 - INFO - Batch 720/2278: Loss=1.1883, Cls=0.0000, Reg=0.0000, Con=3.9609
2025-09-14 09:18:19,235 - INFO - Batch 730/2278: Loss=1.1884, Cls=0.0000, Reg=0.0000, Con=3.9613
2025-09-14 09:18:20,115 - INFO - Batch 740/2278: Loss=1.1885, Cls=0.0001, Reg=0.0000, Con=3.9610
2025-09-14 09:18:21,006 - INFO - Batch 750/2278: Loss=1.1883, Cls=0.0001, Reg=0.0000, Con=3.9609
2025-09-14 09:18:21,906 - INFO - Batch 760/2278: Loss=1.1883, Cls=0.0001, Reg=0.0000, Con=3.9608
2025-09-14 09:18:22,787 - INFO - Batch 770/2278: Loss=1.1889, Cls=0.0007, Reg=0.0000, Con=3.9610
2025-09-14 09:18:23,691 - INFO - Batch 780/2278: Loss=1.1895, Cls=0.0012, Reg=0.0000, Con=3.9608
2025-09-14 09:18:24,574 - INFO - Batch 790/2278: Loss=0.3308, Cls=0.3308, Reg=0.0000, Con=0.0000
2025-09-14 09:18:25,453 - INFO - Batch 800/2278: Loss=1.1903, Cls=0.0019, Reg=0.0000, Con=3.9612
2025-09-14 09:18:26,321 - INFO - Batch 810/2278: Loss=1.1892, Cls=0.0008, Reg=0.0000, Con=3.9612
2025-09-14 09:18:27,222 - INFO - Batch 820/2278: Loss=1.1883, Cls=0.0000, Reg=0.0000, Con=3.9609
2025-09-14 09:18:28,126 - INFO - Batch 830/2278: Loss=1.2022, Cls=0.0139, Reg=0.0000, Con=3.9609
2025-09-14 09:18:29,008 - INFO - Batch 840/2278: Loss=1.1938, Cls=0.0056, Reg=0.0000, Con=3.9608
2025-09-14 09:18:29,901 - INFO - Batch 850/2278: Loss=0.0026, Cls=0.0026, Reg=0.0000, Con=0.0000
2025-09-14 09:18:30,763 - INFO - Batch 860/2278: Loss=1.1905, Cls=0.0023, Reg=0.0000, Con=3.9607
2025-09-14 09:18:31,668 - INFO - Batch 870/2278: Loss=0.0018, Cls=0.0018, Reg=0.0000, Con=0.0000
2025-09-14 09:18:32,576 - INFO - Batch 880/2278: Loss=0.0039, Cls=0.0039, Reg=0.0000, Con=0.0000
2025-09-14 09:18:33,433 - INFO - Batch 890/2278: Loss=0.0009, Cls=0.0009, Reg=0.0000, Con=0.0000
2025-09-14 09:18:34,325 - INFO - Batch 900/2278: Loss=1.1896, Cls=0.0014, Reg=0.0000, Con=3.9609
2025-09-14 09:18:35,238 - INFO - Batch 910/2278: Loss=1.1992, Cls=0.0109, Reg=0.0000, Con=3.9609
2025-09-14 09:18:36,117 - INFO - Batch 920/2278: Loss=1.1889, Cls=0.0006, Reg=0.0000, Con=3.9610
2025-09-14 09:18:37,015 - INFO - Batch 930/2278: Loss=1.1927, Cls=0.0045, Reg=0.0000, Con=3.9608
2025-09-14 09:18:37,903 - INFO - Batch 940/2278: Loss=1.1975, Cls=0.0093, Reg=0.0000, Con=3.9609
2025-09-14 09:18:38,796 - INFO - Batch 950/2278: Loss=1.1883, Cls=0.0000, Reg=0.0000, Con=3.9611
2025-09-14 09:18:39,664 - INFO - Batch 960/2278: Loss=1.1933, Cls=0.0050, Reg=0.0000, Con=3.9609
2025-09-14 09:18:40,564 - INFO - Batch 970/2278: Loss=1.1925, Cls=0.0041, Reg=0.0000, Con=3.9612
2025-09-14 09:18:41,438 - INFO - Batch 980/2278: Loss=0.0024, Cls=0.0024, Reg=0.0000, Con=0.0000
2025-09-14 09:18:42,312 - INFO - Batch 990/2278: Loss=0.0000, Cls=0.0000, Reg=0.0000, Con=0.0000
2025-09-14 09:18:43,196 - INFO - Batch 1000/2278: Loss=1.3307, Cls=0.1424, Reg=0.0000, Con=3.9609
2025-09-14 09:18:44,096 - INFO - Batch 1010/2278: Loss=1.1883, Cls=0.0000, Reg=0.0000, Con=3.9608
2025-09-14 09:18:44,990 - INFO - Batch 1020/2278: Loss=0.0031, Cls=0.0031, Reg=0.0000, Con=0.0000
2025-09-14 09:18:45,873 - INFO - Batch 1030/2278: Loss=1.1884, Cls=0.0001, Reg=0.0000, Con=3.9610
2025-09-14 09:18:46,760 - INFO - Batch 1040/2278: Loss=1.1891, Cls=0.0009, Reg=0.0000, Con=3.9607
2025-09-14 09:18:47,631 - INFO - Batch 1050/2278: Loss=1.1884, Cls=0.0001, Reg=0.0000, Con=3.9609
2025-09-14 09:18:48,506 - INFO - Batch 1060/2278: Loss=1.1885, Cls=0.0002, Reg=0.0000, Con=3.9608
2025-09-14 09:18:49,390 - INFO - Batch 1070/2278: Loss=1.1883, Cls=0.0001, Reg=0.0000, Con=3.9608
2025-09-14 09:18:50,262 - INFO - Batch 1080/2278: Loss=0.0030, Cls=0.0030, Reg=0.0000, Con=0.0000
2025-09-14 09:18:51,213 - INFO - Batch 1090/2278: Loss=1.1884, Cls=0.0002, Reg=0.0000, Con=3.9609
2025-09-14 09:18:52,208 - INFO - Batch 1100/2278: Loss=0.0718, Cls=0.0718, Reg=0.0000, Con=0.0000
2025-09-14 09:18:53,104 - INFO - Batch 1110/2278: Loss=1.1884, Cls=0.0001, Reg=0.0000, Con=3.9608
2025-09-14 09:18:53,980 - INFO - Batch 1120/2278: Loss=0.0036, Cls=0.0036, Reg=0.0000, Con=0.0000
2025-09-14 09:18:54,876 - INFO - Batch 1130/2278: Loss=1.1887, Cls=0.0004, Reg=0.0000, Con=3.9608
2025-09-14 09:18:55,781 - INFO - Batch 1140/2278: Loss=1.1883, Cls=0.0001, Reg=0.0000, Con=3.9608
2025-09-14 09:18:56,665 - INFO - Batch 1150/2278: Loss=1.1884, Cls=0.0001, Reg=0.0000, Con=3.9611
2025-09-14 09:18:57,559 - INFO - Batch 1160/2278: Loss=2.0879, Cls=0.8996, Reg=0.0000, Con=3.9609
2025-09-14 09:18:58,470 - INFO - Batch 1170/2278: Loss=0.0041, Cls=0.0041, Reg=0.0000, Con=0.0000
2025-09-14 09:18:59,364 - INFO - Batch 1180/2278: Loss=1.1935, Cls=0.0053, Reg=0.0000, Con=3.9609
2025-09-14 09:19:00,256 - INFO - Batch 1190/2278: Loss=1.1886, Cls=0.0003, Reg=0.0000, Con=3.9609
2025-09-14 09:19:01,156 - INFO - Batch 1200/2278: Loss=0.0005, Cls=0.0005, Reg=0.0000, Con=0.0000
2025-09-14 09:19:02,052 - INFO - Batch 1210/2278: Loss=1.1905, Cls=0.0022, Reg=0.0000, Con=3.9610
2025-09-14 09:19:02,948 - INFO - Batch 1220/2278: Loss=0.0117, Cls=0.0117, Reg=0.0000, Con=0.0000
2025-09-14 09:19:03,835 - INFO - Batch 1230/2278: Loss=1.1883, Cls=0.0000, Reg=0.0000, Con=3.9609
2025-09-14 09:19:04,748 - INFO - Batch 1240/2278: Loss=1.1883, Cls=0.0000, Reg=0.0000, Con=3.9609
2025-09-14 09:19:05,636 - INFO - Batch 1250/2278: Loss=0.0000, Cls=0.0000, Reg=0.0000, Con=0.0000
2025-09-14 09:19:06,520 - INFO - Batch 1260/2278: Loss=1.1883, Cls=0.0000, Reg=0.0000, Con=3.9608
2025-09-14 09:19:07,411 - INFO - Batch 1270/2278: Loss=1.1883, Cls=0.0000, Reg=0.0000, Con=3.9609
2025-09-14 09:19:08,285 - INFO - Batch 1280/2278: Loss=0.0002, Cls=0.0002, Reg=0.0000, Con=0.0000
2025-09-14 09:19:09,190 - INFO - Batch 1290/2278: Loss=0.0007, Cls=0.0007, Reg=0.0000, Con=0.0000
2025-09-14 09:19:10,094 - INFO - Batch 1300/2278: Loss=1.1883, Cls=0.0000, Reg=0.0000, Con=3.9610
2025-09-14 09:19:10,992 - INFO - Batch 1310/2278: Loss=3.0075, Cls=1.8191, Reg=0.0000, Con=3.9611
2025-09-14 09:19:11,892 - INFO - Batch 1320/2278: Loss=0.0000, Cls=0.0000, Reg=0.0000, Con=0.0000
2025-09-14 09:19:12,767 - INFO - Batch 1330/2278: Loss=1.1885, Cls=0.0001, Reg=0.0000, Con=3.9613
2025-09-14 09:19:13,648 - INFO - Batch 1340/2278: Loss=1.1882, Cls=0.0000, Reg=0.0000, Con=3.9608
2025-09-14 09:19:14,541 - INFO - Batch 1350/2278: Loss=0.0028, Cls=0.0028, Reg=0.0000, Con=0.0000
2025-09-14 09:19:15,438 - INFO - Batch 1360/2278: Loss=1.1998, Cls=0.0115, Reg=0.0000, Con=3.9610
2025-09-14 09:19:16,347 - INFO - Batch 1370/2278: Loss=1.1882, Cls=0.0000, Reg=0.0000, Con=3.9608
2025-09-14 09:19:17,365 - INFO - Batch 1380/2278: Loss=1.1882, Cls=0.0000, Reg=0.0000, Con=3.9608
2025-09-14 09:19:18,244 - INFO - Batch 1390/2278: Loss=1.1883, Cls=0.0001, Reg=0.0000, Con=3.9608
2025-09-14 09:19:19,145 - INFO - Batch 1400/2278: Loss=1.1883, Cls=0.0000, Reg=0.0000, Con=3.9609
2025-09-14 09:19:20,075 - INFO - Batch 1410/2278: Loss=1.1926, Cls=0.0043, Reg=0.0000, Con=3.9612
2025-09-14 09:19:21,019 - INFO - Batch 1420/2278: Loss=0.0247, Cls=0.0247, Reg=0.0000, Con=0.0000
2025-09-14 09:19:21,896 - INFO - Batch 1430/2278: Loss=1.1890, Cls=0.0008, Reg=0.0000, Con=3.9609
2025-09-14 09:19:22,798 - INFO - Batch 1440/2278: Loss=1.1883, Cls=0.0000, Reg=0.0000, Con=3.9609
2025-09-14 09:19:23,747 - INFO - Batch 1450/2278: Loss=1.1893, Cls=0.0011, Reg=0.0000, Con=3.9608
2025-09-14 09:19:24,678 - INFO - Batch 1460/2278: Loss=0.0004, Cls=0.0004, Reg=0.0000, Con=0.0000
2025-09-14 09:19:25,560 - INFO - Batch 1470/2278: Loss=1.1884, Cls=0.0001, Reg=0.0000, Con=3.9609
2025-09-14 09:19:26,457 - INFO - Batch 1480/2278: Loss=1.1886, Cls=0.0004, Reg=0.0000, Con=3.9607
2025-09-14 09:19:27,374 - INFO - Batch 1490/2278: Loss=1.1898, Cls=0.0015, Reg=0.0000, Con=3.9609
2025-09-14 09:19:28,287 - INFO - Batch 1500/2278: Loss=1.1883, Cls=0.0000, Reg=0.0000, Con=3.9609
2025-09-14 09:19:29,211 - INFO - Batch 1510/2278: Loss=0.0000, Cls=0.0000, Reg=0.0000, Con=0.0000
2025-09-14 09:19:30,115 - INFO - Batch 1520/2278: Loss=1.1889, Cls=0.0006, Reg=0.0000, Con=3.9608
2025-09-14 09:19:30,996 - INFO - Batch 1530/2278: Loss=1.1883, Cls=0.0001, Reg=0.0000, Con=3.9608
2025-09-14 09:19:31,885 - INFO - Batch 1540/2278: Loss=1.1892, Cls=0.0009, Reg=0.0000, Con=3.9609
2025-09-14 09:19:32,789 - INFO - Batch 1550/2278: Loss=1.1883, Cls=0.0000, Reg=0.0000, Con=3.9610
2025-09-14 09:19:33,691 - INFO - Batch 1560/2278: Loss=1.2786, Cls=0.0904, Reg=0.0000, Con=3.9609
2025-09-14 09:19:34,617 - INFO - Batch 1570/2278: Loss=1.1927, Cls=0.0045, Reg=0.0000, Con=3.9608
2025-09-14 09:19:35,554 - INFO - Batch 1580/2278: Loss=1.1894, Cls=0.0012, Reg=0.0000, Con=3.9608
2025-09-14 09:19:36,448 - INFO - Batch 1590/2278: Loss=1.1883, Cls=0.0000, Reg=0.0000, Con=3.9609
2025-09-14 09:19:37,339 - INFO - Batch 1600/2278: Loss=1.1883, Cls=0.0000, Reg=0.0000, Con=3.9608
2025-09-14 09:19:38,239 - INFO - Batch 1610/2278: Loss=0.0217, Cls=0.0217, Reg=0.0000, Con=0.0000
2025-09-14 09:19:39,169 - INFO - Batch 1620/2278: Loss=0.0000, Cls=0.0000, Reg=0.0000, Con=0.0000
2025-09-14 09:19:40,083 - INFO - Batch 1630/2278: Loss=1.1882, Cls=0.0000, Reg=0.0000, Con=3.9608
2025-09-14 09:19:40,983 - INFO - Batch 1640/2278: Loss=0.0008, Cls=0.0008, Reg=0.0000, Con=0.0000
2025-09-14 09:19:41,882 - INFO - Batch 1650/2278: Loss=0.0001, Cls=0.0001, Reg=0.0000, Con=0.0000
2025-09-14 09:19:42,800 - INFO - Batch 1660/2278: Loss=1.2996, Cls=1.2996, Reg=0.0000, Con=0.0000
2025-09-14 09:19:43,668 - INFO - Batch 1670/2278: Loss=1.1884, Cls=0.0000, Reg=0.0000, Con=3.9612
2025-09-14 09:19:44,565 - INFO - Batch 1680/2278: Loss=0.0009, Cls=0.0009, Reg=0.0000, Con=0.0000
2025-09-14 09:19:45,457 - INFO - Batch 1690/2278: Loss=1.1891, Cls=0.0008, Reg=0.0000, Con=3.9612
2025-09-14 09:19:46,334 - INFO - Batch 1700/2278: Loss=1.1884, Cls=0.0000, Reg=0.0000, Con=3.9612
2025-09-14 09:19:47,222 - INFO - Batch 1710/2278: Loss=0.0001, Cls=0.0001, Reg=0.0000, Con=0.0000
2025-09-14 09:19:48,136 - INFO - Batch 1720/2278: Loss=1.1883, Cls=0.0001, Reg=0.0000, Con=3.9608
2025-09-14 09:19:49,029 - INFO - Batch 1730/2278: Loss=0.0006, Cls=0.0006, Reg=0.0000, Con=0.0000
2025-09-14 09:19:49,936 - INFO - Batch 1740/2278: Loss=0.0000, Cls=0.0000, Reg=0.0000, Con=0.0000
2025-09-14 09:19:50,838 - INFO - Batch 1750/2278: Loss=1.1883, Cls=0.0000, Reg=0.0000, Con=3.9609
2025-09-14 09:19:51,727 - INFO - Batch 1760/2278: Loss=1.1884, Cls=0.0001, Reg=0.0000, Con=3.9609
2025-09-14 09:19:52,643 - INFO - Batch 1770/2278: Loss=1.1882, Cls=0.0000, Reg=0.0000, Con=3.9608
2025-09-14 09:19:53,543 - INFO - Batch 1780/2278: Loss=5.3230, Cls=4.1347, Reg=0.0000, Con=3.9608
2025-09-14 09:19:54,410 - INFO - Batch 1790/2278: Loss=0.0000, Cls=0.0000, Reg=0.0000, Con=0.0000
2025-09-14 09:19:55,312 - INFO - Batch 1800/2278: Loss=0.0012, Cls=0.0012, Reg=0.0000, Con=0.0000
2025-09-14 09:19:56,209 - INFO - Batch 1810/2278: Loss=0.0018, Cls=0.0018, Reg=0.0000, Con=0.0000
2025-09-14 09:19:57,107 - INFO - Batch 1820/2278: Loss=1.1883, Cls=0.0000, Reg=0.0000, Con=3.9611
2025-09-14 09:19:57,988 - INFO - Batch 1830/2278: Loss=0.0007, Cls=0.0007, Reg=0.0000, Con=0.0000
2025-09-14 09:19:58,868 - INFO - Batch 1840/2278: Loss=0.5977, Cls=0.5977, Reg=0.0000, Con=0.0000
2025-09-14 09:19:59,816 - INFO - Batch 1850/2278: Loss=1.1886, Cls=0.0004, Reg=0.0000, Con=3.9608
2025-09-14 09:20:00,712 - INFO - Batch 1860/2278: Loss=0.0017, Cls=0.0017, Reg=0.0000, Con=0.0000
2025-09-14 09:20:01,597 - INFO - Batch 1870/2278: Loss=1.1887, Cls=0.0004, Reg=0.0000, Con=3.9608
2025-09-14 09:20:02,481 - INFO - Batch 1880/2278: Loss=0.0000, Cls=0.0000, Reg=0.0000, Con=0.0000
2025-09-14 09:20:03,385 - INFO - Batch 1890/2278: Loss=1.1887, Cls=0.0004, Reg=0.0000, Con=3.9609
2025-09-14 09:20:04,278 - INFO - Batch 1900/2278: Loss=0.0180, Cls=0.0180, Reg=0.0000, Con=0.0000
2025-09-14 09:20:05,159 - INFO - Batch 1910/2278: Loss=0.0001, Cls=0.0001, Reg=0.0000, Con=0.0000
2025-09-14 09:20:06,101 - INFO - Batch 1920/2278: Loss=1.1985, Cls=0.0103, Reg=0.0000, Con=3.9607
2025-09-14 09:20:06,988 - INFO - Batch 1930/2278: Loss=1.1908, Cls=0.0026, Reg=0.0000, Con=3.9607
2025-09-14 09:20:07,893 - INFO - Batch 1940/2278: Loss=1.1883, Cls=0.0001, Reg=0.0000, Con=3.9608
2025-09-14 09:20:08,762 - INFO - Batch 1950/2278: Loss=1.1884, Cls=0.0002, Reg=0.0000, Con=3.9608
2025-09-14 09:20:09,665 - INFO - Batch 1960/2278: Loss=1.1901, Cls=0.0018, Reg=0.0000, Con=3.9609
2025-09-14 09:20:10,540 - INFO - Batch 1970/2278: Loss=1.1883, Cls=0.0000, Reg=0.0000, Con=3.9611
2025-09-14 09:20:11,433 - INFO - Batch 1980/2278: Loss=1.1892, Cls=0.0010, Reg=0.0000, Con=3.9608
2025-09-14 09:20:12,320 - INFO - Batch 1990/2278: Loss=1.1889, Cls=0.0005, Reg=0.0000, Con=3.9615
2025-09-14 09:20:13,210 - INFO - Batch 2000/2278: Loss=0.0087, Cls=0.0087, Reg=0.0000, Con=0.0000
2025-09-14 09:20:14,113 - INFO - Batch 2010/2278: Loss=1.1888, Cls=0.0005, Reg=0.0000, Con=3.9608
2025-09-14 09:20:14,993 - INFO - Batch 2020/2278: Loss=1.1915, Cls=0.0033, Reg=0.0000, Con=3.9608
2025-09-14 09:20:15,889 - INFO - Batch 2030/2278: Loss=1.1882, Cls=0.0000, Reg=0.0000, Con=3.9607
2025-09-14 09:20:16,793 - INFO - Batch 2040/2278: Loss=1.1892, Cls=0.0009, Reg=0.0000, Con=3.9609
2025-09-14 09:20:17,698 - INFO - Batch 2050/2278: Loss=1.1893, Cls=0.0011, Reg=0.0000, Con=3.9608
2025-09-14 09:20:18,574 - INFO - Batch 2060/2278: Loss=0.0027, Cls=0.0027, Reg=0.0000, Con=0.0000
2025-09-14 09:20:19,449 - INFO - Batch 2070/2278: Loss=1.1883, Cls=0.0000, Reg=0.0000, Con=3.9611
2025-09-14 09:20:20,334 - INFO - Batch 2080/2278: Loss=1.1896, Cls=0.0014, Reg=0.0000, Con=3.9610
2025-09-14 09:20:21,223 - INFO - Batch 2090/2278: Loss=1.1884, Cls=0.0001, Reg=0.0000, Con=3.9612
2025-09-14 09:20:22,107 - INFO - Batch 2100/2278: Loss=1.1883, Cls=0.0000, Reg=0.0000, Con=3.9611
2025-09-14 09:20:23,002 - INFO - Batch 2110/2278: Loss=1.1894, Cls=0.0011, Reg=0.0000, Con=3.9609
2025-09-14 09:20:23,903 - INFO - Batch 2120/2278: Loss=0.0003, Cls=0.0003, Reg=0.0000, Con=0.0000
2025-09-14 09:20:24,819 - INFO - Batch 2130/2278: Loss=1.1883, Cls=0.0001, Reg=0.0000, Con=3.9606
2025-09-14 09:20:25,716 - INFO - Batch 2140/2278: Loss=1.1886, Cls=0.0003, Reg=0.0000, Con=3.9608
2025-09-14 09:20:26,613 - INFO - Batch 2150/2278: Loss=2.4454, Cls=1.2572, Reg=0.0000, Con=3.9607
2025-09-14 09:20:27,489 - INFO - Batch 2160/2278: Loss=1.1954, Cls=0.0071, Reg=0.0000, Con=3.9608
2025-09-14 09:20:28,372 - INFO - Batch 2170/2278: Loss=1.1887, Cls=0.0004, Reg=0.0000, Con=3.9609
2025-09-14 09:20:29,262 - INFO - Batch 2180/2278: Loss=0.3016, Cls=0.3016, Reg=0.0000, Con=0.0000
2025-09-14 09:20:30,169 - INFO - Batch 2190/2278: Loss=0.0002, Cls=0.0002, Reg=0.0000, Con=0.0000
2025-09-14 09:20:31,111 - INFO - Batch 2200/2278: Loss=1.3502, Cls=0.1620, Reg=0.0000, Con=3.9605
2025-09-14 09:20:32,038 - INFO - Batch 2210/2278: Loss=1.1883, Cls=0.0000, Reg=0.0000, Con=3.9609
2025-09-14 09:20:32,916 - INFO - Batch 2220/2278: Loss=1.2104, Cls=0.0221, Reg=0.0000, Con=3.9610
2025-09-14 09:20:33,792 - INFO - Batch 2230/2278: Loss=0.0003, Cls=0.0003, Reg=0.0000, Con=0.0000
2025-09-14 09:20:34,707 - INFO - Batch 2240/2278: Loss=0.0117, Cls=0.0117, Reg=0.0000, Con=0.0000
2025-09-14 09:20:35,595 - INFO - Batch 2250/2278: Loss=1.1883, Cls=0.0000, Reg=0.0000, Con=3.9609
2025-09-14 09:20:36,521 - INFO - Batch 2260/2278: Loss=1.1883, Cls=0.0001, Reg=0.0000, Con=3.9608
2025-09-14 09:20:37,417 - INFO - Batch 2270/2278: Loss=0.0000, Cls=0.0000, Reg=0.0000, Con=0.0000
2025-09-14 09:24:07,724 - INFO - === Epoch 1 Results ===
2025-09-14 09:24:07,724 - INFO - Training Loss: 0.8541 (Classification: 0.0894, Regression: 0.0000)
2025-09-14 09:24:07,724 - INFO - Validation Loss: 0.0491 (Classification: 0.0491, Regression: 0.0000)
2025-09-14 09:24:07,724 - INFO - Average Classification Accuracy: 0.9671 (on 1/26 tasks)
2025-09-14 09:24:07,725 - INFO - Average AUC: 0.8339
2025-09-14 09:24:08,256 - INFO - Best model saved to: experiments/r1c3_headft_cls_20_seed_42_20250914_091711/checkpoints/r1c3_headft_cls_20_seed_42_best.pth
2025-09-14 09:24:08,256 - INFO - 
Epoch 2/3
2025-09-14 09:24:08,355 - INFO - Batch 0/2278: Loss=0.0000, Cls=0.0000, Reg=0.0000, Con=0.0000
2025-09-14 09:24:09,286 - INFO - Batch 10/2278: Loss=1.1881, Cls=0.0000, Reg=0.0000, Con=3.9604
2025-09-14 09:24:10,242 - INFO - Batch 20/2278: Loss=1.1888, Cls=0.0004, Reg=0.0000, Con=3.9610
2025-09-14 09:24:11,236 - INFO - Batch 30/2278: Loss=1.1883, Cls=0.0001, Reg=0.0000, Con=3.9608
2025-09-14 09:24:12,119 - INFO - Batch 40/2278: Loss=1.1883, Cls=0.0001, Reg=0.0000, Con=3.9608
2025-09-14 09:24:13,058 - INFO - Batch 50/2278: Loss=0.1979, Cls=0.1979, Reg=0.0000, Con=0.0000
2025-09-14 09:24:13,961 - INFO - Batch 60/2278: Loss=0.0001, Cls=0.0001, Reg=0.0000, Con=0.0000
2025-09-14 09:24:14,875 - INFO - Batch 70/2278: Loss=1.1882, Cls=0.0000, Reg=0.0000, Con=3.9607
2025-09-14 09:24:15,777 - INFO - Batch 80/2278: Loss=1.1883, Cls=0.0000, Reg=0.0000, Con=3.9609
2025-09-14 09:24:16,688 - INFO - Batch 90/2278: Loss=0.0004, Cls=0.0004, Reg=0.0000, Con=0.0000
2025-09-14 09:24:17,622 - INFO - Batch 100/2278: Loss=1.1883, Cls=0.0000, Reg=0.0000, Con=3.9609
2025-09-14 09:24:18,545 - INFO - Batch 110/2278: Loss=1.1883, Cls=0.0000, Reg=0.0000, Con=3.9609
2025-09-14 09:24:19,453 - INFO - Batch 120/2278: Loss=0.0002, Cls=0.0002, Reg=0.0000, Con=0.0000
2025-09-14 09:24:20,366 - INFO - Batch 130/2278: Loss=1.1882, Cls=0.0000, Reg=0.0000, Con=3.9607
2025-09-14 09:24:21,270 - INFO - Batch 140/2278: Loss=1.1924, Cls=0.0042, Reg=0.0000, Con=3.9609
2025-09-14 09:24:22,185 - INFO - Batch 150/2278: Loss=1.1904, Cls=0.0020, Reg=0.0000, Con=3.9611
2025-09-14 09:24:23,106 - INFO - Batch 160/2278: Loss=1.1883, Cls=0.0000, Reg=0.0000, Con=3.9609
2025-09-14 09:24:24,011 - INFO - Batch 170/2278: Loss=0.0044, Cls=0.0044, Reg=0.0000, Con=0.0000
2025-09-14 09:24:24,915 - INFO - Batch 180/2278: Loss=1.1883, Cls=0.0000, Reg=0.0000, Con=3.9609
2025-09-14 09:24:25,813 - INFO - Batch 190/2278: Loss=0.0007, Cls=0.0007, Reg=0.0000, Con=0.0000
2025-09-14 09:24:26,727 - INFO - Batch 200/2278: Loss=1.1899, Cls=0.0017, Reg=0.0000, Con=3.9608
2025-09-14 09:24:27,621 - INFO - Batch 210/2278: Loss=1.1883, Cls=0.0000, Reg=0.0000, Con=3.9609
2025-09-14 09:24:28,605 - INFO - Batch 220/2278: Loss=0.0007, Cls=0.0007, Reg=0.0000, Con=0.0000
2025-09-14 09:24:29,525 - INFO - Batch 230/2278: Loss=0.0213, Cls=0.0213, Reg=0.0000, Con=0.0000
2025-09-14 09:24:30,487 - INFO - Batch 240/2278: Loss=0.0007, Cls=0.0007, Reg=0.0000, Con=0.0000
2025-09-14 09:24:31,392 - INFO - Batch 250/2278: Loss=0.0004, Cls=0.0004, Reg=0.0000, Con=0.0000
2025-09-14 09:24:32,280 - INFO - Batch 260/2278: Loss=0.0060, Cls=0.0060, Reg=0.0000, Con=0.0000
2025-09-14 09:24:33,186 - INFO - Batch 270/2278: Loss=1.1883, Cls=0.0000, Reg=0.0000, Con=3.9608
2025-09-14 09:24:34,096 - INFO - Batch 280/2278: Loss=1.1885, Cls=0.0002, Reg=0.0000, Con=3.9609
2025-09-14 09:24:34,999 - INFO - Batch 290/2278: Loss=1.1888, Cls=0.0005, Reg=0.0000, Con=3.9609
2025-09-14 09:24:35,928 - INFO - Batch 300/2278: Loss=2.1172, Cls=0.9289, Reg=0.0000, Con=3.9609
2025-09-14 09:24:36,870 - INFO - Batch 310/2278: Loss=1.1890, Cls=0.0007, Reg=0.0000, Con=3.9608
2025-09-14 09:24:37,823 - INFO - Batch 320/2278: Loss=0.0000, Cls=0.0000, Reg=0.0000, Con=0.0000
2025-09-14 09:24:38,712 - INFO - Batch 330/2278: Loss=1.1967, Cls=0.0085, Reg=0.0000, Con=3.9609
2025-09-14 09:24:39,629 - INFO - Batch 340/2278: Loss=1.1918, Cls=0.0035, Reg=0.0000, Con=3.9609
2025-09-14 09:24:40,532 - INFO - Batch 350/2278: Loss=1.1890, Cls=0.0007, Reg=0.0000, Con=3.9609
2025-09-14 09:24:41,470 - INFO - Batch 360/2278: Loss=1.1883, Cls=0.0000, Reg=0.0000, Con=3.9609
2025-09-14 09:24:42,360 - INFO - Batch 370/2278: Loss=1.1938, Cls=0.0055, Reg=0.0000, Con=3.9609
2025-09-14 09:24:43,247 - INFO - Batch 380/2278: Loss=1.1907, Cls=0.0025, Reg=0.0000, Con=3.9608
2025-09-14 09:24:44,168 - INFO - Batch 390/2278: Loss=1.1883, Cls=0.0000, Reg=0.0000, Con=3.9609
2025-09-14 09:24:45,232 - INFO - Batch 400/2278: Loss=0.0000, Cls=0.0000, Reg=0.0000, Con=0.0000
2025-09-14 09:24:46,190 - INFO - Batch 410/2278: Loss=1.1950, Cls=0.0068, Reg=0.0000, Con=3.9608
2025-09-14 09:24:47,142 - INFO - Batch 420/2278: Loss=0.0001, Cls=0.0001, Reg=0.0000, Con=0.0000
2025-09-14 09:24:48,059 - INFO - Batch 430/2278: Loss=0.0033, Cls=0.0033, Reg=0.0000, Con=0.0000
2025-09-14 09:24:48,965 - INFO - Batch 440/2278: Loss=1.1952, Cls=0.0070, Reg=0.0000, Con=3.9608
2025-09-14 09:24:49,879 - INFO - Batch 450/2278: Loss=1.1882, Cls=0.0000, Reg=0.0000, Con=3.9607
2025-09-14 09:24:50,790 - INFO - Batch 460/2278: Loss=0.0097, Cls=0.0097, Reg=0.0000, Con=0.0000
2025-09-14 09:24:51,713 - INFO - Batch 470/2278: Loss=1.2086, Cls=0.0204, Reg=0.0000, Con=3.9608
2025-09-14 09:24:52,635 - INFO - Batch 480/2278: Loss=0.0000, Cls=0.0000, Reg=0.0000, Con=0.0000
2025-09-14 09:24:53,561 - INFO - Batch 490/2278: Loss=1.1884, Cls=0.0001, Reg=0.0000, Con=3.9610
2025-09-14 09:24:54,474 - INFO - Batch 500/2278: Loss=1.1934, Cls=0.0052, Reg=0.0000, Con=3.9607
2025-09-14 09:24:55,399 - INFO - Batch 510/2278: Loss=1.1883, Cls=0.0000, Reg=0.0000, Con=3.9607
2025-09-14 09:24:56,337 - INFO - Batch 520/2278: Loss=1.1886, Cls=0.0003, Reg=0.0000, Con=3.9607
2025-09-14 09:24:57,242 - INFO - Batch 530/2278: Loss=1.1896, Cls=0.0014, Reg=0.0000, Con=3.9608
2025-09-14 09:24:58,140 - INFO - Batch 540/2278: Loss=1.1979, Cls=0.0096, Reg=0.0000, Con=3.9610
2025-09-14 09:24:59,026 - INFO - Batch 550/2278: Loss=1.1904, Cls=0.0022, Reg=0.0000, Con=3.9607
2025-09-14 09:24:59,943 - INFO - Batch 560/2278: Loss=0.0002, Cls=0.0002, Reg=0.0000, Con=0.0000
2025-09-14 09:25:00,875 - INFO - Batch 570/2278: Loss=1.1882, Cls=0.0000, Reg=0.0000, Con=3.9608
2025-09-14 09:25:01,793 - INFO - Batch 580/2278: Loss=0.0002, Cls=0.0002, Reg=0.0000, Con=0.0000
2025-09-14 09:25:02,695 - INFO - Batch 590/2278: Loss=1.1882, Cls=0.0000, Reg=0.0000, Con=3.9608
2025-09-14 09:25:03,592 - INFO - Batch 600/2278: Loss=0.0000, Cls=0.0000, Reg=0.0000, Con=0.0000
2025-09-14 09:25:04,506 - INFO - Batch 610/2278: Loss=1.1884, Cls=0.0002, Reg=0.0000, Con=3.9608
2025-09-14 09:25:05,413 - INFO - Batch 620/2278: Loss=1.1883, Cls=0.0001, Reg=0.0000, Con=3.9608
2025-09-14 09:25:06,300 - INFO - Batch 630/2278: Loss=0.4449, Cls=0.4449, Reg=0.0000, Con=0.0000
2025-09-14 09:25:07,251 - INFO - Batch 640/2278: Loss=0.0002, Cls=0.0002, Reg=0.0000, Con=0.0000
2025-09-14 09:25:08,239 - INFO - Batch 650/2278: Loss=0.0000, Cls=0.0000, Reg=0.0000, Con=0.0000
2025-09-14 09:25:09,158 - INFO - Batch 660/2278: Loss=1.1894, Cls=0.0012, Reg=0.0000, Con=3.9607
2025-09-14 09:25:10,101 - INFO - Batch 670/2278: Loss=1.1904, Cls=0.0021, Reg=0.0000, Con=3.9609
2025-09-14 09:25:11,033 - INFO - Batch 680/2278: Loss=1.1908, Cls=0.0026, Reg=0.0000, Con=3.9608
2025-09-14 09:25:11,941 - INFO - Batch 690/2278: Loss=1.1884, Cls=0.0000, Reg=0.0000, Con=3.9613
2025-09-14 09:25:12,877 - INFO - Batch 700/2278: Loss=0.0023, Cls=0.0023, Reg=0.0000, Con=0.0000
2025-09-14 09:25:13,796 - INFO - Batch 710/2278: Loss=1.1948, Cls=0.0065, Reg=0.0000, Con=3.9610
2025-09-14 09:25:14,719 - INFO - Batch 720/2278: Loss=1.1883, Cls=0.0000, Reg=0.0000, Con=3.9609
2025-09-14 09:25:15,648 - INFO - Batch 730/2278: Loss=1.2457, Cls=0.0573, Reg=0.0000, Con=3.9612
2025-09-14 09:25:16,542 - INFO - Batch 740/2278: Loss=1.1932, Cls=0.0049, Reg=0.0000, Con=3.9610
2025-09-14 09:25:17,459 - INFO - Batch 750/2278: Loss=0.0025, Cls=0.0025, Reg=0.0000, Con=0.0000
2025-09-14 09:25:18,358 - INFO - Batch 760/2278: Loss=0.0260, Cls=0.0260, Reg=0.0000, Con=0.0000
2025-09-14 09:25:19,259 - INFO - Batch 770/2278: Loss=1.1884, Cls=0.0002, Reg=0.0000, Con=3.9608
2025-09-14 09:25:20,183 - INFO - Batch 780/2278: Loss=0.0022, Cls=0.0022, Reg=0.0000, Con=0.0000
2025-09-14 09:25:21,074 - INFO - Batch 790/2278: Loss=1.1910, Cls=0.0027, Reg=0.0000, Con=3.9609
2025-09-14 09:25:21,995 - INFO - Batch 800/2278: Loss=0.0001, Cls=0.0001, Reg=0.0000, Con=0.0000
2025-09-14 09:25:22,885 - INFO - Batch 810/2278: Loss=0.0062, Cls=0.0062, Reg=0.0000, Con=0.0000
2025-09-14 09:25:23,787 - INFO - Batch 820/2278: Loss=1.1885, Cls=0.0003, Reg=0.0000, Con=3.9608
2025-09-14 09:25:24,707 - INFO - Batch 830/2278: Loss=1.1882, Cls=0.0000, Reg=0.0000, Con=3.9607
2025-09-14 09:25:25,628 - INFO - Batch 840/2278: Loss=1.1884, Cls=0.0002, Reg=0.0000, Con=3.9608
2025-09-14 09:25:26,519 - INFO - Batch 850/2278: Loss=0.0383, Cls=0.0383, Reg=0.0000, Con=0.0000
2025-09-14 09:25:27,440 - INFO - Batch 860/2278: Loss=1.1886, Cls=0.0004, Reg=0.0000, Con=3.9608
2025-09-14 09:25:28,352 - INFO - Batch 870/2278: Loss=0.0002, Cls=0.0002, Reg=0.0000, Con=0.0000
2025-09-14 09:25:29,268 - INFO - Batch 880/2278: Loss=0.0003, Cls=0.0003, Reg=0.0000, Con=0.0000
2025-09-14 09:25:30,170 - INFO - Batch 890/2278: Loss=1.1886, Cls=0.0004, Reg=0.0000, Con=3.9609
2025-09-14 09:25:31,077 - INFO - Batch 900/2278: Loss=0.0000, Cls=0.0000, Reg=0.0000, Con=0.0000
2025-09-14 09:25:31,986 - INFO - Batch 910/2278: Loss=0.0014, Cls=0.0014, Reg=0.0000, Con=0.0000
2025-09-14 09:25:32,892 - INFO - Batch 920/2278: Loss=1.1883, Cls=0.0000, Reg=0.0000, Con=3.9611
2025-09-14 09:25:33,772 - INFO - Batch 930/2278: Loss=1.1884, Cls=0.0002, Reg=0.0000, Con=3.9609
2025-09-14 09:25:34,679 - INFO - Batch 940/2278: Loss=0.0002, Cls=0.0002, Reg=0.0000, Con=0.0000
2025-09-14 09:25:35,564 - INFO - Batch 950/2278: Loss=0.0005, Cls=0.0005, Reg=0.0000, Con=0.0000
2025-09-14 09:25:36,498 - INFO - Batch 960/2278: Loss=0.0000, Cls=0.0000, Reg=0.0000, Con=0.0000
2025-09-14 09:25:37,408 - INFO - Batch 970/2278: Loss=0.0072, Cls=0.0072, Reg=0.0000, Con=0.0000
2025-09-14 09:25:38,336 - INFO - Batch 980/2278: Loss=1.1909, Cls=0.0027, Reg=0.0000, Con=3.9609
2025-09-14 09:25:39,242 - INFO - Batch 990/2278: Loss=1.1882, Cls=0.0000, Reg=0.0000, Con=3.9606
2025-09-14 09:25:40,130 - INFO - Batch 1000/2278: Loss=1.1884, Cls=0.0001, Reg=0.0000, Con=3.9609
2025-09-14 09:25:41,011 - INFO - Batch 1010/2278: Loss=1.1883, Cls=0.0000, Reg=0.0000, Con=3.9609
2025-09-14 09:25:41,891 - INFO - Batch 1020/2278: Loss=2.5188, Cls=1.3303, Reg=0.0000, Con=3.9615
2025-09-14 09:25:42,773 - INFO - Batch 1030/2278: Loss=1.1918, Cls=0.0035, Reg=0.0000, Con=3.9608
2025-09-14 09:25:43,668 - INFO - Batch 1040/2278: Loss=2.8185, Cls=1.6302, Reg=0.0000, Con=3.9608
2025-09-14 09:25:44,575 - INFO - Batch 1050/2278: Loss=1.1889, Cls=0.0006, Reg=0.0000, Con=3.9611
2025-09-14 09:25:45,452 - INFO - Batch 1060/2278: Loss=1.1883, Cls=0.0000, Reg=0.0000, Con=3.9612
2025-09-14 09:25:46,338 - INFO - Batch 1070/2278: Loss=1.1883, Cls=0.0001, Reg=0.0000, Con=3.9609
2025-09-14 09:25:47,232 - INFO - Batch 1080/2278: Loss=1.1896, Cls=0.0013, Reg=0.0000, Con=3.9609
2025-09-14 09:25:48,181 - INFO - Batch 1090/2278: Loss=1.1895, Cls=0.0013, Reg=0.0000, Con=3.9608
2025-09-14 09:25:49,072 - INFO - Batch 1100/2278: Loss=1.1883, Cls=0.0000, Reg=0.0000, Con=3.9608
2025-09-14 09:25:50,016 - INFO - Batch 1110/2278: Loss=1.3591, Cls=0.1709, Reg=0.0000, Con=3.9608
2025-09-14 09:25:50,913 - INFO - Batch 1120/2278: Loss=1.1883, Cls=0.0000, Reg=0.0000, Con=3.9608
2025-09-14 09:25:51,789 - INFO - Batch 1130/2278: Loss=0.0000, Cls=0.0000, Reg=0.0000, Con=0.0000
2025-09-14 09:25:52,706 - INFO - Batch 1140/2278: Loss=0.0004, Cls=0.0004, Reg=0.0000, Con=0.0000
2025-09-14 09:25:53,629 - INFO - Batch 1150/2278: Loss=1.2191, Cls=0.0308, Reg=0.0000, Con=3.9609
2025-09-14 09:25:54,519 - INFO - Batch 1160/2278: Loss=1.1882, Cls=0.0000, Reg=0.0000, Con=3.9607
2025-09-14 09:25:55,435 - INFO - Batch 1170/2278: Loss=0.0041, Cls=0.0041, Reg=0.0000, Con=0.0000
2025-09-14 09:25:56,340 - INFO - Batch 1180/2278: Loss=3.5493, Cls=2.3610, Reg=0.0000, Con=3.9609
2025-09-14 09:25:57,251 - INFO - Batch 1190/2278: Loss=1.2185, Cls=0.0302, Reg=0.0000, Con=3.9610
2025-09-14 09:25:58,159 - INFO - Batch 1200/2278: Loss=1.1883, Cls=0.0001, Reg=0.0000, Con=3.9609
2025-09-14 09:25:59,066 - INFO - Batch 1210/2278: Loss=1.1887, Cls=0.0004, Reg=0.0000, Con=3.9608
2025-09-14 09:25:59,982 - INFO - Batch 1220/2278: Loss=0.0626, Cls=0.0626, Reg=0.0000, Con=0.0000
2025-09-14 09:26:00,894 - INFO - Batch 1230/2278: Loss=1.1891, Cls=0.0008, Reg=0.0000, Con=3.9609
2025-09-14 09:26:01,779 - INFO - Batch 1240/2278: Loss=1.1883, Cls=0.0000, Reg=0.0000, Con=3.9609
2025-09-14 09:26:02,685 - INFO - Batch 1250/2278: Loss=0.0003, Cls=0.0003, Reg=0.0000, Con=0.0000
2025-09-14 09:26:03,584 - INFO - Batch 1260/2278: Loss=1.1908, Cls=0.0025, Reg=0.0000, Con=3.9607
2025-09-14 09:26:04,459 - INFO - Batch 1270/2278: Loss=0.0002, Cls=0.0002, Reg=0.0000, Con=0.0000
2025-09-14 09:26:05,347 - INFO - Batch 1280/2278: Loss=1.1887, Cls=0.0005, Reg=0.0000, Con=3.9608
2025-09-14 09:26:06,272 - INFO - Batch 1290/2278: Loss=1.1888, Cls=0.0005, Reg=0.0000, Con=3.9610
2025-09-14 09:26:07,324 - INFO - Batch 1300/2278: Loss=1.1890, Cls=0.0007, Reg=0.0000, Con=3.9610
2025-09-14 09:26:08,288 - INFO - Batch 1310/2278: Loss=0.0001, Cls=0.0001, Reg=0.0000, Con=0.0000
2025-09-14 09:26:09,200 - INFO - Batch 1320/2278: Loss=1.1884, Cls=0.0002, Reg=0.0000, Con=3.9609
2025-09-14 09:26:10,117 - INFO - Batch 1330/2278: Loss=1.1883, Cls=0.0000, Reg=0.0000, Con=3.9609
2025-09-14 09:26:11,044 - INFO - Batch 1340/2278: Loss=0.0006, Cls=0.0006, Reg=0.0000, Con=0.0000
2025-09-14 09:26:11,940 - INFO - Batch 1350/2278: Loss=0.0000, Cls=0.0000, Reg=0.0000, Con=0.0000
2025-09-14 09:26:12,855 - INFO - Batch 1360/2278: Loss=1.1883, Cls=0.0001, Reg=0.0000, Con=3.9608
2025-09-14 09:26:13,747 - INFO - Batch 1370/2278: Loss=1.2040, Cls=0.0158, Reg=0.0000, Con=3.9608
2025-09-14 09:26:14,647 - INFO - Batch 1380/2278: Loss=1.1883, Cls=0.0000, Reg=0.0000, Con=3.9609
2025-09-14 09:26:15,551 - INFO - Batch 1390/2278: Loss=1.1883, Cls=0.0000, Reg=0.0000, Con=3.9608
2025-09-14 09:26:16,476 - INFO - Batch 1400/2278: Loss=0.0000, Cls=0.0000, Reg=0.0000, Con=0.0000
2025-09-14 09:26:17,397 - INFO - Batch 1410/2278: Loss=1.1890, Cls=0.0008, Reg=0.0000, Con=3.9608
2025-09-14 09:26:18,313 - INFO - Batch 1420/2278: Loss=0.0004, Cls=0.0004, Reg=0.0000, Con=0.0000
2025-09-14 09:26:19,233 - INFO - Batch 1430/2278: Loss=0.0000, Cls=0.0000, Reg=0.0000, Con=0.0000
2025-09-14 09:26:20,139 - INFO - Batch 1440/2278: Loss=1.1884, Cls=0.0001, Reg=0.0000, Con=3.9613
2025-09-14 09:26:21,045 - INFO - Batch 1450/2278: Loss=0.0000, Cls=0.0000, Reg=0.0000, Con=0.0000
2025-09-14 09:26:21,947 - INFO - Batch 1460/2278: Loss=1.1884, Cls=0.0001, Reg=0.0000, Con=3.9609
2025-09-14 09:26:22,860 - INFO - Batch 1470/2278: Loss=1.1920, Cls=0.0037, Reg=0.0000, Con=3.9608
2025-09-14 09:26:23,768 - INFO - Batch 1480/2278: Loss=0.0000, Cls=0.0000, Reg=0.0000, Con=0.0000
2025-09-14 09:26:24,791 - INFO - Batch 1490/2278: Loss=0.0005, Cls=0.0005, Reg=0.0000, Con=0.0000
2025-09-14 09:26:25,717 - INFO - Batch 1500/2278: Loss=0.0001, Cls=0.0001, Reg=0.0000, Con=0.0000
2025-09-14 09:26:26,706 - INFO - Batch 1510/2278: Loss=1.1884, Cls=0.0001, Reg=0.0000, Con=3.9608
2025-09-14 09:26:27,580 - INFO - Batch 1520/2278: Loss=1.2026, Cls=0.0144, Reg=0.0000, Con=3.9608
2025-09-14 09:26:28,488 - INFO - Batch 1530/2278: Loss=1.1886, Cls=0.0004, Reg=0.0000, Con=3.9609
2025-09-14 09:26:29,451 - INFO - Batch 1540/2278: Loss=0.0000, Cls=0.0000, Reg=0.0000, Con=0.0000
2025-09-14 09:26:30,372 - INFO - Batch 1550/2278: Loss=1.1899, Cls=0.0016, Reg=0.0000, Con=3.9609
2025-09-14 09:26:31,296 - INFO - Batch 1560/2278: Loss=1.3131, Cls=0.1248, Reg=0.0000, Con=3.9608
2025-09-14 09:26:32,203 - INFO - Batch 1570/2278: Loss=1.1889, Cls=0.0006, Reg=0.0000, Con=3.9609
2025-09-14 09:26:33,114 - INFO - Batch 1580/2278: Loss=0.0001, Cls=0.0001, Reg=0.0000, Con=0.0000
2025-09-14 09:26:34,048 - INFO - Batch 1590/2278: Loss=0.0000, Cls=0.0000, Reg=0.0000, Con=0.0000
2025-09-14 09:26:34,981 - INFO - Batch 1600/2278: Loss=1.1885, Cls=0.0002, Reg=0.0000, Con=3.9609
2025-09-14 09:26:35,905 - INFO - Batch 1610/2278: Loss=0.0001, Cls=0.0001, Reg=0.0000, Con=0.0000
2025-09-14 09:26:36,836 - INFO - Batch 1620/2278: Loss=1.1883, Cls=0.0000, Reg=0.0000, Con=3.9609
2025-09-14 09:26:37,738 - INFO - Batch 1630/2278: Loss=0.0001, Cls=0.0001, Reg=0.0000, Con=0.0000
2025-09-14 09:26:38,665 - INFO - Batch 1640/2278: Loss=1.1883, Cls=0.0000, Reg=0.0000, Con=3.9609
2025-09-14 09:26:39,571 - INFO - Batch 1650/2278: Loss=0.0020, Cls=0.0020, Reg=0.0000, Con=0.0000
2025-09-14 09:26:40,474 - INFO - Batch 1660/2278: Loss=1.1888, Cls=0.0006, Reg=0.0000, Con=3.9607
2025-09-14 09:26:41,397 - INFO - Batch 1670/2278: Loss=1.1883, Cls=0.0001, Reg=0.0000, Con=3.9608
2025-09-14 09:26:42,313 - INFO - Batch 1680/2278: Loss=1.1885, Cls=0.0001, Reg=0.0000, Con=3.9615
2025-09-14 09:26:43,240 - INFO - Batch 1690/2278: Loss=0.0000, Cls=0.0000, Reg=0.0000, Con=0.0000
2025-09-14 09:26:44,152 - INFO - Batch 1700/2278: Loss=1.1882, Cls=0.0000, Reg=0.0000, Con=3.9608
2025-09-14 09:26:45,068 - INFO - Batch 1710/2278: Loss=1.1883, Cls=0.0000, Reg=0.0000, Con=3.9612
2025-09-14 09:26:45,978 - INFO - Batch 1720/2278: Loss=1.1883, Cls=0.0000, Reg=0.0000, Con=3.9610
2025-09-14 09:26:46,900 - INFO - Batch 1730/2278: Loss=1.1883, Cls=0.0000, Reg=0.0000, Con=3.9609
2025-09-14 09:26:47,786 - INFO - Batch 1740/2278: Loss=1.1883, Cls=0.0000, Reg=0.0000, Con=3.9610
2025-09-14 09:26:48,748 - INFO - Batch 1750/2278: Loss=1.1884, Cls=0.0002, Reg=0.0000, Con=3.9609
2025-09-14 09:26:49,717 - INFO - Batch 1760/2278: Loss=1.1886, Cls=0.0004, Reg=0.0000, Con=3.9608
2025-09-14 09:26:50,638 - INFO - Batch 1770/2278: Loss=3.4077, Cls=2.2194, Reg=0.0000, Con=3.9610
2025-09-14 09:26:51,594 - INFO - Batch 1780/2278: Loss=1.2002, Cls=0.0119, Reg=0.0000, Con=3.9609
2025-09-14 09:26:52,498 - INFO - Batch 1790/2278: Loss=1.1884, Cls=0.0001, Reg=0.0000, Con=3.9608
2025-09-14 09:26:53,408 - INFO - Batch 1800/2278: Loss=1.1900, Cls=0.0018, Reg=0.0000, Con=3.9609
2025-09-14 09:26:54,294 - INFO - Batch 1810/2278: Loss=1.1883, Cls=0.0000, Reg=0.0000, Con=3.9610
2025-09-14 09:26:55,189 - INFO - Batch 1820/2278: Loss=1.1888, Cls=0.0006, Reg=0.0000, Con=3.9608
2025-09-14 09:26:56,096 - INFO - Batch 1830/2278: Loss=1.1885, Cls=0.0000, Reg=0.0000, Con=3.9615
2025-09-14 09:26:57,025 - INFO - Batch 1840/2278: Loss=1.1883, Cls=0.0000, Reg=0.0000, Con=3.9609
2025-09-14 09:26:57,949 - INFO - Batch 1850/2278: Loss=1.8595, Cls=0.6712, Reg=0.0000, Con=3.9608
2025-09-14 09:26:58,854 - INFO - Batch 1860/2278: Loss=0.0200, Cls=0.0200, Reg=0.0000, Con=0.0000
2025-09-14 09:26:59,761 - INFO - Batch 1870/2278: Loss=0.2332, Cls=0.2332, Reg=0.0000, Con=0.0000
2025-09-14 09:27:00,672 - INFO - Batch 1880/2278: Loss=1.1883, Cls=0.0000, Reg=0.0000, Con=3.9610
2025-09-14 09:27:01,587 - INFO - Batch 1890/2278: Loss=0.0003, Cls=0.0003, Reg=0.0000, Con=0.0000
2025-09-14 09:27:02,499 - INFO - Batch 1900/2278: Loss=1.1883, Cls=0.0001, Reg=0.0000, Con=3.9607
2025-09-14 09:27:03,419 - INFO - Batch 1910/2278: Loss=1.1885, Cls=0.0002, Reg=0.0000, Con=3.9607
2025-09-14 09:27:04,355 - INFO - Batch 1920/2278: Loss=1.1883, Cls=0.0000, Reg=0.0000, Con=3.9608
2025-09-14 09:27:05,274 - INFO - Batch 1930/2278: Loss=0.0000, Cls=0.0000, Reg=0.0000, Con=0.0000
2025-09-14 09:27:06,208 - INFO - Batch 1940/2278: Loss=1.1882, Cls=0.0000, Reg=0.0000, Con=3.9607
2025-09-14 09:27:07,109 - INFO - Batch 1950/2278: Loss=1.1883, Cls=0.0000, Reg=0.0000, Con=3.9609
2025-09-14 09:27:08,055 - INFO - Batch 1960/2278: Loss=1.1883, Cls=0.0000, Reg=0.0000, Con=3.9609
2025-09-14 09:27:08,989 - INFO - Batch 1970/2278: Loss=1.1883, Cls=0.0001, Reg=0.0000, Con=3.9606
2025-09-14 09:27:09,903 - INFO - Batch 1980/2278: Loss=1.1883, Cls=0.0001, Reg=0.0000, Con=3.9608
2025-09-14 09:27:10,815 - INFO - Batch 1990/2278: Loss=0.0018, Cls=0.0018, Reg=0.0000, Con=0.0000
2025-09-14 09:27:11,699 - INFO - Batch 2000/2278: Loss=1.2054, Cls=0.0172, Reg=0.0000, Con=3.9607
2025-09-14 09:27:12,611 - INFO - Batch 2010/2278: Loss=1.2235, Cls=0.0352, Reg=0.0000, Con=3.9608
2025-09-14 09:27:13,500 - INFO - Batch 2020/2278: Loss=0.0122, Cls=0.0122, Reg=0.0000, Con=0.0000
2025-09-14 09:27:14,388 - INFO - Batch 2030/2278: Loss=1.2638, Cls=0.0755, Reg=0.0000, Con=3.9610
2025-09-14 09:27:15,321 - INFO - Batch 2040/2278: Loss=1.1882, Cls=0.0000, Reg=0.0000, Con=3.9608
2025-09-14 09:27:16,218 - INFO - Batch 2050/2278: Loss=0.0003, Cls=0.0003, Reg=0.0000, Con=0.0000
2025-09-14 09:27:17,116 - INFO - Batch 2060/2278: Loss=1.1888, Cls=0.0004, Reg=0.0000, Con=3.9615
2025-09-14 09:27:18,018 - INFO - Batch 2070/2278: Loss=1.1883, Cls=0.0000, Reg=0.0000, Con=3.9608
2025-09-14 09:27:18,913 - INFO - Batch 2080/2278: Loss=0.7973, Cls=0.7973, Reg=0.0000, Con=0.0000
2025-09-14 09:27:19,832 - INFO - Batch 2090/2278: Loss=1.1883, Cls=0.0000, Reg=0.0000, Con=3.9608
2025-09-14 09:27:20,727 - INFO - Batch 2100/2278: Loss=1.1858, Cls=1.1858, Reg=0.0000, Con=0.0000
2025-09-14 09:27:21,637 - INFO - Batch 2110/2278: Loss=0.0003, Cls=0.0003, Reg=0.0000, Con=0.0000
2025-09-14 09:27:22,549 - INFO - Batch 2120/2278: Loss=1.1899, Cls=0.0017, Reg=0.0000, Con=3.9609
2025-09-14 09:27:23,452 - INFO - Batch 2130/2278: Loss=1.1884, Cls=0.0001, Reg=0.0000, Con=3.9608
2025-09-14 09:27:24,351 - INFO - Batch 2140/2278: Loss=0.0001, Cls=0.0001, Reg=0.0000, Con=0.0000
2025-09-14 09:27:25,242 - INFO - Batch 2150/2278: Loss=1.1889, Cls=0.0006, Reg=0.0000, Con=3.9610
2025-09-14 09:27:26,125 - INFO - Batch 2160/2278: Loss=1.2078, Cls=0.0196, Reg=0.0000, Con=3.9608
2025-09-14 09:27:27,007 - INFO - Batch 2170/2278: Loss=1.1885, Cls=0.0002, Reg=0.0000, Con=3.9608
2025-09-14 09:27:27,902 - INFO - Batch 2180/2278: Loss=1.1885, Cls=0.0003, Reg=0.0000, Con=3.9608
2025-09-14 09:27:28,774 - INFO - Batch 2190/2278: Loss=1.1886, Cls=0.0003, Reg=0.0000, Con=3.9610
2025-09-14 09:27:29,671 - INFO - Batch 2200/2278: Loss=1.1889, Cls=0.0006, Reg=0.0000, Con=3.9608
2025-09-14 09:27:30,589 - INFO - Batch 2210/2278: Loss=1.1884, Cls=0.0000, Reg=0.0000, Con=3.9613
2025-09-14 09:27:31,504 - INFO - Batch 2220/2278: Loss=0.0007, Cls=0.0007, Reg=0.0000, Con=0.0000
2025-09-14 09:27:32,432 - INFO - Batch 2230/2278: Loss=0.0025, Cls=0.0025, Reg=0.0000, Con=0.0000
2025-09-14 09:27:33,346 - INFO - Batch 2240/2278: Loss=1.1883, Cls=0.0001, Reg=0.0000, Con=3.9608
2025-09-14 09:27:34,263 - INFO - Batch 2250/2278: Loss=0.0003, Cls=0.0003, Reg=0.0000, Con=0.0000
2025-09-14 09:27:35,198 - INFO - Batch 2260/2278: Loss=1.1886, Cls=0.0003, Reg=0.0000, Con=3.9609
2025-09-14 09:27:36,111 - INFO - Batch 2270/2278: Loss=1.1882, Cls=0.0000, Reg=0.0000, Con=3.9606
2025-09-14 09:31:06,767 - INFO - === Epoch 2 Results ===
2025-09-14 09:31:06,767 - INFO - Training Loss: 0.8613 (Classification: 0.0815, Regression: 0.0000)
2025-09-14 09:31:06,767 - INFO - Validation Loss: 0.0451 (Classification: 0.0451, Regression: 0.0000)
2025-09-14 09:31:06,767 - INFO - Average Classification Accuracy: 0.9655 (on 1/26 tasks)
2025-09-14 09:31:06,767 - INFO - Average AUC: 0.8389
2025-09-14 09:31:09,625 - INFO - Best model saved to: experiments/r1c3_headft_cls_20_seed_42_20250914_091711/checkpoints/r1c3_headft_cls_20_seed_42_best.pth
2025-09-14 09:31:09,625 - INFO - 
Epoch 3/3
2025-09-14 09:31:09,768 - INFO - Batch 0/2278: Loss=1.1888, Cls=0.0006, Reg=0.0000, Con=3.9608
2025-09-14 09:31:10,686 - INFO - Batch 10/2278: Loss=1.1886, Cls=0.0003, Reg=0.0000, Con=3.9611
2025-09-14 09:31:11,625 - INFO - Batch 20/2278: Loss=1.6588, Cls=0.4705, Reg=0.0000, Con=3.9608
2025-09-14 09:31:12,608 - INFO - Batch 30/2278: Loss=0.0000, Cls=0.0000, Reg=0.0000, Con=0.0000
2025-09-14 09:31:13,520 - INFO - Batch 40/2278: Loss=1.1882, Cls=0.0000, Reg=0.0000, Con=3.9608
2025-09-14 09:31:14,432 - INFO - Batch 50/2278: Loss=1.1883, Cls=0.0000, Reg=0.0000, Con=3.9609
2025-09-14 09:31:15,344 - INFO - Batch 60/2278: Loss=1.1883, Cls=0.0001, Reg=0.0000, Con=3.9607
2025-09-14 09:31:16,275 - INFO - Batch 70/2278: Loss=1.1884, Cls=0.0001, Reg=0.0000, Con=3.9608
2025-09-14 09:31:17,168 - INFO - Batch 80/2278: Loss=0.0017, Cls=0.0017, Reg=0.0000, Con=0.0000
2025-09-14 09:31:18,082 - INFO - Batch 90/2278: Loss=1.1885, Cls=0.0002, Reg=0.0000, Con=3.9609
2025-09-14 09:31:19,010 - INFO - Batch 100/2278: Loss=1.1911, Cls=0.0029, Reg=0.0000, Con=3.9607
2025-09-14 09:31:19,945 - INFO - Batch 110/2278: Loss=1.1915, Cls=0.0030, Reg=0.0000, Con=3.9618
2025-09-14 09:31:20,851 - INFO - Batch 120/2278: Loss=1.1901, Cls=0.0018, Reg=0.0000, Con=3.9609
2025-09-14 09:31:21,786 - INFO - Batch 130/2278: Loss=1.1882, Cls=0.0000, Reg=0.0000, Con=3.9607
2025-09-14 09:31:22,741 - INFO - Batch 140/2278: Loss=0.0000, Cls=0.0000, Reg=0.0000, Con=0.0000
2025-09-14 09:31:23,642 - INFO - Batch 150/2278: Loss=1.1886, Cls=0.0003, Reg=0.0000, Con=3.9608
2025-09-14 09:31:24,553 - INFO - Batch 160/2278: Loss=0.0000, Cls=0.0000, Reg=0.0000, Con=0.0000
2025-09-14 09:31:25,457 - INFO - Batch 170/2278: Loss=1.1886, Cls=0.0003, Reg=0.0000, Con=3.9609
2025-09-14 09:31:26,355 - INFO - Batch 180/2278: Loss=1.1883, Cls=0.0000, Reg=0.0000, Con=3.9611
2025-09-14 09:31:27,254 - INFO - Batch 190/2278: Loss=1.1888, Cls=0.0006, Reg=0.0000, Con=3.9607
2025-09-14 09:31:28,160 - INFO - Batch 200/2278: Loss=0.0345, Cls=0.0345, Reg=0.0000, Con=0.0000
2025-09-14 09:31:29,069 - INFO - Batch 210/2278: Loss=2.7456, Cls=1.5572, Reg=0.0000, Con=3.9612
2025-09-14 09:31:29,989 - INFO - Batch 220/2278: Loss=1.1883, Cls=0.0000, Reg=0.0000, Con=3.9608
2025-09-14 09:31:30,908 - INFO - Batch 230/2278: Loss=1.1897, Cls=0.0014, Reg=0.0000, Con=3.9611
2025-09-14 09:31:31,863 - INFO - Batch 240/2278: Loss=1.2000, Cls=0.0118, Reg=0.0000, Con=3.9607
2025-09-14 09:31:32,774 - INFO - Batch 250/2278: Loss=1.1883, Cls=0.0000, Reg=0.0000, Con=3.9609
2025-09-14 09:31:33,699 - INFO - Batch 260/2278: Loss=1.1917, Cls=0.0035, Reg=0.0000, Con=3.9608
2025-09-14 09:31:34,635 - INFO - Batch 270/2278: Loss=1.2124, Cls=0.0242, Reg=0.0000, Con=3.9607
2025-09-14 09:31:35,533 - INFO - Batch 280/2278: Loss=1.1886, Cls=0.0004, Reg=0.0000, Con=3.9608
2025-09-14 09:31:36,450 - INFO - Batch 290/2278: Loss=1.1924, Cls=0.0042, Reg=0.0000, Con=3.9608
2025-09-14 09:31:37,340 - INFO - Batch 300/2278: Loss=1.1883, Cls=0.0001, Reg=0.0000, Con=3.9607
2025-09-14 09:31:38,269 - INFO - Batch 310/2278: Loss=1.1883, Cls=0.0000, Reg=0.0000, Con=3.9610
2025-09-14 09:31:39,193 - INFO - Batch 320/2278: Loss=1.1886, Cls=0.0003, Reg=0.0000, Con=3.9612
2025-09-14 09:31:40,090 - INFO - Batch 330/2278: Loss=0.0023, Cls=0.0023, Reg=0.0000, Con=0.0000
2025-09-14 09:31:41,027 - INFO - Batch 340/2278: Loss=0.0006, Cls=0.0006, Reg=0.0000, Con=0.0000
2025-09-14 09:31:41,937 - INFO - Batch 350/2278: Loss=1.1884, Cls=0.0001, Reg=0.0000, Con=3.9612
2025-09-14 09:31:42,857 - INFO - Batch 360/2278: Loss=1.1884, Cls=0.0001, Reg=0.0000, Con=3.9611
2025-09-14 09:31:43,787 - INFO - Batch 370/2278: Loss=1.1884, Cls=0.0001, Reg=0.0000, Con=3.9608
2025-09-14 09:31:44,728 - INFO - Batch 380/2278: Loss=1.1886, Cls=0.0004, Reg=0.0000, Con=3.9608
2025-09-14 09:31:45,673 - INFO - Batch 390/2278: Loss=1.1884, Cls=0.0001, Reg=0.0000, Con=3.9609
2025-09-14 09:31:46,592 - INFO - Batch 400/2278: Loss=0.0006, Cls=0.0006, Reg=0.0000, Con=0.0000
2025-09-14 09:31:47,509 - INFO - Batch 410/2278: Loss=1.1883, Cls=0.0000, Reg=0.0000, Con=3.9609
2025-09-14 09:31:48,403 - INFO - Batch 420/2278: Loss=1.1883, Cls=0.0000, Reg=0.0000, Con=3.9609
2025-09-14 09:31:49,304 - INFO - Batch 430/2278: Loss=1.1923, Cls=0.0039, Reg=0.0000, Con=3.9614
2025-09-14 09:31:50,215 - INFO - Batch 440/2278: Loss=0.0000, Cls=0.0000, Reg=0.0000, Con=0.0000
2025-09-14 09:31:51,120 - INFO - Batch 450/2278: Loss=1.1883, Cls=0.0001, Reg=0.0000, Con=3.9608
2025-09-14 09:31:52,012 - INFO - Batch 460/2278: Loss=0.0029, Cls=0.0029, Reg=0.0000, Con=0.0000
2025-09-14 09:31:52,928 - INFO - Batch 470/2278: Loss=0.0000, Cls=0.0000, Reg=0.0000, Con=0.0000
2025-09-14 09:31:53,830 - INFO - Batch 480/2278: Loss=1.1886, Cls=0.0003, Reg=0.0000, Con=3.9609
2025-09-14 09:31:54,741 - INFO - Batch 490/2278: Loss=0.0003, Cls=0.0003, Reg=0.0000, Con=0.0000
2025-09-14 09:31:55,673 - INFO - Batch 500/2278: Loss=0.0000, Cls=0.0000, Reg=0.0000, Con=0.0000
2025-09-14 09:31:56,840 - INFO - Batch 510/2278: Loss=1.1882, Cls=0.0000, Reg=0.0000, Con=3.9608
2025-09-14 09:31:57,764 - INFO - Batch 520/2278: Loss=0.0007, Cls=0.0007, Reg=0.0000, Con=0.0000
2025-09-14 09:31:58,675 - INFO - Batch 530/2278: Loss=1.1905, Cls=0.0023, Reg=0.0000, Con=3.9608
2025-09-14 09:31:59,599 - INFO - Batch 540/2278: Loss=1.1891, Cls=0.0008, Reg=0.0000, Con=3.9609
2025-09-14 09:32:00,529 - INFO - Batch 550/2278: Loss=0.0001, Cls=0.0001, Reg=0.0000, Con=0.0000
2025-09-14 09:32:01,465 - INFO - Batch 560/2278: Loss=1.1910, Cls=0.0027, Reg=0.0000, Con=3.9609
2025-09-14 09:32:02,405 - INFO - Batch 570/2278: Loss=1.1883, Cls=0.0000, Reg=0.0000, Con=3.9608
2025-09-14 09:32:03,337 - INFO - Batch 580/2278: Loss=0.0001, Cls=0.0001, Reg=0.0000, Con=0.0000
2025-09-14 09:32:04,219 - INFO - Batch 590/2278: Loss=1.1905, Cls=0.0023, Reg=0.0000, Con=3.9608
2025-09-14 09:32:05,113 - INFO - Batch 600/2278: Loss=0.0000, Cls=0.0000, Reg=0.0000, Con=0.0000
2025-09-14 09:32:06,019 - INFO - Batch 610/2278: Loss=0.0009, Cls=0.0009, Reg=0.0000, Con=0.0000
2025-09-14 09:32:06,953 - INFO - Batch 620/2278: Loss=1.1882, Cls=0.0000, Reg=0.0000, Con=3.9608
2025-09-14 09:32:07,882 - INFO - Batch 630/2278: Loss=1.1885, Cls=0.0002, Reg=0.0000, Con=3.9611
2025-09-14 09:32:08,831 - INFO - Batch 640/2278: Loss=1.1911, Cls=0.0029, Reg=0.0000, Con=3.9607
2025-09-14 09:32:09,729 - INFO - Batch 650/2278: Loss=1.1886, Cls=0.0003, Reg=0.0000, Con=3.9608
2025-09-14 09:32:10,689 - INFO - Batch 660/2278: Loss=0.0469, Cls=0.0469, Reg=0.0000, Con=0.0000
2025-09-14 09:32:11,604 - INFO - Batch 670/2278: Loss=1.1888, Cls=0.0006, Reg=0.0000, Con=3.9609
2025-09-14 09:32:12,547 - INFO - Batch 680/2278: Loss=0.0000, Cls=0.0000, Reg=0.0000, Con=0.0000
2025-09-14 09:32:13,466 - INFO - Batch 690/2278: Loss=1.1885, Cls=0.0003, Reg=0.0000, Con=3.9609
2025-09-14 09:32:14,387 - INFO - Batch 700/2278: Loss=1.1884, Cls=0.0001, Reg=0.0000, Con=3.9610
2025-09-14 09:32:15,298 - INFO - Batch 710/2278: Loss=1.1885, Cls=0.0002, Reg=0.0000, Con=3.9610
2025-09-14 09:32:16,208 - INFO - Batch 720/2278: Loss=1.1892, Cls=0.0009, Reg=0.0000, Con=3.9610
2025-09-14 09:32:17,110 - INFO - Batch 730/2278: Loss=1.5548, Cls=0.3665, Reg=0.0000, Con=3.9609
2025-09-14 09:32:18,016 - INFO - Batch 740/2278: Loss=1.1882, Cls=0.0000, Reg=0.0000, Con=3.9606
2025-09-14 09:32:18,920 - INFO - Batch 750/2278: Loss=1.1886, Cls=0.0004, Reg=0.0000, Con=3.9606
2025-09-14 09:32:19,861 - INFO - Batch 760/2278: Loss=1.1890, Cls=0.0006, Reg=0.0000, Con=3.9611
2025-09-14 09:32:20,790 - INFO - Batch 770/2278: Loss=1.1885, Cls=0.0002, Reg=0.0000, Con=3.9611
2025-09-14 09:32:21,701 - INFO - Batch 780/2278: Loss=0.0003, Cls=0.0003, Reg=0.0000, Con=0.0000
2025-09-14 09:32:22,592 - INFO - Batch 790/2278: Loss=1.1952, Cls=0.0069, Reg=0.0000, Con=3.9609
2025-09-14 09:32:23,493 - INFO - Batch 800/2278: Loss=1.1898, Cls=0.0015, Reg=0.0000, Con=3.9612
2025-09-14 09:32:24,411 - INFO - Batch 810/2278: Loss=0.0006, Cls=0.0006, Reg=0.0000, Con=0.0000
2025-09-14 09:32:25,331 - INFO - Batch 820/2278: Loss=1.1891, Cls=0.0009, Reg=0.0000, Con=3.9608
2025-09-14 09:32:26,265 - INFO - Batch 830/2278: Loss=1.1883, Cls=0.0000, Reg=0.0000, Con=3.9609
2025-09-14 09:32:27,194 - INFO - Batch 840/2278: Loss=0.0001, Cls=0.0001, Reg=0.0000, Con=0.0000
2025-09-14 09:32:28,127 - INFO - Batch 850/2278: Loss=2.0918, Cls=2.0918, Reg=0.0000, Con=0.0000
2025-09-14 09:32:29,018 - INFO - Batch 860/2278: Loss=1.1904, Cls=0.0021, Reg=0.0000, Con=3.9611
2025-09-14 09:32:29,910 - INFO - Batch 870/2278: Loss=1.1883, Cls=0.0000, Reg=0.0000, Con=3.9609
2025-09-14 09:32:30,857 - INFO - Batch 880/2278: Loss=0.0000, Cls=0.0000, Reg=0.0000, Con=0.0000
2025-09-14 09:32:31,765 - INFO - Batch 890/2278: Loss=1.1883, Cls=0.0000, Reg=0.0000, Con=3.9609
2025-09-14 09:32:32,681 - INFO - Batch 900/2278: Loss=0.0000, Cls=0.0000, Reg=0.0000, Con=0.0000
2025-09-14 09:32:33,580 - INFO - Batch 910/2278: Loss=0.0035, Cls=0.0035, Reg=0.0000, Con=0.0000
2025-09-14 09:32:34,488 - INFO - Batch 920/2278: Loss=0.0001, Cls=0.0001, Reg=0.0000, Con=0.0000
2025-09-14 09:32:35,374 - INFO - Batch 930/2278: Loss=0.0148, Cls=0.0148, Reg=0.0000, Con=0.0000
2025-09-14 09:32:36,273 - INFO - Batch 940/2278: Loss=1.1898, Cls=0.0014, Reg=0.0000, Con=3.9613
2025-09-14 09:32:37,170 - INFO - Batch 950/2278: Loss=0.0000, Cls=0.0000, Reg=0.0000, Con=0.0000
2025-09-14 09:32:38,071 - INFO - Batch 960/2278: Loss=0.0010, Cls=0.0010, Reg=0.0000, Con=0.0000
2025-09-14 09:32:38,972 - INFO - Batch 970/2278: Loss=1.1974, Cls=0.0092, Reg=0.0000, Con=3.9608
2025-09-14 09:32:39,874 - INFO - Batch 980/2278: Loss=1.1894, Cls=0.0011, Reg=0.0000, Con=3.9609
2025-09-14 09:32:40,776 - INFO - Batch 990/2278: Loss=1.1931, Cls=0.0048, Reg=0.0000, Con=3.9609
2025-09-14 09:32:41,659 - INFO - Batch 1000/2278: Loss=1.1883, Cls=0.0000, Reg=0.0000, Con=3.9610
2025-09-14 09:32:42,582 - INFO - Batch 1010/2278: Loss=1.1893, Cls=0.0011, Reg=0.0000, Con=3.9608
2025-09-14 09:32:43,458 - INFO - Batch 1020/2278: Loss=1.1885, Cls=0.0002, Reg=0.0000, Con=3.9608
2025-09-14 09:32:44,373 - INFO - Batch 1030/2278: Loss=0.0013, Cls=0.0013, Reg=0.0000, Con=0.0000
2025-09-14 09:32:45,298 - INFO - Batch 1040/2278: Loss=1.1884, Cls=0.0000, Reg=0.0000, Con=3.9613
2025-09-14 09:32:46,222 - INFO - Batch 1050/2278: Loss=0.0000, Cls=0.0000, Reg=0.0000, Con=0.0000
2025-09-14 09:32:47,137 - INFO - Batch 1060/2278: Loss=1.1884, Cls=0.0001, Reg=0.0000, Con=3.9611
2025-09-14 09:32:48,056 - INFO - Batch 1070/2278: Loss=1.1887, Cls=0.0004, Reg=0.0000, Con=3.9609
2025-09-14 09:32:48,951 - INFO - Batch 1080/2278: Loss=0.0000, Cls=0.0000, Reg=0.0000, Con=0.0000
2025-09-14 09:32:49,869 - INFO - Batch 1090/2278: Loss=1.1884, Cls=0.0001, Reg=0.0000, Con=3.9611
2025-09-14 09:32:50,770 - INFO - Batch 1100/2278: Loss=1.1883, Cls=0.0000, Reg=0.0000, Con=3.9611
2025-09-14 09:32:51,671 - INFO - Batch 1110/2278: Loss=0.0043, Cls=0.0043, Reg=0.0000, Con=0.0000
2025-09-14 09:32:52,597 - INFO - Batch 1120/2278: Loss=0.0000, Cls=0.0000, Reg=0.0000, Con=0.0000
2025-09-14 09:32:53,493 - INFO - Batch 1130/2278: Loss=0.0000, Cls=0.0000, Reg=0.0000, Con=0.0000
2025-09-14 09:32:54,396 - INFO - Batch 1140/2278: Loss=1.1943, Cls=0.0060, Reg=0.0000, Con=3.9609
2025-09-14 09:32:55,279 - INFO - Batch 1150/2278: Loss=0.0006, Cls=0.0006, Reg=0.0000, Con=0.0000
2025-09-14 09:32:56,197 - INFO - Batch 1160/2278: Loss=0.0002, Cls=0.0002, Reg=0.0000, Con=0.0000
2025-09-14 09:32:57,118 - INFO - Batch 1170/2278: Loss=1.1883, Cls=0.0001, Reg=0.0000, Con=3.9608
2025-09-14 09:32:58,039 - INFO - Batch 1180/2278: Loss=1.1884, Cls=0.0001, Reg=0.0000, Con=3.9613
2025-09-14 09:32:58,958 - INFO - Batch 1190/2278: Loss=1.1883, Cls=0.0000, Reg=0.0000, Con=3.9609
2025-09-14 09:32:59,856 - INFO - Batch 1200/2278: Loss=1.1884, Cls=0.0001, Reg=0.0000, Con=3.9611
2025-09-14 09:33:00,759 - INFO - Batch 1210/2278: Loss=1.1961, Cls=0.0078, Reg=0.0000, Con=3.9611
2025-09-14 09:33:01,665 - INFO - Batch 1220/2278: Loss=1.1977, Cls=0.0094, Reg=0.0000, Con=3.9609
2025-09-14 09:33:02,579 - INFO - Batch 1230/2278: Loss=0.0000, Cls=0.0000, Reg=0.0000, Con=0.0000
2025-09-14 09:33:03,484 - INFO - Batch 1240/2278: Loss=1.1895, Cls=0.0013, Reg=0.0000, Con=3.9608
2025-09-14 09:33:04,493 - INFO - Batch 1250/2278: Loss=1.1883, Cls=0.0000, Reg=0.0000, Con=3.9609
2025-09-14 09:33:05,390 - INFO - Batch 1260/2278: Loss=1.4357, Cls=1.4357, Reg=0.0000, Con=0.0000
2025-09-14 09:33:06,342 - INFO - Batch 1270/2278: Loss=1.1883, Cls=0.0000, Reg=0.0000, Con=3.9610
2025-09-14 09:33:07,259 - INFO - Batch 1280/2278: Loss=1.1883, Cls=0.0001, Reg=0.0000, Con=3.9607
2025-09-14 09:33:08,257 - INFO - Batch 1290/2278: Loss=0.0000, Cls=0.0000, Reg=0.0000, Con=0.0000
2025-09-14 09:33:09,165 - INFO - Batch 1300/2278: Loss=0.0009, Cls=0.0009, Reg=0.0000, Con=0.0000
2025-09-14 09:33:10,071 - INFO - Batch 1310/2278: Loss=1.2128, Cls=0.0245, Reg=0.0000, Con=3.9608
2025-09-14 09:33:10,969 - INFO - Batch 1320/2278: Loss=1.1884, Cls=0.0001, Reg=0.0000, Con=3.9610
2025-09-14 09:33:11,883 - INFO - Batch 1330/2278: Loss=1.1889, Cls=0.0006, Reg=0.0000, Con=3.9610
2025-09-14 09:33:12,800 - INFO - Batch 1340/2278: Loss=1.1883, Cls=0.0000, Reg=0.0000, Con=3.9608
2025-09-14 09:33:13,702 - INFO - Batch 1350/2278: Loss=1.1933, Cls=0.0051, Reg=0.0000, Con=3.9608
2025-09-14 09:33:14,609 - INFO - Batch 1360/2278: Loss=1.1884, Cls=0.0000, Reg=0.0000, Con=3.9612
2025-09-14 09:33:15,545 - INFO - Batch 1370/2278: Loss=1.1896, Cls=0.0013, Reg=0.0000, Con=3.9610
2025-09-14 09:33:16,472 - INFO - Batch 1380/2278: Loss=1.1883, Cls=0.0001, Reg=0.0000, Con=3.9608
2025-09-14 09:33:17,382 - INFO - Batch 1390/2278: Loss=1.1883, Cls=0.0000, Reg=0.0000, Con=3.9610
2025-09-14 09:33:18,319 - INFO - Batch 1400/2278: Loss=1.1885, Cls=0.0000, Reg=0.0000, Con=3.9615
2025-09-14 09:33:19,223 - INFO - Batch 1410/2278: Loss=0.0009, Cls=0.0009, Reg=0.0000, Con=0.0000
2025-09-14 09:33:20,153 - INFO - Batch 1420/2278: Loss=1.1935, Cls=0.0052, Reg=0.0000, Con=3.9610
2025-09-14 09:33:21,111 - INFO - Batch 1430/2278: Loss=0.0000, Cls=0.0000, Reg=0.0000, Con=0.0000
2025-09-14 09:33:22,060 - INFO - Batch 1440/2278: Loss=1.1882, Cls=0.0000, Reg=0.0000, Con=3.9606
2025-09-14 09:33:23,013 - INFO - Batch 1450/2278: Loss=0.0000, Cls=0.0000, Reg=0.0000, Con=0.0000
2025-09-14 09:33:23,905 - INFO - Batch 1460/2278: Loss=0.0012, Cls=0.0012, Reg=0.0000, Con=0.0000
2025-09-14 09:33:24,840 - INFO - Batch 1470/2278: Loss=1.1885, Cls=0.0002, Reg=0.0000, Con=3.9607
2025-09-14 09:33:25,733 - INFO - Batch 1480/2278: Loss=1.1884, Cls=0.0002, Reg=0.0000, Con=3.9608
2025-09-14 09:33:26,649 - INFO - Batch 1490/2278: Loss=0.0000, Cls=0.0000, Reg=0.0000, Con=0.0000
2025-09-14 09:33:27,595 - INFO - Batch 1500/2278: Loss=1.1891, Cls=0.0008, Reg=0.0000, Con=3.9610
2025-09-14 09:33:28,518 - INFO - Batch 1510/2278: Loss=1.1900, Cls=0.0018, Reg=0.0000, Con=3.9609
2025-09-14 09:33:29,409 - INFO - Batch 1520/2278: Loss=0.0000, Cls=0.0000, Reg=0.0000, Con=0.0000
2025-09-14 09:33:30,317 - INFO - Batch 1530/2278: Loss=1.1882, Cls=0.0000, Reg=0.0000, Con=3.9608
2025-09-14 09:33:31,239 - INFO - Batch 1540/2278: Loss=1.1886, Cls=0.0003, Reg=0.0000, Con=3.9610
2025-09-14 09:33:32,158 - INFO - Batch 1550/2278: Loss=1.1888, Cls=0.0005, Reg=0.0000, Con=3.9611
2025-09-14 09:33:33,079 - INFO - Batch 1560/2278: Loss=1.1883, Cls=0.0000, Reg=0.0000, Con=3.9608
2025-09-14 09:33:33,988 - INFO - Batch 1570/2278: Loss=0.0000, Cls=0.0000, Reg=0.0000, Con=0.0000
2025-09-14 09:33:34,912 - INFO - Batch 1580/2278: Loss=1.1882, Cls=0.0000, Reg=0.0000, Con=3.9608
2025-09-14 09:33:35,829 - INFO - Batch 1590/2278: Loss=0.0000, Cls=0.0000, Reg=0.0000, Con=0.0000
2025-09-14 09:33:36,738 - INFO - Batch 1600/2278: Loss=1.1904, Cls=0.0021, Reg=0.0000, Con=3.9608
2025-09-14 09:33:37,653 - INFO - Batch 1610/2278: Loss=0.0000, Cls=0.0000, Reg=0.0000, Con=0.0000
2025-09-14 09:33:38,587 - INFO - Batch 1620/2278: Loss=1.1888, Cls=0.0005, Reg=0.0000, Con=3.9608
2025-09-14 09:33:39,488 - INFO - Batch 1630/2278: Loss=1.1885, Cls=0.0002, Reg=0.0000, Con=3.9610
2025-09-14 09:33:40,410 - INFO - Batch 1640/2278: Loss=0.0000, Cls=0.0000, Reg=0.0000, Con=0.0000
2025-09-14 09:33:41,332 - INFO - Batch 1650/2278: Loss=1.1883, Cls=0.0000, Reg=0.0000, Con=3.9609
2025-09-14 09:33:42,254 - INFO - Batch 1660/2278: Loss=1.1884, Cls=0.0000, Reg=0.0000, Con=3.9613
2025-09-14 09:33:43,134 - INFO - Batch 1670/2278: Loss=1.1885, Cls=0.0002, Reg=0.0000, Con=3.9609
2025-09-14 09:33:44,034 - INFO - Batch 1680/2278: Loss=1.1884, Cls=0.0002, Reg=0.0000, Con=3.9607
2025-09-14 09:33:44,915 - INFO - Batch 1690/2278: Loss=1.1895, Cls=0.0012, Reg=0.0000, Con=3.9610
2025-09-14 09:33:45,818 - INFO - Batch 1700/2278: Loss=1.1887, Cls=0.0005, Reg=0.0000, Con=3.9608
2025-09-14 09:33:46,719 - INFO - Batch 1710/2278: Loss=0.0000, Cls=0.0000, Reg=0.0000, Con=0.0000
2025-09-14 09:33:47,612 - INFO - Batch 1720/2278: Loss=0.0001, Cls=0.0001, Reg=0.0000, Con=0.0000
2025-09-14 09:33:48,504 - INFO - Batch 1730/2278: Loss=1.1893, Cls=0.0010, Reg=0.0000, Con=3.9608
2025-09-14 09:33:49,403 - INFO - Batch 1740/2278: Loss=1.1895, Cls=0.0013, Reg=0.0000, Con=3.9609
2025-09-14 09:33:50,320 - INFO - Batch 1750/2278: Loss=0.3680, Cls=0.3680, Reg=0.0000, Con=0.0000
2025-09-14 09:33:51,262 - INFO - Batch 1760/2278: Loss=1.1884, Cls=0.0000, Reg=0.0000, Con=3.9612
2025-09-14 09:33:52,172 - INFO - Batch 1770/2278: Loss=0.0023, Cls=0.0023, Reg=0.0000, Con=0.0000
2025-09-14 09:33:53,081 - INFO - Batch 1780/2278: Loss=0.0127, Cls=0.0127, Reg=0.0000, Con=0.0000
2025-09-14 09:33:53,993 - INFO - Batch 1790/2278: Loss=0.0005, Cls=0.0005, Reg=0.0000, Con=0.0000
2025-09-14 09:33:54,905 - INFO - Batch 1800/2278: Loss=1.1900, Cls=0.0018, Reg=0.0000, Con=3.9607
2025-09-14 09:33:55,794 - INFO - Batch 1810/2278: Loss=0.0016, Cls=0.0016, Reg=0.0000, Con=0.0000
2025-09-14 09:33:56,697 - INFO - Batch 1820/2278: Loss=0.0014, Cls=0.0014, Reg=0.0000, Con=0.0000
2025-09-14 09:33:57,596 - INFO - Batch 1830/2278: Loss=1.1916, Cls=0.0034, Reg=0.0000, Con=3.9608
2025-09-14 09:33:58,520 - INFO - Batch 1840/2278: Loss=0.0001, Cls=0.0001, Reg=0.0000, Con=0.0000
2025-09-14 09:33:59,472 - INFO - Batch 1850/2278: Loss=1.1883, Cls=0.0000, Reg=0.0000, Con=3.9609
2025-09-14 09:34:00,414 - INFO - Batch 1860/2278: Loss=1.1882, Cls=0.0000, Reg=0.0000, Con=3.9607
2025-09-14 09:34:01,371 - INFO - Batch 1870/2278: Loss=0.0004, Cls=0.0004, Reg=0.0000, Con=0.0000
2025-09-14 09:34:02,293 - INFO - Batch 1880/2278: Loss=1.1889, Cls=0.0007, Reg=0.0000, Con=3.9607
2025-09-14 09:34:03,205 - INFO - Batch 1890/2278: Loss=0.0000, Cls=0.0000, Reg=0.0000, Con=0.0000
2025-09-14 09:34:04,116 - INFO - Batch 1900/2278: Loss=2.5079, Cls=2.5079, Reg=0.0000, Con=0.0000
2025-09-14 09:34:04,996 - INFO - Batch 1910/2278: Loss=1.1883, Cls=0.0000, Reg=0.0000, Con=3.9610
2025-09-14 09:34:05,902 - INFO - Batch 1920/2278: Loss=0.0000, Cls=0.0000, Reg=0.0000, Con=0.0000
2025-09-14 09:34:06,817 - INFO - Batch 1930/2278: Loss=1.1886, Cls=0.0002, Reg=0.0000, Con=3.9611
2025-09-14 09:34:07,704 - INFO - Batch 1940/2278: Loss=1.1889, Cls=0.0007, Reg=0.0000, Con=3.9607
2025-09-14 09:34:08,582 - INFO - Batch 1950/2278: Loss=1.1883, Cls=0.0000, Reg=0.0000, Con=3.9609
2025-09-14 09:34:09,517 - INFO - Batch 1960/2278: Loss=1.1884, Cls=0.0001, Reg=0.0000, Con=3.9610
2025-09-14 09:34:10,447 - INFO - Batch 1970/2278: Loss=0.0000, Cls=0.0000, Reg=0.0000, Con=0.0000
2025-09-14 09:34:11,388 - INFO - Batch 1980/2278: Loss=1.1946, Cls=0.0063, Reg=0.0000, Con=3.9610
2025-09-14 09:34:12,342 - INFO - Batch 1990/2278: Loss=1.1886, Cls=0.0004, Reg=0.0000, Con=3.9608
2025-09-14 09:34:13,242 - INFO - Batch 2000/2278: Loss=1.1901, Cls=0.0017, Reg=0.0000, Con=3.9610
2025-09-14 09:34:14,147 - INFO - Batch 2010/2278: Loss=1.1891, Cls=0.0008, Reg=0.0000, Con=3.9608
2025-09-14 09:34:15,086 - INFO - Batch 2020/2278: Loss=1.1883, Cls=0.0001, Reg=0.0000, Con=3.9608
2025-09-14 09:34:16,015 - INFO - Batch 2030/2278: Loss=1.2190, Cls=0.0307, Reg=0.0000, Con=3.9608
2025-09-14 09:34:16,919 - INFO - Batch 2040/2278: Loss=1.1889, Cls=0.0006, Reg=0.0000, Con=3.9610
2025-09-14 09:34:17,852 - INFO - Batch 2050/2278: Loss=0.0001, Cls=0.0001, Reg=0.0000, Con=0.0000
2025-09-14 09:34:18,760 - INFO - Batch 2060/2278: Loss=1.1935, Cls=0.0052, Reg=0.0000, Con=3.9609
2025-09-14 09:34:19,687 - INFO - Batch 2070/2278: Loss=0.0027, Cls=0.0027, Reg=0.0000, Con=0.0000
2025-09-14 09:34:20,596 - INFO - Batch 2080/2278: Loss=1.1884, Cls=0.0000, Reg=0.0000, Con=3.9613
2025-09-14 09:34:21,515 - INFO - Batch 2090/2278: Loss=1.1888, Cls=0.0005, Reg=0.0000, Con=3.9607
2025-09-14 09:34:22,431 - INFO - Batch 2100/2278: Loss=1.1886, Cls=0.0000, Reg=0.0000, Con=3.9619
2025-09-14 09:34:23,330 - INFO - Batch 2110/2278: Loss=1.1906, Cls=0.0023, Reg=0.0000, Con=3.9609
2025-09-14 09:34:24,263 - INFO - Batch 2120/2278: Loss=1.0060, Cls=1.0060, Reg=0.0000, Con=0.0000
2025-09-14 09:34:25,179 - INFO - Batch 2130/2278: Loss=0.0001, Cls=0.0001, Reg=0.0000, Con=0.0000
2025-09-14 09:34:26,104 - INFO - Batch 2140/2278: Loss=0.0001, Cls=0.0001, Reg=0.0000, Con=0.0000
2025-09-14 09:34:26,976 - INFO - Batch 2150/2278: Loss=1.1883, Cls=0.0000, Reg=0.0000, Con=3.9608
2025-09-14 09:34:27,871 - INFO - Batch 2160/2278: Loss=1.2185, Cls=0.0303, Reg=0.0000, Con=3.9609
2025-09-14 09:34:28,759 - INFO - Batch 2170/2278: Loss=1.1896, Cls=0.0014, Reg=0.0000, Con=3.9608
2025-09-14 09:34:29,648 - INFO - Batch 2180/2278: Loss=0.0035, Cls=0.0035, Reg=0.0000, Con=0.0000
2025-09-14 09:34:30,580 - INFO - Batch 2190/2278: Loss=1.1886, Cls=0.0003, Reg=0.0000, Con=3.9609
2025-09-14 09:34:31,491 - INFO - Batch 2200/2278: Loss=1.1884, Cls=0.0002, Reg=0.0000, Con=3.9608
2025-09-14 09:34:32,386 - INFO - Batch 2210/2278: Loss=0.0000, Cls=0.0000, Reg=0.0000, Con=0.0000
2025-09-14 09:34:33,306 - INFO - Batch 2220/2278: Loss=0.0002, Cls=0.0002, Reg=0.0000, Con=0.0000
2025-09-14 09:34:34,202 - INFO - Batch 2230/2278: Loss=1.1883, Cls=0.0000, Reg=0.0000, Con=3.9609
2025-09-14 09:34:35,113 - INFO - Batch 2240/2278: Loss=7.1454, Cls=5.9569, Reg=0.0000, Con=3.9617
2025-09-14 09:34:36,023 - INFO - Batch 2250/2278: Loss=1.1883, Cls=0.0000, Reg=0.0000, Con=3.9608
2025-09-14 09:34:36,930 - INFO - Batch 2260/2278: Loss=0.0001, Cls=0.0001, Reg=0.0000, Con=0.0000
2025-09-14 09:34:37,864 - INFO - Batch 2270/2278: Loss=0.0006, Cls=0.0006, Reg=0.0000, Con=0.0000
2025-09-14 09:38:08,712 - INFO - === Epoch 3 Results ===
2025-09-14 09:38:08,712 - INFO - Training Loss: 0.8734 (Classification: 0.0993, Regression: 0.0000)
2025-09-14 09:38:08,712 - INFO - Validation Loss: 0.0390 (Classification: 0.0390, Regression: 0.0000)
2025-09-14 09:38:08,712 - INFO - Average Classification Accuracy: 0.9671 (on 1/26 tasks)
2025-09-14 09:38:08,712 - INFO - Average AUC: 0.8486
2025-09-14 09:38:11,747 - INFO - Best model saved to: experiments/r1c3_headft_cls_20_seed_42_20250914_091711/checkpoints/r1c3_headft_cls_20_seed_42_best.pth
2025-09-14 09:38:11,747 - INFO - Training finished!
2025-09-14 09:38:11,747 - INFO - Performing final evaluation...
2025-09-14 09:38:12,005 - INFO - Loaded best model from: experiments/r1c3_headft_cls_20_seed_42_20250914_091711/checkpoints/r1c3_headft_cls_20_seed_42_best.pth
2025-09-14 09:41:42,102 - INFO - Final Validation Results:
2025-09-14 09:41:42,102 - INFO -   Total Loss: 0.0390
2025-09-14 09:41:42,102 - INFO -   Classification Loss: 0.0390
2025-09-14 09:41:42,102 - INFO -   Regression Loss: 0.0000
2025-09-14 09:41:42,102 - INFO -   Average Classification Accuracy: 0.9671
2025-09-14 09:41:42,102 - INFO -   Average AUC: 0.8486
2025-09-14 09:41:42,103 - INFO - Results saved to: experiments/r1c3_headft_cls_20_seed_42_20250914_091711/checkpoints/r1c3_headft_cls_20_seed_42_results.json
