2025-09-13 20:10:47,877 - INFO - 🔬 Starting experiment: r1c3_single_cls_17_seed_42
2025-09-13 20:10:47,877 - INFO - 📁 Experiment directory: experiments/r1c3_single_cls_17_seed_42_20250913_201047
2025-09-13 20:10:47,877 - INFO - 🎲 Random seed: 42
2025-09-13 20:10:47,877 - INFO - 🔒 Deterministic mode: True
2025-09-13 20:10:47,877 - INFO - Using device: cuda
2025-09-13 20:10:47,877 - INFO - Total GPU Memory: 25.16 GB
2025-09-13 20:10:47,896 - INFO - 🧪 Fusion: Using cross-attention dynamic fusion
2025-09-13 20:10:47,896 - INFO - 🧪 GNN Backbone: Using default GraphAttentionNetwork branch
2025-09-13 20:10:47,896 - INFO - 🎯 Task Mode: Single classification endpoint 17
2025-09-13 20:10:47,896 - INFO - Configuration saved to: experiments/r1c3_single_cls_17_seed_42_20250913_201047/checkpoints/config.json
2025-09-13 20:10:47,897 - INFO - 🚀 Using preprocessed data from: data/data/processed
2025-09-13 20:10:47,897 - INFO - Loading LMDB dataset from: data/data/processed
2025-09-13 20:10:48,297 - INFO - Number of training batches: 2278
2025-09-13 20:10:48,297 - INFO - Number of validation batches: 2278
2025-09-13 20:10:48,297 - INFO - Number of test batches: 2278
2025-09-13 20:10:48,297 - INFO - Creating ToxD4C model...
2025-09-13 20:10:49,347 - INFO - Model created successfully. Total parameters: 100,932,036
2025-09-13 20:10:49,348 - INFO - Testing model forward pass...
2025-09-13 20:10:49,776 - INFO - Test output shapes:
2025-09-13 20:10:49,776 - INFO -   classification: torch.Size([16, 1])
2025-09-13 20:10:49,779 - INFO -   classification contains NaN: False
2025-09-13 20:10:49,779 - INFO -   classification contains Inf: False
2025-09-13 20:10:49,779 - INFO -   regression: torch.Size([16, 0])
2025-09-13 20:10:49,779 - INFO -   regression contains NaN: False
2025-09-13 20:10:49,779 - INFO -   regression contains Inf: False
2025-09-13 20:10:49,779 - INFO - Model forward pass test successful!
2025-09-13 20:10:50,489 - INFO - 🔁 Loaded checkpoint from: experiments/r1c3_multi_full_seed_42_20250913_152627/checkpoints/r1c3_multi_full_seed_42_best.pth
2025-09-13 20:10:50,490 - INFO - 🧩 Head-only fine-tuning: unfroze head for task 'NR-Aromatase' and froze trunk.
2025-09-13 20:10:50,491 - INFO - Starting training...
2025-09-13 20:10:50,491 - INFO - 
Epoch 1/3
2025-09-13 20:10:50,636 - INFO - Batch 0/2278: Loss=0.0017, Cls=0.0017, Reg=0.0000, Con=0.0000
2025-09-13 20:10:51,556 - INFO - Batch 10/2278: Loss=0.0066, Cls=0.0066, Reg=0.0000, Con=0.0000
2025-09-13 20:10:52,443 - INFO - Batch 20/2278: Loss=1.2387, Cls=0.0504, Reg=0.0000, Con=3.9610
2025-09-13 20:10:53,294 - INFO - Batch 30/2278: Loss=0.0000, Cls=0.0000, Reg=0.0000, Con=0.0000
2025-09-13 20:10:54,161 - INFO - Batch 40/2278: Loss=0.0050, Cls=0.0050, Reg=0.0000, Con=0.0000
2025-09-13 20:10:55,036 - INFO - Batch 50/2278: Loss=1.1917, Cls=0.0035, Reg=0.0000, Con=3.9609
2025-09-13 20:10:55,924 - INFO - Batch 60/2278: Loss=1.2439, Cls=0.0556, Reg=0.0000, Con=3.9609
2025-09-13 20:10:56,831 - INFO - Batch 70/2278: Loss=1.1882, Cls=0.0000, Reg=0.0000, Con=3.9608
2025-09-13 20:10:57,682 - INFO - Batch 80/2278: Loss=0.0007, Cls=0.0007, Reg=0.0000, Con=0.0000
2025-09-13 20:10:58,572 - INFO - Batch 90/2278: Loss=0.0007, Cls=0.0007, Reg=0.0000, Con=0.0000
2025-09-13 20:10:59,445 - INFO - Batch 100/2278: Loss=0.0186, Cls=0.0186, Reg=0.0000, Con=0.0000
2025-09-13 20:11:00,345 - INFO - Batch 110/2278: Loss=1.6381, Cls=1.6381, Reg=0.0000, Con=0.0000
2025-09-13 20:11:01,211 - INFO - Batch 120/2278: Loss=1.1893, Cls=0.0010, Reg=0.0000, Con=3.9609
2025-09-13 20:11:02,084 - INFO - Batch 130/2278: Loss=1.1893, Cls=0.0010, Reg=0.0000, Con=3.9609
2025-09-13 20:11:02,956 - INFO - Batch 140/2278: Loss=1.1888, Cls=0.0004, Reg=0.0000, Con=3.9615
2025-09-13 20:11:03,844 - INFO - Batch 150/2278: Loss=1.1887, Cls=0.0003, Reg=0.0000, Con=3.9613
2025-09-13 20:11:04,723 - INFO - Batch 160/2278: Loss=1.1962, Cls=0.0079, Reg=0.0000, Con=3.9611
2025-09-13 20:11:05,600 - INFO - Batch 170/2278: Loss=1.1889, Cls=0.0006, Reg=0.0000, Con=3.9611
2025-09-13 20:11:06,490 - INFO - Batch 180/2278: Loss=1.1887, Cls=0.0004, Reg=0.0000, Con=3.9610
2025-09-13 20:11:07,373 - INFO - Batch 190/2278: Loss=2.3145, Cls=1.1263, Reg=0.0000, Con=3.9608
2025-09-13 20:11:08,240 - INFO - Batch 200/2278: Loss=0.0034, Cls=0.0034, Reg=0.0000, Con=0.0000
2025-09-13 20:11:09,124 - INFO - Batch 210/2278: Loss=0.0005, Cls=0.0005, Reg=0.0000, Con=0.0000
2025-09-13 20:11:10,005 - INFO - Batch 220/2278: Loss=0.0005, Cls=0.0005, Reg=0.0000, Con=0.0000
2025-09-13 20:11:10,898 - INFO - Batch 230/2278: Loss=1.1885, Cls=0.0002, Reg=0.0000, Con=3.9610
2025-09-13 20:11:11,785 - INFO - Batch 240/2278: Loss=1.1906, Cls=0.0023, Reg=0.0000, Con=3.9608
2025-09-13 20:11:12,648 - INFO - Batch 250/2278: Loss=0.0007, Cls=0.0007, Reg=0.0000, Con=0.0000
2025-09-13 20:11:13,513 - INFO - Batch 260/2278: Loss=0.0008, Cls=0.0008, Reg=0.0000, Con=0.0000
2025-09-13 20:11:14,393 - INFO - Batch 270/2278: Loss=0.0000, Cls=0.0000, Reg=0.0000, Con=0.0000
2025-09-13 20:11:15,259 - INFO - Batch 280/2278: Loss=1.1887, Cls=0.0004, Reg=0.0000, Con=3.9611
2025-09-13 20:11:16,133 - INFO - Batch 290/2278: Loss=0.0026, Cls=0.0026, Reg=0.0000, Con=0.0000
2025-09-13 20:11:17,004 - INFO - Batch 300/2278: Loss=1.1890, Cls=0.0007, Reg=0.0000, Con=3.9609
2025-09-13 20:11:17,887 - INFO - Batch 310/2278: Loss=1.1951, Cls=0.0067, Reg=0.0000, Con=3.9612
2025-09-13 20:11:18,754 - INFO - Batch 320/2278: Loss=0.0010, Cls=0.0010, Reg=0.0000, Con=0.0000
2025-09-13 20:11:19,659 - INFO - Batch 330/2278: Loss=1.1950, Cls=0.0067, Reg=0.0000, Con=3.9609
2025-09-13 20:11:20,531 - INFO - Batch 340/2278: Loss=1.2125, Cls=0.0241, Reg=0.0000, Con=3.9610
2025-09-13 20:11:21,442 - INFO - Batch 350/2278: Loss=1.1883, Cls=0.0000, Reg=0.0000, Con=3.9611
2025-09-13 20:11:22,330 - INFO - Batch 360/2278: Loss=1.1882, Cls=0.0000, Reg=0.0000, Con=3.9607
2025-09-13 20:11:23,213 - INFO - Batch 370/2278: Loss=1.1914, Cls=0.0031, Reg=0.0000, Con=3.9609
2025-09-13 20:11:24,092 - INFO - Batch 380/2278: Loss=1.1891, Cls=0.0009, Reg=0.0000, Con=3.9607
2025-09-13 20:11:24,992 - INFO - Batch 390/2278: Loss=1.1882, Cls=0.0000, Reg=0.0000, Con=3.9607
2025-09-13 20:11:25,888 - INFO - Batch 400/2278: Loss=0.0045, Cls=0.0045, Reg=0.0000, Con=0.0000
2025-09-13 20:11:26,761 - INFO - Batch 410/2278: Loss=0.0022, Cls=0.0022, Reg=0.0000, Con=0.0000
2025-09-13 20:11:27,641 - INFO - Batch 420/2278: Loss=0.0101, Cls=0.0101, Reg=0.0000, Con=0.0000
2025-09-13 20:11:28,530 - INFO - Batch 430/2278: Loss=1.1962, Cls=0.0080, Reg=0.0000, Con=3.9607
2025-09-13 20:11:29,405 - INFO - Batch 440/2278: Loss=1.1892, Cls=0.0009, Reg=0.0000, Con=3.9608
2025-09-13 20:11:30,266 - INFO - Batch 450/2278: Loss=1.1900, Cls=0.0017, Reg=0.0000, Con=3.9607
2025-09-13 20:11:31,121 - INFO - Batch 460/2278: Loss=1.2047, Cls=0.0165, Reg=0.0000, Con=3.9607
2025-09-13 20:11:32,016 - INFO - Batch 470/2278: Loss=1.1888, Cls=0.0005, Reg=0.0000, Con=3.9611
2025-09-13 20:11:32,912 - INFO - Batch 480/2278: Loss=1.1889, Cls=0.0007, Reg=0.0000, Con=3.9607
2025-09-13 20:11:33,790 - INFO - Batch 490/2278: Loss=0.0000, Cls=0.0000, Reg=0.0000, Con=0.0000
2025-09-13 20:11:34,660 - INFO - Batch 500/2278: Loss=0.0009, Cls=0.0009, Reg=0.0000, Con=0.0000
2025-09-13 20:11:35,531 - INFO - Batch 510/2278: Loss=1.1883, Cls=0.0000, Reg=0.0000, Con=3.9609
2025-09-13 20:11:36,402 - INFO - Batch 520/2278: Loss=1.1890, Cls=0.0007, Reg=0.0000, Con=3.9608
2025-09-13 20:11:37,271 - INFO - Batch 530/2278: Loss=1.1889, Cls=0.0007, Reg=0.0000, Con=3.9608
2025-09-13 20:11:38,176 - INFO - Batch 540/2278: Loss=1.1891, Cls=0.0008, Reg=0.0000, Con=3.9610
2025-09-13 20:11:39,058 - INFO - Batch 550/2278: Loss=1.1882, Cls=0.0000, Reg=0.0000, Con=3.9607
2025-09-13 20:11:39,949 - INFO - Batch 560/2278: Loss=1.1883, Cls=0.0001, Reg=0.0000, Con=3.9609
2025-09-13 20:11:40,864 - INFO - Batch 570/2278: Loss=1.3067, Cls=0.1184, Reg=0.0000, Con=3.9608
2025-09-13 20:11:41,760 - INFO - Batch 580/2278: Loss=0.0003, Cls=0.0003, Reg=0.0000, Con=0.0000
2025-09-13 20:11:42,630 - INFO - Batch 590/2278: Loss=0.0021, Cls=0.0021, Reg=0.0000, Con=0.0000
2025-09-13 20:11:43,521 - INFO - Batch 600/2278: Loss=1.1883, Cls=0.0000, Reg=0.0000, Con=3.9609
2025-09-13 20:11:44,393 - INFO - Batch 610/2278: Loss=1.1884, Cls=0.0001, Reg=0.0000, Con=3.9609
2025-09-13 20:11:45,261 - INFO - Batch 620/2278: Loss=1.1889, Cls=0.0007, Reg=0.0000, Con=3.9608
2025-09-13 20:11:46,157 - INFO - Batch 630/2278: Loss=0.0000, Cls=0.0000, Reg=0.0000, Con=0.0000
2025-09-13 20:11:47,068 - INFO - Batch 640/2278: Loss=3.6597, Cls=2.4715, Reg=0.0000, Con=3.9608
2025-09-13 20:11:47,946 - INFO - Batch 650/2278: Loss=1.1886, Cls=0.0002, Reg=0.0000, Con=3.9613
2025-09-13 20:11:48,834 - INFO - Batch 660/2278: Loss=1.1882, Cls=0.0000, Reg=0.0000, Con=3.9608
2025-09-13 20:11:49,703 - INFO - Batch 670/2278: Loss=1.1893, Cls=0.0010, Reg=0.0000, Con=3.9608
2025-09-13 20:11:50,568 - INFO - Batch 680/2278: Loss=1.1882, Cls=0.0000, Reg=0.0000, Con=3.9608
2025-09-13 20:11:51,436 - INFO - Batch 690/2278: Loss=0.0039, Cls=0.0039, Reg=0.0000, Con=0.0000
2025-09-13 20:11:52,348 - INFO - Batch 700/2278: Loss=0.0001, Cls=0.0001, Reg=0.0000, Con=0.0000
2025-09-13 20:11:53,245 - INFO - Batch 710/2278: Loss=1.1882, Cls=0.0000, Reg=0.0000, Con=3.9607
2025-09-13 20:11:54,155 - INFO - Batch 720/2278: Loss=1.1883, Cls=0.0000, Reg=0.0000, Con=3.9609
2025-09-13 20:11:55,029 - INFO - Batch 730/2278: Loss=1.1909, Cls=0.0025, Reg=0.0000, Con=3.9613
2025-09-13 20:11:55,910 - INFO - Batch 740/2278: Loss=1.1883, Cls=0.0000, Reg=0.0000, Con=3.9610
2025-09-13 20:11:56,778 - INFO - Batch 750/2278: Loss=1.1944, Cls=0.0062, Reg=0.0000, Con=3.9609
2025-09-13 20:11:57,656 - INFO - Batch 760/2278: Loss=1.2065, Cls=0.0183, Reg=0.0000, Con=3.9608
2025-09-13 20:11:58,529 - INFO - Batch 770/2278: Loss=1.1883, Cls=0.0001, Reg=0.0000, Con=3.9610
2025-09-13 20:11:59,415 - INFO - Batch 780/2278: Loss=4.1804, Cls=2.9921, Reg=0.0000, Con=3.9608
2025-09-13 20:12:00,281 - INFO - Batch 790/2278: Loss=0.0009, Cls=0.0009, Reg=0.0000, Con=0.0000
2025-09-13 20:12:01,156 - INFO - Batch 800/2278: Loss=1.1884, Cls=0.0000, Reg=0.0000, Con=3.9612
2025-09-13 20:12:02,022 - INFO - Batch 810/2278: Loss=1.1885, Cls=0.0001, Reg=0.0000, Con=3.9612
2025-09-13 20:12:02,908 - INFO - Batch 820/2278: Loss=1.1883, Cls=0.0000, Reg=0.0000, Con=3.9609
2025-09-13 20:12:03,782 - INFO - Batch 830/2278: Loss=1.1889, Cls=0.0006, Reg=0.0000, Con=3.9609
2025-09-13 20:12:04,670 - INFO - Batch 840/2278: Loss=1.1931, Cls=0.0048, Reg=0.0000, Con=3.9608
2025-09-13 20:12:05,542 - INFO - Batch 850/2278: Loss=0.0279, Cls=0.0279, Reg=0.0000, Con=0.0000
2025-09-13 20:12:06,426 - INFO - Batch 860/2278: Loss=1.1885, Cls=0.0003, Reg=0.0000, Con=3.9607
2025-09-13 20:12:07,300 - INFO - Batch 870/2278: Loss=0.0003, Cls=0.0003, Reg=0.0000, Con=0.0000
2025-09-13 20:12:08,192 - INFO - Batch 880/2278: Loss=0.0021, Cls=0.0021, Reg=0.0000, Con=0.0000
2025-09-13 20:12:09,055 - INFO - Batch 890/2278: Loss=0.0036, Cls=0.0036, Reg=0.0000, Con=0.0000
2025-09-13 20:12:09,930 - INFO - Batch 900/2278: Loss=1.1934, Cls=0.0051, Reg=0.0000, Con=3.9609
2025-09-13 20:12:10,802 - INFO - Batch 910/2278: Loss=2.3142, Cls=1.1259, Reg=0.0000, Con=3.9609
2025-09-13 20:12:11,667 - INFO - Batch 920/2278: Loss=3.0526, Cls=1.8643, Reg=0.0000, Con=3.9610
2025-09-13 20:12:12,560 - INFO - Batch 930/2278: Loss=1.4320, Cls=0.2437, Reg=0.0000, Con=3.9608
2025-09-13 20:12:13,421 - INFO - Batch 940/2278: Loss=1.1886, Cls=0.0004, Reg=0.0000, Con=3.9609
2025-09-13 20:12:14,290 - INFO - Batch 950/2278: Loss=1.1883, Cls=0.0000, Reg=0.0000, Con=3.9611
2025-09-13 20:12:15,161 - INFO - Batch 960/2278: Loss=1.1944, Cls=0.0061, Reg=0.0000, Con=3.9609
2025-09-13 20:12:16,043 - INFO - Batch 970/2278: Loss=1.6442, Cls=0.4558, Reg=0.0000, Con=3.9612
2025-09-13 20:12:16,913 - INFO - Batch 980/2278: Loss=0.0007, Cls=0.0007, Reg=0.0000, Con=0.0000
2025-09-13 20:12:17,772 - INFO - Batch 990/2278: Loss=0.0000, Cls=0.0000, Reg=0.0000, Con=0.0000
2025-09-13 20:12:18,642 - INFO - Batch 1000/2278: Loss=1.1946, Cls=0.0064, Reg=0.0000, Con=3.9609
2025-09-13 20:12:19,521 - INFO - Batch 1010/2278: Loss=2.1723, Cls=0.9840, Reg=0.0000, Con=3.9608
2025-09-13 20:12:20,396 - INFO - Batch 1020/2278: Loss=0.0003, Cls=0.0003, Reg=0.0000, Con=0.0000
2025-09-13 20:12:21,277 - INFO - Batch 1030/2278: Loss=1.1884, Cls=0.0001, Reg=0.0000, Con=3.9610
2025-09-13 20:12:22,157 - INFO - Batch 1040/2278: Loss=1.1888, Cls=0.0006, Reg=0.0000, Con=3.9607
2025-09-13 20:12:23,052 - INFO - Batch 1050/2278: Loss=1.1883, Cls=0.0000, Reg=0.0000, Con=3.9609
2025-09-13 20:12:23,906 - INFO - Batch 1060/2278: Loss=1.1898, Cls=0.0015, Reg=0.0000, Con=3.9608
2025-09-13 20:12:24,782 - INFO - Batch 1070/2278: Loss=1.1884, Cls=0.0001, Reg=0.0000, Con=3.9608
2025-09-13 20:12:25,639 - INFO - Batch 1080/2278: Loss=0.0062, Cls=0.0062, Reg=0.0000, Con=0.0000
2025-09-13 20:12:26,526 - INFO - Batch 1090/2278: Loss=1.1883, Cls=0.0000, Reg=0.0000, Con=3.9609
2025-09-13 20:12:27,410 - INFO - Batch 1100/2278: Loss=1.4114, Cls=1.4114, Reg=0.0000, Con=0.0000
2025-09-13 20:12:28,310 - INFO - Batch 1110/2278: Loss=1.1884, Cls=0.0001, Reg=0.0000, Con=3.9608
2025-09-13 20:12:29,179 - INFO - Batch 1120/2278: Loss=0.0000, Cls=0.0000, Reg=0.0000, Con=0.0000
2025-09-13 20:12:30,066 - INFO - Batch 1130/2278: Loss=1.1907, Cls=0.0024, Reg=0.0000, Con=3.9608
2025-09-13 20:12:30,965 - INFO - Batch 1140/2278: Loss=1.2259, Cls=0.0377, Reg=0.0000, Con=3.9608
2025-09-13 20:12:31,838 - INFO - Batch 1150/2278: Loss=1.1899, Cls=0.0016, Reg=0.0000, Con=3.9611
2025-09-13 20:12:32,718 - INFO - Batch 1160/2278: Loss=1.1898, Cls=0.0015, Reg=0.0000, Con=3.9609
2025-09-13 20:12:33,583 - INFO - Batch 1170/2278: Loss=1.4198, Cls=1.4198, Reg=0.0000, Con=0.0000
2025-09-13 20:12:34,456 - INFO - Batch 1180/2278: Loss=1.1884, Cls=0.0001, Reg=0.0000, Con=3.9609
2025-09-13 20:12:35,324 - INFO - Batch 1190/2278: Loss=1.1914, Cls=0.0031, Reg=0.0000, Con=3.9609
2025-09-13 20:12:36,200 - INFO - Batch 1200/2278: Loss=0.0071, Cls=0.0071, Reg=0.0000, Con=0.0000
2025-09-13 20:12:37,094 - INFO - Batch 1210/2278: Loss=1.1883, Cls=0.0000, Reg=0.0000, Con=3.9610
2025-09-13 20:12:37,959 - INFO - Batch 1220/2278: Loss=0.0012, Cls=0.0012, Reg=0.0000, Con=0.0000
2025-09-13 20:12:38,838 - INFO - Batch 1230/2278: Loss=1.1931, Cls=0.0049, Reg=0.0000, Con=3.9609
2025-09-13 20:12:39,747 - INFO - Batch 1240/2278: Loss=1.1883, Cls=0.0000, Reg=0.0000, Con=3.9609
2025-09-13 20:12:40,616 - INFO - Batch 1250/2278: Loss=0.0000, Cls=0.0000, Reg=0.0000, Con=0.0000
2025-09-13 20:12:41,503 - INFO - Batch 1260/2278: Loss=1.1885, Cls=0.0003, Reg=0.0000, Con=3.9608
2025-09-13 20:12:42,376 - INFO - Batch 1270/2278: Loss=1.1883, Cls=0.0001, Reg=0.0000, Con=3.9609
2025-09-13 20:12:43,267 - INFO - Batch 1280/2278: Loss=0.0009, Cls=0.0009, Reg=0.0000, Con=0.0000
2025-09-13 20:12:44,134 - INFO - Batch 1290/2278: Loss=0.0000, Cls=0.0000, Reg=0.0000, Con=0.0000
2025-09-13 20:12:45,013 - INFO - Batch 1300/2278: Loss=1.1887, Cls=0.0004, Reg=0.0000, Con=3.9610
2025-09-13 20:12:45,890 - INFO - Batch 1310/2278: Loss=1.1910, Cls=0.0027, Reg=0.0000, Con=3.9611
2025-09-13 20:12:46,770 - INFO - Batch 1320/2278: Loss=0.0000, Cls=0.0000, Reg=0.0000, Con=0.0000
2025-09-13 20:12:47,644 - INFO - Batch 1330/2278: Loss=1.1884, Cls=0.0000, Reg=0.0000, Con=3.9613
2025-09-13 20:12:48,526 - INFO - Batch 1340/2278: Loss=1.1882, Cls=0.0000, Reg=0.0000, Con=3.9608
2025-09-13 20:12:49,400 - INFO - Batch 1350/2278: Loss=0.0001, Cls=0.0001, Reg=0.0000, Con=0.0000
2025-09-13 20:12:50,274 - INFO - Batch 1360/2278: Loss=1.1887, Cls=0.0004, Reg=0.0000, Con=3.9610
2025-09-13 20:12:51,155 - INFO - Batch 1370/2278: Loss=1.1882, Cls=0.0000, Reg=0.0000, Con=3.9608
2025-09-13 20:12:52,036 - INFO - Batch 1380/2278: Loss=3.6799, Cls=2.4916, Reg=0.0000, Con=3.9608
2025-09-13 20:12:52,941 - INFO - Batch 1390/2278: Loss=1.1890, Cls=0.0007, Reg=0.0000, Con=3.9608
2025-09-13 20:12:53,831 - INFO - Batch 1400/2278: Loss=1.1885, Cls=0.0003, Reg=0.0000, Con=3.9609
2025-09-13 20:12:54,742 - INFO - Batch 1410/2278: Loss=1.2059, Cls=0.0176, Reg=0.0000, Con=3.9612
2025-09-13 20:12:55,723 - INFO - Batch 1420/2278: Loss=0.0000, Cls=0.0000, Reg=0.0000, Con=0.0000
2025-09-13 20:12:56,703 - INFO - Batch 1430/2278: Loss=3.5362, Cls=2.3480, Reg=0.0000, Con=3.9609
2025-09-13 20:12:57,594 - INFO - Batch 1440/2278: Loss=1.1883, Cls=0.0000, Reg=0.0000, Con=3.9609
2025-09-13 20:12:58,440 - INFO - Batch 1450/2278: Loss=1.1882, Cls=0.0000, Reg=0.0000, Con=3.9608
2025-09-13 20:12:59,307 - INFO - Batch 1460/2278: Loss=0.0001, Cls=0.0001, Reg=0.0000, Con=0.0000
2025-09-13 20:13:00,188 - INFO - Batch 1470/2278: Loss=1.1883, Cls=0.0000, Reg=0.0000, Con=3.9609
2025-09-13 20:13:01,064 - INFO - Batch 1480/2278: Loss=1.9484, Cls=0.7602, Reg=0.0000, Con=3.9607
2025-09-13 20:13:01,965 - INFO - Batch 1490/2278: Loss=1.1883, Cls=0.0001, Reg=0.0000, Con=3.9609
2025-09-13 20:13:02,849 - INFO - Batch 1500/2278: Loss=1.1883, Cls=0.0000, Reg=0.0000, Con=3.9609
2025-09-13 20:13:03,744 - INFO - Batch 1510/2278: Loss=0.0000, Cls=0.0000, Reg=0.0000, Con=0.0000
2025-09-13 20:13:04,623 - INFO - Batch 1520/2278: Loss=1.1895, Cls=0.0013, Reg=0.0000, Con=3.9608
2025-09-13 20:13:05,483 - INFO - Batch 1530/2278: Loss=1.1883, Cls=0.0001, Reg=0.0000, Con=3.9608
2025-09-13 20:13:06,362 - INFO - Batch 1540/2278: Loss=1.2047, Cls=0.0164, Reg=0.0000, Con=3.9609
2025-09-13 20:13:07,259 - INFO - Batch 1550/2278: Loss=3.1606, Cls=1.9723, Reg=0.0000, Con=3.9610
2025-09-13 20:13:08,147 - INFO - Batch 1560/2278: Loss=1.2703, Cls=0.0821, Reg=0.0000, Con=3.9609
2025-09-13 20:13:09,057 - INFO - Batch 1570/2278: Loss=1.1903, Cls=0.0020, Reg=0.0000, Con=3.9608
2025-09-13 20:13:09,980 - INFO - Batch 1580/2278: Loss=1.1890, Cls=0.0008, Reg=0.0000, Con=3.9608
2025-09-13 20:13:10,860 - INFO - Batch 1590/2278: Loss=1.1883, Cls=0.0000, Reg=0.0000, Con=3.9609
2025-09-13 20:13:11,743 - INFO - Batch 1600/2278: Loss=1.1885, Cls=0.0003, Reg=0.0000, Con=3.9608
2025-09-13 20:13:12,624 - INFO - Batch 1610/2278: Loss=0.0044, Cls=0.0044, Reg=0.0000, Con=0.0000
2025-09-13 20:13:13,495 - INFO - Batch 1620/2278: Loss=0.0001, Cls=0.0001, Reg=0.0000, Con=0.0000
2025-09-13 20:13:14,398 - INFO - Batch 1630/2278: Loss=1.1882, Cls=0.0000, Reg=0.0000, Con=3.9608
2025-09-13 20:13:15,282 - INFO - Batch 1640/2278: Loss=0.0029, Cls=0.0029, Reg=0.0000, Con=0.0000
2025-09-13 20:13:16,166 - INFO - Batch 1650/2278: Loss=0.0023, Cls=0.0023, Reg=0.0000, Con=0.0000
2025-09-13 20:13:17,067 - INFO - Batch 1660/2278: Loss=0.0217, Cls=0.0217, Reg=0.0000, Con=0.0000
2025-09-13 20:13:17,929 - INFO - Batch 1670/2278: Loss=1.1884, Cls=0.0000, Reg=0.0000, Con=3.9612
2025-09-13 20:13:18,813 - INFO - Batch 1680/2278: Loss=1.6441, Cls=1.6441, Reg=0.0000, Con=0.0000
2025-09-13 20:13:19,714 - INFO - Batch 1690/2278: Loss=1.1938, Cls=0.0055, Reg=0.0000, Con=3.9612
2025-09-13 20:13:20,581 - INFO - Batch 1700/2278: Loss=1.1902, Cls=0.0019, Reg=0.0000, Con=3.9612
2025-09-13 20:13:21,453 - INFO - Batch 1710/2278: Loss=0.0001, Cls=0.0001, Reg=0.0000, Con=0.0000
2025-09-13 20:13:22,321 - INFO - Batch 1720/2278: Loss=1.1902, Cls=0.0019, Reg=0.0000, Con=3.9608
2025-09-13 20:13:23,200 - INFO - Batch 1730/2278: Loss=0.0003, Cls=0.0003, Reg=0.0000, Con=0.0000
2025-09-13 20:13:24,093 - INFO - Batch 1740/2278: Loss=0.0000, Cls=0.0000, Reg=0.0000, Con=0.0000
2025-09-13 20:13:24,978 - INFO - Batch 1750/2278: Loss=1.1883, Cls=0.0000, Reg=0.0000, Con=3.9609
2025-09-13 20:13:25,854 - INFO - Batch 1760/2278: Loss=1.1885, Cls=0.0002, Reg=0.0000, Con=3.9609
2025-09-13 20:13:26,754 - INFO - Batch 1770/2278: Loss=1.1882, Cls=0.0000, Reg=0.0000, Con=3.9608
2025-09-13 20:13:27,641 - INFO - Batch 1780/2278: Loss=1.1888, Cls=0.0005, Reg=0.0000, Con=3.9608
2025-09-13 20:13:28,505 - INFO - Batch 1790/2278: Loss=0.0000, Cls=0.0000, Reg=0.0000, Con=0.0000
2025-09-13 20:13:29,398 - INFO - Batch 1800/2278: Loss=0.0010, Cls=0.0010, Reg=0.0000, Con=0.0000
2025-09-13 20:13:30,289 - INFO - Batch 1810/2278: Loss=0.0024, Cls=0.0024, Reg=0.0000, Con=0.0000
2025-09-13 20:13:31,172 - INFO - Batch 1820/2278: Loss=2.9824, Cls=1.7941, Reg=0.0000, Con=3.9611
2025-09-13 20:13:32,048 - INFO - Batch 1830/2278: Loss=0.0333, Cls=0.0333, Reg=0.0000, Con=0.0000
2025-09-13 20:13:32,917 - INFO - Batch 1840/2278: Loss=0.0199, Cls=0.0199, Reg=0.0000, Con=0.0000
2025-09-13 20:13:33,924 - INFO - Batch 1850/2278: Loss=1.6883, Cls=0.5001, Reg=0.0000, Con=3.9608
2025-09-13 20:13:34,947 - INFO - Batch 1860/2278: Loss=0.0077, Cls=0.0077, Reg=0.0000, Con=0.0000
2025-09-13 20:13:35,831 - INFO - Batch 1870/2278: Loss=1.1883, Cls=0.0000, Reg=0.0000, Con=3.9608
2025-09-13 20:13:36,702 - INFO - Batch 1880/2278: Loss=0.0000, Cls=0.0000, Reg=0.0000, Con=0.0000
2025-09-13 20:13:37,597 - INFO - Batch 1890/2278: Loss=1.1903, Cls=0.0021, Reg=0.0000, Con=3.9609
2025-09-13 20:13:38,473 - INFO - Batch 1900/2278: Loss=1.4873, Cls=1.4873, Reg=0.0000, Con=0.0000
2025-09-13 20:13:39,338 - INFO - Batch 1910/2278: Loss=0.0011, Cls=0.0011, Reg=0.0000, Con=0.0000
2025-09-13 20:13:40,243 - INFO - Batch 1920/2278: Loss=1.1972, Cls=0.0090, Reg=0.0000, Con=3.9607
2025-09-13 20:13:41,148 - INFO - Batch 1930/2278: Loss=1.1889, Cls=0.0006, Reg=0.0000, Con=3.9607
2025-09-13 20:13:42,025 - INFO - Batch 1940/2278: Loss=1.2657, Cls=0.0775, Reg=0.0000, Con=3.9608
2025-09-13 20:13:42,897 - INFO - Batch 1950/2278: Loss=1.1918, Cls=0.0036, Reg=0.0000, Con=3.9608
2025-09-13 20:13:43,778 - INFO - Batch 1960/2278: Loss=1.1886, Cls=0.0003, Reg=0.0000, Con=3.9609
2025-09-13 20:13:44,634 - INFO - Batch 1970/2278: Loss=1.1883, Cls=0.0000, Reg=0.0000, Con=3.9611
2025-09-13 20:13:45,512 - INFO - Batch 1980/2278: Loss=1.1887, Cls=0.0004, Reg=0.0000, Con=3.9608
2025-09-13 20:13:46,392 - INFO - Batch 1990/2278: Loss=1.1886, Cls=0.0001, Reg=0.0000, Con=3.9615
2025-09-13 20:13:47,262 - INFO - Batch 2000/2278: Loss=1.6371, Cls=1.6371, Reg=0.0000, Con=0.0000
2025-09-13 20:13:48,144 - INFO - Batch 2010/2278: Loss=1.4050, Cls=0.2167, Reg=0.0000, Con=3.9608
2025-09-13 20:13:49,027 - INFO - Batch 2020/2278: Loss=1.1923, Cls=0.0041, Reg=0.0000, Con=3.9608
2025-09-13 20:13:49,907 - INFO - Batch 2030/2278: Loss=1.1882, Cls=0.0000, Reg=0.0000, Con=3.9607
2025-09-13 20:13:50,792 - INFO - Batch 2040/2278: Loss=1.1894, Cls=0.0011, Reg=0.0000, Con=3.9609
2025-09-13 20:13:51,683 - INFO - Batch 2050/2278: Loss=1.1899, Cls=0.0016, Reg=0.0000, Con=3.9608
2025-09-13 20:13:52,551 - INFO - Batch 2060/2278: Loss=0.0658, Cls=0.0658, Reg=0.0000, Con=0.0000
2025-09-13 20:13:53,419 - INFO - Batch 2070/2278: Loss=8.7719, Cls=7.5836, Reg=0.0000, Con=3.9611
2025-09-13 20:13:54,285 - INFO - Batch 2080/2278: Loss=1.1893, Cls=0.0010, Reg=0.0000, Con=3.9610
2025-09-13 20:13:55,169 - INFO - Batch 2090/2278: Loss=1.1888, Cls=0.0004, Reg=0.0000, Con=3.9612
2025-09-13 20:13:56,055 - INFO - Batch 2100/2278: Loss=4.0149, Cls=2.8266, Reg=0.0000, Con=3.9611
2025-09-13 20:13:56,952 - INFO - Batch 2110/2278: Loss=1.1884, Cls=0.0002, Reg=0.0000, Con=3.9609
2025-09-13 20:13:57,829 - INFO - Batch 2120/2278: Loss=1.6890, Cls=1.6890, Reg=0.0000, Con=0.0000
2025-09-13 20:13:58,736 - INFO - Batch 2130/2278: Loss=1.1885, Cls=0.0004, Reg=0.0000, Con=3.9606
2025-09-13 20:13:59,623 - INFO - Batch 2140/2278: Loss=1.1890, Cls=0.0008, Reg=0.0000, Con=3.9608
2025-09-13 20:14:00,499 - INFO - Batch 2150/2278: Loss=1.1963, Cls=0.0081, Reg=0.0000, Con=3.9607
2025-09-13 20:14:01,371 - INFO - Batch 2160/2278: Loss=1.9416, Cls=0.7533, Reg=0.0000, Con=3.9608
2025-09-13 20:14:02,244 - INFO - Batch 2170/2278: Loss=1.1889, Cls=0.0006, Reg=0.0000, Con=3.9609
2025-09-13 20:14:03,105 - INFO - Batch 2180/2278: Loss=0.0187, Cls=0.0187, Reg=0.0000, Con=0.0000
2025-09-13 20:14:04,007 - INFO - Batch 2190/2278: Loss=0.0000, Cls=0.0000, Reg=0.0000, Con=0.0000
2025-09-13 20:14:04,904 - INFO - Batch 2200/2278: Loss=1.1894, Cls=0.0013, Reg=0.0000, Con=3.9605
2025-09-13 20:14:05,791 - INFO - Batch 2210/2278: Loss=1.1884, Cls=0.0001, Reg=0.0000, Con=3.9609
2025-09-13 20:14:06,683 - INFO - Batch 2220/2278: Loss=1.1883, Cls=0.0000, Reg=0.0000, Con=3.9610
2025-09-13 20:14:07,566 - INFO - Batch 2230/2278: Loss=0.0061, Cls=0.0061, Reg=0.0000, Con=0.0000
2025-09-13 20:14:08,431 - INFO - Batch 2240/2278: Loss=0.0005, Cls=0.0005, Reg=0.0000, Con=0.0000
2025-09-13 20:14:09,283 - INFO - Batch 2250/2278: Loss=1.1883, Cls=0.0000, Reg=0.0000, Con=3.9609
2025-09-13 20:14:10,171 - INFO - Batch 2260/2278: Loss=1.2177, Cls=0.0294, Reg=0.0000, Con=3.9608
2025-09-13 20:14:11,052 - INFO - Batch 2270/2278: Loss=0.6963, Cls=0.6963, Reg=0.0000, Con=0.0000
2025-09-13 20:17:38,303 - INFO - === Epoch 1 Results ===
2025-09-13 20:17:38,304 - INFO - Training Loss: 0.9178 (Classification: 0.1526, Regression: 0.0000)
2025-09-13 20:17:38,304 - INFO - Validation Loss: 0.0409 (Classification: 0.0409, Regression: 0.0000)
2025-09-13 20:17:38,304 - INFO - Average Classification Accuracy: 0.9551 (on 1/26 tasks)
2025-09-13 20:17:38,304 - INFO - Average AUC: 0.8398
2025-09-13 20:17:38,836 - INFO - Best model saved to: experiments/r1c3_single_cls_17_seed_42_20250913_201047/checkpoints/r1c3_single_cls_17_seed_42_best.pth
2025-09-13 20:17:38,836 - INFO - 
Epoch 2/3
2025-09-13 20:17:38,957 - INFO - Batch 0/2278: Loss=0.0052, Cls=0.0052, Reg=0.0000, Con=0.0000
2025-09-13 20:17:39,857 - INFO - Batch 10/2278: Loss=1.1881, Cls=0.0000, Reg=0.0000, Con=3.9604
2025-09-13 20:17:40,751 - INFO - Batch 20/2278: Loss=1.1900, Cls=0.0017, Reg=0.0000, Con=3.9610
2025-09-13 20:17:41,642 - INFO - Batch 30/2278: Loss=1.1893, Cls=0.0010, Reg=0.0000, Con=3.9608
2025-09-13 20:17:42,522 - INFO - Batch 40/2278: Loss=1.1887, Cls=0.0005, Reg=0.0000, Con=3.9608
2025-09-13 20:17:43,458 - INFO - Batch 50/2278: Loss=0.0038, Cls=0.0038, Reg=0.0000, Con=0.0000
2025-09-13 20:17:44,323 - INFO - Batch 60/2278: Loss=0.0001, Cls=0.0001, Reg=0.0000, Con=0.0000
2025-09-13 20:17:45,245 - INFO - Batch 70/2278: Loss=1.1890, Cls=0.0008, Reg=0.0000, Con=3.9607
2025-09-13 20:17:46,117 - INFO - Batch 80/2278: Loss=2.0724, Cls=0.8842, Reg=0.0000, Con=3.9609
2025-09-13 20:17:47,015 - INFO - Batch 90/2278: Loss=0.0011, Cls=0.0011, Reg=0.0000, Con=0.0000
2025-09-13 20:17:47,921 - INFO - Batch 100/2278: Loss=1.1885, Cls=0.0003, Reg=0.0000, Con=3.9609
2025-09-13 20:17:48,823 - INFO - Batch 110/2278: Loss=1.2003, Cls=0.0120, Reg=0.0000, Con=3.9609
2025-09-13 20:17:49,713 - INFO - Batch 120/2278: Loss=0.0013, Cls=0.0013, Reg=0.0000, Con=0.0000
2025-09-13 20:17:50,612 - INFO - Batch 130/2278: Loss=1.1883, Cls=0.0001, Reg=0.0000, Con=3.9607
2025-09-13 20:17:51,493 - INFO - Batch 140/2278: Loss=1.2618, Cls=0.0735, Reg=0.0000, Con=3.9609
2025-09-13 20:17:52,386 - INFO - Batch 150/2278: Loss=2.1703, Cls=0.9820, Reg=0.0000, Con=3.9611
2025-09-13 20:17:53,282 - INFO - Batch 160/2278: Loss=1.1899, Cls=0.0016, Reg=0.0000, Con=3.9609
2025-09-13 20:17:54,165 - INFO - Batch 170/2278: Loss=0.0015, Cls=0.0015, Reg=0.0000, Con=0.0000
2025-09-13 20:17:55,062 - INFO - Batch 180/2278: Loss=1.3402, Cls=0.1520, Reg=0.0000, Con=3.9609
2025-09-13 20:17:55,953 - INFO - Batch 190/2278: Loss=0.0132, Cls=0.0132, Reg=0.0000, Con=0.0000
2025-09-13 20:17:56,850 - INFO - Batch 200/2278: Loss=1.1921, Cls=0.0038, Reg=0.0000, Con=3.9608
2025-09-13 20:17:57,721 - INFO - Batch 210/2278: Loss=1.1961, Cls=0.0078, Reg=0.0000, Con=3.9609
2025-09-13 20:17:58,629 - INFO - Batch 220/2278: Loss=0.0006, Cls=0.0006, Reg=0.0000, Con=0.0000
2025-09-13 20:17:59,517 - INFO - Batch 230/2278: Loss=0.0099, Cls=0.0099, Reg=0.0000, Con=0.0000
2025-09-13 20:18:00,419 - INFO - Batch 240/2278: Loss=0.0069, Cls=0.0069, Reg=0.0000, Con=0.0000
2025-09-13 20:18:01,306 - INFO - Batch 250/2278: Loss=0.0013, Cls=0.0013, Reg=0.0000, Con=0.0000
2025-09-13 20:18:02,180 - INFO - Batch 260/2278: Loss=0.0048, Cls=0.0048, Reg=0.0000, Con=0.0000
2025-09-13 20:18:03,094 - INFO - Batch 270/2278: Loss=1.1883, Cls=0.0000, Reg=0.0000, Con=3.9608
2025-09-13 20:18:03,986 - INFO - Batch 280/2278: Loss=1.1904, Cls=0.0021, Reg=0.0000, Con=3.9609
2025-09-13 20:18:04,864 - INFO - Batch 290/2278: Loss=4.0228, Cls=2.8345, Reg=0.0000, Con=3.9609
2025-09-13 20:18:05,775 - INFO - Batch 300/2278: Loss=1.2294, Cls=0.0412, Reg=0.0000, Con=3.9609
2025-09-13 20:18:06,675 - INFO - Batch 310/2278: Loss=1.1926, Cls=0.0044, Reg=0.0000, Con=3.9608
2025-09-13 20:18:07,585 - INFO - Batch 320/2278: Loss=0.0000, Cls=0.0000, Reg=0.0000, Con=0.0000
2025-09-13 20:18:08,469 - INFO - Batch 330/2278: Loss=1.1883, Cls=0.0000, Reg=0.0000, Con=3.9609
2025-09-13 20:18:09,395 - INFO - Batch 340/2278: Loss=1.1886, Cls=0.0004, Reg=0.0000, Con=3.9609
2025-09-13 20:18:10,271 - INFO - Batch 350/2278: Loss=1.1889, Cls=0.0006, Reg=0.0000, Con=3.9609
2025-09-13 20:18:11,156 - INFO - Batch 360/2278: Loss=1.1883, Cls=0.0000, Reg=0.0000, Con=3.9609
2025-09-13 20:18:12,026 - INFO - Batch 370/2278: Loss=1.1883, Cls=0.0000, Reg=0.0000, Con=3.9609
2025-09-13 20:18:12,910 - INFO - Batch 380/2278: Loss=1.1905, Cls=0.0022, Reg=0.0000, Con=3.9608
2025-09-13 20:18:13,799 - INFO - Batch 390/2278: Loss=1.1887, Cls=0.0004, Reg=0.0000, Con=3.9609
2025-09-13 20:18:14,720 - INFO - Batch 400/2278: Loss=0.0000, Cls=0.0000, Reg=0.0000, Con=0.0000
2025-09-13 20:18:15,633 - INFO - Batch 410/2278: Loss=1.1985, Cls=0.0102, Reg=0.0000, Con=3.9608
2025-09-13 20:18:16,547 - INFO - Batch 420/2278: Loss=0.0021, Cls=0.0021, Reg=0.0000, Con=0.0000
2025-09-13 20:18:17,464 - INFO - Batch 430/2278: Loss=0.0982, Cls=0.0982, Reg=0.0000, Con=0.0000
2025-09-13 20:18:18,421 - INFO - Batch 440/2278: Loss=1.1885, Cls=0.0002, Reg=0.0000, Con=3.9608
2025-09-13 20:18:19,314 - INFO - Batch 450/2278: Loss=1.1885, Cls=0.0003, Reg=0.0000, Con=3.9607
2025-09-13 20:18:20,211 - INFO - Batch 460/2278: Loss=0.2437, Cls=0.2437, Reg=0.0000, Con=0.0000
2025-09-13 20:18:21,113 - INFO - Batch 470/2278: Loss=2.2786, Cls=1.0904, Reg=0.0000, Con=3.9608
2025-09-13 20:18:22,004 - INFO - Batch 480/2278: Loss=0.0000, Cls=0.0000, Reg=0.0000, Con=0.0000
2025-09-13 20:18:22,906 - INFO - Batch 490/2278: Loss=1.1932, Cls=0.0049, Reg=0.0000, Con=3.9610
2025-09-13 20:18:23,794 - INFO - Batch 500/2278: Loss=1.1960, Cls=0.0078, Reg=0.0000, Con=3.9607
2025-09-13 20:18:24,697 - INFO - Batch 510/2278: Loss=1.2082, Cls=0.0200, Reg=0.0000, Con=3.9607
2025-09-13 20:18:25,607 - INFO - Batch 520/2278: Loss=1.1932, Cls=0.0050, Reg=0.0000, Con=3.9607
2025-09-13 20:18:26,512 - INFO - Batch 530/2278: Loss=2.9533, Cls=1.7651, Reg=0.0000, Con=3.9608
2025-09-13 20:18:27,398 - INFO - Batch 540/2278: Loss=1.1923, Cls=0.0040, Reg=0.0000, Con=3.9610
2025-09-13 20:18:28,273 - INFO - Batch 550/2278: Loss=1.1899, Cls=0.0017, Reg=0.0000, Con=3.9607
2025-09-13 20:18:29,164 - INFO - Batch 560/2278: Loss=0.0061, Cls=0.0061, Reg=0.0000, Con=0.0000
2025-09-13 20:18:30,073 - INFO - Batch 570/2278: Loss=1.1882, Cls=0.0000, Reg=0.0000, Con=3.9608
2025-09-13 20:18:30,971 - INFO - Batch 580/2278: Loss=0.0004, Cls=0.0004, Reg=0.0000, Con=0.0000
2025-09-13 20:18:31,872 - INFO - Batch 590/2278: Loss=1.2011, Cls=0.0129, Reg=0.0000, Con=3.9608
2025-09-13 20:18:32,761 - INFO - Batch 600/2278: Loss=0.0000, Cls=0.0000, Reg=0.0000, Con=0.0000
2025-09-13 20:18:33,658 - INFO - Batch 610/2278: Loss=1.1883, Cls=0.0001, Reg=0.0000, Con=3.9608
2025-09-13 20:18:34,546 - INFO - Batch 620/2278: Loss=1.1897, Cls=0.0015, Reg=0.0000, Con=3.9608
2025-09-13 20:18:35,420 - INFO - Batch 630/2278: Loss=0.0004, Cls=0.0004, Reg=0.0000, Con=0.0000
2025-09-13 20:18:36,341 - INFO - Batch 640/2278: Loss=0.0026, Cls=0.0026, Reg=0.0000, Con=0.0000
2025-09-13 20:18:37,263 - INFO - Batch 650/2278: Loss=0.0000, Cls=0.0000, Reg=0.0000, Con=0.0000
2025-09-13 20:18:38,164 - INFO - Batch 660/2278: Loss=1.1891, Cls=0.0009, Reg=0.0000, Con=3.9607
2025-09-13 20:18:39,082 - INFO - Batch 670/2278: Loss=1.1900, Cls=0.0017, Reg=0.0000, Con=3.9609
2025-09-13 20:18:39,985 - INFO - Batch 680/2278: Loss=1.2105, Cls=0.0223, Reg=0.0000, Con=3.9608
2025-09-13 20:18:40,876 - INFO - Batch 690/2278: Loss=1.1884, Cls=0.0000, Reg=0.0000, Con=3.9613
2025-09-13 20:18:41,795 - INFO - Batch 700/2278: Loss=0.0274, Cls=0.0274, Reg=0.0000, Con=0.0000
2025-09-13 20:18:42,693 - INFO - Batch 710/2278: Loss=1.1980, Cls=0.0097, Reg=0.0000, Con=3.9610
2025-09-13 20:18:43,612 - INFO - Batch 720/2278: Loss=1.1885, Cls=0.0002, Reg=0.0000, Con=3.9609
2025-09-13 20:18:44,505 - INFO - Batch 730/2278: Loss=1.2297, Cls=0.0414, Reg=0.0000, Con=3.9612
2025-09-13 20:18:45,384 - INFO - Batch 740/2278: Loss=1.2242, Cls=0.0359, Reg=0.0000, Con=3.9610
2025-09-13 20:18:46,287 - INFO - Batch 750/2278: Loss=0.0002, Cls=0.0002, Reg=0.0000, Con=0.0000
2025-09-13 20:18:47,165 - INFO - Batch 760/2278: Loss=0.0038, Cls=0.0038, Reg=0.0000, Con=0.0000
2025-09-13 20:18:48,051 - INFO - Batch 770/2278: Loss=1.1884, Cls=0.0002, Reg=0.0000, Con=3.9608
2025-09-13 20:18:48,962 - INFO - Batch 780/2278: Loss=0.0003, Cls=0.0003, Reg=0.0000, Con=0.0000
2025-09-13 20:18:49,853 - INFO - Batch 790/2278: Loss=1.1900, Cls=0.0017, Reg=0.0000, Con=3.9609
2025-09-13 20:18:50,763 - INFO - Batch 800/2278: Loss=0.0249, Cls=0.0249, Reg=0.0000, Con=0.0000
2025-09-13 20:18:51,653 - INFO - Batch 810/2278: Loss=5.6149, Cls=5.6149, Reg=0.0000, Con=0.0000
2025-09-13 20:18:52,542 - INFO - Batch 820/2278: Loss=1.1889, Cls=0.0006, Reg=0.0000, Con=3.9608
2025-09-13 20:18:53,464 - INFO - Batch 830/2278: Loss=1.1907, Cls=0.0025, Reg=0.0000, Con=3.9607
2025-09-13 20:18:54,387 - INFO - Batch 840/2278: Loss=1.1910, Cls=0.0028, Reg=0.0000, Con=3.9608
2025-09-13 20:18:55,284 - INFO - Batch 850/2278: Loss=0.0008, Cls=0.0008, Reg=0.0000, Con=0.0000
2025-09-13 20:18:56,197 - INFO - Batch 860/2278: Loss=1.1883, Cls=0.0001, Reg=0.0000, Con=3.9608
2025-09-13 20:18:57,087 - INFO - Batch 870/2278: Loss=0.0003, Cls=0.0003, Reg=0.0000, Con=0.0000
2025-09-13 20:18:57,983 - INFO - Batch 880/2278: Loss=0.0001, Cls=0.0001, Reg=0.0000, Con=0.0000
2025-09-13 20:18:58,876 - INFO - Batch 890/2278: Loss=1.9391, Cls=0.7509, Reg=0.0000, Con=3.9609
2025-09-13 20:18:59,774 - INFO - Batch 900/2278: Loss=0.0574, Cls=0.0574, Reg=0.0000, Con=0.0000
2025-09-13 20:19:00,652 - INFO - Batch 910/2278: Loss=0.0009, Cls=0.0009, Reg=0.0000, Con=0.0000
2025-09-13 20:19:01,551 - INFO - Batch 920/2278: Loss=1.1884, Cls=0.0001, Reg=0.0000, Con=3.9611
2025-09-13 20:19:02,433 - INFO - Batch 930/2278: Loss=1.1884, Cls=0.0001, Reg=0.0000, Con=3.9609
2025-09-13 20:19:03,323 - INFO - Batch 940/2278: Loss=0.0005, Cls=0.0005, Reg=0.0000, Con=0.0000
2025-09-13 20:19:04,213 - INFO - Batch 950/2278: Loss=0.0001, Cls=0.0001, Reg=0.0000, Con=0.0000
2025-09-13 20:19:05,155 - INFO - Batch 960/2278: Loss=0.0000, Cls=0.0000, Reg=0.0000, Con=0.0000
2025-09-13 20:19:06,084 - INFO - Batch 970/2278: Loss=0.0011, Cls=0.0011, Reg=0.0000, Con=0.0000
2025-09-13 20:19:07,008 - INFO - Batch 980/2278: Loss=1.1934, Cls=0.0051, Reg=0.0000, Con=3.9609
2025-09-13 20:19:07,908 - INFO - Batch 990/2278: Loss=1.1882, Cls=0.0000, Reg=0.0000, Con=3.9606
2025-09-13 20:19:08,789 - INFO - Batch 1000/2278: Loss=1.1884, Cls=0.0001, Reg=0.0000, Con=3.9609
2025-09-13 20:19:09,670 - INFO - Batch 1010/2278: Loss=1.1883, Cls=0.0000, Reg=0.0000, Con=3.9609
2025-09-13 20:19:10,548 - INFO - Batch 1020/2278: Loss=1.1902, Cls=0.0017, Reg=0.0000, Con=3.9615
2025-09-13 20:19:11,417 - INFO - Batch 1030/2278: Loss=1.1892, Cls=0.0010, Reg=0.0000, Con=3.9608
2025-09-13 20:19:12,297 - INFO - Batch 1040/2278: Loss=1.1882, Cls=0.0000, Reg=0.0000, Con=3.9608
2025-09-13 20:19:13,190 - INFO - Batch 1050/2278: Loss=2.7751, Cls=1.5867, Reg=0.0000, Con=3.9611
2025-09-13 20:19:14,054 - INFO - Batch 1060/2278: Loss=1.1883, Cls=0.0000, Reg=0.0000, Con=3.9612
2025-09-13 20:19:14,940 - INFO - Batch 1070/2278: Loss=1.1883, Cls=0.0000, Reg=0.0000, Con=3.9609
2025-09-13 20:19:15,815 - INFO - Batch 1080/2278: Loss=1.2073, Cls=0.0191, Reg=0.0000, Con=3.9609
2025-09-13 20:19:16,759 - INFO - Batch 1090/2278: Loss=1.1974, Cls=0.0091, Reg=0.0000, Con=3.9608
2025-09-13 20:19:17,644 - INFO - Batch 1100/2278: Loss=1.1894, Cls=0.0011, Reg=0.0000, Con=3.9608
2025-09-13 20:19:18,635 - INFO - Batch 1110/2278: Loss=1.5425, Cls=0.3542, Reg=0.0000, Con=3.9608
2025-09-13 20:19:19,536 - INFO - Batch 1120/2278: Loss=1.7187, Cls=0.5305, Reg=0.0000, Con=3.9608
2025-09-13 20:19:20,410 - INFO - Batch 1130/2278: Loss=0.0002, Cls=0.0002, Reg=0.0000, Con=0.0000
2025-09-13 20:19:21,327 - INFO - Batch 1140/2278: Loss=0.0145, Cls=0.0145, Reg=0.0000, Con=0.0000
2025-09-13 20:19:22,285 - INFO - Batch 1150/2278: Loss=1.2147, Cls=0.0264, Reg=0.0000, Con=3.9609
2025-09-13 20:19:23,166 - INFO - Batch 1160/2278: Loss=1.1882, Cls=0.0000, Reg=0.0000, Con=3.9607
2025-09-13 20:19:24,110 - INFO - Batch 1170/2278: Loss=0.0066, Cls=0.0066, Reg=0.0000, Con=0.0000
2025-09-13 20:19:25,016 - INFO - Batch 1180/2278: Loss=1.1904, Cls=0.0021, Reg=0.0000, Con=3.9609
2025-09-13 20:19:25,925 - INFO - Batch 1190/2278: Loss=1.1944, Cls=0.0061, Reg=0.0000, Con=3.9610
2025-09-13 20:19:26,828 - INFO - Batch 1200/2278: Loss=1.1884, Cls=0.0001, Reg=0.0000, Con=3.9609
2025-09-13 20:19:27,744 - INFO - Batch 1210/2278: Loss=1.1905, Cls=0.0023, Reg=0.0000, Con=3.9608
2025-09-13 20:19:28,651 - INFO - Batch 1220/2278: Loss=0.0058, Cls=0.0058, Reg=0.0000, Con=0.0000
2025-09-13 20:19:29,557 - INFO - Batch 1230/2278: Loss=1.1889, Cls=0.0007, Reg=0.0000, Con=3.9609
2025-09-13 20:19:30,449 - INFO - Batch 1240/2278: Loss=1.1883, Cls=0.0000, Reg=0.0000, Con=3.9609
2025-09-13 20:19:31,369 - INFO - Batch 1250/2278: Loss=0.0004, Cls=0.0004, Reg=0.0000, Con=0.0000
2025-09-13 20:19:32,267 - INFO - Batch 1260/2278: Loss=1.1920, Cls=0.0038, Reg=0.0000, Con=3.9607
2025-09-13 20:19:33,139 - INFO - Batch 1270/2278: Loss=0.0029, Cls=0.0029, Reg=0.0000, Con=0.0000
2025-09-13 20:19:34,044 - INFO - Batch 1280/2278: Loss=1.1882, Cls=0.0000, Reg=0.0000, Con=3.9608
2025-09-13 20:19:34,982 - INFO - Batch 1290/2278: Loss=1.1930, Cls=0.0047, Reg=0.0000, Con=3.9610
2025-09-13 20:19:35,905 - INFO - Batch 1300/2278: Loss=1.2042, Cls=0.0160, Reg=0.0000, Con=3.9610
2025-09-13 20:19:36,824 - INFO - Batch 1310/2278: Loss=0.0003, Cls=0.0003, Reg=0.0000, Con=0.0000
2025-09-13 20:19:37,728 - INFO - Batch 1320/2278: Loss=1.1905, Cls=0.0023, Reg=0.0000, Con=3.9609
2025-09-13 20:19:38,617 - INFO - Batch 1330/2278: Loss=1.1886, Cls=0.0004, Reg=0.0000, Con=3.9609
2025-09-13 20:19:39,529 - INFO - Batch 1340/2278: Loss=0.0049, Cls=0.0049, Reg=0.0000, Con=0.0000
2025-09-13 20:19:40,413 - INFO - Batch 1350/2278: Loss=0.0000, Cls=0.0000, Reg=0.0000, Con=0.0000
2025-09-13 20:19:41,334 - INFO - Batch 1360/2278: Loss=1.1884, Cls=0.0002, Reg=0.0000, Con=3.9608
2025-09-13 20:19:42,218 - INFO - Batch 1370/2278: Loss=2.1313, Cls=0.9431, Reg=0.0000, Con=3.9608
2025-09-13 20:19:43,112 - INFO - Batch 1380/2278: Loss=1.1883, Cls=0.0000, Reg=0.0000, Con=3.9609
2025-09-13 20:19:44,009 - INFO - Batch 1390/2278: Loss=6.0243, Cls=4.8360, Reg=0.0000, Con=3.9608
2025-09-13 20:19:44,917 - INFO - Batch 1400/2278: Loss=0.0000, Cls=0.0000, Reg=0.0000, Con=0.0000
2025-09-13 20:19:45,831 - INFO - Batch 1410/2278: Loss=1.1895, Cls=0.0012, Reg=0.0000, Con=3.9608
2025-09-13 20:19:46,736 - INFO - Batch 1420/2278: Loss=0.0032, Cls=0.0032, Reg=0.0000, Con=0.0000
2025-09-13 20:19:47,646 - INFO - Batch 1430/2278: Loss=0.0006, Cls=0.0006, Reg=0.0000, Con=0.0000
2025-09-13 20:19:48,549 - INFO - Batch 1440/2278: Loss=1.1885, Cls=0.0001, Reg=0.0000, Con=3.9613
2025-09-13 20:19:49,443 - INFO - Batch 1450/2278: Loss=0.0000, Cls=0.0000, Reg=0.0000, Con=0.0000
2025-09-13 20:19:50,328 - INFO - Batch 1460/2278: Loss=1.1887, Cls=0.0004, Reg=0.0000, Con=3.9609
2025-09-13 20:19:51,228 - INFO - Batch 1470/2278: Loss=1.6620, Cls=0.4738, Reg=0.0000, Con=3.9608
2025-09-13 20:19:52,125 - INFO - Batch 1480/2278: Loss=0.0002, Cls=0.0002, Reg=0.0000, Con=0.0000
2025-09-13 20:19:53,130 - INFO - Batch 1490/2278: Loss=0.6802, Cls=0.6802, Reg=0.0000, Con=0.0000
2025-09-13 20:19:54,069 - INFO - Batch 1500/2278: Loss=0.0010, Cls=0.0010, Reg=0.0000, Con=0.0000
2025-09-13 20:19:54,979 - INFO - Batch 1510/2278: Loss=1.2058, Cls=0.0175, Reg=0.0000, Con=3.9608
2025-09-13 20:19:55,874 - INFO - Batch 1520/2278: Loss=1.2181, Cls=0.0298, Reg=0.0000, Con=3.9608
2025-09-13 20:19:56,770 - INFO - Batch 1530/2278: Loss=1.2449, Cls=0.0566, Reg=0.0000, Con=3.9609
2025-09-13 20:19:57,664 - INFO - Batch 1540/2278: Loss=0.0002, Cls=0.0002, Reg=0.0000, Con=0.0000
2025-09-13 20:19:58,560 - INFO - Batch 1550/2278: Loss=1.1883, Cls=0.0000, Reg=0.0000, Con=3.9609
2025-09-13 20:19:59,476 - INFO - Batch 1560/2278: Loss=1.3992, Cls=0.2109, Reg=0.0000, Con=3.9608
2025-09-13 20:20:00,380 - INFO - Batch 1570/2278: Loss=1.1938, Cls=0.0055, Reg=0.0000, Con=3.9609
2025-09-13 20:20:01,279 - INFO - Batch 1580/2278: Loss=0.0000, Cls=0.0000, Reg=0.0000, Con=0.0000
2025-09-13 20:20:02,201 - INFO - Batch 1590/2278: Loss=0.0012, Cls=0.0012, Reg=0.0000, Con=0.0000
2025-09-13 20:20:03,117 - INFO - Batch 1600/2278: Loss=1.2199, Cls=0.0317, Reg=0.0000, Con=3.9609
2025-09-13 20:20:04,025 - INFO - Batch 1610/2278: Loss=0.0003, Cls=0.0003, Reg=0.0000, Con=0.0000
2025-09-13 20:20:04,942 - INFO - Batch 1620/2278: Loss=1.1897, Cls=0.0014, Reg=0.0000, Con=3.9609
2025-09-13 20:20:05,843 - INFO - Batch 1630/2278: Loss=0.0000, Cls=0.0000, Reg=0.0000, Con=0.0000
2025-09-13 20:20:06,763 - INFO - Batch 1640/2278: Loss=1.1883, Cls=0.0000, Reg=0.0000, Con=3.9609
2025-09-13 20:20:07,656 - INFO - Batch 1650/2278: Loss=0.0020, Cls=0.0020, Reg=0.0000, Con=0.0000
2025-09-13 20:20:08,547 - INFO - Batch 1660/2278: Loss=1.1893, Cls=0.0011, Reg=0.0000, Con=3.9607
2025-09-13 20:20:09,468 - INFO - Batch 1670/2278: Loss=1.1941, Cls=0.0059, Reg=0.0000, Con=3.9608
2025-09-13 20:20:10,373 - INFO - Batch 1680/2278: Loss=1.1886, Cls=0.0002, Reg=0.0000, Con=3.9615
2025-09-13 20:20:11,291 - INFO - Batch 1690/2278: Loss=0.0003, Cls=0.0003, Reg=0.0000, Con=0.0000
2025-09-13 20:20:12,182 - INFO - Batch 1700/2278: Loss=1.1882, Cls=0.0000, Reg=0.0000, Con=3.9608
2025-09-13 20:20:13,089 - INFO - Batch 1710/2278: Loss=1.1883, Cls=0.0000, Reg=0.0000, Con=3.9612
2025-09-13 20:20:13,996 - INFO - Batch 1720/2278: Loss=1.1910, Cls=0.0027, Reg=0.0000, Con=3.9610
2025-09-13 20:20:14,905 - INFO - Batch 1730/2278: Loss=1.1887, Cls=0.0004, Reg=0.0000, Con=3.9609
2025-09-13 20:20:15,786 - INFO - Batch 1740/2278: Loss=1.1883, Cls=0.0000, Reg=0.0000, Con=3.9610
2025-09-13 20:20:16,723 - INFO - Batch 1750/2278: Loss=1.1884, Cls=0.0001, Reg=0.0000, Con=3.9609
2025-09-13 20:20:17,664 - INFO - Batch 1760/2278: Loss=1.2065, Cls=0.0182, Reg=0.0000, Con=3.9608
2025-09-13 20:20:18,567 - INFO - Batch 1770/2278: Loss=1.1891, Cls=0.0008, Reg=0.0000, Con=3.9610
2025-09-13 20:20:19,490 - INFO - Batch 1780/2278: Loss=1.1883, Cls=0.0000, Reg=0.0000, Con=3.9609
2025-09-13 20:20:20,379 - INFO - Batch 1790/2278: Loss=1.1885, Cls=0.0003, Reg=0.0000, Con=3.9608
2025-09-13 20:20:21,274 - INFO - Batch 1800/2278: Loss=1.2896, Cls=0.1013, Reg=0.0000, Con=3.9609
2025-09-13 20:20:22,146 - INFO - Batch 1810/2278: Loss=1.1884, Cls=0.0001, Reg=0.0000, Con=3.9610
2025-09-13 20:20:23,031 - INFO - Batch 1820/2278: Loss=1.1882, Cls=0.0000, Reg=0.0000, Con=3.9608
2025-09-13 20:20:23,930 - INFO - Batch 1830/2278: Loss=1.1885, Cls=0.0000, Reg=0.0000, Con=3.9615
2025-09-13 20:20:24,838 - INFO - Batch 1840/2278: Loss=1.1888, Cls=0.0006, Reg=0.0000, Con=3.9609
2025-09-13 20:20:25,750 - INFO - Batch 1850/2278: Loss=1.2149, Cls=0.0266, Reg=0.0000, Con=3.9608
2025-09-13 20:20:26,643 - INFO - Batch 1860/2278: Loss=0.0004, Cls=0.0004, Reg=0.0000, Con=0.0000
2025-09-13 20:20:27,534 - INFO - Batch 1870/2278: Loss=0.0000, Cls=0.0000, Reg=0.0000, Con=0.0000
2025-09-13 20:20:28,425 - INFO - Batch 1880/2278: Loss=2.9093, Cls=1.7210, Reg=0.0000, Con=3.9610
2025-09-13 20:20:29,325 - INFO - Batch 1890/2278: Loss=0.0010, Cls=0.0010, Reg=0.0000, Con=0.0000
2025-09-13 20:20:30,213 - INFO - Batch 1900/2278: Loss=1.1888, Cls=0.0006, Reg=0.0000, Con=3.9607
2025-09-13 20:20:31,108 - INFO - Batch 1910/2278: Loss=1.1885, Cls=0.0002, Reg=0.0000, Con=3.9607
2025-09-13 20:20:32,022 - INFO - Batch 1920/2278: Loss=1.2989, Cls=0.1106, Reg=0.0000, Con=3.9608
2025-09-13 20:20:32,921 - INFO - Batch 1930/2278: Loss=0.0000, Cls=0.0000, Reg=0.0000, Con=0.0000
2025-09-13 20:20:33,838 - INFO - Batch 1940/2278: Loss=1.1882, Cls=0.0000, Reg=0.0000, Con=3.9607
2025-09-13 20:20:34,717 - INFO - Batch 1950/2278: Loss=1.1883, Cls=0.0000, Reg=0.0000, Con=3.9609
2025-09-13 20:20:35,639 - INFO - Batch 1960/2278: Loss=1.1883, Cls=0.0000, Reg=0.0000, Con=3.9609
2025-09-13 20:20:36,546 - INFO - Batch 1970/2278: Loss=1.1888, Cls=0.0006, Reg=0.0000, Con=3.9606
2025-09-13 20:20:37,453 - INFO - Batch 1980/2278: Loss=1.1999, Cls=0.0116, Reg=0.0000, Con=3.9608
2025-09-13 20:20:38,344 - INFO - Batch 1990/2278: Loss=0.0089, Cls=0.0089, Reg=0.0000, Con=0.0000
2025-09-13 20:20:39,238 - INFO - Batch 2000/2278: Loss=1.4940, Cls=0.3058, Reg=0.0000, Con=3.9607
2025-09-13 20:20:40,133 - INFO - Batch 2010/2278: Loss=1.1896, Cls=0.0013, Reg=0.0000, Con=3.9608
2025-09-13 20:20:41,004 - INFO - Batch 2020/2278: Loss=0.0009, Cls=0.0009, Reg=0.0000, Con=0.0000
2025-09-13 20:20:41,898 - INFO - Batch 2030/2278: Loss=1.2098, Cls=0.0215, Reg=0.0000, Con=3.9610
2025-09-13 20:20:42,812 - INFO - Batch 2040/2278: Loss=1.1882, Cls=0.0000, Reg=0.0000, Con=3.9608
2025-09-13 20:20:43,691 - INFO - Batch 2050/2278: Loss=0.0000, Cls=0.0000, Reg=0.0000, Con=0.0000
2025-09-13 20:20:44,580 - INFO - Batch 2060/2278: Loss=1.1916, Cls=0.0032, Reg=0.0000, Con=3.9615
2025-09-13 20:20:45,475 - INFO - Batch 2070/2278: Loss=1.1889, Cls=0.0007, Reg=0.0000, Con=3.9608
2025-09-13 20:20:46,367 - INFO - Batch 2080/2278: Loss=0.0002, Cls=0.0002, Reg=0.0000, Con=0.0000
2025-09-13 20:20:47,263 - INFO - Batch 2090/2278: Loss=1.1886, Cls=0.0004, Reg=0.0000, Con=3.9608
2025-09-13 20:20:48,155 - INFO - Batch 2100/2278: Loss=0.0106, Cls=0.0106, Reg=0.0000, Con=0.0000
2025-09-13 20:20:49,069 - INFO - Batch 2110/2278: Loss=0.0008, Cls=0.0008, Reg=0.0000, Con=0.0000
2025-09-13 20:20:49,960 - INFO - Batch 2120/2278: Loss=1.1907, Cls=0.0025, Reg=0.0000, Con=3.9609
2025-09-13 20:20:50,858 - INFO - Batch 2130/2278: Loss=1.1883, Cls=0.0000, Reg=0.0000, Con=3.9608
2025-09-13 20:20:51,743 - INFO - Batch 2140/2278: Loss=0.0003, Cls=0.0003, Reg=0.0000, Con=0.0000
2025-09-13 20:20:52,640 - INFO - Batch 2150/2278: Loss=1.2255, Cls=0.0372, Reg=0.0000, Con=3.9610
2025-09-13 20:20:53,508 - INFO - Batch 2160/2278: Loss=1.1882, Cls=0.0000, Reg=0.0000, Con=3.9608
2025-09-13 20:20:54,385 - INFO - Batch 2170/2278: Loss=1.1960, Cls=0.0078, Reg=0.0000, Con=3.9608
2025-09-13 20:20:55,271 - INFO - Batch 2180/2278: Loss=1.1897, Cls=0.0014, Reg=0.0000, Con=3.9608
2025-09-13 20:20:56,134 - INFO - Batch 2190/2278: Loss=1.1899, Cls=0.0016, Reg=0.0000, Con=3.9610
2025-09-13 20:20:57,040 - INFO - Batch 2200/2278: Loss=1.1888, Cls=0.0006, Reg=0.0000, Con=3.9608
2025-09-13 20:20:57,933 - INFO - Batch 2210/2278: Loss=1.1942, Cls=0.0058, Reg=0.0000, Con=3.9613
2025-09-13 20:20:58,825 - INFO - Batch 2220/2278: Loss=0.0049, Cls=0.0049, Reg=0.0000, Con=0.0000
2025-09-13 20:20:59,729 - INFO - Batch 2230/2278: Loss=0.0001, Cls=0.0001, Reg=0.0000, Con=0.0000
2025-09-13 20:21:00,624 - INFO - Batch 2240/2278: Loss=1.1883, Cls=0.0001, Reg=0.0000, Con=3.9608
2025-09-13 20:21:01,562 - INFO - Batch 2250/2278: Loss=0.0037, Cls=0.0037, Reg=0.0000, Con=0.0000
2025-09-13 20:21:02,464 - INFO - Batch 2260/2278: Loss=1.1890, Cls=0.0008, Reg=0.0000, Con=3.9609
2025-09-13 20:21:03,362 - INFO - Batch 2270/2278: Loss=1.1884, Cls=0.0002, Reg=0.0000, Con=3.9606
2025-09-13 20:24:31,912 - INFO - === Epoch 2 Results ===
2025-09-13 20:24:31,912 - INFO - Training Loss: 0.9161 (Classification: 0.1362, Regression: 0.0000)
2025-09-13 20:24:31,912 - INFO - Validation Loss: 0.0469 (Classification: 0.0469, Regression: 0.0000)
2025-09-13 20:24:31,912 - INFO - Average Classification Accuracy: 0.9570 (on 1/26 tasks)
2025-09-13 20:24:31,912 - INFO - Average AUC: 0.8427
2025-09-13 20:24:31,912 - INFO - 
Epoch 3/3
2025-09-13 20:24:32,009 - INFO - Batch 0/2278: Loss=1.1928, Cls=0.0045, Reg=0.0000, Con=3.9608
2025-09-13 20:24:32,894 - INFO - Batch 10/2278: Loss=1.1890, Cls=0.0007, Reg=0.0000, Con=3.9611
2025-09-13 20:24:33,876 - INFO - Batch 20/2278: Loss=1.2050, Cls=0.0167, Reg=0.0000, Con=3.9608
2025-09-13 20:24:34,819 - INFO - Batch 30/2278: Loss=0.0000, Cls=0.0000, Reg=0.0000, Con=0.0000
2025-09-13 20:24:35,702 - INFO - Batch 40/2278: Loss=1.1892, Cls=0.0009, Reg=0.0000, Con=3.9608
2025-09-13 20:24:36,608 - INFO - Batch 50/2278: Loss=1.1883, Cls=0.0000, Reg=0.0000, Con=3.9609
2025-09-13 20:24:37,519 - INFO - Batch 60/2278: Loss=1.1883, Cls=0.0000, Reg=0.0000, Con=3.9607
2025-09-13 20:24:38,441 - INFO - Batch 70/2278: Loss=1.1885, Cls=0.0003, Reg=0.0000, Con=3.9608
2025-09-13 20:24:39,341 - INFO - Batch 80/2278: Loss=0.0040, Cls=0.0040, Reg=0.0000, Con=0.0000
2025-09-13 20:24:40,226 - INFO - Batch 90/2278: Loss=1.1889, Cls=0.0006, Reg=0.0000, Con=3.9609
2025-09-13 20:24:41,121 - INFO - Batch 100/2278: Loss=2.0761, Cls=0.8879, Reg=0.0000, Con=3.9607
2025-09-13 20:24:42,037 - INFO - Batch 110/2278: Loss=1.2973, Cls=0.1087, Reg=0.0000, Con=3.9618
2025-09-13 20:24:42,925 - INFO - Batch 120/2278: Loss=1.2367, Cls=0.0484, Reg=0.0000, Con=3.9609
2025-09-13 20:24:43,825 - INFO - Batch 130/2278: Loss=1.1882, Cls=0.0000, Reg=0.0000, Con=3.9607
2025-09-13 20:24:44,762 - INFO - Batch 140/2278: Loss=0.0000, Cls=0.0000, Reg=0.0000, Con=0.0000
2025-09-13 20:24:45,645 - INFO - Batch 150/2278: Loss=1.1899, Cls=0.0016, Reg=0.0000, Con=3.9608
2025-09-13 20:24:46,543 - INFO - Batch 160/2278: Loss=0.0001, Cls=0.0001, Reg=0.0000, Con=0.0000
2025-09-13 20:24:47,422 - INFO - Batch 170/2278: Loss=1.1885, Cls=0.0002, Reg=0.0000, Con=3.9609
2025-09-13 20:24:48,308 - INFO - Batch 180/2278: Loss=1.1883, Cls=0.0000, Reg=0.0000, Con=3.9611
2025-09-13 20:24:49,228 - INFO - Batch 190/2278: Loss=1.3579, Cls=0.1697, Reg=0.0000, Con=3.9607
2025-09-13 20:24:50,117 - INFO - Batch 200/2278: Loss=0.0191, Cls=0.0191, Reg=0.0000, Con=0.0000
2025-09-13 20:24:51,007 - INFO - Batch 210/2278: Loss=1.1915, Cls=0.0032, Reg=0.0000, Con=3.9612
2025-09-13 20:24:51,888 - INFO - Batch 220/2278: Loss=1.1883, Cls=0.0000, Reg=0.0000, Con=3.9608
2025-09-13 20:24:52,802 - INFO - Batch 230/2278: Loss=1.2698, Cls=0.0815, Reg=0.0000, Con=3.9611
2025-09-13 20:24:53,707 - INFO - Batch 240/2278: Loss=1.1883, Cls=0.0001, Reg=0.0000, Con=3.9607
2025-09-13 20:24:54,596 - INFO - Batch 250/2278: Loss=1.1883, Cls=0.0000, Reg=0.0000, Con=3.9609
2025-09-13 20:24:55,466 - INFO - Batch 260/2278: Loss=1.1893, Cls=0.0011, Reg=0.0000, Con=3.9608
2025-09-13 20:24:56,371 - INFO - Batch 270/2278: Loss=1.1960, Cls=0.0078, Reg=0.0000, Con=3.9607
2025-09-13 20:24:57,256 - INFO - Batch 280/2278: Loss=1.1897, Cls=0.0015, Reg=0.0000, Con=3.9608
2025-09-13 20:24:58,145 - INFO - Batch 290/2278: Loss=1.1919, Cls=0.0036, Reg=0.0000, Con=3.9608
2025-09-13 20:24:59,013 - INFO - Batch 300/2278: Loss=1.1883, Cls=0.0001, Reg=0.0000, Con=3.9607
2025-09-13 20:24:59,920 - INFO - Batch 310/2278: Loss=1.1887, Cls=0.0004, Reg=0.0000, Con=3.9610
2025-09-13 20:25:00,804 - INFO - Batch 320/2278: Loss=1.1896, Cls=0.0012, Reg=0.0000, Con=3.9612
2025-09-13 20:25:01,669 - INFO - Batch 330/2278: Loss=0.0009, Cls=0.0009, Reg=0.0000, Con=0.0000
2025-09-13 20:25:02,562 - INFO - Batch 340/2278: Loss=0.0002, Cls=0.0002, Reg=0.0000, Con=0.0000
2025-09-13 20:25:03,470 - INFO - Batch 350/2278: Loss=1.1902, Cls=0.0019, Reg=0.0000, Con=3.9612
2025-09-13 20:25:04,357 - INFO - Batch 360/2278: Loss=1.2559, Cls=0.0676, Reg=0.0000, Con=3.9611
2025-09-13 20:25:05,241 - INFO - Batch 370/2278: Loss=1.1884, Cls=0.0001, Reg=0.0000, Con=3.9608
2025-09-13 20:25:06,162 - INFO - Batch 380/2278: Loss=1.1999, Cls=0.0117, Reg=0.0000, Con=3.9608
2025-09-13 20:25:07,104 - INFO - Batch 390/2278: Loss=1.1886, Cls=0.0003, Reg=0.0000, Con=3.9609
2025-09-13 20:25:07,999 - INFO - Batch 400/2278: Loss=0.0006, Cls=0.0006, Reg=0.0000, Con=0.0000
2025-09-13 20:25:08,908 - INFO - Batch 410/2278: Loss=1.1888, Cls=0.0005, Reg=0.0000, Con=3.9609
2025-09-13 20:25:09,778 - INFO - Batch 420/2278: Loss=1.1883, Cls=0.0000, Reg=0.0000, Con=3.9609
2025-09-13 20:25:10,707 - INFO - Batch 430/2278: Loss=1.2224, Cls=0.0339, Reg=0.0000, Con=3.9614
2025-09-13 20:25:11,658 - INFO - Batch 440/2278: Loss=0.0003, Cls=0.0003, Reg=0.0000, Con=0.0000
2025-09-13 20:25:12,563 - INFO - Batch 450/2278: Loss=1.1885, Cls=0.0003, Reg=0.0000, Con=3.9608
2025-09-13 20:25:13,482 - INFO - Batch 460/2278: Loss=0.0058, Cls=0.0058, Reg=0.0000, Con=0.0000
2025-09-13 20:25:14,384 - INFO - Batch 470/2278: Loss=0.0001, Cls=0.0001, Reg=0.0000, Con=0.0000
2025-09-13 20:25:15,289 - INFO - Batch 480/2278: Loss=1.1988, Cls=0.0106, Reg=0.0000, Con=3.9609
2025-09-13 20:25:16,189 - INFO - Batch 490/2278: Loss=0.0023, Cls=0.0023, Reg=0.0000, Con=0.0000
2025-09-13 20:25:17,067 - INFO - Batch 500/2278: Loss=0.0000, Cls=0.0000, Reg=0.0000, Con=0.0000
2025-09-13 20:25:18,000 - INFO - Batch 510/2278: Loss=1.1883, Cls=0.0001, Reg=0.0000, Con=3.9608
2025-09-13 20:25:18,961 - INFO - Batch 520/2278: Loss=0.0000, Cls=0.0000, Reg=0.0000, Con=0.0000
2025-09-13 20:25:20,009 - INFO - Batch 530/2278: Loss=1.1894, Cls=0.0011, Reg=0.0000, Con=3.9608
2025-09-13 20:25:20,917 - INFO - Batch 540/2278: Loss=1.1883, Cls=0.0001, Reg=0.0000, Con=3.9609
2025-09-13 20:25:21,854 - INFO - Batch 550/2278: Loss=0.0000, Cls=0.0000, Reg=0.0000, Con=0.0000
2025-09-13 20:25:22,764 - INFO - Batch 560/2278: Loss=1.1884, Cls=0.0001, Reg=0.0000, Con=3.9609
2025-09-13 20:25:23,677 - INFO - Batch 570/2278: Loss=1.1882, Cls=0.0000, Reg=0.0000, Con=3.9608
2025-09-13 20:25:24,607 - INFO - Batch 580/2278: Loss=0.0000, Cls=0.0000, Reg=0.0000, Con=0.0000
2025-09-13 20:25:25,505 - INFO - Batch 590/2278: Loss=1.2009, Cls=0.0127, Reg=0.0000, Con=3.9608
2025-09-13 20:25:26,422 - INFO - Batch 600/2278: Loss=0.0004, Cls=0.0004, Reg=0.0000, Con=0.0000
2025-09-13 20:25:27,334 - INFO - Batch 610/2278: Loss=1.6649, Cls=1.6649, Reg=0.0000, Con=0.0000
2025-09-13 20:25:28,276 - INFO - Batch 620/2278: Loss=1.1882, Cls=0.0000, Reg=0.0000, Con=3.9608
2025-09-13 20:25:29,197 - INFO - Batch 630/2278: Loss=1.1885, Cls=0.0002, Reg=0.0000, Con=3.9611
2025-09-13 20:25:30,129 - INFO - Batch 640/2278: Loss=1.1888, Cls=0.0006, Reg=0.0000, Con=3.9607
2025-09-13 20:25:31,011 - INFO - Batch 650/2278: Loss=1.1894, Cls=0.0012, Reg=0.0000, Con=3.9608
2025-09-13 20:25:31,943 - INFO - Batch 660/2278: Loss=0.0809, Cls=0.0809, Reg=0.0000, Con=0.0000
2025-09-13 20:25:32,842 - INFO - Batch 670/2278: Loss=1.1884, Cls=0.0001, Reg=0.0000, Con=3.9609
2025-09-13 20:25:33,783 - INFO - Batch 680/2278: Loss=0.0001, Cls=0.0001, Reg=0.0000, Con=0.0000
2025-09-13 20:25:34,686 - INFO - Batch 690/2278: Loss=1.1894, Cls=0.0012, Reg=0.0000, Con=3.9609
2025-09-13 20:25:35,610 - INFO - Batch 700/2278: Loss=1.1995, Cls=0.0111, Reg=0.0000, Con=3.9610
2025-09-13 20:25:36,510 - INFO - Batch 710/2278: Loss=1.1892, Cls=0.0009, Reg=0.0000, Con=3.9610
2025-09-13 20:25:37,434 - INFO - Batch 720/2278: Loss=1.1887, Cls=0.0004, Reg=0.0000, Con=3.9610
2025-09-13 20:25:38,345 - INFO - Batch 730/2278: Loss=1.2173, Cls=0.0290, Reg=0.0000, Con=3.9609
2025-09-13 20:25:39,262 - INFO - Batch 740/2278: Loss=1.1882, Cls=0.0000, Reg=0.0000, Con=3.9606
2025-09-13 20:25:40,164 - INFO - Batch 750/2278: Loss=1.1886, Cls=0.0004, Reg=0.0000, Con=3.9606
2025-09-13 20:25:41,079 - INFO - Batch 760/2278: Loss=1.1886, Cls=0.0002, Reg=0.0000, Con=3.9611
2025-09-13 20:25:41,994 - INFO - Batch 770/2278: Loss=2.7649, Cls=1.5765, Reg=0.0000, Con=3.9611
2025-09-13 20:25:42,902 - INFO - Batch 780/2278: Loss=0.0013, Cls=0.0013, Reg=0.0000, Con=0.0000
2025-09-13 20:25:43,784 - INFO - Batch 790/2278: Loss=1.2239, Cls=0.0357, Reg=0.0000, Con=3.9609
2025-09-13 20:25:44,677 - INFO - Batch 800/2278: Loss=7.0297, Cls=5.8413, Reg=0.0000, Con=3.9612
2025-09-13 20:25:45,568 - INFO - Batch 810/2278: Loss=0.0169, Cls=0.0169, Reg=0.0000, Con=0.0000
2025-09-13 20:25:46,478 - INFO - Batch 820/2278: Loss=1.1982, Cls=0.0100, Reg=0.0000, Con=3.9608
2025-09-13 20:25:47,391 - INFO - Batch 830/2278: Loss=1.1886, Cls=0.0003, Reg=0.0000, Con=3.9609
2025-09-13 20:25:48,305 - INFO - Batch 840/2278: Loss=0.0017, Cls=0.0017, Reg=0.0000, Con=0.0000
2025-09-13 20:25:49,256 - INFO - Batch 850/2278: Loss=2.2684, Cls=2.2684, Reg=0.0000, Con=0.0000
2025-09-13 20:25:50,157 - INFO - Batch 860/2278: Loss=1.1898, Cls=0.0015, Reg=0.0000, Con=3.9611
2025-09-13 20:25:51,031 - INFO - Batch 870/2278: Loss=1.1883, Cls=0.0000, Reg=0.0000, Con=3.9609
2025-09-13 20:25:51,932 - INFO - Batch 880/2278: Loss=0.0010, Cls=0.0010, Reg=0.0000, Con=0.0000
2025-09-13 20:25:52,826 - INFO - Batch 890/2278: Loss=1.2692, Cls=0.0809, Reg=0.0000, Con=3.9609
2025-09-13 20:25:53,735 - INFO - Batch 900/2278: Loss=0.0000, Cls=0.0000, Reg=0.0000, Con=0.0000
2025-09-13 20:25:54,611 - INFO - Batch 910/2278: Loss=0.0002, Cls=0.0002, Reg=0.0000, Con=0.0000
2025-09-13 20:25:55,550 - INFO - Batch 920/2278: Loss=0.0001, Cls=0.0001, Reg=0.0000, Con=0.0000
2025-09-13 20:25:56,450 - INFO - Batch 930/2278: Loss=0.0004, Cls=0.0004, Reg=0.0000, Con=0.0000
2025-09-13 20:25:57,336 - INFO - Batch 940/2278: Loss=1.1888, Cls=0.0004, Reg=0.0000, Con=3.9613
2025-09-13 20:25:58,234 - INFO - Batch 950/2278: Loss=0.0012, Cls=0.0012, Reg=0.0000, Con=0.0000
2025-09-13 20:25:59,108 - INFO - Batch 960/2278: Loss=0.0003, Cls=0.0003, Reg=0.0000, Con=0.0000
2025-09-13 20:26:00,003 - INFO - Batch 970/2278: Loss=1.1998, Cls=0.0116, Reg=0.0000, Con=3.9608
2025-09-13 20:26:00,870 - INFO - Batch 980/2278: Loss=1.1909, Cls=0.0026, Reg=0.0000, Con=3.9609
2025-09-13 20:26:01,768 - INFO - Batch 990/2278: Loss=1.1918, Cls=0.0036, Reg=0.0000, Con=3.9609
2025-09-13 20:26:02,649 - INFO - Batch 1000/2278: Loss=1.1883, Cls=0.0000, Reg=0.0000, Con=3.9610
2025-09-13 20:26:03,574 - INFO - Batch 1010/2278: Loss=1.1948, Cls=0.0065, Reg=0.0000, Con=3.9608
2025-09-13 20:26:04,451 - INFO - Batch 1020/2278: Loss=1.1885, Cls=0.0003, Reg=0.0000, Con=3.9608
2025-09-13 20:26:05,334 - INFO - Batch 1030/2278: Loss=0.0005, Cls=0.0005, Reg=0.0000, Con=0.0000
2025-09-13 20:26:06,231 - INFO - Batch 1040/2278: Loss=1.1884, Cls=0.0000, Reg=0.0000, Con=3.9613
2025-09-13 20:26:07,134 - INFO - Batch 1050/2278: Loss=0.3500, Cls=0.3500, Reg=0.0000, Con=0.0000
2025-09-13 20:26:08,029 - INFO - Batch 1060/2278: Loss=1.7467, Cls=0.5584, Reg=0.0000, Con=3.9611
2025-09-13 20:26:08,975 - INFO - Batch 1070/2278: Loss=1.1891, Cls=0.0009, Reg=0.0000, Con=3.9609
2025-09-13 20:26:09,875 - INFO - Batch 1080/2278: Loss=0.0000, Cls=0.0000, Reg=0.0000, Con=0.0000
2025-09-13 20:26:10,793 - INFO - Batch 1090/2278: Loss=1.1883, Cls=0.0000, Reg=0.0000, Con=3.9611
2025-09-13 20:26:11,680 - INFO - Batch 1100/2278: Loss=1.1883, Cls=0.0000, Reg=0.0000, Con=3.9611
2025-09-13 20:26:12,581 - INFO - Batch 1110/2278: Loss=0.0008, Cls=0.0008, Reg=0.0000, Con=0.0000
2025-09-13 20:26:13,519 - INFO - Batch 1120/2278: Loss=0.0008, Cls=0.0008, Reg=0.0000, Con=0.0000
2025-09-13 20:26:14,407 - INFO - Batch 1130/2278: Loss=0.0000, Cls=0.0000, Reg=0.0000, Con=0.0000
2025-09-13 20:26:15,309 - INFO - Batch 1140/2278: Loss=1.3572, Cls=0.1690, Reg=0.0000, Con=3.9609
2025-09-13 20:26:16,196 - INFO - Batch 1150/2278: Loss=0.0024, Cls=0.0024, Reg=0.0000, Con=0.0000
2025-09-13 20:26:17,096 - INFO - Batch 1160/2278: Loss=0.0020, Cls=0.0020, Reg=0.0000, Con=0.0000
2025-09-13 20:26:17,990 - INFO - Batch 1170/2278: Loss=1.1883, Cls=0.0000, Reg=0.0000, Con=3.9608
2025-09-13 20:26:18,901 - INFO - Batch 1180/2278: Loss=1.1893, Cls=0.0009, Reg=0.0000, Con=3.9613
2025-09-13 20:26:19,817 - INFO - Batch 1190/2278: Loss=1.1883, Cls=0.0000, Reg=0.0000, Con=3.9609
2025-09-13 20:26:20,712 - INFO - Batch 1200/2278: Loss=1.1906, Cls=0.0022, Reg=0.0000, Con=3.9611
2025-09-13 20:26:21,618 - INFO - Batch 1210/2278: Loss=1.8935, Cls=0.7052, Reg=0.0000, Con=3.9611
2025-09-13 20:26:22,504 - INFO - Batch 1220/2278: Loss=1.1892, Cls=0.0009, Reg=0.0000, Con=3.9609
2025-09-13 20:26:23,411 - INFO - Batch 1230/2278: Loss=1.2922, Cls=1.2922, Reg=0.0000, Con=0.0000
2025-09-13 20:26:24,306 - INFO - Batch 1240/2278: Loss=1.1883, Cls=0.0000, Reg=0.0000, Con=3.9608
2025-09-13 20:26:25,228 - INFO - Batch 1250/2278: Loss=1.1883, Cls=0.0000, Reg=0.0000, Con=3.9609
2025-09-13 20:26:26,105 - INFO - Batch 1260/2278: Loss=0.0066, Cls=0.0066, Reg=0.0000, Con=0.0000
2025-09-13 20:26:27,011 - INFO - Batch 1270/2278: Loss=1.1883, Cls=0.0001, Reg=0.0000, Con=3.9610
2025-09-13 20:26:27,893 - INFO - Batch 1280/2278: Loss=1.6880, Cls=0.4997, Reg=0.0000, Con=3.9607
2025-09-13 20:26:28,852 - INFO - Batch 1290/2278: Loss=0.0000, Cls=0.0000, Reg=0.0000, Con=0.0000
2025-09-13 20:26:29,735 - INFO - Batch 1300/2278: Loss=0.0059, Cls=0.0059, Reg=0.0000, Con=0.0000
2025-09-13 20:26:30,624 - INFO - Batch 1310/2278: Loss=1.2221, Cls=0.0339, Reg=0.0000, Con=3.9608
2025-09-13 20:26:31,519 - INFO - Batch 1320/2278: Loss=1.1884, Cls=0.0002, Reg=0.0000, Con=3.9610
2025-09-13 20:26:32,407 - INFO - Batch 1330/2278: Loss=1.1936, Cls=0.0053, Reg=0.0000, Con=3.9610
2025-09-13 20:26:33,333 - INFO - Batch 1340/2278: Loss=1.1883, Cls=0.0000, Reg=0.0000, Con=3.9608
2025-09-13 20:26:34,236 - INFO - Batch 1350/2278: Loss=1.1884, Cls=0.0002, Reg=0.0000, Con=3.9608
2025-09-13 20:26:35,142 - INFO - Batch 1360/2278: Loss=1.1884, Cls=0.0000, Reg=0.0000, Con=3.9612
2025-09-13 20:26:36,047 - INFO - Batch 1370/2278: Loss=1.1923, Cls=0.0040, Reg=0.0000, Con=3.9610
2025-09-13 20:26:36,981 - INFO - Batch 1380/2278: Loss=1.1883, Cls=0.0000, Reg=0.0000, Con=3.9608
2025-09-13 20:26:37,905 - INFO - Batch 1390/2278: Loss=1.1883, Cls=0.0000, Reg=0.0000, Con=3.9610
2025-09-13 20:26:38,841 - INFO - Batch 1400/2278: Loss=1.1887, Cls=0.0003, Reg=0.0000, Con=3.9615
2025-09-13 20:26:39,750 - INFO - Batch 1410/2278: Loss=0.0001, Cls=0.0001, Reg=0.0000, Con=0.0000
2025-09-13 20:26:40,637 - INFO - Batch 1420/2278: Loss=1.1895, Cls=0.0012, Reg=0.0000, Con=3.9610
2025-09-13 20:26:41,539 - INFO - Batch 1430/2278: Loss=0.0004, Cls=0.0004, Reg=0.0000, Con=0.0000
2025-09-13 20:26:42,478 - INFO - Batch 1440/2278: Loss=1.1882, Cls=0.0000, Reg=0.0000, Con=3.9606
2025-09-13 20:26:43,406 - INFO - Batch 1450/2278: Loss=0.0000, Cls=0.0000, Reg=0.0000, Con=0.0000
2025-09-13 20:26:44,274 - INFO - Batch 1460/2278: Loss=0.0026, Cls=0.0026, Reg=0.0000, Con=0.0000
2025-09-13 20:26:45,196 - INFO - Batch 1470/2278: Loss=1.5636, Cls=0.3754, Reg=0.0000, Con=3.9607
2025-09-13 20:26:46,077 - INFO - Batch 1480/2278: Loss=1.1916, Cls=0.0034, Reg=0.0000, Con=3.9608
2025-09-13 20:26:47,004 - INFO - Batch 1490/2278: Loss=1.2443, Cls=1.2443, Reg=0.0000, Con=0.0000
2025-09-13 20:26:47,919 - INFO - Batch 1500/2278: Loss=1.1908, Cls=0.0025, Reg=0.0000, Con=3.9610
2025-09-13 20:26:48,837 - INFO - Batch 1510/2278: Loss=1.2011, Cls=0.0128, Reg=0.0000, Con=3.9609
2025-09-13 20:26:49,713 - INFO - Batch 1520/2278: Loss=0.0811, Cls=0.0811, Reg=0.0000, Con=0.0000
2025-09-13 20:26:50,608 - INFO - Batch 1530/2278: Loss=1.1882, Cls=0.0000, Reg=0.0000, Con=3.9608
2025-09-13 20:26:51,541 - INFO - Batch 1540/2278: Loss=1.1884, Cls=0.0001, Reg=0.0000, Con=3.9610
2025-09-13 20:26:52,444 - INFO - Batch 1550/2278: Loss=1.1895, Cls=0.0012, Reg=0.0000, Con=3.9611
2025-09-13 20:26:53,345 - INFO - Batch 1560/2278: Loss=1.1886, Cls=0.0003, Reg=0.0000, Con=3.9608
2025-09-13 20:26:54,218 - INFO - Batch 1570/2278: Loss=0.0000, Cls=0.0000, Reg=0.0000, Con=0.0000
2025-09-13 20:26:55,107 - INFO - Batch 1580/2278: Loss=1.1882, Cls=0.0000, Reg=0.0000, Con=3.9608
2025-09-13 20:26:56,018 - INFO - Batch 1590/2278: Loss=0.0000, Cls=0.0000, Reg=0.0000, Con=0.0000
2025-09-13 20:26:56,917 - INFO - Batch 1600/2278: Loss=1.1882, Cls=0.0000, Reg=0.0000, Con=3.9608
2025-09-13 20:26:57,792 - INFO - Batch 1610/2278: Loss=0.0000, Cls=0.0000, Reg=0.0000, Con=0.0000
2025-09-13 20:26:58,775 - INFO - Batch 1620/2278: Loss=1.1883, Cls=0.0000, Reg=0.0000, Con=3.9608
2025-09-13 20:26:59,732 - INFO - Batch 1630/2278: Loss=1.1927, Cls=0.0044, Reg=0.0000, Con=3.9610
2025-09-13 20:27:00,628 - INFO - Batch 1640/2278: Loss=0.0000, Cls=0.0000, Reg=0.0000, Con=0.0000
2025-09-13 20:27:01,529 - INFO - Batch 1650/2278: Loss=1.1883, Cls=0.0001, Reg=0.0000, Con=3.9609
2025-09-13 20:27:02,418 - INFO - Batch 1660/2278: Loss=1.1890, Cls=0.0006, Reg=0.0000, Con=3.9613
2025-09-13 20:27:03,330 - INFO - Batch 1670/2278: Loss=1.1895, Cls=0.0012, Reg=0.0000, Con=3.9609
2025-09-13 20:27:04,222 - INFO - Batch 1680/2278: Loss=1.1885, Cls=0.0003, Reg=0.0000, Con=3.9607
2025-09-13 20:27:05,082 - INFO - Batch 1690/2278: Loss=1.2262, Cls=0.0379, Reg=0.0000, Con=3.9610
2025-09-13 20:27:05,990 - INFO - Batch 1700/2278: Loss=1.1888, Cls=0.0006, Reg=0.0000, Con=3.9608
2025-09-13 20:27:06,892 - INFO - Batch 1710/2278: Loss=0.0001, Cls=0.0001, Reg=0.0000, Con=0.0000
2025-09-13 20:27:07,782 - INFO - Batch 1720/2278: Loss=0.0002, Cls=0.0002, Reg=0.0000, Con=0.0000
2025-09-13 20:27:08,655 - INFO - Batch 1730/2278: Loss=1.1882, Cls=0.0000, Reg=0.0000, Con=3.9608
2025-09-13 20:27:09,552 - INFO - Batch 1740/2278: Loss=1.1889, Cls=0.0007, Reg=0.0000, Con=3.9609
2025-09-13 20:27:10,438 - INFO - Batch 1750/2278: Loss=0.0000, Cls=0.0000, Reg=0.0000, Con=0.0000
2025-09-13 20:27:11,334 - INFO - Batch 1760/2278: Loss=1.1888, Cls=0.0004, Reg=0.0000, Con=3.9612
2025-09-13 20:27:12,254 - INFO - Batch 1770/2278: Loss=0.0033, Cls=0.0033, Reg=0.0000, Con=0.0000
2025-09-13 20:27:13,169 - INFO - Batch 1780/2278: Loss=0.0203, Cls=0.0203, Reg=0.0000, Con=0.0000
2025-09-13 20:27:14,074 - INFO - Batch 1790/2278: Loss=0.0005, Cls=0.0005, Reg=0.0000, Con=0.0000
2025-09-13 20:27:14,991 - INFO - Batch 1800/2278: Loss=1.2340, Cls=0.0458, Reg=0.0000, Con=3.9607
2025-09-13 20:27:15,873 - INFO - Batch 1810/2278: Loss=0.0005, Cls=0.0005, Reg=0.0000, Con=0.0000
2025-09-13 20:27:16,773 - INFO - Batch 1820/2278: Loss=1.4882, Cls=1.4882, Reg=0.0000, Con=0.0000
2025-09-13 20:27:17,661 - INFO - Batch 1830/2278: Loss=1.1924, Cls=0.0041, Reg=0.0000, Con=3.9608
2025-09-13 20:27:18,573 - INFO - Batch 1840/2278: Loss=0.2086, Cls=0.2086, Reg=0.0000, Con=0.0000
2025-09-13 20:27:19,483 - INFO - Batch 1850/2278: Loss=1.1888, Cls=0.0005, Reg=0.0000, Con=3.9609
2025-09-13 20:27:20,408 - INFO - Batch 1860/2278: Loss=1.1884, Cls=0.0002, Reg=0.0000, Con=3.9607
2025-09-13 20:27:21,360 - INFO - Batch 1870/2278: Loss=0.0044, Cls=0.0044, Reg=0.0000, Con=0.0000
2025-09-13 20:27:22,300 - INFO - Batch 1880/2278: Loss=1.2059, Cls=0.0177, Reg=0.0000, Con=3.9607
2025-09-13 20:27:23,208 - INFO - Batch 1890/2278: Loss=0.0000, Cls=0.0000, Reg=0.0000, Con=0.0000
2025-09-13 20:27:24,112 - INFO - Batch 1900/2278: Loss=0.7407, Cls=0.7407, Reg=0.0000, Con=0.0000
2025-09-13 20:27:24,993 - INFO - Batch 1910/2278: Loss=1.1886, Cls=0.0003, Reg=0.0000, Con=3.9610
2025-09-13 20:27:25,972 - INFO - Batch 1920/2278: Loss=0.0003, Cls=0.0003, Reg=0.0000, Con=0.0000
2025-09-13 20:27:26,890 - INFO - Batch 1930/2278: Loss=1.1894, Cls=0.0011, Reg=0.0000, Con=3.9611
2025-09-13 20:27:27,784 - INFO - Batch 1940/2278: Loss=1.1885, Cls=0.0003, Reg=0.0000, Con=3.9607
2025-09-13 20:27:28,659 - INFO - Batch 1950/2278: Loss=1.1885, Cls=0.0002, Reg=0.0000, Con=3.9609
2025-09-13 20:27:29,544 - INFO - Batch 1960/2278: Loss=1.1899, Cls=0.0016, Reg=0.0000, Con=3.9610
2025-09-13 20:27:30,437 - INFO - Batch 1970/2278: Loss=0.0000, Cls=0.0000, Reg=0.0000, Con=0.0000
2025-09-13 20:27:31,379 - INFO - Batch 1980/2278: Loss=1.2010, Cls=0.0127, Reg=0.0000, Con=3.9610
2025-09-13 20:27:32,272 - INFO - Batch 1990/2278: Loss=1.1890, Cls=0.0007, Reg=0.0000, Con=3.9608
2025-09-13 20:27:33,147 - INFO - Batch 2000/2278: Loss=1.1889, Cls=0.0005, Reg=0.0000, Con=3.9610
2025-09-13 20:27:34,035 - INFO - Batch 2010/2278: Loss=1.1908, Cls=0.0025, Reg=0.0000, Con=3.9608
2025-09-13 20:27:34,937 - INFO - Batch 2020/2278: Loss=1.1988, Cls=0.0105, Reg=0.0000, Con=3.9608
2025-09-13 20:27:35,869 - INFO - Batch 2030/2278: Loss=1.2045, Cls=0.0163, Reg=0.0000, Con=3.9608
2025-09-13 20:27:36,755 - INFO - Batch 2040/2278: Loss=1.1885, Cls=0.0002, Reg=0.0000, Con=3.9610
2025-09-13 20:27:37,767 - INFO - Batch 2050/2278: Loss=0.0006, Cls=0.0006, Reg=0.0000, Con=0.0000
2025-09-13 20:27:38,651 - INFO - Batch 2060/2278: Loss=1.1926, Cls=0.0043, Reg=0.0000, Con=3.9609
2025-09-13 20:27:39,564 - INFO - Batch 2070/2278: Loss=0.0073, Cls=0.0073, Reg=0.0000, Con=0.0000
2025-09-13 20:27:40,458 - INFO - Batch 2080/2278: Loss=1.1901, Cls=0.0018, Reg=0.0000, Con=3.9613
2025-09-13 20:27:41,348 - INFO - Batch 2090/2278: Loss=1.1934, Cls=0.0052, Reg=0.0000, Con=3.9607
2025-09-13 20:27:42,259 - INFO - Batch 2100/2278: Loss=1.1887, Cls=0.0001, Reg=0.0000, Con=3.9619
2025-09-13 20:27:43,155 - INFO - Batch 2110/2278: Loss=1.2481, Cls=0.0598, Reg=0.0000, Con=3.9609
2025-09-13 20:27:44,048 - INFO - Batch 2120/2278: Loss=0.0012, Cls=0.0012, Reg=0.0000, Con=0.0000
2025-09-13 20:27:44,940 - INFO - Batch 2130/2278: Loss=0.0301, Cls=0.0301, Reg=0.0000, Con=0.0000
2025-09-13 20:27:45,823 - INFO - Batch 2140/2278: Loss=0.0005, Cls=0.0005, Reg=0.0000, Con=0.0000
2025-09-13 20:27:46,730 - INFO - Batch 2150/2278: Loss=1.1885, Cls=0.0003, Reg=0.0000, Con=3.9608
2025-09-13 20:27:47,621 - INFO - Batch 2160/2278: Loss=1.2021, Cls=0.0139, Reg=0.0000, Con=3.9609
2025-09-13 20:27:48,518 - INFO - Batch 2170/2278: Loss=1.1930, Cls=0.0048, Reg=0.0000, Con=3.9608
2025-09-13 20:27:49,428 - INFO - Batch 2180/2278: Loss=0.0022, Cls=0.0022, Reg=0.0000, Con=0.0000
2025-09-13 20:27:50,330 - INFO - Batch 2190/2278: Loss=1.1883, Cls=0.0001, Reg=0.0000, Con=3.9609
2025-09-13 20:27:51,225 - INFO - Batch 2200/2278: Loss=1.2696, Cls=0.0813, Reg=0.0000, Con=3.9608
2025-09-13 20:27:52,102 - INFO - Batch 2210/2278: Loss=0.0012, Cls=0.0012, Reg=0.0000, Con=0.0000
2025-09-13 20:27:52,993 - INFO - Batch 2220/2278: Loss=0.0003, Cls=0.0003, Reg=0.0000, Con=0.0000
2025-09-13 20:27:53,876 - INFO - Batch 2230/2278: Loss=1.1883, Cls=0.0000, Reg=0.0000, Con=3.9609
2025-09-13 20:27:54,741 - INFO - Batch 2240/2278: Loss=1.1885, Cls=0.0000, Reg=0.0000, Con=3.9617
2025-09-13 20:27:55,643 - INFO - Batch 2250/2278: Loss=1.1888, Cls=0.0005, Reg=0.0000, Con=3.9608
2025-09-13 20:27:56,528 - INFO - Batch 2260/2278: Loss=1.5917, Cls=1.5917, Reg=0.0000, Con=0.0000
2025-09-13 20:27:57,431 - INFO - Batch 2270/2278: Loss=0.0000, Cls=0.0000, Reg=0.0000, Con=0.0000
2025-09-13 20:31:25,041 - INFO - === Epoch 3 Results ===
2025-09-13 20:31:25,041 - INFO - Training Loss: 0.9087 (Classification: 0.1330, Regression: 0.0000)
2025-09-13 20:31:25,041 - INFO - Validation Loss: 0.0397 (Classification: 0.0397, Regression: 0.0000)
2025-09-13 20:31:25,041 - INFO - Average Classification Accuracy: 0.9570 (on 1/26 tasks)
2025-09-13 20:31:25,041 - INFO - Average AUC: 0.8459
2025-09-13 20:31:27,796 - INFO - Best model saved to: experiments/r1c3_single_cls_17_seed_42_20250913_201047/checkpoints/r1c3_single_cls_17_seed_42_best.pth
2025-09-13 20:31:27,796 - INFO - Training finished!
2025-09-13 20:31:27,796 - INFO - Performing final evaluation...
2025-09-13 20:31:28,067 - INFO - Loaded best model from: experiments/r1c3_single_cls_17_seed_42_20250913_201047/checkpoints/r1c3_single_cls_17_seed_42_best.pth
2025-09-13 20:34:54,369 - INFO - Final Validation Results:
2025-09-13 20:34:54,369 - INFO -   Total Loss: 0.0397
2025-09-13 20:34:54,370 - INFO -   Classification Loss: 0.0397
2025-09-13 20:34:54,370 - INFO -   Regression Loss: 0.0000
2025-09-13 20:34:54,370 - INFO -   Average Classification Accuracy: 0.9570
2025-09-13 20:34:54,370 - INFO -   Average AUC: 0.8459
2025-09-13 20:34:54,370 - INFO - Results saved to: experiments/r1c3_single_cls_17_seed_42_20250913_201047/checkpoints/r1c3_single_cls_17_seed_42_results.json
