2025-09-14 01:14:23,005 - INFO - 🔬 Starting experiment: r1c3_headft_cls_7_seed_42
2025-09-14 01:14:23,005 - INFO - 📁 Experiment directory: experiments/r1c3_headft_cls_7_seed_42_20250914_011422
2025-09-14 01:14:23,005 - INFO - 🎲 Random seed: 42
2025-09-14 01:14:23,005 - INFO - 🔒 Deterministic mode: True
2025-09-14 01:14:23,006 - INFO - Using device: cuda
2025-09-14 01:14:23,006 - INFO - Total GPU Memory: 25.16 GB
2025-09-14 01:14:23,018 - INFO - 🧪 Fusion: Using cross-attention dynamic fusion
2025-09-14 01:14:23,018 - INFO - 🧪 GNN Backbone: Using default GraphAttentionNetwork branch
2025-09-14 01:14:23,018 - INFO - 🎯 Task Mode: Single classification endpoint 7
2025-09-14 01:14:23,019 - INFO - Configuration saved to: experiments/r1c3_headft_cls_7_seed_42_20250914_011422/checkpoints/config.json
2025-09-14 01:14:23,019 - INFO - 🚀 Using preprocessed data from: /mnt/backup2/ai4s/backupunimolpy/responds-work/ToxD4C/data/data/processed
2025-09-14 01:14:23,019 - INFO - Loading LMDB dataset from: /mnt/backup2/ai4s/backupunimolpy/responds-work/ToxD4C/data/data/processed
2025-09-14 01:14:23,519 - INFO - Number of training batches: 2278
2025-09-14 01:14:23,519 - INFO - Number of validation batches: 2278
2025-09-14 01:14:23,519 - INFO - Number of test batches: 2278
2025-09-14 01:14:23,519 - INFO - Creating ToxD4C model...
2025-09-14 01:14:24,614 - INFO - Model created successfully. Total parameters: 100,932,036
2025-09-14 01:14:24,614 - INFO - Testing model forward pass...
2025-09-14 01:14:25,043 - INFO - Test output shapes:
2025-09-14 01:14:25,043 - INFO -   classification: torch.Size([16, 1])
2025-09-14 01:14:25,045 - INFO -   classification contains NaN: False
2025-09-14 01:14:25,045 - INFO -   classification contains Inf: False
2025-09-14 01:14:25,045 - INFO -   regression: torch.Size([16, 0])
2025-09-14 01:14:25,045 - INFO -   regression contains NaN: False
2025-09-14 01:14:25,045 - INFO -   regression contains Inf: False
2025-09-14 01:14:25,046 - INFO - Model forward pass test successful!
2025-09-14 01:14:25,781 - INFO - 🔁 Loaded checkpoint from: /mnt/backup2/ai4s/backupunimolpy/responds-work/ToxD4C/experiments/r1c3_multi_full_seed_42_20250913_152627/checkpoints/r1c3_multi_full_seed_42_best.pth
2025-09-14 01:14:25,782 - INFO - 🧩 Head-only fine-tuning: unfroze head for task 'Cardiotoxicity30' and froze trunk.
2025-09-14 01:14:25,783 - INFO - Starting training...
2025-09-14 01:14:25,783 - INFO - 
Epoch 1/3
2025-09-14 01:14:25,884 - INFO - Batch 0/2278: Loss=0.0000, Cls=0.0000, Reg=0.0000, Con=0.0000
2025-09-14 01:14:26,838 - INFO - Batch 10/2278: Loss=0.0000, Cls=0.0000, Reg=0.0000, Con=0.0000
2025-09-14 01:14:27,679 - INFO - Batch 20/2278: Loss=1.1883, Cls=0.0000, Reg=0.0000, Con=3.9610
2025-09-14 01:14:28,531 - INFO - Batch 30/2278: Loss=0.0712, Cls=0.0712, Reg=0.0000, Con=0.0000
2025-09-14 01:14:29,406 - INFO - Batch 40/2278: Loss=0.0000, Cls=0.0000, Reg=0.0000, Con=0.0000
2025-09-14 01:14:30,285 - INFO - Batch 50/2278: Loss=1.1888, Cls=0.0006, Reg=0.0000, Con=3.9609
2025-09-14 01:14:31,251 - INFO - Batch 60/2278: Loss=1.1948, Cls=0.0065, Reg=0.0000, Con=3.9609
2025-09-14 01:14:32,102 - INFO - Batch 70/2278: Loss=1.2585, Cls=0.0702, Reg=0.0000, Con=3.9608
2025-09-14 01:14:32,949 - INFO - Batch 80/2278: Loss=0.0000, Cls=0.0000, Reg=0.0000, Con=0.0000
2025-09-14 01:14:33,831 - INFO - Batch 90/2278: Loss=0.0000, Cls=0.0000, Reg=0.0000, Con=0.0000
2025-09-14 01:14:34,674 - INFO - Batch 100/2278: Loss=0.0000, Cls=0.0000, Reg=0.0000, Con=0.0000
2025-09-14 01:14:35,559 - INFO - Batch 110/2278: Loss=0.0000, Cls=0.0000, Reg=0.0000, Con=0.0000
2025-09-14 01:14:36,424 - INFO - Batch 120/2278: Loss=1.1883, Cls=0.0000, Reg=0.0000, Con=3.9609
2025-09-14 01:14:37,281 - INFO - Batch 130/2278: Loss=1.1937, Cls=0.0055, Reg=0.0000, Con=3.9609
2025-09-14 01:14:38,158 - INFO - Batch 140/2278: Loss=1.1884, Cls=0.0000, Reg=0.0000, Con=3.9615
2025-09-14 01:14:39,028 - INFO - Batch 150/2278: Loss=1.3803, Cls=0.1920, Reg=0.0000, Con=3.9610
2025-09-14 01:14:39,904 - INFO - Batch 160/2278: Loss=1.1971, Cls=0.0087, Reg=0.0000, Con=3.9611
2025-09-14 01:14:40,757 - INFO - Batch 170/2278: Loss=1.1883, Cls=0.0000, Reg=0.0000, Con=3.9611
2025-09-14 01:14:41,628 - INFO - Batch 180/2278: Loss=1.1883, Cls=0.0000, Reg=0.0000, Con=3.9610
2025-09-14 01:14:42,483 - INFO - Batch 190/2278: Loss=1.1898, Cls=0.0016, Reg=0.0000, Con=3.9608
2025-09-14 01:14:43,326 - INFO - Batch 200/2278: Loss=0.0000, Cls=0.0000, Reg=0.0000, Con=0.0000
2025-09-14 01:14:44,196 - INFO - Batch 210/2278: Loss=2.1952, Cls=2.1952, Reg=0.0000, Con=0.0000
2025-09-14 01:14:45,069 - INFO - Batch 220/2278: Loss=0.2809, Cls=0.2809, Reg=0.0000, Con=0.0000
2025-09-14 01:14:45,949 - INFO - Batch 230/2278: Loss=1.1883, Cls=0.0000, Reg=0.0000, Con=3.9610
2025-09-14 01:14:46,796 - INFO - Batch 240/2278: Loss=1.1882, Cls=0.0000, Reg=0.0000, Con=3.9608
2025-09-14 01:14:47,674 - INFO - Batch 250/2278: Loss=0.0000, Cls=0.0000, Reg=0.0000, Con=0.0000
2025-09-14 01:14:48,550 - INFO - Batch 260/2278: Loss=0.0000, Cls=0.0000, Reg=0.0000, Con=0.0000
2025-09-14 01:14:49,499 - INFO - Batch 270/2278: Loss=1.2084, Cls=0.0201, Reg=0.0000, Con=3.9607
2025-09-14 01:14:50,475 - INFO - Batch 280/2278: Loss=1.1906, Cls=0.0022, Reg=0.0000, Con=3.9611
2025-09-14 01:14:51,455 - INFO - Batch 290/2278: Loss=0.0000, Cls=0.0000, Reg=0.0000, Con=0.0000
2025-09-14 01:14:52,402 - INFO - Batch 300/2278: Loss=1.1883, Cls=0.0000, Reg=0.0000, Con=3.9609
2025-09-14 01:14:53,275 - INFO - Batch 310/2278: Loss=1.1884, Cls=0.0000, Reg=0.0000, Con=3.9612
2025-09-14 01:14:54,124 - INFO - Batch 320/2278: Loss=0.0000, Cls=0.0000, Reg=0.0000, Con=0.0000
2025-09-14 01:14:55,035 - INFO - Batch 330/2278: Loss=1.2774, Cls=0.0892, Reg=0.0000, Con=3.9609
2025-09-14 01:14:55,890 - INFO - Batch 340/2278: Loss=1.1883, Cls=0.0000, Reg=0.0000, Con=3.9610
2025-09-14 01:14:56,772 - INFO - Batch 350/2278: Loss=1.1883, Cls=0.0000, Reg=0.0000, Con=3.9611
2025-09-14 01:14:57,668 - INFO - Batch 360/2278: Loss=1.2351, Cls=0.0469, Reg=0.0000, Con=3.9607
2025-09-14 01:14:58,537 - INFO - Batch 370/2278: Loss=1.1883, Cls=0.0000, Reg=0.0000, Con=3.9609
2025-09-14 01:14:59,407 - INFO - Batch 380/2278: Loss=1.1882, Cls=0.0000, Reg=0.0000, Con=3.9607
2025-09-14 01:15:00,280 - INFO - Batch 390/2278: Loss=2.1531, Cls=0.9649, Reg=0.0000, Con=3.9608
2025-09-14 01:15:01,146 - INFO - Batch 400/2278: Loss=0.0000, Cls=0.0000, Reg=0.0000, Con=0.0000
2025-09-14 01:15:01,992 - INFO - Batch 410/2278: Loss=0.0000, Cls=0.0000, Reg=0.0000, Con=0.0000
2025-09-14 01:15:02,849 - INFO - Batch 420/2278: Loss=0.0013, Cls=0.0013, Reg=0.0000, Con=0.0000
2025-09-14 01:15:03,729 - INFO - Batch 430/2278: Loss=1.1882, Cls=0.0000, Reg=0.0000, Con=3.9607
2025-09-14 01:15:04,622 - INFO - Batch 440/2278: Loss=1.1882, Cls=0.0000, Reg=0.0000, Con=3.9608
2025-09-14 01:15:05,516 - INFO - Batch 450/2278: Loss=1.1888, Cls=0.0006, Reg=0.0000, Con=3.9606
2025-09-14 01:15:06,370 - INFO - Batch 460/2278: Loss=1.1882, Cls=0.0000, Reg=0.0000, Con=3.9607
2025-09-14 01:15:07,276 - INFO - Batch 470/2278: Loss=1.1883, Cls=0.0000, Reg=0.0000, Con=3.9611
2025-09-14 01:15:08,144 - INFO - Batch 480/2278: Loss=1.1882, Cls=0.0000, Reg=0.0000, Con=3.9607
2025-09-14 01:15:09,002 - INFO - Batch 490/2278: Loss=0.0000, Cls=0.0000, Reg=0.0000, Con=0.0000
2025-09-14 01:15:09,889 - INFO - Batch 500/2278: Loss=0.0000, Cls=0.0000, Reg=0.0000, Con=0.0000
2025-09-14 01:15:10,738 - INFO - Batch 510/2278: Loss=1.1883, Cls=0.0000, Reg=0.0000, Con=3.9609
2025-09-14 01:15:11,611 - INFO - Batch 520/2278: Loss=1.1882, Cls=0.0000, Reg=0.0000, Con=3.9608
2025-09-14 01:15:12,612 - INFO - Batch 530/2278: Loss=1.1882, Cls=0.0000, Reg=0.0000, Con=3.9608
2025-09-14 01:15:13,567 - INFO - Batch 540/2278: Loss=1.1883, Cls=0.0000, Reg=0.0000, Con=3.9610
2025-09-14 01:15:14,455 - INFO - Batch 550/2278: Loss=4.3893, Cls=3.2011, Reg=0.0000, Con=3.9607
2025-09-14 01:15:15,304 - INFO - Batch 560/2278: Loss=1.1883, Cls=0.0000, Reg=0.0000, Con=3.9609
2025-09-14 01:15:16,204 - INFO - Batch 570/2278: Loss=1.1882, Cls=0.0000, Reg=0.0000, Con=3.9608
2025-09-14 01:15:17,072 - INFO - Batch 580/2278: Loss=0.0008, Cls=0.0008, Reg=0.0000, Con=0.0000
2025-09-14 01:15:18,001 - INFO - Batch 590/2278: Loss=0.0000, Cls=0.0000, Reg=0.0000, Con=0.0000
2025-09-14 01:15:18,921 - INFO - Batch 600/2278: Loss=1.1883, Cls=0.0000, Reg=0.0000, Con=3.9609
2025-09-14 01:15:19,774 - INFO - Batch 610/2278: Loss=1.1888, Cls=0.0005, Reg=0.0000, Con=3.9609
2025-09-14 01:15:20,636 - INFO - Batch 620/2278: Loss=1.9556, Cls=0.7673, Reg=0.0000, Con=3.9608
2025-09-14 01:15:21,518 - INFO - Batch 630/2278: Loss=0.0001, Cls=0.0001, Reg=0.0000, Con=0.0000
2025-09-14 01:15:22,435 - INFO - Batch 640/2278: Loss=1.1882, Cls=0.0000, Reg=0.0000, Con=3.9608
2025-09-14 01:15:23,355 - INFO - Batch 650/2278: Loss=1.1884, Cls=0.0000, Reg=0.0000, Con=3.9613
2025-09-14 01:15:24,215 - INFO - Batch 660/2278: Loss=1.1882, Cls=0.0000, Reg=0.0000, Con=3.9608
2025-09-14 01:15:25,128 - INFO - Batch 670/2278: Loss=1.1883, Cls=0.0000, Reg=0.0000, Con=3.9608
2025-09-14 01:15:25,999 - INFO - Batch 680/2278: Loss=1.1882, Cls=0.0000, Reg=0.0000, Con=3.9608
2025-09-14 01:15:27,068 - INFO - Batch 690/2278: Loss=0.0000, Cls=0.0000, Reg=0.0000, Con=0.0000
2025-09-14 01:15:27,959 - INFO - Batch 700/2278: Loss=0.0000, Cls=0.0000, Reg=0.0000, Con=0.0000
2025-09-14 01:15:28,859 - INFO - Batch 710/2278: Loss=1.1882, Cls=0.0000, Reg=0.0000, Con=3.9607
2025-09-14 01:15:29,700 - INFO - Batch 720/2278: Loss=1.1883, Cls=0.0000, Reg=0.0000, Con=3.9609
2025-09-14 01:15:30,563 - INFO - Batch 730/2278: Loss=1.1884, Cls=0.0000, Reg=0.0000, Con=3.9613
2025-09-14 01:15:31,426 - INFO - Batch 740/2278: Loss=1.8094, Cls=0.6211, Reg=0.0000, Con=3.9610
2025-09-14 01:15:32,304 - INFO - Batch 750/2278: Loss=1.1885, Cls=0.0002, Reg=0.0000, Con=3.9609
2025-09-14 01:15:33,177 - INFO - Batch 760/2278: Loss=1.1882, Cls=0.0000, Reg=0.0000, Con=3.9608
2025-09-14 01:15:34,035 - INFO - Batch 770/2278: Loss=1.1883, Cls=0.0000, Reg=0.0000, Con=3.9610
2025-09-14 01:15:34,899 - INFO - Batch 780/2278: Loss=1.1882, Cls=0.0000, Reg=0.0000, Con=3.9608
2025-09-14 01:15:35,755 - INFO - Batch 790/2278: Loss=0.0000, Cls=0.0000, Reg=0.0000, Con=0.0000
2025-09-14 01:15:36,644 - INFO - Batch 800/2278: Loss=1.1884, Cls=0.0000, Reg=0.0000, Con=3.9612
2025-09-14 01:15:37,513 - INFO - Batch 810/2278: Loss=1.1884, Cls=0.0000, Reg=0.0000, Con=3.9612
2025-09-14 01:15:38,413 - INFO - Batch 820/2278: Loss=1.1883, Cls=0.0000, Reg=0.0000, Con=3.9609
2025-09-14 01:15:39,329 - INFO - Batch 830/2278: Loss=1.1883, Cls=0.0000, Reg=0.0000, Con=3.9609
2025-09-14 01:15:40,209 - INFO - Batch 840/2278: Loss=1.1929, Cls=0.0047, Reg=0.0000, Con=3.9608
2025-09-14 01:15:41,122 - INFO - Batch 850/2278: Loss=0.0000, Cls=0.0000, Reg=0.0000, Con=0.0000
2025-09-14 01:15:41,961 - INFO - Batch 860/2278: Loss=1.1882, Cls=0.0000, Reg=0.0000, Con=3.9607
2025-09-14 01:15:42,825 - INFO - Batch 870/2278: Loss=0.0003, Cls=0.0003, Reg=0.0000, Con=0.0000
2025-09-14 01:15:43,701 - INFO - Batch 880/2278: Loss=0.0000, Cls=0.0000, Reg=0.0000, Con=0.0000
2025-09-14 01:15:44,543 - INFO - Batch 890/2278: Loss=0.0000, Cls=0.0000, Reg=0.0000, Con=0.0000
2025-09-14 01:15:45,422 - INFO - Batch 900/2278: Loss=1.1883, Cls=0.0000, Reg=0.0000, Con=3.9609
2025-09-14 01:15:46,291 - INFO - Batch 910/2278: Loss=4.8946, Cls=3.7064, Reg=0.0000, Con=3.9609
2025-09-14 01:15:47,134 - INFO - Batch 920/2278: Loss=1.1883, Cls=0.0000, Reg=0.0000, Con=3.9610
2025-09-14 01:15:48,011 - INFO - Batch 930/2278: Loss=1.1918, Cls=0.0035, Reg=0.0000, Con=3.9608
2025-09-14 01:15:48,875 - INFO - Batch 940/2278: Loss=1.2928, Cls=0.1045, Reg=0.0000, Con=3.9609
2025-09-14 01:15:49,760 - INFO - Batch 950/2278: Loss=1.1883, Cls=0.0000, Reg=0.0000, Con=3.9611
2025-09-14 01:15:50,617 - INFO - Batch 960/2278: Loss=1.1884, Cls=0.0001, Reg=0.0000, Con=3.9609
2025-09-14 01:15:51,478 - INFO - Batch 970/2278: Loss=1.1884, Cls=0.0000, Reg=0.0000, Con=3.9612
2025-09-14 01:15:52,327 - INFO - Batch 980/2278: Loss=0.0000, Cls=0.0000, Reg=0.0000, Con=0.0000
2025-09-14 01:15:53,179 - INFO - Batch 990/2278: Loss=0.0000, Cls=0.0000, Reg=0.0000, Con=0.0000
2025-09-14 01:15:54,038 - INFO - Batch 1000/2278: Loss=4.7866, Cls=3.5984, Reg=0.0000, Con=3.9609
2025-09-14 01:15:54,932 - INFO - Batch 1010/2278: Loss=1.1895, Cls=0.0012, Reg=0.0000, Con=3.9608
2025-09-14 01:15:55,804 - INFO - Batch 1020/2278: Loss=0.0000, Cls=0.0000, Reg=0.0000, Con=0.0000
2025-09-14 01:15:56,665 - INFO - Batch 1030/2278: Loss=1.1884, Cls=0.0001, Reg=0.0000, Con=3.9610
2025-09-14 01:15:57,529 - INFO - Batch 1040/2278: Loss=1.1882, Cls=0.0000, Reg=0.0000, Con=3.9607
2025-09-14 01:15:58,421 - INFO - Batch 1050/2278: Loss=1.1883, Cls=0.0000, Reg=0.0000, Con=3.9609
2025-09-14 01:15:59,303 - INFO - Batch 1060/2278: Loss=1.1882, Cls=0.0000, Reg=0.0000, Con=3.9608
2025-09-14 01:16:00,191 - INFO - Batch 1070/2278: Loss=1.1882, Cls=0.0000, Reg=0.0000, Con=3.9608
2025-09-14 01:16:01,050 - INFO - Batch 1080/2278: Loss=0.0000, Cls=0.0000, Reg=0.0000, Con=0.0000
2025-09-14 01:16:01,961 - INFO - Batch 1090/2278: Loss=1.1883, Cls=0.0000, Reg=0.0000, Con=3.9609
2025-09-14 01:16:02,894 - INFO - Batch 1100/2278: Loss=0.0716, Cls=0.0716, Reg=0.0000, Con=0.0000
2025-09-14 01:16:03,804 - INFO - Batch 1110/2278: Loss=1.1882, Cls=0.0000, Reg=0.0000, Con=3.9608
2025-09-14 01:16:04,657 - INFO - Batch 1120/2278: Loss=0.0000, Cls=0.0000, Reg=0.0000, Con=0.0000
2025-09-14 01:16:05,581 - INFO - Batch 1130/2278: Loss=1.1882, Cls=0.0000, Reg=0.0000, Con=3.9608
2025-09-14 01:16:06,470 - INFO - Batch 1140/2278: Loss=1.1882, Cls=0.0000, Reg=0.0000, Con=3.9608
2025-09-14 01:16:07,319 - INFO - Batch 1150/2278: Loss=1.1883, Cls=0.0000, Reg=0.0000, Con=3.9611
2025-09-14 01:16:08,185 - INFO - Batch 1160/2278: Loss=1.1883, Cls=0.0000, Reg=0.0000, Con=3.9609
2025-09-14 01:16:09,053 - INFO - Batch 1170/2278: Loss=0.0000, Cls=0.0000, Reg=0.0000, Con=0.0000
2025-09-14 01:16:09,924 - INFO - Batch 1180/2278: Loss=1.1883, Cls=0.0000, Reg=0.0000, Con=3.9609
2025-09-14 01:16:10,790 - INFO - Batch 1190/2278: Loss=1.1883, Cls=0.0000, Reg=0.0000, Con=3.9609
2025-09-14 01:16:11,659 - INFO - Batch 1200/2278: Loss=0.0000, Cls=0.0000, Reg=0.0000, Con=0.0000
2025-09-14 01:16:12,542 - INFO - Batch 1210/2278: Loss=1.1883, Cls=0.0000, Reg=0.0000, Con=3.9610
2025-09-14 01:16:13,405 - INFO - Batch 1220/2278: Loss=0.0237, Cls=0.0237, Reg=0.0000, Con=0.0000
2025-09-14 01:16:14,258 - INFO - Batch 1230/2278: Loss=1.1883, Cls=0.0000, Reg=0.0000, Con=3.9609
2025-09-14 01:16:15,142 - INFO - Batch 1240/2278: Loss=1.1883, Cls=0.0000, Reg=0.0000, Con=3.9609
2025-09-14 01:16:16,011 - INFO - Batch 1250/2278: Loss=0.2186, Cls=0.2186, Reg=0.0000, Con=0.0000
2025-09-14 01:16:16,873 - INFO - Batch 1260/2278: Loss=1.1882, Cls=0.0000, Reg=0.0000, Con=3.9608
2025-09-14 01:16:17,734 - INFO - Batch 1270/2278: Loss=1.1883, Cls=0.0000, Reg=0.0000, Con=3.9609
2025-09-14 01:16:18,596 - INFO - Batch 1280/2278: Loss=0.0000, Cls=0.0000, Reg=0.0000, Con=0.0000
2025-09-14 01:16:19,450 - INFO - Batch 1290/2278: Loss=0.0000, Cls=0.0000, Reg=0.0000, Con=0.0000
2025-09-14 01:16:20,319 - INFO - Batch 1300/2278: Loss=1.2023, Cls=0.0140, Reg=0.0000, Con=3.9610
2025-09-14 01:16:21,180 - INFO - Batch 1310/2278: Loss=1.1920, Cls=0.0037, Reg=0.0000, Con=3.9611
2025-09-14 01:16:22,043 - INFO - Batch 1320/2278: Loss=0.0000, Cls=0.0000, Reg=0.0000, Con=0.0000
2025-09-14 01:16:22,980 - INFO - Batch 1330/2278: Loss=1.1886, Cls=0.0002, Reg=0.0000, Con=3.9613
2025-09-14 01:16:23,833 - INFO - Batch 1340/2278: Loss=1.1882, Cls=0.0000, Reg=0.0000, Con=3.9608
2025-09-14 01:16:24,703 - INFO - Batch 1350/2278: Loss=0.0000, Cls=0.0000, Reg=0.0000, Con=0.0000
2025-09-14 01:16:25,647 - INFO - Batch 1360/2278: Loss=1.1883, Cls=0.0000, Reg=0.0000, Con=3.9610
2025-09-14 01:16:26,560 - INFO - Batch 1370/2278: Loss=1.1882, Cls=0.0000, Reg=0.0000, Con=3.9608
2025-09-14 01:16:27,571 - INFO - Batch 1380/2278: Loss=1.1882, Cls=0.0000, Reg=0.0000, Con=3.9608
2025-09-14 01:16:28,464 - INFO - Batch 1390/2278: Loss=1.1883, Cls=0.0000, Reg=0.0000, Con=3.9608
2025-09-14 01:16:29,433 - INFO - Batch 1400/2278: Loss=1.1883, Cls=0.0000, Reg=0.0000, Con=3.9609
2025-09-14 01:16:30,362 - INFO - Batch 1410/2278: Loss=1.1883, Cls=0.0000, Reg=0.0000, Con=3.9612
2025-09-14 01:16:31,205 - INFO - Batch 1420/2278: Loss=0.0000, Cls=0.0000, Reg=0.0000, Con=0.0000
2025-09-14 01:16:32,051 - INFO - Batch 1430/2278: Loss=1.1883, Cls=0.0000, Reg=0.0000, Con=3.9609
2025-09-14 01:16:32,934 - INFO - Batch 1440/2278: Loss=1.1883, Cls=0.0000, Reg=0.0000, Con=3.9609
2025-09-14 01:16:33,860 - INFO - Batch 1450/2278: Loss=1.1882, Cls=0.0000, Reg=0.0000, Con=3.9608
2025-09-14 01:16:34,742 - INFO - Batch 1460/2278: Loss=0.0000, Cls=0.0000, Reg=0.0000, Con=0.0000
2025-09-14 01:16:35,631 - INFO - Batch 1470/2278: Loss=1.1886, Cls=0.0003, Reg=0.0000, Con=3.9609
2025-09-14 01:16:36,486 - INFO - Batch 1480/2278: Loss=1.1882, Cls=0.0000, Reg=0.0000, Con=3.9607
2025-09-14 01:16:37,379 - INFO - Batch 1490/2278: Loss=1.1884, Cls=0.0002, Reg=0.0000, Con=3.9609
2025-09-14 01:16:38,264 - INFO - Batch 1500/2278: Loss=1.1883, Cls=0.0000, Reg=0.0000, Con=3.9609
2025-09-14 01:16:39,136 - INFO - Batch 1510/2278: Loss=0.0038, Cls=0.0038, Reg=0.0000, Con=0.0000
2025-09-14 01:16:40,015 - INFO - Batch 1520/2278: Loss=1.1882, Cls=0.0000, Reg=0.0000, Con=3.9608
2025-09-14 01:16:40,885 - INFO - Batch 1530/2278: Loss=1.1882, Cls=0.0000, Reg=0.0000, Con=3.9608
2025-09-14 01:16:41,763 - INFO - Batch 1540/2278: Loss=1.1883, Cls=0.0000, Reg=0.0000, Con=3.9609
2025-09-14 01:16:42,663 - INFO - Batch 1550/2278: Loss=1.1884, Cls=0.0001, Reg=0.0000, Con=3.9610
2025-09-14 01:16:43,539 - INFO - Batch 1560/2278: Loss=1.1883, Cls=0.0000, Reg=0.0000, Con=3.9609
2025-09-14 01:16:44,443 - INFO - Batch 1570/2278: Loss=1.1882, Cls=0.0000, Reg=0.0000, Con=3.9608
2025-09-14 01:16:45,523 - INFO - Batch 1580/2278: Loss=1.2342, Cls=0.0460, Reg=0.0000, Con=3.9608
2025-09-14 01:16:46,423 - INFO - Batch 1590/2278: Loss=1.1883, Cls=0.0000, Reg=0.0000, Con=3.9609
2025-09-14 01:16:47,283 - INFO - Batch 1600/2278: Loss=1.1890, Cls=0.0008, Reg=0.0000, Con=3.9608
2025-09-14 01:16:48,140 - INFO - Batch 1610/2278: Loss=0.0000, Cls=0.0000, Reg=0.0000, Con=0.0000
2025-09-14 01:16:48,994 - INFO - Batch 1620/2278: Loss=0.0000, Cls=0.0000, Reg=0.0000, Con=0.0000
2025-09-14 01:16:49,984 - INFO - Batch 1630/2278: Loss=1.1882, Cls=0.0000, Reg=0.0000, Con=3.9608
2025-09-14 01:16:50,977 - INFO - Batch 1640/2278: Loss=0.0000, Cls=0.0000, Reg=0.0000, Con=0.0000
2025-09-14 01:16:51,894 - INFO - Batch 1650/2278: Loss=0.0000, Cls=0.0000, Reg=0.0000, Con=0.0000
2025-09-14 01:16:52,766 - INFO - Batch 1660/2278: Loss=0.0000, Cls=0.0000, Reg=0.0000, Con=0.0000
2025-09-14 01:16:53,612 - INFO - Batch 1670/2278: Loss=1.1884, Cls=0.0000, Reg=0.0000, Con=3.9612
2025-09-14 01:16:54,526 - INFO - Batch 1680/2278: Loss=0.0000, Cls=0.0000, Reg=0.0000, Con=0.0000
2025-09-14 01:16:55,400 - INFO - Batch 1690/2278: Loss=1.1884, Cls=0.0000, Reg=0.0000, Con=3.9612
2025-09-14 01:16:56,261 - INFO - Batch 1700/2278: Loss=1.1884, Cls=0.0000, Reg=0.0000, Con=3.9612
2025-09-14 01:16:57,116 - INFO - Batch 1710/2278: Loss=0.0000, Cls=0.0000, Reg=0.0000, Con=0.0000
2025-09-14 01:16:58,005 - INFO - Batch 1720/2278: Loss=1.1882, Cls=0.0000, Reg=0.0000, Con=3.9608
2025-09-14 01:16:58,876 - INFO - Batch 1730/2278: Loss=0.0000, Cls=0.0000, Reg=0.0000, Con=0.0000
2025-09-14 01:16:59,765 - INFO - Batch 1740/2278: Loss=0.0000, Cls=0.0000, Reg=0.0000, Con=0.0000
2025-09-14 01:17:00,627 - INFO - Batch 1750/2278: Loss=1.1883, Cls=0.0000, Reg=0.0000, Con=3.9609
2025-09-14 01:17:01,480 - INFO - Batch 1760/2278: Loss=1.2089, Cls=0.0206, Reg=0.0000, Con=3.9609
2025-09-14 01:17:02,363 - INFO - Batch 1770/2278: Loss=1.1882, Cls=0.0000, Reg=0.0000, Con=3.9608
2025-09-14 01:17:03,229 - INFO - Batch 1780/2278: Loss=1.1883, Cls=0.0000, Reg=0.0000, Con=3.9608
2025-09-14 01:17:04,068 - INFO - Batch 1790/2278: Loss=0.0000, Cls=0.0000, Reg=0.0000, Con=0.0000
2025-09-14 01:17:04,958 - INFO - Batch 1800/2278: Loss=0.0343, Cls=0.0343, Reg=0.0000, Con=0.0000
2025-09-14 01:17:05,858 - INFO - Batch 1810/2278: Loss=0.0230, Cls=0.0230, Reg=0.0000, Con=0.0000
2025-09-14 01:17:06,708 - INFO - Batch 1820/2278: Loss=1.1883, Cls=0.0000, Reg=0.0000, Con=3.9611
2025-09-14 01:17:07,560 - INFO - Batch 1830/2278: Loss=0.0000, Cls=0.0000, Reg=0.0000, Con=0.0000
2025-09-14 01:17:08,428 - INFO - Batch 1840/2278: Loss=0.0000, Cls=0.0000, Reg=0.0000, Con=0.0000
2025-09-14 01:17:09,343 - INFO - Batch 1850/2278: Loss=5.0530, Cls=3.8647, Reg=0.0000, Con=3.9608
2025-09-14 01:17:10,204 - INFO - Batch 1860/2278: Loss=0.0000, Cls=0.0000, Reg=0.0000, Con=0.0000
2025-09-14 01:17:11,099 - INFO - Batch 1870/2278: Loss=1.1882, Cls=0.0000, Reg=0.0000, Con=3.9608
2025-09-14 01:17:12,132 - INFO - Batch 1880/2278: Loss=0.0146, Cls=0.0146, Reg=0.0000, Con=0.0000
2025-09-14 01:17:13,166 - INFO - Batch 1890/2278: Loss=1.1883, Cls=0.0000, Reg=0.0000, Con=3.9609
2025-09-14 01:17:14,046 - INFO - Batch 1900/2278: Loss=0.0000, Cls=0.0000, Reg=0.0000, Con=0.0000
2025-09-14 01:17:14,911 - INFO - Batch 1910/2278: Loss=0.0000, Cls=0.0000, Reg=0.0000, Con=0.0000
2025-09-14 01:17:15,860 - INFO - Batch 1920/2278: Loss=1.2073, Cls=0.0191, Reg=0.0000, Con=3.9607
2025-09-14 01:17:16,738 - INFO - Batch 1930/2278: Loss=1.1882, Cls=0.0000, Reg=0.0000, Con=3.9607
2025-09-14 01:17:17,610 - INFO - Batch 1940/2278: Loss=1.1882, Cls=0.0000, Reg=0.0000, Con=3.9608
2025-09-14 01:17:18,457 - INFO - Batch 1950/2278: Loss=1.1882, Cls=0.0000, Reg=0.0000, Con=3.9608
2025-09-14 01:17:19,325 - INFO - Batch 1960/2278: Loss=1.1891, Cls=0.0008, Reg=0.0000, Con=3.9609
2025-09-14 01:17:20,177 - INFO - Batch 1970/2278: Loss=1.1891, Cls=0.0008, Reg=0.0000, Con=3.9611
2025-09-14 01:17:21,054 - INFO - Batch 1980/2278: Loss=1.4253, Cls=0.2371, Reg=0.0000, Con=3.9608
2025-09-14 01:17:21,914 - INFO - Batch 1990/2278: Loss=1.1884, Cls=0.0000, Reg=0.0000, Con=3.9615
2025-09-14 01:17:22,780 - INFO - Batch 2000/2278: Loss=0.0000, Cls=0.0000, Reg=0.0000, Con=0.0000
2025-09-14 01:17:23,646 - INFO - Batch 2010/2278: Loss=1.1883, Cls=0.0000, Reg=0.0000, Con=3.9608
2025-09-14 01:17:24,497 - INFO - Batch 2020/2278: Loss=1.1882, Cls=0.0000, Reg=0.0000, Con=3.9608
2025-09-14 01:17:25,362 - INFO - Batch 2030/2278: Loss=1.1882, Cls=0.0000, Reg=0.0000, Con=3.9607
2025-09-14 01:17:26,239 - INFO - Batch 2040/2278: Loss=1.1883, Cls=0.0000, Reg=0.0000, Con=3.9609
2025-09-14 01:17:27,120 - INFO - Batch 2050/2278: Loss=1.1883, Cls=0.0000, Reg=0.0000, Con=3.9608
2025-09-14 01:17:27,961 - INFO - Batch 2060/2278: Loss=0.0000, Cls=0.0000, Reg=0.0000, Con=0.0000
2025-09-14 01:17:28,868 - INFO - Batch 2070/2278: Loss=1.1883, Cls=0.0000, Reg=0.0000, Con=3.9611
2025-09-14 01:17:29,829 - INFO - Batch 2080/2278: Loss=1.1883, Cls=0.0000, Reg=0.0000, Con=3.9610
2025-09-14 01:17:30,690 - INFO - Batch 2090/2278: Loss=1.1884, Cls=0.0000, Reg=0.0000, Con=3.9612
2025-09-14 01:17:31,552 - INFO - Batch 2100/2278: Loss=1.1883, Cls=0.0000, Reg=0.0000, Con=3.9611
2025-09-14 01:17:32,428 - INFO - Batch 2110/2278: Loss=7.1022, Cls=5.9139, Reg=0.0000, Con=3.9609
2025-09-14 01:17:33,289 - INFO - Batch 2120/2278: Loss=0.0007, Cls=0.0007, Reg=0.0000, Con=0.0000
2025-09-14 01:17:34,162 - INFO - Batch 2130/2278: Loss=1.1882, Cls=0.0000, Reg=0.0000, Con=3.9606
2025-09-14 01:17:35,034 - INFO - Batch 2140/2278: Loss=1.1882, Cls=0.0000, Reg=0.0000, Con=3.9608
2025-09-14 01:17:35,897 - INFO - Batch 2150/2278: Loss=1.1882, Cls=0.0000, Reg=0.0000, Con=3.9607
2025-09-14 01:17:36,869 - INFO - Batch 2160/2278: Loss=1.1882, Cls=0.0000, Reg=0.0000, Con=3.9608
2025-09-14 01:17:37,764 - INFO - Batch 2170/2278: Loss=1.1883, Cls=0.0000, Reg=0.0000, Con=3.9609
2025-09-14 01:17:38,648 - INFO - Batch 2180/2278: Loss=0.0000, Cls=0.0000, Reg=0.0000, Con=0.0000
2025-09-14 01:17:39,548 - INFO - Batch 2190/2278: Loss=0.0000, Cls=0.0000, Reg=0.0000, Con=0.0000
2025-09-14 01:17:40,481 - INFO - Batch 2200/2278: Loss=1.1882, Cls=0.0000, Reg=0.0000, Con=3.9605
2025-09-14 01:17:41,474 - INFO - Batch 2210/2278: Loss=1.1883, Cls=0.0000, Reg=0.0000, Con=3.9609
2025-09-14 01:17:42,392 - INFO - Batch 2220/2278: Loss=1.1883, Cls=0.0000, Reg=0.0000, Con=3.9610
2025-09-14 01:17:43,249 - INFO - Batch 2230/2278: Loss=0.0000, Cls=0.0000, Reg=0.0000, Con=0.0000
2025-09-14 01:17:44,164 - INFO - Batch 2240/2278: Loss=0.0000, Cls=0.0000, Reg=0.0000, Con=0.0000
2025-09-14 01:17:45,016 - INFO - Batch 2250/2278: Loss=1.1883, Cls=0.0000, Reg=0.0000, Con=3.9609
2025-09-14 01:17:45,987 - INFO - Batch 2260/2278: Loss=1.1943, Cls=0.0060, Reg=0.0000, Con=3.9608
2025-09-14 01:17:46,892 - INFO - Batch 2270/2278: Loss=0.0000, Cls=0.0000, Reg=0.0000, Con=0.0000
2025-09-14 01:21:13,120 - INFO - === Epoch 1 Results ===
2025-09-14 01:21:13,120 - INFO - Training Loss: 0.9121 (Classification: 0.1380, Regression: 0.0000)
2025-09-14 01:21:13,120 - INFO - Validation Loss: 0.0308 (Classification: 0.0308, Regression: 0.0000)
2025-09-14 01:21:13,120 - INFO - Average Classification Accuracy: 0.8192 (on 1/26 tasks)
2025-09-14 01:21:13,120 - INFO - Average AUC: 0.8918
2025-09-14 01:21:13,662 - INFO - Best model saved to: experiments/r1c3_headft_cls_7_seed_42_20250914_011422/checkpoints/r1c3_headft_cls_7_seed_42_best.pth
2025-09-14 01:21:13,662 - INFO - 
Epoch 2/3
2025-09-14 01:21:13,762 - INFO - Batch 0/2278: Loss=0.4282, Cls=0.4282, Reg=0.0000, Con=0.0000
2025-09-14 01:21:14,644 - INFO - Batch 10/2278: Loss=1.1881, Cls=0.0000, Reg=0.0000, Con=3.9604
2025-09-14 01:21:15,531 - INFO - Batch 20/2278: Loss=3.3110, Cls=2.1227, Reg=0.0000, Con=3.9610
2025-09-14 01:21:16,416 - INFO - Batch 30/2278: Loss=1.1883, Cls=0.0000, Reg=0.0000, Con=3.9608
2025-09-14 01:21:17,280 - INFO - Batch 40/2278: Loss=1.1887, Cls=0.0005, Reg=0.0000, Con=3.9608
2025-09-14 01:21:18,207 - INFO - Batch 50/2278: Loss=0.4326, Cls=0.4326, Reg=0.0000, Con=0.0000
2025-09-14 01:21:19,066 - INFO - Batch 60/2278: Loss=0.0000, Cls=0.0000, Reg=0.0000, Con=0.0000
2025-09-14 01:21:19,947 - INFO - Batch 70/2278: Loss=1.1882, Cls=0.0000, Reg=0.0000, Con=3.9607
2025-09-14 01:21:20,834 - INFO - Batch 80/2278: Loss=1.1883, Cls=0.0000, Reg=0.0000, Con=3.9609
2025-09-14 01:21:21,718 - INFO - Batch 90/2278: Loss=2.5600, Cls=1.3717, Reg=0.0000, Con=3.9608
2025-09-14 01:21:22,631 - INFO - Batch 100/2278: Loss=1.1883, Cls=0.0000, Reg=0.0000, Con=3.9609
2025-09-14 01:21:23,547 - INFO - Batch 110/2278: Loss=1.2357, Cls=0.0475, Reg=0.0000, Con=3.9608
2025-09-14 01:21:24,531 - INFO - Batch 120/2278: Loss=0.0179, Cls=0.0179, Reg=0.0000, Con=0.0000
2025-09-14 01:21:25,548 - INFO - Batch 130/2278: Loss=1.1882, Cls=0.0000, Reg=0.0000, Con=3.9607
2025-09-14 01:21:26,519 - INFO - Batch 140/2278: Loss=1.1883, Cls=0.0000, Reg=0.0000, Con=3.9609
2025-09-14 01:21:27,419 - INFO - Batch 150/2278: Loss=1.1883, Cls=0.0000, Reg=0.0000, Con=3.9611
2025-09-14 01:21:28,303 - INFO - Batch 160/2278: Loss=1.1883, Cls=0.0000, Reg=0.0000, Con=3.9609
2025-09-14 01:21:29,169 - INFO - Batch 170/2278: Loss=0.0000, Cls=0.0000, Reg=0.0000, Con=0.0000
2025-09-14 01:21:30,055 - INFO - Batch 180/2278: Loss=1.1883, Cls=0.0001, Reg=0.0000, Con=3.9609
2025-09-14 01:21:30,965 - INFO - Batch 190/2278: Loss=6.4983, Cls=6.4983, Reg=0.0000, Con=0.0000
2025-09-14 01:21:31,852 - INFO - Batch 200/2278: Loss=1.1882, Cls=0.0000, Reg=0.0000, Con=3.9608
2025-09-14 01:21:32,729 - INFO - Batch 210/2278: Loss=1.1883, Cls=0.0000, Reg=0.0000, Con=3.9609
2025-09-14 01:21:33,610 - INFO - Batch 220/2278: Loss=0.0244, Cls=0.0244, Reg=0.0000, Con=0.0000
2025-09-14 01:21:34,505 - INFO - Batch 230/2278: Loss=11.9963, Cls=11.9963, Reg=0.0000, Con=0.0000
2025-09-14 01:21:35,414 - INFO - Batch 240/2278: Loss=0.0000, Cls=0.0000, Reg=0.0000, Con=0.0000
2025-09-14 01:21:36,340 - INFO - Batch 250/2278: Loss=0.0000, Cls=0.0000, Reg=0.0000, Con=0.0000
2025-09-14 01:21:37,226 - INFO - Batch 260/2278: Loss=0.0000, Cls=0.0000, Reg=0.0000, Con=0.0000
2025-09-14 01:21:38,137 - INFO - Batch 270/2278: Loss=1.1883, Cls=0.0000, Reg=0.0000, Con=3.9608
2025-09-14 01:21:39,066 - INFO - Batch 280/2278: Loss=1.1883, Cls=0.0000, Reg=0.0000, Con=3.9609
2025-09-14 01:21:39,951 - INFO - Batch 290/2278: Loss=1.1883, Cls=0.0000, Reg=0.0000, Con=3.9609
2025-09-14 01:21:40,846 - INFO - Batch 300/2278: Loss=1.1883, Cls=0.0001, Reg=0.0000, Con=3.9609
2025-09-14 01:21:41,784 - INFO - Batch 310/2278: Loss=1.1908, Cls=0.0025, Reg=0.0000, Con=3.9608
2025-09-14 01:21:42,806 - INFO - Batch 320/2278: Loss=0.0000, Cls=0.0000, Reg=0.0000, Con=0.0000
2025-09-14 01:21:43,689 - INFO - Batch 330/2278: Loss=1.1883, Cls=0.0000, Reg=0.0000, Con=3.9609
2025-09-14 01:21:44,576 - INFO - Batch 340/2278: Loss=1.1919, Cls=0.0036, Reg=0.0000, Con=3.9609
2025-09-14 01:21:45,468 - INFO - Batch 350/2278: Loss=1.1883, Cls=0.0000, Reg=0.0000, Con=3.9609
2025-09-14 01:21:46,396 - INFO - Batch 360/2278: Loss=2.9085, Cls=1.7203, Reg=0.0000, Con=3.9609
2025-09-14 01:21:47,345 - INFO - Batch 370/2278: Loss=1.1883, Cls=0.0000, Reg=0.0000, Con=3.9609
2025-09-14 01:21:48,233 - INFO - Batch 380/2278: Loss=1.1882, Cls=0.0000, Reg=0.0000, Con=3.9608
2025-09-14 01:21:49,147 - INFO - Batch 390/2278: Loss=1.4093, Cls=0.2211, Reg=0.0000, Con=3.9609
2025-09-14 01:21:50,065 - INFO - Batch 400/2278: Loss=0.0000, Cls=0.0000, Reg=0.0000, Con=0.0000
2025-09-14 01:21:51,063 - INFO - Batch 410/2278: Loss=1.1882, Cls=0.0000, Reg=0.0000, Con=3.9608
2025-09-14 01:21:52,042 - INFO - Batch 420/2278: Loss=0.0533, Cls=0.0533, Reg=0.0000, Con=0.0000
2025-09-14 01:21:52,930 - INFO - Batch 430/2278: Loss=0.0000, Cls=0.0000, Reg=0.0000, Con=0.0000
2025-09-14 01:21:53,813 - INFO - Batch 440/2278: Loss=1.1882, Cls=0.0000, Reg=0.0000, Con=3.9608
2025-09-14 01:21:54,715 - INFO - Batch 450/2278: Loss=1.1882, Cls=0.0000, Reg=0.0000, Con=3.9607
2025-09-14 01:21:55,595 - INFO - Batch 460/2278: Loss=0.0000, Cls=0.0000, Reg=0.0000, Con=0.0000
2025-09-14 01:21:56,494 - INFO - Batch 470/2278: Loss=1.1882, Cls=0.0000, Reg=0.0000, Con=3.9608
2025-09-14 01:21:57,385 - INFO - Batch 480/2278: Loss=0.0000, Cls=0.0000, Reg=0.0000, Con=0.0000
2025-09-14 01:21:58,324 - INFO - Batch 490/2278: Loss=1.1883, Cls=0.0000, Reg=0.0000, Con=3.9610
2025-09-14 01:21:59,233 - INFO - Batch 500/2278: Loss=1.1882, Cls=0.0000, Reg=0.0000, Con=3.9607
2025-09-14 01:22:00,161 - INFO - Batch 510/2278: Loss=1.1882, Cls=0.0000, Reg=0.0000, Con=3.9607
2025-09-14 01:22:01,171 - INFO - Batch 520/2278: Loss=1.3395, Cls=0.1513, Reg=0.0000, Con=3.9607
2025-09-14 01:22:02,048 - INFO - Batch 530/2278: Loss=1.3587, Cls=0.1705, Reg=0.0000, Con=3.9608
2025-09-14 01:22:02,903 - INFO - Batch 540/2278: Loss=1.1883, Cls=0.0000, Reg=0.0000, Con=3.9610
2025-09-14 01:22:03,768 - INFO - Batch 550/2278: Loss=1.1882, Cls=0.0000, Reg=0.0000, Con=3.9607
2025-09-14 01:22:04,648 - INFO - Batch 560/2278: Loss=0.0000, Cls=0.0000, Reg=0.0000, Con=0.0000
2025-09-14 01:22:05,543 - INFO - Batch 570/2278: Loss=1.1882, Cls=0.0000, Reg=0.0000, Con=3.9608
2025-09-14 01:22:06,440 - INFO - Batch 580/2278: Loss=0.0000, Cls=0.0000, Reg=0.0000, Con=0.0000
2025-09-14 01:22:07,321 - INFO - Batch 590/2278: Loss=1.1882, Cls=0.0000, Reg=0.0000, Con=3.9608
2025-09-14 01:22:08,188 - INFO - Batch 600/2278: Loss=0.0000, Cls=0.0000, Reg=0.0000, Con=0.0000
2025-09-14 01:22:09,069 - INFO - Batch 610/2278: Loss=1.1882, Cls=0.0000, Reg=0.0000, Con=3.9608
2025-09-14 01:22:09,943 - INFO - Batch 620/2278: Loss=1.1888, Cls=0.0006, Reg=0.0000, Con=3.9608
2025-09-14 01:22:10,817 - INFO - Batch 630/2278: Loss=0.0000, Cls=0.0000, Reg=0.0000, Con=0.0000
2025-09-14 01:22:11,728 - INFO - Batch 640/2278: Loss=0.0000, Cls=0.0000, Reg=0.0000, Con=0.0000
2025-09-14 01:22:12,610 - INFO - Batch 650/2278: Loss=0.0000, Cls=0.0000, Reg=0.0000, Con=0.0000
2025-09-14 01:22:13,494 - INFO - Batch 660/2278: Loss=1.1882, Cls=0.0000, Reg=0.0000, Con=3.9607
2025-09-14 01:22:14,398 - INFO - Batch 670/2278: Loss=1.1883, Cls=0.0000, Reg=0.0000, Con=3.9609
2025-09-14 01:22:15,362 - INFO - Batch 680/2278: Loss=1.1882, Cls=0.0000, Reg=0.0000, Con=3.9608
2025-09-14 01:22:16,342 - INFO - Batch 690/2278: Loss=1.1884, Cls=0.0000, Reg=0.0000, Con=3.9613
2025-09-14 01:22:17,236 - INFO - Batch 700/2278: Loss=0.0000, Cls=0.0000, Reg=0.0000, Con=0.0000
2025-09-14 01:22:18,107 - INFO - Batch 710/2278: Loss=1.1883, Cls=0.0000, Reg=0.0000, Con=3.9610
2025-09-14 01:22:18,972 - INFO - Batch 720/2278: Loss=1.2082, Cls=0.0200, Reg=0.0000, Con=3.9609
2025-09-14 01:22:19,937 - INFO - Batch 730/2278: Loss=1.1884, Cls=0.0000, Reg=0.0000, Con=3.9612
2025-09-14 01:22:20,933 - INFO - Batch 740/2278: Loss=1.1883, Cls=0.0000, Reg=0.0000, Con=3.9610
2025-09-14 01:22:21,866 - INFO - Batch 750/2278: Loss=0.0000, Cls=0.0000, Reg=0.0000, Con=0.0000
2025-09-14 01:22:22,807 - INFO - Batch 760/2278: Loss=0.0000, Cls=0.0000, Reg=0.0000, Con=0.0000
2025-09-14 01:22:23,699 - INFO - Batch 770/2278: Loss=1.1883, Cls=0.0000, Reg=0.0000, Con=3.9608
2025-09-14 01:22:24,589 - INFO - Batch 780/2278: Loss=0.0000, Cls=0.0000, Reg=0.0000, Con=0.0000
2025-09-14 01:22:25,468 - INFO - Batch 790/2278: Loss=1.1883, Cls=0.0000, Reg=0.0000, Con=3.9609
2025-09-14 01:22:26,381 - INFO - Batch 800/2278: Loss=0.0000, Cls=0.0000, Reg=0.0000, Con=0.0000
2025-09-14 01:22:27,264 - INFO - Batch 810/2278: Loss=0.0000, Cls=0.0000, Reg=0.0000, Con=0.0000
2025-09-14 01:22:28,165 - INFO - Batch 820/2278: Loss=1.1883, Cls=0.0001, Reg=0.0000, Con=3.9608
2025-09-14 01:22:29,068 - INFO - Batch 830/2278: Loss=1.1882, Cls=0.0000, Reg=0.0000, Con=3.9607
2025-09-14 01:22:29,977 - INFO - Batch 840/2278: Loss=1.1882, Cls=0.0000, Reg=0.0000, Con=3.9608
2025-09-14 01:22:30,985 - INFO - Batch 850/2278: Loss=0.0000, Cls=0.0000, Reg=0.0000, Con=0.0000
2025-09-14 01:22:31,928 - INFO - Batch 860/2278: Loss=1.1914, Cls=0.0031, Reg=0.0000, Con=3.9608
2025-09-14 01:22:32,802 - INFO - Batch 870/2278: Loss=0.0000, Cls=0.0000, Reg=0.0000, Con=0.0000
2025-09-14 01:22:33,686 - INFO - Batch 880/2278: Loss=0.0000, Cls=0.0000, Reg=0.0000, Con=0.0000
2025-09-14 01:22:34,567 - INFO - Batch 890/2278: Loss=1.1883, Cls=0.0000, Reg=0.0000, Con=3.9609
2025-09-14 01:22:35,466 - INFO - Batch 900/2278: Loss=0.0000, Cls=0.0000, Reg=0.0000, Con=0.0000
2025-09-14 01:22:36,334 - INFO - Batch 910/2278: Loss=0.0000, Cls=0.0000, Reg=0.0000, Con=0.0000
2025-09-14 01:22:37,236 - INFO - Batch 920/2278: Loss=1.1883, Cls=0.0000, Reg=0.0000, Con=3.9611
2025-09-14 01:22:38,121 - INFO - Batch 930/2278: Loss=1.1976, Cls=0.0093, Reg=0.0000, Con=3.9609
2025-09-14 01:22:39,010 - INFO - Batch 940/2278: Loss=0.0000, Cls=0.0000, Reg=0.0000, Con=0.0000
2025-09-14 01:22:39,913 - INFO - Batch 950/2278: Loss=2.9539, Cls=2.9539, Reg=0.0000, Con=0.0000
2025-09-14 01:22:40,903 - INFO - Batch 960/2278: Loss=1.0260, Cls=1.0260, Reg=0.0000, Con=0.0000
2025-09-14 01:22:41,794 - INFO - Batch 970/2278: Loss=0.0000, Cls=0.0000, Reg=0.0000, Con=0.0000
2025-09-14 01:22:42,672 - INFO - Batch 980/2278: Loss=1.1883, Cls=0.0000, Reg=0.0000, Con=3.9609
2025-09-14 01:22:43,542 - INFO - Batch 990/2278: Loss=1.1882, Cls=0.0000, Reg=0.0000, Con=3.9606
2025-09-14 01:22:44,409 - INFO - Batch 1000/2278: Loss=1.1883, Cls=0.0000, Reg=0.0000, Con=3.9609
2025-09-14 01:22:45,278 - INFO - Batch 1010/2278: Loss=1.1883, Cls=0.0000, Reg=0.0000, Con=3.9609
2025-09-14 01:22:46,137 - INFO - Batch 1020/2278: Loss=1.1885, Cls=0.0000, Reg=0.0000, Con=3.9615
2025-09-14 01:22:47,000 - INFO - Batch 1030/2278: Loss=1.1882, Cls=0.0000, Reg=0.0000, Con=3.9608
2025-09-14 01:22:47,925 - INFO - Batch 1040/2278: Loss=1.1882, Cls=0.0000, Reg=0.0000, Con=3.9608
2025-09-14 01:22:48,824 - INFO - Batch 1050/2278: Loss=1.1883, Cls=0.0000, Reg=0.0000, Con=3.9611
2025-09-14 01:22:49,694 - INFO - Batch 1060/2278: Loss=1.1883, Cls=0.0000, Reg=0.0000, Con=3.9612
2025-09-14 01:22:50,567 - INFO - Batch 1070/2278: Loss=1.1990, Cls=0.0107, Reg=0.0000, Con=3.9609
2025-09-14 01:22:51,452 - INFO - Batch 1080/2278: Loss=1.1883, Cls=0.0000, Reg=0.0000, Con=3.9609
2025-09-14 01:22:52,424 - INFO - Batch 1090/2278: Loss=1.1882, Cls=0.0000, Reg=0.0000, Con=3.9608
2025-09-14 01:22:53,308 - INFO - Batch 1100/2278: Loss=2.6259, Cls=1.4377, Reg=0.0000, Con=3.9608
2025-09-14 01:22:54,193 - INFO - Batch 1110/2278: Loss=1.1883, Cls=0.0000, Reg=0.0000, Con=3.9608
2025-09-14 01:22:55,088 - INFO - Batch 1120/2278: Loss=1.1896, Cls=0.0014, Reg=0.0000, Con=3.9608
2025-09-14 01:22:55,958 - INFO - Batch 1130/2278: Loss=0.0004, Cls=0.0004, Reg=0.0000, Con=0.0000
2025-09-14 01:22:56,851 - INFO - Batch 1140/2278: Loss=0.0000, Cls=0.0000, Reg=0.0000, Con=0.0000
2025-09-14 01:22:57,747 - INFO - Batch 1150/2278: Loss=1.1883, Cls=0.0000, Reg=0.0000, Con=3.9609
2025-09-14 01:22:58,612 - INFO - Batch 1160/2278: Loss=1.1882, Cls=0.0000, Reg=0.0000, Con=3.9607
2025-09-14 01:22:59,501 - INFO - Batch 1170/2278: Loss=0.0000, Cls=0.0000, Reg=0.0000, Con=0.0000
2025-09-14 01:23:00,382 - INFO - Batch 1180/2278: Loss=1.1883, Cls=0.0000, Reg=0.0000, Con=3.9609
2025-09-14 01:23:01,288 - INFO - Batch 1190/2278: Loss=1.1883, Cls=0.0000, Reg=0.0000, Con=3.9610
2025-09-14 01:23:02,177 - INFO - Batch 1200/2278: Loss=1.1883, Cls=0.0000, Reg=0.0000, Con=3.9609
2025-09-14 01:23:03,070 - INFO - Batch 1210/2278: Loss=1.1882, Cls=0.0000, Reg=0.0000, Con=3.9608
2025-09-14 01:23:04,014 - INFO - Batch 1220/2278: Loss=1.1901, Cls=0.0019, Reg=0.0000, Con=3.9608
2025-09-14 01:23:04,935 - INFO - Batch 1230/2278: Loss=1.1883, Cls=0.0000, Reg=0.0000, Con=3.9609
2025-09-14 01:23:05,809 - INFO - Batch 1240/2278: Loss=1.1883, Cls=0.0000, Reg=0.0000, Con=3.9609
2025-09-14 01:23:06,744 - INFO - Batch 1250/2278: Loss=0.0000, Cls=0.0000, Reg=0.0000, Con=0.0000
2025-09-14 01:23:07,625 - INFO - Batch 1260/2278: Loss=1.1882, Cls=0.0000, Reg=0.0000, Con=3.9607
2025-09-14 01:23:08,478 - INFO - Batch 1270/2278: Loss=0.0000, Cls=0.0000, Reg=0.0000, Con=0.0000
2025-09-14 01:23:09,436 - INFO - Batch 1280/2278: Loss=1.1882, Cls=0.0000, Reg=0.0000, Con=3.9608
2025-09-14 01:23:10,330 - INFO - Batch 1290/2278: Loss=1.1883, Cls=0.0000, Reg=0.0000, Con=3.9610
2025-09-14 01:23:11,207 - INFO - Batch 1300/2278: Loss=1.1883, Cls=0.0000, Reg=0.0000, Con=3.9610
2025-09-14 01:23:12,072 - INFO - Batch 1310/2278: Loss=0.0000, Cls=0.0000, Reg=0.0000, Con=0.0000
2025-09-14 01:23:12,953 - INFO - Batch 1320/2278: Loss=1.1883, Cls=0.0000, Reg=0.0000, Con=3.9609
2025-09-14 01:23:13,899 - INFO - Batch 1330/2278: Loss=1.1883, Cls=0.0000, Reg=0.0000, Con=3.9609
2025-09-14 01:23:14,859 - INFO - Batch 1340/2278: Loss=0.0000, Cls=0.0000, Reg=0.0000, Con=0.0000
2025-09-14 01:23:15,734 - INFO - Batch 1350/2278: Loss=0.0000, Cls=0.0000, Reg=0.0000, Con=0.0000
2025-09-14 01:23:16,613 - INFO - Batch 1360/2278: Loss=1.1882, Cls=0.0000, Reg=0.0000, Con=3.9608
2025-09-14 01:23:17,484 - INFO - Batch 1370/2278: Loss=1.1882, Cls=0.0000, Reg=0.0000, Con=3.9608
2025-09-14 01:23:18,359 - INFO - Batch 1380/2278: Loss=1.3126, Cls=0.1243, Reg=0.0000, Con=3.9609
2025-09-14 01:23:19,243 - INFO - Batch 1390/2278: Loss=1.1883, Cls=0.0001, Reg=0.0000, Con=3.9608
2025-09-14 01:23:20,141 - INFO - Batch 1400/2278: Loss=0.0947, Cls=0.0947, Reg=0.0000, Con=0.0000
2025-09-14 01:23:21,203 - INFO - Batch 1410/2278: Loss=1.1882, Cls=0.0000, Reg=0.0000, Con=3.9608
2025-09-14 01:23:22,155 - INFO - Batch 1420/2278: Loss=0.0000, Cls=0.0000, Reg=0.0000, Con=0.0000
2025-09-14 01:23:23,040 - INFO - Batch 1430/2278: Loss=0.0000, Cls=0.0000, Reg=0.0000, Con=0.0000
2025-09-14 01:23:23,967 - INFO - Batch 1440/2278: Loss=1.1887, Cls=0.0003, Reg=0.0000, Con=3.9613
2025-09-14 01:23:24,846 - INFO - Batch 1450/2278: Loss=0.0000, Cls=0.0000, Reg=0.0000, Con=0.0000
2025-09-14 01:23:25,724 - INFO - Batch 1460/2278: Loss=1.1883, Cls=0.0000, Reg=0.0000, Con=3.9609
2025-09-14 01:23:26,674 - INFO - Batch 1470/2278: Loss=1.1883, Cls=0.0000, Reg=0.0000, Con=3.9608
2025-09-14 01:23:27,593 - INFO - Batch 1480/2278: Loss=0.0000, Cls=0.0000, Reg=0.0000, Con=0.0000
2025-09-14 01:23:28,572 - INFO - Batch 1490/2278: Loss=3.0112, Cls=3.0112, Reg=0.0000, Con=0.0000
2025-09-14 01:23:29,476 - INFO - Batch 1500/2278: Loss=0.0000, Cls=0.0000, Reg=0.0000, Con=0.0000
2025-09-14 01:23:30,345 - INFO - Batch 1510/2278: Loss=1.1883, Cls=0.0000, Reg=0.0000, Con=3.9608
2025-09-14 01:23:31,201 - INFO - Batch 1520/2278: Loss=1.3486, Cls=0.1603, Reg=0.0000, Con=3.9608
2025-09-14 01:23:32,092 - INFO - Batch 1530/2278: Loss=1.1883, Cls=0.0000, Reg=0.0000, Con=3.9609
2025-09-14 01:23:32,979 - INFO - Batch 1540/2278: Loss=0.1515, Cls=0.1515, Reg=0.0000, Con=0.0000
2025-09-14 01:23:33,859 - INFO - Batch 1550/2278: Loss=2.7756, Cls=1.5873, Reg=0.0000, Con=3.9609
2025-09-14 01:23:34,747 - INFO - Batch 1560/2278: Loss=1.1883, Cls=0.0000, Reg=0.0000, Con=3.9608
2025-09-14 01:23:35,655 - INFO - Batch 1570/2278: Loss=1.1883, Cls=0.0000, Reg=0.0000, Con=3.9609
2025-09-14 01:23:36,524 - INFO - Batch 1580/2278: Loss=0.0000, Cls=0.0000, Reg=0.0000, Con=0.0000
2025-09-14 01:23:37,435 - INFO - Batch 1590/2278: Loss=0.0000, Cls=0.0000, Reg=0.0000, Con=0.0000
2025-09-14 01:23:38,332 - INFO - Batch 1600/2278: Loss=1.1895, Cls=0.0012, Reg=0.0000, Con=3.9609
2025-09-14 01:23:39,230 - INFO - Batch 1610/2278: Loss=0.0001, Cls=0.0001, Reg=0.0000, Con=0.0000
2025-09-14 01:23:40,147 - INFO - Batch 1620/2278: Loss=1.1883, Cls=0.0000, Reg=0.0000, Con=3.9609
2025-09-14 01:23:40,998 - INFO - Batch 1630/2278: Loss=0.0000, Cls=0.0000, Reg=0.0000, Con=0.0000
2025-09-14 01:23:41,894 - INFO - Batch 1640/2278: Loss=4.4689, Cls=3.2806, Reg=0.0000, Con=3.9609
2025-09-14 01:23:42,771 - INFO - Batch 1650/2278: Loss=0.1037, Cls=0.1037, Reg=0.0000, Con=0.0000
2025-09-14 01:23:43,626 - INFO - Batch 1660/2278: Loss=1.1882, Cls=0.0000, Reg=0.0000, Con=3.9607
2025-09-14 01:23:44,513 - INFO - Batch 1670/2278: Loss=1.1883, Cls=0.0000, Reg=0.0000, Con=3.9608
2025-09-14 01:23:45,382 - INFO - Batch 1680/2278: Loss=1.1885, Cls=0.0000, Reg=0.0000, Con=3.9615
2025-09-14 01:23:46,307 - INFO - Batch 1690/2278: Loss=0.0000, Cls=0.0000, Reg=0.0000, Con=0.0000
2025-09-14 01:23:47,199 - INFO - Batch 1700/2278: Loss=1.1882, Cls=0.0000, Reg=0.0000, Con=3.9608
2025-09-14 01:23:48,134 - INFO - Batch 1710/2278: Loss=1.1883, Cls=0.0000, Reg=0.0000, Con=3.9612
2025-09-14 01:23:49,066 - INFO - Batch 1720/2278: Loss=1.1884, Cls=0.0001, Reg=0.0000, Con=3.9610
2025-09-14 01:23:49,953 - INFO - Batch 1730/2278: Loss=1.1883, Cls=0.0000, Reg=0.0000, Con=3.9609
2025-09-14 01:23:50,812 - INFO - Batch 1740/2278: Loss=1.1883, Cls=0.0000, Reg=0.0000, Con=3.9610
2025-09-14 01:23:51,802 - INFO - Batch 1750/2278: Loss=1.1883, Cls=0.0000, Reg=0.0000, Con=3.9609
2025-09-14 01:23:52,747 - INFO - Batch 1760/2278: Loss=1.1882, Cls=0.0000, Reg=0.0000, Con=3.9608
2025-09-14 01:23:53,647 - INFO - Batch 1770/2278: Loss=1.1883, Cls=0.0000, Reg=0.0000, Con=3.9610
2025-09-14 01:23:54,525 - INFO - Batch 1780/2278: Loss=1.1883, Cls=0.0000, Reg=0.0000, Con=3.9609
2025-09-14 01:23:55,398 - INFO - Batch 1790/2278: Loss=1.1882, Cls=0.0000, Reg=0.0000, Con=3.9608
2025-09-14 01:23:56,300 - INFO - Batch 1800/2278: Loss=1.1883, Cls=0.0000, Reg=0.0000, Con=3.9609
2025-09-14 01:23:57,234 - INFO - Batch 1810/2278: Loss=1.1883, Cls=0.0000, Reg=0.0000, Con=3.9610
2025-09-14 01:23:58,199 - INFO - Batch 1820/2278: Loss=1.1882, Cls=0.0000, Reg=0.0000, Con=3.9608
2025-09-14 01:23:59,105 - INFO - Batch 1830/2278: Loss=1.2053, Cls=0.0170, Reg=0.0000, Con=3.9611
2025-09-14 01:23:59,997 - INFO - Batch 1840/2278: Loss=1.1883, Cls=0.0000, Reg=0.0000, Con=3.9609
2025-09-14 01:24:00,892 - INFO - Batch 1850/2278: Loss=1.1886, Cls=0.0004, Reg=0.0000, Con=3.9608
2025-09-14 01:24:01,789 - INFO - Batch 1860/2278: Loss=0.0000, Cls=0.0000, Reg=0.0000, Con=0.0000
2025-09-14 01:24:02,681 - INFO - Batch 1870/2278: Loss=1.6213, Cls=1.6213, Reg=0.0000, Con=0.0000
2025-09-14 01:24:03,558 - INFO - Batch 1880/2278: Loss=1.1883, Cls=0.0000, Reg=0.0000, Con=3.9610
2025-09-14 01:24:04,468 - INFO - Batch 1890/2278: Loss=0.0000, Cls=0.0000, Reg=0.0000, Con=0.0000
2025-09-14 01:24:05,377 - INFO - Batch 1900/2278: Loss=1.1882, Cls=0.0000, Reg=0.0000, Con=3.9607
2025-09-14 01:24:06,269 - INFO - Batch 1910/2278: Loss=1.1882, Cls=0.0000, Reg=0.0000, Con=3.9607
2025-09-14 01:24:07,201 - INFO - Batch 1920/2278: Loss=1.2067, Cls=0.0184, Reg=0.0000, Con=3.9608
2025-09-14 01:24:08,090 - INFO - Batch 1930/2278: Loss=0.0252, Cls=0.0252, Reg=0.0000, Con=0.0000
2025-09-14 01:24:08,984 - INFO - Batch 1940/2278: Loss=1.1882, Cls=0.0000, Reg=0.0000, Con=3.9607
2025-09-14 01:24:09,832 - INFO - Batch 1950/2278: Loss=1.1883, Cls=0.0000, Reg=0.0000, Con=3.9609
2025-09-14 01:24:10,751 - INFO - Batch 1960/2278: Loss=1.1886, Cls=0.0003, Reg=0.0000, Con=3.9609
2025-09-14 01:24:11,648 - INFO - Batch 1970/2278: Loss=1.1882, Cls=0.0000, Reg=0.0000, Con=3.9606
2025-09-14 01:24:12,550 - INFO - Batch 1980/2278: Loss=1.1883, Cls=0.0000, Reg=0.0000, Con=3.9608
2025-09-14 01:24:13,448 - INFO - Batch 1990/2278: Loss=0.0006, Cls=0.0006, Reg=0.0000, Con=0.0000
2025-09-14 01:24:14,300 - INFO - Batch 2000/2278: Loss=1.1882, Cls=0.0000, Reg=0.0000, Con=3.9607
2025-09-14 01:24:15,201 - INFO - Batch 2010/2278: Loss=4.4729, Cls=3.2847, Reg=0.0000, Con=3.9608
2025-09-14 01:24:16,068 - INFO - Batch 2020/2278: Loss=0.0000, Cls=0.0000, Reg=0.0000, Con=0.0000
2025-09-14 01:24:16,943 - INFO - Batch 2030/2278: Loss=1.1946, Cls=0.0063, Reg=0.0000, Con=3.9610
2025-09-14 01:24:17,850 - INFO - Batch 2040/2278: Loss=1.1882, Cls=0.0000, Reg=0.0000, Con=3.9608
2025-09-14 01:24:18,728 - INFO - Batch 2050/2278: Loss=0.0000, Cls=0.0000, Reg=0.0000, Con=0.0000
2025-09-14 01:24:19,610 - INFO - Batch 2060/2278: Loss=1.1885, Cls=0.0000, Reg=0.0000, Con=3.9615
2025-09-14 01:24:20,490 - INFO - Batch 2070/2278: Loss=1.1882, Cls=0.0000, Reg=0.0000, Con=3.9608
2025-09-14 01:24:21,370 - INFO - Batch 2080/2278: Loss=0.0000, Cls=0.0000, Reg=0.0000, Con=0.0000
2025-09-14 01:24:22,263 - INFO - Batch 2090/2278: Loss=1.1882, Cls=0.0000, Reg=0.0000, Con=3.9608
2025-09-14 01:24:23,176 - INFO - Batch 2100/2278: Loss=0.4852, Cls=0.4852, Reg=0.0000, Con=0.0000
2025-09-14 01:24:24,099 - INFO - Batch 2110/2278: Loss=0.0000, Cls=0.0000, Reg=0.0000, Con=0.0000
2025-09-14 01:24:25,112 - INFO - Batch 2120/2278: Loss=1.1883, Cls=0.0000, Reg=0.0000, Con=3.9609
2025-09-14 01:24:26,021 - INFO - Batch 2130/2278: Loss=5.1347, Cls=3.9464, Reg=0.0000, Con=3.9608
2025-09-14 01:24:26,939 - INFO - Batch 2140/2278: Loss=0.0000, Cls=0.0000, Reg=0.0000, Con=0.0000
2025-09-14 01:24:27,791 - INFO - Batch 2150/2278: Loss=1.1883, Cls=0.0000, Reg=0.0000, Con=3.9610
2025-09-14 01:24:28,660 - INFO - Batch 2160/2278: Loss=1.1882, Cls=0.0000, Reg=0.0000, Con=3.9608
2025-09-14 01:24:29,571 - INFO - Batch 2170/2278: Loss=1.1882, Cls=0.0000, Reg=0.0000, Con=3.9608
2025-09-14 01:24:30,556 - INFO - Batch 2180/2278: Loss=1.1882, Cls=0.0000, Reg=0.0000, Con=3.9608
2025-09-14 01:24:31,521 - INFO - Batch 2190/2278: Loss=1.1883, Cls=0.0000, Reg=0.0000, Con=3.9610
2025-09-14 01:24:32,403 - INFO - Batch 2200/2278: Loss=1.1882, Cls=0.0000, Reg=0.0000, Con=3.9608
2025-09-14 01:24:33,285 - INFO - Batch 2210/2278: Loss=1.1915, Cls=0.0031, Reg=0.0000, Con=3.9613
2025-09-14 01:24:34,158 - INFO - Batch 2220/2278: Loss=0.0000, Cls=0.0000, Reg=0.0000, Con=0.0000
2025-09-14 01:24:35,086 - INFO - Batch 2230/2278: Loss=0.0000, Cls=0.0000, Reg=0.0000, Con=0.0000
2025-09-14 01:24:36,049 - INFO - Batch 2240/2278: Loss=1.1882, Cls=0.0000, Reg=0.0000, Con=3.9608
2025-09-14 01:24:36,989 - INFO - Batch 2250/2278: Loss=0.0018, Cls=0.0018, Reg=0.0000, Con=0.0000
2025-09-14 01:24:37,928 - INFO - Batch 2260/2278: Loss=1.1883, Cls=0.0000, Reg=0.0000, Con=3.9609
2025-09-14 01:24:38,905 - INFO - Batch 2270/2278: Loss=1.1882, Cls=0.0000, Reg=0.0000, Con=3.9606
2025-09-14 01:28:07,704 - INFO - === Epoch 2 Results ===
2025-09-14 01:28:07,704 - INFO - Training Loss: 0.9291 (Classification: 0.1415, Regression: 0.0000)
2025-09-14 01:28:07,705 - INFO - Validation Loss: 0.0301 (Classification: 0.0301, Regression: 0.0000)
2025-09-14 01:28:07,705 - INFO - Average Classification Accuracy: 0.8362 (on 1/26 tasks)
2025-09-14 01:28:07,705 - INFO - Average AUC: 0.8918
2025-09-14 01:28:10,481 - INFO - Best model saved to: experiments/r1c3_headft_cls_7_seed_42_20250914_011422/checkpoints/r1c3_headft_cls_7_seed_42_best.pth
2025-09-14 01:28:10,482 - INFO - 
Epoch 3/3
2025-09-14 01:28:10,614 - INFO - Batch 0/2278: Loss=1.1882, Cls=0.0000, Reg=0.0000, Con=3.9608
2025-09-14 01:28:11,478 - INFO - Batch 10/2278: Loss=1.1883, Cls=0.0000, Reg=0.0000, Con=3.9611
2025-09-14 01:28:12,378 - INFO - Batch 20/2278: Loss=1.1883, Cls=0.0000, Reg=0.0000, Con=3.9608
2025-09-14 01:28:13,306 - INFO - Batch 30/2278: Loss=0.0000, Cls=0.0000, Reg=0.0000, Con=0.0000
2025-09-14 01:28:14,232 - INFO - Batch 40/2278: Loss=1.1882, Cls=0.0000, Reg=0.0000, Con=3.9608
2025-09-14 01:28:15,128 - INFO - Batch 50/2278: Loss=1.1883, Cls=0.0000, Reg=0.0000, Con=3.9609
2025-09-14 01:28:16,012 - INFO - Batch 60/2278: Loss=1.1901, Cls=0.0019, Reg=0.0000, Con=3.9607
2025-09-14 01:28:16,960 - INFO - Batch 70/2278: Loss=2.3721, Cls=1.1839, Reg=0.0000, Con=3.9608
2025-09-14 01:28:17,819 - INFO - Batch 80/2278: Loss=0.0000, Cls=0.0000, Reg=0.0000, Con=0.0000
2025-09-14 01:28:18,686 - INFO - Batch 90/2278: Loss=1.1883, Cls=0.0000, Reg=0.0000, Con=3.9609
2025-09-14 01:28:19,571 - INFO - Batch 100/2278: Loss=1.1882, Cls=0.0000, Reg=0.0000, Con=3.9607
2025-09-14 01:28:20,517 - INFO - Batch 110/2278: Loss=1.1885, Cls=0.0000, Reg=0.0000, Con=3.9618
2025-09-14 01:28:21,411 - INFO - Batch 120/2278: Loss=1.1894, Cls=0.0011, Reg=0.0000, Con=3.9609
2025-09-14 01:28:22,284 - INFO - Batch 130/2278: Loss=1.1882, Cls=0.0000, Reg=0.0000, Con=3.9607
2025-09-14 01:28:23,208 - INFO - Batch 140/2278: Loss=0.0002, Cls=0.0002, Reg=0.0000, Con=0.0000
2025-09-14 01:28:24,072 - INFO - Batch 150/2278: Loss=1.1882, Cls=0.0000, Reg=0.0000, Con=3.9608
2025-09-14 01:28:24,952 - INFO - Batch 160/2278: Loss=0.0645, Cls=0.0645, Reg=0.0000, Con=0.0000
2025-09-14 01:28:25,823 - INFO - Batch 170/2278: Loss=1.1883, Cls=0.0000, Reg=0.0000, Con=3.9609
2025-09-14 01:28:26,691 - INFO - Batch 180/2278: Loss=1.1883, Cls=0.0000, Reg=0.0000, Con=3.9611
2025-09-14 01:28:27,563 - INFO - Batch 190/2278: Loss=1.1882, Cls=0.0000, Reg=0.0000, Con=3.9607
2025-09-14 01:28:28,436 - INFO - Batch 200/2278: Loss=0.0000, Cls=0.0000, Reg=0.0000, Con=0.0000
2025-09-14 01:28:29,316 - INFO - Batch 210/2278: Loss=1.1884, Cls=0.0000, Reg=0.0000, Con=3.9612
2025-09-14 01:28:30,194 - INFO - Batch 220/2278: Loss=1.1891, Cls=0.0009, Reg=0.0000, Con=3.9608
2025-09-14 01:28:31,087 - INFO - Batch 230/2278: Loss=3.0255, Cls=1.8372, Reg=0.0000, Con=3.9611
2025-09-14 01:28:32,037 - INFO - Batch 240/2278: Loss=1.1882, Cls=0.0000, Reg=0.0000, Con=3.9607
2025-09-14 01:28:32,903 - INFO - Batch 250/2278: Loss=1.1883, Cls=0.0000, Reg=0.0000, Con=3.9609
2025-09-14 01:28:33,809 - INFO - Batch 260/2278: Loss=1.1882, Cls=0.0000, Reg=0.0000, Con=3.9608
2025-09-14 01:28:34,740 - INFO - Batch 270/2278: Loss=1.1882, Cls=0.0000, Reg=0.0000, Con=3.9607
2025-09-14 01:28:35,615 - INFO - Batch 280/2278: Loss=1.1882, Cls=0.0000, Reg=0.0000, Con=3.9608
2025-09-14 01:28:36,502 - INFO - Batch 290/2278: Loss=1.1882, Cls=0.0000, Reg=0.0000, Con=3.9608
2025-09-14 01:28:37,413 - INFO - Batch 300/2278: Loss=1.3674, Cls=0.1792, Reg=0.0000, Con=3.9607
2025-09-14 01:28:38,400 - INFO - Batch 310/2278: Loss=1.1883, Cls=0.0000, Reg=0.0000, Con=3.9610
2025-09-14 01:28:39,305 - INFO - Batch 320/2278: Loss=1.1884, Cls=0.0000, Reg=0.0000, Con=3.9612
2025-09-14 01:28:40,158 - INFO - Batch 330/2278: Loss=0.0000, Cls=0.0000, Reg=0.0000, Con=0.0000
2025-09-14 01:28:41,036 - INFO - Batch 340/2278: Loss=0.0000, Cls=0.0000, Reg=0.0000, Con=0.0000
2025-09-14 01:28:41,918 - INFO - Batch 350/2278: Loss=1.1884, Cls=0.0000, Reg=0.0000, Con=3.9612
2025-09-14 01:28:42,802 - INFO - Batch 360/2278: Loss=1.1883, Cls=0.0000, Reg=0.0000, Con=3.9611
2025-09-14 01:28:43,708 - INFO - Batch 370/2278: Loss=1.1882, Cls=0.0000, Reg=0.0000, Con=3.9608
2025-09-14 01:28:44,669 - INFO - Batch 380/2278: Loss=1.1882, Cls=0.0000, Reg=0.0000, Con=3.9608
2025-09-14 01:28:45,731 - INFO - Batch 390/2278: Loss=1.1883, Cls=0.0000, Reg=0.0000, Con=3.9609
2025-09-14 01:28:46,607 - INFO - Batch 400/2278: Loss=0.0000, Cls=0.0000, Reg=0.0000, Con=0.0000
2025-09-14 01:28:47,521 - INFO - Batch 410/2278: Loss=2.1372, Cls=0.9490, Reg=0.0000, Con=3.9609
2025-09-14 01:28:48,418 - INFO - Batch 420/2278: Loss=1.1883, Cls=0.0000, Reg=0.0000, Con=3.9609
2025-09-14 01:28:49,326 - INFO - Batch 430/2278: Loss=1.1884, Cls=0.0000, Reg=0.0000, Con=3.9614
2025-09-14 01:28:50,203 - INFO - Batch 440/2278: Loss=0.0000, Cls=0.0000, Reg=0.0000, Con=0.0000
2025-09-14 01:28:51,082 - INFO - Batch 450/2278: Loss=1.1882, Cls=0.0000, Reg=0.0000, Con=3.9608
2025-09-14 01:28:51,987 - INFO - Batch 460/2278: Loss=0.0083, Cls=0.0083, Reg=0.0000, Con=0.0000
2025-09-14 01:28:52,893 - INFO - Batch 470/2278: Loss=0.0000, Cls=0.0000, Reg=0.0000, Con=0.0000
2025-09-14 01:28:53,825 - INFO - Batch 480/2278: Loss=1.1883, Cls=0.0000, Reg=0.0000, Con=3.9609
2025-09-14 01:28:54,718 - INFO - Batch 490/2278: Loss=0.0000, Cls=0.0000, Reg=0.0000, Con=0.0000
2025-09-14 01:28:55,591 - INFO - Batch 500/2278: Loss=0.0000, Cls=0.0000, Reg=0.0000, Con=0.0000
2025-09-14 01:28:56,557 - INFO - Batch 510/2278: Loss=1.1882, Cls=0.0000, Reg=0.0000, Con=3.9608
2025-09-14 01:28:57,527 - INFO - Batch 520/2278: Loss=0.0000, Cls=0.0000, Reg=0.0000, Con=0.0000
2025-09-14 01:28:58,410 - INFO - Batch 530/2278: Loss=1.1882, Cls=0.0000, Reg=0.0000, Con=3.9608
2025-09-14 01:28:59,312 - INFO - Batch 540/2278: Loss=1.1883, Cls=0.0000, Reg=0.0000, Con=3.9609
2025-09-14 01:29:00,212 - INFO - Batch 550/2278: Loss=0.0000, Cls=0.0000, Reg=0.0000, Con=0.0000
2025-09-14 01:29:01,275 - INFO - Batch 560/2278: Loss=1.1883, Cls=0.0000, Reg=0.0000, Con=3.9609
2025-09-14 01:29:02,196 - INFO - Batch 570/2278: Loss=1.1882, Cls=0.0000, Reg=0.0000, Con=3.9608
2025-09-14 01:29:03,111 - INFO - Batch 580/2278: Loss=0.0000, Cls=0.0000, Reg=0.0000, Con=0.0000
2025-09-14 01:29:03,987 - INFO - Batch 590/2278: Loss=1.1883, Cls=0.0000, Reg=0.0000, Con=3.9608
2025-09-14 01:29:04,860 - INFO - Batch 600/2278: Loss=0.0000, Cls=0.0000, Reg=0.0000, Con=0.0000
2025-09-14 01:29:05,771 - INFO - Batch 610/2278: Loss=0.0000, Cls=0.0000, Reg=0.0000, Con=0.0000
2025-09-14 01:29:06,739 - INFO - Batch 620/2278: Loss=1.1882, Cls=0.0000, Reg=0.0000, Con=3.9608
2025-09-14 01:29:07,653 - INFO - Batch 630/2278: Loss=1.1884, Cls=0.0001, Reg=0.0000, Con=3.9611
2025-09-14 01:29:08,574 - INFO - Batch 640/2278: Loss=1.1910, Cls=0.0028, Reg=0.0000, Con=3.9607
2025-09-14 01:29:09,447 - INFO - Batch 650/2278: Loss=1.1883, Cls=0.0000, Reg=0.0000, Con=3.9608
2025-09-14 01:29:10,368 - INFO - Batch 660/2278: Loss=0.0000, Cls=0.0000, Reg=0.0000, Con=0.0000
2025-09-14 01:29:11,278 - INFO - Batch 670/2278: Loss=1.1883, Cls=0.0000, Reg=0.0000, Con=3.9609
2025-09-14 01:29:12,205 - INFO - Batch 680/2278: Loss=0.0000, Cls=0.0000, Reg=0.0000, Con=0.0000
2025-09-14 01:29:13,069 - INFO - Batch 690/2278: Loss=1.1883, Cls=0.0000, Reg=0.0000, Con=3.9609
2025-09-14 01:29:13,969 - INFO - Batch 700/2278: Loss=1.1883, Cls=0.0000, Reg=0.0000, Con=3.9610
2025-09-14 01:29:14,843 - INFO - Batch 710/2278: Loss=1.1883, Cls=0.0000, Reg=0.0000, Con=3.9610
2025-09-14 01:29:15,737 - INFO - Batch 720/2278: Loss=1.1883, Cls=0.0000, Reg=0.0000, Con=3.9610
2025-09-14 01:29:16,619 - INFO - Batch 730/2278: Loss=1.1883, Cls=0.0000, Reg=0.0000, Con=3.9609
2025-09-14 01:29:17,502 - INFO - Batch 740/2278: Loss=1.1882, Cls=0.0000, Reg=0.0000, Con=3.9606
2025-09-14 01:29:18,399 - INFO - Batch 750/2278: Loss=1.1886, Cls=0.0005, Reg=0.0000, Con=3.9606
2025-09-14 01:29:19,327 - INFO - Batch 760/2278: Loss=1.1888, Cls=0.0005, Reg=0.0000, Con=3.9611
2025-09-14 01:29:20,231 - INFO - Batch 770/2278: Loss=1.1883, Cls=0.0000, Reg=0.0000, Con=3.9611
2025-09-14 01:29:21,173 - INFO - Batch 780/2278: Loss=0.0005, Cls=0.0005, Reg=0.0000, Con=0.0000
2025-09-14 01:29:22,047 - INFO - Batch 790/2278: Loss=1.1883, Cls=0.0000, Reg=0.0000, Con=3.9609
2025-09-14 01:29:22,940 - INFO - Batch 800/2278: Loss=1.1896, Cls=0.0013, Reg=0.0000, Con=3.9612
2025-09-14 01:29:23,844 - INFO - Batch 810/2278: Loss=0.2190, Cls=0.2190, Reg=0.0000, Con=0.0000
2025-09-14 01:29:24,753 - INFO - Batch 820/2278: Loss=1.1882, Cls=0.0000, Reg=0.0000, Con=3.9608
2025-09-14 01:29:25,649 - INFO - Batch 830/2278: Loss=1.1883, Cls=0.0000, Reg=0.0000, Con=3.9609
2025-09-14 01:29:26,556 - INFO - Batch 840/2278: Loss=0.0000, Cls=0.0000, Reg=0.0000, Con=0.0000
2025-09-14 01:29:27,501 - INFO - Batch 850/2278: Loss=0.0000, Cls=0.0000, Reg=0.0000, Con=0.0000
2025-09-14 01:29:28,472 - INFO - Batch 860/2278: Loss=1.1883, Cls=0.0000, Reg=0.0000, Con=3.9611
2025-09-14 01:29:29,407 - INFO - Batch 870/2278: Loss=1.2892, Cls=0.1009, Reg=0.0000, Con=3.9609
2025-09-14 01:29:30,292 - INFO - Batch 880/2278: Loss=1.5445, Cls=0.3562, Reg=0.0000, Con=3.9608
2025-09-14 01:29:31,186 - INFO - Batch 890/2278: Loss=1.6961, Cls=0.5078, Reg=0.0000, Con=3.9609
2025-09-14 01:29:32,088 - INFO - Batch 900/2278: Loss=0.0000, Cls=0.0000, Reg=0.0000, Con=0.0000
2025-09-14 01:29:32,957 - INFO - Batch 910/2278: Loss=0.0082, Cls=0.0082, Reg=0.0000, Con=0.0000
2025-09-14 01:29:33,854 - INFO - Batch 920/2278: Loss=2.4000, Cls=2.4000, Reg=0.0000, Con=0.0000
2025-09-14 01:29:34,736 - INFO - Batch 930/2278: Loss=0.0015, Cls=0.0015, Reg=0.0000, Con=0.0000
2025-09-14 01:29:35,604 - INFO - Batch 940/2278: Loss=1.1884, Cls=0.0000, Reg=0.0000, Con=3.9613
2025-09-14 01:29:36,544 - INFO - Batch 950/2278: Loss=0.0004, Cls=0.0004, Reg=0.0000, Con=0.0000
2025-09-14 01:29:37,512 - INFO - Batch 960/2278: Loss=0.0000, Cls=0.0000, Reg=0.0000, Con=0.0000
2025-09-14 01:29:38,493 - INFO - Batch 970/2278: Loss=1.1910, Cls=0.0028, Reg=0.0000, Con=3.9608
2025-09-14 01:29:39,458 - INFO - Batch 980/2278: Loss=1.1883, Cls=0.0000, Reg=0.0000, Con=3.9609
2025-09-14 01:29:40,362 - INFO - Batch 990/2278: Loss=2.6842, Cls=1.4959, Reg=0.0000, Con=3.9609
2025-09-14 01:29:41,223 - INFO - Batch 1000/2278: Loss=1.1883, Cls=0.0000, Reg=0.0000, Con=3.9610
2025-09-14 01:29:42,136 - INFO - Batch 1010/2278: Loss=1.1882, Cls=0.0000, Reg=0.0000, Con=3.9608
2025-09-14 01:29:42,991 - INFO - Batch 1020/2278: Loss=1.1882, Cls=0.0000, Reg=0.0000, Con=3.9608
2025-09-14 01:29:43,872 - INFO - Batch 1030/2278: Loss=0.0000, Cls=0.0000, Reg=0.0000, Con=0.0000
2025-09-14 01:29:44,776 - INFO - Batch 1040/2278: Loss=1.1884, Cls=0.0000, Reg=0.0000, Con=3.9613
2025-09-14 01:29:45,664 - INFO - Batch 1050/2278: Loss=0.0000, Cls=0.0000, Reg=0.0000, Con=0.0000
2025-09-14 01:29:46,624 - INFO - Batch 1060/2278: Loss=1.1883, Cls=0.0000, Reg=0.0000, Con=3.9611
2025-09-14 01:29:47,629 - INFO - Batch 1070/2278: Loss=1.1887, Cls=0.0005, Reg=0.0000, Con=3.9609
2025-09-14 01:29:48,508 - INFO - Batch 1080/2278: Loss=0.0000, Cls=0.0000, Reg=0.0000, Con=0.0000
2025-09-14 01:29:49,409 - INFO - Batch 1090/2278: Loss=1.2032, Cls=0.0149, Reg=0.0000, Con=3.9611
2025-09-14 01:29:50,297 - INFO - Batch 1100/2278: Loss=1.1883, Cls=0.0000, Reg=0.0000, Con=3.9611
2025-09-14 01:29:51,155 - INFO - Batch 1110/2278: Loss=0.0000, Cls=0.0000, Reg=0.0000, Con=0.0000
2025-09-14 01:29:52,070 - INFO - Batch 1120/2278: Loss=0.0000, Cls=0.0000, Reg=0.0000, Con=0.0000
2025-09-14 01:29:52,966 - INFO - Batch 1130/2278: Loss=4.9070, Cls=4.9070, Reg=0.0000, Con=0.0000
2025-09-14 01:29:53,850 - INFO - Batch 1140/2278: Loss=1.1883, Cls=0.0000, Reg=0.0000, Con=3.9609
2025-09-14 01:29:54,725 - INFO - Batch 1150/2278: Loss=0.0000, Cls=0.0000, Reg=0.0000, Con=0.0000
2025-09-14 01:29:55,645 - INFO - Batch 1160/2278: Loss=0.0003, Cls=0.0003, Reg=0.0000, Con=0.0000
2025-09-14 01:29:56,533 - INFO - Batch 1170/2278: Loss=8.3620, Cls=7.1737, Reg=0.0000, Con=3.9608
2025-09-14 01:29:57,447 - INFO - Batch 1180/2278: Loss=1.1884, Cls=0.0000, Reg=0.0000, Con=3.9613
2025-09-14 01:29:58,467 - INFO - Batch 1190/2278: Loss=1.4220, Cls=0.2337, Reg=0.0000, Con=3.9609
2025-09-14 01:29:59,355 - INFO - Batch 1200/2278: Loss=1.1883, Cls=0.0000, Reg=0.0000, Con=3.9611
2025-09-14 01:30:00,317 - INFO - Batch 1210/2278: Loss=1.1883, Cls=0.0000, Reg=0.0000, Con=3.9611
2025-09-14 01:30:01,289 - INFO - Batch 1220/2278: Loss=1.1883, Cls=0.0000, Reg=0.0000, Con=3.9609
2025-09-14 01:30:02,314 - INFO - Batch 1230/2278: Loss=0.0000, Cls=0.0000, Reg=0.0000, Con=0.0000
2025-09-14 01:30:03,198 - INFO - Batch 1240/2278: Loss=1.1882, Cls=0.0000, Reg=0.0000, Con=3.9608
2025-09-14 01:30:04,273 - INFO - Batch 1250/2278: Loss=1.1883, Cls=0.0000, Reg=0.0000, Con=3.9609
2025-09-14 01:30:05,196 - INFO - Batch 1260/2278: Loss=0.0000, Cls=0.0000, Reg=0.0000, Con=0.0000
2025-09-14 01:30:06,098 - INFO - Batch 1270/2278: Loss=1.1883, Cls=0.0000, Reg=0.0000, Con=3.9610
2025-09-14 01:30:06,974 - INFO - Batch 1280/2278: Loss=1.2005, Cls=0.0123, Reg=0.0000, Con=3.9607
2025-09-14 01:30:07,898 - INFO - Batch 1290/2278: Loss=0.0000, Cls=0.0000, Reg=0.0000, Con=0.0000
2025-09-14 01:30:08,772 - INFO - Batch 1300/2278: Loss=0.0000, Cls=0.0000, Reg=0.0000, Con=0.0000
2025-09-14 01:30:09,719 - INFO - Batch 1310/2278: Loss=1.1882, Cls=0.0000, Reg=0.0000, Con=3.9608
2025-09-14 01:30:10,733 - INFO - Batch 1320/2278: Loss=1.1885, Cls=0.0002, Reg=0.0000, Con=3.9610
2025-09-14 01:30:11,705 - INFO - Batch 1330/2278: Loss=1.1883, Cls=0.0000, Reg=0.0000, Con=3.9610
2025-09-14 01:30:12,734 - INFO - Batch 1340/2278: Loss=1.1882, Cls=0.0000, Reg=0.0000, Con=3.9608
2025-09-14 01:30:13,734 - INFO - Batch 1350/2278: Loss=1.2347, Cls=0.0465, Reg=0.0000, Con=3.9608
2025-09-14 01:30:14,635 - INFO - Batch 1360/2278: Loss=2.2225, Cls=1.0341, Reg=0.0000, Con=3.9612
2025-09-14 01:30:15,521 - INFO - Batch 1370/2278: Loss=1.3078, Cls=0.1194, Reg=0.0000, Con=3.9610
2025-09-14 01:30:16,419 - INFO - Batch 1380/2278: Loss=1.1882, Cls=0.0000, Reg=0.0000, Con=3.9608
2025-09-14 01:30:17,411 - INFO - Batch 1390/2278: Loss=1.1887, Cls=0.0004, Reg=0.0000, Con=3.9610
2025-09-14 01:30:18,393 - INFO - Batch 1400/2278: Loss=1.1884, Cls=0.0000, Reg=0.0000, Con=3.9615
2025-09-14 01:30:19,290 - INFO - Batch 1410/2278: Loss=0.0000, Cls=0.0000, Reg=0.0000, Con=0.0000
2025-09-14 01:30:20,169 - INFO - Batch 1420/2278: Loss=8.0724, Cls=6.8841, Reg=0.0000, Con=3.9610
2025-09-14 01:30:21,064 - INFO - Batch 1430/2278: Loss=0.0000, Cls=0.0000, Reg=0.0000, Con=0.0000
2025-09-14 01:30:21,983 - INFO - Batch 1440/2278: Loss=1.1882, Cls=0.0000, Reg=0.0000, Con=3.9606
2025-09-14 01:30:22,965 - INFO - Batch 1450/2278: Loss=0.0000, Cls=0.0000, Reg=0.0000, Con=0.0000
2025-09-14 01:30:23,859 - INFO - Batch 1460/2278: Loss=0.0000, Cls=0.0000, Reg=0.0000, Con=0.0000
2025-09-14 01:30:24,865 - INFO - Batch 1470/2278: Loss=1.2076, Cls=0.0194, Reg=0.0000, Con=3.9607
2025-09-14 01:30:25,742 - INFO - Batch 1480/2278: Loss=1.1882, Cls=0.0000, Reg=0.0000, Con=3.9608
2025-09-14 01:30:26,624 - INFO - Batch 1490/2278: Loss=0.0000, Cls=0.0000, Reg=0.0000, Con=0.0000
2025-09-14 01:30:27,512 - INFO - Batch 1500/2278: Loss=1.1883, Cls=0.0000, Reg=0.0000, Con=3.9610
2025-09-14 01:30:28,433 - INFO - Batch 1510/2278: Loss=1.1883, Cls=0.0000, Reg=0.0000, Con=3.9609
2025-09-14 01:30:29,322 - INFO - Batch 1520/2278: Loss=0.0000, Cls=0.0000, Reg=0.0000, Con=0.0000
2025-09-14 01:30:30,223 - INFO - Batch 1530/2278: Loss=1.1882, Cls=0.0000, Reg=0.0000, Con=3.9608
2025-09-14 01:30:31,163 - INFO - Batch 1540/2278: Loss=1.1883, Cls=0.0000, Reg=0.0000, Con=3.9610
2025-09-14 01:30:32,052 - INFO - Batch 1550/2278: Loss=1.1883, Cls=0.0000, Reg=0.0000, Con=3.9611
2025-09-14 01:30:32,933 - INFO - Batch 1560/2278: Loss=1.1883, Cls=0.0000, Reg=0.0000, Con=3.9608
2025-09-14 01:30:33,787 - INFO - Batch 1570/2278: Loss=0.0000, Cls=0.0000, Reg=0.0000, Con=0.0000
2025-09-14 01:30:34,665 - INFO - Batch 1580/2278: Loss=1.1882, Cls=0.0000, Reg=0.0000, Con=3.9608
2025-09-14 01:30:35,584 - INFO - Batch 1590/2278: Loss=0.0040, Cls=0.0040, Reg=0.0000, Con=0.0000
2025-09-14 01:30:36,531 - INFO - Batch 1600/2278: Loss=1.1885, Cls=0.0002, Reg=0.0000, Con=3.9608
2025-09-14 01:30:37,403 - INFO - Batch 1610/2278: Loss=0.0000, Cls=0.0000, Reg=0.0000, Con=0.0000
2025-09-14 01:30:38,328 - INFO - Batch 1620/2278: Loss=1.1882, Cls=0.0000, Reg=0.0000, Con=3.9608
2025-09-14 01:30:39,209 - INFO - Batch 1630/2278: Loss=1.1883, Cls=0.0000, Reg=0.0000, Con=3.9610
2025-09-14 01:30:40,071 - INFO - Batch 1640/2278: Loss=0.0000, Cls=0.0000, Reg=0.0000, Con=0.0000
2025-09-14 01:30:40,990 - INFO - Batch 1650/2278: Loss=1.1883, Cls=0.0000, Reg=0.0000, Con=3.9609
2025-09-14 01:30:41,902 - INFO - Batch 1660/2278: Loss=1.1884, Cls=0.0000, Reg=0.0000, Con=3.9613
2025-09-14 01:30:42,773 - INFO - Batch 1670/2278: Loss=1.1883, Cls=0.0000, Reg=0.0000, Con=3.9609
2025-09-14 01:30:43,657 - INFO - Batch 1680/2278: Loss=1.1882, Cls=0.0000, Reg=0.0000, Con=3.9607
2025-09-14 01:30:44,555 - INFO - Batch 1690/2278: Loss=1.1883, Cls=0.0000, Reg=0.0000, Con=3.9610
2025-09-14 01:30:45,576 - INFO - Batch 1700/2278: Loss=1.1883, Cls=0.0000, Reg=0.0000, Con=3.9608
2025-09-14 01:30:46,561 - INFO - Batch 1710/2278: Loss=0.0000, Cls=0.0000, Reg=0.0000, Con=0.0000
2025-09-14 01:30:47,432 - INFO - Batch 1720/2278: Loss=0.0000, Cls=0.0000, Reg=0.0000, Con=0.0000
2025-09-14 01:30:48,298 - INFO - Batch 1730/2278: Loss=1.1882, Cls=0.0000, Reg=0.0000, Con=3.9608
2025-09-14 01:30:49,187 - INFO - Batch 1740/2278: Loss=1.1883, Cls=0.0000, Reg=0.0000, Con=3.9609
2025-09-14 01:30:50,050 - INFO - Batch 1750/2278: Loss=1.1924, Cls=0.0041, Reg=0.0000, Con=3.9608
2025-09-14 01:30:50,964 - INFO - Batch 1760/2278: Loss=1.1884, Cls=0.0000, Reg=0.0000, Con=3.9612
2025-09-14 01:30:51,878 - INFO - Batch 1770/2278: Loss=2.3000, Cls=2.3000, Reg=0.0000, Con=0.0000
2025-09-14 01:30:52,789 - INFO - Batch 1780/2278: Loss=0.0000, Cls=0.0000, Reg=0.0000, Con=0.0000
2025-09-14 01:30:53,667 - INFO - Batch 1790/2278: Loss=0.0000, Cls=0.0000, Reg=0.0000, Con=0.0000
2025-09-14 01:30:54,564 - INFO - Batch 1800/2278: Loss=1.1883, Cls=0.0000, Reg=0.0000, Con=3.9607
2025-09-14 01:30:55,428 - INFO - Batch 1810/2278: Loss=0.0007, Cls=0.0007, Reg=0.0000, Con=0.0000
2025-09-14 01:30:56,303 - INFO - Batch 1820/2278: Loss=1.3573, Cls=1.3573, Reg=0.0000, Con=0.0000
2025-09-14 01:30:57,252 - INFO - Batch 1830/2278: Loss=1.1882, Cls=0.0000, Reg=0.0000, Con=3.9608
2025-09-14 01:30:58,250 - INFO - Batch 1840/2278: Loss=0.0000, Cls=0.0000, Reg=0.0000, Con=0.0000
2025-09-14 01:30:59,199 - INFO - Batch 1850/2278: Loss=5.7339, Cls=4.5456, Reg=0.0000, Con=3.9609
2025-09-14 01:31:00,154 - INFO - Batch 1860/2278: Loss=1.1882, Cls=0.0000, Reg=0.0000, Con=3.9607
2025-09-14 01:31:01,173 - INFO - Batch 1870/2278: Loss=0.0000, Cls=0.0000, Reg=0.0000, Con=0.0000
2025-09-14 01:31:02,059 - INFO - Batch 1880/2278: Loss=1.1882, Cls=0.0000, Reg=0.0000, Con=3.9607
2025-09-14 01:31:02,943 - INFO - Batch 1890/2278: Loss=0.0000, Cls=0.0000, Reg=0.0000, Con=0.0000
2025-09-14 01:31:03,847 - INFO - Batch 1900/2278: Loss=0.0000, Cls=0.0000, Reg=0.0000, Con=0.0000
2025-09-14 01:31:04,866 - INFO - Batch 1910/2278: Loss=1.1883, Cls=0.0000, Reg=0.0000, Con=3.9610
2025-09-14 01:31:05,790 - INFO - Batch 1920/2278: Loss=0.0000, Cls=0.0000, Reg=0.0000, Con=0.0000
2025-09-14 01:31:06,689 - INFO - Batch 1930/2278: Loss=1.1883, Cls=0.0000, Reg=0.0000, Con=3.9611
2025-09-14 01:31:07,578 - INFO - Batch 1940/2278: Loss=1.1937, Cls=0.0055, Reg=0.0000, Con=3.9607
2025-09-14 01:31:08,468 - INFO - Batch 1950/2278: Loss=1.1883, Cls=0.0000, Reg=0.0000, Con=3.9609
2025-09-14 01:31:09,362 - INFO - Batch 1960/2278: Loss=1.1883, Cls=0.0000, Reg=0.0000, Con=3.9610
2025-09-14 01:31:10,223 - INFO - Batch 1970/2278: Loss=0.0000, Cls=0.0000, Reg=0.0000, Con=0.0000
2025-09-14 01:31:11,125 - INFO - Batch 1980/2278: Loss=1.1883, Cls=0.0000, Reg=0.0000, Con=3.9610
2025-09-14 01:31:12,024 - INFO - Batch 1990/2278: Loss=1.1964, Cls=0.0081, Reg=0.0000, Con=3.9608
2025-09-14 01:31:12,874 - INFO - Batch 2000/2278: Loss=1.1883, Cls=0.0000, Reg=0.0000, Con=3.9610
2025-09-14 01:31:13,760 - INFO - Batch 2010/2278: Loss=1.2543, Cls=0.0661, Reg=0.0000, Con=3.9608
2025-09-14 01:31:14,642 - INFO - Batch 2020/2278: Loss=1.1882, Cls=0.0000, Reg=0.0000, Con=3.9608
2025-09-14 01:31:15,529 - INFO - Batch 2030/2278: Loss=1.1882, Cls=0.0000, Reg=0.0000, Con=3.9608
2025-09-14 01:31:16,396 - INFO - Batch 2040/2278: Loss=1.1883, Cls=0.0000, Reg=0.0000, Con=3.9610
2025-09-14 01:31:17,410 - INFO - Batch 2050/2278: Loss=2.7994, Cls=2.7994, Reg=0.0000, Con=0.0000
2025-09-14 01:31:18,329 - INFO - Batch 2060/2278: Loss=1.1883, Cls=0.0000, Reg=0.0000, Con=3.9609
2025-09-14 01:31:19,277 - INFO - Batch 2070/2278: Loss=0.0000, Cls=0.0000, Reg=0.0000, Con=0.0000
2025-09-14 01:31:20,227 - INFO - Batch 2080/2278: Loss=1.1884, Cls=0.0000, Reg=0.0000, Con=3.9613
2025-09-14 01:31:21,102 - INFO - Batch 2090/2278: Loss=1.1882, Cls=0.0000, Reg=0.0000, Con=3.9607
2025-09-14 01:31:22,016 - INFO - Batch 2100/2278: Loss=1.1886, Cls=0.0000, Reg=0.0000, Con=3.9619
2025-09-14 01:31:22,901 - INFO - Batch 2110/2278: Loss=1.1883, Cls=0.0000, Reg=0.0000, Con=3.9609
2025-09-14 01:31:23,786 - INFO - Batch 2120/2278: Loss=0.0000, Cls=0.0000, Reg=0.0000, Con=0.0000
2025-09-14 01:31:24,674 - INFO - Batch 2130/2278: Loss=0.0000, Cls=0.0000, Reg=0.0000, Con=0.0000
2025-09-14 01:31:25,653 - INFO - Batch 2140/2278: Loss=0.0000, Cls=0.0000, Reg=0.0000, Con=0.0000
2025-09-14 01:31:26,602 - INFO - Batch 2150/2278: Loss=1.1882, Cls=0.0000, Reg=0.0000, Con=3.9608
2025-09-14 01:31:27,476 - INFO - Batch 2160/2278: Loss=1.1883, Cls=0.0000, Reg=0.0000, Con=3.9609
2025-09-14 01:31:28,337 - INFO - Batch 2170/2278: Loss=1.1882, Cls=0.0000, Reg=0.0000, Con=3.9608
2025-09-14 01:31:29,213 - INFO - Batch 2180/2278: Loss=0.0000, Cls=0.0000, Reg=0.0000, Con=0.0000
2025-09-14 01:31:30,131 - INFO - Batch 2190/2278: Loss=1.1883, Cls=0.0001, Reg=0.0000, Con=3.9609
2025-09-14 01:31:31,060 - INFO - Batch 2200/2278: Loss=1.2139, Cls=0.0257, Reg=0.0000, Con=3.9608
2025-09-14 01:31:31,984 - INFO - Batch 2210/2278: Loss=0.0000, Cls=0.0000, Reg=0.0000, Con=0.0000
2025-09-14 01:31:32,970 - INFO - Batch 2220/2278: Loss=0.0000, Cls=0.0000, Reg=0.0000, Con=0.0000
2025-09-14 01:31:33,910 - INFO - Batch 2230/2278: Loss=1.1883, Cls=0.0000, Reg=0.0000, Con=3.9609
2025-09-14 01:31:34,885 - INFO - Batch 2240/2278: Loss=1.1885, Cls=0.0000, Reg=0.0000, Con=3.9617
2025-09-14 01:31:35,796 - INFO - Batch 2250/2278: Loss=1.1883, Cls=0.0000, Reg=0.0000, Con=3.9608
2025-09-14 01:31:36,756 - INFO - Batch 2260/2278: Loss=0.0000, Cls=0.0000, Reg=0.0000, Con=0.0000
2025-09-14 01:31:37,691 - INFO - Batch 2270/2278: Loss=0.0000, Cls=0.0000, Reg=0.0000, Con=0.0000
2025-09-14 01:35:07,494 - INFO - === Epoch 3 Results ===
2025-09-14 01:35:07,495 - INFO - Training Loss: 0.9172 (Classification: 0.1322, Regression: 0.0000)
2025-09-14 01:35:07,495 - INFO - Validation Loss: 0.0366 (Classification: 0.0366, Regression: 0.0000)
2025-09-14 01:35:07,495 - INFO - Average Classification Accuracy: 0.8249 (on 1/26 tasks)
2025-09-14 01:35:07,495 - INFO - Average AUC: 0.8918
2025-09-14 01:35:07,495 - INFO - Training finished!
2025-09-14 01:35:07,495 - INFO - Performing final evaluation...
2025-09-14 01:35:07,736 - INFO - Loaded best model from: experiments/r1c3_headft_cls_7_seed_42_20250914_011422/checkpoints/r1c3_headft_cls_7_seed_42_best.pth
2025-09-14 01:38:34,340 - INFO - Final Validation Results:
2025-09-14 01:38:34,340 - INFO -   Total Loss: 0.0301
2025-09-14 01:38:34,340 - INFO -   Classification Loss: 0.0301
2025-09-14 01:38:34,340 - INFO -   Regression Loss: 0.0000
2025-09-14 01:38:34,340 - INFO -   Average Classification Accuracy: 0.8362
2025-09-14 01:38:34,340 - INFO -   Average AUC: 0.8918
2025-09-14 01:38:34,341 - INFO - Results saved to: experiments/r1c3_headft_cls_7_seed_42_20250914_011422/checkpoints/r1c3_headft_cls_7_seed_42_results.json
