2025-09-14 01:38:38,216 - INFO - 🔬 Starting experiment: r1c3_headft_cls_9_seed_42
2025-09-14 01:38:38,216 - INFO - 📁 Experiment directory: experiments/r1c3_headft_cls_9_seed_42_20250914_013838
2025-09-14 01:38:38,216 - INFO - 🎲 Random seed: 42
2025-09-14 01:38:38,216 - INFO - 🔒 Deterministic mode: True
2025-09-14 01:38:38,216 - INFO - Using device: cuda
2025-09-14 01:38:38,216 - INFO - Total GPU Memory: 25.16 GB
2025-09-14 01:38:38,233 - INFO - 🧪 Fusion: Using cross-attention dynamic fusion
2025-09-14 01:38:38,233 - INFO - 🧪 GNN Backbone: Using default GraphAttentionNetwork branch
2025-09-14 01:38:38,233 - INFO - 🎯 Task Mode: Single classification endpoint 9
2025-09-14 01:38:38,233 - INFO - Configuration saved to: experiments/r1c3_headft_cls_9_seed_42_20250914_013838/checkpoints/config.json
2025-09-14 01:38:38,234 - INFO - 🚀 Using preprocessed data from: /mnt/backup2/ai4s/backupunimolpy/responds-work/ToxD4C/data/data/processed
2025-09-14 01:38:38,234 - INFO - Loading LMDB dataset from: /mnt/backup2/ai4s/backupunimolpy/responds-work/ToxD4C/data/data/processed
2025-09-14 01:38:38,603 - INFO - Number of training batches: 2278
2025-09-14 01:38:38,603 - INFO - Number of validation batches: 2278
2025-09-14 01:38:38,603 - INFO - Number of test batches: 2278
2025-09-14 01:38:38,603 - INFO - Creating ToxD4C model...
2025-09-14 01:38:39,613 - INFO - Model created successfully. Total parameters: 100,932,036
2025-09-14 01:38:39,613 - INFO - Testing model forward pass...
2025-09-14 01:38:40,029 - INFO - Test output shapes:
2025-09-14 01:38:40,029 - INFO -   classification: torch.Size([16, 1])
2025-09-14 01:38:40,032 - INFO -   classification contains NaN: False
2025-09-14 01:38:40,032 - INFO -   classification contains Inf: False
2025-09-14 01:38:40,032 - INFO -   regression: torch.Size([16, 0])
2025-09-14 01:38:40,032 - INFO -   regression contains NaN: False
2025-09-14 01:38:40,032 - INFO -   regression contains Inf: False
2025-09-14 01:38:40,032 - INFO - Model forward pass test successful!
2025-09-14 01:38:40,740 - INFO - 🔁 Loaded checkpoint from: /mnt/backup2/ai4s/backupunimolpy/responds-work/ToxD4C/experiments/r1c3_multi_full_seed_42_20250913_152627/checkpoints/r1c3_multi_full_seed_42_best.pth
2025-09-14 01:38:40,741 - INFO - 🧩 Head-only fine-tuning: unfroze head for task 'CYP1A2' and froze trunk.
2025-09-14 01:38:40,742 - INFO - Starting training...
2025-09-14 01:38:40,742 - INFO - 
Epoch 1/3
2025-09-14 01:38:40,915 - INFO - Batch 0/2278: Loss=1.2149, Cls=0.0266, Reg=0.0000, Con=3.9608
2025-09-14 01:38:41,828 - INFO - Batch 10/2278: Loss=1.4285, Cls=0.2403, Reg=0.0000, Con=3.9609
2025-09-14 01:38:42,766 - INFO - Batch 20/2278: Loss=1.2435, Cls=0.0552, Reg=0.0000, Con=3.9610
2025-09-14 01:38:43,638 - INFO - Batch 30/2278: Loss=1.2429, Cls=0.0547, Reg=0.0000, Con=3.9608
2025-09-14 01:38:44,513 - INFO - Batch 40/2278: Loss=1.1976, Cls=0.0093, Reg=0.0000, Con=3.9608
2025-09-14 01:38:45,472 - INFO - Batch 50/2278: Loss=1.2118, Cls=0.0235, Reg=0.0000, Con=3.9608
2025-09-14 01:38:46,475 - INFO - Batch 60/2278: Loss=1.2119, Cls=0.0236, Reg=0.0000, Con=3.9609
2025-09-14 01:38:47,411 - INFO - Batch 70/2278: Loss=1.1882, Cls=0.0000, Reg=0.0000, Con=3.9608
2025-09-14 01:38:48,273 - INFO - Batch 80/2278: Loss=0.6565, Cls=0.6565, Reg=0.0000, Con=0.0000
2025-09-14 01:38:49,184 - INFO - Batch 90/2278: Loss=0.0463, Cls=0.0463, Reg=0.0000, Con=0.0000
2025-09-14 01:38:50,103 - INFO - Batch 100/2278: Loss=1.2148, Cls=0.0266, Reg=0.0000, Con=3.9608
2025-09-14 01:38:51,014 - INFO - Batch 110/2278: Loss=1.3622, Cls=0.1740, Reg=0.0000, Con=3.9607
2025-09-14 01:38:52,035 - INFO - Batch 120/2278: Loss=1.2367, Cls=0.0484, Reg=0.0000, Con=3.9609
2025-09-14 01:38:52,919 - INFO - Batch 130/2278: Loss=1.2412, Cls=0.0529, Reg=0.0000, Con=3.9609
2025-09-14 01:38:53,788 - INFO - Batch 140/2278: Loss=1.1992, Cls=0.0109, Reg=0.0000, Con=3.9612
2025-09-14 01:38:54,687 - INFO - Batch 150/2278: Loss=1.3869, Cls=0.1986, Reg=0.0000, Con=3.9613
2025-09-14 01:38:55,628 - INFO - Batch 160/2278: Loss=1.2021, Cls=0.0138, Reg=0.0000, Con=3.9609
2025-09-14 01:38:56,557 - INFO - Batch 170/2278: Loss=2.2408, Cls=1.0525, Reg=0.0000, Con=3.9609
2025-09-14 01:38:57,541 - INFO - Batch 180/2278: Loss=1.2166, Cls=0.0284, Reg=0.0000, Con=3.9609
2025-09-14 01:38:58,438 - INFO - Batch 190/2278: Loss=1.1885, Cls=0.0002, Reg=0.0000, Con=3.9608
2025-09-14 01:38:59,305 - INFO - Batch 200/2278: Loss=0.0037, Cls=0.0037, Reg=0.0000, Con=0.0000
2025-09-14 01:39:00,197 - INFO - Batch 210/2278: Loss=1.2778, Cls=0.0896, Reg=0.0000, Con=3.9607
2025-09-14 01:39:01,092 - INFO - Batch 220/2278: Loss=0.0056, Cls=0.0056, Reg=0.0000, Con=0.0000
2025-09-14 01:39:02,076 - INFO - Batch 230/2278: Loss=2.4249, Cls=1.2366, Reg=0.0000, Con=3.9609
2025-09-14 01:39:02,984 - INFO - Batch 240/2278: Loss=1.1888, Cls=0.0005, Reg=0.0000, Con=3.9608
2025-09-14 01:39:03,868 - INFO - Batch 250/2278: Loss=1.1925, Cls=0.0042, Reg=0.0000, Con=3.9608
2025-09-14 01:39:04,747 - INFO - Batch 260/2278: Loss=0.0295, Cls=0.0295, Reg=0.0000, Con=0.0000
2025-09-14 01:39:05,654 - INFO - Batch 270/2278: Loss=0.0204, Cls=0.0204, Reg=0.0000, Con=0.0000
2025-09-14 01:39:06,529 - INFO - Batch 280/2278: Loss=1.4597, Cls=0.2714, Reg=0.0000, Con=3.9611
2025-09-14 01:39:07,386 - INFO - Batch 290/2278: Loss=0.0069, Cls=0.0069, Reg=0.0000, Con=0.0000
2025-09-14 01:39:08,273 - INFO - Batch 300/2278: Loss=1.2424, Cls=0.0542, Reg=0.0000, Con=3.9609
2025-09-14 01:39:09,174 - INFO - Batch 310/2278: Loss=1.4156, Cls=0.2273, Reg=0.0000, Con=3.9610
2025-09-14 01:39:10,032 - INFO - Batch 320/2278: Loss=1.1887, Cls=0.0005, Reg=0.0000, Con=3.9608
2025-09-14 01:39:10,983 - INFO - Batch 330/2278: Loss=1.1945, Cls=0.0063, Reg=0.0000, Con=3.9608
2025-09-14 01:39:11,953 - INFO - Batch 340/2278: Loss=1.2523, Cls=0.0640, Reg=0.0000, Con=3.9609
2025-09-14 01:39:12,875 - INFO - Batch 350/2278: Loss=1.1884, Cls=0.0001, Reg=0.0000, Con=3.9610
2025-09-14 01:39:13,755 - INFO - Batch 360/2278: Loss=1.1882, Cls=0.0000, Reg=0.0000, Con=3.9607
2025-09-14 01:39:14,664 - INFO - Batch 370/2278: Loss=1.1909, Cls=0.0026, Reg=0.0000, Con=3.9609
2025-09-14 01:39:15,707 - INFO - Batch 380/2278: Loss=1.9178, Cls=0.7296, Reg=0.0000, Con=3.9607
2025-09-14 01:39:16,705 - INFO - Batch 390/2278: Loss=1.1887, Cls=0.0005, Reg=0.0000, Con=3.9607
2025-09-14 01:39:17,646 - INFO - Batch 400/2278: Loss=0.0657, Cls=0.0657, Reg=0.0000, Con=0.0000
2025-09-14 01:39:18,540 - INFO - Batch 410/2278: Loss=0.0264, Cls=0.0264, Reg=0.0000, Con=0.0000
2025-09-14 01:39:19,433 - INFO - Batch 420/2278: Loss=1.2481, Cls=0.0599, Reg=0.0000, Con=3.9608
2025-09-14 01:39:20,453 - INFO - Batch 430/2278: Loss=2.9538, Cls=1.7656, Reg=0.0000, Con=3.9608
2025-09-14 01:39:21,379 - INFO - Batch 440/2278: Loss=1.1885, Cls=0.0002, Reg=0.0000, Con=3.9608
2025-09-14 01:39:22,250 - INFO - Batch 450/2278: Loss=1.1882, Cls=0.0000, Reg=0.0000, Con=3.9607
2025-09-14 01:39:23,126 - INFO - Batch 460/2278: Loss=1.1935, Cls=0.0053, Reg=0.0000, Con=3.9607
2025-09-14 01:39:24,054 - INFO - Batch 470/2278: Loss=1.1884, Cls=0.0001, Reg=0.0000, Con=3.9609
2025-09-14 01:39:25,009 - INFO - Batch 480/2278: Loss=1.3396, Cls=0.1514, Reg=0.0000, Con=3.9607
2025-09-14 01:39:25,902 - INFO - Batch 490/2278: Loss=1.6159, Cls=0.4277, Reg=0.0000, Con=3.9607
2025-09-14 01:39:26,778 - INFO - Batch 500/2278: Loss=1.1894, Cls=0.0012, Reg=0.0000, Con=3.9608
2025-09-14 01:39:27,654 - INFO - Batch 510/2278: Loss=1.2253, Cls=0.0370, Reg=0.0000, Con=3.9609
2025-09-14 01:39:28,529 - INFO - Batch 520/2278: Loss=1.6366, Cls=0.4484, Reg=0.0000, Con=3.9608
2025-09-14 01:39:29,414 - INFO - Batch 530/2278: Loss=1.1898, Cls=0.0016, Reg=0.0000, Con=3.9607
2025-09-14 01:39:30,342 - INFO - Batch 540/2278: Loss=1.2260, Cls=0.0378, Reg=0.0000, Con=3.9610
2025-09-14 01:39:31,223 - INFO - Batch 550/2278: Loss=1.1885, Cls=0.0003, Reg=0.0000, Con=3.9607
2025-09-14 01:39:32,074 - INFO - Batch 560/2278: Loss=1.3416, Cls=0.1533, Reg=0.0000, Con=3.9609
2025-09-14 01:39:32,994 - INFO - Batch 570/2278: Loss=1.1987, Cls=0.0104, Reg=0.0000, Con=3.9608
2025-09-14 01:39:33,880 - INFO - Batch 580/2278: Loss=1.7013, Cls=0.5131, Reg=0.0000, Con=3.9608
2025-09-14 01:39:34,778 - INFO - Batch 590/2278: Loss=0.0000, Cls=0.0000, Reg=0.0000, Con=0.0000
2025-09-14 01:39:35,681 - INFO - Batch 600/2278: Loss=1.1977, Cls=0.0094, Reg=0.0000, Con=3.9608
2025-09-14 01:39:36,567 - INFO - Batch 610/2278: Loss=1.1962, Cls=0.0080, Reg=0.0000, Con=3.9609
2025-09-14 01:39:37,443 - INFO - Batch 620/2278: Loss=1.1962, Cls=0.0079, Reg=0.0000, Con=3.9608
2025-09-14 01:39:38,359 - INFO - Batch 630/2278: Loss=0.0096, Cls=0.0096, Reg=0.0000, Con=0.0000
2025-09-14 01:39:39,340 - INFO - Batch 640/2278: Loss=1.1890, Cls=0.0007, Reg=0.0000, Con=3.9608
2025-09-14 01:39:40,237 - INFO - Batch 650/2278: Loss=4.4607, Cls=3.2724, Reg=0.0000, Con=3.9610
2025-09-14 01:39:41,103 - INFO - Batch 660/2278: Loss=1.2232, Cls=0.0350, Reg=0.0000, Con=3.9608
2025-09-14 01:39:42,009 - INFO - Batch 670/2278: Loss=1.5578, Cls=0.3696, Reg=0.0000, Con=3.9608
2025-09-14 01:39:42,952 - INFO - Batch 680/2278: Loss=2.0748, Cls=0.8866, Reg=0.0000, Con=3.9608
2025-09-14 01:39:44,012 - INFO - Batch 690/2278: Loss=0.0110, Cls=0.0110, Reg=0.0000, Con=0.0000
2025-09-14 01:39:44,921 - INFO - Batch 700/2278: Loss=0.0000, Cls=0.0000, Reg=0.0000, Con=0.0000
2025-09-14 01:39:45,835 - INFO - Batch 710/2278: Loss=1.1957, Cls=0.0075, Reg=0.0000, Con=3.9608
2025-09-14 01:39:46,707 - INFO - Batch 720/2278: Loss=1.2327, Cls=0.0444, Reg=0.0000, Con=3.9609
2025-09-14 01:39:47,681 - INFO - Batch 730/2278: Loss=1.1900, Cls=0.0016, Reg=0.0000, Con=3.9613
2025-09-14 01:39:48,576 - INFO - Batch 740/2278: Loss=1.1884, Cls=0.0001, Reg=0.0000, Con=3.9610
2025-09-14 01:39:49,514 - INFO - Batch 750/2278: Loss=1.1883, Cls=0.0000, Reg=0.0000, Con=3.9609
2025-09-14 01:39:50,512 - INFO - Batch 760/2278: Loss=1.1883, Cls=0.0001, Reg=0.0000, Con=3.9608
2025-09-14 01:39:51,407 - INFO - Batch 770/2278: Loss=3.5759, Cls=2.3876, Reg=0.0000, Con=3.9610
2025-09-14 01:39:52,298 - INFO - Batch 780/2278: Loss=1.2081, Cls=0.0199, Reg=0.0000, Con=3.9608
2025-09-14 01:39:53,195 - INFO - Batch 790/2278: Loss=1.1895, Cls=0.0013, Reg=0.0000, Con=3.9608
2025-09-14 01:39:54,076 - INFO - Batch 800/2278: Loss=1.2459, Cls=0.0576, Reg=0.0000, Con=3.9610
2025-09-14 01:39:54,941 - INFO - Batch 810/2278: Loss=1.1887, Cls=0.0004, Reg=0.0000, Con=3.9612
2025-09-14 01:39:55,833 - INFO - Batch 820/2278: Loss=1.1963, Cls=0.0081, Reg=0.0000, Con=3.9609
2025-09-14 01:39:56,752 - INFO - Batch 830/2278: Loss=1.1967, Cls=0.0084, Reg=0.0000, Con=3.9609
2025-09-14 01:39:57,723 - INFO - Batch 840/2278: Loss=1.2442, Cls=0.0559, Reg=0.0000, Con=3.9608
2025-09-14 01:39:58,738 - INFO - Batch 850/2278: Loss=1.2000, Cls=0.0118, Reg=0.0000, Con=3.9608
2025-09-14 01:39:59,597 - INFO - Batch 860/2278: Loss=1.1886, Cls=0.0004, Reg=0.0000, Con=3.9607
2025-09-14 01:40:00,471 - INFO - Batch 870/2278: Loss=0.2395, Cls=0.2395, Reg=0.0000, Con=0.0000
2025-09-14 01:40:01,375 - INFO - Batch 880/2278: Loss=0.0009, Cls=0.0009, Reg=0.0000, Con=0.0000
2025-09-14 01:40:02,224 - INFO - Batch 890/2278: Loss=0.0014, Cls=0.0014, Reg=0.0000, Con=0.0000
2025-09-14 01:40:03,123 - INFO - Batch 900/2278: Loss=1.4626, Cls=0.2743, Reg=0.0000, Con=3.9609
2025-09-14 01:40:04,099 - INFO - Batch 910/2278: Loss=1.1883, Cls=0.0000, Reg=0.0000, Con=3.9609
2025-09-14 01:40:04,998 - INFO - Batch 920/2278: Loss=1.2004, Cls=0.0121, Reg=0.0000, Con=3.9609
2025-09-14 01:40:05,881 - INFO - Batch 930/2278: Loss=1.1962, Cls=0.0079, Reg=0.0000, Con=3.9608
2025-09-14 01:40:06,758 - INFO - Batch 940/2278: Loss=1.9778, Cls=0.7895, Reg=0.0000, Con=3.9609
2025-09-14 01:40:07,638 - INFO - Batch 950/2278: Loss=1.3612, Cls=0.1729, Reg=0.0000, Con=3.9610
2025-09-14 01:40:08,503 - INFO - Batch 960/2278: Loss=1.1899, Cls=0.0017, Reg=0.0000, Con=3.9609
2025-09-14 01:40:09,387 - INFO - Batch 970/2278: Loss=1.3015, Cls=0.1131, Reg=0.0000, Con=3.9612
2025-09-14 01:40:10,266 - INFO - Batch 980/2278: Loss=0.0012, Cls=0.0012, Reg=0.0000, Con=0.0000
2025-09-14 01:40:11,149 - INFO - Batch 990/2278: Loss=1.4063, Cls=0.2181, Reg=0.0000, Con=3.9608
2025-09-14 01:40:12,025 - INFO - Batch 1000/2278: Loss=1.1883, Cls=0.0000, Reg=0.0000, Con=3.9609
2025-09-14 01:40:12,937 - INFO - Batch 1010/2278: Loss=1.1941, Cls=0.0059, Reg=0.0000, Con=3.9607
2025-09-14 01:40:13,835 - INFO - Batch 1020/2278: Loss=0.1174, Cls=0.1174, Reg=0.0000, Con=0.0000
2025-09-14 01:40:14,708 - INFO - Batch 1030/2278: Loss=1.2541, Cls=0.0658, Reg=0.0000, Con=3.9610
2025-09-14 01:40:15,588 - INFO - Batch 1040/2278: Loss=1.1943, Cls=0.0060, Reg=0.0000, Con=3.9608
2025-09-14 01:40:16,468 - INFO - Batch 1050/2278: Loss=1.4832, Cls=0.2949, Reg=0.0000, Con=3.9609
2025-09-14 01:40:17,338 - INFO - Batch 1060/2278: Loss=1.1951, Cls=0.0069, Reg=0.0000, Con=3.9608
2025-09-14 01:40:18,219 - INFO - Batch 1070/2278: Loss=1.5992, Cls=0.4110, Reg=0.0000, Con=3.9608
2025-09-14 01:40:19,082 - INFO - Batch 1080/2278: Loss=0.8601, Cls=0.8601, Reg=0.0000, Con=0.0000
2025-09-14 01:40:19,991 - INFO - Batch 1090/2278: Loss=1.4852, Cls=0.2969, Reg=0.0000, Con=3.9609
2025-09-14 01:40:20,914 - INFO - Batch 1100/2278: Loss=0.7249, Cls=0.7249, Reg=0.0000, Con=0.0000
2025-09-14 01:40:21,828 - INFO - Batch 1110/2278: Loss=1.9916, Cls=0.8034, Reg=0.0000, Con=3.9608
2025-09-14 01:40:22,709 - INFO - Batch 1120/2278: Loss=1.1892, Cls=0.0010, Reg=0.0000, Con=3.9608
2025-09-14 01:40:23,611 - INFO - Batch 1130/2278: Loss=1.6766, Cls=0.4884, Reg=0.0000, Con=3.9608
2025-09-14 01:40:24,651 - INFO - Batch 1140/2278: Loss=1.2001, Cls=0.0119, Reg=0.0000, Con=3.9608
2025-09-14 01:40:25,549 - INFO - Batch 1150/2278: Loss=1.8892, Cls=0.7009, Reg=0.0000, Con=3.9611
2025-09-14 01:40:26,446 - INFO - Batch 1160/2278: Loss=1.2659, Cls=0.0776, Reg=0.0000, Con=3.9609
2025-09-14 01:40:27,334 - INFO - Batch 1170/2278: Loss=0.6608, Cls=0.6608, Reg=0.0000, Con=0.0000
2025-09-14 01:40:28,200 - INFO - Batch 1180/2278: Loss=1.2330, Cls=0.0448, Reg=0.0000, Con=3.9609
2025-09-14 01:40:29,153 - INFO - Batch 1190/2278: Loss=1.5261, Cls=0.3378, Reg=0.0000, Con=3.9609
2025-09-14 01:40:30,201 - INFO - Batch 1200/2278: Loss=0.0000, Cls=0.0000, Reg=0.0000, Con=0.0000
2025-09-14 01:40:31,223 - INFO - Batch 1210/2278: Loss=1.3053, Cls=0.1170, Reg=0.0000, Con=3.9610
2025-09-14 01:40:32,106 - INFO - Batch 1220/2278: Loss=1.2217, Cls=0.0334, Reg=0.0000, Con=3.9608
2025-09-14 01:40:33,000 - INFO - Batch 1230/2278: Loss=1.5416, Cls=0.3534, Reg=0.0000, Con=3.9609
2025-09-14 01:40:33,922 - INFO - Batch 1240/2278: Loss=1.2874, Cls=0.0991, Reg=0.0000, Con=3.9608
2025-09-14 01:40:34,825 - INFO - Batch 1250/2278: Loss=1.2858, Cls=0.0976, Reg=0.0000, Con=3.9608
2025-09-14 01:40:35,896 - INFO - Batch 1260/2278: Loss=1.1951, Cls=0.0068, Reg=0.0000, Con=3.9608
2025-09-14 01:40:36,808 - INFO - Batch 1270/2278: Loss=1.1886, Cls=0.0004, Reg=0.0000, Con=3.9609
2025-09-14 01:40:37,688 - INFO - Batch 1280/2278: Loss=1.1961, Cls=0.0079, Reg=0.0000, Con=3.9609
2025-09-14 01:40:38,583 - INFO - Batch 1290/2278: Loss=1.2537, Cls=0.0654, Reg=0.0000, Con=3.9608
2025-09-14 01:40:39,507 - INFO - Batch 1300/2278: Loss=1.2978, Cls=0.1095, Reg=0.0000, Con=3.9609
2025-09-14 01:40:40,487 - INFO - Batch 1310/2278: Loss=1.3037, Cls=0.1154, Reg=0.0000, Con=3.9609
2025-09-14 01:40:41,374 - INFO - Batch 1320/2278: Loss=0.0280, Cls=0.0280, Reg=0.0000, Con=0.0000
2025-09-14 01:40:42,252 - INFO - Batch 1330/2278: Loss=1.4834, Cls=0.2950, Reg=0.0000, Con=3.9613
2025-09-14 01:40:43,135 - INFO - Batch 1340/2278: Loss=1.2349, Cls=0.0466, Reg=0.0000, Con=3.9608
2025-09-14 01:40:44,038 - INFO - Batch 1350/2278: Loss=0.0220, Cls=0.0220, Reg=0.0000, Con=0.0000
2025-09-14 01:40:44,958 - INFO - Batch 1360/2278: Loss=2.7078, Cls=1.5196, Reg=0.0000, Con=3.9609
2025-09-14 01:40:45,877 - INFO - Batch 1370/2278: Loss=1.4886, Cls=0.3004, Reg=0.0000, Con=3.9608
2025-09-14 01:40:46,874 - INFO - Batch 1380/2278: Loss=1.9796, Cls=0.7913, Reg=0.0000, Con=3.9608
2025-09-14 01:40:47,754 - INFO - Batch 1390/2278: Loss=1.2860, Cls=0.0978, Reg=0.0000, Con=3.9608
2025-09-14 01:40:48,746 - INFO - Batch 1400/2278: Loss=1.2637, Cls=0.0754, Reg=0.0000, Con=3.9609
2025-09-14 01:40:49,713 - INFO - Batch 1410/2278: Loss=1.1942, Cls=0.0058, Reg=0.0000, Con=3.9612
2025-09-14 01:40:50,605 - INFO - Batch 1420/2278: Loss=0.0060, Cls=0.0060, Reg=0.0000, Con=0.0000
2025-09-14 01:40:51,488 - INFO - Batch 1430/2278: Loss=1.3503, Cls=0.1620, Reg=0.0000, Con=3.9608
2025-09-14 01:40:52,385 - INFO - Batch 1440/2278: Loss=2.6779, Cls=1.4896, Reg=0.0000, Con=3.9609
2025-09-14 01:40:53,245 - INFO - Batch 1450/2278: Loss=1.2580, Cls=0.0698, Reg=0.0000, Con=3.9608
2025-09-14 01:40:54,119 - INFO - Batch 1460/2278: Loss=1.1884, Cls=0.0002, Reg=0.0000, Con=3.9608
2025-09-14 01:40:55,003 - INFO - Batch 1470/2278: Loss=4.0650, Cls=2.8767, Reg=0.0000, Con=3.9609
2025-09-14 01:40:55,885 - INFO - Batch 1480/2278: Loss=1.6381, Cls=0.4498, Reg=0.0000, Con=3.9607
2025-09-14 01:40:56,772 - INFO - Batch 1490/2278: Loss=1.1963, Cls=0.0081, Reg=0.0000, Con=3.9609
2025-09-14 01:40:57,655 - INFO - Batch 1500/2278: Loss=1.1883, Cls=0.0000, Reg=0.0000, Con=3.9609
2025-09-14 01:40:58,554 - INFO - Batch 1510/2278: Loss=0.0005, Cls=0.0005, Reg=0.0000, Con=0.0000
2025-09-14 01:40:59,446 - INFO - Batch 1520/2278: Loss=1.3635, Cls=0.1753, Reg=0.0000, Con=3.9608
2025-09-14 01:41:00,347 - INFO - Batch 1530/2278: Loss=1.1882, Cls=0.0000, Reg=0.0000, Con=3.9608
2025-09-14 01:41:01,337 - INFO - Batch 1540/2278: Loss=1.1893, Cls=0.0011, Reg=0.0000, Con=3.9609
2025-09-14 01:41:02,242 - INFO - Batch 1550/2278: Loss=1.3258, Cls=0.1375, Reg=0.0000, Con=3.9610
2025-09-14 01:41:03,154 - INFO - Batch 1560/2278: Loss=2.9761, Cls=1.7878, Reg=0.0000, Con=3.9608
2025-09-14 01:41:04,121 - INFO - Batch 1570/2278: Loss=2.7098, Cls=1.5216, Reg=0.0000, Con=3.9608
2025-09-14 01:41:05,158 - INFO - Batch 1580/2278: Loss=1.1882, Cls=0.0000, Reg=0.0000, Con=3.9608
2025-09-14 01:41:06,060 - INFO - Batch 1590/2278: Loss=1.8989, Cls=0.7107, Reg=0.0000, Con=3.9608
2025-09-14 01:41:06,931 - INFO - Batch 1600/2278: Loss=1.2225, Cls=0.0343, Reg=0.0000, Con=3.9608
2025-09-14 01:41:07,809 - INFO - Batch 1610/2278: Loss=0.8574, Cls=0.8574, Reg=0.0000, Con=0.0000
2025-09-14 01:41:08,690 - INFO - Batch 1620/2278: Loss=0.8873, Cls=0.8873, Reg=0.0000, Con=0.0000
2025-09-14 01:41:09,592 - INFO - Batch 1630/2278: Loss=2.1867, Cls=0.9985, Reg=0.0000, Con=3.9608
2025-09-14 01:41:10,497 - INFO - Batch 1640/2278: Loss=0.0022, Cls=0.0022, Reg=0.0000, Con=0.0000
2025-09-14 01:41:11,517 - INFO - Batch 1650/2278: Loss=0.0292, Cls=0.0292, Reg=0.0000, Con=0.0000
2025-09-14 01:41:12,435 - INFO - Batch 1660/2278: Loss=0.0002, Cls=0.0002, Reg=0.0000, Con=0.0000
2025-09-14 01:41:13,299 - INFO - Batch 1670/2278: Loss=1.1927, Cls=0.0044, Reg=0.0000, Con=3.9612
2025-09-14 01:41:14,183 - INFO - Batch 1680/2278: Loss=0.0028, Cls=0.0028, Reg=0.0000, Con=0.0000
2025-09-14 01:41:15,098 - INFO - Batch 1690/2278: Loss=4.2893, Cls=3.1010, Reg=0.0000, Con=3.9612
2025-09-14 01:41:15,992 - INFO - Batch 1700/2278: Loss=1.1884, Cls=0.0000, Reg=0.0000, Con=3.9612
2025-09-14 01:41:16,874 - INFO - Batch 1710/2278: Loss=1.6639, Cls=0.4756, Reg=0.0000, Con=3.9608
2025-09-14 01:41:17,758 - INFO - Batch 1720/2278: Loss=1.2482, Cls=0.0599, Reg=0.0000, Con=3.9608
2025-09-14 01:41:18,796 - INFO - Batch 1730/2278: Loss=0.0909, Cls=0.0909, Reg=0.0000, Con=0.0000
2025-09-14 01:41:19,755 - INFO - Batch 1740/2278: Loss=1.2945, Cls=0.1063, Reg=0.0000, Con=3.9608
2025-09-14 01:41:20,654 - INFO - Batch 1750/2278: Loss=1.1889, Cls=0.0007, Reg=0.0000, Con=3.9609
2025-09-14 01:41:21,543 - INFO - Batch 1760/2278: Loss=1.7189, Cls=0.5306, Reg=0.0000, Con=3.9609
2025-09-14 01:41:22,486 - INFO - Batch 1770/2278: Loss=1.1930, Cls=0.0047, Reg=0.0000, Con=3.9608
2025-09-14 01:41:23,388 - INFO - Batch 1780/2278: Loss=2.4200, Cls=1.2318, Reg=0.0000, Con=3.9608
2025-09-14 01:41:24,295 - INFO - Batch 1790/2278: Loss=1.2246, Cls=0.0363, Reg=0.0000, Con=3.9609
2025-09-14 01:41:25,325 - INFO - Batch 1800/2278: Loss=0.0243, Cls=0.0243, Reg=0.0000, Con=0.0000
2025-09-14 01:41:26,251 - INFO - Batch 1810/2278: Loss=1.2359, Cls=0.0476, Reg=0.0000, Con=3.9608
2025-09-14 01:41:27,176 - INFO - Batch 1820/2278: Loss=1.1937, Cls=0.0054, Reg=0.0000, Con=3.9611
2025-09-14 01:41:28,070 - INFO - Batch 1830/2278: Loss=1.2557, Cls=0.0675, Reg=0.0000, Con=3.9607
2025-09-14 01:41:28,947 - INFO - Batch 1840/2278: Loss=1.1167, Cls=1.1167, Reg=0.0000, Con=0.0000
2025-09-14 01:41:29,908 - INFO - Batch 1850/2278: Loss=1.1939, Cls=0.0057, Reg=0.0000, Con=3.9608
2025-09-14 01:41:30,847 - INFO - Batch 1860/2278: Loss=0.0001, Cls=0.0001, Reg=0.0000, Con=0.0000
2025-09-14 01:41:31,826 - INFO - Batch 1870/2278: Loss=2.6018, Cls=1.4135, Reg=0.0000, Con=3.9608
2025-09-14 01:41:32,720 - INFO - Batch 1880/2278: Loss=2.9256, Cls=1.7373, Reg=0.0000, Con=3.9608
2025-09-14 01:41:33,658 - INFO - Batch 1890/2278: Loss=1.1955, Cls=0.0072, Reg=0.0000, Con=3.9609
2025-09-14 01:41:34,544 - INFO - Batch 1900/2278: Loss=1.2225, Cls=0.0343, Reg=0.0000, Con=3.9608
2025-09-14 01:41:35,521 - INFO - Batch 1910/2278: Loss=0.1517, Cls=0.1517, Reg=0.0000, Con=0.0000
2025-09-14 01:41:36,516 - INFO - Batch 1920/2278: Loss=1.6970, Cls=0.5088, Reg=0.0000, Con=3.9607
2025-09-14 01:41:37,425 - INFO - Batch 1930/2278: Loss=1.1930, Cls=0.0048, Reg=0.0000, Con=3.9607
2025-09-14 01:41:38,482 - INFO - Batch 1940/2278: Loss=2.0482, Cls=0.8599, Reg=0.0000, Con=3.9608
2025-09-14 01:41:39,529 - INFO - Batch 1950/2278: Loss=1.2667, Cls=0.0785, Reg=0.0000, Con=3.9608
2025-09-14 01:41:40,508 - INFO - Batch 1960/2278: Loss=1.2232, Cls=0.0349, Reg=0.0000, Con=3.9609
2025-09-14 01:41:41,382 - INFO - Batch 1970/2278: Loss=1.2136, Cls=0.0253, Reg=0.0000, Con=3.9611
2025-09-14 01:41:42,284 - INFO - Batch 1980/2278: Loss=1.2087, Cls=0.0205, Reg=0.0000, Con=3.9608
2025-09-14 01:41:43,184 - INFO - Batch 1990/2278: Loss=1.4755, Cls=0.2871, Reg=0.0000, Con=3.9610
2025-09-14 01:41:44,077 - INFO - Batch 2000/2278: Loss=0.1194, Cls=0.1194, Reg=0.0000, Con=0.0000
2025-09-14 01:41:45,080 - INFO - Batch 2010/2278: Loss=1.2012, Cls=0.0130, Reg=0.0000, Con=3.9608
2025-09-14 01:41:45,974 - INFO - Batch 2020/2278: Loss=1.7879, Cls=0.5996, Reg=0.0000, Con=3.9608
2025-09-14 01:41:46,956 - INFO - Batch 2030/2278: Loss=1.1910, Cls=0.0028, Reg=0.0000, Con=3.9607
2025-09-14 01:41:47,851 - INFO - Batch 2040/2278: Loss=1.2071, Cls=0.0188, Reg=0.0000, Con=3.9609
2025-09-14 01:41:48,757 - INFO - Batch 2050/2278: Loss=1.2344, Cls=0.0461, Reg=0.0000, Con=3.9608
2025-09-14 01:41:49,626 - INFO - Batch 2060/2278: Loss=1.2977, Cls=0.1095, Reg=0.0000, Con=3.9607
2025-09-14 01:41:50,540 - INFO - Batch 2070/2278: Loss=1.2010, Cls=0.0127, Reg=0.0000, Con=3.9609
2025-09-14 01:41:51,559 - INFO - Batch 2080/2278: Loss=1.5631, Cls=0.3749, Reg=0.0000, Con=3.9609
2025-09-14 01:41:52,522 - INFO - Batch 2090/2278: Loss=1.1885, Cls=0.0001, Reg=0.0000, Con=3.9612
2025-09-14 01:41:53,443 - INFO - Batch 2100/2278: Loss=1.1986, Cls=0.0103, Reg=0.0000, Con=3.9611
2025-09-14 01:41:54,322 - INFO - Batch 2110/2278: Loss=1.8511, Cls=0.6629, Reg=0.0000, Con=3.9608
2025-09-14 01:41:55,216 - INFO - Batch 2120/2278: Loss=2.9111, Cls=2.9111, Reg=0.0000, Con=0.0000
2025-09-14 01:41:56,162 - INFO - Batch 2130/2278: Loss=1.4348, Cls=0.2466, Reg=0.0000, Con=3.9606
2025-09-14 01:41:57,108 - INFO - Batch 2140/2278: Loss=1.1882, Cls=0.0000, Reg=0.0000, Con=3.9608
2025-09-14 01:41:58,036 - INFO - Batch 2150/2278: Loss=1.1882, Cls=0.0000, Reg=0.0000, Con=3.9607
2025-09-14 01:41:59,024 - INFO - Batch 2160/2278: Loss=1.1890, Cls=0.0007, Reg=0.0000, Con=3.9608
2025-09-14 01:42:00,017 - INFO - Batch 2170/2278: Loss=1.1916, Cls=0.0033, Reg=0.0000, Con=3.9609
2025-09-14 01:42:00,925 - INFO - Batch 2180/2278: Loss=1.3897, Cls=0.2014, Reg=0.0000, Con=3.9607
2025-09-14 01:42:01,865 - INFO - Batch 2190/2278: Loss=2.3924, Cls=1.2042, Reg=0.0000, Con=3.9608
2025-09-14 01:42:02,869 - INFO - Batch 2200/2278: Loss=1.1886, Cls=0.0004, Reg=0.0000, Con=3.9605
2025-09-14 01:42:03,849 - INFO - Batch 2210/2278: Loss=5.8068, Cls=4.6186, Reg=0.0000, Con=3.9609
2025-09-14 01:42:04,810 - INFO - Batch 2220/2278: Loss=1.3119, Cls=0.1236, Reg=0.0000, Con=3.9610
2025-09-14 01:42:05,804 - INFO - Batch 2230/2278: Loss=1.2213, Cls=0.0331, Reg=0.0000, Con=3.9607
2025-09-14 01:42:06,767 - INFO - Batch 2240/2278: Loss=0.0175, Cls=0.0175, Reg=0.0000, Con=0.0000
2025-09-14 01:42:07,721 - INFO - Batch 2250/2278: Loss=1.1888, Cls=0.0006, Reg=0.0000, Con=3.9609
2025-09-14 01:42:08,781 - INFO - Batch 2260/2278: Loss=3.6885, Cls=2.5002, Reg=0.0000, Con=3.9608
2025-09-14 01:42:09,712 - INFO - Batch 2270/2278: Loss=1.2351, Cls=0.0468, Reg=0.0000, Con=3.9608
2025-09-14 01:45:38,067 - INFO - === Epoch 1 Results ===
2025-09-14 01:45:38,068 - INFO - Training Loss: 1.1971 (Classification: 0.2363, Regression: 0.0000)
2025-09-14 01:45:38,068 - INFO - Validation Loss: 0.1398 (Classification: 0.1398, Regression: 0.0000)
2025-09-14 01:45:38,068 - INFO - Average Classification Accuracy: 0.8796 (on 1/26 tasks)
2025-09-14 01:45:38,068 - INFO - Average AUC: 0.9451
2025-09-14 01:45:38,603 - INFO - Best model saved to: experiments/r1c3_headft_cls_9_seed_42_20250914_013838/checkpoints/r1c3_headft_cls_9_seed_42_best.pth
2025-09-14 01:45:38,603 - INFO - 
Epoch 2/3
2025-09-14 01:45:38,701 - INFO - Batch 0/2278: Loss=0.2488, Cls=0.2488, Reg=0.0000, Con=0.0000
2025-09-14 01:45:39,614 - INFO - Batch 10/2278: Loss=2.2721, Cls=1.0839, Reg=0.0000, Con=3.9604
2025-09-14 01:45:40,510 - INFO - Batch 20/2278: Loss=1.8959, Cls=0.7076, Reg=0.0000, Con=3.9609
2025-09-14 01:45:41,403 - INFO - Batch 30/2278: Loss=1.1935, Cls=0.0052, Reg=0.0000, Con=3.9608
2025-09-14 01:45:42,276 - INFO - Batch 40/2278: Loss=2.0550, Cls=0.8667, Reg=0.0000, Con=3.9608
2025-09-14 01:45:43,258 - INFO - Batch 50/2278: Loss=1.1888, Cls=0.0006, Reg=0.0000, Con=3.9608
2025-09-14 01:45:44,276 - INFO - Batch 60/2278: Loss=0.0017, Cls=0.0017, Reg=0.0000, Con=0.0000
2025-09-14 01:45:45,162 - INFO - Batch 70/2278: Loss=1.2245, Cls=0.0363, Reg=0.0000, Con=3.9608
2025-09-14 01:45:46,053 - INFO - Batch 80/2278: Loss=1.2529, Cls=0.0646, Reg=0.0000, Con=3.9609
2025-09-14 01:45:46,948 - INFO - Batch 90/2278: Loss=1.4728, Cls=0.2846, Reg=0.0000, Con=3.9609
2025-09-14 01:45:47,992 - INFO - Batch 100/2278: Loss=1.3533, Cls=0.1651, Reg=0.0000, Con=3.9609
2025-09-14 01:45:48,968 - INFO - Batch 110/2278: Loss=1.1936, Cls=0.0053, Reg=0.0000, Con=3.9609
2025-09-14 01:45:49,906 - INFO - Batch 120/2278: Loss=1.1893, Cls=0.0011, Reg=0.0000, Con=3.9608
2025-09-14 01:45:50,833 - INFO - Batch 130/2278: Loss=1.3386, Cls=0.1503, Reg=0.0000, Con=3.9608
2025-09-14 01:45:51,719 - INFO - Batch 140/2278: Loss=1.2862, Cls=0.0979, Reg=0.0000, Con=3.9609
2025-09-14 01:45:52,616 - INFO - Batch 150/2278: Loss=1.1885, Cls=0.0002, Reg=0.0000, Con=3.9609
2025-09-14 01:45:53,524 - INFO - Batch 160/2278: Loss=1.1928, Cls=0.0045, Reg=0.0000, Con=3.9609
2025-09-14 01:45:54,443 - INFO - Batch 170/2278: Loss=0.5808, Cls=0.5808, Reg=0.0000, Con=0.0000
2025-09-14 01:45:55,369 - INFO - Batch 180/2278: Loss=1.2787, Cls=0.0905, Reg=0.0000, Con=3.9609
2025-09-14 01:45:56,272 - INFO - Batch 190/2278: Loss=1.1900, Cls=0.0018, Reg=0.0000, Con=3.9608
2025-09-14 01:45:57,269 - INFO - Batch 200/2278: Loss=1.1909, Cls=0.0027, Reg=0.0000, Con=3.9608
2025-09-14 01:45:58,194 - INFO - Batch 210/2278: Loss=2.6787, Cls=1.4904, Reg=0.0000, Con=3.9609
2025-09-14 01:45:59,102 - INFO - Batch 220/2278: Loss=0.1351, Cls=0.1351, Reg=0.0000, Con=0.0000
2025-09-14 01:46:00,006 - INFO - Batch 230/2278: Loss=1.1883, Cls=0.0001, Reg=0.0000, Con=3.9608
2025-09-14 01:46:00,921 - INFO - Batch 240/2278: Loss=2.1705, Cls=2.1705, Reg=0.0000, Con=0.0000
2025-09-14 01:46:01,829 - INFO - Batch 250/2278: Loss=1.2821, Cls=1.2821, Reg=0.0000, Con=0.0000
2025-09-14 01:46:02,723 - INFO - Batch 260/2278: Loss=0.0907, Cls=0.0907, Reg=0.0000, Con=0.0000
2025-09-14 01:46:03,626 - INFO - Batch 270/2278: Loss=1.2331, Cls=0.0448, Reg=0.0000, Con=3.9608
2025-09-14 01:46:04,572 - INFO - Batch 280/2278: Loss=1.5279, Cls=0.3397, Reg=0.0000, Con=3.9609
2025-09-14 01:46:05,601 - INFO - Batch 290/2278: Loss=1.1883, Cls=0.0000, Reg=0.0000, Con=3.9609
2025-09-14 01:46:06,516 - INFO - Batch 300/2278: Loss=1.1883, Cls=0.0000, Reg=0.0000, Con=3.9609
2025-09-14 01:46:07,453 - INFO - Batch 310/2278: Loss=5.3076, Cls=4.1193, Reg=0.0000, Con=3.9608
2025-09-14 01:46:08,417 - INFO - Batch 320/2278: Loss=1.2318, Cls=0.0435, Reg=0.0000, Con=3.9608
2025-09-14 01:46:09,341 - INFO - Batch 330/2278: Loss=1.1883, Cls=0.0000, Reg=0.0000, Con=3.9609
2025-09-14 01:46:10,224 - INFO - Batch 340/2278: Loss=1.1985, Cls=0.0102, Reg=0.0000, Con=3.9609
2025-09-14 01:46:11,125 - INFO - Batch 350/2278: Loss=1.1899, Cls=0.0016, Reg=0.0000, Con=3.9609
2025-09-14 01:46:12,019 - INFO - Batch 360/2278: Loss=1.2987, Cls=0.1105, Reg=0.0000, Con=3.9609
2025-09-14 01:46:12,895 - INFO - Batch 370/2278: Loss=1.6820, Cls=0.4937, Reg=0.0000, Con=3.9609
2025-09-14 01:46:13,771 - INFO - Batch 380/2278: Loss=1.1962, Cls=0.0080, Reg=0.0000, Con=3.9608
2025-09-14 01:46:14,683 - INFO - Batch 390/2278: Loss=1.1883, Cls=0.0001, Reg=0.0000, Con=3.9609
2025-09-14 01:46:15,602 - INFO - Batch 400/2278: Loss=1.2497, Cls=0.0615, Reg=0.0000, Con=3.9607
2025-09-14 01:46:16,614 - INFO - Batch 410/2278: Loss=1.1893, Cls=0.0010, Reg=0.0000, Con=3.9608
2025-09-14 01:46:17,561 - INFO - Batch 420/2278: Loss=0.1496, Cls=0.1496, Reg=0.0000, Con=0.0000
2025-09-14 01:46:18,569 - INFO - Batch 430/2278: Loss=1.8539, Cls=0.6656, Reg=0.0000, Con=3.9608
2025-09-14 01:46:19,467 - INFO - Batch 440/2278: Loss=2.1979, Cls=1.0097, Reg=0.0000, Con=3.9608
2025-09-14 01:46:20,389 - INFO - Batch 450/2278: Loss=1.1882, Cls=0.0000, Reg=0.0000, Con=3.9607
2025-09-14 01:46:21,413 - INFO - Batch 460/2278: Loss=0.0002, Cls=0.0002, Reg=0.0000, Con=0.0000
2025-09-14 01:46:22,344 - INFO - Batch 470/2278: Loss=1.1948, Cls=0.0065, Reg=0.0000, Con=3.9608
2025-09-14 01:46:23,253 - INFO - Batch 480/2278: Loss=1.1961, Cls=0.0078, Reg=0.0000, Con=3.9609
2025-09-14 01:46:24,320 - INFO - Batch 490/2278: Loss=1.1894, Cls=0.0011, Reg=0.0000, Con=3.9610
2025-09-14 01:46:25,396 - INFO - Batch 500/2278: Loss=1.1971, Cls=0.0089, Reg=0.0000, Con=3.9607
2025-09-14 01:46:26,378 - INFO - Batch 510/2278: Loss=1.3899, Cls=0.2017, Reg=0.0000, Con=3.9609
2025-09-14 01:46:27,307 - INFO - Batch 520/2278: Loss=1.1953, Cls=0.0070, Reg=0.0000, Con=3.9607
2025-09-14 01:46:28,201 - INFO - Batch 530/2278: Loss=1.1884, Cls=0.0002, Reg=0.0000, Con=3.9608
2025-09-14 01:46:29,072 - INFO - Batch 540/2278: Loss=1.1903, Cls=0.0020, Reg=0.0000, Con=3.9609
2025-09-14 01:46:29,981 - INFO - Batch 550/2278: Loss=1.1884, Cls=0.0002, Reg=0.0000, Con=3.9607
2025-09-14 01:46:30,898 - INFO - Batch 560/2278: Loss=0.0017, Cls=0.0017, Reg=0.0000, Con=0.0000
2025-09-14 01:46:31,824 - INFO - Batch 570/2278: Loss=1.1916, Cls=0.0033, Reg=0.0000, Con=3.9608
2025-09-14 01:46:32,826 - INFO - Batch 580/2278: Loss=0.0017, Cls=0.0017, Reg=0.0000, Con=0.0000
2025-09-14 01:46:33,724 - INFO - Batch 590/2278: Loss=1.1936, Cls=0.0053, Reg=0.0000, Con=3.9608
2025-09-14 01:46:34,619 - INFO - Batch 600/2278: Loss=2.6430, Cls=1.4548, Reg=0.0000, Con=3.9608
2025-09-14 01:46:35,518 - INFO - Batch 610/2278: Loss=1.2447, Cls=0.0565, Reg=0.0000, Con=3.9608
2025-09-14 01:46:36,428 - INFO - Batch 620/2278: Loss=1.3596, Cls=0.1713, Reg=0.0000, Con=3.9608
2025-09-14 01:46:37,300 - INFO - Batch 630/2278: Loss=0.1540, Cls=0.1540, Reg=0.0000, Con=0.0000
2025-09-14 01:46:38,231 - INFO - Batch 640/2278: Loss=0.0681, Cls=0.0681, Reg=0.0000, Con=0.0000
2025-09-14 01:46:39,260 - INFO - Batch 650/2278: Loss=1.2044, Cls=0.0162, Reg=0.0000, Con=3.9608
2025-09-14 01:46:40,191 - INFO - Batch 660/2278: Loss=1.1937, Cls=0.0055, Reg=0.0000, Con=3.9607
2025-09-14 01:46:41,125 - INFO - Batch 670/2278: Loss=1.1902, Cls=0.0019, Reg=0.0000, Con=3.9609
2025-09-14 01:46:42,149 - INFO - Batch 680/2278: Loss=1.1882, Cls=0.0000, Reg=0.0000, Con=3.9608
2025-09-14 01:46:43,045 - INFO - Batch 690/2278: Loss=1.4066, Cls=0.2183, Reg=0.0000, Con=3.9611
2025-09-14 01:46:44,001 - INFO - Batch 700/2278: Loss=0.0267, Cls=0.0267, Reg=0.0000, Con=0.0000
2025-09-14 01:46:44,923 - INFO - Batch 710/2278: Loss=1.1932, Cls=0.0049, Reg=0.0000, Con=3.9610
2025-09-14 01:46:45,838 - INFO - Batch 720/2278: Loss=1.4274, Cls=0.2391, Reg=0.0000, Con=3.9608
2025-09-14 01:46:46,802 - INFO - Batch 730/2278: Loss=1.1913, Cls=0.0030, Reg=0.0000, Con=3.9610
2025-09-14 01:46:47,852 - INFO - Batch 740/2278: Loss=1.2081, Cls=0.0198, Reg=0.0000, Con=3.9609
2025-09-14 01:46:48,839 - INFO - Batch 750/2278: Loss=0.0693, Cls=0.0693, Reg=0.0000, Con=0.0000
2025-09-14 01:46:49,717 - INFO - Batch 760/2278: Loss=1.2692, Cls=0.0810, Reg=0.0000, Con=3.9608
2025-09-14 01:46:50,602 - INFO - Batch 770/2278: Loss=1.9601, Cls=0.7718, Reg=0.0000, Con=3.9608
2025-09-14 01:46:51,500 - INFO - Batch 780/2278: Loss=1.2092, Cls=0.0210, Reg=0.0000, Con=3.9607
2025-09-14 01:46:52,409 - INFO - Batch 790/2278: Loss=1.1928, Cls=0.0046, Reg=0.0000, Con=3.9608
2025-09-14 01:46:53,324 - INFO - Batch 800/2278: Loss=1.6258, Cls=0.4375, Reg=0.0000, Con=3.9608
2025-09-14 01:46:54,312 - INFO - Batch 810/2278: Loss=1.8460, Cls=0.6578, Reg=0.0000, Con=3.9607
2025-09-14 01:46:55,274 - INFO - Batch 820/2278: Loss=1.2008, Cls=0.0126, Reg=0.0000, Con=3.9608
2025-09-14 01:46:56,282 - INFO - Batch 830/2278: Loss=1.2077, Cls=0.0195, Reg=0.0000, Con=3.9607
2025-09-14 01:46:57,215 - INFO - Batch 840/2278: Loss=1.2046, Cls=0.0163, Reg=0.0000, Con=3.9608
2025-09-14 01:46:58,211 - INFO - Batch 850/2278: Loss=0.0546, Cls=0.0546, Reg=0.0000, Con=0.0000
2025-09-14 01:46:59,204 - INFO - Batch 860/2278: Loss=1.1908, Cls=0.0026, Reg=0.0000, Con=3.9608
2025-09-14 01:47:00,096 - INFO - Batch 870/2278: Loss=1.1883, Cls=0.0000, Reg=0.0000, Con=3.9609
2025-09-14 01:47:01,042 - INFO - Batch 880/2278: Loss=0.0000, Cls=0.0000, Reg=0.0000, Con=0.0000
2025-09-14 01:47:01,983 - INFO - Batch 890/2278: Loss=1.9922, Cls=0.8040, Reg=0.0000, Con=3.9609
2025-09-14 01:47:02,998 - INFO - Batch 900/2278: Loss=0.0006, Cls=0.0006, Reg=0.0000, Con=0.0000
2025-09-14 01:47:04,005 - INFO - Batch 910/2278: Loss=0.1021, Cls=0.1021, Reg=0.0000, Con=0.0000
2025-09-14 01:47:05,014 - INFO - Batch 920/2278: Loss=1.7862, Cls=0.5979, Reg=0.0000, Con=3.9611
2025-09-14 01:47:05,900 - INFO - Batch 930/2278: Loss=3.6996, Cls=2.5114, Reg=0.0000, Con=3.9609
2025-09-14 01:47:06,792 - INFO - Batch 940/2278: Loss=0.0181, Cls=0.0181, Reg=0.0000, Con=0.0000
2025-09-14 01:47:07,709 - INFO - Batch 950/2278: Loss=1.1886, Cls=0.0003, Reg=0.0000, Con=3.9609
2025-09-14 01:47:08,650 - INFO - Batch 960/2278: Loss=0.0006, Cls=0.0006, Reg=0.0000, Con=0.0000
2025-09-14 01:47:09,734 - INFO - Batch 970/2278: Loss=0.1995, Cls=0.1995, Reg=0.0000, Con=0.0000
2025-09-14 01:47:10,720 - INFO - Batch 980/2278: Loss=1.2079, Cls=0.0196, Reg=0.0000, Con=3.9608
2025-09-14 01:47:11,638 - INFO - Batch 990/2278: Loss=1.1920, Cls=0.0038, Reg=0.0000, Con=3.9606
2025-09-14 01:47:12,541 - INFO - Batch 1000/2278: Loss=1.2147, Cls=0.0265, Reg=0.0000, Con=3.9608
2025-09-14 01:47:13,431 - INFO - Batch 1010/2278: Loss=2.3203, Cls=1.1320, Reg=0.0000, Con=3.9609
2025-09-14 01:47:14,319 - INFO - Batch 1020/2278: Loss=1.1886, Cls=0.0002, Reg=0.0000, Con=3.9615
2025-09-14 01:47:15,212 - INFO - Batch 1030/2278: Loss=2.0860, Cls=0.8977, Reg=0.0000, Con=3.9608
2025-09-14 01:47:16,147 - INFO - Batch 1040/2278: Loss=1.2068, Cls=0.0186, Reg=0.0000, Con=3.9608
2025-09-14 01:47:17,049 - INFO - Batch 1050/2278: Loss=1.1906, Cls=0.0023, Reg=0.0000, Con=3.9611
2025-09-14 01:47:17,976 - INFO - Batch 1060/2278: Loss=1.1935, Cls=0.0051, Reg=0.0000, Con=3.9612
2025-09-14 01:47:18,875 - INFO - Batch 1070/2278: Loss=1.8821, Cls=0.6939, Reg=0.0000, Con=3.9608
2025-09-14 01:47:19,762 - INFO - Batch 1080/2278: Loss=1.1883, Cls=0.0000, Reg=0.0000, Con=3.9609
2025-09-14 01:47:20,752 - INFO - Batch 1090/2278: Loss=1.1965, Cls=0.0082, Reg=0.0000, Con=3.9608
2025-09-14 01:47:21,725 - INFO - Batch 1100/2278: Loss=1.1965, Cls=0.0083, Reg=0.0000, Con=3.9608
2025-09-14 01:47:22,702 - INFO - Batch 1110/2278: Loss=1.1893, Cls=0.0011, Reg=0.0000, Con=3.9608
2025-09-14 01:47:23,612 - INFO - Batch 1120/2278: Loss=1.1882, Cls=0.0000, Reg=0.0000, Con=3.9608
2025-09-14 01:47:24,509 - INFO - Batch 1130/2278: Loss=1.1970, Cls=0.0087, Reg=0.0000, Con=3.9608
2025-09-14 01:47:25,400 - INFO - Batch 1140/2278: Loss=1.7226, Cls=0.5344, Reg=0.0000, Con=3.9608
2025-09-14 01:47:26,377 - INFO - Batch 1150/2278: Loss=1.7395, Cls=0.5512, Reg=0.0000, Con=3.9609
2025-09-14 01:47:27,268 - INFO - Batch 1160/2278: Loss=1.2017, Cls=0.0135, Reg=0.0000, Con=3.9607
2025-09-14 01:47:28,206 - INFO - Batch 1170/2278: Loss=0.0014, Cls=0.0014, Reg=0.0000, Con=0.0000
2025-09-14 01:47:29,137 - INFO - Batch 1180/2278: Loss=1.1939, Cls=0.0056, Reg=0.0000, Con=3.9609
2025-09-14 01:47:30,110 - INFO - Batch 1190/2278: Loss=1.1898, Cls=0.0016, Reg=0.0000, Con=3.9610
2025-09-14 01:47:31,048 - INFO - Batch 1200/2278: Loss=2.3688, Cls=1.1806, Reg=0.0000, Con=3.9609
2025-09-14 01:47:32,093 - INFO - Batch 1210/2278: Loss=1.1890, Cls=0.0007, Reg=0.0000, Con=3.9608
2025-09-14 01:47:33,042 - INFO - Batch 1220/2278: Loss=1.1890, Cls=0.0008, Reg=0.0000, Con=3.9608
2025-09-14 01:47:33,981 - INFO - Batch 1230/2278: Loss=2.2537, Cls=1.0654, Reg=0.0000, Con=3.9609
2025-09-14 01:47:34,900 - INFO - Batch 1240/2278: Loss=1.7128, Cls=0.5246, Reg=0.0000, Con=3.9608
2025-09-14 01:47:35,820 - INFO - Batch 1250/2278: Loss=1.6041, Cls=0.4159, Reg=0.0000, Con=3.9607
2025-09-14 01:47:36,720 - INFO - Batch 1260/2278: Loss=1.1889, Cls=0.0007, Reg=0.0000, Con=3.9607
2025-09-14 01:47:37,624 - INFO - Batch 1270/2278: Loss=1.9304, Cls=0.7422, Reg=0.0000, Con=3.9606
2025-09-14 01:47:38,502 - INFO - Batch 1280/2278: Loss=1.1897, Cls=0.0014, Reg=0.0000, Con=3.9608
2025-09-14 01:47:39,429 - INFO - Batch 1290/2278: Loss=1.1954, Cls=0.0071, Reg=0.0000, Con=3.9608
2025-09-14 01:47:40,407 - INFO - Batch 1300/2278: Loss=1.2022, Cls=0.0139, Reg=0.0000, Con=3.9610
2025-09-14 01:47:41,316 - INFO - Batch 1310/2278: Loss=1.1901, Cls=0.0018, Reg=0.0000, Con=3.9608
2025-09-14 01:47:42,215 - INFO - Batch 1320/2278: Loss=1.2181, Cls=0.0298, Reg=0.0000, Con=3.9609
2025-09-14 01:47:43,184 - INFO - Batch 1330/2278: Loss=1.1883, Cls=0.0000, Reg=0.0000, Con=3.9609
2025-09-14 01:47:44,212 - INFO - Batch 1340/2278: Loss=1.9613, Cls=0.7731, Reg=0.0000, Con=3.9608
2025-09-14 01:47:45,113 - INFO - Batch 1350/2278: Loss=0.0156, Cls=0.0156, Reg=0.0000, Con=0.0000
2025-09-14 01:47:46,019 - INFO - Batch 1360/2278: Loss=1.1953, Cls=0.0071, Reg=0.0000, Con=3.9608
2025-09-14 01:47:46,911 - INFO - Batch 1370/2278: Loss=1.2086, Cls=0.0204, Reg=0.0000, Con=3.9608
2025-09-14 01:47:47,960 - INFO - Batch 1380/2278: Loss=1.2391, Cls=0.0509, Reg=0.0000, Con=3.9609
2025-09-14 01:47:48,946 - INFO - Batch 1390/2278: Loss=1.1969, Cls=0.0086, Reg=0.0000, Con=3.9608
2025-09-14 01:47:49,867 - INFO - Batch 1400/2278: Loss=0.0161, Cls=0.0161, Reg=0.0000, Con=0.0000
2025-09-14 01:47:50,777 - INFO - Batch 1410/2278: Loss=1.1912, Cls=0.0029, Reg=0.0000, Con=3.9608
2025-09-14 01:47:51,681 - INFO - Batch 1420/2278: Loss=0.0023, Cls=0.0023, Reg=0.0000, Con=0.0000
2025-09-14 01:47:52,605 - INFO - Batch 1430/2278: Loss=1.2423, Cls=0.0541, Reg=0.0000, Con=3.9607
2025-09-14 01:47:53,615 - INFO - Batch 1440/2278: Loss=1.1910, Cls=0.0026, Reg=0.0000, Con=3.9611
2025-09-14 01:47:54,686 - INFO - Batch 1450/2278: Loss=2.0123, Cls=0.8240, Reg=0.0000, Con=3.9608
2025-09-14 01:47:55,676 - INFO - Batch 1460/2278: Loss=2.1688, Cls=0.9805, Reg=0.0000, Con=3.9609
2025-09-14 01:47:56,579 - INFO - Batch 1470/2278: Loss=1.2110, Cls=0.0228, Reg=0.0000, Con=3.9608
2025-09-14 01:47:57,467 - INFO - Batch 1480/2278: Loss=1.2522, Cls=0.0639, Reg=0.0000, Con=3.9608
2025-09-14 01:47:58,479 - INFO - Batch 1490/2278: Loss=1.2894, Cls=0.1012, Reg=0.0000, Con=3.9608
2025-09-14 01:47:59,398 - INFO - Batch 1500/2278: Loss=1.1900, Cls=0.0018, Reg=0.0000, Con=3.9607
2025-09-14 01:48:00,280 - INFO - Batch 1510/2278: Loss=1.1939, Cls=0.0056, Reg=0.0000, Con=3.9608
2025-09-14 01:48:01,130 - INFO - Batch 1520/2278: Loss=1.2017, Cls=0.0135, Reg=0.0000, Con=3.9608
2025-09-14 01:48:02,024 - INFO - Batch 1530/2278: Loss=1.2141, Cls=0.0259, Reg=0.0000, Con=3.9608
2025-09-14 01:48:02,904 - INFO - Batch 1540/2278: Loss=0.1716, Cls=0.1716, Reg=0.0000, Con=0.0000
2025-09-14 01:48:03,927 - INFO - Batch 1550/2278: Loss=1.2350, Cls=0.0468, Reg=0.0000, Con=3.9609
2025-09-14 01:48:04,927 - INFO - Batch 1560/2278: Loss=1.3313, Cls=0.1430, Reg=0.0000, Con=3.9608
2025-09-14 01:48:05,831 - INFO - Batch 1570/2278: Loss=2.8170, Cls=1.6287, Reg=0.0000, Con=3.9609
2025-09-14 01:48:06,731 - INFO - Batch 1580/2278: Loss=1.1933, Cls=0.0050, Reg=0.0000, Con=3.9608
2025-09-14 01:48:07,649 - INFO - Batch 1590/2278: Loss=3.7127, Cls=2.5244, Reg=0.0000, Con=3.9608
2025-09-14 01:48:08,637 - INFO - Batch 1600/2278: Loss=1.2531, Cls=0.0648, Reg=0.0000, Con=3.9609
2025-09-14 01:48:09,564 - INFO - Batch 1610/2278: Loss=1.2359, Cls=0.0476, Reg=0.0000, Con=3.9609
2025-09-14 01:48:10,557 - INFO - Batch 1620/2278: Loss=1.2445, Cls=0.0563, Reg=0.0000, Con=3.9609
2025-09-14 01:48:11,436 - INFO - Batch 1630/2278: Loss=1.3593, Cls=0.1712, Reg=0.0000, Con=3.9606
2025-09-14 01:48:12,342 - INFO - Batch 1640/2278: Loss=1.5206, Cls=0.3323, Reg=0.0000, Con=3.9609
2025-09-14 01:48:13,226 - INFO - Batch 1650/2278: Loss=1.2684, Cls=0.0802, Reg=0.0000, Con=3.9608
2025-09-14 01:48:14,125 - INFO - Batch 1660/2278: Loss=1.1905, Cls=0.0023, Reg=0.0000, Con=3.9607
2025-09-14 01:48:15,044 - INFO - Batch 1670/2278: Loss=1.2126, Cls=0.0243, Reg=0.0000, Con=3.9608
2025-09-14 01:48:16,113 - INFO - Batch 1680/2278: Loss=1.1908, Cls=0.0024, Reg=0.0000, Con=3.9612
2025-09-14 01:48:17,081 - INFO - Batch 1690/2278: Loss=0.0341, Cls=0.0341, Reg=0.0000, Con=0.0000
2025-09-14 01:48:18,009 - INFO - Batch 1700/2278: Loss=1.1888, Cls=0.0005, Reg=0.0000, Con=3.9608
2025-09-14 01:48:18,914 - INFO - Batch 1710/2278: Loss=1.1886, Cls=0.0002, Reg=0.0000, Con=3.9612
2025-09-14 01:48:19,804 - INFO - Batch 1720/2278: Loss=1.2309, Cls=0.0426, Reg=0.0000, Con=3.9610
2025-09-14 01:48:20,707 - INFO - Batch 1730/2278: Loss=2.3361, Cls=1.1478, Reg=0.0000, Con=3.9609
2025-09-14 01:48:21,583 - INFO - Batch 1740/2278: Loss=1.1948, Cls=0.0066, Reg=0.0000, Con=3.9609
2025-09-14 01:48:22,549 - INFO - Batch 1750/2278: Loss=1.2243, Cls=0.0360, Reg=0.0000, Con=3.9609
2025-09-14 01:48:23,485 - INFO - Batch 1760/2278: Loss=2.3187, Cls=1.1304, Reg=0.0000, Con=3.9608
2025-09-14 01:48:24,396 - INFO - Batch 1770/2278: Loss=1.3197, Cls=0.1314, Reg=0.0000, Con=3.9610
2025-09-14 01:48:25,300 - INFO - Batch 1780/2278: Loss=1.2456, Cls=0.0574, Reg=0.0000, Con=3.9609
2025-09-14 01:48:26,183 - INFO - Batch 1790/2278: Loss=1.1885, Cls=0.0003, Reg=0.0000, Con=3.9608
2025-09-14 01:48:27,073 - INFO - Batch 1800/2278: Loss=1.2052, Cls=0.0170, Reg=0.0000, Con=3.9609
2025-09-14 01:48:27,931 - INFO - Batch 1810/2278: Loss=1.2278, Cls=0.0395, Reg=0.0000, Con=3.9610
2025-09-14 01:48:28,811 - INFO - Batch 1820/2278: Loss=1.2050, Cls=0.0168, Reg=0.0000, Con=3.9608
2025-09-14 01:48:29,718 - INFO - Batch 1830/2278: Loss=1.2491, Cls=0.0606, Reg=0.0000, Con=3.9615
2025-09-14 01:48:30,622 - INFO - Batch 1840/2278: Loss=1.2078, Cls=0.0195, Reg=0.0000, Con=3.9608
2025-09-14 01:48:31,528 - INFO - Batch 1850/2278: Loss=1.5138, Cls=0.3255, Reg=0.0000, Con=3.9608
2025-09-14 01:48:32,418 - INFO - Batch 1860/2278: Loss=0.1791, Cls=0.1791, Reg=0.0000, Con=0.0000
2025-09-14 01:48:33,319 - INFO - Batch 1870/2278: Loss=0.0806, Cls=0.0806, Reg=0.0000, Con=0.0000
2025-09-14 01:48:34,268 - INFO - Batch 1880/2278: Loss=1.2344, Cls=0.0461, Reg=0.0000, Con=3.9610
2025-09-14 01:48:35,268 - INFO - Batch 1890/2278: Loss=0.1063, Cls=0.1063, Reg=0.0000, Con=0.0000
2025-09-14 01:48:36,186 - INFO - Batch 1900/2278: Loss=1.1883, Cls=0.0001, Reg=0.0000, Con=3.9607
2025-09-14 01:48:37,105 - INFO - Batch 1910/2278: Loss=1.1882, Cls=0.0000, Reg=0.0000, Con=3.9607
2025-09-14 01:48:38,081 - INFO - Batch 1920/2278: Loss=1.2223, Cls=0.0341, Reg=0.0000, Con=3.9609
2025-09-14 01:48:39,023 - INFO - Batch 1930/2278: Loss=2.2678, Cls=1.0795, Reg=0.0000, Con=3.9609
2025-09-14 01:48:39,920 - INFO - Batch 1940/2278: Loss=1.1999, Cls=0.0117, Reg=0.0000, Con=3.9608
2025-09-14 01:48:40,784 - INFO - Batch 1950/2278: Loss=1.1883, Cls=0.0000, Reg=0.0000, Con=3.9609
2025-09-14 01:48:41,779 - INFO - Batch 1960/2278: Loss=1.1995, Cls=0.0112, Reg=0.0000, Con=3.9608
2025-09-14 01:48:42,767 - INFO - Batch 1970/2278: Loss=1.1892, Cls=0.0010, Reg=0.0000, Con=3.9606
2025-09-14 01:48:43,743 - INFO - Batch 1980/2278: Loss=1.2308, Cls=0.0425, Reg=0.0000, Con=3.9608
2025-09-14 01:48:44,719 - INFO - Batch 1990/2278: Loss=0.0015, Cls=0.0015, Reg=0.0000, Con=0.0000
2025-09-14 01:48:45,586 - INFO - Batch 2000/2278: Loss=1.1981, Cls=0.0099, Reg=0.0000, Con=3.9607
2025-09-14 01:48:46,494 - INFO - Batch 2010/2278: Loss=1.1901, Cls=0.0018, Reg=0.0000, Con=3.9608
2025-09-14 01:48:47,388 - INFO - Batch 2020/2278: Loss=2.8844, Cls=1.6962, Reg=0.0000, Con=3.9608
2025-09-14 01:48:48,285 - INFO - Batch 2030/2278: Loss=1.7354, Cls=0.5471, Reg=0.0000, Con=3.9610
2025-09-14 01:48:49,224 - INFO - Batch 2040/2278: Loss=1.1906, Cls=0.0023, Reg=0.0000, Con=3.9608
2025-09-14 01:48:50,124 - INFO - Batch 2050/2278: Loss=1.2161, Cls=0.0278, Reg=0.0000, Con=3.9608
2025-09-14 01:48:51,039 - INFO - Batch 2060/2278: Loss=1.1901, Cls=0.0017, Reg=0.0000, Con=3.9615
2025-09-14 01:48:51,965 - INFO - Batch 2070/2278: Loss=1.7383, Cls=0.5500, Reg=0.0000, Con=3.9608
2025-09-14 01:48:52,926 - INFO - Batch 2080/2278: Loss=1.1975, Cls=0.0093, Reg=0.0000, Con=3.9607
2025-09-14 01:48:53,896 - INFO - Batch 2090/2278: Loss=1.2294, Cls=0.0412, Reg=0.0000, Con=3.9608
2025-09-14 01:48:54,862 - INFO - Batch 2100/2278: Loss=0.1513, Cls=0.1513, Reg=0.0000, Con=0.0000
2025-09-14 01:48:55,844 - INFO - Batch 2110/2278: Loss=3.0479, Cls=1.8596, Reg=0.0000, Con=3.9609
2025-09-14 01:48:56,827 - INFO - Batch 2120/2278: Loss=1.1898, Cls=0.0015, Reg=0.0000, Con=3.9609
2025-09-14 01:48:57,815 - INFO - Batch 2130/2278: Loss=1.2474, Cls=0.0591, Reg=0.0000, Con=3.9609
2025-09-14 01:48:58,764 - INFO - Batch 2140/2278: Loss=0.0064, Cls=0.0064, Reg=0.0000, Con=0.0000
2025-09-14 01:48:59,715 - INFO - Batch 2150/2278: Loss=1.1962, Cls=0.0079, Reg=0.0000, Con=3.9610
2025-09-14 01:49:00,674 - INFO - Batch 2160/2278: Loss=1.9692, Cls=0.7810, Reg=0.0000, Con=3.9607
2025-09-14 01:49:01,601 - INFO - Batch 2170/2278: Loss=1.1894, Cls=0.0012, Reg=0.0000, Con=3.9608
2025-09-14 01:49:02,597 - INFO - Batch 2180/2278: Loss=1.1939, Cls=0.0056, Reg=0.0000, Con=3.9608
2025-09-14 01:49:03,511 - INFO - Batch 2190/2278: Loss=1.2218, Cls=0.0336, Reg=0.0000, Con=3.9609
2025-09-14 01:49:04,511 - INFO - Batch 2200/2278: Loss=1.4466, Cls=0.2584, Reg=0.0000, Con=3.9608
2025-09-14 01:49:05,477 - INFO - Batch 2210/2278: Loss=1.2017, Cls=0.0134, Reg=0.0000, Con=3.9610
2025-09-14 01:49:06,467 - INFO - Batch 2220/2278: Loss=1.1898, Cls=0.0016, Reg=0.0000, Con=3.9605
2025-09-14 01:49:07,481 - INFO - Batch 2230/2278: Loss=0.0447, Cls=0.0447, Reg=0.0000, Con=0.0000
2025-09-14 01:49:08,447 - INFO - Batch 2240/2278: Loss=2.2714, Cls=1.0831, Reg=0.0000, Con=3.9608
2025-09-14 01:49:09,422 - INFO - Batch 2250/2278: Loss=1.9615, Cls=0.7732, Reg=0.0000, Con=3.9608
2025-09-14 01:49:10,427 - INFO - Batch 2260/2278: Loss=1.3709, Cls=0.1826, Reg=0.0000, Con=3.9609
2025-09-14 01:49:11,390 - INFO - Batch 2270/2278: Loss=1.1972, Cls=0.0090, Reg=0.0000, Con=3.9606
2025-09-14 01:52:41,393 - INFO - === Epoch 2 Results ===
2025-09-14 01:52:41,393 - INFO - Training Loss: 1.2048 (Classification: 0.2419, Regression: 0.0000)
2025-09-14 01:52:41,393 - INFO - Validation Loss: 0.1243 (Classification: 0.1243, Regression: 0.0000)
2025-09-14 01:52:41,393 - INFO - Average Classification Accuracy: 0.8877 (on 1/26 tasks)
2025-09-14 01:52:41,393 - INFO - Average AUC: 0.9435
2025-09-14 01:52:44,204 - INFO - Best model saved to: experiments/r1c3_headft_cls_9_seed_42_20250914_013838/checkpoints/r1c3_headft_cls_9_seed_42_best.pth
2025-09-14 01:52:44,204 - INFO - 
Epoch 3/3
2025-09-14 01:52:44,344 - INFO - Batch 0/2278: Loss=1.1948, Cls=0.0066, Reg=0.0000, Con=3.9608
2025-09-14 01:52:45,252 - INFO - Batch 10/2278: Loss=1.1893, Cls=0.0011, Reg=0.0000, Con=3.9610
2025-09-14 01:52:46,184 - INFO - Batch 20/2278: Loss=1.6731, Cls=0.4849, Reg=0.0000, Con=3.9608
2025-09-14 01:52:47,229 - INFO - Batch 30/2278: Loss=0.0727, Cls=0.0727, Reg=0.0000, Con=0.0000
2025-09-14 01:52:48,116 - INFO - Batch 40/2278: Loss=1.1882, Cls=0.0000, Reg=0.0000, Con=3.9608
2025-09-14 01:52:49,023 - INFO - Batch 50/2278: Loss=1.1883, Cls=0.0001, Reg=0.0000, Con=3.9609
2025-09-14 01:52:49,921 - INFO - Batch 60/2278: Loss=2.1565, Cls=0.9683, Reg=0.0000, Con=3.9607
2025-09-14 01:52:50,849 - INFO - Batch 70/2278: Loss=1.1886, Cls=0.0004, Reg=0.0000, Con=3.9608
2025-09-14 01:52:51,754 - INFO - Batch 80/2278: Loss=1.1033, Cls=1.1033, Reg=0.0000, Con=0.0000
2025-09-14 01:52:52,653 - INFO - Batch 90/2278: Loss=1.2236, Cls=0.0353, Reg=0.0000, Con=3.9609
2025-09-14 01:52:53,579 - INFO - Batch 100/2278: Loss=1.2136, Cls=0.0254, Reg=0.0000, Con=3.9607
2025-09-14 01:52:54,554 - INFO - Batch 110/2278: Loss=1.1892, Cls=0.0007, Reg=0.0000, Con=3.9618
2025-09-14 01:52:55,456 - INFO - Batch 120/2278: Loss=1.5330, Cls=0.3448, Reg=0.0000, Con=3.9609
2025-09-14 01:52:56,361 - INFO - Batch 130/2278: Loss=1.1977, Cls=0.0095, Reg=0.0000, Con=3.9607
2025-09-14 01:52:57,361 - INFO - Batch 140/2278: Loss=0.0002, Cls=0.0002, Reg=0.0000, Con=0.0000
2025-09-14 01:52:58,329 - INFO - Batch 150/2278: Loss=1.2001, Cls=0.0119, Reg=0.0000, Con=3.9608
2025-09-14 01:52:59,252 - INFO - Batch 160/2278: Loss=0.1086, Cls=0.1086, Reg=0.0000, Con=0.0000
2025-09-14 01:53:00,154 - INFO - Batch 170/2278: Loss=2.5577, Cls=1.3695, Reg=0.0000, Con=3.9609
2025-09-14 01:53:01,060 - INFO - Batch 180/2278: Loss=1.9711, Cls=0.7827, Reg=0.0000, Con=3.9611
2025-09-14 01:53:01,982 - INFO - Batch 190/2278: Loss=1.1995, Cls=0.0113, Reg=0.0000, Con=3.9607
2025-09-14 01:53:02,867 - INFO - Batch 200/2278: Loss=1.1962, Cls=0.0080, Reg=0.0000, Con=3.9608
2025-09-14 01:53:03,763 - INFO - Batch 210/2278: Loss=1.8265, Cls=0.6382, Reg=0.0000, Con=3.9610
2025-09-14 01:53:04,659 - INFO - Batch 220/2278: Loss=1.5103, Cls=0.3220, Reg=0.0000, Con=3.9608
2025-09-14 01:53:05,601 - INFO - Batch 230/2278: Loss=1.1908, Cls=0.0025, Reg=0.0000, Con=3.9610
2025-09-14 01:53:06,577 - INFO - Batch 240/2278: Loss=1.8524, Cls=0.6642, Reg=0.0000, Con=3.9607
2025-09-14 01:53:07,470 - INFO - Batch 250/2278: Loss=1.2283, Cls=0.0400, Reg=0.0000, Con=3.9609
2025-09-14 01:53:08,331 - INFO - Batch 260/2278: Loss=1.1885, Cls=0.0002, Reg=0.0000, Con=3.9608
2025-09-14 01:53:09,313 - INFO - Batch 270/2278: Loss=1.1882, Cls=0.0000, Reg=0.0000, Con=3.9607
2025-09-14 01:53:10,229 - INFO - Batch 280/2278: Loss=1.1894, Cls=0.0012, Reg=0.0000, Con=3.9608
2025-09-14 01:53:11,134 - INFO - Batch 290/2278: Loss=1.2470, Cls=0.0587, Reg=0.0000, Con=3.9608
2025-09-14 01:53:12,003 - INFO - Batch 300/2278: Loss=1.1893, Cls=0.0011, Reg=0.0000, Con=3.9607
2025-09-14 01:53:12,986 - INFO - Batch 310/2278: Loss=1.1903, Cls=0.0020, Reg=0.0000, Con=3.9610
2025-09-14 01:53:13,995 - INFO - Batch 320/2278: Loss=1.3943, Cls=0.2060, Reg=0.0000, Con=3.9612
2025-09-14 01:53:14,865 - INFO - Batch 330/2278: Loss=1.2099, Cls=0.0217, Reg=0.0000, Con=3.9607
2025-09-14 01:53:15,881 - INFO - Batch 340/2278: Loss=0.9885, Cls=0.9885, Reg=0.0000, Con=0.0000
2025-09-14 01:53:16,951 - INFO - Batch 350/2278: Loss=1.1928, Cls=0.0044, Reg=0.0000, Con=3.9612
2025-09-14 01:53:17,869 - INFO - Batch 360/2278: Loss=1.2280, Cls=0.0396, Reg=0.0000, Con=3.9611
2025-09-14 01:53:18,763 - INFO - Batch 370/2278: Loss=2.0826, Cls=0.8944, Reg=0.0000, Con=3.9608
2025-09-14 01:53:19,714 - INFO - Batch 380/2278: Loss=1.1905, Cls=0.0023, Reg=0.0000, Con=3.9608
2025-09-14 01:53:20,696 - INFO - Batch 390/2278: Loss=1.1883, Cls=0.0000, Reg=0.0000, Con=3.9609
2025-09-14 01:53:21,768 - INFO - Batch 400/2278: Loss=0.0010, Cls=0.0010, Reg=0.0000, Con=0.0000
2025-09-14 01:53:22,702 - INFO - Batch 410/2278: Loss=1.1914, Cls=0.0031, Reg=0.0000, Con=3.9609
2025-09-14 01:53:23,598 - INFO - Batch 420/2278: Loss=2.3664, Cls=1.1781, Reg=0.0000, Con=3.9609
2025-09-14 01:53:24,524 - INFO - Batch 430/2278: Loss=1.1971, Cls=0.0087, Reg=0.0000, Con=3.9614
2025-09-14 01:53:25,443 - INFO - Batch 440/2278: Loss=2.2566, Cls=1.0684, Reg=0.0000, Con=3.9608
2025-09-14 01:53:26,360 - INFO - Batch 450/2278: Loss=1.2266, Cls=0.0384, Reg=0.0000, Con=3.9608
2025-09-14 01:53:27,252 - INFO - Batch 460/2278: Loss=0.0006, Cls=0.0006, Reg=0.0000, Con=0.0000
2025-09-14 01:53:28,171 - INFO - Batch 470/2278: Loss=0.0253, Cls=0.0253, Reg=0.0000, Con=0.0000
2025-09-14 01:53:29,075 - INFO - Batch 480/2278: Loss=1.2251, Cls=0.0369, Reg=0.0000, Con=3.9609
2025-09-14 01:53:30,119 - INFO - Batch 490/2278: Loss=0.0009, Cls=0.0009, Reg=0.0000, Con=0.0000
2025-09-14 01:53:31,009 - INFO - Batch 500/2278: Loss=1.6493, Cls=0.4614, Reg=0.0000, Con=3.9597
2025-09-14 01:53:32,012 - INFO - Batch 510/2278: Loss=2.8422, Cls=1.6540, Reg=0.0000, Con=3.9608
2025-09-14 01:53:32,930 - INFO - Batch 520/2278: Loss=0.0040, Cls=0.0040, Reg=0.0000, Con=0.0000
2025-09-14 01:53:33,914 - INFO - Batch 530/2278: Loss=1.2208, Cls=0.0326, Reg=0.0000, Con=3.9608
2025-09-14 01:53:34,924 - INFO - Batch 540/2278: Loss=1.1965, Cls=0.0082, Reg=0.0000, Con=3.9609
2025-09-14 01:53:35,840 - INFO - Batch 550/2278: Loss=1.1885, Cls=0.0003, Reg=0.0000, Con=3.9607
2025-09-14 01:53:36,787 - INFO - Batch 560/2278: Loss=1.1887, Cls=0.0005, Reg=0.0000, Con=3.9608
2025-09-14 01:53:37,798 - INFO - Batch 570/2278: Loss=1.1883, Cls=0.0001, Reg=0.0000, Con=3.9608
2025-09-14 01:53:38,773 - INFO - Batch 580/2278: Loss=0.0047, Cls=0.0047, Reg=0.0000, Con=0.0000
2025-09-14 01:53:39,676 - INFO - Batch 590/2278: Loss=1.7570, Cls=0.5688, Reg=0.0000, Con=3.9608
2025-09-14 01:53:40,672 - INFO - Batch 600/2278: Loss=1.7527, Cls=1.7527, Reg=0.0000, Con=0.0000
2025-09-14 01:53:41,569 - INFO - Batch 610/2278: Loss=0.0000, Cls=0.0000, Reg=0.0000, Con=0.0000
2025-09-14 01:53:42,514 - INFO - Batch 620/2278: Loss=1.1943, Cls=0.0061, Reg=0.0000, Con=3.9608
2025-09-14 01:53:43,526 - INFO - Batch 630/2278: Loss=1.1942, Cls=0.0060, Reg=0.0000, Con=3.9609
2025-09-14 01:53:44,534 - INFO - Batch 640/2278: Loss=1.3145, Cls=0.1263, Reg=0.0000, Con=3.9607
2025-09-14 01:53:45,507 - INFO - Batch 650/2278: Loss=1.1887, Cls=0.0004, Reg=0.0000, Con=3.9608
2025-09-14 01:53:46,453 - INFO - Batch 660/2278: Loss=1.2030, Cls=0.0147, Reg=0.0000, Con=3.9609
2025-09-14 01:53:47,387 - INFO - Batch 670/2278: Loss=1.1883, Cls=0.0000, Reg=0.0000, Con=3.9609
2025-09-14 01:53:48,359 - INFO - Batch 680/2278: Loss=1.1887, Cls=0.0005, Reg=0.0000, Con=3.9608
2025-09-14 01:53:49,252 - INFO - Batch 690/2278: Loss=1.1907, Cls=0.0024, Reg=0.0000, Con=3.9609
2025-09-14 01:53:50,228 - INFO - Batch 700/2278: Loss=1.1888, Cls=0.0005, Reg=0.0000, Con=3.9609
2025-09-14 01:53:51,146 - INFO - Batch 710/2278: Loss=2.2105, Cls=1.0222, Reg=0.0000, Con=3.9610
2025-09-14 01:53:52,172 - INFO - Batch 720/2278: Loss=1.1903, Cls=0.0020, Reg=0.0000, Con=3.9610
2025-09-14 01:53:53,191 - INFO - Batch 730/2278: Loss=2.1977, Cls=1.0094, Reg=0.0000, Con=3.9608
2025-09-14 01:53:54,215 - INFO - Batch 740/2278: Loss=1.1899, Cls=0.0017, Reg=0.0000, Con=3.9606
2025-09-14 01:53:55,116 - INFO - Batch 750/2278: Loss=1.1890, Cls=0.0008, Reg=0.0000, Con=3.9606
2025-09-14 01:53:55,992 - INFO - Batch 760/2278: Loss=1.1888, Cls=0.0005, Reg=0.0000, Con=3.9611
2025-09-14 01:53:56,978 - INFO - Batch 770/2278: Loss=1.1886, Cls=0.0003, Reg=0.0000, Con=3.9611
2025-09-14 01:53:57,970 - INFO - Batch 780/2278: Loss=1.7127, Cls=1.7127, Reg=0.0000, Con=0.0000
2025-09-14 01:53:58,868 - INFO - Batch 790/2278: Loss=1.8862, Cls=0.6979, Reg=0.0000, Con=3.9609
2025-09-14 01:53:59,835 - INFO - Batch 800/2278: Loss=1.1883, Cls=0.0000, Reg=0.0000, Con=3.9610
2025-09-14 01:54:00,748 - INFO - Batch 810/2278: Loss=0.3729, Cls=0.3729, Reg=0.0000, Con=0.0000
2025-09-14 01:54:01,744 - INFO - Batch 820/2278: Loss=1.1899, Cls=0.0017, Reg=0.0000, Con=3.9608
2025-09-14 01:54:02,845 - INFO - Batch 830/2278: Loss=1.1917, Cls=0.0035, Reg=0.0000, Con=3.9608
2025-09-14 01:54:03,878 - INFO - Batch 840/2278: Loss=0.0405, Cls=0.0405, Reg=0.0000, Con=0.0000
2025-09-14 01:54:04,806 - INFO - Batch 850/2278: Loss=1.3356, Cls=0.1474, Reg=0.0000, Con=3.9608
2025-09-14 01:54:05,699 - INFO - Batch 860/2278: Loss=1.1888, Cls=0.0004, Reg=0.0000, Con=3.9611
2025-09-14 01:54:06,600 - INFO - Batch 870/2278: Loss=1.1885, Cls=0.0003, Reg=0.0000, Con=3.9609
2025-09-14 01:54:07,496 - INFO - Batch 880/2278: Loss=0.5060, Cls=0.5060, Reg=0.0000, Con=0.0000
2025-09-14 01:54:08,400 - INFO - Batch 890/2278: Loss=1.3086, Cls=0.1204, Reg=0.0000, Con=3.9609
2025-09-14 01:54:09,333 - INFO - Batch 900/2278: Loss=0.0012, Cls=0.0012, Reg=0.0000, Con=0.0000
2025-09-14 01:54:10,207 - INFO - Batch 910/2278: Loss=1.2443, Cls=0.0561, Reg=0.0000, Con=3.9608
2025-09-14 01:54:11,201 - INFO - Batch 920/2278: Loss=1.2473, Cls=0.0591, Reg=0.0000, Con=3.9608
2025-09-14 01:54:12,245 - INFO - Batch 930/2278: Loss=0.0141, Cls=0.0141, Reg=0.0000, Con=0.0000
2025-09-14 01:54:13,270 - INFO - Batch 940/2278: Loss=2.8359, Cls=1.6475, Reg=0.0000, Con=3.9613
2025-09-14 01:54:14,211 - INFO - Batch 950/2278: Loss=2.3690, Cls=1.1808, Reg=0.0000, Con=3.9608
2025-09-14 01:54:15,117 - INFO - Batch 960/2278: Loss=1.1957, Cls=0.0075, Reg=0.0000, Con=3.9608
2025-09-14 01:54:16,039 - INFO - Batch 970/2278: Loss=1.4215, Cls=0.2333, Reg=0.0000, Con=3.9608
2025-09-14 01:54:16,916 - INFO - Batch 980/2278: Loss=1.1883, Cls=0.0000, Reg=0.0000, Con=3.9609
2025-09-14 01:54:17,810 - INFO - Batch 990/2278: Loss=1.1951, Cls=0.0069, Reg=0.0000, Con=3.9609
2025-09-14 01:54:18,684 - INFO - Batch 1000/2278: Loss=1.1974, Cls=0.0091, Reg=0.0000, Con=3.9608
2025-09-14 01:54:19,606 - INFO - Batch 1010/2278: Loss=1.9721, Cls=0.7839, Reg=0.0000, Con=3.9608
2025-09-14 01:54:20,481 - INFO - Batch 1020/2278: Loss=1.1888, Cls=0.0006, Reg=0.0000, Con=3.9608
2025-09-14 01:54:21,538 - INFO - Batch 1030/2278: Loss=1.2551, Cls=0.0668, Reg=0.0000, Con=3.9608
2025-09-14 01:54:22,587 - INFO - Batch 1040/2278: Loss=1.2106, Cls=0.0223, Reg=0.0000, Con=3.9610
2025-09-14 01:54:23,497 - INFO - Batch 1050/2278: Loss=0.0065, Cls=0.0065, Reg=0.0000, Con=0.0000
2025-09-14 01:54:24,400 - INFO - Batch 1060/2278: Loss=1.2052, Cls=0.0169, Reg=0.0000, Con=3.9611
2025-09-14 01:54:25,410 - INFO - Batch 1070/2278: Loss=1.3009, Cls=0.1126, Reg=0.0000, Con=3.9609
2025-09-14 01:54:26,448 - INFO - Batch 1080/2278: Loss=0.0011, Cls=0.0011, Reg=0.0000, Con=0.0000
2025-09-14 01:54:27,380 - INFO - Batch 1090/2278: Loss=1.2687, Cls=0.0804, Reg=0.0000, Con=3.9611
2025-09-14 01:54:28,340 - INFO - Batch 1100/2278: Loss=1.8727, Cls=0.6844, Reg=0.0000, Con=3.9611
2025-09-14 01:54:29,234 - INFO - Batch 1110/2278: Loss=0.0081, Cls=0.0081, Reg=0.0000, Con=0.0000
2025-09-14 01:54:30,186 - INFO - Batch 1120/2278: Loss=0.0001, Cls=0.0001, Reg=0.0000, Con=0.0000
2025-09-14 01:54:31,204 - INFO - Batch 1130/2278: Loss=0.6113, Cls=0.6113, Reg=0.0000, Con=0.0000
2025-09-14 01:54:32,280 - INFO - Batch 1140/2278: Loss=1.2218, Cls=0.0336, Reg=0.0000, Con=3.9609
2025-09-14 01:54:33,257 - INFO - Batch 1150/2278: Loss=1.8007, Cls=0.6125, Reg=0.0000, Con=3.9606
2025-09-14 01:54:34,199 - INFO - Batch 1160/2278: Loss=0.0027, Cls=0.0027, Reg=0.0000, Con=0.0000
2025-09-14 01:54:35,087 - INFO - Batch 1170/2278: Loss=1.1889, Cls=0.0007, Reg=0.0000, Con=3.9608
2025-09-14 01:54:36,133 - INFO - Batch 1180/2278: Loss=1.3788, Cls=0.1904, Reg=0.0000, Con=3.9613
2025-09-14 01:54:37,212 - INFO - Batch 1190/2278: Loss=2.0272, Cls=0.8389, Reg=0.0000, Con=3.9609
2025-09-14 01:54:38,158 - INFO - Batch 1200/2278: Loss=1.7975, Cls=0.6091, Reg=0.0000, Con=3.9611
2025-09-14 01:54:39,083 - INFO - Batch 1210/2278: Loss=1.5775, Cls=0.3892, Reg=0.0000, Con=3.9610
2025-09-14 01:54:39,986 - INFO - Batch 1220/2278: Loss=2.0322, Cls=0.8439, Reg=0.0000, Con=3.9609
2025-09-14 01:54:40,906 - INFO - Batch 1230/2278: Loss=1.2476, Cls=0.0594, Reg=0.0000, Con=3.9608
2025-09-14 01:54:41,904 - INFO - Batch 1240/2278: Loss=1.1933, Cls=0.0050, Reg=0.0000, Con=3.9608
2025-09-14 01:54:42,859 - INFO - Batch 1250/2278: Loss=1.1911, Cls=0.0029, Reg=0.0000, Con=3.9608
2025-09-14 01:54:43,766 - INFO - Batch 1260/2278: Loss=1.2284, Cls=0.0402, Reg=0.0000, Con=3.9608
2025-09-14 01:54:44,716 - INFO - Batch 1270/2278: Loss=1.2795, Cls=0.0912, Reg=0.0000, Con=3.9610
2025-09-14 01:54:45,684 - INFO - Batch 1280/2278: Loss=1.1905, Cls=0.0023, Reg=0.0000, Con=3.9607
2025-09-14 01:54:46,693 - INFO - Batch 1290/2278: Loss=1.1912, Cls=0.0029, Reg=0.0000, Con=3.9608
2025-09-14 01:54:47,584 - INFO - Batch 1300/2278: Loss=0.0064, Cls=0.0064, Reg=0.0000, Con=0.0000
2025-09-14 01:54:48,480 - INFO - Batch 1310/2278: Loss=2.6603, Cls=1.4720, Reg=0.0000, Con=3.9608
2025-09-14 01:54:49,437 - INFO - Batch 1320/2278: Loss=1.1902, Cls=0.0019, Reg=0.0000, Con=3.9610
2025-09-14 01:54:50,364 - INFO - Batch 1330/2278: Loss=1.1917, Cls=0.0034, Reg=0.0000, Con=3.9610
2025-09-14 01:54:51,323 - INFO - Batch 1340/2278: Loss=1.1920, Cls=0.0037, Reg=0.0000, Con=3.9608
2025-09-14 01:54:52,276 - INFO - Batch 1350/2278: Loss=1.1910, Cls=0.0028, Reg=0.0000, Con=3.9608
2025-09-14 01:54:53,252 - INFO - Batch 1360/2278: Loss=1.1980, Cls=0.0096, Reg=0.0000, Con=3.9612
2025-09-14 01:54:54,356 - INFO - Batch 1370/2278: Loss=1.2903, Cls=0.1019, Reg=0.0000, Con=3.9610
2025-09-14 01:54:55,350 - INFO - Batch 1380/2278: Loss=1.6011, Cls=0.4128, Reg=0.0000, Con=3.9608
2025-09-14 01:54:56,409 - INFO - Batch 1390/2278: Loss=1.1898, Cls=0.0015, Reg=0.0000, Con=3.9609
2025-09-14 01:54:57,377 - INFO - Batch 1400/2278: Loss=1.1910, Cls=0.0027, Reg=0.0000, Con=3.9611
2025-09-14 01:54:58,387 - INFO - Batch 1410/2278: Loss=0.2886, Cls=0.2886, Reg=0.0000, Con=0.0000
2025-09-14 01:54:59,299 - INFO - Batch 1420/2278: Loss=1.2907, Cls=0.1024, Reg=0.0000, Con=3.9610
2025-09-14 01:55:00,380 - INFO - Batch 1430/2278: Loss=1.9439, Cls=0.7556, Reg=0.0000, Con=3.9608
2025-09-14 01:55:01,386 - INFO - Batch 1440/2278: Loss=1.1882, Cls=0.0000, Reg=0.0000, Con=3.9606
2025-09-14 01:55:02,362 - INFO - Batch 1450/2278: Loss=1.2010, Cls=0.0127, Reg=0.0000, Con=3.9609
2025-09-14 01:55:03,344 - INFO - Batch 1460/2278: Loss=0.0006, Cls=0.0006, Reg=0.0000, Con=0.0000
2025-09-14 01:55:04,315 - INFO - Batch 1470/2278: Loss=1.1908, Cls=0.0026, Reg=0.0000, Con=3.9607
2025-09-14 01:55:05,307 - INFO - Batch 1480/2278: Loss=1.1888, Cls=0.0006, Reg=0.0000, Con=3.9608
2025-09-14 01:55:06,213 - INFO - Batch 1490/2278: Loss=1.8828, Cls=0.6945, Reg=0.0000, Con=3.9609
2025-09-14 01:55:07,129 - INFO - Batch 1500/2278: Loss=1.4898, Cls=0.3015, Reg=0.0000, Con=3.9609
2025-09-14 01:55:08,156 - INFO - Batch 1510/2278: Loss=1.2014, Cls=0.0131, Reg=0.0000, Con=3.9608
2025-09-14 01:55:09,036 - INFO - Batch 1520/2278: Loss=1.3180, Cls=0.1298, Reg=0.0000, Con=3.9608
2025-09-14 01:55:09,931 - INFO - Batch 1530/2278: Loss=1.1883, Cls=0.0000, Reg=0.0000, Con=3.9608
2025-09-14 01:55:10,858 - INFO - Batch 1540/2278: Loss=4.3916, Cls=3.2033, Reg=0.0000, Con=3.9610
2025-09-14 01:55:11,767 - INFO - Batch 1550/2278: Loss=1.5291, Cls=0.3409, Reg=0.0000, Con=3.9609
2025-09-14 01:55:12,780 - INFO - Batch 1560/2278: Loss=1.7066, Cls=0.5184, Reg=0.0000, Con=3.9608
2025-09-14 01:55:13,661 - INFO - Batch 1570/2278: Loss=1.2393, Cls=0.0511, Reg=0.0000, Con=3.9608
2025-09-14 01:55:14,548 - INFO - Batch 1580/2278: Loss=1.1919, Cls=0.0037, Reg=0.0000, Con=3.9608
2025-09-14 01:55:15,583 - INFO - Batch 1590/2278: Loss=1.2072, Cls=0.0189, Reg=0.0000, Con=3.9609
2025-09-14 01:55:16,527 - INFO - Batch 1600/2278: Loss=1.1894, Cls=0.0012, Reg=0.0000, Con=3.9608
2025-09-14 01:55:17,426 - INFO - Batch 1610/2278: Loss=0.0151, Cls=0.0151, Reg=0.0000, Con=0.0000
2025-09-14 01:55:18,354 - INFO - Batch 1620/2278: Loss=1.2136, Cls=0.0254, Reg=0.0000, Con=3.9608
2025-09-14 01:55:19,247 - INFO - Batch 1630/2278: Loss=1.1885, Cls=0.0002, Reg=0.0000, Con=3.9610
2025-09-14 01:55:20,130 - INFO - Batch 1640/2278: Loss=0.0099, Cls=0.0099, Reg=0.0000, Con=0.0000
2025-09-14 01:55:21,080 - INFO - Batch 1650/2278: Loss=1.9004, Cls=0.7122, Reg=0.0000, Con=3.9609
2025-09-14 01:55:22,068 - INFO - Batch 1660/2278: Loss=1.1919, Cls=0.0036, Reg=0.0000, Con=3.9611
2025-09-14 01:55:22,989 - INFO - Batch 1670/2278: Loss=1.1890, Cls=0.0007, Reg=0.0000, Con=3.9609
2025-09-14 01:55:23,950 - INFO - Batch 1680/2278: Loss=1.1882, Cls=0.0000, Reg=0.0000, Con=3.9607
2025-09-14 01:55:24,984 - INFO - Batch 1690/2278: Loss=1.1969, Cls=0.0085, Reg=0.0000, Con=3.9610
2025-09-14 01:55:25,938 - INFO - Batch 1700/2278: Loss=1.2347, Cls=0.0465, Reg=0.0000, Con=3.9608
2025-09-14 01:55:26,827 - INFO - Batch 1710/2278: Loss=0.1599, Cls=0.1599, Reg=0.0000, Con=0.0000
2025-09-14 01:55:27,736 - INFO - Batch 1720/2278: Loss=0.0003, Cls=0.0003, Reg=0.0000, Con=0.0000
2025-09-14 01:55:28,632 - INFO - Batch 1730/2278: Loss=1.1982, Cls=0.0099, Reg=0.0000, Con=3.9608
2025-09-14 01:55:29,528 - INFO - Batch 1740/2278: Loss=1.2062, Cls=0.0179, Reg=0.0000, Con=3.9609
2025-09-14 01:55:30,421 - INFO - Batch 1750/2278: Loss=0.0007, Cls=0.0007, Reg=0.0000, Con=0.0000
2025-09-14 01:55:31,326 - INFO - Batch 1760/2278: Loss=1.2461, Cls=0.0578, Reg=0.0000, Con=3.9610
2025-09-14 01:55:32,253 - INFO - Batch 1770/2278: Loss=0.0002, Cls=0.0002, Reg=0.0000, Con=0.0000
2025-09-14 01:55:33,164 - INFO - Batch 1780/2278: Loss=0.0034, Cls=0.0034, Reg=0.0000, Con=0.0000
2025-09-14 01:55:34,093 - INFO - Batch 1790/2278: Loss=0.0319, Cls=0.0319, Reg=0.0000, Con=0.0000
2025-09-14 01:55:35,096 - INFO - Batch 1800/2278: Loss=1.2009, Cls=0.0126, Reg=0.0000, Con=3.9607
2025-09-14 01:55:36,094 - INFO - Batch 1810/2278: Loss=0.0242, Cls=0.0242, Reg=0.0000, Con=0.0000
2025-09-14 01:55:37,000 - INFO - Batch 1820/2278: Loss=0.0001, Cls=0.0001, Reg=0.0000, Con=0.0000
2025-09-14 01:55:38,013 - INFO - Batch 1830/2278: Loss=1.1892, Cls=0.0010, Reg=0.0000, Con=3.9608
2025-09-14 01:55:39,009 - INFO - Batch 1840/2278: Loss=1.3564, Cls=0.1681, Reg=0.0000, Con=3.9610
2025-09-14 01:55:39,967 - INFO - Batch 1850/2278: Loss=1.1913, Cls=0.0030, Reg=0.0000, Con=3.9609
2025-09-14 01:55:40,989 - INFO - Batch 1860/2278: Loss=1.1884, Cls=0.0002, Reg=0.0000, Con=3.9607
2025-09-14 01:55:41,962 - INFO - Batch 1870/2278: Loss=0.0091, Cls=0.0091, Reg=0.0000, Con=0.0000
2025-09-14 01:55:42,970 - INFO - Batch 1880/2278: Loss=1.1957, Cls=0.0075, Reg=0.0000, Con=3.9608
2025-09-14 01:55:43,922 - INFO - Batch 1890/2278: Loss=1.2533, Cls=0.0650, Reg=0.0000, Con=3.9607
2025-09-14 01:55:44,874 - INFO - Batch 1900/2278: Loss=0.0029, Cls=0.0029, Reg=0.0000, Con=0.0000
2025-09-14 01:55:45,831 - INFO - Batch 1910/2278: Loss=1.2061, Cls=0.0178, Reg=0.0000, Con=3.9609
2025-09-14 01:55:46,718 - INFO - Batch 1920/2278: Loss=0.6344, Cls=0.6344, Reg=0.0000, Con=0.0000
2025-09-14 01:55:47,704 - INFO - Batch 1930/2278: Loss=1.2024, Cls=0.0141, Reg=0.0000, Con=3.9609
2025-09-14 01:55:48,686 - INFO - Batch 1940/2278: Loss=1.2071, Cls=0.0189, Reg=0.0000, Con=3.9607
2025-09-14 01:55:49,686 - INFO - Batch 1950/2278: Loss=4.5363, Cls=3.3480, Reg=0.0000, Con=3.9609
2025-09-14 01:55:50,701 - INFO - Batch 1960/2278: Loss=1.1885, Cls=0.0002, Reg=0.0000, Con=3.9610
2025-09-14 01:55:51,628 - INFO - Batch 1970/2278: Loss=1.4013, Cls=1.4013, Reg=0.0000, Con=0.0000
2025-09-14 01:55:52,643 - INFO - Batch 1980/2278: Loss=1.1900, Cls=0.0018, Reg=0.0000, Con=3.9610
2025-09-14 01:55:53,542 - INFO - Batch 1990/2278: Loss=1.1882, Cls=0.0000, Reg=0.0000, Con=3.9608
2025-09-14 01:55:54,441 - INFO - Batch 2000/2278: Loss=1.1928, Cls=0.0045, Reg=0.0000, Con=3.9610
2025-09-14 01:55:55,325 - INFO - Batch 2010/2278: Loss=1.2762, Cls=0.0880, Reg=0.0000, Con=3.9608
2025-09-14 01:55:56,295 - INFO - Batch 2020/2278: Loss=1.2023, Cls=0.0140, Reg=0.0000, Con=3.9608
2025-09-14 01:55:57,272 - INFO - Batch 2030/2278: Loss=1.2308, Cls=0.0425, Reg=0.0000, Con=3.9608
2025-09-14 01:55:58,264 - INFO - Batch 2040/2278: Loss=1.1911, Cls=0.0028, Reg=0.0000, Con=3.9610
2025-09-14 01:55:59,242 - INFO - Batch 2050/2278: Loss=1.2596, Cls=0.0714, Reg=0.0000, Con=3.9608
2025-09-14 01:56:00,189 - INFO - Batch 2060/2278: Loss=1.3613, Cls=0.1730, Reg=0.0000, Con=3.9609
2025-09-14 01:56:01,180 - INFO - Batch 2070/2278: Loss=1.1907, Cls=0.0024, Reg=0.0000, Con=3.9608
2025-09-14 01:56:02,159 - INFO - Batch 2080/2278: Loss=1.2440, Cls=0.0556, Reg=0.0000, Con=3.9613
2025-09-14 01:56:03,116 - INFO - Batch 2090/2278: Loss=1.2056, Cls=0.0174, Reg=0.0000, Con=3.9607
2025-09-14 01:56:04,082 - INFO - Batch 2100/2278: Loss=1.2297, Cls=0.0411, Reg=0.0000, Con=3.9619
2025-09-14 01:56:05,071 - INFO - Batch 2110/2278: Loss=1.1913, Cls=0.0030, Reg=0.0000, Con=3.9608
2025-09-14 01:56:06,034 - INFO - Batch 2120/2278: Loss=1.5149, Cls=0.3266, Reg=0.0000, Con=3.9609
2025-09-14 01:56:07,031 - INFO - Batch 2130/2278: Loss=1.1894, Cls=0.0012, Reg=0.0000, Con=3.9606
2025-09-14 01:56:08,038 - INFO - Batch 2140/2278: Loss=0.0000, Cls=0.0000, Reg=0.0000, Con=0.0000
2025-09-14 01:56:08,985 - INFO - Batch 2150/2278: Loss=1.1905, Cls=0.0022, Reg=0.0000, Con=3.9608
2025-09-14 01:56:09,930 - INFO - Batch 2160/2278: Loss=1.1888, Cls=0.0005, Reg=0.0000, Con=3.9609
2025-09-14 01:56:10,907 - INFO - Batch 2170/2278: Loss=1.1889, Cls=0.0007, Reg=0.0000, Con=3.9608
2025-09-14 01:56:11,867 - INFO - Batch 2180/2278: Loss=1.6448, Cls=1.6448, Reg=0.0000, Con=0.0000
2025-09-14 01:56:12,795 - INFO - Batch 2190/2278: Loss=1.1906, Cls=0.0023, Reg=0.0000, Con=3.9609
2025-09-14 01:56:13,790 - INFO - Batch 2200/2278: Loss=1.1897, Cls=0.0014, Reg=0.0000, Con=3.9608
2025-09-14 01:56:14,740 - INFO - Batch 2210/2278: Loss=1.4422, Cls=0.2539, Reg=0.0000, Con=3.9608
2025-09-14 01:56:15,765 - INFO - Batch 2220/2278: Loss=0.8366, Cls=0.8366, Reg=0.0000, Con=0.0000
2025-09-14 01:56:16,729 - INFO - Batch 2230/2278: Loss=1.2062, Cls=0.0180, Reg=0.0000, Con=3.9608
2025-09-14 01:56:17,630 - INFO - Batch 2240/2278: Loss=1.1926, Cls=0.0041, Reg=0.0000, Con=3.9617
2025-09-14 01:56:18,642 - INFO - Batch 2250/2278: Loss=1.1888, Cls=0.0006, Reg=0.0000, Con=3.9608
2025-09-14 01:56:19,609 - INFO - Batch 2260/2278: Loss=1.7583, Cls=0.5701, Reg=0.0000, Con=3.9608
2025-09-14 01:56:20,579 - INFO - Batch 2270/2278: Loss=1.2841, Cls=0.0958, Reg=0.0000, Con=3.9609
2025-09-14 01:59:51,463 - INFO - === Epoch 3 Results ===
2025-09-14 01:59:51,463 - INFO - Training Loss: 1.1877 (Classification: 0.2207, Regression: 0.0000)
2025-09-14 01:59:51,463 - INFO - Validation Loss: 0.1272 (Classification: 0.1272, Regression: 0.0000)
2025-09-14 01:59:51,464 - INFO - Average Classification Accuracy: 0.8854 (on 1/26 tasks)
2025-09-14 01:59:51,464 - INFO - Average AUC: 0.9437
2025-09-14 01:59:51,464 - INFO - Training finished!
2025-09-14 01:59:51,464 - INFO - Performing final evaluation...
2025-09-14 01:59:51,676 - INFO - Loaded best model from: experiments/r1c3_headft_cls_9_seed_42_20250914_013838/checkpoints/r1c3_headft_cls_9_seed_42_best.pth
2025-09-14 02:03:20,973 - INFO - Final Validation Results:
2025-09-14 02:03:20,973 - INFO -   Total Loss: 0.1243
2025-09-14 02:03:20,974 - INFO -   Classification Loss: 0.1243
2025-09-14 02:03:20,974 - INFO -   Regression Loss: 0.0000
2025-09-14 02:03:20,974 - INFO -   Average Classification Accuracy: 0.8877
2025-09-14 02:03:20,974 - INFO -   Average AUC: 0.9435
2025-09-14 02:03:20,974 - INFO - Results saved to: experiments/r1c3_headft_cls_9_seed_42_20250914_013838/checkpoints/r1c3_headft_cls_9_seed_42_results.json
