2025-09-14 08:53:01,664 - INFO - 🔬 Starting experiment: r1c3_headft_cls_19_seed_42
2025-09-14 08:53:01,664 - INFO - 📁 Experiment directory: experiments/r1c3_headft_cls_19_seed_42_20250914_085301
2025-09-14 08:53:01,664 - INFO - 🎲 Random seed: 42
2025-09-14 08:53:01,664 - INFO - 🔒 Deterministic mode: True
2025-09-14 08:53:01,664 - INFO - Using device: cuda
2025-09-14 08:53:01,664 - INFO - Total GPU Memory: 25.16 GB
2025-09-14 08:53:01,676 - INFO - 🧪 Fusion: Using cross-attention dynamic fusion
2025-09-14 08:53:01,676 - INFO - 🧪 GNN Backbone: Using default GraphAttentionNetwork branch
2025-09-14 08:53:01,676 - INFO - 🎯 Task Mode: Single classification endpoint 19
2025-09-14 08:53:01,676 - INFO - Configuration saved to: experiments/r1c3_headft_cls_19_seed_42_20250914_085301/checkpoints/config.json
2025-09-14 08:53:01,676 - INFO - 🚀 Using preprocessed data from: /mnt/backup2/ai4s/backupunimolpy/responds-work/ToxD4C/data/data/processed
2025-09-14 08:53:01,676 - INFO - Loading LMDB dataset from: /mnt/backup2/ai4s/backupunimolpy/responds-work/ToxD4C/data/data/processed
2025-09-14 08:53:02,076 - INFO - Number of training batches: 2278
2025-09-14 08:53:02,076 - INFO - Number of validation batches: 2278
2025-09-14 08:53:02,076 - INFO - Number of test batches: 2278
2025-09-14 08:53:02,076 - INFO - Creating ToxD4C model...
2025-09-14 08:53:03,152 - INFO - Model created successfully. Total parameters: 100,932,036
2025-09-14 08:53:03,152 - INFO - Testing model forward pass...
2025-09-14 08:53:03,573 - INFO - Test output shapes:
2025-09-14 08:53:03,574 - INFO -   classification: torch.Size([16, 1])
2025-09-14 08:53:03,576 - INFO -   classification contains NaN: False
2025-09-14 08:53:03,576 - INFO -   classification contains Inf: False
2025-09-14 08:53:03,576 - INFO -   regression: torch.Size([16, 0])
2025-09-14 08:53:03,576 - INFO -   regression contains NaN: False
2025-09-14 08:53:03,576 - INFO -   regression contains Inf: False
2025-09-14 08:53:03,576 - INFO - Model forward pass test successful!
2025-09-14 08:53:04,266 - INFO - 🔁 Loaded checkpoint from: /mnt/backup2/ai4s/backupunimolpy/responds-work/ToxD4C/experiments/r1c3_multi_full_seed_42_20250913_152627/checkpoints/r1c3_multi_full_seed_42_best.pth
2025-09-14 08:53:04,267 - INFO - 🧩 Head-only fine-tuning: unfroze head for task 'NR-ER-LBD' and froze trunk.
2025-09-14 08:53:04,268 - INFO - Starting training...
2025-09-14 08:53:04,268 - INFO - 
Epoch 1/3
2025-09-14 08:53:04,418 - INFO - Batch 0/2278: Loss=0.0028, Cls=0.0028, Reg=0.0000, Con=0.0000
2025-09-14 08:53:05,342 - INFO - Batch 10/2278: Loss=0.0107, Cls=0.0107, Reg=0.0000, Con=0.0000
2025-09-14 08:53:06,224 - INFO - Batch 20/2278: Loss=1.2178, Cls=0.0295, Reg=0.0000, Con=3.9610
2025-09-14 08:53:07,099 - INFO - Batch 30/2278: Loss=0.0000, Cls=0.0000, Reg=0.0000, Con=0.0000
2025-09-14 08:53:07,984 - INFO - Batch 40/2278: Loss=0.0038, Cls=0.0038, Reg=0.0000, Con=0.0000
2025-09-14 08:53:08,898 - INFO - Batch 50/2278: Loss=1.8480, Cls=0.6598, Reg=0.0000, Con=3.9609
2025-09-14 08:53:09,792 - INFO - Batch 60/2278: Loss=1.1971, Cls=0.0088, Reg=0.0000, Con=3.9609
2025-09-14 08:53:10,671 - INFO - Batch 70/2278: Loss=1.1882, Cls=0.0000, Reg=0.0000, Con=3.9608
2025-09-14 08:53:11,526 - INFO - Batch 80/2278: Loss=0.0010, Cls=0.0010, Reg=0.0000, Con=0.0000
2025-09-14 08:53:12,424 - INFO - Batch 90/2278: Loss=0.0324, Cls=0.0324, Reg=0.0000, Con=0.0000
2025-09-14 08:53:13,305 - INFO - Batch 100/2278: Loss=0.0075, Cls=0.0075, Reg=0.0000, Con=0.0000
2025-09-14 08:53:14,221 - INFO - Batch 110/2278: Loss=0.0229, Cls=0.0229, Reg=0.0000, Con=0.0000
2025-09-14 08:53:15,113 - INFO - Batch 120/2278: Loss=1.1890, Cls=0.0007, Reg=0.0000, Con=3.9609
2025-09-14 08:53:16,051 - INFO - Batch 130/2278: Loss=1.2071, Cls=0.0188, Reg=0.0000, Con=3.9609
2025-09-14 08:53:16,945 - INFO - Batch 140/2278: Loss=1.1891, Cls=0.0006, Reg=0.0000, Con=3.9615
2025-09-14 08:53:17,840 - INFO - Batch 150/2278: Loss=1.1922, Cls=0.0038, Reg=0.0000, Con=3.9613
2025-09-14 08:53:18,727 - INFO - Batch 160/2278: Loss=1.1974, Cls=0.0091, Reg=0.0000, Con=3.9611
2025-09-14 08:53:19,597 - INFO - Batch 170/2278: Loss=1.1884, Cls=0.0001, Reg=0.0000, Con=3.9611
2025-09-14 08:53:20,487 - INFO - Batch 180/2278: Loss=1.1890, Cls=0.0007, Reg=0.0000, Con=3.9610
2025-09-14 08:53:21,360 - INFO - Batch 190/2278: Loss=1.2019, Cls=0.0137, Reg=0.0000, Con=3.9608
2025-09-14 08:53:22,218 - INFO - Batch 200/2278: Loss=0.0057, Cls=0.0057, Reg=0.0000, Con=0.0000
2025-09-14 08:53:23,110 - INFO - Batch 210/2278: Loss=0.0062, Cls=0.0062, Reg=0.0000, Con=0.0000
2025-09-14 08:53:23,985 - INFO - Batch 220/2278: Loss=0.0001, Cls=0.0001, Reg=0.0000, Con=0.0000
2025-09-14 08:53:24,871 - INFO - Batch 230/2278: Loss=1.1890, Cls=0.0007, Reg=0.0000, Con=3.9610
2025-09-14 08:53:25,735 - INFO - Batch 240/2278: Loss=1.1885, Cls=0.0003, Reg=0.0000, Con=3.9608
2025-09-14 08:53:26,610 - INFO - Batch 250/2278: Loss=0.0004, Cls=0.0004, Reg=0.0000, Con=0.0000
2025-09-14 08:53:27,476 - INFO - Batch 260/2278: Loss=0.1492, Cls=0.1492, Reg=0.0000, Con=0.0000
2025-09-14 08:53:28,362 - INFO - Batch 270/2278: Loss=0.0000, Cls=0.0000, Reg=0.0000, Con=0.0000
2025-09-14 08:53:29,225 - INFO - Batch 280/2278: Loss=1.1887, Cls=0.0003, Reg=0.0000, Con=3.9611
2025-09-14 08:53:30,068 - INFO - Batch 290/2278: Loss=0.0011, Cls=0.0011, Reg=0.0000, Con=0.0000
2025-09-14 08:53:30,927 - INFO - Batch 300/2278: Loss=1.1905, Cls=0.0023, Reg=0.0000, Con=3.9609
2025-09-14 08:53:31,806 - INFO - Batch 310/2278: Loss=1.1885, Cls=0.0001, Reg=0.0000, Con=3.9612
2025-09-14 08:53:32,655 - INFO - Batch 320/2278: Loss=0.0002, Cls=0.0002, Reg=0.0000, Con=0.0000
2025-09-14 08:53:33,547 - INFO - Batch 330/2278: Loss=1.1884, Cls=0.0001, Reg=0.0000, Con=3.9609
2025-09-14 08:53:34,411 - INFO - Batch 340/2278: Loss=1.1903, Cls=0.0020, Reg=0.0000, Con=3.9610
2025-09-14 08:53:35,319 - INFO - Batch 350/2278: Loss=1.1936, Cls=0.0053, Reg=0.0000, Con=3.9611
2025-09-14 08:53:36,178 - INFO - Batch 360/2278: Loss=1.1882, Cls=0.0000, Reg=0.0000, Con=3.9607
2025-09-14 08:53:37,059 - INFO - Batch 370/2278: Loss=1.1900, Cls=0.0017, Reg=0.0000, Con=3.9609
2025-09-14 08:53:37,930 - INFO - Batch 380/2278: Loss=1.1887, Cls=0.0005, Reg=0.0000, Con=3.9607
2025-09-14 08:53:38,819 - INFO - Batch 390/2278: Loss=1.1882, Cls=0.0000, Reg=0.0000, Con=3.9607
2025-09-14 08:53:39,706 - INFO - Batch 400/2278: Loss=0.1801, Cls=0.1801, Reg=0.0000, Con=0.0000
2025-09-14 08:53:40,581 - INFO - Batch 410/2278: Loss=0.0001, Cls=0.0001, Reg=0.0000, Con=0.0000
2025-09-14 08:53:41,454 - INFO - Batch 420/2278: Loss=2.9453, Cls=2.9453, Reg=0.0000, Con=0.0000
2025-09-14 08:53:42,343 - INFO - Batch 430/2278: Loss=1.1889, Cls=0.0007, Reg=0.0000, Con=3.9607
2025-09-14 08:53:43,213 - INFO - Batch 440/2278: Loss=4.3010, Cls=3.1127, Reg=0.0000, Con=3.9608
2025-09-14 08:53:44,074 - INFO - Batch 450/2278: Loss=1.1899, Cls=0.0017, Reg=0.0000, Con=3.9607
2025-09-14 08:53:44,937 - INFO - Batch 460/2278: Loss=1.1970, Cls=0.0088, Reg=0.0000, Con=3.9607
2025-09-14 08:53:45,830 - INFO - Batch 470/2278: Loss=1.1885, Cls=0.0001, Reg=0.0000, Con=3.9611
2025-09-14 08:53:46,717 - INFO - Batch 480/2278: Loss=1.1894, Cls=0.0011, Reg=0.0000, Con=3.9607
2025-09-14 08:53:47,594 - INFO - Batch 490/2278: Loss=0.0000, Cls=0.0000, Reg=0.0000, Con=0.0000
2025-09-14 08:53:48,461 - INFO - Batch 500/2278: Loss=0.0000, Cls=0.0000, Reg=0.0000, Con=0.0000
2025-09-14 08:53:49,328 - INFO - Batch 510/2278: Loss=1.1883, Cls=0.0000, Reg=0.0000, Con=3.9609
2025-09-14 08:53:50,196 - INFO - Batch 520/2278: Loss=1.1895, Cls=0.0013, Reg=0.0000, Con=3.9608
2025-09-14 08:53:51,061 - INFO - Batch 530/2278: Loss=1.1887, Cls=0.0004, Reg=0.0000, Con=3.9608
2025-09-14 08:53:51,963 - INFO - Batch 540/2278: Loss=1.2088, Cls=0.0205, Reg=0.0000, Con=3.9610
2025-09-14 08:53:52,824 - INFO - Batch 550/2278: Loss=1.1882, Cls=0.0000, Reg=0.0000, Con=3.9607
2025-09-14 08:53:53,671 - INFO - Batch 560/2278: Loss=1.1885, Cls=0.0002, Reg=0.0000, Con=3.9609
2025-09-14 08:53:54,575 - INFO - Batch 570/2278: Loss=1.2066, Cls=0.0184, Reg=0.0000, Con=3.9608
2025-09-14 08:53:55,453 - INFO - Batch 580/2278: Loss=0.0034, Cls=0.0034, Reg=0.0000, Con=0.0000
2025-09-14 08:53:56,311 - INFO - Batch 590/2278: Loss=0.0170, Cls=0.0170, Reg=0.0000, Con=0.0000
2025-09-14 08:53:57,195 - INFO - Batch 600/2278: Loss=1.1884, Cls=0.0001, Reg=0.0000, Con=3.9609
2025-09-14 08:53:58,063 - INFO - Batch 610/2278: Loss=1.1885, Cls=0.0002, Reg=0.0000, Con=3.9609
2025-09-14 08:53:58,935 - INFO - Batch 620/2278: Loss=1.1899, Cls=0.0016, Reg=0.0000, Con=3.9608
2025-09-14 08:53:59,825 - INFO - Batch 630/2278: Loss=0.0003, Cls=0.0003, Reg=0.0000, Con=0.0000
2025-09-14 08:54:00,722 - INFO - Batch 640/2278: Loss=1.2086, Cls=0.0204, Reg=0.0000, Con=3.9608
2025-09-14 08:54:01,597 - INFO - Batch 650/2278: Loss=1.1885, Cls=0.0001, Reg=0.0000, Con=3.9613
2025-09-14 08:54:02,453 - INFO - Batch 660/2278: Loss=1.1882, Cls=0.0000, Reg=0.0000, Con=3.9608
2025-09-14 08:54:03,329 - INFO - Batch 670/2278: Loss=1.1885, Cls=0.0003, Reg=0.0000, Con=3.9608
2025-09-14 08:54:04,207 - INFO - Batch 680/2278: Loss=1.1883, Cls=0.0000, Reg=0.0000, Con=3.9608
2025-09-14 08:54:05,175 - INFO - Batch 690/2278: Loss=0.0011, Cls=0.0011, Reg=0.0000, Con=0.0000
2025-09-14 08:54:06,121 - INFO - Batch 700/2278: Loss=0.0003, Cls=0.0003, Reg=0.0000, Con=0.0000
2025-09-14 08:54:07,004 - INFO - Batch 710/2278: Loss=1.1882, Cls=0.0000, Reg=0.0000, Con=3.9607
2025-09-14 08:54:07,904 - INFO - Batch 720/2278: Loss=1.1885, Cls=0.0002, Reg=0.0000, Con=3.9609
2025-09-14 08:54:08,801 - INFO - Batch 730/2278: Loss=1.1888, Cls=0.0004, Reg=0.0000, Con=3.9613
2025-09-14 08:54:09,684 - INFO - Batch 740/2278: Loss=1.1910, Cls=0.0027, Reg=0.0000, Con=3.9610
2025-09-14 08:54:10,575 - INFO - Batch 750/2278: Loss=1.2036, Cls=0.0153, Reg=0.0000, Con=3.9609
2025-09-14 08:54:11,455 - INFO - Batch 760/2278: Loss=1.1978, Cls=0.0096, Reg=0.0000, Con=3.9608
2025-09-14 08:54:12,346 - INFO - Batch 770/2278: Loss=1.1896, Cls=0.0013, Reg=0.0000, Con=3.9610
2025-09-14 08:54:13,242 - INFO - Batch 780/2278: Loss=1.1885, Cls=0.0002, Reg=0.0000, Con=3.9608
2025-09-14 08:54:14,118 - INFO - Batch 790/2278: Loss=0.0248, Cls=0.0248, Reg=0.0000, Con=0.0000
2025-09-14 08:54:15,010 - INFO - Batch 800/2278: Loss=1.1895, Cls=0.0012, Reg=0.0000, Con=3.9612
2025-09-14 08:54:15,894 - INFO - Batch 810/2278: Loss=1.1889, Cls=0.0005, Reg=0.0000, Con=3.9612
2025-09-14 08:54:16,785 - INFO - Batch 820/2278: Loss=1.1883, Cls=0.0000, Reg=0.0000, Con=3.9609
2025-09-14 08:54:17,689 - INFO - Batch 830/2278: Loss=1.1903, Cls=0.0020, Reg=0.0000, Con=3.9609
2025-09-14 08:54:18,590 - INFO - Batch 840/2278: Loss=1.1885, Cls=0.0003, Reg=0.0000, Con=3.9608
2025-09-14 08:54:19,484 - INFO - Batch 850/2278: Loss=0.0214, Cls=0.0214, Reg=0.0000, Con=0.0000
2025-09-14 08:54:20,372 - INFO - Batch 860/2278: Loss=1.2071, Cls=0.0189, Reg=0.0000, Con=3.9607
2025-09-14 08:54:21,248 - INFO - Batch 870/2278: Loss=0.7573, Cls=0.7573, Reg=0.0000, Con=0.0000
2025-09-14 08:54:22,136 - INFO - Batch 880/2278: Loss=0.2920, Cls=0.2920, Reg=0.0000, Con=0.0000
2025-09-14 08:54:23,013 - INFO - Batch 890/2278: Loss=0.0165, Cls=0.0165, Reg=0.0000, Con=0.0000
2025-09-14 08:54:23,893 - INFO - Batch 900/2278: Loss=1.9160, Cls=0.7277, Reg=0.0000, Con=3.9609
2025-09-14 08:54:24,775 - INFO - Batch 910/2278: Loss=1.1934, Cls=0.0051, Reg=0.0000, Con=3.9609
2025-09-14 08:54:25,649 - INFO - Batch 920/2278: Loss=1.2599, Cls=0.0716, Reg=0.0000, Con=3.9610
2025-09-14 08:54:26,532 - INFO - Batch 930/2278: Loss=1.1882, Cls=0.0000, Reg=0.0000, Con=3.9608
2025-09-14 08:54:27,427 - INFO - Batch 940/2278: Loss=1.1918, Cls=0.0035, Reg=0.0000, Con=3.9609
2025-09-14 08:54:28,312 - INFO - Batch 950/2278: Loss=1.1883, Cls=0.0000, Reg=0.0000, Con=3.9611
2025-09-14 08:54:29,204 - INFO - Batch 960/2278: Loss=1.1897, Cls=0.0014, Reg=0.0000, Con=3.9609
2025-09-14 08:54:30,082 - INFO - Batch 970/2278: Loss=1.1889, Cls=0.0005, Reg=0.0000, Con=3.9612
2025-09-14 08:54:30,961 - INFO - Batch 980/2278: Loss=0.0005, Cls=0.0005, Reg=0.0000, Con=0.0000
2025-09-14 08:54:31,831 - INFO - Batch 990/2278: Loss=0.0000, Cls=0.0000, Reg=0.0000, Con=0.0000
2025-09-14 08:54:32,693 - INFO - Batch 1000/2278: Loss=1.1989, Cls=0.0106, Reg=0.0000, Con=3.9609
2025-09-14 08:54:33,573 - INFO - Batch 1010/2278: Loss=6.9479, Cls=5.7597, Reg=0.0000, Con=3.9608
2025-09-14 08:54:34,453 - INFO - Batch 1020/2278: Loss=0.0019, Cls=0.0019, Reg=0.0000, Con=0.0000
2025-09-14 08:54:35,331 - INFO - Batch 1030/2278: Loss=1.1907, Cls=0.0024, Reg=0.0000, Con=3.9610
2025-09-14 08:54:36,202 - INFO - Batch 1040/2278: Loss=1.1927, Cls=0.0045, Reg=0.0000, Con=3.9607
2025-09-14 08:54:37,070 - INFO - Batch 1050/2278: Loss=1.2101, Cls=0.0219, Reg=0.0000, Con=3.9609
2025-09-14 08:54:37,939 - INFO - Batch 1060/2278: Loss=1.1896, Cls=0.0014, Reg=0.0000, Con=3.9608
2025-09-14 08:54:38,806 - INFO - Batch 1070/2278: Loss=1.1887, Cls=0.0005, Reg=0.0000, Con=3.9608
2025-09-14 08:54:39,669 - INFO - Batch 1080/2278: Loss=0.0125, Cls=0.0125, Reg=0.0000, Con=0.0000
2025-09-14 08:54:40,563 - INFO - Batch 1090/2278: Loss=1.2316, Cls=0.0433, Reg=0.0000, Con=3.9609
2025-09-14 08:54:41,451 - INFO - Batch 1100/2278: Loss=0.3367, Cls=0.3367, Reg=0.0000, Con=0.0000
2025-09-14 08:54:42,333 - INFO - Batch 1110/2278: Loss=1.1887, Cls=0.0004, Reg=0.0000, Con=3.9608
2025-09-14 08:54:43,205 - INFO - Batch 1120/2278: Loss=0.2634, Cls=0.2634, Reg=0.0000, Con=0.0000
2025-09-14 08:54:44,091 - INFO - Batch 1130/2278: Loss=1.1937, Cls=0.0055, Reg=0.0000, Con=3.9608
2025-09-14 08:54:44,971 - INFO - Batch 1140/2278: Loss=2.2069, Cls=1.0187, Reg=0.0000, Con=3.9608
2025-09-14 08:54:45,832 - INFO - Batch 1150/2278: Loss=1.1899, Cls=0.0016, Reg=0.0000, Con=3.9611
2025-09-14 08:54:46,705 - INFO - Batch 1160/2278: Loss=1.2152, Cls=0.0269, Reg=0.0000, Con=3.9609
2025-09-14 08:54:47,569 - INFO - Batch 1170/2278: Loss=0.3345, Cls=0.3345, Reg=0.0000, Con=0.0000
2025-09-14 08:54:48,435 - INFO - Batch 1180/2278: Loss=1.1887, Cls=0.0004, Reg=0.0000, Con=3.9609
2025-09-14 08:54:49,322 - INFO - Batch 1190/2278: Loss=1.1888, Cls=0.0005, Reg=0.0000, Con=3.9609
2025-09-14 08:54:50,198 - INFO - Batch 1200/2278: Loss=0.0004, Cls=0.0004, Reg=0.0000, Con=0.0000
2025-09-14 08:54:51,081 - INFO - Batch 1210/2278: Loss=1.1897, Cls=0.0014, Reg=0.0000, Con=3.9610
2025-09-14 08:54:51,956 - INFO - Batch 1220/2278: Loss=0.0064, Cls=0.0064, Reg=0.0000, Con=0.0000
2025-09-14 08:54:52,832 - INFO - Batch 1230/2278: Loss=1.1890, Cls=0.0008, Reg=0.0000, Con=3.9609
2025-09-14 08:54:53,729 - INFO - Batch 1240/2278: Loss=1.1883, Cls=0.0000, Reg=0.0000, Con=3.9609
2025-09-14 08:54:54,614 - INFO - Batch 1250/2278: Loss=0.0000, Cls=0.0000, Reg=0.0000, Con=0.0000
2025-09-14 08:54:55,490 - INFO - Batch 1260/2278: Loss=1.3660, Cls=0.1778, Reg=0.0000, Con=3.9608
2025-09-14 08:54:56,371 - INFO - Batch 1270/2278: Loss=1.1883, Cls=0.0001, Reg=0.0000, Con=3.9609
2025-09-14 08:54:57,234 - INFO - Batch 1280/2278: Loss=0.0016, Cls=0.0016, Reg=0.0000, Con=0.0000
2025-09-14 08:54:58,106 - INFO - Batch 1290/2278: Loss=0.0045, Cls=0.0045, Reg=0.0000, Con=0.0000
2025-09-14 08:54:58,987 - INFO - Batch 1300/2278: Loss=1.1891, Cls=0.0008, Reg=0.0000, Con=3.9610
2025-09-14 08:54:59,861 - INFO - Batch 1310/2278: Loss=1.1899, Cls=0.0015, Reg=0.0000, Con=3.9611
2025-09-14 08:55:00,745 - INFO - Batch 1320/2278: Loss=0.0001, Cls=0.0001, Reg=0.0000, Con=0.0000
2025-09-14 08:55:01,614 - INFO - Batch 1330/2278: Loss=1.1885, Cls=0.0001, Reg=0.0000, Con=3.9613
2025-09-14 08:55:02,475 - INFO - Batch 1340/2278: Loss=1.1882, Cls=0.0000, Reg=0.0000, Con=3.9608
2025-09-14 08:55:03,356 - INFO - Batch 1350/2278: Loss=0.0001, Cls=0.0001, Reg=0.0000, Con=0.0000
2025-09-14 08:55:04,234 - INFO - Batch 1360/2278: Loss=1.1925, Cls=0.0042, Reg=0.0000, Con=3.9610
2025-09-14 08:55:05,120 - INFO - Batch 1370/2278: Loss=1.1882, Cls=0.0000, Reg=0.0000, Con=3.9608
2025-09-14 08:55:06,029 - INFO - Batch 1380/2278: Loss=1.1888, Cls=0.0006, Reg=0.0000, Con=3.9608
2025-09-14 08:55:06,900 - INFO - Batch 1390/2278: Loss=1.1906, Cls=0.0023, Reg=0.0000, Con=3.9608
2025-09-14 08:55:07,785 - INFO - Batch 1400/2278: Loss=1.1899, Cls=0.0017, Reg=0.0000, Con=3.9609
2025-09-14 08:55:08,706 - INFO - Batch 1410/2278: Loss=2.3028, Cls=1.1145, Reg=0.0000, Con=3.9612
2025-09-14 08:55:09,582 - INFO - Batch 1420/2278: Loss=2.2204, Cls=2.2204, Reg=0.0000, Con=0.0000
2025-09-14 08:55:10,442 - INFO - Batch 1430/2278: Loss=1.1931, Cls=0.0049, Reg=0.0000, Con=3.9609
2025-09-14 08:55:11,296 - INFO - Batch 1440/2278: Loss=1.1883, Cls=0.0000, Reg=0.0000, Con=3.9609
2025-09-14 08:55:12,144 - INFO - Batch 1450/2278: Loss=1.1922, Cls=0.0039, Reg=0.0000, Con=3.9608
2025-09-14 08:55:13,010 - INFO - Batch 1460/2278: Loss=0.0052, Cls=0.0052, Reg=0.0000, Con=0.0000
2025-09-14 08:55:13,887 - INFO - Batch 1470/2278: Loss=1.1887, Cls=0.0004, Reg=0.0000, Con=3.9609
2025-09-14 08:55:14,768 - INFO - Batch 1480/2278: Loss=1.1936, Cls=0.0053, Reg=0.0000, Con=3.9607
2025-09-14 08:55:15,664 - INFO - Batch 1490/2278: Loss=1.1902, Cls=0.0019, Reg=0.0000, Con=3.9609
2025-09-14 08:55:16,554 - INFO - Batch 1500/2278: Loss=1.1889, Cls=0.0007, Reg=0.0000, Con=3.9609
2025-09-14 08:55:17,437 - INFO - Batch 1510/2278: Loss=0.0000, Cls=0.0000, Reg=0.0000, Con=0.0000
2025-09-14 08:55:18,338 - INFO - Batch 1520/2278: Loss=1.1912, Cls=0.0030, Reg=0.0000, Con=3.9608
2025-09-14 08:55:19,218 - INFO - Batch 1530/2278: Loss=1.1961, Cls=0.0079, Reg=0.0000, Con=3.9608
2025-09-14 08:55:20,102 - INFO - Batch 1540/2278: Loss=1.2428, Cls=0.0545, Reg=0.0000, Con=3.9609
2025-09-14 08:55:20,989 - INFO - Batch 1550/2278: Loss=1.1885, Cls=0.0002, Reg=0.0000, Con=3.9610
2025-09-14 08:55:21,867 - INFO - Batch 1560/2278: Loss=1.7027, Cls=0.5144, Reg=0.0000, Con=3.9609
2025-09-14 08:55:22,755 - INFO - Batch 1570/2278: Loss=1.4161, Cls=0.2278, Reg=0.0000, Con=3.9608
2025-09-14 08:55:23,654 - INFO - Batch 1580/2278: Loss=1.1893, Cls=0.0010, Reg=0.0000, Con=3.9608
2025-09-14 08:55:24,539 - INFO - Batch 1590/2278: Loss=1.2001, Cls=0.0118, Reg=0.0000, Con=3.9609
2025-09-14 08:55:25,401 - INFO - Batch 1600/2278: Loss=1.1884, Cls=0.0001, Reg=0.0000, Con=3.9608
2025-09-14 08:55:26,262 - INFO - Batch 1610/2278: Loss=0.3678, Cls=0.3678, Reg=0.0000, Con=0.0000
2025-09-14 08:55:27,136 - INFO - Batch 1620/2278: Loss=0.0045, Cls=0.0045, Reg=0.0000, Con=0.0000
2025-09-14 08:55:28,017 - INFO - Batch 1630/2278: Loss=1.1882, Cls=0.0000, Reg=0.0000, Con=3.9608
2025-09-14 08:55:28,896 - INFO - Batch 1640/2278: Loss=0.0031, Cls=0.0031, Reg=0.0000, Con=0.0000
2025-09-14 08:55:29,778 - INFO - Batch 1650/2278: Loss=0.0019, Cls=0.0019, Reg=0.0000, Con=0.0000
2025-09-14 08:55:30,661 - INFO - Batch 1660/2278: Loss=0.0461, Cls=0.0461, Reg=0.0000, Con=0.0000
2025-09-14 08:55:31,527 - INFO - Batch 1670/2278: Loss=1.1884, Cls=0.0000, Reg=0.0000, Con=3.9612
2025-09-14 08:55:32,391 - INFO - Batch 1680/2278: Loss=0.9158, Cls=0.9158, Reg=0.0000, Con=0.0000
2025-09-14 08:55:33,260 - INFO - Batch 1690/2278: Loss=1.1889, Cls=0.0006, Reg=0.0000, Con=3.9612
2025-09-14 08:55:34,128 - INFO - Batch 1700/2278: Loss=1.1885, Cls=0.0001, Reg=0.0000, Con=3.9612
2025-09-14 08:55:35,012 - INFO - Batch 1710/2278: Loss=0.0019, Cls=0.0019, Reg=0.0000, Con=0.0000
2025-09-14 08:55:35,889 - INFO - Batch 1720/2278: Loss=1.1899, Cls=0.0016, Reg=0.0000, Con=3.9608
2025-09-14 08:55:36,753 - INFO - Batch 1730/2278: Loss=0.0000, Cls=0.0000, Reg=0.0000, Con=0.0000
2025-09-14 08:55:37,646 - INFO - Batch 1740/2278: Loss=0.0000, Cls=0.0000, Reg=0.0000, Con=0.0000
2025-09-14 08:55:38,524 - INFO - Batch 1750/2278: Loss=1.1883, Cls=0.0000, Reg=0.0000, Con=3.9609
2025-09-14 08:55:39,405 - INFO - Batch 1760/2278: Loss=1.1885, Cls=0.0002, Reg=0.0000, Con=3.9609
2025-09-14 08:55:40,287 - INFO - Batch 1770/2278: Loss=1.1882, Cls=0.0000, Reg=0.0000, Con=3.9608
2025-09-14 08:55:41,176 - INFO - Batch 1780/2278: Loss=1.1884, Cls=0.0002, Reg=0.0000, Con=3.9608
2025-09-14 08:55:42,047 - INFO - Batch 1790/2278: Loss=0.0312, Cls=0.0312, Reg=0.0000, Con=0.0000
2025-09-14 08:55:42,932 - INFO - Batch 1800/2278: Loss=0.0006, Cls=0.0006, Reg=0.0000, Con=0.0000
2025-09-14 08:55:43,824 - INFO - Batch 1810/2278: Loss=0.0010, Cls=0.0010, Reg=0.0000, Con=0.0000
2025-09-14 08:55:44,700 - INFO - Batch 1820/2278: Loss=1.1883, Cls=0.0000, Reg=0.0000, Con=3.9611
2025-09-14 08:55:45,583 - INFO - Batch 1830/2278: Loss=0.0004, Cls=0.0004, Reg=0.0000, Con=0.0000
2025-09-14 08:55:46,443 - INFO - Batch 1840/2278: Loss=0.0110, Cls=0.0110, Reg=0.0000, Con=0.0000
2025-09-14 08:55:47,347 - INFO - Batch 1850/2278: Loss=1.1884, Cls=0.0001, Reg=0.0000, Con=3.9608
2025-09-14 08:55:48,232 - INFO - Batch 1860/2278: Loss=0.0450, Cls=0.0450, Reg=0.0000, Con=0.0000
2025-09-14 08:55:49,122 - INFO - Batch 1870/2278: Loss=1.1883, Cls=0.0000, Reg=0.0000, Con=3.9608
2025-09-14 08:55:49,984 - INFO - Batch 1880/2278: Loss=0.0000, Cls=0.0000, Reg=0.0000, Con=0.0000
2025-09-14 08:55:50,873 - INFO - Batch 1890/2278: Loss=1.1886, Cls=0.0003, Reg=0.0000, Con=3.9609
2025-09-14 08:55:51,762 - INFO - Batch 1900/2278: Loss=0.0047, Cls=0.0047, Reg=0.0000, Con=0.0000
2025-09-14 08:55:52,625 - INFO - Batch 1910/2278: Loss=0.0001, Cls=0.0001, Reg=0.0000, Con=0.0000
2025-09-14 08:55:53,535 - INFO - Batch 1920/2278: Loss=1.1905, Cls=0.0023, Reg=0.0000, Con=3.9607
2025-09-14 08:55:54,426 - INFO - Batch 1930/2278: Loss=8.2029, Cls=7.0146, Reg=0.0000, Con=3.9607
2025-09-14 08:55:55,304 - INFO - Batch 1940/2278: Loss=2.2407, Cls=1.0524, Reg=0.0000, Con=3.9608
2025-09-14 08:55:56,172 - INFO - Batch 1950/2278: Loss=1.1888, Cls=0.0006, Reg=0.0000, Con=3.9608
2025-09-14 08:55:57,040 - INFO - Batch 1960/2278: Loss=1.1942, Cls=0.0059, Reg=0.0000, Con=3.9609
2025-09-14 08:55:57,902 - INFO - Batch 1970/2278: Loss=1.1883, Cls=0.0000, Reg=0.0000, Con=3.9611
2025-09-14 08:55:58,787 - INFO - Batch 1980/2278: Loss=1.2467, Cls=0.0584, Reg=0.0000, Con=3.9608
2025-09-14 08:55:59,661 - INFO - Batch 1990/2278: Loss=1.1894, Cls=0.0010, Reg=0.0000, Con=3.9615
2025-09-14 08:56:00,532 - INFO - Batch 2000/2278: Loss=0.0016, Cls=0.0016, Reg=0.0000, Con=0.0000
2025-09-14 08:56:01,404 - INFO - Batch 2010/2278: Loss=1.1886, Cls=0.0003, Reg=0.0000, Con=3.9608
2025-09-14 08:56:02,288 - INFO - Batch 2020/2278: Loss=1.2707, Cls=0.0824, Reg=0.0000, Con=3.9608
2025-09-14 08:56:03,164 - INFO - Batch 2030/2278: Loss=1.1882, Cls=0.0000, Reg=0.0000, Con=3.9607
2025-09-14 08:56:04,042 - INFO - Batch 2040/2278: Loss=1.1894, Cls=0.0011, Reg=0.0000, Con=3.9609
2025-09-14 08:56:04,932 - INFO - Batch 2050/2278: Loss=1.1998, Cls=0.0115, Reg=0.0000, Con=3.9608
2025-09-14 08:56:05,798 - INFO - Batch 2060/2278: Loss=0.0039, Cls=0.0039, Reg=0.0000, Con=0.0000
2025-09-14 08:56:06,663 - INFO - Batch 2070/2278: Loss=1.1899, Cls=0.0016, Reg=0.0000, Con=3.9611
2025-09-14 08:56:07,516 - INFO - Batch 2080/2278: Loss=1.1885, Cls=0.0002, Reg=0.0000, Con=3.9610
2025-09-14 08:56:08,388 - INFO - Batch 2090/2278: Loss=1.1895, Cls=0.0012, Reg=0.0000, Con=3.9612
2025-09-14 08:56:09,279 - INFO - Batch 2100/2278: Loss=1.1892, Cls=0.0009, Reg=0.0000, Con=3.9611
2025-09-14 08:56:10,140 - INFO - Batch 2110/2278: Loss=1.1890, Cls=0.0008, Reg=0.0000, Con=3.9609
2025-09-14 08:56:11,008 - INFO - Batch 2120/2278: Loss=0.0013, Cls=0.0013, Reg=0.0000, Con=0.0000
2025-09-14 08:56:11,893 - INFO - Batch 2130/2278: Loss=1.1883, Cls=0.0001, Reg=0.0000, Con=3.9606
2025-09-14 08:56:12,787 - INFO - Batch 2140/2278: Loss=1.1884, Cls=0.0002, Reg=0.0000, Con=3.9608
2025-09-14 08:56:13,661 - INFO - Batch 2150/2278: Loss=1.1900, Cls=0.0018, Reg=0.0000, Con=3.9607
2025-09-14 08:56:14,537 - INFO - Batch 2160/2278: Loss=1.1890, Cls=0.0007, Reg=0.0000, Con=3.9608
2025-09-14 08:56:15,402 - INFO - Batch 2170/2278: Loss=1.1898, Cls=0.0015, Reg=0.0000, Con=3.9609
2025-09-14 08:56:16,266 - INFO - Batch 2180/2278: Loss=2.3702, Cls=2.3702, Reg=0.0000, Con=0.0000
2025-09-14 08:56:17,145 - INFO - Batch 2190/2278: Loss=0.0013, Cls=0.0013, Reg=0.0000, Con=0.0000
2025-09-14 08:56:18,033 - INFO - Batch 2200/2278: Loss=1.2491, Cls=0.0609, Reg=0.0000, Con=3.9605
2025-09-14 08:56:18,928 - INFO - Batch 2210/2278: Loss=1.1997, Cls=0.0114, Reg=0.0000, Con=3.9609
2025-09-14 08:56:19,836 - INFO - Batch 2220/2278: Loss=1.1910, Cls=0.0027, Reg=0.0000, Con=3.9610
2025-09-14 08:56:20,699 - INFO - Batch 2230/2278: Loss=0.0728, Cls=0.0728, Reg=0.0000, Con=0.0000
2025-09-14 08:56:21,591 - INFO - Batch 2240/2278: Loss=0.0031, Cls=0.0031, Reg=0.0000, Con=0.0000
2025-09-14 08:56:22,464 - INFO - Batch 2250/2278: Loss=1.1912, Cls=0.0029, Reg=0.0000, Con=3.9609
2025-09-14 08:56:23,346 - INFO - Batch 2260/2278: Loss=1.1913, Cls=0.0030, Reg=0.0000, Con=3.9608
2025-09-14 08:56:24,245 - INFO - Batch 2270/2278: Loss=1.7674, Cls=1.7674, Reg=0.0000, Con=0.0000
2025-09-14 08:59:51,111 - INFO - === Epoch 1 Results ===
2025-09-14 08:59:51,111 - INFO - Training Loss: 0.9171 (Classification: 0.1514, Regression: 0.0000)
2025-09-14 08:59:51,111 - INFO - Validation Loss: 0.0388 (Classification: 0.0388, Regression: 0.0000)
2025-09-14 08:59:51,111 - INFO - Average Classification Accuracy: 0.9570 (on 1/26 tasks)
2025-09-14 08:59:51,111 - INFO - Average AUC: 0.8791
2025-09-14 08:59:51,653 - INFO - Best model saved to: experiments/r1c3_headft_cls_19_seed_42_20250914_085301/checkpoints/r1c3_headft_cls_19_seed_42_best.pth
2025-09-14 08:59:51,653 - INFO - 
Epoch 2/3
2025-09-14 08:59:51,749 - INFO - Batch 0/2278: Loss=0.0031, Cls=0.0031, Reg=0.0000, Con=0.0000
2025-09-14 08:59:52,672 - INFO - Batch 10/2278: Loss=1.1901, Cls=0.0019, Reg=0.0000, Con=3.9604
2025-09-14 08:59:53,566 - INFO - Batch 20/2278: Loss=1.1910, Cls=0.0027, Reg=0.0000, Con=3.9610
2025-09-14 08:59:54,450 - INFO - Batch 30/2278: Loss=1.1893, Cls=0.0010, Reg=0.0000, Con=3.9608
2025-09-14 08:59:55,320 - INFO - Batch 40/2278: Loss=1.1884, Cls=0.0001, Reg=0.0000, Con=3.9608
2025-09-14 08:59:56,246 - INFO - Batch 50/2278: Loss=0.0013, Cls=0.0013, Reg=0.0000, Con=0.0000
2025-09-14 08:59:57,120 - INFO - Batch 60/2278: Loss=0.0087, Cls=0.0087, Reg=0.0000, Con=0.0000
2025-09-14 08:59:57,994 - INFO - Batch 70/2278: Loss=1.1885, Cls=0.0003, Reg=0.0000, Con=3.9607
2025-09-14 08:59:58,879 - INFO - Batch 80/2278: Loss=1.1894, Cls=0.0011, Reg=0.0000, Con=3.9609
2025-09-14 08:59:59,773 - INFO - Batch 90/2278: Loss=0.0821, Cls=0.0821, Reg=0.0000, Con=0.0000
2025-09-14 09:00:00,677 - INFO - Batch 100/2278: Loss=1.1933, Cls=0.0050, Reg=0.0000, Con=3.9609
2025-09-14 09:00:01,572 - INFO - Batch 110/2278: Loss=1.1883, Cls=0.0000, Reg=0.0000, Con=3.9609
2025-09-14 09:00:02,482 - INFO - Batch 120/2278: Loss=0.0020, Cls=0.0020, Reg=0.0000, Con=0.0000
2025-09-14 09:00:03,387 - INFO - Batch 130/2278: Loss=1.1893, Cls=0.0011, Reg=0.0000, Con=3.9607
2025-09-14 09:00:04,281 - INFO - Batch 140/2278: Loss=1.1937, Cls=0.0054, Reg=0.0000, Con=3.9609
2025-09-14 09:00:05,182 - INFO - Batch 150/2278: Loss=1.1889, Cls=0.0006, Reg=0.0000, Con=3.9611
2025-09-14 09:00:06,095 - INFO - Batch 160/2278: Loss=1.1929, Cls=0.0047, Reg=0.0000, Con=3.9609
2025-09-14 09:00:06,974 - INFO - Batch 170/2278: Loss=0.0027, Cls=0.0027, Reg=0.0000, Con=0.0000
2025-09-14 09:00:07,866 - INFO - Batch 180/2278: Loss=2.8781, Cls=1.6898, Reg=0.0000, Con=3.9609
2025-09-14 09:00:08,748 - INFO - Batch 190/2278: Loss=0.0005, Cls=0.0005, Reg=0.0000, Con=0.0000
2025-09-14 09:00:09,642 - INFO - Batch 200/2278: Loss=1.1962, Cls=0.0080, Reg=0.0000, Con=3.9608
2025-09-14 09:00:10,524 - INFO - Batch 210/2278: Loss=2.4127, Cls=1.2245, Reg=0.0000, Con=3.9609
2025-09-14 09:00:11,408 - INFO - Batch 220/2278: Loss=0.0007, Cls=0.0007, Reg=0.0000, Con=0.0000
2025-09-14 09:00:12,302 - INFO - Batch 230/2278: Loss=0.0015, Cls=0.0015, Reg=0.0000, Con=0.0000
2025-09-14 09:00:13,206 - INFO - Batch 240/2278: Loss=0.0019, Cls=0.0019, Reg=0.0000, Con=0.0000
2025-09-14 09:00:14,099 - INFO - Batch 250/2278: Loss=0.0012, Cls=0.0012, Reg=0.0000, Con=0.0000
2025-09-14 09:00:14,975 - INFO - Batch 260/2278: Loss=0.0206, Cls=0.0206, Reg=0.0000, Con=0.0000
2025-09-14 09:00:15,860 - INFO - Batch 270/2278: Loss=1.1883, Cls=0.0000, Reg=0.0000, Con=3.9608
2025-09-14 09:00:16,744 - INFO - Batch 280/2278: Loss=1.1895, Cls=0.0013, Reg=0.0000, Con=3.9609
2025-09-14 09:00:17,622 - INFO - Batch 290/2278: Loss=1.1932, Cls=0.0050, Reg=0.0000, Con=3.9609
2025-09-14 09:00:18,519 - INFO - Batch 300/2278: Loss=1.1990, Cls=0.0107, Reg=0.0000, Con=3.9609
2025-09-14 09:00:19,423 - INFO - Batch 310/2278: Loss=1.2062, Cls=0.0179, Reg=0.0000, Con=3.9608
2025-09-14 09:00:20,330 - INFO - Batch 320/2278: Loss=0.0000, Cls=0.0000, Reg=0.0000, Con=0.0000
2025-09-14 09:00:21,201 - INFO - Batch 330/2278: Loss=4.0893, Cls=2.9010, Reg=0.0000, Con=3.9609
2025-09-14 09:00:22,070 - INFO - Batch 340/2278: Loss=1.1917, Cls=0.0034, Reg=0.0000, Con=3.9609
2025-09-14 09:00:22,950 - INFO - Batch 350/2278: Loss=1.1889, Cls=0.0006, Reg=0.0000, Con=3.9609
2025-09-14 09:00:23,837 - INFO - Batch 360/2278: Loss=1.1886, Cls=0.0003, Reg=0.0000, Con=3.9609
2025-09-14 09:00:24,704 - INFO - Batch 370/2278: Loss=1.1906, Cls=0.0023, Reg=0.0000, Con=3.9609
2025-09-14 09:00:25,570 - INFO - Batch 380/2278: Loss=1.1894, Cls=0.0012, Reg=0.0000, Con=3.9608
2025-09-14 09:00:26,465 - INFO - Batch 390/2278: Loss=1.1885, Cls=0.0002, Reg=0.0000, Con=3.9609
2025-09-14 09:00:27,375 - INFO - Batch 400/2278: Loss=0.0000, Cls=0.0000, Reg=0.0000, Con=0.0000
2025-09-14 09:00:28,289 - INFO - Batch 410/2278: Loss=1.1898, Cls=0.0016, Reg=0.0000, Con=3.9608
2025-09-14 09:00:29,205 - INFO - Batch 420/2278: Loss=0.0009, Cls=0.0009, Reg=0.0000, Con=0.0000
2025-09-14 09:00:30,099 - INFO - Batch 430/2278: Loss=0.0102, Cls=0.0102, Reg=0.0000, Con=0.0000
2025-09-14 09:00:30,973 - INFO - Batch 440/2278: Loss=1.1911, Cls=0.0029, Reg=0.0000, Con=3.9608
2025-09-14 09:00:31,853 - INFO - Batch 450/2278: Loss=1.1917, Cls=0.0035, Reg=0.0000, Con=3.9607
2025-09-14 09:00:32,733 - INFO - Batch 460/2278: Loss=0.0036, Cls=0.0036, Reg=0.0000, Con=0.0000
2025-09-14 09:00:33,624 - INFO - Batch 470/2278: Loss=1.4974, Cls=0.3091, Reg=0.0000, Con=3.9608
2025-09-14 09:00:34,508 - INFO - Batch 480/2278: Loss=0.0000, Cls=0.0000, Reg=0.0000, Con=0.0000
2025-09-14 09:00:35,405 - INFO - Batch 490/2278: Loss=1.1940, Cls=0.0057, Reg=0.0000, Con=3.9610
2025-09-14 09:00:36,284 - INFO - Batch 500/2278: Loss=1.1934, Cls=0.0052, Reg=0.0000, Con=3.9607
2025-09-14 09:00:37,182 - INFO - Batch 510/2278: Loss=1.1904, Cls=0.0022, Reg=0.0000, Con=3.9607
2025-09-14 09:00:38,082 - INFO - Batch 520/2278: Loss=1.1884, Cls=0.0002, Reg=0.0000, Con=3.9607
2025-09-14 09:00:38,972 - INFO - Batch 530/2278: Loss=1.2389, Cls=0.0507, Reg=0.0000, Con=3.9608
2025-09-14 09:00:39,832 - INFO - Batch 540/2278: Loss=1.1888, Cls=0.0005, Reg=0.0000, Con=3.9610
2025-09-14 09:00:40,700 - INFO - Batch 550/2278: Loss=1.2480, Cls=0.0598, Reg=0.0000, Con=3.9607
2025-09-14 09:00:41,591 - INFO - Batch 560/2278: Loss=0.0835, Cls=0.0835, Reg=0.0000, Con=0.0000
2025-09-14 09:00:42,484 - INFO - Batch 570/2278: Loss=1.1882, Cls=0.0000, Reg=0.0000, Con=3.9608
2025-09-14 09:00:43,370 - INFO - Batch 580/2278: Loss=0.0031, Cls=0.0031, Reg=0.0000, Con=0.0000
2025-09-14 09:00:44,253 - INFO - Batch 590/2278: Loss=1.1905, Cls=0.0023, Reg=0.0000, Con=3.9608
2025-09-14 09:00:45,131 - INFO - Batch 600/2278: Loss=0.0000, Cls=0.0000, Reg=0.0000, Con=0.0000
2025-09-14 09:00:46,023 - INFO - Batch 610/2278: Loss=1.1883, Cls=0.0001, Reg=0.0000, Con=3.9608
2025-09-14 09:00:46,903 - INFO - Batch 620/2278: Loss=1.1883, Cls=0.0001, Reg=0.0000, Con=3.9608
2025-09-14 09:00:47,758 - INFO - Batch 630/2278: Loss=2.4405, Cls=2.4405, Reg=0.0000, Con=0.0000
2025-09-14 09:00:48,679 - INFO - Batch 640/2278: Loss=0.0059, Cls=0.0059, Reg=0.0000, Con=0.0000
2025-09-14 09:00:49,564 - INFO - Batch 650/2278: Loss=0.0000, Cls=0.0000, Reg=0.0000, Con=0.0000
2025-09-14 09:00:50,446 - INFO - Batch 660/2278: Loss=1.1908, Cls=0.0026, Reg=0.0000, Con=3.9607
2025-09-14 09:00:51,358 - INFO - Batch 670/2278: Loss=1.1886, Cls=0.0004, Reg=0.0000, Con=3.9609
2025-09-14 09:00:52,247 - INFO - Batch 680/2278: Loss=1.1941, Cls=0.0059, Reg=0.0000, Con=3.9608
2025-09-14 09:00:53,129 - INFO - Batch 690/2278: Loss=1.1886, Cls=0.0002, Reg=0.0000, Con=3.9613
2025-09-14 09:00:54,032 - INFO - Batch 700/2278: Loss=0.0025, Cls=0.0025, Reg=0.0000, Con=0.0000
2025-09-14 09:00:54,912 - INFO - Batch 710/2278: Loss=1.1907, Cls=0.0024, Reg=0.0000, Con=3.9610
2025-09-14 09:00:55,786 - INFO - Batch 720/2278: Loss=1.1912, Cls=0.0029, Reg=0.0000, Con=3.9609
2025-09-14 09:00:56,661 - INFO - Batch 730/2278: Loss=1.1911, Cls=0.0028, Reg=0.0000, Con=3.9612
2025-09-14 09:00:57,535 - INFO - Batch 740/2278: Loss=1.1967, Cls=0.0084, Reg=0.0000, Con=3.9610
2025-09-14 09:00:58,417 - INFO - Batch 750/2278: Loss=0.0011, Cls=0.0011, Reg=0.0000, Con=0.0000
2025-09-14 09:00:59,288 - INFO - Batch 760/2278: Loss=0.4069, Cls=0.4069, Reg=0.0000, Con=0.0000
2025-09-14 09:01:00,168 - INFO - Batch 770/2278: Loss=1.1907, Cls=0.0024, Reg=0.0000, Con=3.9608
2025-09-14 09:01:01,063 - INFO - Batch 780/2278: Loss=0.0015, Cls=0.0015, Reg=0.0000, Con=0.0000
2025-09-14 09:01:01,950 - INFO - Batch 790/2278: Loss=1.1969, Cls=0.0087, Reg=0.0000, Con=3.9609
2025-09-14 09:01:02,857 - INFO - Batch 800/2278: Loss=0.0004, Cls=0.0004, Reg=0.0000, Con=0.0000
2025-09-14 09:01:03,740 - INFO - Batch 810/2278: Loss=0.0270, Cls=0.0270, Reg=0.0000, Con=0.0000
2025-09-14 09:01:04,602 - INFO - Batch 820/2278: Loss=1.1891, Cls=0.0008, Reg=0.0000, Con=3.9608
2025-09-14 09:01:05,512 - INFO - Batch 830/2278: Loss=1.1887, Cls=0.0004, Reg=0.0000, Con=3.9607
2025-09-14 09:01:06,414 - INFO - Batch 840/2278: Loss=1.1896, Cls=0.0013, Reg=0.0000, Con=3.9608
2025-09-14 09:01:07,302 - INFO - Batch 850/2278: Loss=0.0784, Cls=0.0784, Reg=0.0000, Con=0.0000
2025-09-14 09:01:08,216 - INFO - Batch 860/2278: Loss=1.1892, Cls=0.0010, Reg=0.0000, Con=3.9608
2025-09-14 09:01:09,101 - INFO - Batch 870/2278: Loss=0.0004, Cls=0.0004, Reg=0.0000, Con=0.0000
2025-09-14 09:01:09,987 - INFO - Batch 880/2278: Loss=0.0011, Cls=0.0011, Reg=0.0000, Con=0.0000
2025-09-14 09:01:10,867 - INFO - Batch 890/2278: Loss=1.2169, Cls=0.0286, Reg=0.0000, Con=3.9609
2025-09-14 09:01:11,766 - INFO - Batch 900/2278: Loss=2.1470, Cls=2.1470, Reg=0.0000, Con=0.0000
2025-09-14 09:01:12,644 - INFO - Batch 910/2278: Loss=0.0049, Cls=0.0049, Reg=0.0000, Con=0.0000
2025-09-14 09:01:13,527 - INFO - Batch 920/2278: Loss=1.1886, Cls=0.0003, Reg=0.0000, Con=3.9611
2025-09-14 09:01:14,403 - INFO - Batch 930/2278: Loss=1.1889, Cls=0.0006, Reg=0.0000, Con=3.9609
2025-09-14 09:01:15,284 - INFO - Batch 940/2278: Loss=0.0007, Cls=0.0007, Reg=0.0000, Con=0.0000
2025-09-14 09:01:16,164 - INFO - Batch 950/2278: Loss=0.2540, Cls=0.2540, Reg=0.0000, Con=0.0000
2025-09-14 09:01:17,089 - INFO - Batch 960/2278: Loss=0.0000, Cls=0.0000, Reg=0.0000, Con=0.0000
2025-09-14 09:01:17,996 - INFO - Batch 970/2278: Loss=0.0043, Cls=0.0043, Reg=0.0000, Con=0.0000
2025-09-14 09:01:18,885 - INFO - Batch 980/2278: Loss=1.2027, Cls=0.0144, Reg=0.0000, Con=3.9609
2025-09-14 09:01:19,787 - INFO - Batch 990/2278: Loss=1.1882, Cls=0.0000, Reg=0.0000, Con=3.9606
2025-09-14 09:01:20,673 - INFO - Batch 1000/2278: Loss=1.1886, Cls=0.0003, Reg=0.0000, Con=3.9609
2025-09-14 09:01:21,560 - INFO - Batch 1010/2278: Loss=1.1883, Cls=0.0000, Reg=0.0000, Con=3.9609
2025-09-14 09:01:22,440 - INFO - Batch 1020/2278: Loss=1.1892, Cls=0.0007, Reg=0.0000, Con=3.9615
2025-09-14 09:01:23,322 - INFO - Batch 1030/2278: Loss=1.1885, Cls=0.0002, Reg=0.0000, Con=3.9608
2025-09-14 09:01:24,213 - INFO - Batch 1040/2278: Loss=5.8630, Cls=4.6747, Reg=0.0000, Con=3.9608
2025-09-14 09:01:25,108 - INFO - Batch 1050/2278: Loss=1.2195, Cls=0.0311, Reg=0.0000, Con=3.9611
2025-09-14 09:01:25,989 - INFO - Batch 1060/2278: Loss=1.1883, Cls=0.0000, Reg=0.0000, Con=3.9612
2025-09-14 09:01:26,881 - INFO - Batch 1070/2278: Loss=1.1883, Cls=0.0000, Reg=0.0000, Con=3.9609
2025-09-14 09:01:27,773 - INFO - Batch 1080/2278: Loss=1.2291, Cls=0.0408, Reg=0.0000, Con=3.9609
2025-09-14 09:01:28,709 - INFO - Batch 1090/2278: Loss=1.1981, Cls=0.0099, Reg=0.0000, Con=3.9608
2025-09-14 09:01:29,611 - INFO - Batch 1100/2278: Loss=1.1883, Cls=0.0001, Reg=0.0000, Con=3.9608
2025-09-14 09:01:30,497 - INFO - Batch 1110/2278: Loss=1.1974, Cls=0.0091, Reg=0.0000, Con=3.9608
2025-09-14 09:01:31,400 - INFO - Batch 1120/2278: Loss=1.1895, Cls=0.0013, Reg=0.0000, Con=3.9608
2025-09-14 09:01:32,292 - INFO - Batch 1130/2278: Loss=0.0000, Cls=0.0000, Reg=0.0000, Con=0.0000
2025-09-14 09:01:33,187 - INFO - Batch 1140/2278: Loss=3.3515, Cls=3.3515, Reg=0.0000, Con=0.0000
2025-09-14 09:01:34,089 - INFO - Batch 1150/2278: Loss=2.6875, Cls=1.4993, Reg=0.0000, Con=3.9609
2025-09-14 09:01:34,976 - INFO - Batch 1160/2278: Loss=1.1882, Cls=0.0000, Reg=0.0000, Con=3.9607
2025-09-14 09:01:35,866 - INFO - Batch 1170/2278: Loss=0.0004, Cls=0.0004, Reg=0.0000, Con=0.0000
2025-09-14 09:01:36,776 - INFO - Batch 1180/2278: Loss=1.1883, Cls=0.0000, Reg=0.0000, Con=3.9609
2025-09-14 09:01:37,694 - INFO - Batch 1190/2278: Loss=1.1916, Cls=0.0033, Reg=0.0000, Con=3.9610
2025-09-14 09:01:38,599 - INFO - Batch 1200/2278: Loss=1.1883, Cls=0.0000, Reg=0.0000, Con=3.9609
2025-09-14 09:01:39,514 - INFO - Batch 1210/2278: Loss=1.1980, Cls=0.0097, Reg=0.0000, Con=3.9608
2025-09-14 09:01:40,433 - INFO - Batch 1220/2278: Loss=0.0103, Cls=0.0103, Reg=0.0000, Con=0.0000
2025-09-14 09:01:41,356 - INFO - Batch 1230/2278: Loss=1.1925, Cls=0.0042, Reg=0.0000, Con=3.9609
2025-09-14 09:01:42,253 - INFO - Batch 1240/2278: Loss=1.1883, Cls=0.0000, Reg=0.0000, Con=3.9609
2025-09-14 09:01:43,150 - INFO - Batch 1250/2278: Loss=0.0014, Cls=0.0014, Reg=0.0000, Con=0.0000
2025-09-14 09:01:44,045 - INFO - Batch 1260/2278: Loss=1.1892, Cls=0.0010, Reg=0.0000, Con=3.9607
2025-09-14 09:01:44,932 - INFO - Batch 1270/2278: Loss=0.0004, Cls=0.0004, Reg=0.0000, Con=0.0000
2025-09-14 09:01:45,805 - INFO - Batch 1280/2278: Loss=1.2119, Cls=0.0237, Reg=0.0000, Con=3.9608
2025-09-14 09:01:46,720 - INFO - Batch 1290/2278: Loss=1.1897, Cls=0.0014, Reg=0.0000, Con=3.9610
2025-09-14 09:01:47,628 - INFO - Batch 1300/2278: Loss=1.1897, Cls=0.0014, Reg=0.0000, Con=3.9610
2025-09-14 09:01:48,531 - INFO - Batch 1310/2278: Loss=0.0015, Cls=0.0015, Reg=0.0000, Con=0.0000
2025-09-14 09:01:49,428 - INFO - Batch 1320/2278: Loss=1.1901, Cls=0.0018, Reg=0.0000, Con=3.9609
2025-09-14 09:01:50,336 - INFO - Batch 1330/2278: Loss=1.1894, Cls=0.0011, Reg=0.0000, Con=3.9609
2025-09-14 09:01:51,257 - INFO - Batch 1340/2278: Loss=0.0127, Cls=0.0127, Reg=0.0000, Con=0.0000
2025-09-14 09:01:52,142 - INFO - Batch 1350/2278: Loss=0.0001, Cls=0.0001, Reg=0.0000, Con=0.0000
2025-09-14 09:01:53,044 - INFO - Batch 1360/2278: Loss=1.1897, Cls=0.0015, Reg=0.0000, Con=3.9608
2025-09-14 09:01:53,944 - INFO - Batch 1370/2278: Loss=1.1969, Cls=0.0086, Reg=0.0000, Con=3.9608
2025-09-14 09:01:54,837 - INFO - Batch 1380/2278: Loss=1.1883, Cls=0.0000, Reg=0.0000, Con=3.9609
2025-09-14 09:01:55,722 - INFO - Batch 1390/2278: Loss=1.1954, Cls=0.0072, Reg=0.0000, Con=3.9608
2025-09-14 09:01:56,631 - INFO - Batch 1400/2278: Loss=0.0000, Cls=0.0000, Reg=0.0000, Con=0.0000
2025-09-14 09:01:57,535 - INFO - Batch 1410/2278: Loss=1.1907, Cls=0.0024, Reg=0.0000, Con=3.9608
2025-09-14 09:01:58,452 - INFO - Batch 1420/2278: Loss=0.0004, Cls=0.0004, Reg=0.0000, Con=0.0000
2025-09-14 09:01:59,365 - INFO - Batch 1430/2278: Loss=0.0002, Cls=0.0002, Reg=0.0000, Con=0.0000
2025-09-14 09:02:00,274 - INFO - Batch 1440/2278: Loss=1.1886, Cls=0.0002, Reg=0.0000, Con=3.9613
2025-09-14 09:02:01,160 - INFO - Batch 1450/2278: Loss=0.0001, Cls=0.0001, Reg=0.0000, Con=0.0000
2025-09-14 09:02:02,050 - INFO - Batch 1460/2278: Loss=1.1886, Cls=0.0003, Reg=0.0000, Con=3.9609
2025-09-14 09:02:02,957 - INFO - Batch 1470/2278: Loss=1.2073, Cls=0.0191, Reg=0.0000, Con=3.9608
2025-09-14 09:02:03,856 - INFO - Batch 1480/2278: Loss=0.0004, Cls=0.0004, Reg=0.0000, Con=0.0000
2025-09-14 09:02:04,820 - INFO - Batch 1490/2278: Loss=1.9061, Cls=1.9061, Reg=0.0000, Con=0.0000
2025-09-14 09:02:05,740 - INFO - Batch 1500/2278: Loss=0.0036, Cls=0.0036, Reg=0.0000, Con=0.0000
2025-09-14 09:02:06,633 - INFO - Batch 1510/2278: Loss=1.2079, Cls=0.0196, Reg=0.0000, Con=3.9608
2025-09-14 09:02:07,501 - INFO - Batch 1520/2278: Loss=1.9852, Cls=0.7969, Reg=0.0000, Con=3.9608
2025-09-14 09:02:08,383 - INFO - Batch 1530/2278: Loss=1.1920, Cls=0.0037, Reg=0.0000, Con=3.9609
2025-09-14 09:02:09,284 - INFO - Batch 1540/2278: Loss=0.0001, Cls=0.0001, Reg=0.0000, Con=0.0000
2025-09-14 09:02:10,179 - INFO - Batch 1550/2278: Loss=1.1883, Cls=0.0000, Reg=0.0000, Con=3.9609
2025-09-14 09:02:11,093 - INFO - Batch 1560/2278: Loss=1.1973, Cls=0.0091, Reg=0.0000, Con=3.9608
2025-09-14 09:02:11,974 - INFO - Batch 1570/2278: Loss=1.4163, Cls=0.2280, Reg=0.0000, Con=3.9609
2025-09-14 09:02:12,862 - INFO - Batch 1580/2278: Loss=0.0003, Cls=0.0003, Reg=0.0000, Con=0.0000
2025-09-14 09:02:13,772 - INFO - Batch 1590/2278: Loss=0.0062, Cls=0.0062, Reg=0.0000, Con=0.0000
2025-09-14 09:02:14,687 - INFO - Batch 1600/2278: Loss=1.1888, Cls=0.0006, Reg=0.0000, Con=3.9609
2025-09-14 09:02:15,605 - INFO - Batch 1610/2278: Loss=0.0004, Cls=0.0004, Reg=0.0000, Con=0.0000
2025-09-14 09:02:16,527 - INFO - Batch 1620/2278: Loss=1.1883, Cls=0.0001, Reg=0.0000, Con=3.9609
2025-09-14 09:02:17,426 - INFO - Batch 1630/2278: Loss=0.0000, Cls=0.0000, Reg=0.0000, Con=0.0000
2025-09-14 09:02:18,327 - INFO - Batch 1640/2278: Loss=1.1883, Cls=0.0000, Reg=0.0000, Con=3.9609
2025-09-14 09:02:19,226 - INFO - Batch 1650/2278: Loss=0.0017, Cls=0.0017, Reg=0.0000, Con=0.0000
2025-09-14 09:02:20,132 - INFO - Batch 1660/2278: Loss=1.1891, Cls=0.0009, Reg=0.0000, Con=3.9607
2025-09-14 09:02:21,041 - INFO - Batch 1670/2278: Loss=1.1888, Cls=0.0005, Reg=0.0000, Con=3.9608
2025-09-14 09:02:21,950 - INFO - Batch 1680/2278: Loss=1.1955, Cls=0.0071, Reg=0.0000, Con=3.9615
2025-09-14 09:02:22,872 - INFO - Batch 1690/2278: Loss=0.5177, Cls=0.5177, Reg=0.0000, Con=0.0000
2025-09-14 09:02:23,777 - INFO - Batch 1700/2278: Loss=1.1882, Cls=0.0000, Reg=0.0000, Con=3.9608
2025-09-14 09:02:24,676 - INFO - Batch 1710/2278: Loss=1.1883, Cls=0.0000, Reg=0.0000, Con=3.9612
2025-09-14 09:02:25,574 - INFO - Batch 1720/2278: Loss=1.1911, Cls=0.0028, Reg=0.0000, Con=3.9610
2025-09-14 09:02:26,490 - INFO - Batch 1730/2278: Loss=1.1895, Cls=0.0013, Reg=0.0000, Con=3.9609
2025-09-14 09:02:27,378 - INFO - Batch 1740/2278: Loss=1.1883, Cls=0.0000, Reg=0.0000, Con=3.9610
2025-09-14 09:02:28,309 - INFO - Batch 1750/2278: Loss=1.1885, Cls=0.0002, Reg=0.0000, Con=3.9609
2025-09-14 09:02:29,238 - INFO - Batch 1760/2278: Loss=1.1889, Cls=0.0006, Reg=0.0000, Con=3.9608
2025-09-14 09:02:30,152 - INFO - Batch 1770/2278: Loss=1.1910, Cls=0.0027, Reg=0.0000, Con=3.9610
2025-09-14 09:02:31,053 - INFO - Batch 1780/2278: Loss=1.1891, Cls=0.0008, Reg=0.0000, Con=3.9609
2025-09-14 09:02:31,962 - INFO - Batch 1790/2278: Loss=1.1886, Cls=0.0003, Reg=0.0000, Con=3.9608
2025-09-14 09:02:32,852 - INFO - Batch 1800/2278: Loss=1.1933, Cls=0.0050, Reg=0.0000, Con=3.9609
2025-09-14 09:02:33,729 - INFO - Batch 1810/2278: Loss=1.1885, Cls=0.0002, Reg=0.0000, Con=3.9610
2025-09-14 09:02:34,611 - INFO - Batch 1820/2278: Loss=1.1886, Cls=0.0004, Reg=0.0000, Con=3.9608
2025-09-14 09:02:35,512 - INFO - Batch 1830/2278: Loss=1.1885, Cls=0.0000, Reg=0.0000, Con=3.9615
2025-09-14 09:02:36,428 - INFO - Batch 1840/2278: Loss=1.1902, Cls=0.0019, Reg=0.0000, Con=3.9609
2025-09-14 09:02:37,339 - INFO - Batch 1850/2278: Loss=1.3809, Cls=0.1927, Reg=0.0000, Con=3.9608
2025-09-14 09:02:38,244 - INFO - Batch 1860/2278: Loss=0.0083, Cls=0.0083, Reg=0.0000, Con=0.0000
2025-09-14 09:02:39,144 - INFO - Batch 1870/2278: Loss=0.2355, Cls=0.2355, Reg=0.0000, Con=0.0000
2025-09-14 09:02:40,057 - INFO - Batch 1880/2278: Loss=1.5874, Cls=0.3991, Reg=0.0000, Con=3.9610
2025-09-14 09:02:40,968 - INFO - Batch 1890/2278: Loss=0.0266, Cls=0.0266, Reg=0.0000, Con=0.0000
2025-09-14 09:02:41,865 - INFO - Batch 1900/2278: Loss=1.1912, Cls=0.0030, Reg=0.0000, Con=3.9607
2025-09-14 09:02:42,772 - INFO - Batch 1910/2278: Loss=1.2058, Cls=0.0176, Reg=0.0000, Con=3.9607
2025-09-14 09:02:43,694 - INFO - Batch 1920/2278: Loss=1.5823, Cls=0.3941, Reg=0.0000, Con=3.9608
2025-09-14 09:02:44,599 - INFO - Batch 1930/2278: Loss=0.0343, Cls=0.0343, Reg=0.0000, Con=0.0000
2025-09-14 09:02:45,495 - INFO - Batch 1940/2278: Loss=1.1882, Cls=0.0000, Reg=0.0000, Con=3.9607
2025-09-14 09:02:46,370 - INFO - Batch 1950/2278: Loss=8.3071, Cls=7.1188, Reg=0.0000, Con=3.9609
2025-09-14 09:02:47,293 - INFO - Batch 1960/2278: Loss=1.1883, Cls=0.0000, Reg=0.0000, Con=3.9609
2025-09-14 09:02:48,213 - INFO - Batch 1970/2278: Loss=1.1887, Cls=0.0005, Reg=0.0000, Con=3.9606
2025-09-14 09:02:49,113 - INFO - Batch 1980/2278: Loss=1.2023, Cls=0.0141, Reg=0.0000, Con=3.9608
2025-09-14 09:02:50,028 - INFO - Batch 1990/2278: Loss=1.7216, Cls=1.7216, Reg=0.0000, Con=0.0000
2025-09-14 09:02:50,918 - INFO - Batch 2000/2278: Loss=1.3213, Cls=0.1331, Reg=0.0000, Con=3.9607
2025-09-14 09:02:51,810 - INFO - Batch 2010/2278: Loss=1.1951, Cls=0.0069, Reg=0.0000, Con=3.9608
2025-09-14 09:02:52,695 - INFO - Batch 2020/2278: Loss=0.0004, Cls=0.0004, Reg=0.0000, Con=0.0000
2025-09-14 09:02:53,578 - INFO - Batch 2030/2278: Loss=1.1891, Cls=0.0008, Reg=0.0000, Con=3.9610
2025-09-14 09:02:54,486 - INFO - Batch 2040/2278: Loss=1.1884, Cls=0.0002, Reg=0.0000, Con=3.9608
2025-09-14 09:02:55,387 - INFO - Batch 2050/2278: Loss=0.0001, Cls=0.0001, Reg=0.0000, Con=0.0000
2025-09-14 09:02:56,292 - INFO - Batch 2060/2278: Loss=1.2850, Cls=0.0965, Reg=0.0000, Con=3.9615
2025-09-14 09:02:57,198 - INFO - Batch 2070/2278: Loss=1.1888, Cls=0.0006, Reg=0.0000, Con=3.9608
2025-09-14 09:02:58,101 - INFO - Batch 2080/2278: Loss=0.0165, Cls=0.0165, Reg=0.0000, Con=0.0000
2025-09-14 09:02:59,012 - INFO - Batch 2090/2278: Loss=1.1885, Cls=0.0003, Reg=0.0000, Con=3.9608
2025-09-14 09:02:59,921 - INFO - Batch 2100/2278: Loss=0.0683, Cls=0.0683, Reg=0.0000, Con=0.0000
2025-09-14 09:03:00,827 - INFO - Batch 2110/2278: Loss=0.0012, Cls=0.0012, Reg=0.0000, Con=0.0000
2025-09-14 09:03:01,731 - INFO - Batch 2120/2278: Loss=1.1917, Cls=0.0034, Reg=0.0000, Con=3.9609
2025-09-14 09:03:02,646 - INFO - Batch 2130/2278: Loss=1.1898, Cls=0.0015, Reg=0.0000, Con=3.9608
2025-09-14 09:03:03,547 - INFO - Batch 2140/2278: Loss=0.0111, Cls=0.0111, Reg=0.0000, Con=0.0000
2025-09-14 09:03:04,427 - INFO - Batch 2150/2278: Loss=3.3591, Cls=2.1708, Reg=0.0000, Con=3.9610
2025-09-14 09:03:05,316 - INFO - Batch 2160/2278: Loss=1.3658, Cls=0.1776, Reg=0.0000, Con=3.9608
2025-09-14 09:03:06,199 - INFO - Batch 2170/2278: Loss=1.1949, Cls=0.0067, Reg=0.0000, Con=3.9608
2025-09-14 09:03:07,091 - INFO - Batch 2180/2278: Loss=1.1919, Cls=0.0037, Reg=0.0000, Con=3.9608
2025-09-14 09:03:07,972 - INFO - Batch 2190/2278: Loss=1.1891, Cls=0.0008, Reg=0.0000, Con=3.9610
2025-09-14 09:03:08,856 - INFO - Batch 2200/2278: Loss=1.1908, Cls=0.0025, Reg=0.0000, Con=3.9608
2025-09-14 09:03:09,752 - INFO - Batch 2210/2278: Loss=1.1886, Cls=0.0002, Reg=0.0000, Con=3.9613
2025-09-14 09:03:10,660 - INFO - Batch 2220/2278: Loss=0.0014, Cls=0.0014, Reg=0.0000, Con=0.0000
2025-09-14 09:03:11,572 - INFO - Batch 2230/2278: Loss=0.0009, Cls=0.0009, Reg=0.0000, Con=0.0000
2025-09-14 09:03:12,489 - INFO - Batch 2240/2278: Loss=1.1905, Cls=0.0023, Reg=0.0000, Con=3.9608
2025-09-14 09:03:13,388 - INFO - Batch 2250/2278: Loss=0.0089, Cls=0.0089, Reg=0.0000, Con=0.0000
2025-09-14 09:03:14,302 - INFO - Batch 2260/2278: Loss=1.1911, Cls=0.0028, Reg=0.0000, Con=3.9609
2025-09-14 09:03:15,209 - INFO - Batch 2270/2278: Loss=1.1884, Cls=0.0002, Reg=0.0000, Con=3.9606
2025-09-14 09:06:40,902 - INFO - === Epoch 2 Results ===
2025-09-14 09:06:40,903 - INFO - Training Loss: 0.9324 (Classification: 0.1521, Regression: 0.0000)
2025-09-14 09:06:40,903 - INFO - Validation Loss: 0.0396 (Classification: 0.0396, Regression: 0.0000)
2025-09-14 09:06:40,903 - INFO - Average Classification Accuracy: 0.9631 (on 1/26 tasks)
2025-09-14 09:06:40,903 - INFO - Average AUC: 0.8626
2025-09-14 09:06:40,903 - INFO - 
Epoch 3/3
2025-09-14 09:06:40,995 - INFO - Batch 0/2278: Loss=1.1902, Cls=0.0020, Reg=0.0000, Con=3.9608
2025-09-14 09:06:41,853 - INFO - Batch 10/2278: Loss=1.1927, Cls=0.0044, Reg=0.0000, Con=3.9611
2025-09-14 09:06:42,759 - INFO - Batch 20/2278: Loss=1.1918, Cls=0.0036, Reg=0.0000, Con=3.9608
2025-09-14 09:06:43,689 - INFO - Batch 30/2278: Loss=0.0000, Cls=0.0000, Reg=0.0000, Con=0.0000
2025-09-14 09:06:44,573 - INFO - Batch 40/2278: Loss=1.1894, Cls=0.0011, Reg=0.0000, Con=3.9608
2025-09-14 09:06:45,491 - INFO - Batch 50/2278: Loss=1.1883, Cls=0.0000, Reg=0.0000, Con=3.9609
2025-09-14 09:06:46,448 - INFO - Batch 60/2278: Loss=1.1886, Cls=0.0004, Reg=0.0000, Con=3.9607
2025-09-14 09:06:47,358 - INFO - Batch 70/2278: Loss=1.5798, Cls=0.3916, Reg=0.0000, Con=3.9608
2025-09-14 09:06:48,249 - INFO - Batch 80/2278: Loss=0.0028, Cls=0.0028, Reg=0.0000, Con=0.0000
2025-09-14 09:06:49,163 - INFO - Batch 90/2278: Loss=1.1975, Cls=0.0092, Reg=0.0000, Con=3.9609
2025-09-14 09:06:50,097 - INFO - Batch 100/2278: Loss=1.1959, Cls=0.0077, Reg=0.0000, Con=3.9607
2025-09-14 09:06:51,015 - INFO - Batch 110/2278: Loss=1.2024, Cls=0.0138, Reg=0.0000, Con=3.9618
2025-09-14 09:06:51,917 - INFO - Batch 120/2278: Loss=1.2569, Cls=0.0686, Reg=0.0000, Con=3.9609
2025-09-14 09:06:52,810 - INFO - Batch 130/2278: Loss=1.1883, Cls=0.0001, Reg=0.0000, Con=3.9607
2025-09-14 09:06:53,730 - INFO - Batch 140/2278: Loss=0.0000, Cls=0.0000, Reg=0.0000, Con=0.0000
2025-09-14 09:06:54,618 - INFO - Batch 150/2278: Loss=1.1905, Cls=0.0023, Reg=0.0000, Con=3.9608
2025-09-14 09:06:55,517 - INFO - Batch 160/2278: Loss=0.0004, Cls=0.0004, Reg=0.0000, Con=0.0000
2025-09-14 09:06:56,446 - INFO - Batch 170/2278: Loss=1.1905, Cls=0.0022, Reg=0.0000, Con=3.9609
2025-09-14 09:06:57,339 - INFO - Batch 180/2278: Loss=1.1883, Cls=0.0000, Reg=0.0000, Con=3.9611
2025-09-14 09:06:58,239 - INFO - Batch 190/2278: Loss=1.1918, Cls=0.0036, Reg=0.0000, Con=3.9607
2025-09-14 09:06:59,148 - INFO - Batch 200/2278: Loss=0.0055, Cls=0.0055, Reg=0.0000, Con=0.0000
2025-09-14 09:07:00,060 - INFO - Batch 210/2278: Loss=2.7588, Cls=1.5705, Reg=0.0000, Con=3.9612
2025-09-14 09:07:00,952 - INFO - Batch 220/2278: Loss=1.1884, Cls=0.0002, Reg=0.0000, Con=3.9608
2025-09-14 09:07:01,871 - INFO - Batch 230/2278: Loss=1.2320, Cls=0.0437, Reg=0.0000, Con=3.9611
2025-09-14 09:07:02,785 - INFO - Batch 240/2278: Loss=1.1909, Cls=0.0026, Reg=0.0000, Con=3.9607
2025-09-14 09:07:03,663 - INFO - Batch 250/2278: Loss=1.1883, Cls=0.0000, Reg=0.0000, Con=3.9609
2025-09-14 09:07:04,592 - INFO - Batch 260/2278: Loss=1.1892, Cls=0.0010, Reg=0.0000, Con=3.9608
2025-09-14 09:07:05,519 - INFO - Batch 270/2278: Loss=1.1905, Cls=0.0023, Reg=0.0000, Con=3.9607
2025-09-14 09:07:06,409 - INFO - Batch 280/2278: Loss=1.1892, Cls=0.0009, Reg=0.0000, Con=3.9608
2025-09-14 09:07:07,291 - INFO - Batch 290/2278: Loss=1.2290, Cls=0.0407, Reg=0.0000, Con=3.9608
2025-09-14 09:07:08,198 - INFO - Batch 300/2278: Loss=1.1884, Cls=0.0001, Reg=0.0000, Con=3.9607
2025-09-14 09:07:09,104 - INFO - Batch 310/2278: Loss=1.1893, Cls=0.0010, Reg=0.0000, Con=3.9610
2025-09-14 09:07:09,988 - INFO - Batch 320/2278: Loss=1.1912, Cls=0.0029, Reg=0.0000, Con=3.9612
2025-09-14 09:07:10,852 - INFO - Batch 330/2278: Loss=0.0287, Cls=0.0287, Reg=0.0000, Con=0.0000
2025-09-14 09:07:11,755 - INFO - Batch 340/2278: Loss=0.0033, Cls=0.0033, Reg=0.0000, Con=0.0000
2025-09-14 09:07:12,647 - INFO - Batch 350/2278: Loss=1.1911, Cls=0.0027, Reg=0.0000, Con=3.9612
2025-09-14 09:07:13,541 - INFO - Batch 360/2278: Loss=1.1889, Cls=0.0006, Reg=0.0000, Con=3.9611
2025-09-14 09:07:14,435 - INFO - Batch 370/2278: Loss=1.1886, Cls=0.0003, Reg=0.0000, Con=3.9608
2025-09-14 09:07:15,336 - INFO - Batch 380/2278: Loss=1.1927, Cls=0.0045, Reg=0.0000, Con=3.9608
2025-09-14 09:07:16,262 - INFO - Batch 390/2278: Loss=1.1908, Cls=0.0025, Reg=0.0000, Con=3.9609
2025-09-14 09:07:17,155 - INFO - Batch 400/2278: Loss=0.0036, Cls=0.0036, Reg=0.0000, Con=0.0000
2025-09-14 09:07:18,059 - INFO - Batch 410/2278: Loss=1.1892, Cls=0.0009, Reg=0.0000, Con=3.9609
2025-09-14 09:07:18,976 - INFO - Batch 420/2278: Loss=1.1883, Cls=0.0000, Reg=0.0000, Con=3.9609
2025-09-14 09:07:19,909 - INFO - Batch 430/2278: Loss=1.2240, Cls=0.0355, Reg=0.0000, Con=3.9614
2025-09-14 09:07:20,803 - INFO - Batch 440/2278: Loss=0.0001, Cls=0.0001, Reg=0.0000, Con=0.0000
2025-09-14 09:07:21,684 - INFO - Batch 450/2278: Loss=1.1883, Cls=0.0001, Reg=0.0000, Con=3.9608
2025-09-14 09:07:22,576 - INFO - Batch 460/2278: Loss=0.0011, Cls=0.0011, Reg=0.0000, Con=0.0000
2025-09-14 09:07:23,475 - INFO - Batch 470/2278: Loss=0.0001, Cls=0.0001, Reg=0.0000, Con=0.0000
2025-09-14 09:07:24,381 - INFO - Batch 480/2278: Loss=1.1886, Cls=0.0003, Reg=0.0000, Con=3.9609
2025-09-14 09:07:25,263 - INFO - Batch 490/2278: Loss=0.0027, Cls=0.0027, Reg=0.0000, Con=0.0000
2025-09-14 09:07:26,159 - INFO - Batch 500/2278: Loss=0.0002, Cls=0.0002, Reg=0.0000, Con=0.0000
2025-09-14 09:07:27,230 - INFO - Batch 510/2278: Loss=1.1884, Cls=0.0001, Reg=0.0000, Con=3.9608
2025-09-14 09:07:28,136 - INFO - Batch 520/2278: Loss=0.2664, Cls=0.2664, Reg=0.0000, Con=0.0000
2025-09-14 09:07:29,016 - INFO - Batch 530/2278: Loss=3.1038, Cls=1.9156, Reg=0.0000, Con=3.9608
2025-09-14 09:07:29,929 - INFO - Batch 540/2278: Loss=1.1888, Cls=0.0005, Reg=0.0000, Con=3.9609
2025-09-14 09:07:30,825 - INFO - Batch 550/2278: Loss=0.0001, Cls=0.0001, Reg=0.0000, Con=0.0000
2025-09-14 09:07:31,731 - INFO - Batch 560/2278: Loss=1.1890, Cls=0.0007, Reg=0.0000, Con=3.9609
2025-09-14 09:07:32,650 - INFO - Batch 570/2278: Loss=1.1883, Cls=0.0000, Reg=0.0000, Con=3.9608
2025-09-14 09:07:33,561 - INFO - Batch 580/2278: Loss=0.0003, Cls=0.0003, Reg=0.0000, Con=0.0000
2025-09-14 09:07:34,443 - INFO - Batch 590/2278: Loss=1.2043, Cls=0.0160, Reg=0.0000, Con=3.9608
2025-09-14 09:07:35,364 - INFO - Batch 600/2278: Loss=0.0001, Cls=0.0001, Reg=0.0000, Con=0.0000
2025-09-14 09:07:36,289 - INFO - Batch 610/2278: Loss=0.0014, Cls=0.0014, Reg=0.0000, Con=0.0000
2025-09-14 09:07:37,202 - INFO - Batch 620/2278: Loss=1.1882, Cls=0.0000, Reg=0.0000, Con=3.9608
2025-09-14 09:07:38,070 - INFO - Batch 630/2278: Loss=1.1884, Cls=0.0001, Reg=0.0000, Con=3.9611
2025-09-14 09:07:39,043 - INFO - Batch 640/2278: Loss=1.1893, Cls=0.0011, Reg=0.0000, Con=3.9607
2025-09-14 09:07:39,964 - INFO - Batch 650/2278: Loss=1.1902, Cls=0.0019, Reg=0.0000, Con=3.9608
2025-09-14 09:07:40,886 - INFO - Batch 660/2278: Loss=0.0015, Cls=0.0015, Reg=0.0000, Con=0.0000
2025-09-14 09:07:41,790 - INFO - Batch 670/2278: Loss=1.1885, Cls=0.0003, Reg=0.0000, Con=3.9609
2025-09-14 09:07:42,711 - INFO - Batch 680/2278: Loss=0.0005, Cls=0.0005, Reg=0.0000, Con=0.0000
2025-09-14 09:07:43,601 - INFO - Batch 690/2278: Loss=1.1890, Cls=0.0007, Reg=0.0000, Con=3.9609
2025-09-14 09:07:44,523 - INFO - Batch 700/2278: Loss=1.6332, Cls=0.4449, Reg=0.0000, Con=3.9610
2025-09-14 09:07:45,437 - INFO - Batch 710/2278: Loss=1.1988, Cls=0.0105, Reg=0.0000, Con=3.9610
2025-09-14 09:07:46,363 - INFO - Batch 720/2278: Loss=1.1912, Cls=0.0029, Reg=0.0000, Con=3.9610
2025-09-14 09:07:47,257 - INFO - Batch 730/2278: Loss=1.8826, Cls=0.6944, Reg=0.0000, Con=3.9609
2025-09-14 09:07:48,180 - INFO - Batch 740/2278: Loss=1.1882, Cls=0.0000, Reg=0.0000, Con=3.9606
2025-09-14 09:07:49,066 - INFO - Batch 750/2278: Loss=1.1891, Cls=0.0009, Reg=0.0000, Con=3.9606
2025-09-14 09:07:49,989 - INFO - Batch 760/2278: Loss=1.1886, Cls=0.0003, Reg=0.0000, Con=3.9611
2025-09-14 09:07:50,895 - INFO - Batch 770/2278: Loss=1.1974, Cls=0.0090, Reg=0.0000, Con=3.9611
2025-09-14 09:07:51,794 - INFO - Batch 780/2278: Loss=0.0015, Cls=0.0015, Reg=0.0000, Con=0.0000
2025-09-14 09:07:52,685 - INFO - Batch 790/2278: Loss=1.1915, Cls=0.0032, Reg=0.0000, Con=3.9609
2025-09-14 09:07:53,579 - INFO - Batch 800/2278: Loss=1.1884, Cls=0.0001, Reg=0.0000, Con=3.9612
2025-09-14 09:07:54,494 - INFO - Batch 810/2278: Loss=0.0006, Cls=0.0006, Reg=0.0000, Con=0.0000
2025-09-14 09:07:55,397 - INFO - Batch 820/2278: Loss=1.1913, Cls=0.0031, Reg=0.0000, Con=3.9608
2025-09-14 09:07:56,285 - INFO - Batch 830/2278: Loss=1.1883, Cls=0.0001, Reg=0.0000, Con=3.9609
2025-09-14 09:07:57,188 - INFO - Batch 840/2278: Loss=0.0003, Cls=0.0003, Reg=0.0000, Con=0.0000
2025-09-14 09:07:58,111 - INFO - Batch 850/2278: Loss=0.0143, Cls=0.0143, Reg=0.0000, Con=0.0000
2025-09-14 09:07:58,983 - INFO - Batch 860/2278: Loss=1.1894, Cls=0.0011, Reg=0.0000, Con=3.9611
2025-09-14 09:07:59,864 - INFO - Batch 870/2278: Loss=1.1883, Cls=0.0000, Reg=0.0000, Con=3.9609
2025-09-14 09:08:00,865 - INFO - Batch 880/2278: Loss=0.0000, Cls=0.0000, Reg=0.0000, Con=0.0000
2025-09-14 09:08:01,901 - INFO - Batch 890/2278: Loss=1.6492, Cls=0.4609, Reg=0.0000, Con=3.9609
2025-09-14 09:08:02,808 - INFO - Batch 900/2278: Loss=0.0000, Cls=0.0000, Reg=0.0000, Con=0.0000
2025-09-14 09:08:03,682 - INFO - Batch 910/2278: Loss=0.0149, Cls=0.0149, Reg=0.0000, Con=0.0000
2025-09-14 09:08:04,596 - INFO - Batch 920/2278: Loss=0.0004, Cls=0.0004, Reg=0.0000, Con=0.0000
2025-09-14 09:08:05,490 - INFO - Batch 930/2278: Loss=0.0028, Cls=0.0028, Reg=0.0000, Con=0.0000
2025-09-14 09:08:06,384 - INFO - Batch 940/2278: Loss=1.1896, Cls=0.0012, Reg=0.0000, Con=3.9613
2025-09-14 09:08:07,270 - INFO - Batch 950/2278: Loss=0.0021, Cls=0.0021, Reg=0.0000, Con=0.0000
2025-09-14 09:08:08,154 - INFO - Batch 960/2278: Loss=0.0003, Cls=0.0003, Reg=0.0000, Con=0.0000
2025-09-14 09:08:09,066 - INFO - Batch 970/2278: Loss=1.1965, Cls=0.0082, Reg=0.0000, Con=3.9608
2025-09-14 09:08:09,967 - INFO - Batch 980/2278: Loss=1.1895, Cls=0.0012, Reg=0.0000, Con=3.9609
2025-09-14 09:08:10,887 - INFO - Batch 990/2278: Loss=3.1604, Cls=1.9722, Reg=0.0000, Con=3.9609
2025-09-14 09:08:11,771 - INFO - Batch 1000/2278: Loss=1.1905, Cls=0.0022, Reg=0.0000, Con=3.9610
2025-09-14 09:08:12,688 - INFO - Batch 1010/2278: Loss=1.1901, Cls=0.0019, Reg=0.0000, Con=3.9608
2025-09-14 09:08:13,560 - INFO - Batch 1020/2278: Loss=1.1889, Cls=0.0006, Reg=0.0000, Con=3.9608
2025-09-14 09:08:14,448 - INFO - Batch 1030/2278: Loss=0.0001, Cls=0.0001, Reg=0.0000, Con=0.0000
2025-09-14 09:08:15,349 - INFO - Batch 1040/2278: Loss=1.1884, Cls=0.0000, Reg=0.0000, Con=3.9613
2025-09-14 09:08:16,251 - INFO - Batch 1050/2278: Loss=0.0012, Cls=0.0012, Reg=0.0000, Con=0.0000
2025-09-14 09:08:17,154 - INFO - Batch 1060/2278: Loss=2.1917, Cls=1.0034, Reg=0.0000, Con=3.9611
2025-09-14 09:08:18,146 - INFO - Batch 1070/2278: Loss=1.1894, Cls=0.0011, Reg=0.0000, Con=3.9609
2025-09-14 09:08:19,041 - INFO - Batch 1080/2278: Loss=0.0000, Cls=0.0000, Reg=0.0000, Con=0.0000
2025-09-14 09:08:19,963 - INFO - Batch 1090/2278: Loss=1.1885, Cls=0.0001, Reg=0.0000, Con=3.9611
2025-09-14 09:08:20,856 - INFO - Batch 1100/2278: Loss=1.1883, Cls=0.0000, Reg=0.0000, Con=3.9611
2025-09-14 09:08:21,751 - INFO - Batch 1110/2278: Loss=0.0017, Cls=0.0017, Reg=0.0000, Con=0.0000
2025-09-14 09:08:22,669 - INFO - Batch 1120/2278: Loss=0.0006, Cls=0.0006, Reg=0.0000, Con=0.0000
2025-09-14 09:08:23,566 - INFO - Batch 1130/2278: Loss=0.0000, Cls=0.0000, Reg=0.0000, Con=0.0000
2025-09-14 09:08:24,476 - INFO - Batch 1140/2278: Loss=1.2163, Cls=0.0280, Reg=0.0000, Con=3.9609
2025-09-14 09:08:25,370 - INFO - Batch 1150/2278: Loss=0.0044, Cls=0.0044, Reg=0.0000, Con=0.0000
2025-09-14 09:08:26,295 - INFO - Batch 1160/2278: Loss=0.0013, Cls=0.0013, Reg=0.0000, Con=0.0000
2025-09-14 09:08:27,185 - INFO - Batch 1170/2278: Loss=1.1893, Cls=0.0011, Reg=0.0000, Con=3.9608
2025-09-14 09:08:28,104 - INFO - Batch 1180/2278: Loss=1.1884, Cls=0.0000, Reg=0.0000, Con=3.9613
2025-09-14 09:08:29,091 - INFO - Batch 1190/2278: Loss=1.1883, Cls=0.0000, Reg=0.0000, Con=3.9609
2025-09-14 09:08:29,988 - INFO - Batch 1200/2278: Loss=1.1898, Cls=0.0014, Reg=0.0000, Con=3.9611
2025-09-14 09:08:30,893 - INFO - Batch 1210/2278: Loss=1.3196, Cls=0.1313, Reg=0.0000, Con=3.9611
2025-09-14 09:08:31,832 - INFO - Batch 1220/2278: Loss=1.3549, Cls=0.1666, Reg=0.0000, Con=3.9609
2025-09-14 09:08:32,766 - INFO - Batch 1230/2278: Loss=0.0396, Cls=0.0396, Reg=0.0000, Con=0.0000
2025-09-14 09:08:33,656 - INFO - Batch 1240/2278: Loss=1.1939, Cls=0.0056, Reg=0.0000, Con=3.9608
2025-09-14 09:08:34,565 - INFO - Batch 1250/2278: Loss=1.1883, Cls=0.0001, Reg=0.0000, Con=3.9609
2025-09-14 09:08:35,459 - INFO - Batch 1260/2278: Loss=0.0176, Cls=0.0176, Reg=0.0000, Con=0.0000
2025-09-14 09:08:36,389 - INFO - Batch 1270/2278: Loss=1.1889, Cls=0.0006, Reg=0.0000, Con=3.9610
2025-09-14 09:08:37,287 - INFO - Batch 1280/2278: Loss=1.1923, Cls=0.0041, Reg=0.0000, Con=3.9607
2025-09-14 09:08:38,255 - INFO - Batch 1290/2278: Loss=0.0000, Cls=0.0000, Reg=0.0000, Con=0.0000
2025-09-14 09:08:39,145 - INFO - Batch 1300/2278: Loss=0.0023, Cls=0.0023, Reg=0.0000, Con=0.0000
2025-09-14 09:08:40,052 - INFO - Batch 1310/2278: Loss=1.2109, Cls=0.0226, Reg=0.0000, Con=3.9608
2025-09-14 09:08:41,026 - INFO - Batch 1320/2278: Loss=1.1905, Cls=0.0022, Reg=0.0000, Con=3.9610
2025-09-14 09:08:41,978 - INFO - Batch 1330/2278: Loss=1.2020, Cls=0.0137, Reg=0.0000, Con=3.9610
2025-09-14 09:08:42,870 - INFO - Batch 1340/2278: Loss=1.1886, Cls=0.0004, Reg=0.0000, Con=3.9608
2025-09-14 09:08:43,773 - INFO - Batch 1350/2278: Loss=1.1888, Cls=0.0006, Reg=0.0000, Con=3.9608
2025-09-14 09:08:44,677 - INFO - Batch 1360/2278: Loss=1.1910, Cls=0.0026, Reg=0.0000, Con=3.9612
2025-09-14 09:08:45,564 - INFO - Batch 1370/2278: Loss=1.2218, Cls=0.0335, Reg=0.0000, Con=3.9610
2025-09-14 09:08:46,473 - INFO - Batch 1380/2278: Loss=1.1888, Cls=0.0006, Reg=0.0000, Con=3.9608
2025-09-14 09:08:47,371 - INFO - Batch 1390/2278: Loss=1.1982, Cls=0.0099, Reg=0.0000, Con=3.9610
2025-09-14 09:08:48,292 - INFO - Batch 1400/2278: Loss=1.7368, Cls=0.5483, Reg=0.0000, Con=3.9615
2025-09-14 09:08:49,189 - INFO - Batch 1410/2278: Loss=0.0511, Cls=0.0511, Reg=0.0000, Con=0.0000
2025-09-14 09:08:50,127 - INFO - Batch 1420/2278: Loss=1.1906, Cls=0.0023, Reg=0.0000, Con=3.9610
2025-09-14 09:08:51,033 - INFO - Batch 1430/2278: Loss=0.0025, Cls=0.0025, Reg=0.0000, Con=0.0000
2025-09-14 09:08:51,971 - INFO - Batch 1440/2278: Loss=1.1882, Cls=0.0000, Reg=0.0000, Con=3.9606
2025-09-14 09:08:52,908 - INFO - Batch 1450/2278: Loss=0.0036, Cls=0.0036, Reg=0.0000, Con=0.0000
2025-09-14 09:08:53,792 - INFO - Batch 1460/2278: Loss=0.0014, Cls=0.0014, Reg=0.0000, Con=0.0000
2025-09-14 09:08:54,718 - INFO - Batch 1470/2278: Loss=1.2186, Cls=0.0303, Reg=0.0000, Con=3.9607
2025-09-14 09:08:55,649 - INFO - Batch 1480/2278: Loss=1.2008, Cls=0.0125, Reg=0.0000, Con=3.9608
2025-09-14 09:08:56,567 - INFO - Batch 1490/2278: Loss=2.7996, Cls=1.6113, Reg=0.0000, Con=3.9609
2025-09-14 09:08:57,472 - INFO - Batch 1500/2278: Loss=1.2066, Cls=0.0183, Reg=0.0000, Con=3.9610
2025-09-14 09:08:58,392 - INFO - Batch 1510/2278: Loss=1.2574, Cls=0.0691, Reg=0.0000, Con=3.9609
2025-09-14 09:08:59,269 - INFO - Batch 1520/2278: Loss=0.0071, Cls=0.0071, Reg=0.0000, Con=0.0000
2025-09-14 09:09:00,158 - INFO - Batch 1530/2278: Loss=1.1882, Cls=0.0000, Reg=0.0000, Con=3.9608
2025-09-14 09:09:01,062 - INFO - Batch 1540/2278: Loss=1.1960, Cls=0.0076, Reg=0.0000, Con=3.9610
2025-09-14 09:09:01,990 - INFO - Batch 1550/2278: Loss=1.1942, Cls=0.0058, Reg=0.0000, Con=3.9611
2025-09-14 09:09:02,883 - INFO - Batch 1560/2278: Loss=1.1890, Cls=0.0007, Reg=0.0000, Con=3.9608
2025-09-14 09:09:03,808 - INFO - Batch 1570/2278: Loss=0.0002, Cls=0.0002, Reg=0.0000, Con=0.0000
2025-09-14 09:09:04,715 - INFO - Batch 1580/2278: Loss=1.1882, Cls=0.0000, Reg=0.0000, Con=3.9608
2025-09-14 09:09:05,635 - INFO - Batch 1590/2278: Loss=0.0000, Cls=0.0000, Reg=0.0000, Con=0.0000
2025-09-14 09:09:06,537 - INFO - Batch 1600/2278: Loss=1.1991, Cls=0.0109, Reg=0.0000, Con=3.9608
2025-09-14 09:09:07,413 - INFO - Batch 1610/2278: Loss=0.0000, Cls=0.0000, Reg=0.0000, Con=0.0000
2025-09-14 09:09:08,319 - INFO - Batch 1620/2278: Loss=1.1895, Cls=0.0013, Reg=0.0000, Con=3.9608
2025-09-14 09:09:09,205 - INFO - Batch 1630/2278: Loss=1.1896, Cls=0.0013, Reg=0.0000, Con=3.9610
2025-09-14 09:09:10,121 - INFO - Batch 1640/2278: Loss=0.2239, Cls=0.2239, Reg=0.0000, Con=0.0000
2025-09-14 09:09:11,051 - INFO - Batch 1650/2278: Loss=1.1883, Cls=0.0000, Reg=0.0000, Con=3.9609
2025-09-14 09:09:11,963 - INFO - Batch 1660/2278: Loss=1.1890, Cls=0.0007, Reg=0.0000, Con=3.9613
2025-09-14 09:09:12,843 - INFO - Batch 1670/2278: Loss=1.1896, Cls=0.0014, Reg=0.0000, Con=3.9609
2025-09-14 09:09:13,758 - INFO - Batch 1680/2278: Loss=1.1889, Cls=0.0007, Reg=0.0000, Con=3.9607
2025-09-14 09:09:14,677 - INFO - Batch 1690/2278: Loss=1.1935, Cls=0.0052, Reg=0.0000, Con=3.9610
2025-09-14 09:09:15,585 - INFO - Batch 1700/2278: Loss=1.1917, Cls=0.0035, Reg=0.0000, Con=3.9608
2025-09-14 09:09:16,484 - INFO - Batch 1710/2278: Loss=0.0005, Cls=0.0005, Reg=0.0000, Con=0.0000
2025-09-14 09:09:17,376 - INFO - Batch 1720/2278: Loss=0.0005, Cls=0.0005, Reg=0.0000, Con=0.0000
2025-09-14 09:09:18,254 - INFO - Batch 1730/2278: Loss=1.1988, Cls=0.0105, Reg=0.0000, Con=3.9608
2025-09-14 09:09:19,157 - INFO - Batch 1740/2278: Loss=1.2181, Cls=0.0299, Reg=0.0000, Con=3.9609
2025-09-14 09:09:20,054 - INFO - Batch 1750/2278: Loss=0.0089, Cls=0.0089, Reg=0.0000, Con=0.0000
2025-09-14 09:09:20,949 - INFO - Batch 1760/2278: Loss=1.1884, Cls=0.0000, Reg=0.0000, Con=3.9612
2025-09-14 09:09:21,844 - INFO - Batch 1770/2278: Loss=0.0065, Cls=0.0065, Reg=0.0000, Con=0.0000
2025-09-14 09:09:22,737 - INFO - Batch 1780/2278: Loss=0.0010, Cls=0.0010, Reg=0.0000, Con=0.0000
2025-09-14 09:09:23,625 - INFO - Batch 1790/2278: Loss=0.0033, Cls=0.0033, Reg=0.0000, Con=0.0000
2025-09-14 09:09:24,522 - INFO - Batch 1800/2278: Loss=1.1936, Cls=0.0054, Reg=0.0000, Con=3.9607
2025-09-14 09:09:25,443 - INFO - Batch 1810/2278: Loss=0.0063, Cls=0.0063, Reg=0.0000, Con=0.0000
2025-09-14 09:09:26,359 - INFO - Batch 1820/2278: Loss=0.0082, Cls=0.0082, Reg=0.0000, Con=0.0000
2025-09-14 09:09:27,266 - INFO - Batch 1830/2278: Loss=1.1898, Cls=0.0015, Reg=0.0000, Con=3.9608
2025-09-14 09:09:28,163 - INFO - Batch 1840/2278: Loss=0.0014, Cls=0.0014, Reg=0.0000, Con=0.0000
2025-09-14 09:09:29,061 - INFO - Batch 1850/2278: Loss=1.1888, Cls=0.0006, Reg=0.0000, Con=3.9609
2025-09-14 09:09:29,961 - INFO - Batch 1860/2278: Loss=1.1884, Cls=0.0002, Reg=0.0000, Con=3.9607
2025-09-14 09:09:30,903 - INFO - Batch 1870/2278: Loss=0.0009, Cls=0.0009, Reg=0.0000, Con=0.0000
2025-09-14 09:09:31,815 - INFO - Batch 1880/2278: Loss=1.1894, Cls=0.0012, Reg=0.0000, Con=3.9607
2025-09-14 09:09:32,709 - INFO - Batch 1890/2278: Loss=0.0412, Cls=0.0412, Reg=0.0000, Con=0.0000
2025-09-14 09:09:33,649 - INFO - Batch 1900/2278: Loss=2.2990, Cls=2.2990, Reg=0.0000, Con=0.0000
2025-09-14 09:09:34,607 - INFO - Batch 1910/2278: Loss=1.1889, Cls=0.0006, Reg=0.0000, Con=3.9610
2025-09-14 09:09:35,501 - INFO - Batch 1920/2278: Loss=0.0011, Cls=0.0011, Reg=0.0000, Con=0.0000
2025-09-14 09:09:36,415 - INFO - Batch 1930/2278: Loss=1.1931, Cls=0.0048, Reg=0.0000, Con=3.9611
2025-09-14 09:09:37,322 - INFO - Batch 1940/2278: Loss=1.1886, Cls=0.0004, Reg=0.0000, Con=3.9607
2025-09-14 09:09:38,194 - INFO - Batch 1950/2278: Loss=1.1884, Cls=0.0001, Reg=0.0000, Con=3.9609
2025-09-14 09:09:39,092 - INFO - Batch 1960/2278: Loss=1.1902, Cls=0.0020, Reg=0.0000, Con=3.9610
2025-09-14 09:09:40,007 - INFO - Batch 1970/2278: Loss=0.0004, Cls=0.0004, Reg=0.0000, Con=0.0000
2025-09-14 09:09:40,931 - INFO - Batch 1980/2278: Loss=2.7140, Cls=1.5257, Reg=0.0000, Con=3.9610
2025-09-14 09:09:41,805 - INFO - Batch 1990/2278: Loss=1.1890, Cls=0.0007, Reg=0.0000, Con=3.9608
2025-09-14 09:09:42,689 - INFO - Batch 2000/2278: Loss=1.1914, Cls=0.0031, Reg=0.0000, Con=3.9610
2025-09-14 09:09:43,616 - INFO - Batch 2010/2278: Loss=1.2045, Cls=0.0163, Reg=0.0000, Con=3.9608
2025-09-14 09:09:44,593 - INFO - Batch 2020/2278: Loss=1.2089, Cls=0.0207, Reg=0.0000, Con=3.9608
2025-09-14 09:09:45,500 - INFO - Batch 2030/2278: Loss=1.1896, Cls=0.0013, Reg=0.0000, Con=3.9608
2025-09-14 09:09:46,421 - INFO - Batch 2040/2278: Loss=1.1896, Cls=0.0013, Reg=0.0000, Con=3.9610
2025-09-14 09:09:47,340 - INFO - Batch 2050/2278: Loss=0.0005, Cls=0.0005, Reg=0.0000, Con=0.0000
2025-09-14 09:09:48,231 - INFO - Batch 2060/2278: Loss=1.1917, Cls=0.0034, Reg=0.0000, Con=3.9609
2025-09-14 09:09:49,174 - INFO - Batch 2070/2278: Loss=0.0034, Cls=0.0034, Reg=0.0000, Con=0.0000
2025-09-14 09:09:50,075 - INFO - Batch 2080/2278: Loss=1.1910, Cls=0.0026, Reg=0.0000, Con=3.9613
2025-09-14 09:09:50,990 - INFO - Batch 2090/2278: Loss=1.1928, Cls=0.0046, Reg=0.0000, Con=3.9607
2025-09-14 09:09:51,896 - INFO - Batch 2100/2278: Loss=1.1902, Cls=0.0017, Reg=0.0000, Con=3.9619
2025-09-14 09:09:52,811 - INFO - Batch 2110/2278: Loss=1.1902, Cls=0.0019, Reg=0.0000, Con=3.9609
2025-09-14 09:09:53,722 - INFO - Batch 2120/2278: Loss=0.0022, Cls=0.0022, Reg=0.0000, Con=0.0000
2025-09-14 09:09:54,622 - INFO - Batch 2130/2278: Loss=0.0058, Cls=0.0058, Reg=0.0000, Con=0.0000
2025-09-14 09:09:55,542 - INFO - Batch 2140/2278: Loss=0.0014, Cls=0.0014, Reg=0.0000, Con=0.0000
2025-09-14 09:09:56,465 - INFO - Batch 2150/2278: Loss=1.1894, Cls=0.0012, Reg=0.0000, Con=3.9608
2025-09-14 09:09:57,388 - INFO - Batch 2160/2278: Loss=1.4573, Cls=0.2691, Reg=0.0000, Con=3.9609
2025-09-14 09:09:58,306 - INFO - Batch 2170/2278: Loss=1.1901, Cls=0.0019, Reg=0.0000, Con=3.9608
2025-09-14 09:09:59,217 - INFO - Batch 2180/2278: Loss=0.0034, Cls=0.0034, Reg=0.0000, Con=0.0000
2025-09-14 09:10:00,102 - INFO - Batch 2190/2278: Loss=1.1897, Cls=0.0014, Reg=0.0000, Con=3.9609
2025-09-14 09:10:01,020 - INFO - Batch 2200/2278: Loss=2.4128, Cls=1.2246, Reg=0.0000, Con=3.9608
2025-09-14 09:10:01,892 - INFO - Batch 2210/2278: Loss=0.0023, Cls=0.0023, Reg=0.0000, Con=0.0000
2025-09-14 09:10:02,796 - INFO - Batch 2220/2278: Loss=0.0009, Cls=0.0009, Reg=0.0000, Con=0.0000
2025-09-14 09:10:03,673 - INFO - Batch 2230/2278: Loss=1.1883, Cls=0.0000, Reg=0.0000, Con=3.9609
2025-09-14 09:10:04,638 - INFO - Batch 2240/2278: Loss=1.1896, Cls=0.0011, Reg=0.0000, Con=3.9617
2025-09-14 09:10:05,558 - INFO - Batch 2250/2278: Loss=1.1884, Cls=0.0002, Reg=0.0000, Con=3.9608
2025-09-14 09:10:06,469 - INFO - Batch 2260/2278: Loss=0.0005, Cls=0.0005, Reg=0.0000, Con=0.0000
2025-09-14 09:10:07,347 - INFO - Batch 2270/2278: Loss=0.0038, Cls=0.0038, Reg=0.0000, Con=0.0000
2025-09-14 09:13:35,690 - INFO - === Epoch 3 Results ===
2025-09-14 09:13:35,691 - INFO - Training Loss: 0.9181 (Classification: 0.1435, Regression: 0.0000)
2025-09-14 09:13:35,691 - INFO - Validation Loss: 0.0358 (Classification: 0.0358, Regression: 0.0000)
2025-09-14 09:13:35,691 - INFO - Average Classification Accuracy: 0.9631 (on 1/26 tasks)
2025-09-14 09:13:35,691 - INFO - Average AUC: 0.8726
2025-09-14 09:13:38,444 - INFO - Best model saved to: experiments/r1c3_headft_cls_19_seed_42_20250914_085301/checkpoints/r1c3_headft_cls_19_seed_42_best.pth
2025-09-14 09:13:38,445 - INFO - Training finished!
2025-09-14 09:13:38,445 - INFO - Performing final evaluation...
2025-09-14 09:13:38,719 - INFO - Loaded best model from: experiments/r1c3_headft_cls_19_seed_42_20250914_085301/checkpoints/r1c3_headft_cls_19_seed_42_best.pth
2025-09-14 09:17:07,230 - INFO - Final Validation Results:
2025-09-14 09:17:07,231 - INFO -   Total Loss: 0.0358
2025-09-14 09:17:07,231 - INFO -   Classification Loss: 0.0358
2025-09-14 09:17:07,231 - INFO -   Regression Loss: 0.0000
2025-09-14 09:17:07,231 - INFO -   Average Classification Accuracy: 0.9631
2025-09-14 09:17:07,231 - INFO -   Average AUC: 0.8726
2025-09-14 09:17:07,231 - INFO - Results saved to: experiments/r1c3_headft_cls_19_seed_42_20250914_085301/checkpoints/r1c3_headft_cls_19_seed_42_results.json
