2025-09-13 18:58:11,267 - INFO - 🔬 Starting experiment: r1c3_single_cls_11_seed_42
2025-09-13 18:58:11,267 - INFO - 📁 Experiment directory: experiments/r1c3_single_cls_11_seed_42_20250913_185810
2025-09-13 18:58:11,267 - INFO - 🎲 Random seed: 42
2025-09-13 18:58:11,267 - INFO - 🔒 Deterministic mode: True
2025-09-13 18:58:11,267 - INFO - Using device: cuda
2025-09-13 18:58:11,267 - INFO - Total GPU Memory: 25.16 GB
2025-09-13 18:58:11,285 - INFO - 🧪 Fusion: Using cross-attention dynamic fusion
2025-09-13 18:58:11,285 - INFO - 🧪 GNN Backbone: Using default GraphAttentionNetwork branch
2025-09-13 18:58:11,285 - INFO - 🎯 Task Mode: Single classification endpoint 11
2025-09-13 18:58:11,285 - INFO - Configuration saved to: experiments/r1c3_single_cls_11_seed_42_20250913_185810/checkpoints/config.json
2025-09-13 18:58:11,286 - INFO - 🚀 Using preprocessed data from: data/data/processed
2025-09-13 18:58:11,286 - INFO - Loading LMDB dataset from: data/data/processed
2025-09-13 18:58:11,820 - INFO - Number of training batches: 2278
2025-09-13 18:58:11,820 - INFO - Number of validation batches: 2278
2025-09-13 18:58:11,820 - INFO - Number of test batches: 2278
2025-09-13 18:58:11,820 - INFO - Creating ToxD4C model...
2025-09-13 18:58:12,881 - INFO - Model created successfully. Total parameters: 100,932,036
2025-09-13 18:58:12,881 - INFO - Testing model forward pass...
2025-09-13 18:58:13,294 - INFO - Test output shapes:
2025-09-13 18:58:13,294 - INFO -   classification: torch.Size([16, 1])
2025-09-13 18:58:13,297 - INFO -   classification contains NaN: False
2025-09-13 18:58:13,297 - INFO -   classification contains Inf: False
2025-09-13 18:58:13,298 - INFO -   regression: torch.Size([16, 0])
2025-09-13 18:58:13,298 - INFO -   regression contains NaN: False
2025-09-13 18:58:13,298 - INFO -   regression contains Inf: False
2025-09-13 18:58:13,298 - INFO - Model forward pass test successful!
2025-09-13 18:58:13,982 - INFO - 🔁 Loaded checkpoint from: experiments/r1c3_multi_full_seed_42_20250913_152627/checkpoints/r1c3_multi_full_seed_42_best.pth
2025-09-13 18:58:13,982 - INFO - 🧩 Head-only fine-tuning: unfroze head for task 'CYP2C9' and froze trunk.
2025-09-13 18:58:13,983 - INFO - Starting training...
2025-09-13 18:58:13,983 - INFO - 
Epoch 1/3
2025-09-13 18:58:14,145 - INFO - Batch 0/2278: Loss=0.7823, Cls=0.7823, Reg=0.0000, Con=0.0000
2025-09-13 18:58:15,085 - INFO - Batch 10/2278: Loss=1.3871, Cls=0.1989, Reg=0.0000, Con=3.9608
2025-09-13 18:58:15,962 - INFO - Batch 20/2278: Loss=1.7034, Cls=0.5151, Reg=0.0000, Con=3.9609
2025-09-13 18:58:16,826 - INFO - Batch 30/2278: Loss=2.1875, Cls=0.9993, Reg=0.0000, Con=3.9607
2025-09-13 18:58:17,693 - INFO - Batch 40/2278: Loss=0.0592, Cls=0.0592, Reg=0.0000, Con=0.0000
2025-09-13 18:58:18,571 - INFO - Batch 50/2278: Loss=1.2978, Cls=0.1096, Reg=0.0000, Con=3.9609
2025-09-13 18:58:19,473 - INFO - Batch 60/2278: Loss=2.1292, Cls=0.9409, Reg=0.0000, Con=3.9609
2025-09-13 18:58:20,363 - INFO - Batch 70/2278: Loss=1.2520, Cls=0.0638, Reg=0.0000, Con=3.9608
2025-09-13 18:58:21,212 - INFO - Batch 80/2278: Loss=0.3577, Cls=0.3577, Reg=0.0000, Con=0.0000
2025-09-13 18:58:22,110 - INFO - Batch 90/2278: Loss=1.3145, Cls=0.1263, Reg=0.0000, Con=3.9608
2025-09-13 18:58:22,969 - INFO - Batch 100/2278: Loss=1.2524, Cls=0.0642, Reg=0.0000, Con=3.9608
2025-09-13 18:58:23,865 - INFO - Batch 110/2278: Loss=0.0473, Cls=0.0473, Reg=0.0000, Con=0.0000
2025-09-13 18:58:24,745 - INFO - Batch 120/2278: Loss=1.8126, Cls=0.6243, Reg=0.0000, Con=3.9609
2025-09-13 18:58:25,612 - INFO - Batch 130/2278: Loss=1.7141, Cls=0.5258, Reg=0.0000, Con=3.9609
2025-09-13 18:58:26,472 - INFO - Batch 140/2278: Loss=1.2755, Cls=0.0872, Reg=0.0000, Con=3.9612
2025-09-13 18:58:27,370 - INFO - Batch 150/2278: Loss=1.1906, Cls=0.0022, Reg=0.0000, Con=3.9613
2025-09-13 18:58:28,258 - INFO - Batch 160/2278: Loss=1.2708, Cls=0.0825, Reg=0.0000, Con=3.9609
2025-09-13 18:58:29,127 - INFO - Batch 170/2278: Loss=1.6945, Cls=0.5061, Reg=0.0000, Con=3.9611
2025-09-13 18:58:30,016 - INFO - Batch 180/2278: Loss=1.2546, Cls=0.0664, Reg=0.0000, Con=3.9608
2025-09-13 18:58:30,885 - INFO - Batch 190/2278: Loss=1.2240, Cls=0.0358, Reg=0.0000, Con=3.9608
2025-09-13 18:58:31,745 - INFO - Batch 200/2278: Loss=0.0049, Cls=0.0049, Reg=0.0000, Con=0.0000
2025-09-13 18:58:32,639 - INFO - Batch 210/2278: Loss=0.0002, Cls=0.0002, Reg=0.0000, Con=0.0000
2025-09-13 18:58:33,514 - INFO - Batch 220/2278: Loss=0.4008, Cls=0.4008, Reg=0.0000, Con=0.0000
2025-09-13 18:58:34,404 - INFO - Batch 230/2278: Loss=1.7406, Cls=0.5523, Reg=0.0000, Con=3.9610
2025-09-13 18:58:35,274 - INFO - Batch 240/2278: Loss=1.4391, Cls=0.2509, Reg=0.0000, Con=3.9608
2025-09-13 18:58:36,151 - INFO - Batch 250/2278: Loss=0.0029, Cls=0.0029, Reg=0.0000, Con=0.0000
2025-09-13 18:58:37,027 - INFO - Batch 260/2278: Loss=0.0155, Cls=0.0155, Reg=0.0000, Con=0.0000
2025-09-13 18:58:37,927 - INFO - Batch 270/2278: Loss=0.0014, Cls=0.0014, Reg=0.0000, Con=0.0000
2025-09-13 18:58:38,788 - INFO - Batch 280/2278: Loss=1.2065, Cls=0.0182, Reg=0.0000, Con=3.9609
2025-09-13 18:58:39,639 - INFO - Batch 290/2278: Loss=0.0000, Cls=0.0000, Reg=0.0000, Con=0.0000
2025-09-13 18:58:40,501 - INFO - Batch 300/2278: Loss=1.3658, Cls=0.1775, Reg=0.0000, Con=3.9609
2025-09-13 18:58:41,386 - INFO - Batch 310/2278: Loss=1.1999, Cls=0.0116, Reg=0.0000, Con=3.9610
2025-09-13 18:58:42,251 - INFO - Batch 320/2278: Loss=2.2631, Cls=1.0748, Reg=0.0000, Con=3.9608
2025-09-13 18:58:43,151 - INFO - Batch 330/2278: Loss=1.2939, Cls=0.1057, Reg=0.0000, Con=3.9609
2025-09-13 18:58:44,027 - INFO - Batch 340/2278: Loss=2.2839, Cls=1.0956, Reg=0.0000, Con=3.9610
2025-09-13 18:58:44,940 - INFO - Batch 350/2278: Loss=1.7419, Cls=0.5536, Reg=0.0000, Con=3.9611
2025-09-13 18:58:45,814 - INFO - Batch 360/2278: Loss=1.2098, Cls=0.0216, Reg=0.0000, Con=3.9607
2025-09-13 18:58:46,700 - INFO - Batch 370/2278: Loss=1.2230, Cls=0.0348, Reg=0.0000, Con=3.9608
2025-09-13 18:58:47,581 - INFO - Batch 380/2278: Loss=2.0114, Cls=0.8232, Reg=0.0000, Con=3.9607
2025-09-13 18:58:48,477 - INFO - Batch 390/2278: Loss=1.1882, Cls=0.0000, Reg=0.0000, Con=3.9607
2025-09-13 18:58:49,362 - INFO - Batch 400/2278: Loss=1.8000, Cls=1.8000, Reg=0.0000, Con=0.0000
2025-09-13 18:58:50,227 - INFO - Batch 410/2278: Loss=0.0379, Cls=0.0379, Reg=0.0000, Con=0.0000
2025-09-13 18:58:51,115 - INFO - Batch 420/2278: Loss=1.2667, Cls=0.0785, Reg=0.0000, Con=3.9609
2025-09-13 18:58:52,007 - INFO - Batch 430/2278: Loss=1.2483, Cls=0.0601, Reg=0.0000, Con=3.9607
2025-09-13 18:58:52,879 - INFO - Batch 440/2278: Loss=1.6532, Cls=0.4650, Reg=0.0000, Con=3.9608
2025-09-13 18:58:53,739 - INFO - Batch 450/2278: Loss=1.8350, Cls=0.6467, Reg=0.0000, Con=3.9607
2025-09-13 18:58:54,609 - INFO - Batch 460/2278: Loss=1.1958, Cls=0.0076, Reg=0.0000, Con=3.9607
2025-09-13 18:58:55,505 - INFO - Batch 470/2278: Loss=1.1884, Cls=0.0000, Reg=0.0000, Con=3.9611
2025-09-13 18:58:56,386 - INFO - Batch 480/2278: Loss=1.4872, Cls=0.2990, Reg=0.0000, Con=3.9607
2025-09-13 18:58:57,255 - INFO - Batch 490/2278: Loss=0.0154, Cls=0.0154, Reg=0.0000, Con=0.0000
2025-09-13 18:58:58,116 - INFO - Batch 500/2278: Loss=6.1221, Cls=6.1221, Reg=0.0000, Con=0.0000
2025-09-13 18:58:58,985 - INFO - Batch 510/2278: Loss=1.1941, Cls=0.0058, Reg=0.0000, Con=3.9609
2025-09-13 18:58:59,854 - INFO - Batch 520/2278: Loss=1.1905, Cls=0.0023, Reg=0.0000, Con=3.9608
2025-09-13 18:59:00,723 - INFO - Batch 530/2278: Loss=3.0538, Cls=1.8656, Reg=0.0000, Con=3.9608
2025-09-13 18:59:01,628 - INFO - Batch 540/2278: Loss=1.1993, Cls=0.0110, Reg=0.0000, Con=3.9610
2025-09-13 18:59:02,499 - INFO - Batch 550/2278: Loss=1.4095, Cls=0.2213, Reg=0.0000, Con=3.9607
2025-09-13 18:59:03,352 - INFO - Batch 560/2278: Loss=1.2910, Cls=0.1028, Reg=0.0000, Con=3.9609
2025-09-13 18:59:04,278 - INFO - Batch 570/2278: Loss=1.2943, Cls=0.1061, Reg=0.0000, Con=3.9608
2025-09-13 18:59:05,154 - INFO - Batch 580/2278: Loss=1.1944, Cls=0.0061, Reg=0.0000, Con=3.9608
2025-09-13 18:59:06,013 - INFO - Batch 590/2278: Loss=0.0006, Cls=0.0006, Reg=0.0000, Con=0.0000
2025-09-13 18:59:06,908 - INFO - Batch 600/2278: Loss=1.2158, Cls=0.0276, Reg=0.0000, Con=3.9609
2025-09-13 18:59:07,768 - INFO - Batch 610/2278: Loss=1.2019, Cls=0.0137, Reg=0.0000, Con=3.9609
2025-09-13 18:59:08,638 - INFO - Batch 620/2278: Loss=1.2038, Cls=0.0156, Reg=0.0000, Con=3.9608
2025-09-13 18:59:09,527 - INFO - Batch 630/2278: Loss=0.7859, Cls=0.7859, Reg=0.0000, Con=0.0000
2025-09-13 18:59:10,433 - INFO - Batch 640/2278: Loss=1.9171, Cls=0.7289, Reg=0.0000, Con=3.9608
2025-09-13 18:59:11,297 - INFO - Batch 650/2278: Loss=1.1927, Cls=0.0043, Reg=0.0000, Con=3.9613
2025-09-13 18:59:12,166 - INFO - Batch 660/2278: Loss=1.6617, Cls=0.4734, Reg=0.0000, Con=3.9608
2025-09-13 18:59:13,045 - INFO - Batch 670/2278: Loss=1.2608, Cls=0.0725, Reg=0.0000, Con=3.9608
2025-09-13 18:59:13,929 - INFO - Batch 680/2278: Loss=3.3508, Cls=2.1625, Reg=0.0000, Con=3.9608
2025-09-13 18:59:14,838 - INFO - Batch 690/2278: Loss=0.2899, Cls=0.2899, Reg=0.0000, Con=0.0000
2025-09-13 18:59:15,798 - INFO - Batch 700/2278: Loss=0.4243, Cls=0.4243, Reg=0.0000, Con=0.0000
2025-09-13 18:59:16,697 - INFO - Batch 710/2278: Loss=1.3819, Cls=0.1937, Reg=0.0000, Con=3.9607
2025-09-13 18:59:17,584 - INFO - Batch 720/2278: Loss=1.8598, Cls=0.6715, Reg=0.0000, Con=3.9609
2025-09-13 18:59:18,484 - INFO - Batch 730/2278: Loss=1.2006, Cls=0.0123, Reg=0.0000, Con=3.9613
2025-09-13 18:59:19,376 - INFO - Batch 740/2278: Loss=1.2066, Cls=0.0183, Reg=0.0000, Con=3.9609
2025-09-13 18:59:20,312 - INFO - Batch 750/2278: Loss=1.1944, Cls=0.0061, Reg=0.0000, Con=3.9609
2025-09-13 18:59:21,205 - INFO - Batch 760/2278: Loss=1.1884, Cls=0.0001, Reg=0.0000, Con=3.9608
2025-09-13 18:59:22,096 - INFO - Batch 770/2278: Loss=2.1911, Cls=1.0028, Reg=0.0000, Con=3.9610
2025-09-13 18:59:22,992 - INFO - Batch 780/2278: Loss=1.1894, Cls=0.0011, Reg=0.0000, Con=3.9608
2025-09-13 18:59:23,882 - INFO - Batch 790/2278: Loss=0.0190, Cls=0.0190, Reg=0.0000, Con=0.0000
2025-09-13 18:59:24,767 - INFO - Batch 800/2278: Loss=2.2113, Cls=1.0230, Reg=0.0000, Con=3.9612
2025-09-13 18:59:25,641 - INFO - Batch 810/2278: Loss=1.1910, Cls=0.0026, Reg=0.0000, Con=3.9612
2025-09-13 18:59:26,548 - INFO - Batch 820/2278: Loss=1.6738, Cls=0.4855, Reg=0.0000, Con=3.9609
2025-09-13 18:59:27,458 - INFO - Batch 830/2278: Loss=1.3862, Cls=0.1979, Reg=0.0000, Con=3.9609
2025-09-13 18:59:28,338 - INFO - Batch 840/2278: Loss=1.2047, Cls=0.0165, Reg=0.0000, Con=3.9608
2025-09-13 18:59:29,233 - INFO - Batch 850/2278: Loss=0.3738, Cls=0.3738, Reg=0.0000, Con=0.0000
2025-09-13 18:59:30,090 - INFO - Batch 860/2278: Loss=1.2115, Cls=0.0233, Reg=0.0000, Con=3.9607
2025-09-13 18:59:30,960 - INFO - Batch 870/2278: Loss=0.0352, Cls=0.0352, Reg=0.0000, Con=0.0000
2025-09-13 18:59:31,873 - INFO - Batch 880/2278: Loss=1.3816, Cls=0.1934, Reg=0.0000, Con=3.9608
2025-09-13 18:59:32,734 - INFO - Batch 890/2278: Loss=0.0000, Cls=0.0000, Reg=0.0000, Con=0.0000
2025-09-13 18:59:33,637 - INFO - Batch 900/2278: Loss=1.2002, Cls=0.0120, Reg=0.0000, Con=3.9609
2025-09-13 18:59:34,534 - INFO - Batch 910/2278: Loss=1.2065, Cls=0.0182, Reg=0.0000, Con=3.9609
2025-09-13 18:59:35,397 - INFO - Batch 920/2278: Loss=1.5174, Cls=0.3292, Reg=0.0000, Con=3.9610
2025-09-13 18:59:36,290 - INFO - Batch 930/2278: Loss=1.1888, Cls=0.0006, Reg=0.0000, Con=3.9608
2025-09-13 18:59:37,176 - INFO - Batch 940/2278: Loss=1.9286, Cls=0.7403, Reg=0.0000, Con=3.9609
2025-09-13 18:59:38,064 - INFO - Batch 950/2278: Loss=2.6396, Cls=1.4513, Reg=0.0000, Con=3.9609
2025-09-13 18:59:38,936 - INFO - Batch 960/2278: Loss=1.2748, Cls=0.0865, Reg=0.0000, Con=3.9609
2025-09-13 18:59:39,833 - INFO - Batch 970/2278: Loss=1.3450, Cls=0.1567, Reg=0.0000, Con=3.9612
2025-09-13 18:59:40,710 - INFO - Batch 980/2278: Loss=0.0079, Cls=0.0079, Reg=0.0000, Con=0.0000
2025-09-13 18:59:41,596 - INFO - Batch 990/2278: Loss=0.0397, Cls=0.0397, Reg=0.0000, Con=0.0000
2025-09-13 18:59:42,478 - INFO - Batch 1000/2278: Loss=1.1883, Cls=0.0000, Reg=0.0000, Con=3.9609
2025-09-13 18:59:43,390 - INFO - Batch 1010/2278: Loss=1.1997, Cls=0.0115, Reg=0.0000, Con=3.9607
2025-09-13 18:59:44,276 - INFO - Batch 1020/2278: Loss=0.0000, Cls=0.0000, Reg=0.0000, Con=0.0000
2025-09-13 18:59:45,158 - INFO - Batch 1030/2278: Loss=1.3250, Cls=0.1367, Reg=0.0000, Con=3.9610
2025-09-13 18:59:46,045 - INFO - Batch 1040/2278: Loss=1.3555, Cls=0.1673, Reg=0.0000, Con=3.9607
2025-09-13 18:59:46,905 - INFO - Batch 1050/2278: Loss=1.2938, Cls=0.1055, Reg=0.0000, Con=3.9609
2025-09-13 18:59:47,786 - INFO - Batch 1060/2278: Loss=1.1902, Cls=0.0020, Reg=0.0000, Con=3.9608
2025-09-13 18:59:48,669 - INFO - Batch 1070/2278: Loss=1.3025, Cls=0.1143, Reg=0.0000, Con=3.9608
2025-09-13 18:59:49,551 - INFO - Batch 1080/2278: Loss=0.0052, Cls=0.0052, Reg=0.0000, Con=0.0000
2025-09-13 18:59:50,465 - INFO - Batch 1090/2278: Loss=1.2019, Cls=0.0136, Reg=0.0000, Con=3.9608
2025-09-13 18:59:51,344 - INFO - Batch 1100/2278: Loss=1.2118, Cls=0.0236, Reg=0.0000, Con=3.9608
2025-09-13 18:59:52,245 - INFO - Batch 1110/2278: Loss=1.2157, Cls=0.0275, Reg=0.0000, Con=3.9608
2025-09-13 18:59:53,117 - INFO - Batch 1120/2278: Loss=0.2684, Cls=0.2684, Reg=0.0000, Con=0.0000
2025-09-13 18:59:54,021 - INFO - Batch 1130/2278: Loss=1.5298, Cls=0.3415, Reg=0.0000, Con=3.9608
2025-09-13 18:59:54,909 - INFO - Batch 1140/2278: Loss=2.0867, Cls=0.8984, Reg=0.0000, Con=3.9608
2025-09-13 18:59:55,773 - INFO - Batch 1150/2278: Loss=1.9140, Cls=0.7257, Reg=0.0000, Con=3.9611
2025-09-13 18:59:56,649 - INFO - Batch 1160/2278: Loss=1.2001, Cls=0.0118, Reg=0.0000, Con=3.9609
2025-09-13 18:59:57,521 - INFO - Batch 1170/2278: Loss=0.0011, Cls=0.0011, Reg=0.0000, Con=0.0000
2025-09-13 18:59:58,383 - INFO - Batch 1180/2278: Loss=2.4128, Cls=1.2246, Reg=0.0000, Con=3.9609
2025-09-13 18:59:59,270 - INFO - Batch 1190/2278: Loss=1.2132, Cls=0.0249, Reg=0.0000, Con=3.9609
2025-09-13 19:00:00,149 - INFO - Batch 1200/2278: Loss=0.0049, Cls=0.0049, Reg=0.0000, Con=0.0000
2025-09-13 19:00:01,032 - INFO - Batch 1210/2278: Loss=1.2878, Cls=0.0995, Reg=0.0000, Con=3.9610
2025-09-13 19:00:01,899 - INFO - Batch 1220/2278: Loss=1.7995, Cls=1.7995, Reg=0.0000, Con=0.0000
2025-09-13 19:00:02,776 - INFO - Batch 1230/2278: Loss=1.2031, Cls=0.0149, Reg=0.0000, Con=3.9609
2025-09-13 19:00:03,679 - INFO - Batch 1240/2278: Loss=1.3610, Cls=0.1728, Reg=0.0000, Con=3.9608
2025-09-13 19:00:04,566 - INFO - Batch 1250/2278: Loss=0.4387, Cls=0.4387, Reg=0.0000, Con=0.0000
2025-09-13 19:00:05,448 - INFO - Batch 1260/2278: Loss=1.1926, Cls=0.0044, Reg=0.0000, Con=3.9608
2025-09-13 19:00:06,336 - INFO - Batch 1270/2278: Loss=1.1937, Cls=0.0054, Reg=0.0000, Con=3.9609
2025-09-13 19:00:07,204 - INFO - Batch 1280/2278: Loss=1.9605, Cls=0.7723, Reg=0.0000, Con=3.9608
2025-09-13 19:00:08,087 - INFO - Batch 1290/2278: Loss=1.3839, Cls=0.1957, Reg=0.0000, Con=3.9607
2025-09-13 19:00:08,981 - INFO - Batch 1300/2278: Loss=1.2200, Cls=0.0317, Reg=0.0000, Con=3.9610
2025-09-13 19:00:09,879 - INFO - Batch 1310/2278: Loss=1.9767, Cls=0.7884, Reg=0.0000, Con=3.9611
2025-09-13 19:00:10,764 - INFO - Batch 1320/2278: Loss=2.3886, Cls=1.2003, Reg=0.0000, Con=3.9608
2025-09-13 19:00:11,627 - INFO - Batch 1330/2278: Loss=1.6013, Cls=0.4129, Reg=0.0000, Con=3.9613
2025-09-13 19:00:12,505 - INFO - Batch 1340/2278: Loss=1.2385, Cls=0.0503, Reg=0.0000, Con=3.9608
2025-09-13 19:00:13,404 - INFO - Batch 1350/2278: Loss=0.0001, Cls=0.0001, Reg=0.0000, Con=0.0000
2025-09-13 19:00:14,293 - INFO - Batch 1360/2278: Loss=1.3412, Cls=0.1529, Reg=0.0000, Con=3.9609
2025-09-13 19:00:15,186 - INFO - Batch 1370/2278: Loss=2.2418, Cls=1.0535, Reg=0.0000, Con=3.9608
2025-09-13 19:00:16,100 - INFO - Batch 1380/2278: Loss=1.1883, Cls=0.0001, Reg=0.0000, Con=3.9608
2025-09-13 19:00:16,966 - INFO - Batch 1390/2278: Loss=1.1917, Cls=0.0034, Reg=0.0000, Con=3.9608
2025-09-13 19:00:17,866 - INFO - Batch 1400/2278: Loss=1.2031, Cls=0.0148, Reg=0.0000, Con=3.9609
2025-09-13 19:00:18,794 - INFO - Batch 1410/2278: Loss=1.1887, Cls=0.0004, Reg=0.0000, Con=3.9612
2025-09-13 19:00:19,687 - INFO - Batch 1420/2278: Loss=0.0062, Cls=0.0062, Reg=0.0000, Con=0.0000
2025-09-13 19:00:20,558 - INFO - Batch 1430/2278: Loss=1.2150, Cls=0.0268, Reg=0.0000, Con=3.9609
2025-09-13 19:00:21,411 - INFO - Batch 1440/2278: Loss=1.1891, Cls=0.0009, Reg=0.0000, Con=3.9609
2025-09-13 19:00:22,263 - INFO - Batch 1450/2278: Loss=1.1977, Cls=0.0095, Reg=0.0000, Con=3.9608
2025-09-13 19:00:23,142 - INFO - Batch 1460/2278: Loss=0.1996, Cls=0.1996, Reg=0.0000, Con=0.0000
2025-09-13 19:00:24,014 - INFO - Batch 1470/2278: Loss=1.2222, Cls=0.0340, Reg=0.0000, Con=3.9609
2025-09-13 19:00:24,888 - INFO - Batch 1480/2278: Loss=1.1887, Cls=0.0005, Reg=0.0000, Con=3.9607
2025-09-13 19:00:25,782 - INFO - Batch 1490/2278: Loss=1.2693, Cls=0.0811, Reg=0.0000, Con=3.9608
2025-09-13 19:00:26,663 - INFO - Batch 1500/2278: Loss=1.1883, Cls=0.0000, Reg=0.0000, Con=3.9609
2025-09-13 19:00:27,557 - INFO - Batch 1510/2278: Loss=0.0004, Cls=0.0004, Reg=0.0000, Con=0.0000
2025-09-13 19:00:28,432 - INFO - Batch 1520/2278: Loss=1.3406, Cls=0.1524, Reg=0.0000, Con=3.9608
2025-09-13 19:00:29,297 - INFO - Batch 1530/2278: Loss=1.3323, Cls=0.1441, Reg=0.0000, Con=3.9608
2025-09-13 19:00:30,180 - INFO - Batch 1540/2278: Loss=1.3357, Cls=0.1475, Reg=0.0000, Con=3.9609
2025-09-13 19:00:31,078 - INFO - Batch 1550/2278: Loss=1.6346, Cls=0.4464, Reg=0.0000, Con=3.9610
2025-09-13 19:00:31,962 - INFO - Batch 1560/2278: Loss=1.2301, Cls=0.0419, Reg=0.0000, Con=3.9609
2025-09-13 19:00:32,873 - INFO - Batch 1570/2278: Loss=1.2076, Cls=0.0193, Reg=0.0000, Con=3.9608
2025-09-13 19:00:33,788 - INFO - Batch 1580/2278: Loss=1.1882, Cls=0.0000, Reg=0.0000, Con=3.9608
2025-09-13 19:00:34,674 - INFO - Batch 1590/2278: Loss=1.2613, Cls=0.0731, Reg=0.0000, Con=3.9609
2025-09-13 19:00:35,536 - INFO - Batch 1600/2278: Loss=1.7606, Cls=0.5723, Reg=0.0000, Con=3.9608
2025-09-13 19:00:36,399 - INFO - Batch 1610/2278: Loss=0.1335, Cls=0.1335, Reg=0.0000, Con=0.0000
2025-09-13 19:00:37,273 - INFO - Batch 1620/2278: Loss=1.2029, Cls=0.0147, Reg=0.0000, Con=3.9608
2025-09-13 19:00:38,178 - INFO - Batch 1630/2278: Loss=1.1982, Cls=0.0099, Reg=0.0000, Con=3.9608
2025-09-13 19:00:39,052 - INFO - Batch 1640/2278: Loss=0.0157, Cls=0.0157, Reg=0.0000, Con=0.0000
2025-09-13 19:00:39,933 - INFO - Batch 1650/2278: Loss=0.5863, Cls=0.5863, Reg=0.0000, Con=0.0000
2025-09-13 19:00:40,830 - INFO - Batch 1660/2278: Loss=0.0010, Cls=0.0010, Reg=0.0000, Con=0.0000
2025-09-13 19:00:41,687 - INFO - Batch 1670/2278: Loss=1.1884, Cls=0.0001, Reg=0.0000, Con=3.9612
2025-09-13 19:00:42,560 - INFO - Batch 1680/2278: Loss=0.1333, Cls=0.1333, Reg=0.0000, Con=0.0000
2025-09-13 19:00:43,453 - INFO - Batch 1690/2278: Loss=1.1906, Cls=0.0022, Reg=0.0000, Con=3.9612
2025-09-13 19:00:44,318 - INFO - Batch 1700/2278: Loss=1.1884, Cls=0.0000, Reg=0.0000, Con=3.9612
2025-09-13 19:00:45,184 - INFO - Batch 1710/2278: Loss=1.3030, Cls=0.1148, Reg=0.0000, Con=3.9608
2025-09-13 19:00:46,046 - INFO - Batch 1720/2278: Loss=1.7671, Cls=0.5788, Reg=0.0000, Con=3.9608
2025-09-13 19:00:46,915 - INFO - Batch 1730/2278: Loss=0.0175, Cls=0.0175, Reg=0.0000, Con=0.0000
2025-09-13 19:00:47,796 - INFO - Batch 1740/2278: Loss=0.0632, Cls=0.0632, Reg=0.0000, Con=0.0000
2025-09-13 19:00:48,670 - INFO - Batch 1750/2278: Loss=1.1894, Cls=0.0012, Reg=0.0000, Con=3.9609
2025-09-13 19:00:49,538 - INFO - Batch 1760/2278: Loss=1.2175, Cls=0.0292, Reg=0.0000, Con=3.9609
2025-09-13 19:00:50,425 - INFO - Batch 1770/2278: Loss=1.1948, Cls=0.0066, Reg=0.0000, Con=3.9608
2025-09-13 19:00:51,313 - INFO - Batch 1780/2278: Loss=2.4946, Cls=1.3063, Reg=0.0000, Con=3.9608
2025-09-13 19:00:52,186 - INFO - Batch 1790/2278: Loss=0.0160, Cls=0.0160, Reg=0.0000, Con=0.0000
2025-09-13 19:00:53,069 - INFO - Batch 1800/2278: Loss=0.0377, Cls=0.0377, Reg=0.0000, Con=0.0000
2025-09-13 19:00:53,971 - INFO - Batch 1810/2278: Loss=0.0008, Cls=0.0008, Reg=0.0000, Con=0.0000
2025-09-13 19:00:54,849 - INFO - Batch 1820/2278: Loss=1.9576, Cls=0.7694, Reg=0.0000, Con=3.9609
2025-09-13 19:00:55,721 - INFO - Batch 1830/2278: Loss=0.1628, Cls=0.1628, Reg=0.0000, Con=0.0000
2025-09-13 19:00:56,576 - INFO - Batch 1840/2278: Loss=0.0019, Cls=0.0019, Reg=0.0000, Con=0.0000
2025-09-13 19:00:57,496 - INFO - Batch 1850/2278: Loss=1.1883, Cls=0.0000, Reg=0.0000, Con=3.9608
2025-09-13 19:00:58,375 - INFO - Batch 1860/2278: Loss=0.0002, Cls=0.0002, Reg=0.0000, Con=0.0000
2025-09-13 19:00:59,264 - INFO - Batch 1870/2278: Loss=1.3792, Cls=0.1909, Reg=0.0000, Con=3.9608
2025-09-13 19:01:00,126 - INFO - Batch 1880/2278: Loss=0.0035, Cls=0.0035, Reg=0.0000, Con=0.0000
2025-09-13 19:01:01,016 - INFO - Batch 1890/2278: Loss=1.7213, Cls=0.5330, Reg=0.0000, Con=3.9609
2025-09-13 19:01:01,898 - INFO - Batch 1900/2278: Loss=1.3770, Cls=0.1887, Reg=0.0000, Con=3.9608
2025-09-13 19:01:02,763 - INFO - Batch 1910/2278: Loss=3.1332, Cls=1.9450, Reg=0.0000, Con=3.9607
2025-09-13 19:01:03,672 - INFO - Batch 1920/2278: Loss=1.7455, Cls=0.5573, Reg=0.0000, Con=3.9607
2025-09-13 19:01:04,565 - INFO - Batch 1930/2278: Loss=1.5135, Cls=0.3253, Reg=0.0000, Con=3.9607
2025-09-13 19:01:05,451 - INFO - Batch 1940/2278: Loss=1.2971, Cls=0.1089, Reg=0.0000, Con=3.9608
2025-09-13 19:01:06,314 - INFO - Batch 1950/2278: Loss=1.1884, Cls=0.0002, Reg=0.0000, Con=3.9608
2025-09-13 19:01:07,179 - INFO - Batch 1960/2278: Loss=2.1740, Cls=0.9857, Reg=0.0000, Con=3.9609
2025-09-13 19:01:08,033 - INFO - Batch 1970/2278: Loss=1.2584, Cls=0.0701, Reg=0.0000, Con=3.9609
2025-09-13 19:01:08,910 - INFO - Batch 1980/2278: Loss=1.1978, Cls=0.0096, Reg=0.0000, Con=3.9608
2025-09-13 19:01:09,775 - INFO - Batch 1990/2278: Loss=2.6633, Cls=1.4748, Reg=0.0000, Con=3.9615
2025-09-13 19:01:10,652 - INFO - Batch 2000/2278: Loss=1.2061, Cls=0.0179, Reg=0.0000, Con=3.9608
2025-09-13 19:01:11,528 - INFO - Batch 2010/2278: Loss=1.2115, Cls=0.0233, Reg=0.0000, Con=3.9608
2025-09-13 19:01:12,414 - INFO - Batch 2020/2278: Loss=1.1909, Cls=0.0027, Reg=0.0000, Con=3.9608
2025-09-13 19:01:13,292 - INFO - Batch 2030/2278: Loss=1.8631, Cls=0.6749, Reg=0.0000, Con=3.9607
2025-09-13 19:01:14,167 - INFO - Batch 2040/2278: Loss=1.1883, Cls=0.0000, Reg=0.0000, Con=3.9609
2025-09-13 19:01:15,056 - INFO - Batch 2050/2278: Loss=1.1923, Cls=0.0041, Reg=0.0000, Con=3.9608
2025-09-13 19:01:15,922 - INFO - Batch 2060/2278: Loss=0.2291, Cls=0.2291, Reg=0.0000, Con=0.0000
2025-09-13 19:01:16,782 - INFO - Batch 2070/2278: Loss=1.1989, Cls=0.0106, Reg=0.0000, Con=3.9611
2025-09-13 19:01:17,641 - INFO - Batch 2080/2278: Loss=1.2703, Cls=0.0820, Reg=0.0000, Con=3.9609
2025-09-13 19:01:18,513 - INFO - Batch 2090/2278: Loss=2.2684, Cls=1.0800, Reg=0.0000, Con=3.9612
2025-09-13 19:01:19,402 - INFO - Batch 2100/2278: Loss=1.2324, Cls=0.0441, Reg=0.0000, Con=3.9611
2025-09-13 19:01:20,280 - INFO - Batch 2110/2278: Loss=1.1900, Cls=0.0018, Reg=0.0000, Con=3.9608
2025-09-13 19:01:21,158 - INFO - Batch 2120/2278: Loss=0.0430, Cls=0.0430, Reg=0.0000, Con=0.0000
2025-09-13 19:01:22,042 - INFO - Batch 2130/2278: Loss=1.2112, Cls=0.0230, Reg=0.0000, Con=3.9605
2025-09-13 19:01:22,928 - INFO - Batch 2140/2278: Loss=1.1920, Cls=0.0038, Reg=0.0000, Con=3.9608
2025-09-13 19:01:23,802 - INFO - Batch 2150/2278: Loss=1.1886, Cls=0.0004, Reg=0.0000, Con=3.9607
2025-09-13 19:01:24,685 - INFO - Batch 2160/2278: Loss=3.4383, Cls=2.2501, Reg=0.0000, Con=3.9608
2025-09-13 19:01:25,556 - INFO - Batch 2170/2278: Loss=1.4064, Cls=0.2182, Reg=0.0000, Con=3.9609
2025-09-13 19:01:26,425 - INFO - Batch 2180/2278: Loss=0.5512, Cls=0.5512, Reg=0.0000, Con=0.0000
2025-09-13 19:01:27,319 - INFO - Batch 2190/2278: Loss=0.0838, Cls=0.0838, Reg=0.0000, Con=0.0000
2025-09-13 19:01:28,211 - INFO - Batch 2200/2278: Loss=1.4966, Cls=0.3084, Reg=0.0000, Con=3.9605
2025-09-13 19:01:29,098 - INFO - Batch 2210/2278: Loss=1.1890, Cls=0.0008, Reg=0.0000, Con=3.9609
2025-09-13 19:01:30,006 - INFO - Batch 2220/2278: Loss=1.7784, Cls=0.5901, Reg=0.0000, Con=3.9610
2025-09-13 19:01:30,876 - INFO - Batch 2230/2278: Loss=0.1234, Cls=0.1234, Reg=0.0000, Con=0.0000
2025-09-13 19:01:31,741 - INFO - Batch 2240/2278: Loss=1.1976, Cls=0.0093, Reg=0.0000, Con=3.9609
2025-09-13 19:01:32,600 - INFO - Batch 2250/2278: Loss=1.6082, Cls=0.4199, Reg=0.0000, Con=3.9609
2025-09-13 19:01:33,477 - INFO - Batch 2260/2278: Loss=1.2756, Cls=0.0874, Reg=0.0000, Con=3.9608
2025-09-13 19:01:34,358 - INFO - Batch 2270/2278: Loss=1.6077, Cls=0.4195, Reg=0.0000, Con=3.9608
2025-09-13 19:04:54,230 - INFO - === Epoch 1 Results ===
2025-09-13 19:04:54,230 - INFO - Training Loss: 1.1799 (Classification: 0.2911, Regression: 0.0000)
2025-09-13 19:04:54,230 - INFO - Validation Loss: 0.1260 (Classification: 0.1260, Regression: 0.0000)
2025-09-13 19:04:54,230 - INFO - Average Classification Accuracy: 0.8535 (on 1/26 tasks)
2025-09-13 19:04:54,230 - INFO - Average AUC: 0.9044
2025-09-13 19:04:54,761 - INFO - Best model saved to: experiments/r1c3_single_cls_11_seed_42_20250913_185810/checkpoints/r1c3_single_cls_11_seed_42_best.pth
2025-09-13 19:04:54,761 - INFO - 
Epoch 2/3
2025-09-13 19:04:54,860 - INFO - Batch 0/2278: Loss=0.6863, Cls=0.6863, Reg=0.0000, Con=0.0000
2025-09-13 19:04:55,760 - INFO - Batch 10/2278: Loss=1.2837, Cls=0.0956, Reg=0.0000, Con=3.9604
2025-09-13 19:04:56,662 - INFO - Batch 20/2278: Loss=1.5525, Cls=0.3642, Reg=0.0000, Con=3.9609
2025-09-13 19:04:57,562 - INFO - Batch 30/2278: Loss=1.3108, Cls=0.1226, Reg=0.0000, Con=3.9608
2025-09-13 19:04:58,455 - INFO - Batch 40/2278: Loss=1.6686, Cls=0.4804, Reg=0.0000, Con=3.9608
2025-09-13 19:04:59,387 - INFO - Batch 50/2278: Loss=0.0002, Cls=0.0002, Reg=0.0000, Con=0.0000
2025-09-13 19:05:00,266 - INFO - Batch 60/2278: Loss=0.0044, Cls=0.0044, Reg=0.0000, Con=0.0000
2025-09-13 19:05:01,163 - INFO - Batch 70/2278: Loss=1.7977, Cls=0.6095, Reg=0.0000, Con=3.9607
2025-09-13 19:05:02,072 - INFO - Batch 80/2278: Loss=1.2747, Cls=0.0865, Reg=0.0000, Con=3.9609
2025-09-13 19:05:02,986 - INFO - Batch 90/2278: Loss=1.8321, Cls=1.8321, Reg=0.0000, Con=0.0000
2025-09-13 19:05:03,904 - INFO - Batch 100/2278: Loss=2.8018, Cls=1.6136, Reg=0.0000, Con=3.9608
2025-09-13 19:05:04,819 - INFO - Batch 110/2278: Loss=2.9031, Cls=1.7148, Reg=0.0000, Con=3.9609
2025-09-13 19:05:05,734 - INFO - Batch 120/2278: Loss=0.0434, Cls=0.0434, Reg=0.0000, Con=0.0000
2025-09-13 19:05:06,642 - INFO - Batch 130/2278: Loss=1.4383, Cls=0.2501, Reg=0.0000, Con=3.9607
2025-09-13 19:05:07,551 - INFO - Batch 140/2278: Loss=1.1964, Cls=0.0082, Reg=0.0000, Con=3.9609
2025-09-13 19:05:08,464 - INFO - Batch 150/2278: Loss=1.1896, Cls=0.0012, Reg=0.0000, Con=3.9611
2025-09-13 19:05:09,373 - INFO - Batch 160/2278: Loss=1.1895, Cls=0.0012, Reg=0.0000, Con=3.9609
2025-09-13 19:05:10,267 - INFO - Batch 170/2278: Loss=0.1907, Cls=0.1907, Reg=0.0000, Con=0.0000
2025-09-13 19:05:11,175 - INFO - Batch 180/2278: Loss=1.2434, Cls=0.0551, Reg=0.0000, Con=3.9609
2025-09-13 19:05:12,085 - INFO - Batch 190/2278: Loss=0.0759, Cls=0.0759, Reg=0.0000, Con=0.0000
2025-09-13 19:05:13,000 - INFO - Batch 200/2278: Loss=1.1896, Cls=0.0014, Reg=0.0000, Con=3.9608
2025-09-13 19:05:13,895 - INFO - Batch 210/2278: Loss=1.2359, Cls=0.0476, Reg=0.0000, Con=3.9609
2025-09-13 19:05:14,791 - INFO - Batch 220/2278: Loss=0.0000, Cls=0.0000, Reg=0.0000, Con=0.0000
2025-09-13 19:05:15,700 - INFO - Batch 230/2278: Loss=0.2599, Cls=0.2599, Reg=0.0000, Con=0.0000
2025-09-13 19:05:16,623 - INFO - Batch 240/2278: Loss=0.0003, Cls=0.0003, Reg=0.0000, Con=0.0000
2025-09-13 19:05:17,533 - INFO - Batch 250/2278: Loss=0.2869, Cls=0.2869, Reg=0.0000, Con=0.0000
2025-09-13 19:05:18,436 - INFO - Batch 260/2278: Loss=0.1161, Cls=0.1161, Reg=0.0000, Con=0.0000
2025-09-13 19:05:19,339 - INFO - Batch 270/2278: Loss=1.1990, Cls=0.0108, Reg=0.0000, Con=3.9608
2025-09-13 19:05:20,248 - INFO - Batch 280/2278: Loss=1.1902, Cls=0.0020, Reg=0.0000, Con=3.9609
2025-09-13 19:05:21,155 - INFO - Batch 290/2278: Loss=3.0572, Cls=1.8690, Reg=0.0000, Con=3.9609
2025-09-13 19:05:22,073 - INFO - Batch 300/2278: Loss=1.1883, Cls=0.0000, Reg=0.0000, Con=3.9609
2025-09-13 19:05:23,003 - INFO - Batch 310/2278: Loss=4.0609, Cls=2.8726, Reg=0.0000, Con=3.9608
2025-09-13 19:05:23,928 - INFO - Batch 320/2278: Loss=0.2211, Cls=0.2211, Reg=0.0000, Con=0.0000
2025-09-13 19:05:24,818 - INFO - Batch 330/2278: Loss=1.1883, Cls=0.0000, Reg=0.0000, Con=3.9609
2025-09-13 19:05:25,694 - INFO - Batch 340/2278: Loss=1.1887, Cls=0.0004, Reg=0.0000, Con=3.9609
2025-09-13 19:05:26,596 - INFO - Batch 350/2278: Loss=1.1903, Cls=0.0020, Reg=0.0000, Con=3.9609
2025-09-13 19:05:27,510 - INFO - Batch 360/2278: Loss=1.2096, Cls=0.0213, Reg=0.0000, Con=3.9609
2025-09-13 19:05:28,400 - INFO - Batch 370/2278: Loss=1.1896, Cls=0.0013, Reg=0.0000, Con=3.9609
2025-09-13 19:05:29,286 - INFO - Batch 380/2278: Loss=1.1954, Cls=0.0072, Reg=0.0000, Con=3.9608
2025-09-13 19:05:30,192 - INFO - Batch 390/2278: Loss=4.1504, Cls=2.9621, Reg=0.0000, Con=3.9609
2025-09-13 19:05:31,123 - INFO - Batch 400/2278: Loss=1.2678, Cls=0.0795, Reg=0.0000, Con=3.9607
2025-09-13 19:05:32,073 - INFO - Batch 410/2278: Loss=1.1930, Cls=0.0048, Reg=0.0000, Con=3.9608
2025-09-13 19:05:33,011 - INFO - Batch 420/2278: Loss=0.1930, Cls=0.1930, Reg=0.0000, Con=0.0000
2025-09-13 19:05:33,930 - INFO - Batch 430/2278: Loss=0.0001, Cls=0.0001, Reg=0.0000, Con=0.0000
2025-09-13 19:05:34,819 - INFO - Batch 440/2278: Loss=1.2183, Cls=0.0301, Reg=0.0000, Con=3.9608
2025-09-13 19:05:35,711 - INFO - Batch 450/2278: Loss=1.1882, Cls=0.0000, Reg=0.0000, Con=3.9607
2025-09-13 19:05:36,610 - INFO - Batch 460/2278: Loss=0.0035, Cls=0.0035, Reg=0.0000, Con=0.0000
2025-09-13 19:05:37,515 - INFO - Batch 470/2278: Loss=1.1934, Cls=0.0052, Reg=0.0000, Con=3.9608
2025-09-13 19:05:38,421 - INFO - Batch 480/2278: Loss=0.0080, Cls=0.0080, Reg=0.0000, Con=0.0000
2025-09-13 19:05:39,334 - INFO - Batch 490/2278: Loss=1.1885, Cls=0.0002, Reg=0.0000, Con=3.9610
2025-09-13 19:05:40,241 - INFO - Batch 500/2278: Loss=1.2190, Cls=0.0307, Reg=0.0000, Con=3.9607
2025-09-13 19:05:41,158 - INFO - Batch 510/2278: Loss=1.1895, Cls=0.0013, Reg=0.0000, Con=3.9607
2025-09-13 19:05:42,080 - INFO - Batch 520/2278: Loss=1.4360, Cls=0.2477, Reg=0.0000, Con=3.9607
2025-09-13 19:05:42,979 - INFO - Batch 530/2278: Loss=1.1887, Cls=0.0004, Reg=0.0000, Con=3.9608
2025-09-13 19:05:43,856 - INFO - Batch 540/2278: Loss=1.3777, Cls=0.1894, Reg=0.0000, Con=3.9610
2025-09-13 19:05:44,750 - INFO - Batch 550/2278: Loss=1.7530, Cls=0.5647, Reg=0.0000, Con=3.9607
2025-09-13 19:05:45,651 - INFO - Batch 560/2278: Loss=0.0014, Cls=0.0014, Reg=0.0000, Con=0.0000
2025-09-13 19:05:46,553 - INFO - Batch 570/2278: Loss=1.1964, Cls=0.0081, Reg=0.0000, Con=3.9608
2025-09-13 19:05:47,453 - INFO - Batch 580/2278: Loss=0.1570, Cls=0.1570, Reg=0.0000, Con=0.0000
2025-09-13 19:05:48,350 - INFO - Batch 590/2278: Loss=1.2145, Cls=0.0263, Reg=0.0000, Con=3.9608
2025-09-13 19:05:49,240 - INFO - Batch 600/2278: Loss=0.0052, Cls=0.0052, Reg=0.0000, Con=0.0000
2025-09-13 19:05:50,141 - INFO - Batch 610/2278: Loss=1.1891, Cls=0.0008, Reg=0.0000, Con=3.9608
2025-09-13 19:05:51,037 - INFO - Batch 620/2278: Loss=1.2075, Cls=0.0192, Reg=0.0000, Con=3.9608
2025-09-13 19:05:51,912 - INFO - Batch 630/2278: Loss=0.4548, Cls=0.4548, Reg=0.0000, Con=0.0000
2025-09-13 19:05:52,845 - INFO - Batch 640/2278: Loss=0.0233, Cls=0.0233, Reg=0.0000, Con=0.0000
2025-09-13 19:05:53,742 - INFO - Batch 650/2278: Loss=0.0025, Cls=0.0025, Reg=0.0000, Con=0.0000
2025-09-13 19:05:54,645 - INFO - Batch 660/2278: Loss=2.8653, Cls=1.6771, Reg=0.0000, Con=3.9607
2025-09-13 19:05:55,571 - INFO - Batch 670/2278: Loss=1.8303, Cls=0.6420, Reg=0.0000, Con=3.9608
2025-09-13 19:05:56,481 - INFO - Batch 680/2278: Loss=1.7289, Cls=0.5406, Reg=0.0000, Con=3.9608
2025-09-13 19:05:57,374 - INFO - Batch 690/2278: Loss=1.4576, Cls=0.2693, Reg=0.0000, Con=3.9610
2025-09-13 19:05:58,298 - INFO - Batch 700/2278: Loss=0.1943, Cls=0.1943, Reg=0.0000, Con=0.0000
2025-09-13 19:05:59,203 - INFO - Batch 710/2278: Loss=1.1900, Cls=0.0017, Reg=0.0000, Con=3.9610
2025-09-13 19:06:00,091 - INFO - Batch 720/2278: Loss=1.2468, Cls=0.0586, Reg=0.0000, Con=3.9609
2025-09-13 19:06:00,981 - INFO - Batch 730/2278: Loss=1.2987, Cls=0.1104, Reg=0.0000, Con=3.9612
2025-09-13 19:06:01,863 - INFO - Batch 740/2278: Loss=1.6658, Cls=0.4775, Reg=0.0000, Con=3.9610
2025-09-13 19:06:02,761 - INFO - Batch 750/2278: Loss=0.0104, Cls=0.0104, Reg=0.0000, Con=0.0000
2025-09-13 19:06:03,648 - INFO - Batch 760/2278: Loss=0.0287, Cls=0.0287, Reg=0.0000, Con=0.0000
2025-09-13 19:06:04,543 - INFO - Batch 770/2278: Loss=1.1897, Cls=0.0015, Reg=0.0000, Con=3.9608
2025-09-13 19:06:05,448 - INFO - Batch 780/2278: Loss=0.0008, Cls=0.0008, Reg=0.0000, Con=0.0000
2025-09-13 19:06:06,345 - INFO - Batch 790/2278: Loss=1.8599, Cls=0.6717, Reg=0.0000, Con=3.9608
2025-09-13 19:06:07,263 - INFO - Batch 800/2278: Loss=1.3641, Cls=0.1758, Reg=0.0000, Con=3.9608
2025-09-13 19:06:08,170 - INFO - Batch 810/2278: Loss=2.1927, Cls=1.0045, Reg=0.0000, Con=3.9607
2025-09-13 19:06:09,057 - INFO - Batch 820/2278: Loss=1.6401, Cls=0.4518, Reg=0.0000, Con=3.9608
2025-09-13 19:06:09,981 - INFO - Batch 830/2278: Loss=1.2715, Cls=0.0833, Reg=0.0000, Con=3.9607
2025-09-13 19:06:10,900 - INFO - Batch 840/2278: Loss=1.4442, Cls=0.2559, Reg=0.0000, Con=3.9608
2025-09-13 19:06:11,808 - INFO - Batch 850/2278: Loss=0.0227, Cls=0.0227, Reg=0.0000, Con=0.0000
2025-09-13 19:06:12,730 - INFO - Batch 860/2278: Loss=1.3152, Cls=0.1270, Reg=0.0000, Con=3.9607
2025-09-13 19:06:13,632 - INFO - Batch 870/2278: Loss=0.0011, Cls=0.0011, Reg=0.0000, Con=0.0000
2025-09-13 19:06:14,540 - INFO - Batch 880/2278: Loss=0.0022, Cls=0.0022, Reg=0.0000, Con=0.0000
2025-09-13 19:06:15,438 - INFO - Batch 890/2278: Loss=2.5852, Cls=1.3970, Reg=0.0000, Con=3.9608
2025-09-13 19:06:16,350 - INFO - Batch 900/2278: Loss=0.0009, Cls=0.0009, Reg=0.0000, Con=0.0000
2025-09-13 19:06:17,232 - INFO - Batch 910/2278: Loss=1.2949, Cls=0.1067, Reg=0.0000, Con=3.9607
2025-09-13 19:06:18,136 - INFO - Batch 920/2278: Loss=1.1883, Cls=0.0000, Reg=0.0000, Con=3.9611
2025-09-13 19:06:19,027 - INFO - Batch 930/2278: Loss=4.9754, Cls=3.7872, Reg=0.0000, Con=3.9609
2025-09-13 19:06:19,928 - INFO - Batch 940/2278: Loss=0.4879, Cls=0.4879, Reg=0.0000, Con=0.0000
2025-09-13 19:06:20,823 - INFO - Batch 950/2278: Loss=0.1427, Cls=0.1427, Reg=0.0000, Con=0.0000
2025-09-13 19:06:21,757 - INFO - Batch 960/2278: Loss=0.1025, Cls=0.1025, Reg=0.0000, Con=0.0000
2025-09-13 19:06:22,679 - INFO - Batch 970/2278: Loss=0.0137, Cls=0.0137, Reg=0.0000, Con=0.0000
2025-09-13 19:06:23,571 - INFO - Batch 980/2278: Loss=1.1923, Cls=0.0040, Reg=0.0000, Con=3.9609
2025-09-13 19:06:24,471 - INFO - Batch 990/2278: Loss=1.3095, Cls=0.1214, Reg=0.0000, Con=3.9606
2025-09-13 19:06:25,364 - INFO - Batch 1000/2278: Loss=1.4136, Cls=0.2253, Reg=0.0000, Con=3.9608
2025-09-13 19:06:26,257 - INFO - Batch 1010/2278: Loss=2.0012, Cls=0.8129, Reg=0.0000, Con=3.9609
2025-09-13 19:06:27,145 - INFO - Batch 1020/2278: Loss=1.1892, Cls=0.0007, Reg=0.0000, Con=3.9615
2025-09-13 19:06:28,039 - INFO - Batch 1030/2278: Loss=1.3200, Cls=0.1318, Reg=0.0000, Con=3.9608
2025-09-13 19:06:28,955 - INFO - Batch 1040/2278: Loss=1.2207, Cls=0.0324, Reg=0.0000, Con=3.9608
2025-09-13 19:06:29,868 - INFO - Batch 1050/2278: Loss=1.1883, Cls=0.0000, Reg=0.0000, Con=3.9611
2025-09-13 19:06:30,758 - INFO - Batch 1060/2278: Loss=1.1897, Cls=0.0014, Reg=0.0000, Con=3.9612
2025-09-13 19:06:31,656 - INFO - Batch 1070/2278: Loss=2.0989, Cls=0.9107, Reg=0.0000, Con=3.9609
2025-09-13 19:06:32,562 - INFO - Batch 1080/2278: Loss=1.2155, Cls=0.0273, Reg=0.0000, Con=3.9608
2025-09-13 19:06:33,512 - INFO - Batch 1090/2278: Loss=1.1905, Cls=0.0022, Reg=0.0000, Con=3.9608
2025-09-13 19:06:34,415 - INFO - Batch 1100/2278: Loss=1.7566, Cls=0.5684, Reg=0.0000, Con=3.9608
2025-09-13 19:06:35,307 - INFO - Batch 1110/2278: Loss=1.3580, Cls=0.1697, Reg=0.0000, Con=3.9608
2025-09-13 19:06:36,217 - INFO - Batch 1120/2278: Loss=1.1883, Cls=0.0001, Reg=0.0000, Con=3.9608
2025-09-13 19:06:37,124 - INFO - Batch 1130/2278: Loss=0.0062, Cls=0.0062, Reg=0.0000, Con=0.0000
2025-09-13 19:06:38,013 - INFO - Batch 1140/2278: Loss=1.4528, Cls=0.2646, Reg=0.0000, Con=3.9608
2025-09-13 19:06:38,924 - INFO - Batch 1150/2278: Loss=1.2164, Cls=0.0281, Reg=0.0000, Con=3.9609
2025-09-13 19:06:39,802 - INFO - Batch 1160/2278: Loss=2.5180, Cls=1.3298, Reg=0.0000, Con=3.9607
2025-09-13 19:06:40,702 - INFO - Batch 1170/2278: Loss=0.0741, Cls=0.0741, Reg=0.0000, Con=0.0000
2025-09-13 19:06:41,612 - INFO - Batch 1180/2278: Loss=1.3036, Cls=0.1153, Reg=0.0000, Con=3.9609
2025-09-13 19:06:42,539 - INFO - Batch 1190/2278: Loss=1.2129, Cls=0.0246, Reg=0.0000, Con=3.9610
2025-09-13 19:06:43,452 - INFO - Batch 1200/2278: Loss=1.5711, Cls=0.3828, Reg=0.0000, Con=3.9609
2025-09-13 19:06:44,364 - INFO - Batch 1210/2278: Loss=1.1975, Cls=0.0093, Reg=0.0000, Con=3.9608
2025-09-13 19:06:45,288 - INFO - Batch 1220/2278: Loss=1.9740, Cls=0.7858, Reg=0.0000, Con=3.9609
2025-09-13 19:06:46,210 - INFO - Batch 1230/2278: Loss=1.2199, Cls=0.0316, Reg=0.0000, Con=3.9609
2025-09-13 19:06:47,106 - INFO - Batch 1240/2278: Loss=1.3020, Cls=0.1137, Reg=0.0000, Con=3.9608
2025-09-13 19:06:48,015 - INFO - Batch 1250/2278: Loss=0.0444, Cls=0.0444, Reg=0.0000, Con=0.0000
2025-09-13 19:06:48,920 - INFO - Batch 1260/2278: Loss=1.3455, Cls=0.1573, Reg=0.0000, Con=3.9607
2025-09-13 19:06:49,816 - INFO - Batch 1270/2278: Loss=1.2768, Cls=1.2768, Reg=0.0000, Con=0.0000
2025-09-13 19:06:50,686 - INFO - Batch 1280/2278: Loss=1.2017, Cls=0.0134, Reg=0.0000, Con=3.9608
2025-09-13 19:06:51,598 - INFO - Batch 1290/2278: Loss=1.6672, Cls=0.4790, Reg=0.0000, Con=3.9610
2025-09-13 19:06:52,516 - INFO - Batch 1300/2278: Loss=1.1883, Cls=0.0000, Reg=0.0000, Con=3.9610
2025-09-13 19:06:53,429 - INFO - Batch 1310/2278: Loss=0.0786, Cls=0.0786, Reg=0.0000, Con=0.0000
2025-09-13 19:06:54,334 - INFO - Batch 1320/2278: Loss=1.1900, Cls=0.0018, Reg=0.0000, Con=3.9609
2025-09-13 19:06:55,232 - INFO - Batch 1330/2278: Loss=1.1884, Cls=0.0001, Reg=0.0000, Con=3.9609
2025-09-13 19:06:56,153 - INFO - Batch 1340/2278: Loss=1.1984, Cls=0.0102, Reg=0.0000, Con=3.9606
2025-09-13 19:06:57,054 - INFO - Batch 1350/2278: Loss=1.4561, Cls=0.2680, Reg=0.0000, Con=3.9606
2025-09-13 19:06:57,965 - INFO - Batch 1360/2278: Loss=1.3399, Cls=0.1516, Reg=0.0000, Con=3.9608
2025-09-13 19:06:58,866 - INFO - Batch 1370/2278: Loss=1.1902, Cls=0.0020, Reg=0.0000, Con=3.9608
2025-09-13 19:06:59,763 - INFO - Batch 1380/2278: Loss=1.2024, Cls=0.0141, Reg=0.0000, Con=3.9609
2025-09-13 19:07:00,673 - INFO - Batch 1390/2278: Loss=2.4835, Cls=1.2953, Reg=0.0000, Con=3.9608
2025-09-13 19:07:01,594 - INFO - Batch 1400/2278: Loss=1.1915, Cls=0.0033, Reg=0.0000, Con=3.9608
2025-09-13 19:07:02,508 - INFO - Batch 1410/2278: Loss=1.1888, Cls=0.0005, Reg=0.0000, Con=3.9608
2025-09-13 19:07:03,422 - INFO - Batch 1420/2278: Loss=0.0079, Cls=0.0079, Reg=0.0000, Con=0.0000
2025-09-13 19:07:04,340 - INFO - Batch 1430/2278: Loss=1.2662, Cls=0.0780, Reg=0.0000, Con=3.9607
2025-09-13 19:07:05,234 - INFO - Batch 1440/2278: Loss=1.1939, Cls=0.0056, Reg=0.0000, Con=3.9610
2025-09-13 19:07:06,128 - INFO - Batch 1450/2278: Loss=1.4242, Cls=0.2359, Reg=0.0000, Con=3.9608
2025-09-13 19:07:07,022 - INFO - Batch 1460/2278: Loss=1.2086, Cls=0.0203, Reg=0.0000, Con=3.9609
2025-09-13 19:07:07,926 - INFO - Batch 1470/2278: Loss=1.1883, Cls=0.0001, Reg=0.0000, Con=3.9608
2025-09-13 19:07:08,825 - INFO - Batch 1480/2278: Loss=1.3076, Cls=0.1194, Reg=0.0000, Con=3.9608
2025-09-13 19:07:09,792 - INFO - Batch 1490/2278: Loss=0.0020, Cls=0.0020, Reg=0.0000, Con=0.0000
2025-09-13 19:07:10,712 - INFO - Batch 1500/2278: Loss=0.0618, Cls=0.0618, Reg=0.0000, Con=0.0000
2025-09-13 19:07:11,602 - INFO - Batch 1510/2278: Loss=2.8803, Cls=1.6920, Reg=0.0000, Con=3.9608
2025-09-13 19:07:12,476 - INFO - Batch 1520/2278: Loss=1.2765, Cls=0.0883, Reg=0.0000, Con=3.9608
2025-09-13 19:07:13,378 - INFO - Batch 1530/2278: Loss=1.8685, Cls=0.6802, Reg=0.0000, Con=3.9609
2025-09-13 19:07:14,268 - INFO - Batch 1540/2278: Loss=0.0107, Cls=0.0107, Reg=0.0000, Con=0.0000
2025-09-13 19:07:15,174 - INFO - Batch 1550/2278: Loss=1.9728, Cls=0.7846, Reg=0.0000, Con=3.9609
2025-09-13 19:07:16,096 - INFO - Batch 1560/2278: Loss=2.2902, Cls=1.1020, Reg=0.0000, Con=3.9608
2025-09-13 19:07:16,969 - INFO - Batch 1570/2278: Loss=1.2110, Cls=0.0227, Reg=0.0000, Con=3.9609
2025-09-13 19:07:17,856 - INFO - Batch 1580/2278: Loss=2.3332, Cls=1.1450, Reg=0.0000, Con=3.9607
2025-09-13 19:07:18,774 - INFO - Batch 1590/2278: Loss=0.9500, Cls=0.9500, Reg=0.0000, Con=0.0000
2025-09-13 19:07:19,688 - INFO - Batch 1600/2278: Loss=1.7323, Cls=0.5440, Reg=0.0000, Con=3.9609
2025-09-13 19:07:20,603 - INFO - Batch 1610/2278: Loss=1.6542, Cls=0.4659, Reg=0.0000, Con=3.9608
2025-09-13 19:07:21,520 - INFO - Batch 1620/2278: Loss=1.7608, Cls=0.5725, Reg=0.0000, Con=3.9609
2025-09-13 19:07:22,401 - INFO - Batch 1630/2278: Loss=0.0178, Cls=0.0178, Reg=0.0000, Con=0.0000
2025-09-13 19:07:23,314 - INFO - Batch 1640/2278: Loss=1.4688, Cls=0.2805, Reg=0.0000, Con=3.9608
2025-09-13 19:07:24,210 - INFO - Batch 1650/2278: Loss=2.3008, Cls=1.1126, Reg=0.0000, Con=3.9608
2025-09-13 19:07:25,110 - INFO - Batch 1660/2278: Loss=2.2980, Cls=1.1098, Reg=0.0000, Con=3.9607
2025-09-13 19:07:26,028 - INFO - Batch 1670/2278: Loss=2.8420, Cls=1.6538, Reg=0.0000, Con=3.9608
2025-09-13 19:07:26,934 - INFO - Batch 1680/2278: Loss=1.3859, Cls=0.1975, Reg=0.0000, Con=3.9612
2025-09-13 19:07:27,859 - INFO - Batch 1690/2278: Loss=1.1926, Cls=0.0043, Reg=0.0000, Con=3.9607
2025-09-13 19:07:28,766 - INFO - Batch 1700/2278: Loss=1.2070, Cls=0.0187, Reg=0.0000, Con=3.9608
2025-09-13 19:07:29,666 - INFO - Batch 1710/2278: Loss=1.1987, Cls=0.0104, Reg=0.0000, Con=3.9612
2025-09-13 19:07:30,560 - INFO - Batch 1720/2278: Loss=1.1998, Cls=0.0116, Reg=0.0000, Con=3.9610
2025-09-13 19:07:31,483 - INFO - Batch 1730/2278: Loss=1.8127, Cls=0.6244, Reg=0.0000, Con=3.9608
2025-09-13 19:07:32,374 - INFO - Batch 1740/2278: Loss=1.3146, Cls=0.1263, Reg=0.0000, Con=3.9610
2025-09-13 19:07:33,321 - INFO - Batch 1750/2278: Loss=1.1887, Cls=0.0004, Reg=0.0000, Con=3.9609
2025-09-13 19:07:34,256 - INFO - Batch 1760/2278: Loss=1.1882, Cls=0.0000, Reg=0.0000, Con=3.9608
2025-09-13 19:07:35,174 - INFO - Batch 1770/2278: Loss=2.5095, Cls=1.3212, Reg=0.0000, Con=3.9610
2025-09-13 19:07:36,076 - INFO - Batch 1780/2278: Loss=1.3367, Cls=0.1485, Reg=0.0000, Con=3.9608
2025-09-13 19:07:36,970 - INFO - Batch 1790/2278: Loss=1.2226, Cls=0.0343, Reg=0.0000, Con=3.9608
2025-09-13 19:07:37,866 - INFO - Batch 1800/2278: Loss=1.4780, Cls=0.2897, Reg=0.0000, Con=3.9608
2025-09-13 19:07:38,749 - INFO - Batch 1810/2278: Loss=1.9894, Cls=0.8011, Reg=0.0000, Con=3.9610
2025-09-13 19:07:39,644 - INFO - Batch 1820/2278: Loss=2.0613, Cls=0.8730, Reg=0.0000, Con=3.9608
2025-09-13 19:07:40,546 - INFO - Batch 1830/2278: Loss=2.1913, Cls=1.0029, Reg=0.0000, Con=3.9615
2025-09-13 19:07:41,462 - INFO - Batch 1840/2278: Loss=1.2112, Cls=0.0229, Reg=0.0000, Con=3.9609
2025-09-13 19:07:42,378 - INFO - Batch 1850/2278: Loss=1.2118, Cls=0.0235, Reg=0.0000, Con=3.9608
2025-09-13 19:07:43,294 - INFO - Batch 1860/2278: Loss=0.0157, Cls=0.0157, Reg=0.0000, Con=0.0000
2025-09-13 19:07:44,196 - INFO - Batch 1870/2278: Loss=0.0665, Cls=0.0665, Reg=0.0000, Con=0.0000
2025-09-13 19:07:45,105 - INFO - Batch 1880/2278: Loss=1.1896, Cls=0.0013, Reg=0.0000, Con=3.9610
2025-09-13 19:07:46,007 - INFO - Batch 1890/2278: Loss=0.0612, Cls=0.0612, Reg=0.0000, Con=0.0000
2025-09-13 19:07:46,911 - INFO - Batch 1900/2278: Loss=1.1961, Cls=0.0079, Reg=0.0000, Con=3.9607
2025-09-13 19:07:47,813 - INFO - Batch 1910/2278: Loss=1.1882, Cls=0.0000, Reg=0.0000, Con=3.9607
2025-09-13 19:07:48,744 - INFO - Batch 1920/2278: Loss=1.2496, Cls=0.0613, Reg=0.0000, Con=3.9608
2025-09-13 19:07:49,655 - INFO - Batch 1930/2278: Loss=1.2373, Cls=1.2373, Reg=0.0000, Con=0.0000
2025-09-13 19:07:50,546 - INFO - Batch 1940/2278: Loss=1.1882, Cls=0.0000, Reg=0.0000, Con=3.9607
2025-09-13 19:07:51,415 - INFO - Batch 1950/2278: Loss=1.1998, Cls=0.0115, Reg=0.0000, Con=3.9609
2025-09-13 19:07:52,345 - INFO - Batch 1960/2278: Loss=1.1900, Cls=0.0018, Reg=0.0000, Con=3.9609
2025-09-13 19:07:53,262 - INFO - Batch 1970/2278: Loss=1.2858, Cls=0.0976, Reg=0.0000, Con=3.9606
2025-09-13 19:07:54,169 - INFO - Batch 1980/2278: Loss=1.2572, Cls=0.0690, Reg=0.0000, Con=3.9608
2025-09-13 19:07:55,080 - INFO - Batch 1990/2278: Loss=0.0156, Cls=0.0156, Reg=0.0000, Con=0.0000
2025-09-13 19:07:55,959 - INFO - Batch 2000/2278: Loss=1.3482, Cls=0.1600, Reg=0.0000, Con=3.9607
2025-09-13 19:07:56,860 - INFO - Batch 2010/2278: Loss=1.2292, Cls=0.0409, Reg=0.0000, Con=3.9608
2025-09-13 19:07:57,752 - INFO - Batch 2020/2278: Loss=0.0023, Cls=0.0023, Reg=0.0000, Con=0.0000
2025-09-13 19:07:58,634 - INFO - Batch 2030/2278: Loss=1.1975, Cls=0.0092, Reg=0.0000, Con=3.9610
2025-09-13 19:07:59,563 - INFO - Batch 2040/2278: Loss=1.9112, Cls=0.7229, Reg=0.0000, Con=3.9608
2025-09-13 19:08:00,450 - INFO - Batch 2050/2278: Loss=1.2125, Cls=0.0242, Reg=0.0000, Con=3.9609
2025-09-13 19:08:01,355 - INFO - Batch 2060/2278: Loss=1.2488, Cls=0.0604, Reg=0.0000, Con=3.9615
2025-09-13 19:08:02,258 - INFO - Batch 2070/2278: Loss=1.2050, Cls=0.0168, Reg=0.0000, Con=3.9608
2025-09-13 19:08:03,159 - INFO - Batch 2080/2278: Loss=0.0137, Cls=0.0137, Reg=0.0000, Con=0.0000
2025-09-13 19:08:04,076 - INFO - Batch 2090/2278: Loss=1.2573, Cls=0.0691, Reg=0.0000, Con=3.9608
2025-09-13 19:08:04,971 - INFO - Batch 2100/2278: Loss=0.0079, Cls=0.0079, Reg=0.0000, Con=0.0000
2025-09-13 19:08:05,883 - INFO - Batch 2110/2278: Loss=0.0045, Cls=0.0045, Reg=0.0000, Con=0.0000
2025-09-13 19:08:06,787 - INFO - Batch 2120/2278: Loss=1.1883, Cls=0.0000, Reg=0.0000, Con=3.9609
2025-09-13 19:08:07,696 - INFO - Batch 2130/2278: Loss=2.6097, Cls=1.4214, Reg=0.0000, Con=3.9608
2025-09-13 19:08:08,600 - INFO - Batch 2140/2278: Loss=0.0034, Cls=0.0034, Reg=0.0000, Con=0.0000
2025-09-13 19:08:09,490 - INFO - Batch 2150/2278: Loss=1.1935, Cls=0.0052, Reg=0.0000, Con=3.9610
2025-09-13 19:08:10,373 - INFO - Batch 2160/2278: Loss=1.2346, Cls=0.0464, Reg=0.0000, Con=3.9608
2025-09-13 19:08:11,266 - INFO - Batch 2170/2278: Loss=1.1954, Cls=0.0072, Reg=0.0000, Con=3.9608
2025-09-13 19:08:12,167 - INFO - Batch 2180/2278: Loss=1.5991, Cls=0.4109, Reg=0.0000, Con=3.9608
2025-09-13 19:08:13,041 - INFO - Batch 2190/2278: Loss=1.1956, Cls=0.0073, Reg=0.0000, Con=3.9610
2025-09-13 19:08:13,931 - INFO - Batch 2200/2278: Loss=1.1882, Cls=0.0000, Reg=0.0000, Con=3.9608
2025-09-13 19:08:14,837 - INFO - Batch 2210/2278: Loss=1.5881, Cls=0.3998, Reg=0.0000, Con=3.9610
2025-09-13 19:08:15,737 - INFO - Batch 2220/2278: Loss=0.0003, Cls=0.0003, Reg=0.0000, Con=0.0000
2025-09-13 19:08:16,658 - INFO - Batch 2230/2278: Loss=0.0015, Cls=0.0015, Reg=0.0000, Con=0.0000
2025-09-13 19:08:17,565 - INFO - Batch 2240/2278: Loss=1.1984, Cls=0.0101, Reg=0.0000, Con=3.9608
2025-09-13 19:08:18,466 - INFO - Batch 2250/2278: Loss=0.5420, Cls=0.5420, Reg=0.0000, Con=0.0000
2025-09-13 19:08:19,386 - INFO - Batch 2260/2278: Loss=1.3974, Cls=0.2092, Reg=0.0000, Con=3.9608
2025-09-13 19:08:20,295 - INFO - Batch 2270/2278: Loss=1.1902, Cls=0.0020, Reg=0.0000, Con=3.9606
2025-09-13 19:11:46,701 - INFO - === Epoch 2 Results ===
2025-09-13 19:11:46,701 - INFO - Training Loss: 1.1665 (Classification: 0.2813, Regression: 0.0000)
2025-09-13 19:11:46,701 - INFO - Validation Loss: 0.1309 (Classification: 0.1309, Regression: 0.0000)
2025-09-13 19:11:46,702 - INFO - Average Classification Accuracy: 0.8607 (on 1/26 tasks)
2025-09-13 19:11:46,702 - INFO - Average AUC: 0.9081
2025-09-13 19:11:46,702 - INFO - 
Epoch 3/3
2025-09-13 19:11:46,796 - INFO - Batch 0/2278: Loss=1.3528, Cls=0.1646, Reg=0.0000, Con=3.9608
2025-09-13 19:11:47,694 - INFO - Batch 10/2278: Loss=1.1895, Cls=0.0012, Reg=0.0000, Con=3.9611
2025-09-13 19:11:48,636 - INFO - Batch 20/2278: Loss=1.6384, Cls=0.4501, Reg=0.0000, Con=3.9608
2025-09-13 19:11:49,595 - INFO - Batch 30/2278: Loss=1.2359, Cls=0.0477, Reg=0.0000, Con=3.9609
2025-09-13 19:11:50,495 - INFO - Batch 40/2278: Loss=1.1886, Cls=0.0004, Reg=0.0000, Con=3.9608
2025-09-13 19:11:51,416 - INFO - Batch 50/2278: Loss=1.3143, Cls=0.1260, Reg=0.0000, Con=3.9609
2025-09-13 19:11:52,327 - INFO - Batch 60/2278: Loss=1.4769, Cls=0.2887, Reg=0.0000, Con=3.9606
2025-09-13 19:11:53,260 - INFO - Batch 70/2278: Loss=1.3354, Cls=0.1471, Reg=0.0000, Con=3.9608
2025-09-13 19:11:54,147 - INFO - Batch 80/2278: Loss=0.5706, Cls=0.5706, Reg=0.0000, Con=0.0000
2025-09-13 19:11:55,043 - INFO - Batch 90/2278: Loss=2.3307, Cls=1.1425, Reg=0.0000, Con=3.9609
2025-09-13 19:11:55,949 - INFO - Batch 100/2278: Loss=1.2344, Cls=0.0462, Reg=0.0000, Con=3.9607
2025-09-13 19:11:56,882 - INFO - Batch 110/2278: Loss=1.3427, Cls=0.1542, Reg=0.0000, Con=3.9618
2025-09-13 19:11:57,803 - INFO - Batch 120/2278: Loss=1.1977, Cls=0.0095, Reg=0.0000, Con=3.9609
2025-09-13 19:11:58,705 - INFO - Batch 130/2278: Loss=1.1913, Cls=0.0031, Reg=0.0000, Con=3.9607
2025-09-13 19:11:59,648 - INFO - Batch 140/2278: Loss=0.0059, Cls=0.0059, Reg=0.0000, Con=0.0000
2025-09-13 19:12:00,565 - INFO - Batch 150/2278: Loss=1.2002, Cls=0.0120, Reg=0.0000, Con=3.9608
2025-09-13 19:12:01,470 - INFO - Batch 160/2278: Loss=1.1920, Cls=0.0037, Reg=0.0000, Con=3.9607
2025-09-13 19:12:02,363 - INFO - Batch 170/2278: Loss=1.1997, Cls=0.0114, Reg=0.0000, Con=3.9609
2025-09-13 19:12:03,267 - INFO - Batch 180/2278: Loss=1.1960, Cls=0.0077, Reg=0.0000, Con=3.9611
2025-09-13 19:12:04,166 - INFO - Batch 190/2278: Loss=2.9540, Cls=1.7658, Reg=0.0000, Con=3.9607
2025-09-13 19:12:05,066 - INFO - Batch 200/2278: Loss=0.0017, Cls=0.0017, Reg=0.0000, Con=0.0000
2025-09-13 19:12:05,977 - INFO - Batch 210/2278: Loss=1.1890, Cls=0.0007, Reg=0.0000, Con=3.9612
2025-09-13 19:12:06,874 - INFO - Batch 220/2278: Loss=1.1980, Cls=0.0097, Reg=0.0000, Con=3.9608
2025-09-13 19:12:07,792 - INFO - Batch 230/2278: Loss=1.2002, Cls=0.0119, Reg=0.0000, Con=3.9611
2025-09-13 19:12:08,721 - INFO - Batch 240/2278: Loss=1.1902, Cls=0.0020, Reg=0.0000, Con=3.9607
2025-09-13 19:12:09,630 - INFO - Batch 250/2278: Loss=1.7297, Cls=0.5414, Reg=0.0000, Con=3.9609
2025-09-13 19:12:10,530 - INFO - Batch 260/2278: Loss=1.1883, Cls=0.0000, Reg=0.0000, Con=3.9608
2025-09-13 19:12:11,458 - INFO - Batch 270/2278: Loss=1.1882, Cls=0.0000, Reg=0.0000, Con=3.9607
2025-09-13 19:12:12,360 - INFO - Batch 280/2278: Loss=1.6105, Cls=0.4223, Reg=0.0000, Con=3.9608
2025-09-13 19:12:13,275 - INFO - Batch 290/2278: Loss=1.1882, Cls=0.0000, Reg=0.0000, Con=3.9608
2025-09-13 19:12:14,160 - INFO - Batch 300/2278: Loss=1.2023, Cls=0.0141, Reg=0.0000, Con=3.9607
2025-09-13 19:12:15,076 - INFO - Batch 310/2278: Loss=1.2011, Cls=0.0128, Reg=0.0000, Con=3.9610
2025-09-13 19:12:15,991 - INFO - Batch 320/2278: Loss=2.6270, Cls=1.4386, Reg=0.0000, Con=3.9612
2025-09-13 19:12:16,861 - INFO - Batch 330/2278: Loss=0.9651, Cls=0.9651, Reg=0.0000, Con=0.0000
2025-09-13 19:12:17,763 - INFO - Batch 340/2278: Loss=0.0037, Cls=0.0037, Reg=0.0000, Con=0.0000
2025-09-13 19:12:18,663 - INFO - Batch 350/2278: Loss=1.1888, Cls=0.0004, Reg=0.0000, Con=3.9612
2025-09-13 19:12:19,578 - INFO - Batch 360/2278: Loss=1.9727, Cls=0.7844, Reg=0.0000, Con=3.9611
2025-09-13 19:12:20,491 - INFO - Batch 370/2278: Loss=1.4571, Cls=0.2689, Reg=0.0000, Con=3.9608
2025-09-13 19:12:21,420 - INFO - Batch 380/2278: Loss=1.1937, Cls=0.0054, Reg=0.0000, Con=3.9608
2025-09-13 19:12:22,354 - INFO - Batch 390/2278: Loss=2.5732, Cls=1.3849, Reg=0.0000, Con=3.9608
2025-09-13 19:12:23,413 - INFO - Batch 400/2278: Loss=0.0001, Cls=0.0001, Reg=0.0000, Con=0.0000
2025-09-13 19:12:24,346 - INFO - Batch 410/2278: Loss=1.2679, Cls=0.0796, Reg=0.0000, Con=3.9609
2025-09-13 19:12:25,249 - INFO - Batch 420/2278: Loss=1.1956, Cls=0.0073, Reg=0.0000, Con=3.9609
2025-09-13 19:12:26,151 - INFO - Batch 430/2278: Loss=1.4760, Cls=0.2877, Reg=0.0000, Con=3.9611
2025-09-13 19:12:27,053 - INFO - Batch 440/2278: Loss=0.3241, Cls=0.3241, Reg=0.0000, Con=0.0000
2025-09-13 19:12:27,956 - INFO - Batch 450/2278: Loss=1.1990, Cls=0.0107, Reg=0.0000, Con=3.9608
2025-09-13 19:12:28,854 - INFO - Batch 460/2278: Loss=0.3225, Cls=0.3225, Reg=0.0000, Con=0.0000
2025-09-13 19:12:29,749 - INFO - Batch 470/2278: Loss=0.7300, Cls=0.7300, Reg=0.0000, Con=0.0000
2025-09-13 19:12:30,658 - INFO - Batch 480/2278: Loss=2.5021, Cls=1.3138, Reg=0.0000, Con=3.9609
2025-09-13 19:12:31,556 - INFO - Batch 490/2278: Loss=0.0107, Cls=0.0107, Reg=0.0000, Con=0.0000
2025-09-13 19:12:32,484 - INFO - Batch 500/2278: Loss=0.0106, Cls=0.0106, Reg=0.0000, Con=0.0000
2025-09-13 19:12:33,577 - INFO - Batch 510/2278: Loss=3.1437, Cls=1.9554, Reg=0.0000, Con=3.9608
2025-09-13 19:12:34,491 - INFO - Batch 520/2278: Loss=0.0006, Cls=0.0006, Reg=0.0000, Con=0.0000
2025-09-13 19:12:35,396 - INFO - Batch 530/2278: Loss=1.2174, Cls=0.0292, Reg=0.0000, Con=3.9608
2025-09-13 19:12:36,319 - INFO - Batch 540/2278: Loss=1.9772, Cls=0.7889, Reg=0.0000, Con=3.9609
2025-09-13 19:12:37,236 - INFO - Batch 550/2278: Loss=0.0008, Cls=0.0008, Reg=0.0000, Con=0.0000
2025-09-13 19:12:38,153 - INFO - Batch 560/2278: Loss=1.1974, Cls=0.0091, Reg=0.0000, Con=3.9609
2025-09-13 19:12:39,080 - INFO - Batch 570/2278: Loss=1.2242, Cls=0.0360, Reg=0.0000, Con=3.9608
2025-09-13 19:12:40,035 - INFO - Batch 580/2278: Loss=0.0006, Cls=0.0006, Reg=0.0000, Con=0.0000
2025-09-13 19:12:40,921 - INFO - Batch 590/2278: Loss=1.1949, Cls=0.0066, Reg=0.0000, Con=3.9608
2025-09-13 19:12:41,820 - INFO - Batch 600/2278: Loss=0.0372, Cls=0.0372, Reg=0.0000, Con=0.0000
2025-09-13 19:12:42,699 - INFO - Batch 610/2278: Loss=0.0000, Cls=0.0000, Reg=0.0000, Con=0.0000
2025-09-13 19:12:43,621 - INFO - Batch 620/2278: Loss=1.2291, Cls=0.0409, Reg=0.0000, Con=3.9608
2025-09-13 19:12:44,524 - INFO - Batch 630/2278: Loss=1.3615, Cls=0.1732, Reg=0.0000, Con=3.9611
2025-09-13 19:12:45,463 - INFO - Batch 640/2278: Loss=1.6397, Cls=0.4515, Reg=0.0000, Con=3.9607
2025-09-13 19:12:46,362 - INFO - Batch 650/2278: Loss=1.3264, Cls=0.1381, Reg=0.0000, Con=3.9608
2025-09-13 19:12:47,293 - INFO - Batch 660/2278: Loss=0.0051, Cls=0.0051, Reg=0.0000, Con=0.0000
2025-09-13 19:12:48,205 - INFO - Batch 670/2278: Loss=1.5619, Cls=0.3736, Reg=0.0000, Con=3.9608
2025-09-13 19:12:49,151 - INFO - Batch 680/2278: Loss=0.0275, Cls=0.0275, Reg=0.0000, Con=0.0000
2025-09-13 19:12:50,046 - INFO - Batch 690/2278: Loss=1.1885, Cls=0.0002, Reg=0.0000, Con=3.9609
2025-09-13 19:12:50,991 - INFO - Batch 700/2278: Loss=1.7168, Cls=0.5285, Reg=0.0000, Con=3.9610
2025-09-13 19:12:51,897 - INFO - Batch 710/2278: Loss=1.1984, Cls=0.0102, Reg=0.0000, Con=3.9607
2025-09-13 19:12:52,808 - INFO - Batch 720/2278: Loss=1.1883, Cls=0.0000, Reg=0.0000, Con=3.9610
2025-09-13 19:12:53,719 - INFO - Batch 730/2278: Loss=1.2133, Cls=0.0251, Reg=0.0000, Con=3.9608
2025-09-13 19:12:54,629 - INFO - Batch 740/2278: Loss=1.5669, Cls=0.3787, Reg=0.0000, Con=3.9606
2025-09-13 19:12:55,556 - INFO - Batch 750/2278: Loss=1.6663, Cls=0.4781, Reg=0.0000, Con=3.9606
2025-09-13 19:12:56,444 - INFO - Batch 760/2278: Loss=1.1977, Cls=0.0094, Reg=0.0000, Con=3.9611
2025-09-13 19:12:57,364 - INFO - Batch 770/2278: Loss=1.1903, Cls=0.0019, Reg=0.0000, Con=3.9611
2025-09-13 19:12:58,288 - INFO - Batch 780/2278: Loss=0.0394, Cls=0.0394, Reg=0.0000, Con=0.0000
2025-09-13 19:12:59,177 - INFO - Batch 790/2278: Loss=1.4004, Cls=0.2121, Reg=0.0000, Con=3.9609
2025-09-13 19:13:00,081 - INFO - Batch 800/2278: Loss=1.1887, Cls=0.0003, Reg=0.0000, Con=3.9612
2025-09-13 19:13:00,977 - INFO - Batch 810/2278: Loss=0.1521, Cls=0.1521, Reg=0.0000, Con=0.0000
2025-09-13 19:13:01,901 - INFO - Batch 820/2278: Loss=1.1884, Cls=0.0002, Reg=0.0000, Con=3.9608
2025-09-13 19:13:02,801 - INFO - Batch 830/2278: Loss=1.1923, Cls=0.0040, Reg=0.0000, Con=3.9609
2025-09-13 19:13:03,710 - INFO - Batch 840/2278: Loss=1.2365, Cls=0.0482, Reg=0.0000, Con=3.9609
2025-09-13 19:13:04,650 - INFO - Batch 850/2278: Loss=0.0019, Cls=0.0019, Reg=0.0000, Con=0.0000
2025-09-13 19:13:05,530 - INFO - Batch 860/2278: Loss=1.2347, Cls=0.0464, Reg=0.0000, Con=3.9611
2025-09-13 19:13:06,433 - INFO - Batch 870/2278: Loss=1.1890, Cls=0.0007, Reg=0.0000, Con=3.9609
2025-09-13 19:13:07,356 - INFO - Batch 880/2278: Loss=0.4965, Cls=0.4965, Reg=0.0000, Con=0.0000
2025-09-13 19:13:08,262 - INFO - Batch 890/2278: Loss=2.0006, Cls=0.8123, Reg=0.0000, Con=3.9609
2025-09-13 19:13:09,193 - INFO - Batch 900/2278: Loss=0.0020, Cls=0.0020, Reg=0.0000, Con=0.0000
2025-09-13 19:13:10,074 - INFO - Batch 910/2278: Loss=1.5685, Cls=0.3802, Reg=0.0000, Con=3.9608
2025-09-13 19:13:10,995 - INFO - Batch 920/2278: Loss=0.0004, Cls=0.0004, Reg=0.0000, Con=0.0000
2025-09-13 19:13:11,885 - INFO - Batch 930/2278: Loss=1.9408, Cls=0.7525, Reg=0.0000, Con=3.9609
2025-09-13 19:13:12,787 - INFO - Batch 940/2278: Loss=1.2719, Cls=0.0835, Reg=0.0000, Con=3.9613
2025-09-13 19:13:13,673 - INFO - Batch 950/2278: Loss=2.1261, Cls=0.9379, Reg=0.0000, Con=3.9607
2025-09-13 19:13:14,570 - INFO - Batch 960/2278: Loss=1.3509, Cls=0.1626, Reg=0.0000, Con=3.9608
2025-09-13 19:13:15,480 - INFO - Batch 970/2278: Loss=2.7617, Cls=1.5734, Reg=0.0000, Con=3.9608
2025-09-13 19:13:16,362 - INFO - Batch 980/2278: Loss=1.1883, Cls=0.0000, Reg=0.0000, Con=3.9609
2025-09-13 19:13:17,260 - INFO - Batch 990/2278: Loss=1.1894, Cls=0.0011, Reg=0.0000, Con=3.9609
2025-09-13 19:13:18,162 - INFO - Batch 1000/2278: Loss=1.9374, Cls=0.7491, Reg=0.0000, Con=3.9608
2025-09-13 19:13:19,089 - INFO - Batch 1010/2278: Loss=1.8216, Cls=0.6334, Reg=0.0000, Con=3.9608
2025-09-13 19:13:19,970 - INFO - Batch 1020/2278: Loss=1.1953, Cls=0.0070, Reg=0.0000, Con=3.9608
2025-09-13 19:13:20,860 - INFO - Batch 1030/2278: Loss=0.6476, Cls=0.6476, Reg=0.0000, Con=0.0000
2025-09-13 19:13:21,784 - INFO - Batch 1040/2278: Loss=1.5889, Cls=0.4005, Reg=0.0000, Con=3.9613
2025-09-13 19:13:22,679 - INFO - Batch 1050/2278: Loss=0.0081, Cls=0.0081, Reg=0.0000, Con=0.0000
2025-09-13 19:13:23,597 - INFO - Batch 1060/2278: Loss=1.3556, Cls=0.1673, Reg=0.0000, Con=3.9611
2025-09-13 19:13:24,510 - INFO - Batch 1070/2278: Loss=1.3735, Cls=0.1852, Reg=0.0000, Con=3.9609
2025-09-13 19:13:25,402 - INFO - Batch 1080/2278: Loss=0.0005, Cls=0.0005, Reg=0.0000, Con=0.0000
2025-09-13 19:13:26,309 - INFO - Batch 1090/2278: Loss=1.2113, Cls=0.0230, Reg=0.0000, Con=3.9611
2025-09-13 19:13:27,197 - INFO - Batch 1100/2278: Loss=1.1894, Cls=0.0011, Reg=0.0000, Con=3.9611
2025-09-13 19:13:28,073 - INFO - Batch 1110/2278: Loss=0.0000, Cls=0.0000, Reg=0.0000, Con=0.0000
2025-09-13 19:13:28,987 - INFO - Batch 1120/2278: Loss=0.0021, Cls=0.0021, Reg=0.0000, Con=0.0000
2025-09-13 19:13:29,889 - INFO - Batch 1130/2278: Loss=0.0105, Cls=0.0105, Reg=0.0000, Con=0.0000
2025-09-13 19:13:30,804 - INFO - Batch 1140/2278: Loss=1.2066, Cls=0.0183, Reg=0.0000, Con=3.9609
2025-09-13 19:13:31,706 - INFO - Batch 1150/2278: Loss=0.1360, Cls=0.1360, Reg=0.0000, Con=0.0000
2025-09-13 19:13:32,624 - INFO - Batch 1160/2278: Loss=0.3312, Cls=0.3312, Reg=0.0000, Con=0.0000
2025-09-13 19:13:33,527 - INFO - Batch 1170/2278: Loss=1.1883, Cls=0.0001, Reg=0.0000, Con=3.9608
2025-09-13 19:13:34,463 - INFO - Batch 1180/2278: Loss=1.9918, Cls=0.8034, Reg=0.0000, Con=3.9613
2025-09-13 19:13:35,372 - INFO - Batch 1190/2278: Loss=1.2009, Cls=0.0126, Reg=0.0000, Con=3.9609
2025-09-13 19:13:36,260 - INFO - Batch 1200/2278: Loss=1.2075, Cls=0.0192, Reg=0.0000, Con=3.9611
2025-09-13 19:13:37,162 - INFO - Batch 1210/2278: Loss=1.4293, Cls=0.2410, Reg=0.0000, Con=3.9611
2025-09-13 19:13:38,056 - INFO - Batch 1220/2278: Loss=1.2374, Cls=0.0491, Reg=0.0000, Con=3.9609
2025-09-13 19:13:38,967 - INFO - Batch 1230/2278: Loss=0.2295, Cls=0.2295, Reg=0.0000, Con=0.0000
2025-09-13 19:13:39,868 - INFO - Batch 1240/2278: Loss=1.6257, Cls=0.4374, Reg=0.0000, Con=3.9608
2025-09-13 19:13:40,789 - INFO - Batch 1250/2278: Loss=2.5676, Cls=1.3793, Reg=0.0000, Con=3.9609
2025-09-13 19:13:41,660 - INFO - Batch 1260/2278: Loss=0.5883, Cls=0.5883, Reg=0.0000, Con=0.0000
2025-09-13 19:13:42,578 - INFO - Batch 1270/2278: Loss=1.5653, Cls=0.3770, Reg=0.0000, Con=3.9610
2025-09-13 19:13:43,488 - INFO - Batch 1280/2278: Loss=1.1883, Cls=0.0001, Reg=0.0000, Con=3.9607
2025-09-13 19:13:44,441 - INFO - Batch 1290/2278: Loss=0.3959, Cls=0.3959, Reg=0.0000, Con=0.0000
2025-09-13 19:13:45,335 - INFO - Batch 1300/2278: Loss=0.0067, Cls=0.0067, Reg=0.0000, Con=0.0000
2025-09-13 19:13:46,226 - INFO - Batch 1310/2278: Loss=1.3037, Cls=0.1155, Reg=0.0000, Con=3.9608
2025-09-13 19:13:47,118 - INFO - Batch 1320/2278: Loss=1.2877, Cls=0.0994, Reg=0.0000, Con=3.9610
2025-09-13 19:13:48,001 - INFO - Batch 1330/2278: Loss=1.2175, Cls=0.0292, Reg=0.0000, Con=3.9610
2025-09-13 19:13:48,887 - INFO - Batch 1340/2278: Loss=1.1963, Cls=0.0081, Reg=0.0000, Con=3.9608
2025-09-13 19:13:49,777 - INFO - Batch 1350/2278: Loss=1.6860, Cls=0.4978, Reg=0.0000, Con=3.9608
2025-09-13 19:13:50,676 - INFO - Batch 1360/2278: Loss=1.2137, Cls=0.0253, Reg=0.0000, Con=3.9612
2025-09-13 19:13:51,559 - INFO - Batch 1370/2278: Loss=1.1918, Cls=0.0035, Reg=0.0000, Con=3.9610
2025-09-13 19:13:52,476 - INFO - Batch 1380/2278: Loss=1.3551, Cls=0.1669, Reg=0.0000, Con=3.9608
2025-09-13 19:13:53,371 - INFO - Batch 1390/2278: Loss=1.2239, Cls=0.0356, Reg=0.0000, Con=3.9610
2025-09-13 19:13:54,292 - INFO - Batch 1400/2278: Loss=1.2221, Cls=0.0337, Reg=0.0000, Con=3.9615
2025-09-13 19:13:55,196 - INFO - Batch 1410/2278: Loss=0.0340, Cls=0.0340, Reg=0.0000, Con=0.0000
2025-09-13 19:13:56,109 - INFO - Batch 1420/2278: Loss=1.2001, Cls=0.0118, Reg=0.0000, Con=3.9610
2025-09-13 19:13:57,013 - INFO - Batch 1430/2278: Loss=0.0094, Cls=0.0094, Reg=0.0000, Con=0.0000
2025-09-13 19:13:57,952 - INFO - Batch 1440/2278: Loss=1.1882, Cls=0.0000, Reg=0.0000, Con=3.9606
2025-09-13 19:13:58,873 - INFO - Batch 1450/2278: Loss=1.8887, Cls=0.7005, Reg=0.0000, Con=3.9609
2025-09-13 19:13:59,765 - INFO - Batch 1460/2278: Loss=0.0001, Cls=0.0001, Reg=0.0000, Con=0.0000
2025-09-13 19:14:00,694 - INFO - Batch 1470/2278: Loss=1.1885, Cls=0.0003, Reg=0.0000, Con=3.9607
2025-09-13 19:14:01,576 - INFO - Batch 1480/2278: Loss=1.8316, Cls=0.6434, Reg=0.0000, Con=3.9608
2025-09-13 19:14:02,477 - INFO - Batch 1490/2278: Loss=0.0891, Cls=0.0891, Reg=0.0000, Con=0.0000
2025-09-13 19:14:03,374 - INFO - Batch 1500/2278: Loss=1.2290, Cls=0.0407, Reg=0.0000, Con=3.9610
2025-09-13 19:14:04,290 - INFO - Batch 1510/2278: Loss=1.8662, Cls=0.6780, Reg=0.0000, Con=3.9608
2025-09-13 19:14:05,161 - INFO - Batch 1520/2278: Loss=0.7099, Cls=0.7099, Reg=0.0000, Con=0.0000
2025-09-13 19:14:06,063 - INFO - Batch 1530/2278: Loss=1.1948, Cls=0.0066, Reg=0.0000, Con=3.9608
2025-09-13 19:14:06,984 - INFO - Batch 1540/2278: Loss=1.1893, Cls=0.0010, Reg=0.0000, Con=3.9610
2025-09-13 19:14:07,883 - INFO - Batch 1550/2278: Loss=1.4065, Cls=0.2182, Reg=0.0000, Con=3.9609
2025-09-13 19:14:08,791 - INFO - Batch 1560/2278: Loss=1.3679, Cls=0.1797, Reg=0.0000, Con=3.9608
2025-09-13 19:14:09,669 - INFO - Batch 1570/2278: Loss=0.0064, Cls=0.0064, Reg=0.0000, Con=0.0000
2025-09-13 19:14:10,566 - INFO - Batch 1580/2278: Loss=1.5870, Cls=0.3987, Reg=0.0000, Con=3.9608
2025-09-13 19:14:11,469 - INFO - Batch 1590/2278: Loss=0.0083, Cls=0.0083, Reg=0.0000, Con=0.0000
2025-09-13 19:14:12,378 - INFO - Batch 1600/2278: Loss=1.9424, Cls=0.7542, Reg=0.0000, Con=3.9608
2025-09-13 19:14:13,270 - INFO - Batch 1610/2278: Loss=0.0090, Cls=0.0090, Reg=0.0000, Con=0.0000
2025-09-13 19:14:14,180 - INFO - Batch 1620/2278: Loss=1.2068, Cls=0.0186, Reg=0.0000, Con=3.9608
2025-09-13 19:14:15,072 - INFO - Batch 1630/2278: Loss=1.4499, Cls=0.2616, Reg=0.0000, Con=3.9609
2025-09-13 19:14:15,959 - INFO - Batch 1640/2278: Loss=0.2243, Cls=0.2243, Reg=0.0000, Con=0.0000
2025-09-13 19:14:16,863 - INFO - Batch 1650/2278: Loss=1.2002, Cls=0.0120, Reg=0.0000, Con=3.9609
2025-09-13 19:14:17,775 - INFO - Batch 1660/2278: Loss=1.1888, Cls=0.0004, Reg=0.0000, Con=3.9613
2025-09-13 19:14:18,665 - INFO - Batch 1670/2278: Loss=2.2581, Cls=1.0698, Reg=0.0000, Con=3.9609
2025-09-13 19:14:19,565 - INFO - Batch 1680/2278: Loss=1.1886, Cls=0.0004, Reg=0.0000, Con=3.9607
2025-09-13 19:14:20,428 - INFO - Batch 1690/2278: Loss=1.2053, Cls=0.0170, Reg=0.0000, Con=3.9610
2025-09-13 19:14:21,302 - INFO - Batch 1700/2278: Loss=2.3435, Cls=1.1552, Reg=0.0000, Con=3.9608
2025-09-13 19:14:22,190 - INFO - Batch 1710/2278: Loss=0.0059, Cls=0.0059, Reg=0.0000, Con=0.0000
2025-09-13 19:14:23,079 - INFO - Batch 1720/2278: Loss=0.0025, Cls=0.0025, Reg=0.0000, Con=0.0000
2025-09-13 19:14:23,955 - INFO - Batch 1730/2278: Loss=1.2611, Cls=0.0729, Reg=0.0000, Con=3.9608
2025-09-13 19:14:24,837 - INFO - Batch 1740/2278: Loss=1.1902, Cls=0.0019, Reg=0.0000, Con=3.9609
2025-09-13 19:14:25,715 - INFO - Batch 1750/2278: Loss=0.0160, Cls=0.0160, Reg=0.0000, Con=0.0000
2025-09-13 19:14:26,613 - INFO - Batch 1760/2278: Loss=1.2181, Cls=0.0297, Reg=0.0000, Con=3.9612
2025-09-13 19:14:27,516 - INFO - Batch 1770/2278: Loss=0.9959, Cls=0.9959, Reg=0.0000, Con=0.0000
2025-09-13 19:14:28,420 - INFO - Batch 1780/2278: Loss=0.0250, Cls=0.0250, Reg=0.0000, Con=0.0000
2025-09-13 19:14:29,321 - INFO - Batch 1790/2278: Loss=0.0000, Cls=0.0000, Reg=0.0000, Con=0.0000
2025-09-13 19:14:30,225 - INFO - Batch 1800/2278: Loss=1.1894, Cls=0.0012, Reg=0.0000, Con=3.9607
2025-09-13 19:14:31,104 - INFO - Batch 1810/2278: Loss=0.0044, Cls=0.0044, Reg=0.0000, Con=0.0000
2025-09-13 19:14:31,990 - INFO - Batch 1820/2278: Loss=1.2100, Cls=0.0218, Reg=0.0000, Con=3.9607
2025-09-13 19:14:32,877 - INFO - Batch 1830/2278: Loss=1.8275, Cls=0.6392, Reg=0.0000, Con=3.9608
2025-09-13 19:14:33,783 - INFO - Batch 1840/2278: Loss=0.0701, Cls=0.0701, Reg=0.0000, Con=0.0000
2025-09-13 19:14:34,702 - INFO - Batch 1850/2278: Loss=1.1987, Cls=0.0104, Reg=0.0000, Con=3.9609
2025-09-13 19:14:35,601 - INFO - Batch 1860/2278: Loss=1.1894, Cls=0.0013, Reg=0.0000, Con=3.9607
2025-09-13 19:14:36,552 - INFO - Batch 1870/2278: Loss=0.0396, Cls=0.0396, Reg=0.0000, Con=0.0000
2025-09-13 19:14:37,465 - INFO - Batch 1880/2278: Loss=3.3610, Cls=2.1728, Reg=0.0000, Con=3.9607
2025-09-13 19:14:38,372 - INFO - Batch 1890/2278: Loss=1.2010, Cls=0.0128, Reg=0.0000, Con=3.9607
2025-09-13 19:14:39,276 - INFO - Batch 1900/2278: Loss=0.0046, Cls=0.0046, Reg=0.0000, Con=0.0000
2025-09-13 19:14:40,150 - INFO - Batch 1910/2278: Loss=1.1889, Cls=0.0006, Reg=0.0000, Con=3.9610
2025-09-13 19:14:41,027 - INFO - Batch 1920/2278: Loss=0.0281, Cls=0.0281, Reg=0.0000, Con=0.0000
2025-09-13 19:14:41,936 - INFO - Batch 1930/2278: Loss=1.2045, Cls=0.0161, Reg=0.0000, Con=3.9611
2025-09-13 19:14:42,813 - INFO - Batch 1940/2278: Loss=1.1909, Cls=0.0027, Reg=0.0000, Con=3.9607
2025-09-13 19:14:43,692 - INFO - Batch 1950/2278: Loss=1.2281, Cls=0.0398, Reg=0.0000, Con=3.9609
2025-09-13 19:14:44,581 - INFO - Batch 1960/2278: Loss=1.2079, Cls=0.0196, Reg=0.0000, Con=3.9610
2025-09-13 19:14:45,480 - INFO - Batch 1970/2278: Loss=0.0020, Cls=0.0020, Reg=0.0000, Con=0.0000
2025-09-13 19:14:46,419 - INFO - Batch 1980/2278: Loss=1.1888, Cls=0.0005, Reg=0.0000, Con=3.9610
2025-09-13 19:14:47,301 - INFO - Batch 1990/2278: Loss=1.2552, Cls=0.0669, Reg=0.0000, Con=3.9608
2025-09-13 19:14:48,169 - INFO - Batch 2000/2278: Loss=1.2080, Cls=0.0197, Reg=0.0000, Con=3.9610
2025-09-13 19:14:49,057 - INFO - Batch 2010/2278: Loss=2.4304, Cls=1.2421, Reg=0.0000, Con=3.9608
2025-09-13 19:14:49,962 - INFO - Batch 2020/2278: Loss=1.2521, Cls=0.0639, Reg=0.0000, Con=3.9608
2025-09-13 19:14:50,893 - INFO - Batch 2030/2278: Loss=2.4097, Cls=1.2215, Reg=0.0000, Con=3.9608
2025-09-13 19:14:51,791 - INFO - Batch 2040/2278: Loss=1.9156, Cls=0.7273, Reg=0.0000, Con=3.9610
2025-09-13 19:14:52,712 - INFO - Batch 2050/2278: Loss=0.0252, Cls=0.0252, Reg=0.0000, Con=0.0000
2025-09-13 19:14:53,587 - INFO - Batch 2060/2278: Loss=1.2108, Cls=0.0225, Reg=0.0000, Con=3.9609
2025-09-13 19:14:54,493 - INFO - Batch 2070/2278: Loss=1.6418, Cls=0.4535, Reg=0.0000, Con=3.9608
2025-09-13 19:14:55,397 - INFO - Batch 2080/2278: Loss=1.3002, Cls=0.1118, Reg=0.0000, Con=3.9613
2025-09-13 19:14:56,278 - INFO - Batch 2090/2278: Loss=1.1999, Cls=0.0117, Reg=0.0000, Con=3.9607
2025-09-13 19:14:57,183 - INFO - Batch 2100/2278: Loss=1.3678, Cls=0.1792, Reg=0.0000, Con=3.9619
2025-09-13 19:14:58,070 - INFO - Batch 2110/2278: Loss=1.1892, Cls=0.0009, Reg=0.0000, Con=3.9609
2025-09-13 19:14:58,961 - INFO - Batch 2120/2278: Loss=1.5736, Cls=1.5736, Reg=0.0000, Con=0.0000
2025-09-13 19:14:59,855 - INFO - Batch 2130/2278: Loss=2.2793, Cls=1.0911, Reg=0.0000, Con=3.9606
2025-09-13 19:15:00,767 - INFO - Batch 2140/2278: Loss=0.0006, Cls=0.0006, Reg=0.0000, Con=0.0000
2025-09-13 19:15:01,629 - INFO - Batch 2150/2278: Loss=1.2383, Cls=0.0500, Reg=0.0000, Con=3.9608
2025-09-13 19:15:02,511 - INFO - Batch 2160/2278: Loss=1.2060, Cls=0.0177, Reg=0.0000, Con=3.9609
2025-09-13 19:15:03,378 - INFO - Batch 2170/2278: Loss=1.1895, Cls=0.0013, Reg=0.0000, Con=3.9608
2025-09-13 19:15:04,262 - INFO - Batch 2180/2278: Loss=0.0000, Cls=0.0000, Reg=0.0000, Con=0.0000
2025-09-13 19:15:05,133 - INFO - Batch 2190/2278: Loss=1.1885, Cls=0.0002, Reg=0.0000, Con=3.9609
2025-09-13 19:15:06,062 - INFO - Batch 2200/2278: Loss=1.1885, Cls=0.0002, Reg=0.0000, Con=3.9608
2025-09-13 19:15:06,958 - INFO - Batch 2210/2278: Loss=1.7001, Cls=0.5118, Reg=0.0000, Con=3.9608
2025-09-13 19:15:07,848 - INFO - Batch 2220/2278: Loss=2.3656, Cls=1.1774, Reg=0.0000, Con=3.9608
2025-09-13 19:15:08,746 - INFO - Batch 2230/2278: Loss=1.4782, Cls=0.2899, Reg=0.0000, Con=3.9609
2025-09-13 19:15:09,611 - INFO - Batch 2240/2278: Loss=1.5406, Cls=0.3522, Reg=0.0000, Con=3.9613
2025-09-13 19:15:10,490 - INFO - Batch 2250/2278: Loss=1.1902, Cls=0.0020, Reg=0.0000, Con=3.9608
2025-09-13 19:15:11,382 - INFO - Batch 2260/2278: Loss=0.0284, Cls=0.0284, Reg=0.0000, Con=0.0000
2025-09-13 19:15:12,287 - INFO - Batch 2270/2278: Loss=0.2948, Cls=0.2948, Reg=0.0000, Con=0.0000
2025-09-13 19:18:41,141 - INFO - === Epoch 3 Results ===
2025-09-13 19:18:41,141 - INFO - Training Loss: 1.1464 (Classification: 0.2654, Regression: 0.0000)
2025-09-13 19:18:41,141 - INFO - Validation Loss: 0.1355 (Classification: 0.1355, Regression: 0.0000)
2025-09-13 19:18:41,141 - INFO - Average Classification Accuracy: 0.8559 (on 1/26 tasks)
2025-09-13 19:18:41,141 - INFO - Average AUC: 0.9042
2025-09-13 19:18:41,141 - INFO - Training finished!
2025-09-13 19:18:41,142 - INFO - Performing final evaluation...
2025-09-13 19:18:41,353 - INFO - Loaded best model from: experiments/r1c3_single_cls_11_seed_42_20250913_185810/checkpoints/r1c3_single_cls_11_seed_42_best.pth
2025-09-13 19:22:10,029 - INFO - Final Validation Results:
2025-09-13 19:22:10,029 - INFO -   Total Loss: 0.1260
2025-09-13 19:22:10,029 - INFO -   Classification Loss: 0.1260
2025-09-13 19:22:10,029 - INFO -   Regression Loss: 0.0000
2025-09-13 19:22:10,029 - INFO -   Average Classification Accuracy: 0.8535
2025-09-13 19:22:10,030 - INFO -   Average AUC: 0.9044
2025-09-13 19:22:10,030 - INFO - Results saved to: experiments/r1c3_single_cls_11_seed_42_20250913_185810/checkpoints/r1c3_single_cls_11_seed_42_results.json
