2025-09-13 21:47:55,864 - INFO - 🔬 Starting experiment: r1c3_single_cls_25_seed_42
2025-09-13 21:47:55,864 - INFO - 📁 Experiment directory: experiments/r1c3_single_cls_25_seed_42_20250913_214755
2025-09-13 21:47:55,864 - INFO - 🎲 Random seed: 42
2025-09-13 21:47:55,864 - INFO - 🔒 Deterministic mode: True
2025-09-13 21:47:55,864 - INFO - Using device: cuda
2025-09-13 21:47:55,864 - INFO - Total GPU Memory: 25.16 GB
2025-09-13 21:47:55,878 - INFO - 🧪 Fusion: Using cross-attention dynamic fusion
2025-09-13 21:47:55,878 - INFO - 🧪 GNN Backbone: Using default GraphAttentionNetwork branch
2025-09-13 21:47:55,878 - INFO - 🎯 Task Mode: Single classification endpoint 25
2025-09-13 21:47:55,879 - INFO - Configuration saved to: experiments/r1c3_single_cls_25_seed_42_20250913_214755/checkpoints/config.json
2025-09-13 21:47:55,879 - INFO - 🚀 Using preprocessed data from: data/data/processed
2025-09-13 21:47:55,879 - INFO - Loading LMDB dataset from: data/data/processed
2025-09-13 21:47:56,241 - INFO - Number of training batches: 2278
2025-09-13 21:47:56,241 - INFO - Number of validation batches: 2278
2025-09-13 21:47:56,241 - INFO - Number of test batches: 2278
2025-09-13 21:47:56,241 - INFO - Creating ToxD4C model...
2025-09-13 21:47:57,216 - INFO - Model created successfully. Total parameters: 100,932,036
2025-09-13 21:47:57,216 - INFO - Testing model forward pass...
2025-09-13 21:47:57,639 - INFO - Test output shapes:
2025-09-13 21:47:57,639 - INFO -   classification: torch.Size([16, 1])
2025-09-13 21:47:57,642 - INFO -   classification contains NaN: False
2025-09-13 21:47:57,642 - INFO -   classification contains Inf: False
2025-09-13 21:47:57,642 - INFO -   regression: torch.Size([16, 0])
2025-09-13 21:47:57,642 - INFO -   regression contains NaN: False
2025-09-13 21:47:57,642 - INFO -   regression contains Inf: False
2025-09-13 21:47:57,642 - INFO - Model forward pass test successful!
2025-09-13 21:47:58,348 - INFO - 🔁 Loaded checkpoint from: experiments/r1c3_multi_full_seed_42_20250913_152627/checkpoints/r1c3_multi_full_seed_42_best.pth
2025-09-13 21:47:58,348 - INFO - 🧩 Head-only fine-tuning: unfroze head for task 'SR-p53' and froze trunk.
2025-09-13 21:47:58,349 - INFO - Starting training...
2025-09-13 21:47:58,349 - INFO - 
Epoch 1/3
2025-09-13 21:47:58,515 - INFO - Batch 0/2278: Loss=0.0024, Cls=0.0024, Reg=0.0000, Con=0.0000
2025-09-13 21:47:59,377 - INFO - Batch 10/2278: Loss=0.8370, Cls=0.8370, Reg=0.0000, Con=0.0000
2025-09-13 21:48:00,266 - INFO - Batch 20/2278: Loss=1.2442, Cls=0.0559, Reg=0.0000, Con=3.9610
2025-09-13 21:48:01,162 - INFO - Batch 30/2278: Loss=0.0000, Cls=0.0000, Reg=0.0000, Con=0.0000
2025-09-13 21:48:02,059 - INFO - Batch 40/2278: Loss=0.0049, Cls=0.0049, Reg=0.0000, Con=0.0000
2025-09-13 21:48:03,036 - INFO - Batch 50/2278: Loss=1.2051, Cls=0.0169, Reg=0.0000, Con=3.9609
2025-09-13 21:48:03,944 - INFO - Batch 60/2278: Loss=1.1948, Cls=0.0065, Reg=0.0000, Con=3.9609
2025-09-13 21:48:04,873 - INFO - Batch 70/2278: Loss=1.1882, Cls=0.0000, Reg=0.0000, Con=3.9608
2025-09-13 21:48:05,760 - INFO - Batch 80/2278: Loss=0.0001, Cls=0.0001, Reg=0.0000, Con=0.0000
2025-09-13 21:48:06,708 - INFO - Batch 90/2278: Loss=0.0468, Cls=0.0468, Reg=0.0000, Con=0.0000
2025-09-13 21:48:07,626 - INFO - Batch 100/2278: Loss=0.0113, Cls=0.0113, Reg=0.0000, Con=0.0000
2025-09-13 21:48:08,507 - INFO - Batch 110/2278: Loss=0.0007, Cls=0.0007, Reg=0.0000, Con=0.0000
2025-09-13 21:48:09,458 - INFO - Batch 120/2278: Loss=1.1894, Cls=0.0012, Reg=0.0000, Con=3.9609
2025-09-13 21:48:10,371 - INFO - Batch 130/2278: Loss=1.2466, Cls=0.0584, Reg=0.0000, Con=3.9609
2025-09-13 21:48:11,244 - INFO - Batch 140/2278: Loss=1.2182, Cls=0.0297, Reg=0.0000, Con=3.9615
2025-09-13 21:48:12,138 - INFO - Batch 150/2278: Loss=1.5488, Cls=0.3604, Reg=0.0000, Con=3.9613
2025-09-13 21:48:13,013 - INFO - Batch 160/2278: Loss=1.1899, Cls=0.0015, Reg=0.0000, Con=3.9611
2025-09-13 21:48:13,869 - INFO - Batch 170/2278: Loss=1.1885, Cls=0.0002, Reg=0.0000, Con=3.9611
2025-09-13 21:48:14,753 - INFO - Batch 180/2278: Loss=1.1928, Cls=0.0045, Reg=0.0000, Con=3.9610
2025-09-13 21:48:15,608 - INFO - Batch 190/2278: Loss=1.1885, Cls=0.0002, Reg=0.0000, Con=3.9608
2025-09-13 21:48:16,453 - INFO - Batch 200/2278: Loss=0.0842, Cls=0.0842, Reg=0.0000, Con=0.0000
2025-09-13 21:48:17,330 - INFO - Batch 210/2278: Loss=0.0387, Cls=0.0387, Reg=0.0000, Con=0.0000
2025-09-13 21:48:18,196 - INFO - Batch 220/2278: Loss=0.0090, Cls=0.0090, Reg=0.0000, Con=0.0000
2025-09-13 21:48:19,075 - INFO - Batch 230/2278: Loss=1.1887, Cls=0.0004, Reg=0.0000, Con=3.9610
2025-09-13 21:48:19,921 - INFO - Batch 240/2278: Loss=1.1888, Cls=0.0006, Reg=0.0000, Con=3.9608
2025-09-13 21:48:20,788 - INFO - Batch 250/2278: Loss=0.0001, Cls=0.0001, Reg=0.0000, Con=0.0000
2025-09-13 21:48:21,653 - INFO - Batch 260/2278: Loss=0.0271, Cls=0.0271, Reg=0.0000, Con=0.0000
2025-09-13 21:48:22,536 - INFO - Batch 270/2278: Loss=0.0000, Cls=0.0000, Reg=0.0000, Con=0.0000
2025-09-13 21:48:23,390 - INFO - Batch 280/2278: Loss=1.1897, Cls=0.0013, Reg=0.0000, Con=3.9611
2025-09-13 21:48:24,222 - INFO - Batch 290/2278: Loss=0.0459, Cls=0.0459, Reg=0.0000, Con=0.0000
2025-09-13 21:48:25,071 - INFO - Batch 300/2278: Loss=1.1889, Cls=0.0007, Reg=0.0000, Con=3.9609
2025-09-13 21:48:25,939 - INFO - Batch 310/2278: Loss=1.1884, Cls=0.0000, Reg=0.0000, Con=3.9612
2025-09-13 21:48:26,771 - INFO - Batch 320/2278: Loss=0.0004, Cls=0.0004, Reg=0.0000, Con=0.0000
2025-09-13 21:48:27,650 - INFO - Batch 330/2278: Loss=1.1921, Cls=0.0039, Reg=0.0000, Con=3.9609
2025-09-13 21:48:28,511 - INFO - Batch 340/2278: Loss=1.2227, Cls=0.0344, Reg=0.0000, Con=3.9610
2025-09-13 21:48:29,401 - INFO - Batch 350/2278: Loss=1.5856, Cls=0.3972, Reg=0.0000, Con=3.9611
2025-09-13 21:48:30,255 - INFO - Batch 360/2278: Loss=1.1882, Cls=0.0000, Reg=0.0000, Con=3.9607
2025-09-13 21:48:31,132 - INFO - Batch 370/2278: Loss=1.2909, Cls=0.1026, Reg=0.0000, Con=3.9609
2025-09-13 21:48:31,995 - INFO - Batch 380/2278: Loss=1.1900, Cls=0.0017, Reg=0.0000, Con=3.9607
2025-09-13 21:48:32,870 - INFO - Batch 390/2278: Loss=1.1882, Cls=0.0000, Reg=0.0000, Con=3.9607
2025-09-13 21:48:33,750 - INFO - Batch 400/2278: Loss=0.0244, Cls=0.0244, Reg=0.0000, Con=0.0000
2025-09-13 21:48:34,616 - INFO - Batch 410/2278: Loss=0.0005, Cls=0.0005, Reg=0.0000, Con=0.0000
2025-09-13 21:48:35,477 - INFO - Batch 420/2278: Loss=0.0035, Cls=0.0035, Reg=0.0000, Con=0.0000
2025-09-13 21:48:36,360 - INFO - Batch 430/2278: Loss=1.1888, Cls=0.0006, Reg=0.0000, Con=3.9607
2025-09-13 21:48:37,222 - INFO - Batch 440/2278: Loss=1.1903, Cls=0.0020, Reg=0.0000, Con=3.9608
2025-09-13 21:48:38,069 - INFO - Batch 450/2278: Loss=1.1893, Cls=0.0011, Reg=0.0000, Con=3.9607
2025-09-13 21:48:38,921 - INFO - Batch 460/2278: Loss=1.1984, Cls=0.0102, Reg=0.0000, Con=3.9607
2025-09-13 21:48:39,802 - INFO - Batch 470/2278: Loss=1.1884, Cls=0.0001, Reg=0.0000, Con=3.9611
2025-09-13 21:48:40,675 - INFO - Batch 480/2278: Loss=1.1885, Cls=0.0003, Reg=0.0000, Con=3.9607
2025-09-13 21:48:41,535 - INFO - Batch 490/2278: Loss=0.0000, Cls=0.0000, Reg=0.0000, Con=0.0000
2025-09-13 21:48:42,385 - INFO - Batch 500/2278: Loss=0.0001, Cls=0.0001, Reg=0.0000, Con=0.0000
2025-09-13 21:48:43,242 - INFO - Batch 510/2278: Loss=1.1883, Cls=0.0000, Reg=0.0000, Con=3.9609
2025-09-13 21:48:44,099 - INFO - Batch 520/2278: Loss=1.1886, Cls=0.0004, Reg=0.0000, Con=3.9608
2025-09-13 21:48:44,949 - INFO - Batch 530/2278: Loss=1.1887, Cls=0.0004, Reg=0.0000, Con=3.9608
2025-09-13 21:48:45,833 - INFO - Batch 540/2278: Loss=1.1970, Cls=0.0087, Reg=0.0000, Con=3.9610
2025-09-13 21:48:46,685 - INFO - Batch 550/2278: Loss=1.1882, Cls=0.0000, Reg=0.0000, Con=3.9607
2025-09-13 21:48:47,514 - INFO - Batch 560/2278: Loss=1.1883, Cls=0.0000, Reg=0.0000, Con=3.9609
2025-09-13 21:48:48,403 - INFO - Batch 570/2278: Loss=1.1939, Cls=0.0057, Reg=0.0000, Con=3.9608
2025-09-13 21:48:49,269 - INFO - Batch 580/2278: Loss=0.0010, Cls=0.0010, Reg=0.0000, Con=0.0000
2025-09-13 21:48:50,119 - INFO - Batch 590/2278: Loss=0.0386, Cls=0.0386, Reg=0.0000, Con=0.0000
2025-09-13 21:48:50,992 - INFO - Batch 600/2278: Loss=1.1884, Cls=0.0001, Reg=0.0000, Con=3.9609
2025-09-13 21:48:51,845 - INFO - Batch 610/2278: Loss=1.1884, Cls=0.0001, Reg=0.0000, Con=3.9609
2025-09-13 21:48:52,702 - INFO - Batch 620/2278: Loss=1.1903, Cls=0.0021, Reg=0.0000, Con=3.9608
2025-09-13 21:48:53,582 - INFO - Batch 630/2278: Loss=0.0002, Cls=0.0002, Reg=0.0000, Con=0.0000
2025-09-13 21:48:54,473 - INFO - Batch 640/2278: Loss=2.7322, Cls=1.5439, Reg=0.0000, Con=3.9608
2025-09-13 21:48:55,335 - INFO - Batch 650/2278: Loss=1.1889, Cls=0.0006, Reg=0.0000, Con=3.9613
2025-09-13 21:48:56,180 - INFO - Batch 660/2278: Loss=1.1883, Cls=0.0000, Reg=0.0000, Con=3.9608
2025-09-13 21:48:57,044 - INFO - Batch 670/2278: Loss=1.1884, Cls=0.0001, Reg=0.0000, Con=3.9608
2025-09-13 21:48:57,915 - INFO - Batch 680/2278: Loss=1.1883, Cls=0.0001, Reg=0.0000, Con=3.9608
2025-09-13 21:48:58,776 - INFO - Batch 690/2278: Loss=0.0080, Cls=0.0080, Reg=0.0000, Con=0.0000
2025-09-13 21:48:59,649 - INFO - Batch 700/2278: Loss=0.0006, Cls=0.0006, Reg=0.0000, Con=0.0000
2025-09-13 21:49:00,523 - INFO - Batch 710/2278: Loss=1.1882, Cls=0.0000, Reg=0.0000, Con=3.9607
2025-09-13 21:49:01,372 - INFO - Batch 720/2278: Loss=1.1883, Cls=0.0000, Reg=0.0000, Con=3.9609
2025-09-13 21:49:02,239 - INFO - Batch 730/2278: Loss=1.1888, Cls=0.0004, Reg=0.0000, Con=3.9613
2025-09-13 21:49:03,098 - INFO - Batch 740/2278: Loss=1.1932, Cls=0.0049, Reg=0.0000, Con=3.9610
2025-09-13 21:49:03,971 - INFO - Batch 750/2278: Loss=1.1903, Cls=0.0021, Reg=0.0000, Con=3.9609
2025-09-13 21:49:04,840 - INFO - Batch 760/2278: Loss=1.2012, Cls=0.0129, Reg=0.0000, Con=3.9608
2025-09-13 21:49:05,701 - INFO - Batch 770/2278: Loss=1.1925, Cls=0.0042, Reg=0.0000, Con=3.9610
2025-09-13 21:49:06,577 - INFO - Batch 780/2278: Loss=1.1942, Cls=0.0060, Reg=0.0000, Con=3.9608
2025-09-13 21:49:07,440 - INFO - Batch 790/2278: Loss=0.0181, Cls=0.0181, Reg=0.0000, Con=0.0000
2025-09-13 21:49:08,301 - INFO - Batch 800/2278: Loss=1.1924, Cls=0.0040, Reg=0.0000, Con=3.9612
2025-09-13 21:49:09,153 - INFO - Batch 810/2278: Loss=1.1900, Cls=0.0017, Reg=0.0000, Con=3.9612
2025-09-13 21:49:10,034 - INFO - Batch 820/2278: Loss=1.1883, Cls=0.0000, Reg=0.0000, Con=3.9609
2025-09-13 21:49:10,917 - INFO - Batch 830/2278: Loss=1.1949, Cls=0.0066, Reg=0.0000, Con=3.9609
2025-09-13 21:49:11,785 - INFO - Batch 840/2278: Loss=1.9324, Cls=0.7441, Reg=0.0000, Con=3.9608
2025-09-13 21:49:12,657 - INFO - Batch 850/2278: Loss=0.0000, Cls=0.0000, Reg=0.0000, Con=0.0000
2025-09-13 21:49:13,496 - INFO - Batch 860/2278: Loss=1.1957, Cls=0.0075, Reg=0.0000, Con=3.9607
2025-09-13 21:49:14,343 - INFO - Batch 870/2278: Loss=0.0076, Cls=0.0076, Reg=0.0000, Con=0.0000
2025-09-13 21:49:15,230 - INFO - Batch 880/2278: Loss=0.0030, Cls=0.0030, Reg=0.0000, Con=0.0000
2025-09-13 21:49:16,072 - INFO - Batch 890/2278: Loss=0.0026, Cls=0.0026, Reg=0.0000, Con=0.0000
2025-09-13 21:49:16,943 - INFO - Batch 900/2278: Loss=2.5361, Cls=1.3478, Reg=0.0000, Con=3.9609
2025-09-13 21:49:17,819 - INFO - Batch 910/2278: Loss=1.2100, Cls=0.0217, Reg=0.0000, Con=3.9609
2025-09-13 21:49:18,665 - INFO - Batch 920/2278: Loss=1.1931, Cls=0.0048, Reg=0.0000, Con=3.9610
2025-09-13 21:49:19,535 - INFO - Batch 930/2278: Loss=1.1882, Cls=0.0000, Reg=0.0000, Con=3.9608
2025-09-13 21:49:20,397 - INFO - Batch 940/2278: Loss=1.2568, Cls=0.0686, Reg=0.0000, Con=3.9609
2025-09-13 21:49:21,265 - INFO - Batch 950/2278: Loss=1.1883, Cls=0.0000, Reg=0.0000, Con=3.9611
2025-09-13 21:49:22,116 - INFO - Batch 960/2278: Loss=1.2186, Cls=0.0303, Reg=0.0000, Con=3.9609
2025-09-13 21:49:22,986 - INFO - Batch 970/2278: Loss=1.2024, Cls=0.0140, Reg=0.0000, Con=3.9612
2025-09-13 21:49:23,845 - INFO - Batch 980/2278: Loss=0.0057, Cls=0.0057, Reg=0.0000, Con=0.0000
2025-09-13 21:49:24,706 - INFO - Batch 990/2278: Loss=0.0000, Cls=0.0000, Reg=0.0000, Con=0.0000
2025-09-13 21:49:25,557 - INFO - Batch 1000/2278: Loss=1.3469, Cls=0.1586, Reg=0.0000, Con=3.9609
2025-09-13 21:49:26,435 - INFO - Batch 1010/2278: Loss=5.3059, Cls=4.1177, Reg=0.0000, Con=3.9608
2025-09-13 21:49:27,305 - INFO - Batch 1020/2278: Loss=0.0006, Cls=0.0006, Reg=0.0000, Con=0.0000
2025-09-13 21:49:28,168 - INFO - Batch 1030/2278: Loss=1.1888, Cls=0.0005, Reg=0.0000, Con=3.9610
2025-09-13 21:49:29,032 - INFO - Batch 1040/2278: Loss=1.1902, Cls=0.0020, Reg=0.0000, Con=3.9607
2025-09-13 21:49:29,871 - INFO - Batch 1050/2278: Loss=1.2040, Cls=0.0157, Reg=0.0000, Con=3.9609
2025-09-13 21:49:30,728 - INFO - Batch 1060/2278: Loss=1.1893, Cls=0.0010, Reg=0.0000, Con=3.9608
2025-09-13 21:49:31,585 - INFO - Batch 1070/2278: Loss=1.1884, Cls=0.0001, Reg=0.0000, Con=3.9608
2025-09-13 21:49:32,439 - INFO - Batch 1080/2278: Loss=0.0055, Cls=0.0055, Reg=0.0000, Con=0.0000
2025-09-13 21:49:33,330 - INFO - Batch 1090/2278: Loss=1.1883, Cls=0.0000, Reg=0.0000, Con=3.9609
2025-09-13 21:49:34,195 - INFO - Batch 1100/2278: Loss=0.3854, Cls=0.3854, Reg=0.0000, Con=0.0000
2025-09-13 21:49:35,072 - INFO - Batch 1110/2278: Loss=1.1883, Cls=0.0000, Reg=0.0000, Con=3.9608
2025-09-13 21:49:35,927 - INFO - Batch 1120/2278: Loss=0.2674, Cls=0.2674, Reg=0.0000, Con=0.0000
2025-09-13 21:49:36,812 - INFO - Batch 1130/2278: Loss=1.2230, Cls=0.0347, Reg=0.0000, Con=3.9608
2025-09-13 21:49:37,670 - INFO - Batch 1140/2278: Loss=1.1941, Cls=0.0059, Reg=0.0000, Con=3.9608
2025-09-13 21:49:38,525 - INFO - Batch 1150/2278: Loss=1.1888, Cls=0.0004, Reg=0.0000, Con=3.9611
2025-09-13 21:49:39,389 - INFO - Batch 1160/2278: Loss=1.1888, Cls=0.0005, Reg=0.0000, Con=3.9609
2025-09-13 21:49:40,242 - INFO - Batch 1170/2278: Loss=0.0053, Cls=0.0053, Reg=0.0000, Con=0.0000
2025-09-13 21:49:41,086 - INFO - Batch 1180/2278: Loss=1.1893, Cls=0.0010, Reg=0.0000, Con=3.9609
2025-09-13 21:49:41,951 - INFO - Batch 1190/2278: Loss=1.1885, Cls=0.0002, Reg=0.0000, Con=3.9609
2025-09-13 21:49:42,820 - INFO - Batch 1200/2278: Loss=0.0008, Cls=0.0008, Reg=0.0000, Con=0.0000
2025-09-13 21:49:43,692 - INFO - Batch 1210/2278: Loss=1.2013, Cls=0.0130, Reg=0.0000, Con=3.9610
2025-09-13 21:49:44,549 - INFO - Batch 1220/2278: Loss=0.0447, Cls=0.0447, Reg=0.0000, Con=0.0000
2025-09-13 21:49:45,407 - INFO - Batch 1230/2278: Loss=1.1891, Cls=0.0008, Reg=0.0000, Con=3.9609
2025-09-13 21:49:46,299 - INFO - Batch 1240/2278: Loss=1.1883, Cls=0.0000, Reg=0.0000, Con=3.9609
2025-09-13 21:49:47,161 - INFO - Batch 1250/2278: Loss=0.0000, Cls=0.0000, Reg=0.0000, Con=0.0000
2025-09-13 21:49:48,024 - INFO - Batch 1260/2278: Loss=0.2453, Cls=0.2453, Reg=0.0000, Con=0.0000
2025-09-13 21:49:48,888 - INFO - Batch 1270/2278: Loss=1.1883, Cls=0.0001, Reg=0.0000, Con=3.9609
2025-09-13 21:49:49,741 - INFO - Batch 1280/2278: Loss=0.0042, Cls=0.0042, Reg=0.0000, Con=0.0000
2025-09-13 21:49:50,600 - INFO - Batch 1290/2278: Loss=0.9630, Cls=0.9630, Reg=0.0000, Con=0.0000
2025-09-13 21:49:51,472 - INFO - Batch 1300/2278: Loss=1.1896, Cls=0.0013, Reg=0.0000, Con=3.9610
2025-09-13 21:49:52,347 - INFO - Batch 1310/2278: Loss=1.1935, Cls=0.0052, Reg=0.0000, Con=3.9611
2025-09-13 21:49:53,212 - INFO - Batch 1320/2278: Loss=0.0002, Cls=0.0002, Reg=0.0000, Con=0.0000
2025-09-13 21:49:54,061 - INFO - Batch 1330/2278: Loss=1.1889, Cls=0.0005, Reg=0.0000, Con=3.9613
2025-09-13 21:49:54,921 - INFO - Batch 1340/2278: Loss=1.1882, Cls=0.0000, Reg=0.0000, Con=3.9608
2025-09-13 21:49:55,786 - INFO - Batch 1350/2278: Loss=0.0022, Cls=0.0022, Reg=0.0000, Con=0.0000
2025-09-13 21:49:56,658 - INFO - Batch 1360/2278: Loss=1.2495, Cls=0.0612, Reg=0.0000, Con=3.9610
2025-09-13 21:49:57,535 - INFO - Batch 1370/2278: Loss=1.1882, Cls=0.0000, Reg=0.0000, Con=3.9608
2025-09-13 21:49:58,411 - INFO - Batch 1380/2278: Loss=1.1882, Cls=0.0000, Reg=0.0000, Con=3.9608
2025-09-13 21:49:59,265 - INFO - Batch 1390/2278: Loss=1.1885, Cls=0.0003, Reg=0.0000, Con=3.9608
2025-09-13 21:50:00,138 - INFO - Batch 1400/2278: Loss=1.1886, Cls=0.0004, Reg=0.0000, Con=3.9609
2025-09-13 21:50:01,031 - INFO - Batch 1410/2278: Loss=1.2018, Cls=0.0135, Reg=0.0000, Con=3.9612
2025-09-13 21:50:01,884 - INFO - Batch 1420/2278: Loss=0.9057, Cls=0.9057, Reg=0.0000, Con=0.0000
2025-09-13 21:50:02,734 - INFO - Batch 1430/2278: Loss=1.1915, Cls=0.0033, Reg=0.0000, Con=3.9609
2025-09-13 21:50:03,567 - INFO - Batch 1440/2278: Loss=1.1883, Cls=0.0000, Reg=0.0000, Con=3.9609
2025-09-13 21:50:04,394 - INFO - Batch 1450/2278: Loss=1.2156, Cls=0.0274, Reg=0.0000, Con=3.9608
2025-09-13 21:50:05,248 - INFO - Batch 1460/2278: Loss=0.0146, Cls=0.0146, Reg=0.0000, Con=0.0000
2025-09-13 21:50:06,110 - INFO - Batch 1470/2278: Loss=1.1884, Cls=0.0001, Reg=0.0000, Con=3.9609
2025-09-13 21:50:06,964 - INFO - Batch 1480/2278: Loss=1.1938, Cls=0.0056, Reg=0.0000, Con=3.9607
2025-09-13 21:50:07,839 - INFO - Batch 1490/2278: Loss=1.1906, Cls=0.0024, Reg=0.0000, Con=3.9609
2025-09-13 21:50:08,708 - INFO - Batch 1500/2278: Loss=1.1884, Cls=0.0001, Reg=0.0000, Con=3.9609
2025-09-13 21:50:09,581 - INFO - Batch 1510/2278: Loss=0.0000, Cls=0.0000, Reg=0.0000, Con=0.0000
2025-09-13 21:50:10,445 - INFO - Batch 1520/2278: Loss=1.2004, Cls=0.0121, Reg=0.0000, Con=3.9608
2025-09-13 21:50:11,294 - INFO - Batch 1530/2278: Loss=1.2012, Cls=0.0130, Reg=0.0000, Con=3.9608
2025-09-13 21:50:12,162 - INFO - Batch 1540/2278: Loss=1.2667, Cls=0.0784, Reg=0.0000, Con=3.9609
2025-09-13 21:50:13,040 - INFO - Batch 1550/2278: Loss=1.6446, Cls=0.4563, Reg=0.0000, Con=3.9610
2025-09-13 21:50:13,915 - INFO - Batch 1560/2278: Loss=1.3227, Cls=0.1344, Reg=0.0000, Con=3.9609
2025-09-13 21:50:14,806 - INFO - Batch 1570/2278: Loss=1.1896, Cls=0.0014, Reg=0.0000, Con=3.9608
2025-09-13 21:50:15,701 - INFO - Batch 1580/2278: Loss=1.1889, Cls=0.0007, Reg=0.0000, Con=3.9608
2025-09-13 21:50:16,576 - INFO - Batch 1590/2278: Loss=1.1883, Cls=0.0000, Reg=0.0000, Con=3.9609
2025-09-13 21:50:17,422 - INFO - Batch 1600/2278: Loss=1.1884, Cls=0.0001, Reg=0.0000, Con=3.9608
2025-09-13 21:50:18,279 - INFO - Batch 1610/2278: Loss=0.1870, Cls=0.1870, Reg=0.0000, Con=0.0000
2025-09-13 21:50:19,135 - INFO - Batch 1620/2278: Loss=0.0018, Cls=0.0018, Reg=0.0000, Con=0.0000
2025-09-13 21:50:20,015 - INFO - Batch 1630/2278: Loss=1.1882, Cls=0.0000, Reg=0.0000, Con=3.9608
2025-09-13 21:50:20,883 - INFO - Batch 1640/2278: Loss=0.0197, Cls=0.0197, Reg=0.0000, Con=0.0000
2025-09-13 21:50:21,744 - INFO - Batch 1650/2278: Loss=0.0079, Cls=0.0079, Reg=0.0000, Con=0.0000
2025-09-13 21:50:22,622 - INFO - Batch 1660/2278: Loss=0.0872, Cls=0.0872, Reg=0.0000, Con=0.0000
2025-09-13 21:50:23,462 - INFO - Batch 1670/2278: Loss=1.1884, Cls=0.0000, Reg=0.0000, Con=3.9612
2025-09-13 21:50:24,301 - INFO - Batch 1680/2278: Loss=0.0001, Cls=0.0001, Reg=0.0000, Con=0.0000
2025-09-13 21:50:25,174 - INFO - Batch 1690/2278: Loss=1.1909, Cls=0.0026, Reg=0.0000, Con=3.9612
2025-09-13 21:50:26,030 - INFO - Batch 1700/2278: Loss=1.1884, Cls=0.0000, Reg=0.0000, Con=3.9612
2025-09-13 21:50:26,898 - INFO - Batch 1710/2278: Loss=0.0006, Cls=0.0006, Reg=0.0000, Con=0.0000
2025-09-13 21:50:27,754 - INFO - Batch 1720/2278: Loss=1.1885, Cls=0.0002, Reg=0.0000, Con=3.9608
2025-09-13 21:50:28,611 - INFO - Batch 1730/2278: Loss=0.0007, Cls=0.0007, Reg=0.0000, Con=0.0000
2025-09-13 21:50:29,485 - INFO - Batch 1740/2278: Loss=0.0000, Cls=0.0000, Reg=0.0000, Con=0.0000
2025-09-13 21:50:30,350 - INFO - Batch 1750/2278: Loss=1.1883, Cls=0.0000, Reg=0.0000, Con=3.9609
2025-09-13 21:50:31,220 - INFO - Batch 1760/2278: Loss=1.1885, Cls=0.0002, Reg=0.0000, Con=3.9609
2025-09-13 21:50:32,096 - INFO - Batch 1770/2278: Loss=1.1882, Cls=0.0000, Reg=0.0000, Con=3.9608
2025-09-13 21:50:32,966 - INFO - Batch 1780/2278: Loss=1.1884, Cls=0.0001, Reg=0.0000, Con=3.9608
2025-09-13 21:50:33,818 - INFO - Batch 1790/2278: Loss=0.4196, Cls=0.4196, Reg=0.0000, Con=0.0000
2025-09-13 21:50:34,699 - INFO - Batch 1800/2278: Loss=0.0028, Cls=0.0028, Reg=0.0000, Con=0.0000
2025-09-13 21:50:35,579 - INFO - Batch 1810/2278: Loss=0.0004, Cls=0.0004, Reg=0.0000, Con=0.0000
2025-09-13 21:50:36,445 - INFO - Batch 1820/2278: Loss=1.1903, Cls=0.0020, Reg=0.0000, Con=3.9611
2025-09-13 21:50:37,302 - INFO - Batch 1830/2278: Loss=0.0019, Cls=0.0019, Reg=0.0000, Con=0.0000
2025-09-13 21:50:38,152 - INFO - Batch 1840/2278: Loss=0.0065, Cls=0.0065, Reg=0.0000, Con=0.0000
2025-09-13 21:50:39,055 - INFO - Batch 1850/2278: Loss=1.1957, Cls=0.0074, Reg=0.0000, Con=3.9608
2025-09-13 21:50:39,922 - INFO - Batch 1860/2278: Loss=0.0019, Cls=0.0019, Reg=0.0000, Con=0.0000
2025-09-13 21:50:40,776 - INFO - Batch 1870/2278: Loss=1.1883, Cls=0.0000, Reg=0.0000, Con=3.9608
2025-09-13 21:50:41,628 - INFO - Batch 1880/2278: Loss=0.0000, Cls=0.0000, Reg=0.0000, Con=0.0000
2025-09-13 21:50:42,510 - INFO - Batch 1890/2278: Loss=1.1883, Cls=0.0000, Reg=0.0000, Con=3.9609
2025-09-13 21:50:43,370 - INFO - Batch 1900/2278: Loss=0.0115, Cls=0.0115, Reg=0.0000, Con=0.0000
2025-09-13 21:50:44,224 - INFO - Batch 1910/2278: Loss=0.0002, Cls=0.0002, Reg=0.0000, Con=0.0000
2025-09-13 21:50:45,119 - INFO - Batch 1920/2278: Loss=1.1991, Cls=0.0109, Reg=0.0000, Con=3.9607
2025-09-13 21:50:45,982 - INFO - Batch 1930/2278: Loss=1.1889, Cls=0.0007, Reg=0.0000, Con=3.9607
2025-09-13 21:50:46,859 - INFO - Batch 1940/2278: Loss=1.2381, Cls=0.0498, Reg=0.0000, Con=3.9608
2025-09-13 21:50:47,711 - INFO - Batch 1950/2278: Loss=1.1887, Cls=0.0005, Reg=0.0000, Con=3.9608
2025-09-13 21:50:48,572 - INFO - Batch 1960/2278: Loss=1.1921, Cls=0.0038, Reg=0.0000, Con=3.9609
2025-09-13 21:50:49,433 - INFO - Batch 1970/2278: Loss=1.1883, Cls=0.0000, Reg=0.0000, Con=3.9611
2025-09-13 21:50:50,313 - INFO - Batch 1980/2278: Loss=1.3847, Cls=0.1965, Reg=0.0000, Con=3.9608
2025-09-13 21:50:51,180 - INFO - Batch 1990/2278: Loss=2.4698, Cls=1.2813, Reg=0.0000, Con=3.9615
2025-09-13 21:50:52,037 - INFO - Batch 2000/2278: Loss=0.0002, Cls=0.0002, Reg=0.0000, Con=0.0000
2025-09-13 21:50:52,904 - INFO - Batch 2010/2278: Loss=1.1884, Cls=0.0001, Reg=0.0000, Con=3.9608
2025-09-13 21:50:53,764 - INFO - Batch 2020/2278: Loss=2.7023, Cls=1.5141, Reg=0.0000, Con=3.9608
2025-09-13 21:50:54,629 - INFO - Batch 2030/2278: Loss=1.1882, Cls=0.0000, Reg=0.0000, Con=3.9607
2025-09-13 21:50:55,503 - INFO - Batch 2040/2278: Loss=1.1883, Cls=0.0001, Reg=0.0000, Con=3.9609
2025-09-13 21:50:56,386 - INFO - Batch 2050/2278: Loss=1.1907, Cls=0.0024, Reg=0.0000, Con=3.9608
2025-09-13 21:50:57,233 - INFO - Batch 2060/2278: Loss=0.0013, Cls=0.0013, Reg=0.0000, Con=0.0000
2025-09-13 21:50:58,072 - INFO - Batch 2070/2278: Loss=1.1884, Cls=0.0001, Reg=0.0000, Con=3.9611
2025-09-13 21:50:58,930 - INFO - Batch 2080/2278: Loss=1.1893, Cls=0.0010, Reg=0.0000, Con=3.9610
2025-09-13 21:50:59,795 - INFO - Batch 2090/2278: Loss=1.1888, Cls=0.0004, Reg=0.0000, Con=3.9612
2025-09-13 21:51:00,658 - INFO - Batch 2100/2278: Loss=1.2471, Cls=0.0588, Reg=0.0000, Con=3.9611
2025-09-13 21:51:01,525 - INFO - Batch 2110/2278: Loss=1.1883, Cls=0.0000, Reg=0.0000, Con=3.9609
2025-09-13 21:51:02,388 - INFO - Batch 2120/2278: Loss=2.8007, Cls=2.8007, Reg=0.0000, Con=0.0000
2025-09-13 21:51:03,270 - INFO - Batch 2130/2278: Loss=1.1882, Cls=0.0000, Reg=0.0000, Con=3.9606
2025-09-13 21:51:04,139 - INFO - Batch 2140/2278: Loss=1.1883, Cls=0.0000, Reg=0.0000, Con=3.9608
2025-09-13 21:51:04,999 - INFO - Batch 2150/2278: Loss=1.1893, Cls=0.0011, Reg=0.0000, Con=3.9607
2025-09-13 21:51:05,853 - INFO - Batch 2160/2278: Loss=1.2021, Cls=0.0139, Reg=0.0000, Con=3.9608
2025-09-13 21:51:06,716 - INFO - Batch 2170/2278: Loss=1.1884, Cls=0.0001, Reg=0.0000, Con=3.9609
2025-09-13 21:51:07,552 - INFO - Batch 2180/2278: Loss=0.6426, Cls=0.6426, Reg=0.0000, Con=0.0000
2025-09-13 21:51:08,431 - INFO - Batch 2190/2278: Loss=0.0000, Cls=0.0000, Reg=0.0000, Con=0.0000
2025-09-13 21:51:09,315 - INFO - Batch 2200/2278: Loss=1.1891, Cls=0.0009, Reg=0.0000, Con=3.9605
2025-09-13 21:51:10,203 - INFO - Batch 2210/2278: Loss=1.4729, Cls=0.2846, Reg=0.0000, Con=3.9609
2025-09-13 21:51:11,046 - INFO - Batch 2220/2278: Loss=1.2492, Cls=0.0609, Reg=0.0000, Con=3.9610
2025-09-13 21:51:11,896 - INFO - Batch 2230/2278: Loss=0.0001, Cls=0.0001, Reg=0.0000, Con=0.0000
2025-09-13 21:51:12,752 - INFO - Batch 2240/2278: Loss=0.0002, Cls=0.0002, Reg=0.0000, Con=0.0000
2025-09-13 21:51:13,599 - INFO - Batch 2250/2278: Loss=1.1885, Cls=0.0003, Reg=0.0000, Con=3.9609
2025-09-13 21:51:14,466 - INFO - Batch 2260/2278: Loss=1.5619, Cls=0.3737, Reg=0.0000, Con=3.9608
2025-09-13 21:51:15,340 - INFO - Batch 2270/2278: Loss=0.0001, Cls=0.0001, Reg=0.0000, Con=0.0000
2025-09-13 21:54:25,564 - INFO - === Epoch 1 Results ===
2025-09-13 21:54:25,564 - INFO - Training Loss: 0.9273 (Classification: 0.1600, Regression: 0.0000)
2025-09-13 21:54:25,564 - INFO - Validation Loss: 0.0735 (Classification: 0.0735, Regression: 0.0000)
2025-09-13 21:54:25,564 - INFO - Average Classification Accuracy: 0.9293 (on 1/26 tasks)
2025-09-13 21:54:25,564 - INFO - Average AUC: 0.8280
2025-09-13 21:54:26,102 - INFO - Best model saved to: experiments/r1c3_single_cls_25_seed_42_20250913_214755/checkpoints/r1c3_single_cls_25_seed_42_best.pth
2025-09-13 21:54:26,102 - INFO - 
Epoch 2/3
2025-09-13 21:54:26,198 - INFO - Batch 0/2278: Loss=2.3682, Cls=2.3682, Reg=0.0000, Con=0.0000
2025-09-13 21:54:27,064 - INFO - Batch 10/2278: Loss=1.1890, Cls=0.0009, Reg=0.0000, Con=3.9604
2025-09-13 21:54:27,938 - INFO - Batch 20/2278: Loss=1.1902, Cls=0.0019, Reg=0.0000, Con=3.9610
2025-09-13 21:54:28,812 - INFO - Batch 30/2278: Loss=1.1885, Cls=0.0003, Reg=0.0000, Con=3.9608
2025-09-13 21:54:29,673 - INFO - Batch 40/2278: Loss=1.1883, Cls=0.0000, Reg=0.0000, Con=3.9608
2025-09-13 21:54:30,584 - INFO - Batch 50/2278: Loss=0.0374, Cls=0.0374, Reg=0.0000, Con=0.0000
2025-09-13 21:54:31,424 - INFO - Batch 60/2278: Loss=0.0049, Cls=0.0049, Reg=0.0000, Con=0.0000
2025-09-13 21:54:32,292 - INFO - Batch 70/2278: Loss=1.1882, Cls=0.0000, Reg=0.0000, Con=3.9607
2025-09-13 21:54:33,159 - INFO - Batch 80/2278: Loss=1.1883, Cls=0.0000, Reg=0.0000, Con=3.9609
2025-09-13 21:54:34,043 - INFO - Batch 90/2278: Loss=0.0485, Cls=0.0485, Reg=0.0000, Con=0.0000
2025-09-13 21:54:34,937 - INFO - Batch 100/2278: Loss=1.1885, Cls=0.0002, Reg=0.0000, Con=3.9609
2025-09-13 21:54:35,823 - INFO - Batch 110/2278: Loss=1.1883, Cls=0.0000, Reg=0.0000, Con=3.9609
2025-09-13 21:54:36,706 - INFO - Batch 120/2278: Loss=0.0016, Cls=0.0016, Reg=0.0000, Con=0.0000
2025-09-13 21:54:37,590 - INFO - Batch 130/2278: Loss=1.1882, Cls=0.0000, Reg=0.0000, Con=3.9607
2025-09-13 21:54:38,465 - INFO - Batch 140/2278: Loss=4.7865, Cls=3.5982, Reg=0.0000, Con=3.9609
2025-09-13 21:54:39,347 - INFO - Batch 150/2278: Loss=1.1891, Cls=0.0008, Reg=0.0000, Con=3.9611
2025-09-13 21:54:40,235 - INFO - Batch 160/2278: Loss=1.1883, Cls=0.0001, Reg=0.0000, Con=3.9609
2025-09-13 21:54:41,117 - INFO - Batch 170/2278: Loss=0.0039, Cls=0.0039, Reg=0.0000, Con=0.0000
2025-09-13 21:54:42,003 - INFO - Batch 180/2278: Loss=1.1889, Cls=0.0007, Reg=0.0000, Con=3.9609
2025-09-13 21:54:42,874 - INFO - Batch 190/2278: Loss=0.0014, Cls=0.0014, Reg=0.0000, Con=0.0000
2025-09-13 21:54:43,752 - INFO - Batch 200/2278: Loss=2.2188, Cls=1.0306, Reg=0.0000, Con=3.9608
2025-09-13 21:54:44,621 - INFO - Batch 210/2278: Loss=1.1935, Cls=0.0052, Reg=0.0000, Con=3.9609
2025-09-13 21:54:45,494 - INFO - Batch 220/2278: Loss=0.0002, Cls=0.0002, Reg=0.0000, Con=0.0000
2025-09-13 21:54:46,376 - INFO - Batch 230/2278: Loss=0.0042, Cls=0.0042, Reg=0.0000, Con=0.0000
2025-09-13 21:54:47,265 - INFO - Batch 240/2278: Loss=0.0047, Cls=0.0047, Reg=0.0000, Con=0.0000
2025-09-13 21:54:48,148 - INFO - Batch 250/2278: Loss=0.0015, Cls=0.0015, Reg=0.0000, Con=0.0000
2025-09-13 21:54:49,018 - INFO - Batch 260/2278: Loss=0.1476, Cls=0.1476, Reg=0.0000, Con=0.0000
2025-09-13 21:54:49,898 - INFO - Batch 270/2278: Loss=1.1883, Cls=0.0000, Reg=0.0000, Con=3.9608
2025-09-13 21:54:50,768 - INFO - Batch 280/2278: Loss=1.1892, Cls=0.0010, Reg=0.0000, Con=3.9609
2025-09-13 21:54:51,635 - INFO - Batch 290/2278: Loss=1.1889, Cls=0.0006, Reg=0.0000, Con=3.9609
2025-09-13 21:54:52,523 - INFO - Batch 300/2278: Loss=1.6437, Cls=0.4555, Reg=0.0000, Con=3.9609
2025-09-13 21:54:53,416 - INFO - Batch 310/2278: Loss=1.3001, Cls=0.1118, Reg=0.0000, Con=3.9608
2025-09-13 21:54:54,315 - INFO - Batch 320/2278: Loss=0.0000, Cls=0.0000, Reg=0.0000, Con=0.0000
2025-09-13 21:54:55,174 - INFO - Batch 330/2278: Loss=3.4476, Cls=2.2593, Reg=0.0000, Con=3.9609
2025-09-13 21:54:56,038 - INFO - Batch 340/2278: Loss=1.1898, Cls=0.0015, Reg=0.0000, Con=3.9609
2025-09-13 21:54:56,910 - INFO - Batch 350/2278: Loss=1.1883, Cls=0.0000, Reg=0.0000, Con=3.9609
2025-09-13 21:54:57,792 - INFO - Batch 360/2278: Loss=1.1883, Cls=0.0000, Reg=0.0000, Con=3.9609
2025-09-13 21:54:58,643 - INFO - Batch 370/2278: Loss=1.1911, Cls=0.0029, Reg=0.0000, Con=3.9609
2025-09-13 21:54:59,493 - INFO - Batch 380/2278: Loss=1.1914, Cls=0.0032, Reg=0.0000, Con=3.9608
2025-09-13 21:55:00,373 - INFO - Batch 390/2278: Loss=1.1890, Cls=0.0007, Reg=0.0000, Con=3.9609
2025-09-13 21:55:01,273 - INFO - Batch 400/2278: Loss=0.0000, Cls=0.0000, Reg=0.0000, Con=0.0000
2025-09-13 21:55:02,182 - INFO - Batch 410/2278: Loss=1.1914, Cls=0.0031, Reg=0.0000, Con=3.9608
2025-09-13 21:55:03,089 - INFO - Batch 420/2278: Loss=0.0011, Cls=0.0011, Reg=0.0000, Con=0.0000
2025-09-13 21:55:03,981 - INFO - Batch 430/2278: Loss=0.0076, Cls=0.0076, Reg=0.0000, Con=0.0000
2025-09-13 21:55:04,853 - INFO - Batch 440/2278: Loss=1.1941, Cls=0.0059, Reg=0.0000, Con=3.9608
2025-09-13 21:55:05,728 - INFO - Batch 450/2278: Loss=1.1888, Cls=0.0006, Reg=0.0000, Con=3.9607
2025-09-13 21:55:06,600 - INFO - Batch 460/2278: Loss=0.0112, Cls=0.0112, Reg=0.0000, Con=0.0000
2025-09-13 21:55:07,483 - INFO - Batch 470/2278: Loss=1.2009, Cls=0.0127, Reg=0.0000, Con=3.9608
2025-09-13 21:55:08,356 - INFO - Batch 480/2278: Loss=0.0000, Cls=0.0000, Reg=0.0000, Con=0.0000
2025-09-13 21:55:09,245 - INFO - Batch 490/2278: Loss=1.1884, Cls=0.0001, Reg=0.0000, Con=3.9610
2025-09-13 21:55:10,123 - INFO - Batch 500/2278: Loss=1.1896, Cls=0.0014, Reg=0.0000, Con=3.9607
2025-09-13 21:55:11,012 - INFO - Batch 510/2278: Loss=1.1947, Cls=0.0065, Reg=0.0000, Con=3.9607
2025-09-13 21:55:11,900 - INFO - Batch 520/2278: Loss=1.1886, Cls=0.0003, Reg=0.0000, Con=3.9607
2025-09-13 21:55:12,777 - INFO - Batch 530/2278: Loss=1.1887, Cls=0.0005, Reg=0.0000, Con=3.9608
2025-09-13 21:55:13,631 - INFO - Batch 540/2278: Loss=1.1894, Cls=0.0011, Reg=0.0000, Con=3.9610
2025-09-13 21:55:14,489 - INFO - Batch 550/2278: Loss=1.1942, Cls=0.0060, Reg=0.0000, Con=3.9607
2025-09-13 21:55:15,373 - INFO - Batch 560/2278: Loss=0.0012, Cls=0.0012, Reg=0.0000, Con=0.0000
2025-09-13 21:55:16,253 - INFO - Batch 570/2278: Loss=1.1882, Cls=0.0000, Reg=0.0000, Con=3.9608
2025-09-13 21:55:17,128 - INFO - Batch 580/2278: Loss=3.3924, Cls=2.2041, Reg=0.0000, Con=3.9608
2025-09-13 21:55:18,002 - INFO - Batch 590/2278: Loss=1.1884, Cls=0.0002, Reg=0.0000, Con=3.9608
2025-09-13 21:55:18,875 - INFO - Batch 600/2278: Loss=0.0000, Cls=0.0000, Reg=0.0000, Con=0.0000
2025-09-13 21:55:19,756 - INFO - Batch 610/2278: Loss=1.1883, Cls=0.0001, Reg=0.0000, Con=3.9608
2025-09-13 21:55:20,624 - INFO - Batch 620/2278: Loss=1.1884, Cls=0.0001, Reg=0.0000, Con=3.9608
2025-09-13 21:55:21,470 - INFO - Batch 630/2278: Loss=0.4781, Cls=0.4781, Reg=0.0000, Con=0.0000
2025-09-13 21:55:22,378 - INFO - Batch 640/2278: Loss=0.0051, Cls=0.0051, Reg=0.0000, Con=0.0000
2025-09-13 21:55:23,250 - INFO - Batch 650/2278: Loss=0.0000, Cls=0.0000, Reg=0.0000, Con=0.0000
2025-09-13 21:55:24,127 - INFO - Batch 660/2278: Loss=1.1888, Cls=0.0006, Reg=0.0000, Con=3.9607
2025-09-13 21:55:25,029 - INFO - Batch 670/2278: Loss=1.1887, Cls=0.0004, Reg=0.0000, Con=3.9609
2025-09-13 21:55:25,912 - INFO - Batch 680/2278: Loss=1.2192, Cls=0.0310, Reg=0.0000, Con=3.9608
2025-09-13 21:55:26,788 - INFO - Batch 690/2278: Loss=1.1884, Cls=0.0000, Reg=0.0000, Con=3.9613
2025-09-13 21:55:27,679 - INFO - Batch 700/2278: Loss=0.0193, Cls=0.0193, Reg=0.0000, Con=0.0000
2025-09-13 21:55:28,548 - INFO - Batch 710/2278: Loss=1.1931, Cls=0.0048, Reg=0.0000, Con=3.9610
2025-09-13 21:55:29,402 - INFO - Batch 720/2278: Loss=1.1889, Cls=0.0006, Reg=0.0000, Con=3.9609
2025-09-13 21:55:30,261 - INFO - Batch 730/2278: Loss=1.2974, Cls=0.1091, Reg=0.0000, Con=3.9612
2025-09-13 21:55:31,116 - INFO - Batch 740/2278: Loss=1.1913, Cls=0.0030, Reg=0.0000, Con=3.9610
2025-09-13 21:55:31,986 - INFO - Batch 750/2278: Loss=0.0002, Cls=0.0002, Reg=0.0000, Con=0.0000
2025-09-13 21:55:32,850 - INFO - Batch 760/2278: Loss=0.0007, Cls=0.0007, Reg=0.0000, Con=0.0000
2025-09-13 21:55:33,717 - INFO - Batch 770/2278: Loss=3.2155, Cls=2.0273, Reg=0.0000, Con=3.9608
2025-09-13 21:55:34,595 - INFO - Batch 780/2278: Loss=0.0023, Cls=0.0023, Reg=0.0000, Con=0.0000
2025-09-13 21:55:35,463 - INFO - Batch 790/2278: Loss=1.2142, Cls=0.0260, Reg=0.0000, Con=3.9609
2025-09-13 21:55:36,352 - INFO - Batch 800/2278: Loss=0.0000, Cls=0.0000, Reg=0.0000, Con=0.0000
2025-09-13 21:55:37,232 - INFO - Batch 810/2278: Loss=1.5817, Cls=1.5817, Reg=0.0000, Con=0.0000
2025-09-13 21:55:38,087 - INFO - Batch 820/2278: Loss=1.1887, Cls=0.0005, Reg=0.0000, Con=3.9608
2025-09-13 21:55:38,981 - INFO - Batch 830/2278: Loss=1.1885, Cls=0.0003, Reg=0.0000, Con=3.9607
2025-09-13 21:55:39,870 - INFO - Batch 840/2278: Loss=1.1893, Cls=0.0011, Reg=0.0000, Con=3.9608
2025-09-13 21:55:40,752 - INFO - Batch 850/2278: Loss=0.0027, Cls=0.0027, Reg=0.0000, Con=0.0000
2025-09-13 21:55:41,644 - INFO - Batch 860/2278: Loss=1.2124, Cls=0.0242, Reg=0.0000, Con=3.9608
2025-09-13 21:55:42,518 - INFO - Batch 870/2278: Loss=0.0028, Cls=0.0028, Reg=0.0000, Con=0.0000
2025-09-13 21:55:43,397 - INFO - Batch 880/2278: Loss=0.0017, Cls=0.0017, Reg=0.0000, Con=0.0000
2025-09-13 21:55:44,266 - INFO - Batch 890/2278: Loss=1.3391, Cls=0.1508, Reg=0.0000, Con=3.9609
2025-09-13 21:55:45,155 - INFO - Batch 900/2278: Loss=0.0011, Cls=0.0011, Reg=0.0000, Con=0.0000
2025-09-13 21:55:46,012 - INFO - Batch 910/2278: Loss=0.0154, Cls=0.0154, Reg=0.0000, Con=0.0000
2025-09-13 21:55:46,880 - INFO - Batch 920/2278: Loss=1.1883, Cls=0.0000, Reg=0.0000, Con=3.9611
2025-09-13 21:55:47,748 - INFO - Batch 930/2278: Loss=1.1883, Cls=0.0001, Reg=0.0000, Con=3.9609
2025-09-13 21:55:48,622 - INFO - Batch 940/2278: Loss=0.0006, Cls=0.0006, Reg=0.0000, Con=0.0000
2025-09-13 21:55:49,494 - INFO - Batch 950/2278: Loss=3.0407, Cls=3.0407, Reg=0.0000, Con=0.0000
2025-09-13 21:55:50,406 - INFO - Batch 960/2278: Loss=0.0000, Cls=0.0000, Reg=0.0000, Con=0.0000
2025-09-13 21:55:51,291 - INFO - Batch 970/2278: Loss=0.0046, Cls=0.0046, Reg=0.0000, Con=0.0000
2025-09-13 21:55:52,154 - INFO - Batch 980/2278: Loss=1.2099, Cls=0.0216, Reg=0.0000, Con=3.9609
2025-09-13 21:55:53,016 - INFO - Batch 990/2278: Loss=1.1882, Cls=0.0000, Reg=0.0000, Con=3.9606
2025-09-13 21:55:53,887 - INFO - Batch 1000/2278: Loss=1.1883, Cls=0.0001, Reg=0.0000, Con=3.9609
2025-09-13 21:55:54,751 - INFO - Batch 1010/2278: Loss=1.1883, Cls=0.0000, Reg=0.0000, Con=3.9609
2025-09-13 21:55:55,610 - INFO - Batch 1020/2278: Loss=1.1887, Cls=0.0002, Reg=0.0000, Con=3.9615
2025-09-13 21:55:56,467 - INFO - Batch 1030/2278: Loss=1.1915, Cls=0.0032, Reg=0.0000, Con=3.9608
2025-09-13 21:55:57,334 - INFO - Batch 1040/2278: Loss=1.1882, Cls=0.0000, Reg=0.0000, Con=3.9608
2025-09-13 21:55:58,217 - INFO - Batch 1050/2278: Loss=1.3179, Cls=0.1296, Reg=0.0000, Con=3.9611
2025-09-13 21:55:59,073 - INFO - Batch 1060/2278: Loss=1.1883, Cls=0.0000, Reg=0.0000, Con=3.9612
2025-09-13 21:55:59,946 - INFO - Batch 1070/2278: Loss=1.1883, Cls=0.0000, Reg=0.0000, Con=3.9609
2025-09-13 21:56:00,813 - INFO - Batch 1080/2278: Loss=1.7678, Cls=0.5796, Reg=0.0000, Con=3.9609
2025-09-13 21:56:01,730 - INFO - Batch 1090/2278: Loss=1.1886, Cls=0.0003, Reg=0.0000, Con=3.9608
2025-09-13 21:56:02,598 - INFO - Batch 1100/2278: Loss=1.1884, Cls=0.0001, Reg=0.0000, Con=3.9608
2025-09-13 21:56:03,460 - INFO - Batch 1110/2278: Loss=1.5170, Cls=0.3287, Reg=0.0000, Con=3.9608
2025-09-13 21:56:04,341 - INFO - Batch 1120/2278: Loss=1.1883, Cls=0.0001, Reg=0.0000, Con=3.9608
2025-09-13 21:56:05,203 - INFO - Batch 1130/2278: Loss=0.0000, Cls=0.0000, Reg=0.0000, Con=0.0000
2025-09-13 21:56:06,079 - INFO - Batch 1140/2278: Loss=0.0001, Cls=0.0001, Reg=0.0000, Con=0.0000
2025-09-13 21:56:06,969 - INFO - Batch 1150/2278: Loss=5.3154, Cls=4.1271, Reg=0.0000, Con=3.9609
2025-09-13 21:56:07,819 - INFO - Batch 1160/2278: Loss=1.1882, Cls=0.0000, Reg=0.0000, Con=3.9607
2025-09-13 21:56:08,698 - INFO - Batch 1170/2278: Loss=1.3659, Cls=1.3659, Reg=0.0000, Con=0.0000
2025-09-13 21:56:09,576 - INFO - Batch 1180/2278: Loss=1.1884, Cls=0.0001, Reg=0.0000, Con=3.9609
2025-09-13 21:56:10,457 - INFO - Batch 1190/2278: Loss=3.3646, Cls=2.1763, Reg=0.0000, Con=3.9610
2025-09-13 21:56:11,346 - INFO - Batch 1200/2278: Loss=1.1883, Cls=0.0000, Reg=0.0000, Con=3.9609
2025-09-13 21:56:12,234 - INFO - Batch 1210/2278: Loss=1.1897, Cls=0.0014, Reg=0.0000, Con=3.9608
2025-09-13 21:56:13,129 - INFO - Batch 1220/2278: Loss=0.0136, Cls=0.0136, Reg=0.0000, Con=0.0000
2025-09-13 21:56:14,019 - INFO - Batch 1230/2278: Loss=1.1883, Cls=0.0000, Reg=0.0000, Con=3.9609
2025-09-13 21:56:14,876 - INFO - Batch 1240/2278: Loss=1.1883, Cls=0.0000, Reg=0.0000, Con=3.9609
2025-09-13 21:56:15,750 - INFO - Batch 1250/2278: Loss=0.0000, Cls=0.0000, Reg=0.0000, Con=0.0000
2025-09-13 21:56:16,629 - INFO - Batch 1260/2278: Loss=1.1884, Cls=0.0002, Reg=0.0000, Con=3.9607
2025-09-13 21:56:17,487 - INFO - Batch 1270/2278: Loss=0.0002, Cls=0.0002, Reg=0.0000, Con=0.0000
2025-09-13 21:56:18,331 - INFO - Batch 1280/2278: Loss=3.4869, Cls=2.2987, Reg=0.0000, Con=3.9608
2025-09-13 21:56:19,221 - INFO - Batch 1290/2278: Loss=1.1899, Cls=0.0016, Reg=0.0000, Con=3.9610
2025-09-13 21:56:20,108 - INFO - Batch 1300/2278: Loss=2.3422, Cls=1.1539, Reg=0.0000, Con=3.9610
2025-09-13 21:56:20,983 - INFO - Batch 1310/2278: Loss=0.0001, Cls=0.0001, Reg=0.0000, Con=0.0000
2025-09-13 21:56:21,864 - INFO - Batch 1320/2278: Loss=1.1915, Cls=0.0032, Reg=0.0000, Con=3.9609
2025-09-13 21:56:22,738 - INFO - Batch 1330/2278: Loss=1.1883, Cls=0.0001, Reg=0.0000, Con=3.9609
2025-09-13 21:56:23,627 - INFO - Batch 1340/2278: Loss=0.0047, Cls=0.0047, Reg=0.0000, Con=0.0000
2025-09-13 21:56:24,499 - INFO - Batch 1350/2278: Loss=0.0000, Cls=0.0000, Reg=0.0000, Con=0.0000
2025-09-13 21:56:25,373 - INFO - Batch 1360/2278: Loss=1.1887, Cls=0.0005, Reg=0.0000, Con=3.9608
2025-09-13 21:56:26,237 - INFO - Batch 1370/2278: Loss=1.7339, Cls=0.5457, Reg=0.0000, Con=3.9608
2025-09-13 21:56:27,100 - INFO - Batch 1380/2278: Loss=1.1883, Cls=0.0000, Reg=0.0000, Con=3.9609
2025-09-13 21:56:27,966 - INFO - Batch 1390/2278: Loss=1.1885, Cls=0.0003, Reg=0.0000, Con=3.9608
2025-09-13 21:56:28,852 - INFO - Batch 1400/2278: Loss=0.0000, Cls=0.0000, Reg=0.0000, Con=0.0000
2025-09-13 21:56:29,734 - INFO - Batch 1410/2278: Loss=1.1896, Cls=0.0013, Reg=0.0000, Con=3.9608
2025-09-13 21:56:30,619 - INFO - Batch 1420/2278: Loss=0.0001, Cls=0.0001, Reg=0.0000, Con=0.0000
2025-09-13 21:56:31,507 - INFO - Batch 1430/2278: Loss=0.0000, Cls=0.0000, Reg=0.0000, Con=0.0000
2025-09-13 21:56:32,375 - INFO - Batch 1440/2278: Loss=1.1886, Cls=0.0002, Reg=0.0000, Con=3.9613
2025-09-13 21:56:33,236 - INFO - Batch 1450/2278: Loss=0.0000, Cls=0.0000, Reg=0.0000, Con=0.0000
2025-09-13 21:56:34,113 - INFO - Batch 1460/2278: Loss=1.1893, Cls=0.0011, Reg=0.0000, Con=3.9609
2025-09-13 21:56:34,988 - INFO - Batch 1470/2278: Loss=1.2471, Cls=0.0588, Reg=0.0000, Con=3.9608
2025-09-13 21:56:35,862 - INFO - Batch 1480/2278: Loss=0.0001, Cls=0.0001, Reg=0.0000, Con=0.0000
2025-09-13 21:56:36,807 - INFO - Batch 1490/2278: Loss=1.1840, Cls=1.1840, Reg=0.0000, Con=0.0000
2025-09-13 21:56:37,693 - INFO - Batch 1500/2278: Loss=0.0006, Cls=0.0006, Reg=0.0000, Con=0.0000
2025-09-13 21:56:38,551 - INFO - Batch 1510/2278: Loss=1.1974, Cls=0.0091, Reg=0.0000, Con=3.9608
2025-09-13 21:56:39,372 - INFO - Batch 1520/2278: Loss=1.4279, Cls=0.2396, Reg=0.0000, Con=3.9608
2025-09-13 21:56:40,246 - INFO - Batch 1530/2278: Loss=1.2039, Cls=0.0156, Reg=0.0000, Con=3.9609
2025-09-13 21:56:41,110 - INFO - Batch 1540/2278: Loss=0.0001, Cls=0.0001, Reg=0.0000, Con=0.0000
2025-09-13 21:56:41,978 - INFO - Batch 1550/2278: Loss=1.1883, Cls=0.0000, Reg=0.0000, Con=3.9609
2025-09-13 21:56:42,865 - INFO - Batch 1560/2278: Loss=1.3525, Cls=0.1643, Reg=0.0000, Con=3.9608
2025-09-13 21:56:43,721 - INFO - Batch 1570/2278: Loss=1.1912, Cls=0.0029, Reg=0.0000, Con=3.9609
2025-09-13 21:56:44,590 - INFO - Batch 1580/2278: Loss=0.0004, Cls=0.0004, Reg=0.0000, Con=0.0000
2025-09-13 21:56:45,480 - INFO - Batch 1590/2278: Loss=1.8416, Cls=1.8416, Reg=0.0000, Con=0.0000
2025-09-13 21:56:46,371 - INFO - Batch 1600/2278: Loss=1.1888, Cls=0.0005, Reg=0.0000, Con=3.9609
2025-09-13 21:56:47,261 - INFO - Batch 1610/2278: Loss=0.0001, Cls=0.0001, Reg=0.0000, Con=0.0000
2025-09-13 21:56:48,157 - INFO - Batch 1620/2278: Loss=4.0670, Cls=2.8788, Reg=0.0000, Con=3.9609
2025-09-13 21:56:49,012 - INFO - Batch 1630/2278: Loss=0.0000, Cls=0.0000, Reg=0.0000, Con=0.0000
2025-09-13 21:56:49,900 - INFO - Batch 1640/2278: Loss=1.1883, Cls=0.0000, Reg=0.0000, Con=3.9609
2025-09-13 21:56:50,774 - INFO - Batch 1650/2278: Loss=0.0001, Cls=0.0001, Reg=0.0000, Con=0.0000
2025-09-13 21:56:51,643 - INFO - Batch 1660/2278: Loss=1.1883, Cls=0.0001, Reg=0.0000, Con=3.9607
2025-09-13 21:56:52,539 - INFO - Batch 1670/2278: Loss=1.1884, Cls=0.0001, Reg=0.0000, Con=3.9608
2025-09-13 21:56:53,421 - INFO - Batch 1680/2278: Loss=1.1907, Cls=0.0022, Reg=0.0000, Con=3.9615
2025-09-13 21:56:54,318 - INFO - Batch 1690/2278: Loss=0.0007, Cls=0.0007, Reg=0.0000, Con=0.0000
2025-09-13 21:56:55,201 - INFO - Batch 1700/2278: Loss=1.1882, Cls=0.0000, Reg=0.0000, Con=3.9608
2025-09-13 21:56:56,071 - INFO - Batch 1710/2278: Loss=1.1883, Cls=0.0000, Reg=0.0000, Con=3.9612
2025-09-13 21:56:56,939 - INFO - Batch 1720/2278: Loss=1.1888, Cls=0.0005, Reg=0.0000, Con=3.9610
2025-09-13 21:56:57,837 - INFO - Batch 1730/2278: Loss=1.1932, Cls=0.0049, Reg=0.0000, Con=3.9609
2025-09-13 21:56:58,689 - INFO - Batch 1740/2278: Loss=1.1883, Cls=0.0000, Reg=0.0000, Con=3.9610
2025-09-13 21:56:59,606 - INFO - Batch 1750/2278: Loss=1.1883, Cls=0.0001, Reg=0.0000, Con=3.9609
2025-09-13 21:57:00,510 - INFO - Batch 1760/2278: Loss=1.1884, Cls=0.0002, Reg=0.0000, Con=3.9608
2025-09-13 21:57:01,392 - INFO - Batch 1770/2278: Loss=1.1920, Cls=0.0037, Reg=0.0000, Con=3.9610
2025-09-13 21:57:02,261 - INFO - Batch 1780/2278: Loss=4.2520, Cls=3.0637, Reg=0.0000, Con=3.9609
2025-09-13 21:57:03,122 - INFO - Batch 1790/2278: Loss=1.1882, Cls=0.0000, Reg=0.0000, Con=3.9608
2025-09-13 21:57:03,987 - INFO - Batch 1800/2278: Loss=1.1920, Cls=0.0038, Reg=0.0000, Con=3.9609
2025-09-13 21:57:04,838 - INFO - Batch 1810/2278: Loss=1.1883, Cls=0.0000, Reg=0.0000, Con=3.9610
2025-09-13 21:57:05,704 - INFO - Batch 1820/2278: Loss=1.1884, Cls=0.0001, Reg=0.0000, Con=3.9608
2025-09-13 21:57:06,576 - INFO - Batch 1830/2278: Loss=1.1885, Cls=0.0000, Reg=0.0000, Con=3.9615
2025-09-13 21:57:07,465 - INFO - Batch 1840/2278: Loss=1.1887, Cls=0.0004, Reg=0.0000, Con=3.9609
2025-09-13 21:57:08,354 - INFO - Batch 1850/2278: Loss=4.2610, Cls=3.0728, Reg=0.0000, Con=3.9608
2025-09-13 21:57:09,238 - INFO - Batch 1860/2278: Loss=0.0063, Cls=0.0063, Reg=0.0000, Con=0.0000
2025-09-13 21:57:10,110 - INFO - Batch 1870/2278: Loss=0.7299, Cls=0.7299, Reg=0.0000, Con=0.0000
2025-09-13 21:57:10,988 - INFO - Batch 1880/2278: Loss=2.1394, Cls=0.9511, Reg=0.0000, Con=3.9610
2025-09-13 21:57:11,875 - INFO - Batch 1890/2278: Loss=0.2092, Cls=0.2092, Reg=0.0000, Con=0.0000
2025-09-13 21:57:12,753 - INFO - Batch 1900/2278: Loss=1.1884, Cls=0.0002, Reg=0.0000, Con=3.9607
2025-09-13 21:57:13,624 - INFO - Batch 1910/2278: Loss=1.1884, Cls=0.0002, Reg=0.0000, Con=3.9607
2025-09-13 21:57:14,525 - INFO - Batch 1920/2278: Loss=1.1883, Cls=0.0000, Reg=0.0000, Con=3.9608
2025-09-13 21:57:15,401 - INFO - Batch 1930/2278: Loss=0.0000, Cls=0.0000, Reg=0.0000, Con=0.0000
2025-09-13 21:57:16,267 - INFO - Batch 1940/2278: Loss=1.1882, Cls=0.0000, Reg=0.0000, Con=3.9607
2025-09-13 21:57:17,109 - INFO - Batch 1950/2278: Loss=1.1883, Cls=0.0000, Reg=0.0000, Con=3.9609
2025-09-13 21:57:18,019 - INFO - Batch 1960/2278: Loss=1.1883, Cls=0.0001, Reg=0.0000, Con=3.9609
2025-09-13 21:57:18,913 - INFO - Batch 1970/2278: Loss=1.1917, Cls=0.0035, Reg=0.0000, Con=3.9606
2025-09-13 21:57:19,795 - INFO - Batch 1980/2278: Loss=1.1912, Cls=0.0030, Reg=0.0000, Con=3.9608
2025-09-13 21:57:20,678 - INFO - Batch 1990/2278: Loss=0.0032, Cls=0.0032, Reg=0.0000, Con=0.0000
2025-09-13 21:57:21,528 - INFO - Batch 2000/2278: Loss=1.4221, Cls=0.2339, Reg=0.0000, Con=3.9607
2025-09-13 21:57:22,405 - INFO - Batch 2010/2278: Loss=1.2225, Cls=0.0343, Reg=0.0000, Con=3.9608
2025-09-13 21:57:23,267 - INFO - Batch 2020/2278: Loss=0.0003, Cls=0.0003, Reg=0.0000, Con=0.0000
2025-09-13 21:57:24,128 - INFO - Batch 2030/2278: Loss=1.3769, Cls=0.1886, Reg=0.0000, Con=3.9610
2025-09-13 21:57:25,031 - INFO - Batch 2040/2278: Loss=1.1884, Cls=0.0002, Reg=0.0000, Con=3.9608
2025-09-13 21:57:25,895 - INFO - Batch 2050/2278: Loss=0.0015, Cls=0.0015, Reg=0.0000, Con=0.0000
2025-09-13 21:57:26,771 - INFO - Batch 2060/2278: Loss=1.1937, Cls=0.0053, Reg=0.0000, Con=3.9615
2025-09-13 21:57:27,646 - INFO - Batch 2070/2278: Loss=1.1884, Cls=0.0002, Reg=0.0000, Con=3.9608
2025-09-13 21:57:28,517 - INFO - Batch 2080/2278: Loss=0.0491, Cls=0.0491, Reg=0.0000, Con=0.0000
2025-09-13 21:57:29,408 - INFO - Batch 2090/2278: Loss=1.1885, Cls=0.0002, Reg=0.0000, Con=3.9608
2025-09-13 21:57:30,272 - INFO - Batch 2100/2278: Loss=0.2711, Cls=0.2711, Reg=0.0000, Con=0.0000
2025-09-13 21:57:31,170 - INFO - Batch 2110/2278: Loss=0.0008, Cls=0.0008, Reg=0.0000, Con=0.0000
2025-09-13 21:57:32,053 - INFO - Batch 2120/2278: Loss=1.1916, Cls=0.0033, Reg=0.0000, Con=3.9609
2025-09-13 21:57:32,936 - INFO - Batch 2130/2278: Loss=2.6032, Cls=1.4149, Reg=0.0000, Con=3.9608
2025-09-13 21:57:33,813 - INFO - Batch 2140/2278: Loss=0.0050, Cls=0.0050, Reg=0.0000, Con=0.0000
2025-09-13 21:57:34,677 - INFO - Batch 2150/2278: Loss=1.2606, Cls=0.0723, Reg=0.0000, Con=3.9610
2025-09-13 21:57:35,544 - INFO - Batch 2160/2278: Loss=1.3914, Cls=0.2031, Reg=0.0000, Con=3.9608
2025-09-13 21:57:36,414 - INFO - Batch 2170/2278: Loss=1.9940, Cls=0.8058, Reg=0.0000, Con=3.9608
2025-09-13 21:57:37,293 - INFO - Batch 2180/2278: Loss=2.1942, Cls=1.0060, Reg=0.0000, Con=3.9608
2025-09-13 21:57:38,149 - INFO - Batch 2190/2278: Loss=1.2124, Cls=0.0241, Reg=0.0000, Con=3.9610
2025-09-13 21:57:39,021 - INFO - Batch 2200/2278: Loss=1.1883, Cls=0.0001, Reg=0.0000, Con=3.9608
2025-09-13 21:57:39,901 - INFO - Batch 2210/2278: Loss=1.1885, Cls=0.0001, Reg=0.0000, Con=3.9613
2025-09-13 21:57:40,776 - INFO - Batch 2220/2278: Loss=0.0027, Cls=0.0027, Reg=0.0000, Con=0.0000
2025-09-13 21:57:41,677 - INFO - Batch 2230/2278: Loss=0.0014, Cls=0.0014, Reg=0.0000, Con=0.0000
2025-09-13 21:57:42,557 - INFO - Batch 2240/2278: Loss=1.1894, Cls=0.0012, Reg=0.0000, Con=3.9608
2025-09-13 21:57:43,438 - INFO - Batch 2250/2278: Loss=0.0010, Cls=0.0010, Reg=0.0000, Con=0.0000
2025-09-13 21:57:44,332 - INFO - Batch 2260/2278: Loss=1.1886, Cls=0.0003, Reg=0.0000, Con=3.9609
2025-09-13 21:57:45,214 - INFO - Batch 2270/2278: Loss=1.1882, Cls=0.0000, Reg=0.0000, Con=3.9606
2025-09-13 22:00:57,188 - INFO - === Epoch 2 Results ===
2025-09-13 22:00:57,188 - INFO - Training Loss: 0.9304 (Classification: 0.1475, Regression: 0.0000)
2025-09-13 22:00:57,188 - INFO - Validation Loss: 0.0653 (Classification: 0.0653, Regression: 0.0000)
2025-09-13 22:00:57,188 - INFO - Average Classification Accuracy: 0.9293 (on 1/26 tasks)
2025-09-13 22:00:57,188 - INFO - Average AUC: 0.8387
2025-09-13 22:00:59,974 - INFO - Best model saved to: experiments/r1c3_single_cls_25_seed_42_20250913_214755/checkpoints/r1c3_single_cls_25_seed_42_best.pth
2025-09-13 22:00:59,974 - INFO - 
Epoch 3/3
2025-09-13 22:01:00,111 - INFO - Batch 0/2278: Loss=1.1903, Cls=0.0021, Reg=0.0000, Con=3.9608
2025-09-13 22:01:00,969 - INFO - Batch 10/2278: Loss=1.1923, Cls=0.0040, Reg=0.0000, Con=3.9611
2025-09-13 22:01:01,869 - INFO - Batch 20/2278: Loss=1.2587, Cls=0.0704, Reg=0.0000, Con=3.9608
2025-09-13 22:01:02,795 - INFO - Batch 30/2278: Loss=0.0000, Cls=0.0000, Reg=0.0000, Con=0.0000
2025-09-13 22:01:03,665 - INFO - Batch 40/2278: Loss=1.1888, Cls=0.0006, Reg=0.0000, Con=3.9608
2025-09-13 22:01:04,552 - INFO - Batch 50/2278: Loss=1.1883, Cls=0.0000, Reg=0.0000, Con=3.9609
2025-09-13 22:01:05,442 - INFO - Batch 60/2278: Loss=1.1894, Cls=0.0011, Reg=0.0000, Con=3.9607
2025-09-13 22:01:06,340 - INFO - Batch 70/2278: Loss=1.1898, Cls=0.0015, Reg=0.0000, Con=3.9608
2025-09-13 22:01:07,198 - INFO - Batch 80/2278: Loss=0.0008, Cls=0.0008, Reg=0.0000, Con=0.0000
2025-09-13 22:01:08,072 - INFO - Batch 90/2278: Loss=1.1888, Cls=0.0005, Reg=0.0000, Con=3.9609
2025-09-13 22:01:08,961 - INFO - Batch 100/2278: Loss=1.1938, Cls=0.0056, Reg=0.0000, Con=3.9607
2025-09-13 22:01:09,863 - INFO - Batch 110/2278: Loss=1.2029, Cls=0.0143, Reg=0.0000, Con=3.9618
2025-09-13 22:01:10,746 - INFO - Batch 120/2278: Loss=1.4353, Cls=0.2470, Reg=0.0000, Con=3.9609
2025-09-13 22:01:11,627 - INFO - Batch 130/2278: Loss=1.1882, Cls=0.0000, Reg=0.0000, Con=3.9607
2025-09-13 22:01:12,534 - INFO - Batch 140/2278: Loss=0.0000, Cls=0.0000, Reg=0.0000, Con=0.0000
2025-09-13 22:01:13,411 - INFO - Batch 150/2278: Loss=1.1885, Cls=0.0002, Reg=0.0000, Con=3.9608
2025-09-13 22:01:14,298 - INFO - Batch 160/2278: Loss=0.0001, Cls=0.0001, Reg=0.0000, Con=0.0000
2025-09-13 22:01:15,171 - INFO - Batch 170/2278: Loss=1.1893, Cls=0.0011, Reg=0.0000, Con=3.9609
2025-09-13 22:01:16,038 - INFO - Batch 180/2278: Loss=1.1883, Cls=0.0000, Reg=0.0000, Con=3.9611
2025-09-13 22:01:16,912 - INFO - Batch 190/2278: Loss=1.1898, Cls=0.0016, Reg=0.0000, Con=3.9607
2025-09-13 22:01:17,788 - INFO - Batch 200/2278: Loss=2.4548, Cls=2.4548, Reg=0.0000, Con=0.0000
2025-09-13 22:01:18,671 - INFO - Batch 210/2278: Loss=2.9877, Cls=1.7994, Reg=0.0000, Con=3.9612
2025-09-13 22:01:19,545 - INFO - Batch 220/2278: Loss=1.1883, Cls=0.0001, Reg=0.0000, Con=3.9608
2025-09-13 22:01:20,443 - INFO - Batch 230/2278: Loss=1.3422, Cls=0.1538, Reg=0.0000, Con=3.9611
2025-09-13 22:01:21,329 - INFO - Batch 240/2278: Loss=1.1920, Cls=0.0038, Reg=0.0000, Con=3.9607
2025-09-13 22:01:22,197 - INFO - Batch 250/2278: Loss=1.1883, Cls=0.0000, Reg=0.0000, Con=3.9609
2025-09-13 22:01:23,049 - INFO - Batch 260/2278: Loss=1.1930, Cls=0.0048, Reg=0.0000, Con=3.9608
2025-09-13 22:01:23,949 - INFO - Batch 270/2278: Loss=1.1921, Cls=0.0039, Reg=0.0000, Con=3.9607
2025-09-13 22:01:24,818 - INFO - Batch 280/2278: Loss=1.1904, Cls=0.0022, Reg=0.0000, Con=3.9608
2025-09-13 22:01:25,689 - INFO - Batch 290/2278: Loss=1.1910, Cls=0.0028, Reg=0.0000, Con=3.9608
2025-09-13 22:01:26,548 - INFO - Batch 300/2278: Loss=1.1882, Cls=0.0000, Reg=0.0000, Con=3.9607
2025-09-13 22:01:27,435 - INFO - Batch 310/2278: Loss=1.1911, Cls=0.0028, Reg=0.0000, Con=3.9610
2025-09-13 22:01:28,311 - INFO - Batch 320/2278: Loss=1.1886, Cls=0.0002, Reg=0.0000, Con=3.9612
2025-09-13 22:01:29,157 - INFO - Batch 330/2278: Loss=0.6136, Cls=0.6136, Reg=0.0000, Con=0.0000
2025-09-13 22:01:30,040 - INFO - Batch 340/2278: Loss=0.0003, Cls=0.0003, Reg=0.0000, Con=0.0000
2025-09-13 22:01:30,917 - INFO - Batch 350/2278: Loss=1.1936, Cls=0.0053, Reg=0.0000, Con=3.9612
2025-09-13 22:01:31,802 - INFO - Batch 360/2278: Loss=1.1901, Cls=0.0018, Reg=0.0000, Con=3.9611
2025-09-13 22:01:32,674 - INFO - Batch 370/2278: Loss=1.1883, Cls=0.0001, Reg=0.0000, Con=3.9608
2025-09-13 22:01:33,574 - INFO - Batch 380/2278: Loss=2.4225, Cls=1.2343, Reg=0.0000, Con=3.9608
2025-09-13 22:01:34,489 - INFO - Batch 390/2278: Loss=1.1900, Cls=0.0017, Reg=0.0000, Con=3.9609
2025-09-13 22:01:35,362 - INFO - Batch 400/2278: Loss=0.0013, Cls=0.0013, Reg=0.0000, Con=0.0000
2025-09-13 22:01:36,252 - INFO - Batch 410/2278: Loss=1.1884, Cls=0.0001, Reg=0.0000, Con=3.9609
2025-09-13 22:01:37,123 - INFO - Batch 420/2278: Loss=1.1883, Cls=0.0000, Reg=0.0000, Con=3.9609
2025-09-13 22:01:38,001 - INFO - Batch 430/2278: Loss=1.2352, Cls=0.0467, Reg=0.0000, Con=3.9614
2025-09-13 22:01:38,881 - INFO - Batch 440/2278: Loss=0.0004, Cls=0.0004, Reg=0.0000, Con=0.0000
2025-09-13 22:01:39,751 - INFO - Batch 450/2278: Loss=1.1885, Cls=0.0003, Reg=0.0000, Con=3.9608
2025-09-13 22:01:40,624 - INFO - Batch 460/2278: Loss=0.0058, Cls=0.0058, Reg=0.0000, Con=0.0000
2025-09-13 22:01:41,490 - INFO - Batch 470/2278: Loss=0.0000, Cls=0.0000, Reg=0.0000, Con=0.0000
2025-09-13 22:01:42,367 - INFO - Batch 480/2278: Loss=1.1887, Cls=0.0004, Reg=0.0000, Con=3.9609
2025-09-13 22:01:43,396 - INFO - Batch 490/2278: Loss=0.0016, Cls=0.0016, Reg=0.0000, Con=0.0000
2025-09-13 22:01:44,268 - INFO - Batch 500/2278: Loss=0.0003, Cls=0.0003, Reg=0.0000, Con=0.0000
2025-09-13 22:01:45,174 - INFO - Batch 510/2278: Loss=1.1886, Cls=0.0003, Reg=0.0000, Con=3.9608
2025-09-13 22:01:46,065 - INFO - Batch 520/2278: Loss=0.0105, Cls=0.0105, Reg=0.0000, Con=0.0000
2025-09-13 22:01:46,938 - INFO - Batch 530/2278: Loss=1.1891, Cls=0.0009, Reg=0.0000, Con=3.9608
2025-09-13 22:01:47,832 - INFO - Batch 540/2278: Loss=1.1888, Cls=0.0006, Reg=0.0000, Con=3.9609
2025-09-13 22:01:48,726 - INFO - Batch 550/2278: Loss=0.0001, Cls=0.0001, Reg=0.0000, Con=0.0000
2025-09-13 22:01:49,624 - INFO - Batch 560/2278: Loss=1.1887, Cls=0.0004, Reg=0.0000, Con=3.9609
2025-09-13 22:01:50,530 - INFO - Batch 570/2278: Loss=1.1882, Cls=0.0000, Reg=0.0000, Con=3.9608
2025-09-13 22:01:51,442 - INFO - Batch 580/2278: Loss=0.0002, Cls=0.0002, Reg=0.0000, Con=0.0000
2025-09-13 22:01:52,308 - INFO - Batch 590/2278: Loss=1.2393, Cls=0.0511, Reg=0.0000, Con=3.9608
2025-09-13 22:01:53,187 - INFO - Batch 600/2278: Loss=0.0001, Cls=0.0001, Reg=0.0000, Con=0.0000
2025-09-13 22:01:54,043 - INFO - Batch 610/2278: Loss=0.0142, Cls=0.0142, Reg=0.0000, Con=0.0000
2025-09-13 22:01:54,945 - INFO - Batch 620/2278: Loss=1.1882, Cls=0.0000, Reg=0.0000, Con=3.9608
2025-09-13 22:01:55,805 - INFO - Batch 630/2278: Loss=1.1885, Cls=0.0001, Reg=0.0000, Con=3.9611
2025-09-13 22:01:56,727 - INFO - Batch 640/2278: Loss=1.1893, Cls=0.0011, Reg=0.0000, Con=3.9607
2025-09-13 22:01:57,595 - INFO - Batch 650/2278: Loss=1.1926, Cls=0.0044, Reg=0.0000, Con=3.9608
2025-09-13 22:01:58,500 - INFO - Batch 660/2278: Loss=0.8736, Cls=0.8736, Reg=0.0000, Con=0.0000
2025-09-13 22:01:59,380 - INFO - Batch 670/2278: Loss=1.1883, Cls=0.0000, Reg=0.0000, Con=3.9609
2025-09-13 22:02:00,298 - INFO - Batch 680/2278: Loss=0.0000, Cls=0.0000, Reg=0.0000, Con=0.0000
2025-09-13 22:02:01,163 - INFO - Batch 690/2278: Loss=1.1962, Cls=0.0079, Reg=0.0000, Con=3.9609
2025-09-13 22:02:02,064 - INFO - Batch 700/2278: Loss=1.2045, Cls=0.0162, Reg=0.0000, Con=3.9610
2025-09-13 22:02:02,934 - INFO - Batch 710/2278: Loss=1.1886, Cls=0.0003, Reg=0.0000, Con=3.9610
2025-09-13 22:02:03,830 - INFO - Batch 720/2278: Loss=1.1964, Cls=0.0081, Reg=0.0000, Con=3.9610
2025-09-13 22:02:04,716 - INFO - Batch 730/2278: Loss=1.1883, Cls=0.0000, Reg=0.0000, Con=3.9609
2025-09-13 22:02:05,600 - INFO - Batch 740/2278: Loss=1.1883, Cls=0.0001, Reg=0.0000, Con=3.9606
2025-09-13 22:02:06,473 - INFO - Batch 750/2278: Loss=1.1897, Cls=0.0015, Reg=0.0000, Con=3.9606
2025-09-13 22:02:07,325 - INFO - Batch 760/2278: Loss=2.6078, Cls=1.4195, Reg=0.0000, Con=3.9611
2025-09-13 22:02:08,229 - INFO - Batch 770/2278: Loss=1.1907, Cls=0.0024, Reg=0.0000, Con=3.9611
2025-09-13 22:02:09,120 - INFO - Batch 780/2278: Loss=0.0054, Cls=0.0054, Reg=0.0000, Con=0.0000
2025-09-13 22:02:09,986 - INFO - Batch 790/2278: Loss=1.2874, Cls=0.0991, Reg=0.0000, Con=3.9609
2025-09-13 22:02:10,864 - INFO - Batch 800/2278: Loss=1.1904, Cls=0.0020, Reg=0.0000, Con=3.9612
2025-09-13 22:02:11,743 - INFO - Batch 810/2278: Loss=0.0037, Cls=0.0037, Reg=0.0000, Con=0.0000
2025-09-13 22:02:12,632 - INFO - Batch 820/2278: Loss=1.2140, Cls=0.0257, Reg=0.0000, Con=3.9608
2025-09-13 22:02:13,517 - INFO - Batch 830/2278: Loss=1.1883, Cls=0.0000, Reg=0.0000, Con=3.9609
2025-09-13 22:02:14,401 - INFO - Batch 840/2278: Loss=0.0007, Cls=0.0007, Reg=0.0000, Con=0.0000
2025-09-13 22:02:15,313 - INFO - Batch 850/2278: Loss=1.1779, Cls=1.1779, Reg=0.0000, Con=0.0000
2025-09-13 22:02:16,176 - INFO - Batch 860/2278: Loss=1.1993, Cls=0.0109, Reg=0.0000, Con=3.9611
2025-09-13 22:02:17,045 - INFO - Batch 870/2278: Loss=1.1883, Cls=0.0000, Reg=0.0000, Con=3.9609
2025-09-13 22:02:17,916 - INFO - Batch 880/2278: Loss=0.0000, Cls=0.0000, Reg=0.0000, Con=0.0000
2025-09-13 22:02:18,798 - INFO - Batch 890/2278: Loss=1.3265, Cls=0.1382, Reg=0.0000, Con=3.9609
2025-09-13 22:02:19,687 - INFO - Batch 900/2278: Loss=0.0000, Cls=0.0000, Reg=0.0000, Con=0.0000
2025-09-13 22:02:20,552 - INFO - Batch 910/2278: Loss=0.7031, Cls=0.7031, Reg=0.0000, Con=0.0000
2025-09-13 22:02:21,439 - INFO - Batch 920/2278: Loss=0.0008, Cls=0.0008, Reg=0.0000, Con=0.0000
2025-09-13 22:02:22,300 - INFO - Batch 930/2278: Loss=0.0032, Cls=0.0032, Reg=0.0000, Con=0.0000
2025-09-13 22:02:23,174 - INFO - Batch 940/2278: Loss=1.1964, Cls=0.0080, Reg=0.0000, Con=3.9613
2025-09-13 22:02:24,035 - INFO - Batch 950/2278: Loss=0.0013, Cls=0.0013, Reg=0.0000, Con=0.0000
2025-09-13 22:02:24,883 - INFO - Batch 960/2278: Loss=0.0003, Cls=0.0003, Reg=0.0000, Con=0.0000
2025-09-13 22:02:25,770 - INFO - Batch 970/2278: Loss=1.2356, Cls=0.0473, Reg=0.0000, Con=3.9608
2025-09-13 22:02:26,635 - INFO - Batch 980/2278: Loss=1.1931, Cls=0.0049, Reg=0.0000, Con=3.9609
2025-09-13 22:02:27,518 - INFO - Batch 990/2278: Loss=1.2009, Cls=0.0126, Reg=0.0000, Con=3.9609
2025-09-13 22:02:28,372 - INFO - Batch 1000/2278: Loss=1.1884, Cls=0.0001, Reg=0.0000, Con=3.9610
2025-09-13 22:02:29,279 - INFO - Batch 1010/2278: Loss=1.1895, Cls=0.0012, Reg=0.0000, Con=3.9608
2025-09-13 22:02:30,135 - INFO - Batch 1020/2278: Loss=1.1899, Cls=0.0017, Reg=0.0000, Con=3.9608
2025-09-13 22:02:31,003 - INFO - Batch 1030/2278: Loss=0.0001, Cls=0.0001, Reg=0.0000, Con=0.0000
2025-09-13 22:02:31,893 - INFO - Batch 1040/2278: Loss=1.1884, Cls=0.0000, Reg=0.0000, Con=3.9613
2025-09-13 22:02:32,786 - INFO - Batch 1050/2278: Loss=0.0012, Cls=0.0012, Reg=0.0000, Con=0.0000
2025-09-13 22:02:33,673 - INFO - Batch 1060/2278: Loss=1.1889, Cls=0.0006, Reg=0.0000, Con=3.9611
2025-09-13 22:02:34,575 - INFO - Batch 1070/2278: Loss=1.1884, Cls=0.0002, Reg=0.0000, Con=3.9609
2025-09-13 22:02:35,453 - INFO - Batch 1080/2278: Loss=0.0000, Cls=0.0000, Reg=0.0000, Con=0.0000
2025-09-13 22:02:36,348 - INFO - Batch 1090/2278: Loss=1.1883, Cls=0.0000, Reg=0.0000, Con=3.9611
2025-09-13 22:02:37,221 - INFO - Batch 1100/2278: Loss=1.1883, Cls=0.0000, Reg=0.0000, Con=3.9611
2025-09-13 22:02:38,081 - INFO - Batch 1110/2278: Loss=1.2057, Cls=1.2057, Reg=0.0000, Con=0.0000
2025-09-13 22:02:38,973 - INFO - Batch 1120/2278: Loss=0.0005, Cls=0.0005, Reg=0.0000, Con=0.0000
2025-09-13 22:02:39,856 - INFO - Batch 1130/2278: Loss=0.0000, Cls=0.0000, Reg=0.0000, Con=0.0000
2025-09-13 22:02:40,743 - INFO - Batch 1140/2278: Loss=1.2251, Cls=0.0368, Reg=0.0000, Con=3.9609
2025-09-13 22:02:41,609 - INFO - Batch 1150/2278: Loss=0.0043, Cls=0.0043, Reg=0.0000, Con=0.0000
2025-09-13 22:02:42,491 - INFO - Batch 1160/2278: Loss=0.0007, Cls=0.0007, Reg=0.0000, Con=0.0000
2025-09-13 22:02:43,366 - INFO - Batch 1170/2278: Loss=1.1906, Cls=0.0023, Reg=0.0000, Con=3.9608
2025-09-13 22:02:44,270 - INFO - Batch 1180/2278: Loss=1.1884, Cls=0.0000, Reg=0.0000, Con=3.9613
2025-09-13 22:02:45,158 - INFO - Batch 1190/2278: Loss=1.1883, Cls=0.0000, Reg=0.0000, Con=3.9609
2025-09-13 22:02:46,022 - INFO - Batch 1200/2278: Loss=1.1887, Cls=0.0003, Reg=0.0000, Con=3.9611
2025-09-13 22:02:46,895 - INFO - Batch 1210/2278: Loss=1.1951, Cls=0.0068, Reg=0.0000, Con=3.9611
2025-09-13 22:02:47,758 - INFO - Batch 1220/2278: Loss=1.2148, Cls=0.0265, Reg=0.0000, Con=3.9609
2025-09-13 22:02:48,641 - INFO - Batch 1230/2278: Loss=0.5850, Cls=0.5850, Reg=0.0000, Con=0.0000
2025-09-13 22:02:49,509 - INFO - Batch 1240/2278: Loss=1.2478, Cls=0.0596, Reg=0.0000, Con=3.9608
2025-09-13 22:02:50,397 - INFO - Batch 1250/2278: Loss=1.1883, Cls=0.0000, Reg=0.0000, Con=3.9609
2025-09-13 22:02:51,240 - INFO - Batch 1260/2278: Loss=0.5162, Cls=0.5162, Reg=0.0000, Con=0.0000
2025-09-13 22:02:52,130 - INFO - Batch 1270/2278: Loss=1.1883, Cls=0.0000, Reg=0.0000, Con=3.9610
2025-09-13 22:02:52,993 - INFO - Batch 1280/2278: Loss=1.1947, Cls=0.0065, Reg=0.0000, Con=3.9607
2025-09-13 22:02:53,915 - INFO - Batch 1290/2278: Loss=0.0000, Cls=0.0000, Reg=0.0000, Con=0.0000
2025-09-13 22:02:54,777 - INFO - Batch 1300/2278: Loss=0.0006, Cls=0.0006, Reg=0.0000, Con=0.0000
2025-09-13 22:02:55,636 - INFO - Batch 1310/2278: Loss=1.1882, Cls=0.0000, Reg=0.0000, Con=3.9608
2025-09-13 22:02:56,498 - INFO - Batch 1320/2278: Loss=1.1884, Cls=0.0001, Reg=0.0000, Con=3.9610
2025-09-13 22:02:57,356 - INFO - Batch 1330/2278: Loss=1.1905, Cls=0.0022, Reg=0.0000, Con=3.9610
2025-09-13 22:02:58,212 - INFO - Batch 1340/2278: Loss=1.1884, Cls=0.0001, Reg=0.0000, Con=3.9608
2025-09-13 22:02:59,087 - INFO - Batch 1350/2278: Loss=1.1885, Cls=0.0003, Reg=0.0000, Con=3.9608
2025-09-13 22:02:59,961 - INFO - Batch 1360/2278: Loss=1.1896, Cls=0.0012, Reg=0.0000, Con=3.9612
2025-09-13 22:03:00,827 - INFO - Batch 1370/2278: Loss=1.1938, Cls=0.0055, Reg=0.0000, Con=3.9610
2025-09-13 22:03:01,716 - INFO - Batch 1380/2278: Loss=1.1883, Cls=0.0001, Reg=0.0000, Con=3.9608
2025-09-13 22:03:02,585 - INFO - Batch 1390/2278: Loss=1.1889, Cls=0.0006, Reg=0.0000, Con=3.9610
2025-09-13 22:03:03,482 - INFO - Batch 1400/2278: Loss=1.1950, Cls=0.0066, Reg=0.0000, Con=3.9615
2025-09-13 22:03:04,352 - INFO - Batch 1410/2278: Loss=0.1295, Cls=0.1295, Reg=0.0000, Con=0.0000
2025-09-13 22:03:05,219 - INFO - Batch 1420/2278: Loss=1.1894, Cls=0.0011, Reg=0.0000, Con=3.9610
2025-09-13 22:03:06,092 - INFO - Batch 1430/2278: Loss=0.0004, Cls=0.0004, Reg=0.0000, Con=0.0000
2025-09-13 22:03:06,993 - INFO - Batch 1440/2278: Loss=1.1883, Cls=0.0001, Reg=0.0000, Con=3.9606
2025-09-13 22:03:07,891 - INFO - Batch 1450/2278: Loss=2.1835, Cls=2.1835, Reg=0.0000, Con=0.0000
2025-09-13 22:03:08,751 - INFO - Batch 1460/2278: Loss=0.0006, Cls=0.0006, Reg=0.0000, Con=0.0000
2025-09-13 22:03:09,646 - INFO - Batch 1470/2278: Loss=1.2357, Cls=0.0475, Reg=0.0000, Con=3.9607
2025-09-13 22:03:10,503 - INFO - Batch 1480/2278: Loss=1.1893, Cls=0.0010, Reg=0.0000, Con=3.9608
2025-09-13 22:03:11,376 - INFO - Batch 1490/2278: Loss=1.0089, Cls=1.0089, Reg=0.0000, Con=0.0000
2025-09-13 22:03:12,234 - INFO - Batch 1500/2278: Loss=1.2828, Cls=0.0945, Reg=0.0000, Con=3.9610
2025-09-13 22:03:13,124 - INFO - Batch 1510/2278: Loss=1.1901, Cls=0.0019, Reg=0.0000, Con=3.9609
2025-09-13 22:03:13,977 - INFO - Batch 1520/2278: Loss=0.0101, Cls=0.0101, Reg=0.0000, Con=0.0000
2025-09-13 22:03:14,847 - INFO - Batch 1530/2278: Loss=1.1882, Cls=0.0000, Reg=0.0000, Con=3.9608
2025-09-13 22:03:15,738 - INFO - Batch 1540/2278: Loss=2.1109, Cls=0.9226, Reg=0.0000, Con=3.9610
2025-09-13 22:03:16,618 - INFO - Batch 1550/2278: Loss=1.1895, Cls=0.0012, Reg=0.0000, Con=3.9611
2025-09-13 22:03:17,496 - INFO - Batch 1560/2278: Loss=1.1883, Cls=0.0001, Reg=0.0000, Con=3.9608
2025-09-13 22:03:18,348 - INFO - Batch 1570/2278: Loss=0.0000, Cls=0.0000, Reg=0.0000, Con=0.0000
2025-09-13 22:03:19,201 - INFO - Batch 1580/2278: Loss=1.1882, Cls=0.0000, Reg=0.0000, Con=3.9608
2025-09-13 22:03:20,085 - INFO - Batch 1590/2278: Loss=0.0000, Cls=0.0000, Reg=0.0000, Con=0.0000
2025-09-13 22:03:20,969 - INFO - Batch 1600/2278: Loss=1.2249, Cls=0.0367, Reg=0.0000, Con=3.9608
2025-09-13 22:03:21,820 - INFO - Batch 1610/2278: Loss=0.0000, Cls=0.0000, Reg=0.0000, Con=0.0000
2025-09-13 22:03:22,714 - INFO - Batch 1620/2278: Loss=1.1907, Cls=0.0025, Reg=0.0000, Con=3.9608
2025-09-13 22:03:23,581 - INFO - Batch 1630/2278: Loss=1.1901, Cls=0.0018, Reg=0.0000, Con=3.9610
2025-09-13 22:03:24,441 - INFO - Batch 1640/2278: Loss=0.1520, Cls=0.1520, Reg=0.0000, Con=0.0000
2025-09-13 22:03:25,333 - INFO - Batch 1650/2278: Loss=1.1883, Cls=0.0000, Reg=0.0000, Con=3.9609
2025-09-13 22:03:26,217 - INFO - Batch 1660/2278: Loss=1.1899, Cls=0.0016, Reg=0.0000, Con=3.9613
2025-09-13 22:03:27,077 - INFO - Batch 1670/2278: Loss=1.1950, Cls=0.0068, Reg=0.0000, Con=3.9609
2025-09-13 22:03:27,953 - INFO - Batch 1680/2278: Loss=1.1888, Cls=0.0006, Reg=0.0000, Con=3.9607
2025-09-13 22:03:28,796 - INFO - Batch 1690/2278: Loss=1.2003, Cls=0.0120, Reg=0.0000, Con=3.9610
2025-09-13 22:03:29,658 - INFO - Batch 1700/2278: Loss=1.1891, Cls=0.0009, Reg=0.0000, Con=3.9608
2025-09-13 22:03:30,526 - INFO - Batch 1710/2278: Loss=0.0002, Cls=0.0002, Reg=0.0000, Con=0.0000
2025-09-13 22:03:31,398 - INFO - Batch 1720/2278: Loss=0.0010, Cls=0.0010, Reg=0.0000, Con=0.0000
2025-09-13 22:03:32,259 - INFO - Batch 1730/2278: Loss=1.4761, Cls=0.2879, Reg=0.0000, Con=3.9608
2025-09-13 22:03:33,125 - INFO - Batch 1740/2278: Loss=1.6160, Cls=0.4277, Reg=0.0000, Con=3.9609
2025-09-13 22:03:33,983 - INFO - Batch 1750/2278: Loss=0.0110, Cls=0.0110, Reg=0.0000, Con=0.0000
2025-09-13 22:03:34,860 - INFO - Batch 1760/2278: Loss=1.1884, Cls=0.0000, Reg=0.0000, Con=3.9612
2025-09-13 22:03:35,740 - INFO - Batch 1770/2278: Loss=0.0054, Cls=0.0054, Reg=0.0000, Con=0.0000
2025-09-13 22:03:36,622 - INFO - Batch 1780/2278: Loss=0.0000, Cls=0.0000, Reg=0.0000, Con=0.0000
2025-09-13 22:03:37,496 - INFO - Batch 1790/2278: Loss=0.0039, Cls=0.0039, Reg=0.0000, Con=0.0000
2025-09-13 22:03:38,378 - INFO - Batch 1800/2278: Loss=1.1937, Cls=0.0055, Reg=0.0000, Con=3.9607
2025-09-13 22:03:39,232 - INFO - Batch 1810/2278: Loss=0.0242, Cls=0.0242, Reg=0.0000, Con=0.0000
2025-09-13 22:03:40,095 - INFO - Batch 1820/2278: Loss=0.0297, Cls=0.0297, Reg=0.0000, Con=0.0000
2025-09-13 22:03:40,957 - INFO - Batch 1830/2278: Loss=1.1997, Cls=0.0115, Reg=0.0000, Con=3.9608
2025-09-13 22:03:41,837 - INFO - Batch 1840/2278: Loss=0.0196, Cls=0.0196, Reg=0.0000, Con=0.0000
2025-09-13 22:03:42,726 - INFO - Batch 1850/2278: Loss=1.1883, Cls=0.0000, Reg=0.0000, Con=3.9609
2025-09-13 22:03:43,608 - INFO - Batch 1860/2278: Loss=1.1882, Cls=0.0000, Reg=0.0000, Con=3.9607
2025-09-13 22:03:44,529 - INFO - Batch 1870/2278: Loss=0.0020, Cls=0.0020, Reg=0.0000, Con=0.0000
2025-09-13 22:03:45,416 - INFO - Batch 1880/2278: Loss=1.1896, Cls=0.0014, Reg=0.0000, Con=3.9607
2025-09-13 22:03:46,301 - INFO - Batch 1890/2278: Loss=1.0454, Cls=1.0454, Reg=0.0000, Con=0.0000
2025-09-13 22:03:47,181 - INFO - Batch 1900/2278: Loss=0.0000, Cls=0.0000, Reg=0.0000, Con=0.0000
2025-09-13 22:03:48,024 - INFO - Batch 1910/2278: Loss=1.1884, Cls=0.0001, Reg=0.0000, Con=3.9610
2025-09-13 22:03:48,875 - INFO - Batch 1920/2278: Loss=0.0005, Cls=0.0005, Reg=0.0000, Con=0.0000
2025-09-13 22:03:49,760 - INFO - Batch 1930/2278: Loss=1.1892, Cls=0.0009, Reg=0.0000, Con=3.9611
2025-09-13 22:03:50,614 - INFO - Batch 1940/2278: Loss=1.1883, Cls=0.0001, Reg=0.0000, Con=3.9607
2025-09-13 22:03:51,466 - INFO - Batch 1950/2278: Loss=1.1883, Cls=0.0000, Reg=0.0000, Con=3.9609
2025-09-13 22:03:52,337 - INFO - Batch 1960/2278: Loss=1.1888, Cls=0.0005, Reg=0.0000, Con=3.9610
2025-09-13 22:03:53,206 - INFO - Batch 1970/2278: Loss=0.0001, Cls=0.0001, Reg=0.0000, Con=0.0000
2025-09-13 22:03:54,111 - INFO - Batch 1980/2278: Loss=3.9725, Cls=2.7843, Reg=0.0000, Con=3.9610
2025-09-13 22:03:54,974 - INFO - Batch 1990/2278: Loss=1.1889, Cls=0.0007, Reg=0.0000, Con=3.9608
2025-09-13 22:03:55,821 - INFO - Batch 2000/2278: Loss=1.1901, Cls=0.0018, Reg=0.0000, Con=3.9610
2025-09-13 22:03:56,677 - INFO - Batch 2010/2278: Loss=1.2131, Cls=0.0248, Reg=0.0000, Con=3.9608
2025-09-13 22:03:57,559 - INFO - Batch 2020/2278: Loss=1.1889, Cls=0.0007, Reg=0.0000, Con=3.9608
2025-09-13 22:03:58,439 - INFO - Batch 2030/2278: Loss=1.2099, Cls=0.0217, Reg=0.0000, Con=3.9608
2025-09-13 22:03:59,302 - INFO - Batch 2040/2278: Loss=1.1884, Cls=0.0001, Reg=0.0000, Con=3.9610
2025-09-13 22:04:00,194 - INFO - Batch 2050/2278: Loss=0.0003, Cls=0.0003, Reg=0.0000, Con=0.0000
2025-09-13 22:04:01,047 - INFO - Batch 2060/2278: Loss=1.1927, Cls=0.0044, Reg=0.0000, Con=3.9609
2025-09-13 22:04:01,937 - INFO - Batch 2070/2278: Loss=0.0035, Cls=0.0035, Reg=0.0000, Con=0.0000
2025-09-13 22:04:02,809 - INFO - Batch 2080/2278: Loss=1.1936, Cls=0.0052, Reg=0.0000, Con=3.9613
2025-09-13 22:04:03,671 - INFO - Batch 2090/2278: Loss=1.1894, Cls=0.0012, Reg=0.0000, Con=3.9607
2025-09-13 22:04:04,554 - INFO - Batch 2100/2278: Loss=1.1890, Cls=0.0004, Reg=0.0000, Con=3.9619
2025-09-13 22:04:05,417 - INFO - Batch 2110/2278: Loss=1.1909, Cls=0.0026, Reg=0.0000, Con=3.9609
2025-09-13 22:04:06,294 - INFO - Batch 2120/2278: Loss=0.0014, Cls=0.0014, Reg=0.0000, Con=0.0000
2025-09-13 22:04:07,162 - INFO - Batch 2130/2278: Loss=0.0003, Cls=0.0003, Reg=0.0000, Con=0.0000
2025-09-13 22:04:08,043 - INFO - Batch 2140/2278: Loss=0.0004, Cls=0.0004, Reg=0.0000, Con=0.0000
2025-09-13 22:04:08,880 - INFO - Batch 2150/2278: Loss=1.1886, Cls=0.0004, Reg=0.0000, Con=3.9608
2025-09-13 22:04:09,744 - INFO - Batch 2160/2278: Loss=1.3941, Cls=0.2058, Reg=0.0000, Con=3.9609
2025-09-13 22:04:10,595 - INFO - Batch 2170/2278: Loss=1.1969, Cls=0.0087, Reg=0.0000, Con=3.9608
2025-09-13 22:04:11,450 - INFO - Batch 2180/2278: Loss=1.2892, Cls=1.2892, Reg=0.0000, Con=0.0000
2025-09-13 22:04:12,308 - INFO - Batch 2190/2278: Loss=1.1883, Cls=0.0001, Reg=0.0000, Con=3.9609
2025-09-13 22:04:13,194 - INFO - Batch 2200/2278: Loss=1.1928, Cls=0.0046, Reg=0.0000, Con=3.9608
2025-09-13 22:04:14,043 - INFO - Batch 2210/2278: Loss=6.1423, Cls=6.1423, Reg=0.0000, Con=0.0000
2025-09-13 22:04:14,923 - INFO - Batch 2220/2278: Loss=0.0004, Cls=0.0004, Reg=0.0000, Con=0.0000
2025-09-13 22:04:15,787 - INFO - Batch 2230/2278: Loss=1.1883, Cls=0.0000, Reg=0.0000, Con=3.9609
2025-09-13 22:04:16,633 - INFO - Batch 2240/2278: Loss=1.1898, Cls=0.0013, Reg=0.0000, Con=3.9617
2025-09-13 22:04:17,491 - INFO - Batch 2250/2278: Loss=1.1883, Cls=0.0001, Reg=0.0000, Con=3.9608
2025-09-13 22:04:18,366 - INFO - Batch 2260/2278: Loss=0.0035, Cls=0.0035, Reg=0.0000, Con=0.0000
2025-09-13 22:04:19,224 - INFO - Batch 2270/2278: Loss=0.0071, Cls=0.0071, Reg=0.0000, Con=0.0000
2025-09-13 22:07:30,064 - INFO - === Epoch 3 Results ===
2025-09-13 22:07:30,064 - INFO - Training Loss: 0.9379 (Classification: 0.1628, Regression: 0.0000)
2025-09-13 22:07:30,064 - INFO - Validation Loss: 0.0668 (Classification: 0.0668, Regression: 0.0000)
2025-09-13 22:07:30,064 - INFO - Average Classification Accuracy: 0.9309 (on 1/26 tasks)
2025-09-13 22:07:30,064 - INFO - Average AUC: 0.8337
2025-09-13 22:07:30,064 - INFO - Training finished!
2025-09-13 22:07:30,064 - INFO - Performing final evaluation...
2025-09-13 22:07:30,279 - INFO - Loaded best model from: experiments/r1c3_single_cls_25_seed_42_20250913_214755/checkpoints/r1c3_single_cls_25_seed_42_best.pth
2025-09-13 22:10:40,271 - INFO - Final Validation Results:
2025-09-13 22:10:40,271 - INFO -   Total Loss: 0.0653
2025-09-13 22:10:40,271 - INFO -   Classification Loss: 0.0653
2025-09-13 22:10:40,271 - INFO -   Regression Loss: 0.0000
2025-09-13 22:10:40,271 - INFO -   Average Classification Accuracy: 0.9293
2025-09-13 22:10:40,271 - INFO -   Average AUC: 0.8387
2025-09-13 22:10:40,272 - INFO - Results saved to: experiments/r1c3_single_cls_25_seed_42_20250913_214755/checkpoints/r1c3_single_cls_25_seed_42_results.json
