2025-09-13 18:10:16,153 - INFO - 🔬 Starting experiment: r1c3_single_cls_4_seed_42
2025-09-13 18:10:16,153 - INFO - 📁 Experiment directory: experiments/r1c3_single_cls_4_seed_42_20250913_181015
2025-09-13 18:10:16,153 - INFO - 🎲 Random seed: 42
2025-09-13 18:10:16,153 - INFO - 🔒 Deterministic mode: True
2025-09-13 18:10:16,153 - INFO - Using device: cuda
2025-09-13 18:10:16,153 - INFO - Total GPU Memory: 25.16 GB
2025-09-13 18:10:16,164 - INFO - 🧪 Fusion: Using cross-attention dynamic fusion
2025-09-13 18:10:16,164 - INFO - 🧪 GNN Backbone: Using default GraphAttentionNetwork branch
2025-09-13 18:10:16,164 - INFO - 🎯 Task Mode: Single classification endpoint 4
2025-09-13 18:10:16,165 - INFO - Configuration saved to: experiments/r1c3_single_cls_4_seed_42_20250913_181015/checkpoints/config.json
2025-09-13 18:10:16,165 - INFO - 🚀 Using preprocessed data from: data/data/processed
2025-09-13 18:10:16,165 - INFO - Loading LMDB dataset from: data/data/processed
2025-09-13 18:10:16,560 - INFO - Number of training batches: 2278
2025-09-13 18:10:16,561 - INFO - Number of validation batches: 2278
2025-09-13 18:10:16,561 - INFO - Number of test batches: 2278
2025-09-13 18:10:16,561 - INFO - Creating ToxD4C model...
2025-09-13 18:10:17,785 - INFO - Model created successfully. Total parameters: 100,932,036
2025-09-13 18:10:17,786 - INFO - Testing model forward pass...
2025-09-13 18:10:18,213 - INFO - Test output shapes:
2025-09-13 18:10:18,213 - INFO -   classification: torch.Size([16, 1])
2025-09-13 18:10:18,215 - INFO -   classification contains NaN: False
2025-09-13 18:10:18,215 - INFO -   classification contains Inf: False
2025-09-13 18:10:18,215 - INFO -   regression: torch.Size([16, 0])
2025-09-13 18:10:18,215 - INFO -   regression contains NaN: False
2025-09-13 18:10:18,215 - INFO -   regression contains Inf: False
2025-09-13 18:10:18,216 - INFO - Model forward pass test successful!
2025-09-13 18:10:18,932 - INFO - 🔁 Loaded checkpoint from: experiments/r1c3_multi_full_seed_42_20250913_152627/checkpoints/r1c3_multi_full_seed_42_best.pth
2025-09-13 18:10:18,933 - INFO - 🧩 Head-only fine-tuning: unfroze head for task 'Eye corrosion' and froze trunk.
2025-09-13 18:10:18,934 - INFO - Starting training...
2025-09-13 18:10:18,934 - INFO - 
Epoch 1/3
2025-09-13 18:10:19,090 - INFO - Batch 0/2278: Loss=0.0065, Cls=0.0065, Reg=0.0000, Con=0.0000
2025-09-13 18:10:19,978 - INFO - Batch 10/2278: Loss=0.0097, Cls=0.0097, Reg=0.0000, Con=0.0000
2025-09-13 18:10:20,824 - INFO - Batch 20/2278: Loss=1.1883, Cls=0.0000, Reg=0.0000, Con=3.9610
2025-09-13 18:10:21,684 - INFO - Batch 30/2278: Loss=0.0000, Cls=0.0000, Reg=0.0000, Con=0.0000
2025-09-13 18:10:22,569 - INFO - Batch 40/2278: Loss=0.0012, Cls=0.0012, Reg=0.0000, Con=0.0000
2025-09-13 18:10:23,462 - INFO - Batch 50/2278: Loss=1.1883, Cls=0.0000, Reg=0.0000, Con=3.9609
2025-09-13 18:10:24,333 - INFO - Batch 60/2278: Loss=1.1883, Cls=0.0000, Reg=0.0000, Con=3.9609
2025-09-13 18:10:25,213 - INFO - Batch 70/2278: Loss=1.1882, Cls=0.0000, Reg=0.0000, Con=3.9608
2025-09-13 18:10:26,077 - INFO - Batch 80/2278: Loss=0.0000, Cls=0.0000, Reg=0.0000, Con=0.0000
2025-09-13 18:10:26,960 - INFO - Batch 90/2278: Loss=0.0000, Cls=0.0000, Reg=0.0000, Con=0.0000
2025-09-13 18:10:27,824 - INFO - Batch 100/2278: Loss=0.0000, Cls=0.0000, Reg=0.0000, Con=0.0000
2025-09-13 18:10:28,702 - INFO - Batch 110/2278: Loss=0.0000, Cls=0.0000, Reg=0.0000, Con=0.0000
2025-09-13 18:10:29,571 - INFO - Batch 120/2278: Loss=1.1883, Cls=0.0000, Reg=0.0000, Con=3.9609
2025-09-13 18:10:30,436 - INFO - Batch 130/2278: Loss=1.1883, Cls=0.0000, Reg=0.0000, Con=3.9609
2025-09-13 18:10:31,297 - INFO - Batch 140/2278: Loss=1.1884, Cls=0.0000, Reg=0.0000, Con=3.9615
2025-09-13 18:10:32,186 - INFO - Batch 150/2278: Loss=1.1888, Cls=0.0004, Reg=0.0000, Con=3.9613
2025-09-13 18:10:33,063 - INFO - Batch 160/2278: Loss=1.1883, Cls=0.0000, Reg=0.0000, Con=3.9611
2025-09-13 18:10:33,931 - INFO - Batch 170/2278: Loss=1.1883, Cls=0.0000, Reg=0.0000, Con=3.9611
2025-09-13 18:10:34,830 - INFO - Batch 180/2278: Loss=1.1883, Cls=0.0000, Reg=0.0000, Con=3.9610
2025-09-13 18:10:35,690 - INFO - Batch 190/2278: Loss=1.1884, Cls=0.0001, Reg=0.0000, Con=3.9608
2025-09-13 18:10:36,543 - INFO - Batch 200/2278: Loss=0.0000, Cls=0.0000, Reg=0.0000, Con=0.0000
2025-09-13 18:10:37,426 - INFO - Batch 210/2278: Loss=0.0000, Cls=0.0000, Reg=0.0000, Con=0.0000
2025-09-13 18:10:38,302 - INFO - Batch 220/2278: Loss=0.0094, Cls=0.0094, Reg=0.0000, Con=0.0000
2025-09-13 18:10:39,186 - INFO - Batch 230/2278: Loss=1.1912, Cls=0.0029, Reg=0.0000, Con=3.9610
2025-09-13 18:10:40,042 - INFO - Batch 240/2278: Loss=1.1882, Cls=0.0000, Reg=0.0000, Con=3.9608
2025-09-13 18:10:40,912 - INFO - Batch 250/2278: Loss=0.6256, Cls=0.6256, Reg=0.0000, Con=0.0000
2025-09-13 18:10:41,781 - INFO - Batch 260/2278: Loss=2.9080, Cls=2.9080, Reg=0.0000, Con=0.0000
2025-09-13 18:10:42,653 - INFO - Batch 270/2278: Loss=0.0000, Cls=0.0000, Reg=0.0000, Con=0.0000
2025-09-13 18:10:43,513 - INFO - Batch 280/2278: Loss=1.2170, Cls=0.0287, Reg=0.0000, Con=3.9611
2025-09-13 18:10:44,354 - INFO - Batch 290/2278: Loss=0.0018, Cls=0.0018, Reg=0.0000, Con=0.0000
2025-09-13 18:10:45,207 - INFO - Batch 300/2278: Loss=1.1883, Cls=0.0000, Reg=0.0000, Con=3.9609
2025-09-13 18:10:46,076 - INFO - Batch 310/2278: Loss=1.9738, Cls=0.7855, Reg=0.0000, Con=3.9612
2025-09-13 18:10:46,920 - INFO - Batch 320/2278: Loss=0.0000, Cls=0.0000, Reg=0.0000, Con=0.0000
2025-09-13 18:10:47,821 - INFO - Batch 330/2278: Loss=1.3240, Cls=0.1357, Reg=0.0000, Con=3.9609
2025-09-13 18:10:48,688 - INFO - Batch 340/2278: Loss=1.1883, Cls=0.0000, Reg=0.0000, Con=3.9610
2025-09-13 18:10:49,593 - INFO - Batch 350/2278: Loss=5.6473, Cls=4.4590, Reg=0.0000, Con=3.9611
2025-09-13 18:10:50,458 - INFO - Batch 360/2278: Loss=1.1973, Cls=0.0091, Reg=0.0000, Con=3.9607
2025-09-13 18:10:51,352 - INFO - Batch 370/2278: Loss=1.1885, Cls=0.0002, Reg=0.0000, Con=3.9609
2025-09-13 18:10:52,225 - INFO - Batch 380/2278: Loss=1.1977, Cls=0.0093, Reg=0.0000, Con=3.9613
2025-09-13 18:10:53,109 - INFO - Batch 390/2278: Loss=1.1882, Cls=0.0000, Reg=0.0000, Con=3.9607
2025-09-13 18:10:54,013 - INFO - Batch 400/2278: Loss=0.0000, Cls=0.0000, Reg=0.0000, Con=0.0000
2025-09-13 18:10:54,896 - INFO - Batch 410/2278: Loss=0.0000, Cls=0.0000, Reg=0.0000, Con=0.0000
2025-09-13 18:10:55,769 - INFO - Batch 420/2278: Loss=0.0000, Cls=0.0000, Reg=0.0000, Con=0.0000
2025-09-13 18:10:56,660 - INFO - Batch 430/2278: Loss=1.1890, Cls=0.0008, Reg=0.0000, Con=3.9607
2025-09-13 18:10:57,532 - INFO - Batch 440/2278: Loss=1.1882, Cls=0.0000, Reg=0.0000, Con=3.9608
2025-09-13 18:10:58,397 - INFO - Batch 450/2278: Loss=1.1882, Cls=0.0000, Reg=0.0000, Con=3.9607
2025-09-13 18:10:59,263 - INFO - Batch 460/2278: Loss=1.1976, Cls=0.0094, Reg=0.0000, Con=3.9607
2025-09-13 18:11:00,148 - INFO - Batch 470/2278: Loss=1.1883, Cls=0.0000, Reg=0.0000, Con=3.9611
2025-09-13 18:11:01,036 - INFO - Batch 480/2278: Loss=1.1891, Cls=0.0009, Reg=0.0000, Con=3.9607
2025-09-13 18:11:01,915 - INFO - Batch 490/2278: Loss=0.0017, Cls=0.0017, Reg=0.0000, Con=0.0000
2025-09-13 18:11:02,773 - INFO - Batch 500/2278: Loss=0.0012, Cls=0.0012, Reg=0.0000, Con=0.0000
2025-09-13 18:11:03,633 - INFO - Batch 510/2278: Loss=1.1883, Cls=0.0000, Reg=0.0000, Con=3.9609
2025-09-13 18:11:04,498 - INFO - Batch 520/2278: Loss=1.1912, Cls=0.0030, Reg=0.0000, Con=3.9608
2025-09-13 18:11:05,358 - INFO - Batch 530/2278: Loss=1.1928, Cls=0.0046, Reg=0.0000, Con=3.9608
2025-09-13 18:11:06,238 - INFO - Batch 540/2278: Loss=1.1883, Cls=0.0000, Reg=0.0000, Con=3.9610
2025-09-13 18:11:07,099 - INFO - Batch 550/2278: Loss=1.1886, Cls=0.0004, Reg=0.0000, Con=3.9607
2025-09-13 18:11:07,938 - INFO - Batch 560/2278: Loss=1.1883, Cls=0.0000, Reg=0.0000, Con=3.9609
2025-09-13 18:11:08,852 - INFO - Batch 570/2278: Loss=2.6366, Cls=1.4484, Reg=0.0000, Con=3.9608
2025-09-13 18:11:09,727 - INFO - Batch 580/2278: Loss=0.0000, Cls=0.0000, Reg=0.0000, Con=0.0000
2025-09-13 18:11:10,596 - INFO - Batch 590/2278: Loss=0.0000, Cls=0.0000, Reg=0.0000, Con=0.0000
2025-09-13 18:11:11,479 - INFO - Batch 600/2278: Loss=1.1883, Cls=0.0000, Reg=0.0000, Con=3.9609
2025-09-13 18:11:12,343 - INFO - Batch 610/2278: Loss=1.1883, Cls=0.0000, Reg=0.0000, Con=3.9609
2025-09-13 18:11:13,205 - INFO - Batch 620/2278: Loss=1.1895, Cls=0.0013, Reg=0.0000, Con=3.9608
2025-09-13 18:11:14,094 - INFO - Batch 630/2278: Loss=0.0000, Cls=0.0000, Reg=0.0000, Con=0.0000
2025-09-13 18:11:14,980 - INFO - Batch 640/2278: Loss=1.1883, Cls=0.0001, Reg=0.0000, Con=3.9608
2025-09-13 18:11:15,856 - INFO - Batch 650/2278: Loss=1.1884, Cls=0.0000, Reg=0.0000, Con=3.9613
2025-09-13 18:11:16,714 - INFO - Batch 660/2278: Loss=1.1953, Cls=0.0071, Reg=0.0000, Con=3.9608
2025-09-13 18:11:17,580 - INFO - Batch 670/2278: Loss=1.1883, Cls=0.0000, Reg=0.0000, Con=3.9608
2025-09-13 18:11:18,450 - INFO - Batch 680/2278: Loss=1.1883, Cls=0.0000, Reg=0.0000, Con=3.9608
2025-09-13 18:11:19,357 - INFO - Batch 690/2278: Loss=0.0000, Cls=0.0000, Reg=0.0000, Con=0.0000
2025-09-13 18:11:20,233 - INFO - Batch 700/2278: Loss=0.0000, Cls=0.0000, Reg=0.0000, Con=0.0000
2025-09-13 18:11:21,100 - INFO - Batch 710/2278: Loss=1.1882, Cls=0.0000, Reg=0.0000, Con=3.9607
2025-09-13 18:11:21,947 - INFO - Batch 720/2278: Loss=1.1883, Cls=0.0000, Reg=0.0000, Con=3.9609
2025-09-13 18:11:22,810 - INFO - Batch 730/2278: Loss=1.1884, Cls=0.0000, Reg=0.0000, Con=3.9613
2025-09-13 18:11:23,678 - INFO - Batch 740/2278: Loss=1.1883, Cls=0.0000, Reg=0.0000, Con=3.9610
2025-09-13 18:11:24,553 - INFO - Batch 750/2278: Loss=1.1908, Cls=0.0025, Reg=0.0000, Con=3.9609
2025-09-13 18:11:25,410 - INFO - Batch 760/2278: Loss=1.1882, Cls=0.0000, Reg=0.0000, Con=3.9608
2025-09-13 18:11:26,277 - INFO - Batch 770/2278: Loss=1.1883, Cls=0.0000, Reg=0.0000, Con=3.9610
2025-09-13 18:11:27,150 - INFO - Batch 780/2278: Loss=1.5213, Cls=0.3331, Reg=0.0000, Con=3.9608
2025-09-13 18:11:28,010 - INFO - Batch 790/2278: Loss=0.0000, Cls=0.0000, Reg=0.0000, Con=0.0000
2025-09-13 18:11:28,867 - INFO - Batch 800/2278: Loss=1.2119, Cls=0.0235, Reg=0.0000, Con=3.9612
2025-09-13 18:11:29,718 - INFO - Batch 810/2278: Loss=1.1884, Cls=0.0000, Reg=0.0000, Con=3.9612
2025-09-13 18:11:30,591 - INFO - Batch 820/2278: Loss=1.1883, Cls=0.0000, Reg=0.0000, Con=3.9609
2025-09-13 18:11:31,469 - INFO - Batch 830/2278: Loss=1.1887, Cls=0.0004, Reg=0.0000, Con=3.9609
2025-09-13 18:11:32,319 - INFO - Batch 840/2278: Loss=1.1882, Cls=0.0000, Reg=0.0000, Con=3.9608
2025-09-13 18:11:33,187 - INFO - Batch 850/2278: Loss=2.7783, Cls=2.7783, Reg=0.0000, Con=0.0000
2025-09-13 18:11:34,030 - INFO - Batch 860/2278: Loss=1.1882, Cls=0.0000, Reg=0.0000, Con=3.9607
2025-09-13 18:11:34,874 - INFO - Batch 870/2278: Loss=0.0000, Cls=0.0000, Reg=0.0000, Con=0.0000
2025-09-13 18:11:35,749 - INFO - Batch 880/2278: Loss=0.0065, Cls=0.0065, Reg=0.0000, Con=0.0000
2025-09-13 18:11:36,582 - INFO - Batch 890/2278: Loss=0.0000, Cls=0.0000, Reg=0.0000, Con=0.0000
2025-09-13 18:11:37,453 - INFO - Batch 900/2278: Loss=1.1955, Cls=0.0072, Reg=0.0000, Con=3.9609
2025-09-13 18:11:38,320 - INFO - Batch 910/2278: Loss=1.1883, Cls=0.0000, Reg=0.0000, Con=3.9609
2025-09-13 18:11:39,161 - INFO - Batch 920/2278: Loss=1.1883, Cls=0.0000, Reg=0.0000, Con=3.9610
2025-09-13 18:11:40,036 - INFO - Batch 930/2278: Loss=1.1883, Cls=0.0000, Reg=0.0000, Con=3.9608
2025-09-13 18:11:40,910 - INFO - Batch 940/2278: Loss=1.1883, Cls=0.0000, Reg=0.0000, Con=3.9609
2025-09-13 18:11:41,773 - INFO - Batch 950/2278: Loss=1.2943, Cls=0.1060, Reg=0.0000, Con=3.9611
2025-09-13 18:11:42,622 - INFO - Batch 960/2278: Loss=1.1883, Cls=0.0000, Reg=0.0000, Con=3.9609
2025-09-13 18:11:43,482 - INFO - Batch 970/2278: Loss=1.1890, Cls=0.0007, Reg=0.0000, Con=3.9612
2025-09-13 18:11:44,332 - INFO - Batch 980/2278: Loss=0.0006, Cls=0.0006, Reg=0.0000, Con=0.0000
2025-09-13 18:11:45,190 - INFO - Batch 990/2278: Loss=0.0000, Cls=0.0000, Reg=0.0000, Con=0.0000
2025-09-13 18:11:46,047 - INFO - Batch 1000/2278: Loss=1.1883, Cls=0.0000, Reg=0.0000, Con=3.9609
2025-09-13 18:11:46,923 - INFO - Batch 1010/2278: Loss=1.1987, Cls=0.0104, Reg=0.0000, Con=3.9608
2025-09-13 18:11:47,791 - INFO - Batch 1020/2278: Loss=0.0001, Cls=0.0001, Reg=0.0000, Con=0.0000
2025-09-13 18:11:48,649 - INFO - Batch 1030/2278: Loss=1.1883, Cls=0.0000, Reg=0.0000, Con=3.9610
2025-09-13 18:11:49,515 - INFO - Batch 1040/2278: Loss=1.1882, Cls=0.0000, Reg=0.0000, Con=3.9607
2025-09-13 18:11:50,381 - INFO - Batch 1050/2278: Loss=1.1883, Cls=0.0000, Reg=0.0000, Con=3.9609
2025-09-13 18:11:51,232 - INFO - Batch 1060/2278: Loss=1.2222, Cls=0.0339, Reg=0.0000, Con=3.9608
2025-09-13 18:11:52,091 - INFO - Batch 1070/2278: Loss=1.1882, Cls=0.0000, Reg=0.0000, Con=3.9608
2025-09-13 18:11:52,937 - INFO - Batch 1080/2278: Loss=0.0017, Cls=0.0017, Reg=0.0000, Con=0.0000
2025-09-13 18:11:53,820 - INFO - Batch 1090/2278: Loss=1.1883, Cls=0.0000, Reg=0.0000, Con=3.9609
2025-09-13 18:11:54,693 - INFO - Batch 1100/2278: Loss=0.0000, Cls=0.0000, Reg=0.0000, Con=0.0000
2025-09-13 18:11:55,578 - INFO - Batch 1110/2278: Loss=1.1882, Cls=0.0000, Reg=0.0000, Con=3.9608
2025-09-13 18:11:56,441 - INFO - Batch 1120/2278: Loss=0.0000, Cls=0.0000, Reg=0.0000, Con=0.0000
2025-09-13 18:11:57,318 - INFO - Batch 1130/2278: Loss=1.9408, Cls=0.7526, Reg=0.0000, Con=3.9608
2025-09-13 18:11:58,184 - INFO - Batch 1140/2278: Loss=1.1882, Cls=0.0000, Reg=0.0000, Con=3.9608
2025-09-13 18:11:59,038 - INFO - Batch 1150/2278: Loss=2.6735, Cls=1.4851, Reg=0.0000, Con=3.9611
2025-09-13 18:11:59,909 - INFO - Batch 1160/2278: Loss=1.1883, Cls=0.0000, Reg=0.0000, Con=3.9609
2025-09-13 18:12:00,762 - INFO - Batch 1170/2278: Loss=0.0000, Cls=0.0000, Reg=0.0000, Con=0.0000
2025-09-13 18:12:01,614 - INFO - Batch 1180/2278: Loss=1.1883, Cls=0.0000, Reg=0.0000, Con=3.9609
2025-09-13 18:12:02,484 - INFO - Batch 1190/2278: Loss=1.1883, Cls=0.0000, Reg=0.0000, Con=3.9609
2025-09-13 18:12:03,351 - INFO - Batch 1200/2278: Loss=0.0000, Cls=0.0000, Reg=0.0000, Con=0.0000
2025-09-13 18:12:04,224 - INFO - Batch 1210/2278: Loss=1.1883, Cls=0.0000, Reg=0.0000, Con=3.9610
2025-09-13 18:12:05,080 - INFO - Batch 1220/2278: Loss=0.0000, Cls=0.0000, Reg=0.0000, Con=0.0000
2025-09-13 18:12:05,944 - INFO - Batch 1230/2278: Loss=1.1908, Cls=0.0026, Reg=0.0000, Con=3.9609
2025-09-13 18:12:06,824 - INFO - Batch 1240/2278: Loss=1.1883, Cls=0.0000, Reg=0.0000, Con=3.9609
2025-09-13 18:12:07,690 - INFO - Batch 1250/2278: Loss=0.0000, Cls=0.0000, Reg=0.0000, Con=0.0000
2025-09-13 18:12:08,557 - INFO - Batch 1260/2278: Loss=1.1882, Cls=0.0000, Reg=0.0000, Con=3.9608
2025-09-13 18:12:09,418 - INFO - Batch 1270/2278: Loss=1.1883, Cls=0.0000, Reg=0.0000, Con=3.9609
2025-09-13 18:12:10,268 - INFO - Batch 1280/2278: Loss=0.0000, Cls=0.0000, Reg=0.0000, Con=0.0000
2025-09-13 18:12:11,131 - INFO - Batch 1290/2278: Loss=0.0000, Cls=0.0000, Reg=0.0000, Con=0.0000
2025-09-13 18:12:12,003 - INFO - Batch 1300/2278: Loss=1.3600, Cls=0.1717, Reg=0.0000, Con=3.9610
2025-09-13 18:12:12,869 - INFO - Batch 1310/2278: Loss=1.1883, Cls=0.0000, Reg=0.0000, Con=3.9611
2025-09-13 18:12:13,732 - INFO - Batch 1320/2278: Loss=0.0036, Cls=0.0036, Reg=0.0000, Con=0.0000
2025-09-13 18:12:14,587 - INFO - Batch 1330/2278: Loss=2.9928, Cls=1.8044, Reg=0.0000, Con=3.9613
2025-09-13 18:12:15,441 - INFO - Batch 1340/2278: Loss=1.1882, Cls=0.0000, Reg=0.0000, Con=3.9608
2025-09-13 18:12:16,311 - INFO - Batch 1350/2278: Loss=0.0000, Cls=0.0000, Reg=0.0000, Con=0.0000
2025-09-13 18:12:17,184 - INFO - Batch 1360/2278: Loss=1.1883, Cls=0.0000, Reg=0.0000, Con=3.9610
2025-09-13 18:12:18,051 - INFO - Batch 1370/2278: Loss=1.1882, Cls=0.0000, Reg=0.0000, Con=3.9608
2025-09-13 18:12:18,937 - INFO - Batch 1380/2278: Loss=1.1882, Cls=0.0000, Reg=0.0000, Con=3.9608
2025-09-13 18:12:19,793 - INFO - Batch 1390/2278: Loss=1.1883, Cls=0.0000, Reg=0.0000, Con=3.9608
2025-09-13 18:12:20,667 - INFO - Batch 1400/2278: Loss=1.2438, Cls=0.0556, Reg=0.0000, Con=3.9609
2025-09-13 18:12:21,570 - INFO - Batch 1410/2278: Loss=1.1883, Cls=0.0000, Reg=0.0000, Con=3.9612
2025-09-13 18:12:22,428 - INFO - Batch 1420/2278: Loss=0.0000, Cls=0.0000, Reg=0.0000, Con=0.0000
2025-09-13 18:12:23,286 - INFO - Batch 1430/2278: Loss=1.1883, Cls=0.0000, Reg=0.0000, Con=3.9609
2025-09-13 18:12:24,116 - INFO - Batch 1440/2278: Loss=1.1883, Cls=0.0000, Reg=0.0000, Con=3.9609
2025-09-13 18:12:24,941 - INFO - Batch 1450/2278: Loss=1.1882, Cls=0.0000, Reg=0.0000, Con=3.9608
2025-09-13 18:12:25,792 - INFO - Batch 1460/2278: Loss=0.0000, Cls=0.0000, Reg=0.0000, Con=0.0000
2025-09-13 18:12:26,642 - INFO - Batch 1470/2278: Loss=1.1883, Cls=0.0000, Reg=0.0000, Con=3.9609
2025-09-13 18:12:27,502 - INFO - Batch 1480/2278: Loss=1.1921, Cls=0.0039, Reg=0.0000, Con=3.9607
2025-09-13 18:12:28,377 - INFO - Batch 1490/2278: Loss=1.1883, Cls=0.0000, Reg=0.0000, Con=3.9609
2025-09-13 18:12:29,251 - INFO - Batch 1500/2278: Loss=1.1883, Cls=0.0000, Reg=0.0000, Con=3.9609
2025-09-13 18:12:30,118 - INFO - Batch 1510/2278: Loss=0.0000, Cls=0.0000, Reg=0.0000, Con=0.0000
2025-09-13 18:12:30,991 - INFO - Batch 1520/2278: Loss=1.1882, Cls=0.0000, Reg=0.0000, Con=3.9608
2025-09-13 18:12:31,843 - INFO - Batch 1530/2278: Loss=1.1882, Cls=0.0000, Reg=0.0000, Con=3.9608
2025-09-13 18:12:32,713 - INFO - Batch 1540/2278: Loss=1.1883, Cls=0.0000, Reg=0.0000, Con=3.9609
2025-09-13 18:12:33,586 - INFO - Batch 1550/2278: Loss=1.1883, Cls=0.0000, Reg=0.0000, Con=3.9610
2025-09-13 18:12:34,452 - INFO - Batch 1560/2278: Loss=2.9870, Cls=1.7988, Reg=0.0000, Con=3.9609
2025-09-13 18:12:35,339 - INFO - Batch 1570/2278: Loss=1.1882, Cls=0.0000, Reg=0.0000, Con=3.9608
2025-09-13 18:12:36,232 - INFO - Batch 1580/2278: Loss=6.1365, Cls=4.9483, Reg=0.0000, Con=3.9608
2025-09-13 18:12:37,097 - INFO - Batch 1590/2278: Loss=1.1883, Cls=0.0000, Reg=0.0000, Con=3.9609
2025-09-13 18:12:37,939 - INFO - Batch 1600/2278: Loss=1.1883, Cls=0.0000, Reg=0.0000, Con=3.9608
2025-09-13 18:12:38,789 - INFO - Batch 1610/2278: Loss=0.0041, Cls=0.0041, Reg=0.0000, Con=0.0000
2025-09-13 18:12:39,640 - INFO - Batch 1620/2278: Loss=0.0000, Cls=0.0000, Reg=0.0000, Con=0.0000
2025-09-13 18:12:40,518 - INFO - Batch 1630/2278: Loss=1.1882, Cls=0.0000, Reg=0.0000, Con=3.9608
2025-09-13 18:12:41,381 - INFO - Batch 1640/2278: Loss=0.0000, Cls=0.0000, Reg=0.0000, Con=0.0000
2025-09-13 18:12:42,240 - INFO - Batch 1650/2278: Loss=0.0000, Cls=0.0000, Reg=0.0000, Con=0.0000
2025-09-13 18:12:43,115 - INFO - Batch 1660/2278: Loss=0.0016, Cls=0.0016, Reg=0.0000, Con=0.0000
2025-09-13 18:12:43,961 - INFO - Batch 1670/2278: Loss=1.1884, Cls=0.0000, Reg=0.0000, Con=3.9612
2025-09-13 18:12:44,816 - INFO - Batch 1680/2278: Loss=0.0000, Cls=0.0000, Reg=0.0000, Con=0.0000
2025-09-13 18:12:45,677 - INFO - Batch 1690/2278: Loss=1.1884, Cls=0.0000, Reg=0.0000, Con=3.9612
2025-09-13 18:12:46,526 - INFO - Batch 1700/2278: Loss=2.5730, Cls=1.3846, Reg=0.0000, Con=3.9612
2025-09-13 18:12:47,388 - INFO - Batch 1710/2278: Loss=0.0000, Cls=0.0000, Reg=0.0000, Con=0.0000
2025-09-13 18:12:48,240 - INFO - Batch 1720/2278: Loss=1.2097, Cls=0.0215, Reg=0.0000, Con=3.9608
2025-09-13 18:12:49,098 - INFO - Batch 1730/2278: Loss=0.0043, Cls=0.0043, Reg=0.0000, Con=0.0000
2025-09-13 18:12:49,972 - INFO - Batch 1740/2278: Loss=0.0000, Cls=0.0000, Reg=0.0000, Con=0.0000
2025-09-13 18:12:50,839 - INFO - Batch 1750/2278: Loss=1.1883, Cls=0.0000, Reg=0.0000, Con=3.9609
2025-09-13 18:12:51,703 - INFO - Batch 1760/2278: Loss=1.1883, Cls=0.0000, Reg=0.0000, Con=3.9609
2025-09-13 18:12:52,574 - INFO - Batch 1770/2278: Loss=1.1882, Cls=0.0000, Reg=0.0000, Con=3.9608
2025-09-13 18:12:53,445 - INFO - Batch 1780/2278: Loss=1.1883, Cls=0.0000, Reg=0.0000, Con=3.9608
2025-09-13 18:12:54,294 - INFO - Batch 1790/2278: Loss=0.0000, Cls=0.0000, Reg=0.0000, Con=0.0000
2025-09-13 18:12:55,170 - INFO - Batch 1800/2278: Loss=0.0008, Cls=0.0008, Reg=0.0000, Con=0.0000
2025-09-13 18:12:56,037 - INFO - Batch 1810/2278: Loss=0.0000, Cls=0.0000, Reg=0.0000, Con=0.0000
2025-09-13 18:12:56,892 - INFO - Batch 1820/2278: Loss=1.1883, Cls=0.0000, Reg=0.0000, Con=3.9611
2025-09-13 18:12:57,752 - INFO - Batch 1830/2278: Loss=0.0000, Cls=0.0000, Reg=0.0000, Con=0.0000
2025-09-13 18:12:58,603 - INFO - Batch 1840/2278: Loss=0.0000, Cls=0.0000, Reg=0.0000, Con=0.0000
2025-09-13 18:12:59,493 - INFO - Batch 1850/2278: Loss=1.1882, Cls=0.0000, Reg=0.0000, Con=3.9608
2025-09-13 18:13:00,361 - INFO - Batch 1860/2278: Loss=0.0026, Cls=0.0026, Reg=0.0000, Con=0.0000
2025-09-13 18:13:01,230 - INFO - Batch 1870/2278: Loss=1.1902, Cls=0.0020, Reg=0.0000, Con=3.9608
2025-09-13 18:13:02,089 - INFO - Batch 1880/2278: Loss=0.0000, Cls=0.0000, Reg=0.0000, Con=0.0000
2025-09-13 18:13:02,962 - INFO - Batch 1890/2278: Loss=1.1883, Cls=0.0000, Reg=0.0000, Con=3.9609
2025-09-13 18:13:03,831 - INFO - Batch 1900/2278: Loss=0.0000, Cls=0.0000, Reg=0.0000, Con=0.0000
2025-09-13 18:13:04,684 - INFO - Batch 1910/2278: Loss=0.0001, Cls=0.0001, Reg=0.0000, Con=0.0000
2025-09-13 18:13:05,581 - INFO - Batch 1920/2278: Loss=1.1883, Cls=0.0000, Reg=0.0000, Con=3.9607
2025-09-13 18:13:06,444 - INFO - Batch 1930/2278: Loss=1.2051, Cls=0.0169, Reg=0.0000, Con=3.9607
2025-09-13 18:13:07,308 - INFO - Batch 1940/2278: Loss=1.1882, Cls=0.0000, Reg=0.0000, Con=3.9608
2025-09-13 18:13:08,153 - INFO - Batch 1950/2278: Loss=1.1887, Cls=0.0005, Reg=0.0000, Con=3.9608
2025-09-13 18:13:09,009 - INFO - Batch 1960/2278: Loss=1.1883, Cls=0.0000, Reg=0.0000, Con=3.9609
2025-09-13 18:13:09,865 - INFO - Batch 1970/2278: Loss=1.1883, Cls=0.0000, Reg=0.0000, Con=3.9611
2025-09-13 18:13:10,748 - INFO - Batch 1980/2278: Loss=1.1896, Cls=0.0013, Reg=0.0000, Con=3.9608
2025-09-13 18:13:11,612 - INFO - Batch 1990/2278: Loss=1.1895, Cls=0.0010, Reg=0.0000, Con=3.9615
2025-09-13 18:13:12,462 - INFO - Batch 2000/2278: Loss=0.0000, Cls=0.0000, Reg=0.0000, Con=0.0000
2025-09-13 18:13:13,337 - INFO - Batch 2010/2278: Loss=1.1952, Cls=0.0069, Reg=0.0000, Con=3.9608
2025-09-13 18:13:14,202 - INFO - Batch 2020/2278: Loss=1.1882, Cls=0.0000, Reg=0.0000, Con=3.9608
2025-09-13 18:13:15,062 - INFO - Batch 2030/2278: Loss=1.1882, Cls=0.0000, Reg=0.0000, Con=3.9607
2025-09-13 18:13:15,926 - INFO - Batch 2040/2278: Loss=1.1883, Cls=0.0000, Reg=0.0000, Con=3.9609
2025-09-13 18:13:16,803 - INFO - Batch 2050/2278: Loss=1.1883, Cls=0.0000, Reg=0.0000, Con=3.9608
2025-09-13 18:13:17,649 - INFO - Batch 2060/2278: Loss=0.0000, Cls=0.0000, Reg=0.0000, Con=0.0000
2025-09-13 18:13:18,491 - INFO - Batch 2070/2278: Loss=1.1883, Cls=0.0000, Reg=0.0000, Con=3.9611
2025-09-13 18:13:19,336 - INFO - Batch 2080/2278: Loss=1.1885, Cls=0.0002, Reg=0.0000, Con=3.9610
2025-09-13 18:13:20,198 - INFO - Batch 2090/2278: Loss=1.1884, Cls=0.0001, Reg=0.0000, Con=3.9612
2025-09-13 18:13:21,061 - INFO - Batch 2100/2278: Loss=1.1883, Cls=0.0000, Reg=0.0000, Con=3.9611
2025-09-13 18:13:21,921 - INFO - Batch 2110/2278: Loss=1.1883, Cls=0.0000, Reg=0.0000, Con=3.9609
2025-09-13 18:13:22,781 - INFO - Batch 2120/2278: Loss=0.0000, Cls=0.0000, Reg=0.0000, Con=0.0000
2025-09-13 18:13:23,651 - INFO - Batch 2130/2278: Loss=1.1882, Cls=0.0000, Reg=0.0000, Con=3.9606
2025-09-13 18:13:24,530 - INFO - Batch 2140/2278: Loss=1.1882, Cls=0.0000, Reg=0.0000, Con=3.9608
2025-09-13 18:13:25,385 - INFO - Batch 2150/2278: Loss=1.1882, Cls=0.0000, Reg=0.0000, Con=3.9607
2025-09-13 18:13:26,240 - INFO - Batch 2160/2278: Loss=1.1882, Cls=0.0000, Reg=0.0000, Con=3.9608
2025-09-13 18:13:27,096 - INFO - Batch 2170/2278: Loss=1.1883, Cls=0.0000, Reg=0.0000, Con=3.9609
2025-09-13 18:13:27,941 - INFO - Batch 2180/2278: Loss=0.0000, Cls=0.0000, Reg=0.0000, Con=0.0000
2025-09-13 18:13:28,810 - INFO - Batch 2190/2278: Loss=0.0000, Cls=0.0000, Reg=0.0000, Con=0.0000
2025-09-13 18:13:29,694 - INFO - Batch 2200/2278: Loss=1.3814, Cls=0.1932, Reg=0.0000, Con=3.9605
2025-09-13 18:13:30,570 - INFO - Batch 2210/2278: Loss=1.2631, Cls=0.0748, Reg=0.0000, Con=3.9609
2025-09-13 18:13:31,432 - INFO - Batch 2220/2278: Loss=1.1883, Cls=0.0000, Reg=0.0000, Con=3.9610
2025-09-13 18:13:32,295 - INFO - Batch 2230/2278: Loss=0.0000, Cls=0.0000, Reg=0.0000, Con=0.0000
2025-09-13 18:13:33,148 - INFO - Batch 2240/2278: Loss=0.0000, Cls=0.0000, Reg=0.0000, Con=0.0000
2025-09-13 18:13:33,995 - INFO - Batch 2250/2278: Loss=1.1883, Cls=0.0000, Reg=0.0000, Con=3.9609
2025-09-13 18:13:34,859 - INFO - Batch 2260/2278: Loss=1.1883, Cls=0.0000, Reg=0.0000, Con=3.9608
2025-09-13 18:13:35,727 - INFO - Batch 2270/2278: Loss=0.0000, Cls=0.0000, Reg=0.0000, Con=0.0000
2025-09-13 18:17:01,017 - INFO - === Epoch 1 Results ===
2025-09-13 18:17:01,017 - INFO - Training Loss: 0.8589 (Classification: 0.0853, Regression: 0.0000)
2025-09-13 18:17:01,017 - INFO - Validation Loss: 0.0266 (Classification: 0.0266, Regression: 0.0000)
2025-09-13 18:17:01,017 - INFO - Average Classification Accuracy: 0.9442 (on 1/26 tasks)
2025-09-13 18:17:01,017 - INFO - Average AUC: 0.9855
2025-09-13 18:17:01,552 - INFO - Best model saved to: experiments/r1c3_single_cls_4_seed_42_20250913_181015/checkpoints/r1c3_single_cls_4_seed_42_best.pth
2025-09-13 18:17:01,552 - INFO - 
Epoch 2/3
2025-09-13 18:17:01,649 - INFO - Batch 0/2278: Loss=0.0000, Cls=0.0000, Reg=0.0000, Con=0.0000
2025-09-13 18:17:02,530 - INFO - Batch 10/2278: Loss=1.1881, Cls=0.0000, Reg=0.0000, Con=3.9604
2025-09-13 18:17:03,406 - INFO - Batch 20/2278: Loss=1.1883, Cls=0.0000, Reg=0.0000, Con=3.9610
2025-09-13 18:17:04,287 - INFO - Batch 30/2278: Loss=1.1883, Cls=0.0000, Reg=0.0000, Con=3.9608
2025-09-13 18:17:05,156 - INFO - Batch 40/2278: Loss=1.1883, Cls=0.0000, Reg=0.0000, Con=3.9608
2025-09-13 18:17:06,089 - INFO - Batch 50/2278: Loss=0.0000, Cls=0.0000, Reg=0.0000, Con=0.0000
2025-09-13 18:17:06,952 - INFO - Batch 60/2278: Loss=0.0000, Cls=0.0000, Reg=0.0000, Con=0.0000
2025-09-13 18:17:07,827 - INFO - Batch 70/2278: Loss=1.1882, Cls=0.0000, Reg=0.0000, Con=3.9607
2025-09-13 18:17:08,718 - INFO - Batch 80/2278: Loss=1.1884, Cls=0.0001, Reg=0.0000, Con=3.9609
2025-09-13 18:17:09,621 - INFO - Batch 90/2278: Loss=0.0000, Cls=0.0000, Reg=0.0000, Con=0.0000
2025-09-13 18:17:10,535 - INFO - Batch 100/2278: Loss=1.1883, Cls=0.0000, Reg=0.0000, Con=3.9609
2025-09-13 18:17:11,435 - INFO - Batch 110/2278: Loss=1.1883, Cls=0.0000, Reg=0.0000, Con=3.9609
2025-09-13 18:17:12,328 - INFO - Batch 120/2278: Loss=0.0001, Cls=0.0001, Reg=0.0000, Con=0.0000
2025-09-13 18:17:13,221 - INFO - Batch 130/2278: Loss=1.1882, Cls=0.0000, Reg=0.0000, Con=3.9607
2025-09-13 18:17:14,101 - INFO - Batch 140/2278: Loss=1.1883, Cls=0.0000, Reg=0.0000, Con=3.9609
2025-09-13 18:17:14,989 - INFO - Batch 150/2278: Loss=1.1883, Cls=0.0000, Reg=0.0000, Con=3.9611
2025-09-13 18:17:15,886 - INFO - Batch 160/2278: Loss=1.1883, Cls=0.0000, Reg=0.0000, Con=3.9609
2025-09-13 18:17:16,760 - INFO - Batch 170/2278: Loss=0.0000, Cls=0.0000, Reg=0.0000, Con=0.0000
2025-09-13 18:17:17,648 - INFO - Batch 180/2278: Loss=1.1883, Cls=0.0000, Reg=0.0000, Con=3.9609
2025-09-13 18:17:18,544 - INFO - Batch 190/2278: Loss=0.0000, Cls=0.0000, Reg=0.0000, Con=0.0000
2025-09-13 18:17:19,423 - INFO - Batch 200/2278: Loss=1.1882, Cls=0.0000, Reg=0.0000, Con=3.9608
2025-09-13 18:17:20,300 - INFO - Batch 210/2278: Loss=1.1883, Cls=0.0000, Reg=0.0000, Con=3.9609
2025-09-13 18:17:21,177 - INFO - Batch 220/2278: Loss=0.0000, Cls=0.0000, Reg=0.0000, Con=0.0000
2025-09-13 18:17:22,067 - INFO - Batch 230/2278: Loss=0.0000, Cls=0.0000, Reg=0.0000, Con=0.0000
2025-09-13 18:17:22,964 - INFO - Batch 240/2278: Loss=0.0000, Cls=0.0000, Reg=0.0000, Con=0.0000
2025-09-13 18:17:23,849 - INFO - Batch 250/2278: Loss=0.0000, Cls=0.0000, Reg=0.0000, Con=0.0000
2025-09-13 18:17:24,722 - INFO - Batch 260/2278: Loss=0.0000, Cls=0.0000, Reg=0.0000, Con=0.0000
2025-09-13 18:17:25,607 - INFO - Batch 270/2278: Loss=1.1884, Cls=0.0001, Reg=0.0000, Con=3.9608
2025-09-13 18:17:26,495 - INFO - Batch 280/2278: Loss=1.1883, Cls=0.0000, Reg=0.0000, Con=3.9609
2025-09-13 18:17:27,377 - INFO - Batch 290/2278: Loss=1.1902, Cls=0.0019, Reg=0.0000, Con=3.9609
2025-09-13 18:17:28,267 - INFO - Batch 300/2278: Loss=1.1883, Cls=0.0000, Reg=0.0000, Con=3.9609
2025-09-13 18:17:29,163 - INFO - Batch 310/2278: Loss=1.1883, Cls=0.0000, Reg=0.0000, Con=3.9608
2025-09-13 18:17:30,071 - INFO - Batch 320/2278: Loss=0.0000, Cls=0.0000, Reg=0.0000, Con=0.0000
2025-09-13 18:17:30,939 - INFO - Batch 330/2278: Loss=1.1883, Cls=0.0000, Reg=0.0000, Con=3.9609
2025-09-13 18:17:31,802 - INFO - Batch 340/2278: Loss=1.1883, Cls=0.0000, Reg=0.0000, Con=3.9609
2025-09-13 18:17:32,677 - INFO - Batch 350/2278: Loss=1.1912, Cls=0.0030, Reg=0.0000, Con=3.9609
2025-09-13 18:17:33,561 - INFO - Batch 360/2278: Loss=1.1883, Cls=0.0000, Reg=0.0000, Con=3.9609
2025-09-13 18:17:34,425 - INFO - Batch 370/2278: Loss=1.1883, Cls=0.0000, Reg=0.0000, Con=3.9609
2025-09-13 18:17:35,297 - INFO - Batch 380/2278: Loss=1.1887, Cls=0.0004, Reg=0.0000, Con=3.9609
2025-09-13 18:17:36,183 - INFO - Batch 390/2278: Loss=1.1886, Cls=0.0004, Reg=0.0000, Con=3.9609
2025-09-13 18:17:37,095 - INFO - Batch 400/2278: Loss=0.0000, Cls=0.0000, Reg=0.0000, Con=0.0000
2025-09-13 18:17:38,005 - INFO - Batch 410/2278: Loss=1.7301, Cls=0.5419, Reg=0.0000, Con=3.9608
2025-09-13 18:17:38,914 - INFO - Batch 420/2278: Loss=0.0000, Cls=0.0000, Reg=0.0000, Con=0.0000
2025-09-13 18:17:39,808 - INFO - Batch 430/2278: Loss=0.0020, Cls=0.0020, Reg=0.0000, Con=0.0000
2025-09-13 18:17:40,685 - INFO - Batch 440/2278: Loss=1.1882, Cls=0.0000, Reg=0.0000, Con=3.9608
2025-09-13 18:17:41,567 - INFO - Batch 450/2278: Loss=1.1882, Cls=0.0000, Reg=0.0000, Con=3.9607
2025-09-13 18:17:42,448 - INFO - Batch 460/2278: Loss=0.0011, Cls=0.0011, Reg=0.0000, Con=0.0000
2025-09-13 18:17:43,338 - INFO - Batch 470/2278: Loss=1.1882, Cls=0.0000, Reg=0.0000, Con=3.9608
2025-09-13 18:17:44,227 - INFO - Batch 480/2278: Loss=0.0209, Cls=0.0209, Reg=0.0000, Con=0.0000
2025-09-13 18:17:45,114 - INFO - Batch 490/2278: Loss=1.1883, Cls=0.0000, Reg=0.0000, Con=3.9610
2025-09-13 18:17:45,992 - INFO - Batch 500/2278: Loss=1.1882, Cls=0.0000, Reg=0.0000, Con=3.9607
2025-09-13 18:17:46,883 - INFO - Batch 510/2278: Loss=1.3748, Cls=0.1865, Reg=0.0000, Con=3.9607
2025-09-13 18:17:47,775 - INFO - Batch 520/2278: Loss=1.1888, Cls=0.0005, Reg=0.0000, Con=3.9607
2025-09-13 18:17:48,660 - INFO - Batch 530/2278: Loss=1.1882, Cls=0.0000, Reg=0.0000, Con=3.9608
2025-09-13 18:17:49,520 - INFO - Batch 540/2278: Loss=1.1885, Cls=0.0002, Reg=0.0000, Con=3.9610
2025-09-13 18:17:50,388 - INFO - Batch 550/2278: Loss=1.1920, Cls=0.0038, Reg=0.0000, Con=3.9607
2025-09-13 18:17:51,276 - INFO - Batch 560/2278: Loss=0.0000, Cls=0.0000, Reg=0.0000, Con=0.0000
2025-09-13 18:17:52,172 - INFO - Batch 570/2278: Loss=1.1949, Cls=0.0067, Reg=0.0000, Con=3.9608
2025-09-13 18:17:53,057 - INFO - Batch 580/2278: Loss=0.0000, Cls=0.0000, Reg=0.0000, Con=0.0000
2025-09-13 18:17:53,930 - INFO - Batch 590/2278: Loss=1.1883, Cls=0.0001, Reg=0.0000, Con=3.9608
2025-09-13 18:17:54,801 - INFO - Batch 600/2278: Loss=1.2026, Cls=0.0144, Reg=0.0000, Con=3.9608
2025-09-13 18:17:55,691 - INFO - Batch 610/2278: Loss=1.1882, Cls=0.0000, Reg=0.0000, Con=3.9608
2025-09-13 18:17:56,562 - INFO - Batch 620/2278: Loss=1.1882, Cls=0.0000, Reg=0.0000, Con=3.9608
2025-09-13 18:17:57,440 - INFO - Batch 630/2278: Loss=0.0000, Cls=0.0000, Reg=0.0000, Con=0.0000
2025-09-13 18:17:58,340 - INFO - Batch 640/2278: Loss=0.0000, Cls=0.0000, Reg=0.0000, Con=0.0000
2025-09-13 18:17:59,220 - INFO - Batch 650/2278: Loss=0.0314, Cls=0.0314, Reg=0.0000, Con=0.0000
2025-09-13 18:18:00,098 - INFO - Batch 660/2278: Loss=1.1882, Cls=0.0000, Reg=0.0000, Con=3.9607
2025-09-13 18:18:01,001 - INFO - Batch 670/2278: Loss=1.1883, Cls=0.0000, Reg=0.0000, Con=3.9609
2025-09-13 18:18:01,890 - INFO - Batch 680/2278: Loss=1.1882, Cls=0.0000, Reg=0.0000, Con=3.9608
2025-09-13 18:18:02,778 - INFO - Batch 690/2278: Loss=1.1884, Cls=0.0000, Reg=0.0000, Con=3.9613
2025-09-13 18:18:03,674 - INFO - Batch 700/2278: Loss=0.0001, Cls=0.0001, Reg=0.0000, Con=0.0000
2025-09-13 18:18:04,562 - INFO - Batch 710/2278: Loss=1.1883, Cls=0.0000, Reg=0.0000, Con=3.9610
2025-09-13 18:18:05,445 - INFO - Batch 720/2278: Loss=1.1883, Cls=0.0000, Reg=0.0000, Con=3.9609
2025-09-13 18:18:06,306 - INFO - Batch 730/2278: Loss=1.1884, Cls=0.0000, Reg=0.0000, Con=3.9612
2025-09-13 18:18:07,181 - INFO - Batch 740/2278: Loss=1.1883, Cls=0.0000, Reg=0.0000, Con=3.9610
2025-09-13 18:18:08,067 - INFO - Batch 750/2278: Loss=0.0000, Cls=0.0000, Reg=0.0000, Con=0.0000
2025-09-13 18:18:08,938 - INFO - Batch 760/2278: Loss=0.0000, Cls=0.0000, Reg=0.0000, Con=0.0000
2025-09-13 18:18:09,822 - INFO - Batch 770/2278: Loss=1.1885, Cls=0.0003, Reg=0.0000, Con=3.9608
2025-09-13 18:18:10,707 - INFO - Batch 780/2278: Loss=0.0000, Cls=0.0000, Reg=0.0000, Con=0.0000
2025-09-13 18:18:11,595 - INFO - Batch 790/2278: Loss=1.1883, Cls=0.0000, Reg=0.0000, Con=3.9609
2025-09-13 18:18:12,491 - INFO - Batch 800/2278: Loss=0.0000, Cls=0.0000, Reg=0.0000, Con=0.0000
2025-09-13 18:18:13,374 - INFO - Batch 810/2278: Loss=0.0002, Cls=0.0002, Reg=0.0000, Con=0.0000
2025-09-13 18:18:14,248 - INFO - Batch 820/2278: Loss=1.1901, Cls=0.0019, Reg=0.0000, Con=3.9608
2025-09-13 18:18:15,144 - INFO - Batch 830/2278: Loss=2.6745, Cls=1.4863, Reg=0.0000, Con=3.9607
2025-09-13 18:18:16,044 - INFO - Batch 840/2278: Loss=7.4888, Cls=6.3006, Reg=0.0000, Con=3.9608
2025-09-13 18:18:16,942 - INFO - Batch 850/2278: Loss=0.0209, Cls=0.0209, Reg=0.0000, Con=0.0000
2025-09-13 18:18:17,849 - INFO - Batch 860/2278: Loss=1.1882, Cls=0.0000, Reg=0.0000, Con=3.9608
2025-09-13 18:18:18,740 - INFO - Batch 870/2278: Loss=0.0010, Cls=0.0010, Reg=0.0000, Con=0.0000
2025-09-13 18:18:19,617 - INFO - Batch 880/2278: Loss=0.0000, Cls=0.0000, Reg=0.0000, Con=0.0000
2025-09-13 18:18:20,509 - INFO - Batch 890/2278: Loss=1.1885, Cls=0.0002, Reg=0.0000, Con=3.9609
2025-09-13 18:18:21,402 - INFO - Batch 900/2278: Loss=0.0005, Cls=0.0005, Reg=0.0000, Con=0.0000
2025-09-13 18:18:22,269 - INFO - Batch 910/2278: Loss=0.0000, Cls=0.0000, Reg=0.0000, Con=0.0000
2025-09-13 18:18:23,144 - INFO - Batch 920/2278: Loss=1.1892, Cls=0.0008, Reg=0.0000, Con=3.9611
2025-09-13 18:18:24,031 - INFO - Batch 930/2278: Loss=1.1883, Cls=0.0000, Reg=0.0000, Con=3.9609
2025-09-13 18:18:24,904 - INFO - Batch 940/2278: Loss=0.0000, Cls=0.0000, Reg=0.0000, Con=0.0000
2025-09-13 18:18:25,771 - INFO - Batch 950/2278: Loss=0.0000, Cls=0.0000, Reg=0.0000, Con=0.0000
2025-09-13 18:18:26,676 - INFO - Batch 960/2278: Loss=0.0000, Cls=0.0000, Reg=0.0000, Con=0.0000
2025-09-13 18:18:27,588 - INFO - Batch 970/2278: Loss=0.0000, Cls=0.0000, Reg=0.0000, Con=0.0000
2025-09-13 18:18:28,475 - INFO - Batch 980/2278: Loss=1.1883, Cls=0.0000, Reg=0.0000, Con=3.9609
2025-09-13 18:18:29,367 - INFO - Batch 990/2278: Loss=1.1892, Cls=0.0011, Reg=0.0000, Con=3.9606
2025-09-13 18:18:30,251 - INFO - Batch 1000/2278: Loss=1.1903, Cls=0.0021, Reg=0.0000, Con=3.9609
2025-09-13 18:18:31,127 - INFO - Batch 1010/2278: Loss=1.1883, Cls=0.0000, Reg=0.0000, Con=3.9609
2025-09-13 18:18:31,986 - INFO - Batch 1020/2278: Loss=1.1899, Cls=0.0014, Reg=0.0000, Con=3.9615
2025-09-13 18:18:32,856 - INFO - Batch 1030/2278: Loss=1.1885, Cls=0.0002, Reg=0.0000, Con=3.9608
2025-09-13 18:18:33,737 - INFO - Batch 1040/2278: Loss=1.1882, Cls=0.0000, Reg=0.0000, Con=3.9608
2025-09-13 18:18:34,626 - INFO - Batch 1050/2278: Loss=1.1884, Cls=0.0001, Reg=0.0000, Con=3.9611
2025-09-13 18:18:35,512 - INFO - Batch 1060/2278: Loss=1.1884, Cls=0.0000, Reg=0.0000, Con=3.9612
2025-09-13 18:18:36,398 - INFO - Batch 1070/2278: Loss=3.2007, Cls=2.0124, Reg=0.0000, Con=3.9608
2025-09-13 18:18:37,283 - INFO - Batch 1080/2278: Loss=1.1883, Cls=0.0000, Reg=0.0000, Con=3.9609
2025-09-13 18:18:38,205 - INFO - Batch 1090/2278: Loss=1.1882, Cls=0.0000, Reg=0.0000, Con=3.9608
2025-09-13 18:18:39,088 - INFO - Batch 1100/2278: Loss=1.1883, Cls=0.0000, Reg=0.0000, Con=3.9608
2025-09-13 18:18:39,961 - INFO - Batch 1110/2278: Loss=1.1883, Cls=0.0000, Reg=0.0000, Con=3.9608
2025-09-13 18:18:40,862 - INFO - Batch 1120/2278: Loss=1.1882, Cls=0.0000, Reg=0.0000, Con=3.9608
2025-09-13 18:18:41,748 - INFO - Batch 1130/2278: Loss=0.0000, Cls=0.0000, Reg=0.0000, Con=0.0000
2025-09-13 18:18:42,633 - INFO - Batch 1140/2278: Loss=0.0000, Cls=0.0000, Reg=0.0000, Con=0.0000
2025-09-13 18:18:43,523 - INFO - Batch 1150/2278: Loss=1.1883, Cls=0.0000, Reg=0.0000, Con=3.9609
2025-09-13 18:18:44,404 - INFO - Batch 1160/2278: Loss=1.1886, Cls=0.0004, Reg=0.0000, Con=3.9608
2025-09-13 18:18:45,283 - INFO - Batch 1170/2278: Loss=0.0000, Cls=0.0000, Reg=0.0000, Con=0.0000
2025-09-13 18:18:46,185 - INFO - Batch 1180/2278: Loss=1.1883, Cls=0.0000, Reg=0.0000, Con=3.9609
2025-09-13 18:18:47,081 - INFO - Batch 1190/2278: Loss=1.1883, Cls=0.0000, Reg=0.0000, Con=3.9610
2025-09-13 18:18:47,998 - INFO - Batch 1200/2278: Loss=1.1895, Cls=0.0012, Reg=0.0000, Con=3.9609
2025-09-13 18:18:48,899 - INFO - Batch 1210/2278: Loss=1.1882, Cls=0.0000, Reg=0.0000, Con=3.9608
2025-09-13 18:18:49,809 - INFO - Batch 1220/2278: Loss=0.0000, Cls=0.0000, Reg=0.0000, Con=0.0000
2025-09-13 18:18:50,702 - INFO - Batch 1230/2278: Loss=1.1883, Cls=0.0000, Reg=0.0000, Con=3.9609
2025-09-13 18:18:51,584 - INFO - Batch 1240/2278: Loss=1.1883, Cls=0.0000, Reg=0.0000, Con=3.9609
2025-09-13 18:18:52,484 - INFO - Batch 1250/2278: Loss=0.0013, Cls=0.0013, Reg=0.0000, Con=0.0000
2025-09-13 18:18:53,364 - INFO - Batch 1260/2278: Loss=1.1906, Cls=0.0023, Reg=0.0000, Con=3.9607
2025-09-13 18:18:54,237 - INFO - Batch 1270/2278: Loss=1.5010, Cls=1.5010, Reg=0.0000, Con=0.0000
2025-09-13 18:18:55,103 - INFO - Batch 1280/2278: Loss=1.1882, Cls=0.0000, Reg=0.0000, Con=3.9608
2025-09-13 18:18:56,014 - INFO - Batch 1290/2278: Loss=1.1883, Cls=0.0000, Reg=0.0000, Con=3.9610
2025-09-13 18:18:56,901 - INFO - Batch 1300/2278: Loss=1.1883, Cls=0.0000, Reg=0.0000, Con=3.9610
2025-09-13 18:18:57,787 - INFO - Batch 1310/2278: Loss=0.0001, Cls=0.0001, Reg=0.0000, Con=0.0000
2025-09-13 18:18:58,680 - INFO - Batch 1320/2278: Loss=1.1889, Cls=0.0007, Reg=0.0000, Con=3.9609
2025-09-13 18:18:59,576 - INFO - Batch 1330/2278: Loss=1.1883, Cls=0.0000, Reg=0.0000, Con=3.9609
2025-09-13 18:19:00,479 - INFO - Batch 1340/2278: Loss=0.0000, Cls=0.0000, Reg=0.0000, Con=0.0000
2025-09-13 18:19:01,389 - INFO - Batch 1350/2278: Loss=0.0000, Cls=0.0000, Reg=0.0000, Con=0.0000
2025-09-13 18:19:02,278 - INFO - Batch 1360/2278: Loss=1.1882, Cls=0.0000, Reg=0.0000, Con=3.9608
2025-09-13 18:19:03,169 - INFO - Batch 1370/2278: Loss=1.1882, Cls=0.0000, Reg=0.0000, Con=3.9608
2025-09-13 18:19:04,082 - INFO - Batch 1380/2278: Loss=1.1883, Cls=0.0000, Reg=0.0000, Con=3.9609
2025-09-13 18:19:04,970 - INFO - Batch 1390/2278: Loss=1.1884, Cls=0.0002, Reg=0.0000, Con=3.9608
2025-09-13 18:19:05,869 - INFO - Batch 1400/2278: Loss=0.0000, Cls=0.0000, Reg=0.0000, Con=0.0000
2025-09-13 18:19:06,748 - INFO - Batch 1410/2278: Loss=1.1882, Cls=0.0000, Reg=0.0000, Con=3.9608
2025-09-13 18:19:07,637 - INFO - Batch 1420/2278: Loss=0.0000, Cls=0.0000, Reg=0.0000, Con=0.0000
2025-09-13 18:19:08,536 - INFO - Batch 1430/2278: Loss=0.0000, Cls=0.0000, Reg=0.0000, Con=0.0000
2025-09-13 18:19:09,403 - INFO - Batch 1440/2278: Loss=1.1884, Cls=0.0000, Reg=0.0000, Con=3.9613
2025-09-13 18:19:10,270 - INFO - Batch 1450/2278: Loss=0.0000, Cls=0.0000, Reg=0.0000, Con=0.0000
2025-09-13 18:19:11,136 - INFO - Batch 1460/2278: Loss=1.1883, Cls=0.0000, Reg=0.0000, Con=3.9609
2025-09-13 18:19:12,018 - INFO - Batch 1470/2278: Loss=1.1883, Cls=0.0000, Reg=0.0000, Con=3.9608
2025-09-13 18:19:12,887 - INFO - Batch 1480/2278: Loss=0.0000, Cls=0.0000, Reg=0.0000, Con=0.0000
2025-09-13 18:19:13,851 - INFO - Batch 1490/2278: Loss=0.0000, Cls=0.0000, Reg=0.0000, Con=0.0000
2025-09-13 18:19:14,762 - INFO - Batch 1500/2278: Loss=3.8789, Cls=3.8789, Reg=0.0000, Con=0.0000
2025-09-13 18:19:15,625 - INFO - Batch 1510/2278: Loss=1.1883, Cls=0.0000, Reg=0.0000, Con=3.9608
2025-09-13 18:19:16,472 - INFO - Batch 1520/2278: Loss=1.1883, Cls=0.0000, Reg=0.0000, Con=3.9608
2025-09-13 18:19:17,351 - INFO - Batch 1530/2278: Loss=1.1883, Cls=0.0000, Reg=0.0000, Con=3.9609
2025-09-13 18:19:18,223 - INFO - Batch 1540/2278: Loss=0.0319, Cls=0.0319, Reg=0.0000, Con=0.0000
2025-09-13 18:19:19,112 - INFO - Batch 1550/2278: Loss=1.1883, Cls=0.0000, Reg=0.0000, Con=3.9609
2025-09-13 18:19:19,999 - INFO - Batch 1560/2278: Loss=1.1883, Cls=0.0000, Reg=0.0000, Con=3.9608
2025-09-13 18:19:20,850 - INFO - Batch 1570/2278: Loss=1.1883, Cls=0.0000, Reg=0.0000, Con=3.9609
2025-09-13 18:19:21,712 - INFO - Batch 1580/2278: Loss=0.0000, Cls=0.0000, Reg=0.0000, Con=0.0000
2025-09-13 18:19:22,606 - INFO - Batch 1590/2278: Loss=0.0000, Cls=0.0000, Reg=0.0000, Con=0.0000
2025-09-13 18:19:23,504 - INFO - Batch 1600/2278: Loss=1.1883, Cls=0.0000, Reg=0.0000, Con=3.9610
2025-09-13 18:19:24,394 - INFO - Batch 1610/2278: Loss=0.0068, Cls=0.0068, Reg=0.0000, Con=0.0000
2025-09-13 18:19:25,290 - INFO - Batch 1620/2278: Loss=1.1885, Cls=0.0003, Reg=0.0000, Con=3.9609
2025-09-13 18:19:26,150 - INFO - Batch 1630/2278: Loss=0.0000, Cls=0.0000, Reg=0.0000, Con=0.0000
2025-09-13 18:19:27,035 - INFO - Batch 1640/2278: Loss=1.1889, Cls=0.0006, Reg=0.0000, Con=3.9610
2025-09-13 18:19:27,901 - INFO - Batch 1650/2278: Loss=0.0003, Cls=0.0003, Reg=0.0000, Con=0.0000
2025-09-13 18:19:28,772 - INFO - Batch 1660/2278: Loss=1.1883, Cls=0.0001, Reg=0.0000, Con=3.9607
2025-09-13 18:19:29,670 - INFO - Batch 1670/2278: Loss=1.1885, Cls=0.0002, Reg=0.0000, Con=3.9608
2025-09-13 18:19:30,556 - INFO - Batch 1680/2278: Loss=1.2733, Cls=0.0849, Reg=0.0000, Con=3.9615
2025-09-13 18:19:31,457 - INFO - Batch 1690/2278: Loss=0.0000, Cls=0.0000, Reg=0.0000, Con=0.0000
2025-09-13 18:19:32,330 - INFO - Batch 1700/2278: Loss=1.1882, Cls=0.0000, Reg=0.0000, Con=3.9608
2025-09-13 18:19:33,193 - INFO - Batch 1710/2278: Loss=1.1888, Cls=0.0004, Reg=0.0000, Con=3.9612
2025-09-13 18:19:34,063 - INFO - Batch 1720/2278: Loss=1.1883, Cls=0.0000, Reg=0.0000, Con=3.9610
2025-09-13 18:19:34,956 - INFO - Batch 1730/2278: Loss=1.1883, Cls=0.0000, Reg=0.0000, Con=3.9609
2025-09-13 18:19:35,810 - INFO - Batch 1740/2278: Loss=1.1883, Cls=0.0000, Reg=0.0000, Con=3.9610
2025-09-13 18:19:36,747 - INFO - Batch 1750/2278: Loss=1.2081, Cls=0.0197, Reg=0.0000, Con=3.9611
2025-09-13 18:19:37,661 - INFO - Batch 1760/2278: Loss=1.1882, Cls=0.0000, Reg=0.0000, Con=3.9608
2025-09-13 18:19:38,538 - INFO - Batch 1770/2278: Loss=1.1883, Cls=0.0000, Reg=0.0000, Con=3.9610
2025-09-13 18:19:39,407 - INFO - Batch 1780/2278: Loss=1.1889, Cls=0.0006, Reg=0.0000, Con=3.9609
2025-09-13 18:19:40,281 - INFO - Batch 1790/2278: Loss=1.1884, Cls=0.0001, Reg=0.0000, Con=3.9608
2025-09-13 18:19:41,147 - INFO - Batch 1800/2278: Loss=1.1883, Cls=0.0000, Reg=0.0000, Con=3.9609
2025-09-13 18:19:42,012 - INFO - Batch 1810/2278: Loss=1.1883, Cls=0.0000, Reg=0.0000, Con=3.9610
2025-09-13 18:19:42,885 - INFO - Batch 1820/2278: Loss=1.1885, Cls=0.0003, Reg=0.0000, Con=3.9608
2025-09-13 18:19:43,751 - INFO - Batch 1830/2278: Loss=1.1885, Cls=0.0001, Reg=0.0000, Con=3.9615
2025-09-13 18:19:44,648 - INFO - Batch 1840/2278: Loss=1.1883, Cls=0.0000, Reg=0.0000, Con=3.9609
2025-09-13 18:19:45,535 - INFO - Batch 1850/2278: Loss=1.1883, Cls=0.0000, Reg=0.0000, Con=3.9608
2025-09-13 18:19:46,418 - INFO - Batch 1860/2278: Loss=0.0000, Cls=0.0000, Reg=0.0000, Con=0.0000
2025-09-13 18:19:47,292 - INFO - Batch 1870/2278: Loss=0.0030, Cls=0.0030, Reg=0.0000, Con=0.0000
2025-09-13 18:19:48,169 - INFO - Batch 1880/2278: Loss=1.7370, Cls=0.5487, Reg=0.0000, Con=3.9610
2025-09-13 18:19:49,047 - INFO - Batch 1890/2278: Loss=0.0000, Cls=0.0000, Reg=0.0000, Con=0.0000
2025-09-13 18:19:49,923 - INFO - Batch 1900/2278: Loss=1.1882, Cls=0.0000, Reg=0.0000, Con=3.9607
2025-09-13 18:19:50,801 - INFO - Batch 1910/2278: Loss=1.1882, Cls=0.0000, Reg=0.0000, Con=3.9607
2025-09-13 18:19:51,705 - INFO - Batch 1920/2278: Loss=1.2035, Cls=0.0152, Reg=0.0000, Con=3.9608
2025-09-13 18:19:52,582 - INFO - Batch 1930/2278: Loss=0.0000, Cls=0.0000, Reg=0.0000, Con=0.0000
2025-09-13 18:19:53,450 - INFO - Batch 1940/2278: Loss=1.1882, Cls=0.0000, Reg=0.0000, Con=3.9607
2025-09-13 18:19:54,297 - INFO - Batch 1950/2278: Loss=1.1893, Cls=0.0011, Reg=0.0000, Con=3.9609
2025-09-13 18:19:55,210 - INFO - Batch 1960/2278: Loss=1.1883, Cls=0.0000, Reg=0.0000, Con=3.9609
2025-09-13 18:19:56,105 - INFO - Batch 1970/2278: Loss=1.1882, Cls=0.0000, Reg=0.0000, Con=3.9606
2025-09-13 18:19:56,983 - INFO - Batch 1980/2278: Loss=1.1882, Cls=0.0000, Reg=0.0000, Con=3.9608
2025-09-13 18:19:57,888 - INFO - Batch 1990/2278: Loss=0.0000, Cls=0.0000, Reg=0.0000, Con=0.0000
2025-09-13 18:19:58,748 - INFO - Batch 2000/2278: Loss=1.1882, Cls=0.0000, Reg=0.0000, Con=3.9607
2025-09-13 18:19:59,626 - INFO - Batch 2010/2278: Loss=1.1882, Cls=0.0000, Reg=0.0000, Con=3.9608
2025-09-13 18:20:00,499 - INFO - Batch 2020/2278: Loss=0.0001, Cls=0.0001, Reg=0.0000, Con=0.0000
2025-09-13 18:20:01,362 - INFO - Batch 2030/2278: Loss=1.1883, Cls=0.0000, Reg=0.0000, Con=3.9610
2025-09-13 18:20:02,268 - INFO - Batch 2040/2278: Loss=1.1882, Cls=0.0000, Reg=0.0000, Con=3.9608
2025-09-13 18:20:03,136 - INFO - Batch 2050/2278: Loss=0.0000, Cls=0.0000, Reg=0.0000, Con=0.0000
2025-09-13 18:20:04,007 - INFO - Batch 2060/2278: Loss=1.1885, Cls=0.0000, Reg=0.0000, Con=3.9615
2025-09-13 18:20:04,886 - INFO - Batch 2070/2278: Loss=1.1882, Cls=0.0000, Reg=0.0000, Con=3.9608
2025-09-13 18:20:05,757 - INFO - Batch 2080/2278: Loss=0.0000, Cls=0.0000, Reg=0.0000, Con=0.0000
2025-09-13 18:20:06,648 - INFO - Batch 2090/2278: Loss=1.1882, Cls=0.0000, Reg=0.0000, Con=3.9608
2025-09-13 18:20:07,576 - INFO - Batch 2100/2278: Loss=0.0000, Cls=0.0000, Reg=0.0000, Con=0.0000
2025-09-13 18:20:08,466 - INFO - Batch 2110/2278: Loss=0.0000, Cls=0.0000, Reg=0.0000, Con=0.0000
2025-09-13 18:20:09,337 - INFO - Batch 2120/2278: Loss=1.1973, Cls=0.0091, Reg=0.0000, Con=3.9609
2025-09-13 18:20:10,215 - INFO - Batch 2130/2278: Loss=1.1883, Cls=0.0000, Reg=0.0000, Con=3.9608
2025-09-13 18:20:11,097 - INFO - Batch 2140/2278: Loss=0.0000, Cls=0.0000, Reg=0.0000, Con=0.0000
2025-09-13 18:20:11,961 - INFO - Batch 2150/2278: Loss=1.1883, Cls=0.0000, Reg=0.0000, Con=3.9610
2025-09-13 18:20:12,821 - INFO - Batch 2160/2278: Loss=1.1919, Cls=0.0037, Reg=0.0000, Con=3.9608
2025-09-13 18:20:13,692 - INFO - Batch 2170/2278: Loss=1.1883, Cls=0.0001, Reg=0.0000, Con=3.9608
2025-09-13 18:20:14,567 - INFO - Batch 2180/2278: Loss=1.1882, Cls=0.0000, Reg=0.0000, Con=3.9608
2025-09-13 18:20:15,424 - INFO - Batch 2190/2278: Loss=4.0677, Cls=2.8794, Reg=0.0000, Con=3.9610
2025-09-13 18:20:16,296 - INFO - Batch 2200/2278: Loss=1.1882, Cls=0.0000, Reg=0.0000, Con=3.9608
2025-09-13 18:20:17,172 - INFO - Batch 2210/2278: Loss=1.1884, Cls=0.0000, Reg=0.0000, Con=3.9613
2025-09-13 18:20:18,041 - INFO - Batch 2220/2278: Loss=0.0003, Cls=0.0003, Reg=0.0000, Con=0.0000
2025-09-13 18:20:18,943 - INFO - Batch 2230/2278: Loss=0.0024, Cls=0.0024, Reg=0.0000, Con=0.0000
2025-09-13 18:20:19,826 - INFO - Batch 2240/2278: Loss=1.1882, Cls=0.0000, Reg=0.0000, Con=3.9608
2025-09-13 18:20:20,706 - INFO - Batch 2250/2278: Loss=0.0000, Cls=0.0000, Reg=0.0000, Con=0.0000
2025-09-13 18:20:21,599 - INFO - Batch 2260/2278: Loss=1.1883, Cls=0.0000, Reg=0.0000, Con=3.9609
2025-09-13 18:20:22,474 - INFO - Batch 2270/2278: Loss=1.1891, Cls=0.0009, Reg=0.0000, Con=3.9606
2025-09-13 18:23:49,359 - INFO - === Epoch 2 Results ===
2025-09-13 18:23:49,360 - INFO - Training Loss: 0.8758 (Classification: 0.0897, Regression: 0.0000)
2025-09-13 18:23:49,360 - INFO - Validation Loss: 0.0222 (Classification: 0.0222, Regression: 0.0000)
2025-09-13 18:23:49,360 - INFO - Average Classification Accuracy: 0.9581 (on 1/26 tasks)
2025-09-13 18:23:49,360 - INFO - Average AUC: 0.9844
2025-09-13 18:23:53,794 - INFO - Best model saved to: experiments/r1c3_single_cls_4_seed_42_20250913_181015/checkpoints/r1c3_single_cls_4_seed_42_best.pth
2025-09-13 18:23:53,795 - INFO - 
Epoch 3/3
2025-09-13 18:23:53,934 - INFO - Batch 0/2278: Loss=1.7871, Cls=0.5989, Reg=0.0000, Con=3.9608
2025-09-13 18:23:54,791 - INFO - Batch 10/2278: Loss=1.1885, Cls=0.0002, Reg=0.0000, Con=3.9611
2025-09-13 18:23:55,714 - INFO - Batch 20/2278: Loss=1.1933, Cls=0.0050, Reg=0.0000, Con=3.9608
2025-09-13 18:23:56,740 - INFO - Batch 30/2278: Loss=0.0012, Cls=0.0012, Reg=0.0000, Con=0.0000
2025-09-13 18:23:57,670 - INFO - Batch 40/2278: Loss=1.1882, Cls=0.0000, Reg=0.0000, Con=3.9608
2025-09-13 18:23:58,692 - INFO - Batch 50/2278: Loss=1.1883, Cls=0.0000, Reg=0.0000, Con=3.9609
2025-09-13 18:23:59,655 - INFO - Batch 60/2278: Loss=1.1882, Cls=0.0000, Reg=0.0000, Con=3.9607
2025-09-13 18:24:00,566 - INFO - Batch 70/2278: Loss=1.1882, Cls=0.0000, Reg=0.0000, Con=3.9608
2025-09-13 18:24:01,457 - INFO - Batch 80/2278: Loss=0.0000, Cls=0.0000, Reg=0.0000, Con=0.0000
2025-09-13 18:24:02,353 - INFO - Batch 90/2278: Loss=1.1958, Cls=0.0076, Reg=0.0000, Con=3.9609
2025-09-13 18:24:03,244 - INFO - Batch 100/2278: Loss=1.1882, Cls=0.0000, Reg=0.0000, Con=3.9607
2025-09-13 18:24:04,168 - INFO - Batch 110/2278: Loss=1.1885, Cls=0.0000, Reg=0.0000, Con=3.9618
2025-09-13 18:24:05,058 - INFO - Batch 120/2278: Loss=1.1887, Cls=0.0005, Reg=0.0000, Con=3.9609
2025-09-13 18:24:05,954 - INFO - Batch 130/2278: Loss=1.1882, Cls=0.0000, Reg=0.0000, Con=3.9607
2025-09-13 18:24:06,874 - INFO - Batch 140/2278: Loss=0.0000, Cls=0.0000, Reg=0.0000, Con=0.0000
2025-09-13 18:24:07,772 - INFO - Batch 150/2278: Loss=1.1896, Cls=0.0014, Reg=0.0000, Con=3.9608
2025-09-13 18:24:08,693 - INFO - Batch 160/2278: Loss=0.0000, Cls=0.0000, Reg=0.0000, Con=0.0000
2025-09-13 18:24:09,572 - INFO - Batch 170/2278: Loss=1.1883, Cls=0.0000, Reg=0.0000, Con=3.9609
2025-09-13 18:24:10,450 - INFO - Batch 180/2278: Loss=1.1889, Cls=0.0006, Reg=0.0000, Con=3.9610
2025-09-13 18:24:11,334 - INFO - Batch 190/2278: Loss=1.1882, Cls=0.0000, Reg=0.0000, Con=3.9607
2025-09-13 18:24:12,216 - INFO - Batch 200/2278: Loss=0.0000, Cls=0.0000, Reg=0.0000, Con=0.0000
2025-09-13 18:24:13,100 - INFO - Batch 210/2278: Loss=1.1890, Cls=0.0006, Reg=0.0000, Con=3.9612
2025-09-13 18:24:13,976 - INFO - Batch 220/2278: Loss=1.1882, Cls=0.0000, Reg=0.0000, Con=3.9608
2025-09-13 18:24:14,859 - INFO - Batch 230/2278: Loss=1.1883, Cls=0.0000, Reg=0.0000, Con=3.9611
2025-09-13 18:24:15,765 - INFO - Batch 240/2278: Loss=1.1882, Cls=0.0000, Reg=0.0000, Con=3.9607
2025-09-13 18:24:16,652 - INFO - Batch 250/2278: Loss=1.1884, Cls=0.0002, Reg=0.0000, Con=3.9609
2025-09-13 18:24:17,570 - INFO - Batch 260/2278: Loss=1.1882, Cls=0.0000, Reg=0.0000, Con=3.9608
2025-09-13 18:24:18,490 - INFO - Batch 270/2278: Loss=1.1882, Cls=0.0000, Reg=0.0000, Con=3.9607
2025-09-13 18:24:19,393 - INFO - Batch 280/2278: Loss=1.1882, Cls=0.0000, Reg=0.0000, Con=3.9608
2025-09-13 18:24:20,291 - INFO - Batch 290/2278: Loss=1.1882, Cls=0.0000, Reg=0.0000, Con=3.9608
2025-09-13 18:24:21,179 - INFO - Batch 300/2278: Loss=1.1890, Cls=0.0008, Reg=0.0000, Con=3.9607
2025-09-13 18:24:22,086 - INFO - Batch 310/2278: Loss=1.1903, Cls=0.0020, Reg=0.0000, Con=3.9610
2025-09-13 18:24:22,984 - INFO - Batch 320/2278: Loss=1.1884, Cls=0.0000, Reg=0.0000, Con=3.9612
2025-09-13 18:24:23,863 - INFO - Batch 330/2278: Loss=7.3816, Cls=7.3816, Reg=0.0000, Con=0.0000
2025-09-13 18:24:24,771 - INFO - Batch 340/2278: Loss=0.0000, Cls=0.0000, Reg=0.0000, Con=0.0000
2025-09-13 18:24:25,668 - INFO - Batch 350/2278: Loss=1.1884, Cls=0.0000, Reg=0.0000, Con=3.9612
2025-09-13 18:24:26,568 - INFO - Batch 360/2278: Loss=1.1883, Cls=0.0000, Reg=0.0000, Con=3.9611
2025-09-13 18:24:27,457 - INFO - Batch 370/2278: Loss=1.1882, Cls=0.0000, Reg=0.0000, Con=3.9608
2025-09-13 18:24:28,380 - INFO - Batch 380/2278: Loss=1.1882, Cls=0.0000, Reg=0.0000, Con=3.9608
2025-09-13 18:24:29,305 - INFO - Batch 390/2278: Loss=1.1883, Cls=0.0000, Reg=0.0000, Con=3.9609
2025-09-13 18:24:30,198 - INFO - Batch 400/2278: Loss=0.0000, Cls=0.0000, Reg=0.0000, Con=0.0000
2025-09-13 18:24:31,136 - INFO - Batch 410/2278: Loss=1.2194, Cls=0.0311, Reg=0.0000, Con=3.9609
2025-09-13 18:24:32,033 - INFO - Batch 420/2278: Loss=1.1883, Cls=0.0000, Reg=0.0000, Con=3.9609
2025-09-13 18:24:32,914 - INFO - Batch 430/2278: Loss=1.1884, Cls=0.0000, Reg=0.0000, Con=3.9614
2025-09-13 18:24:33,786 - INFO - Batch 440/2278: Loss=0.0000, Cls=0.0000, Reg=0.0000, Con=0.0000
2025-09-13 18:24:34,675 - INFO - Batch 450/2278: Loss=1.1940, Cls=0.0057, Reg=0.0000, Con=3.9608
2025-09-13 18:24:35,572 - INFO - Batch 460/2278: Loss=0.0000, Cls=0.0000, Reg=0.0000, Con=0.0000
2025-09-13 18:24:36,458 - INFO - Batch 470/2278: Loss=0.0000, Cls=0.0000, Reg=0.0000, Con=0.0000
2025-09-13 18:24:37,340 - INFO - Batch 480/2278: Loss=1.1883, Cls=0.0000, Reg=0.0000, Con=3.9609
2025-09-13 18:24:38,234 - INFO - Batch 490/2278: Loss=0.0028, Cls=0.0028, Reg=0.0000, Con=0.0000
2025-09-13 18:24:39,109 - INFO - Batch 500/2278: Loss=0.0000, Cls=0.0000, Reg=0.0000, Con=0.0000
2025-09-13 18:24:40,016 - INFO - Batch 510/2278: Loss=1.1882, Cls=0.0000, Reg=0.0000, Con=3.9608
2025-09-13 18:24:40,919 - INFO - Batch 520/2278: Loss=0.0011, Cls=0.0011, Reg=0.0000, Con=0.0000
2025-09-13 18:24:41,805 - INFO - Batch 530/2278: Loss=1.1922, Cls=0.0040, Reg=0.0000, Con=3.9608
2025-09-13 18:24:42,907 - INFO - Batch 540/2278: Loss=1.1884, Cls=0.0002, Reg=0.0000, Con=3.9609
2025-09-13 18:24:43,852 - INFO - Batch 550/2278: Loss=0.0000, Cls=0.0000, Reg=0.0000, Con=0.0000
2025-09-13 18:24:44,773 - INFO - Batch 560/2278: Loss=1.1883, Cls=0.0000, Reg=0.0000, Con=3.9609
2025-09-13 18:24:45,714 - INFO - Batch 570/2278: Loss=1.1882, Cls=0.0000, Reg=0.0000, Con=3.9608
2025-09-13 18:24:46,641 - INFO - Batch 580/2278: Loss=0.0016, Cls=0.0016, Reg=0.0000, Con=0.0000
2025-09-13 18:24:47,539 - INFO - Batch 590/2278: Loss=1.1883, Cls=0.0000, Reg=0.0000, Con=3.9608
2025-09-13 18:24:48,455 - INFO - Batch 600/2278: Loss=0.0000, Cls=0.0000, Reg=0.0000, Con=0.0000
2025-09-13 18:24:49,324 - INFO - Batch 610/2278: Loss=0.0000, Cls=0.0000, Reg=0.0000, Con=0.0000
2025-09-13 18:24:50,247 - INFO - Batch 620/2278: Loss=1.1883, Cls=0.0000, Reg=0.0000, Con=3.9608
2025-09-13 18:24:51,126 - INFO - Batch 630/2278: Loss=1.1883, Cls=0.0000, Reg=0.0000, Con=3.9611
2025-09-13 18:24:52,053 - INFO - Batch 640/2278: Loss=1.1882, Cls=0.0000, Reg=0.0000, Con=3.9607
2025-09-13 18:24:52,942 - INFO - Batch 650/2278: Loss=1.1883, Cls=0.0000, Reg=0.0000, Con=3.9608
2025-09-13 18:24:53,868 - INFO - Batch 660/2278: Loss=1.1885, Cls=0.0002, Reg=0.0000, Con=3.9609
2025-09-13 18:24:54,776 - INFO - Batch 670/2278: Loss=1.1904, Cls=0.0021, Reg=0.0000, Con=3.9609
2025-09-13 18:24:55,726 - INFO - Batch 680/2278: Loss=0.0000, Cls=0.0000, Reg=0.0000, Con=0.0000
2025-09-13 18:24:56,617 - INFO - Batch 690/2278: Loss=1.1883, Cls=0.0000, Reg=0.0000, Con=3.9609
2025-09-13 18:24:57,542 - INFO - Batch 700/2278: Loss=1.1883, Cls=0.0000, Reg=0.0000, Con=3.9610
2025-09-13 18:24:58,421 - INFO - Batch 710/2278: Loss=1.1883, Cls=0.0000, Reg=0.0000, Con=3.9610
2025-09-13 18:24:59,334 - INFO - Batch 720/2278: Loss=1.1883, Cls=0.0000, Reg=0.0000, Con=3.9610
2025-09-13 18:25:00,224 - INFO - Batch 730/2278: Loss=1.1883, Cls=0.0000, Reg=0.0000, Con=3.9609
2025-09-13 18:25:01,104 - INFO - Batch 740/2278: Loss=1.1882, Cls=0.0000, Reg=0.0000, Con=3.9606
2025-09-13 18:25:01,989 - INFO - Batch 750/2278: Loss=1.1882, Cls=0.0000, Reg=0.0000, Con=3.9606
2025-09-13 18:25:02,931 - INFO - Batch 760/2278: Loss=1.1885, Cls=0.0002, Reg=0.0000, Con=3.9611
2025-09-13 18:25:03,852 - INFO - Batch 770/2278: Loss=1.2056, Cls=0.0173, Reg=0.0000, Con=3.9611
2025-09-13 18:25:04,764 - INFO - Batch 780/2278: Loss=0.0000, Cls=0.0000, Reg=0.0000, Con=0.0000
2025-09-13 18:25:05,655 - INFO - Batch 790/2278: Loss=1.1883, Cls=0.0000, Reg=0.0000, Con=3.9609
2025-09-13 18:25:06,560 - INFO - Batch 800/2278: Loss=1.1960, Cls=0.0076, Reg=0.0000, Con=3.9612
2025-09-13 18:25:07,452 - INFO - Batch 810/2278: Loss=0.0000, Cls=0.0000, Reg=0.0000, Con=0.0000
2025-09-13 18:25:08,358 - INFO - Batch 820/2278: Loss=1.3157, Cls=0.1275, Reg=0.0000, Con=3.9609
2025-09-13 18:25:09,239 - INFO - Batch 830/2278: Loss=1.1883, Cls=0.0000, Reg=0.0000, Con=3.9609
2025-09-13 18:25:10,133 - INFO - Batch 840/2278: Loss=0.0088, Cls=0.0088, Reg=0.0000, Con=0.0000
2025-09-13 18:25:11,044 - INFO - Batch 850/2278: Loss=0.0000, Cls=0.0000, Reg=0.0000, Con=0.0000
2025-09-13 18:25:11,922 - INFO - Batch 860/2278: Loss=1.1883, Cls=0.0000, Reg=0.0000, Con=3.9611
2025-09-13 18:25:12,820 - INFO - Batch 870/2278: Loss=1.1886, Cls=0.0004, Reg=0.0000, Con=3.9609
2025-09-13 18:25:13,738 - INFO - Batch 880/2278: Loss=0.0002, Cls=0.0002, Reg=0.0000, Con=0.0000
2025-09-13 18:25:14,648 - INFO - Batch 890/2278: Loss=1.1883, Cls=0.0000, Reg=0.0000, Con=3.9609
2025-09-13 18:25:15,587 - INFO - Batch 900/2278: Loss=0.0000, Cls=0.0000, Reg=0.0000, Con=0.0000
2025-09-13 18:25:16,462 - INFO - Batch 910/2278: Loss=0.0001, Cls=0.0001, Reg=0.0000, Con=0.0000
2025-09-13 18:25:17,376 - INFO - Batch 920/2278: Loss=0.0000, Cls=0.0000, Reg=0.0000, Con=0.0000
2025-09-13 18:25:18,250 - INFO - Batch 930/2278: Loss=0.0000, Cls=0.0000, Reg=0.0000, Con=0.0000
2025-09-13 18:25:19,127 - INFO - Batch 940/2278: Loss=1.1884, Cls=0.0000, Reg=0.0000, Con=3.9613
2025-09-13 18:25:19,992 - INFO - Batch 950/2278: Loss=0.0000, Cls=0.0000, Reg=0.0000, Con=0.0000
2025-09-13 18:25:20,891 - INFO - Batch 960/2278: Loss=0.0000, Cls=0.0000, Reg=0.0000, Con=0.0000
2025-09-13 18:25:21,791 - INFO - Batch 970/2278: Loss=1.1882, Cls=0.0000, Reg=0.0000, Con=3.9608
2025-09-13 18:25:22,679 - INFO - Batch 980/2278: Loss=1.1886, Cls=0.0003, Reg=0.0000, Con=3.9609
2025-09-13 18:25:23,563 - INFO - Batch 990/2278: Loss=1.1883, Cls=0.0000, Reg=0.0000, Con=3.9609
2025-09-13 18:25:24,432 - INFO - Batch 1000/2278: Loss=2.2798, Cls=1.0915, Reg=0.0000, Con=3.9610
2025-09-13 18:25:25,331 - INFO - Batch 1010/2278: Loss=1.1882, Cls=0.0000, Reg=0.0000, Con=3.9608
2025-09-13 18:25:26,209 - INFO - Batch 1020/2278: Loss=1.1882, Cls=0.0000, Reg=0.0000, Con=3.9608
2025-09-13 18:25:27,104 - INFO - Batch 1030/2278: Loss=0.0020, Cls=0.0020, Reg=0.0000, Con=0.0000
2025-09-13 18:25:27,995 - INFO - Batch 1040/2278: Loss=1.1884, Cls=0.0000, Reg=0.0000, Con=3.9613
2025-09-13 18:25:28,944 - INFO - Batch 1050/2278: Loss=0.0000, Cls=0.0000, Reg=0.0000, Con=0.0000
2025-09-13 18:25:29,859 - INFO - Batch 1060/2278: Loss=1.1895, Cls=0.0011, Reg=0.0000, Con=3.9611
2025-09-13 18:25:30,786 - INFO - Batch 1070/2278: Loss=1.1883, Cls=0.0000, Reg=0.0000, Con=3.9609
2025-09-13 18:25:31,669 - INFO - Batch 1080/2278: Loss=0.0000, Cls=0.0000, Reg=0.0000, Con=0.0000
2025-09-13 18:25:32,578 - INFO - Batch 1090/2278: Loss=1.1883, Cls=0.0000, Reg=0.0000, Con=3.9611
2025-09-13 18:25:33,463 - INFO - Batch 1100/2278: Loss=1.1885, Cls=0.0002, Reg=0.0000, Con=3.9611
2025-09-13 18:25:34,352 - INFO - Batch 1110/2278: Loss=0.0000, Cls=0.0000, Reg=0.0000, Con=0.0000
2025-09-13 18:25:35,271 - INFO - Batch 1120/2278: Loss=0.0001, Cls=0.0001, Reg=0.0000, Con=0.0000
2025-09-13 18:25:36,166 - INFO - Batch 1130/2278: Loss=0.0000, Cls=0.0000, Reg=0.0000, Con=0.0000
2025-09-13 18:25:37,065 - INFO - Batch 1140/2278: Loss=1.1885, Cls=0.0002, Reg=0.0000, Con=3.9609
2025-09-13 18:25:37,936 - INFO - Batch 1150/2278: Loss=0.0000, Cls=0.0000, Reg=0.0000, Con=0.0000
2025-09-13 18:25:38,851 - INFO - Batch 1160/2278: Loss=0.0004, Cls=0.0004, Reg=0.0000, Con=0.0000
2025-09-13 18:25:39,741 - INFO - Batch 1170/2278: Loss=1.1895, Cls=0.0013, Reg=0.0000, Con=3.9608
2025-09-13 18:25:40,661 - INFO - Batch 1180/2278: Loss=1.1884, Cls=0.0000, Reg=0.0000, Con=3.9613
2025-09-13 18:25:41,572 - INFO - Batch 1190/2278: Loss=1.1883, Cls=0.0000, Reg=0.0000, Con=3.9609
2025-09-13 18:25:42,468 - INFO - Batch 1200/2278: Loss=1.1883, Cls=0.0000, Reg=0.0000, Con=3.9611
2025-09-13 18:25:43,375 - INFO - Batch 1210/2278: Loss=1.1883, Cls=0.0000, Reg=0.0000, Con=3.9611
2025-09-13 18:25:44,270 - INFO - Batch 1220/2278: Loss=1.1883, Cls=0.0000, Reg=0.0000, Con=3.9609
2025-09-13 18:25:45,169 - INFO - Batch 1230/2278: Loss=0.0000, Cls=0.0000, Reg=0.0000, Con=0.0000
2025-09-13 18:25:46,053 - INFO - Batch 1240/2278: Loss=1.1882, Cls=0.0000, Reg=0.0000, Con=3.9608
2025-09-13 18:25:46,965 - INFO - Batch 1250/2278: Loss=1.1883, Cls=0.0000, Reg=0.0000, Con=3.9609
2025-09-13 18:25:47,850 - INFO - Batch 1260/2278: Loss=0.0000, Cls=0.0000, Reg=0.0000, Con=0.0000
2025-09-13 18:25:48,870 - INFO - Batch 1270/2278: Loss=1.1885, Cls=0.0002, Reg=0.0000, Con=3.9610
2025-09-13 18:25:49,763 - INFO - Batch 1280/2278: Loss=1.1882, Cls=0.0000, Reg=0.0000, Con=3.9607
2025-09-13 18:25:50,748 - INFO - Batch 1290/2278: Loss=0.0000, Cls=0.0000, Reg=0.0000, Con=0.0000
2025-09-13 18:25:51,642 - INFO - Batch 1300/2278: Loss=0.0002, Cls=0.0002, Reg=0.0000, Con=0.0000
2025-09-13 18:25:52,602 - INFO - Batch 1310/2278: Loss=1.3618, Cls=0.1736, Reg=0.0000, Con=3.9608
2025-09-13 18:25:53,495 - INFO - Batch 1320/2278: Loss=1.1883, Cls=0.0000, Reg=0.0000, Con=3.9610
2025-09-13 18:25:54,364 - INFO - Batch 1330/2278: Loss=1.1890, Cls=0.0007, Reg=0.0000, Con=3.9610
2025-09-13 18:25:55,235 - INFO - Batch 1340/2278: Loss=1.1882, Cls=0.0000, Reg=0.0000, Con=3.9608
2025-09-13 18:25:56,147 - INFO - Batch 1350/2278: Loss=1.1882, Cls=0.0000, Reg=0.0000, Con=3.9608
2025-09-13 18:25:57,051 - INFO - Batch 1360/2278: Loss=1.1884, Cls=0.0000, Reg=0.0000, Con=3.9612
2025-09-13 18:25:57,934 - INFO - Batch 1370/2278: Loss=6.8008, Cls=5.6125, Reg=0.0000, Con=3.9610
2025-09-13 18:25:58,847 - INFO - Batch 1380/2278: Loss=1.1884, Cls=0.0001, Reg=0.0000, Con=3.9608
2025-09-13 18:25:59,761 - INFO - Batch 1390/2278: Loss=1.1883, Cls=0.0000, Reg=0.0000, Con=3.9610
2025-09-13 18:26:00,686 - INFO - Batch 1400/2278: Loss=1.1884, Cls=0.0000, Reg=0.0000, Con=3.9615
2025-09-13 18:26:01,585 - INFO - Batch 1410/2278: Loss=0.0000, Cls=0.0000, Reg=0.0000, Con=0.0000
2025-09-13 18:26:02,491 - INFO - Batch 1420/2278: Loss=1.1883, Cls=0.0000, Reg=0.0000, Con=3.9610
2025-09-13 18:26:03,376 - INFO - Batch 1430/2278: Loss=0.0000, Cls=0.0000, Reg=0.0000, Con=0.0000
2025-09-13 18:26:04,305 - INFO - Batch 1440/2278: Loss=1.2072, Cls=0.0190, Reg=0.0000, Con=3.9606
2025-09-13 18:26:05,265 - INFO - Batch 1450/2278: Loss=0.0000, Cls=0.0000, Reg=0.0000, Con=0.0000
2025-09-13 18:26:06,179 - INFO - Batch 1460/2278: Loss=0.0002, Cls=0.0002, Reg=0.0000, Con=0.0000
2025-09-13 18:26:07,092 - INFO - Batch 1470/2278: Loss=1.1882, Cls=0.0000, Reg=0.0000, Con=3.9607
2025-09-13 18:26:07,965 - INFO - Batch 1480/2278: Loss=1.1902, Cls=0.0019, Reg=0.0000, Con=3.9608
2025-09-13 18:26:08,877 - INFO - Batch 1490/2278: Loss=0.0000, Cls=0.0000, Reg=0.0000, Con=0.0000
2025-09-13 18:26:09,764 - INFO - Batch 1500/2278: Loss=1.1888, Cls=0.0005, Reg=0.0000, Con=3.9610
2025-09-13 18:26:10,708 - INFO - Batch 1510/2278: Loss=1.2198, Cls=0.0316, Reg=0.0000, Con=3.9609
2025-09-13 18:26:11,740 - INFO - Batch 1520/2278: Loss=0.0007, Cls=0.0007, Reg=0.0000, Con=0.0000
2025-09-13 18:26:12,792 - INFO - Batch 1530/2278: Loss=1.1882, Cls=0.0000, Reg=0.0000, Con=3.9608
2025-09-13 18:26:13,761 - INFO - Batch 1540/2278: Loss=1.1966, Cls=0.0083, Reg=0.0000, Con=3.9610
2025-09-13 18:26:14,665 - INFO - Batch 1550/2278: Loss=1.1883, Cls=0.0000, Reg=0.0000, Con=3.9611
2025-09-13 18:26:15,558 - INFO - Batch 1560/2278: Loss=1.1883, Cls=0.0000, Reg=0.0000, Con=3.9608
2025-09-13 18:26:16,461 - INFO - Batch 1570/2278: Loss=0.0003, Cls=0.0003, Reg=0.0000, Con=0.0000
2025-09-13 18:26:17,377 - INFO - Batch 1580/2278: Loss=1.1882, Cls=0.0000, Reg=0.0000, Con=3.9608
2025-09-13 18:26:18,289 - INFO - Batch 1590/2278: Loss=0.4307, Cls=0.4307, Reg=0.0000, Con=0.0000
2025-09-13 18:26:19,193 - INFO - Batch 1600/2278: Loss=1.1882, Cls=0.0000, Reg=0.0000, Con=3.9608
2025-09-13 18:26:20,073 - INFO - Batch 1610/2278: Loss=0.0000, Cls=0.0000, Reg=0.0000, Con=0.0000
2025-09-13 18:26:21,018 - INFO - Batch 1620/2278: Loss=1.1882, Cls=0.0000, Reg=0.0000, Con=3.9608
2025-09-13 18:26:21,927 - INFO - Batch 1630/2278: Loss=1.1883, Cls=0.0000, Reg=0.0000, Con=3.9610
2025-09-13 18:26:22,868 - INFO - Batch 1640/2278: Loss=0.0000, Cls=0.0000, Reg=0.0000, Con=0.0000
2025-09-13 18:26:23,786 - INFO - Batch 1650/2278: Loss=1.1883, Cls=0.0000, Reg=0.0000, Con=3.9609
2025-09-13 18:26:24,708 - INFO - Batch 1660/2278: Loss=1.1884, Cls=0.0000, Reg=0.0000, Con=3.9613
2025-09-13 18:26:25,592 - INFO - Batch 1670/2278: Loss=1.1883, Cls=0.0000, Reg=0.0000, Con=3.9609
2025-09-13 18:26:26,491 - INFO - Batch 1680/2278: Loss=1.1882, Cls=0.0000, Reg=0.0000, Con=3.9607
2025-09-13 18:26:27,344 - INFO - Batch 1690/2278: Loss=1.1883, Cls=0.0000, Reg=0.0000, Con=3.9610
2025-09-13 18:26:28,242 - INFO - Batch 1700/2278: Loss=1.1883, Cls=0.0000, Reg=0.0000, Con=3.9608
2025-09-13 18:26:29,132 - INFO - Batch 1710/2278: Loss=0.0000, Cls=0.0000, Reg=0.0000, Con=0.0000
2025-09-13 18:26:30,021 - INFO - Batch 1720/2278: Loss=0.0000, Cls=0.0000, Reg=0.0000, Con=0.0000
2025-09-13 18:26:30,897 - INFO - Batch 1730/2278: Loss=1.1883, Cls=0.0000, Reg=0.0000, Con=3.9608
2025-09-13 18:26:31,786 - INFO - Batch 1740/2278: Loss=1.1913, Cls=0.0031, Reg=0.0000, Con=3.9609
2025-09-13 18:26:32,665 - INFO - Batch 1750/2278: Loss=0.0000, Cls=0.0000, Reg=0.0000, Con=0.0000
2025-09-13 18:26:33,551 - INFO - Batch 1760/2278: Loss=1.1884, Cls=0.0000, Reg=0.0000, Con=3.9612
2025-09-13 18:26:34,458 - INFO - Batch 1770/2278: Loss=0.0000, Cls=0.0000, Reg=0.0000, Con=0.0000
2025-09-13 18:26:35,362 - INFO - Batch 1780/2278: Loss=0.0008, Cls=0.0008, Reg=0.0000, Con=0.0000
2025-09-13 18:26:36,258 - INFO - Batch 1790/2278: Loss=5.7719, Cls=5.7719, Reg=0.0000, Con=0.0000
2025-09-13 18:26:37,157 - INFO - Batch 1800/2278: Loss=1.1882, Cls=0.0000, Reg=0.0000, Con=3.9607
2025-09-13 18:26:38,032 - INFO - Batch 1810/2278: Loss=0.0047, Cls=0.0047, Reg=0.0000, Con=0.0000
2025-09-13 18:26:38,910 - INFO - Batch 1820/2278: Loss=0.0000, Cls=0.0000, Reg=0.0000, Con=0.0000
2025-09-13 18:26:39,792 - INFO - Batch 1830/2278: Loss=1.1882, Cls=0.0000, Reg=0.0000, Con=3.9608
2025-09-13 18:26:40,695 - INFO - Batch 1840/2278: Loss=0.0000, Cls=0.0000, Reg=0.0000, Con=0.0000
2025-09-13 18:26:41,609 - INFO - Batch 1850/2278: Loss=1.1883, Cls=0.0000, Reg=0.0000, Con=3.9609
2025-09-13 18:26:42,534 - INFO - Batch 1860/2278: Loss=1.1882, Cls=0.0000, Reg=0.0000, Con=3.9607
2025-09-13 18:26:43,561 - INFO - Batch 1870/2278: Loss=0.0052, Cls=0.0052, Reg=0.0000, Con=0.0000
2025-09-13 18:26:44,550 - INFO - Batch 1880/2278: Loss=1.1946, Cls=0.0063, Reg=0.0000, Con=3.9608
2025-09-13 18:26:45,461 - INFO - Batch 1890/2278: Loss=0.0000, Cls=0.0000, Reg=0.0000, Con=0.0000
2025-09-13 18:26:46,387 - INFO - Batch 1900/2278: Loss=0.0000, Cls=0.0000, Reg=0.0000, Con=0.0000
2025-09-13 18:26:47,268 - INFO - Batch 1910/2278: Loss=1.1883, Cls=0.0000, Reg=0.0000, Con=3.9610
2025-09-13 18:26:48,177 - INFO - Batch 1920/2278: Loss=0.0000, Cls=0.0000, Reg=0.0000, Con=0.0000
2025-09-13 18:26:49,088 - INFO - Batch 1930/2278: Loss=1.1883, Cls=0.0000, Reg=0.0000, Con=3.9611
2025-09-13 18:26:49,966 - INFO - Batch 1940/2278: Loss=1.1882, Cls=0.0000, Reg=0.0000, Con=3.9607
2025-09-13 18:26:50,834 - INFO - Batch 1950/2278: Loss=1.1883, Cls=0.0000, Reg=0.0000, Con=3.9609
2025-09-13 18:26:51,719 - INFO - Batch 1960/2278: Loss=1.1883, Cls=0.0000, Reg=0.0000, Con=3.9610
2025-09-13 18:26:52,595 - INFO - Batch 1970/2278: Loss=0.0000, Cls=0.0000, Reg=0.0000, Con=0.0000
2025-09-13 18:26:53,530 - INFO - Batch 1980/2278: Loss=1.1883, Cls=0.0000, Reg=0.0000, Con=3.9610
2025-09-13 18:26:54,412 - INFO - Batch 1990/2278: Loss=1.1882, Cls=0.0000, Reg=0.0000, Con=3.9608
2025-09-13 18:26:55,344 - INFO - Batch 2000/2278: Loss=1.1883, Cls=0.0000, Reg=0.0000, Con=3.9610
2025-09-13 18:26:56,339 - INFO - Batch 2010/2278: Loss=1.1882, Cls=0.0000, Reg=0.0000, Con=3.9608
2025-09-13 18:26:57,282 - INFO - Batch 2020/2278: Loss=1.1882, Cls=0.0000, Reg=0.0000, Con=3.9608
2025-09-13 18:26:58,186 - INFO - Batch 2030/2278: Loss=1.1882, Cls=0.0000, Reg=0.0000, Con=3.9608
2025-09-13 18:26:59,083 - INFO - Batch 2040/2278: Loss=1.1883, Cls=0.0000, Reg=0.0000, Con=3.9610
2025-09-13 18:26:59,996 - INFO - Batch 2050/2278: Loss=0.0000, Cls=0.0000, Reg=0.0000, Con=0.0000
2025-09-13 18:27:00,885 - INFO - Batch 2060/2278: Loss=1.1918, Cls=0.0035, Reg=0.0000, Con=3.9609
2025-09-13 18:27:01,792 - INFO - Batch 2070/2278: Loss=0.0002, Cls=0.0002, Reg=0.0000, Con=0.0000
2025-09-13 18:27:02,676 - INFO - Batch 2080/2278: Loss=1.1884, Cls=0.0000, Reg=0.0000, Con=3.9613
2025-09-13 18:27:03,566 - INFO - Batch 2090/2278: Loss=1.1882, Cls=0.0000, Reg=0.0000, Con=3.9607
2025-09-13 18:27:04,482 - INFO - Batch 2100/2278: Loss=1.1886, Cls=0.0000, Reg=0.0000, Con=3.9619
2025-09-13 18:27:05,357 - INFO - Batch 2110/2278: Loss=1.1883, Cls=0.0000, Reg=0.0000, Con=3.9609
2025-09-13 18:27:06,278 - INFO - Batch 2120/2278: Loss=0.0000, Cls=0.0000, Reg=0.0000, Con=0.0000
2025-09-13 18:27:07,175 - INFO - Batch 2130/2278: Loss=0.0000, Cls=0.0000, Reg=0.0000, Con=0.0000
2025-09-13 18:27:08,061 - INFO - Batch 2140/2278: Loss=0.0067, Cls=0.0067, Reg=0.0000, Con=0.0000
2025-09-13 18:27:08,961 - INFO - Batch 2150/2278: Loss=1.1882, Cls=0.0000, Reg=0.0000, Con=3.9608
2025-09-13 18:27:09,863 - INFO - Batch 2160/2278: Loss=1.1883, Cls=0.0000, Reg=0.0000, Con=3.9609
2025-09-13 18:27:10,731 - INFO - Batch 2170/2278: Loss=1.1882, Cls=0.0000, Reg=0.0000, Con=3.9608
2025-09-13 18:27:11,613 - INFO - Batch 2180/2278: Loss=0.0000, Cls=0.0000, Reg=0.0000, Con=0.0000
2025-09-13 18:27:12,487 - INFO - Batch 2190/2278: Loss=1.1883, Cls=0.0000, Reg=0.0000, Con=3.9609
2025-09-13 18:27:13,390 - INFO - Batch 2200/2278: Loss=1.1882, Cls=0.0000, Reg=0.0000, Con=3.9608
2025-09-13 18:27:14,249 - INFO - Batch 2210/2278: Loss=0.0000, Cls=0.0000, Reg=0.0000, Con=0.0000
2025-09-13 18:27:15,160 - INFO - Batch 2220/2278: Loss=0.0000, Cls=0.0000, Reg=0.0000, Con=0.0000
2025-09-13 18:27:16,040 - INFO - Batch 2230/2278: Loss=1.1883, Cls=0.0000, Reg=0.0000, Con=3.9609
2025-09-13 18:27:16,925 - INFO - Batch 2240/2278: Loss=1.1885, Cls=0.0000, Reg=0.0000, Con=3.9617
2025-09-13 18:27:17,808 - INFO - Batch 2250/2278: Loss=1.1883, Cls=0.0000, Reg=0.0000, Con=3.9608
2025-09-13 18:27:18,696 - INFO - Batch 2260/2278: Loss=0.0000, Cls=0.0000, Reg=0.0000, Con=0.0000
2025-09-13 18:27:19,565 - INFO - Batch 2270/2278: Loss=0.0000, Cls=0.0000, Reg=0.0000, Con=0.0000
2025-09-13 18:30:47,065 - INFO - === Epoch 3 Results ===
2025-09-13 18:30:47,066 - INFO - Training Loss: 0.8750 (Classification: 0.0915, Regression: 0.0000)
2025-09-13 18:30:47,066 - INFO - Validation Loss: 0.0204 (Classification: 0.0204, Regression: 0.0000)
2025-09-13 18:30:47,066 - INFO - Average Classification Accuracy: 0.9581 (on 1/26 tasks)
2025-09-13 18:30:47,066 - INFO - Average AUC: 0.9862
2025-09-13 18:30:49,895 - INFO - Best model saved to: experiments/r1c3_single_cls_4_seed_42_20250913_181015/checkpoints/r1c3_single_cls_4_seed_42_best.pth
2025-09-13 18:30:49,896 - INFO - Training finished!
2025-09-13 18:30:49,896 - INFO - Performing final evaluation...
2025-09-13 18:30:50,146 - INFO - Loaded best model from: experiments/r1c3_single_cls_4_seed_42_20250913_181015/checkpoints/r1c3_single_cls_4_seed_42_best.pth
2025-09-13 18:34:11,446 - INFO - Final Validation Results:
2025-09-13 18:34:11,446 - INFO -   Total Loss: 0.0204
2025-09-13 18:34:11,446 - INFO -   Classification Loss: 0.0204
2025-09-13 18:34:11,446 - INFO -   Regression Loss: 0.0000
2025-09-13 18:34:11,446 - INFO -   Average Classification Accuracy: 0.9581
2025-09-13 18:34:11,446 - INFO -   Average AUC: 0.9862
2025-09-13 18:34:11,447 - INFO - Results saved to: experiments/r1c3_single_cls_4_seed_42_20250913_181015/checkpoints/r1c3_single_cls_4_seed_42_results.json
