2025-09-13 20:35:03,200 - INFO - 🔬 Starting experiment: r1c3_single_cls_20_seed_42
2025-09-13 20:35:03,200 - INFO - 📁 Experiment directory: experiments/r1c3_single_cls_20_seed_42_20250913_203503
2025-09-13 20:35:03,200 - INFO - 🎲 Random seed: 42
2025-09-13 20:35:03,200 - INFO - 🔒 Deterministic mode: True
2025-09-13 20:35:03,200 - INFO - Using device: cuda
2025-09-13 20:35:03,200 - INFO - Total GPU Memory: 25.16 GB
2025-09-13 20:35:03,218 - INFO - 🧪 Fusion: Using cross-attention dynamic fusion
2025-09-13 20:35:03,218 - INFO - 🧪 GNN Backbone: Using default GraphAttentionNetwork branch
2025-09-13 20:35:03,218 - INFO - 🎯 Task Mode: Single classification endpoint 20
2025-09-13 20:35:03,219 - INFO - Configuration saved to: experiments/r1c3_single_cls_20_seed_42_20250913_203503/checkpoints/config.json
2025-09-13 20:35:03,219 - INFO - 🚀 Using preprocessed data from: data/data/processed
2025-09-13 20:35:03,219 - INFO - Loading LMDB dataset from: data/data/processed
2025-09-13 20:35:03,581 - INFO - Number of training batches: 2278
2025-09-13 20:35:03,581 - INFO - Number of validation batches: 2278
2025-09-13 20:35:03,581 - INFO - Number of test batches: 2278
2025-09-13 20:35:03,581 - INFO - Creating ToxD4C model...
2025-09-13 20:35:04,604 - INFO - Model created successfully. Total parameters: 100,932,036
2025-09-13 20:35:04,604 - INFO - Testing model forward pass...
2025-09-13 20:35:05,040 - INFO - Test output shapes:
2025-09-13 20:35:05,040 - INFO -   classification: torch.Size([16, 1])
2025-09-13 20:35:05,043 - INFO -   classification contains NaN: False
2025-09-13 20:35:05,043 - INFO -   classification contains Inf: False
2025-09-13 20:35:05,043 - INFO -   regression: torch.Size([16, 0])
2025-09-13 20:35:05,043 - INFO -   regression contains NaN: False
2025-09-13 20:35:05,043 - INFO -   regression contains Inf: False
2025-09-13 20:35:05,043 - INFO - Model forward pass test successful!
2025-09-13 20:35:05,769 - INFO - 🔁 Loaded checkpoint from: experiments/r1c3_multi_full_seed_42_20250913_152627/checkpoints/r1c3_multi_full_seed_42_best.pth
2025-09-13 20:35:05,770 - INFO - 🧩 Head-only fine-tuning: unfroze head for task 'NR-PPAR-gamma' and froze trunk.
2025-09-13 20:35:05,771 - INFO - Starting training...
2025-09-13 20:35:05,771 - INFO - 
Epoch 1/3
2025-09-13 20:35:05,936 - INFO - Batch 0/2278: Loss=0.0020, Cls=0.0020, Reg=0.0000, Con=0.0000
2025-09-13 20:35:06,802 - INFO - Batch 10/2278: Loss=0.0097, Cls=0.0097, Reg=0.0000, Con=0.0000
2025-09-13 20:35:07,686 - INFO - Batch 20/2278: Loss=1.1883, Cls=0.0000, Reg=0.0000, Con=3.9610
2025-09-13 20:35:08,568 - INFO - Batch 30/2278: Loss=0.0000, Cls=0.0000, Reg=0.0000, Con=0.0000
2025-09-13 20:35:09,492 - INFO - Batch 40/2278: Loss=0.0038, Cls=0.0038, Reg=0.0000, Con=0.0000
2025-09-13 20:35:10,370 - INFO - Batch 50/2278: Loss=1.1898, Cls=0.0015, Reg=0.0000, Con=3.9609
2025-09-13 20:35:11,275 - INFO - Batch 60/2278: Loss=1.1900, Cls=0.0017, Reg=0.0000, Con=3.9609
2025-09-13 20:35:12,183 - INFO - Batch 70/2278: Loss=1.1882, Cls=0.0000, Reg=0.0000, Con=3.9608
2025-09-13 20:35:13,065 - INFO - Batch 80/2278: Loss=0.0003, Cls=0.0003, Reg=0.0000, Con=0.0000
2025-09-13 20:35:13,958 - INFO - Batch 90/2278: Loss=0.0125, Cls=0.0125, Reg=0.0000, Con=0.0000
2025-09-13 20:35:14,861 - INFO - Batch 100/2278: Loss=0.0057, Cls=0.0057, Reg=0.0000, Con=0.0000
2025-09-13 20:35:15,757 - INFO - Batch 110/2278: Loss=1.4030, Cls=1.4030, Reg=0.0000, Con=0.0000
2025-09-13 20:35:16,617 - INFO - Batch 120/2278: Loss=1.1885, Cls=0.0002, Reg=0.0000, Con=3.9609
2025-09-13 20:35:17,514 - INFO - Batch 130/2278: Loss=1.1890, Cls=0.0008, Reg=0.0000, Con=3.9609
2025-09-13 20:35:18,388 - INFO - Batch 140/2278: Loss=1.1908, Cls=0.0024, Reg=0.0000, Con=3.9615
2025-09-13 20:35:19,270 - INFO - Batch 150/2278: Loss=1.9297, Cls=0.7413, Reg=0.0000, Con=3.9613
2025-09-13 20:35:20,144 - INFO - Batch 160/2278: Loss=1.1887, Cls=0.0004, Reg=0.0000, Con=3.9611
2025-09-13 20:35:21,011 - INFO - Batch 170/2278: Loss=1.2059, Cls=0.0175, Reg=0.0000, Con=3.9611
2025-09-13 20:35:21,904 - INFO - Batch 180/2278: Loss=1.1899, Cls=0.0016, Reg=0.0000, Con=3.9610
2025-09-13 20:35:22,763 - INFO - Batch 190/2278: Loss=1.5085, Cls=0.3203, Reg=0.0000, Con=3.9608
2025-09-13 20:35:23,622 - INFO - Batch 200/2278: Loss=0.0013, Cls=0.0013, Reg=0.0000, Con=0.0000
2025-09-13 20:35:24,499 - INFO - Batch 210/2278: Loss=0.0000, Cls=0.0000, Reg=0.0000, Con=0.0000
2025-09-13 20:35:25,394 - INFO - Batch 220/2278: Loss=0.0001, Cls=0.0001, Reg=0.0000, Con=0.0000
2025-09-13 20:35:26,282 - INFO - Batch 230/2278: Loss=1.1883, Cls=0.0000, Reg=0.0000, Con=3.9610
2025-09-13 20:35:27,175 - INFO - Batch 240/2278: Loss=1.1882, Cls=0.0000, Reg=0.0000, Con=3.9608
2025-09-13 20:35:28,040 - INFO - Batch 250/2278: Loss=0.0004, Cls=0.0004, Reg=0.0000, Con=0.0000
2025-09-13 20:35:28,913 - INFO - Batch 260/2278: Loss=0.0054, Cls=0.0054, Reg=0.0000, Con=0.0000
2025-09-13 20:35:29,805 - INFO - Batch 270/2278: Loss=0.0000, Cls=0.0000, Reg=0.0000, Con=0.0000
2025-09-13 20:35:30,676 - INFO - Batch 280/2278: Loss=1.1884, Cls=0.0001, Reg=0.0000, Con=3.9611
2025-09-13 20:35:31,556 - INFO - Batch 290/2278: Loss=0.0005, Cls=0.0005, Reg=0.0000, Con=0.0000
2025-09-13 20:35:32,464 - INFO - Batch 300/2278: Loss=1.1884, Cls=0.0001, Reg=0.0000, Con=3.9609
2025-09-13 20:35:33,351 - INFO - Batch 310/2278: Loss=1.1884, Cls=0.0000, Reg=0.0000, Con=3.9612
2025-09-13 20:35:34,234 - INFO - Batch 320/2278: Loss=1.3820, Cls=1.3820, Reg=0.0000, Con=0.0000
2025-09-13 20:35:35,116 - INFO - Batch 330/2278: Loss=1.2080, Cls=0.0197, Reg=0.0000, Con=3.9609
2025-09-13 20:35:35,992 - INFO - Batch 340/2278: Loss=1.2160, Cls=0.0276, Reg=0.0000, Con=3.9610
2025-09-13 20:35:36,882 - INFO - Batch 350/2278: Loss=1.1883, Cls=0.0000, Reg=0.0000, Con=3.9611
2025-09-13 20:35:37,733 - INFO - Batch 360/2278: Loss=1.1882, Cls=0.0000, Reg=0.0000, Con=3.9607
2025-09-13 20:35:38,610 - INFO - Batch 370/2278: Loss=1.1884, Cls=0.0001, Reg=0.0000, Con=3.9609
2025-09-13 20:35:39,472 - INFO - Batch 380/2278: Loss=1.1883, Cls=0.0001, Reg=0.0000, Con=3.9607
2025-09-13 20:35:40,347 - INFO - Batch 390/2278: Loss=1.1882, Cls=0.0000, Reg=0.0000, Con=3.9607
2025-09-13 20:35:41,239 - INFO - Batch 400/2278: Loss=0.0039, Cls=0.0039, Reg=0.0000, Con=0.0000
2025-09-13 20:35:42,108 - INFO - Batch 410/2278: Loss=0.0007, Cls=0.0007, Reg=0.0000, Con=0.0000
2025-09-13 20:35:42,995 - INFO - Batch 420/2278: Loss=0.0239, Cls=0.0239, Reg=0.0000, Con=0.0000
2025-09-13 20:35:43,877 - INFO - Batch 430/2278: Loss=1.1884, Cls=0.0001, Reg=0.0000, Con=3.9607
2025-09-13 20:35:44,743 - INFO - Batch 440/2278: Loss=1.1884, Cls=0.0002, Reg=0.0000, Con=3.9608
2025-09-13 20:35:45,597 - INFO - Batch 450/2278: Loss=1.1900, Cls=0.0018, Reg=0.0000, Con=3.9607
2025-09-13 20:35:46,450 - INFO - Batch 460/2278: Loss=1.1949, Cls=0.0067, Reg=0.0000, Con=3.9607
2025-09-13 20:35:47,360 - INFO - Batch 470/2278: Loss=1.1885, Cls=0.0002, Reg=0.0000, Con=3.9611
2025-09-13 20:35:48,248 - INFO - Batch 480/2278: Loss=1.1890, Cls=0.0008, Reg=0.0000, Con=3.9607
2025-09-13 20:35:49,115 - INFO - Batch 490/2278: Loss=0.0000, Cls=0.0000, Reg=0.0000, Con=0.0000
2025-09-13 20:35:49,965 - INFO - Batch 500/2278: Loss=0.0000, Cls=0.0000, Reg=0.0000, Con=0.0000
2025-09-13 20:35:50,833 - INFO - Batch 510/2278: Loss=1.1883, Cls=0.0000, Reg=0.0000, Con=3.9609
2025-09-13 20:35:51,731 - INFO - Batch 520/2278: Loss=1.1883, Cls=0.0000, Reg=0.0000, Con=3.9608
2025-09-13 20:35:52,604 - INFO - Batch 530/2278: Loss=6.9844, Cls=5.7962, Reg=0.0000, Con=3.9608
2025-09-13 20:35:53,495 - INFO - Batch 540/2278: Loss=1.2024, Cls=0.0141, Reg=0.0000, Con=3.9610
2025-09-13 20:35:54,339 - INFO - Batch 550/2278: Loss=1.1882, Cls=0.0000, Reg=0.0000, Con=3.9607
2025-09-13 20:35:55,202 - INFO - Batch 560/2278: Loss=1.1883, Cls=0.0000, Reg=0.0000, Con=3.9609
2025-09-13 20:35:56,098 - INFO - Batch 570/2278: Loss=1.1964, Cls=0.0081, Reg=0.0000, Con=3.9608
2025-09-13 20:35:56,979 - INFO - Batch 580/2278: Loss=0.0041, Cls=0.0041, Reg=0.0000, Con=0.0000
2025-09-13 20:35:57,859 - INFO - Batch 590/2278: Loss=0.0111, Cls=0.0111, Reg=0.0000, Con=0.0000
2025-09-13 20:35:58,749 - INFO - Batch 600/2278: Loss=1.1883, Cls=0.0001, Reg=0.0000, Con=3.9609
2025-09-13 20:35:59,606 - INFO - Batch 610/2278: Loss=1.1883, Cls=0.0001, Reg=0.0000, Con=3.9609
2025-09-13 20:36:00,474 - INFO - Batch 620/2278: Loss=1.1885, Cls=0.0003, Reg=0.0000, Con=3.9608
2025-09-13 20:36:01,345 - INFO - Batch 630/2278: Loss=0.0005, Cls=0.0005, Reg=0.0000, Con=0.0000
2025-09-13 20:36:02,240 - INFO - Batch 640/2278: Loss=1.1899, Cls=0.0017, Reg=0.0000, Con=3.9608
2025-09-13 20:36:03,112 - INFO - Batch 650/2278: Loss=1.1884, Cls=0.0000, Reg=0.0000, Con=3.9613
2025-09-13 20:36:03,990 - INFO - Batch 660/2278: Loss=1.1882, Cls=0.0000, Reg=0.0000, Con=3.9608
2025-09-13 20:36:04,859 - INFO - Batch 670/2278: Loss=1.1883, Cls=0.0000, Reg=0.0000, Con=3.9608
2025-09-13 20:36:05,729 - INFO - Batch 680/2278: Loss=1.1882, Cls=0.0000, Reg=0.0000, Con=3.9608
2025-09-13 20:36:06,830 - INFO - Batch 690/2278: Loss=0.0001, Cls=0.0001, Reg=0.0000, Con=0.0000
2025-09-13 20:36:07,716 - INFO - Batch 700/2278: Loss=0.0001, Cls=0.0001, Reg=0.0000, Con=0.0000
2025-09-13 20:36:08,612 - INFO - Batch 710/2278: Loss=1.1882, Cls=0.0000, Reg=0.0000, Con=3.9607
2025-09-13 20:36:09,489 - INFO - Batch 720/2278: Loss=1.1883, Cls=0.0000, Reg=0.0000, Con=3.9609
2025-09-13 20:36:10,371 - INFO - Batch 730/2278: Loss=1.1884, Cls=0.0000, Reg=0.0000, Con=3.9613
2025-09-13 20:36:11,249 - INFO - Batch 740/2278: Loss=1.1885, Cls=0.0001, Reg=0.0000, Con=3.9610
2025-09-13 20:36:12,135 - INFO - Batch 750/2278: Loss=1.1883, Cls=0.0001, Reg=0.0000, Con=3.9609
2025-09-13 20:36:13,013 - INFO - Batch 760/2278: Loss=1.1883, Cls=0.0001, Reg=0.0000, Con=3.9608
2025-09-13 20:36:13,883 - INFO - Batch 770/2278: Loss=1.1889, Cls=0.0007, Reg=0.0000, Con=3.9610
2025-09-13 20:36:14,786 - INFO - Batch 780/2278: Loss=1.1895, Cls=0.0012, Reg=0.0000, Con=3.9608
2025-09-13 20:36:15,658 - INFO - Batch 790/2278: Loss=0.3308, Cls=0.3308, Reg=0.0000, Con=0.0000
2025-09-13 20:36:16,542 - INFO - Batch 800/2278: Loss=1.1903, Cls=0.0019, Reg=0.0000, Con=3.9612
2025-09-13 20:36:17,412 - INFO - Batch 810/2278: Loss=1.1892, Cls=0.0008, Reg=0.0000, Con=3.9612
2025-09-13 20:36:18,317 - INFO - Batch 820/2278: Loss=1.1883, Cls=0.0000, Reg=0.0000, Con=3.9609
2025-09-13 20:36:19,214 - INFO - Batch 830/2278: Loss=1.2022, Cls=0.0139, Reg=0.0000, Con=3.9609
2025-09-13 20:36:20,084 - INFO - Batch 840/2278: Loss=1.1938, Cls=0.0056, Reg=0.0000, Con=3.9608
2025-09-13 20:36:20,966 - INFO - Batch 850/2278: Loss=0.0026, Cls=0.0026, Reg=0.0000, Con=0.0000
2025-09-13 20:36:21,835 - INFO - Batch 860/2278: Loss=1.1905, Cls=0.0023, Reg=0.0000, Con=3.9607
2025-09-13 20:36:22,699 - INFO - Batch 870/2278: Loss=0.0018, Cls=0.0018, Reg=0.0000, Con=0.0000
2025-09-13 20:36:23,594 - INFO - Batch 880/2278: Loss=0.0039, Cls=0.0039, Reg=0.0000, Con=0.0000
2025-09-13 20:36:24,446 - INFO - Batch 890/2278: Loss=0.0009, Cls=0.0009, Reg=0.0000, Con=0.0000
2025-09-13 20:36:25,337 - INFO - Batch 900/2278: Loss=1.1896, Cls=0.0014, Reg=0.0000, Con=3.9609
2025-09-13 20:36:26,225 - INFO - Batch 910/2278: Loss=1.1992, Cls=0.0109, Reg=0.0000, Con=3.9609
2025-09-13 20:36:27,081 - INFO - Batch 920/2278: Loss=1.1889, Cls=0.0006, Reg=0.0000, Con=3.9610
2025-09-13 20:36:27,963 - INFO - Batch 930/2278: Loss=1.1927, Cls=0.0045, Reg=0.0000, Con=3.9608
2025-09-13 20:36:28,840 - INFO - Batch 940/2278: Loss=1.1975, Cls=0.0093, Reg=0.0000, Con=3.9609
2025-09-13 20:36:29,729 - INFO - Batch 950/2278: Loss=1.1883, Cls=0.0000, Reg=0.0000, Con=3.9611
2025-09-13 20:36:30,586 - INFO - Batch 960/2278: Loss=1.1933, Cls=0.0050, Reg=0.0000, Con=3.9609
2025-09-13 20:36:31,470 - INFO - Batch 970/2278: Loss=1.1925, Cls=0.0041, Reg=0.0000, Con=3.9612
2025-09-13 20:36:32,340 - INFO - Batch 980/2278: Loss=0.0024, Cls=0.0024, Reg=0.0000, Con=0.0000
2025-09-13 20:36:33,213 - INFO - Batch 990/2278: Loss=0.0000, Cls=0.0000, Reg=0.0000, Con=0.0000
2025-09-13 20:36:34,076 - INFO - Batch 1000/2278: Loss=1.3307, Cls=0.1424, Reg=0.0000, Con=3.9609
2025-09-13 20:36:34,973 - INFO - Batch 1010/2278: Loss=1.1883, Cls=0.0000, Reg=0.0000, Con=3.9608
2025-09-13 20:36:35,858 - INFO - Batch 1020/2278: Loss=0.0031, Cls=0.0031, Reg=0.0000, Con=0.0000
2025-09-13 20:36:36,731 - INFO - Batch 1030/2278: Loss=1.1884, Cls=0.0001, Reg=0.0000, Con=3.9610
2025-09-13 20:36:37,609 - INFO - Batch 1040/2278: Loss=1.1891, Cls=0.0009, Reg=0.0000, Con=3.9607
2025-09-13 20:36:38,487 - INFO - Batch 1050/2278: Loss=1.1884, Cls=0.0001, Reg=0.0000, Con=3.9609
2025-09-13 20:36:39,354 - INFO - Batch 1060/2278: Loss=1.1885, Cls=0.0002, Reg=0.0000, Con=3.9608
2025-09-13 20:36:40,237 - INFO - Batch 1070/2278: Loss=1.1883, Cls=0.0001, Reg=0.0000, Con=3.9608
2025-09-13 20:36:41,125 - INFO - Batch 1080/2278: Loss=0.0030, Cls=0.0030, Reg=0.0000, Con=0.0000
2025-09-13 20:36:42,036 - INFO - Batch 1090/2278: Loss=1.1884, Cls=0.0002, Reg=0.0000, Con=3.9609
2025-09-13 20:36:42,921 - INFO - Batch 1100/2278: Loss=0.0718, Cls=0.0718, Reg=0.0000, Con=0.0000
2025-09-13 20:36:43,814 - INFO - Batch 1110/2278: Loss=1.1884, Cls=0.0001, Reg=0.0000, Con=3.9608
2025-09-13 20:36:44,681 - INFO - Batch 1120/2278: Loss=0.0036, Cls=0.0036, Reg=0.0000, Con=0.0000
2025-09-13 20:36:45,583 - INFO - Batch 1130/2278: Loss=1.1887, Cls=0.0004, Reg=0.0000, Con=3.9608
2025-09-13 20:36:46,451 - INFO - Batch 1140/2278: Loss=1.1883, Cls=0.0001, Reg=0.0000, Con=3.9608
2025-09-13 20:36:47,315 - INFO - Batch 1150/2278: Loss=1.1884, Cls=0.0001, Reg=0.0000, Con=3.9611
2025-09-13 20:36:48,190 - INFO - Batch 1160/2278: Loss=2.0879, Cls=0.8996, Reg=0.0000, Con=3.9609
2025-09-13 20:36:49,052 - INFO - Batch 1170/2278: Loss=0.0041, Cls=0.0041, Reg=0.0000, Con=0.0000
2025-09-13 20:36:49,915 - INFO - Batch 1180/2278: Loss=1.1935, Cls=0.0053, Reg=0.0000, Con=3.9609
2025-09-13 20:36:50,797 - INFO - Batch 1190/2278: Loss=1.1886, Cls=0.0003, Reg=0.0000, Con=3.9609
2025-09-13 20:36:51,677 - INFO - Batch 1200/2278: Loss=0.0005, Cls=0.0005, Reg=0.0000, Con=0.0000
2025-09-13 20:36:52,558 - INFO - Batch 1210/2278: Loss=1.1905, Cls=0.0022, Reg=0.0000, Con=3.9610
2025-09-13 20:36:53,433 - INFO - Batch 1220/2278: Loss=0.0117, Cls=0.0117, Reg=0.0000, Con=0.0000
2025-09-13 20:36:54,314 - INFO - Batch 1230/2278: Loss=1.1883, Cls=0.0000, Reg=0.0000, Con=3.9609
2025-09-13 20:36:55,221 - INFO - Batch 1240/2278: Loss=1.1883, Cls=0.0000, Reg=0.0000, Con=3.9609
2025-09-13 20:36:56,100 - INFO - Batch 1250/2278: Loss=0.0000, Cls=0.0000, Reg=0.0000, Con=0.0000
2025-09-13 20:36:56,980 - INFO - Batch 1260/2278: Loss=1.1883, Cls=0.0000, Reg=0.0000, Con=3.9608
2025-09-13 20:36:57,865 - INFO - Batch 1270/2278: Loss=1.1883, Cls=0.0000, Reg=0.0000, Con=3.9609
2025-09-13 20:36:58,730 - INFO - Batch 1280/2278: Loss=0.0002, Cls=0.0002, Reg=0.0000, Con=0.0000
2025-09-13 20:36:59,616 - INFO - Batch 1290/2278: Loss=0.0007, Cls=0.0007, Reg=0.0000, Con=0.0000
2025-09-13 20:37:00,507 - INFO - Batch 1300/2278: Loss=1.1883, Cls=0.0000, Reg=0.0000, Con=3.9610
2025-09-13 20:37:01,400 - INFO - Batch 1310/2278: Loss=3.0075, Cls=1.8191, Reg=0.0000, Con=3.9611
2025-09-13 20:37:02,322 - INFO - Batch 1320/2278: Loss=0.0000, Cls=0.0000, Reg=0.0000, Con=0.0000
2025-09-13 20:37:03,198 - INFO - Batch 1330/2278: Loss=1.1885, Cls=0.0001, Reg=0.0000, Con=3.9613
2025-09-13 20:37:04,077 - INFO - Batch 1340/2278: Loss=1.1882, Cls=0.0000, Reg=0.0000, Con=3.9608
2025-09-13 20:37:05,023 - INFO - Batch 1350/2278: Loss=0.0028, Cls=0.0028, Reg=0.0000, Con=0.0000
2025-09-13 20:37:06,005 - INFO - Batch 1360/2278: Loss=1.1998, Cls=0.0115, Reg=0.0000, Con=3.9610
2025-09-13 20:37:06,908 - INFO - Batch 1370/2278: Loss=1.1882, Cls=0.0000, Reg=0.0000, Con=3.9608
2025-09-13 20:37:07,809 - INFO - Batch 1380/2278: Loss=1.1882, Cls=0.0000, Reg=0.0000, Con=3.9608
2025-09-13 20:37:08,674 - INFO - Batch 1390/2278: Loss=1.1883, Cls=0.0001, Reg=0.0000, Con=3.9608
2025-09-13 20:37:09,633 - INFO - Batch 1400/2278: Loss=1.1883, Cls=0.0000, Reg=0.0000, Con=3.9609
2025-09-13 20:37:10,621 - INFO - Batch 1410/2278: Loss=1.1926, Cls=0.0043, Reg=0.0000, Con=3.9612
2025-09-13 20:37:11,520 - INFO - Batch 1420/2278: Loss=0.0247, Cls=0.0247, Reg=0.0000, Con=0.0000
2025-09-13 20:37:12,390 - INFO - Batch 1430/2278: Loss=1.1890, Cls=0.0008, Reg=0.0000, Con=3.9609
2025-09-13 20:37:13,293 - INFO - Batch 1440/2278: Loss=1.1883, Cls=0.0000, Reg=0.0000, Con=3.9609
2025-09-13 20:37:14,177 - INFO - Batch 1450/2278: Loss=1.1893, Cls=0.0011, Reg=0.0000, Con=3.9608
2025-09-13 20:37:15,080 - INFO - Batch 1460/2278: Loss=0.0004, Cls=0.0004, Reg=0.0000, Con=0.0000
2025-09-13 20:37:15,982 - INFO - Batch 1470/2278: Loss=1.1884, Cls=0.0001, Reg=0.0000, Con=3.9609
2025-09-13 20:37:16,869 - INFO - Batch 1480/2278: Loss=1.1886, Cls=0.0004, Reg=0.0000, Con=3.9607
2025-09-13 20:37:17,765 - INFO - Batch 1490/2278: Loss=1.1898, Cls=0.0015, Reg=0.0000, Con=3.9609
2025-09-13 20:37:18,650 - INFO - Batch 1500/2278: Loss=1.1883, Cls=0.0000, Reg=0.0000, Con=3.9609
2025-09-13 20:37:19,545 - INFO - Batch 1510/2278: Loss=0.0000, Cls=0.0000, Reg=0.0000, Con=0.0000
2025-09-13 20:37:20,442 - INFO - Batch 1520/2278: Loss=1.1889, Cls=0.0006, Reg=0.0000, Con=3.9608
2025-09-13 20:37:21,336 - INFO - Batch 1530/2278: Loss=1.1883, Cls=0.0001, Reg=0.0000, Con=3.9608
2025-09-13 20:37:22,217 - INFO - Batch 1540/2278: Loss=1.1892, Cls=0.0009, Reg=0.0000, Con=3.9609
2025-09-13 20:37:23,134 - INFO - Batch 1550/2278: Loss=1.1883, Cls=0.0000, Reg=0.0000, Con=3.9610
2025-09-13 20:37:24,037 - INFO - Batch 1560/2278: Loss=1.2786, Cls=0.0904, Reg=0.0000, Con=3.9609
2025-09-13 20:37:24,946 - INFO - Batch 1570/2278: Loss=1.1927, Cls=0.0045, Reg=0.0000, Con=3.9608
2025-09-13 20:37:25,869 - INFO - Batch 1580/2278: Loss=1.1894, Cls=0.0012, Reg=0.0000, Con=3.9608
2025-09-13 20:37:26,759 - INFO - Batch 1590/2278: Loss=1.1883, Cls=0.0000, Reg=0.0000, Con=3.9609
2025-09-13 20:37:27,620 - INFO - Batch 1600/2278: Loss=1.1883, Cls=0.0000, Reg=0.0000, Con=3.9608
2025-09-13 20:37:28,494 - INFO - Batch 1610/2278: Loss=0.0217, Cls=0.0217, Reg=0.0000, Con=0.0000
2025-09-13 20:37:29,380 - INFO - Batch 1620/2278: Loss=0.0000, Cls=0.0000, Reg=0.0000, Con=0.0000
2025-09-13 20:37:30,268 - INFO - Batch 1630/2278: Loss=1.1882, Cls=0.0000, Reg=0.0000, Con=3.9608
2025-09-13 20:37:31,132 - INFO - Batch 1640/2278: Loss=0.0008, Cls=0.0008, Reg=0.0000, Con=0.0000
2025-09-13 20:37:31,998 - INFO - Batch 1650/2278: Loss=0.0001, Cls=0.0001, Reg=0.0000, Con=0.0000
2025-09-13 20:37:32,874 - INFO - Batch 1660/2278: Loss=1.2996, Cls=1.2996, Reg=0.0000, Con=0.0000
2025-09-13 20:37:33,735 - INFO - Batch 1670/2278: Loss=1.1884, Cls=0.0000, Reg=0.0000, Con=3.9612
2025-09-13 20:37:34,638 - INFO - Batch 1680/2278: Loss=0.0009, Cls=0.0009, Reg=0.0000, Con=0.0000
2025-09-13 20:37:35,527 - INFO - Batch 1690/2278: Loss=1.1891, Cls=0.0008, Reg=0.0000, Con=3.9612
2025-09-13 20:37:36,389 - INFO - Batch 1700/2278: Loss=1.1884, Cls=0.0000, Reg=0.0000, Con=3.9612
2025-09-13 20:37:37,282 - INFO - Batch 1710/2278: Loss=0.0001, Cls=0.0001, Reg=0.0000, Con=0.0000
2025-09-13 20:37:38,157 - INFO - Batch 1720/2278: Loss=1.1883, Cls=0.0001, Reg=0.0000, Con=3.9608
2025-09-13 20:37:39,035 - INFO - Batch 1730/2278: Loss=0.0006, Cls=0.0006, Reg=0.0000, Con=0.0000
2025-09-13 20:37:39,919 - INFO - Batch 1740/2278: Loss=0.0000, Cls=0.0000, Reg=0.0000, Con=0.0000
2025-09-13 20:37:40,798 - INFO - Batch 1750/2278: Loss=1.1883, Cls=0.0000, Reg=0.0000, Con=3.9609
2025-09-13 20:37:41,679 - INFO - Batch 1760/2278: Loss=1.1884, Cls=0.0001, Reg=0.0000, Con=3.9609
2025-09-13 20:37:42,571 - INFO - Batch 1770/2278: Loss=1.1882, Cls=0.0000, Reg=0.0000, Con=3.9608
2025-09-13 20:37:43,454 - INFO - Batch 1780/2278: Loss=5.3230, Cls=4.1347, Reg=0.0000, Con=3.9608
2025-09-13 20:37:44,323 - INFO - Batch 1790/2278: Loss=0.0000, Cls=0.0000, Reg=0.0000, Con=0.0000
2025-09-13 20:37:45,226 - INFO - Batch 1800/2278: Loss=0.0012, Cls=0.0012, Reg=0.0000, Con=0.0000
2025-09-13 20:37:46,136 - INFO - Batch 1810/2278: Loss=0.0018, Cls=0.0018, Reg=0.0000, Con=0.0000
2025-09-13 20:37:47,016 - INFO - Batch 1820/2278: Loss=1.1883, Cls=0.0000, Reg=0.0000, Con=3.9611
2025-09-13 20:37:47,895 - INFO - Batch 1830/2278: Loss=0.0007, Cls=0.0007, Reg=0.0000, Con=0.0000
2025-09-13 20:37:48,760 - INFO - Batch 1840/2278: Loss=0.5977, Cls=0.5977, Reg=0.0000, Con=0.0000
2025-09-13 20:37:49,684 - INFO - Batch 1850/2278: Loss=1.1886, Cls=0.0004, Reg=0.0000, Con=3.9608
2025-09-13 20:37:50,574 - INFO - Batch 1860/2278: Loss=0.0017, Cls=0.0017, Reg=0.0000, Con=0.0000
2025-09-13 20:37:51,445 - INFO - Batch 1870/2278: Loss=1.1887, Cls=0.0004, Reg=0.0000, Con=3.9608
2025-09-13 20:37:52,324 - INFO - Batch 1880/2278: Loss=0.0000, Cls=0.0000, Reg=0.0000, Con=0.0000
2025-09-13 20:37:53,228 - INFO - Batch 1890/2278: Loss=1.1887, Cls=0.0004, Reg=0.0000, Con=3.9609
2025-09-13 20:37:54,096 - INFO - Batch 1900/2278: Loss=0.0180, Cls=0.0180, Reg=0.0000, Con=0.0000
2025-09-13 20:37:54,964 - INFO - Batch 1910/2278: Loss=0.0001, Cls=0.0001, Reg=0.0000, Con=0.0000
2025-09-13 20:37:55,889 - INFO - Batch 1920/2278: Loss=1.1985, Cls=0.0103, Reg=0.0000, Con=3.9607
2025-09-13 20:37:56,758 - INFO - Batch 1930/2278: Loss=1.1908, Cls=0.0026, Reg=0.0000, Con=3.9607
2025-09-13 20:37:57,651 - INFO - Batch 1940/2278: Loss=1.1883, Cls=0.0001, Reg=0.0000, Con=3.9608
2025-09-13 20:37:58,518 - INFO - Batch 1950/2278: Loss=1.1884, Cls=0.0002, Reg=0.0000, Con=3.9608
2025-09-13 20:37:59,395 - INFO - Batch 1960/2278: Loss=1.1901, Cls=0.0018, Reg=0.0000, Con=3.9609
2025-09-13 20:38:00,262 - INFO - Batch 1970/2278: Loss=1.1883, Cls=0.0000, Reg=0.0000, Con=3.9611
2025-09-13 20:38:01,148 - INFO - Batch 1980/2278: Loss=1.1892, Cls=0.0010, Reg=0.0000, Con=3.9608
2025-09-13 20:38:02,023 - INFO - Batch 1990/2278: Loss=1.1889, Cls=0.0005, Reg=0.0000, Con=3.9615
2025-09-13 20:38:02,897 - INFO - Batch 2000/2278: Loss=0.0087, Cls=0.0087, Reg=0.0000, Con=0.0000
2025-09-13 20:38:03,785 - INFO - Batch 2010/2278: Loss=1.1888, Cls=0.0005, Reg=0.0000, Con=3.9608
2025-09-13 20:38:04,655 - INFO - Batch 2020/2278: Loss=1.1915, Cls=0.0033, Reg=0.0000, Con=3.9608
2025-09-13 20:38:05,543 - INFO - Batch 2030/2278: Loss=1.1882, Cls=0.0000, Reg=0.0000, Con=3.9607
2025-09-13 20:38:06,429 - INFO - Batch 2040/2278: Loss=1.1892, Cls=0.0009, Reg=0.0000, Con=3.9609
2025-09-13 20:38:07,331 - INFO - Batch 2050/2278: Loss=1.1893, Cls=0.0011, Reg=0.0000, Con=3.9608
2025-09-13 20:38:08,178 - INFO - Batch 2060/2278: Loss=0.0027, Cls=0.0027, Reg=0.0000, Con=0.0000
2025-09-13 20:38:09,076 - INFO - Batch 2070/2278: Loss=1.1883, Cls=0.0000, Reg=0.0000, Con=3.9611
2025-09-13 20:38:09,978 - INFO - Batch 2080/2278: Loss=1.1896, Cls=0.0014, Reg=0.0000, Con=3.9610
2025-09-13 20:38:10,882 - INFO - Batch 2090/2278: Loss=1.1884, Cls=0.0001, Reg=0.0000, Con=3.9612
2025-09-13 20:38:11,743 - INFO - Batch 2100/2278: Loss=1.1883, Cls=0.0000, Reg=0.0000, Con=3.9611
2025-09-13 20:38:12,615 - INFO - Batch 2110/2278: Loss=1.1894, Cls=0.0011, Reg=0.0000, Con=3.9609
2025-09-13 20:38:13,477 - INFO - Batch 2120/2278: Loss=0.0003, Cls=0.0003, Reg=0.0000, Con=0.0000
2025-09-13 20:38:14,375 - INFO - Batch 2130/2278: Loss=1.1883, Cls=0.0001, Reg=0.0000, Con=3.9606
2025-09-13 20:38:15,247 - INFO - Batch 2140/2278: Loss=1.1886, Cls=0.0003, Reg=0.0000, Con=3.9608
2025-09-13 20:38:16,146 - INFO - Batch 2150/2278: Loss=2.4454, Cls=1.2572, Reg=0.0000, Con=3.9607
2025-09-13 20:38:17,051 - INFO - Batch 2160/2278: Loss=1.1954, Cls=0.0071, Reg=0.0000, Con=3.9608
2025-09-13 20:38:17,918 - INFO - Batch 2170/2278: Loss=1.1887, Cls=0.0004, Reg=0.0000, Con=3.9609
2025-09-13 20:38:18,767 - INFO - Batch 2180/2278: Loss=0.3016, Cls=0.3016, Reg=0.0000, Con=0.0000
2025-09-13 20:38:19,650 - INFO - Batch 2190/2278: Loss=0.0002, Cls=0.0002, Reg=0.0000, Con=0.0000
2025-09-13 20:38:20,564 - INFO - Batch 2200/2278: Loss=1.3502, Cls=0.1620, Reg=0.0000, Con=3.9605
2025-09-13 20:38:21,460 - INFO - Batch 2210/2278: Loss=1.1883, Cls=0.0000, Reg=0.0000, Con=3.9609
2025-09-13 20:38:22,335 - INFO - Batch 2220/2278: Loss=1.2104, Cls=0.0221, Reg=0.0000, Con=3.9610
2025-09-13 20:38:23,234 - INFO - Batch 2230/2278: Loss=0.0003, Cls=0.0003, Reg=0.0000, Con=0.0000
2025-09-13 20:38:24,161 - INFO - Batch 2240/2278: Loss=0.0117, Cls=0.0117, Reg=0.0000, Con=0.0000
2025-09-13 20:38:25,083 - INFO - Batch 2250/2278: Loss=1.1883, Cls=0.0000, Reg=0.0000, Con=3.9609
2025-09-13 20:38:26,073 - INFO - Batch 2260/2278: Loss=1.1883, Cls=0.0001, Reg=0.0000, Con=3.9608
2025-09-13 20:38:27,021 - INFO - Batch 2270/2278: Loss=0.0000, Cls=0.0000, Reg=0.0000, Con=0.0000
2025-09-13 20:41:53,552 - INFO - === Epoch 1 Results ===
2025-09-13 20:41:53,552 - INFO - Training Loss: 0.8541 (Classification: 0.0894, Regression: 0.0000)
2025-09-13 20:41:53,552 - INFO - Validation Loss: 0.0491 (Classification: 0.0491, Regression: 0.0000)
2025-09-13 20:41:53,552 - INFO - Average Classification Accuracy: 0.9671 (on 1/26 tasks)
2025-09-13 20:41:53,552 - INFO - Average AUC: 0.8339
2025-09-13 20:41:54,087 - INFO - Best model saved to: experiments/r1c3_single_cls_20_seed_42_20250913_203503/checkpoints/r1c3_single_cls_20_seed_42_best.pth
2025-09-13 20:41:54,088 - INFO - 
Epoch 2/3
2025-09-13 20:41:54,185 - INFO - Batch 0/2278: Loss=0.0000, Cls=0.0000, Reg=0.0000, Con=0.0000
2025-09-13 20:41:55,069 - INFO - Batch 10/2278: Loss=1.1881, Cls=0.0000, Reg=0.0000, Con=3.9604
2025-09-13 20:41:55,954 - INFO - Batch 20/2278: Loss=1.1888, Cls=0.0004, Reg=0.0000, Con=3.9610
2025-09-13 20:41:56,940 - INFO - Batch 30/2278: Loss=1.1883, Cls=0.0001, Reg=0.0000, Con=3.9608
2025-09-13 20:41:57,967 - INFO - Batch 40/2278: Loss=1.1883, Cls=0.0001, Reg=0.0000, Con=3.9608
2025-09-13 20:41:59,048 - INFO - Batch 50/2278: Loss=0.1979, Cls=0.1979, Reg=0.0000, Con=0.0000
2025-09-13 20:41:59,971 - INFO - Batch 60/2278: Loss=0.0001, Cls=0.0001, Reg=0.0000, Con=0.0000
2025-09-13 20:42:00,899 - INFO - Batch 70/2278: Loss=1.1882, Cls=0.0000, Reg=0.0000, Con=3.9607
2025-09-13 20:42:01,814 - INFO - Batch 80/2278: Loss=1.1883, Cls=0.0000, Reg=0.0000, Con=3.9609
2025-09-13 20:42:02,727 - INFO - Batch 90/2278: Loss=0.0004, Cls=0.0004, Reg=0.0000, Con=0.0000
2025-09-13 20:42:03,640 - INFO - Batch 100/2278: Loss=1.1883, Cls=0.0000, Reg=0.0000, Con=3.9609
2025-09-13 20:42:04,541 - INFO - Batch 110/2278: Loss=1.1883, Cls=0.0000, Reg=0.0000, Con=3.9609
2025-09-13 20:42:05,440 - INFO - Batch 120/2278: Loss=0.0002, Cls=0.0002, Reg=0.0000, Con=0.0000
2025-09-13 20:42:06,338 - INFO - Batch 130/2278: Loss=1.1882, Cls=0.0000, Reg=0.0000, Con=3.9607
2025-09-13 20:42:07,230 - INFO - Batch 140/2278: Loss=1.1924, Cls=0.0042, Reg=0.0000, Con=3.9609
2025-09-13 20:42:08,127 - INFO - Batch 150/2278: Loss=1.1904, Cls=0.0020, Reg=0.0000, Con=3.9611
2025-09-13 20:42:09,031 - INFO - Batch 160/2278: Loss=1.1883, Cls=0.0000, Reg=0.0000, Con=3.9609
2025-09-13 20:42:09,934 - INFO - Batch 170/2278: Loss=0.0044, Cls=0.0044, Reg=0.0000, Con=0.0000
2025-09-13 20:42:10,830 - INFO - Batch 180/2278: Loss=1.1883, Cls=0.0000, Reg=0.0000, Con=3.9609
2025-09-13 20:42:11,725 - INFO - Batch 190/2278: Loss=0.0007, Cls=0.0007, Reg=0.0000, Con=0.0000
2025-09-13 20:42:12,622 - INFO - Batch 200/2278: Loss=1.1899, Cls=0.0017, Reg=0.0000, Con=3.9608
2025-09-13 20:42:13,520 - INFO - Batch 210/2278: Loss=1.1883, Cls=0.0000, Reg=0.0000, Con=3.9609
2025-09-13 20:42:14,415 - INFO - Batch 220/2278: Loss=0.0007, Cls=0.0007, Reg=0.0000, Con=0.0000
2025-09-13 20:42:15,322 - INFO - Batch 230/2278: Loss=0.0213, Cls=0.0213, Reg=0.0000, Con=0.0000
2025-09-13 20:42:16,234 - INFO - Batch 240/2278: Loss=0.0007, Cls=0.0007, Reg=0.0000, Con=0.0000
2025-09-13 20:42:17,134 - INFO - Batch 250/2278: Loss=0.0004, Cls=0.0004, Reg=0.0000, Con=0.0000
2025-09-13 20:42:18,011 - INFO - Batch 260/2278: Loss=0.0060, Cls=0.0060, Reg=0.0000, Con=0.0000
2025-09-13 20:42:18,911 - INFO - Batch 270/2278: Loss=1.1883, Cls=0.0000, Reg=0.0000, Con=3.9608
2025-09-13 20:42:19,826 - INFO - Batch 280/2278: Loss=1.1885, Cls=0.0002, Reg=0.0000, Con=3.9609
2025-09-13 20:42:20,757 - INFO - Batch 290/2278: Loss=1.1888, Cls=0.0005, Reg=0.0000, Con=3.9609
2025-09-13 20:42:21,688 - INFO - Batch 300/2278: Loss=2.1172, Cls=0.9289, Reg=0.0000, Con=3.9609
2025-09-13 20:42:22,596 - INFO - Batch 310/2278: Loss=1.1890, Cls=0.0007, Reg=0.0000, Con=3.9608
2025-09-13 20:42:23,522 - INFO - Batch 320/2278: Loss=0.0000, Cls=0.0000, Reg=0.0000, Con=0.0000
2025-09-13 20:42:24,405 - INFO - Batch 330/2278: Loss=1.1967, Cls=0.0085, Reg=0.0000, Con=3.9609
2025-09-13 20:42:25,295 - INFO - Batch 340/2278: Loss=1.1918, Cls=0.0035, Reg=0.0000, Con=3.9609
2025-09-13 20:42:26,187 - INFO - Batch 350/2278: Loss=1.1890, Cls=0.0007, Reg=0.0000, Con=3.9609
2025-09-13 20:42:27,087 - INFO - Batch 360/2278: Loss=1.1883, Cls=0.0000, Reg=0.0000, Con=3.9609
2025-09-13 20:42:27,998 - INFO - Batch 370/2278: Loss=1.1938, Cls=0.0055, Reg=0.0000, Con=3.9609
2025-09-13 20:42:28,935 - INFO - Batch 380/2278: Loss=1.1907, Cls=0.0025, Reg=0.0000, Con=3.9608
2025-09-13 20:42:29,891 - INFO - Batch 390/2278: Loss=1.1883, Cls=0.0000, Reg=0.0000, Con=3.9609
2025-09-13 20:42:30,816 - INFO - Batch 400/2278: Loss=0.0000, Cls=0.0000, Reg=0.0000, Con=0.0000
2025-09-13 20:42:31,746 - INFO - Batch 410/2278: Loss=1.1950, Cls=0.0068, Reg=0.0000, Con=3.9608
2025-09-13 20:42:32,689 - INFO - Batch 420/2278: Loss=0.0001, Cls=0.0001, Reg=0.0000, Con=0.0000
2025-09-13 20:42:33,597 - INFO - Batch 430/2278: Loss=0.0033, Cls=0.0033, Reg=0.0000, Con=0.0000
2025-09-13 20:42:34,475 - INFO - Batch 440/2278: Loss=1.1952, Cls=0.0070, Reg=0.0000, Con=3.9608
2025-09-13 20:42:35,372 - INFO - Batch 450/2278: Loss=1.1882, Cls=0.0000, Reg=0.0000, Con=3.9607
2025-09-13 20:42:36,276 - INFO - Batch 460/2278: Loss=0.0097, Cls=0.0097, Reg=0.0000, Con=0.0000
2025-09-13 20:42:37,179 - INFO - Batch 470/2278: Loss=1.2086, Cls=0.0204, Reg=0.0000, Con=3.9608
2025-09-13 20:42:38,068 - INFO - Batch 480/2278: Loss=0.0000, Cls=0.0000, Reg=0.0000, Con=0.0000
2025-09-13 20:42:38,980 - INFO - Batch 490/2278: Loss=1.1884, Cls=0.0001, Reg=0.0000, Con=3.9610
2025-09-13 20:42:39,868 - INFO - Batch 500/2278: Loss=1.1934, Cls=0.0052, Reg=0.0000, Con=3.9607
2025-09-13 20:42:40,778 - INFO - Batch 510/2278: Loss=1.1883, Cls=0.0000, Reg=0.0000, Con=3.9607
2025-09-13 20:42:41,702 - INFO - Batch 520/2278: Loss=1.1886, Cls=0.0003, Reg=0.0000, Con=3.9607
2025-09-13 20:42:42,594 - INFO - Batch 530/2278: Loss=1.1896, Cls=0.0014, Reg=0.0000, Con=3.9608
2025-09-13 20:42:43,474 - INFO - Batch 540/2278: Loss=1.1979, Cls=0.0096, Reg=0.0000, Con=3.9610
2025-09-13 20:42:44,390 - INFO - Batch 550/2278: Loss=1.1904, Cls=0.0022, Reg=0.0000, Con=3.9607
2025-09-13 20:42:45,299 - INFO - Batch 560/2278: Loss=0.0002, Cls=0.0002, Reg=0.0000, Con=0.0000
2025-09-13 20:42:46,198 - INFO - Batch 570/2278: Loss=1.1882, Cls=0.0000, Reg=0.0000, Con=3.9608
2025-09-13 20:42:47,097 - INFO - Batch 580/2278: Loss=0.0002, Cls=0.0002, Reg=0.0000, Con=0.0000
2025-09-13 20:42:47,985 - INFO - Batch 590/2278: Loss=1.1882, Cls=0.0000, Reg=0.0000, Con=3.9608
2025-09-13 20:42:48,863 - INFO - Batch 600/2278: Loss=0.0000, Cls=0.0000, Reg=0.0000, Con=0.0000
2025-09-13 20:42:49,763 - INFO - Batch 610/2278: Loss=1.1884, Cls=0.0002, Reg=0.0000, Con=3.9608
2025-09-13 20:42:50,677 - INFO - Batch 620/2278: Loss=1.1883, Cls=0.0001, Reg=0.0000, Con=3.9608
2025-09-13 20:42:51,581 - INFO - Batch 630/2278: Loss=0.4449, Cls=0.4449, Reg=0.0000, Con=0.0000
2025-09-13 20:42:52,501 - INFO - Batch 640/2278: Loss=0.0002, Cls=0.0002, Reg=0.0000, Con=0.0000
2025-09-13 20:42:53,389 - INFO - Batch 650/2278: Loss=0.0000, Cls=0.0000, Reg=0.0000, Con=0.0000
2025-09-13 20:42:54,292 - INFO - Batch 660/2278: Loss=1.1894, Cls=0.0012, Reg=0.0000, Con=3.9607
2025-09-13 20:42:55,210 - INFO - Batch 670/2278: Loss=1.1904, Cls=0.0021, Reg=0.0000, Con=3.9609
2025-09-13 20:42:56,123 - INFO - Batch 680/2278: Loss=1.1908, Cls=0.0026, Reg=0.0000, Con=3.9608
2025-09-13 20:42:57,014 - INFO - Batch 690/2278: Loss=1.1884, Cls=0.0000, Reg=0.0000, Con=3.9613
2025-09-13 20:42:57,937 - INFO - Batch 700/2278: Loss=0.0023, Cls=0.0023, Reg=0.0000, Con=0.0000
2025-09-13 20:42:58,823 - INFO - Batch 710/2278: Loss=1.1948, Cls=0.0065, Reg=0.0000, Con=3.9610
2025-09-13 20:42:59,716 - INFO - Batch 720/2278: Loss=1.1883, Cls=0.0000, Reg=0.0000, Con=3.9609
2025-09-13 20:43:00,617 - INFO - Batch 730/2278: Loss=1.2457, Cls=0.0573, Reg=0.0000, Con=3.9612
2025-09-13 20:43:01,491 - INFO - Batch 740/2278: Loss=1.1932, Cls=0.0049, Reg=0.0000, Con=3.9610
2025-09-13 20:43:02,382 - INFO - Batch 750/2278: Loss=0.0025, Cls=0.0025, Reg=0.0000, Con=0.0000
2025-09-13 20:43:03,286 - INFO - Batch 760/2278: Loss=0.0260, Cls=0.0260, Reg=0.0000, Con=0.0000
2025-09-13 20:43:04,181 - INFO - Batch 770/2278: Loss=1.1884, Cls=0.0002, Reg=0.0000, Con=3.9608
2025-09-13 20:43:05,083 - INFO - Batch 780/2278: Loss=0.0022, Cls=0.0022, Reg=0.0000, Con=0.0000
2025-09-13 20:43:05,978 - INFO - Batch 790/2278: Loss=1.1910, Cls=0.0027, Reg=0.0000, Con=3.9609
2025-09-13 20:43:06,885 - INFO - Batch 800/2278: Loss=0.0001, Cls=0.0001, Reg=0.0000, Con=0.0000
2025-09-13 20:43:07,773 - INFO - Batch 810/2278: Loss=0.0062, Cls=0.0062, Reg=0.0000, Con=0.0000
2025-09-13 20:43:08,688 - INFO - Batch 820/2278: Loss=1.1885, Cls=0.0003, Reg=0.0000, Con=3.9608
2025-09-13 20:43:09,610 - INFO - Batch 830/2278: Loss=1.1882, Cls=0.0000, Reg=0.0000, Con=3.9607
2025-09-13 20:43:10,531 - INFO - Batch 840/2278: Loss=1.1884, Cls=0.0002, Reg=0.0000, Con=3.9608
2025-09-13 20:43:11,434 - INFO - Batch 850/2278: Loss=0.0383, Cls=0.0383, Reg=0.0000, Con=0.0000
2025-09-13 20:43:12,345 - INFO - Batch 860/2278: Loss=1.1886, Cls=0.0004, Reg=0.0000, Con=3.9608
2025-09-13 20:43:13,233 - INFO - Batch 870/2278: Loss=0.0002, Cls=0.0002, Reg=0.0000, Con=0.0000
2025-09-13 20:43:14,135 - INFO - Batch 880/2278: Loss=0.0003, Cls=0.0003, Reg=0.0000, Con=0.0000
2025-09-13 20:43:15,031 - INFO - Batch 890/2278: Loss=1.1886, Cls=0.0004, Reg=0.0000, Con=3.9609
2025-09-13 20:43:15,933 - INFO - Batch 900/2278: Loss=0.0000, Cls=0.0000, Reg=0.0000, Con=0.0000
2025-09-13 20:43:16,823 - INFO - Batch 910/2278: Loss=0.0014, Cls=0.0014, Reg=0.0000, Con=0.0000
2025-09-13 20:43:17,710 - INFO - Batch 920/2278: Loss=1.1883, Cls=0.0000, Reg=0.0000, Con=3.9611
2025-09-13 20:43:18,596 - INFO - Batch 930/2278: Loss=1.1884, Cls=0.0002, Reg=0.0000, Con=3.9609
2025-09-13 20:43:19,579 - INFO - Batch 940/2278: Loss=0.0002, Cls=0.0002, Reg=0.0000, Con=0.0000
2025-09-13 20:43:20,481 - INFO - Batch 950/2278: Loss=0.0005, Cls=0.0005, Reg=0.0000, Con=0.0000
2025-09-13 20:43:21,421 - INFO - Batch 960/2278: Loss=0.0000, Cls=0.0000, Reg=0.0000, Con=0.0000
2025-09-13 20:43:22,348 - INFO - Batch 970/2278: Loss=0.0072, Cls=0.0072, Reg=0.0000, Con=0.0000
2025-09-13 20:43:23,232 - INFO - Batch 980/2278: Loss=1.1909, Cls=0.0027, Reg=0.0000, Con=3.9609
2025-09-13 20:43:24,114 - INFO - Batch 990/2278: Loss=1.1882, Cls=0.0000, Reg=0.0000, Con=3.9606
2025-09-13 20:43:25,000 - INFO - Batch 1000/2278: Loss=1.1884, Cls=0.0001, Reg=0.0000, Con=3.9609
2025-09-13 20:43:25,884 - INFO - Batch 1010/2278: Loss=1.1883, Cls=0.0000, Reg=0.0000, Con=3.9609
2025-09-13 20:43:26,777 - INFO - Batch 1020/2278: Loss=2.5188, Cls=1.3303, Reg=0.0000, Con=3.9615
2025-09-13 20:43:27,693 - INFO - Batch 1030/2278: Loss=1.1918, Cls=0.0035, Reg=0.0000, Con=3.9608
2025-09-13 20:43:28,583 - INFO - Batch 1040/2278: Loss=2.8185, Cls=1.6302, Reg=0.0000, Con=3.9608
2025-09-13 20:43:29,481 - INFO - Batch 1050/2278: Loss=1.1889, Cls=0.0006, Reg=0.0000, Con=3.9611
2025-09-13 20:43:30,379 - INFO - Batch 1060/2278: Loss=1.1883, Cls=0.0000, Reg=0.0000, Con=3.9612
2025-09-13 20:43:31,320 - INFO - Batch 1070/2278: Loss=1.1883, Cls=0.0001, Reg=0.0000, Con=3.9609
2025-09-13 20:43:32,199 - INFO - Batch 1080/2278: Loss=1.1896, Cls=0.0013, Reg=0.0000, Con=3.9609
2025-09-13 20:43:33,133 - INFO - Batch 1090/2278: Loss=1.1895, Cls=0.0013, Reg=0.0000, Con=3.9608
2025-09-13 20:43:34,018 - INFO - Batch 1100/2278: Loss=1.1883, Cls=0.0000, Reg=0.0000, Con=3.9608
2025-09-13 20:43:34,893 - INFO - Batch 1110/2278: Loss=1.3591, Cls=0.1709, Reg=0.0000, Con=3.9608
2025-09-13 20:43:35,796 - INFO - Batch 1120/2278: Loss=1.1883, Cls=0.0000, Reg=0.0000, Con=3.9608
2025-09-13 20:43:36,762 - INFO - Batch 1130/2278: Loss=0.0000, Cls=0.0000, Reg=0.0000, Con=0.0000
2025-09-13 20:43:37,733 - INFO - Batch 1140/2278: Loss=0.0004, Cls=0.0004, Reg=0.0000, Con=0.0000
2025-09-13 20:43:38,638 - INFO - Batch 1150/2278: Loss=1.2191, Cls=0.0308, Reg=0.0000, Con=3.9609
2025-09-13 20:43:39,539 - INFO - Batch 1160/2278: Loss=1.1882, Cls=0.0000, Reg=0.0000, Con=3.9607
2025-09-13 20:43:40,514 - INFO - Batch 1170/2278: Loss=0.0041, Cls=0.0041, Reg=0.0000, Con=0.0000
2025-09-13 20:43:41,435 - INFO - Batch 1180/2278: Loss=3.5493, Cls=2.3610, Reg=0.0000, Con=3.9609
2025-09-13 20:43:42,330 - INFO - Batch 1190/2278: Loss=1.2185, Cls=0.0302, Reg=0.0000, Con=3.9610
2025-09-13 20:43:43,252 - INFO - Batch 1200/2278: Loss=1.1883, Cls=0.0001, Reg=0.0000, Con=3.9609
2025-09-13 20:43:44,156 - INFO - Batch 1210/2278: Loss=1.1887, Cls=0.0004, Reg=0.0000, Con=3.9608
2025-09-13 20:43:45,080 - INFO - Batch 1220/2278: Loss=0.0626, Cls=0.0626, Reg=0.0000, Con=0.0000
2025-09-13 20:43:46,009 - INFO - Batch 1230/2278: Loss=1.1891, Cls=0.0008, Reg=0.0000, Con=3.9609
2025-09-13 20:43:46,889 - INFO - Batch 1240/2278: Loss=1.1883, Cls=0.0000, Reg=0.0000, Con=3.9609
2025-09-13 20:43:47,784 - INFO - Batch 1250/2278: Loss=0.0003, Cls=0.0003, Reg=0.0000, Con=0.0000
2025-09-13 20:43:48,692 - INFO - Batch 1260/2278: Loss=1.1908, Cls=0.0025, Reg=0.0000, Con=3.9607
2025-09-13 20:43:49,608 - INFO - Batch 1270/2278: Loss=0.0002, Cls=0.0002, Reg=0.0000, Con=0.0000
2025-09-13 20:43:50,513 - INFO - Batch 1280/2278: Loss=1.1887, Cls=0.0005, Reg=0.0000, Con=3.9608
2025-09-13 20:43:51,450 - INFO - Batch 1290/2278: Loss=1.1888, Cls=0.0005, Reg=0.0000, Con=3.9610
2025-09-13 20:43:52,353 - INFO - Batch 1300/2278: Loss=1.1890, Cls=0.0007, Reg=0.0000, Con=3.9610
2025-09-13 20:43:53,256 - INFO - Batch 1310/2278: Loss=0.0001, Cls=0.0001, Reg=0.0000, Con=0.0000
2025-09-13 20:43:54,174 - INFO - Batch 1320/2278: Loss=1.1884, Cls=0.0002, Reg=0.0000, Con=3.9609
2025-09-13 20:43:55,074 - INFO - Batch 1330/2278: Loss=1.1883, Cls=0.0000, Reg=0.0000, Con=3.9609
2025-09-13 20:43:55,986 - INFO - Batch 1340/2278: Loss=0.0006, Cls=0.0006, Reg=0.0000, Con=0.0000
2025-09-13 20:43:56,873 - INFO - Batch 1350/2278: Loss=0.0000, Cls=0.0000, Reg=0.0000, Con=0.0000
2025-09-13 20:43:57,781 - INFO - Batch 1360/2278: Loss=1.1883, Cls=0.0001, Reg=0.0000, Con=3.9608
2025-09-13 20:43:58,673 - INFO - Batch 1370/2278: Loss=1.2040, Cls=0.0158, Reg=0.0000, Con=3.9608
2025-09-13 20:43:59,580 - INFO - Batch 1380/2278: Loss=1.1883, Cls=0.0000, Reg=0.0000, Con=3.9609
2025-09-13 20:44:00,485 - INFO - Batch 1390/2278: Loss=1.1883, Cls=0.0000, Reg=0.0000, Con=3.9608
2025-09-13 20:44:01,394 - INFO - Batch 1400/2278: Loss=0.0000, Cls=0.0000, Reg=0.0000, Con=0.0000
2025-09-13 20:44:02,297 - INFO - Batch 1410/2278: Loss=1.1890, Cls=0.0008, Reg=0.0000, Con=3.9608
2025-09-13 20:44:03,208 - INFO - Batch 1420/2278: Loss=0.0004, Cls=0.0004, Reg=0.0000, Con=0.0000
2025-09-13 20:44:04,119 - INFO - Batch 1430/2278: Loss=0.0000, Cls=0.0000, Reg=0.0000, Con=0.0000
2025-09-13 20:44:05,003 - INFO - Batch 1440/2278: Loss=1.1884, Cls=0.0001, Reg=0.0000, Con=3.9613
2025-09-13 20:44:05,888 - INFO - Batch 1450/2278: Loss=0.0000, Cls=0.0000, Reg=0.0000, Con=0.0000
2025-09-13 20:44:06,785 - INFO - Batch 1460/2278: Loss=1.1884, Cls=0.0001, Reg=0.0000, Con=3.9609
2025-09-13 20:44:07,766 - INFO - Batch 1470/2278: Loss=1.1920, Cls=0.0037, Reg=0.0000, Con=3.9608
2025-09-13 20:44:08,706 - INFO - Batch 1480/2278: Loss=0.0000, Cls=0.0000, Reg=0.0000, Con=0.0000
2025-09-13 20:44:09,756 - INFO - Batch 1490/2278: Loss=0.0005, Cls=0.0005, Reg=0.0000, Con=0.0000
2025-09-13 20:44:10,686 - INFO - Batch 1500/2278: Loss=0.0001, Cls=0.0001, Reg=0.0000, Con=0.0000
2025-09-13 20:44:11,569 - INFO - Batch 1510/2278: Loss=1.1884, Cls=0.0001, Reg=0.0000, Con=3.9608
2025-09-13 20:44:12,450 - INFO - Batch 1520/2278: Loss=1.2026, Cls=0.0144, Reg=0.0000, Con=3.9608
2025-09-13 20:44:13,346 - INFO - Batch 1530/2278: Loss=1.1886, Cls=0.0004, Reg=0.0000, Con=3.9609
2025-09-13 20:44:14,237 - INFO - Batch 1540/2278: Loss=0.0000, Cls=0.0000, Reg=0.0000, Con=0.0000
2025-09-13 20:44:15,131 - INFO - Batch 1550/2278: Loss=1.1899, Cls=0.0016, Reg=0.0000, Con=3.9609
2025-09-13 20:44:16,041 - INFO - Batch 1560/2278: Loss=1.3131, Cls=0.1248, Reg=0.0000, Con=3.9608
2025-09-13 20:44:16,956 - INFO - Batch 1570/2278: Loss=1.1889, Cls=0.0006, Reg=0.0000, Con=3.9609
2025-09-13 20:44:17,878 - INFO - Batch 1580/2278: Loss=0.0001, Cls=0.0001, Reg=0.0000, Con=0.0000
2025-09-13 20:44:18,787 - INFO - Batch 1590/2278: Loss=0.0000, Cls=0.0000, Reg=0.0000, Con=0.0000
2025-09-13 20:44:19,712 - INFO - Batch 1600/2278: Loss=1.1885, Cls=0.0002, Reg=0.0000, Con=3.9609
2025-09-13 20:44:20,611 - INFO - Batch 1610/2278: Loss=0.0001, Cls=0.0001, Reg=0.0000, Con=0.0000
2025-09-13 20:44:21,513 - INFO - Batch 1620/2278: Loss=1.1883, Cls=0.0000, Reg=0.0000, Con=3.9609
2025-09-13 20:44:22,397 - INFO - Batch 1630/2278: Loss=0.0001, Cls=0.0001, Reg=0.0000, Con=0.0000
2025-09-13 20:44:23,292 - INFO - Batch 1640/2278: Loss=1.1883, Cls=0.0000, Reg=0.0000, Con=3.9609
2025-09-13 20:44:24,191 - INFO - Batch 1650/2278: Loss=0.0020, Cls=0.0020, Reg=0.0000, Con=0.0000
2025-09-13 20:44:25,090 - INFO - Batch 1660/2278: Loss=1.1888, Cls=0.0006, Reg=0.0000, Con=3.9607
2025-09-13 20:44:26,003 - INFO - Batch 1670/2278: Loss=1.1883, Cls=0.0001, Reg=0.0000, Con=3.9608
2025-09-13 20:44:26,901 - INFO - Batch 1680/2278: Loss=1.1885, Cls=0.0001, Reg=0.0000, Con=3.9615
2025-09-13 20:44:27,813 - INFO - Batch 1690/2278: Loss=0.0000, Cls=0.0000, Reg=0.0000, Con=0.0000
2025-09-13 20:44:28,709 - INFO - Batch 1700/2278: Loss=1.1882, Cls=0.0000, Reg=0.0000, Con=3.9608
2025-09-13 20:44:29,600 - INFO - Batch 1710/2278: Loss=1.1883, Cls=0.0000, Reg=0.0000, Con=3.9612
2025-09-13 20:44:30,480 - INFO - Batch 1720/2278: Loss=1.1883, Cls=0.0000, Reg=0.0000, Con=3.9610
2025-09-13 20:44:31,416 - INFO - Batch 1730/2278: Loss=1.1883, Cls=0.0000, Reg=0.0000, Con=3.9609
2025-09-13 20:44:32,353 - INFO - Batch 1740/2278: Loss=1.1883, Cls=0.0000, Reg=0.0000, Con=3.9610
2025-09-13 20:44:33,278 - INFO - Batch 1750/2278: Loss=1.1884, Cls=0.0002, Reg=0.0000, Con=3.9609
2025-09-13 20:44:34,205 - INFO - Batch 1760/2278: Loss=1.1886, Cls=0.0004, Reg=0.0000, Con=3.9608
2025-09-13 20:44:35,113 - INFO - Batch 1770/2278: Loss=3.4077, Cls=2.2194, Reg=0.0000, Con=3.9610
2025-09-13 20:44:35,998 - INFO - Batch 1780/2278: Loss=1.2002, Cls=0.0119, Reg=0.0000, Con=3.9609
2025-09-13 20:44:36,884 - INFO - Batch 1790/2278: Loss=1.1884, Cls=0.0001, Reg=0.0000, Con=3.9608
2025-09-13 20:44:37,779 - INFO - Batch 1800/2278: Loss=1.1900, Cls=0.0018, Reg=0.0000, Con=3.9609
2025-09-13 20:44:38,674 - INFO - Batch 1810/2278: Loss=1.1883, Cls=0.0000, Reg=0.0000, Con=3.9610
2025-09-13 20:44:39,596 - INFO - Batch 1820/2278: Loss=1.1888, Cls=0.0006, Reg=0.0000, Con=3.9608
2025-09-13 20:44:40,501 - INFO - Batch 1830/2278: Loss=1.1885, Cls=0.0000, Reg=0.0000, Con=3.9615
2025-09-13 20:44:41,410 - INFO - Batch 1840/2278: Loss=1.1883, Cls=0.0000, Reg=0.0000, Con=3.9609
2025-09-13 20:44:42,309 - INFO - Batch 1850/2278: Loss=1.8595, Cls=0.6712, Reg=0.0000, Con=3.9608
2025-09-13 20:44:43,201 - INFO - Batch 1860/2278: Loss=0.0200, Cls=0.0200, Reg=0.0000, Con=0.0000
2025-09-13 20:44:44,085 - INFO - Batch 1870/2278: Loss=0.2332, Cls=0.2332, Reg=0.0000, Con=0.0000
2025-09-13 20:44:44,974 - INFO - Batch 1880/2278: Loss=1.1883, Cls=0.0000, Reg=0.0000, Con=3.9610
2025-09-13 20:44:45,875 - INFO - Batch 1890/2278: Loss=0.0003, Cls=0.0003, Reg=0.0000, Con=0.0000
2025-09-13 20:44:46,805 - INFO - Batch 1900/2278: Loss=1.1883, Cls=0.0001, Reg=0.0000, Con=3.9607
2025-09-13 20:44:47,719 - INFO - Batch 1910/2278: Loss=1.1885, Cls=0.0002, Reg=0.0000, Con=3.9607
2025-09-13 20:44:48,633 - INFO - Batch 1920/2278: Loss=1.1883, Cls=0.0000, Reg=0.0000, Con=3.9608
2025-09-13 20:44:49,529 - INFO - Batch 1930/2278: Loss=0.0000, Cls=0.0000, Reg=0.0000, Con=0.0000
2025-09-13 20:44:50,462 - INFO - Batch 1940/2278: Loss=1.1882, Cls=0.0000, Reg=0.0000, Con=3.9607
2025-09-13 20:44:51,347 - INFO - Batch 1950/2278: Loss=1.1883, Cls=0.0000, Reg=0.0000, Con=3.9609
2025-09-13 20:44:52,271 - INFO - Batch 1960/2278: Loss=1.1883, Cls=0.0000, Reg=0.0000, Con=3.9609
2025-09-13 20:44:53,178 - INFO - Batch 1970/2278: Loss=1.1883, Cls=0.0001, Reg=0.0000, Con=3.9606
2025-09-13 20:44:54,084 - INFO - Batch 1980/2278: Loss=1.1883, Cls=0.0001, Reg=0.0000, Con=3.9608
2025-09-13 20:44:54,995 - INFO - Batch 1990/2278: Loss=0.0018, Cls=0.0018, Reg=0.0000, Con=0.0000
2025-09-13 20:44:55,862 - INFO - Batch 2000/2278: Loss=1.2054, Cls=0.0172, Reg=0.0000, Con=3.9607
2025-09-13 20:44:56,759 - INFO - Batch 2010/2278: Loss=1.2235, Cls=0.0352, Reg=0.0000, Con=3.9608
2025-09-13 20:44:57,657 - INFO - Batch 2020/2278: Loss=0.0122, Cls=0.0122, Reg=0.0000, Con=0.0000
2025-09-13 20:44:58,564 - INFO - Batch 2030/2278: Loss=1.2638, Cls=0.0755, Reg=0.0000, Con=3.9610
2025-09-13 20:44:59,480 - INFO - Batch 2040/2278: Loss=1.1882, Cls=0.0000, Reg=0.0000, Con=3.9608
2025-09-13 20:45:00,367 - INFO - Batch 2050/2278: Loss=0.0003, Cls=0.0003, Reg=0.0000, Con=0.0000
2025-09-13 20:45:01,262 - INFO - Batch 2060/2278: Loss=1.1888, Cls=0.0004, Reg=0.0000, Con=3.9615
2025-09-13 20:45:02,173 - INFO - Batch 2070/2278: Loss=1.1883, Cls=0.0000, Reg=0.0000, Con=3.9608
2025-09-13 20:45:03,059 - INFO - Batch 2080/2278: Loss=0.7973, Cls=0.7973, Reg=0.0000, Con=0.0000
2025-09-13 20:45:03,966 - INFO - Batch 2090/2278: Loss=1.1883, Cls=0.0000, Reg=0.0000, Con=3.9608
2025-09-13 20:45:04,861 - INFO - Batch 2100/2278: Loss=1.1858, Cls=1.1858, Reg=0.0000, Con=0.0000
2025-09-13 20:45:05,772 - INFO - Batch 2110/2278: Loss=0.0003, Cls=0.0003, Reg=0.0000, Con=0.0000
2025-09-13 20:45:06,678 - INFO - Batch 2120/2278: Loss=1.1899, Cls=0.0017, Reg=0.0000, Con=3.9609
2025-09-13 20:45:07,587 - INFO - Batch 2130/2278: Loss=1.1884, Cls=0.0001, Reg=0.0000, Con=3.9608
2025-09-13 20:45:08,485 - INFO - Batch 2140/2278: Loss=0.0001, Cls=0.0001, Reg=0.0000, Con=0.0000
2025-09-13 20:45:09,360 - INFO - Batch 2150/2278: Loss=1.1889, Cls=0.0006, Reg=0.0000, Con=3.9610
2025-09-13 20:45:10,244 - INFO - Batch 2160/2278: Loss=1.2078, Cls=0.0196, Reg=0.0000, Con=3.9608
2025-09-13 20:45:11,136 - INFO - Batch 2170/2278: Loss=1.1885, Cls=0.0002, Reg=0.0000, Con=3.9608
2025-09-13 20:45:12,022 - INFO - Batch 2180/2278: Loss=1.1885, Cls=0.0003, Reg=0.0000, Con=3.9608
2025-09-13 20:45:12,903 - INFO - Batch 2190/2278: Loss=1.1886, Cls=0.0003, Reg=0.0000, Con=3.9610
2025-09-13 20:45:13,816 - INFO - Batch 2200/2278: Loss=1.1889, Cls=0.0006, Reg=0.0000, Con=3.9608
2025-09-13 20:45:14,729 - INFO - Batch 2210/2278: Loss=1.1884, Cls=0.0000, Reg=0.0000, Con=3.9613
2025-09-13 20:45:15,629 - INFO - Batch 2220/2278: Loss=0.0007, Cls=0.0007, Reg=0.0000, Con=0.0000
2025-09-13 20:45:16,548 - INFO - Batch 2230/2278: Loss=0.0025, Cls=0.0025, Reg=0.0000, Con=0.0000
2025-09-13 20:45:17,452 - INFO - Batch 2240/2278: Loss=1.1883, Cls=0.0001, Reg=0.0000, Con=3.9608
2025-09-13 20:45:18,364 - INFO - Batch 2250/2278: Loss=0.0003, Cls=0.0003, Reg=0.0000, Con=0.0000
2025-09-13 20:45:19,289 - INFO - Batch 2260/2278: Loss=1.1886, Cls=0.0003, Reg=0.0000, Con=3.9609
2025-09-13 20:45:20,248 - INFO - Batch 2270/2278: Loss=1.1882, Cls=0.0000, Reg=0.0000, Con=3.9606
2025-09-13 20:48:48,329 - INFO - === Epoch 2 Results ===
2025-09-13 20:48:48,329 - INFO - Training Loss: 0.8613 (Classification: 0.0815, Regression: 0.0000)
2025-09-13 20:48:48,329 - INFO - Validation Loss: 0.0451 (Classification: 0.0451, Regression: 0.0000)
2025-09-13 20:48:48,329 - INFO - Average Classification Accuracy: 0.9655 (on 1/26 tasks)
2025-09-13 20:48:48,329 - INFO - Average AUC: 0.8389
2025-09-13 20:48:51,075 - INFO - Best model saved to: experiments/r1c3_single_cls_20_seed_42_20250913_203503/checkpoints/r1c3_single_cls_20_seed_42_best.pth
2025-09-13 20:48:51,075 - INFO - 
Epoch 3/3
2025-09-13 20:48:51,225 - INFO - Batch 0/2278: Loss=1.1888, Cls=0.0006, Reg=0.0000, Con=3.9608
2025-09-13 20:48:52,140 - INFO - Batch 10/2278: Loss=1.1886, Cls=0.0003, Reg=0.0000, Con=3.9611
2025-09-13 20:48:53,053 - INFO - Batch 20/2278: Loss=1.6588, Cls=0.4705, Reg=0.0000, Con=3.9608
2025-09-13 20:48:53,991 - INFO - Batch 30/2278: Loss=0.0000, Cls=0.0000, Reg=0.0000, Con=0.0000
2025-09-13 20:48:54,893 - INFO - Batch 40/2278: Loss=1.1882, Cls=0.0000, Reg=0.0000, Con=3.9608
2025-09-13 20:48:55,797 - INFO - Batch 50/2278: Loss=1.1883, Cls=0.0000, Reg=0.0000, Con=3.9609
2025-09-13 20:48:56,692 - INFO - Batch 60/2278: Loss=1.1883, Cls=0.0001, Reg=0.0000, Con=3.9607
2025-09-13 20:48:57,598 - INFO - Batch 70/2278: Loss=1.1884, Cls=0.0001, Reg=0.0000, Con=3.9608
2025-09-13 20:48:58,502 - INFO - Batch 80/2278: Loss=0.0017, Cls=0.0017, Reg=0.0000, Con=0.0000
2025-09-13 20:48:59,404 - INFO - Batch 90/2278: Loss=1.1885, Cls=0.0002, Reg=0.0000, Con=3.9609
2025-09-13 20:49:00,345 - INFO - Batch 100/2278: Loss=1.1911, Cls=0.0029, Reg=0.0000, Con=3.9607
2025-09-13 20:49:01,260 - INFO - Batch 110/2278: Loss=1.1915, Cls=0.0030, Reg=0.0000, Con=3.9618
2025-09-13 20:49:02,149 - INFO - Batch 120/2278: Loss=1.1901, Cls=0.0018, Reg=0.0000, Con=3.9609
2025-09-13 20:49:03,050 - INFO - Batch 130/2278: Loss=1.1882, Cls=0.0000, Reg=0.0000, Con=3.9607
2025-09-13 20:49:03,975 - INFO - Batch 140/2278: Loss=0.0000, Cls=0.0000, Reg=0.0000, Con=0.0000
2025-09-13 20:49:04,863 - INFO - Batch 150/2278: Loss=1.1886, Cls=0.0003, Reg=0.0000, Con=3.9608
2025-09-13 20:49:05,757 - INFO - Batch 160/2278: Loss=0.0000, Cls=0.0000, Reg=0.0000, Con=0.0000
2025-09-13 20:49:06,644 - INFO - Batch 170/2278: Loss=1.1886, Cls=0.0003, Reg=0.0000, Con=3.9609
2025-09-13 20:49:07,540 - INFO - Batch 180/2278: Loss=1.1883, Cls=0.0000, Reg=0.0000, Con=3.9611
2025-09-13 20:49:08,512 - INFO - Batch 190/2278: Loss=1.1888, Cls=0.0006, Reg=0.0000, Con=3.9607
2025-09-13 20:49:09,523 - INFO - Batch 200/2278: Loss=0.0345, Cls=0.0345, Reg=0.0000, Con=0.0000
2025-09-13 20:49:10,448 - INFO - Batch 210/2278: Loss=2.7456, Cls=1.5572, Reg=0.0000, Con=3.9612
2025-09-13 20:49:11,336 - INFO - Batch 220/2278: Loss=1.1883, Cls=0.0000, Reg=0.0000, Con=3.9608
2025-09-13 20:49:12,273 - INFO - Batch 230/2278: Loss=1.1897, Cls=0.0014, Reg=0.0000, Con=3.9611
2025-09-13 20:49:13,171 - INFO - Batch 240/2278: Loss=1.2000, Cls=0.0118, Reg=0.0000, Con=3.9607
2025-09-13 20:49:14,086 - INFO - Batch 250/2278: Loss=1.1883, Cls=0.0000, Reg=0.0000, Con=3.9609
2025-09-13 20:49:15,002 - INFO - Batch 260/2278: Loss=1.1917, Cls=0.0035, Reg=0.0000, Con=3.9608
2025-09-13 20:49:15,929 - INFO - Batch 270/2278: Loss=1.2124, Cls=0.0242, Reg=0.0000, Con=3.9607
2025-09-13 20:49:16,864 - INFO - Batch 280/2278: Loss=1.1886, Cls=0.0004, Reg=0.0000, Con=3.9608
2025-09-13 20:49:17,868 - INFO - Batch 290/2278: Loss=1.1924, Cls=0.0042, Reg=0.0000, Con=3.9608
2025-09-13 20:49:18,789 - INFO - Batch 300/2278: Loss=1.1883, Cls=0.0001, Reg=0.0000, Con=3.9607
2025-09-13 20:49:19,772 - INFO - Batch 310/2278: Loss=1.1883, Cls=0.0000, Reg=0.0000, Con=3.9610
2025-09-13 20:49:20,702 - INFO - Batch 320/2278: Loss=1.1886, Cls=0.0003, Reg=0.0000, Con=3.9612
2025-09-13 20:49:21,667 - INFO - Batch 330/2278: Loss=0.0023, Cls=0.0023, Reg=0.0000, Con=0.0000
2025-09-13 20:49:22,632 - INFO - Batch 340/2278: Loss=0.0006, Cls=0.0006, Reg=0.0000, Con=0.0000
2025-09-13 20:49:23,576 - INFO - Batch 350/2278: Loss=1.1884, Cls=0.0001, Reg=0.0000, Con=3.9612
2025-09-13 20:49:24,558 - INFO - Batch 360/2278: Loss=1.1884, Cls=0.0001, Reg=0.0000, Con=3.9611
2025-09-13 20:49:25,467 - INFO - Batch 370/2278: Loss=1.1884, Cls=0.0001, Reg=0.0000, Con=3.9608
2025-09-13 20:49:26,387 - INFO - Batch 380/2278: Loss=1.1886, Cls=0.0004, Reg=0.0000, Con=3.9608
2025-09-13 20:49:27,315 - INFO - Batch 390/2278: Loss=1.1884, Cls=0.0001, Reg=0.0000, Con=3.9609
2025-09-13 20:49:28,213 - INFO - Batch 400/2278: Loss=0.0006, Cls=0.0006, Reg=0.0000, Con=0.0000
2025-09-13 20:49:29,145 - INFO - Batch 410/2278: Loss=1.1883, Cls=0.0000, Reg=0.0000, Con=3.9609
2025-09-13 20:49:30,038 - INFO - Batch 420/2278: Loss=1.1883, Cls=0.0000, Reg=0.0000, Con=3.9609
2025-09-13 20:49:30,959 - INFO - Batch 430/2278: Loss=1.1923, Cls=0.0039, Reg=0.0000, Con=3.9614
2025-09-13 20:49:31,868 - INFO - Batch 440/2278: Loss=0.0000, Cls=0.0000, Reg=0.0000, Con=0.0000
2025-09-13 20:49:32,768 - INFO - Batch 450/2278: Loss=1.1883, Cls=0.0001, Reg=0.0000, Con=3.9608
2025-09-13 20:49:33,696 - INFO - Batch 460/2278: Loss=0.0029, Cls=0.0029, Reg=0.0000, Con=0.0000
2025-09-13 20:49:34,648 - INFO - Batch 470/2278: Loss=0.0000, Cls=0.0000, Reg=0.0000, Con=0.0000
2025-09-13 20:49:35,637 - INFO - Batch 480/2278: Loss=1.1886, Cls=0.0003, Reg=0.0000, Con=3.9609
2025-09-13 20:49:36,567 - INFO - Batch 490/2278: Loss=0.0003, Cls=0.0003, Reg=0.0000, Con=0.0000
2025-09-13 20:49:37,476 - INFO - Batch 500/2278: Loss=0.0000, Cls=0.0000, Reg=0.0000, Con=0.0000
2025-09-13 20:49:38,662 - INFO - Batch 510/2278: Loss=1.1882, Cls=0.0000, Reg=0.0000, Con=3.9608
2025-09-13 20:49:39,594 - INFO - Batch 520/2278: Loss=0.0007, Cls=0.0007, Reg=0.0000, Con=0.0000
2025-09-13 20:49:40,555 - INFO - Batch 530/2278: Loss=1.1905, Cls=0.0023, Reg=0.0000, Con=3.9608
2025-09-13 20:49:41,598 - INFO - Batch 540/2278: Loss=1.1891, Cls=0.0008, Reg=0.0000, Con=3.9609
2025-09-13 20:49:42,507 - INFO - Batch 550/2278: Loss=0.0001, Cls=0.0001, Reg=0.0000, Con=0.0000
2025-09-13 20:49:43,433 - INFO - Batch 560/2278: Loss=1.1910, Cls=0.0027, Reg=0.0000, Con=3.9609
2025-09-13 20:49:44,346 - INFO - Batch 570/2278: Loss=1.1883, Cls=0.0000, Reg=0.0000, Con=3.9608
2025-09-13 20:49:45,255 - INFO - Batch 580/2278: Loss=0.0001, Cls=0.0001, Reg=0.0000, Con=0.0000
2025-09-13 20:49:46,170 - INFO - Batch 590/2278: Loss=1.1905, Cls=0.0023, Reg=0.0000, Con=3.9608
2025-09-13 20:49:47,127 - INFO - Batch 600/2278: Loss=0.0000, Cls=0.0000, Reg=0.0000, Con=0.0000
2025-09-13 20:49:48,081 - INFO - Batch 610/2278: Loss=0.0009, Cls=0.0009, Reg=0.0000, Con=0.0000
2025-09-13 20:49:49,061 - INFO - Batch 620/2278: Loss=1.1882, Cls=0.0000, Reg=0.0000, Con=3.9608
2025-09-13 20:49:49,950 - INFO - Batch 630/2278: Loss=1.1885, Cls=0.0002, Reg=0.0000, Con=3.9611
2025-09-13 20:49:50,895 - INFO - Batch 640/2278: Loss=1.1911, Cls=0.0029, Reg=0.0000, Con=3.9607
2025-09-13 20:49:51,882 - INFO - Batch 650/2278: Loss=1.1886, Cls=0.0003, Reg=0.0000, Con=3.9608
2025-09-13 20:49:52,801 - INFO - Batch 660/2278: Loss=0.0469, Cls=0.0469, Reg=0.0000, Con=0.0000
2025-09-13 20:49:53,770 - INFO - Batch 670/2278: Loss=1.1888, Cls=0.0006, Reg=0.0000, Con=3.9609
2025-09-13 20:49:54,728 - INFO - Batch 680/2278: Loss=0.0000, Cls=0.0000, Reg=0.0000, Con=0.0000
2025-09-13 20:49:55,656 - INFO - Batch 690/2278: Loss=1.1885, Cls=0.0003, Reg=0.0000, Con=3.9609
2025-09-13 20:49:56,567 - INFO - Batch 700/2278: Loss=1.1884, Cls=0.0001, Reg=0.0000, Con=3.9610
2025-09-13 20:49:57,486 - INFO - Batch 710/2278: Loss=1.1885, Cls=0.0002, Reg=0.0000, Con=3.9610
2025-09-13 20:49:58,392 - INFO - Batch 720/2278: Loss=1.1892, Cls=0.0009, Reg=0.0000, Con=3.9610
2025-09-13 20:49:59,320 - INFO - Batch 730/2278: Loss=1.5548, Cls=0.3665, Reg=0.0000, Con=3.9609
2025-09-13 20:50:00,250 - INFO - Batch 740/2278: Loss=1.1882, Cls=0.0000, Reg=0.0000, Con=3.9606
2025-09-13 20:50:01,258 - INFO - Batch 750/2278: Loss=1.1886, Cls=0.0004, Reg=0.0000, Con=3.9606
2025-09-13 20:50:02,158 - INFO - Batch 760/2278: Loss=1.1890, Cls=0.0006, Reg=0.0000, Con=3.9611
2025-09-13 20:50:03,101 - INFO - Batch 770/2278: Loss=1.1885, Cls=0.0002, Reg=0.0000, Con=3.9611
2025-09-13 20:50:04,014 - INFO - Batch 780/2278: Loss=0.0003, Cls=0.0003, Reg=0.0000, Con=0.0000
2025-09-13 20:50:04,970 - INFO - Batch 790/2278: Loss=1.1952, Cls=0.0069, Reg=0.0000, Con=3.9609
2025-09-13 20:50:05,891 - INFO - Batch 800/2278: Loss=1.1898, Cls=0.0015, Reg=0.0000, Con=3.9612
2025-09-13 20:50:06,890 - INFO - Batch 810/2278: Loss=0.0006, Cls=0.0006, Reg=0.0000, Con=0.0000
2025-09-13 20:50:07,816 - INFO - Batch 820/2278: Loss=1.1891, Cls=0.0009, Reg=0.0000, Con=3.9608
2025-09-13 20:50:08,766 - INFO - Batch 830/2278: Loss=1.1883, Cls=0.0000, Reg=0.0000, Con=3.9609
2025-09-13 20:50:09,796 - INFO - Batch 840/2278: Loss=0.0001, Cls=0.0001, Reg=0.0000, Con=0.0000
2025-09-13 20:50:10,784 - INFO - Batch 850/2278: Loss=2.0918, Cls=2.0918, Reg=0.0000, Con=0.0000
2025-09-13 20:50:11,751 - INFO - Batch 860/2278: Loss=1.1904, Cls=0.0021, Reg=0.0000, Con=3.9611
2025-09-13 20:50:12,680 - INFO - Batch 870/2278: Loss=1.1883, Cls=0.0000, Reg=0.0000, Con=3.9609
2025-09-13 20:50:13,693 - INFO - Batch 880/2278: Loss=0.0000, Cls=0.0000, Reg=0.0000, Con=0.0000
2025-09-13 20:50:14,619 - INFO - Batch 890/2278: Loss=1.1883, Cls=0.0000, Reg=0.0000, Con=3.9609
2025-09-13 20:50:15,677 - INFO - Batch 900/2278: Loss=0.0000, Cls=0.0000, Reg=0.0000, Con=0.0000
2025-09-13 20:50:16,613 - INFO - Batch 910/2278: Loss=0.0035, Cls=0.0035, Reg=0.0000, Con=0.0000
2025-09-13 20:50:17,540 - INFO - Batch 920/2278: Loss=0.0001, Cls=0.0001, Reg=0.0000, Con=0.0000
2025-09-13 20:50:18,430 - INFO - Batch 930/2278: Loss=0.0148, Cls=0.0148, Reg=0.0000, Con=0.0000
2025-09-13 20:50:19,329 - INFO - Batch 940/2278: Loss=1.1898, Cls=0.0014, Reg=0.0000, Con=3.9613
2025-09-13 20:50:20,213 - INFO - Batch 950/2278: Loss=0.0000, Cls=0.0000, Reg=0.0000, Con=0.0000
2025-09-13 20:50:21,102 - INFO - Batch 960/2278: Loss=0.0010, Cls=0.0010, Reg=0.0000, Con=0.0000
2025-09-13 20:50:21,998 - INFO - Batch 970/2278: Loss=1.1974, Cls=0.0092, Reg=0.0000, Con=3.9608
2025-09-13 20:50:22,889 - INFO - Batch 980/2278: Loss=1.1894, Cls=0.0011, Reg=0.0000, Con=3.9609
2025-09-13 20:50:23,788 - INFO - Batch 990/2278: Loss=1.1931, Cls=0.0048, Reg=0.0000, Con=3.9609
2025-09-13 20:50:24,656 - INFO - Batch 1000/2278: Loss=1.1883, Cls=0.0000, Reg=0.0000, Con=3.9610
2025-09-13 20:50:25,560 - INFO - Batch 1010/2278: Loss=1.1893, Cls=0.0011, Reg=0.0000, Con=3.9608
2025-09-13 20:50:26,471 - INFO - Batch 1020/2278: Loss=1.1885, Cls=0.0002, Reg=0.0000, Con=3.9608
2025-09-13 20:50:27,387 - INFO - Batch 1030/2278: Loss=0.0013, Cls=0.0013, Reg=0.0000, Con=0.0000
2025-09-13 20:50:28,327 - INFO - Batch 1040/2278: Loss=1.1884, Cls=0.0000, Reg=0.0000, Con=3.9613
2025-09-13 20:50:29,216 - INFO - Batch 1050/2278: Loss=0.0000, Cls=0.0000, Reg=0.0000, Con=0.0000
2025-09-13 20:50:30,105 - INFO - Batch 1060/2278: Loss=1.1884, Cls=0.0001, Reg=0.0000, Con=3.9611
2025-09-13 20:50:31,015 - INFO - Batch 1070/2278: Loss=1.1887, Cls=0.0004, Reg=0.0000, Con=3.9609
2025-09-13 20:50:31,907 - INFO - Batch 1080/2278: Loss=0.0000, Cls=0.0000, Reg=0.0000, Con=0.0000
2025-09-13 20:50:32,820 - INFO - Batch 1090/2278: Loss=1.1884, Cls=0.0001, Reg=0.0000, Con=3.9611
2025-09-13 20:50:33,698 - INFO - Batch 1100/2278: Loss=1.1883, Cls=0.0000, Reg=0.0000, Con=3.9611
2025-09-13 20:50:34,577 - INFO - Batch 1110/2278: Loss=0.0043, Cls=0.0043, Reg=0.0000, Con=0.0000
2025-09-13 20:50:35,494 - INFO - Batch 1120/2278: Loss=0.0000, Cls=0.0000, Reg=0.0000, Con=0.0000
2025-09-13 20:50:36,398 - INFO - Batch 1130/2278: Loss=0.0000, Cls=0.0000, Reg=0.0000, Con=0.0000
2025-09-13 20:50:37,295 - INFO - Batch 1140/2278: Loss=1.1943, Cls=0.0060, Reg=0.0000, Con=3.9609
2025-09-13 20:50:38,169 - INFO - Batch 1150/2278: Loss=0.0006, Cls=0.0006, Reg=0.0000, Con=0.0000
2025-09-13 20:50:39,114 - INFO - Batch 1160/2278: Loss=0.0002, Cls=0.0002, Reg=0.0000, Con=0.0000
2025-09-13 20:50:40,012 - INFO - Batch 1170/2278: Loss=1.1883, Cls=0.0001, Reg=0.0000, Con=3.9608
2025-09-13 20:50:40,928 - INFO - Batch 1180/2278: Loss=1.1884, Cls=0.0001, Reg=0.0000, Con=3.9613
2025-09-13 20:50:41,846 - INFO - Batch 1190/2278: Loss=1.1883, Cls=0.0000, Reg=0.0000, Con=3.9609
2025-09-13 20:50:42,735 - INFO - Batch 1200/2278: Loss=1.1884, Cls=0.0001, Reg=0.0000, Con=3.9611
2025-09-13 20:50:43,632 - INFO - Batch 1210/2278: Loss=1.1961, Cls=0.0078, Reg=0.0000, Con=3.9611
2025-09-13 20:50:44,544 - INFO - Batch 1220/2278: Loss=1.1977, Cls=0.0094, Reg=0.0000, Con=3.9609
2025-09-13 20:50:45,453 - INFO - Batch 1230/2278: Loss=0.0000, Cls=0.0000, Reg=0.0000, Con=0.0000
2025-09-13 20:50:46,346 - INFO - Batch 1240/2278: Loss=1.1895, Cls=0.0013, Reg=0.0000, Con=3.9608
2025-09-13 20:50:47,255 - INFO - Batch 1250/2278: Loss=1.1883, Cls=0.0000, Reg=0.0000, Con=3.9609
2025-09-13 20:50:48,183 - INFO - Batch 1260/2278: Loss=1.4357, Cls=1.4357, Reg=0.0000, Con=0.0000
2025-09-13 20:50:49,117 - INFO - Batch 1270/2278: Loss=1.1883, Cls=0.0000, Reg=0.0000, Con=3.9610
2025-09-13 20:50:50,012 - INFO - Batch 1280/2278: Loss=1.1883, Cls=0.0001, Reg=0.0000, Con=3.9607
2025-09-13 20:50:51,008 - INFO - Batch 1290/2278: Loss=0.0000, Cls=0.0000, Reg=0.0000, Con=0.0000
2025-09-13 20:50:51,900 - INFO - Batch 1300/2278: Loss=0.0009, Cls=0.0009, Reg=0.0000, Con=0.0000
2025-09-13 20:50:52,810 - INFO - Batch 1310/2278: Loss=1.2128, Cls=0.0245, Reg=0.0000, Con=3.9608
2025-09-13 20:50:53,731 - INFO - Batch 1320/2278: Loss=1.1884, Cls=0.0001, Reg=0.0000, Con=3.9610
2025-09-13 20:50:54,626 - INFO - Batch 1330/2278: Loss=1.1889, Cls=0.0006, Reg=0.0000, Con=3.9610
2025-09-13 20:50:55,510 - INFO - Batch 1340/2278: Loss=1.1883, Cls=0.0000, Reg=0.0000, Con=3.9608
2025-09-13 20:50:56,406 - INFO - Batch 1350/2278: Loss=1.1933, Cls=0.0051, Reg=0.0000, Con=3.9608
2025-09-13 20:50:57,321 - INFO - Batch 1360/2278: Loss=1.1884, Cls=0.0000, Reg=0.0000, Con=3.9612
2025-09-13 20:50:58,241 - INFO - Batch 1370/2278: Loss=1.1896, Cls=0.0013, Reg=0.0000, Con=3.9610
2025-09-13 20:50:59,160 - INFO - Batch 1380/2278: Loss=1.1883, Cls=0.0001, Reg=0.0000, Con=3.9608
2025-09-13 20:51:00,062 - INFO - Batch 1390/2278: Loss=1.1883, Cls=0.0000, Reg=0.0000, Con=3.9610
2025-09-13 20:51:00,982 - INFO - Batch 1400/2278: Loss=1.1885, Cls=0.0000, Reg=0.0000, Con=3.9615
2025-09-13 20:51:01,879 - INFO - Batch 1410/2278: Loss=0.0009, Cls=0.0009, Reg=0.0000, Con=0.0000
2025-09-13 20:51:02,827 - INFO - Batch 1420/2278: Loss=1.1935, Cls=0.0052, Reg=0.0000, Con=3.9610
2025-09-13 20:51:03,724 - INFO - Batch 1430/2278: Loss=0.0000, Cls=0.0000, Reg=0.0000, Con=0.0000
2025-09-13 20:51:04,651 - INFO - Batch 1440/2278: Loss=1.1882, Cls=0.0000, Reg=0.0000, Con=3.9606
2025-09-13 20:51:05,573 - INFO - Batch 1450/2278: Loss=0.0000, Cls=0.0000, Reg=0.0000, Con=0.0000
2025-09-13 20:51:06,456 - INFO - Batch 1460/2278: Loss=0.0012, Cls=0.0012, Reg=0.0000, Con=0.0000
2025-09-13 20:51:07,388 - INFO - Batch 1470/2278: Loss=1.1885, Cls=0.0002, Reg=0.0000, Con=3.9607
2025-09-13 20:51:08,284 - INFO - Batch 1480/2278: Loss=1.1884, Cls=0.0002, Reg=0.0000, Con=3.9608
2025-09-13 20:51:09,207 - INFO - Batch 1490/2278: Loss=0.0000, Cls=0.0000, Reg=0.0000, Con=0.0000
2025-09-13 20:51:10,115 - INFO - Batch 1500/2278: Loss=1.1891, Cls=0.0008, Reg=0.0000, Con=3.9610
2025-09-13 20:51:11,026 - INFO - Batch 1510/2278: Loss=1.1900, Cls=0.0018, Reg=0.0000, Con=3.9609
2025-09-13 20:51:11,897 - INFO - Batch 1520/2278: Loss=0.0000, Cls=0.0000, Reg=0.0000, Con=0.0000
2025-09-13 20:51:12,818 - INFO - Batch 1530/2278: Loss=1.1882, Cls=0.0000, Reg=0.0000, Con=3.9608
2025-09-13 20:51:13,735 - INFO - Batch 1540/2278: Loss=1.1886, Cls=0.0003, Reg=0.0000, Con=3.9610
2025-09-13 20:51:14,631 - INFO - Batch 1550/2278: Loss=1.1888, Cls=0.0005, Reg=0.0000, Con=3.9611
2025-09-13 20:51:15,516 - INFO - Batch 1560/2278: Loss=1.1883, Cls=0.0000, Reg=0.0000, Con=3.9608
2025-09-13 20:51:16,417 - INFO - Batch 1570/2278: Loss=0.0000, Cls=0.0000, Reg=0.0000, Con=0.0000
2025-09-13 20:51:17,332 - INFO - Batch 1580/2278: Loss=1.1882, Cls=0.0000, Reg=0.0000, Con=3.9608
2025-09-13 20:51:18,261 - INFO - Batch 1590/2278: Loss=0.0000, Cls=0.0000, Reg=0.0000, Con=0.0000
2025-09-13 20:51:19,167 - INFO - Batch 1600/2278: Loss=1.1904, Cls=0.0021, Reg=0.0000, Con=3.9608
2025-09-13 20:51:20,030 - INFO - Batch 1610/2278: Loss=0.0000, Cls=0.0000, Reg=0.0000, Con=0.0000
2025-09-13 20:51:20,954 - INFO - Batch 1620/2278: Loss=1.1888, Cls=0.0005, Reg=0.0000, Con=3.9608
2025-09-13 20:51:21,841 - INFO - Batch 1630/2278: Loss=1.1885, Cls=0.0002, Reg=0.0000, Con=3.9610
2025-09-13 20:51:22,739 - INFO - Batch 1640/2278: Loss=0.0000, Cls=0.0000, Reg=0.0000, Con=0.0000
2025-09-13 20:51:23,641 - INFO - Batch 1650/2278: Loss=1.1883, Cls=0.0000, Reg=0.0000, Con=3.9609
2025-09-13 20:51:24,545 - INFO - Batch 1660/2278: Loss=1.1884, Cls=0.0000, Reg=0.0000, Con=3.9613
2025-09-13 20:51:25,416 - INFO - Batch 1670/2278: Loss=1.1885, Cls=0.0002, Reg=0.0000, Con=3.9609
2025-09-13 20:51:26,313 - INFO - Batch 1680/2278: Loss=1.1884, Cls=0.0002, Reg=0.0000, Con=3.9607
2025-09-13 20:51:27,203 - INFO - Batch 1690/2278: Loss=1.1895, Cls=0.0012, Reg=0.0000, Con=3.9610
2025-09-13 20:51:28,095 - INFO - Batch 1700/2278: Loss=1.1887, Cls=0.0005, Reg=0.0000, Con=3.9608
2025-09-13 20:51:28,989 - INFO - Batch 1710/2278: Loss=0.0000, Cls=0.0000, Reg=0.0000, Con=0.0000
2025-09-13 20:51:29,874 - INFO - Batch 1720/2278: Loss=0.0001, Cls=0.0001, Reg=0.0000, Con=0.0000
2025-09-13 20:51:30,764 - INFO - Batch 1730/2278: Loss=1.1893, Cls=0.0010, Reg=0.0000, Con=3.9608
2025-09-13 20:51:31,681 - INFO - Batch 1740/2278: Loss=1.1895, Cls=0.0013, Reg=0.0000, Con=3.9609
2025-09-13 20:51:32,607 - INFO - Batch 1750/2278: Loss=0.3680, Cls=0.3680, Reg=0.0000, Con=0.0000
2025-09-13 20:51:33,532 - INFO - Batch 1760/2278: Loss=1.1884, Cls=0.0000, Reg=0.0000, Con=3.9612
2025-09-13 20:51:34,424 - INFO - Batch 1770/2278: Loss=0.0023, Cls=0.0023, Reg=0.0000, Con=0.0000
2025-09-13 20:51:35,315 - INFO - Batch 1780/2278: Loss=0.0127, Cls=0.0127, Reg=0.0000, Con=0.0000
2025-09-13 20:51:36,198 - INFO - Batch 1790/2278: Loss=0.0005, Cls=0.0005, Reg=0.0000, Con=0.0000
2025-09-13 20:51:37,093 - INFO - Batch 1800/2278: Loss=1.1900, Cls=0.0018, Reg=0.0000, Con=3.9607
2025-09-13 20:51:37,990 - INFO - Batch 1810/2278: Loss=0.0016, Cls=0.0016, Reg=0.0000, Con=0.0000
2025-09-13 20:51:38,873 - INFO - Batch 1820/2278: Loss=0.0014, Cls=0.0014, Reg=0.0000, Con=0.0000
2025-09-13 20:51:39,795 - INFO - Batch 1830/2278: Loss=1.1916, Cls=0.0034, Reg=0.0000, Con=3.9608
2025-09-13 20:51:40,745 - INFO - Batch 1840/2278: Loss=0.0001, Cls=0.0001, Reg=0.0000, Con=0.0000
2025-09-13 20:51:41,815 - INFO - Batch 1850/2278: Loss=1.1883, Cls=0.0000, Reg=0.0000, Con=3.9609
2025-09-13 20:51:42,895 - INFO - Batch 1860/2278: Loss=1.1882, Cls=0.0000, Reg=0.0000, Con=3.9607
2025-09-13 20:51:43,954 - INFO - Batch 1870/2278: Loss=0.0004, Cls=0.0004, Reg=0.0000, Con=0.0000
2025-09-13 20:51:44,957 - INFO - Batch 1880/2278: Loss=1.1889, Cls=0.0007, Reg=0.0000, Con=3.9607
2025-09-13 20:51:45,864 - INFO - Batch 1890/2278: Loss=0.0000, Cls=0.0000, Reg=0.0000, Con=0.0000
2025-09-13 20:51:46,762 - INFO - Batch 1900/2278: Loss=2.5079, Cls=2.5079, Reg=0.0000, Con=0.0000
2025-09-13 20:51:47,634 - INFO - Batch 1910/2278: Loss=1.1883, Cls=0.0000, Reg=0.0000, Con=3.9610
2025-09-13 20:51:48,514 - INFO - Batch 1920/2278: Loss=0.0000, Cls=0.0000, Reg=0.0000, Con=0.0000
2025-09-13 20:51:49,428 - INFO - Batch 1930/2278: Loss=1.1886, Cls=0.0002, Reg=0.0000, Con=3.9611
2025-09-13 20:51:50,310 - INFO - Batch 1940/2278: Loss=1.1889, Cls=0.0007, Reg=0.0000, Con=3.9607
2025-09-13 20:51:51,215 - INFO - Batch 1950/2278: Loss=1.1883, Cls=0.0000, Reg=0.0000, Con=3.9609
2025-09-13 20:51:52,122 - INFO - Batch 1960/2278: Loss=1.1884, Cls=0.0001, Reg=0.0000, Con=3.9610
2025-09-13 20:51:53,015 - INFO - Batch 1970/2278: Loss=0.0000, Cls=0.0000, Reg=0.0000, Con=0.0000
2025-09-13 20:51:53,966 - INFO - Batch 1980/2278: Loss=1.1946, Cls=0.0063, Reg=0.0000, Con=3.9610
2025-09-13 20:51:54,857 - INFO - Batch 1990/2278: Loss=1.1886, Cls=0.0004, Reg=0.0000, Con=3.9608
2025-09-13 20:51:55,734 - INFO - Batch 2000/2278: Loss=1.1901, Cls=0.0017, Reg=0.0000, Con=3.9610
2025-09-13 20:51:56,658 - INFO - Batch 2010/2278: Loss=1.1891, Cls=0.0008, Reg=0.0000, Con=3.9608
2025-09-13 20:51:57,558 - INFO - Batch 2020/2278: Loss=1.1883, Cls=0.0001, Reg=0.0000, Con=3.9608
2025-09-13 20:51:58,467 - INFO - Batch 2030/2278: Loss=1.2190, Cls=0.0307, Reg=0.0000, Con=3.9608
2025-09-13 20:51:59,355 - INFO - Batch 2040/2278: Loss=1.1889, Cls=0.0006, Reg=0.0000, Con=3.9610
2025-09-13 20:52:00,275 - INFO - Batch 2050/2278: Loss=0.0001, Cls=0.0001, Reg=0.0000, Con=0.0000
2025-09-13 20:52:01,158 - INFO - Batch 2060/2278: Loss=1.1935, Cls=0.0052, Reg=0.0000, Con=3.9609
2025-09-13 20:52:02,068 - INFO - Batch 2070/2278: Loss=0.0027, Cls=0.0027, Reg=0.0000, Con=0.0000
2025-09-13 20:52:02,974 - INFO - Batch 2080/2278: Loss=1.1884, Cls=0.0000, Reg=0.0000, Con=3.9613
2025-09-13 20:52:03,857 - INFO - Batch 2090/2278: Loss=1.1888, Cls=0.0005, Reg=0.0000, Con=3.9607
2025-09-13 20:52:04,766 - INFO - Batch 2100/2278: Loss=1.1886, Cls=0.0000, Reg=0.0000, Con=3.9619
2025-09-13 20:52:05,665 - INFO - Batch 2110/2278: Loss=1.1906, Cls=0.0023, Reg=0.0000, Con=3.9609
2025-09-13 20:52:06,575 - INFO - Batch 2120/2278: Loss=1.0060, Cls=1.0060, Reg=0.0000, Con=0.0000
2025-09-13 20:52:07,482 - INFO - Batch 2130/2278: Loss=0.0001, Cls=0.0001, Reg=0.0000, Con=0.0000
2025-09-13 20:52:08,393 - INFO - Batch 2140/2278: Loss=0.0001, Cls=0.0001, Reg=0.0000, Con=0.0000
2025-09-13 20:52:09,253 - INFO - Batch 2150/2278: Loss=1.1883, Cls=0.0000, Reg=0.0000, Con=3.9608
2025-09-13 20:52:10,139 - INFO - Batch 2160/2278: Loss=1.2185, Cls=0.0303, Reg=0.0000, Con=3.9609
2025-09-13 20:52:11,020 - INFO - Batch 2170/2278: Loss=1.1896, Cls=0.0014, Reg=0.0000, Con=3.9608
2025-09-13 20:52:11,916 - INFO - Batch 2180/2278: Loss=0.0035, Cls=0.0035, Reg=0.0000, Con=0.0000
2025-09-13 20:52:12,791 - INFO - Batch 2190/2278: Loss=1.1886, Cls=0.0003, Reg=0.0000, Con=3.9609
2025-09-13 20:52:13,705 - INFO - Batch 2200/2278: Loss=1.1884, Cls=0.0002, Reg=0.0000, Con=3.9608
2025-09-13 20:52:14,593 - INFO - Batch 2210/2278: Loss=0.0000, Cls=0.0000, Reg=0.0000, Con=0.0000
2025-09-13 20:52:15,494 - INFO - Batch 2220/2278: Loss=0.0002, Cls=0.0002, Reg=0.0000, Con=0.0000
2025-09-13 20:52:16,376 - INFO - Batch 2230/2278: Loss=1.1883, Cls=0.0000, Reg=0.0000, Con=3.9609
2025-09-13 20:52:17,267 - INFO - Batch 2240/2278: Loss=7.1454, Cls=5.9569, Reg=0.0000, Con=3.9617
2025-09-13 20:52:18,168 - INFO - Batch 2250/2278: Loss=1.1883, Cls=0.0000, Reg=0.0000, Con=3.9608
2025-09-13 20:52:19,145 - INFO - Batch 2260/2278: Loss=0.0001, Cls=0.0001, Reg=0.0000, Con=0.0000
2025-09-13 20:52:20,083 - INFO - Batch 2270/2278: Loss=0.0006, Cls=0.0006, Reg=0.0000, Con=0.0000
2025-09-13 20:55:48,837 - INFO - === Epoch 3 Results ===
2025-09-13 20:55:48,837 - INFO - Training Loss: 0.8734 (Classification: 0.0993, Regression: 0.0000)
2025-09-13 20:55:48,837 - INFO - Validation Loss: 0.0390 (Classification: 0.0390, Regression: 0.0000)
2025-09-13 20:55:48,837 - INFO - Average Classification Accuracy: 0.9671 (on 1/26 tasks)
2025-09-13 20:55:48,837 - INFO - Average AUC: 0.8486
2025-09-13 20:55:53,005 - INFO - Best model saved to: experiments/r1c3_single_cls_20_seed_42_20250913_203503/checkpoints/r1c3_single_cls_20_seed_42_best.pth
2025-09-13 20:55:53,006 - INFO - Training finished!
2025-09-13 20:55:53,006 - INFO - Performing final evaluation...
2025-09-13 20:55:53,275 - INFO - Loaded best model from: experiments/r1c3_single_cls_20_seed_42_20250913_203503/checkpoints/r1c3_single_cls_20_seed_42_best.pth
2025-09-13 20:59:20,772 - INFO - Final Validation Results:
2025-09-13 20:59:20,773 - INFO -   Total Loss: 0.0390
2025-09-13 20:59:20,773 - INFO -   Classification Loss: 0.0390
2025-09-13 20:59:20,773 - INFO -   Regression Loss: 0.0000
2025-09-13 20:59:20,773 - INFO -   Average Classification Accuracy: 0.9671
2025-09-13 20:59:20,773 - INFO -   Average AUC: 0.8486
2025-09-13 20:59:20,773 - INFO - Results saved to: experiments/r1c3_single_cls_20_seed_42_20250913_203503/checkpoints/r1c3_single_cls_20_seed_42_results.json
