2025-09-14 02:28:03,116 - INFO - 🔬 Starting experiment: r1c3_headft_cls_13_seed_42
2025-09-14 02:28:03,116 - INFO - 📁 Experiment directory: experiments/r1c3_headft_cls_13_seed_42_20250914_022802
2025-09-14 02:28:03,116 - INFO - 🎲 Random seed: 42
2025-09-14 02:28:03,116 - INFO - 🔒 Deterministic mode: True
2025-09-14 02:28:03,116 - INFO - Using device: cuda
2025-09-14 02:28:03,116 - INFO - Total GPU Memory: 25.16 GB
2025-09-14 02:28:03,133 - INFO - 🧪 Fusion: Using cross-attention dynamic fusion
2025-09-14 02:28:03,133 - INFO - 🧪 GNN Backbone: Using default GraphAttentionNetwork branch
2025-09-14 02:28:03,133 - INFO - 🎯 Task Mode: Single classification endpoint 13
2025-09-14 02:28:03,133 - INFO - Configuration saved to: experiments/r1c3_headft_cls_13_seed_42_20250914_022802/checkpoints/config.json
2025-09-14 02:28:03,134 - INFO - 🚀 Using preprocessed data from: /mnt/backup2/ai4s/backupunimolpy/responds-work/ToxD4C/data/data/processed
2025-09-14 02:28:03,134 - INFO - Loading LMDB dataset from: /mnt/backup2/ai4s/backupunimolpy/responds-work/ToxD4C/data/data/processed
2025-09-14 02:28:03,638 - INFO - Number of training batches: 2278
2025-09-14 02:28:03,638 - INFO - Number of validation batches: 2278
2025-09-14 02:28:03,638 - INFO - Number of test batches: 2278
2025-09-14 02:28:03,638 - INFO - Creating ToxD4C model...
2025-09-14 02:28:04,652 - INFO - Model created successfully. Total parameters: 100,932,036
2025-09-14 02:28:04,652 - INFO - Testing model forward pass...
2025-09-14 02:28:05,078 - INFO - Test output shapes:
2025-09-14 02:28:05,078 - INFO -   classification: torch.Size([16, 1])
2025-09-14 02:28:05,081 - INFO -   classification contains NaN: False
2025-09-14 02:28:05,081 - INFO -   classification contains Inf: False
2025-09-14 02:28:05,081 - INFO -   regression: torch.Size([16, 0])
2025-09-14 02:28:05,081 - INFO -   regression contains NaN: False
2025-09-14 02:28:05,081 - INFO -   regression contains Inf: False
2025-09-14 02:28:05,081 - INFO - Model forward pass test successful!
2025-09-14 02:28:05,763 - INFO - 🔁 Loaded checkpoint from: /mnt/backup2/ai4s/backupunimolpy/responds-work/ToxD4C/experiments/r1c3_multi_full_seed_42_20250913_152627/checkpoints/r1c3_multi_full_seed_42_best.pth
2025-09-14 02:28:05,764 - INFO - 🧩 Head-only fine-tuning: unfroze head for task 'CYP3A4' and froze trunk.
2025-09-14 02:28:05,765 - INFO - Starting training...
2025-09-14 02:28:05,765 - INFO - 
Epoch 1/3
2025-09-14 02:28:05,931 - INFO - Batch 0/2278: Loss=1.4213, Cls=0.2330, Reg=0.0000, Con=3.9609
2025-09-14 02:28:06,832 - INFO - Batch 10/2278: Loss=1.3873, Cls=0.1991, Reg=0.0000, Con=3.9608
2025-09-14 02:28:07,707 - INFO - Batch 20/2278: Loss=1.5989, Cls=0.4106, Reg=0.0000, Con=3.9610
2025-09-14 02:28:08,631 - INFO - Batch 30/2278: Loss=0.0004, Cls=0.0004, Reg=0.0000, Con=0.0000
2025-09-14 02:28:09,506 - INFO - Batch 40/2278: Loss=0.2224, Cls=0.2224, Reg=0.0000, Con=0.0000
2025-09-14 02:28:10,387 - INFO - Batch 50/2278: Loss=1.3037, Cls=0.1154, Reg=0.0000, Con=3.9609
2025-09-14 02:28:11,266 - INFO - Batch 60/2278: Loss=1.3825, Cls=0.1942, Reg=0.0000, Con=3.9609
2025-09-14 02:28:12,135 - INFO - Batch 70/2278: Loss=2.0892, Cls=0.9010, Reg=0.0000, Con=3.9608
2025-09-14 02:28:13,001 - INFO - Batch 80/2278: Loss=0.0498, Cls=0.0498, Reg=0.0000, Con=0.0000
2025-09-14 02:28:13,893 - INFO - Batch 90/2278: Loss=0.6307, Cls=0.6307, Reg=0.0000, Con=0.0000
2025-09-14 02:28:14,746 - INFO - Batch 100/2278: Loss=2.0082, Cls=0.8200, Reg=0.0000, Con=3.9608
2025-09-14 02:28:15,641 - INFO - Batch 110/2278: Loss=0.0017, Cls=0.0017, Reg=0.0000, Con=0.0000
2025-09-14 02:28:16,614 - INFO - Batch 120/2278: Loss=1.2216, Cls=0.0334, Reg=0.0000, Con=3.9609
2025-09-14 02:28:17,490 - INFO - Batch 130/2278: Loss=1.1926, Cls=0.0043, Reg=0.0000, Con=3.9609
2025-09-14 02:28:18,384 - INFO - Batch 140/2278: Loss=1.2476, Cls=0.0591, Reg=0.0000, Con=3.9615
2025-09-14 02:28:19,289 - INFO - Batch 150/2278: Loss=1.2422, Cls=0.0538, Reg=0.0000, Con=3.9613
2025-09-14 02:28:20,193 - INFO - Batch 160/2278: Loss=2.0260, Cls=0.8377, Reg=0.0000, Con=3.9611
2025-09-14 02:28:21,078 - INFO - Batch 170/2278: Loss=1.1924, Cls=0.0041, Reg=0.0000, Con=3.9611
2025-09-14 02:28:22,031 - INFO - Batch 180/2278: Loss=1.2063, Cls=0.0180, Reg=0.0000, Con=3.9610
2025-09-14 02:28:22,988 - INFO - Batch 190/2278: Loss=1.1977, Cls=0.0095, Reg=0.0000, Con=3.9608
2025-09-14 02:28:23,872 - INFO - Batch 200/2278: Loss=1.6449, Cls=0.4566, Reg=0.0000, Con=3.9608
2025-09-14 02:28:24,891 - INFO - Batch 210/2278: Loss=0.3705, Cls=0.3705, Reg=0.0000, Con=0.0000
2025-09-14 02:28:25,818 - INFO - Batch 220/2278: Loss=1.1971, Cls=0.0089, Reg=0.0000, Con=3.9608
2025-09-14 02:28:26,744 - INFO - Batch 230/2278: Loss=1.2259, Cls=0.0376, Reg=0.0000, Con=3.9609
2025-09-14 02:28:27,646 - INFO - Batch 240/2278: Loss=1.7352, Cls=0.5469, Reg=0.0000, Con=3.9608
2025-09-14 02:28:28,603 - INFO - Batch 250/2278: Loss=1.7426, Cls=0.5544, Reg=0.0000, Con=3.9608
2025-09-14 02:28:29,477 - INFO - Batch 260/2278: Loss=0.1390, Cls=0.1390, Reg=0.0000, Con=0.0000
2025-09-14 02:28:30,382 - INFO - Batch 270/2278: Loss=0.2519, Cls=0.2519, Reg=0.0000, Con=0.0000
2025-09-14 02:28:31,249 - INFO - Batch 280/2278: Loss=1.2996, Cls=0.1113, Reg=0.0000, Con=3.9611
2025-09-14 02:28:32,169 - INFO - Batch 290/2278: Loss=0.0013, Cls=0.0013, Reg=0.0000, Con=0.0000
2025-09-14 02:28:33,066 - INFO - Batch 300/2278: Loss=1.2000, Cls=0.0118, Reg=0.0000, Con=3.9609
2025-09-14 02:28:33,962 - INFO - Batch 310/2278: Loss=1.2328, Cls=0.0446, Reg=0.0000, Con=3.9609
2025-09-14 02:28:34,811 - INFO - Batch 320/2278: Loss=0.4446, Cls=0.4446, Reg=0.0000, Con=0.0000
2025-09-14 02:28:35,724 - INFO - Batch 330/2278: Loss=1.7255, Cls=0.5373, Reg=0.0000, Con=3.9609
2025-09-14 02:28:36,596 - INFO - Batch 340/2278: Loss=1.2215, Cls=0.0331, Reg=0.0000, Con=3.9610
2025-09-14 02:28:37,501 - INFO - Batch 350/2278: Loss=1.3536, Cls=0.1653, Reg=0.0000, Con=3.9610
2025-09-14 02:28:38,387 - INFO - Batch 360/2278: Loss=1.1946, Cls=0.0063, Reg=0.0000, Con=3.9607
2025-09-14 02:28:39,271 - INFO - Batch 370/2278: Loss=1.3053, Cls=0.1171, Reg=0.0000, Con=3.9608
2025-09-14 02:28:40,148 - INFO - Batch 380/2278: Loss=1.4363, Cls=0.2481, Reg=0.0000, Con=3.9607
2025-09-14 02:28:41,038 - INFO - Batch 390/2278: Loss=1.2517, Cls=0.0635, Reg=0.0000, Con=3.9607
2025-09-14 02:28:41,927 - INFO - Batch 400/2278: Loss=0.0003, Cls=0.0003, Reg=0.0000, Con=0.0000
2025-09-14 02:28:42,798 - INFO - Batch 410/2278: Loss=1.7668, Cls=0.5785, Reg=0.0000, Con=3.9609
2025-09-14 02:28:43,677 - INFO - Batch 420/2278: Loss=1.6324, Cls=0.4442, Reg=0.0000, Con=3.9608
2025-09-14 02:28:44,560 - INFO - Batch 430/2278: Loss=1.1905, Cls=0.0022, Reg=0.0000, Con=3.9607
2025-09-14 02:28:45,436 - INFO - Batch 440/2278: Loss=1.1934, Cls=0.0052, Reg=0.0000, Con=3.9608
2025-09-14 02:28:46,312 - INFO - Batch 450/2278: Loss=1.2476, Cls=0.0594, Reg=0.0000, Con=3.9607
2025-09-14 02:28:47,184 - INFO - Batch 460/2278: Loss=1.2059, Cls=0.0177, Reg=0.0000, Con=3.9607
2025-09-14 02:28:48,083 - INFO - Batch 470/2278: Loss=1.2253, Cls=0.0369, Reg=0.0000, Con=3.9611
2025-09-14 02:28:48,965 - INFO - Batch 480/2278: Loss=1.1905, Cls=0.0023, Reg=0.0000, Con=3.9607
2025-09-14 02:28:49,840 - INFO - Batch 490/2278: Loss=0.0502, Cls=0.0502, Reg=0.0000, Con=0.0000
2025-09-14 02:28:50,719 - INFO - Batch 500/2278: Loss=1.2104, Cls=0.0222, Reg=0.0000, Con=3.9608
2025-09-14 02:28:51,587 - INFO - Batch 510/2278: Loss=1.2529, Cls=0.0647, Reg=0.0000, Con=3.9609
2025-09-14 02:28:52,454 - INFO - Batch 520/2278: Loss=1.2034, Cls=0.0152, Reg=0.0000, Con=3.9608
2025-09-14 02:28:53,324 - INFO - Batch 530/2278: Loss=1.2330, Cls=0.0447, Reg=0.0000, Con=3.9608
2025-09-14 02:28:54,227 - INFO - Batch 540/2278: Loss=4.5419, Cls=3.3537, Reg=0.0000, Con=3.9609
2025-09-14 02:28:55,105 - INFO - Batch 550/2278: Loss=1.1926, Cls=0.0044, Reg=0.0000, Con=3.9607
2025-09-14 02:28:55,990 - INFO - Batch 560/2278: Loss=1.1957, Cls=0.0075, Reg=0.0000, Con=3.9608
2025-09-14 02:28:56,904 - INFO - Batch 570/2278: Loss=1.5634, Cls=0.3752, Reg=0.0000, Con=3.9608
2025-09-14 02:28:57,789 - INFO - Batch 580/2278: Loss=0.5037, Cls=0.5037, Reg=0.0000, Con=0.0000
2025-09-14 02:28:58,653 - INFO - Batch 590/2278: Loss=0.0016, Cls=0.0016, Reg=0.0000, Con=0.0000
2025-09-14 02:28:59,543 - INFO - Batch 600/2278: Loss=1.1891, Cls=0.0008, Reg=0.0000, Con=3.9609
2025-09-14 02:29:00,424 - INFO - Batch 610/2278: Loss=1.1912, Cls=0.0029, Reg=0.0000, Con=3.9609
2025-09-14 02:29:01,293 - INFO - Batch 620/2278: Loss=1.1945, Cls=0.0062, Reg=0.0000, Con=3.9608
2025-09-14 02:29:02,174 - INFO - Batch 630/2278: Loss=0.0000, Cls=0.0000, Reg=0.0000, Con=0.0000
2025-09-14 02:29:03,083 - INFO - Batch 640/2278: Loss=1.2142, Cls=0.0260, Reg=0.0000, Con=3.9608
2025-09-14 02:29:03,971 - INFO - Batch 650/2278: Loss=1.1910, Cls=0.0026, Reg=0.0000, Con=3.9613
2025-09-14 02:29:04,838 - INFO - Batch 660/2278: Loss=1.3988, Cls=0.2105, Reg=0.0000, Con=3.9608
2025-09-14 02:29:05,734 - INFO - Batch 670/2278: Loss=1.5386, Cls=0.3504, Reg=0.0000, Con=3.9608
2025-09-14 02:29:06,606 - INFO - Batch 680/2278: Loss=2.0437, Cls=0.8555, Reg=0.0000, Con=3.9608
2025-09-14 02:29:07,751 - INFO - Batch 690/2278: Loss=0.1328, Cls=0.1328, Reg=0.0000, Con=0.0000
2025-09-14 02:29:08,668 - INFO - Batch 700/2278: Loss=0.0018, Cls=0.0018, Reg=0.0000, Con=0.0000
2025-09-14 02:29:09,581 - INFO - Batch 710/2278: Loss=1.1883, Cls=0.0001, Reg=0.0000, Con=3.9607
2025-09-14 02:29:10,443 - INFO - Batch 720/2278: Loss=1.5812, Cls=0.3929, Reg=0.0000, Con=3.9609
2025-09-14 02:29:11,327 - INFO - Batch 730/2278: Loss=1.1922, Cls=0.0038, Reg=0.0000, Con=3.9613
2025-09-14 02:29:12,237 - INFO - Batch 740/2278: Loss=1.3137, Cls=0.1254, Reg=0.0000, Con=3.9610
2025-09-14 02:29:13,137 - INFO - Batch 750/2278: Loss=1.2616, Cls=0.0733, Reg=0.0000, Con=3.9609
2025-09-14 02:29:14,024 - INFO - Batch 760/2278: Loss=1.1906, Cls=0.0024, Reg=0.0000, Con=3.9608
2025-09-14 02:29:14,911 - INFO - Batch 770/2278: Loss=1.6316, Cls=0.4433, Reg=0.0000, Con=3.9609
2025-09-14 02:29:15,829 - INFO - Batch 780/2278: Loss=1.1902, Cls=0.0019, Reg=0.0000, Con=3.9608
2025-09-14 02:29:16,713 - INFO - Batch 790/2278: Loss=0.0042, Cls=0.0042, Reg=0.0000, Con=0.0000
2025-09-14 02:29:17,606 - INFO - Batch 800/2278: Loss=1.2749, Cls=0.0866, Reg=0.0000, Con=3.9612
2025-09-14 02:29:18,477 - INFO - Batch 810/2278: Loss=2.3973, Cls=1.2089, Reg=0.0000, Con=3.9612
2025-09-14 02:29:19,369 - INFO - Batch 820/2278: Loss=1.2124, Cls=0.0242, Reg=0.0000, Con=3.9608
2025-09-14 02:29:20,251 - INFO - Batch 830/2278: Loss=1.1896, Cls=0.0014, Reg=0.0000, Con=3.9609
2025-09-14 02:29:21,132 - INFO - Batch 840/2278: Loss=1.1976, Cls=0.0094, Reg=0.0000, Con=3.9608
2025-09-14 02:29:22,009 - INFO - Batch 850/2278: Loss=1.2557, Cls=0.0675, Reg=0.0000, Con=3.9608
2025-09-14 02:29:22,876 - INFO - Batch 860/2278: Loss=1.1912, Cls=0.0029, Reg=0.0000, Con=3.9607
2025-09-14 02:29:23,778 - INFO - Batch 870/2278: Loss=0.0007, Cls=0.0007, Reg=0.0000, Con=0.0000
2025-09-14 02:29:24,659 - INFO - Batch 880/2278: Loss=3.4403, Cls=2.2521, Reg=0.0000, Con=3.9609
2025-09-14 02:29:25,526 - INFO - Batch 890/2278: Loss=0.0001, Cls=0.0001, Reg=0.0000, Con=0.0000
2025-09-14 02:29:26,439 - INFO - Batch 900/2278: Loss=1.1916, Cls=0.0033, Reg=0.0000, Con=3.9609
2025-09-14 02:29:27,329 - INFO - Batch 910/2278: Loss=1.2529, Cls=0.0646, Reg=0.0000, Con=3.9609
2025-09-14 02:29:28,209 - INFO - Batch 920/2278: Loss=1.1903, Cls=0.0020, Reg=0.0000, Con=3.9610
2025-09-14 02:29:29,098 - INFO - Batch 930/2278: Loss=1.3601, Cls=0.1718, Reg=0.0000, Con=3.9608
2025-09-14 02:29:29,972 - INFO - Batch 940/2278: Loss=1.8799, Cls=0.6916, Reg=0.0000, Con=3.9609
2025-09-14 02:29:30,846 - INFO - Batch 950/2278: Loss=1.7115, Cls=0.5233, Reg=0.0000, Con=3.9609
2025-09-14 02:29:31,713 - INFO - Batch 960/2278: Loss=1.2046, Cls=0.0164, Reg=0.0000, Con=3.9609
2025-09-14 02:29:32,602 - INFO - Batch 970/2278: Loss=1.1985, Cls=0.0101, Reg=0.0000, Con=3.9612
2025-09-14 02:29:33,484 - INFO - Batch 980/2278: Loss=0.0226, Cls=0.0226, Reg=0.0000, Con=0.0000
2025-09-14 02:29:34,349 - INFO - Batch 990/2278: Loss=3.8901, Cls=2.7019, Reg=0.0000, Con=3.9608
2025-09-14 02:29:35,231 - INFO - Batch 1000/2278: Loss=1.1884, Cls=0.0001, Reg=0.0000, Con=3.9609
2025-09-14 02:29:36,115 - INFO - Batch 1010/2278: Loss=1.2394, Cls=0.0512, Reg=0.0000, Con=3.9608
2025-09-14 02:29:36,997 - INFO - Batch 1020/2278: Loss=0.0028, Cls=0.0028, Reg=0.0000, Con=0.0000
2025-09-14 02:29:37,911 - INFO - Batch 1030/2278: Loss=1.6979, Cls=0.5096, Reg=0.0000, Con=3.9610
2025-09-14 02:29:38,790 - INFO - Batch 1040/2278: Loss=1.6692, Cls=0.4810, Reg=0.0000, Con=3.9607
2025-09-14 02:29:39,710 - INFO - Batch 1050/2278: Loss=2.9235, Cls=1.7352, Reg=0.0000, Con=3.9609
2025-09-14 02:29:40,650 - INFO - Batch 1060/2278: Loss=1.1896, Cls=0.0014, Reg=0.0000, Con=3.9608
2025-09-14 02:29:41,518 - INFO - Batch 1070/2278: Loss=1.2358, Cls=0.0476, Reg=0.0000, Con=3.9608
2025-09-14 02:29:42,404 - INFO - Batch 1080/2278: Loss=1.2474, Cls=0.0592, Reg=0.0000, Con=3.9608
2025-09-14 02:29:43,304 - INFO - Batch 1090/2278: Loss=1.8125, Cls=0.6242, Reg=0.0000, Con=3.9608
2025-09-14 02:29:44,180 - INFO - Batch 1100/2278: Loss=0.0067, Cls=0.0067, Reg=0.0000, Con=0.0000
2025-09-14 02:29:45,081 - INFO - Batch 1110/2278: Loss=1.4041, Cls=0.2159, Reg=0.0000, Con=3.9608
2025-09-14 02:29:45,953 - INFO - Batch 1120/2278: Loss=1.3283, Cls=0.1400, Reg=0.0000, Con=3.9608
2025-09-14 02:29:46,858 - INFO - Batch 1130/2278: Loss=1.1882, Cls=0.0000, Reg=0.0000, Con=3.9608
2025-09-14 02:29:47,735 - INFO - Batch 1140/2278: Loss=1.2164, Cls=0.0282, Reg=0.0000, Con=3.9608
2025-09-14 02:29:48,610 - INFO - Batch 1150/2278: Loss=1.2657, Cls=0.0774, Reg=0.0000, Con=3.9611
2025-09-14 02:29:49,521 - INFO - Batch 1160/2278: Loss=1.6786, Cls=0.4903, Reg=0.0000, Con=3.9609
2025-09-14 02:29:50,415 - INFO - Batch 1170/2278: Loss=1.2367, Cls=0.0484, Reg=0.0000, Con=3.9607
2025-09-14 02:29:51,315 - INFO - Batch 1180/2278: Loss=1.2005, Cls=0.0122, Reg=0.0000, Con=3.9609
2025-09-14 02:29:52,194 - INFO - Batch 1190/2278: Loss=1.1929, Cls=0.0046, Reg=0.0000, Con=3.9609
2025-09-14 02:29:53,091 - INFO - Batch 1200/2278: Loss=0.0008, Cls=0.0008, Reg=0.0000, Con=0.0000
2025-09-14 02:29:54,009 - INFO - Batch 1210/2278: Loss=1.2025, Cls=0.0142, Reg=0.0000, Con=3.9608
2025-09-14 02:29:54,911 - INFO - Batch 1220/2278: Loss=0.5784, Cls=0.5784, Reg=0.0000, Con=0.0000
2025-09-14 02:29:55,837 - INFO - Batch 1230/2278: Loss=1.1934, Cls=0.0051, Reg=0.0000, Con=3.9609
2025-09-14 02:29:56,748 - INFO - Batch 1240/2278: Loss=2.3244, Cls=1.1361, Reg=0.0000, Con=3.9608
2025-09-14 02:29:57,610 - INFO - Batch 1250/2278: Loss=1.8890, Cls=0.7007, Reg=0.0000, Con=3.9608
2025-09-14 02:29:58,478 - INFO - Batch 1260/2278: Loss=1.1891, Cls=0.0008, Reg=0.0000, Con=3.9608
2025-09-14 02:29:59,350 - INFO - Batch 1270/2278: Loss=1.1963, Cls=0.0081, Reg=0.0000, Con=3.9609
2025-09-14 02:30:00,250 - INFO - Batch 1280/2278: Loss=1.7431, Cls=0.5549, Reg=0.0000, Con=3.9607
2025-09-14 02:30:01,159 - INFO - Batch 1290/2278: Loss=0.0046, Cls=0.0046, Reg=0.0000, Con=0.0000
2025-09-14 02:30:02,060 - INFO - Batch 1300/2278: Loss=1.1907, Cls=0.0024, Reg=0.0000, Con=3.9610
2025-09-14 02:30:02,949 - INFO - Batch 1310/2278: Loss=1.1883, Cls=0.0000, Reg=0.0000, Con=3.9611
2025-09-14 02:30:03,830 - INFO - Batch 1320/2278: Loss=2.1496, Cls=0.9614, Reg=0.0000, Con=3.9608
2025-09-14 02:30:04,680 - INFO - Batch 1330/2278: Loss=2.0103, Cls=0.8219, Reg=0.0000, Con=3.9613
2025-09-14 02:30:05,574 - INFO - Batch 1340/2278: Loss=1.5467, Cls=0.3585, Reg=0.0000, Con=3.9608
2025-09-14 02:30:06,465 - INFO - Batch 1350/2278: Loss=0.0112, Cls=0.0112, Reg=0.0000, Con=0.0000
2025-09-14 02:30:07,343 - INFO - Batch 1360/2278: Loss=1.4942, Cls=0.3060, Reg=0.0000, Con=3.9609
2025-09-14 02:30:08,229 - INFO - Batch 1370/2278: Loss=1.3830, Cls=0.1947, Reg=0.0000, Con=3.9608
2025-09-14 02:30:09,114 - INFO - Batch 1380/2278: Loss=1.1883, Cls=0.0000, Reg=0.0000, Con=3.9608
2025-09-14 02:30:09,990 - INFO - Batch 1390/2278: Loss=1.2418, Cls=0.0536, Reg=0.0000, Con=3.9608
2025-09-14 02:30:10,883 - INFO - Batch 1400/2278: Loss=1.2188, Cls=0.0306, Reg=0.0000, Con=3.9608
2025-09-14 02:30:11,793 - INFO - Batch 1410/2278: Loss=1.1884, Cls=0.0000, Reg=0.0000, Con=3.9612
2025-09-14 02:30:12,693 - INFO - Batch 1420/2278: Loss=0.0040, Cls=0.0040, Reg=0.0000, Con=0.0000
2025-09-14 02:30:13,575 - INFO - Batch 1430/2278: Loss=1.7090, Cls=0.5207, Reg=0.0000, Con=3.9608
2025-09-14 02:30:14,473 - INFO - Batch 1440/2278: Loss=1.1895, Cls=0.0013, Reg=0.0000, Con=3.9609
2025-09-14 02:30:15,374 - INFO - Batch 1450/2278: Loss=1.3667, Cls=0.1785, Reg=0.0000, Con=3.9608
2025-09-14 02:30:16,380 - INFO - Batch 1460/2278: Loss=1.1948, Cls=0.0066, Reg=0.0000, Con=3.9607
2025-09-14 02:30:17,297 - INFO - Batch 1470/2278: Loss=2.1311, Cls=0.9429, Reg=0.0000, Con=3.9609
2025-09-14 02:30:18,186 - INFO - Batch 1480/2278: Loss=1.1889, Cls=0.0007, Reg=0.0000, Con=3.9607
2025-09-14 02:30:19,065 - INFO - Batch 1490/2278: Loss=1.1927, Cls=0.0044, Reg=0.0000, Con=3.9609
2025-09-14 02:30:19,981 - INFO - Batch 1500/2278: Loss=1.1883, Cls=0.0000, Reg=0.0000, Con=3.9609
2025-09-14 02:30:20,885 - INFO - Batch 1510/2278: Loss=0.0110, Cls=0.0110, Reg=0.0000, Con=0.0000
2025-09-14 02:30:21,780 - INFO - Batch 1520/2278: Loss=1.1929, Cls=0.0047, Reg=0.0000, Con=3.9608
2025-09-14 02:30:22,637 - INFO - Batch 1530/2278: Loss=1.2045, Cls=0.0163, Reg=0.0000, Con=3.9608
2025-09-14 02:30:23,529 - INFO - Batch 1540/2278: Loss=2.8470, Cls=1.6587, Reg=0.0000, Con=3.9609
2025-09-14 02:30:24,418 - INFO - Batch 1550/2278: Loss=1.2013, Cls=0.0130, Reg=0.0000, Con=3.9609
2025-09-14 02:30:25,304 - INFO - Batch 1560/2278: Loss=1.9173, Cls=0.7291, Reg=0.0000, Con=3.9608
2025-09-14 02:30:26,213 - INFO - Batch 1570/2278: Loss=1.3271, Cls=0.1389, Reg=0.0000, Con=3.9608
2025-09-14 02:30:27,121 - INFO - Batch 1580/2278: Loss=1.2060, Cls=0.0177, Reg=0.0000, Con=3.9608
2025-09-14 02:30:28,000 - INFO - Batch 1590/2278: Loss=1.4823, Cls=0.2941, Reg=0.0000, Con=3.9609
2025-09-14 02:30:28,887 - INFO - Batch 1600/2278: Loss=2.1217, Cls=0.9335, Reg=0.0000, Con=3.9608
2025-09-14 02:30:29,756 - INFO - Batch 1610/2278: Loss=1.5087, Cls=0.3205, Reg=0.0000, Con=3.9606
2025-09-14 02:30:30,640 - INFO - Batch 1620/2278: Loss=1.8677, Cls=0.6794, Reg=0.0000, Con=3.9608
2025-09-14 02:30:31,524 - INFO - Batch 1630/2278: Loss=1.2481, Cls=0.0599, Reg=0.0000, Con=3.9608
2025-09-14 02:30:32,404 - INFO - Batch 1640/2278: Loss=0.0983, Cls=0.0983, Reg=0.0000, Con=0.0000
2025-09-14 02:30:33,281 - INFO - Batch 1650/2278: Loss=2.9599, Cls=1.7717, Reg=0.0000, Con=3.9609
2025-09-14 02:30:34,169 - INFO - Batch 1660/2278: Loss=0.0001, Cls=0.0001, Reg=0.0000, Con=0.0000
2025-09-14 02:30:35,033 - INFO - Batch 1670/2278: Loss=1.1910, Cls=0.0027, Reg=0.0000, Con=3.9612
2025-09-14 02:30:35,943 - INFO - Batch 1680/2278: Loss=0.3704, Cls=0.3704, Reg=0.0000, Con=0.0000
2025-09-14 02:30:36,838 - INFO - Batch 1690/2278: Loss=1.1909, Cls=0.0026, Reg=0.0000, Con=3.9612
2025-09-14 02:30:37,728 - INFO - Batch 1700/2278: Loss=1.2746, Cls=0.0862, Reg=0.0000, Con=3.9612
2025-09-14 02:30:38,618 - INFO - Batch 1710/2278: Loss=1.3721, Cls=0.1839, Reg=0.0000, Con=3.9607
2025-09-14 02:30:39,483 - INFO - Batch 1720/2278: Loss=1.3334, Cls=0.1451, Reg=0.0000, Con=3.9608
2025-09-14 02:30:40,356 - INFO - Batch 1730/2278: Loss=2.5092, Cls=1.3210, Reg=0.0000, Con=3.9608
2025-09-14 02:30:41,236 - INFO - Batch 1740/2278: Loss=1.4259, Cls=1.4259, Reg=0.0000, Con=0.0000
2025-09-14 02:30:42,122 - INFO - Batch 1750/2278: Loss=1.1889, Cls=0.0006, Reg=0.0000, Con=3.9609
2025-09-14 02:30:42,994 - INFO - Batch 1760/2278: Loss=1.6164, Cls=0.4281, Reg=0.0000, Con=3.9608
2025-09-14 02:30:43,879 - INFO - Batch 1770/2278: Loss=1.2593, Cls=0.0710, Reg=0.0000, Con=3.9608
2025-09-14 02:30:44,772 - INFO - Batch 1780/2278: Loss=2.0192, Cls=0.8309, Reg=0.0000, Con=3.9608
2025-09-14 02:30:45,676 - INFO - Batch 1790/2278: Loss=0.0284, Cls=0.0284, Reg=0.0000, Con=0.0000
2025-09-14 02:30:46,568 - INFO - Batch 1800/2278: Loss=0.0154, Cls=0.0154, Reg=0.0000, Con=0.0000
2025-09-14 02:30:47,464 - INFO - Batch 1810/2278: Loss=1.6170, Cls=0.4288, Reg=0.0000, Con=3.9608
2025-09-14 02:30:48,349 - INFO - Batch 1820/2278: Loss=1.1903, Cls=0.0020, Reg=0.0000, Con=3.9611
2025-09-14 02:30:49,211 - INFO - Batch 1830/2278: Loss=1.1884, Cls=0.0001, Reg=0.0000, Con=3.9607
2025-09-14 02:30:50,085 - INFO - Batch 1840/2278: Loss=0.8455, Cls=0.8455, Reg=0.0000, Con=0.0000
2025-09-14 02:30:50,997 - INFO - Batch 1850/2278: Loss=1.1901, Cls=0.0019, Reg=0.0000, Con=3.9608
2025-09-14 02:30:51,878 - INFO - Batch 1860/2278: Loss=0.0012, Cls=0.0012, Reg=0.0000, Con=0.0000
2025-09-14 02:30:52,739 - INFO - Batch 1870/2278: Loss=1.3134, Cls=0.1252, Reg=0.0000, Con=3.9608
2025-09-14 02:30:53,606 - INFO - Batch 1880/2278: Loss=0.0249, Cls=0.0249, Reg=0.0000, Con=0.0000
2025-09-14 02:30:54,491 - INFO - Batch 1890/2278: Loss=1.7036, Cls=0.5153, Reg=0.0000, Con=3.9609
2025-09-14 02:30:55,381 - INFO - Batch 1900/2278: Loss=0.0019, Cls=0.0019, Reg=0.0000, Con=0.0000
2025-09-14 02:30:56,253 - INFO - Batch 1910/2278: Loss=1.3961, Cls=0.2079, Reg=0.0000, Con=3.9607
2025-09-14 02:30:57,155 - INFO - Batch 1920/2278: Loss=1.1882, Cls=0.0000, Reg=0.0000, Con=3.9607
2025-09-14 02:30:58,036 - INFO - Batch 1930/2278: Loss=1.7869, Cls=0.5987, Reg=0.0000, Con=3.9607
2025-09-14 02:30:58,984 - INFO - Batch 1940/2278: Loss=1.9512, Cls=0.7629, Reg=0.0000, Con=3.9608
2025-09-14 02:30:59,968 - INFO - Batch 1950/2278: Loss=1.1927, Cls=0.0045, Reg=0.0000, Con=3.9608
2025-09-14 02:31:00,963 - INFO - Batch 1960/2278: Loss=1.1883, Cls=0.0000, Reg=0.0000, Con=3.9609
2025-09-14 02:31:01,851 - INFO - Batch 1970/2278: Loss=2.5561, Cls=1.3678, Reg=0.0000, Con=3.9609
2025-09-14 02:31:02,806 - INFO - Batch 1980/2278: Loss=1.2239, Cls=0.0357, Reg=0.0000, Con=3.9608
2025-09-14 02:31:03,774 - INFO - Batch 1990/2278: Loss=1.1915, Cls=0.0031, Reg=0.0000, Con=3.9615
2025-09-14 02:31:04,706 - INFO - Batch 2000/2278: Loss=0.0019, Cls=0.0019, Reg=0.0000, Con=0.0000
2025-09-14 02:31:05,680 - INFO - Batch 2010/2278: Loss=1.1977, Cls=0.0095, Reg=0.0000, Con=3.9608
2025-09-14 02:31:06,649 - INFO - Batch 2020/2278: Loss=1.4177, Cls=0.2294, Reg=0.0000, Con=3.9608
2025-09-14 02:31:07,633 - INFO - Batch 2030/2278: Loss=1.1930, Cls=0.0048, Reg=0.0000, Con=3.9607
2025-09-14 02:31:08,590 - INFO - Batch 2040/2278: Loss=1.1901, Cls=0.0019, Reg=0.0000, Con=3.9609
2025-09-14 02:31:09,536 - INFO - Batch 2050/2278: Loss=1.4165, Cls=0.2283, Reg=0.0000, Con=3.9608
2025-09-14 02:31:10,454 - INFO - Batch 2060/2278: Loss=1.8882, Cls=0.7000, Reg=0.0000, Con=3.9607
2025-09-14 02:31:11,329 - INFO - Batch 2070/2278: Loss=1.2740, Cls=0.0857, Reg=0.0000, Con=3.9610
2025-09-14 02:31:12,253 - INFO - Batch 2080/2278: Loss=1.2158, Cls=0.0276, Reg=0.0000, Con=3.9610
2025-09-14 02:31:13,228 - INFO - Batch 2090/2278: Loss=2.0832, Cls=0.8949, Reg=0.0000, Con=3.9612
2025-09-14 02:31:14,151 - INFO - Batch 2100/2278: Loss=1.3060, Cls=0.1177, Reg=0.0000, Con=3.9611
2025-09-14 02:31:15,067 - INFO - Batch 2110/2278: Loss=2.1747, Cls=0.9865, Reg=0.0000, Con=3.9608
2025-09-14 02:31:16,015 - INFO - Batch 2120/2278: Loss=5.7267, Cls=5.7267, Reg=0.0000, Con=0.0000
2025-09-14 02:31:16,965 - INFO - Batch 2130/2278: Loss=1.2909, Cls=0.1028, Reg=0.0000, Con=3.9605
2025-09-14 02:31:17,954 - INFO - Batch 2140/2278: Loss=1.2989, Cls=0.1107, Reg=0.0000, Con=3.9608
2025-09-14 02:31:18,859 - INFO - Batch 2150/2278: Loss=1.1882, Cls=0.0000, Reg=0.0000, Con=3.9607
2025-09-14 02:31:19,884 - INFO - Batch 2160/2278: Loss=1.2139, Cls=0.0257, Reg=0.0000, Con=3.9608
2025-09-14 02:31:20,831 - INFO - Batch 2170/2278: Loss=1.2656, Cls=0.0773, Reg=0.0000, Con=3.9609
2025-09-14 02:31:21,726 - INFO - Batch 2180/2278: Loss=0.5367, Cls=0.5367, Reg=0.0000, Con=0.0000
2025-09-14 02:31:22,656 - INFO - Batch 2190/2278: Loss=0.0002, Cls=0.0002, Reg=0.0000, Con=0.0000
2025-09-14 02:31:23,644 - INFO - Batch 2200/2278: Loss=1.2191, Cls=0.0309, Reg=0.0000, Con=3.9605
2025-09-14 02:31:24,600 - INFO - Batch 2210/2278: Loss=1.1883, Cls=0.0000, Reg=0.0000, Con=3.9609
2025-09-14 02:31:25,485 - INFO - Batch 2220/2278: Loss=1.1940, Cls=0.0057, Reg=0.0000, Con=3.9610
2025-09-14 02:31:26,442 - INFO - Batch 2230/2278: Loss=1.1900, Cls=0.0018, Reg=0.0000, Con=3.9608
2025-09-14 02:31:27,378 - INFO - Batch 2240/2278: Loss=0.0238, Cls=0.0238, Reg=0.0000, Con=0.0000
2025-09-14 02:31:28,272 - INFO - Batch 2250/2278: Loss=1.1916, Cls=0.0033, Reg=0.0000, Con=3.9609
2025-09-14 02:31:29,221 - INFO - Batch 2260/2278: Loss=1.1896, Cls=0.0014, Reg=0.0000, Con=3.9608
2025-09-14 02:31:30,142 - INFO - Batch 2270/2278: Loss=1.6264, Cls=0.4382, Reg=0.0000, Con=3.9608
2025-09-14 02:34:57,132 - INFO - === Epoch 1 Results ===
2025-09-14 02:34:57,132 - INFO - Training Loss: 1.1879 (Classification: 0.2886, Regression: 0.0000)
2025-09-14 02:34:57,133 - INFO - Validation Loss: 0.1356 (Classification: 0.1356, Regression: 0.0000)
2025-09-14 02:34:57,133 - INFO - Average Classification Accuracy: 0.8561 (on 1/26 tasks)
2025-09-14 02:34:57,133 - INFO - Average AUC: 0.9207
2025-09-14 02:34:57,665 - INFO - Best model saved to: experiments/r1c3_headft_cls_13_seed_42_20250914_022802/checkpoints/r1c3_headft_cls_13_seed_42_best.pth
2025-09-14 02:34:57,665 - INFO - 
Epoch 2/3
2025-09-14 02:34:57,777 - INFO - Batch 0/2278: Loss=0.0347, Cls=0.0347, Reg=0.0000, Con=0.0000
2025-09-14 02:34:58,748 - INFO - Batch 10/2278: Loss=1.2197, Cls=0.0315, Reg=0.0000, Con=3.9604
2025-09-14 02:34:59,658 - INFO - Batch 20/2278: Loss=1.2013, Cls=0.0130, Reg=0.0000, Con=3.9610
2025-09-14 02:35:00,552 - INFO - Batch 30/2278: Loss=1.2657, Cls=0.0775, Reg=0.0000, Con=3.9608
2025-09-14 02:35:01,422 - INFO - Batch 40/2278: Loss=1.2015, Cls=0.0133, Reg=0.0000, Con=3.9608
2025-09-14 02:35:02,350 - INFO - Batch 50/2278: Loss=0.9985, Cls=0.9985, Reg=0.0000, Con=0.0000
2025-09-14 02:35:03,236 - INFO - Batch 60/2278: Loss=0.0017, Cls=0.0017, Reg=0.0000, Con=0.0000
2025-09-14 02:35:04,172 - INFO - Batch 70/2278: Loss=1.1979, Cls=0.0097, Reg=0.0000, Con=3.9607
2025-09-14 02:35:05,103 - INFO - Batch 80/2278: Loss=1.1883, Cls=0.0000, Reg=0.0000, Con=3.9609
2025-09-14 02:35:06,052 - INFO - Batch 90/2278: Loss=0.8023, Cls=0.8023, Reg=0.0000, Con=0.0000
2025-09-14 02:35:06,988 - INFO - Batch 100/2278: Loss=1.3779, Cls=0.1896, Reg=0.0000, Con=3.9609
2025-09-14 02:35:07,881 - INFO - Batch 110/2278: Loss=1.1883, Cls=0.0000, Reg=0.0000, Con=3.9609
2025-09-14 02:35:08,782 - INFO - Batch 120/2278: Loss=1.3495, Cls=0.1613, Reg=0.0000, Con=3.9607
2025-09-14 02:35:09,674 - INFO - Batch 130/2278: Loss=1.1884, Cls=0.0002, Reg=0.0000, Con=3.9607
2025-09-14 02:35:10,564 - INFO - Batch 140/2278: Loss=1.2544, Cls=0.0661, Reg=0.0000, Con=3.9609
2025-09-14 02:35:11,454 - INFO - Batch 150/2278: Loss=1.3527, Cls=0.1644, Reg=0.0000, Con=3.9609
2025-09-14 02:35:12,358 - INFO - Batch 160/2278: Loss=1.2159, Cls=0.0276, Reg=0.0000, Con=3.9608
2025-09-14 02:35:13,241 - INFO - Batch 170/2278: Loss=1.4238, Cls=0.2356, Reg=0.0000, Con=3.9607
2025-09-14 02:35:14,133 - INFO - Batch 180/2278: Loss=1.8932, Cls=0.7050, Reg=0.0000, Con=3.9608
2025-09-14 02:35:15,049 - INFO - Batch 190/2278: Loss=1.2069, Cls=0.0187, Reg=0.0000, Con=3.9608
2025-09-14 02:35:15,946 - INFO - Batch 200/2278: Loss=1.1913, Cls=0.0030, Reg=0.0000, Con=3.9608
2025-09-14 02:35:16,820 - INFO - Batch 210/2278: Loss=1.2287, Cls=0.0404, Reg=0.0000, Con=3.9609
2025-09-14 02:35:17,702 - INFO - Batch 220/2278: Loss=0.0054, Cls=0.0054, Reg=0.0000, Con=0.0000
2025-09-14 02:35:18,592 - INFO - Batch 230/2278: Loss=1.1894, Cls=0.0012, Reg=0.0000, Con=3.9608
2025-09-14 02:35:19,492 - INFO - Batch 240/2278: Loss=0.0028, Cls=0.0028, Reg=0.0000, Con=0.0000
2025-09-14 02:35:20,393 - INFO - Batch 250/2278: Loss=0.2890, Cls=0.2890, Reg=0.0000, Con=0.0000
2025-09-14 02:35:21,271 - INFO - Batch 260/2278: Loss=0.0269, Cls=0.0269, Reg=0.0000, Con=0.0000
2025-09-14 02:35:22,168 - INFO - Batch 270/2278: Loss=1.7463, Cls=0.5581, Reg=0.0000, Con=3.9608
2025-09-14 02:35:23,061 - INFO - Batch 280/2278: Loss=4.9624, Cls=3.7741, Reg=0.0000, Con=3.9609
2025-09-14 02:35:23,945 - INFO - Batch 290/2278: Loss=1.2784, Cls=0.0901, Reg=0.0000, Con=3.9609
2025-09-14 02:35:24,837 - INFO - Batch 300/2278: Loss=1.1883, Cls=0.0000, Reg=0.0000, Con=3.9609
2025-09-14 02:35:25,774 - INFO - Batch 310/2278: Loss=1.2199, Cls=0.0317, Reg=0.0000, Con=3.9608
2025-09-14 02:35:26,690 - INFO - Batch 320/2278: Loss=0.2117, Cls=0.2117, Reg=0.0000, Con=0.0000
2025-09-14 02:35:27,559 - INFO - Batch 330/2278: Loss=1.1883, Cls=0.0000, Reg=0.0000, Con=3.9609
2025-09-14 02:35:28,473 - INFO - Batch 340/2278: Loss=1.1916, Cls=0.0033, Reg=0.0000, Con=3.9609
2025-09-14 02:35:29,380 - INFO - Batch 350/2278: Loss=1.1890, Cls=0.0007, Reg=0.0000, Con=3.9609
2025-09-14 02:35:30,275 - INFO - Batch 360/2278: Loss=1.3655, Cls=0.1773, Reg=0.0000, Con=3.9609
2025-09-14 02:35:31,199 - INFO - Batch 370/2278: Loss=1.1967, Cls=0.0085, Reg=0.0000, Con=3.9609
2025-09-14 02:35:32,117 - INFO - Batch 380/2278: Loss=1.1982, Cls=0.0100, Reg=0.0000, Con=3.9608
2025-09-14 02:35:33,018 - INFO - Batch 390/2278: Loss=1.1883, Cls=0.0000, Reg=0.0000, Con=3.9609
2025-09-14 02:35:33,959 - INFO - Batch 400/2278: Loss=0.1553, Cls=0.1553, Reg=0.0000, Con=0.0000
2025-09-14 02:35:34,918 - INFO - Batch 410/2278: Loss=1.1884, Cls=0.0002, Reg=0.0000, Con=3.9608
2025-09-14 02:35:35,847 - INFO - Batch 420/2278: Loss=1.6448, Cls=0.4565, Reg=0.0000, Con=3.9608
2025-09-14 02:35:36,760 - INFO - Batch 430/2278: Loss=0.5821, Cls=0.5821, Reg=0.0000, Con=0.0000
2025-09-14 02:35:37,631 - INFO - Batch 440/2278: Loss=1.2052, Cls=0.0170, Reg=0.0000, Con=3.9608
2025-09-14 02:35:38,517 - INFO - Batch 450/2278: Loss=1.1883, Cls=0.0001, Reg=0.0000, Con=3.9607
2025-09-14 02:35:39,413 - INFO - Batch 460/2278: Loss=0.0000, Cls=0.0000, Reg=0.0000, Con=0.0000
2025-09-14 02:35:40,305 - INFO - Batch 470/2278: Loss=1.2512, Cls=0.0629, Reg=0.0000, Con=3.9608
2025-09-14 02:35:41,201 - INFO - Batch 480/2278: Loss=1.6391, Cls=0.4509, Reg=0.0000, Con=3.9608
2025-09-14 02:35:42,088 - INFO - Batch 490/2278: Loss=1.1949, Cls=0.0067, Reg=0.0000, Con=3.9609
2025-09-14 02:35:42,977 - INFO - Batch 500/2278: Loss=1.2970, Cls=0.1087, Reg=0.0000, Con=3.9607
2025-09-14 02:35:43,883 - INFO - Batch 510/2278: Loss=2.0883, Cls=0.9001, Reg=0.0000, Con=3.9609
2025-09-14 02:35:44,791 - INFO - Batch 520/2278: Loss=1.4083, Cls=0.2201, Reg=0.0000, Con=3.9607
2025-09-14 02:35:45,706 - INFO - Batch 530/2278: Loss=1.1882, Cls=0.0000, Reg=0.0000, Con=3.9608
2025-09-14 02:35:46,607 - INFO - Batch 540/2278: Loss=1.2158, Cls=0.0275, Reg=0.0000, Con=3.9610
2025-09-14 02:35:47,501 - INFO - Batch 550/2278: Loss=2.8981, Cls=1.7099, Reg=0.0000, Con=3.9607
2025-09-14 02:35:48,413 - INFO - Batch 560/2278: Loss=1.6687, Cls=0.4805, Reg=0.0000, Con=3.9608
2025-09-14 02:35:49,324 - INFO - Batch 570/2278: Loss=1.7935, Cls=0.6053, Reg=0.0000, Con=3.9608
2025-09-14 02:35:50,215 - INFO - Batch 580/2278: Loss=0.0663, Cls=0.0663, Reg=0.0000, Con=0.0000
2025-09-14 02:35:51,126 - INFO - Batch 590/2278: Loss=1.2296, Cls=0.0414, Reg=0.0000, Con=3.9608
2025-09-14 02:35:52,015 - INFO - Batch 600/2278: Loss=0.0965, Cls=0.0965, Reg=0.0000, Con=0.0000
2025-09-14 02:35:52,905 - INFO - Batch 610/2278: Loss=1.2459, Cls=0.0577, Reg=0.0000, Con=3.9608
2025-09-14 02:35:53,814 - INFO - Batch 620/2278: Loss=1.1892, Cls=0.0010, Reg=0.0000, Con=3.9608
2025-09-14 02:35:54,736 - INFO - Batch 630/2278: Loss=1.3704, Cls=0.1821, Reg=0.0000, Con=3.9607
2025-09-14 02:35:55,663 - INFO - Batch 640/2278: Loss=1.2991, Cls=0.1108, Reg=0.0000, Con=3.9609
2025-09-14 02:35:56,561 - INFO - Batch 650/2278: Loss=1.9492, Cls=0.7610, Reg=0.0000, Con=3.9608
2025-09-14 02:35:57,460 - INFO - Batch 660/2278: Loss=1.3534, Cls=0.1652, Reg=0.0000, Con=3.9607
2025-09-14 02:35:58,376 - INFO - Batch 670/2278: Loss=1.3589, Cls=0.1706, Reg=0.0000, Con=3.9609
2025-09-14 02:35:59,284 - INFO - Batch 680/2278: Loss=1.1887, Cls=0.0005, Reg=0.0000, Con=3.9608
2025-09-14 02:36:00,185 - INFO - Batch 690/2278: Loss=1.3273, Cls=0.1390, Reg=0.0000, Con=3.9611
2025-09-14 02:36:01,128 - INFO - Batch 700/2278: Loss=1.2487, Cls=0.0605, Reg=0.0000, Con=3.9607
2025-09-14 02:36:02,017 - INFO - Batch 710/2278: Loss=2.1357, Cls=0.9474, Reg=0.0000, Con=3.9610
2025-09-14 02:36:02,904 - INFO - Batch 720/2278: Loss=1.4623, Cls=0.2741, Reg=0.0000, Con=3.9608
2025-09-14 02:36:03,809 - INFO - Batch 730/2278: Loss=1.1895, Cls=0.0012, Reg=0.0000, Con=3.9612
2025-09-14 02:36:04,690 - INFO - Batch 740/2278: Loss=1.2031, Cls=0.0148, Reg=0.0000, Con=3.9610
2025-09-14 02:36:05,577 - INFO - Batch 750/2278: Loss=0.2797, Cls=0.2797, Reg=0.0000, Con=0.0000
2025-09-14 02:36:06,491 - INFO - Batch 760/2278: Loss=0.0010, Cls=0.0010, Reg=0.0000, Con=0.0000
2025-09-14 02:36:07,400 - INFO - Batch 770/2278: Loss=1.1951, Cls=0.0069, Reg=0.0000, Con=3.9608
2025-09-14 02:36:08,301 - INFO - Batch 780/2278: Loss=1.3053, Cls=0.1171, Reg=0.0000, Con=3.9607
2025-09-14 02:36:09,185 - INFO - Batch 790/2278: Loss=1.2056, Cls=0.0173, Reg=0.0000, Con=3.9608
2025-09-14 02:36:10,091 - INFO - Batch 800/2278: Loss=1.1136, Cls=1.1136, Reg=0.0000, Con=0.0000
2025-09-14 02:36:10,994 - INFO - Batch 810/2278: Loss=0.1213, Cls=0.1213, Reg=0.0000, Con=0.0000
2025-09-14 02:36:11,875 - INFO - Batch 820/2278: Loss=1.1982, Cls=0.0099, Reg=0.0000, Con=3.9608
2025-09-14 02:36:12,795 - INFO - Batch 830/2278: Loss=2.3210, Cls=1.1327, Reg=0.0000, Con=3.9607
2025-09-14 02:36:13,716 - INFO - Batch 840/2278: Loss=1.2146, Cls=0.0264, Reg=0.0000, Con=3.9608
2025-09-14 02:36:14,603 - INFO - Batch 850/2278: Loss=0.0580, Cls=0.0580, Reg=0.0000, Con=0.0000
2025-09-14 02:36:15,509 - INFO - Batch 860/2278: Loss=1.6822, Cls=0.4939, Reg=0.0000, Con=3.9608
2025-09-14 02:36:16,399 - INFO - Batch 870/2278: Loss=0.7131, Cls=0.7131, Reg=0.0000, Con=0.0000
2025-09-14 02:36:17,303 - INFO - Batch 880/2278: Loss=0.0009, Cls=0.0009, Reg=0.0000, Con=0.0000
2025-09-14 02:36:18,204 - INFO - Batch 890/2278: Loss=2.3401, Cls=1.1518, Reg=0.0000, Con=3.9609
2025-09-14 02:36:19,130 - INFO - Batch 900/2278: Loss=0.1441, Cls=0.1441, Reg=0.0000, Con=0.0000
2025-09-14 02:36:20,091 - INFO - Batch 910/2278: Loss=2.2389, Cls=1.0507, Reg=0.0000, Con=3.9607
2025-09-14 02:36:20,984 - INFO - Batch 920/2278: Loss=1.1884, Cls=0.0001, Reg=0.0000, Con=3.9611
2025-09-14 02:36:21,867 - INFO - Batch 930/2278: Loss=1.4652, Cls=0.2770, Reg=0.0000, Con=3.9609
2025-09-14 02:36:22,756 - INFO - Batch 940/2278: Loss=0.1748, Cls=0.1748, Reg=0.0000, Con=0.0000
2025-09-14 02:36:23,652 - INFO - Batch 950/2278: Loss=0.0385, Cls=0.0385, Reg=0.0000, Con=0.0000
2025-09-14 02:36:24,651 - INFO - Batch 960/2278: Loss=0.0005, Cls=0.0005, Reg=0.0000, Con=0.0000
2025-09-14 02:36:25,567 - INFO - Batch 970/2278: Loss=0.0021, Cls=0.0021, Reg=0.0000, Con=0.0000
2025-09-14 02:36:26,471 - INFO - Batch 980/2278: Loss=1.2388, Cls=0.0506, Reg=0.0000, Con=3.9608
2025-09-14 02:36:27,364 - INFO - Batch 990/2278: Loss=1.2199, Cls=0.0317, Reg=0.0000, Con=3.9606
2025-09-14 02:36:28,278 - INFO - Batch 1000/2278: Loss=2.5013, Cls=1.3131, Reg=0.0000, Con=3.9608
2025-09-14 02:36:29,188 - INFO - Batch 1010/2278: Loss=1.3741, Cls=0.1858, Reg=0.0000, Con=3.9609
2025-09-14 02:36:30,089 - INFO - Batch 1020/2278: Loss=1.2308, Cls=0.0424, Reg=0.0000, Con=3.9615
2025-09-14 02:36:30,999 - INFO - Batch 1030/2278: Loss=1.2046, Cls=0.0164, Reg=0.0000, Con=3.9608
2025-09-14 02:36:31,893 - INFO - Batch 1040/2278: Loss=1.1980, Cls=0.0098, Reg=0.0000, Con=3.9608
2025-09-14 02:36:32,801 - INFO - Batch 1050/2278: Loss=1.1888, Cls=0.0005, Reg=0.0000, Con=3.9611
2025-09-14 02:36:33,681 - INFO - Batch 1060/2278: Loss=1.1885, Cls=0.0002, Reg=0.0000, Con=3.9610
2025-09-14 02:36:34,580 - INFO - Batch 1070/2278: Loss=1.2173, Cls=0.0290, Reg=0.0000, Con=3.9609
2025-09-14 02:36:35,527 - INFO - Batch 1080/2278: Loss=1.8789, Cls=0.6906, Reg=0.0000, Con=3.9609
2025-09-14 02:36:36,477 - INFO - Batch 1090/2278: Loss=1.3258, Cls=0.1375, Reg=0.0000, Con=3.9608
2025-09-14 02:36:37,370 - INFO - Batch 1100/2278: Loss=1.2164, Cls=0.0281, Reg=0.0000, Con=3.9608
2025-09-14 02:36:38,276 - INFO - Batch 1110/2278: Loss=1.1899, Cls=0.0016, Reg=0.0000, Con=3.9608
2025-09-14 02:36:39,176 - INFO - Batch 1120/2278: Loss=1.1899, Cls=0.0017, Reg=0.0000, Con=3.9608
2025-09-14 02:36:40,060 - INFO - Batch 1130/2278: Loss=1.5318, Cls=0.3435, Reg=0.0000, Con=3.9608
2025-09-14 02:36:40,962 - INFO - Batch 1140/2278: Loss=0.7366, Cls=0.7366, Reg=0.0000, Con=0.0000
2025-09-14 02:36:41,909 - INFO - Batch 1150/2278: Loss=1.1935, Cls=0.0053, Reg=0.0000, Con=3.9609
2025-09-14 02:36:42,835 - INFO - Batch 1160/2278: Loss=1.2197, Cls=0.0315, Reg=0.0000, Con=3.9607
2025-09-14 02:36:43,746 - INFO - Batch 1170/2278: Loss=0.3534, Cls=0.3534, Reg=0.0000, Con=0.0000
2025-09-14 02:36:44,652 - INFO - Batch 1180/2278: Loss=1.2082, Cls=0.0200, Reg=0.0000, Con=3.9609
2025-09-14 02:36:45,564 - INFO - Batch 1190/2278: Loss=1.1885, Cls=0.0002, Reg=0.0000, Con=3.9610
2025-09-14 02:36:46,498 - INFO - Batch 1200/2278: Loss=2.9456, Cls=1.7574, Reg=0.0000, Con=3.9609
2025-09-14 02:36:47,421 - INFO - Batch 1210/2278: Loss=1.1883, Cls=0.0001, Reg=0.0000, Con=3.9608
2025-09-14 02:36:48,345 - INFO - Batch 1220/2278: Loss=0.0212, Cls=0.0212, Reg=0.0000, Con=0.0000
2025-09-14 02:36:49,269 - INFO - Batch 1230/2278: Loss=1.1934, Cls=0.0051, Reg=0.0000, Con=3.9609
2025-09-14 02:36:50,158 - INFO - Batch 1240/2278: Loss=1.3073, Cls=0.1191, Reg=0.0000, Con=3.9608
2025-09-14 02:36:51,049 - INFO - Batch 1250/2278: Loss=0.0000, Cls=0.0000, Reg=0.0000, Con=0.0000
2025-09-14 02:36:51,950 - INFO - Batch 1260/2278: Loss=1.1887, Cls=0.0005, Reg=0.0000, Con=3.9607
2025-09-14 02:36:52,839 - INFO - Batch 1270/2278: Loss=1.7264, Cls=0.5382, Reg=0.0000, Con=3.9606
2025-09-14 02:36:53,760 - INFO - Batch 1280/2278: Loss=1.1888, Cls=0.0006, Reg=0.0000, Con=3.9608
2025-09-14 02:36:54,688 - INFO - Batch 1290/2278: Loss=1.2614, Cls=0.0732, Reg=0.0000, Con=3.9609
2025-09-14 02:36:55,574 - INFO - Batch 1300/2278: Loss=1.1896, Cls=0.0013, Reg=0.0000, Con=3.9610
2025-09-14 02:36:56,463 - INFO - Batch 1310/2278: Loss=0.0013, Cls=0.0013, Reg=0.0000, Con=0.0000
2025-09-14 02:36:57,371 - INFO - Batch 1320/2278: Loss=1.4208, Cls=0.2326, Reg=0.0000, Con=3.9609
2025-09-14 02:36:58,259 - INFO - Batch 1330/2278: Loss=1.1886, Cls=0.0003, Reg=0.0000, Con=3.9609
2025-09-14 02:36:59,162 - INFO - Batch 1340/2278: Loss=1.2015, Cls=0.0133, Reg=0.0000, Con=3.9606
2025-09-14 02:37:00,058 - INFO - Batch 1350/2278: Loss=1.2493, Cls=0.0611, Reg=0.0000, Con=3.9606
2025-09-14 02:37:00,952 - INFO - Batch 1360/2278: Loss=1.2121, Cls=0.0239, Reg=0.0000, Con=3.9608
2025-09-14 02:37:01,864 - INFO - Batch 1370/2278: Loss=3.0638, Cls=1.8756, Reg=0.0000, Con=3.9608
2025-09-14 02:37:02,763 - INFO - Batch 1380/2278: Loss=1.5055, Cls=0.3172, Reg=0.0000, Con=3.9608
2025-09-14 02:37:03,650 - INFO - Batch 1390/2278: Loss=1.2315, Cls=0.0432, Reg=0.0000, Con=3.9608
2025-09-14 02:37:04,562 - INFO - Batch 1400/2278: Loss=0.0002, Cls=0.0002, Reg=0.0000, Con=0.0000
2025-09-14 02:37:05,463 - INFO - Batch 1410/2278: Loss=1.3221, Cls=0.1339, Reg=0.0000, Con=3.9608
2025-09-14 02:37:06,365 - INFO - Batch 1420/2278: Loss=0.0247, Cls=0.0247, Reg=0.0000, Con=0.0000
2025-09-14 02:37:07,304 - INFO - Batch 1430/2278: Loss=2.4580, Cls=1.2699, Reg=0.0000, Con=3.9607
2025-09-14 02:37:08,308 - INFO - Batch 1440/2278: Loss=1.4150, Cls=0.2266, Reg=0.0000, Con=3.9613
2025-09-14 02:37:09,334 - INFO - Batch 1450/2278: Loss=1.1999, Cls=0.0117, Reg=0.0000, Con=3.9607
2025-09-14 02:37:10,234 - INFO - Batch 1460/2278: Loss=1.3259, Cls=0.1377, Reg=0.0000, Con=3.9609
2025-09-14 02:37:11,256 - INFO - Batch 1470/2278: Loss=1.2229, Cls=0.0347, Reg=0.0000, Con=3.9608
2025-09-14 02:37:12,204 - INFO - Batch 1480/2278: Loss=0.0005, Cls=0.0005, Reg=0.0000, Con=0.0000
2025-09-14 02:37:13,225 - INFO - Batch 1490/2278: Loss=0.1622, Cls=0.1622, Reg=0.0000, Con=0.0000
2025-09-14 02:37:14,133 - INFO - Batch 1500/2278: Loss=1.1949, Cls=0.0067, Reg=0.0000, Con=3.9607
2025-09-14 02:37:15,036 - INFO - Batch 1510/2278: Loss=1.3019, Cls=0.1136, Reg=0.0000, Con=3.9608
2025-09-14 02:37:15,940 - INFO - Batch 1520/2278: Loss=1.1906, Cls=0.0024, Reg=0.0000, Con=3.9608
2025-09-14 02:37:16,850 - INFO - Batch 1530/2278: Loss=1.6398, Cls=0.4515, Reg=0.0000, Con=3.9608
2025-09-14 02:37:17,754 - INFO - Batch 1540/2278: Loss=2.6094, Cls=1.4211, Reg=0.0000, Con=3.9608
2025-09-14 02:37:18,652 - INFO - Batch 1550/2278: Loss=1.2083, Cls=0.0200, Reg=0.0000, Con=3.9609
2025-09-14 02:37:19,565 - INFO - Batch 1560/2278: Loss=1.9938, Cls=0.8055, Reg=0.0000, Con=3.9608
2025-09-14 02:37:20,450 - INFO - Batch 1570/2278: Loss=1.2145, Cls=0.0263, Reg=0.0000, Con=3.9609
2025-09-14 02:37:21,332 - INFO - Batch 1580/2278: Loss=0.9318, Cls=0.9318, Reg=0.0000, Con=0.0000
2025-09-14 02:37:22,245 - INFO - Batch 1590/2278: Loss=1.2259, Cls=0.0377, Reg=0.0000, Con=3.9608
2025-09-14 02:37:23,167 - INFO - Batch 1600/2278: Loss=1.2863, Cls=0.0980, Reg=0.0000, Con=3.9609
2025-09-14 02:37:24,093 - INFO - Batch 1610/2278: Loss=1.8450, Cls=0.6568, Reg=0.0000, Con=3.9608
2025-09-14 02:37:25,033 - INFO - Batch 1620/2278: Loss=1.2101, Cls=0.0218, Reg=0.0000, Con=3.9609
2025-09-14 02:37:25,924 - INFO - Batch 1630/2278: Loss=1.2007, Cls=0.0125, Reg=0.0000, Con=3.9606
2025-09-14 02:37:26,841 - INFO - Batch 1640/2278: Loss=1.1944, Cls=0.0062, Reg=0.0000, Con=3.9608
2025-09-14 02:37:27,735 - INFO - Batch 1650/2278: Loss=1.1487, Cls=1.1487, Reg=0.0000, Con=0.0000
2025-09-14 02:37:28,644 - INFO - Batch 1660/2278: Loss=1.8941, Cls=0.7059, Reg=0.0000, Con=3.9607
2025-09-14 02:37:29,560 - INFO - Batch 1670/2278: Loss=1.2130, Cls=0.0248, Reg=0.0000, Con=3.9608
2025-09-14 02:37:30,481 - INFO - Batch 1680/2278: Loss=2.2468, Cls=1.0583, Reg=0.0000, Con=3.9615
2025-09-14 02:37:31,418 - INFO - Batch 1690/2278: Loss=0.0000, Cls=0.0000, Reg=0.0000, Con=0.0000
2025-09-14 02:37:32,332 - INFO - Batch 1700/2278: Loss=1.3608, Cls=0.1725, Reg=0.0000, Con=3.9608
2025-09-14 02:37:33,230 - INFO - Batch 1710/2278: Loss=1.2877, Cls=0.0994, Reg=0.0000, Con=3.9610
2025-09-14 02:37:34,123 - INFO - Batch 1720/2278: Loss=1.5578, Cls=0.3696, Reg=0.0000, Con=3.9609
2025-09-14 02:37:35,044 - INFO - Batch 1730/2278: Loss=1.1887, Cls=0.0004, Reg=0.0000, Con=3.9609
2025-09-14 02:37:35,925 - INFO - Batch 1740/2278: Loss=1.1895, Cls=0.0012, Reg=0.0000, Con=3.9609
2025-09-14 02:37:36,868 - INFO - Batch 1750/2278: Loss=1.1886, Cls=0.0004, Reg=0.0000, Con=3.9609
2025-09-14 02:37:37,814 - INFO - Batch 1760/2278: Loss=1.1886, Cls=0.0004, Reg=0.0000, Con=3.9608
2025-09-14 02:37:38,734 - INFO - Batch 1770/2278: Loss=1.1910, Cls=0.0027, Reg=0.0000, Con=3.9610
2025-09-14 02:37:39,634 - INFO - Batch 1780/2278: Loss=1.2255, Cls=0.0373, Reg=0.0000, Con=3.9609
2025-09-14 02:37:40,523 - INFO - Batch 1790/2278: Loss=1.1892, Cls=0.0010, Reg=0.0000, Con=3.9608
2025-09-14 02:37:41,437 - INFO - Batch 1800/2278: Loss=3.8640, Cls=2.6758, Reg=0.0000, Con=3.9608
2025-09-14 02:37:42,349 - INFO - Batch 1810/2278: Loss=1.7759, Cls=0.5877, Reg=0.0000, Con=3.9608
2025-09-14 02:37:43,264 - INFO - Batch 1820/2278: Loss=1.2032, Cls=0.0150, Reg=0.0000, Con=3.9608
2025-09-14 02:37:44,157 - INFO - Batch 1830/2278: Loss=1.1899, Cls=0.0015, Reg=0.0000, Con=3.9615
2025-09-14 02:37:45,099 - INFO - Batch 1840/2278: Loss=2.3479, Cls=1.1597, Reg=0.0000, Con=3.9608
2025-09-14 02:37:46,040 - INFO - Batch 1850/2278: Loss=1.1883, Cls=0.0000, Reg=0.0000, Con=3.9608
2025-09-14 02:37:46,957 - INFO - Batch 1860/2278: Loss=0.0876, Cls=0.0876, Reg=0.0000, Con=0.0000
2025-09-14 02:37:47,872 - INFO - Batch 1870/2278: Loss=0.0026, Cls=0.0026, Reg=0.0000, Con=0.0000
2025-09-14 02:37:48,783 - INFO - Batch 1880/2278: Loss=1.2091, Cls=0.0208, Reg=0.0000, Con=3.9610
2025-09-14 02:37:49,682 - INFO - Batch 1890/2278: Loss=0.0125, Cls=0.0125, Reg=0.0000, Con=0.0000
2025-09-14 02:37:50,578 - INFO - Batch 1900/2278: Loss=1.1900, Cls=0.0018, Reg=0.0000, Con=3.9607
2025-09-14 02:37:51,525 - INFO - Batch 1910/2278: Loss=1.1882, Cls=0.0000, Reg=0.0000, Con=3.9607
2025-09-14 02:37:52,441 - INFO - Batch 1920/2278: Loss=1.2611, Cls=0.0729, Reg=0.0000, Con=3.9608
2025-09-14 02:37:53,334 - INFO - Batch 1930/2278: Loss=0.0011, Cls=0.0011, Reg=0.0000, Con=0.0000
2025-09-14 02:37:54,333 - INFO - Batch 1940/2278: Loss=1.6610, Cls=0.4728, Reg=0.0000, Con=3.9607
2025-09-14 02:37:55,297 - INFO - Batch 1950/2278: Loss=1.2089, Cls=0.0206, Reg=0.0000, Con=3.9609
2025-09-14 02:37:56,259 - INFO - Batch 1960/2278: Loss=1.3186, Cls=0.1303, Reg=0.0000, Con=3.9609
2025-09-14 02:37:57,235 - INFO - Batch 1970/2278: Loss=1.7932, Cls=0.6050, Reg=0.0000, Con=3.9606
2025-09-14 02:37:58,167 - INFO - Batch 1980/2278: Loss=1.7436, Cls=0.5553, Reg=0.0000, Con=3.9608
2025-09-14 02:37:59,160 - INFO - Batch 1990/2278: Loss=0.0330, Cls=0.0330, Reg=0.0000, Con=0.0000
2025-09-14 02:38:00,099 - INFO - Batch 2000/2278: Loss=1.1930, Cls=0.0048, Reg=0.0000, Con=3.9607
2025-09-14 02:38:01,092 - INFO - Batch 2010/2278: Loss=1.2036, Cls=0.0154, Reg=0.0000, Con=3.9608
2025-09-14 02:38:02,056 - INFO - Batch 2020/2278: Loss=1.2126, Cls=1.2126, Reg=0.0000, Con=0.0000
2025-09-14 02:38:03,009 - INFO - Batch 2030/2278: Loss=1.1883, Cls=0.0000, Reg=0.0000, Con=3.9610
2025-09-14 02:38:04,007 - INFO - Batch 2040/2278: Loss=1.3877, Cls=0.1995, Reg=0.0000, Con=3.9608
2025-09-14 02:38:04,938 - INFO - Batch 2050/2278: Loss=1.1948, Cls=0.0066, Reg=0.0000, Con=3.9608
2025-09-14 02:38:05,947 - INFO - Batch 2060/2278: Loss=1.2285, Cls=0.0401, Reg=0.0000, Con=3.9615
2025-09-14 02:38:06,923 - INFO - Batch 2070/2278: Loss=1.2053, Cls=0.0171, Reg=0.0000, Con=3.9608
2025-09-14 02:38:07,842 - INFO - Batch 2080/2278: Loss=0.8689, Cls=0.8689, Reg=0.0000, Con=0.0000
2025-09-14 02:38:08,749 - INFO - Batch 2090/2278: Loss=1.3648, Cls=0.1766, Reg=0.0000, Con=3.9608
2025-09-14 02:38:09,773 - INFO - Batch 2100/2278: Loss=0.7235, Cls=0.7235, Reg=0.0000, Con=0.0000
2025-09-14 02:38:10,754 - INFO - Batch 2110/2278: Loss=0.0763, Cls=0.0763, Reg=0.0000, Con=0.0000
2025-09-14 02:38:11,764 - INFO - Batch 2120/2278: Loss=1.1958, Cls=0.0075, Reg=0.0000, Con=3.9609
2025-09-14 02:38:12,736 - INFO - Batch 2130/2278: Loss=1.2290, Cls=0.0407, Reg=0.0000, Con=3.9608
2025-09-14 02:38:13,677 - INFO - Batch 2140/2278: Loss=1.2600, Cls=0.0718, Reg=0.0000, Con=3.9608
2025-09-14 02:38:14,649 - INFO - Batch 2150/2278: Loss=1.2054, Cls=0.0171, Reg=0.0000, Con=3.9610
2025-09-14 02:38:15,567 - INFO - Batch 2160/2278: Loss=1.1950, Cls=0.0068, Reg=0.0000, Con=3.9608
2025-09-14 02:38:16,494 - INFO - Batch 2170/2278: Loss=1.2085, Cls=0.0202, Reg=0.0000, Con=3.9608
2025-09-14 02:38:17,438 - INFO - Batch 2180/2278: Loss=1.2085, Cls=0.0203, Reg=0.0000, Con=3.9608
2025-09-14 02:38:18,330 - INFO - Batch 2190/2278: Loss=1.6970, Cls=0.5087, Reg=0.0000, Con=3.9609
2025-09-14 02:38:19,261 - INFO - Batch 2200/2278: Loss=1.2211, Cls=0.0328, Reg=0.0000, Con=3.9608
2025-09-14 02:38:20,258 - INFO - Batch 2210/2278: Loss=1.2324, Cls=0.0440, Reg=0.0000, Con=3.9613
2025-09-14 02:38:21,211 - INFO - Batch 2220/2278: Loss=0.0009, Cls=0.0009, Reg=0.0000, Con=0.0000
2025-09-14 02:38:22,191 - INFO - Batch 2230/2278: Loss=1.2282, Cls=0.0400, Reg=0.0000, Con=3.9608
2025-09-14 02:38:23,147 - INFO - Batch 2240/2278: Loss=1.2089, Cls=0.0207, Reg=0.0000, Con=3.9608
2025-09-14 02:38:24,106 - INFO - Batch 2250/2278: Loss=0.3268, Cls=0.3268, Reg=0.0000, Con=0.0000
2025-09-14 02:38:25,069 - INFO - Batch 2260/2278: Loss=1.2390, Cls=0.0507, Reg=0.0000, Con=3.9609
2025-09-14 02:38:25,973 - INFO - Batch 2270/2278: Loss=1.1888, Cls=0.0006, Reg=0.0000, Con=3.9606
2025-09-14 02:41:54,672 - INFO - === Epoch 2 Results ===
2025-09-14 02:41:54,672 - INFO - Training Loss: 1.1954 (Classification: 0.2883, Regression: 0.0000)
2025-09-14 02:41:54,672 - INFO - Validation Loss: 0.1242 (Classification: 0.1242, Regression: 0.0000)
2025-09-14 02:41:54,672 - INFO - Average Classification Accuracy: 0.8561 (on 1/26 tasks)
2025-09-14 02:41:54,672 - INFO - Average AUC: 0.9257
2025-09-14 02:41:57,433 - INFO - Best model saved to: experiments/r1c3_headft_cls_13_seed_42_20250914_022802/checkpoints/r1c3_headft_cls_13_seed_42_best.pth
2025-09-14 02:41:57,433 - INFO - 
Epoch 3/3
2025-09-14 02:41:57,583 - INFO - Batch 0/2278: Loss=1.3344, Cls=0.1462, Reg=0.0000, Con=3.9608
2025-09-14 02:41:58,615 - INFO - Batch 10/2278: Loss=1.3276, Cls=0.1393, Reg=0.0000, Con=3.9611
2025-09-14 02:41:59,567 - INFO - Batch 20/2278: Loss=1.8464, Cls=0.6582, Reg=0.0000, Con=3.9608
2025-09-14 02:42:00,520 - INFO - Batch 30/2278: Loss=0.1486, Cls=0.1486, Reg=0.0000, Con=0.0000
2025-09-14 02:42:01,414 - INFO - Batch 40/2278: Loss=1.1882, Cls=0.0000, Reg=0.0000, Con=3.9608
2025-09-14 02:42:02,330 - INFO - Batch 50/2278: Loss=1.1901, Cls=0.0018, Reg=0.0000, Con=3.9609
2025-09-14 02:42:03,239 - INFO - Batch 60/2278: Loss=1.1891, Cls=0.0009, Reg=0.0000, Con=3.9607
2025-09-14 02:42:04,174 - INFO - Batch 70/2278: Loss=1.1882, Cls=0.0000, Reg=0.0000, Con=3.9608
2025-09-14 02:42:05,049 - INFO - Batch 80/2278: Loss=0.9085, Cls=0.9085, Reg=0.0000, Con=0.0000
2025-09-14 02:42:05,942 - INFO - Batch 90/2278: Loss=1.2894, Cls=0.1011, Reg=0.0000, Con=3.9608
2025-09-14 02:42:06,852 - INFO - Batch 100/2278: Loss=1.1989, Cls=0.0107, Reg=0.0000, Con=3.9606
2025-09-14 02:42:07,781 - INFO - Batch 110/2278: Loss=1.2159, Cls=0.0275, Reg=0.0000, Con=3.9614
2025-09-14 02:42:08,685 - INFO - Batch 120/2278: Loss=1.1926, Cls=0.0043, Reg=0.0000, Con=3.9609
2025-09-14 02:42:09,595 - INFO - Batch 130/2278: Loss=1.1976, Cls=0.0094, Reg=0.0000, Con=3.9607
2025-09-14 02:42:10,540 - INFO - Batch 140/2278: Loss=0.0545, Cls=0.0545, Reg=0.0000, Con=0.0000
2025-09-14 02:42:11,428 - INFO - Batch 150/2278: Loss=1.4592, Cls=0.2710, Reg=0.0000, Con=3.9608
2025-09-14 02:42:12,357 - INFO - Batch 160/2278: Loss=0.6590, Cls=0.6590, Reg=0.0000, Con=0.0000
2025-09-14 02:42:13,248 - INFO - Batch 170/2278: Loss=1.2402, Cls=0.0519, Reg=0.0000, Con=3.9609
2025-09-14 02:42:14,137 - INFO - Batch 180/2278: Loss=1.2181, Cls=0.0298, Reg=0.0000, Con=3.9611
2025-09-14 02:42:15,033 - INFO - Batch 190/2278: Loss=1.4361, Cls=0.2479, Reg=0.0000, Con=3.9607
2025-09-14 02:42:15,939 - INFO - Batch 200/2278: Loss=1.7440, Cls=0.5558, Reg=0.0000, Con=3.9608
2025-09-14 02:42:16,839 - INFO - Batch 210/2278: Loss=1.3794, Cls=0.1911, Reg=0.0000, Con=3.9612
2025-09-14 02:42:17,757 - INFO - Batch 220/2278: Loss=1.1887, Cls=0.0005, Reg=0.0000, Con=3.9608
2025-09-14 02:42:18,675 - INFO - Batch 230/2278: Loss=1.1992, Cls=0.0108, Reg=0.0000, Con=3.9611
2025-09-14 02:42:19,593 - INFO - Batch 240/2278: Loss=1.6201, Cls=0.4319, Reg=0.0000, Con=3.9607
2025-09-14 02:42:20,474 - INFO - Batch 250/2278: Loss=1.3580, Cls=0.1698, Reg=0.0000, Con=3.9609
2025-09-14 02:42:21,342 - INFO - Batch 260/2278: Loss=1.1882, Cls=0.0000, Reg=0.0000, Con=3.9608
2025-09-14 02:42:22,263 - INFO - Batch 270/2278: Loss=1.1882, Cls=0.0000, Reg=0.0000, Con=3.9607
2025-09-14 02:42:23,146 - INFO - Batch 280/2278: Loss=1.1913, Cls=0.0031, Reg=0.0000, Con=3.9608
2025-09-14 02:42:24,053 - INFO - Batch 290/2278: Loss=1.6052, Cls=0.4170, Reg=0.0000, Con=3.9608
2025-09-14 02:42:24,955 - INFO - Batch 300/2278: Loss=1.2050, Cls=0.0168, Reg=0.0000, Con=3.9607
2025-09-14 02:42:25,871 - INFO - Batch 310/2278: Loss=1.1996, Cls=0.0113, Reg=0.0000, Con=3.9610
2025-09-14 02:42:26,767 - INFO - Batch 320/2278: Loss=1.2113, Cls=0.0229, Reg=0.0000, Con=3.9612
2025-09-14 02:42:27,751 - INFO - Batch 330/2278: Loss=2.7770, Cls=1.5888, Reg=0.0000, Con=3.9607
2025-09-14 02:42:28,755 - INFO - Batch 340/2278: Loss=0.0153, Cls=0.0153, Reg=0.0000, Con=0.0000
2025-09-14 02:42:29,670 - INFO - Batch 350/2278: Loss=1.4720, Cls=0.2837, Reg=0.0000, Con=3.9610
2025-09-14 02:42:30,583 - INFO - Batch 360/2278: Loss=1.1892, Cls=0.0009, Reg=0.0000, Con=3.9611
2025-09-14 02:42:31,477 - INFO - Batch 370/2278: Loss=1.5823, Cls=0.3941, Reg=0.0000, Con=3.9608
2025-09-14 02:42:32,392 - INFO - Batch 380/2278: Loss=2.6143, Cls=1.4261, Reg=0.0000, Con=3.9608
2025-09-14 02:42:33,333 - INFO - Batch 390/2278: Loss=1.3742, Cls=0.1859, Reg=0.0000, Con=3.9608
2025-09-14 02:42:34,236 - INFO - Batch 400/2278: Loss=0.0032, Cls=0.0032, Reg=0.0000, Con=0.0000
2025-09-14 02:42:35,136 - INFO - Batch 410/2278: Loss=1.5086, Cls=0.3203, Reg=0.0000, Con=3.9609
2025-09-14 02:42:36,029 - INFO - Batch 420/2278: Loss=1.2001, Cls=0.0118, Reg=0.0000, Con=3.9608
2025-09-14 02:42:36,952 - INFO - Batch 430/2278: Loss=3.1078, Cls=1.9194, Reg=0.0000, Con=3.9614
2025-09-14 02:42:37,848 - INFO - Batch 440/2278: Loss=1.5545, Cls=0.3662, Reg=0.0000, Con=3.9608
2025-09-14 02:42:38,732 - INFO - Batch 450/2278: Loss=1.1898, Cls=0.0016, Reg=0.0000, Con=3.9608
2025-09-14 02:42:39,623 - INFO - Batch 460/2278: Loss=0.0646, Cls=0.0646, Reg=0.0000, Con=0.0000
2025-09-14 02:42:40,537 - INFO - Batch 470/2278: Loss=1.8787, Cls=0.6905, Reg=0.0000, Con=3.9608
2025-09-14 02:42:41,445 - INFO - Batch 480/2278: Loss=1.2130, Cls=0.0247, Reg=0.0000, Con=3.9609
2025-09-14 02:42:42,543 - INFO - Batch 490/2278: Loss=0.0004, Cls=0.0004, Reg=0.0000, Con=0.0000
2025-09-14 02:42:43,465 - INFO - Batch 500/2278: Loss=1.1907, Cls=0.0029, Reg=0.0000, Con=3.9596
2025-09-14 02:42:44,395 - INFO - Batch 510/2278: Loss=1.1883, Cls=0.0001, Reg=0.0000, Con=3.9608
2025-09-14 02:42:45,302 - INFO - Batch 520/2278: Loss=0.0189, Cls=0.0189, Reg=0.0000, Con=0.0000
2025-09-14 02:42:46,189 - INFO - Batch 530/2278: Loss=1.1929, Cls=0.0047, Reg=0.0000, Con=3.9608
2025-09-14 02:42:47,104 - INFO - Batch 540/2278: Loss=1.1892, Cls=0.0010, Reg=0.0000, Con=3.9609
2025-09-14 02:42:48,007 - INFO - Batch 550/2278: Loss=0.0174, Cls=0.0174, Reg=0.0000, Con=0.0000
2025-09-14 02:42:48,919 - INFO - Batch 560/2278: Loss=1.5374, Cls=0.3492, Reg=0.0000, Con=3.9609
2025-09-14 02:42:49,842 - INFO - Batch 570/2278: Loss=1.3672, Cls=0.1790, Reg=0.0000, Con=3.9608
2025-09-14 02:42:50,780 - INFO - Batch 580/2278: Loss=1.1941, Cls=0.0059, Reg=0.0000, Con=3.9607
2025-09-14 02:42:51,667 - INFO - Batch 590/2278: Loss=1.4093, Cls=0.2211, Reg=0.0000, Con=3.9608
2025-09-14 02:42:52,552 - INFO - Batch 600/2278: Loss=0.1690, Cls=0.1690, Reg=0.0000, Con=0.0000
2025-09-14 02:42:53,412 - INFO - Batch 610/2278: Loss=0.0000, Cls=0.0000, Reg=0.0000, Con=0.0000
2025-09-14 02:42:54,314 - INFO - Batch 620/2278: Loss=1.1882, Cls=0.0000, Reg=0.0000, Con=3.9608
2025-09-14 02:42:55,191 - INFO - Batch 630/2278: Loss=1.2000, Cls=0.0117, Reg=0.0000, Con=3.9611
2025-09-14 02:42:56,121 - INFO - Batch 640/2278: Loss=1.1902, Cls=0.0020, Reg=0.0000, Con=3.9607
2025-09-14 02:42:56,997 - INFO - Batch 650/2278: Loss=1.2689, Cls=0.0806, Reg=0.0000, Con=3.9608
2025-09-14 02:42:57,910 - INFO - Batch 660/2278: Loss=0.0028, Cls=0.0028, Reg=0.0000, Con=0.0000
2025-09-14 02:42:58,810 - INFO - Batch 670/2278: Loss=3.3002, Cls=2.1119, Reg=0.0000, Con=3.9609
2025-09-14 02:42:59,745 - INFO - Batch 680/2278: Loss=1.2769, Cls=0.0887, Reg=0.0000, Con=3.9608
2025-09-14 02:43:00,631 - INFO - Batch 690/2278: Loss=1.4871, Cls=0.2988, Reg=0.0000, Con=3.9609
2025-09-14 02:43:01,560 - INFO - Batch 700/2278: Loss=3.0094, Cls=1.8211, Reg=0.0000, Con=3.9610
2025-09-14 02:43:02,452 - INFO - Batch 710/2278: Loss=1.1892, Cls=0.0009, Reg=0.0000, Con=3.9610
2025-09-14 02:43:03,375 - INFO - Batch 720/2278: Loss=1.2175, Cls=0.0292, Reg=0.0000, Con=3.9610
2025-09-14 02:43:04,271 - INFO - Batch 730/2278: Loss=1.8646, Cls=0.6763, Reg=0.0000, Con=3.9608
2025-09-14 02:43:05,169 - INFO - Batch 740/2278: Loss=1.2007, Cls=0.0125, Reg=0.0000, Con=3.9606
2025-09-14 02:43:06,055 - INFO - Batch 750/2278: Loss=1.1993, Cls=0.0112, Reg=0.0000, Con=3.9606
2025-09-14 02:43:06,935 - INFO - Batch 760/2278: Loss=1.1986, Cls=0.0103, Reg=0.0000, Con=3.9609
2025-09-14 02:43:07,842 - INFO - Batch 770/2278: Loss=1.2009, Cls=0.0126, Reg=0.0000, Con=3.9611
2025-09-14 02:43:08,742 - INFO - Batch 780/2278: Loss=0.0012, Cls=0.0012, Reg=0.0000, Con=0.0000
2025-09-14 02:43:09,629 - INFO - Batch 790/2278: Loss=1.2073, Cls=0.0191, Reg=0.0000, Con=3.9608
2025-09-14 02:43:10,524 - INFO - Batch 800/2278: Loss=1.2275, Cls=0.0392, Reg=0.0000, Con=3.9609
2025-09-14 02:43:11,413 - INFO - Batch 810/2278: Loss=0.0473, Cls=0.0473, Reg=0.0000, Con=0.0000
2025-09-14 02:43:12,315 - INFO - Batch 820/2278: Loss=1.1940, Cls=0.0058, Reg=0.0000, Con=3.9608
2025-09-14 02:43:13,206 - INFO - Batch 830/2278: Loss=1.2207, Cls=0.0325, Reg=0.0000, Con=3.9609
2025-09-14 02:43:14,123 - INFO - Batch 840/2278: Loss=1.6656, Cls=0.4773, Reg=0.0000, Con=3.9608
2025-09-14 02:43:15,045 - INFO - Batch 850/2278: Loss=1.2987, Cls=0.1105, Reg=0.0000, Con=3.9608
2025-09-14 02:43:15,916 - INFO - Batch 860/2278: Loss=1.2741, Cls=0.0857, Reg=0.0000, Con=3.9611
2025-09-14 02:43:16,789 - INFO - Batch 870/2278: Loss=1.1884, Cls=0.0002, Reg=0.0000, Con=3.9609
2025-09-14 02:43:17,719 - INFO - Batch 880/2278: Loss=0.2298, Cls=0.2298, Reg=0.0000, Con=0.0000
2025-09-14 02:43:18,619 - INFO - Batch 890/2278: Loss=1.2060, Cls=0.0177, Reg=0.0000, Con=3.9609
2025-09-14 02:43:19,530 - INFO - Batch 900/2278: Loss=0.0482, Cls=0.0482, Reg=0.0000, Con=0.0000
2025-09-14 02:43:20,399 - INFO - Batch 910/2278: Loss=1.3653, Cls=0.1770, Reg=0.0000, Con=3.9608
2025-09-14 02:43:21,300 - INFO - Batch 920/2278: Loss=1.2254, Cls=0.0372, Reg=0.0000, Con=3.9608
2025-09-14 02:43:22,180 - INFO - Batch 930/2278: Loss=1.3655, Cls=0.1772, Reg=0.0000, Con=3.9608
2025-09-14 02:43:23,102 - INFO - Batch 940/2278: Loss=1.2370, Cls=0.0486, Reg=0.0000, Con=3.9613
2025-09-14 02:43:24,011 - INFO - Batch 950/2278: Loss=1.8575, Cls=0.6692, Reg=0.0000, Con=3.9607
2025-09-14 02:43:24,920 - INFO - Batch 960/2278: Loss=1.8792, Cls=0.6910, Reg=0.0000, Con=3.9608
2025-09-14 02:43:25,823 - INFO - Batch 970/2278: Loss=1.2784, Cls=0.0902, Reg=0.0000, Con=3.9608
2025-09-14 02:43:26,706 - INFO - Batch 980/2278: Loss=1.1885, Cls=0.0002, Reg=0.0000, Con=3.9609
2025-09-14 02:43:27,603 - INFO - Batch 990/2278: Loss=1.1887, Cls=0.0004, Reg=0.0000, Con=3.9609
2025-09-14 02:43:28,501 - INFO - Batch 1000/2278: Loss=1.5749, Cls=0.3866, Reg=0.0000, Con=3.9610
2025-09-14 02:43:29,425 - INFO - Batch 1010/2278: Loss=1.2007, Cls=0.0125, Reg=0.0000, Con=3.9608
2025-09-14 02:43:30,311 - INFO - Batch 1020/2278: Loss=1.1882, Cls=0.0000, Reg=0.0000, Con=3.9608
2025-09-14 02:43:31,235 - INFO - Batch 1030/2278: Loss=0.0004, Cls=0.0004, Reg=0.0000, Con=0.0000
2025-09-14 02:43:32,170 - INFO - Batch 1040/2278: Loss=1.2071, Cls=0.0187, Reg=0.0000, Con=3.9613
2025-09-14 02:43:33,083 - INFO - Batch 1050/2278: Loss=0.0365, Cls=0.0365, Reg=0.0000, Con=0.0000
2025-09-14 02:43:33,991 - INFO - Batch 1060/2278: Loss=1.1949, Cls=0.0066, Reg=0.0000, Con=3.9611
2025-09-14 02:43:34,911 - INFO - Batch 1070/2278: Loss=1.7903, Cls=0.6021, Reg=0.0000, Con=3.9609
2025-09-14 02:43:35,817 - INFO - Batch 1080/2278: Loss=0.0087, Cls=0.0087, Reg=0.0000, Con=0.0000
2025-09-14 02:43:36,744 - INFO - Batch 1090/2278: Loss=1.2876, Cls=0.0993, Reg=0.0000, Con=3.9609
2025-09-14 02:43:37,676 - INFO - Batch 1100/2278: Loss=1.1964, Cls=0.0081, Reg=0.0000, Con=3.9611
2025-09-14 02:43:38,573 - INFO - Batch 1110/2278: Loss=0.0000, Cls=0.0000, Reg=0.0000, Con=0.0000
2025-09-14 02:43:39,501 - INFO - Batch 1120/2278: Loss=0.0040, Cls=0.0040, Reg=0.0000, Con=0.0000
2025-09-14 02:43:40,396 - INFO - Batch 1130/2278: Loss=0.1128, Cls=0.1128, Reg=0.0000, Con=0.0000
2025-09-14 02:43:41,284 - INFO - Batch 1140/2278: Loss=1.1901, Cls=0.0018, Reg=0.0000, Con=3.9609
2025-09-14 02:43:42,159 - INFO - Batch 1150/2278: Loss=0.0940, Cls=0.0940, Reg=0.0000, Con=0.0000
2025-09-14 02:43:43,099 - INFO - Batch 1160/2278: Loss=0.0569, Cls=0.0569, Reg=0.0000, Con=0.0000
2025-09-14 02:43:43,992 - INFO - Batch 1170/2278: Loss=1.1882, Cls=0.0000, Reg=0.0000, Con=3.9608
2025-09-14 02:43:44,911 - INFO - Batch 1180/2278: Loss=1.2111, Cls=0.0227, Reg=0.0000, Con=3.9613
2025-09-14 02:43:45,831 - INFO - Batch 1190/2278: Loss=1.1888, Cls=0.0005, Reg=0.0000, Con=3.9609
2025-09-14 02:43:46,730 - INFO - Batch 1200/2278: Loss=1.2038, Cls=0.0154, Reg=0.0000, Con=3.9611
2025-09-14 02:43:47,628 - INFO - Batch 1210/2278: Loss=3.5327, Cls=2.3444, Reg=0.0000, Con=3.9610
2025-09-14 02:43:48,514 - INFO - Batch 1220/2278: Loss=1.2273, Cls=0.0390, Reg=0.0000, Con=3.9609
2025-09-14 02:43:49,449 - INFO - Batch 1230/2278: Loss=1.2212, Cls=0.0330, Reg=0.0000, Con=3.9608
2025-09-14 02:43:50,343 - INFO - Batch 1240/2278: Loss=1.4288, Cls=0.2406, Reg=0.0000, Con=3.9608
2025-09-14 02:43:51,257 - INFO - Batch 1250/2278: Loss=1.2412, Cls=0.0530, Reg=0.0000, Con=3.9609
2025-09-14 02:43:52,132 - INFO - Batch 1260/2278: Loss=0.2749, Cls=0.2749, Reg=0.0000, Con=0.0000
2025-09-14 02:43:53,066 - INFO - Batch 1270/2278: Loss=1.2199, Cls=0.0316, Reg=0.0000, Con=3.9610
2025-09-14 02:43:53,944 - INFO - Batch 1280/2278: Loss=1.1885, Cls=0.0003, Reg=0.0000, Con=3.9607
2025-09-14 02:43:54,930 - INFO - Batch 1290/2278: Loss=0.0822, Cls=0.0822, Reg=0.0000, Con=0.0000
2025-09-14 02:43:55,818 - INFO - Batch 1300/2278: Loss=0.0005, Cls=0.0005, Reg=0.0000, Con=0.0000
2025-09-14 02:43:56,740 - INFO - Batch 1310/2278: Loss=1.7336, Cls=0.5454, Reg=0.0000, Con=3.9608
2025-09-14 02:43:57,646 - INFO - Batch 1320/2278: Loss=2.3944, Cls=1.2062, Reg=0.0000, Con=3.9609
2025-09-14 02:43:58,533 - INFO - Batch 1330/2278: Loss=1.1897, Cls=0.0014, Reg=0.0000, Con=3.9610
2025-09-14 02:43:59,411 - INFO - Batch 1340/2278: Loss=1.2136, Cls=0.0254, Reg=0.0000, Con=3.9608
2025-09-14 02:44:00,311 - INFO - Batch 1350/2278: Loss=1.3805, Cls=0.1923, Reg=0.0000, Con=3.9608
2025-09-14 02:44:01,217 - INFO - Batch 1360/2278: Loss=1.2006, Cls=0.0122, Reg=0.0000, Con=3.9612
2025-09-14 02:44:02,091 - INFO - Batch 1370/2278: Loss=1.1887, Cls=0.0004, Reg=0.0000, Con=3.9610
2025-09-14 02:44:02,993 - INFO - Batch 1380/2278: Loss=1.1931, Cls=0.0049, Reg=0.0000, Con=3.9608
2025-09-14 02:44:03,887 - INFO - Batch 1390/2278: Loss=1.2315, Cls=0.0431, Reg=0.0000, Con=3.9610
2025-09-14 02:44:04,804 - INFO - Batch 1400/2278: Loss=1.2533, Cls=0.0649, Reg=0.0000, Con=3.9615
2025-09-14 02:44:05,692 - INFO - Batch 1410/2278: Loss=0.0000, Cls=0.0000, Reg=0.0000, Con=0.0000
2025-09-14 02:44:06,609 - INFO - Batch 1420/2278: Loss=1.2490, Cls=0.0607, Reg=0.0000, Con=3.9610
2025-09-14 02:44:07,504 - INFO - Batch 1430/2278: Loss=1.3476, Cls=0.1593, Reg=0.0000, Con=3.9608
2025-09-14 02:44:08,430 - INFO - Batch 1440/2278: Loss=1.1882, Cls=0.0000, Reg=0.0000, Con=3.9606
2025-09-14 02:44:09,338 - INFO - Batch 1450/2278: Loss=0.0011, Cls=0.0011, Reg=0.0000, Con=0.0000
2025-09-14 02:44:10,204 - INFO - Batch 1460/2278: Loss=0.9331, Cls=0.9331, Reg=0.0000, Con=0.0000
2025-09-14 02:44:11,107 - INFO - Batch 1470/2278: Loss=2.3705, Cls=1.1823, Reg=0.0000, Con=3.9607
2025-09-14 02:44:11,974 - INFO - Batch 1480/2278: Loss=1.1910, Cls=0.0028, Reg=0.0000, Con=3.9608
2025-09-14 02:44:12,882 - INFO - Batch 1490/2278: Loss=1.0915, Cls=1.0915, Reg=0.0000, Con=0.0000
2025-09-14 02:44:13,776 - INFO - Batch 1500/2278: Loss=1.1917, Cls=0.0034, Reg=0.0000, Con=3.9610
2025-09-14 02:44:14,687 - INFO - Batch 1510/2278: Loss=1.1887, Cls=0.0005, Reg=0.0000, Con=3.9609
2025-09-14 02:44:15,632 - INFO - Batch 1520/2278: Loss=0.0065, Cls=0.0065, Reg=0.0000, Con=0.0000
2025-09-14 02:44:16,541 - INFO - Batch 1530/2278: Loss=1.3174, Cls=0.1292, Reg=0.0000, Con=3.9608
2025-09-14 02:44:17,445 - INFO - Batch 1540/2278: Loss=1.2023, Cls=0.0140, Reg=0.0000, Con=3.9610
2025-09-14 02:44:18,350 - INFO - Batch 1550/2278: Loss=1.2518, Cls=0.0635, Reg=0.0000, Con=3.9609
2025-09-14 02:44:19,252 - INFO - Batch 1560/2278: Loss=1.2254, Cls=0.0372, Reg=0.0000, Con=3.9608
2025-09-14 02:44:20,124 - INFO - Batch 1570/2278: Loss=0.9913, Cls=0.9913, Reg=0.0000, Con=0.0000
2025-09-14 02:44:21,039 - INFO - Batch 1580/2278: Loss=1.3439, Cls=0.1557, Reg=0.0000, Con=3.9608
2025-09-14 02:44:21,930 - INFO - Batch 1590/2278: Loss=0.0003, Cls=0.0003, Reg=0.0000, Con=0.0000
2025-09-14 02:44:22,821 - INFO - Batch 1600/2278: Loss=1.2059, Cls=0.0177, Reg=0.0000, Con=3.9608
2025-09-14 02:44:23,692 - INFO - Batch 1610/2278: Loss=0.3878, Cls=0.3878, Reg=0.0000, Con=0.0000
2025-09-14 02:44:24,608 - INFO - Batch 1620/2278: Loss=1.1897, Cls=0.0014, Reg=0.0000, Con=3.9608
2025-09-14 02:44:25,514 - INFO - Batch 1630/2278: Loss=1.2028, Cls=0.0145, Reg=0.0000, Con=3.9610
2025-09-14 02:44:26,417 - INFO - Batch 1640/2278: Loss=0.1050, Cls=0.1050, Reg=0.0000, Con=0.0000
2025-09-14 02:44:27,328 - INFO - Batch 1650/2278: Loss=1.2003, Cls=0.0121, Reg=0.0000, Con=3.9608
2025-09-14 02:44:28,235 - INFO - Batch 1660/2278: Loss=1.1919, Cls=0.0035, Reg=0.0000, Con=3.9613
2025-09-14 02:44:29,129 - INFO - Batch 1670/2278: Loss=1.9550, Cls=0.7667, Reg=0.0000, Con=3.9609
2025-09-14 02:44:30,022 - INFO - Batch 1680/2278: Loss=1.1893, Cls=0.0011, Reg=0.0000, Con=3.9607
2025-09-14 02:44:30,935 - INFO - Batch 1690/2278: Loss=1.1940, Cls=0.0057, Reg=0.0000, Con=3.9610
2025-09-14 02:44:31,839 - INFO - Batch 1700/2278: Loss=1.2047, Cls=0.0165, Reg=0.0000, Con=3.9608
2025-09-14 02:44:32,733 - INFO - Batch 1710/2278: Loss=2.2651, Cls=1.0768, Reg=0.0000, Con=3.9608
2025-09-14 02:44:33,621 - INFO - Batch 1720/2278: Loss=0.0054, Cls=0.0054, Reg=0.0000, Con=0.0000
2025-09-14 02:44:34,539 - INFO - Batch 1730/2278: Loss=1.2069, Cls=0.0186, Reg=0.0000, Con=3.9608
2025-09-14 02:44:35,424 - INFO - Batch 1740/2278: Loss=1.1884, Cls=0.0001, Reg=0.0000, Con=3.9609
2025-09-14 02:44:36,318 - INFO - Batch 1750/2278: Loss=0.0254, Cls=0.0254, Reg=0.0000, Con=0.0000
2025-09-14 02:44:37,247 - INFO - Batch 1760/2278: Loss=1.1885, Cls=0.0001, Reg=0.0000, Con=3.9612
2025-09-14 02:44:38,158 - INFO - Batch 1770/2278: Loss=0.0044, Cls=0.0044, Reg=0.0000, Con=0.0000
2025-09-14 02:44:39,056 - INFO - Batch 1780/2278: Loss=0.0134, Cls=0.0134, Reg=0.0000, Con=0.0000
2025-09-14 02:44:39,950 - INFO - Batch 1790/2278: Loss=0.0251, Cls=0.0251, Reg=0.0000, Con=0.0000
2025-09-14 02:44:40,859 - INFO - Batch 1800/2278: Loss=1.1889, Cls=0.0007, Reg=0.0000, Con=3.9607
2025-09-14 02:44:41,742 - INFO - Batch 1810/2278: Loss=2.4999, Cls=2.4999, Reg=0.0000, Con=0.0000
2025-09-14 02:44:42,626 - INFO - Batch 1820/2278: Loss=2.5609, Cls=2.5609, Reg=0.0000, Con=0.0000
2025-09-14 02:44:43,517 - INFO - Batch 1830/2278: Loss=1.1917, Cls=0.0034, Reg=0.0000, Con=3.9608
2025-09-14 02:44:44,430 - INFO - Batch 1840/2278: Loss=1.6153, Cls=0.4271, Reg=0.0000, Con=3.9608
2025-09-14 02:44:45,329 - INFO - Batch 1850/2278: Loss=2.2620, Cls=1.0737, Reg=0.0000, Con=3.9609
2025-09-14 02:44:46,259 - INFO - Batch 1860/2278: Loss=1.1982, Cls=0.0100, Reg=0.0000, Con=3.9607
2025-09-14 02:44:47,307 - INFO - Batch 1870/2278: Loss=0.0761, Cls=0.0761, Reg=0.0000, Con=0.0000
2025-09-14 02:44:48,216 - INFO - Batch 1880/2278: Loss=1.2237, Cls=0.0354, Reg=0.0000, Con=3.9607
2025-09-14 02:44:49,141 - INFO - Batch 1890/2278: Loss=1.2353, Cls=0.0471, Reg=0.0000, Con=3.9608
2025-09-14 02:44:50,054 - INFO - Batch 1900/2278: Loss=1.6670, Cls=0.4788, Reg=0.0000, Con=3.9608
2025-09-14 02:44:50,938 - INFO - Batch 1910/2278: Loss=1.2609, Cls=0.0726, Reg=0.0000, Con=3.9610
2025-09-14 02:44:51,822 - INFO - Batch 1920/2278: Loss=0.1982, Cls=0.1982, Reg=0.0000, Con=0.0000
2025-09-14 02:44:52,768 - INFO - Batch 1930/2278: Loss=1.6922, Cls=0.5039, Reg=0.0000, Con=3.9609
2025-09-14 02:44:53,717 - INFO - Batch 1940/2278: Loss=1.2127, Cls=0.0245, Reg=0.0000, Con=3.9607
2025-09-14 02:44:54,644 - INFO - Batch 1950/2278: Loss=1.4181, Cls=0.2298, Reg=0.0000, Con=3.9609
2025-09-14 02:44:55,600 - INFO - Batch 1960/2278: Loss=1.2020, Cls=0.0138, Reg=0.0000, Con=3.9609
2025-09-14 02:44:56,537 - INFO - Batch 1970/2278: Loss=0.0000, Cls=0.0000, Reg=0.0000, Con=0.0000
2025-09-14 02:44:57,530 - INFO - Batch 1980/2278: Loss=1.1883, Cls=0.0000, Reg=0.0000, Con=3.9610
2025-09-14 02:44:58,472 - INFO - Batch 1990/2278: Loss=1.1882, Cls=0.0000, Reg=0.0000, Con=3.9608
2025-09-14 02:44:59,419 - INFO - Batch 2000/2278: Loss=1.1952, Cls=0.0069, Reg=0.0000, Con=3.9610
2025-09-14 02:45:00,399 - INFO - Batch 2010/2278: Loss=1.4340, Cls=0.2457, Reg=0.0000, Con=3.9608
2025-09-14 02:45:01,388 - INFO - Batch 2020/2278: Loss=1.1884, Cls=0.0002, Reg=0.0000, Con=3.9608
2025-09-14 02:45:02,361 - INFO - Batch 2030/2278: Loss=1.2316, Cls=0.0434, Reg=0.0000, Con=3.9608
2025-09-14 02:45:03,358 - INFO - Batch 2040/2278: Loss=1.4373, Cls=0.2490, Reg=0.0000, Con=3.9610
2025-09-14 02:45:04,364 - INFO - Batch 2050/2278: Loss=1.8927, Cls=0.7044, Reg=0.0000, Con=3.9608
2025-09-14 02:45:05,262 - INFO - Batch 2060/2278: Loss=1.2170, Cls=0.0287, Reg=0.0000, Con=3.9609
2025-09-14 02:45:06,232 - INFO - Batch 2070/2278: Loss=0.0019, Cls=0.0019, Reg=0.0000, Con=0.0000
2025-09-14 02:45:07,234 - INFO - Batch 2080/2278: Loss=1.2928, Cls=0.1045, Reg=0.0000, Con=3.9613
2025-09-14 02:45:08,181 - INFO - Batch 2090/2278: Loss=1.1884, Cls=0.0002, Reg=0.0000, Con=3.9607
2025-09-14 02:45:09,146 - INFO - Batch 2100/2278: Loss=1.1891, Cls=0.0006, Reg=0.0000, Con=3.9619
2025-09-14 02:45:10,069 - INFO - Batch 2110/2278: Loss=2.9237, Cls=1.7355, Reg=0.0000, Con=3.9609
2025-09-14 02:45:11,040 - INFO - Batch 2120/2278: Loss=1.0656, Cls=1.0656, Reg=0.0000, Con=0.0000
2025-09-14 02:45:11,971 - INFO - Batch 2130/2278: Loss=1.6644, Cls=0.4762, Reg=0.0000, Con=3.9606
2025-09-14 02:45:12,957 - INFO - Batch 2140/2278: Loss=0.0000, Cls=0.0000, Reg=0.0000, Con=0.0000
2025-09-14 02:45:13,877 - INFO - Batch 2150/2278: Loss=1.4242, Cls=0.2360, Reg=0.0000, Con=3.9608
2025-09-14 02:45:14,851 - INFO - Batch 2160/2278: Loss=1.2029, Cls=0.0146, Reg=0.0000, Con=3.9609
2025-09-14 02:45:15,813 - INFO - Batch 2170/2278: Loss=1.1901, Cls=0.0019, Reg=0.0000, Con=3.9608
2025-09-14 02:45:16,825 - INFO - Batch 2180/2278: Loss=0.0002, Cls=0.0002, Reg=0.0000, Con=0.0000
2025-09-14 02:45:17,802 - INFO - Batch 2190/2278: Loss=1.1939, Cls=0.0056, Reg=0.0000, Con=3.9609
2025-09-14 02:45:18,748 - INFO - Batch 2200/2278: Loss=1.1896, Cls=0.0013, Reg=0.0000, Con=3.9608
2025-09-14 02:45:19,653 - INFO - Batch 2210/2278: Loss=1.6745, Cls=0.4863, Reg=0.0000, Con=3.9609
2025-09-14 02:45:20,605 - INFO - Batch 2220/2278: Loss=0.0347, Cls=0.0347, Reg=0.0000, Con=0.0000
2025-09-14 02:45:21,568 - INFO - Batch 2230/2278: Loss=1.2741, Cls=0.0858, Reg=0.0000, Con=3.9609
2025-09-14 02:45:22,482 - INFO - Batch 2240/2278: Loss=2.5791, Cls=1.3907, Reg=0.0000, Con=3.9612
2025-09-14 02:45:23,403 - INFO - Batch 2250/2278: Loss=1.2443, Cls=0.0561, Reg=0.0000, Con=3.9608
2025-09-14 02:45:24,313 - INFO - Batch 2260/2278: Loss=1.2421, Cls=0.0539, Reg=0.0000, Con=3.9608
2025-09-14 02:45:25,229 - INFO - Batch 2270/2278: Loss=2.0797, Cls=0.8914, Reg=0.0000, Con=3.9608
2025-09-14 02:48:54,163 - INFO - === Epoch 3 Results ===
2025-09-14 02:48:54,163 - INFO - Training Loss: 1.1754 (Classification: 0.2646, Regression: 0.0000)
2025-09-14 02:48:54,163 - INFO - Validation Loss: 0.1378 (Classification: 0.1378, Regression: 0.0000)
2025-09-14 02:48:54,163 - INFO - Average Classification Accuracy: 0.8514 (on 1/26 tasks)
2025-09-14 02:48:54,163 - INFO - Average AUC: 0.9209
2025-09-14 02:48:54,163 - INFO - Training finished!
2025-09-14 02:48:54,163 - INFO - Performing final evaluation...
2025-09-14 02:48:54,384 - INFO - Loaded best model from: experiments/r1c3_headft_cls_13_seed_42_20250914_022802/checkpoints/r1c3_headft_cls_13_seed_42_best.pth
2025-09-14 02:52:22,296 - INFO - Final Validation Results:
2025-09-14 02:52:22,297 - INFO -   Total Loss: 0.1242
2025-09-14 02:52:22,297 - INFO -   Classification Loss: 0.1242
2025-09-14 02:52:22,297 - INFO -   Regression Loss: 0.0000
2025-09-14 02:52:22,297 - INFO -   Average Classification Accuracy: 0.8561
2025-09-14 02:52:22,297 - INFO -   Average AUC: 0.9257
2025-09-14 02:52:22,298 - INFO - Results saved to: experiments/r1c3_headft_cls_13_seed_42_20250914_022802/checkpoints/r1c3_headft_cls_13_seed_42_results.json
