2025-09-14 00:25:54,968 - INFO - 🔬 Starting experiment: r1c3_headft_cls_2_seed_42
2025-09-14 00:25:54,968 - INFO - 📁 Experiment directory: experiments/r1c3_headft_cls_2_seed_42_20250914_002554
2025-09-14 00:25:54,968 - INFO - 🎲 Random seed: 42
2025-09-14 00:25:54,968 - INFO - 🔒 Deterministic mode: True
2025-09-14 00:25:54,968 - INFO - Using device: cuda
2025-09-14 00:25:54,968 - INFO - Total GPU Memory: 25.16 GB
2025-09-14 00:25:54,985 - INFO - 🧪 Fusion: Using cross-attention dynamic fusion
2025-09-14 00:25:54,985 - INFO - 🧪 GNN Backbone: Using default GraphAttentionNetwork branch
2025-09-14 00:25:54,985 - INFO - 🎯 Task Mode: Single classification endpoint 2
2025-09-14 00:25:54,985 - INFO - Configuration saved to: experiments/r1c3_headft_cls_2_seed_42_20250914_002554/checkpoints/config.json
2025-09-14 00:25:54,985 - INFO - 🚀 Using preprocessed data from: /mnt/backup2/ai4s/backupunimolpy/responds-work/ToxD4C/data/data/processed
2025-09-14 00:25:54,985 - INFO - Loading LMDB dataset from: /mnt/backup2/ai4s/backupunimolpy/responds-work/ToxD4C/data/data/processed
2025-09-14 00:25:55,484 - INFO - Number of training batches: 2278
2025-09-14 00:25:55,484 - INFO - Number of validation batches: 2278
2025-09-14 00:25:55,484 - INFO - Number of test batches: 2278
2025-09-14 00:25:55,484 - INFO - Creating ToxD4C model...
2025-09-14 00:25:56,572 - INFO - Model created successfully. Total parameters: 100,932,036
2025-09-14 00:25:56,572 - INFO - Testing model forward pass...
2025-09-14 00:25:56,999 - INFO - Test output shapes:
2025-09-14 00:25:56,999 - INFO -   classification: torch.Size([16, 1])
2025-09-14 00:25:57,002 - INFO -   classification contains NaN: False
2025-09-14 00:25:57,002 - INFO -   classification contains Inf: False
2025-09-14 00:25:57,002 - INFO -   regression: torch.Size([16, 0])
2025-09-14 00:25:57,002 - INFO -   regression contains NaN: False
2025-09-14 00:25:57,002 - INFO -   regression contains Inf: False
2025-09-14 00:25:57,002 - INFO - Model forward pass test successful!
2025-09-14 00:25:57,725 - INFO - 🔁 Loaded checkpoint from: /mnt/backup2/ai4s/backupunimolpy/responds-work/ToxD4C/experiments/r1c3_multi_full_seed_42_20250913_152627/checkpoints/r1c3_multi_full_seed_42_best.pth
2025-09-14 00:25:57,726 - INFO - 🧩 Head-only fine-tuning: unfroze head for task 'Respiratory toxicity' and froze trunk.
2025-09-14 00:25:57,727 - INFO - Starting training...
2025-09-14 00:25:57,728 - INFO - 
Epoch 1/3
2025-09-14 00:25:57,833 - INFO - Batch 0/2278: Loss=0.0000, Cls=0.0000, Reg=0.0000, Con=0.0000
2025-09-14 00:25:58,801 - INFO - Batch 10/2278: Loss=0.4043, Cls=0.4043, Reg=0.0000, Con=0.0000
2025-09-14 00:25:59,659 - INFO - Batch 20/2278: Loss=1.1883, Cls=0.0000, Reg=0.0000, Con=3.9610
2025-09-14 00:26:00,523 - INFO - Batch 30/2278: Loss=1.8808, Cls=0.6926, Reg=0.0000, Con=3.9608
2025-09-14 00:26:01,378 - INFO - Batch 40/2278: Loss=1.1629, Cls=1.1629, Reg=0.0000, Con=0.0000
2025-09-14 00:26:02,247 - INFO - Batch 50/2278: Loss=1.1883, Cls=0.0000, Reg=0.0000, Con=3.9609
2025-09-14 00:26:03,107 - INFO - Batch 60/2278: Loss=1.2084, Cls=0.0201, Reg=0.0000, Con=3.9609
2025-09-14 00:26:03,967 - INFO - Batch 70/2278: Loss=1.1882, Cls=0.0000, Reg=0.0000, Con=3.9608
2025-09-14 00:26:04,810 - INFO - Batch 80/2278: Loss=0.0164, Cls=0.0164, Reg=0.0000, Con=0.0000
2025-09-14 00:26:05,728 - INFO - Batch 90/2278: Loss=0.0000, Cls=0.0000, Reg=0.0000, Con=0.0000
2025-09-14 00:26:06,582 - INFO - Batch 100/2278: Loss=0.0000, Cls=0.0000, Reg=0.0000, Con=0.0000
2025-09-14 00:26:07,464 - INFO - Batch 110/2278: Loss=0.0000, Cls=0.0000, Reg=0.0000, Con=0.0000
2025-09-14 00:26:08,324 - INFO - Batch 120/2278: Loss=1.1883, Cls=0.0000, Reg=0.0000, Con=3.9609
2025-09-14 00:26:09,187 - INFO - Batch 130/2278: Loss=1.1883, Cls=0.0000, Reg=0.0000, Con=3.9609
2025-09-14 00:26:10,057 - INFO - Batch 140/2278: Loss=1.1884, Cls=0.0000, Reg=0.0000, Con=3.9615
2025-09-14 00:26:10,948 - INFO - Batch 150/2278: Loss=1.1884, Cls=0.0000, Reg=0.0000, Con=3.9613
2025-09-14 00:26:11,861 - INFO - Batch 160/2278: Loss=1.1883, Cls=0.0000, Reg=0.0000, Con=3.9611
2025-09-14 00:26:12,734 - INFO - Batch 170/2278: Loss=1.1943, Cls=0.0060, Reg=0.0000, Con=3.9611
2025-09-14 00:26:13,619 - INFO - Batch 180/2278: Loss=1.1883, Cls=0.0000, Reg=0.0000, Con=3.9610
2025-09-14 00:26:14,504 - INFO - Batch 190/2278: Loss=1.6577, Cls=0.4694, Reg=0.0000, Con=3.9608
2025-09-14 00:26:15,380 - INFO - Batch 200/2278: Loss=0.0682, Cls=0.0682, Reg=0.0000, Con=0.0000
2025-09-14 00:26:16,290 - INFO - Batch 210/2278: Loss=0.0000, Cls=0.0000, Reg=0.0000, Con=0.0000
2025-09-14 00:26:17,190 - INFO - Batch 220/2278: Loss=0.0000, Cls=0.0000, Reg=0.0000, Con=0.0000
2025-09-14 00:26:18,072 - INFO - Batch 230/2278: Loss=1.2122, Cls=0.0239, Reg=0.0000, Con=3.9610
2025-09-14 00:26:18,926 - INFO - Batch 240/2278: Loss=1.2020, Cls=0.0138, Reg=0.0000, Con=3.9608
2025-09-14 00:26:19,837 - INFO - Batch 250/2278: Loss=0.0000, Cls=0.0000, Reg=0.0000, Con=0.0000
2025-09-14 00:26:20,771 - INFO - Batch 260/2278: Loss=0.0000, Cls=0.0000, Reg=0.0000, Con=0.0000
2025-09-14 00:26:21,670 - INFO - Batch 270/2278: Loss=0.0000, Cls=0.0000, Reg=0.0000, Con=0.0000
2025-09-14 00:26:22,594 - INFO - Batch 280/2278: Loss=1.1883, Cls=0.0000, Reg=0.0000, Con=3.9611
2025-09-14 00:26:23,554 - INFO - Batch 290/2278: Loss=4.4782, Cls=3.2899, Reg=0.0000, Con=3.9608
2025-09-14 00:26:24,415 - INFO - Batch 300/2278: Loss=1.1883, Cls=0.0000, Reg=0.0000, Con=3.9609
2025-09-14 00:26:25,330 - INFO - Batch 310/2278: Loss=1.1884, Cls=0.0000, Reg=0.0000, Con=3.9612
2025-09-14 00:26:26,258 - INFO - Batch 320/2278: Loss=0.0000, Cls=0.0000, Reg=0.0000, Con=0.0000
2025-09-14 00:26:27,177 - INFO - Batch 330/2278: Loss=1.2598, Cls=0.0715, Reg=0.0000, Con=3.9609
2025-09-14 00:26:28,039 - INFO - Batch 340/2278: Loss=1.1883, Cls=0.0000, Reg=0.0000, Con=3.9610
2025-09-14 00:26:28,951 - INFO - Batch 350/2278: Loss=1.1883, Cls=0.0000, Reg=0.0000, Con=3.9611
2025-09-14 00:26:29,808 - INFO - Batch 360/2278: Loss=1.2258, Cls=0.0376, Reg=0.0000, Con=3.9607
2025-09-14 00:26:30,714 - INFO - Batch 370/2278: Loss=1.1888, Cls=0.0006, Reg=0.0000, Con=3.9609
2025-09-14 00:26:31,582 - INFO - Batch 380/2278: Loss=1.1882, Cls=0.0000, Reg=0.0000, Con=3.9607
2025-09-14 00:26:32,477 - INFO - Batch 390/2278: Loss=1.1882, Cls=0.0000, Reg=0.0000, Con=3.9607
2025-09-14 00:26:33,390 - INFO - Batch 400/2278: Loss=0.0007, Cls=0.0007, Reg=0.0000, Con=0.0000
2025-09-14 00:26:34,276 - INFO - Batch 410/2278: Loss=0.0031, Cls=0.0031, Reg=0.0000, Con=0.0000
2025-09-14 00:26:35,158 - INFO - Batch 420/2278: Loss=0.0480, Cls=0.0480, Reg=0.0000, Con=0.0000
2025-09-14 00:26:36,042 - INFO - Batch 430/2278: Loss=1.2540, Cls=0.0658, Reg=0.0000, Con=3.9607
2025-09-14 00:26:36,936 - INFO - Batch 440/2278: Loss=1.1882, Cls=0.0000, Reg=0.0000, Con=3.9608
2025-09-14 00:26:37,844 - INFO - Batch 450/2278: Loss=1.1882, Cls=0.0000, Reg=0.0000, Con=3.9607
2025-09-14 00:26:38,868 - INFO - Batch 460/2278: Loss=1.1882, Cls=0.0000, Reg=0.0000, Con=3.9607
2025-09-14 00:26:39,753 - INFO - Batch 470/2278: Loss=1.1883, Cls=0.0000, Reg=0.0000, Con=3.9611
2025-09-14 00:26:40,638 - INFO - Batch 480/2278: Loss=1.3660, Cls=0.1778, Reg=0.0000, Con=3.9607
2025-09-14 00:26:41,503 - INFO - Batch 490/2278: Loss=0.0000, Cls=0.0000, Reg=0.0000, Con=0.0000
2025-09-14 00:26:42,413 - INFO - Batch 500/2278: Loss=0.0000, Cls=0.0000, Reg=0.0000, Con=0.0000
2025-09-14 00:26:43,359 - INFO - Batch 510/2278: Loss=1.2280, Cls=0.0397, Reg=0.0000, Con=3.9609
2025-09-14 00:26:44,250 - INFO - Batch 520/2278: Loss=1.1882, Cls=0.0000, Reg=0.0000, Con=3.9608
2025-09-14 00:26:45,151 - INFO - Batch 530/2278: Loss=1.3628, Cls=0.1746, Reg=0.0000, Con=3.9608
2025-09-14 00:26:46,038 - INFO - Batch 540/2278: Loss=1.1883, Cls=0.0000, Reg=0.0000, Con=3.9610
2025-09-14 00:26:46,910 - INFO - Batch 550/2278: Loss=1.1882, Cls=0.0000, Reg=0.0000, Con=3.9607
2025-09-14 00:26:47,817 - INFO - Batch 560/2278: Loss=1.1963, Cls=0.0081, Reg=0.0000, Con=3.9609
2025-09-14 00:26:48,721 - INFO - Batch 570/2278: Loss=1.1882, Cls=0.0000, Reg=0.0000, Con=3.9608
2025-09-14 00:26:49,620 - INFO - Batch 580/2278: Loss=0.0012, Cls=0.0012, Reg=0.0000, Con=0.0000
2025-09-14 00:26:50,522 - INFO - Batch 590/2278: Loss=0.0000, Cls=0.0000, Reg=0.0000, Con=0.0000
2025-09-14 00:26:51,413 - INFO - Batch 600/2278: Loss=8.1510, Cls=6.9628, Reg=0.0000, Con=3.9609
2025-09-14 00:26:52,285 - INFO - Batch 610/2278: Loss=1.1883, Cls=0.0001, Reg=0.0000, Con=3.9609
2025-09-14 00:26:53,214 - INFO - Batch 620/2278: Loss=1.2152, Cls=0.0270, Reg=0.0000, Con=3.9608
2025-09-14 00:26:54,092 - INFO - Batch 630/2278: Loss=0.0000, Cls=0.0000, Reg=0.0000, Con=0.0000
2025-09-14 00:26:54,973 - INFO - Batch 640/2278: Loss=1.1882, Cls=0.0000, Reg=0.0000, Con=3.9608
2025-09-14 00:26:55,874 - INFO - Batch 650/2278: Loss=1.1884, Cls=0.0000, Reg=0.0000, Con=3.9613
2025-09-14 00:26:56,736 - INFO - Batch 660/2278: Loss=1.1882, Cls=0.0000, Reg=0.0000, Con=3.9608
2025-09-14 00:26:57,656 - INFO - Batch 670/2278: Loss=1.1888, Cls=0.0006, Reg=0.0000, Con=3.9608
2025-09-14 00:26:58,565 - INFO - Batch 680/2278: Loss=1.1882, Cls=0.0000, Reg=0.0000, Con=3.9608
2025-09-14 00:26:59,431 - INFO - Batch 690/2278: Loss=0.0000, Cls=0.0000, Reg=0.0000, Con=0.0000
2025-09-14 00:27:00,308 - INFO - Batch 700/2278: Loss=0.0042, Cls=0.0042, Reg=0.0000, Con=0.0000
2025-09-14 00:27:01,186 - INFO - Batch 710/2278: Loss=1.2076, Cls=0.0194, Reg=0.0000, Con=3.9607
2025-09-14 00:27:02,040 - INFO - Batch 720/2278: Loss=6.5520, Cls=5.3638, Reg=0.0000, Con=3.9609
2025-09-14 00:27:02,910 - INFO - Batch 730/2278: Loss=1.1883, Cls=0.0000, Reg=0.0000, Con=3.9610
2025-09-14 00:27:03,862 - INFO - Batch 740/2278: Loss=1.1888, Cls=0.0006, Reg=0.0000, Con=3.9609
2025-09-14 00:27:04,795 - INFO - Batch 750/2278: Loss=1.1883, Cls=0.0000, Reg=0.0000, Con=3.9609
2025-09-14 00:27:05,671 - INFO - Batch 760/2278: Loss=1.2868, Cls=0.0986, Reg=0.0000, Con=3.9608
2025-09-14 00:27:06,533 - INFO - Batch 770/2278: Loss=1.1883, Cls=0.0000, Reg=0.0000, Con=3.9610
2025-09-14 00:27:07,426 - INFO - Batch 780/2278: Loss=1.1882, Cls=0.0000, Reg=0.0000, Con=3.9608
2025-09-14 00:27:08,368 - INFO - Batch 790/2278: Loss=0.9797, Cls=0.9797, Reg=0.0000, Con=0.0000
2025-09-14 00:27:09,248 - INFO - Batch 800/2278: Loss=1.1884, Cls=0.0000, Reg=0.0000, Con=3.9612
2025-09-14 00:27:10,152 - INFO - Batch 810/2278: Loss=1.2091, Cls=0.0207, Reg=0.0000, Con=3.9612
2025-09-14 00:27:11,073 - INFO - Batch 820/2278: Loss=1.1883, Cls=0.0000, Reg=0.0000, Con=3.9609
2025-09-14 00:27:11,960 - INFO - Batch 830/2278: Loss=1.1883, Cls=0.0000, Reg=0.0000, Con=3.9609
2025-09-14 00:27:12,840 - INFO - Batch 840/2278: Loss=1.1882, Cls=0.0000, Reg=0.0000, Con=3.9608
2025-09-14 00:27:13,718 - INFO - Batch 850/2278: Loss=0.0000, Cls=0.0000, Reg=0.0000, Con=0.0000
2025-09-14 00:27:14,567 - INFO - Batch 860/2278: Loss=1.1882, Cls=0.0000, Reg=0.0000, Con=3.9607
2025-09-14 00:27:15,449 - INFO - Batch 870/2278: Loss=0.0000, Cls=0.0000, Reg=0.0000, Con=0.0000
2025-09-14 00:27:16,341 - INFO - Batch 880/2278: Loss=0.0202, Cls=0.0202, Reg=0.0000, Con=0.0000
2025-09-14 00:27:17,191 - INFO - Batch 890/2278: Loss=0.1513, Cls=0.1513, Reg=0.0000, Con=0.0000
2025-09-14 00:27:18,069 - INFO - Batch 900/2278: Loss=1.1883, Cls=0.0000, Reg=0.0000, Con=3.9609
2025-09-14 00:27:18,943 - INFO - Batch 910/2278: Loss=1.1883, Cls=0.0000, Reg=0.0000, Con=3.9609
2025-09-14 00:27:19,785 - INFO - Batch 920/2278: Loss=1.1883, Cls=0.0000, Reg=0.0000, Con=3.9610
2025-09-14 00:27:20,665 - INFO - Batch 930/2278: Loss=1.1882, Cls=0.0000, Reg=0.0000, Con=3.9608
2025-09-14 00:27:21,568 - INFO - Batch 940/2278: Loss=1.1883, Cls=0.0000, Reg=0.0000, Con=3.9609
2025-09-14 00:27:22,440 - INFO - Batch 950/2278: Loss=1.1883, Cls=0.0000, Reg=0.0000, Con=3.9611
2025-09-14 00:27:23,294 - INFO - Batch 960/2278: Loss=1.6381, Cls=0.4498, Reg=0.0000, Con=3.9609
2025-09-14 00:27:24,169 - INFO - Batch 970/2278: Loss=1.1884, Cls=0.0000, Reg=0.0000, Con=3.9612
2025-09-14 00:27:25,027 - INFO - Batch 980/2278: Loss=1.2792, Cls=1.2792, Reg=0.0000, Con=0.0000
2025-09-14 00:27:25,886 - INFO - Batch 990/2278: Loss=0.0000, Cls=0.0000, Reg=0.0000, Con=0.0000
2025-09-14 00:27:26,743 - INFO - Batch 1000/2278: Loss=1.1883, Cls=0.0001, Reg=0.0000, Con=3.9609
2025-09-14 00:27:27,634 - INFO - Batch 1010/2278: Loss=1.1885, Cls=0.0003, Reg=0.0000, Con=3.9608
2025-09-14 00:27:28,495 - INFO - Batch 1020/2278: Loss=0.0000, Cls=0.0000, Reg=0.0000, Con=0.0000
2025-09-14 00:27:29,369 - INFO - Batch 1030/2278: Loss=1.1883, Cls=0.0000, Reg=0.0000, Con=3.9610
2025-09-14 00:27:30,239 - INFO - Batch 1040/2278: Loss=1.1882, Cls=0.0000, Reg=0.0000, Con=3.9607
2025-09-14 00:27:31,097 - INFO - Batch 1050/2278: Loss=1.1883, Cls=0.0000, Reg=0.0000, Con=3.9609
2025-09-14 00:27:31,966 - INFO - Batch 1060/2278: Loss=1.1882, Cls=0.0000, Reg=0.0000, Con=3.9608
2025-09-14 00:27:32,845 - INFO - Batch 1070/2278: Loss=1.1883, Cls=0.0000, Reg=0.0000, Con=3.9608
2025-09-14 00:27:33,697 - INFO - Batch 1080/2278: Loss=0.0000, Cls=0.0000, Reg=0.0000, Con=0.0000
2025-09-14 00:27:34,598 - INFO - Batch 1090/2278: Loss=1.1883, Cls=0.0000, Reg=0.0000, Con=3.9609
2025-09-14 00:27:35,480 - INFO - Batch 1100/2278: Loss=0.0000, Cls=0.0000, Reg=0.0000, Con=0.0000
2025-09-14 00:27:36,366 - INFO - Batch 1110/2278: Loss=1.1882, Cls=0.0000, Reg=0.0000, Con=3.9608
2025-09-14 00:27:37,242 - INFO - Batch 1120/2278: Loss=1.1992, Cls=1.1992, Reg=0.0000, Con=0.0000
2025-09-14 00:27:38,140 - INFO - Batch 1130/2278: Loss=1.1894, Cls=0.0012, Reg=0.0000, Con=3.9608
2025-09-14 00:27:39,013 - INFO - Batch 1140/2278: Loss=3.9163, Cls=2.7281, Reg=0.0000, Con=3.9608
2025-09-14 00:27:39,867 - INFO - Batch 1150/2278: Loss=1.1890, Cls=0.0007, Reg=0.0000, Con=3.9611
2025-09-14 00:27:40,728 - INFO - Batch 1160/2278: Loss=1.1883, Cls=0.0000, Reg=0.0000, Con=3.9609
2025-09-14 00:27:41,589 - INFO - Batch 1170/2278: Loss=0.0000, Cls=0.0000, Reg=0.0000, Con=0.0000
2025-09-14 00:27:42,435 - INFO - Batch 1180/2278: Loss=1.1883, Cls=0.0000, Reg=0.0000, Con=3.9609
2025-09-14 00:27:43,304 - INFO - Batch 1190/2278: Loss=1.3249, Cls=0.1366, Reg=0.0000, Con=3.9609
2025-09-14 00:27:44,185 - INFO - Batch 1200/2278: Loss=0.0000, Cls=0.0000, Reg=0.0000, Con=0.0000
2025-09-14 00:27:45,086 - INFO - Batch 1210/2278: Loss=1.1883, Cls=0.0000, Reg=0.0000, Con=3.9610
2025-09-14 00:27:45,949 - INFO - Batch 1220/2278: Loss=0.0000, Cls=0.0000, Reg=0.0000, Con=0.0000
2025-09-14 00:27:46,822 - INFO - Batch 1230/2278: Loss=1.1883, Cls=0.0000, Reg=0.0000, Con=3.9609
2025-09-14 00:27:47,739 - INFO - Batch 1240/2278: Loss=1.4423, Cls=0.2540, Reg=0.0000, Con=3.9609
2025-09-14 00:27:48,600 - INFO - Batch 1250/2278: Loss=0.0000, Cls=0.0000, Reg=0.0000, Con=0.0000
2025-09-14 00:27:49,491 - INFO - Batch 1260/2278: Loss=1.2836, Cls=0.0954, Reg=0.0000, Con=3.9608
2025-09-14 00:27:50,362 - INFO - Batch 1270/2278: Loss=1.1883, Cls=0.0000, Reg=0.0000, Con=3.9609
2025-09-14 00:27:51,218 - INFO - Batch 1280/2278: Loss=0.0041, Cls=0.0041, Reg=0.0000, Con=0.0000
2025-09-14 00:27:52,084 - INFO - Batch 1290/2278: Loss=1.1897, Cls=0.0014, Reg=0.0000, Con=3.9611
2025-09-14 00:27:52,962 - INFO - Batch 1300/2278: Loss=1.1961, Cls=0.0078, Reg=0.0000, Con=3.9610
2025-09-14 00:27:53,828 - INFO - Batch 1310/2278: Loss=1.1933, Cls=0.0050, Reg=0.0000, Con=3.9611
2025-09-14 00:27:54,694 - INFO - Batch 1320/2278: Loss=0.0017, Cls=0.0017, Reg=0.0000, Con=0.0000
2025-09-14 00:27:55,539 - INFO - Batch 1330/2278: Loss=1.1884, Cls=0.0000, Reg=0.0000, Con=3.9613
2025-09-14 00:27:56,446 - INFO - Batch 1340/2278: Loss=1.1882, Cls=0.0000, Reg=0.0000, Con=3.9608
2025-09-14 00:27:57,373 - INFO - Batch 1350/2278: Loss=0.0000, Cls=0.0000, Reg=0.0000, Con=0.0000
2025-09-14 00:27:58,260 - INFO - Batch 1360/2278: Loss=1.1883, Cls=0.0000, Reg=0.0000, Con=3.9610
2025-09-14 00:27:59,144 - INFO - Batch 1370/2278: Loss=1.1882, Cls=0.0000, Reg=0.0000, Con=3.9608
2025-09-14 00:28:00,015 - INFO - Batch 1380/2278: Loss=1.1882, Cls=0.0000, Reg=0.0000, Con=3.9608
2025-09-14 00:28:00,861 - INFO - Batch 1390/2278: Loss=1.1883, Cls=0.0000, Reg=0.0000, Con=3.9608
2025-09-14 00:28:01,747 - INFO - Batch 1400/2278: Loss=3.5931, Cls=2.4049, Reg=0.0000, Con=3.9609
2025-09-14 00:28:02,642 - INFO - Batch 1410/2278: Loss=1.1883, Cls=0.0000, Reg=0.0000, Con=3.9612
2025-09-14 00:28:03,522 - INFO - Batch 1420/2278: Loss=0.0000, Cls=0.0000, Reg=0.0000, Con=0.0000
2025-09-14 00:28:04,395 - INFO - Batch 1430/2278: Loss=1.1883, Cls=0.0000, Reg=0.0000, Con=3.9609
2025-09-14 00:28:05,251 - INFO - Batch 1440/2278: Loss=1.1883, Cls=0.0000, Reg=0.0000, Con=3.9609
2025-09-14 00:28:06,124 - INFO - Batch 1450/2278: Loss=1.1883, Cls=0.0000, Reg=0.0000, Con=3.9608
2025-09-14 00:28:07,083 - INFO - Batch 1460/2278: Loss=0.0000, Cls=0.0000, Reg=0.0000, Con=0.0000
2025-09-14 00:28:07,951 - INFO - Batch 1470/2278: Loss=1.1883, Cls=0.0000, Reg=0.0000, Con=3.9609
2025-09-14 00:28:08,826 - INFO - Batch 1480/2278: Loss=1.1882, Cls=0.0000, Reg=0.0000, Con=3.9607
2025-09-14 00:28:09,708 - INFO - Batch 1490/2278: Loss=1.1883, Cls=0.0000, Reg=0.0000, Con=3.9609
2025-09-14 00:28:10,571 - INFO - Batch 1500/2278: Loss=1.1883, Cls=0.0000, Reg=0.0000, Con=3.9609
2025-09-14 00:28:11,460 - INFO - Batch 1510/2278: Loss=5.2029, Cls=5.2029, Reg=0.0000, Con=0.0000
2025-09-14 00:28:12,349 - INFO - Batch 1520/2278: Loss=1.1882, Cls=0.0000, Reg=0.0000, Con=3.9608
2025-09-14 00:28:13,204 - INFO - Batch 1530/2278: Loss=1.1882, Cls=0.0000, Reg=0.0000, Con=3.9608
2025-09-14 00:28:14,079 - INFO - Batch 1540/2278: Loss=1.1883, Cls=0.0000, Reg=0.0000, Con=3.9609
2025-09-14 00:28:14,969 - INFO - Batch 1550/2278: Loss=1.1883, Cls=0.0000, Reg=0.0000, Con=3.9610
2025-09-14 00:28:15,863 - INFO - Batch 1560/2278: Loss=3.7314, Cls=2.5431, Reg=0.0000, Con=3.9609
2025-09-14 00:28:16,766 - INFO - Batch 1570/2278: Loss=1.1882, Cls=0.0000, Reg=0.0000, Con=3.9608
2025-09-14 00:28:17,694 - INFO - Batch 1580/2278: Loss=1.2023, Cls=0.0141, Reg=0.0000, Con=3.9608
2025-09-14 00:28:18,578 - INFO - Batch 1590/2278: Loss=1.1883, Cls=0.0000, Reg=0.0000, Con=3.9609
2025-09-14 00:28:19,427 - INFO - Batch 1600/2278: Loss=1.1883, Cls=0.0000, Reg=0.0000, Con=3.9608
2025-09-14 00:28:20,294 - INFO - Batch 1610/2278: Loss=0.0000, Cls=0.0000, Reg=0.0000, Con=0.0000
2025-09-14 00:28:21,172 - INFO - Batch 1620/2278: Loss=0.1498, Cls=0.1498, Reg=0.0000, Con=0.0000
2025-09-14 00:28:22,057 - INFO - Batch 1630/2278: Loss=1.1882, Cls=0.0000, Reg=0.0000, Con=3.9608
2025-09-14 00:28:22,944 - INFO - Batch 1640/2278: Loss=0.0000, Cls=0.0000, Reg=0.0000, Con=0.0000
2025-09-14 00:28:23,825 - INFO - Batch 1650/2278: Loss=0.0000, Cls=0.0000, Reg=0.0000, Con=0.0000
2025-09-14 00:28:24,705 - INFO - Batch 1660/2278: Loss=0.0000, Cls=0.0000, Reg=0.0000, Con=0.0000
2025-09-14 00:28:25,574 - INFO - Batch 1670/2278: Loss=1.2418, Cls=0.0535, Reg=0.0000, Con=3.9612
2025-09-14 00:28:26,490 - INFO - Batch 1680/2278: Loss=0.0000, Cls=0.0000, Reg=0.0000, Con=0.0000
2025-09-14 00:28:27,391 - INFO - Batch 1690/2278: Loss=1.1884, Cls=0.0000, Reg=0.0000, Con=3.9612
2025-09-14 00:28:28,256 - INFO - Batch 1700/2278: Loss=1.1886, Cls=0.0002, Reg=0.0000, Con=3.9612
2025-09-14 00:28:29,121 - INFO - Batch 1710/2278: Loss=0.0000, Cls=0.0000, Reg=0.0000, Con=0.0000
2025-09-14 00:28:29,993 - INFO - Batch 1720/2278: Loss=1.2449, Cls=0.0567, Reg=0.0000, Con=3.9608
2025-09-14 00:28:30,865 - INFO - Batch 1730/2278: Loss=0.0000, Cls=0.0000, Reg=0.0000, Con=0.0000
2025-09-14 00:28:31,746 - INFO - Batch 1740/2278: Loss=0.0003, Cls=0.0003, Reg=0.0000, Con=0.0000
2025-09-14 00:28:32,624 - INFO - Batch 1750/2278: Loss=1.1883, Cls=0.0000, Reg=0.0000, Con=3.9609
2025-09-14 00:28:33,490 - INFO - Batch 1760/2278: Loss=1.1883, Cls=0.0000, Reg=0.0000, Con=3.9609
2025-09-14 00:28:34,385 - INFO - Batch 1770/2278: Loss=1.1882, Cls=0.0000, Reg=0.0000, Con=3.9608
2025-09-14 00:28:35,278 - INFO - Batch 1780/2278: Loss=1.1884, Cls=0.0002, Reg=0.0000, Con=3.9608
2025-09-14 00:28:36,141 - INFO - Batch 1790/2278: Loss=0.0038, Cls=0.0038, Reg=0.0000, Con=0.0000
2025-09-14 00:28:37,026 - INFO - Batch 1800/2278: Loss=0.0005, Cls=0.0005, Reg=0.0000, Con=0.0000
2025-09-14 00:28:37,915 - INFO - Batch 1810/2278: Loss=0.0000, Cls=0.0000, Reg=0.0000, Con=0.0000
2025-09-14 00:28:38,796 - INFO - Batch 1820/2278: Loss=1.1883, Cls=0.0000, Reg=0.0000, Con=3.9611
2025-09-14 00:28:39,652 - INFO - Batch 1830/2278: Loss=0.0000, Cls=0.0000, Reg=0.0000, Con=0.0000
2025-09-14 00:28:40,513 - INFO - Batch 1840/2278: Loss=0.0000, Cls=0.0000, Reg=0.0000, Con=0.0000
2025-09-14 00:28:41,434 - INFO - Batch 1850/2278: Loss=1.1883, Cls=0.0001, Reg=0.0000, Con=3.9608
2025-09-14 00:28:42,314 - INFO - Batch 1860/2278: Loss=1.1913, Cls=0.0031, Reg=0.0000, Con=3.9606
2025-09-14 00:28:43,188 - INFO - Batch 1870/2278: Loss=1.4432, Cls=0.2549, Reg=0.0000, Con=3.9610
2025-09-14 00:28:44,060 - INFO - Batch 1880/2278: Loss=0.0000, Cls=0.0000, Reg=0.0000, Con=0.0000
2025-09-14 00:28:44,950 - INFO - Batch 1890/2278: Loss=1.1883, Cls=0.0000, Reg=0.0000, Con=3.9609
2025-09-14 00:28:45,820 - INFO - Batch 1900/2278: Loss=0.0000, Cls=0.0000, Reg=0.0000, Con=0.0000
2025-09-14 00:28:46,685 - INFO - Batch 1910/2278: Loss=0.1989, Cls=0.1989, Reg=0.0000, Con=0.0000
2025-09-14 00:28:47,582 - INFO - Batch 1920/2278: Loss=1.1883, Cls=0.0001, Reg=0.0000, Con=3.9607
2025-09-14 00:28:48,451 - INFO - Batch 1930/2278: Loss=1.1882, Cls=0.0000, Reg=0.0000, Con=3.9607
2025-09-14 00:28:49,337 - INFO - Batch 1940/2278: Loss=1.1882, Cls=0.0000, Reg=0.0000, Con=3.9608
2025-09-14 00:28:50,200 - INFO - Batch 1950/2278: Loss=1.1882, Cls=0.0000, Reg=0.0000, Con=3.9608
2025-09-14 00:28:51,092 - INFO - Batch 1960/2278: Loss=1.1883, Cls=0.0000, Reg=0.0000, Con=3.9609
2025-09-14 00:28:51,977 - INFO - Batch 1970/2278: Loss=1.1883, Cls=0.0000, Reg=0.0000, Con=3.9611
2025-09-14 00:28:52,867 - INFO - Batch 1980/2278: Loss=1.1882, Cls=0.0000, Reg=0.0000, Con=3.9608
2025-09-14 00:28:53,738 - INFO - Batch 1990/2278: Loss=1.1888, Cls=0.0004, Reg=0.0000, Con=3.9615
2025-09-14 00:28:54,621 - INFO - Batch 2000/2278: Loss=0.0007, Cls=0.0007, Reg=0.0000, Con=0.0000
2025-09-14 00:28:55,501 - INFO - Batch 2010/2278: Loss=1.2397, Cls=0.0515, Reg=0.0000, Con=3.9608
2025-09-14 00:28:56,369 - INFO - Batch 2020/2278: Loss=1.1882, Cls=0.0000, Reg=0.0000, Con=3.9608
2025-09-14 00:28:57,257 - INFO - Batch 2030/2278: Loss=1.1882, Cls=0.0000, Reg=0.0000, Con=3.9607
2025-09-14 00:28:58,132 - INFO - Batch 2040/2278: Loss=1.1883, Cls=0.0000, Reg=0.0000, Con=3.9609
2025-09-14 00:28:59,032 - INFO - Batch 2050/2278: Loss=1.1883, Cls=0.0000, Reg=0.0000, Con=3.9608
2025-09-14 00:28:59,888 - INFO - Batch 2060/2278: Loss=0.0000, Cls=0.0000, Reg=0.0000, Con=0.0000
2025-09-14 00:29:00,737 - INFO - Batch 2070/2278: Loss=1.1883, Cls=0.0000, Reg=0.0000, Con=3.9611
2025-09-14 00:29:01,595 - INFO - Batch 2080/2278: Loss=1.1883, Cls=0.0000, Reg=0.0000, Con=3.9610
2025-09-14 00:29:02,476 - INFO - Batch 2090/2278: Loss=1.1884, Cls=0.0000, Reg=0.0000, Con=3.9612
2025-09-14 00:29:03,352 - INFO - Batch 2100/2278: Loss=1.1883, Cls=0.0000, Reg=0.0000, Con=3.9611
2025-09-14 00:29:04,221 - INFO - Batch 2110/2278: Loss=1.1883, Cls=0.0000, Reg=0.0000, Con=3.9609
2025-09-14 00:29:05,098 - INFO - Batch 2120/2278: Loss=0.8723, Cls=0.8723, Reg=0.0000, Con=0.0000
2025-09-14 00:29:05,989 - INFO - Batch 2130/2278: Loss=2.6784, Cls=1.4902, Reg=0.0000, Con=3.9606
2025-09-14 00:29:06,875 - INFO - Batch 2140/2278: Loss=1.1882, Cls=0.0000, Reg=0.0000, Con=3.9608
2025-09-14 00:29:07,740 - INFO - Batch 2150/2278: Loss=1.2148, Cls=0.0266, Reg=0.0000, Con=3.9607
2025-09-14 00:29:08,614 - INFO - Batch 2160/2278: Loss=1.1883, Cls=0.0001, Reg=0.0000, Con=3.9608
2025-09-14 00:29:09,483 - INFO - Batch 2170/2278: Loss=1.1883, Cls=0.0000, Reg=0.0000, Con=3.9609
2025-09-14 00:29:10,346 - INFO - Batch 2180/2278: Loss=0.0000, Cls=0.0000, Reg=0.0000, Con=0.0000
2025-09-14 00:29:11,236 - INFO - Batch 2190/2278: Loss=0.0014, Cls=0.0014, Reg=0.0000, Con=0.0000
2025-09-14 00:29:12,133 - INFO - Batch 2200/2278: Loss=1.1882, Cls=0.0001, Reg=0.0000, Con=3.9605
2025-09-14 00:29:13,034 - INFO - Batch 2210/2278: Loss=1.1883, Cls=0.0000, Reg=0.0000, Con=3.9609
2025-09-14 00:29:13,898 - INFO - Batch 2220/2278: Loss=2.4578, Cls=1.2695, Reg=0.0000, Con=3.9610
2025-09-14 00:29:14,768 - INFO - Batch 2230/2278: Loss=0.0829, Cls=0.0829, Reg=0.0000, Con=0.0000
2025-09-14 00:29:15,665 - INFO - Batch 2240/2278: Loss=1.4295, Cls=1.4295, Reg=0.0000, Con=0.0000
2025-09-14 00:29:16,548 - INFO - Batch 2250/2278: Loss=1.1883, Cls=0.0000, Reg=0.0000, Con=3.9609
2025-09-14 00:29:17,434 - INFO - Batch 2260/2278: Loss=1.1883, Cls=0.0000, Reg=0.0000, Con=3.9608
2025-09-14 00:29:18,310 - INFO - Batch 2270/2278: Loss=0.0000, Cls=0.0000, Reg=0.0000, Con=0.0000
2025-09-14 00:32:46,605 - INFO - === Epoch 1 Results ===
2025-09-14 00:32:46,606 - INFO - Training Loss: 0.9710 (Classification: 0.1922, Regression: 0.0000)
2025-09-14 00:32:46,606 - INFO - Validation Loss: 0.0774 (Classification: 0.0774, Regression: 0.0000)
2025-09-14 00:32:46,606 - INFO - Average Classification Accuracy: 0.7197 (on 1/26 tasks)
2025-09-14 00:32:46,606 - INFO - Average AUC: 0.8248
2025-09-14 00:32:47,134 - INFO - Best model saved to: experiments/r1c3_headft_cls_2_seed_42_20250914_002554/checkpoints/r1c3_headft_cls_2_seed_42_best.pth
2025-09-14 00:32:47,134 - INFO - 
Epoch 2/3
2025-09-14 00:32:47,229 - INFO - Batch 0/2278: Loss=0.0000, Cls=0.0000, Reg=0.0000, Con=0.0000
2025-09-14 00:32:48,145 - INFO - Batch 10/2278: Loss=1.1881, Cls=0.0000, Reg=0.0000, Con=3.9604
2025-09-14 00:32:49,097 - INFO - Batch 20/2278: Loss=1.2232, Cls=0.0349, Reg=0.0000, Con=3.9610
2025-09-14 00:32:50,040 - INFO - Batch 30/2278: Loss=1.1883, Cls=0.0000, Reg=0.0000, Con=3.9608
2025-09-14 00:32:50,957 - INFO - Batch 40/2278: Loss=1.1882, Cls=0.0000, Reg=0.0000, Con=3.9608
2025-09-14 00:32:51,934 - INFO - Batch 50/2278: Loss=0.0000, Cls=0.0000, Reg=0.0000, Con=0.0000
2025-09-14 00:32:52,789 - INFO - Batch 60/2278: Loss=0.0000, Cls=0.0000, Reg=0.0000, Con=0.0000
2025-09-14 00:32:53,762 - INFO - Batch 70/2278: Loss=1.2477, Cls=0.0594, Reg=0.0000, Con=3.9607
2025-09-14 00:32:54,676 - INFO - Batch 80/2278: Loss=1.1883, Cls=0.0000, Reg=0.0000, Con=3.9609
2025-09-14 00:32:55,641 - INFO - Batch 90/2278: Loss=0.0000, Cls=0.0000, Reg=0.0000, Con=0.0000
2025-09-14 00:32:56,557 - INFO - Batch 100/2278: Loss=1.1883, Cls=0.0000, Reg=0.0000, Con=3.9609
2025-09-14 00:32:57,458 - INFO - Batch 110/2278: Loss=1.1910, Cls=0.0028, Reg=0.0000, Con=3.9609
2025-09-14 00:32:58,353 - INFO - Batch 120/2278: Loss=0.0000, Cls=0.0000, Reg=0.0000, Con=0.0000
2025-09-14 00:32:59,244 - INFO - Batch 130/2278: Loss=1.9290, Cls=0.7407, Reg=0.0000, Con=3.9607
2025-09-14 00:33:00,117 - INFO - Batch 140/2278: Loss=1.5929, Cls=0.4046, Reg=0.0000, Con=3.9609
2025-09-14 00:33:01,059 - INFO - Batch 150/2278: Loss=1.1946, Cls=0.0063, Reg=0.0000, Con=3.9611
2025-09-14 00:33:01,955 - INFO - Batch 160/2278: Loss=1.1883, Cls=0.0000, Reg=0.0000, Con=3.9609
2025-09-14 00:33:02,837 - INFO - Batch 170/2278: Loss=0.0000, Cls=0.0000, Reg=0.0000, Con=0.0000
2025-09-14 00:33:03,762 - INFO - Batch 180/2278: Loss=1.1883, Cls=0.0000, Reg=0.0000, Con=3.9609
2025-09-14 00:33:04,694 - INFO - Batch 190/2278: Loss=0.0013, Cls=0.0013, Reg=0.0000, Con=0.0000
2025-09-14 00:33:05,683 - INFO - Batch 200/2278: Loss=1.2409, Cls=0.0526, Reg=0.0000, Con=3.9608
2025-09-14 00:33:06,581 - INFO - Batch 210/2278: Loss=1.1883, Cls=0.0000, Reg=0.0000, Con=3.9609
2025-09-14 00:33:07,485 - INFO - Batch 220/2278: Loss=0.0003, Cls=0.0003, Reg=0.0000, Con=0.0000
2025-09-14 00:33:08,395 - INFO - Batch 230/2278: Loss=0.0000, Cls=0.0000, Reg=0.0000, Con=0.0000
2025-09-14 00:33:09,314 - INFO - Batch 240/2278: Loss=0.0000, Cls=0.0000, Reg=0.0000, Con=0.0000
2025-09-14 00:33:10,204 - INFO - Batch 250/2278: Loss=0.0000, Cls=0.0000, Reg=0.0000, Con=0.0000
2025-09-14 00:33:11,094 - INFO - Batch 260/2278: Loss=0.0000, Cls=0.0000, Reg=0.0000, Con=0.0000
2025-09-14 00:33:11,992 - INFO - Batch 270/2278: Loss=1.1884, Cls=0.0002, Reg=0.0000, Con=3.9608
2025-09-14 00:33:12,890 - INFO - Batch 280/2278: Loss=1.1883, Cls=0.0000, Reg=0.0000, Con=3.9609
2025-09-14 00:33:13,778 - INFO - Batch 290/2278: Loss=1.1884, Cls=0.0001, Reg=0.0000, Con=3.9609
2025-09-14 00:33:14,684 - INFO - Batch 300/2278: Loss=1.1883, Cls=0.0000, Reg=0.0000, Con=3.9609
2025-09-14 00:33:15,579 - INFO - Batch 310/2278: Loss=1.1927, Cls=0.0045, Reg=0.0000, Con=3.9608
2025-09-14 00:33:16,484 - INFO - Batch 320/2278: Loss=0.0000, Cls=0.0000, Reg=0.0000, Con=0.0000
2025-09-14 00:33:17,352 - INFO - Batch 330/2278: Loss=1.1883, Cls=0.0000, Reg=0.0000, Con=3.9609
2025-09-14 00:33:18,327 - INFO - Batch 340/2278: Loss=1.1883, Cls=0.0000, Reg=0.0000, Con=3.9609
2025-09-14 00:33:19,224 - INFO - Batch 350/2278: Loss=1.1883, Cls=0.0000, Reg=0.0000, Con=3.9609
2025-09-14 00:33:20,107 - INFO - Batch 360/2278: Loss=1.1883, Cls=0.0000, Reg=0.0000, Con=3.9609
2025-09-14 00:33:20,996 - INFO - Batch 370/2278: Loss=1.8957, Cls=0.7075, Reg=0.0000, Con=3.9608
2025-09-14 00:33:21,902 - INFO - Batch 380/2278: Loss=2.8968, Cls=1.7086, Reg=0.0000, Con=3.9608
2025-09-14 00:33:22,804 - INFO - Batch 390/2278: Loss=1.1883, Cls=0.0000, Reg=0.0000, Con=3.9609
2025-09-14 00:33:23,713 - INFO - Batch 400/2278: Loss=0.0000, Cls=0.0000, Reg=0.0000, Con=0.0000
2025-09-14 00:33:24,625 - INFO - Batch 410/2278: Loss=2.6136, Cls=1.4253, Reg=0.0000, Con=3.9608
2025-09-14 00:33:25,537 - INFO - Batch 420/2278: Loss=0.0052, Cls=0.0052, Reg=0.0000, Con=0.0000
2025-09-14 00:33:26,435 - INFO - Batch 430/2278: Loss=0.0000, Cls=0.0000, Reg=0.0000, Con=0.0000
2025-09-14 00:33:27,312 - INFO - Batch 440/2278: Loss=1.1882, Cls=0.0000, Reg=0.0000, Con=3.9608
2025-09-14 00:33:28,181 - INFO - Batch 450/2278: Loss=1.1882, Cls=0.0000, Reg=0.0000, Con=3.9607
2025-09-14 00:33:29,075 - INFO - Batch 460/2278: Loss=0.0000, Cls=0.0000, Reg=0.0000, Con=0.0000
2025-09-14 00:33:29,967 - INFO - Batch 470/2278: Loss=1.1882, Cls=0.0000, Reg=0.0000, Con=3.9608
2025-09-14 00:33:30,868 - INFO - Batch 480/2278: Loss=0.0000, Cls=0.0000, Reg=0.0000, Con=0.0000
2025-09-14 00:33:31,765 - INFO - Batch 490/2278: Loss=1.1883, Cls=0.0000, Reg=0.0000, Con=3.9610
2025-09-14 00:33:32,663 - INFO - Batch 500/2278: Loss=1.1882, Cls=0.0000, Reg=0.0000, Con=3.9607
2025-09-14 00:33:33,661 - INFO - Batch 510/2278: Loss=1.1882, Cls=0.0000, Reg=0.0000, Con=3.9607
2025-09-14 00:33:34,562 - INFO - Batch 520/2278: Loss=1.1882, Cls=0.0000, Reg=0.0000, Con=3.9607
2025-09-14 00:33:35,461 - INFO - Batch 530/2278: Loss=1.1882, Cls=0.0000, Reg=0.0000, Con=3.9608
2025-09-14 00:33:36,338 - INFO - Batch 540/2278: Loss=1.1883, Cls=0.0000, Reg=0.0000, Con=3.9610
2025-09-14 00:33:37,207 - INFO - Batch 550/2278: Loss=1.1882, Cls=0.0000, Reg=0.0000, Con=3.9607
2025-09-14 00:33:38,098 - INFO - Batch 560/2278: Loss=0.0009, Cls=0.0009, Reg=0.0000, Con=0.0000
2025-09-14 00:33:38,976 - INFO - Batch 570/2278: Loss=1.1893, Cls=0.0011, Reg=0.0000, Con=3.9608
2025-09-14 00:33:39,856 - INFO - Batch 580/2278: Loss=0.0000, Cls=0.0000, Reg=0.0000, Con=0.0000
2025-09-14 00:33:40,755 - INFO - Batch 590/2278: Loss=1.1882, Cls=0.0000, Reg=0.0000, Con=3.9608
2025-09-14 00:33:41,648 - INFO - Batch 600/2278: Loss=0.0015, Cls=0.0015, Reg=0.0000, Con=0.0000
2025-09-14 00:33:42,537 - INFO - Batch 610/2278: Loss=1.1887, Cls=0.0005, Reg=0.0000, Con=3.9608
2025-09-14 00:33:43,424 - INFO - Batch 620/2278: Loss=1.1882, Cls=0.0000, Reg=0.0000, Con=3.9608
2025-09-14 00:33:44,291 - INFO - Batch 630/2278: Loss=0.0000, Cls=0.0000, Reg=0.0000, Con=0.0000
2025-09-14 00:33:45,210 - INFO - Batch 640/2278: Loss=0.0000, Cls=0.0000, Reg=0.0000, Con=0.0000
2025-09-14 00:33:46,087 - INFO - Batch 650/2278: Loss=0.0000, Cls=0.0000, Reg=0.0000, Con=0.0000
2025-09-14 00:33:46,972 - INFO - Batch 660/2278: Loss=1.1882, Cls=0.0000, Reg=0.0000, Con=3.9607
2025-09-14 00:33:47,876 - INFO - Batch 670/2278: Loss=1.1883, Cls=0.0000, Reg=0.0000, Con=3.9609
2025-09-14 00:33:48,766 - INFO - Batch 680/2278: Loss=1.1882, Cls=0.0000, Reg=0.0000, Con=3.9608
2025-09-14 00:33:49,645 - INFO - Batch 690/2278: Loss=1.1891, Cls=0.0007, Reg=0.0000, Con=3.9613
2025-09-14 00:33:50,544 - INFO - Batch 700/2278: Loss=0.0000, Cls=0.0000, Reg=0.0000, Con=0.0000
2025-09-14 00:33:51,425 - INFO - Batch 710/2278: Loss=1.1883, Cls=0.0000, Reg=0.0000, Con=3.9610
2025-09-14 00:33:52,299 - INFO - Batch 720/2278: Loss=1.1883, Cls=0.0000, Reg=0.0000, Con=3.9609
2025-09-14 00:33:53,187 - INFO - Batch 730/2278: Loss=1.1891, Cls=0.0008, Reg=0.0000, Con=3.9612
2025-09-14 00:33:54,069 - INFO - Batch 740/2278: Loss=1.2582, Cls=0.0698, Reg=0.0000, Con=3.9610
2025-09-14 00:33:54,965 - INFO - Batch 750/2278: Loss=0.0149, Cls=0.0149, Reg=0.0000, Con=0.0000
2025-09-14 00:33:55,838 - INFO - Batch 760/2278: Loss=0.0000, Cls=0.0000, Reg=0.0000, Con=0.0000
2025-09-14 00:33:56,744 - INFO - Batch 770/2278: Loss=3.2529, Cls=2.0646, Reg=0.0000, Con=3.9608
2025-09-14 00:33:57,631 - INFO - Batch 780/2278: Loss=0.0000, Cls=0.0000, Reg=0.0000, Con=0.0000
2025-09-14 00:33:58,512 - INFO - Batch 790/2278: Loss=1.1883, Cls=0.0000, Reg=0.0000, Con=3.9609
2025-09-14 00:33:59,427 - INFO - Batch 800/2278: Loss=0.0000, Cls=0.0000, Reg=0.0000, Con=0.0000
2025-09-14 00:34:00,308 - INFO - Batch 810/2278: Loss=0.6368, Cls=0.6368, Reg=0.0000, Con=0.0000
2025-09-14 00:34:01,172 - INFO - Batch 820/2278: Loss=1.1882, Cls=0.0000, Reg=0.0000, Con=3.9608
2025-09-14 00:34:02,101 - INFO - Batch 830/2278: Loss=1.1882, Cls=0.0000, Reg=0.0000, Con=3.9607
2025-09-14 00:34:03,010 - INFO - Batch 840/2278: Loss=1.1882, Cls=0.0000, Reg=0.0000, Con=3.9608
2025-09-14 00:34:03,909 - INFO - Batch 850/2278: Loss=0.0000, Cls=0.0000, Reg=0.0000, Con=0.0000
2025-09-14 00:34:04,832 - INFO - Batch 860/2278: Loss=1.1882, Cls=0.0000, Reg=0.0000, Con=3.9608
2025-09-14 00:34:05,710 - INFO - Batch 870/2278: Loss=0.0000, Cls=0.0000, Reg=0.0000, Con=0.0000
2025-09-14 00:34:06,597 - INFO - Batch 880/2278: Loss=0.0000, Cls=0.0000, Reg=0.0000, Con=0.0000
2025-09-14 00:34:07,476 - INFO - Batch 890/2278: Loss=1.1883, Cls=0.0000, Reg=0.0000, Con=3.9609
2025-09-14 00:34:08,373 - INFO - Batch 900/2278: Loss=0.0000, Cls=0.0000, Reg=0.0000, Con=0.0000
2025-09-14 00:34:09,329 - INFO - Batch 910/2278: Loss=0.0000, Cls=0.0000, Reg=0.0000, Con=0.0000
2025-09-14 00:34:10,258 - INFO - Batch 920/2278: Loss=1.1883, Cls=0.0000, Reg=0.0000, Con=3.9611
2025-09-14 00:34:11,143 - INFO - Batch 930/2278: Loss=1.1883, Cls=0.0000, Reg=0.0000, Con=3.9609
2025-09-14 00:34:12,098 - INFO - Batch 940/2278: Loss=0.0000, Cls=0.0000, Reg=0.0000, Con=0.0000
2025-09-14 00:34:13,035 - INFO - Batch 950/2278: Loss=0.0000, Cls=0.0000, Reg=0.0000, Con=0.0000
2025-09-14 00:34:13,948 - INFO - Batch 960/2278: Loss=0.0215, Cls=0.0215, Reg=0.0000, Con=0.0000
2025-09-14 00:34:14,836 - INFO - Batch 970/2278: Loss=4.4109, Cls=3.2225, Reg=0.0000, Con=3.9611
2025-09-14 00:34:15,733 - INFO - Batch 980/2278: Loss=1.1883, Cls=0.0000, Reg=0.0000, Con=3.9609
2025-09-14 00:34:16,694 - INFO - Batch 990/2278: Loss=1.1882, Cls=0.0000, Reg=0.0000, Con=3.9606
2025-09-14 00:34:17,661 - INFO - Batch 1000/2278: Loss=1.1883, Cls=0.0001, Reg=0.0000, Con=3.9609
2025-09-14 00:34:18,553 - INFO - Batch 1010/2278: Loss=1.1883, Cls=0.0000, Reg=0.0000, Con=3.9609
2025-09-14 00:34:19,446 - INFO - Batch 1020/2278: Loss=1.1885, Cls=0.0000, Reg=0.0000, Con=3.9615
2025-09-14 00:34:20,400 - INFO - Batch 1030/2278: Loss=9.6541, Cls=8.4658, Reg=0.0000, Con=3.9608
2025-09-14 00:34:21,416 - INFO - Batch 1040/2278: Loss=1.2307, Cls=0.0424, Reg=0.0000, Con=3.9608
2025-09-14 00:34:22,329 - INFO - Batch 1050/2278: Loss=1.2180, Cls=0.0297, Reg=0.0000, Con=3.9611
2025-09-14 00:34:23,216 - INFO - Batch 1060/2278: Loss=1.1883, Cls=0.0000, Reg=0.0000, Con=3.9612
2025-09-14 00:34:24,209 - INFO - Batch 1070/2278: Loss=1.2042, Cls=0.0159, Reg=0.0000, Con=3.9609
2025-09-14 00:34:25,245 - INFO - Batch 1080/2278: Loss=1.1883, Cls=0.0000, Reg=0.0000, Con=3.9609
2025-09-14 00:34:26,199 - INFO - Batch 1090/2278: Loss=1.1883, Cls=0.0001, Reg=0.0000, Con=3.9608
2025-09-14 00:34:27,073 - INFO - Batch 1100/2278: Loss=1.1883, Cls=0.0000, Reg=0.0000, Con=3.9608
2025-09-14 00:34:27,988 - INFO - Batch 1110/2278: Loss=1.1883, Cls=0.0000, Reg=0.0000, Con=3.9608
2025-09-14 00:34:28,882 - INFO - Batch 1120/2278: Loss=1.3512, Cls=0.1630, Reg=0.0000, Con=3.9608
2025-09-14 00:34:29,773 - INFO - Batch 1130/2278: Loss=0.0000, Cls=0.0000, Reg=0.0000, Con=0.0000
2025-09-14 00:34:30,667 - INFO - Batch 1140/2278: Loss=0.0000, Cls=0.0000, Reg=0.0000, Con=0.0000
2025-09-14 00:34:31,559 - INFO - Batch 1150/2278: Loss=1.6403, Cls=0.4520, Reg=0.0000, Con=3.9609
2025-09-14 00:34:32,442 - INFO - Batch 1160/2278: Loss=1.1893, Cls=0.0011, Reg=0.0000, Con=3.9607
2025-09-14 00:34:33,323 - INFO - Batch 1170/2278: Loss=0.5595, Cls=0.5595, Reg=0.0000, Con=0.0000
2025-09-14 00:34:34,215 - INFO - Batch 1180/2278: Loss=1.1883, Cls=0.0000, Reg=0.0000, Con=3.9609
2025-09-14 00:34:35,124 - INFO - Batch 1190/2278: Loss=1.2087, Cls=0.0204, Reg=0.0000, Con=3.9610
2025-09-14 00:34:36,071 - INFO - Batch 1200/2278: Loss=1.1883, Cls=0.0000, Reg=0.0000, Con=3.9609
2025-09-14 00:34:36,967 - INFO - Batch 1210/2278: Loss=1.1882, Cls=0.0000, Reg=0.0000, Con=3.9608
2025-09-14 00:34:37,859 - INFO - Batch 1220/2278: Loss=0.0026, Cls=0.0026, Reg=0.0000, Con=0.0000
2025-09-14 00:34:38,753 - INFO - Batch 1230/2278: Loss=1.1883, Cls=0.0000, Reg=0.0000, Con=3.9609
2025-09-14 00:34:39,627 - INFO - Batch 1240/2278: Loss=1.1883, Cls=0.0000, Reg=0.0000, Con=3.9609
2025-09-14 00:34:40,530 - INFO - Batch 1250/2278: Loss=0.0000, Cls=0.0000, Reg=0.0000, Con=0.0000
2025-09-14 00:34:41,479 - INFO - Batch 1260/2278: Loss=1.1887, Cls=0.0005, Reg=0.0000, Con=3.9607
2025-09-14 00:34:42,358 - INFO - Batch 1270/2278: Loss=0.1703, Cls=0.1703, Reg=0.0000, Con=0.0000
2025-09-14 00:34:43,285 - INFO - Batch 1280/2278: Loss=1.1882, Cls=0.0000, Reg=0.0000, Con=3.9608
2025-09-14 00:34:44,312 - INFO - Batch 1290/2278: Loss=1.1883, Cls=0.0000, Reg=0.0000, Con=3.9610
2025-09-14 00:34:45,210 - INFO - Batch 1300/2278: Loss=1.1968, Cls=0.0085, Reg=0.0000, Con=3.9610
2025-09-14 00:34:46,155 - INFO - Batch 1310/2278: Loss=0.0096, Cls=0.0096, Reg=0.0000, Con=0.0000
2025-09-14 00:34:47,078 - INFO - Batch 1320/2278: Loss=1.1883, Cls=0.0000, Reg=0.0000, Con=3.9609
2025-09-14 00:34:48,017 - INFO - Batch 1330/2278: Loss=1.1883, Cls=0.0000, Reg=0.0000, Con=3.9609
2025-09-14 00:34:48,965 - INFO - Batch 1340/2278: Loss=6.0645, Cls=6.0645, Reg=0.0000, Con=0.0000
2025-09-14 00:34:49,847 - INFO - Batch 1350/2278: Loss=0.0000, Cls=0.0000, Reg=0.0000, Con=0.0000
2025-09-14 00:34:50,757 - INFO - Batch 1360/2278: Loss=1.1885, Cls=0.0003, Reg=0.0000, Con=3.9608
2025-09-14 00:34:51,649 - INFO - Batch 1370/2278: Loss=1.1882, Cls=0.0000, Reg=0.0000, Con=3.9608
2025-09-14 00:34:52,530 - INFO - Batch 1380/2278: Loss=2.1596, Cls=0.9713, Reg=0.0000, Con=3.9609
2025-09-14 00:34:53,412 - INFO - Batch 1390/2278: Loss=1.1882, Cls=0.0000, Reg=0.0000, Con=3.9608
2025-09-14 00:34:54,404 - INFO - Batch 1400/2278: Loss=0.0057, Cls=0.0057, Reg=0.0000, Con=0.0000
2025-09-14 00:34:55,313 - INFO - Batch 1410/2278: Loss=1.2533, Cls=0.0651, Reg=0.0000, Con=3.9608
2025-09-14 00:34:56,216 - INFO - Batch 1420/2278: Loss=3.4928, Cls=3.4928, Reg=0.0000, Con=0.0000
2025-09-14 00:34:57,125 - INFO - Batch 1430/2278: Loss=0.0000, Cls=0.0000, Reg=0.0000, Con=0.0000
2025-09-14 00:34:58,040 - INFO - Batch 1440/2278: Loss=1.1884, Cls=0.0000, Reg=0.0000, Con=3.9613
2025-09-14 00:34:59,028 - INFO - Batch 1450/2278: Loss=0.0004, Cls=0.0004, Reg=0.0000, Con=0.0000
2025-09-14 00:34:59,909 - INFO - Batch 1460/2278: Loss=1.2087, Cls=0.0204, Reg=0.0000, Con=3.9609
2025-09-14 00:35:00,793 - INFO - Batch 1470/2278: Loss=1.1905, Cls=0.0023, Reg=0.0000, Con=3.9608
2025-09-14 00:35:01,695 - INFO - Batch 1480/2278: Loss=0.0000, Cls=0.0000, Reg=0.0000, Con=0.0000
2025-09-14 00:35:02,759 - INFO - Batch 1490/2278: Loss=1.2267, Cls=1.2267, Reg=0.0000, Con=0.0000
2025-09-14 00:35:03,671 - INFO - Batch 1500/2278: Loss=0.0084, Cls=0.0084, Reg=0.0000, Con=0.0000
2025-09-14 00:35:04,581 - INFO - Batch 1510/2278: Loss=1.5918, Cls=0.4035, Reg=0.0000, Con=3.9608
2025-09-14 00:35:05,477 - INFO - Batch 1520/2278: Loss=1.1883, Cls=0.0000, Reg=0.0000, Con=3.9608
2025-09-14 00:35:06,414 - INFO - Batch 1530/2278: Loss=1.1883, Cls=0.0000, Reg=0.0000, Con=3.9609
2025-09-14 00:35:07,349 - INFO - Batch 1540/2278: Loss=3.7058, Cls=3.7058, Reg=0.0000, Con=0.0000
2025-09-14 00:35:08,243 - INFO - Batch 1550/2278: Loss=1.1883, Cls=0.0000, Reg=0.0000, Con=3.9609
2025-09-14 00:35:09,143 - INFO - Batch 1560/2278: Loss=1.1883, Cls=0.0000, Reg=0.0000, Con=3.9608
2025-09-14 00:35:10,040 - INFO - Batch 1570/2278: Loss=1.1883, Cls=0.0000, Reg=0.0000, Con=3.9609
2025-09-14 00:35:10,928 - INFO - Batch 1580/2278: Loss=0.0091, Cls=0.0091, Reg=0.0000, Con=0.0000
2025-09-14 00:35:11,846 - INFO - Batch 1590/2278: Loss=1.6292, Cls=0.4409, Reg=0.0000, Con=3.9608
2025-09-14 00:35:12,799 - INFO - Batch 1600/2278: Loss=1.1883, Cls=0.0000, Reg=0.0000, Con=3.9609
2025-09-14 00:35:13,721 - INFO - Batch 1610/2278: Loss=0.1722, Cls=0.1722, Reg=0.0000, Con=0.0000
2025-09-14 00:35:14,647 - INFO - Batch 1620/2278: Loss=2.4476, Cls=1.2594, Reg=0.0000, Con=3.9609
2025-09-14 00:35:15,512 - INFO - Batch 1630/2278: Loss=0.0000, Cls=0.0000, Reg=0.0000, Con=0.0000
2025-09-14 00:35:16,403 - INFO - Batch 1640/2278: Loss=1.1883, Cls=0.0000, Reg=0.0000, Con=3.9609
2025-09-14 00:35:17,291 - INFO - Batch 1650/2278: Loss=0.0000, Cls=0.0000, Reg=0.0000, Con=0.0000
2025-09-14 00:35:18,182 - INFO - Batch 1660/2278: Loss=1.1898, Cls=0.0016, Reg=0.0000, Con=3.9607
2025-09-14 00:35:19,086 - INFO - Batch 1670/2278: Loss=1.1882, Cls=0.0000, Reg=0.0000, Con=3.9608
2025-09-14 00:35:19,971 - INFO - Batch 1680/2278: Loss=1.1921, Cls=0.0037, Reg=0.0000, Con=3.9615
2025-09-14 00:35:20,880 - INFO - Batch 1690/2278: Loss=0.0000, Cls=0.0000, Reg=0.0000, Con=0.0000
2025-09-14 00:35:21,769 - INFO - Batch 1700/2278: Loss=1.1882, Cls=0.0000, Reg=0.0000, Con=3.9608
2025-09-14 00:35:22,692 - INFO - Batch 1710/2278: Loss=1.1885, Cls=0.0002, Reg=0.0000, Con=3.9612
2025-09-14 00:35:23,653 - INFO - Batch 1720/2278: Loss=1.1883, Cls=0.0000, Reg=0.0000, Con=3.9610
2025-09-14 00:35:24,599 - INFO - Batch 1730/2278: Loss=1.1883, Cls=0.0000, Reg=0.0000, Con=3.9609
2025-09-14 00:35:25,466 - INFO - Batch 1740/2278: Loss=1.1883, Cls=0.0000, Reg=0.0000, Con=3.9610
2025-09-14 00:35:26,398 - INFO - Batch 1750/2278: Loss=1.1883, Cls=0.0000, Reg=0.0000, Con=3.9609
2025-09-14 00:35:27,329 - INFO - Batch 1760/2278: Loss=1.1910, Cls=0.0028, Reg=0.0000, Con=3.9608
2025-09-14 00:35:28,235 - INFO - Batch 1770/2278: Loss=1.1883, Cls=0.0000, Reg=0.0000, Con=3.9610
2025-09-14 00:35:29,134 - INFO - Batch 1780/2278: Loss=1.1883, Cls=0.0000, Reg=0.0000, Con=3.9609
2025-09-14 00:35:30,040 - INFO - Batch 1790/2278: Loss=1.1882, Cls=0.0000, Reg=0.0000, Con=3.9608
2025-09-14 00:35:31,054 - INFO - Batch 1800/2278: Loss=1.1911, Cls=0.0029, Reg=0.0000, Con=3.9608
2025-09-14 00:35:31,934 - INFO - Batch 1810/2278: Loss=1.1883, Cls=0.0000, Reg=0.0000, Con=3.9610
2025-09-14 00:35:32,828 - INFO - Batch 1820/2278: Loss=1.1882, Cls=0.0000, Reg=0.0000, Con=3.9608
2025-09-14 00:35:33,724 - INFO - Batch 1830/2278: Loss=1.2349, Cls=0.0465, Reg=0.0000, Con=3.9615
2025-09-14 00:35:34,625 - INFO - Batch 1840/2278: Loss=1.1883, Cls=0.0000, Reg=0.0000, Con=3.9609
2025-09-14 00:35:35,534 - INFO - Batch 1850/2278: Loss=1.1883, Cls=0.0000, Reg=0.0000, Con=3.9608
2025-09-14 00:35:36,453 - INFO - Batch 1860/2278: Loss=1.1893, Cls=0.0011, Reg=0.0000, Con=3.9608
2025-09-14 00:35:37,420 - INFO - Batch 1870/2278: Loss=0.0000, Cls=0.0000, Reg=0.0000, Con=0.0000
2025-09-14 00:35:38,340 - INFO - Batch 1880/2278: Loss=1.1888, Cls=0.0005, Reg=0.0000, Con=3.9610
2025-09-14 00:35:39,234 - INFO - Batch 1890/2278: Loss=0.0000, Cls=0.0000, Reg=0.0000, Con=0.0000
2025-09-14 00:35:40,130 - INFO - Batch 1900/2278: Loss=1.1882, Cls=0.0000, Reg=0.0000, Con=3.9607
2025-09-14 00:35:41,026 - INFO - Batch 1910/2278: Loss=1.1882, Cls=0.0000, Reg=0.0000, Con=3.9607
2025-09-14 00:35:41,948 - INFO - Batch 1920/2278: Loss=1.1883, Cls=0.0000, Reg=0.0000, Con=3.9608
2025-09-14 00:35:42,842 - INFO - Batch 1930/2278: Loss=0.0053, Cls=0.0053, Reg=0.0000, Con=0.0000
2025-09-14 00:35:43,736 - INFO - Batch 1940/2278: Loss=1.1882, Cls=0.0000, Reg=0.0000, Con=3.9607
2025-09-14 00:35:44,726 - INFO - Batch 1950/2278: Loss=1.5054, Cls=0.3172, Reg=0.0000, Con=3.9609
2025-09-14 00:35:45,767 - INFO - Batch 1960/2278: Loss=1.1883, Cls=0.0000, Reg=0.0000, Con=3.9609
2025-09-14 00:35:46,701 - INFO - Batch 1970/2278: Loss=1.1882, Cls=0.0000, Reg=0.0000, Con=3.9606
2025-09-14 00:35:47,615 - INFO - Batch 1980/2278: Loss=1.1965, Cls=0.0083, Reg=0.0000, Con=3.9608
2025-09-14 00:35:48,521 - INFO - Batch 1990/2278: Loss=0.0743, Cls=0.0743, Reg=0.0000, Con=0.0000
2025-09-14 00:35:49,437 - INFO - Batch 2000/2278: Loss=3.6167, Cls=2.4285, Reg=0.0000, Con=3.9607
2025-09-14 00:35:50,353 - INFO - Batch 2010/2278: Loss=1.1882, Cls=0.0000, Reg=0.0000, Con=3.9608
2025-09-14 00:35:51,257 - INFO - Batch 2020/2278: Loss=0.0000, Cls=0.0000, Reg=0.0000, Con=0.0000
2025-09-14 00:35:52,162 - INFO - Batch 2030/2278: Loss=3.0429, Cls=1.8546, Reg=0.0000, Con=3.9610
2025-09-14 00:35:53,075 - INFO - Batch 2040/2278: Loss=1.1883, Cls=0.0001, Reg=0.0000, Con=3.9608
2025-09-14 00:35:53,956 - INFO - Batch 2050/2278: Loss=0.0000, Cls=0.0000, Reg=0.0000, Con=0.0000
2025-09-14 00:35:54,858 - INFO - Batch 2060/2278: Loss=1.1885, Cls=0.0000, Reg=0.0000, Con=3.9615
2025-09-14 00:35:55,785 - INFO - Batch 2070/2278: Loss=1.2144, Cls=0.0262, Reg=0.0000, Con=3.9608
2025-09-14 00:35:56,734 - INFO - Batch 2080/2278: Loss=0.0001, Cls=0.0001, Reg=0.0000, Con=0.0000
2025-09-14 00:35:57,655 - INFO - Batch 2090/2278: Loss=1.1883, Cls=0.0000, Reg=0.0000, Con=3.9608
2025-09-14 00:35:58,593 - INFO - Batch 2100/2278: Loss=0.0000, Cls=0.0000, Reg=0.0000, Con=0.0000
2025-09-14 00:35:59,495 - INFO - Batch 2110/2278: Loss=0.0000, Cls=0.0000, Reg=0.0000, Con=0.0000
2025-09-14 00:36:00,371 - INFO - Batch 2120/2278: Loss=1.1883, Cls=0.0000, Reg=0.0000, Con=3.9609
2025-09-14 00:36:01,262 - INFO - Batch 2130/2278: Loss=1.1883, Cls=0.0000, Reg=0.0000, Con=3.9608
2025-09-14 00:36:02,139 - INFO - Batch 2140/2278: Loss=0.0000, Cls=0.0000, Reg=0.0000, Con=0.0000
2025-09-14 00:36:03,086 - INFO - Batch 2150/2278: Loss=1.1883, Cls=0.0000, Reg=0.0000, Con=3.9610
2025-09-14 00:36:03,959 - INFO - Batch 2160/2278: Loss=1.1882, Cls=0.0000, Reg=0.0000, Con=3.9608
2025-09-14 00:36:04,894 - INFO - Batch 2170/2278: Loss=7.3102, Cls=6.1220, Reg=0.0000, Con=3.9608
2025-09-14 00:36:05,807 - INFO - Batch 2180/2278: Loss=1.1883, Cls=0.0000, Reg=0.0000, Con=3.9608
2025-09-14 00:36:06,711 - INFO - Batch 2190/2278: Loss=1.1884, Cls=0.0001, Reg=0.0000, Con=3.9610
2025-09-14 00:36:07,667 - INFO - Batch 2200/2278: Loss=1.1882, Cls=0.0000, Reg=0.0000, Con=3.9608
2025-09-14 00:36:08,635 - INFO - Batch 2210/2278: Loss=1.1884, Cls=0.0000, Reg=0.0000, Con=3.9613
2025-09-14 00:36:09,531 - INFO - Batch 2220/2278: Loss=0.3428, Cls=0.3428, Reg=0.0000, Con=0.0000
2025-09-14 00:36:10,446 - INFO - Batch 2230/2278: Loss=0.0125, Cls=0.0125, Reg=0.0000, Con=0.0000
2025-09-14 00:36:11,338 - INFO - Batch 2240/2278: Loss=1.1882, Cls=0.0000, Reg=0.0000, Con=3.9608
2025-09-14 00:36:12,231 - INFO - Batch 2250/2278: Loss=0.0000, Cls=0.0000, Reg=0.0000, Con=0.0000
2025-09-14 00:36:13,149 - INFO - Batch 2260/2278: Loss=1.1883, Cls=0.0000, Reg=0.0000, Con=3.9609
2025-09-14 00:36:14,033 - INFO - Batch 2270/2278: Loss=1.1882, Cls=0.0000, Reg=0.0000, Con=3.9606
2025-09-14 00:39:43,512 - INFO - === Epoch 2 Results ===
2025-09-14 00:39:43,513 - INFO - Training Loss: 1.0033 (Classification: 0.2120, Regression: 0.0000)
2025-09-14 00:39:43,513 - INFO - Validation Loss: 0.0583 (Classification: 0.0583, Regression: 0.0000)
2025-09-14 00:39:43,513 - INFO - Average Classification Accuracy: 0.7576 (on 1/26 tasks)
2025-09-14 00:39:43,513 - INFO - Average AUC: 0.8261
2025-09-14 00:39:46,258 - INFO - Best model saved to: experiments/r1c3_headft_cls_2_seed_42_20250914_002554/checkpoints/r1c3_headft_cls_2_seed_42_best.pth
2025-09-14 00:39:46,258 - INFO - 
Epoch 3/3
2025-09-14 00:39:46,400 - INFO - Batch 0/2278: Loss=1.1882, Cls=0.0000, Reg=0.0000, Con=3.9608
2025-09-14 00:39:47,302 - INFO - Batch 10/2278: Loss=1.3482, Cls=0.1599, Reg=0.0000, Con=3.9611
2025-09-14 00:39:48,281 - INFO - Batch 20/2278: Loss=1.2043, Cls=0.0161, Reg=0.0000, Con=3.9608
2025-09-14 00:39:49,264 - INFO - Batch 30/2278: Loss=0.0000, Cls=0.0000, Reg=0.0000, Con=0.0000
2025-09-14 00:39:50,208 - INFO - Batch 40/2278: Loss=3.2653, Cls=2.0770, Reg=0.0000, Con=3.9608
2025-09-14 00:39:51,103 - INFO - Batch 50/2278: Loss=5.0124, Cls=3.8242, Reg=0.0000, Con=3.9609
2025-09-14 00:39:52,063 - INFO - Batch 60/2278: Loss=1.1882, Cls=0.0000, Reg=0.0000, Con=3.9607
2025-09-14 00:39:53,065 - INFO - Batch 70/2278: Loss=1.1897, Cls=0.0015, Reg=0.0000, Con=3.9608
2025-09-14 00:39:53,992 - INFO - Batch 80/2278: Loss=0.0018, Cls=0.0018, Reg=0.0000, Con=0.0000
2025-09-14 00:39:54,891 - INFO - Batch 90/2278: Loss=1.1883, Cls=0.0000, Reg=0.0000, Con=3.9609
2025-09-14 00:39:55,800 - INFO - Batch 100/2278: Loss=1.1882, Cls=0.0000, Reg=0.0000, Con=3.9607
2025-09-14 00:39:56,733 - INFO - Batch 110/2278: Loss=1.1885, Cls=0.0000, Reg=0.0000, Con=3.9618
2025-09-14 00:39:57,619 - INFO - Batch 120/2278: Loss=1.1883, Cls=0.0000, Reg=0.0000, Con=3.9609
2025-09-14 00:39:58,521 - INFO - Batch 130/2278: Loss=1.1882, Cls=0.0000, Reg=0.0000, Con=3.9607
2025-09-14 00:39:59,452 - INFO - Batch 140/2278: Loss=0.0000, Cls=0.0000, Reg=0.0000, Con=0.0000
2025-09-14 00:40:00,343 - INFO - Batch 150/2278: Loss=1.1882, Cls=0.0000, Reg=0.0000, Con=3.9608
2025-09-14 00:40:01,263 - INFO - Batch 160/2278: Loss=0.0000, Cls=0.0000, Reg=0.0000, Con=0.0000
2025-09-14 00:40:02,147 - INFO - Batch 170/2278: Loss=1.2033, Cls=0.0150, Reg=0.0000, Con=3.9609
2025-09-14 00:40:03,065 - INFO - Batch 180/2278: Loss=1.1982, Cls=0.0098, Reg=0.0000, Con=3.9611
2025-09-14 00:40:04,034 - INFO - Batch 190/2278: Loss=1.1882, Cls=0.0000, Reg=0.0000, Con=3.9607
2025-09-14 00:40:05,015 - INFO - Batch 200/2278: Loss=0.0002, Cls=0.0002, Reg=0.0000, Con=0.0000
2025-09-14 00:40:05,924 - INFO - Batch 210/2278: Loss=3.6137, Cls=2.4254, Reg=0.0000, Con=3.9612
2025-09-14 00:40:06,903 - INFO - Batch 220/2278: Loss=1.1882, Cls=0.0000, Reg=0.0000, Con=3.9608
2025-09-14 00:40:07,813 - INFO - Batch 230/2278: Loss=1.1883, Cls=0.0000, Reg=0.0000, Con=3.9611
2025-09-14 00:40:08,711 - INFO - Batch 240/2278: Loss=1.1882, Cls=0.0000, Reg=0.0000, Con=3.9607
2025-09-14 00:40:09,615 - INFO - Batch 250/2278: Loss=1.1884, Cls=0.0001, Reg=0.0000, Con=3.9609
2025-09-14 00:40:10,532 - INFO - Batch 260/2278: Loss=1.1886, Cls=0.0004, Reg=0.0000, Con=3.9608
2025-09-14 00:40:11,457 - INFO - Batch 270/2278: Loss=1.1882, Cls=0.0000, Reg=0.0000, Con=3.9607
2025-09-14 00:40:12,349 - INFO - Batch 280/2278: Loss=1.1882, Cls=0.0000, Reg=0.0000, Con=3.9608
2025-09-14 00:40:13,237 - INFO - Batch 290/2278: Loss=1.1882, Cls=0.0000, Reg=0.0000, Con=3.9608
2025-09-14 00:40:14,126 - INFO - Batch 300/2278: Loss=1.2439, Cls=0.0557, Reg=0.0000, Con=3.9607
2025-09-14 00:40:15,038 - INFO - Batch 310/2278: Loss=1.1883, Cls=0.0000, Reg=0.0000, Con=3.9610
2025-09-14 00:40:15,944 - INFO - Batch 320/2278: Loss=1.1884, Cls=0.0000, Reg=0.0000, Con=3.9612
2025-09-14 00:40:16,846 - INFO - Batch 330/2278: Loss=0.0032, Cls=0.0032, Reg=0.0000, Con=0.0000
2025-09-14 00:40:17,755 - INFO - Batch 340/2278: Loss=0.0796, Cls=0.0796, Reg=0.0000, Con=0.0000
2025-09-14 00:40:18,642 - INFO - Batch 350/2278: Loss=1.1884, Cls=0.0000, Reg=0.0000, Con=3.9612
2025-09-14 00:40:19,534 - INFO - Batch 360/2278: Loss=1.1883, Cls=0.0000, Reg=0.0000, Con=3.9611
2025-09-14 00:40:20,412 - INFO - Batch 370/2278: Loss=1.1882, Cls=0.0000, Reg=0.0000, Con=3.9608
2025-09-14 00:40:21,346 - INFO - Batch 380/2278: Loss=1.2596, Cls=0.0713, Reg=0.0000, Con=3.9608
2025-09-14 00:40:22,290 - INFO - Batch 390/2278: Loss=1.1883, Cls=0.0000, Reg=0.0000, Con=3.9609
2025-09-14 00:40:23,197 - INFO - Batch 400/2278: Loss=0.0000, Cls=0.0000, Reg=0.0000, Con=0.0000
2025-09-14 00:40:24,102 - INFO - Batch 410/2278: Loss=1.1883, Cls=0.0000, Reg=0.0000, Con=3.9609
2025-09-14 00:40:24,987 - INFO - Batch 420/2278: Loss=1.1883, Cls=0.0000, Reg=0.0000, Con=3.9609
2025-09-14 00:40:25,881 - INFO - Batch 430/2278: Loss=1.1884, Cls=0.0000, Reg=0.0000, Con=3.9614
2025-09-14 00:40:26,773 - INFO - Batch 440/2278: Loss=0.0000, Cls=0.0000, Reg=0.0000, Con=0.0000
2025-09-14 00:40:27,643 - INFO - Batch 450/2278: Loss=1.1882, Cls=0.0000, Reg=0.0000, Con=3.9608
2025-09-14 00:40:28,588 - INFO - Batch 460/2278: Loss=0.0000, Cls=0.0000, Reg=0.0000, Con=0.0000
2025-09-14 00:40:29,584 - INFO - Batch 470/2278: Loss=0.0000, Cls=0.0000, Reg=0.0000, Con=0.0000
2025-09-14 00:40:30,480 - INFO - Batch 480/2278: Loss=1.1883, Cls=0.0000, Reg=0.0000, Con=3.9609
2025-09-14 00:40:31,358 - INFO - Batch 490/2278: Loss=0.0000, Cls=0.0000, Reg=0.0000, Con=0.0000
2025-09-14 00:40:32,234 - INFO - Batch 500/2278: Loss=0.0000, Cls=0.0000, Reg=0.0000, Con=0.0000
2025-09-14 00:40:33,159 - INFO - Batch 510/2278: Loss=1.1882, Cls=0.0000, Reg=0.0000, Con=3.9608
2025-09-14 00:40:34,083 - INFO - Batch 520/2278: Loss=0.0573, Cls=0.0573, Reg=0.0000, Con=0.0000
2025-09-14 00:40:34,957 - INFO - Batch 530/2278: Loss=1.2830, Cls=0.0948, Reg=0.0000, Con=3.9608
2025-09-14 00:40:36,013 - INFO - Batch 540/2278: Loss=1.1883, Cls=0.0000, Reg=0.0000, Con=3.9609
2025-09-14 00:40:36,926 - INFO - Batch 550/2278: Loss=0.0000, Cls=0.0000, Reg=0.0000, Con=0.0000
2025-09-14 00:40:37,840 - INFO - Batch 560/2278: Loss=1.1883, Cls=0.0000, Reg=0.0000, Con=3.9609
2025-09-14 00:40:38,781 - INFO - Batch 570/2278: Loss=1.1882, Cls=0.0000, Reg=0.0000, Con=3.9608
2025-09-14 00:40:39,718 - INFO - Batch 580/2278: Loss=0.0000, Cls=0.0000, Reg=0.0000, Con=0.0000
2025-09-14 00:40:40,610 - INFO - Batch 590/2278: Loss=1.1883, Cls=0.0000, Reg=0.0000, Con=3.9608
2025-09-14 00:40:41,533 - INFO - Batch 600/2278: Loss=0.0000, Cls=0.0000, Reg=0.0000, Con=0.0000
2025-09-14 00:40:42,470 - INFO - Batch 610/2278: Loss=1.2039, Cls=0.0155, Reg=0.0000, Con=3.9613
2025-09-14 00:40:43,402 - INFO - Batch 620/2278: Loss=1.1882, Cls=0.0000, Reg=0.0000, Con=3.9608
2025-09-14 00:40:44,327 - INFO - Batch 630/2278: Loss=1.1883, Cls=0.0000, Reg=0.0000, Con=3.9611
2025-09-14 00:40:45,266 - INFO - Batch 640/2278: Loss=1.2074, Cls=0.0192, Reg=0.0000, Con=3.9607
2025-09-14 00:40:46,158 - INFO - Batch 650/2278: Loss=1.1883, Cls=0.0000, Reg=0.0000, Con=3.9608
2025-09-14 00:40:47,103 - INFO - Batch 660/2278: Loss=0.0000, Cls=0.0000, Reg=0.0000, Con=0.0000
2025-09-14 00:40:47,991 - INFO - Batch 670/2278: Loss=2.2195, Cls=1.0312, Reg=0.0000, Con=3.9609
2025-09-14 00:40:48,922 - INFO - Batch 680/2278: Loss=0.0000, Cls=0.0000, Reg=0.0000, Con=0.0000
2025-09-14 00:40:49,800 - INFO - Batch 690/2278: Loss=1.1883, Cls=0.0000, Reg=0.0000, Con=3.9609
2025-09-14 00:40:50,716 - INFO - Batch 700/2278: Loss=1.1883, Cls=0.0000, Reg=0.0000, Con=3.9610
2025-09-14 00:40:51,595 - INFO - Batch 710/2278: Loss=1.1883, Cls=0.0000, Reg=0.0000, Con=3.9610
2025-09-14 00:40:52,532 - INFO - Batch 720/2278: Loss=1.1883, Cls=0.0000, Reg=0.0000, Con=3.9610
2025-09-14 00:40:53,430 - INFO - Batch 730/2278: Loss=1.4962, Cls=0.3079, Reg=0.0000, Con=3.9609
2025-09-14 00:40:54,338 - INFO - Batch 740/2278: Loss=1.1882, Cls=0.0000, Reg=0.0000, Con=3.9606
2025-09-14 00:40:55,247 - INFO - Batch 750/2278: Loss=1.2164, Cls=0.0282, Reg=0.0000, Con=3.9606
2025-09-14 00:40:56,152 - INFO - Batch 760/2278: Loss=1.1883, Cls=0.0000, Reg=0.0000, Con=3.9611
2025-09-14 00:40:57,063 - INFO - Batch 770/2278: Loss=1.1883, Cls=0.0000, Reg=0.0000, Con=3.9611
2025-09-14 00:40:57,972 - INFO - Batch 780/2278: Loss=1.0256, Cls=1.0256, Reg=0.0000, Con=0.0000
2025-09-14 00:40:58,887 - INFO - Batch 790/2278: Loss=1.1883, Cls=0.0000, Reg=0.0000, Con=3.9609
2025-09-14 00:40:59,786 - INFO - Batch 800/2278: Loss=1.1884, Cls=0.0000, Reg=0.0000, Con=3.9612
2025-09-14 00:41:00,710 - INFO - Batch 810/2278: Loss=0.0000, Cls=0.0000, Reg=0.0000, Con=0.0000
2025-09-14 00:41:01,605 - INFO - Batch 820/2278: Loss=1.1882, Cls=0.0000, Reg=0.0000, Con=3.9608
2025-09-14 00:41:02,516 - INFO - Batch 830/2278: Loss=1.1883, Cls=0.0000, Reg=0.0000, Con=3.9609
2025-09-14 00:41:03,400 - INFO - Batch 840/2278: Loss=0.0710, Cls=0.0710, Reg=0.0000, Con=0.0000
2025-09-14 00:41:04,312 - INFO - Batch 850/2278: Loss=0.0000, Cls=0.0000, Reg=0.0000, Con=0.0000
2025-09-14 00:41:05,241 - INFO - Batch 860/2278: Loss=1.1883, Cls=0.0000, Reg=0.0000, Con=3.9611
2025-09-14 00:41:06,128 - INFO - Batch 870/2278: Loss=1.1883, Cls=0.0000, Reg=0.0000, Con=3.9609
2025-09-14 00:41:07,056 - INFO - Batch 880/2278: Loss=0.0000, Cls=0.0000, Reg=0.0000, Con=0.0000
2025-09-14 00:41:07,940 - INFO - Batch 890/2278: Loss=1.1883, Cls=0.0000, Reg=0.0000, Con=3.9609
2025-09-14 00:41:08,869 - INFO - Batch 900/2278: Loss=0.0001, Cls=0.0001, Reg=0.0000, Con=0.0000
2025-09-14 00:41:09,784 - INFO - Batch 910/2278: Loss=0.0550, Cls=0.0550, Reg=0.0000, Con=0.0000
2025-09-14 00:41:10,724 - INFO - Batch 920/2278: Loss=0.0000, Cls=0.0000, Reg=0.0000, Con=0.0000
2025-09-14 00:41:11,700 - INFO - Batch 930/2278: Loss=0.0000, Cls=0.0000, Reg=0.0000, Con=0.0000
2025-09-14 00:41:12,606 - INFO - Batch 940/2278: Loss=1.1884, Cls=0.0000, Reg=0.0000, Con=3.9613
2025-09-14 00:41:13,505 - INFO - Batch 950/2278: Loss=0.0000, Cls=0.0000, Reg=0.0000, Con=0.0000
2025-09-14 00:41:14,368 - INFO - Batch 960/2278: Loss=0.0000, Cls=0.0000, Reg=0.0000, Con=0.0000
2025-09-14 00:41:15,267 - INFO - Batch 970/2278: Loss=1.1882, Cls=0.0000, Reg=0.0000, Con=3.9608
2025-09-14 00:41:16,168 - INFO - Batch 980/2278: Loss=1.1883, Cls=0.0000, Reg=0.0000, Con=3.9609
2025-09-14 00:41:17,072 - INFO - Batch 990/2278: Loss=1.1883, Cls=0.0000, Reg=0.0000, Con=3.9609
2025-09-14 00:41:17,952 - INFO - Batch 1000/2278: Loss=1.1883, Cls=0.0000, Reg=0.0000, Con=3.9610
2025-09-14 00:41:18,887 - INFO - Batch 1010/2278: Loss=1.1882, Cls=0.0000, Reg=0.0000, Con=3.9608
2025-09-14 00:41:19,758 - INFO - Batch 1020/2278: Loss=1.1882, Cls=0.0000, Reg=0.0000, Con=3.9608
2025-09-14 00:41:20,628 - INFO - Batch 1030/2278: Loss=1.6845, Cls=1.6845, Reg=0.0000, Con=0.0000
2025-09-14 00:41:21,525 - INFO - Batch 1040/2278: Loss=1.1932, Cls=0.0049, Reg=0.0000, Con=3.9613
2025-09-14 00:41:22,423 - INFO - Batch 1050/2278: Loss=0.0000, Cls=0.0000, Reg=0.0000, Con=0.0000
2025-09-14 00:41:23,330 - INFO - Batch 1060/2278: Loss=1.1883, Cls=0.0000, Reg=0.0000, Con=3.9611
2025-09-14 00:41:24,248 - INFO - Batch 1070/2278: Loss=1.1883, Cls=0.0000, Reg=0.0000, Con=3.9609
2025-09-14 00:41:25,130 - INFO - Batch 1080/2278: Loss=0.0000, Cls=0.0000, Reg=0.0000, Con=0.0000
2025-09-14 00:41:26,041 - INFO - Batch 1090/2278: Loss=1.1883, Cls=0.0000, Reg=0.0000, Con=3.9611
2025-09-14 00:41:26,931 - INFO - Batch 1100/2278: Loss=1.1883, Cls=0.0000, Reg=0.0000, Con=3.9611
2025-09-14 00:41:27,806 - INFO - Batch 1110/2278: Loss=0.0000, Cls=0.0000, Reg=0.0000, Con=0.0000
2025-09-14 00:41:28,707 - INFO - Batch 1120/2278: Loss=0.4683, Cls=0.4683, Reg=0.0000, Con=0.0000
2025-09-14 00:41:29,607 - INFO - Batch 1130/2278: Loss=0.0000, Cls=0.0000, Reg=0.0000, Con=0.0000
2025-09-14 00:41:30,511 - INFO - Batch 1140/2278: Loss=1.1883, Cls=0.0000, Reg=0.0000, Con=3.9609
2025-09-14 00:41:31,455 - INFO - Batch 1150/2278: Loss=0.6086, Cls=0.6086, Reg=0.0000, Con=0.0000
2025-09-14 00:41:32,393 - INFO - Batch 1160/2278: Loss=0.0000, Cls=0.0000, Reg=0.0000, Con=0.0000
2025-09-14 00:41:33,283 - INFO - Batch 1170/2278: Loss=1.6554, Cls=0.4672, Reg=0.0000, Con=3.9608
2025-09-14 00:41:34,201 - INFO - Batch 1180/2278: Loss=1.1884, Cls=0.0000, Reg=0.0000, Con=3.9613
2025-09-14 00:41:35,126 - INFO - Batch 1190/2278: Loss=1.1883, Cls=0.0000, Reg=0.0000, Con=3.9609
2025-09-14 00:41:36,018 - INFO - Batch 1200/2278: Loss=1.1883, Cls=0.0000, Reg=0.0000, Con=3.9611
2025-09-14 00:41:36,918 - INFO - Batch 1210/2278: Loss=1.1883, Cls=0.0000, Reg=0.0000, Con=3.9611
2025-09-14 00:41:37,811 - INFO - Batch 1220/2278: Loss=1.1883, Cls=0.0000, Reg=0.0000, Con=3.9609
2025-09-14 00:41:38,719 - INFO - Batch 1230/2278: Loss=0.1221, Cls=0.1221, Reg=0.0000, Con=0.0000
2025-09-14 00:41:39,621 - INFO - Batch 1240/2278: Loss=1.6796, Cls=0.4914, Reg=0.0000, Con=3.9608
2025-09-14 00:41:40,533 - INFO - Batch 1250/2278: Loss=1.1883, Cls=0.0000, Reg=0.0000, Con=3.9609
2025-09-14 00:41:41,434 - INFO - Batch 1260/2278: Loss=0.0000, Cls=0.0000, Reg=0.0000, Con=0.0000
2025-09-14 00:41:42,395 - INFO - Batch 1270/2278: Loss=1.1883, Cls=0.0000, Reg=0.0000, Con=3.9610
2025-09-14 00:41:43,278 - INFO - Batch 1280/2278: Loss=1.1882, Cls=0.0000, Reg=0.0000, Con=3.9607
2025-09-14 00:41:44,215 - INFO - Batch 1290/2278: Loss=0.0002, Cls=0.0002, Reg=0.0000, Con=0.0000
2025-09-14 00:41:45,087 - INFO - Batch 1300/2278: Loss=0.0000, Cls=0.0000, Reg=0.0000, Con=0.0000
2025-09-14 00:41:45,988 - INFO - Batch 1310/2278: Loss=1.1882, Cls=0.0000, Reg=0.0000, Con=3.9608
2025-09-14 00:41:47,030 - INFO - Batch 1320/2278: Loss=1.1883, Cls=0.0000, Reg=0.0000, Con=3.9610
2025-09-14 00:41:47,941 - INFO - Batch 1330/2278: Loss=1.1883, Cls=0.0000, Reg=0.0000, Con=3.9610
2025-09-14 00:41:48,828 - INFO - Batch 1340/2278: Loss=1.1882, Cls=0.0000, Reg=0.0000, Con=3.9608
2025-09-14 00:41:49,721 - INFO - Batch 1350/2278: Loss=1.1882, Cls=0.0000, Reg=0.0000, Con=3.9608
2025-09-14 00:41:50,612 - INFO - Batch 1360/2278: Loss=1.1884, Cls=0.0000, Reg=0.0000, Con=3.9612
2025-09-14 00:41:51,526 - INFO - Batch 1370/2278: Loss=1.1883, Cls=0.0000, Reg=0.0000, Con=3.9610
2025-09-14 00:41:52,610 - INFO - Batch 1380/2278: Loss=1.1882, Cls=0.0000, Reg=0.0000, Con=3.9608
2025-09-14 00:41:53,586 - INFO - Batch 1390/2278: Loss=1.1884, Cls=0.0001, Reg=0.0000, Con=3.9610
2025-09-14 00:41:54,503 - INFO - Batch 1400/2278: Loss=8.1723, Cls=6.9838, Reg=0.0000, Con=3.9615
2025-09-14 00:41:55,408 - INFO - Batch 1410/2278: Loss=9.4358, Cls=9.4358, Reg=0.0000, Con=0.0000
2025-09-14 00:41:56,310 - INFO - Batch 1420/2278: Loss=1.1883, Cls=0.0000, Reg=0.0000, Con=3.9610
2025-09-14 00:41:57,207 - INFO - Batch 1430/2278: Loss=0.0000, Cls=0.0000, Reg=0.0000, Con=0.0000
2025-09-14 00:41:58,150 - INFO - Batch 1440/2278: Loss=1.3721, Cls=0.1839, Reg=0.0000, Con=3.9606
2025-09-14 00:41:59,074 - INFO - Batch 1450/2278: Loss=0.1075, Cls=0.1075, Reg=0.0000, Con=0.0000
2025-09-14 00:41:59,960 - INFO - Batch 1460/2278: Loss=0.0000, Cls=0.0000, Reg=0.0000, Con=0.0000
2025-09-14 00:42:00,911 - INFO - Batch 1470/2278: Loss=1.1882, Cls=0.0000, Reg=0.0000, Con=3.9607
2025-09-14 00:42:01,820 - INFO - Batch 1480/2278: Loss=1.1882, Cls=0.0000, Reg=0.0000, Con=3.9608
2025-09-14 00:42:02,742 - INFO - Batch 1490/2278: Loss=0.0000, Cls=0.0000, Reg=0.0000, Con=0.0000
2025-09-14 00:42:03,626 - INFO - Batch 1500/2278: Loss=1.1883, Cls=0.0000, Reg=0.0000, Con=3.9610
2025-09-14 00:42:04,534 - INFO - Batch 1510/2278: Loss=1.1883, Cls=0.0000, Reg=0.0000, Con=3.9609
2025-09-14 00:42:05,415 - INFO - Batch 1520/2278: Loss=6.3114, Cls=6.3114, Reg=0.0000, Con=0.0000
2025-09-14 00:42:06,351 - INFO - Batch 1530/2278: Loss=1.1931, Cls=0.0049, Reg=0.0000, Con=3.9608
2025-09-14 00:42:07,253 - INFO - Batch 1540/2278: Loss=1.1883, Cls=0.0000, Reg=0.0000, Con=3.9610
2025-09-14 00:42:08,156 - INFO - Batch 1550/2278: Loss=1.1883, Cls=0.0000, Reg=0.0000, Con=3.9611
2025-09-14 00:42:09,047 - INFO - Batch 1560/2278: Loss=1.1883, Cls=0.0000, Reg=0.0000, Con=3.9608
2025-09-14 00:42:09,923 - INFO - Batch 1570/2278: Loss=0.0000, Cls=0.0000, Reg=0.0000, Con=0.0000
2025-09-14 00:42:10,826 - INFO - Batch 1580/2278: Loss=1.1882, Cls=0.0000, Reg=0.0000, Con=3.9608
2025-09-14 00:42:11,730 - INFO - Batch 1590/2278: Loss=0.0000, Cls=0.0000, Reg=0.0000, Con=0.0000
2025-09-14 00:42:12,673 - INFO - Batch 1600/2278: Loss=1.1882, Cls=0.0000, Reg=0.0000, Con=3.9608
2025-09-14 00:42:13,578 - INFO - Batch 1610/2278: Loss=0.0006, Cls=0.0006, Reg=0.0000, Con=0.0000
2025-09-14 00:42:14,507 - INFO - Batch 1620/2278: Loss=1.1883, Cls=0.0000, Reg=0.0000, Con=3.9608
2025-09-14 00:42:15,392 - INFO - Batch 1630/2278: Loss=1.1883, Cls=0.0000, Reg=0.0000, Con=3.9610
2025-09-14 00:42:16,300 - INFO - Batch 1640/2278: Loss=0.0000, Cls=0.0000, Reg=0.0000, Con=0.0000
2025-09-14 00:42:17,237 - INFO - Batch 1650/2278: Loss=1.1892, Cls=0.0009, Reg=0.0000, Con=3.9609
2025-09-14 00:42:18,142 - INFO - Batch 1660/2278: Loss=1.1884, Cls=0.0000, Reg=0.0000, Con=3.9613
2025-09-14 00:42:19,033 - INFO - Batch 1670/2278: Loss=1.1883, Cls=0.0000, Reg=0.0000, Con=3.9609
2025-09-14 00:42:19,950 - INFO - Batch 1680/2278: Loss=1.1899, Cls=0.0017, Reg=0.0000, Con=3.9607
2025-09-14 00:42:20,895 - INFO - Batch 1690/2278: Loss=1.1982, Cls=0.0099, Reg=0.0000, Con=3.9610
2025-09-14 00:42:21,785 - INFO - Batch 1700/2278: Loss=3.7410, Cls=2.5528, Reg=0.0000, Con=3.9608
2025-09-14 00:42:22,712 - INFO - Batch 1710/2278: Loss=0.0000, Cls=0.0000, Reg=0.0000, Con=0.0000
2025-09-14 00:42:23,612 - INFO - Batch 1720/2278: Loss=0.0000, Cls=0.0000, Reg=0.0000, Con=0.0000
2025-09-14 00:42:24,504 - INFO - Batch 1730/2278: Loss=1.1882, Cls=0.0000, Reg=0.0000, Con=3.9608
2025-09-14 00:42:25,482 - INFO - Batch 1740/2278: Loss=1.1905, Cls=0.0023, Reg=0.0000, Con=3.9609
2025-09-14 00:42:26,401 - INFO - Batch 1750/2278: Loss=0.0000, Cls=0.0000, Reg=0.0000, Con=0.0000
2025-09-14 00:42:27,297 - INFO - Batch 1760/2278: Loss=1.1884, Cls=0.0000, Reg=0.0000, Con=3.9612
2025-09-14 00:42:28,215 - INFO - Batch 1770/2278: Loss=0.0006, Cls=0.0006, Reg=0.0000, Con=0.0000
2025-09-14 00:42:29,133 - INFO - Batch 1780/2278: Loss=0.0102, Cls=0.0102, Reg=0.0000, Con=0.0000
2025-09-14 00:42:30,029 - INFO - Batch 1790/2278: Loss=0.0000, Cls=0.0000, Reg=0.0000, Con=0.0000
2025-09-14 00:42:30,943 - INFO - Batch 1800/2278: Loss=1.1898, Cls=0.0016, Reg=0.0000, Con=3.9607
2025-09-14 00:42:31,821 - INFO - Batch 1810/2278: Loss=0.0000, Cls=0.0000, Reg=0.0000, Con=0.0000
2025-09-14 00:42:32,727 - INFO - Batch 1820/2278: Loss=0.0000, Cls=0.0000, Reg=0.0000, Con=0.0000
2025-09-14 00:42:33,643 - INFO - Batch 1830/2278: Loss=1.1889, Cls=0.0007, Reg=0.0000, Con=3.9608
2025-09-14 00:42:34,553 - INFO - Batch 1840/2278: Loss=0.0000, Cls=0.0000, Reg=0.0000, Con=0.0000
2025-09-14 00:42:35,473 - INFO - Batch 1850/2278: Loss=1.1883, Cls=0.0000, Reg=0.0000, Con=3.9609
2025-09-14 00:42:36,375 - INFO - Batch 1860/2278: Loss=1.1882, Cls=0.0000, Reg=0.0000, Con=3.9607
2025-09-14 00:42:37,315 - INFO - Batch 1870/2278: Loss=0.0000, Cls=0.0000, Reg=0.0000, Con=0.0000
2025-09-14 00:42:38,227 - INFO - Batch 1880/2278: Loss=1.1882, Cls=0.0000, Reg=0.0000, Con=3.9607
2025-09-14 00:42:39,129 - INFO - Batch 1890/2278: Loss=0.0000, Cls=0.0000, Reg=0.0000, Con=0.0000
2025-09-14 00:42:40,027 - INFO - Batch 1900/2278: Loss=0.0000, Cls=0.0000, Reg=0.0000, Con=0.0000
2025-09-14 00:42:40,905 - INFO - Batch 1910/2278: Loss=1.1883, Cls=0.0000, Reg=0.0000, Con=3.9610
2025-09-14 00:42:41,812 - INFO - Batch 1920/2278: Loss=0.0000, Cls=0.0000, Reg=0.0000, Con=0.0000
2025-09-14 00:42:42,771 - INFO - Batch 1930/2278: Loss=1.1883, Cls=0.0000, Reg=0.0000, Con=3.9611
2025-09-14 00:42:43,727 - INFO - Batch 1940/2278: Loss=1.1882, Cls=0.0000, Reg=0.0000, Con=3.9607
2025-09-14 00:42:44,636 - INFO - Batch 1950/2278: Loss=1.1883, Cls=0.0000, Reg=0.0000, Con=3.9609
2025-09-14 00:42:45,613 - INFO - Batch 1960/2278: Loss=8.1492, Cls=6.9609, Reg=0.0000, Con=3.9610
2025-09-14 00:42:46,497 - INFO - Batch 1970/2278: Loss=0.0000, Cls=0.0000, Reg=0.0000, Con=0.0000
2025-09-14 00:42:47,426 - INFO - Batch 1980/2278: Loss=1.1990, Cls=0.0107, Reg=0.0000, Con=3.9610
2025-09-14 00:42:48,316 - INFO - Batch 1990/2278: Loss=1.1882, Cls=0.0000, Reg=0.0000, Con=3.9608
2025-09-14 00:42:49,185 - INFO - Batch 2000/2278: Loss=1.1883, Cls=0.0000, Reg=0.0000, Con=3.9610
2025-09-14 00:42:50,098 - INFO - Batch 2010/2278: Loss=1.1882, Cls=0.0000, Reg=0.0000, Con=3.9608
2025-09-14 00:42:51,056 - INFO - Batch 2020/2278: Loss=1.1882, Cls=0.0000, Reg=0.0000, Con=3.9608
2025-09-14 00:42:51,996 - INFO - Batch 2030/2278: Loss=1.1939, Cls=0.0057, Reg=0.0000, Con=3.9608
2025-09-14 00:42:52,865 - INFO - Batch 2040/2278: Loss=1.1883, Cls=0.0000, Reg=0.0000, Con=3.9610
2025-09-14 00:42:53,772 - INFO - Batch 2050/2278: Loss=0.8843, Cls=0.8843, Reg=0.0000, Con=0.0000
2025-09-14 00:42:54,648 - INFO - Batch 2060/2278: Loss=1.1883, Cls=0.0000, Reg=0.0000, Con=3.9609
2025-09-14 00:42:55,606 - INFO - Batch 2070/2278: Loss=0.0000, Cls=0.0000, Reg=0.0000, Con=0.0000
2025-09-14 00:42:56,496 - INFO - Batch 2080/2278: Loss=1.1884, Cls=0.0000, Reg=0.0000, Con=3.9613
2025-09-14 00:42:57,367 - INFO - Batch 2090/2278: Loss=5.4389, Cls=4.2506, Reg=0.0000, Con=3.9607
2025-09-14 00:42:58,261 - INFO - Batch 2100/2278: Loss=1.1887, Cls=0.0001, Reg=0.0000, Con=3.9619
2025-09-14 00:42:59,146 - INFO - Batch 2110/2278: Loss=1.1883, Cls=0.0000, Reg=0.0000, Con=3.9609
2025-09-14 00:43:00,085 - INFO - Batch 2120/2278: Loss=0.0038, Cls=0.0038, Reg=0.0000, Con=0.0000
2025-09-14 00:43:01,140 - INFO - Batch 2130/2278: Loss=0.0000, Cls=0.0000, Reg=0.0000, Con=0.0000
2025-09-14 00:43:02,095 - INFO - Batch 2140/2278: Loss=0.0000, Cls=0.0000, Reg=0.0000, Con=0.0000
2025-09-14 00:43:02,989 - INFO - Batch 2150/2278: Loss=1.1882, Cls=0.0000, Reg=0.0000, Con=3.9608
2025-09-14 00:43:03,905 - INFO - Batch 2160/2278: Loss=1.2521, Cls=0.0638, Reg=0.0000, Con=3.9609
2025-09-14 00:43:04,814 - INFO - Batch 2170/2278: Loss=1.3854, Cls=0.1971, Reg=0.0000, Con=3.9608
2025-09-14 00:43:05,706 - INFO - Batch 2180/2278: Loss=0.0009, Cls=0.0009, Reg=0.0000, Con=0.0000
2025-09-14 00:43:06,627 - INFO - Batch 2190/2278: Loss=1.1883, Cls=0.0000, Reg=0.0000, Con=3.9609
2025-09-14 00:43:07,566 - INFO - Batch 2200/2278: Loss=1.1966, Cls=0.0084, Reg=0.0000, Con=3.9608
2025-09-14 00:43:08,458 - INFO - Batch 2210/2278: Loss=0.0000, Cls=0.0000, Reg=0.0000, Con=0.0000
2025-09-14 00:43:09,409 - INFO - Batch 2220/2278: Loss=0.0000, Cls=0.0000, Reg=0.0000, Con=0.0000
2025-09-14 00:43:10,313 - INFO - Batch 2230/2278: Loss=1.1883, Cls=0.0000, Reg=0.0000, Con=3.9609
2025-09-14 00:43:11,203 - INFO - Batch 2240/2278: Loss=1.1892, Cls=0.0007, Reg=0.0000, Con=3.9617
2025-09-14 00:43:12,091 - INFO - Batch 2250/2278: Loss=1.1884, Cls=0.0001, Reg=0.0000, Con=3.9608
2025-09-14 00:43:12,977 - INFO - Batch 2260/2278: Loss=0.0000, Cls=0.0000, Reg=0.0000, Con=0.0000
2025-09-14 00:43:13,856 - INFO - Batch 2270/2278: Loss=0.0000, Cls=0.0000, Reg=0.0000, Con=0.0000
2025-09-14 00:46:44,081 - INFO - === Epoch 3 Results ===
2025-09-14 00:46:44,082 - INFO - Training Loss: 0.9823 (Classification: 0.1952, Regression: 0.0000)
2025-09-14 00:46:44,082 - INFO - Validation Loss: 0.0646 (Classification: 0.0646, Regression: 0.0000)
2025-09-14 00:46:44,082 - INFO - Average Classification Accuracy: 0.7500 (on 1/26 tasks)
2025-09-14 00:46:44,082 - INFO - Average AUC: 0.8286
2025-09-14 00:46:44,082 - INFO - Training finished!
2025-09-14 00:46:44,082 - INFO - Performing final evaluation...
2025-09-14 00:46:44,296 - INFO - Loaded best model from: experiments/r1c3_headft_cls_2_seed_42_20250914_002554/checkpoints/r1c3_headft_cls_2_seed_42_best.pth
2025-09-14 00:50:13,277 - INFO - Final Validation Results:
2025-09-14 00:50:13,277 - INFO -   Total Loss: 0.0583
2025-09-14 00:50:13,277 - INFO -   Classification Loss: 0.0583
2025-09-14 00:50:13,277 - INFO -   Regression Loss: 0.0000
2025-09-14 00:50:13,277 - INFO -   Average Classification Accuracy: 0.7576
2025-09-14 00:50:13,277 - INFO -   Average AUC: 0.8261
2025-09-14 00:50:13,278 - INFO - Results saved to: experiments/r1c3_headft_cls_2_seed_42_20250914_002554/checkpoints/r1c3_headft_cls_2_seed_42_results.json
