2025-09-14 02:52:26,277 - INFO - 🔬 Starting experiment: r1c3_headft_cls_15_seed_42
2025-09-14 02:52:26,277 - INFO - 📁 Experiment directory: experiments/r1c3_headft_cls_15_seed_42_20250914_025226
2025-09-14 02:52:26,277 - INFO - 🎲 Random seed: 42
2025-09-14 02:52:26,277 - INFO - 🔒 Deterministic mode: True
2025-09-14 02:52:26,278 - INFO - Using device: cuda
2025-09-14 02:52:26,278 - INFO - Total GPU Memory: 25.16 GB
2025-09-14 02:52:26,292 - INFO - 🧪 Fusion: Using cross-attention dynamic fusion
2025-09-14 02:52:26,292 - INFO - 🧪 GNN Backbone: Using default GraphAttentionNetwork branch
2025-09-14 02:52:26,292 - INFO - 🎯 Task Mode: Single classification endpoint 15
2025-09-14 02:52:26,292 - INFO - Configuration saved to: experiments/r1c3_headft_cls_15_seed_42_20250914_025226/checkpoints/config.json
2025-09-14 02:52:26,292 - INFO - 🚀 Using preprocessed data from: /mnt/backup2/ai4s/backupunimolpy/responds-work/ToxD4C/data/data/processed
2025-09-14 02:52:26,292 - INFO - Loading LMDB dataset from: /mnt/backup2/ai4s/backupunimolpy/responds-work/ToxD4C/data/data/processed
2025-09-14 02:52:26,663 - INFO - Number of training batches: 2278
2025-09-14 02:52:26,663 - INFO - Number of validation batches: 2278
2025-09-14 02:52:26,663 - INFO - Number of test batches: 2278
2025-09-14 02:52:26,663 - INFO - Creating ToxD4C model...
2025-09-14 02:52:27,726 - INFO - Model created successfully. Total parameters: 100,932,036
2025-09-14 02:52:27,726 - INFO - Testing model forward pass...
2025-09-14 02:52:28,188 - INFO - Test output shapes:
2025-09-14 02:52:28,188 - INFO -   classification: torch.Size([16, 1])
2025-09-14 02:52:28,194 - INFO -   classification contains NaN: False
2025-09-14 02:52:28,194 - INFO -   classification contains Inf: False
2025-09-14 02:52:28,194 - INFO -   regression: torch.Size([16, 0])
2025-09-14 02:52:28,195 - INFO -   regression contains NaN: False
2025-09-14 02:52:28,195 - INFO -   regression contains Inf: False
2025-09-14 02:52:28,196 - INFO - Model forward pass test successful!
2025-09-14 02:52:28,915 - INFO - 🔁 Loaded checkpoint from: /mnt/backup2/ai4s/backupunimolpy/responds-work/ToxD4C/experiments/r1c3_multi_full_seed_42_20250913_152627/checkpoints/r1c3_multi_full_seed_42_best.pth
2025-09-14 02:52:28,916 - INFO - 🧩 Head-only fine-tuning: unfroze head for task 'NR-AR-LBD' and froze trunk.
2025-09-14 02:52:28,916 - INFO - Starting training...
2025-09-14 02:52:28,917 - INFO - 
Epoch 1/3
2025-09-14 02:52:29,083 - INFO - Batch 0/2278: Loss=0.0033, Cls=0.0033, Reg=0.0000, Con=0.0000
2025-09-14 02:52:29,968 - INFO - Batch 10/2278: Loss=0.0056, Cls=0.0056, Reg=0.0000, Con=0.0000
2025-09-14 02:52:30,874 - INFO - Batch 20/2278: Loss=1.2012, Cls=0.0128, Reg=0.0000, Con=3.9610
2025-09-14 02:52:31,757 - INFO - Batch 30/2278: Loss=0.0000, Cls=0.0000, Reg=0.0000, Con=0.0000
2025-09-14 02:52:32,634 - INFO - Batch 40/2278: Loss=0.0015, Cls=0.0015, Reg=0.0000, Con=0.0000
2025-09-14 02:52:33,534 - INFO - Batch 50/2278: Loss=1.1903, Cls=0.0020, Reg=0.0000, Con=3.9609
2025-09-14 02:52:34,531 - INFO - Batch 60/2278: Loss=1.1883, Cls=0.0000, Reg=0.0000, Con=3.9609
2025-09-14 02:52:35,421 - INFO - Batch 70/2278: Loss=1.1882, Cls=0.0000, Reg=0.0000, Con=3.9608
2025-09-14 02:52:36,287 - INFO - Batch 80/2278: Loss=0.0003, Cls=0.0003, Reg=0.0000, Con=0.0000
2025-09-14 02:52:37,196 - INFO - Batch 90/2278: Loss=0.0049, Cls=0.0049, Reg=0.0000, Con=0.0000
2025-09-14 02:52:38,074 - INFO - Batch 100/2278: Loss=0.0052, Cls=0.0052, Reg=0.0000, Con=0.0000
2025-09-14 02:52:38,999 - INFO - Batch 110/2278: Loss=0.0232, Cls=0.0232, Reg=0.0000, Con=0.0000
2025-09-14 02:52:39,885 - INFO - Batch 120/2278: Loss=1.1887, Cls=0.0005, Reg=0.0000, Con=3.9609
2025-09-14 02:52:40,757 - INFO - Batch 130/2278: Loss=1.1945, Cls=0.0062, Reg=0.0000, Con=3.9609
2025-09-14 02:52:41,627 - INFO - Batch 140/2278: Loss=1.1902, Cls=0.0018, Reg=0.0000, Con=3.9615
2025-09-14 02:52:42,518 - INFO - Batch 150/2278: Loss=2.2925, Cls=1.1041, Reg=0.0000, Con=3.9613
2025-09-14 02:52:43,415 - INFO - Batch 160/2278: Loss=1.1887, Cls=0.0004, Reg=0.0000, Con=3.9611
2025-09-14 02:52:44,296 - INFO - Batch 170/2278: Loss=1.1885, Cls=0.0001, Reg=0.0000, Con=3.9611
2025-09-14 02:52:45,195 - INFO - Batch 180/2278: Loss=1.1888, Cls=0.0005, Reg=0.0000, Con=3.9610
2025-09-14 02:52:46,063 - INFO - Batch 190/2278: Loss=1.1886, Cls=0.0004, Reg=0.0000, Con=3.9608
2025-09-14 02:52:46,938 - INFO - Batch 200/2278: Loss=0.0018, Cls=0.0018, Reg=0.0000, Con=0.0000
2025-09-14 02:52:47,837 - INFO - Batch 210/2278: Loss=0.0001, Cls=0.0001, Reg=0.0000, Con=0.0000
2025-09-14 02:52:48,729 - INFO - Batch 220/2278: Loss=0.0006, Cls=0.0006, Reg=0.0000, Con=0.0000
2025-09-14 02:52:49,630 - INFO - Batch 230/2278: Loss=1.1886, Cls=0.0003, Reg=0.0000, Con=3.9610
2025-09-14 02:52:50,511 - INFO - Batch 240/2278: Loss=1.1883, Cls=0.0000, Reg=0.0000, Con=3.9608
2025-09-14 02:52:51,387 - INFO - Batch 250/2278: Loss=0.0002, Cls=0.0002, Reg=0.0000, Con=0.0000
2025-09-14 02:52:52,255 - INFO - Batch 260/2278: Loss=0.0069, Cls=0.0069, Reg=0.0000, Con=0.0000
2025-09-14 02:52:53,144 - INFO - Batch 270/2278: Loss=0.0000, Cls=0.0000, Reg=0.0000, Con=0.0000
2025-09-14 02:52:54,037 - INFO - Batch 280/2278: Loss=1.1901, Cls=0.0018, Reg=0.0000, Con=3.9611
2025-09-14 02:52:54,957 - INFO - Batch 290/2278: Loss=0.0288, Cls=0.0288, Reg=0.0000, Con=0.0000
2025-09-14 02:52:55,824 - INFO - Batch 300/2278: Loss=1.1956, Cls=0.0074, Reg=0.0000, Con=3.9609
2025-09-14 02:52:56,709 - INFO - Batch 310/2278: Loss=1.1884, Cls=0.0000, Reg=0.0000, Con=3.9612
2025-09-14 02:52:57,576 - INFO - Batch 320/2278: Loss=0.0009, Cls=0.0009, Reg=0.0000, Con=0.0000
2025-09-14 02:52:58,477 - INFO - Batch 330/2278: Loss=1.1892, Cls=0.0010, Reg=0.0000, Con=3.9609
2025-09-14 02:52:59,358 - INFO - Batch 340/2278: Loss=1.1928, Cls=0.0045, Reg=0.0000, Con=3.9610
2025-09-14 02:53:00,265 - INFO - Batch 350/2278: Loss=1.2127, Cls=0.0243, Reg=0.0000, Con=3.9611
2025-09-14 02:53:01,133 - INFO - Batch 360/2278: Loss=1.1882, Cls=0.0000, Reg=0.0000, Con=3.9607
2025-09-14 02:53:02,019 - INFO - Batch 370/2278: Loss=1.1883, Cls=0.0001, Reg=0.0000, Con=3.9609
2025-09-14 02:53:02,894 - INFO - Batch 380/2278: Loss=1.1885, Cls=0.0002, Reg=0.0000, Con=3.9607
2025-09-14 02:53:03,792 - INFO - Batch 390/2278: Loss=1.1882, Cls=0.0000, Reg=0.0000, Con=3.9607
2025-09-14 02:53:04,698 - INFO - Batch 400/2278: Loss=0.0233, Cls=0.0233, Reg=0.0000, Con=0.0000
2025-09-14 02:53:05,577 - INFO - Batch 410/2278: Loss=0.0000, Cls=0.0000, Reg=0.0000, Con=0.0000
2025-09-14 02:53:06,460 - INFO - Batch 420/2278: Loss=0.0009, Cls=0.0009, Reg=0.0000, Con=0.0000
2025-09-14 02:53:07,356 - INFO - Batch 430/2278: Loss=1.1887, Cls=0.0005, Reg=0.0000, Con=3.9607
2025-09-14 02:53:08,238 - INFO - Batch 440/2278: Loss=1.1884, Cls=0.0002, Reg=0.0000, Con=3.9608
2025-09-14 02:53:09,097 - INFO - Batch 450/2278: Loss=1.1884, Cls=0.0002, Reg=0.0000, Con=3.9607
2025-09-14 02:53:09,979 - INFO - Batch 460/2278: Loss=1.1893, Cls=0.0010, Reg=0.0000, Con=3.9607
2025-09-14 02:53:10,890 - INFO - Batch 470/2278: Loss=1.1884, Cls=0.0000, Reg=0.0000, Con=3.9611
2025-09-14 02:53:11,776 - INFO - Batch 480/2278: Loss=1.1886, Cls=0.0003, Reg=0.0000, Con=3.9607
2025-09-14 02:53:12,655 - INFO - Batch 490/2278: Loss=0.0000, Cls=0.0000, Reg=0.0000, Con=0.0000
2025-09-14 02:53:13,524 - INFO - Batch 500/2278: Loss=0.0001, Cls=0.0001, Reg=0.0000, Con=0.0000
2025-09-14 02:53:14,414 - INFO - Batch 510/2278: Loss=1.1883, Cls=0.0000, Reg=0.0000, Con=3.9609
2025-09-14 02:53:15,294 - INFO - Batch 520/2278: Loss=1.1910, Cls=0.0027, Reg=0.0000, Con=3.9608
2025-09-14 02:53:16,163 - INFO - Batch 530/2278: Loss=1.1895, Cls=0.0013, Reg=0.0000, Con=3.9608
2025-09-14 02:53:17,067 - INFO - Batch 540/2278: Loss=1.1884, Cls=0.0001, Reg=0.0000, Con=3.9610
2025-09-14 02:53:17,941 - INFO - Batch 550/2278: Loss=1.1882, Cls=0.0000, Reg=0.0000, Con=3.9607
2025-09-14 02:53:18,829 - INFO - Batch 560/2278: Loss=1.1883, Cls=0.0000, Reg=0.0000, Con=3.9609
2025-09-14 02:53:19,744 - INFO - Batch 570/2278: Loss=1.1885, Cls=0.0002, Reg=0.0000, Con=3.9608
2025-09-14 02:53:20,634 - INFO - Batch 580/2278: Loss=0.0003, Cls=0.0003, Reg=0.0000, Con=0.0000
2025-09-14 02:53:21,513 - INFO - Batch 590/2278: Loss=0.0010, Cls=0.0010, Reg=0.0000, Con=0.0000
2025-09-14 02:53:22,403 - INFO - Batch 600/2278: Loss=1.1886, Cls=0.0004, Reg=0.0000, Con=3.9609
2025-09-14 02:53:23,276 - INFO - Batch 610/2278: Loss=1.1883, Cls=0.0000, Reg=0.0000, Con=3.9609
2025-09-14 02:53:24,149 - INFO - Batch 620/2278: Loss=1.1920, Cls=0.0037, Reg=0.0000, Con=3.9608
2025-09-14 02:53:25,045 - INFO - Batch 630/2278: Loss=0.0000, Cls=0.0000, Reg=0.0000, Con=0.0000
2025-09-14 02:53:25,964 - INFO - Batch 640/2278: Loss=2.0040, Cls=0.8158, Reg=0.0000, Con=3.9608
2025-09-14 02:53:26,850 - INFO - Batch 650/2278: Loss=1.1884, Cls=0.0000, Reg=0.0000, Con=3.9613
2025-09-14 02:53:27,714 - INFO - Batch 660/2278: Loss=1.1883, Cls=0.0000, Reg=0.0000, Con=3.9608
2025-09-14 02:53:28,610 - INFO - Batch 670/2278: Loss=1.1883, Cls=0.0000, Reg=0.0000, Con=3.9608
2025-09-14 02:53:29,492 - INFO - Batch 680/2278: Loss=1.1883, Cls=0.0000, Reg=0.0000, Con=3.9608
2025-09-14 02:53:30,545 - INFO - Batch 690/2278: Loss=0.0006, Cls=0.0006, Reg=0.0000, Con=0.0000
2025-09-14 02:53:31,445 - INFO - Batch 700/2278: Loss=0.0005, Cls=0.0005, Reg=0.0000, Con=0.0000
2025-09-14 02:53:32,350 - INFO - Batch 710/2278: Loss=1.1882, Cls=0.0000, Reg=0.0000, Con=3.9607
2025-09-14 02:53:33,222 - INFO - Batch 720/2278: Loss=1.1884, Cls=0.0001, Reg=0.0000, Con=3.9609
2025-09-14 02:53:34,109 - INFO - Batch 730/2278: Loss=1.1885, Cls=0.0001, Reg=0.0000, Con=3.9613
2025-09-14 02:53:34,991 - INFO - Batch 740/2278: Loss=1.1884, Cls=0.0001, Reg=0.0000, Con=3.9610
2025-09-14 02:53:35,879 - INFO - Batch 750/2278: Loss=1.1907, Cls=0.0025, Reg=0.0000, Con=3.9609
2025-09-14 02:53:36,765 - INFO - Batch 760/2278: Loss=1.1885, Cls=0.0002, Reg=0.0000, Con=3.9608
2025-09-14 02:53:37,643 - INFO - Batch 770/2278: Loss=1.1912, Cls=0.0030, Reg=0.0000, Con=3.9610
2025-09-14 02:53:38,541 - INFO - Batch 780/2278: Loss=1.1884, Cls=0.0001, Reg=0.0000, Con=3.9608
2025-09-14 02:53:39,435 - INFO - Batch 790/2278: Loss=0.0052, Cls=0.0052, Reg=0.0000, Con=0.0000
2025-09-14 02:53:40,324 - INFO - Batch 800/2278: Loss=1.1896, Cls=0.0013, Reg=0.0000, Con=3.9612
2025-09-14 02:53:41,195 - INFO - Batch 810/2278: Loss=1.1894, Cls=0.0010, Reg=0.0000, Con=3.9612
2025-09-14 02:53:42,106 - INFO - Batch 820/2278: Loss=1.1883, Cls=0.0000, Reg=0.0000, Con=3.9609
2025-09-14 02:53:43,016 - INFO - Batch 830/2278: Loss=1.1885, Cls=0.0002, Reg=0.0000, Con=3.9609
2025-09-14 02:53:43,903 - INFO - Batch 840/2278: Loss=1.1895, Cls=0.0013, Reg=0.0000, Con=3.9608
2025-09-14 02:53:44,798 - INFO - Batch 850/2278: Loss=0.0002, Cls=0.0002, Reg=0.0000, Con=0.0000
2025-09-14 02:53:45,652 - INFO - Batch 860/2278: Loss=1.1886, Cls=0.0004, Reg=0.0000, Con=3.9607
2025-09-14 02:53:46,513 - INFO - Batch 870/2278: Loss=0.0000, Cls=0.0000, Reg=0.0000, Con=0.0000
2025-09-14 02:53:47,414 - INFO - Batch 880/2278: Loss=0.0000, Cls=0.0000, Reg=0.0000, Con=0.0000
2025-09-14 02:53:48,270 - INFO - Batch 890/2278: Loss=0.0024, Cls=0.0024, Reg=0.0000, Con=0.0000
2025-09-14 02:53:49,159 - INFO - Batch 900/2278: Loss=1.1896, Cls=0.0013, Reg=0.0000, Con=3.9609
2025-09-14 02:53:50,053 - INFO - Batch 910/2278: Loss=1.1887, Cls=0.0004, Reg=0.0000, Con=3.9609
2025-09-14 02:53:50,915 - INFO - Batch 920/2278: Loss=1.1883, Cls=0.0000, Reg=0.0000, Con=3.9610
2025-09-14 02:53:51,804 - INFO - Batch 930/2278: Loss=1.1887, Cls=0.0004, Reg=0.0000, Con=3.9608
2025-09-14 02:53:52,692 - INFO - Batch 940/2278: Loss=1.1889, Cls=0.0007, Reg=0.0000, Con=3.9609
2025-09-14 02:53:53,580 - INFO - Batch 950/2278: Loss=1.1883, Cls=0.0000, Reg=0.0000, Con=3.9611
2025-09-14 02:53:54,450 - INFO - Batch 960/2278: Loss=1.1884, Cls=0.0001, Reg=0.0000, Con=3.9609
2025-09-14 02:53:55,343 - INFO - Batch 970/2278: Loss=1.1884, Cls=0.0001, Reg=0.0000, Con=3.9612
2025-09-14 02:53:56,221 - INFO - Batch 980/2278: Loss=0.0001, Cls=0.0001, Reg=0.0000, Con=0.0000
2025-09-14 02:53:57,100 - INFO - Batch 990/2278: Loss=0.0000, Cls=0.0000, Reg=0.0000, Con=0.0000
2025-09-14 02:53:57,970 - INFO - Batch 1000/2278: Loss=1.2503, Cls=0.0620, Reg=0.0000, Con=3.9609
2025-09-14 02:53:58,864 - INFO - Batch 1010/2278: Loss=1.1919, Cls=0.0037, Reg=0.0000, Con=3.9608
2025-09-14 02:53:59,756 - INFO - Batch 1020/2278: Loss=0.0004, Cls=0.0004, Reg=0.0000, Con=0.0000
2025-09-14 02:54:00,643 - INFO - Batch 1030/2278: Loss=1.1885, Cls=0.0002, Reg=0.0000, Con=3.9610
2025-09-14 02:54:01,529 - INFO - Batch 1040/2278: Loss=1.1912, Cls=0.0030, Reg=0.0000, Con=3.9607
2025-09-14 02:54:02,437 - INFO - Batch 1050/2278: Loss=1.1885, Cls=0.0003, Reg=0.0000, Con=3.9609
2025-09-14 02:54:03,315 - INFO - Batch 1060/2278: Loss=1.1894, Cls=0.0012, Reg=0.0000, Con=3.9608
2025-09-14 02:54:04,198 - INFO - Batch 1070/2278: Loss=1.1883, Cls=0.0000, Reg=0.0000, Con=3.9608
2025-09-14 02:54:05,080 - INFO - Batch 1080/2278: Loss=0.0013, Cls=0.0013, Reg=0.0000, Con=0.0000
2025-09-14 02:54:06,061 - INFO - Batch 1090/2278: Loss=1.1883, Cls=0.0000, Reg=0.0000, Con=3.9609
2025-09-14 02:54:06,977 - INFO - Batch 1100/2278: Loss=0.0214, Cls=0.0214, Reg=0.0000, Con=0.0000
2025-09-14 02:54:07,875 - INFO - Batch 1110/2278: Loss=1.1882, Cls=0.0000, Reg=0.0000, Con=3.9608
2025-09-14 02:54:08,746 - INFO - Batch 1120/2278: Loss=0.0007, Cls=0.0007, Reg=0.0000, Con=0.0000
2025-09-14 02:54:09,650 - INFO - Batch 1130/2278: Loss=1.1886, Cls=0.0003, Reg=0.0000, Con=3.9608
2025-09-14 02:54:10,526 - INFO - Batch 1140/2278: Loss=1.1883, Cls=0.0001, Reg=0.0000, Con=3.9608
2025-09-14 02:54:11,413 - INFO - Batch 1150/2278: Loss=1.1884, Cls=0.0000, Reg=0.0000, Con=3.9611
2025-09-14 02:54:12,307 - INFO - Batch 1160/2278: Loss=1.1883, Cls=0.0001, Reg=0.0000, Con=3.9609
2025-09-14 02:54:13,176 - INFO - Batch 1170/2278: Loss=0.0001, Cls=0.0001, Reg=0.0000, Con=0.0000
2025-09-14 02:54:14,052 - INFO - Batch 1180/2278: Loss=1.1883, Cls=0.0000, Reg=0.0000, Con=3.9609
2025-09-14 02:54:14,939 - INFO - Batch 1190/2278: Loss=1.1884, Cls=0.0001, Reg=0.0000, Con=3.9609
2025-09-14 02:54:15,822 - INFO - Batch 1200/2278: Loss=0.0001, Cls=0.0001, Reg=0.0000, Con=0.0000
2025-09-14 02:54:16,716 - INFO - Batch 1210/2278: Loss=1.2495, Cls=0.0612, Reg=0.0000, Con=3.9610
2025-09-14 02:54:17,594 - INFO - Batch 1220/2278: Loss=0.0002, Cls=0.0002, Reg=0.0000, Con=0.0000
2025-09-14 02:54:18,476 - INFO - Batch 1230/2278: Loss=1.1883, Cls=0.0000, Reg=0.0000, Con=3.9609
2025-09-14 02:54:19,406 - INFO - Batch 1240/2278: Loss=1.1883, Cls=0.0000, Reg=0.0000, Con=3.9609
2025-09-14 02:54:20,321 - INFO - Batch 1250/2278: Loss=0.0000, Cls=0.0000, Reg=0.0000, Con=0.0000
2025-09-14 02:54:21,212 - INFO - Batch 1260/2278: Loss=1.1892, Cls=0.0009, Reg=0.0000, Con=3.9608
2025-09-14 02:54:22,093 - INFO - Batch 1270/2278: Loss=1.1883, Cls=0.0000, Reg=0.0000, Con=3.9609
2025-09-14 02:54:22,961 - INFO - Batch 1280/2278: Loss=0.0001, Cls=0.0001, Reg=0.0000, Con=0.0000
2025-09-14 02:54:23,840 - INFO - Batch 1290/2278: Loss=0.0007, Cls=0.0007, Reg=0.0000, Con=0.0000
2025-09-14 02:54:24,732 - INFO - Batch 1300/2278: Loss=1.1885, Cls=0.0002, Reg=0.0000, Con=3.9610
2025-09-14 02:54:25,653 - INFO - Batch 1310/2278: Loss=1.1885, Cls=0.0002, Reg=0.0000, Con=3.9611
2025-09-14 02:54:26,615 - INFO - Batch 1320/2278: Loss=0.0000, Cls=0.0000, Reg=0.0000, Con=0.0000
2025-09-14 02:54:27,485 - INFO - Batch 1330/2278: Loss=1.1884, Cls=0.0001, Reg=0.0000, Con=3.9613
2025-09-14 02:54:28,359 - INFO - Batch 1340/2278: Loss=1.1882, Cls=0.0000, Reg=0.0000, Con=3.9608
2025-09-14 02:54:29,252 - INFO - Batch 1350/2278: Loss=0.0008, Cls=0.0008, Reg=0.0000, Con=0.0000
2025-09-14 02:54:30,147 - INFO - Batch 1360/2278: Loss=1.1902, Cls=0.0019, Reg=0.0000, Con=3.9610
2025-09-14 02:54:31,055 - INFO - Batch 1370/2278: Loss=1.1882, Cls=0.0000, Reg=0.0000, Con=3.9608
2025-09-14 02:54:31,991 - INFO - Batch 1380/2278: Loss=1.1882, Cls=0.0000, Reg=0.0000, Con=3.9608
2025-09-14 02:54:32,866 - INFO - Batch 1390/2278: Loss=1.1883, Cls=0.0001, Reg=0.0000, Con=3.9608
2025-09-14 02:54:33,765 - INFO - Batch 1400/2278: Loss=1.1883, Cls=0.0001, Reg=0.0000, Con=3.9609
2025-09-14 02:54:34,698 - INFO - Batch 1410/2278: Loss=1.2099, Cls=0.0216, Reg=0.0000, Con=3.9612
2025-09-14 02:54:35,583 - INFO - Batch 1420/2278: Loss=0.0107, Cls=0.0107, Reg=0.0000, Con=0.0000
2025-09-14 02:54:36,469 - INFO - Batch 1430/2278: Loss=1.1925, Cls=0.0042, Reg=0.0000, Con=3.9609
2025-09-14 02:54:37,335 - INFO - Batch 1440/2278: Loss=1.1883, Cls=0.0000, Reg=0.0000, Con=3.9609
2025-09-14 02:54:38,217 - INFO - Batch 1450/2278: Loss=1.1892, Cls=0.0009, Reg=0.0000, Con=3.9608
2025-09-14 02:54:39,102 - INFO - Batch 1460/2278: Loss=0.0001, Cls=0.0001, Reg=0.0000, Con=0.0000
2025-09-14 02:54:39,993 - INFO - Batch 1470/2278: Loss=1.1889, Cls=0.0006, Reg=0.0000, Con=3.9609
2025-09-14 02:54:40,885 - INFO - Batch 1480/2278: Loss=1.1885, Cls=0.0002, Reg=0.0000, Con=3.9607
2025-09-14 02:54:41,787 - INFO - Batch 1490/2278: Loss=1.1884, Cls=0.0002, Reg=0.0000, Con=3.9609
2025-09-14 02:54:42,680 - INFO - Batch 1500/2278: Loss=1.1883, Cls=0.0000, Reg=0.0000, Con=3.9609
2025-09-14 02:54:43,593 - INFO - Batch 1510/2278: Loss=0.0000, Cls=0.0000, Reg=0.0000, Con=0.0000
2025-09-14 02:54:44,497 - INFO - Batch 1520/2278: Loss=1.1889, Cls=0.0007, Reg=0.0000, Con=3.9608
2025-09-14 02:54:45,380 - INFO - Batch 1530/2278: Loss=1.1893, Cls=0.0010, Reg=0.0000, Con=3.9608
2025-09-14 02:54:46,283 - INFO - Batch 1540/2278: Loss=1.1884, Cls=0.0001, Reg=0.0000, Con=3.9609
2025-09-14 02:54:47,198 - INFO - Batch 1550/2278: Loss=1.1883, Cls=0.0000, Reg=0.0000, Con=3.9610
2025-09-14 02:54:48,099 - INFO - Batch 1560/2278: Loss=1.1960, Cls=0.0078, Reg=0.0000, Con=3.9609
2025-09-14 02:54:49,040 - INFO - Batch 1570/2278: Loss=1.1909, Cls=0.0026, Reg=0.0000, Con=3.9608
2025-09-14 02:54:49,977 - INFO - Batch 1580/2278: Loss=1.1891, Cls=0.0008, Reg=0.0000, Con=3.9608
2025-09-14 02:54:50,883 - INFO - Batch 1590/2278: Loss=1.1883, Cls=0.0000, Reg=0.0000, Con=3.9609
2025-09-14 02:54:51,754 - INFO - Batch 1600/2278: Loss=1.1883, Cls=0.0000, Reg=0.0000, Con=3.9608
2025-09-14 02:54:52,644 - INFO - Batch 1610/2278: Loss=0.0041, Cls=0.0041, Reg=0.0000, Con=0.0000
2025-09-14 02:54:53,525 - INFO - Batch 1620/2278: Loss=0.0005, Cls=0.0005, Reg=0.0000, Con=0.0000
2025-09-14 02:54:54,438 - INFO - Batch 1630/2278: Loss=1.1882, Cls=0.0000, Reg=0.0000, Con=3.9608
2025-09-14 02:54:55,342 - INFO - Batch 1640/2278: Loss=0.0008, Cls=0.0008, Reg=0.0000, Con=0.0000
2025-09-14 02:54:56,261 - INFO - Batch 1650/2278: Loss=0.0001, Cls=0.0001, Reg=0.0000, Con=0.0000
2025-09-14 02:54:57,177 - INFO - Batch 1660/2278: Loss=0.0320, Cls=0.0320, Reg=0.0000, Con=0.0000
2025-09-14 02:54:58,033 - INFO - Batch 1670/2278: Loss=1.1884, Cls=0.0000, Reg=0.0000, Con=3.9612
2025-09-14 02:54:58,921 - INFO - Batch 1680/2278: Loss=0.0007, Cls=0.0007, Reg=0.0000, Con=0.0000
2025-09-14 02:54:59,811 - INFO - Batch 1690/2278: Loss=1.1899, Cls=0.0016, Reg=0.0000, Con=3.9612
2025-09-14 02:55:00,691 - INFO - Batch 1700/2278: Loss=1.1884, Cls=0.0001, Reg=0.0000, Con=3.9612
2025-09-14 02:55:01,590 - INFO - Batch 1710/2278: Loss=0.0002, Cls=0.0002, Reg=0.0000, Con=0.0000
2025-09-14 02:55:02,477 - INFO - Batch 1720/2278: Loss=1.1883, Cls=0.0000, Reg=0.0000, Con=3.9608
2025-09-14 02:55:03,355 - INFO - Batch 1730/2278: Loss=0.0000, Cls=0.0000, Reg=0.0000, Con=0.0000
2025-09-14 02:55:04,263 - INFO - Batch 1740/2278: Loss=0.0000, Cls=0.0000, Reg=0.0000, Con=0.0000
2025-09-14 02:55:05,171 - INFO - Batch 1750/2278: Loss=1.1883, Cls=0.0000, Reg=0.0000, Con=3.9609
2025-09-14 02:55:06,068 - INFO - Batch 1760/2278: Loss=1.1883, Cls=0.0000, Reg=0.0000, Con=3.9609
2025-09-14 02:55:06,984 - INFO - Batch 1770/2278: Loss=1.1882, Cls=0.0000, Reg=0.0000, Con=3.9608
2025-09-14 02:55:07,876 - INFO - Batch 1780/2278: Loss=1.1883, Cls=0.0000, Reg=0.0000, Con=3.9608
2025-09-14 02:55:08,758 - INFO - Batch 1790/2278: Loss=0.0001, Cls=0.0001, Reg=0.0000, Con=0.0000
2025-09-14 02:55:09,684 - INFO - Batch 1800/2278: Loss=0.0002, Cls=0.0002, Reg=0.0000, Con=0.0000
2025-09-14 02:55:10,592 - INFO - Batch 1810/2278: Loss=0.0000, Cls=0.0000, Reg=0.0000, Con=0.0000
2025-09-14 02:55:11,511 - INFO - Batch 1820/2278: Loss=1.1884, Cls=0.0001, Reg=0.0000, Con=3.9611
2025-09-14 02:55:12,390 - INFO - Batch 1830/2278: Loss=0.0000, Cls=0.0000, Reg=0.0000, Con=0.0000
2025-09-14 02:55:13,268 - INFO - Batch 1840/2278: Loss=0.8535, Cls=0.8535, Reg=0.0000, Con=0.0000
2025-09-14 02:55:14,199 - INFO - Batch 1850/2278: Loss=1.1886, Cls=0.0004, Reg=0.0000, Con=3.9608
2025-09-14 02:55:15,221 - INFO - Batch 1860/2278: Loss=1.1748, Cls=1.1748, Reg=0.0000, Con=0.0000
2025-09-14 02:55:16,141 - INFO - Batch 1870/2278: Loss=1.1884, Cls=0.0001, Reg=0.0000, Con=3.9608
2025-09-14 02:55:17,022 - INFO - Batch 1880/2278: Loss=0.0000, Cls=0.0000, Reg=0.0000, Con=0.0000
2025-09-14 02:55:18,008 - INFO - Batch 1890/2278: Loss=1.1886, Cls=0.0004, Reg=0.0000, Con=3.9609
2025-09-14 02:55:18,973 - INFO - Batch 1900/2278: Loss=0.0049, Cls=0.0049, Reg=0.0000, Con=0.0000
2025-09-14 02:55:19,850 - INFO - Batch 1910/2278: Loss=0.0003, Cls=0.0003, Reg=0.0000, Con=0.0000
2025-09-14 02:55:20,809 - INFO - Batch 1920/2278: Loss=1.1911, Cls=0.0029, Reg=0.0000, Con=3.9607
2025-09-14 02:55:21,788 - INFO - Batch 1930/2278: Loss=1.1884, Cls=0.0002, Reg=0.0000, Con=3.9607
2025-09-14 02:55:22,720 - INFO - Batch 1940/2278: Loss=2.0846, Cls=0.8963, Reg=0.0000, Con=3.9608
2025-09-14 02:55:23,681 - INFO - Batch 1950/2278: Loss=1.1904, Cls=0.0022, Reg=0.0000, Con=3.9608
2025-09-14 02:55:24,610 - INFO - Batch 1960/2278: Loss=1.1884, Cls=0.0001, Reg=0.0000, Con=3.9609
2025-09-14 02:55:25,541 - INFO - Batch 1970/2278: Loss=1.1883, Cls=0.0000, Reg=0.0000, Con=3.9611
2025-09-14 02:55:26,499 - INFO - Batch 1980/2278: Loss=1.4475, Cls=0.2592, Reg=0.0000, Con=3.9608
2025-09-14 02:55:27,457 - INFO - Batch 1990/2278: Loss=1.1889, Cls=0.0005, Reg=0.0000, Con=3.9615
2025-09-14 02:55:28,367 - INFO - Batch 2000/2278: Loss=0.0005, Cls=0.0005, Reg=0.0000, Con=0.0000
2025-09-14 02:55:29,294 - INFO - Batch 2010/2278: Loss=1.1885, Cls=0.0003, Reg=0.0000, Con=3.9608
2025-09-14 02:55:30,199 - INFO - Batch 2020/2278: Loss=1.1936, Cls=0.0054, Reg=0.0000, Con=3.9608
2025-09-14 02:55:31,160 - INFO - Batch 2030/2278: Loss=1.1882, Cls=0.0000, Reg=0.0000, Con=3.9607
2025-09-14 02:55:32,090 - INFO - Batch 2040/2278: Loss=1.1888, Cls=0.0005, Reg=0.0000, Con=3.9609
2025-09-14 02:55:33,017 - INFO - Batch 2050/2278: Loss=1.1883, Cls=0.0000, Reg=0.0000, Con=3.9608
2025-09-14 02:55:34,014 - INFO - Batch 2060/2278: Loss=0.0002, Cls=0.0002, Reg=0.0000, Con=0.0000
2025-09-14 02:55:34,901 - INFO - Batch 2070/2278: Loss=1.1886, Cls=0.0003, Reg=0.0000, Con=3.9611
2025-09-14 02:55:35,838 - INFO - Batch 2080/2278: Loss=1.1883, Cls=0.0000, Reg=0.0000, Con=3.9610
2025-09-14 02:55:36,819 - INFO - Batch 2090/2278: Loss=1.1885, Cls=0.0001, Reg=0.0000, Con=3.9612
2025-09-14 02:55:37,769 - INFO - Batch 2100/2278: Loss=1.1894, Cls=0.0011, Reg=0.0000, Con=3.9611
2025-09-14 02:55:38,774 - INFO - Batch 2110/2278: Loss=1.1884, Cls=0.0002, Reg=0.0000, Con=3.9609
2025-09-14 02:55:39,741 - INFO - Batch 2120/2278: Loss=0.0004, Cls=0.0004, Reg=0.0000, Con=0.0000
2025-09-14 02:55:40,720 - INFO - Batch 2130/2278: Loss=1.1883, Cls=0.0002, Reg=0.0000, Con=3.9606
2025-09-14 02:55:41,674 - INFO - Batch 2140/2278: Loss=1.1883, Cls=0.0000, Reg=0.0000, Con=3.9608
2025-09-14 02:55:42,614 - INFO - Batch 2150/2278: Loss=1.1890, Cls=0.0008, Reg=0.0000, Con=3.9607
2025-09-14 02:55:43,519 - INFO - Batch 2160/2278: Loss=1.1884, Cls=0.0002, Reg=0.0000, Con=3.9608
2025-09-14 02:55:44,514 - INFO - Batch 2170/2278: Loss=1.1887, Cls=0.0004, Reg=0.0000, Con=3.9609
2025-09-14 02:55:45,450 - INFO - Batch 2180/2278: Loss=0.0152, Cls=0.0152, Reg=0.0000, Con=0.0000
2025-09-14 02:55:46,407 - INFO - Batch 2190/2278: Loss=0.0002, Cls=0.0002, Reg=0.0000, Con=0.0000
2025-09-14 02:55:47,386 - INFO - Batch 2200/2278: Loss=1.3840, Cls=0.1958, Reg=0.0000, Con=3.9605
2025-09-14 02:55:48,360 - INFO - Batch 2210/2278: Loss=1.1883, Cls=0.0000, Reg=0.0000, Con=3.9609
2025-09-14 02:55:49,319 - INFO - Batch 2220/2278: Loss=1.1902, Cls=0.0019, Reg=0.0000, Con=3.9610
2025-09-14 02:55:50,232 - INFO - Batch 2230/2278: Loss=0.0001, Cls=0.0001, Reg=0.0000, Con=0.0000
2025-09-14 02:55:51,138 - INFO - Batch 2240/2278: Loss=0.0007, Cls=0.0007, Reg=0.0000, Con=0.0000
2025-09-14 02:55:52,021 - INFO - Batch 2250/2278: Loss=1.1883, Cls=0.0000, Reg=0.0000, Con=3.9609
2025-09-14 02:55:52,983 - INFO - Batch 2260/2278: Loss=1.1884, Cls=0.0001, Reg=0.0000, Con=3.9608
2025-09-14 02:55:53,932 - INFO - Batch 2270/2278: Loss=0.0214, Cls=0.0214, Reg=0.0000, Con=0.0000
2025-09-14 02:59:23,236 - INFO - === Epoch 1 Results ===
2025-09-14 02:59:23,236 - INFO - Training Loss: 0.8333 (Classification: 0.0692, Regression: 0.0000)
2025-09-14 02:59:23,236 - INFO - Validation Loss: 0.0320 (Classification: 0.0320, Regression: 0.0000)
2025-09-14 02:59:23,236 - INFO - Average Classification Accuracy: 0.9824 (on 1/26 tasks)
2025-09-14 02:59:23,236 - INFO - Average AUC: 0.8052
2025-09-14 02:59:23,777 - INFO - Best model saved to: experiments/r1c3_headft_cls_15_seed_42_20250914_025226/checkpoints/r1c3_headft_cls_15_seed_42_best.pth
2025-09-14 02:59:23,777 - INFO - 
Epoch 2/3
2025-09-14 02:59:23,875 - INFO - Batch 0/2278: Loss=0.0002, Cls=0.0002, Reg=0.0000, Con=0.0000
2025-09-14 02:59:24,794 - INFO - Batch 10/2278: Loss=1.1882, Cls=0.0001, Reg=0.0000, Con=3.9604
2025-09-14 02:59:25,740 - INFO - Batch 20/2278: Loss=1.1895, Cls=0.0012, Reg=0.0000, Con=3.9610
2025-09-14 02:59:26,678 - INFO - Batch 30/2278: Loss=1.1883, Cls=0.0000, Reg=0.0000, Con=3.9608
2025-09-14 02:59:27,591 - INFO - Batch 40/2278: Loss=1.1882, Cls=0.0000, Reg=0.0000, Con=3.9608
2025-09-14 02:59:28,523 - INFO - Batch 50/2278: Loss=0.0003, Cls=0.0003, Reg=0.0000, Con=0.0000
2025-09-14 02:59:29,391 - INFO - Batch 60/2278: Loss=0.0002, Cls=0.0002, Reg=0.0000, Con=0.0000
2025-09-14 02:59:30,279 - INFO - Batch 70/2278: Loss=1.1882, Cls=0.0000, Reg=0.0000, Con=3.9607
2025-09-14 02:59:31,174 - INFO - Batch 80/2278: Loss=1.1886, Cls=0.0003, Reg=0.0000, Con=3.9609
2025-09-14 02:59:32,080 - INFO - Batch 90/2278: Loss=0.0020, Cls=0.0020, Reg=0.0000, Con=0.0000
2025-09-14 02:59:32,988 - INFO - Batch 100/2278: Loss=1.1891, Cls=0.0008, Reg=0.0000, Con=3.9609
2025-09-14 02:59:33,894 - INFO - Batch 110/2278: Loss=1.1883, Cls=0.0000, Reg=0.0000, Con=3.9609
2025-09-14 02:59:34,797 - INFO - Batch 120/2278: Loss=0.0010, Cls=0.0010, Reg=0.0000, Con=0.0000
2025-09-14 02:59:35,700 - INFO - Batch 130/2278: Loss=1.1883, Cls=0.0001, Reg=0.0000, Con=3.9607
2025-09-14 02:59:36,601 - INFO - Batch 140/2278: Loss=1.1894, Cls=0.0011, Reg=0.0000, Con=3.9609
2025-09-14 02:59:37,502 - INFO - Batch 150/2278: Loss=1.1885, Cls=0.0002, Reg=0.0000, Con=3.9611
2025-09-14 02:59:38,412 - INFO - Batch 160/2278: Loss=1.1884, Cls=0.0002, Reg=0.0000, Con=3.9609
2025-09-14 02:59:39,305 - INFO - Batch 170/2278: Loss=0.0072, Cls=0.0072, Reg=0.0000, Con=0.0000
2025-09-14 02:59:40,204 - INFO - Batch 180/2278: Loss=1.1884, Cls=0.0001, Reg=0.0000, Con=3.9609
2025-09-14 02:59:41,093 - INFO - Batch 190/2278: Loss=0.0000, Cls=0.0000, Reg=0.0000, Con=0.0000
2025-09-14 02:59:42,000 - INFO - Batch 200/2278: Loss=1.1898, Cls=0.0016, Reg=0.0000, Con=3.9608
2025-09-14 02:59:42,887 - INFO - Batch 210/2278: Loss=1.1951, Cls=0.0068, Reg=0.0000, Con=3.9609
2025-09-14 02:59:43,780 - INFO - Batch 220/2278: Loss=0.0002, Cls=0.0002, Reg=0.0000, Con=0.0000
2025-09-14 02:59:44,681 - INFO - Batch 230/2278: Loss=0.0021, Cls=0.0021, Reg=0.0000, Con=0.0000
2025-09-14 02:59:45,604 - INFO - Batch 240/2278: Loss=0.0004, Cls=0.0004, Reg=0.0000, Con=0.0000
2025-09-14 02:59:46,505 - INFO - Batch 250/2278: Loss=0.0004, Cls=0.0004, Reg=0.0000, Con=0.0000
2025-09-14 02:59:47,385 - INFO - Batch 260/2278: Loss=0.0005, Cls=0.0005, Reg=0.0000, Con=0.0000
2025-09-14 02:59:48,281 - INFO - Batch 270/2278: Loss=1.1883, Cls=0.0000, Reg=0.0000, Con=3.9608
2025-09-14 02:59:49,177 - INFO - Batch 280/2278: Loss=1.1884, Cls=0.0001, Reg=0.0000, Con=3.9609
2025-09-14 02:59:50,064 - INFO - Batch 290/2278: Loss=1.1891, Cls=0.0008, Reg=0.0000, Con=3.9609
2025-09-14 02:59:50,973 - INFO - Batch 300/2278: Loss=3.5072, Cls=2.3190, Reg=0.0000, Con=3.9609
2025-09-14 02:59:51,885 - INFO - Batch 310/2278: Loss=1.1884, Cls=0.0002, Reg=0.0000, Con=3.9608
2025-09-14 02:59:52,819 - INFO - Batch 320/2278: Loss=0.0000, Cls=0.0000, Reg=0.0000, Con=0.0000
2025-09-14 02:59:53,762 - INFO - Batch 330/2278: Loss=1.2176, Cls=0.0293, Reg=0.0000, Con=3.9609
2025-09-14 02:59:54,655 - INFO - Batch 340/2278: Loss=1.1911, Cls=0.0028, Reg=0.0000, Con=3.9609
2025-09-14 02:59:55,553 - INFO - Batch 350/2278: Loss=1.1883, Cls=0.0000, Reg=0.0000, Con=3.9609
2025-09-14 02:59:56,464 - INFO - Batch 360/2278: Loss=1.1883, Cls=0.0000, Reg=0.0000, Con=3.9609
2025-09-14 02:59:57,350 - INFO - Batch 370/2278: Loss=1.1995, Cls=0.0112, Reg=0.0000, Con=3.9609
2025-09-14 02:59:58,231 - INFO - Batch 380/2278: Loss=1.1905, Cls=0.0022, Reg=0.0000, Con=3.9608
2025-09-14 02:59:59,134 - INFO - Batch 390/2278: Loss=1.1883, Cls=0.0000, Reg=0.0000, Con=3.9609
2025-09-14 03:00:00,072 - INFO - Batch 400/2278: Loss=0.0000, Cls=0.0000, Reg=0.0000, Con=0.0000
2025-09-14 03:00:01,014 - INFO - Batch 410/2278: Loss=1.1886, Cls=0.0003, Reg=0.0000, Con=3.9608
2025-09-14 03:00:01,953 - INFO - Batch 420/2278: Loss=0.0003, Cls=0.0003, Reg=0.0000, Con=0.0000
2025-09-14 03:00:02,892 - INFO - Batch 430/2278: Loss=0.0167, Cls=0.0167, Reg=0.0000, Con=0.0000
2025-09-14 03:00:03,779 - INFO - Batch 440/2278: Loss=1.1952, Cls=0.0070, Reg=0.0000, Con=3.9608
2025-09-14 03:00:04,684 - INFO - Batch 450/2278: Loss=1.1917, Cls=0.0035, Reg=0.0000, Con=3.9607
2025-09-14 03:00:05,597 - INFO - Batch 460/2278: Loss=0.0093, Cls=0.0093, Reg=0.0000, Con=0.0000
2025-09-14 03:00:06,541 - INFO - Batch 470/2278: Loss=1.1943, Cls=0.0060, Reg=0.0000, Con=3.9608
2025-09-14 03:00:07,429 - INFO - Batch 480/2278: Loss=0.0000, Cls=0.0000, Reg=0.0000, Con=0.0000
2025-09-14 03:00:08,328 - INFO - Batch 490/2278: Loss=1.1905, Cls=0.0022, Reg=0.0000, Con=3.9610
2025-09-14 03:00:09,213 - INFO - Batch 500/2278: Loss=1.1892, Cls=0.0010, Reg=0.0000, Con=3.9607
2025-09-14 03:00:10,112 - INFO - Batch 510/2278: Loss=1.1883, Cls=0.0001, Reg=0.0000, Con=3.9607
2025-09-14 03:00:11,031 - INFO - Batch 520/2278: Loss=1.1890, Cls=0.0007, Reg=0.0000, Con=3.9607
2025-09-14 03:00:11,919 - INFO - Batch 530/2278: Loss=1.1888, Cls=0.0006, Reg=0.0000, Con=3.9608
2025-09-14 03:00:12,793 - INFO - Batch 540/2278: Loss=1.1889, Cls=0.0006, Reg=0.0000, Con=3.9610
2025-09-14 03:00:13,663 - INFO - Batch 550/2278: Loss=1.1892, Cls=0.0010, Reg=0.0000, Con=3.9607
2025-09-14 03:00:14,559 - INFO - Batch 560/2278: Loss=0.0004, Cls=0.0004, Reg=0.0000, Con=0.0000
2025-09-14 03:00:15,463 - INFO - Batch 570/2278: Loss=1.1882, Cls=0.0000, Reg=0.0000, Con=3.9608
2025-09-14 03:00:16,371 - INFO - Batch 580/2278: Loss=1.8388, Cls=1.8388, Reg=0.0000, Con=0.0000
2025-09-14 03:00:17,259 - INFO - Batch 590/2278: Loss=1.1885, Cls=0.0002, Reg=0.0000, Con=3.9608
2025-09-14 03:00:18,142 - INFO - Batch 600/2278: Loss=0.0000, Cls=0.0000, Reg=0.0000, Con=0.0000
2025-09-14 03:00:19,032 - INFO - Batch 610/2278: Loss=1.1883, Cls=0.0001, Reg=0.0000, Con=3.9608
2025-09-14 03:00:19,912 - INFO - Batch 620/2278: Loss=1.1883, Cls=0.0000, Reg=0.0000, Con=3.9608
2025-09-14 03:00:20,779 - INFO - Batch 630/2278: Loss=1.2962, Cls=1.2962, Reg=0.0000, Con=0.0000
2025-09-14 03:00:21,700 - INFO - Batch 640/2278: Loss=0.0005, Cls=0.0005, Reg=0.0000, Con=0.0000
2025-09-14 03:00:22,592 - INFO - Batch 650/2278: Loss=0.0000, Cls=0.0000, Reg=0.0000, Con=0.0000
2025-09-14 03:00:23,477 - INFO - Batch 660/2278: Loss=1.1888, Cls=0.0006, Reg=0.0000, Con=3.9607
2025-09-14 03:00:24,396 - INFO - Batch 670/2278: Loss=1.1899, Cls=0.0016, Reg=0.0000, Con=3.9609
2025-09-14 03:00:25,297 - INFO - Batch 680/2278: Loss=1.1943, Cls=0.0060, Reg=0.0000, Con=3.9608
2025-09-14 03:00:26,191 - INFO - Batch 690/2278: Loss=1.1885, Cls=0.0001, Reg=0.0000, Con=3.9613
2025-09-14 03:00:27,109 - INFO - Batch 700/2278: Loss=0.0001, Cls=0.0001, Reg=0.0000, Con=0.0000
2025-09-14 03:00:27,990 - INFO - Batch 710/2278: Loss=1.1920, Cls=0.0037, Reg=0.0000, Con=3.9610
2025-09-14 03:00:28,864 - INFO - Batch 720/2278: Loss=1.1884, Cls=0.0001, Reg=0.0000, Con=3.9609
2025-09-14 03:00:29,759 - INFO - Batch 730/2278: Loss=1.1908, Cls=0.0024, Reg=0.0000, Con=3.9612
2025-09-14 03:00:30,636 - INFO - Batch 740/2278: Loss=1.1885, Cls=0.0001, Reg=0.0000, Con=3.9610
2025-09-14 03:00:31,524 - INFO - Batch 750/2278: Loss=0.0001, Cls=0.0001, Reg=0.0000, Con=0.0000
2025-09-14 03:00:32,423 - INFO - Batch 760/2278: Loss=0.0003, Cls=0.0003, Reg=0.0000, Con=0.0000
2025-09-14 03:00:33,325 - INFO - Batch 770/2278: Loss=1.1887, Cls=0.0005, Reg=0.0000, Con=3.9608
2025-09-14 03:00:34,234 - INFO - Batch 780/2278: Loss=0.0002, Cls=0.0002, Reg=0.0000, Con=0.0000
2025-09-14 03:00:35,120 - INFO - Batch 790/2278: Loss=1.1884, Cls=0.0001, Reg=0.0000, Con=3.9609
2025-09-14 03:00:36,029 - INFO - Batch 800/2278: Loss=0.0000, Cls=0.0000, Reg=0.0000, Con=0.0000
2025-09-14 03:00:36,930 - INFO - Batch 810/2278: Loss=0.0119, Cls=0.0119, Reg=0.0000, Con=0.0000
2025-09-14 03:00:37,818 - INFO - Batch 820/2278: Loss=1.1897, Cls=0.0014, Reg=0.0000, Con=3.9608
2025-09-14 03:00:38,728 - INFO - Batch 830/2278: Loss=1.1882, Cls=0.0000, Reg=0.0000, Con=3.9607
2025-09-14 03:00:39,642 - INFO - Batch 840/2278: Loss=1.1883, Cls=0.0001, Reg=0.0000, Con=3.9608
2025-09-14 03:00:40,548 - INFO - Batch 850/2278: Loss=0.0002, Cls=0.0002, Reg=0.0000, Con=0.0000
2025-09-14 03:00:41,563 - INFO - Batch 860/2278: Loss=1.1886, Cls=0.0004, Reg=0.0000, Con=3.9608
2025-09-14 03:00:42,484 - INFO - Batch 870/2278: Loss=0.0001, Cls=0.0001, Reg=0.0000, Con=0.0000
2025-09-14 03:00:43,396 - INFO - Batch 880/2278: Loss=0.0003, Cls=0.0003, Reg=0.0000, Con=0.0000
2025-09-14 03:00:44,349 - INFO - Batch 890/2278: Loss=1.1900, Cls=0.0017, Reg=0.0000, Con=3.9609
2025-09-14 03:00:45,311 - INFO - Batch 900/2278: Loss=0.0000, Cls=0.0000, Reg=0.0000, Con=0.0000
2025-09-14 03:00:46,220 - INFO - Batch 910/2278: Loss=0.0007, Cls=0.0007, Reg=0.0000, Con=0.0000
2025-09-14 03:00:47,123 - INFO - Batch 920/2278: Loss=1.1883, Cls=0.0000, Reg=0.0000, Con=3.9611
2025-09-14 03:00:48,014 - INFO - Batch 930/2278: Loss=1.1883, Cls=0.0000, Reg=0.0000, Con=3.9609
2025-09-14 03:00:48,909 - INFO - Batch 940/2278: Loss=0.0002, Cls=0.0002, Reg=0.0000, Con=0.0000
2025-09-14 03:00:49,805 - INFO - Batch 950/2278: Loss=0.0145, Cls=0.0145, Reg=0.0000, Con=0.0000
2025-09-14 03:00:50,763 - INFO - Batch 960/2278: Loss=0.0000, Cls=0.0000, Reg=0.0000, Con=0.0000
2025-09-14 03:00:51,735 - INFO - Batch 970/2278: Loss=0.0029, Cls=0.0029, Reg=0.0000, Con=0.0000
2025-09-14 03:00:52,624 - INFO - Batch 980/2278: Loss=1.2040, Cls=0.0157, Reg=0.0000, Con=3.9609
2025-09-14 03:00:53,519 - INFO - Batch 990/2278: Loss=1.1882, Cls=0.0000, Reg=0.0000, Con=3.9606
2025-09-14 03:00:54,420 - INFO - Batch 1000/2278: Loss=1.1884, Cls=0.0002, Reg=0.0000, Con=3.9609
2025-09-14 03:00:55,313 - INFO - Batch 1010/2278: Loss=1.1883, Cls=0.0000, Reg=0.0000, Con=3.9609
2025-09-14 03:00:56,209 - INFO - Batch 1020/2278: Loss=1.1885, Cls=0.0001, Reg=0.0000, Con=3.9615
2025-09-14 03:00:57,111 - INFO - Batch 1030/2278: Loss=1.1884, Cls=0.0002, Reg=0.0000, Con=3.9608
2025-09-14 03:00:58,014 - INFO - Batch 1040/2278: Loss=6.3907, Cls=5.2024, Reg=0.0000, Con=3.9608
2025-09-14 03:00:58,927 - INFO - Batch 1050/2278: Loss=1.1890, Cls=0.0007, Reg=0.0000, Con=3.9611
2025-09-14 03:00:59,809 - INFO - Batch 1060/2278: Loss=1.1883, Cls=0.0000, Reg=0.0000, Con=3.9612
2025-09-14 03:01:00,696 - INFO - Batch 1070/2278: Loss=1.1883, Cls=0.0000, Reg=0.0000, Con=3.9609
2025-09-14 03:01:01,584 - INFO - Batch 1080/2278: Loss=1.1890, Cls=0.0007, Reg=0.0000, Con=3.9609
2025-09-14 03:01:02,652 - INFO - Batch 1090/2278: Loss=1.1887, Cls=0.0004, Reg=0.0000, Con=3.9608
2025-09-14 03:01:03,616 - INFO - Batch 1100/2278: Loss=1.1883, Cls=0.0000, Reg=0.0000, Con=3.9608
2025-09-14 03:01:04,529 - INFO - Batch 1110/2278: Loss=1.2281, Cls=0.0399, Reg=0.0000, Con=3.9608
2025-09-14 03:01:05,446 - INFO - Batch 1120/2278: Loss=1.1884, Cls=0.0002, Reg=0.0000, Con=3.9608
2025-09-14 03:01:06,353 - INFO - Batch 1130/2278: Loss=0.0001, Cls=0.0001, Reg=0.0000, Con=0.0000
2025-09-14 03:01:07,263 - INFO - Batch 1140/2278: Loss=0.0001, Cls=0.0001, Reg=0.0000, Con=0.0000
2025-09-14 03:01:08,225 - INFO - Batch 1150/2278: Loss=1.2070, Cls=0.0188, Reg=0.0000, Con=3.9609
2025-09-14 03:01:09,104 - INFO - Batch 1160/2278: Loss=1.1882, Cls=0.0000, Reg=0.0000, Con=3.9607
2025-09-14 03:01:10,023 - INFO - Batch 1170/2278: Loss=0.0001, Cls=0.0001, Reg=0.0000, Con=0.0000
2025-09-14 03:01:10,935 - INFO - Batch 1180/2278: Loss=1.1883, Cls=0.0001, Reg=0.0000, Con=3.9609
2025-09-14 03:01:11,865 - INFO - Batch 1190/2278: Loss=1.1902, Cls=0.0019, Reg=0.0000, Con=3.9610
2025-09-14 03:01:12,779 - INFO - Batch 1200/2278: Loss=1.1883, Cls=0.0000, Reg=0.0000, Con=3.9609
2025-09-14 03:01:13,697 - INFO - Batch 1210/2278: Loss=1.1883, Cls=0.0001, Reg=0.0000, Con=3.9608
2025-09-14 03:01:14,617 - INFO - Batch 1220/2278: Loss=0.0011, Cls=0.0011, Reg=0.0000, Con=0.0000
2025-09-14 03:01:15,536 - INFO - Batch 1230/2278: Loss=1.1884, Cls=0.0001, Reg=0.0000, Con=3.9609
2025-09-14 03:01:16,428 - INFO - Batch 1240/2278: Loss=1.1883, Cls=0.0000, Reg=0.0000, Con=3.9609
2025-09-14 03:01:17,314 - INFO - Batch 1250/2278: Loss=0.0000, Cls=0.0000, Reg=0.0000, Con=0.0000
2025-09-14 03:01:18,210 - INFO - Batch 1260/2278: Loss=1.1882, Cls=0.0000, Reg=0.0000, Con=3.9607
2025-09-14 03:01:19,092 - INFO - Batch 1270/2278: Loss=0.0000, Cls=0.0000, Reg=0.0000, Con=0.0000
2025-09-14 03:01:19,988 - INFO - Batch 1280/2278: Loss=1.1940, Cls=0.0057, Reg=0.0000, Con=3.9608
2025-09-14 03:01:20,920 - INFO - Batch 1290/2278: Loss=1.1883, Cls=0.0000, Reg=0.0000, Con=3.9610
2025-09-14 03:01:21,831 - INFO - Batch 1300/2278: Loss=1.1924, Cls=0.0041, Reg=0.0000, Con=3.9610
2025-09-14 03:01:22,731 - INFO - Batch 1310/2278: Loss=0.0000, Cls=0.0000, Reg=0.0000, Con=0.0000
2025-09-14 03:01:23,627 - INFO - Batch 1320/2278: Loss=1.1884, Cls=0.0001, Reg=0.0000, Con=3.9609
2025-09-14 03:01:24,533 - INFO - Batch 1330/2278: Loss=1.1883, Cls=0.0000, Reg=0.0000, Con=3.9609
2025-09-14 03:01:25,448 - INFO - Batch 1340/2278: Loss=0.0000, Cls=0.0000, Reg=0.0000, Con=0.0000
2025-09-14 03:01:26,364 - INFO - Batch 1350/2278: Loss=0.0000, Cls=0.0000, Reg=0.0000, Con=0.0000
2025-09-14 03:01:27,277 - INFO - Batch 1360/2278: Loss=1.1905, Cls=0.0022, Reg=0.0000, Con=3.9608
2025-09-14 03:01:28,188 - INFO - Batch 1370/2278: Loss=1.4695, Cls=0.2812, Reg=0.0000, Con=3.9608
2025-09-14 03:01:29,094 - INFO - Batch 1380/2278: Loss=1.1883, Cls=0.0000, Reg=0.0000, Con=3.9609
2025-09-14 03:01:29,986 - INFO - Batch 1390/2278: Loss=1.1883, Cls=0.0000, Reg=0.0000, Con=3.9608
2025-09-14 03:01:30,905 - INFO - Batch 1400/2278: Loss=0.0000, Cls=0.0000, Reg=0.0000, Con=0.0000
2025-09-14 03:01:31,871 - INFO - Batch 1410/2278: Loss=1.1899, Cls=0.0017, Reg=0.0000, Con=3.9608
2025-09-14 03:01:32,792 - INFO - Batch 1420/2278: Loss=0.0000, Cls=0.0000, Reg=0.0000, Con=0.0000
2025-09-14 03:01:33,713 - INFO - Batch 1430/2278: Loss=0.0000, Cls=0.0000, Reg=0.0000, Con=0.0000
2025-09-14 03:01:34,595 - INFO - Batch 1440/2278: Loss=1.1886, Cls=0.0002, Reg=0.0000, Con=3.9613
2025-09-14 03:01:35,482 - INFO - Batch 1450/2278: Loss=0.0000, Cls=0.0000, Reg=0.0000, Con=0.0000
2025-09-14 03:01:36,397 - INFO - Batch 1460/2278: Loss=1.1887, Cls=0.0004, Reg=0.0000, Con=3.9609
2025-09-14 03:01:37,297 - INFO - Batch 1470/2278: Loss=1.1898, Cls=0.0015, Reg=0.0000, Con=3.9608
2025-09-14 03:01:38,209 - INFO - Batch 1480/2278: Loss=0.0000, Cls=0.0000, Reg=0.0000, Con=0.0000
2025-09-14 03:01:39,245 - INFO - Batch 1490/2278: Loss=0.0725, Cls=0.0725, Reg=0.0000, Con=0.0000
2025-09-14 03:01:40,199 - INFO - Batch 1500/2278: Loss=0.0002, Cls=0.0002, Reg=0.0000, Con=0.0000
2025-09-14 03:01:41,095 - INFO - Batch 1510/2278: Loss=1.1887, Cls=0.0004, Reg=0.0000, Con=3.9608
2025-09-14 03:01:42,003 - INFO - Batch 1520/2278: Loss=1.1957, Cls=0.0074, Reg=0.0000, Con=3.9608
2025-09-14 03:01:42,929 - INFO - Batch 1530/2278: Loss=1.1883, Cls=0.0000, Reg=0.0000, Con=3.9609
2025-09-14 03:01:43,842 - INFO - Batch 1540/2278: Loss=0.0000, Cls=0.0000, Reg=0.0000, Con=0.0000
2025-09-14 03:01:44,743 - INFO - Batch 1550/2278: Loss=1.1883, Cls=0.0000, Reg=0.0000, Con=3.9609
2025-09-14 03:01:45,729 - INFO - Batch 1560/2278: Loss=1.1895, Cls=0.0012, Reg=0.0000, Con=3.9608
2025-09-14 03:01:46,634 - INFO - Batch 1570/2278: Loss=1.1896, Cls=0.0014, Reg=0.0000, Con=3.9609
2025-09-14 03:01:47,539 - INFO - Batch 1580/2278: Loss=0.0031, Cls=0.0031, Reg=0.0000, Con=0.0000
2025-09-14 03:01:48,450 - INFO - Batch 1590/2278: Loss=0.0004, Cls=0.0004, Reg=0.0000, Con=0.0000
2025-09-14 03:01:49,363 - INFO - Batch 1600/2278: Loss=1.1883, Cls=0.0000, Reg=0.0000, Con=3.9609
2025-09-14 03:01:50,296 - INFO - Batch 1610/2278: Loss=0.0000, Cls=0.0000, Reg=0.0000, Con=0.0000
2025-09-14 03:01:51,233 - INFO - Batch 1620/2278: Loss=1.1884, Cls=0.0002, Reg=0.0000, Con=3.9609
2025-09-14 03:01:52,103 - INFO - Batch 1630/2278: Loss=0.0000, Cls=0.0000, Reg=0.0000, Con=0.0000
2025-09-14 03:01:53,010 - INFO - Batch 1640/2278: Loss=1.1883, Cls=0.0000, Reg=0.0000, Con=3.9609
2025-09-14 03:01:53,908 - INFO - Batch 1650/2278: Loss=0.0000, Cls=0.0000, Reg=0.0000, Con=0.0000
2025-09-14 03:01:54,801 - INFO - Batch 1660/2278: Loss=1.1882, Cls=0.0000, Reg=0.0000, Con=3.9607
2025-09-14 03:01:55,711 - INFO - Batch 1670/2278: Loss=1.1883, Cls=0.0001, Reg=0.0000, Con=3.9608
2025-09-14 03:01:56,606 - INFO - Batch 1680/2278: Loss=1.1887, Cls=0.0002, Reg=0.0000, Con=3.9615
2025-09-14 03:01:57,531 - INFO - Batch 1690/2278: Loss=0.0010, Cls=0.0010, Reg=0.0000, Con=0.0000
2025-09-14 03:01:58,428 - INFO - Batch 1700/2278: Loss=1.1882, Cls=0.0000, Reg=0.0000, Con=3.9608
2025-09-14 03:01:59,314 - INFO - Batch 1710/2278: Loss=1.1883, Cls=0.0000, Reg=0.0000, Con=3.9612
2025-09-14 03:02:00,211 - INFO - Batch 1720/2278: Loss=4.6268, Cls=3.4386, Reg=0.0000, Con=3.9610
2025-09-14 03:02:01,123 - INFO - Batch 1730/2278: Loss=1.1894, Cls=0.0011, Reg=0.0000, Con=3.9609
2025-09-14 03:02:02,004 - INFO - Batch 1740/2278: Loss=1.1883, Cls=0.0000, Reg=0.0000, Con=3.9610
2025-09-14 03:02:02,948 - INFO - Batch 1750/2278: Loss=1.1884, Cls=0.0001, Reg=0.0000, Con=3.9609
2025-09-14 03:02:03,911 - INFO - Batch 1760/2278: Loss=1.1883, Cls=0.0001, Reg=0.0000, Con=3.9608
2025-09-14 03:02:04,841 - INFO - Batch 1770/2278: Loss=4.6765, Cls=3.4882, Reg=0.0000, Con=3.9610
2025-09-14 03:02:05,738 - INFO - Batch 1780/2278: Loss=1.1898, Cls=0.0015, Reg=0.0000, Con=3.9609
2025-09-14 03:02:06,634 - INFO - Batch 1790/2278: Loss=1.1883, Cls=0.0000, Reg=0.0000, Con=3.9608
2025-09-14 03:02:07,520 - INFO - Batch 1800/2278: Loss=1.1895, Cls=0.0013, Reg=0.0000, Con=3.9609
2025-09-14 03:02:08,391 - INFO - Batch 1810/2278: Loss=1.1883, Cls=0.0000, Reg=0.0000, Con=3.9610
2025-09-14 03:02:09,280 - INFO - Batch 1820/2278: Loss=1.1883, Cls=0.0000, Reg=0.0000, Con=3.9608
2025-09-14 03:02:10,171 - INFO - Batch 1830/2278: Loss=1.1885, Cls=0.0000, Reg=0.0000, Con=3.9615
2025-09-14 03:02:11,088 - INFO - Batch 1840/2278: Loss=1.1883, Cls=0.0000, Reg=0.0000, Con=3.9609
2025-09-14 03:02:11,993 - INFO - Batch 1850/2278: Loss=2.7881, Cls=1.5998, Reg=0.0000, Con=3.9608
2025-09-14 03:02:12,900 - INFO - Batch 1860/2278: Loss=0.0020, Cls=0.0020, Reg=0.0000, Con=0.0000
2025-09-14 03:02:13,804 - INFO - Batch 1870/2278: Loss=0.0122, Cls=0.0122, Reg=0.0000, Con=0.0000
2025-09-14 03:02:14,699 - INFO - Batch 1880/2278: Loss=1.1985, Cls=0.0102, Reg=0.0000, Con=3.9610
2025-09-14 03:02:15,616 - INFO - Batch 1890/2278: Loss=0.0008, Cls=0.0008, Reg=0.0000, Con=0.0000
2025-09-14 03:02:16,606 - INFO - Batch 1900/2278: Loss=1.1884, Cls=0.0001, Reg=0.0000, Con=3.9607
2025-09-14 03:02:17,599 - INFO - Batch 1910/2278: Loss=1.1885, Cls=0.0003, Reg=0.0000, Con=3.9607
2025-09-14 03:02:18,603 - INFO - Batch 1920/2278: Loss=1.1916, Cls=0.0033, Reg=0.0000, Con=3.9608
2025-09-14 03:02:19,548 - INFO - Batch 1930/2278: Loss=0.0002, Cls=0.0002, Reg=0.0000, Con=0.0000
2025-09-14 03:02:20,533 - INFO - Batch 1940/2278: Loss=1.2675, Cls=0.0793, Reg=0.0000, Con=3.9607
2025-09-14 03:02:21,488 - INFO - Batch 1950/2278: Loss=1.1887, Cls=0.0005, Reg=0.0000, Con=3.9609
2025-09-14 03:02:22,516 - INFO - Batch 1960/2278: Loss=1.1889, Cls=0.0006, Reg=0.0000, Con=3.9609
2025-09-14 03:02:23,490 - INFO - Batch 1970/2278: Loss=1.1892, Cls=0.0010, Reg=0.0000, Con=3.9606
2025-09-14 03:02:24,475 - INFO - Batch 1980/2278: Loss=1.1885, Cls=0.0003, Reg=0.0000, Con=3.9608
2025-09-14 03:02:25,443 - INFO - Batch 1990/2278: Loss=0.0008, Cls=0.0008, Reg=0.0000, Con=0.0000
2025-09-14 03:02:26,424 - INFO - Batch 2000/2278: Loss=1.2278, Cls=0.0396, Reg=0.0000, Con=3.9607
2025-09-14 03:02:27,367 - INFO - Batch 2010/2278: Loss=1.1905, Cls=0.0023, Reg=0.0000, Con=3.9608
2025-09-14 03:02:28,260 - INFO - Batch 2020/2278: Loss=0.0001, Cls=0.0001, Reg=0.0000, Con=0.0000
2025-09-14 03:02:29,189 - INFO - Batch 2030/2278: Loss=1.5310, Cls=0.3427, Reg=0.0000, Con=3.9610
2025-09-14 03:02:30,198 - INFO - Batch 2040/2278: Loss=1.1882, Cls=0.0000, Reg=0.0000, Con=3.9608
2025-09-14 03:02:31,199 - INFO - Batch 2050/2278: Loss=0.0001, Cls=0.0001, Reg=0.0000, Con=0.0000
2025-09-14 03:02:32,133 - INFO - Batch 2060/2278: Loss=1.1886, Cls=0.0001, Reg=0.0000, Con=3.9615
2025-09-14 03:02:33,111 - INFO - Batch 2070/2278: Loss=1.1884, Cls=0.0001, Reg=0.0000, Con=3.9608
2025-09-14 03:02:34,040 - INFO - Batch 2080/2278: Loss=0.3881, Cls=0.3881, Reg=0.0000, Con=0.0000
2025-09-14 03:02:35,025 - INFO - Batch 2090/2278: Loss=1.1884, Cls=0.0001, Reg=0.0000, Con=3.9608
2025-09-14 03:02:35,992 - INFO - Batch 2100/2278: Loss=0.0009, Cls=0.0009, Reg=0.0000, Con=0.0000
2025-09-14 03:02:36,953 - INFO - Batch 2110/2278: Loss=0.0001, Cls=0.0001, Reg=0.0000, Con=0.0000
2025-09-14 03:02:37,907 - INFO - Batch 2120/2278: Loss=1.1886, Cls=0.0003, Reg=0.0000, Con=3.9609
2025-09-14 03:02:38,887 - INFO - Batch 2130/2278: Loss=1.1903, Cls=0.0021, Reg=0.0000, Con=3.9608
2025-09-14 03:02:39,865 - INFO - Batch 2140/2278: Loss=0.0011, Cls=0.0011, Reg=0.0000, Con=0.0000
2025-09-14 03:02:40,814 - INFO - Batch 2150/2278: Loss=1.1915, Cls=0.0032, Reg=0.0000, Con=3.9610
2025-09-14 03:02:41,745 - INFO - Batch 2160/2278: Loss=1.1974, Cls=0.0092, Reg=0.0000, Con=3.9608
2025-09-14 03:02:42,688 - INFO - Batch 2170/2278: Loss=1.1886, Cls=0.0004, Reg=0.0000, Con=3.9608
2025-09-14 03:02:43,662 - INFO - Batch 2180/2278: Loss=1.1887, Cls=0.0004, Reg=0.0000, Con=3.9608
2025-09-14 03:02:44,632 - INFO - Batch 2190/2278: Loss=1.1890, Cls=0.0007, Reg=0.0000, Con=3.9610
2025-09-14 03:02:45,547 - INFO - Batch 2200/2278: Loss=1.1883, Cls=0.0000, Reg=0.0000, Con=3.9608
2025-09-14 03:02:46,453 - INFO - Batch 2210/2278: Loss=1.1884, Cls=0.0000, Reg=0.0000, Con=3.9613
2025-09-14 03:02:47,364 - INFO - Batch 2220/2278: Loss=0.0003, Cls=0.0003, Reg=0.0000, Con=0.0000
2025-09-14 03:02:48,334 - INFO - Batch 2230/2278: Loss=0.0001, Cls=0.0001, Reg=0.0000, Con=0.0000
2025-09-14 03:02:49,337 - INFO - Batch 2240/2278: Loss=1.1889, Cls=0.0007, Reg=0.0000, Con=3.9608
2025-09-14 03:02:50,264 - INFO - Batch 2250/2278: Loss=0.0001, Cls=0.0001, Reg=0.0000, Con=0.0000
2025-09-14 03:02:51,218 - INFO - Batch 2260/2278: Loss=1.1883, Cls=0.0000, Reg=0.0000, Con=3.9609
2025-09-14 03:02:52,140 - INFO - Batch 2270/2278: Loss=1.1882, Cls=0.0000, Reg=0.0000, Con=3.9606
2025-09-14 03:06:22,472 - INFO - === Epoch 2 Results ===
2025-09-14 03:06:22,473 - INFO - Training Loss: 0.8509 (Classification: 0.0716, Regression: 0.0000)
2025-09-14 03:06:22,473 - INFO - Validation Loss: 0.0291 (Classification: 0.0291, Regression: 0.0000)
2025-09-14 03:06:22,473 - INFO - Average Classification Accuracy: 0.9824 (on 1/26 tasks)
2025-09-14 03:06:22,473 - INFO - Average AUC: 0.8188
2025-09-14 03:06:25,298 - INFO - Best model saved to: experiments/r1c3_headft_cls_15_seed_42_20250914_025226/checkpoints/r1c3_headft_cls_15_seed_42_best.pth
2025-09-14 03:06:25,298 - INFO - 
Epoch 3/3
2025-09-14 03:06:25,439 - INFO - Batch 0/2278: Loss=1.1883, Cls=0.0001, Reg=0.0000, Con=3.9608
2025-09-14 03:06:26,391 - INFO - Batch 10/2278: Loss=1.1886, Cls=0.0003, Reg=0.0000, Con=3.9611
2025-09-14 03:06:27,326 - INFO - Batch 20/2278: Loss=1.1884, Cls=0.0001, Reg=0.0000, Con=3.9608
2025-09-14 03:06:28,368 - INFO - Batch 30/2278: Loss=0.0000, Cls=0.0000, Reg=0.0000, Con=0.0000
2025-09-14 03:06:29,283 - INFO - Batch 40/2278: Loss=1.1883, Cls=0.0000, Reg=0.0000, Con=3.9608
2025-09-14 03:06:30,193 - INFO - Batch 50/2278: Loss=1.1883, Cls=0.0000, Reg=0.0000, Con=3.9609
2025-09-14 03:06:31,114 - INFO - Batch 60/2278: Loss=1.1887, Cls=0.0005, Reg=0.0000, Con=3.9607
2025-09-14 03:06:32,028 - INFO - Batch 70/2278: Loss=1.1882, Cls=0.0000, Reg=0.0000, Con=3.9608
2025-09-14 03:06:32,919 - INFO - Batch 80/2278: Loss=0.0002, Cls=0.0002, Reg=0.0000, Con=0.0000
2025-09-14 03:06:33,837 - INFO - Batch 90/2278: Loss=1.1894, Cls=0.0011, Reg=0.0000, Con=3.9609
2025-09-14 03:06:34,733 - INFO - Batch 100/2278: Loss=1.1883, Cls=0.0001, Reg=0.0000, Con=3.9607
2025-09-14 03:06:35,657 - INFO - Batch 110/2278: Loss=1.1889, Cls=0.0003, Reg=0.0000, Con=3.9618
2025-09-14 03:06:36,549 - INFO - Batch 120/2278: Loss=1.1884, Cls=0.0001, Reg=0.0000, Con=3.9609
2025-09-14 03:06:37,452 - INFO - Batch 130/2278: Loss=1.1883, Cls=0.0001, Reg=0.0000, Con=3.9607
2025-09-14 03:06:38,368 - INFO - Batch 140/2278: Loss=0.0000, Cls=0.0000, Reg=0.0000, Con=0.0000
2025-09-14 03:06:39,261 - INFO - Batch 150/2278: Loss=1.1883, Cls=0.0001, Reg=0.0000, Con=3.9608
2025-09-14 03:06:40,172 - INFO - Batch 160/2278: Loss=0.0001, Cls=0.0001, Reg=0.0000, Con=0.0000
2025-09-14 03:06:41,059 - INFO - Batch 170/2278: Loss=1.1885, Cls=0.0002, Reg=0.0000, Con=3.9609
2025-09-14 03:06:41,947 - INFO - Batch 180/2278: Loss=1.1883, Cls=0.0000, Reg=0.0000, Con=3.9611
2025-09-14 03:06:42,834 - INFO - Batch 190/2278: Loss=1.1884, Cls=0.0002, Reg=0.0000, Con=3.9607
2025-09-14 03:06:43,730 - INFO - Batch 200/2278: Loss=0.0005, Cls=0.0005, Reg=0.0000, Con=0.0000
2025-09-14 03:06:44,635 - INFO - Batch 210/2278: Loss=1.1914, Cls=0.0030, Reg=0.0000, Con=3.9612
2025-09-14 03:06:45,547 - INFO - Batch 220/2278: Loss=1.1887, Cls=0.0005, Reg=0.0000, Con=3.9608
2025-09-14 03:06:46,455 - INFO - Batch 230/2278: Loss=1.2115, Cls=0.0232, Reg=0.0000, Con=3.9611
2025-09-14 03:06:47,356 - INFO - Batch 240/2278: Loss=1.1916, Cls=0.0034, Reg=0.0000, Con=3.9607
2025-09-14 03:06:48,270 - INFO - Batch 250/2278: Loss=1.1883, Cls=0.0000, Reg=0.0000, Con=3.9609
2025-09-14 03:06:49,191 - INFO - Batch 260/2278: Loss=1.1886, Cls=0.0004, Reg=0.0000, Con=3.9608
2025-09-14 03:06:50,112 - INFO - Batch 270/2278: Loss=1.1884, Cls=0.0002, Reg=0.0000, Con=3.9607
2025-09-14 03:06:51,002 - INFO - Batch 280/2278: Loss=1.1886, Cls=0.0003, Reg=0.0000, Con=3.9608
2025-09-14 03:06:51,905 - INFO - Batch 290/2278: Loss=1.1889, Cls=0.0006, Reg=0.0000, Con=3.9608
2025-09-14 03:06:52,788 - INFO - Batch 300/2278: Loss=1.1882, Cls=0.0000, Reg=0.0000, Con=3.9607
2025-09-14 03:06:53,695 - INFO - Batch 310/2278: Loss=1.3048, Cls=0.1165, Reg=0.0000, Con=3.9610
2025-09-14 03:06:54,588 - INFO - Batch 320/2278: Loss=1.1884, Cls=0.0000, Reg=0.0000, Con=3.9612
2025-09-14 03:06:55,455 - INFO - Batch 330/2278: Loss=0.0051, Cls=0.0051, Reg=0.0000, Con=0.0000
2025-09-14 03:06:56,350 - INFO - Batch 340/2278: Loss=0.0002, Cls=0.0002, Reg=0.0000, Con=0.0000
2025-09-14 03:06:57,246 - INFO - Batch 350/2278: Loss=1.1887, Cls=0.0003, Reg=0.0000, Con=3.9612
2025-09-14 03:06:58,150 - INFO - Batch 360/2278: Loss=1.1885, Cls=0.0001, Reg=0.0000, Con=3.9611
2025-09-14 03:06:59,043 - INFO - Batch 370/2278: Loss=1.1884, Cls=0.0002, Reg=0.0000, Con=3.9608
2025-09-14 03:06:59,972 - INFO - Batch 380/2278: Loss=1.1993, Cls=0.0110, Reg=0.0000, Con=3.9608
2025-09-14 03:07:00,908 - INFO - Batch 390/2278: Loss=1.1884, Cls=0.0001, Reg=0.0000, Con=3.9609
2025-09-14 03:07:01,860 - INFO - Batch 400/2278: Loss=0.0006, Cls=0.0006, Reg=0.0000, Con=0.0000
2025-09-14 03:07:02,770 - INFO - Batch 410/2278: Loss=1.1883, Cls=0.0000, Reg=0.0000, Con=3.9609
2025-09-14 03:07:03,660 - INFO - Batch 420/2278: Loss=1.1883, Cls=0.0000, Reg=0.0000, Con=3.9609
2025-09-14 03:07:04,572 - INFO - Batch 430/2278: Loss=1.1912, Cls=0.0028, Reg=0.0000, Con=3.9614
2025-09-14 03:07:05,477 - INFO - Batch 440/2278: Loss=0.0004, Cls=0.0004, Reg=0.0000, Con=0.0000
2025-09-14 03:07:06,394 - INFO - Batch 450/2278: Loss=1.1883, Cls=0.0000, Reg=0.0000, Con=3.9608
2025-09-14 03:07:07,285 - INFO - Batch 460/2278: Loss=0.0000, Cls=0.0000, Reg=0.0000, Con=0.0000
2025-09-14 03:07:08,175 - INFO - Batch 470/2278: Loss=0.0000, Cls=0.0000, Reg=0.0000, Con=0.0000
2025-09-14 03:07:09,088 - INFO - Batch 480/2278: Loss=1.1883, Cls=0.0000, Reg=0.0000, Con=3.9609
2025-09-14 03:07:10,158 - INFO - Batch 490/2278: Loss=0.0003, Cls=0.0003, Reg=0.0000, Con=0.0000
2025-09-14 03:07:11,061 - INFO - Batch 500/2278: Loss=0.0001, Cls=0.0001, Reg=0.0000, Con=0.0000
2025-09-14 03:07:12,004 - INFO - Batch 510/2278: Loss=1.1883, Cls=0.0000, Reg=0.0000, Con=3.9608
2025-09-14 03:07:12,946 - INFO - Batch 520/2278: Loss=0.0000, Cls=0.0000, Reg=0.0000, Con=0.0000
2025-09-14 03:07:13,887 - INFO - Batch 530/2278: Loss=1.1884, Cls=0.0002, Reg=0.0000, Con=3.9608
2025-09-14 03:07:14,810 - INFO - Batch 540/2278: Loss=1.1887, Cls=0.0005, Reg=0.0000, Con=3.9609
2025-09-14 03:07:15,751 - INFO - Batch 550/2278: Loss=0.0001, Cls=0.0001, Reg=0.0000, Con=0.0000
2025-09-14 03:07:16,687 - INFO - Batch 560/2278: Loss=1.1887, Cls=0.0004, Reg=0.0000, Con=3.9609
2025-09-14 03:07:17,624 - INFO - Batch 570/2278: Loss=1.1882, Cls=0.0000, Reg=0.0000, Con=3.9608
2025-09-14 03:07:18,565 - INFO - Batch 580/2278: Loss=0.0591, Cls=0.0591, Reg=0.0000, Con=0.0000
2025-09-14 03:07:19,456 - INFO - Batch 590/2278: Loss=1.1957, Cls=0.0074, Reg=0.0000, Con=3.9608
2025-09-14 03:07:20,364 - INFO - Batch 600/2278: Loss=0.0000, Cls=0.0000, Reg=0.0000, Con=0.0000
2025-09-14 03:07:21,243 - INFO - Batch 610/2278: Loss=0.0012, Cls=0.0012, Reg=0.0000, Con=0.0000
2025-09-14 03:07:22,160 - INFO - Batch 620/2278: Loss=1.1882, Cls=0.0000, Reg=0.0000, Con=3.9608
2025-09-14 03:07:23,038 - INFO - Batch 630/2278: Loss=1.1883, Cls=0.0000, Reg=0.0000, Con=3.9611
2025-09-14 03:07:23,975 - INFO - Batch 640/2278: Loss=1.1887, Cls=0.0005, Reg=0.0000, Con=3.9607
2025-09-14 03:07:24,870 - INFO - Batch 650/2278: Loss=1.1967, Cls=0.0085, Reg=0.0000, Con=3.9608
2025-09-14 03:07:25,798 - INFO - Batch 660/2278: Loss=0.0064, Cls=0.0064, Reg=0.0000, Con=0.0000
2025-09-14 03:07:26,708 - INFO - Batch 670/2278: Loss=1.1883, Cls=0.0000, Reg=0.0000, Con=3.9609
2025-09-14 03:07:27,709 - INFO - Batch 680/2278: Loss=0.0001, Cls=0.0001, Reg=0.0000, Con=0.0000
2025-09-14 03:07:28,606 - INFO - Batch 690/2278: Loss=1.1891, Cls=0.0009, Reg=0.0000, Con=3.9609
2025-09-14 03:07:29,527 - INFO - Batch 700/2278: Loss=1.1898, Cls=0.0015, Reg=0.0000, Con=3.9610
2025-09-14 03:07:30,433 - INFO - Batch 710/2278: Loss=1.1890, Cls=0.0007, Reg=0.0000, Con=3.9610
2025-09-14 03:07:31,343 - INFO - Batch 720/2278: Loss=1.1895, Cls=0.0012, Reg=0.0000, Con=3.9610
2025-09-14 03:07:32,308 - INFO - Batch 730/2278: Loss=1.2211, Cls=0.0328, Reg=0.0000, Con=3.9609
2025-09-14 03:07:33,216 - INFO - Batch 740/2278: Loss=1.1882, Cls=0.0000, Reg=0.0000, Con=3.9606
2025-09-14 03:07:34,113 - INFO - Batch 750/2278: Loss=1.1883, Cls=0.0001, Reg=0.0000, Con=3.9606
2025-09-14 03:07:35,026 - INFO - Batch 760/2278: Loss=1.1884, Cls=0.0001, Reg=0.0000, Con=3.9611
2025-09-14 03:07:35,949 - INFO - Batch 770/2278: Loss=1.1886, Cls=0.0002, Reg=0.0000, Con=3.9611
2025-09-14 03:07:36,876 - INFO - Batch 780/2278: Loss=0.0003, Cls=0.0003, Reg=0.0000, Con=0.0000
2025-09-14 03:07:37,767 - INFO - Batch 790/2278: Loss=1.3095, Cls=0.1212, Reg=0.0000, Con=3.9609
2025-09-14 03:07:38,663 - INFO - Batch 800/2278: Loss=1.1884, Cls=0.0000, Reg=0.0000, Con=3.9612
2025-09-14 03:07:39,574 - INFO - Batch 810/2278: Loss=0.0002, Cls=0.0002, Reg=0.0000, Con=0.0000
2025-09-14 03:07:40,495 - INFO - Batch 820/2278: Loss=1.2033, Cls=0.0151, Reg=0.0000, Con=3.9608
2025-09-14 03:07:41,409 - INFO - Batch 830/2278: Loss=1.1883, Cls=0.0000, Reg=0.0000, Con=3.9609
2025-09-14 03:07:42,313 - INFO - Batch 840/2278: Loss=0.0000, Cls=0.0000, Reg=0.0000, Con=0.0000
2025-09-14 03:07:43,246 - INFO - Batch 850/2278: Loss=0.0000, Cls=0.0000, Reg=0.0000, Con=0.0000
2025-09-14 03:07:44,162 - INFO - Batch 860/2278: Loss=1.1885, Cls=0.0001, Reg=0.0000, Con=3.9611
2025-09-14 03:07:45,049 - INFO - Batch 870/2278: Loss=1.1883, Cls=0.0000, Reg=0.0000, Con=3.9609
2025-09-14 03:07:45,945 - INFO - Batch 880/2278: Loss=0.0000, Cls=0.0000, Reg=0.0000, Con=0.0000
2025-09-14 03:07:46,857 - INFO - Batch 890/2278: Loss=1.1937, Cls=0.0054, Reg=0.0000, Con=3.9609
2025-09-14 03:07:47,777 - INFO - Batch 900/2278: Loss=0.0000, Cls=0.0000, Reg=0.0000, Con=0.0000
2025-09-14 03:07:48,657 - INFO - Batch 910/2278: Loss=0.0107, Cls=0.0107, Reg=0.0000, Con=0.0000
2025-09-14 03:07:49,572 - INFO - Batch 920/2278: Loss=0.0008, Cls=0.0008, Reg=0.0000, Con=0.0000
2025-09-14 03:07:50,458 - INFO - Batch 930/2278: Loss=0.0026, Cls=0.0026, Reg=0.0000, Con=0.0000
2025-09-14 03:07:51,351 - INFO - Batch 940/2278: Loss=1.1893, Cls=0.0009, Reg=0.0000, Con=3.9613
2025-09-14 03:07:52,251 - INFO - Batch 950/2278: Loss=0.0003, Cls=0.0003, Reg=0.0000, Con=0.0000
2025-09-14 03:07:53,158 - INFO - Batch 960/2278: Loss=0.0001, Cls=0.0001, Reg=0.0000, Con=0.0000
2025-09-14 03:07:54,083 - INFO - Batch 970/2278: Loss=1.2101, Cls=0.0219, Reg=0.0000, Con=3.9608
2025-09-14 03:07:54,996 - INFO - Batch 980/2278: Loss=1.1892, Cls=0.0009, Reg=0.0000, Con=3.9609
2025-09-14 03:07:55,906 - INFO - Batch 990/2278: Loss=1.2182, Cls=0.0299, Reg=0.0000, Con=3.9609
2025-09-14 03:07:56,793 - INFO - Batch 1000/2278: Loss=1.1885, Cls=0.0002, Reg=0.0000, Con=3.9610
2025-09-14 03:07:57,731 - INFO - Batch 1010/2278: Loss=1.1884, Cls=0.0001, Reg=0.0000, Con=3.9608
2025-09-14 03:07:58,657 - INFO - Batch 1020/2278: Loss=1.1887, Cls=0.0004, Reg=0.0000, Con=3.9608
2025-09-14 03:07:59,546 - INFO - Batch 1030/2278: Loss=0.0000, Cls=0.0000, Reg=0.0000, Con=0.0000
2025-09-14 03:08:00,470 - INFO - Batch 1040/2278: Loss=1.1884, Cls=0.0000, Reg=0.0000, Con=3.9613
2025-09-14 03:08:01,376 - INFO - Batch 1050/2278: Loss=0.0001, Cls=0.0001, Reg=0.0000, Con=0.0000
2025-09-14 03:08:02,292 - INFO - Batch 1060/2278: Loss=1.1886, Cls=0.0003, Reg=0.0000, Con=3.9611
2025-09-14 03:08:03,266 - INFO - Batch 1070/2278: Loss=1.1887, Cls=0.0004, Reg=0.0000, Con=3.9609
2025-09-14 03:08:04,167 - INFO - Batch 1080/2278: Loss=0.0000, Cls=0.0000, Reg=0.0000, Con=0.0000
2025-09-14 03:08:05,094 - INFO - Batch 1090/2278: Loss=1.1883, Cls=0.0000, Reg=0.0000, Con=3.9611
2025-09-14 03:08:05,994 - INFO - Batch 1100/2278: Loss=1.1883, Cls=0.0000, Reg=0.0000, Con=3.9611
2025-09-14 03:08:06,897 - INFO - Batch 1110/2278: Loss=0.0002, Cls=0.0002, Reg=0.0000, Con=0.0000
2025-09-14 03:08:07,809 - INFO - Batch 1120/2278: Loss=0.0027, Cls=0.0027, Reg=0.0000, Con=0.0000
2025-09-14 03:08:08,704 - INFO - Batch 1130/2278: Loss=0.0000, Cls=0.0000, Reg=0.0000, Con=0.0000
2025-09-14 03:08:09,623 - INFO - Batch 1140/2278: Loss=1.1916, Cls=0.0033, Reg=0.0000, Con=3.9609
2025-09-14 03:08:10,527 - INFO - Batch 1150/2278: Loss=0.0000, Cls=0.0000, Reg=0.0000, Con=0.0000
2025-09-14 03:08:11,445 - INFO - Batch 1160/2278: Loss=0.0001, Cls=0.0001, Reg=0.0000, Con=0.0000
2025-09-14 03:08:12,334 - INFO - Batch 1170/2278: Loss=1.1883, Cls=0.0000, Reg=0.0000, Con=3.9608
2025-09-14 03:08:13,271 - INFO - Batch 1180/2278: Loss=1.1884, Cls=0.0000, Reg=0.0000, Con=3.9613
2025-09-14 03:08:14,202 - INFO - Batch 1190/2278: Loss=1.1883, Cls=0.0000, Reg=0.0000, Con=3.9609
2025-09-14 03:08:15,096 - INFO - Batch 1200/2278: Loss=1.1884, Cls=0.0000, Reg=0.0000, Con=3.9611
2025-09-14 03:08:16,015 - INFO - Batch 1210/2278: Loss=1.1931, Cls=0.0048, Reg=0.0000, Con=3.9611
2025-09-14 03:08:16,920 - INFO - Batch 1220/2278: Loss=1.1885, Cls=0.0002, Reg=0.0000, Con=3.9609
2025-09-14 03:08:17,834 - INFO - Batch 1230/2278: Loss=0.0000, Cls=0.0000, Reg=0.0000, Con=0.0000
2025-09-14 03:08:18,743 - INFO - Batch 1240/2278: Loss=1.1897, Cls=0.0015, Reg=0.0000, Con=3.9608
2025-09-14 03:08:19,680 - INFO - Batch 1250/2278: Loss=1.1883, Cls=0.0000, Reg=0.0000, Con=3.9609
2025-09-14 03:08:20,554 - INFO - Batch 1260/2278: Loss=0.0127, Cls=0.0127, Reg=0.0000, Con=0.0000
2025-09-14 03:08:21,479 - INFO - Batch 1270/2278: Loss=1.1883, Cls=0.0000, Reg=0.0000, Con=3.9610
2025-09-14 03:08:22,385 - INFO - Batch 1280/2278: Loss=1.1885, Cls=0.0003, Reg=0.0000, Con=3.9607
2025-09-14 03:08:23,416 - INFO - Batch 1290/2278: Loss=0.0000, Cls=0.0000, Reg=0.0000, Con=0.0000
2025-09-14 03:08:24,483 - INFO - Batch 1300/2278: Loss=0.0005, Cls=0.0005, Reg=0.0000, Con=0.0000
2025-09-14 03:08:25,498 - INFO - Batch 1310/2278: Loss=4.5458, Cls=3.3576, Reg=0.0000, Con=3.9608
2025-09-14 03:08:26,397 - INFO - Batch 1320/2278: Loss=1.1886, Cls=0.0003, Reg=0.0000, Con=3.9610
2025-09-14 03:08:27,295 - INFO - Batch 1330/2278: Loss=1.1896, Cls=0.0013, Reg=0.0000, Con=3.9610
2025-09-14 03:08:28,184 - INFO - Batch 1340/2278: Loss=1.1883, Cls=0.0001, Reg=0.0000, Con=3.9608
2025-09-14 03:08:29,093 - INFO - Batch 1350/2278: Loss=1.1883, Cls=0.0000, Reg=0.0000, Con=3.9608
2025-09-14 03:08:30,008 - INFO - Batch 1360/2278: Loss=1.1884, Cls=0.0000, Reg=0.0000, Con=3.9612
2025-09-14 03:08:30,908 - INFO - Batch 1370/2278: Loss=1.1884, Cls=0.0001, Reg=0.0000, Con=3.9610
2025-09-14 03:08:31,840 - INFO - Batch 1380/2278: Loss=1.1887, Cls=0.0005, Reg=0.0000, Con=3.9608
2025-09-14 03:08:32,744 - INFO - Batch 1390/2278: Loss=1.1884, Cls=0.0001, Reg=0.0000, Con=3.9610
2025-09-14 03:08:33,719 - INFO - Batch 1400/2278: Loss=1.1885, Cls=0.0001, Reg=0.0000, Con=3.9615
2025-09-14 03:08:34,656 - INFO - Batch 1410/2278: Loss=0.0002, Cls=0.0002, Reg=0.0000, Con=0.0000
2025-09-14 03:08:35,561 - INFO - Batch 1420/2278: Loss=1.1886, Cls=0.0003, Reg=0.0000, Con=3.9610
2025-09-14 03:08:36,465 - INFO - Batch 1430/2278: Loss=0.0002, Cls=0.0002, Reg=0.0000, Con=0.0000
2025-09-14 03:08:37,404 - INFO - Batch 1440/2278: Loss=1.1882, Cls=0.0000, Reg=0.0000, Con=3.9606
2025-09-14 03:08:38,328 - INFO - Batch 1450/2278: Loss=0.0000, Cls=0.0000, Reg=0.0000, Con=0.0000
2025-09-14 03:08:39,220 - INFO - Batch 1460/2278: Loss=0.0000, Cls=0.0000, Reg=0.0000, Con=0.0000
2025-09-14 03:08:40,162 - INFO - Batch 1470/2278: Loss=1.1883, Cls=0.0001, Reg=0.0000, Con=3.9607
2025-09-14 03:08:41,060 - INFO - Batch 1480/2278: Loss=1.1888, Cls=0.0006, Reg=0.0000, Con=3.9608
2025-09-14 03:08:41,975 - INFO - Batch 1490/2278: Loss=0.0000, Cls=0.0000, Reg=0.0000, Con=0.0000
2025-09-14 03:08:42,865 - INFO - Batch 1500/2278: Loss=1.1890, Cls=0.0007, Reg=0.0000, Con=3.9610
2025-09-14 03:08:43,806 - INFO - Batch 1510/2278: Loss=1.2075, Cls=0.0193, Reg=0.0000, Con=3.9609
2025-09-14 03:08:44,706 - INFO - Batch 1520/2278: Loss=0.0002, Cls=0.0002, Reg=0.0000, Con=0.0000
2025-09-14 03:08:45,620 - INFO - Batch 1530/2278: Loss=1.1882, Cls=0.0000, Reg=0.0000, Con=3.9608
2025-09-14 03:08:46,555 - INFO - Batch 1540/2278: Loss=1.1886, Cls=0.0003, Reg=0.0000, Con=3.9610
2025-09-14 03:08:47,478 - INFO - Batch 1550/2278: Loss=1.1886, Cls=0.0003, Reg=0.0000, Con=3.9611
2025-09-14 03:08:48,379 - INFO - Batch 1560/2278: Loss=1.1883, Cls=0.0000, Reg=0.0000, Con=3.9608
2025-09-14 03:08:49,249 - INFO - Batch 1570/2278: Loss=0.0000, Cls=0.0000, Reg=0.0000, Con=0.0000
2025-09-14 03:08:50,140 - INFO - Batch 1580/2278: Loss=1.1882, Cls=0.0000, Reg=0.0000, Con=3.9608
2025-09-14 03:08:51,049 - INFO - Batch 1590/2278: Loss=0.0000, Cls=0.0000, Reg=0.0000, Con=0.0000
2025-09-14 03:08:51,954 - INFO - Batch 1600/2278: Loss=1.1889, Cls=0.0006, Reg=0.0000, Con=3.9608
2025-09-14 03:08:52,838 - INFO - Batch 1610/2278: Loss=0.0000, Cls=0.0000, Reg=0.0000, Con=0.0000
2025-09-14 03:08:53,761 - INFO - Batch 1620/2278: Loss=1.1897, Cls=0.0015, Reg=0.0000, Con=3.9608
2025-09-14 03:08:54,654 - INFO - Batch 1630/2278: Loss=3.5017, Cls=2.3134, Reg=0.0000, Con=3.9610
2025-09-14 03:08:55,556 - INFO - Batch 1640/2278: Loss=0.0076, Cls=0.0076, Reg=0.0000, Con=0.0000
2025-09-14 03:08:56,467 - INFO - Batch 1650/2278: Loss=1.1883, Cls=0.0000, Reg=0.0000, Con=3.9609
2025-09-14 03:08:57,381 - INFO - Batch 1660/2278: Loss=1.1885, Cls=0.0001, Reg=0.0000, Con=3.9613
2025-09-14 03:08:58,262 - INFO - Batch 1670/2278: Loss=1.1886, Cls=0.0003, Reg=0.0000, Con=3.9609
2025-09-14 03:08:59,177 - INFO - Batch 1680/2278: Loss=1.1882, Cls=0.0000, Reg=0.0000, Con=3.9607
2025-09-14 03:09:00,045 - INFO - Batch 1690/2278: Loss=1.1889, Cls=0.0006, Reg=0.0000, Con=3.9610
2025-09-14 03:09:00,949 - INFO - Batch 1700/2278: Loss=1.1884, Cls=0.0002, Reg=0.0000, Con=3.9608
2025-09-14 03:09:01,857 - INFO - Batch 1710/2278: Loss=0.0001, Cls=0.0001, Reg=0.0000, Con=0.0000
2025-09-14 03:09:02,761 - INFO - Batch 1720/2278: Loss=0.0000, Cls=0.0000, Reg=0.0000, Con=0.0000
2025-09-14 03:09:03,644 - INFO - Batch 1730/2278: Loss=1.1928, Cls=0.0045, Reg=0.0000, Con=3.9608
2025-09-14 03:09:04,549 - INFO - Batch 1740/2278: Loss=1.4205, Cls=0.2323, Reg=0.0000, Con=3.9609
2025-09-14 03:09:05,433 - INFO - Batch 1750/2278: Loss=0.0000, Cls=0.0000, Reg=0.0000, Con=0.0000
2025-09-14 03:09:06,332 - INFO - Batch 1760/2278: Loss=1.1884, Cls=0.0000, Reg=0.0000, Con=3.9612
2025-09-14 03:09:07,239 - INFO - Batch 1770/2278: Loss=0.0008, Cls=0.0008, Reg=0.0000, Con=0.0000
2025-09-14 03:09:08,161 - INFO - Batch 1780/2278: Loss=0.0002, Cls=0.0002, Reg=0.0000, Con=0.0000
2025-09-14 03:09:09,062 - INFO - Batch 1790/2278: Loss=0.0000, Cls=0.0000, Reg=0.0000, Con=0.0000
2025-09-14 03:09:09,974 - INFO - Batch 1800/2278: Loss=1.1883, Cls=0.0001, Reg=0.0000, Con=3.9607
2025-09-14 03:09:10,859 - INFO - Batch 1810/2278: Loss=0.0001, Cls=0.0001, Reg=0.0000, Con=0.0000
2025-09-14 03:09:11,746 - INFO - Batch 1820/2278: Loss=0.0012, Cls=0.0012, Reg=0.0000, Con=0.0000
2025-09-14 03:09:12,629 - INFO - Batch 1830/2278: Loss=1.1953, Cls=0.0070, Reg=0.0000, Con=3.9608
2025-09-14 03:09:13,538 - INFO - Batch 1840/2278: Loss=0.0007, Cls=0.0007, Reg=0.0000, Con=0.0000
2025-09-14 03:09:14,461 - INFO - Batch 1850/2278: Loss=1.1883, Cls=0.0000, Reg=0.0000, Con=3.9609
2025-09-14 03:09:15,422 - INFO - Batch 1860/2278: Loss=1.1882, Cls=0.0000, Reg=0.0000, Con=3.9607
2025-09-14 03:09:16,403 - INFO - Batch 1870/2278: Loss=0.0001, Cls=0.0001, Reg=0.0000, Con=0.0000
2025-09-14 03:09:17,405 - INFO - Batch 1880/2278: Loss=1.1883, Cls=0.0000, Reg=0.0000, Con=3.9607
2025-09-14 03:09:18,371 - INFO - Batch 1890/2278: Loss=0.0000, Cls=0.0000, Reg=0.0000, Con=0.0000
2025-09-14 03:09:19,354 - INFO - Batch 1900/2278: Loss=4.7023, Cls=4.7023, Reg=0.0000, Con=0.0000
2025-09-14 03:09:20,304 - INFO - Batch 1910/2278: Loss=1.1883, Cls=0.0000, Reg=0.0000, Con=3.9610
2025-09-14 03:09:21,260 - INFO - Batch 1920/2278: Loss=0.0004, Cls=0.0004, Reg=0.0000, Con=0.0000
2025-09-14 03:09:22,229 - INFO - Batch 1930/2278: Loss=1.1887, Cls=0.0004, Reg=0.0000, Con=3.9611
2025-09-14 03:09:23,197 - INFO - Batch 1940/2278: Loss=1.1882, Cls=0.0000, Reg=0.0000, Con=3.9607
2025-09-14 03:09:24,143 - INFO - Batch 1950/2278: Loss=1.1883, Cls=0.0000, Reg=0.0000, Con=3.9609
2025-09-14 03:09:25,156 - INFO - Batch 1960/2278: Loss=1.1884, Cls=0.0001, Reg=0.0000, Con=3.9610
2025-09-14 03:09:26,097 - INFO - Batch 1970/2278: Loss=0.0001, Cls=0.0001, Reg=0.0000, Con=0.0000
2025-09-14 03:09:27,067 - INFO - Batch 1980/2278: Loss=1.2151, Cls=0.0268, Reg=0.0000, Con=3.9610
2025-09-14 03:09:28,043 - INFO - Batch 1990/2278: Loss=1.1885, Cls=0.0002, Reg=0.0000, Con=3.9608
2025-09-14 03:09:29,071 - INFO - Batch 2000/2278: Loss=1.1889, Cls=0.0006, Reg=0.0000, Con=3.9610
2025-09-14 03:09:29,993 - INFO - Batch 2010/2278: Loss=1.1894, Cls=0.0011, Reg=0.0000, Con=3.9608
2025-09-14 03:09:30,983 - INFO - Batch 2020/2278: Loss=1.1882, Cls=0.0000, Reg=0.0000, Con=3.9608
2025-09-14 03:09:31,959 - INFO - Batch 2030/2278: Loss=1.1889, Cls=0.0007, Reg=0.0000, Con=3.9608
2025-09-14 03:09:32,901 - INFO - Batch 2040/2278: Loss=1.1885, Cls=0.0002, Reg=0.0000, Con=3.9610
2025-09-14 03:09:33,897 - INFO - Batch 2050/2278: Loss=0.0000, Cls=0.0000, Reg=0.0000, Con=0.0000
2025-09-14 03:09:34,851 - INFO - Batch 2060/2278: Loss=1.1896, Cls=0.0014, Reg=0.0000, Con=3.9609
2025-09-14 03:09:35,816 - INFO - Batch 2070/2278: Loss=0.0002, Cls=0.0002, Reg=0.0000, Con=0.0000
2025-09-14 03:09:36,781 - INFO - Batch 2080/2278: Loss=1.1888, Cls=0.0004, Reg=0.0000, Con=3.9613
2025-09-14 03:09:37,740 - INFO - Batch 2090/2278: Loss=1.1883, Cls=0.0001, Reg=0.0000, Con=3.9607
2025-09-14 03:09:38,787 - INFO - Batch 2100/2278: Loss=1.1887, Cls=0.0001, Reg=0.0000, Con=3.9619
2025-09-14 03:09:39,768 - INFO - Batch 2110/2278: Loss=1.1886, Cls=0.0003, Reg=0.0000, Con=3.9609
2025-09-14 03:09:40,782 - INFO - Batch 2120/2278: Loss=0.0002, Cls=0.0002, Reg=0.0000, Con=0.0000
2025-09-14 03:09:41,698 - INFO - Batch 2130/2278: Loss=0.0015, Cls=0.0015, Reg=0.0000, Con=0.0000
2025-09-14 03:09:42,647 - INFO - Batch 2140/2278: Loss=0.0004, Cls=0.0004, Reg=0.0000, Con=0.0000
2025-09-14 03:09:43,554 - INFO - Batch 2150/2278: Loss=1.1885, Cls=0.0003, Reg=0.0000, Con=3.9608
2025-09-14 03:09:44,493 - INFO - Batch 2160/2278: Loss=1.2221, Cls=0.0338, Reg=0.0000, Con=3.9609
2025-09-14 03:09:45,400 - INFO - Batch 2170/2278: Loss=1.1888, Cls=0.0006, Reg=0.0000, Con=3.9608
2025-09-14 03:09:46,312 - INFO - Batch 2180/2278: Loss=0.0001, Cls=0.0001, Reg=0.0000, Con=0.0000
2025-09-14 03:09:47,276 - INFO - Batch 2190/2278: Loss=1.1884, Cls=0.0001, Reg=0.0000, Con=3.9609
2025-09-14 03:09:48,206 - INFO - Batch 2200/2278: Loss=1.1884, Cls=0.0001, Reg=0.0000, Con=3.9608
2025-09-14 03:09:49,139 - INFO - Batch 2210/2278: Loss=0.0002, Cls=0.0002, Reg=0.0000, Con=0.0000
2025-09-14 03:09:50,095 - INFO - Batch 2220/2278: Loss=0.0002, Cls=0.0002, Reg=0.0000, Con=0.0000
2025-09-14 03:09:51,099 - INFO - Batch 2230/2278: Loss=1.1883, Cls=0.0000, Reg=0.0000, Con=3.9609
2025-09-14 03:09:52,025 - INFO - Batch 2240/2278: Loss=1.1898, Cls=0.0013, Reg=0.0000, Con=3.9617
2025-09-14 03:09:53,004 - INFO - Batch 2250/2278: Loss=1.1896, Cls=0.0013, Reg=0.0000, Con=3.9608
2025-09-14 03:09:53,929 - INFO - Batch 2260/2278: Loss=0.0005, Cls=0.0005, Reg=0.0000, Con=0.0000
2025-09-14 03:09:54,868 - INFO - Batch 2270/2278: Loss=0.0008, Cls=0.0008, Reg=0.0000, Con=0.0000
2025-09-14 03:13:25,701 - INFO - === Epoch 3 Results ===
2025-09-14 03:13:25,701 - INFO - Training Loss: 0.8423 (Classification: 0.0677, Regression: 0.0000)
2025-09-14 03:13:25,701 - INFO - Validation Loss: 0.0279 (Classification: 0.0279, Regression: 0.0000)
2025-09-14 03:13:25,701 - INFO - Average Classification Accuracy: 0.9840 (on 1/26 tasks)
2025-09-14 03:13:25,701 - INFO - Average AUC: 0.8079
2025-09-14 03:13:28,462 - INFO - Best model saved to: experiments/r1c3_headft_cls_15_seed_42_20250914_025226/checkpoints/r1c3_headft_cls_15_seed_42_best.pth
2025-09-14 03:13:28,462 - INFO - Training finished!
2025-09-14 03:13:28,462 - INFO - Performing final evaluation...
2025-09-14 03:13:28,718 - INFO - Loaded best model from: experiments/r1c3_headft_cls_15_seed_42_20250914_025226/checkpoints/r1c3_headft_cls_15_seed_42_best.pth
2025-09-14 03:16:57,586 - INFO - Final Validation Results:
2025-09-14 03:16:57,586 - INFO -   Total Loss: 0.0279
2025-09-14 03:16:57,586 - INFO -   Classification Loss: 0.0279
2025-09-14 03:16:57,586 - INFO -   Regression Loss: 0.0000
2025-09-14 03:16:57,586 - INFO -   Average Classification Accuracy: 0.9840
2025-09-14 03:16:57,586 - INFO -   Average AUC: 0.8079
2025-09-14 03:16:57,587 - INFO - Results saved to: experiments/r1c3_headft_cls_15_seed_42_20250914_025226/checkpoints/r1c3_headft_cls_15_seed_42_results.json
