2025-09-13 19:46:29,485 - INFO - 🔬 Starting experiment: r1c3_single_cls_16_seed_42
2025-09-13 19:46:29,485 - INFO - 📁 Experiment directory: experiments/r1c3_single_cls_16_seed_42_20250913_194629
2025-09-13 19:46:29,485 - INFO - 🎲 Random seed: 42
2025-09-13 19:46:29,485 - INFO - 🔒 Deterministic mode: True
2025-09-13 19:46:29,485 - INFO - Using device: cuda
2025-09-13 19:46:29,485 - INFO - Total GPU Memory: 25.16 GB
2025-09-13 19:46:29,500 - INFO - 🧪 Fusion: Using cross-attention dynamic fusion
2025-09-13 19:46:29,500 - INFO - 🧪 GNN Backbone: Using default GraphAttentionNetwork branch
2025-09-13 19:46:29,501 - INFO - 🎯 Task Mode: Single classification endpoint 16
2025-09-13 19:46:29,501 - INFO - Configuration saved to: experiments/r1c3_single_cls_16_seed_42_20250913_194629/checkpoints/config.json
2025-09-13 19:46:29,501 - INFO - 🚀 Using preprocessed data from: data/data/processed
2025-09-13 19:46:29,501 - INFO - Loading LMDB dataset from: data/data/processed
2025-09-13 19:46:29,999 - INFO - Number of training batches: 2278
2025-09-13 19:46:29,999 - INFO - Number of validation batches: 2278
2025-09-13 19:46:29,999 - INFO - Number of test batches: 2278
2025-09-13 19:46:29,999 - INFO - Creating ToxD4C model...
2025-09-13 19:46:31,104 - INFO - Model created successfully. Total parameters: 100,932,036
2025-09-13 19:46:31,105 - INFO - Testing model forward pass...
2025-09-13 19:46:31,536 - INFO - Test output shapes:
2025-09-13 19:46:31,536 - INFO -   classification: torch.Size([16, 1])
2025-09-13 19:46:31,538 - INFO -   classification contains NaN: False
2025-09-13 19:46:31,538 - INFO -   classification contains Inf: False
2025-09-13 19:46:31,538 - INFO -   regression: torch.Size([16, 0])
2025-09-13 19:46:31,538 - INFO -   regression contains NaN: False
2025-09-13 19:46:31,538 - INFO -   regression contains Inf: False
2025-09-13 19:46:31,538 - INFO - Model forward pass test successful!
2025-09-13 19:46:32,252 - INFO - 🔁 Loaded checkpoint from: experiments/r1c3_multi_full_seed_42_20250913_152627/checkpoints/r1c3_multi_full_seed_42_best.pth
2025-09-13 19:46:32,253 - INFO - 🧩 Head-only fine-tuning: unfroze head for task 'NR-AhR' and froze trunk.
2025-09-13 19:46:32,254 - INFO - Starting training...
2025-09-13 19:46:32,254 - INFO - 
Epoch 1/3
2025-09-13 19:46:32,417 - INFO - Batch 0/2278: Loss=0.0075, Cls=0.0075, Reg=0.0000, Con=0.0000
2025-09-13 19:46:33,292 - INFO - Batch 10/2278: Loss=0.1069, Cls=0.1069, Reg=0.0000, Con=0.0000
2025-09-13 19:46:34,148 - INFO - Batch 20/2278: Loss=1.7043, Cls=0.5160, Reg=0.0000, Con=3.9610
2025-09-13 19:46:35,035 - INFO - Batch 30/2278: Loss=0.0000, Cls=0.0000, Reg=0.0000, Con=0.0000
2025-09-13 19:46:35,902 - INFO - Batch 40/2278: Loss=0.0167, Cls=0.0167, Reg=0.0000, Con=0.0000
2025-09-13 19:46:36,784 - INFO - Batch 50/2278: Loss=1.2423, Cls=0.0540, Reg=0.0000, Con=3.9609
2025-09-13 19:46:37,662 - INFO - Batch 60/2278: Loss=1.2383, Cls=0.0500, Reg=0.0000, Con=3.9609
2025-09-13 19:46:38,542 - INFO - Batch 70/2278: Loss=1.1882, Cls=0.0000, Reg=0.0000, Con=3.9608
2025-09-13 19:46:39,386 - INFO - Batch 80/2278: Loss=0.0003, Cls=0.0003, Reg=0.0000, Con=0.0000
2025-09-13 19:46:40,295 - INFO - Batch 90/2278: Loss=0.3150, Cls=0.3150, Reg=0.0000, Con=0.0000
2025-09-13 19:46:41,157 - INFO - Batch 100/2278: Loss=0.0091, Cls=0.0091, Reg=0.0000, Con=0.0000
2025-09-13 19:46:42,047 - INFO - Batch 110/2278: Loss=0.0003, Cls=0.0003, Reg=0.0000, Con=0.0000
2025-09-13 19:46:42,920 - INFO - Batch 120/2278: Loss=1.1911, Cls=0.0028, Reg=0.0000, Con=3.9609
2025-09-13 19:46:43,788 - INFO - Batch 130/2278: Loss=1.1910, Cls=0.0027, Reg=0.0000, Con=3.9609
2025-09-13 19:46:44,656 - INFO - Batch 140/2278: Loss=1.2131, Cls=0.0246, Reg=0.0000, Con=3.9615
2025-09-13 19:46:45,539 - INFO - Batch 150/2278: Loss=2.4292, Cls=1.2409, Reg=0.0000, Con=3.9610
2025-09-13 19:46:46,425 - INFO - Batch 160/2278: Loss=1.2307, Cls=0.0423, Reg=0.0000, Con=3.9611
2025-09-13 19:46:47,302 - INFO - Batch 170/2278: Loss=1.2236, Cls=0.0353, Reg=0.0000, Con=3.9611
2025-09-13 19:46:48,201 - INFO - Batch 180/2278: Loss=1.1905, Cls=0.0022, Reg=0.0000, Con=3.9610
2025-09-13 19:46:49,066 - INFO - Batch 190/2278: Loss=1.2633, Cls=0.0751, Reg=0.0000, Con=3.9608
2025-09-13 19:46:49,923 - INFO - Batch 200/2278: Loss=0.0215, Cls=0.0215, Reg=0.0000, Con=0.0000
2025-09-13 19:46:50,816 - INFO - Batch 210/2278: Loss=0.0217, Cls=0.0217, Reg=0.0000, Con=0.0000
2025-09-13 19:46:51,693 - INFO - Batch 220/2278: Loss=0.0031, Cls=0.0031, Reg=0.0000, Con=0.0000
2025-09-13 19:46:52,607 - INFO - Batch 230/2278: Loss=1.2599, Cls=0.0716, Reg=0.0000, Con=3.9610
2025-09-13 19:46:53,462 - INFO - Batch 240/2278: Loss=1.1884, Cls=0.0002, Reg=0.0000, Con=3.9608
2025-09-13 19:46:54,334 - INFO - Batch 250/2278: Loss=0.0002, Cls=0.0002, Reg=0.0000, Con=0.0000
2025-09-13 19:46:55,195 - INFO - Batch 260/2278: Loss=0.0607, Cls=0.0607, Reg=0.0000, Con=0.0000
2025-09-13 19:46:56,079 - INFO - Batch 270/2278: Loss=0.0000, Cls=0.0000, Reg=0.0000, Con=0.0000
2025-09-13 19:46:56,936 - INFO - Batch 280/2278: Loss=1.1892, Cls=0.0008, Reg=0.0000, Con=3.9611
2025-09-13 19:46:57,854 - INFO - Batch 290/2278: Loss=0.0112, Cls=0.0112, Reg=0.0000, Con=0.0000
2025-09-13 19:46:58,724 - INFO - Batch 300/2278: Loss=1.1934, Cls=0.0051, Reg=0.0000, Con=3.9609
2025-09-13 19:46:59,619 - INFO - Batch 310/2278: Loss=1.1886, Cls=0.0003, Reg=0.0000, Con=3.9612
2025-09-13 19:47:00,501 - INFO - Batch 320/2278: Loss=2.3725, Cls=2.3725, Reg=0.0000, Con=0.0000
2025-09-13 19:47:01,401 - INFO - Batch 330/2278: Loss=5.2919, Cls=4.1036, Reg=0.0000, Con=3.9609
2025-09-13 19:47:02,286 - INFO - Batch 340/2278: Loss=1.1949, Cls=0.0066, Reg=0.0000, Con=3.9610
2025-09-13 19:47:03,186 - INFO - Batch 350/2278: Loss=1.5198, Cls=0.3315, Reg=0.0000, Con=3.9611
2025-09-13 19:47:04,051 - INFO - Batch 360/2278: Loss=1.1882, Cls=0.0000, Reg=0.0000, Con=3.9607
2025-09-13 19:47:04,949 - INFO - Batch 370/2278: Loss=3.1643, Cls=1.9760, Reg=0.0000, Con=3.9609
2025-09-13 19:47:05,811 - INFO - Batch 380/2278: Loss=1.1894, Cls=0.0012, Reg=0.0000, Con=3.9607
2025-09-13 19:47:06,696 - INFO - Batch 390/2278: Loss=1.1882, Cls=0.0000, Reg=0.0000, Con=3.9607
2025-09-13 19:47:07,591 - INFO - Batch 400/2278: Loss=0.5017, Cls=0.5017, Reg=0.0000, Con=0.0000
2025-09-13 19:47:08,476 - INFO - Batch 410/2278: Loss=1.1629, Cls=1.1629, Reg=0.0000, Con=0.0000
2025-09-13 19:47:09,366 - INFO - Batch 420/2278: Loss=0.0007, Cls=0.0007, Reg=0.0000, Con=0.0000
2025-09-13 19:47:10,260 - INFO - Batch 430/2278: Loss=1.1952, Cls=0.0070, Reg=0.0000, Con=3.9607
2025-09-13 19:47:11,119 - INFO - Batch 440/2278: Loss=1.3826, Cls=0.1944, Reg=0.0000, Con=3.9608
2025-09-13 19:47:11,976 - INFO - Batch 450/2278: Loss=1.1887, Cls=0.0004, Reg=0.0000, Con=3.9607
2025-09-13 19:47:12,848 - INFO - Batch 460/2278: Loss=1.2384, Cls=0.0502, Reg=0.0000, Con=3.9607
2025-09-13 19:47:13,737 - INFO - Batch 470/2278: Loss=1.1883, Cls=0.0000, Reg=0.0000, Con=3.9611
2025-09-13 19:47:14,627 - INFO - Batch 480/2278: Loss=1.1892, Cls=0.0010, Reg=0.0000, Con=3.9607
2025-09-13 19:47:15,501 - INFO - Batch 490/2278: Loss=0.0000, Cls=0.0000, Reg=0.0000, Con=0.0000
2025-09-13 19:47:16,366 - INFO - Batch 500/2278: Loss=0.0002, Cls=0.0002, Reg=0.0000, Con=0.0000
2025-09-13 19:47:17,261 - INFO - Batch 510/2278: Loss=1.1883, Cls=0.0000, Reg=0.0000, Con=3.9609
2025-09-13 19:47:18,140 - INFO - Batch 520/2278: Loss=1.1887, Cls=0.0004, Reg=0.0000, Con=3.9608
2025-09-13 19:47:19,010 - INFO - Batch 530/2278: Loss=1.2163, Cls=0.0281, Reg=0.0000, Con=3.9608
2025-09-13 19:47:19,902 - INFO - Batch 540/2278: Loss=4.1025, Cls=2.9142, Reg=0.0000, Con=3.9610
2025-09-13 19:47:20,758 - INFO - Batch 550/2278: Loss=1.1882, Cls=0.0000, Reg=0.0000, Con=3.9607
2025-09-13 19:47:21,639 - INFO - Batch 560/2278: Loss=1.1884, Cls=0.0001, Reg=0.0000, Con=3.9609
2025-09-13 19:47:22,540 - INFO - Batch 570/2278: Loss=1.4244, Cls=0.2362, Reg=0.0000, Con=3.9608
2025-09-13 19:47:23,433 - INFO - Batch 580/2278: Loss=0.0009, Cls=0.0009, Reg=0.0000, Con=0.0000
2025-09-13 19:47:24,328 - INFO - Batch 590/2278: Loss=0.0614, Cls=0.0614, Reg=0.0000, Con=0.0000
2025-09-13 19:47:25,208 - INFO - Batch 600/2278: Loss=1.1887, Cls=0.0005, Reg=0.0000, Con=3.9609
2025-09-13 19:47:26,071 - INFO - Batch 610/2278: Loss=1.2025, Cls=0.0142, Reg=0.0000, Con=3.9609
2025-09-13 19:47:26,957 - INFO - Batch 620/2278: Loss=1.1894, Cls=0.0012, Reg=0.0000, Con=3.9608
2025-09-13 19:47:27,842 - INFO - Batch 630/2278: Loss=0.0135, Cls=0.0135, Reg=0.0000, Con=0.0000
2025-09-13 19:47:28,774 - INFO - Batch 640/2278: Loss=2.6946, Cls=1.5063, Reg=0.0000, Con=3.9608
2025-09-13 19:47:29,649 - INFO - Batch 650/2278: Loss=1.1890, Cls=0.0007, Reg=0.0000, Con=3.9613
2025-09-13 19:47:30,500 - INFO - Batch 660/2278: Loss=1.1904, Cls=0.0022, Reg=0.0000, Con=3.9608
2025-09-13 19:47:31,400 - INFO - Batch 670/2278: Loss=1.5251, Cls=0.3369, Reg=0.0000, Con=3.9608
2025-09-13 19:47:32,269 - INFO - Batch 680/2278: Loss=1.7224, Cls=0.5341, Reg=0.0000, Con=3.9608
2025-09-13 19:47:33,319 - INFO - Batch 690/2278: Loss=0.0000, Cls=0.0000, Reg=0.0000, Con=0.0000
2025-09-13 19:47:34,200 - INFO - Batch 700/2278: Loss=0.0000, Cls=0.0000, Reg=0.0000, Con=0.0000
2025-09-13 19:47:35,084 - INFO - Batch 710/2278: Loss=1.1882, Cls=0.0000, Reg=0.0000, Con=3.9607
2025-09-13 19:47:35,967 - INFO - Batch 720/2278: Loss=1.1883, Cls=0.0001, Reg=0.0000, Con=3.9609
2025-09-13 19:47:36,850 - INFO - Batch 730/2278: Loss=1.8912, Cls=0.7028, Reg=0.0000, Con=3.9613
2025-09-13 19:47:37,733 - INFO - Batch 740/2278: Loss=2.6346, Cls=1.4463, Reg=0.0000, Con=3.9610
2025-09-13 19:47:38,617 - INFO - Batch 750/2278: Loss=1.2173, Cls=0.0291, Reg=0.0000, Con=3.9609
2025-09-13 19:47:39,493 - INFO - Batch 760/2278: Loss=1.2635, Cls=0.0753, Reg=0.0000, Con=3.9608
2025-09-13 19:47:40,393 - INFO - Batch 770/2278: Loss=1.1900, Cls=0.0017, Reg=0.0000, Con=3.9610
2025-09-13 19:47:41,279 - INFO - Batch 780/2278: Loss=1.1883, Cls=0.0000, Reg=0.0000, Con=3.9608
2025-09-13 19:47:42,157 - INFO - Batch 790/2278: Loss=0.0009, Cls=0.0009, Reg=0.0000, Con=0.0000
2025-09-13 19:47:43,043 - INFO - Batch 800/2278: Loss=1.1886, Cls=0.0002, Reg=0.0000, Con=3.9612
2025-09-13 19:47:43,898 - INFO - Batch 810/2278: Loss=1.1916, Cls=0.0033, Reg=0.0000, Con=3.9612
2025-09-13 19:47:44,787 - INFO - Batch 820/2278: Loss=1.1883, Cls=0.0000, Reg=0.0000, Con=3.9609
2025-09-13 19:47:45,679 - INFO - Batch 830/2278: Loss=1.2063, Cls=0.0181, Reg=0.0000, Con=3.9609
2025-09-13 19:47:46,549 - INFO - Batch 840/2278: Loss=1.2168, Cls=0.0285, Reg=0.0000, Con=3.9608
2025-09-13 19:47:47,438 - INFO - Batch 850/2278: Loss=0.2365, Cls=0.2365, Reg=0.0000, Con=0.0000
2025-09-13 19:47:48,294 - INFO - Batch 860/2278: Loss=1.2153, Cls=0.0271, Reg=0.0000, Con=3.9607
2025-09-13 19:47:49,196 - INFO - Batch 870/2278: Loss=1.8473, Cls=1.8473, Reg=0.0000, Con=0.0000
2025-09-13 19:47:50,079 - INFO - Batch 880/2278: Loss=0.5988, Cls=0.5988, Reg=0.0000, Con=0.0000
2025-09-13 19:47:50,952 - INFO - Batch 890/2278: Loss=0.8237, Cls=0.8237, Reg=0.0000, Con=0.0000
2025-09-13 19:47:51,842 - INFO - Batch 900/2278: Loss=1.4894, Cls=0.3012, Reg=0.0000, Con=3.9609
2025-09-13 19:47:52,723 - INFO - Batch 910/2278: Loss=1.2354, Cls=0.0471, Reg=0.0000, Con=3.9609
2025-09-13 19:47:53,590 - INFO - Batch 920/2278: Loss=2.9962, Cls=1.8079, Reg=0.0000, Con=3.9610
2025-09-13 19:47:54,481 - INFO - Batch 930/2278: Loss=1.1912, Cls=0.0030, Reg=0.0000, Con=3.9608
2025-09-13 19:47:55,349 - INFO - Batch 940/2278: Loss=2.3025, Cls=1.1142, Reg=0.0000, Con=3.9609
2025-09-13 19:47:56,225 - INFO - Batch 950/2278: Loss=1.1883, Cls=0.0000, Reg=0.0000, Con=3.9611
2025-09-13 19:47:57,108 - INFO - Batch 960/2278: Loss=1.8641, Cls=0.6758, Reg=0.0000, Con=3.9609
2025-09-13 19:47:58,002 - INFO - Batch 970/2278: Loss=1.2205, Cls=0.0321, Reg=0.0000, Con=3.9612
2025-09-13 19:47:58,880 - INFO - Batch 980/2278: Loss=0.0088, Cls=0.0088, Reg=0.0000, Con=0.0000
2025-09-13 19:47:59,747 - INFO - Batch 990/2278: Loss=0.0000, Cls=0.0000, Reg=0.0000, Con=0.0000
2025-09-13 19:48:00,611 - INFO - Batch 1000/2278: Loss=2.0957, Cls=0.9074, Reg=0.0000, Con=3.9609
2025-09-13 19:48:01,497 - INFO - Batch 1010/2278: Loss=1.1910, Cls=0.0028, Reg=0.0000, Con=3.9608
2025-09-13 19:48:02,371 - INFO - Batch 1020/2278: Loss=0.0023, Cls=0.0023, Reg=0.0000, Con=0.0000
2025-09-13 19:48:03,258 - INFO - Batch 1030/2278: Loss=1.1913, Cls=0.0030, Reg=0.0000, Con=3.9610
2025-09-13 19:48:04,152 - INFO - Batch 1040/2278: Loss=1.2394, Cls=0.0511, Reg=0.0000, Con=3.9607
2025-09-13 19:48:05,062 - INFO - Batch 1050/2278: Loss=9.6610, Cls=8.4727, Reg=0.0000, Con=3.9609
2025-09-13 19:48:05,945 - INFO - Batch 1060/2278: Loss=1.1899, Cls=0.0017, Reg=0.0000, Con=3.9608
2025-09-13 19:48:06,876 - INFO - Batch 1070/2278: Loss=1.1883, Cls=0.0001, Reg=0.0000, Con=3.9608
2025-09-13 19:48:07,744 - INFO - Batch 1080/2278: Loss=2.1327, Cls=0.9444, Reg=0.0000, Con=3.9608
2025-09-13 19:48:08,650 - INFO - Batch 1090/2278: Loss=1.1883, Cls=0.0000, Reg=0.0000, Con=3.9609
2025-09-13 19:48:09,534 - INFO - Batch 1100/2278: Loss=0.0169, Cls=0.0169, Reg=0.0000, Con=0.0000
2025-09-13 19:48:10,426 - INFO - Batch 1110/2278: Loss=1.1886, Cls=0.0003, Reg=0.0000, Con=3.9608
2025-09-13 19:48:11,299 - INFO - Batch 1120/2278: Loss=2.2728, Cls=2.2728, Reg=0.0000, Con=0.0000
2025-09-13 19:48:12,201 - INFO - Batch 1130/2278: Loss=1.2466, Cls=0.0583, Reg=0.0000, Con=3.9608
2025-09-13 19:48:13,073 - INFO - Batch 1140/2278: Loss=1.4829, Cls=0.2947, Reg=0.0000, Con=3.9608
2025-09-13 19:48:13,940 - INFO - Batch 1150/2278: Loss=1.1893, Cls=0.0009, Reg=0.0000, Con=3.9611
2025-09-13 19:48:14,828 - INFO - Batch 1160/2278: Loss=1.2553, Cls=0.0670, Reg=0.0000, Con=3.9609
2025-09-13 19:48:15,697 - INFO - Batch 1170/2278: Loss=0.8666, Cls=0.8666, Reg=0.0000, Con=0.0000
2025-09-13 19:48:16,597 - INFO - Batch 1180/2278: Loss=1.1889, Cls=0.0007, Reg=0.0000, Con=3.9609
2025-09-13 19:48:17,487 - INFO - Batch 1190/2278: Loss=1.2217, Cls=0.0334, Reg=0.0000, Con=3.9609
2025-09-13 19:48:18,370 - INFO - Batch 1200/2278: Loss=0.3938, Cls=0.3938, Reg=0.0000, Con=0.0000
2025-09-13 19:48:19,278 - INFO - Batch 1210/2278: Loss=1.1942, Cls=0.0059, Reg=0.0000, Con=3.9610
2025-09-13 19:48:20,150 - INFO - Batch 1220/2278: Loss=0.0028, Cls=0.0028, Reg=0.0000, Con=0.0000
2025-09-13 19:48:21,026 - INFO - Batch 1230/2278: Loss=1.1996, Cls=0.0113, Reg=0.0000, Con=3.9609
2025-09-13 19:48:21,926 - INFO - Batch 1240/2278: Loss=1.1883, Cls=0.0000, Reg=0.0000, Con=3.9609
2025-09-13 19:48:22,800 - INFO - Batch 1250/2278: Loss=0.0000, Cls=0.0000, Reg=0.0000, Con=0.0000
2025-09-13 19:48:23,673 - INFO - Batch 1260/2278: Loss=0.9611, Cls=0.9611, Reg=0.0000, Con=0.0000
2025-09-13 19:48:24,549 - INFO - Batch 1270/2278: Loss=1.1896, Cls=0.0014, Reg=0.0000, Con=3.9609
2025-09-13 19:48:25,412 - INFO - Batch 1280/2278: Loss=1.1637, Cls=1.1637, Reg=0.0000, Con=0.0000
2025-09-13 19:48:26,291 - INFO - Batch 1290/2278: Loss=0.0800, Cls=0.0800, Reg=0.0000, Con=0.0000
2025-09-13 19:48:27,178 - INFO - Batch 1300/2278: Loss=4.3833, Cls=3.1950, Reg=0.0000, Con=3.9610
2025-09-13 19:48:28,080 - INFO - Batch 1310/2278: Loss=1.1918, Cls=0.0034, Reg=0.0000, Con=3.9611
2025-09-13 19:48:28,974 - INFO - Batch 1320/2278: Loss=2.6296, Cls=2.6296, Reg=0.0000, Con=0.0000
2025-09-13 19:48:29,829 - INFO - Batch 1330/2278: Loss=1.1948, Cls=0.0064, Reg=0.0000, Con=3.9613
2025-09-13 19:48:30,735 - INFO - Batch 1340/2278: Loss=1.1882, Cls=0.0000, Reg=0.0000, Con=3.9608
2025-09-13 19:48:31,651 - INFO - Batch 1350/2278: Loss=0.0033, Cls=0.0033, Reg=0.0000, Con=0.0000
2025-09-13 19:48:32,522 - INFO - Batch 1360/2278: Loss=1.2254, Cls=0.0371, Reg=0.0000, Con=3.9610
2025-09-13 19:48:33,407 - INFO - Batch 1370/2278: Loss=1.1882, Cls=0.0000, Reg=0.0000, Con=3.9608
2025-09-13 19:48:34,304 - INFO - Batch 1380/2278: Loss=1.2864, Cls=0.0981, Reg=0.0000, Con=3.9608
2025-09-13 19:48:35,168 - INFO - Batch 1390/2278: Loss=1.2136, Cls=0.0253, Reg=0.0000, Con=3.9608
2025-09-13 19:48:36,053 - INFO - Batch 1400/2278: Loss=1.2321, Cls=0.0438, Reg=0.0000, Con=3.9609
2025-09-13 19:48:36,967 - INFO - Batch 1410/2278: Loss=1.2384, Cls=0.0500, Reg=0.0000, Con=3.9612
2025-09-13 19:48:37,832 - INFO - Batch 1420/2278: Loss=0.0075, Cls=0.0075, Reg=0.0000, Con=0.0000
2025-09-13 19:48:38,719 - INFO - Batch 1430/2278: Loss=1.6998, Cls=0.5115, Reg=0.0000, Con=3.9609
2025-09-13 19:48:39,611 - INFO - Batch 1440/2278: Loss=1.1883, Cls=0.0000, Reg=0.0000, Con=3.9609
2025-09-13 19:48:40,510 - INFO - Batch 1450/2278: Loss=1.1887, Cls=0.0004, Reg=0.0000, Con=3.9608
2025-09-13 19:48:41,403 - INFO - Batch 1460/2278: Loss=0.0002, Cls=0.0002, Reg=0.0000, Con=0.0000
2025-09-13 19:48:42,282 - INFO - Batch 1470/2278: Loss=1.1883, Cls=0.0000, Reg=0.0000, Con=3.9609
2025-09-13 19:48:43,162 - INFO - Batch 1480/2278: Loss=1.1930, Cls=0.0048, Reg=0.0000, Con=3.9607
2025-09-13 19:48:44,055 - INFO - Batch 1490/2278: Loss=1.1883, Cls=0.0001, Reg=0.0000, Con=3.9609
2025-09-13 19:48:44,955 - INFO - Batch 1500/2278: Loss=1.2289, Cls=0.0406, Reg=0.0000, Con=3.9609
2025-09-13 19:48:45,859 - INFO - Batch 1510/2278: Loss=0.0000, Cls=0.0000, Reg=0.0000, Con=0.0000
2025-09-13 19:48:46,779 - INFO - Batch 1520/2278: Loss=2.6781, Cls=1.4898, Reg=0.0000, Con=3.9608
2025-09-13 19:48:47,655 - INFO - Batch 1530/2278: Loss=1.1937, Cls=0.0054, Reg=0.0000, Con=3.9608
2025-09-13 19:48:48,522 - INFO - Batch 1540/2278: Loss=1.1930, Cls=0.0048, Reg=0.0000, Con=3.9609
2025-09-13 19:48:49,407 - INFO - Batch 1550/2278: Loss=1.1889, Cls=0.0006, Reg=0.0000, Con=3.9610
2025-09-13 19:48:50,287 - INFO - Batch 1560/2278: Loss=1.2982, Cls=0.1099, Reg=0.0000, Con=3.9609
2025-09-13 19:48:51,175 - INFO - Batch 1570/2278: Loss=1.1893, Cls=0.0010, Reg=0.0000, Con=3.9608
2025-09-13 19:48:52,082 - INFO - Batch 1580/2278: Loss=1.1890, Cls=0.0008, Reg=0.0000, Con=3.9608
2025-09-13 19:48:52,954 - INFO - Batch 1590/2278: Loss=3.1806, Cls=1.9923, Reg=0.0000, Con=3.9609
2025-09-13 19:48:53,830 - INFO - Batch 1600/2278: Loss=1.1883, Cls=0.0000, Reg=0.0000, Con=3.9608
2025-09-13 19:48:54,688 - INFO - Batch 1610/2278: Loss=0.0100, Cls=0.0100, Reg=0.0000, Con=0.0000
2025-09-13 19:48:55,557 - INFO - Batch 1620/2278: Loss=0.0013, Cls=0.0013, Reg=0.0000, Con=0.0000
2025-09-13 19:48:56,440 - INFO - Batch 1630/2278: Loss=1.1882, Cls=0.0000, Reg=0.0000, Con=3.9608
2025-09-13 19:48:57,313 - INFO - Batch 1640/2278: Loss=2.5209, Cls=2.5209, Reg=0.0000, Con=0.0000
2025-09-13 19:48:58,179 - INFO - Batch 1650/2278: Loss=0.8521, Cls=0.8521, Reg=0.0000, Con=0.0000
2025-09-13 19:48:59,062 - INFO - Batch 1660/2278: Loss=0.0394, Cls=0.0394, Reg=0.0000, Con=0.0000
2025-09-13 19:48:59,911 - INFO - Batch 1670/2278: Loss=1.1884, Cls=0.0000, Reg=0.0000, Con=3.9612
2025-09-13 19:49:00,817 - INFO - Batch 1680/2278: Loss=0.0056, Cls=0.0056, Reg=0.0000, Con=0.0000
2025-09-13 19:49:01,696 - INFO - Batch 1690/2278: Loss=1.1921, Cls=0.0038, Reg=0.0000, Con=3.9612
2025-09-13 19:49:02,564 - INFO - Batch 1700/2278: Loss=1.7805, Cls=0.5921, Reg=0.0000, Con=3.9612
2025-09-13 19:49:03,465 - INFO - Batch 1710/2278: Loss=3.0177, Cls=3.0177, Reg=0.0000, Con=0.0000
2025-09-13 19:49:04,347 - INFO - Batch 1720/2278: Loss=1.1951, Cls=0.0069, Reg=0.0000, Con=3.9608
2025-09-13 19:49:05,216 - INFO - Batch 1730/2278: Loss=0.0006, Cls=0.0006, Reg=0.0000, Con=0.0000
2025-09-13 19:49:06,120 - INFO - Batch 1740/2278: Loss=0.0000, Cls=0.0000, Reg=0.0000, Con=0.0000
2025-09-13 19:49:06,996 - INFO - Batch 1750/2278: Loss=1.1883, Cls=0.0000, Reg=0.0000, Con=3.9609
2025-09-13 19:49:07,876 - INFO - Batch 1760/2278: Loss=1.1901, Cls=0.0018, Reg=0.0000, Con=3.9609
2025-09-13 19:49:08,766 - INFO - Batch 1770/2278: Loss=1.1882, Cls=0.0000, Reg=0.0000, Con=3.9608
2025-09-13 19:49:09,638 - INFO - Batch 1780/2278: Loss=1.1891, Cls=0.0008, Reg=0.0000, Con=3.9608
2025-09-13 19:49:10,527 - INFO - Batch 1790/2278: Loss=0.0000, Cls=0.0000, Reg=0.0000, Con=0.0000
2025-09-13 19:49:11,423 - INFO - Batch 1800/2278: Loss=0.1307, Cls=0.1307, Reg=0.0000, Con=0.0000
2025-09-13 19:49:12,322 - INFO - Batch 1810/2278: Loss=0.9676, Cls=0.9676, Reg=0.0000, Con=0.0000
2025-09-13 19:49:13,196 - INFO - Batch 1820/2278: Loss=1.1932, Cls=0.0049, Reg=0.0000, Con=3.9611
2025-09-13 19:49:14,081 - INFO - Batch 1830/2278: Loss=0.0041, Cls=0.0041, Reg=0.0000, Con=0.0000
2025-09-13 19:49:14,948 - INFO - Batch 1840/2278: Loss=0.0926, Cls=0.0926, Reg=0.0000, Con=0.0000
2025-09-13 19:49:15,861 - INFO - Batch 1850/2278: Loss=1.2112, Cls=0.0230, Reg=0.0000, Con=3.9608
2025-09-13 19:49:16,745 - INFO - Batch 1860/2278: Loss=0.0012, Cls=0.0012, Reg=0.0000, Con=0.0000
2025-09-13 19:49:17,616 - INFO - Batch 1870/2278: Loss=1.1883, Cls=0.0000, Reg=0.0000, Con=3.9608
2025-09-13 19:49:18,504 - INFO - Batch 1880/2278: Loss=0.0000, Cls=0.0000, Reg=0.0000, Con=0.0000
2025-09-13 19:49:19,402 - INFO - Batch 1890/2278: Loss=1.1903, Cls=0.0020, Reg=0.0000, Con=3.9609
2025-09-13 19:49:20,266 - INFO - Batch 1900/2278: Loss=0.0515, Cls=0.0515, Reg=0.0000, Con=0.0000
2025-09-13 19:49:21,120 - INFO - Batch 1910/2278: Loss=0.1454, Cls=0.1454, Reg=0.0000, Con=0.0000
2025-09-13 19:49:22,027 - INFO - Batch 1920/2278: Loss=1.2200, Cls=0.0318, Reg=0.0000, Con=3.9607
2025-09-13 19:49:22,902 - INFO - Batch 1930/2278: Loss=3.1460, Cls=1.9578, Reg=0.0000, Con=3.9607
2025-09-13 19:49:23,781 - INFO - Batch 1940/2278: Loss=4.0406, Cls=2.8523, Reg=0.0000, Con=3.9608
2025-09-13 19:49:24,634 - INFO - Batch 1950/2278: Loss=1.1892, Cls=0.0009, Reg=0.0000, Con=3.9608
2025-09-13 19:49:25,511 - INFO - Batch 1960/2278: Loss=1.1914, Cls=0.0031, Reg=0.0000, Con=3.9609
2025-09-13 19:49:26,386 - INFO - Batch 1970/2278: Loss=1.1883, Cls=0.0000, Reg=0.0000, Con=3.9611
2025-09-13 19:49:27,277 - INFO - Batch 1980/2278: Loss=1.3722, Cls=0.1840, Reg=0.0000, Con=3.9608
2025-09-13 19:49:28,172 - INFO - Batch 1990/2278: Loss=1.1902, Cls=0.0018, Reg=0.0000, Con=3.9615
2025-09-13 19:49:29,034 - INFO - Batch 2000/2278: Loss=1.3688, Cls=1.3688, Reg=0.0000, Con=0.0000
2025-09-13 19:49:29,913 - INFO - Batch 2010/2278: Loss=1.1908, Cls=0.0025, Reg=0.0000, Con=3.9608
2025-09-13 19:49:30,777 - INFO - Batch 2020/2278: Loss=1.2178, Cls=0.0295, Reg=0.0000, Con=3.9608
2025-09-13 19:49:31,648 - INFO - Batch 2030/2278: Loss=1.1882, Cls=0.0000, Reg=0.0000, Con=3.9607
2025-09-13 19:49:32,532 - INFO - Batch 2040/2278: Loss=1.2007, Cls=0.0124, Reg=0.0000, Con=3.9609
2025-09-13 19:49:33,415 - INFO - Batch 2050/2278: Loss=1.1886, Cls=0.0004, Reg=0.0000, Con=3.9608
2025-09-13 19:49:34,268 - INFO - Batch 2060/2278: Loss=0.0007, Cls=0.0007, Reg=0.0000, Con=0.0000
2025-09-13 19:49:35,175 - INFO - Batch 2070/2278: Loss=1.2048, Cls=0.0165, Reg=0.0000, Con=3.9611
2025-09-13 19:49:36,075 - INFO - Batch 2080/2278: Loss=1.2064, Cls=0.0181, Reg=0.0000, Con=3.9610
2025-09-13 19:49:36,957 - INFO - Batch 2090/2278: Loss=1.1940, Cls=0.0056, Reg=0.0000, Con=3.9612
2025-09-13 19:49:37,830 - INFO - Batch 2100/2278: Loss=1.1924, Cls=0.0041, Reg=0.0000, Con=3.9611
2025-09-13 19:49:38,703 - INFO - Batch 2110/2278: Loss=1.1883, Cls=0.0000, Reg=0.0000, Con=3.9609
2025-09-13 19:49:39,575 - INFO - Batch 2120/2278: Loss=0.0008, Cls=0.0008, Reg=0.0000, Con=0.0000
2025-09-13 19:49:40,459 - INFO - Batch 2130/2278: Loss=1.2051, Cls=0.0169, Reg=0.0000, Con=3.9606
2025-09-13 19:49:41,343 - INFO - Batch 2140/2278: Loss=1.1883, Cls=0.0000, Reg=0.0000, Con=3.9608
2025-09-13 19:49:42,250 - INFO - Batch 2150/2278: Loss=1.2201, Cls=0.0319, Reg=0.0000, Con=3.9607
2025-09-13 19:49:43,117 - INFO - Batch 2160/2278: Loss=1.1885, Cls=0.0003, Reg=0.0000, Con=3.9608
2025-09-13 19:49:43,977 - INFO - Batch 2170/2278: Loss=1.1885, Cls=0.0003, Reg=0.0000, Con=3.9609
2025-09-13 19:49:44,848 - INFO - Batch 2180/2278: Loss=0.0027, Cls=0.0027, Reg=0.0000, Con=0.0000
2025-09-13 19:49:45,732 - INFO - Batch 2190/2278: Loss=0.0000, Cls=0.0000, Reg=0.0000, Con=0.0000
2025-09-13 19:49:46,632 - INFO - Batch 2200/2278: Loss=1.1891, Cls=0.0009, Reg=0.0000, Con=3.9605
2025-09-13 19:49:47,525 - INFO - Batch 2210/2278: Loss=1.2009, Cls=0.0126, Reg=0.0000, Con=3.9609
2025-09-13 19:49:48,418 - INFO - Batch 2220/2278: Loss=1.2830, Cls=0.0947, Reg=0.0000, Con=3.9610
2025-09-13 19:49:49,298 - INFO - Batch 2230/2278: Loss=0.0001, Cls=0.0001, Reg=0.0000, Con=0.0000
2025-09-13 19:49:50,217 - INFO - Batch 2240/2278: Loss=0.0000, Cls=0.0000, Reg=0.0000, Con=0.0000
2025-09-13 19:49:51,104 - INFO - Batch 2250/2278: Loss=1.2055, Cls=0.0172, Reg=0.0000, Con=3.9609
2025-09-13 19:49:52,036 - INFO - Batch 2260/2278: Loss=1.2055, Cls=0.0173, Reg=0.0000, Con=3.9608
2025-09-13 19:49:53,004 - INFO - Batch 2270/2278: Loss=0.0080, Cls=0.0080, Reg=0.0000, Con=0.0000
2025-09-13 19:53:20,623 - INFO - === Epoch 1 Results ===
2025-09-13 19:53:20,623 - INFO - Training Loss: 0.9992 (Classification: 0.2298, Regression: 0.0000)
2025-09-13 19:53:20,623 - INFO - Validation Loss: 0.0790 (Classification: 0.0790, Regression: 0.0000)
2025-09-13 19:53:20,623 - INFO - Average Classification Accuracy: 0.9160 (on 1/26 tasks)
2025-09-13 19:53:20,623 - INFO - Average AUC: 0.8770
2025-09-13 19:53:21,151 - INFO - Best model saved to: experiments/r1c3_single_cls_16_seed_42_20250913_194629/checkpoints/r1c3_single_cls_16_seed_42_best.pth
2025-09-13 19:53:21,151 - INFO - 
Epoch 2/3
2025-09-13 19:53:21,259 - INFO - Batch 0/2278: Loss=1.6345, Cls=1.6345, Reg=0.0000, Con=0.0000
2025-09-13 19:53:22,266 - INFO - Batch 10/2278: Loss=1.1881, Cls=0.0000, Reg=0.0000, Con=3.9604
2025-09-13 19:53:23,171 - INFO - Batch 20/2278: Loss=1.2110, Cls=0.0227, Reg=0.0000, Con=3.9610
2025-09-13 19:53:24,062 - INFO - Batch 30/2278: Loss=1.1883, Cls=0.0000, Reg=0.0000, Con=3.9608
2025-09-13 19:53:24,966 - INFO - Batch 40/2278: Loss=1.1890, Cls=0.0007, Reg=0.0000, Con=3.9608
2025-09-13 19:53:25,917 - INFO - Batch 50/2278: Loss=0.0016, Cls=0.0016, Reg=0.0000, Con=0.0000
2025-09-13 19:53:26,801 - INFO - Batch 60/2278: Loss=1.2271, Cls=0.0389, Reg=0.0000, Con=3.9608
2025-09-13 19:53:27,717 - INFO - Batch 70/2278: Loss=1.1891, Cls=0.0009, Reg=0.0000, Con=3.9607
2025-09-13 19:53:28,623 - INFO - Batch 80/2278: Loss=1.1883, Cls=0.0000, Reg=0.0000, Con=3.9609
2025-09-13 19:53:29,537 - INFO - Batch 90/2278: Loss=0.0178, Cls=0.0178, Reg=0.0000, Con=0.0000
2025-09-13 19:53:30,438 - INFO - Batch 100/2278: Loss=1.1915, Cls=0.0032, Reg=0.0000, Con=3.9609
2025-09-13 19:53:31,341 - INFO - Batch 110/2278: Loss=1.1889, Cls=0.0006, Reg=0.0000, Con=3.9609
2025-09-13 19:53:32,232 - INFO - Batch 120/2278: Loss=0.0018, Cls=0.0018, Reg=0.0000, Con=0.0000
2025-09-13 19:53:33,125 - INFO - Batch 130/2278: Loss=1.1888, Cls=0.0006, Reg=0.0000, Con=3.9607
2025-09-13 19:53:34,021 - INFO - Batch 140/2278: Loss=1.5489, Cls=0.3606, Reg=0.0000, Con=3.9609
2025-09-13 19:53:34,926 - INFO - Batch 150/2278: Loss=1.9868, Cls=0.7984, Reg=0.0000, Con=3.9611
2025-09-13 19:53:35,820 - INFO - Batch 160/2278: Loss=1.1896, Cls=0.0013, Reg=0.0000, Con=3.9609
2025-09-13 19:53:36,702 - INFO - Batch 170/2278: Loss=0.0000, Cls=0.0000, Reg=0.0000, Con=0.0000
2025-09-13 19:53:37,626 - INFO - Batch 180/2278: Loss=2.0508, Cls=0.8625, Reg=0.0000, Con=3.9609
2025-09-13 19:53:38,536 - INFO - Batch 190/2278: Loss=0.0000, Cls=0.0000, Reg=0.0000, Con=0.0000
2025-09-13 19:53:39,445 - INFO - Batch 200/2278: Loss=1.4583, Cls=0.2701, Reg=0.0000, Con=3.9608
2025-09-13 19:53:40,322 - INFO - Batch 210/2278: Loss=1.1893, Cls=0.0010, Reg=0.0000, Con=3.9609
2025-09-13 19:53:41,223 - INFO - Batch 220/2278: Loss=0.0000, Cls=0.0000, Reg=0.0000, Con=0.0000
2025-09-13 19:53:42,122 - INFO - Batch 230/2278: Loss=0.0004, Cls=0.0004, Reg=0.0000, Con=0.0000
2025-09-13 19:53:43,025 - INFO - Batch 240/2278: Loss=0.0506, Cls=0.0506, Reg=0.0000, Con=0.0000
2025-09-13 19:53:43,923 - INFO - Batch 250/2278: Loss=0.0002, Cls=0.0002, Reg=0.0000, Con=0.0000
2025-09-13 19:53:44,830 - INFO - Batch 260/2278: Loss=0.0073, Cls=0.0073, Reg=0.0000, Con=0.0000
2025-09-13 19:53:45,758 - INFO - Batch 270/2278: Loss=1.1883, Cls=0.0000, Reg=0.0000, Con=3.9608
2025-09-13 19:53:46,652 - INFO - Batch 280/2278: Loss=1.1905, Cls=0.0023, Reg=0.0000, Con=3.9609
2025-09-13 19:53:47,541 - INFO - Batch 290/2278: Loss=1.1954, Cls=0.0072, Reg=0.0000, Con=3.9609
2025-09-13 19:53:48,444 - INFO - Batch 300/2278: Loss=1.2559, Cls=0.0676, Reg=0.0000, Con=3.9609
2025-09-13 19:53:49,358 - INFO - Batch 310/2278: Loss=1.2285, Cls=0.0402, Reg=0.0000, Con=3.9608
2025-09-13 19:53:50,307 - INFO - Batch 320/2278: Loss=0.0000, Cls=0.0000, Reg=0.0000, Con=0.0000
2025-09-13 19:53:51,276 - INFO - Batch 330/2278: Loss=1.6131, Cls=0.4249, Reg=0.0000, Con=3.9609
2025-09-13 19:53:52,167 - INFO - Batch 340/2278: Loss=1.1883, Cls=0.0000, Reg=0.0000, Con=3.9609
2025-09-13 19:53:53,093 - INFO - Batch 350/2278: Loss=1.1884, Cls=0.0001, Reg=0.0000, Con=3.9609
2025-09-13 19:53:54,027 - INFO - Batch 360/2278: Loss=1.1885, Cls=0.0002, Reg=0.0000, Con=3.9609
2025-09-13 19:53:54,955 - INFO - Batch 370/2278: Loss=1.1893, Cls=0.0011, Reg=0.0000, Con=3.9609
2025-09-13 19:53:55,972 - INFO - Batch 380/2278: Loss=1.1893, Cls=0.0011, Reg=0.0000, Con=3.9608
2025-09-13 19:53:56,904 - INFO - Batch 390/2278: Loss=1.1884, Cls=0.0002, Reg=0.0000, Con=3.9609
2025-09-13 19:53:57,814 - INFO - Batch 400/2278: Loss=0.0000, Cls=0.0000, Reg=0.0000, Con=0.0000
2025-09-13 19:53:58,745 - INFO - Batch 410/2278: Loss=2.9476, Cls=1.7594, Reg=0.0000, Con=3.9608
2025-09-13 19:53:59,670 - INFO - Batch 420/2278: Loss=0.1567, Cls=0.1567, Reg=0.0000, Con=0.0000
2025-09-13 19:54:00,575 - INFO - Batch 430/2278: Loss=6.1128, Cls=6.1128, Reg=0.0000, Con=0.0000
2025-09-13 19:54:01,470 - INFO - Batch 440/2278: Loss=1.7252, Cls=0.5370, Reg=0.0000, Con=3.9608
2025-09-13 19:54:02,372 - INFO - Batch 450/2278: Loss=1.1888, Cls=0.0006, Reg=0.0000, Con=3.9607
2025-09-13 19:54:03,298 - INFO - Batch 460/2278: Loss=0.1113, Cls=0.1113, Reg=0.0000, Con=0.0000
2025-09-13 19:54:04,227 - INFO - Batch 470/2278: Loss=1.4339, Cls=0.2456, Reg=0.0000, Con=3.9608
2025-09-13 19:54:05,119 - INFO - Batch 480/2278: Loss=0.0000, Cls=0.0000, Reg=0.0000, Con=0.0000
2025-09-13 19:54:06,037 - INFO - Batch 490/2278: Loss=1.2616, Cls=0.0733, Reg=0.0000, Con=3.9610
2025-09-13 19:54:06,939 - INFO - Batch 500/2278: Loss=1.1961, Cls=0.0079, Reg=0.0000, Con=3.9607
2025-09-13 19:54:07,838 - INFO - Batch 510/2278: Loss=2.2604, Cls=1.0722, Reg=0.0000, Con=3.9607
2025-09-13 19:54:08,752 - INFO - Batch 520/2278: Loss=1.1889, Cls=0.0006, Reg=0.0000, Con=3.9607
2025-09-13 19:54:09,649 - INFO - Batch 530/2278: Loss=1.2754, Cls=0.0872, Reg=0.0000, Con=3.9608
2025-09-13 19:54:10,535 - INFO - Batch 540/2278: Loss=1.2870, Cls=0.0986, Reg=0.0000, Con=3.9610
2025-09-13 19:54:11,425 - INFO - Batch 550/2278: Loss=1.6919, Cls=0.5037, Reg=0.0000, Con=3.9607
2025-09-13 19:54:12,336 - INFO - Batch 560/2278: Loss=2.6533, Cls=2.6533, Reg=0.0000, Con=0.0000
2025-09-13 19:54:13,224 - INFO - Batch 570/2278: Loss=1.1882, Cls=0.0000, Reg=0.0000, Con=3.9608
2025-09-13 19:54:14,111 - INFO - Batch 580/2278: Loss=0.0168, Cls=0.0168, Reg=0.0000, Con=0.0000
2025-09-13 19:54:15,049 - INFO - Batch 590/2278: Loss=1.2080, Cls=0.0197, Reg=0.0000, Con=3.9608
2025-09-13 19:54:16,014 - INFO - Batch 600/2278: Loss=0.0000, Cls=0.0000, Reg=0.0000, Con=0.0000
2025-09-13 19:54:16,934 - INFO - Batch 610/2278: Loss=1.1889, Cls=0.0007, Reg=0.0000, Con=3.9608
2025-09-13 19:54:17,869 - INFO - Batch 620/2278: Loss=7.3866, Cls=6.1984, Reg=0.0000, Con=3.9608
2025-09-13 19:54:18,794 - INFO - Batch 630/2278: Loss=0.0042, Cls=0.0042, Reg=0.0000, Con=0.0000
2025-09-13 19:54:19,715 - INFO - Batch 640/2278: Loss=0.0453, Cls=0.0453, Reg=0.0000, Con=0.0000
2025-09-13 19:54:20,620 - INFO - Batch 650/2278: Loss=0.0000, Cls=0.0000, Reg=0.0000, Con=0.0000
2025-09-13 19:54:21,516 - INFO - Batch 660/2278: Loss=1.2051, Cls=0.0168, Reg=0.0000, Con=3.9607
2025-09-13 19:54:22,424 - INFO - Batch 670/2278: Loss=1.1906, Cls=0.0024, Reg=0.0000, Con=3.9609
2025-09-13 19:54:23,317 - INFO - Batch 680/2278: Loss=1.2145, Cls=0.0263, Reg=0.0000, Con=3.9608
2025-09-13 19:54:24,199 - INFO - Batch 690/2278: Loss=1.1884, Cls=0.0000, Reg=0.0000, Con=3.9613
2025-09-13 19:54:25,095 - INFO - Batch 700/2278: Loss=0.0005, Cls=0.0005, Reg=0.0000, Con=0.0000
2025-09-13 19:54:25,969 - INFO - Batch 710/2278: Loss=1.1887, Cls=0.0004, Reg=0.0000, Con=3.9610
2025-09-13 19:54:26,862 - INFO - Batch 720/2278: Loss=2.7367, Cls=1.5485, Reg=0.0000, Con=3.9609
2025-09-13 19:54:27,793 - INFO - Batch 730/2278: Loss=1.2052, Cls=0.0169, Reg=0.0000, Con=3.9612
2025-09-13 19:54:28,691 - INFO - Batch 740/2278: Loss=1.1898, Cls=0.0014, Reg=0.0000, Con=3.9610
2025-09-13 19:54:29,591 - INFO - Batch 750/2278: Loss=0.0004, Cls=0.0004, Reg=0.0000, Con=0.0000
2025-09-13 19:54:30,506 - INFO - Batch 760/2278: Loss=0.0082, Cls=0.0082, Reg=0.0000, Con=0.0000
2025-09-13 19:54:31,382 - INFO - Batch 770/2278: Loss=1.1884, Cls=0.0001, Reg=0.0000, Con=3.9608
2025-09-13 19:54:32,278 - INFO - Batch 780/2278: Loss=0.0009, Cls=0.0009, Reg=0.0000, Con=0.0000
2025-09-13 19:54:33,186 - INFO - Batch 790/2278: Loss=2.3224, Cls=1.1341, Reg=0.0000, Con=3.9609
2025-09-13 19:54:34,104 - INFO - Batch 800/2278: Loss=0.0000, Cls=0.0000, Reg=0.0000, Con=0.0000
2025-09-13 19:54:35,011 - INFO - Batch 810/2278: Loss=0.0074, Cls=0.0074, Reg=0.0000, Con=0.0000
2025-09-13 19:54:35,906 - INFO - Batch 820/2278: Loss=1.7729, Cls=0.5846, Reg=0.0000, Con=3.9608
2025-09-13 19:54:36,812 - INFO - Batch 830/2278: Loss=1.1885, Cls=0.0003, Reg=0.0000, Con=3.9607
2025-09-13 19:54:37,712 - INFO - Batch 840/2278: Loss=1.2344, Cls=0.0461, Reg=0.0000, Con=3.9608
2025-09-13 19:54:38,595 - INFO - Batch 850/2278: Loss=0.0023, Cls=0.0023, Reg=0.0000, Con=0.0000
2025-09-13 19:54:39,503 - INFO - Batch 860/2278: Loss=1.1883, Cls=0.0000, Reg=0.0000, Con=3.9608
2025-09-13 19:54:40,384 - INFO - Batch 870/2278: Loss=0.0025, Cls=0.0025, Reg=0.0000, Con=0.0000
2025-09-13 19:54:41,266 - INFO - Batch 880/2278: Loss=0.0004, Cls=0.0004, Reg=0.0000, Con=0.0000
2025-09-13 19:54:42,149 - INFO - Batch 890/2278: Loss=1.1922, Cls=0.0039, Reg=0.0000, Con=3.9609
2025-09-13 19:54:43,040 - INFO - Batch 900/2278: Loss=0.2014, Cls=0.2014, Reg=0.0000, Con=0.0000
2025-09-13 19:54:43,975 - INFO - Batch 910/2278: Loss=0.0169, Cls=0.0169, Reg=0.0000, Con=0.0000
2025-09-13 19:54:44,865 - INFO - Batch 920/2278: Loss=1.1884, Cls=0.0000, Reg=0.0000, Con=3.9611
2025-09-13 19:54:45,743 - INFO - Batch 930/2278: Loss=1.1896, Cls=0.0013, Reg=0.0000, Con=3.9609
2025-09-13 19:54:46,630 - INFO - Batch 940/2278: Loss=0.0001, Cls=0.0001, Reg=0.0000, Con=0.0000
2025-09-13 19:54:47,516 - INFO - Batch 950/2278: Loss=1.5142, Cls=1.5142, Reg=0.0000, Con=0.0000
2025-09-13 19:54:48,472 - INFO - Batch 960/2278: Loss=0.0000, Cls=0.0000, Reg=0.0000, Con=0.0000
2025-09-13 19:54:49,515 - INFO - Batch 970/2278: Loss=5.2512, Cls=5.2512, Reg=0.0000, Con=0.0000
2025-09-13 19:54:50,412 - INFO - Batch 980/2278: Loss=1.2197, Cls=0.0314, Reg=0.0000, Con=3.9609
2025-09-13 19:54:51,301 - INFO - Batch 990/2278: Loss=1.1882, Cls=0.0000, Reg=0.0000, Con=3.9606
2025-09-13 19:54:52,195 - INFO - Batch 1000/2278: Loss=1.2001, Cls=0.0119, Reg=0.0000, Con=3.9609
2025-09-13 19:54:53,073 - INFO - Batch 1010/2278: Loss=1.1883, Cls=0.0000, Reg=0.0000, Con=3.9609
2025-09-13 19:54:53,947 - INFO - Batch 1020/2278: Loss=1.1910, Cls=0.0026, Reg=0.0000, Con=3.9615
2025-09-13 19:54:54,846 - INFO - Batch 1030/2278: Loss=3.1963, Cls=2.0081, Reg=0.0000, Con=3.9609
2025-09-13 19:54:55,803 - INFO - Batch 1040/2278: Loss=1.1936, Cls=0.0053, Reg=0.0000, Con=3.9608
2025-09-13 19:54:56,720 - INFO - Batch 1050/2278: Loss=1.1901, Cls=0.0018, Reg=0.0000, Con=3.9611
2025-09-13 19:54:57,600 - INFO - Batch 1060/2278: Loss=1.1883, Cls=0.0000, Reg=0.0000, Con=3.9612
2025-09-13 19:54:58,488 - INFO - Batch 1070/2278: Loss=1.1883, Cls=0.0000, Reg=0.0000, Con=3.9609
2025-09-13 19:54:59,372 - INFO - Batch 1080/2278: Loss=1.3040, Cls=0.1158, Reg=0.0000, Con=3.9609
2025-09-13 19:55:00,309 - INFO - Batch 1090/2278: Loss=1.1926, Cls=0.0044, Reg=0.0000, Con=3.9608
2025-09-13 19:55:01,205 - INFO - Batch 1100/2278: Loss=1.1979, Cls=0.0096, Reg=0.0000, Con=3.9608
2025-09-13 19:55:02,103 - INFO - Batch 1110/2278: Loss=1.1960, Cls=0.0078, Reg=0.0000, Con=3.9608
2025-09-13 19:55:03,000 - INFO - Batch 1120/2278: Loss=1.2126, Cls=0.0244, Reg=0.0000, Con=3.9608
2025-09-13 19:55:03,888 - INFO - Batch 1130/2278: Loss=0.0002, Cls=0.0002, Reg=0.0000, Con=0.0000
2025-09-13 19:55:04,876 - INFO - Batch 1140/2278: Loss=0.0035, Cls=0.0035, Reg=0.0000, Con=0.0000
2025-09-13 19:55:05,783 - INFO - Batch 1150/2278: Loss=2.4125, Cls=1.2242, Reg=0.0000, Con=3.9609
2025-09-13 19:55:06,737 - INFO - Batch 1160/2278: Loss=1.1882, Cls=0.0000, Reg=0.0000, Con=3.9607
2025-09-13 19:55:07,698 - INFO - Batch 1170/2278: Loss=0.0829, Cls=0.0829, Reg=0.0000, Con=0.0000
2025-09-13 19:55:08,615 - INFO - Batch 1180/2278: Loss=1.1883, Cls=0.0001, Reg=0.0000, Con=3.9609
2025-09-13 19:55:09,502 - INFO - Batch 1190/2278: Loss=1.2103, Cls=0.0220, Reg=0.0000, Con=3.9610
2025-09-13 19:55:10,398 - INFO - Batch 1200/2278: Loss=1.1883, Cls=0.0000, Reg=0.0000, Con=3.9609
2025-09-13 19:55:11,294 - INFO - Batch 1210/2278: Loss=1.2654, Cls=0.0771, Reg=0.0000, Con=3.9608
2025-09-13 19:55:12,201 - INFO - Batch 1220/2278: Loss=0.0010, Cls=0.0010, Reg=0.0000, Con=0.0000
2025-09-13 19:55:13,125 - INFO - Batch 1230/2278: Loss=1.1896, Cls=0.0014, Reg=0.0000, Con=3.9609
2025-09-13 19:55:14,023 - INFO - Batch 1240/2278: Loss=1.1883, Cls=0.0000, Reg=0.0000, Con=3.9609
2025-09-13 19:55:15,031 - INFO - Batch 1250/2278: Loss=0.0000, Cls=0.0000, Reg=0.0000, Con=0.0000
2025-09-13 19:55:15,954 - INFO - Batch 1260/2278: Loss=1.1883, Cls=0.0001, Reg=0.0000, Con=3.9607
2025-09-13 19:55:16,862 - INFO - Batch 1270/2278: Loss=1.0554, Cls=1.0554, Reg=0.0000, Con=0.0000
2025-09-13 19:55:17,876 - INFO - Batch 1280/2278: Loss=1.1887, Cls=0.0004, Reg=0.0000, Con=3.9608
2025-09-13 19:55:18,835 - INFO - Batch 1290/2278: Loss=1.9202, Cls=0.7319, Reg=0.0000, Con=3.9610
2025-09-13 19:55:19,753 - INFO - Batch 1300/2278: Loss=1.1999, Cls=0.0116, Reg=0.0000, Con=3.9610
2025-09-13 19:55:20,670 - INFO - Batch 1310/2278: Loss=0.0017, Cls=0.0017, Reg=0.0000, Con=0.0000
2025-09-13 19:55:21,575 - INFO - Batch 1320/2278: Loss=1.2231, Cls=0.0348, Reg=0.0000, Con=3.9609
2025-09-13 19:55:22,500 - INFO - Batch 1330/2278: Loss=1.1885, Cls=0.0003, Reg=0.0000, Con=3.9609
2025-09-13 19:55:23,441 - INFO - Batch 1340/2278: Loss=0.0007, Cls=0.0007, Reg=0.0000, Con=0.0000
2025-09-13 19:55:24,350 - INFO - Batch 1350/2278: Loss=7.1454, Cls=7.1454, Reg=0.0000, Con=0.0000
2025-09-13 19:55:25,271 - INFO - Batch 1360/2278: Loss=1.6667, Cls=0.4784, Reg=0.0000, Con=3.9608
2025-09-13 19:55:26,187 - INFO - Batch 1370/2278: Loss=1.3496, Cls=0.1613, Reg=0.0000, Con=3.9608
2025-09-13 19:55:27,112 - INFO - Batch 1380/2278: Loss=1.1883, Cls=0.0000, Reg=0.0000, Con=3.9609
2025-09-13 19:55:28,012 - INFO - Batch 1390/2278: Loss=4.0912, Cls=2.9029, Reg=0.0000, Con=3.9608
2025-09-13 19:55:28,924 - INFO - Batch 1400/2278: Loss=0.0000, Cls=0.0000, Reg=0.0000, Con=0.0000
2025-09-13 19:55:29,819 - INFO - Batch 1410/2278: Loss=1.1901, Cls=0.0019, Reg=0.0000, Con=3.9608
2025-09-13 19:55:30,726 - INFO - Batch 1420/2278: Loss=0.0011, Cls=0.0011, Reg=0.0000, Con=0.0000
2025-09-13 19:55:31,632 - INFO - Batch 1430/2278: Loss=0.5862, Cls=0.5862, Reg=0.0000, Con=0.0000
2025-09-13 19:55:32,586 - INFO - Batch 1440/2278: Loss=1.1885, Cls=0.0001, Reg=0.0000, Con=3.9613
2025-09-13 19:55:33,460 - INFO - Batch 1450/2278: Loss=0.0000, Cls=0.0000, Reg=0.0000, Con=0.0000
2025-09-13 19:55:34,352 - INFO - Batch 1460/2278: Loss=1.1981, Cls=0.0098, Reg=0.0000, Con=3.9609
2025-09-13 19:55:35,255 - INFO - Batch 1470/2278: Loss=1.2009, Cls=0.0127, Reg=0.0000, Con=3.9608
2025-09-13 19:55:36,135 - INFO - Batch 1480/2278: Loss=0.0009, Cls=0.0009, Reg=0.0000, Con=0.0000
2025-09-13 19:55:37,135 - INFO - Batch 1490/2278: Loss=0.0119, Cls=0.0119, Reg=0.0000, Con=0.0000
2025-09-13 19:55:38,035 - INFO - Batch 1500/2278: Loss=0.0422, Cls=0.0422, Reg=0.0000, Con=0.0000
2025-09-13 19:55:38,948 - INFO - Batch 1510/2278: Loss=1.1987, Cls=0.0105, Reg=0.0000, Con=3.9608
2025-09-13 19:55:39,807 - INFO - Batch 1520/2278: Loss=1.2193, Cls=0.0310, Reg=0.0000, Con=3.9608
2025-09-13 19:55:40,702 - INFO - Batch 1530/2278: Loss=1.2846, Cls=0.0963, Reg=0.0000, Con=3.9609
2025-09-13 19:55:41,600 - INFO - Batch 1540/2278: Loss=0.0006, Cls=0.0006, Reg=0.0000, Con=0.0000
2025-09-13 19:55:42,489 - INFO - Batch 1550/2278: Loss=1.1883, Cls=0.0000, Reg=0.0000, Con=3.9609
2025-09-13 19:55:43,397 - INFO - Batch 1560/2278: Loss=1.1926, Cls=0.0043, Reg=0.0000, Con=3.9608
2025-09-13 19:55:44,330 - INFO - Batch 1570/2278: Loss=1.2300, Cls=0.0417, Reg=0.0000, Con=3.9609
2025-09-13 19:55:45,214 - INFO - Batch 1580/2278: Loss=0.0000, Cls=0.0000, Reg=0.0000, Con=0.0000
2025-09-13 19:55:46,125 - INFO - Batch 1590/2278: Loss=0.2511, Cls=0.2511, Reg=0.0000, Con=0.0000
2025-09-13 19:55:47,047 - INFO - Batch 1600/2278: Loss=1.2406, Cls=0.0523, Reg=0.0000, Con=3.9609
2025-09-13 19:55:47,955 - INFO - Batch 1610/2278: Loss=0.0008, Cls=0.0008, Reg=0.0000, Con=0.0000
2025-09-13 19:55:48,869 - INFO - Batch 1620/2278: Loss=1.1910, Cls=0.0027, Reg=0.0000, Con=3.9609
2025-09-13 19:55:49,745 - INFO - Batch 1630/2278: Loss=0.0000, Cls=0.0000, Reg=0.0000, Con=0.0000
2025-09-13 19:55:50,654 - INFO - Batch 1640/2278: Loss=1.1883, Cls=0.0000, Reg=0.0000, Con=3.9609
2025-09-13 19:55:51,558 - INFO - Batch 1650/2278: Loss=0.0009, Cls=0.0009, Reg=0.0000, Con=0.0000
2025-09-13 19:55:52,448 - INFO - Batch 1660/2278: Loss=1.1895, Cls=0.0013, Reg=0.0000, Con=3.9607
2025-09-13 19:55:53,368 - INFO - Batch 1670/2278: Loss=1.1890, Cls=0.0007, Reg=0.0000, Con=3.9608
2025-09-13 19:55:54,264 - INFO - Batch 1680/2278: Loss=1.2198, Cls=0.0314, Reg=0.0000, Con=3.9615
2025-09-13 19:55:55,199 - INFO - Batch 1690/2278: Loss=0.0007, Cls=0.0007, Reg=0.0000, Con=0.0000
2025-09-13 19:55:56,109 - INFO - Batch 1700/2278: Loss=1.1882, Cls=0.0000, Reg=0.0000, Con=3.9608
2025-09-13 19:55:57,033 - INFO - Batch 1710/2278: Loss=1.1883, Cls=0.0000, Reg=0.0000, Con=3.9612
2025-09-13 19:55:57,951 - INFO - Batch 1720/2278: Loss=1.5347, Cls=0.3464, Reg=0.0000, Con=3.9610
2025-09-13 19:55:58,863 - INFO - Batch 1730/2278: Loss=5.2369, Cls=4.0487, Reg=0.0000, Con=3.9609
2025-09-13 19:55:59,738 - INFO - Batch 1740/2278: Loss=1.1883, Cls=0.0000, Reg=0.0000, Con=3.9610
2025-09-13 19:56:00,715 - INFO - Batch 1750/2278: Loss=1.1893, Cls=0.0010, Reg=0.0000, Con=3.9609
2025-09-13 19:56:01,757 - INFO - Batch 1760/2278: Loss=1.1884, Cls=0.0001, Reg=0.0000, Con=3.9608
2025-09-13 19:56:02,692 - INFO - Batch 1770/2278: Loss=1.2166, Cls=0.0283, Reg=0.0000, Con=3.9610
2025-09-13 19:56:03,598 - INFO - Batch 1780/2278: Loss=1.1963, Cls=0.0080, Reg=0.0000, Con=3.9609
2025-09-13 19:56:04,527 - INFO - Batch 1790/2278: Loss=1.1883, Cls=0.0001, Reg=0.0000, Con=3.9608
2025-09-13 19:56:05,520 - INFO - Batch 1800/2278: Loss=1.1888, Cls=0.0006, Reg=0.0000, Con=3.9609
2025-09-13 19:56:06,526 - INFO - Batch 1810/2278: Loss=1.1957, Cls=0.0074, Reg=0.0000, Con=3.9610
2025-09-13 19:56:07,458 - INFO - Batch 1820/2278: Loss=1.1894, Cls=0.0012, Reg=0.0000, Con=3.9608
2025-09-13 19:56:08,361 - INFO - Batch 1830/2278: Loss=1.1885, Cls=0.0000, Reg=0.0000, Con=3.9615
2025-09-13 19:56:09,267 - INFO - Batch 1840/2278: Loss=1.2320, Cls=0.0438, Reg=0.0000, Con=3.9609
2025-09-13 19:56:10,183 - INFO - Batch 1850/2278: Loss=1.2548, Cls=0.0665, Reg=0.0000, Con=3.9608
2025-09-13 19:56:11,095 - INFO - Batch 1860/2278: Loss=1.6202, Cls=1.6202, Reg=0.0000, Con=0.0000
2025-09-13 19:56:11,998 - INFO - Batch 1870/2278: Loss=0.9533, Cls=0.9533, Reg=0.0000, Con=0.0000
2025-09-13 19:56:12,893 - INFO - Batch 1880/2278: Loss=1.2802, Cls=0.0919, Reg=0.0000, Con=3.9610
2025-09-13 19:56:13,801 - INFO - Batch 1890/2278: Loss=0.7262, Cls=0.7262, Reg=0.0000, Con=0.0000
2025-09-13 19:56:14,703 - INFO - Batch 1900/2278: Loss=1.2440, Cls=0.0558, Reg=0.0000, Con=3.9607
2025-09-13 19:56:15,627 - INFO - Batch 1910/2278: Loss=1.1938, Cls=0.0056, Reg=0.0000, Con=3.9607
2025-09-13 19:56:16,545 - INFO - Batch 1920/2278: Loss=1.2361, Cls=0.0479, Reg=0.0000, Con=3.9608
2025-09-13 19:56:17,452 - INFO - Batch 1930/2278: Loss=0.0071, Cls=0.0071, Reg=0.0000, Con=0.0000
2025-09-13 19:56:18,366 - INFO - Batch 1940/2278: Loss=1.6708, Cls=0.4826, Reg=0.0000, Con=3.9607
2025-09-13 19:56:19,229 - INFO - Batch 1950/2278: Loss=1.2384, Cls=0.0502, Reg=0.0000, Con=3.9609
2025-09-13 19:56:20,162 - INFO - Batch 1960/2278: Loss=1.1891, Cls=0.0008, Reg=0.0000, Con=3.9609
2025-09-13 19:56:21,079 - INFO - Batch 1970/2278: Loss=1.2142, Cls=0.0260, Reg=0.0000, Con=3.9606
2025-09-13 19:56:21,985 - INFO - Batch 1980/2278: Loss=1.2541, Cls=0.0659, Reg=0.0000, Con=3.9608
2025-09-13 19:56:22,889 - INFO - Batch 1990/2278: Loss=0.1566, Cls=0.1566, Reg=0.0000, Con=0.0000
2025-09-13 19:56:23,785 - INFO - Batch 2000/2278: Loss=1.1986, Cls=0.0104, Reg=0.0000, Con=3.9607
2025-09-13 19:56:24,715 - INFO - Batch 2010/2278: Loss=1.2295, Cls=0.0412, Reg=0.0000, Con=3.9608
2025-09-13 19:56:25,618 - INFO - Batch 2020/2278: Loss=0.0007, Cls=0.0007, Reg=0.0000, Con=0.0000
2025-09-13 19:56:26,532 - INFO - Batch 2030/2278: Loss=1.1983, Cls=0.0100, Reg=0.0000, Con=3.9610
2025-09-13 19:56:27,455 - INFO - Batch 2040/2278: Loss=1.1882, Cls=0.0000, Reg=0.0000, Con=3.9608
2025-09-13 19:56:28,338 - INFO - Batch 2050/2278: Loss=0.0004, Cls=0.0004, Reg=0.0000, Con=0.0000
2025-09-13 19:56:29,241 - INFO - Batch 2060/2278: Loss=1.1969, Cls=0.0085, Reg=0.0000, Con=3.9615
2025-09-13 19:56:30,165 - INFO - Batch 2070/2278: Loss=1.1894, Cls=0.0011, Reg=0.0000, Con=3.9608
2025-09-13 19:56:31,080 - INFO - Batch 2080/2278: Loss=0.0003, Cls=0.0003, Reg=0.0000, Con=0.0000
2025-09-13 19:56:31,994 - INFO - Batch 2090/2278: Loss=1.2138, Cls=0.0256, Reg=0.0000, Con=3.9608
2025-09-13 19:56:32,881 - INFO - Batch 2100/2278: Loss=0.0446, Cls=0.0446, Reg=0.0000, Con=0.0000
2025-09-13 19:56:33,795 - INFO - Batch 2110/2278: Loss=0.0002, Cls=0.0002, Reg=0.0000, Con=0.0000
2025-09-13 19:56:34,700 - INFO - Batch 2120/2278: Loss=1.1908, Cls=0.0026, Reg=0.0000, Con=3.9609
2025-09-13 19:56:35,607 - INFO - Batch 2130/2278: Loss=1.8916, Cls=0.7033, Reg=0.0000, Con=3.9608
2025-09-13 19:56:36,513 - INFO - Batch 2140/2278: Loss=1.8360, Cls=1.8360, Reg=0.0000, Con=0.0000
2025-09-13 19:56:37,385 - INFO - Batch 2150/2278: Loss=1.1885, Cls=0.0002, Reg=0.0000, Con=3.9610
2025-09-13 19:56:38,271 - INFO - Batch 2160/2278: Loss=1.1901, Cls=0.0019, Reg=0.0000, Con=3.9608
2025-09-13 19:56:39,190 - INFO - Batch 2170/2278: Loss=1.6204, Cls=0.4321, Reg=0.0000, Con=3.9608
2025-09-13 19:56:40,131 - INFO - Batch 2180/2278: Loss=1.2082, Cls=0.0200, Reg=0.0000, Con=3.9608
2025-09-13 19:56:41,030 - INFO - Batch 2190/2278: Loss=1.1941, Cls=0.0058, Reg=0.0000, Con=3.9610
2025-09-13 19:56:41,940 - INFO - Batch 2200/2278: Loss=1.1883, Cls=0.0001, Reg=0.0000, Con=3.9608
2025-09-13 19:56:42,869 - INFO - Batch 2210/2278: Loss=1.1889, Cls=0.0005, Reg=0.0000, Con=3.9613
2025-09-13 19:56:43,765 - INFO - Batch 2220/2278: Loss=0.0240, Cls=0.0240, Reg=0.0000, Con=0.0000
2025-09-13 19:56:44,691 - INFO - Batch 2230/2278: Loss=0.0000, Cls=0.0000, Reg=0.0000, Con=0.0000
2025-09-13 19:56:45,680 - INFO - Batch 2240/2278: Loss=1.1887, Cls=0.0005, Reg=0.0000, Con=3.9608
2025-09-13 19:56:46,633 - INFO - Batch 2250/2278: Loss=0.0035, Cls=0.0035, Reg=0.0000, Con=0.0000
2025-09-13 19:56:47,625 - INFO - Batch 2260/2278: Loss=3.6776, Cls=2.4894, Reg=0.0000, Con=3.9609
2025-09-13 19:56:48,620 - INFO - Batch 2270/2278: Loss=1.1896, Cls=0.0014, Reg=0.0000, Con=3.9606
2025-09-13 20:00:17,527 - INFO - === Epoch 2 Results ===
2025-09-13 20:00:17,528 - INFO - Training Loss: 1.0203 (Classification: 0.2347, Regression: 0.0000)
2025-09-13 20:00:17,528 - INFO - Validation Loss: 0.0709 (Classification: 0.0709, Regression: 0.0000)
2025-09-13 20:00:17,528 - INFO - Average Classification Accuracy: 0.9110 (on 1/26 tasks)
2025-09-13 20:00:17,528 - INFO - Average AUC: 0.8658
2025-09-13 20:00:20,476 - INFO - Best model saved to: experiments/r1c3_single_cls_16_seed_42_20250913_194629/checkpoints/r1c3_single_cls_16_seed_42_best.pth
2025-09-13 20:00:20,476 - INFO - 
Epoch 3/3
2025-09-13 20:00:20,630 - INFO - Batch 0/2278: Loss=1.1885, Cls=0.0003, Reg=0.0000, Con=3.9608
2025-09-13 20:00:21,673 - INFO - Batch 10/2278: Loss=1.2759, Cls=0.0876, Reg=0.0000, Con=3.9611
2025-09-13 20:00:22,616 - INFO - Batch 20/2278: Loss=1.6528, Cls=0.4646, Reg=0.0000, Con=3.9608
2025-09-13 20:00:23,562 - INFO - Batch 30/2278: Loss=0.0000, Cls=0.0000, Reg=0.0000, Con=0.0000
2025-09-13 20:00:24,453 - INFO - Batch 40/2278: Loss=1.3397, Cls=0.1515, Reg=0.0000, Con=3.9608
2025-09-13 20:00:25,351 - INFO - Batch 50/2278: Loss=1.1883, Cls=0.0000, Reg=0.0000, Con=3.9609
2025-09-13 20:00:26,260 - INFO - Batch 60/2278: Loss=1.1890, Cls=0.0008, Reg=0.0000, Con=3.9607
2025-09-13 20:00:27,175 - INFO - Batch 70/2278: Loss=2.0733, Cls=0.8851, Reg=0.0000, Con=3.9608
2025-09-13 20:00:28,058 - INFO - Batch 80/2278: Loss=0.0030, Cls=0.0030, Reg=0.0000, Con=0.0000
2025-09-13 20:00:29,009 - INFO - Batch 90/2278: Loss=1.1924, Cls=0.0041, Reg=0.0000, Con=3.9609
2025-09-13 20:00:29,940 - INFO - Batch 100/2278: Loss=1.3053, Cls=0.1171, Reg=0.0000, Con=3.9607
2025-09-13 20:00:30,863 - INFO - Batch 110/2278: Loss=1.6719, Cls=0.4834, Reg=0.0000, Con=3.9618
2025-09-13 20:00:31,757 - INFO - Batch 120/2278: Loss=2.8921, Cls=1.7039, Reg=0.0000, Con=3.9608
2025-09-13 20:00:32,660 - INFO - Batch 130/2278: Loss=1.1884, Cls=0.0002, Reg=0.0000, Con=3.9607
2025-09-13 20:00:33,597 - INFO - Batch 140/2278: Loss=0.0000, Cls=0.0000, Reg=0.0000, Con=0.0000
2025-09-13 20:00:34,486 - INFO - Batch 150/2278: Loss=1.1902, Cls=0.0020, Reg=0.0000, Con=3.9608
2025-09-13 20:00:35,391 - INFO - Batch 160/2278: Loss=8.6736, Cls=8.6736, Reg=0.0000, Con=0.0000
2025-09-13 20:00:36,279 - INFO - Batch 170/2278: Loss=1.2267, Cls=0.0385, Reg=0.0000, Con=3.9609
2025-09-13 20:00:37,162 - INFO - Batch 180/2278: Loss=1.1883, Cls=0.0000, Reg=0.0000, Con=3.9611
2025-09-13 20:00:38,078 - INFO - Batch 190/2278: Loss=1.1997, Cls=0.0115, Reg=0.0000, Con=3.9607
2025-09-13 20:00:38,981 - INFO - Batch 200/2278: Loss=0.0014, Cls=0.0014, Reg=0.0000, Con=0.0000
2025-09-13 20:00:39,888 - INFO - Batch 210/2278: Loss=1.2006, Cls=0.0123, Reg=0.0000, Con=3.9612
2025-09-13 20:00:40,778 - INFO - Batch 220/2278: Loss=1.1886, Cls=0.0004, Reg=0.0000, Con=3.9608
2025-09-13 20:00:41,686 - INFO - Batch 230/2278: Loss=2.7502, Cls=1.5618, Reg=0.0000, Con=3.9611
2025-09-13 20:00:42,597 - INFO - Batch 240/2278: Loss=1.1914, Cls=0.0032, Reg=0.0000, Con=3.9607
2025-09-13 20:00:43,488 - INFO - Batch 250/2278: Loss=1.1884, Cls=0.0001, Reg=0.0000, Con=3.9609
2025-09-13 20:00:44,368 - INFO - Batch 260/2278: Loss=1.1922, Cls=0.0040, Reg=0.0000, Con=3.9608
2025-09-13 20:00:45,285 - INFO - Batch 270/2278: Loss=1.4435, Cls=0.2552, Reg=0.0000, Con=3.9607
2025-09-13 20:00:46,173 - INFO - Batch 280/2278: Loss=1.1933, Cls=0.0050, Reg=0.0000, Con=3.9608
2025-09-13 20:00:47,074 - INFO - Batch 290/2278: Loss=1.2048, Cls=0.0165, Reg=0.0000, Con=3.9608
2025-09-13 20:00:47,959 - INFO - Batch 300/2278: Loss=1.1882, Cls=0.0000, Reg=0.0000, Con=3.9607
2025-09-13 20:00:48,868 - INFO - Batch 310/2278: Loss=1.1937, Cls=0.0054, Reg=0.0000, Con=3.9610
2025-09-13 20:00:49,765 - INFO - Batch 320/2278: Loss=1.2946, Cls=0.1063, Reg=0.0000, Con=3.9612
2025-09-13 20:00:50,655 - INFO - Batch 330/2278: Loss=0.1970, Cls=0.1970, Reg=0.0000, Con=0.0000
2025-09-13 20:00:51,596 - INFO - Batch 340/2278: Loss=0.0003, Cls=0.0003, Reg=0.0000, Con=0.0000
2025-09-13 20:00:52,525 - INFO - Batch 350/2278: Loss=1.1912, Cls=0.0029, Reg=0.0000, Con=3.9612
2025-09-13 20:00:53,435 - INFO - Batch 360/2278: Loss=1.1953, Cls=0.0069, Reg=0.0000, Con=3.9611
2025-09-13 20:00:54,323 - INFO - Batch 370/2278: Loss=1.1884, Cls=0.0001, Reg=0.0000, Con=3.9608
2025-09-13 20:00:55,238 - INFO - Batch 380/2278: Loss=1.5705, Cls=0.3823, Reg=0.0000, Con=3.9608
2025-09-13 20:00:56,176 - INFO - Batch 390/2278: Loss=1.1887, Cls=0.0005, Reg=0.0000, Con=3.9609
2025-09-13 20:00:57,084 - INFO - Batch 400/2278: Loss=0.1882, Cls=0.1882, Reg=0.0000, Con=0.0000
2025-09-13 20:00:57,997 - INFO - Batch 410/2278: Loss=1.1886, Cls=0.0003, Reg=0.0000, Con=3.9609
2025-09-13 20:00:58,893 - INFO - Batch 420/2278: Loss=1.1883, Cls=0.0000, Reg=0.0000, Con=3.9609
2025-09-13 20:00:59,787 - INFO - Batch 430/2278: Loss=2.4690, Cls=1.2806, Reg=0.0000, Con=3.9614
2025-09-13 20:01:00,708 - INFO - Batch 440/2278: Loss=0.0000, Cls=0.0000, Reg=0.0000, Con=0.0000
2025-09-13 20:01:01,630 - INFO - Batch 450/2278: Loss=1.1951, Cls=0.0069, Reg=0.0000, Con=3.9608
2025-09-13 20:01:02,549 - INFO - Batch 460/2278: Loss=0.0777, Cls=0.0777, Reg=0.0000, Con=0.0000
2025-09-13 20:01:03,489 - INFO - Batch 470/2278: Loss=0.0018, Cls=0.0018, Reg=0.0000, Con=0.0000
2025-09-13 20:01:04,387 - INFO - Batch 480/2278: Loss=1.2075, Cls=0.0192, Reg=0.0000, Con=3.9609
2025-09-13 20:01:05,459 - INFO - Batch 490/2278: Loss=0.0561, Cls=0.0561, Reg=0.0000, Con=0.0000
2025-09-13 20:01:06,346 - INFO - Batch 500/2278: Loss=0.0007, Cls=0.0007, Reg=0.0000, Con=0.0000
2025-09-13 20:01:07,272 - INFO - Batch 510/2278: Loss=1.1886, Cls=0.0004, Reg=0.0000, Con=3.9608
2025-09-13 20:01:08,179 - INFO - Batch 520/2278: Loss=0.0049, Cls=0.0049, Reg=0.0000, Con=0.0000
2025-09-13 20:01:09,087 - INFO - Batch 530/2278: Loss=1.5243, Cls=0.3361, Reg=0.0000, Con=3.9608
2025-09-13 20:01:10,013 - INFO - Batch 540/2278: Loss=1.1916, Cls=0.0034, Reg=0.0000, Con=3.9609
2025-09-13 20:01:10,925 - INFO - Batch 550/2278: Loss=0.0001, Cls=0.0001, Reg=0.0000, Con=0.0000
2025-09-13 20:01:11,849 - INFO - Batch 560/2278: Loss=1.1890, Cls=0.0007, Reg=0.0000, Con=3.9609
2025-09-13 20:01:12,785 - INFO - Batch 570/2278: Loss=1.1882, Cls=0.0000, Reg=0.0000, Con=3.9608
2025-09-13 20:01:13,704 - INFO - Batch 580/2278: Loss=0.0011, Cls=0.0011, Reg=0.0000, Con=0.0000
2025-09-13 20:01:14,602 - INFO - Batch 590/2278: Loss=2.0458, Cls=0.8575, Reg=0.0000, Con=3.9608
2025-09-13 20:01:15,510 - INFO - Batch 600/2278: Loss=1.7056, Cls=1.7056, Reg=0.0000, Con=0.0000
2025-09-13 20:01:16,406 - INFO - Batch 610/2278: Loss=0.2262, Cls=0.2262, Reg=0.0000, Con=0.0000
2025-09-13 20:01:17,336 - INFO - Batch 620/2278: Loss=1.1882, Cls=0.0000, Reg=0.0000, Con=3.9608
2025-09-13 20:01:18,272 - INFO - Batch 630/2278: Loss=1.1988, Cls=0.0104, Reg=0.0000, Con=3.9611
2025-09-13 20:01:19,194 - INFO - Batch 640/2278: Loss=1.1958, Cls=0.0076, Reg=0.0000, Con=3.9607
2025-09-13 20:01:20,075 - INFO - Batch 650/2278: Loss=2.7006, Cls=1.5123, Reg=0.0000, Con=3.9608
2025-09-13 20:01:21,004 - INFO - Batch 660/2278: Loss=1.3093, Cls=1.3093, Reg=0.0000, Con=0.0000
2025-09-13 20:01:21,905 - INFO - Batch 670/2278: Loss=1.1883, Cls=0.0001, Reg=0.0000, Con=3.9609
2025-09-13 20:01:22,825 - INFO - Batch 680/2278: Loss=0.0018, Cls=0.0018, Reg=0.0000, Con=0.0000
2025-09-13 20:01:23,709 - INFO - Batch 690/2278: Loss=1.2251, Cls=0.0368, Reg=0.0000, Con=3.9609
2025-09-13 20:01:24,621 - INFO - Batch 700/2278: Loss=1.8523, Cls=0.6640, Reg=0.0000, Con=3.9610
2025-09-13 20:01:25,521 - INFO - Batch 710/2278: Loss=1.1893, Cls=0.0010, Reg=0.0000, Con=3.9610
2025-09-13 20:01:26,424 - INFO - Batch 720/2278: Loss=1.9532, Cls=0.7649, Reg=0.0000, Con=3.9610
2025-09-13 20:01:27,326 - INFO - Batch 730/2278: Loss=1.1884, Cls=0.0001, Reg=0.0000, Con=3.9609
2025-09-13 20:01:28,216 - INFO - Batch 740/2278: Loss=1.1887, Cls=0.0005, Reg=0.0000, Con=3.9606
2025-09-13 20:01:29,094 - INFO - Batch 750/2278: Loss=1.1900, Cls=0.0018, Reg=0.0000, Con=3.9606
2025-09-13 20:01:29,971 - INFO - Batch 760/2278: Loss=1.1891, Cls=0.0008, Reg=0.0000, Con=3.9611
2025-09-13 20:01:30,889 - INFO - Batch 770/2278: Loss=1.1935, Cls=0.0051, Reg=0.0000, Con=3.9611
2025-09-13 20:01:31,799 - INFO - Batch 780/2278: Loss=0.0509, Cls=0.0509, Reg=0.0000, Con=0.0000
2025-09-13 20:01:32,690 - INFO - Batch 790/2278: Loss=1.1967, Cls=0.0084, Reg=0.0000, Con=3.9609
2025-09-13 20:01:33,619 - INFO - Batch 800/2278: Loss=1.1894, Cls=0.0011, Reg=0.0000, Con=3.9612
2025-09-13 20:01:34,532 - INFO - Batch 810/2278: Loss=0.0496, Cls=0.0496, Reg=0.0000, Con=0.0000
2025-09-13 20:01:35,429 - INFO - Batch 820/2278: Loss=1.2243, Cls=0.0361, Reg=0.0000, Con=3.9608
2025-09-13 20:01:36,319 - INFO - Batch 830/2278: Loss=1.1883, Cls=0.0000, Reg=0.0000, Con=3.9609
2025-09-13 20:01:37,211 - INFO - Batch 840/2278: Loss=0.1401, Cls=0.1401, Reg=0.0000, Con=0.0000
2025-09-13 20:01:38,127 - INFO - Batch 850/2278: Loss=3.1900, Cls=3.1900, Reg=0.0000, Con=0.0000
2025-09-13 20:01:39,002 - INFO - Batch 860/2278: Loss=1.6504, Cls=0.4621, Reg=0.0000, Con=3.9611
2025-09-13 20:01:39,887 - INFO - Batch 870/2278: Loss=1.1883, Cls=0.0000, Reg=0.0000, Con=3.9609
2025-09-13 20:01:40,789 - INFO - Batch 880/2278: Loss=0.0007, Cls=0.0007, Reg=0.0000, Con=0.0000
2025-09-13 20:01:41,677 - INFO - Batch 890/2278: Loss=1.2032, Cls=0.0150, Reg=0.0000, Con=3.9609
2025-09-13 20:01:42,585 - INFO - Batch 900/2278: Loss=0.0000, Cls=0.0000, Reg=0.0000, Con=0.0000
2025-09-13 20:01:43,461 - INFO - Batch 910/2278: Loss=0.0035, Cls=0.0035, Reg=0.0000, Con=0.0000
2025-09-13 20:01:44,362 - INFO - Batch 920/2278: Loss=0.0000, Cls=0.0000, Reg=0.0000, Con=0.0000
2025-09-13 20:01:45,227 - INFO - Batch 930/2278: Loss=0.0039, Cls=0.0039, Reg=0.0000, Con=0.0000
2025-09-13 20:01:46,108 - INFO - Batch 940/2278: Loss=1.1925, Cls=0.0041, Reg=0.0000, Con=3.9613
2025-09-13 20:01:47,009 - INFO - Batch 950/2278: Loss=0.0007, Cls=0.0007, Reg=0.0000, Con=0.0000
2025-09-13 20:01:47,900 - INFO - Batch 960/2278: Loss=0.0314, Cls=0.0314, Reg=0.0000, Con=0.0000
2025-09-13 20:01:48,796 - INFO - Batch 970/2278: Loss=1.2244, Cls=0.0362, Reg=0.0000, Con=3.9608
2025-09-13 20:01:49,682 - INFO - Batch 980/2278: Loss=1.2074, Cls=0.0191, Reg=0.0000, Con=3.9609
2025-09-13 20:01:50,565 - INFO - Batch 990/2278: Loss=1.2752, Cls=0.0869, Reg=0.0000, Con=3.9609
2025-09-13 20:01:51,475 - INFO - Batch 1000/2278: Loss=1.1941, Cls=0.0058, Reg=0.0000, Con=3.9610
2025-09-13 20:01:52,401 - INFO - Batch 1010/2278: Loss=1.3255, Cls=0.1372, Reg=0.0000, Con=3.9608
2025-09-13 20:01:53,333 - INFO - Batch 1020/2278: Loss=1.1910, Cls=0.0027, Reg=0.0000, Con=3.9608
2025-09-13 20:01:54,253 - INFO - Batch 1030/2278: Loss=0.0002, Cls=0.0002, Reg=0.0000, Con=0.0000
2025-09-13 20:01:55,192 - INFO - Batch 1040/2278: Loss=1.1884, Cls=0.0000, Reg=0.0000, Con=3.9613
2025-09-13 20:01:56,105 - INFO - Batch 1050/2278: Loss=0.0274, Cls=0.0274, Reg=0.0000, Con=0.0000
2025-09-13 20:01:57,005 - INFO - Batch 1060/2278: Loss=1.3021, Cls=0.1138, Reg=0.0000, Con=3.9611
2025-09-13 20:01:57,920 - INFO - Batch 1070/2278: Loss=1.1901, Cls=0.0018, Reg=0.0000, Con=3.9609
2025-09-13 20:01:58,825 - INFO - Batch 1080/2278: Loss=0.0000, Cls=0.0000, Reg=0.0000, Con=0.0000
2025-09-13 20:01:59,740 - INFO - Batch 1090/2278: Loss=1.1884, Cls=0.0000, Reg=0.0000, Con=3.9611
2025-09-13 20:02:00,641 - INFO - Batch 1100/2278: Loss=1.1883, Cls=0.0000, Reg=0.0000, Con=3.9611
2025-09-13 20:02:01,514 - INFO - Batch 1110/2278: Loss=1.7082, Cls=0.5200, Reg=0.0000, Con=3.9606
2025-09-13 20:02:02,429 - INFO - Batch 1120/2278: Loss=0.0026, Cls=0.0026, Reg=0.0000, Con=0.0000
2025-09-13 20:02:03,340 - INFO - Batch 1130/2278: Loss=0.0000, Cls=0.0000, Reg=0.0000, Con=0.0000
2025-09-13 20:02:04,282 - INFO - Batch 1140/2278: Loss=1.2694, Cls=0.0812, Reg=0.0000, Con=3.9609
2025-09-13 20:02:05,188 - INFO - Batch 1150/2278: Loss=0.0794, Cls=0.0794, Reg=0.0000, Con=0.0000
2025-09-13 20:02:06,109 - INFO - Batch 1160/2278: Loss=0.0021, Cls=0.0021, Reg=0.0000, Con=0.0000
2025-09-13 20:02:07,001 - INFO - Batch 1170/2278: Loss=1.1885, Cls=0.0003, Reg=0.0000, Con=3.9608
2025-09-13 20:02:07,915 - INFO - Batch 1180/2278: Loss=1.1886, Cls=0.0002, Reg=0.0000, Con=3.9613
2025-09-13 20:02:08,832 - INFO - Batch 1190/2278: Loss=1.1883, Cls=0.0000, Reg=0.0000, Con=3.9609
2025-09-13 20:02:09,741 - INFO - Batch 1200/2278: Loss=1.1891, Cls=0.0008, Reg=0.0000, Con=3.9611
2025-09-13 20:02:10,637 - INFO - Batch 1210/2278: Loss=1.4006, Cls=0.2123, Reg=0.0000, Con=3.9611
2025-09-13 20:02:11,527 - INFO - Batch 1220/2278: Loss=1.1964, Cls=0.0081, Reg=0.0000, Con=3.9609
2025-09-13 20:02:12,433 - INFO - Batch 1230/2278: Loss=0.1283, Cls=0.1283, Reg=0.0000, Con=0.0000
2025-09-13 20:02:13,364 - INFO - Batch 1240/2278: Loss=1.2412, Cls=0.0529, Reg=0.0000, Con=3.9608
2025-09-13 20:02:14,372 - INFO - Batch 1250/2278: Loss=1.1883, Cls=0.0000, Reg=0.0000, Con=3.9609
2025-09-13 20:02:15,257 - INFO - Batch 1260/2278: Loss=0.5463, Cls=0.5463, Reg=0.0000, Con=0.0000
2025-09-13 20:02:16,190 - INFO - Batch 1270/2278: Loss=1.2092, Cls=0.0209, Reg=0.0000, Con=3.9610
2025-09-13 20:02:17,084 - INFO - Batch 1280/2278: Loss=2.2691, Cls=1.0809, Reg=0.0000, Con=3.9607
2025-09-13 20:02:18,039 - INFO - Batch 1290/2278: Loss=0.0000, Cls=0.0000, Reg=0.0000, Con=0.0000
2025-09-13 20:02:18,935 - INFO - Batch 1300/2278: Loss=0.0038, Cls=0.0038, Reg=0.0000, Con=0.0000
2025-09-13 20:02:19,853 - INFO - Batch 1310/2278: Loss=1.1902, Cls=0.0019, Reg=0.0000, Con=3.9608
2025-09-13 20:02:20,761 - INFO - Batch 1320/2278: Loss=1.1886, Cls=0.0003, Reg=0.0000, Con=3.9610
2025-09-13 20:02:21,649 - INFO - Batch 1330/2278: Loss=1.1895, Cls=0.0012, Reg=0.0000, Con=3.9610
2025-09-13 20:02:22,573 - INFO - Batch 1340/2278: Loss=1.1887, Cls=0.0004, Reg=0.0000, Con=3.9608
2025-09-13 20:02:23,468 - INFO - Batch 1350/2278: Loss=1.1890, Cls=0.0007, Reg=0.0000, Con=3.9608
2025-09-13 20:02:24,384 - INFO - Batch 1360/2278: Loss=1.1884, Cls=0.0000, Reg=0.0000, Con=3.9612
2025-09-13 20:02:25,279 - INFO - Batch 1370/2278: Loss=1.1944, Cls=0.0060, Reg=0.0000, Con=3.9610
2025-09-13 20:02:26,196 - INFO - Batch 1380/2278: Loss=1.1887, Cls=0.0004, Reg=0.0000, Con=3.9608
2025-09-13 20:02:27,102 - INFO - Batch 1390/2278: Loss=1.1885, Cls=0.0002, Reg=0.0000, Con=3.9610
2025-09-13 20:02:28,034 - INFO - Batch 1400/2278: Loss=1.1885, Cls=0.0000, Reg=0.0000, Con=3.9615
2025-09-13 20:02:28,932 - INFO - Batch 1410/2278: Loss=0.0034, Cls=0.0034, Reg=0.0000, Con=0.0000
2025-09-13 20:02:29,833 - INFO - Batch 1420/2278: Loss=1.1916, Cls=0.0033, Reg=0.0000, Con=3.9610
2025-09-13 20:02:30,731 - INFO - Batch 1430/2278: Loss=0.0442, Cls=0.0442, Reg=0.0000, Con=0.0000
2025-09-13 20:02:31,673 - INFO - Batch 1440/2278: Loss=1.1892, Cls=0.0010, Reg=0.0000, Con=3.9606
2025-09-13 20:02:32,614 - INFO - Batch 1450/2278: Loss=0.0306, Cls=0.0306, Reg=0.0000, Con=0.0000
2025-09-13 20:02:33,504 - INFO - Batch 1460/2278: Loss=0.0043, Cls=0.0043, Reg=0.0000, Con=0.0000
2025-09-13 20:02:34,430 - INFO - Batch 1470/2278: Loss=2.2708, Cls=1.0826, Reg=0.0000, Con=3.9607
2025-09-13 20:02:35,316 - INFO - Batch 1480/2278: Loss=1.2828, Cls=0.0946, Reg=0.0000, Con=3.9608
2025-09-13 20:02:36,229 - INFO - Batch 1490/2278: Loss=0.0010, Cls=0.0010, Reg=0.0000, Con=0.0000
2025-09-13 20:02:37,127 - INFO - Batch 1500/2278: Loss=1.1945, Cls=0.0062, Reg=0.0000, Con=3.9610
2025-09-13 20:02:38,039 - INFO - Batch 1510/2278: Loss=1.1886, Cls=0.0004, Reg=0.0000, Con=3.9609
2025-09-13 20:02:38,921 - INFO - Batch 1520/2278: Loss=0.0026, Cls=0.0026, Reg=0.0000, Con=0.0000
2025-09-13 20:02:39,824 - INFO - Batch 1530/2278: Loss=1.1882, Cls=0.0000, Reg=0.0000, Con=3.9608
2025-09-13 20:02:40,737 - INFO - Batch 1540/2278: Loss=1.1938, Cls=0.0055, Reg=0.0000, Con=3.9610
2025-09-13 20:02:41,639 - INFO - Batch 1550/2278: Loss=1.2008, Cls=0.0124, Reg=0.0000, Con=3.9611
2025-09-13 20:02:42,540 - INFO - Batch 1560/2278: Loss=1.1883, Cls=0.0000, Reg=0.0000, Con=3.9608
2025-09-13 20:02:43,429 - INFO - Batch 1570/2278: Loss=0.0001, Cls=0.0001, Reg=0.0000, Con=0.0000
2025-09-13 20:02:44,348 - INFO - Batch 1580/2278: Loss=1.1882, Cls=0.0000, Reg=0.0000, Con=3.9608
2025-09-13 20:02:45,267 - INFO - Batch 1590/2278: Loss=0.0000, Cls=0.0000, Reg=0.0000, Con=0.0000
2025-09-13 20:02:46,179 - INFO - Batch 1600/2278: Loss=1.9364, Cls=0.7481, Reg=0.0000, Con=3.9608
2025-09-13 20:02:47,053 - INFO - Batch 1610/2278: Loss=0.0000, Cls=0.0000, Reg=0.0000, Con=0.0000
2025-09-13 20:02:47,977 - INFO - Batch 1620/2278: Loss=1.2457, Cls=0.0575, Reg=0.0000, Con=3.9608
2025-09-13 20:02:48,871 - INFO - Batch 1630/2278: Loss=2.1805, Cls=0.9922, Reg=0.0000, Con=3.9610
2025-09-13 20:02:49,744 - INFO - Batch 1640/2278: Loss=0.0002, Cls=0.0002, Reg=0.0000, Con=0.0000
2025-09-13 20:02:50,651 - INFO - Batch 1650/2278: Loss=1.1884, Cls=0.0002, Reg=0.0000, Con=3.9609
2025-09-13 20:02:51,552 - INFO - Batch 1660/2278: Loss=1.1934, Cls=0.0050, Reg=0.0000, Con=3.9613
2025-09-13 20:02:52,432 - INFO - Batch 1670/2278: Loss=1.2497, Cls=0.0614, Reg=0.0000, Con=3.9609
2025-09-13 20:02:53,326 - INFO - Batch 1680/2278: Loss=1.1934, Cls=0.0052, Reg=0.0000, Con=3.9607
2025-09-13 20:02:54,206 - INFO - Batch 1690/2278: Loss=1.1995, Cls=0.0112, Reg=0.0000, Con=3.9610
2025-09-13 20:02:55,088 - INFO - Batch 1700/2278: Loss=1.1890, Cls=0.0007, Reg=0.0000, Con=3.9608
2025-09-13 20:02:55,967 - INFO - Batch 1710/2278: Loss=0.0010, Cls=0.0010, Reg=0.0000, Con=0.0000
2025-09-13 20:02:56,865 - INFO - Batch 1720/2278: Loss=0.0010, Cls=0.0010, Reg=0.0000, Con=0.0000
2025-09-13 20:02:57,784 - INFO - Batch 1730/2278: Loss=1.1882, Cls=0.0000, Reg=0.0000, Con=3.9608
2025-09-13 20:02:58,701 - INFO - Batch 1740/2278: Loss=1.1991, Cls=0.0108, Reg=0.0000, Con=3.9609
2025-09-13 20:02:59,608 - INFO - Batch 1750/2278: Loss=0.0424, Cls=0.0424, Reg=0.0000, Con=0.0000
2025-09-13 20:03:00,522 - INFO - Batch 1760/2278: Loss=1.1886, Cls=0.0002, Reg=0.0000, Con=3.9612
2025-09-13 20:03:01,424 - INFO - Batch 1770/2278: Loss=0.0034, Cls=0.0034, Reg=0.0000, Con=0.0000
2025-09-13 20:03:02,328 - INFO - Batch 1780/2278: Loss=0.0871, Cls=0.0871, Reg=0.0000, Con=0.0000
2025-09-13 20:03:03,225 - INFO - Batch 1790/2278: Loss=0.0108, Cls=0.0108, Reg=0.0000, Con=0.0000
2025-09-13 20:03:04,126 - INFO - Batch 1800/2278: Loss=1.2000, Cls=0.0118, Reg=0.0000, Con=3.9607
2025-09-13 20:03:05,017 - INFO - Batch 1810/2278: Loss=1.6798, Cls=1.6798, Reg=0.0000, Con=0.0000
2025-09-13 20:03:05,945 - INFO - Batch 1820/2278: Loss=1.2140, Cls=0.0257, Reg=0.0000, Con=3.9609
2025-09-13 20:03:06,904 - INFO - Batch 1830/2278: Loss=1.1884, Cls=0.0002, Reg=0.0000, Con=3.9608
2025-09-13 20:03:07,837 - INFO - Batch 1840/2278: Loss=0.2695, Cls=0.2695, Reg=0.0000, Con=0.0000
2025-09-13 20:03:08,759 - INFO - Batch 1850/2278: Loss=1.1886, Cls=0.0003, Reg=0.0000, Con=3.9609
2025-09-13 20:03:09,653 - INFO - Batch 1860/2278: Loss=1.1921, Cls=0.0039, Reg=0.0000, Con=3.9607
2025-09-13 20:03:10,650 - INFO - Batch 1870/2278: Loss=0.2076, Cls=0.2076, Reg=0.0000, Con=0.0000
2025-09-13 20:03:11,692 - INFO - Batch 1880/2278: Loss=2.3295, Cls=1.1413, Reg=0.0000, Con=3.9607
2025-09-13 20:03:12,602 - INFO - Batch 1890/2278: Loss=0.0000, Cls=0.0000, Reg=0.0000, Con=0.0000
2025-09-13 20:03:13,513 - INFO - Batch 1900/2278: Loss=0.1874, Cls=0.1874, Reg=0.0000, Con=0.0000
2025-09-13 20:03:14,390 - INFO - Batch 1910/2278: Loss=1.1907, Cls=0.0024, Reg=0.0000, Con=3.9610
2025-09-13 20:03:15,268 - INFO - Batch 1920/2278: Loss=0.0006, Cls=0.0006, Reg=0.0000, Con=0.0000
2025-09-13 20:03:16,173 - INFO - Batch 1930/2278: Loss=2.9862, Cls=1.7978, Reg=0.0000, Con=3.9611
2025-09-13 20:03:17,076 - INFO - Batch 1940/2278: Loss=1.1904, Cls=0.0022, Reg=0.0000, Con=3.9607
2025-09-13 20:03:17,952 - INFO - Batch 1950/2278: Loss=1.1885, Cls=0.0002, Reg=0.0000, Con=3.9609
2025-09-13 20:03:18,846 - INFO - Batch 1960/2278: Loss=3.1708, Cls=1.9825, Reg=0.0000, Con=3.9610
2025-09-13 20:03:19,738 - INFO - Batch 1970/2278: Loss=0.0001, Cls=0.0001, Reg=0.0000, Con=0.0000
2025-09-13 20:03:20,670 - INFO - Batch 1980/2278: Loss=1.2919, Cls=0.1036, Reg=0.0000, Con=3.9610
2025-09-13 20:03:21,577 - INFO - Batch 1990/2278: Loss=1.1923, Cls=0.0040, Reg=0.0000, Con=3.9608
2025-09-13 20:03:22,495 - INFO - Batch 2000/2278: Loss=1.1970, Cls=0.0087, Reg=0.0000, Con=3.9610
2025-09-13 20:03:23,383 - INFO - Batch 2010/2278: Loss=1.2326, Cls=0.0444, Reg=0.0000, Con=3.9608
2025-09-13 20:03:24,284 - INFO - Batch 2020/2278: Loss=1.1884, Cls=0.0002, Reg=0.0000, Con=3.9608
2025-09-13 20:03:25,208 - INFO - Batch 2030/2278: Loss=1.1888, Cls=0.0006, Reg=0.0000, Con=3.9608
2025-09-13 20:03:26,085 - INFO - Batch 2040/2278: Loss=1.1886, Cls=0.0003, Reg=0.0000, Con=3.9610
2025-09-13 20:03:26,993 - INFO - Batch 2050/2278: Loss=0.0042, Cls=0.0042, Reg=0.0000, Con=0.0000
2025-09-13 20:03:27,888 - INFO - Batch 2060/2278: Loss=1.2054, Cls=0.0171, Reg=0.0000, Con=3.9609
2025-09-13 20:03:28,796 - INFO - Batch 2070/2278: Loss=0.0406, Cls=0.0406, Reg=0.0000, Con=0.0000
2025-09-13 20:03:29,688 - INFO - Batch 2080/2278: Loss=1.8717, Cls=0.6834, Reg=0.0000, Con=3.9613
2025-09-13 20:03:30,596 - INFO - Batch 2090/2278: Loss=1.1927, Cls=0.0044, Reg=0.0000, Con=3.9607
2025-09-13 20:03:31,503 - INFO - Batch 2100/2278: Loss=1.1886, Cls=0.0000, Reg=0.0000, Con=3.9619
2025-09-13 20:03:32,390 - INFO - Batch 2110/2278: Loss=1.2336, Cls=0.0453, Reg=0.0000, Con=3.9609
2025-09-13 20:03:33,280 - INFO - Batch 2120/2278: Loss=0.0013, Cls=0.0013, Reg=0.0000, Con=0.0000
2025-09-13 20:03:34,173 - INFO - Batch 2130/2278: Loss=0.0021, Cls=0.0021, Reg=0.0000, Con=0.0000
2025-09-13 20:03:35,069 - INFO - Batch 2140/2278: Loss=0.0008, Cls=0.0008, Reg=0.0000, Con=0.0000
2025-09-13 20:03:35,957 - INFO - Batch 2150/2278: Loss=1.1884, Cls=0.0001, Reg=0.0000, Con=3.9608
2025-09-13 20:03:36,877 - INFO - Batch 2160/2278: Loss=3.2089, Cls=2.0206, Reg=0.0000, Con=3.9609
2025-09-13 20:03:37,754 - INFO - Batch 2170/2278: Loss=1.4778, Cls=0.2896, Reg=0.0000, Con=3.9608
2025-09-13 20:03:38,664 - INFO - Batch 2180/2278: Loss=0.1294, Cls=0.1294, Reg=0.0000, Con=0.0000
2025-09-13 20:03:39,558 - INFO - Batch 2190/2278: Loss=1.1887, Cls=0.0004, Reg=0.0000, Con=3.9609
2025-09-13 20:03:40,466 - INFO - Batch 2200/2278: Loss=1.7768, Cls=0.5885, Reg=0.0000, Con=3.9608
2025-09-13 20:03:41,352 - INFO - Batch 2210/2278: Loss=0.0014, Cls=0.0014, Reg=0.0000, Con=0.0000
2025-09-13 20:03:42,244 - INFO - Batch 2220/2278: Loss=0.0002, Cls=0.0002, Reg=0.0000, Con=0.0000
2025-09-13 20:03:43,123 - INFO - Batch 2230/2278: Loss=1.1883, Cls=0.0000, Reg=0.0000, Con=3.9609
2025-09-13 20:03:44,031 - INFO - Batch 2240/2278: Loss=1.1937, Cls=0.0052, Reg=0.0000, Con=3.9617
2025-09-13 20:03:44,967 - INFO - Batch 2250/2278: Loss=1.1886, Cls=0.0004, Reg=0.0000, Con=3.9608
2025-09-13 20:03:45,870 - INFO - Batch 2260/2278: Loss=0.0032, Cls=0.0032, Reg=0.0000, Con=0.0000
2025-09-13 20:03:46,840 - INFO - Batch 2270/2278: Loss=0.0590, Cls=0.0590, Reg=0.0000, Con=0.0000
2025-09-13 20:07:16,160 - INFO - === Epoch 3 Results ===
2025-09-13 20:07:16,160 - INFO - Training Loss: 1.0054 (Classification: 0.2251, Regression: 0.0000)
2025-09-13 20:07:16,160 - INFO - Validation Loss: 0.0710 (Classification: 0.0710, Regression: 0.0000)
2025-09-13 20:07:16,160 - INFO - Average Classification Accuracy: 0.9110 (on 1/26 tasks)
2025-09-13 20:07:16,160 - INFO - Average AUC: 0.8696
2025-09-13 20:07:16,160 - INFO - Training finished!
2025-09-13 20:07:16,160 - INFO - Performing final evaluation...
2025-09-13 20:07:16,394 - INFO - Loaded best model from: experiments/r1c3_single_cls_16_seed_42_20250913_194629/checkpoints/r1c3_single_cls_16_seed_42_best.pth
2025-09-13 20:10:44,755 - INFO - Final Validation Results:
2025-09-13 20:10:44,755 - INFO -   Total Loss: 0.0709
2025-09-13 20:10:44,755 - INFO -   Classification Loss: 0.0709
2025-09-13 20:10:44,755 - INFO -   Regression Loss: 0.0000
2025-09-13 20:10:44,755 - INFO -   Average Classification Accuracy: 0.9110
2025-09-13 20:10:44,755 - INFO -   Average AUC: 0.8658
2025-09-13 20:10:44,756 - INFO - Results saved to: experiments/r1c3_single_cls_16_seed_42_20250913_194629/checkpoints/r1c3_single_cls_16_seed_42_results.json
