2025-09-14 03:16:15,198 - INFO - 🔬 Starting experiment: r1c3_headft_cls_16_seed_42
2025-09-14 03:16:15,198 - INFO - 📁 Experiment directory: experiments/r1c3_headft_cls_16_seed_42_20250914_031615
2025-09-14 03:16:15,198 - INFO - 🎲 Random seed: 42
2025-09-14 03:16:15,198 - INFO - 🔒 Deterministic mode: True
2025-09-14 03:16:15,198 - INFO - Using device: cuda
2025-09-14 03:16:15,198 - INFO - Total GPU Memory: 25.16 GB
2025-09-14 03:16:15,215 - INFO - 🧪 Fusion: Using cross-attention dynamic fusion
2025-09-14 03:16:15,215 - INFO - 🧪 GNN Backbone: Using default GraphAttentionNetwork branch
2025-09-14 03:16:15,215 - INFO - 🎯 Task Mode: Single classification endpoint 16
2025-09-14 03:16:15,216 - INFO - Configuration saved to: experiments/r1c3_headft_cls_16_seed_42_20250914_031615/checkpoints/config.json
2025-09-14 03:16:15,216 - INFO - 🚀 Using preprocessed data from: /mnt/backup2/ai4s/backupunimolpy/responds-work/ToxD4C/data/data/processed
2025-09-14 03:16:15,216 - INFO - Loading LMDB dataset from: /mnt/backup2/ai4s/backupunimolpy/responds-work/ToxD4C/data/data/processed
2025-09-14 03:16:15,718 - INFO - Number of training batches: 2278
2025-09-14 03:16:15,718 - INFO - Number of validation batches: 2278
2025-09-14 03:16:15,718 - INFO - Number of test batches: 2278
2025-09-14 03:16:15,718 - INFO - Creating ToxD4C model...
2025-09-14 03:16:16,838 - INFO - Model created successfully. Total parameters: 100,932,036
2025-09-14 03:16:16,838 - INFO - Testing model forward pass...
2025-09-14 03:16:17,295 - INFO - Test output shapes:
2025-09-14 03:16:17,295 - INFO -   classification: torch.Size([16, 1])
2025-09-14 03:16:17,298 - INFO -   classification contains NaN: False
2025-09-14 03:16:17,298 - INFO -   classification contains Inf: False
2025-09-14 03:16:17,298 - INFO -   regression: torch.Size([16, 0])
2025-09-14 03:16:17,299 - INFO -   regression contains NaN: False
2025-09-14 03:16:17,299 - INFO -   regression contains Inf: False
2025-09-14 03:16:17,299 - INFO - Model forward pass test successful!
2025-09-14 03:16:17,999 - INFO - 🔁 Loaded checkpoint from: /mnt/backup2/ai4s/backupunimolpy/responds-work/ToxD4C/experiments/r1c3_multi_full_seed_42_20250913_152627/checkpoints/r1c3_multi_full_seed_42_best.pth
2025-09-14 03:16:18,000 - INFO - 🧩 Head-only fine-tuning: unfroze head for task 'NR-AhR' and froze trunk.
2025-09-14 03:16:18,001 - INFO - Starting training...
2025-09-14 03:16:18,001 - INFO - 
Epoch 1/3
2025-09-14 03:16:18,172 - INFO - Batch 0/2278: Loss=0.0075, Cls=0.0075, Reg=0.0000, Con=0.0000
2025-09-14 03:16:19,090 - INFO - Batch 10/2278: Loss=0.1069, Cls=0.1069, Reg=0.0000, Con=0.0000
2025-09-14 03:16:20,004 - INFO - Batch 20/2278: Loss=1.7043, Cls=0.5160, Reg=0.0000, Con=3.9610
2025-09-14 03:16:20,903 - INFO - Batch 30/2278: Loss=0.0000, Cls=0.0000, Reg=0.0000, Con=0.0000
2025-09-14 03:16:21,825 - INFO - Batch 40/2278: Loss=0.0167, Cls=0.0167, Reg=0.0000, Con=0.0000
2025-09-14 03:16:22,798 - INFO - Batch 50/2278: Loss=1.2423, Cls=0.0540, Reg=0.0000, Con=3.9609
2025-09-14 03:16:23,730 - INFO - Batch 60/2278: Loss=1.2383, Cls=0.0500, Reg=0.0000, Con=3.9609
2025-09-14 03:16:24,667 - INFO - Batch 70/2278: Loss=1.1882, Cls=0.0000, Reg=0.0000, Con=3.9608
2025-09-14 03:16:25,578 - INFO - Batch 80/2278: Loss=0.0003, Cls=0.0003, Reg=0.0000, Con=0.0000
2025-09-14 03:16:26,511 - INFO - Batch 90/2278: Loss=0.3150, Cls=0.3150, Reg=0.0000, Con=0.0000
2025-09-14 03:16:27,400 - INFO - Batch 100/2278: Loss=0.0091, Cls=0.0091, Reg=0.0000, Con=0.0000
2025-09-14 03:16:28,384 - INFO - Batch 110/2278: Loss=0.0003, Cls=0.0003, Reg=0.0000, Con=0.0000
2025-09-14 03:16:29,330 - INFO - Batch 120/2278: Loss=1.1911, Cls=0.0028, Reg=0.0000, Con=3.9609
2025-09-14 03:16:30,275 - INFO - Batch 130/2278: Loss=1.1910, Cls=0.0027, Reg=0.0000, Con=3.9609
2025-09-14 03:16:31,192 - INFO - Batch 140/2278: Loss=1.2131, Cls=0.0246, Reg=0.0000, Con=3.9615
2025-09-14 03:16:32,110 - INFO - Batch 150/2278: Loss=2.4292, Cls=1.2409, Reg=0.0000, Con=3.9610
2025-09-14 03:16:33,027 - INFO - Batch 160/2278: Loss=1.2307, Cls=0.0423, Reg=0.0000, Con=3.9611
2025-09-14 03:16:33,956 - INFO - Batch 170/2278: Loss=1.2236, Cls=0.0353, Reg=0.0000, Con=3.9611
2025-09-14 03:16:34,885 - INFO - Batch 180/2278: Loss=1.1905, Cls=0.0022, Reg=0.0000, Con=3.9610
2025-09-14 03:16:35,810 - INFO - Batch 190/2278: Loss=1.2633, Cls=0.0751, Reg=0.0000, Con=3.9608
2025-09-14 03:16:36,737 - INFO - Batch 200/2278: Loss=0.0215, Cls=0.0215, Reg=0.0000, Con=0.0000
2025-09-14 03:16:37,693 - INFO - Batch 210/2278: Loss=0.0217, Cls=0.0217, Reg=0.0000, Con=0.0000
2025-09-14 03:16:38,623 - INFO - Batch 220/2278: Loss=0.0031, Cls=0.0031, Reg=0.0000, Con=0.0000
2025-09-14 03:16:39,530 - INFO - Batch 230/2278: Loss=1.2599, Cls=0.0716, Reg=0.0000, Con=3.9610
2025-09-14 03:16:40,475 - INFO - Batch 240/2278: Loss=1.1884, Cls=0.0002, Reg=0.0000, Con=3.9608
2025-09-14 03:16:41,414 - INFO - Batch 250/2278: Loss=0.0002, Cls=0.0002, Reg=0.0000, Con=0.0000
2025-09-14 03:16:42,410 - INFO - Batch 260/2278: Loss=0.0607, Cls=0.0607, Reg=0.0000, Con=0.0000
2025-09-14 03:16:43,327 - INFO - Batch 270/2278: Loss=0.0000, Cls=0.0000, Reg=0.0000, Con=0.0000
2025-09-14 03:16:44,270 - INFO - Batch 280/2278: Loss=1.1892, Cls=0.0008, Reg=0.0000, Con=3.9611
2025-09-14 03:16:45,144 - INFO - Batch 290/2278: Loss=0.0112, Cls=0.0112, Reg=0.0000, Con=0.0000
2025-09-14 03:16:46,028 - INFO - Batch 300/2278: Loss=1.1934, Cls=0.0051, Reg=0.0000, Con=3.9609
2025-09-14 03:16:46,950 - INFO - Batch 310/2278: Loss=1.1886, Cls=0.0003, Reg=0.0000, Con=3.9612
2025-09-14 03:16:47,872 - INFO - Batch 320/2278: Loss=2.3725, Cls=2.3725, Reg=0.0000, Con=0.0000
2025-09-14 03:16:48,842 - INFO - Batch 330/2278: Loss=5.2919, Cls=4.1036, Reg=0.0000, Con=3.9609
2025-09-14 03:16:49,742 - INFO - Batch 340/2278: Loss=1.1949, Cls=0.0066, Reg=0.0000, Con=3.9610
2025-09-14 03:16:50,687 - INFO - Batch 350/2278: Loss=1.5198, Cls=0.3315, Reg=0.0000, Con=3.9611
2025-09-14 03:16:51,601 - INFO - Batch 360/2278: Loss=1.1882, Cls=0.0000, Reg=0.0000, Con=3.9607
2025-09-14 03:16:52,551 - INFO - Batch 370/2278: Loss=3.1643, Cls=1.9760, Reg=0.0000, Con=3.9609
2025-09-14 03:16:53,468 - INFO - Batch 380/2278: Loss=1.1894, Cls=0.0012, Reg=0.0000, Con=3.9607
2025-09-14 03:16:54,365 - INFO - Batch 390/2278: Loss=1.1882, Cls=0.0000, Reg=0.0000, Con=3.9607
2025-09-14 03:16:55,296 - INFO - Batch 400/2278: Loss=0.5017, Cls=0.5017, Reg=0.0000, Con=0.0000
2025-09-14 03:16:56,269 - INFO - Batch 410/2278: Loss=1.1629, Cls=1.1629, Reg=0.0000, Con=0.0000
2025-09-14 03:16:57,174 - INFO - Batch 420/2278: Loss=0.0007, Cls=0.0007, Reg=0.0000, Con=0.0000
2025-09-14 03:16:58,080 - INFO - Batch 430/2278: Loss=1.1952, Cls=0.0070, Reg=0.0000, Con=3.9607
2025-09-14 03:16:58,950 - INFO - Batch 440/2278: Loss=1.3826, Cls=0.1944, Reg=0.0000, Con=3.9608
2025-09-14 03:16:59,802 - INFO - Batch 450/2278: Loss=1.1887, Cls=0.0004, Reg=0.0000, Con=3.9607
2025-09-14 03:17:00,651 - INFO - Batch 460/2278: Loss=1.2384, Cls=0.0502, Reg=0.0000, Con=3.9607
2025-09-14 03:17:01,530 - INFO - Batch 470/2278: Loss=1.1883, Cls=0.0000, Reg=0.0000, Con=3.9611
2025-09-14 03:17:02,407 - INFO - Batch 480/2278: Loss=1.1892, Cls=0.0010, Reg=0.0000, Con=3.9607
2025-09-14 03:17:03,288 - INFO - Batch 490/2278: Loss=0.0000, Cls=0.0000, Reg=0.0000, Con=0.0000
2025-09-14 03:17:04,157 - INFO - Batch 500/2278: Loss=0.0002, Cls=0.0002, Reg=0.0000, Con=0.0000
2025-09-14 03:17:05,046 - INFO - Batch 510/2278: Loss=1.1883, Cls=0.0000, Reg=0.0000, Con=3.9609
2025-09-14 03:17:05,911 - INFO - Batch 520/2278: Loss=1.1887, Cls=0.0004, Reg=0.0000, Con=3.9608
2025-09-14 03:17:06,777 - INFO - Batch 530/2278: Loss=1.2163, Cls=0.0281, Reg=0.0000, Con=3.9608
2025-09-14 03:17:07,676 - INFO - Batch 540/2278: Loss=4.1025, Cls=2.9142, Reg=0.0000, Con=3.9610
2025-09-14 03:17:08,542 - INFO - Batch 550/2278: Loss=1.1882, Cls=0.0000, Reg=0.0000, Con=3.9607
2025-09-14 03:17:09,471 - INFO - Batch 560/2278: Loss=1.1884, Cls=0.0001, Reg=0.0000, Con=3.9609
2025-09-14 03:17:10,396 - INFO - Batch 570/2278: Loss=1.4244, Cls=0.2362, Reg=0.0000, Con=3.9608
2025-09-14 03:17:11,287 - INFO - Batch 580/2278: Loss=0.0009, Cls=0.0009, Reg=0.0000, Con=0.0000
2025-09-14 03:17:12,165 - INFO - Batch 590/2278: Loss=0.0614, Cls=0.0614, Reg=0.0000, Con=0.0000
2025-09-14 03:17:13,059 - INFO - Batch 600/2278: Loss=1.1887, Cls=0.0005, Reg=0.0000, Con=3.9609
2025-09-14 03:17:13,938 - INFO - Batch 610/2278: Loss=1.2025, Cls=0.0142, Reg=0.0000, Con=3.9609
2025-09-14 03:17:14,841 - INFO - Batch 620/2278: Loss=1.1894, Cls=0.0012, Reg=0.0000, Con=3.9608
2025-09-14 03:17:15,737 - INFO - Batch 630/2278: Loss=0.0135, Cls=0.0135, Reg=0.0000, Con=0.0000
2025-09-14 03:17:16,665 - INFO - Batch 640/2278: Loss=2.6946, Cls=1.5063, Reg=0.0000, Con=3.9608
2025-09-14 03:17:17,554 - INFO - Batch 650/2278: Loss=1.1890, Cls=0.0007, Reg=0.0000, Con=3.9613
2025-09-14 03:17:18,444 - INFO - Batch 660/2278: Loss=1.1904, Cls=0.0022, Reg=0.0000, Con=3.9608
2025-09-14 03:17:19,350 - INFO - Batch 670/2278: Loss=1.5251, Cls=0.3369, Reg=0.0000, Con=3.9608
2025-09-14 03:17:20,240 - INFO - Batch 680/2278: Loss=1.7224, Cls=0.5341, Reg=0.0000, Con=3.9608
2025-09-14 03:17:21,125 - INFO - Batch 690/2278: Loss=0.0000, Cls=0.0000, Reg=0.0000, Con=0.0000
2025-09-14 03:17:22,015 - INFO - Batch 700/2278: Loss=0.0000, Cls=0.0000, Reg=0.0000, Con=0.0000
2025-09-14 03:17:22,917 - INFO - Batch 710/2278: Loss=1.1882, Cls=0.0000, Reg=0.0000, Con=3.9607
2025-09-14 03:17:23,801 - INFO - Batch 720/2278: Loss=1.1883, Cls=0.0001, Reg=0.0000, Con=3.9609
2025-09-14 03:17:24,696 - INFO - Batch 730/2278: Loss=1.8912, Cls=0.7028, Reg=0.0000, Con=3.9613
2025-09-14 03:17:25,589 - INFO - Batch 740/2278: Loss=2.6346, Cls=1.4463, Reg=0.0000, Con=3.9610
2025-09-14 03:17:26,483 - INFO - Batch 750/2278: Loss=1.2173, Cls=0.0291, Reg=0.0000, Con=3.9609
2025-09-14 03:17:27,374 - INFO - Batch 760/2278: Loss=1.2635, Cls=0.0753, Reg=0.0000, Con=3.9608
2025-09-14 03:17:28,256 - INFO - Batch 770/2278: Loss=1.1900, Cls=0.0017, Reg=0.0000, Con=3.9610
2025-09-14 03:17:29,151 - INFO - Batch 780/2278: Loss=1.1883, Cls=0.0000, Reg=0.0000, Con=3.9608
2025-09-14 03:17:30,053 - INFO - Batch 790/2278: Loss=0.0009, Cls=0.0009, Reg=0.0000, Con=0.0000
2025-09-14 03:17:30,942 - INFO - Batch 800/2278: Loss=1.1886, Cls=0.0002, Reg=0.0000, Con=3.9612
2025-09-14 03:17:31,818 - INFO - Batch 810/2278: Loss=1.1916, Cls=0.0033, Reg=0.0000, Con=3.9612
2025-09-14 03:17:32,726 - INFO - Batch 820/2278: Loss=1.1883, Cls=0.0000, Reg=0.0000, Con=3.9609
2025-09-14 03:17:33,638 - INFO - Batch 830/2278: Loss=1.2063, Cls=0.0181, Reg=0.0000, Con=3.9609
2025-09-14 03:17:34,515 - INFO - Batch 840/2278: Loss=1.2168, Cls=0.0285, Reg=0.0000, Con=3.9608
2025-09-14 03:17:35,409 - INFO - Batch 850/2278: Loss=0.2365, Cls=0.2365, Reg=0.0000, Con=0.0000
2025-09-14 03:17:36,290 - INFO - Batch 860/2278: Loss=1.2153, Cls=0.0271, Reg=0.0000, Con=3.9607
2025-09-14 03:17:37,180 - INFO - Batch 870/2278: Loss=1.8473, Cls=1.8473, Reg=0.0000, Con=0.0000
2025-09-14 03:17:38,084 - INFO - Batch 880/2278: Loss=0.5988, Cls=0.5988, Reg=0.0000, Con=0.0000
2025-09-14 03:17:38,959 - INFO - Batch 890/2278: Loss=0.8237, Cls=0.8237, Reg=0.0000, Con=0.0000
2025-09-14 03:17:39,858 - INFO - Batch 900/2278: Loss=1.4894, Cls=0.3012, Reg=0.0000, Con=3.9609
2025-09-14 03:17:40,761 - INFO - Batch 910/2278: Loss=1.2354, Cls=0.0471, Reg=0.0000, Con=3.9609
2025-09-14 03:17:41,629 - INFO - Batch 920/2278: Loss=2.9962, Cls=1.8079, Reg=0.0000, Con=3.9610
2025-09-14 03:17:42,540 - INFO - Batch 930/2278: Loss=1.1912, Cls=0.0030, Reg=0.0000, Con=3.9608
2025-09-14 03:17:43,431 - INFO - Batch 940/2278: Loss=2.3025, Cls=1.1142, Reg=0.0000, Con=3.9609
2025-09-14 03:17:44,326 - INFO - Batch 950/2278: Loss=1.1883, Cls=0.0000, Reg=0.0000, Con=3.9611
2025-09-14 03:17:45,206 - INFO - Batch 960/2278: Loss=1.8641, Cls=0.6758, Reg=0.0000, Con=3.9609
2025-09-14 03:17:46,100 - INFO - Batch 970/2278: Loss=1.2205, Cls=0.0321, Reg=0.0000, Con=3.9612
2025-09-14 03:17:46,994 - INFO - Batch 980/2278: Loss=0.0088, Cls=0.0088, Reg=0.0000, Con=0.0000
2025-09-14 03:17:47,881 - INFO - Batch 990/2278: Loss=0.0000, Cls=0.0000, Reg=0.0000, Con=0.0000
2025-09-14 03:17:48,768 - INFO - Batch 1000/2278: Loss=2.0957, Cls=0.9074, Reg=0.0000, Con=3.9609
2025-09-14 03:17:49,670 - INFO - Batch 1010/2278: Loss=1.1910, Cls=0.0028, Reg=0.0000, Con=3.9608
2025-09-14 03:17:50,562 - INFO - Batch 1020/2278: Loss=0.0023, Cls=0.0023, Reg=0.0000, Con=0.0000
2025-09-14 03:17:51,458 - INFO - Batch 1030/2278: Loss=1.1913, Cls=0.0030, Reg=0.0000, Con=3.9610
2025-09-14 03:17:52,350 - INFO - Batch 1040/2278: Loss=1.2394, Cls=0.0511, Reg=0.0000, Con=3.9607
2025-09-14 03:17:53,244 - INFO - Batch 1050/2278: Loss=9.6610, Cls=8.4727, Reg=0.0000, Con=3.9609
2025-09-14 03:17:54,126 - INFO - Batch 1060/2278: Loss=1.1899, Cls=0.0017, Reg=0.0000, Con=3.9608
2025-09-14 03:17:55,015 - INFO - Batch 1070/2278: Loss=1.1883, Cls=0.0001, Reg=0.0000, Con=3.9608
2025-09-14 03:17:55,912 - INFO - Batch 1080/2278: Loss=2.1327, Cls=0.9444, Reg=0.0000, Con=3.9608
2025-09-14 03:17:56,828 - INFO - Batch 1090/2278: Loss=1.1883, Cls=0.0000, Reg=0.0000, Con=3.9609
2025-09-14 03:17:57,907 - INFO - Batch 1100/2278: Loss=0.0169, Cls=0.0169, Reg=0.0000, Con=0.0000
2025-09-14 03:17:58,802 - INFO - Batch 1110/2278: Loss=1.1886, Cls=0.0003, Reg=0.0000, Con=3.9608
2025-09-14 03:17:59,671 - INFO - Batch 1120/2278: Loss=2.2728, Cls=2.2728, Reg=0.0000, Con=0.0000
2025-09-14 03:18:00,572 - INFO - Batch 1130/2278: Loss=1.2466, Cls=0.0583, Reg=0.0000, Con=3.9608
2025-09-14 03:18:01,473 - INFO - Batch 1140/2278: Loss=1.4829, Cls=0.2947, Reg=0.0000, Con=3.9608
2025-09-14 03:18:02,367 - INFO - Batch 1150/2278: Loss=1.1893, Cls=0.0009, Reg=0.0000, Con=3.9611
2025-09-14 03:18:03,250 - INFO - Batch 1160/2278: Loss=1.2553, Cls=0.0670, Reg=0.0000, Con=3.9609
2025-09-14 03:18:04,122 - INFO - Batch 1170/2278: Loss=0.8666, Cls=0.8666, Reg=0.0000, Con=0.0000
2025-09-14 03:18:05,003 - INFO - Batch 1180/2278: Loss=1.1889, Cls=0.0007, Reg=0.0000, Con=3.9609
2025-09-14 03:18:05,886 - INFO - Batch 1190/2278: Loss=1.2217, Cls=0.0334, Reg=0.0000, Con=3.9609
2025-09-14 03:18:06,774 - INFO - Batch 1200/2278: Loss=0.3938, Cls=0.3938, Reg=0.0000, Con=0.0000
2025-09-14 03:18:07,693 - INFO - Batch 1210/2278: Loss=1.1942, Cls=0.0059, Reg=0.0000, Con=3.9610
2025-09-14 03:18:08,562 - INFO - Batch 1220/2278: Loss=0.0028, Cls=0.0028, Reg=0.0000, Con=0.0000
2025-09-14 03:18:09,442 - INFO - Batch 1230/2278: Loss=1.1996, Cls=0.0113, Reg=0.0000, Con=3.9609
2025-09-14 03:18:10,344 - INFO - Batch 1240/2278: Loss=1.1883, Cls=0.0000, Reg=0.0000, Con=3.9609
2025-09-14 03:18:11,229 - INFO - Batch 1250/2278: Loss=0.0000, Cls=0.0000, Reg=0.0000, Con=0.0000
2025-09-14 03:18:12,103 - INFO - Batch 1260/2278: Loss=0.9611, Cls=0.9611, Reg=0.0000, Con=0.0000
2025-09-14 03:18:12,987 - INFO - Batch 1270/2278: Loss=1.1896, Cls=0.0014, Reg=0.0000, Con=3.9609
2025-09-14 03:18:13,871 - INFO - Batch 1280/2278: Loss=1.1637, Cls=1.1637, Reg=0.0000, Con=0.0000
2025-09-14 03:18:14,762 - INFO - Batch 1290/2278: Loss=0.0800, Cls=0.0800, Reg=0.0000, Con=0.0000
2025-09-14 03:18:15,654 - INFO - Batch 1300/2278: Loss=4.3833, Cls=3.1950, Reg=0.0000, Con=3.9610
2025-09-14 03:18:16,536 - INFO - Batch 1310/2278: Loss=1.1918, Cls=0.0034, Reg=0.0000, Con=3.9611
2025-09-14 03:18:17,414 - INFO - Batch 1320/2278: Loss=2.6296, Cls=2.6296, Reg=0.0000, Con=0.0000
2025-09-14 03:18:18,314 - INFO - Batch 1330/2278: Loss=1.1948, Cls=0.0064, Reg=0.0000, Con=3.9613
2025-09-14 03:18:19,203 - INFO - Batch 1340/2278: Loss=1.1882, Cls=0.0000, Reg=0.0000, Con=3.9608
2025-09-14 03:18:20,100 - INFO - Batch 1350/2278: Loss=0.0033, Cls=0.0033, Reg=0.0000, Con=0.0000
2025-09-14 03:18:20,984 - INFO - Batch 1360/2278: Loss=1.2254, Cls=0.0371, Reg=0.0000, Con=3.9610
2025-09-14 03:18:21,889 - INFO - Batch 1370/2278: Loss=1.1882, Cls=0.0000, Reg=0.0000, Con=3.9608
2025-09-14 03:18:22,793 - INFO - Batch 1380/2278: Loss=1.2864, Cls=0.0981, Reg=0.0000, Con=3.9608
2025-09-14 03:18:23,667 - INFO - Batch 1390/2278: Loss=1.2136, Cls=0.0253, Reg=0.0000, Con=3.9608
2025-09-14 03:18:24,551 - INFO - Batch 1400/2278: Loss=1.2321, Cls=0.0438, Reg=0.0000, Con=3.9609
2025-09-14 03:18:25,471 - INFO - Batch 1410/2278: Loss=1.2384, Cls=0.0500, Reg=0.0000, Con=3.9612
2025-09-14 03:18:26,357 - INFO - Batch 1420/2278: Loss=0.0075, Cls=0.0075, Reg=0.0000, Con=0.0000
2025-09-14 03:18:27,222 - INFO - Batch 1430/2278: Loss=1.6998, Cls=0.5115, Reg=0.0000, Con=3.9609
2025-09-14 03:18:28,105 - INFO - Batch 1440/2278: Loss=1.1883, Cls=0.0000, Reg=0.0000, Con=3.9609
2025-09-14 03:18:29,000 - INFO - Batch 1450/2278: Loss=1.1887, Cls=0.0004, Reg=0.0000, Con=3.9608
2025-09-14 03:18:29,979 - INFO - Batch 1460/2278: Loss=0.0002, Cls=0.0002, Reg=0.0000, Con=0.0000
2025-09-14 03:18:30,883 - INFO - Batch 1470/2278: Loss=1.1883, Cls=0.0000, Reg=0.0000, Con=3.9609
2025-09-14 03:18:31,765 - INFO - Batch 1480/2278: Loss=1.1930, Cls=0.0048, Reg=0.0000, Con=3.9607
2025-09-14 03:18:32,661 - INFO - Batch 1490/2278: Loss=1.1883, Cls=0.0001, Reg=0.0000, Con=3.9609
2025-09-14 03:18:33,545 - INFO - Batch 1500/2278: Loss=1.2289, Cls=0.0406, Reg=0.0000, Con=3.9609
2025-09-14 03:18:34,440 - INFO - Batch 1510/2278: Loss=0.0000, Cls=0.0000, Reg=0.0000, Con=0.0000
2025-09-14 03:18:35,341 - INFO - Batch 1520/2278: Loss=2.6781, Cls=1.4898, Reg=0.0000, Con=3.9608
2025-09-14 03:18:36,233 - INFO - Batch 1530/2278: Loss=1.1937, Cls=0.0054, Reg=0.0000, Con=3.9608
2025-09-14 03:18:37,124 - INFO - Batch 1540/2278: Loss=1.1930, Cls=0.0048, Reg=0.0000, Con=3.9609
2025-09-14 03:18:38,027 - INFO - Batch 1550/2278: Loss=1.1889, Cls=0.0006, Reg=0.0000, Con=3.9610
2025-09-14 03:18:38,911 - INFO - Batch 1560/2278: Loss=1.2982, Cls=0.1099, Reg=0.0000, Con=3.9609
2025-09-14 03:18:39,814 - INFO - Batch 1570/2278: Loss=1.1893, Cls=0.0010, Reg=0.0000, Con=3.9608
2025-09-14 03:18:40,731 - INFO - Batch 1580/2278: Loss=1.1890, Cls=0.0008, Reg=0.0000, Con=3.9608
2025-09-14 03:18:41,623 - INFO - Batch 1590/2278: Loss=3.1806, Cls=1.9923, Reg=0.0000, Con=3.9609
2025-09-14 03:18:42,528 - INFO - Batch 1600/2278: Loss=1.1883, Cls=0.0000, Reg=0.0000, Con=3.9608
2025-09-14 03:18:43,429 - INFO - Batch 1610/2278: Loss=0.0100, Cls=0.0100, Reg=0.0000, Con=0.0000
2025-09-14 03:18:44,327 - INFO - Batch 1620/2278: Loss=0.0013, Cls=0.0013, Reg=0.0000, Con=0.0000
2025-09-14 03:18:45,245 - INFO - Batch 1630/2278: Loss=1.1882, Cls=0.0000, Reg=0.0000, Con=3.9608
2025-09-14 03:18:46,136 - INFO - Batch 1640/2278: Loss=2.5209, Cls=2.5209, Reg=0.0000, Con=0.0000
2025-09-14 03:18:47,025 - INFO - Batch 1650/2278: Loss=0.8521, Cls=0.8521, Reg=0.0000, Con=0.0000
2025-09-14 03:18:47,915 - INFO - Batch 1660/2278: Loss=0.0394, Cls=0.0394, Reg=0.0000, Con=0.0000
2025-09-14 03:18:48,797 - INFO - Batch 1670/2278: Loss=1.1884, Cls=0.0000, Reg=0.0000, Con=3.9612
2025-09-14 03:18:49,707 - INFO - Batch 1680/2278: Loss=0.0056, Cls=0.0056, Reg=0.0000, Con=0.0000
2025-09-14 03:18:50,604 - INFO - Batch 1690/2278: Loss=1.1921, Cls=0.0038, Reg=0.0000, Con=3.9612
2025-09-14 03:18:51,494 - INFO - Batch 1700/2278: Loss=1.7805, Cls=0.5921, Reg=0.0000, Con=3.9612
2025-09-14 03:18:52,391 - INFO - Batch 1710/2278: Loss=3.0177, Cls=3.0177, Reg=0.0000, Con=0.0000
2025-09-14 03:18:53,299 - INFO - Batch 1720/2278: Loss=1.1951, Cls=0.0069, Reg=0.0000, Con=3.9608
2025-09-14 03:18:54,205 - INFO - Batch 1730/2278: Loss=0.0006, Cls=0.0006, Reg=0.0000, Con=0.0000
2025-09-14 03:18:55,108 - INFO - Batch 1740/2278: Loss=0.0000, Cls=0.0000, Reg=0.0000, Con=0.0000
2025-09-14 03:18:56,015 - INFO - Batch 1750/2278: Loss=1.1883, Cls=0.0000, Reg=0.0000, Con=3.9609
2025-09-14 03:18:56,922 - INFO - Batch 1760/2278: Loss=1.1901, Cls=0.0018, Reg=0.0000, Con=3.9609
2025-09-14 03:18:57,827 - INFO - Batch 1770/2278: Loss=1.1882, Cls=0.0000, Reg=0.0000, Con=3.9608
2025-09-14 03:18:58,714 - INFO - Batch 1780/2278: Loss=1.1891, Cls=0.0008, Reg=0.0000, Con=3.9608
2025-09-14 03:18:59,589 - INFO - Batch 1790/2278: Loss=0.0000, Cls=0.0000, Reg=0.0000, Con=0.0000
2025-09-14 03:19:00,496 - INFO - Batch 1800/2278: Loss=0.1307, Cls=0.1307, Reg=0.0000, Con=0.0000
2025-09-14 03:19:01,414 - INFO - Batch 1810/2278: Loss=0.9676, Cls=0.9676, Reg=0.0000, Con=0.0000
2025-09-14 03:19:02,307 - INFO - Batch 1820/2278: Loss=1.1932, Cls=0.0049, Reg=0.0000, Con=3.9611
2025-09-14 03:19:03,204 - INFO - Batch 1830/2278: Loss=0.0041, Cls=0.0041, Reg=0.0000, Con=0.0000
2025-09-14 03:19:04,089 - INFO - Batch 1840/2278: Loss=0.0926, Cls=0.0926, Reg=0.0000, Con=0.0000
2025-09-14 03:19:04,999 - INFO - Batch 1850/2278: Loss=1.2112, Cls=0.0230, Reg=0.0000, Con=3.9608
2025-09-14 03:19:05,874 - INFO - Batch 1860/2278: Loss=0.0012, Cls=0.0012, Reg=0.0000, Con=0.0000
2025-09-14 03:19:06,774 - INFO - Batch 1870/2278: Loss=1.1883, Cls=0.0000, Reg=0.0000, Con=3.9608
2025-09-14 03:19:07,747 - INFO - Batch 1880/2278: Loss=0.0000, Cls=0.0000, Reg=0.0000, Con=0.0000
2025-09-14 03:19:08,655 - INFO - Batch 1890/2278: Loss=1.1903, Cls=0.0020, Reg=0.0000, Con=3.9609
2025-09-14 03:19:09,544 - INFO - Batch 1900/2278: Loss=0.0515, Cls=0.0515, Reg=0.0000, Con=0.0000
2025-09-14 03:19:10,492 - INFO - Batch 1910/2278: Loss=0.1454, Cls=0.1454, Reg=0.0000, Con=0.0000
2025-09-14 03:19:11,481 - INFO - Batch 1920/2278: Loss=1.2200, Cls=0.0318, Reg=0.0000, Con=3.9607
2025-09-14 03:19:12,368 - INFO - Batch 1930/2278: Loss=3.1460, Cls=1.9578, Reg=0.0000, Con=3.9607
2025-09-14 03:19:13,262 - INFO - Batch 1940/2278: Loss=4.0406, Cls=2.8523, Reg=0.0000, Con=3.9608
2025-09-14 03:19:14,126 - INFO - Batch 1950/2278: Loss=1.1892, Cls=0.0009, Reg=0.0000, Con=3.9608
2025-09-14 03:19:15,000 - INFO - Batch 1960/2278: Loss=1.1914, Cls=0.0031, Reg=0.0000, Con=3.9609
2025-09-14 03:19:15,865 - INFO - Batch 1970/2278: Loss=1.1883, Cls=0.0000, Reg=0.0000, Con=3.9611
2025-09-14 03:19:16,749 - INFO - Batch 1980/2278: Loss=1.3722, Cls=0.1840, Reg=0.0000, Con=3.9608
2025-09-14 03:19:17,644 - INFO - Batch 1990/2278: Loss=1.1902, Cls=0.0018, Reg=0.0000, Con=3.9615
2025-09-14 03:19:18,536 - INFO - Batch 2000/2278: Loss=1.3688, Cls=1.3688, Reg=0.0000, Con=0.0000
2025-09-14 03:19:19,423 - INFO - Batch 2010/2278: Loss=1.1908, Cls=0.0025, Reg=0.0000, Con=3.9608
2025-09-14 03:19:20,334 - INFO - Batch 2020/2278: Loss=1.2178, Cls=0.0295, Reg=0.0000, Con=3.9608
2025-09-14 03:19:21,212 - INFO - Batch 2030/2278: Loss=1.1882, Cls=0.0000, Reg=0.0000, Con=3.9607
2025-09-14 03:19:22,096 - INFO - Batch 2040/2278: Loss=1.2007, Cls=0.0124, Reg=0.0000, Con=3.9609
2025-09-14 03:19:22,993 - INFO - Batch 2050/2278: Loss=1.1886, Cls=0.0004, Reg=0.0000, Con=3.9608
2025-09-14 03:19:23,886 - INFO - Batch 2060/2278: Loss=0.0007, Cls=0.0007, Reg=0.0000, Con=0.0000
2025-09-14 03:19:24,801 - INFO - Batch 2070/2278: Loss=1.2048, Cls=0.0165, Reg=0.0000, Con=3.9611
2025-09-14 03:19:25,730 - INFO - Batch 2080/2278: Loss=1.2064, Cls=0.0181, Reg=0.0000, Con=3.9610
2025-09-14 03:19:26,637 - INFO - Batch 2090/2278: Loss=1.1940, Cls=0.0056, Reg=0.0000, Con=3.9612
2025-09-14 03:19:27,515 - INFO - Batch 2100/2278: Loss=1.1924, Cls=0.0041, Reg=0.0000, Con=3.9611
2025-09-14 03:19:28,391 - INFO - Batch 2110/2278: Loss=1.1883, Cls=0.0000, Reg=0.0000, Con=3.9609
2025-09-14 03:19:29,270 - INFO - Batch 2120/2278: Loss=0.0008, Cls=0.0008, Reg=0.0000, Con=0.0000
2025-09-14 03:19:30,167 - INFO - Batch 2130/2278: Loss=1.2051, Cls=0.0169, Reg=0.0000, Con=3.9606
2025-09-14 03:19:31,047 - INFO - Batch 2140/2278: Loss=1.1883, Cls=0.0000, Reg=0.0000, Con=3.9608
2025-09-14 03:19:31,924 - INFO - Batch 2150/2278: Loss=1.2201, Cls=0.0319, Reg=0.0000, Con=3.9607
2025-09-14 03:19:32,819 - INFO - Batch 2160/2278: Loss=1.1885, Cls=0.0003, Reg=0.0000, Con=3.9608
2025-09-14 03:19:33,700 - INFO - Batch 2170/2278: Loss=1.1885, Cls=0.0003, Reg=0.0000, Con=3.9609
2025-09-14 03:19:34,558 - INFO - Batch 2180/2278: Loss=0.0027, Cls=0.0027, Reg=0.0000, Con=0.0000
2025-09-14 03:19:35,453 - INFO - Batch 2190/2278: Loss=0.0000, Cls=0.0000, Reg=0.0000, Con=0.0000
2025-09-14 03:19:36,360 - INFO - Batch 2200/2278: Loss=1.1891, Cls=0.0009, Reg=0.0000, Con=3.9605
2025-09-14 03:19:37,266 - INFO - Batch 2210/2278: Loss=1.2009, Cls=0.0126, Reg=0.0000, Con=3.9609
2025-09-14 03:19:38,143 - INFO - Batch 2220/2278: Loss=1.2830, Cls=0.0947, Reg=0.0000, Con=3.9610
2025-09-14 03:19:39,015 - INFO - Batch 2230/2278: Loss=0.0001, Cls=0.0001, Reg=0.0000, Con=0.0000
2025-09-14 03:19:39,909 - INFO - Batch 2240/2278: Loss=0.0000, Cls=0.0000, Reg=0.0000, Con=0.0000
2025-09-14 03:19:40,800 - INFO - Batch 2250/2278: Loss=1.2055, Cls=0.0172, Reg=0.0000, Con=3.9609
2025-09-14 03:19:41,691 - INFO - Batch 2260/2278: Loss=1.2055, Cls=0.0173, Reg=0.0000, Con=3.9608
2025-09-14 03:19:42,590 - INFO - Batch 2270/2278: Loss=0.0080, Cls=0.0080, Reg=0.0000, Con=0.0000
2025-09-14 03:23:10,986 - INFO - === Epoch 1 Results ===
2025-09-14 03:23:10,986 - INFO - Training Loss: 0.9992 (Classification: 0.2298, Regression: 0.0000)
2025-09-14 03:23:10,986 - INFO - Validation Loss: 0.0790 (Classification: 0.0790, Regression: 0.0000)
2025-09-14 03:23:10,986 - INFO - Average Classification Accuracy: 0.9160 (on 1/26 tasks)
2025-09-14 03:23:10,986 - INFO - Average AUC: 0.8770
2025-09-14 03:23:11,523 - INFO - Best model saved to: experiments/r1c3_headft_cls_16_seed_42_20250914_031615/checkpoints/r1c3_headft_cls_16_seed_42_best.pth
2025-09-14 03:23:11,524 - INFO - 
Epoch 2/3
2025-09-14 03:23:11,621 - INFO - Batch 0/2278: Loss=1.6345, Cls=1.6345, Reg=0.0000, Con=0.0000
2025-09-14 03:23:12,547 - INFO - Batch 10/2278: Loss=1.1881, Cls=0.0000, Reg=0.0000, Con=3.9604
2025-09-14 03:23:13,505 - INFO - Batch 20/2278: Loss=1.2110, Cls=0.0227, Reg=0.0000, Con=3.9610
2025-09-14 03:23:14,480 - INFO - Batch 30/2278: Loss=1.1883, Cls=0.0000, Reg=0.0000, Con=3.9608
2025-09-14 03:23:15,473 - INFO - Batch 40/2278: Loss=1.1890, Cls=0.0007, Reg=0.0000, Con=3.9608
2025-09-14 03:23:16,503 - INFO - Batch 50/2278: Loss=0.0016, Cls=0.0016, Reg=0.0000, Con=0.0000
2025-09-14 03:23:17,403 - INFO - Batch 60/2278: Loss=1.2271, Cls=0.0389, Reg=0.0000, Con=3.9608
2025-09-14 03:23:18,381 - INFO - Batch 70/2278: Loss=1.1891, Cls=0.0009, Reg=0.0000, Con=3.9607
2025-09-14 03:23:19,339 - INFO - Batch 80/2278: Loss=1.1883, Cls=0.0000, Reg=0.0000, Con=3.9609
2025-09-14 03:23:20,274 - INFO - Batch 90/2278: Loss=0.0178, Cls=0.0178, Reg=0.0000, Con=0.0000
2025-09-14 03:23:21,257 - INFO - Batch 100/2278: Loss=1.1915, Cls=0.0032, Reg=0.0000, Con=3.9609
2025-09-14 03:23:22,200 - INFO - Batch 110/2278: Loss=1.1889, Cls=0.0006, Reg=0.0000, Con=3.9609
2025-09-14 03:23:23,175 - INFO - Batch 120/2278: Loss=0.0018, Cls=0.0018, Reg=0.0000, Con=0.0000
2025-09-14 03:23:24,120 - INFO - Batch 130/2278: Loss=1.1888, Cls=0.0006, Reg=0.0000, Con=3.9607
2025-09-14 03:23:25,086 - INFO - Batch 140/2278: Loss=1.5489, Cls=0.3606, Reg=0.0000, Con=3.9609
2025-09-14 03:23:26,054 - INFO - Batch 150/2278: Loss=1.9868, Cls=0.7984, Reg=0.0000, Con=3.9611
2025-09-14 03:23:27,024 - INFO - Batch 160/2278: Loss=1.1896, Cls=0.0013, Reg=0.0000, Con=3.9609
2025-09-14 03:23:27,980 - INFO - Batch 170/2278: Loss=0.0000, Cls=0.0000, Reg=0.0000, Con=0.0000
2025-09-14 03:23:29,000 - INFO - Batch 180/2278: Loss=2.0508, Cls=0.8625, Reg=0.0000, Con=3.9609
2025-09-14 03:23:29,977 - INFO - Batch 190/2278: Loss=0.0000, Cls=0.0000, Reg=0.0000, Con=0.0000
2025-09-14 03:23:30,952 - INFO - Batch 200/2278: Loss=1.4583, Cls=0.2701, Reg=0.0000, Con=3.9608
2025-09-14 03:23:31,933 - INFO - Batch 210/2278: Loss=1.1893, Cls=0.0010, Reg=0.0000, Con=3.9609
2025-09-14 03:23:32,915 - INFO - Batch 220/2278: Loss=0.0000, Cls=0.0000, Reg=0.0000, Con=0.0000
2025-09-14 03:23:33,824 - INFO - Batch 230/2278: Loss=0.0004, Cls=0.0004, Reg=0.0000, Con=0.0000
2025-09-14 03:23:34,833 - INFO - Batch 240/2278: Loss=0.0506, Cls=0.0506, Reg=0.0000, Con=0.0000
2025-09-14 03:23:35,746 - INFO - Batch 250/2278: Loss=0.0002, Cls=0.0002, Reg=0.0000, Con=0.0000
2025-09-14 03:23:36,660 - INFO - Batch 260/2278: Loss=0.0073, Cls=0.0073, Reg=0.0000, Con=0.0000
2025-09-14 03:23:37,598 - INFO - Batch 270/2278: Loss=1.1883, Cls=0.0000, Reg=0.0000, Con=3.9608
2025-09-14 03:23:38,548 - INFO - Batch 280/2278: Loss=1.1905, Cls=0.0023, Reg=0.0000, Con=3.9609
2025-09-14 03:23:39,504 - INFO - Batch 290/2278: Loss=1.1954, Cls=0.0072, Reg=0.0000, Con=3.9609
2025-09-14 03:23:40,486 - INFO - Batch 300/2278: Loss=1.2559, Cls=0.0676, Reg=0.0000, Con=3.9609
2025-09-14 03:23:41,413 - INFO - Batch 310/2278: Loss=1.2285, Cls=0.0402, Reg=0.0000, Con=3.9608
2025-09-14 03:23:42,373 - INFO - Batch 320/2278: Loss=0.0000, Cls=0.0000, Reg=0.0000, Con=0.0000
2025-09-14 03:23:43,298 - INFO - Batch 330/2278: Loss=1.6131, Cls=0.4249, Reg=0.0000, Con=3.9609
2025-09-14 03:23:44,255 - INFO - Batch 340/2278: Loss=1.1883, Cls=0.0000, Reg=0.0000, Con=3.9609
2025-09-14 03:23:45,203 - INFO - Batch 350/2278: Loss=1.1884, Cls=0.0001, Reg=0.0000, Con=3.9609
2025-09-14 03:23:46,208 - INFO - Batch 360/2278: Loss=1.1885, Cls=0.0002, Reg=0.0000, Con=3.9609
2025-09-14 03:23:47,144 - INFO - Batch 370/2278: Loss=1.1893, Cls=0.0011, Reg=0.0000, Con=3.9609
2025-09-14 03:23:48,093 - INFO - Batch 380/2278: Loss=1.1893, Cls=0.0011, Reg=0.0000, Con=3.9608
2025-09-14 03:23:49,031 - INFO - Batch 390/2278: Loss=1.1884, Cls=0.0002, Reg=0.0000, Con=3.9609
2025-09-14 03:23:50,018 - INFO - Batch 400/2278: Loss=0.0000, Cls=0.0000, Reg=0.0000, Con=0.0000
2025-09-14 03:23:50,984 - INFO - Batch 410/2278: Loss=2.9476, Cls=1.7594, Reg=0.0000, Con=3.9608
2025-09-14 03:23:51,945 - INFO - Batch 420/2278: Loss=0.1567, Cls=0.1567, Reg=0.0000, Con=0.0000
2025-09-14 03:23:52,878 - INFO - Batch 430/2278: Loss=6.1128, Cls=6.1128, Reg=0.0000, Con=0.0000
2025-09-14 03:23:53,828 - INFO - Batch 440/2278: Loss=1.7252, Cls=0.5370, Reg=0.0000, Con=3.9608
2025-09-14 03:23:54,779 - INFO - Batch 450/2278: Loss=1.1888, Cls=0.0006, Reg=0.0000, Con=3.9607
2025-09-14 03:23:55,727 - INFO - Batch 460/2278: Loss=0.1113, Cls=0.1113, Reg=0.0000, Con=0.0000
2025-09-14 03:23:56,656 - INFO - Batch 470/2278: Loss=1.4339, Cls=0.2456, Reg=0.0000, Con=3.9608
2025-09-14 03:23:57,633 - INFO - Batch 480/2278: Loss=0.0000, Cls=0.0000, Reg=0.0000, Con=0.0000
2025-09-14 03:23:58,597 - INFO - Batch 490/2278: Loss=1.2616, Cls=0.0733, Reg=0.0000, Con=3.9610
2025-09-14 03:23:59,529 - INFO - Batch 500/2278: Loss=1.1961, Cls=0.0079, Reg=0.0000, Con=3.9607
2025-09-14 03:24:00,432 - INFO - Batch 510/2278: Loss=2.2604, Cls=1.0722, Reg=0.0000, Con=3.9607
2025-09-14 03:24:01,357 - INFO - Batch 520/2278: Loss=1.1889, Cls=0.0006, Reg=0.0000, Con=3.9607
2025-09-14 03:24:02,251 - INFO - Batch 530/2278: Loss=1.2754, Cls=0.0872, Reg=0.0000, Con=3.9608
2025-09-14 03:24:03,151 - INFO - Batch 540/2278: Loss=1.2870, Cls=0.0986, Reg=0.0000, Con=3.9610
2025-09-14 03:24:04,042 - INFO - Batch 550/2278: Loss=1.6919, Cls=0.5037, Reg=0.0000, Con=3.9607
2025-09-14 03:24:05,035 - INFO - Batch 560/2278: Loss=2.6533, Cls=2.6533, Reg=0.0000, Con=0.0000
2025-09-14 03:24:05,955 - INFO - Batch 570/2278: Loss=1.1882, Cls=0.0000, Reg=0.0000, Con=3.9608
2025-09-14 03:24:06,859 - INFO - Batch 580/2278: Loss=0.0168, Cls=0.0168, Reg=0.0000, Con=0.0000
2025-09-14 03:24:07,751 - INFO - Batch 590/2278: Loss=1.2080, Cls=0.0197, Reg=0.0000, Con=3.9608
2025-09-14 03:24:08,637 - INFO - Batch 600/2278: Loss=0.0000, Cls=0.0000, Reg=0.0000, Con=0.0000
2025-09-14 03:24:09,584 - INFO - Batch 610/2278: Loss=1.1889, Cls=0.0007, Reg=0.0000, Con=3.9608
2025-09-14 03:24:10,498 - INFO - Batch 620/2278: Loss=7.3866, Cls=6.1984, Reg=0.0000, Con=3.9608
2025-09-14 03:24:11,414 - INFO - Batch 630/2278: Loss=0.0042, Cls=0.0042, Reg=0.0000, Con=0.0000
2025-09-14 03:24:12,339 - INFO - Batch 640/2278: Loss=0.0453, Cls=0.0453, Reg=0.0000, Con=0.0000
2025-09-14 03:24:13,226 - INFO - Batch 650/2278: Loss=0.0000, Cls=0.0000, Reg=0.0000, Con=0.0000
2025-09-14 03:24:14,132 - INFO - Batch 660/2278: Loss=1.2051, Cls=0.0168, Reg=0.0000, Con=3.9607
2025-09-14 03:24:15,043 - INFO - Batch 670/2278: Loss=1.1906, Cls=0.0024, Reg=0.0000, Con=3.9609
2025-09-14 03:24:15,933 - INFO - Batch 680/2278: Loss=1.2145, Cls=0.0263, Reg=0.0000, Con=3.9608
2025-09-14 03:24:16,831 - INFO - Batch 690/2278: Loss=1.1884, Cls=0.0000, Reg=0.0000, Con=3.9613
2025-09-14 03:24:17,740 - INFO - Batch 700/2278: Loss=0.0005, Cls=0.0005, Reg=0.0000, Con=0.0000
2025-09-14 03:24:18,633 - INFO - Batch 710/2278: Loss=1.1887, Cls=0.0004, Reg=0.0000, Con=3.9610
2025-09-14 03:24:19,542 - INFO - Batch 720/2278: Loss=2.7367, Cls=1.5485, Reg=0.0000, Con=3.9609
2025-09-14 03:24:20,451 - INFO - Batch 730/2278: Loss=1.2052, Cls=0.0169, Reg=0.0000, Con=3.9612
2025-09-14 03:24:21,370 - INFO - Batch 740/2278: Loss=1.1898, Cls=0.0014, Reg=0.0000, Con=3.9610
2025-09-14 03:24:22,281 - INFO - Batch 750/2278: Loss=0.0004, Cls=0.0004, Reg=0.0000, Con=0.0000
2025-09-14 03:24:23,209 - INFO - Batch 760/2278: Loss=0.0082, Cls=0.0082, Reg=0.0000, Con=0.0000
2025-09-14 03:24:24,110 - INFO - Batch 770/2278: Loss=1.1884, Cls=0.0001, Reg=0.0000, Con=3.9608
2025-09-14 03:24:25,002 - INFO - Batch 780/2278: Loss=0.0009, Cls=0.0009, Reg=0.0000, Con=0.0000
2025-09-14 03:24:25,895 - INFO - Batch 790/2278: Loss=2.3224, Cls=1.1341, Reg=0.0000, Con=3.9609
2025-09-14 03:24:26,812 - INFO - Batch 800/2278: Loss=0.0000, Cls=0.0000, Reg=0.0000, Con=0.0000
2025-09-14 03:24:27,711 - INFO - Batch 810/2278: Loss=0.0074, Cls=0.0074, Reg=0.0000, Con=0.0000
2025-09-14 03:24:28,630 - INFO - Batch 820/2278: Loss=1.7729, Cls=0.5846, Reg=0.0000, Con=3.9608
2025-09-14 03:24:29,568 - INFO - Batch 830/2278: Loss=1.1885, Cls=0.0003, Reg=0.0000, Con=3.9607
2025-09-14 03:24:30,479 - INFO - Batch 840/2278: Loss=1.2344, Cls=0.0461, Reg=0.0000, Con=3.9608
2025-09-14 03:24:31,387 - INFO - Batch 850/2278: Loss=0.0023, Cls=0.0023, Reg=0.0000, Con=0.0000
2025-09-14 03:24:32,306 - INFO - Batch 860/2278: Loss=1.1883, Cls=0.0000, Reg=0.0000, Con=3.9608
2025-09-14 03:24:33,195 - INFO - Batch 870/2278: Loss=0.0025, Cls=0.0025, Reg=0.0000, Con=0.0000
2025-09-14 03:24:34,093 - INFO - Batch 880/2278: Loss=0.0004, Cls=0.0004, Reg=0.0000, Con=0.0000
2025-09-14 03:24:34,989 - INFO - Batch 890/2278: Loss=1.1922, Cls=0.0039, Reg=0.0000, Con=3.9609
2025-09-14 03:24:35,902 - INFO - Batch 900/2278: Loss=0.2014, Cls=0.2014, Reg=0.0000, Con=0.0000
2025-09-14 03:24:36,856 - INFO - Batch 910/2278: Loss=0.0169, Cls=0.0169, Reg=0.0000, Con=0.0000
2025-09-14 03:24:37,801 - INFO - Batch 920/2278: Loss=1.1884, Cls=0.0000, Reg=0.0000, Con=3.9611
2025-09-14 03:24:38,755 - INFO - Batch 930/2278: Loss=1.1896, Cls=0.0013, Reg=0.0000, Con=3.9609
2025-09-14 03:24:39,686 - INFO - Batch 940/2278: Loss=0.0001, Cls=0.0001, Reg=0.0000, Con=0.0000
2025-09-14 03:24:40,571 - INFO - Batch 950/2278: Loss=1.5142, Cls=1.5142, Reg=0.0000, Con=0.0000
2025-09-14 03:24:41,510 - INFO - Batch 960/2278: Loss=0.0000, Cls=0.0000, Reg=0.0000, Con=0.0000
2025-09-14 03:24:42,417 - INFO - Batch 970/2278: Loss=5.2512, Cls=5.2512, Reg=0.0000, Con=0.0000
2025-09-14 03:24:43,311 - INFO - Batch 980/2278: Loss=1.2197, Cls=0.0314, Reg=0.0000, Con=3.9609
2025-09-14 03:24:44,220 - INFO - Batch 990/2278: Loss=1.1882, Cls=0.0000, Reg=0.0000, Con=3.9606
2025-09-14 03:24:45,133 - INFO - Batch 1000/2278: Loss=1.2001, Cls=0.0119, Reg=0.0000, Con=3.9609
2025-09-14 03:24:46,026 - INFO - Batch 1010/2278: Loss=1.1883, Cls=0.0000, Reg=0.0000, Con=3.9609
2025-09-14 03:24:46,962 - INFO - Batch 1020/2278: Loss=1.1910, Cls=0.0026, Reg=0.0000, Con=3.9615
2025-09-14 03:24:47,869 - INFO - Batch 1030/2278: Loss=3.1963, Cls=2.0081, Reg=0.0000, Con=3.9609
2025-09-14 03:24:48,773 - INFO - Batch 1040/2278: Loss=1.1936, Cls=0.0053, Reg=0.0000, Con=3.9608
2025-09-14 03:24:49,670 - INFO - Batch 1050/2278: Loss=1.1901, Cls=0.0018, Reg=0.0000, Con=3.9611
2025-09-14 03:24:50,541 - INFO - Batch 1060/2278: Loss=1.1883, Cls=0.0000, Reg=0.0000, Con=3.9612
2025-09-14 03:24:51,425 - INFO - Batch 1070/2278: Loss=1.1883, Cls=0.0000, Reg=0.0000, Con=3.9609
2025-09-14 03:24:52,347 - INFO - Batch 1080/2278: Loss=1.3040, Cls=0.1158, Reg=0.0000, Con=3.9609
2025-09-14 03:24:53,299 - INFO - Batch 1090/2278: Loss=1.1926, Cls=0.0044, Reg=0.0000, Con=3.9608
2025-09-14 03:24:54,186 - INFO - Batch 1100/2278: Loss=1.1979, Cls=0.0096, Reg=0.0000, Con=3.9608
2025-09-14 03:24:55,105 - INFO - Batch 1110/2278: Loss=1.1960, Cls=0.0078, Reg=0.0000, Con=3.9608
2025-09-14 03:24:56,021 - INFO - Batch 1120/2278: Loss=1.2126, Cls=0.0244, Reg=0.0000, Con=3.9608
2025-09-14 03:24:56,937 - INFO - Batch 1130/2278: Loss=0.0002, Cls=0.0002, Reg=0.0000, Con=0.0000
2025-09-14 03:24:57,848 - INFO - Batch 1140/2278: Loss=0.0035, Cls=0.0035, Reg=0.0000, Con=0.0000
2025-09-14 03:24:58,757 - INFO - Batch 1150/2278: Loss=2.4125, Cls=1.2242, Reg=0.0000, Con=3.9609
2025-09-14 03:24:59,645 - INFO - Batch 1160/2278: Loss=1.1882, Cls=0.0000, Reg=0.0000, Con=3.9607
2025-09-14 03:25:00,554 - INFO - Batch 1170/2278: Loss=0.0829, Cls=0.0829, Reg=0.0000, Con=0.0000
2025-09-14 03:25:01,475 - INFO - Batch 1180/2278: Loss=1.1883, Cls=0.0001, Reg=0.0000, Con=3.9609
2025-09-14 03:25:02,372 - INFO - Batch 1190/2278: Loss=1.2103, Cls=0.0220, Reg=0.0000, Con=3.9610
2025-09-14 03:25:03,290 - INFO - Batch 1200/2278: Loss=1.1883, Cls=0.0000, Reg=0.0000, Con=3.9609
2025-09-14 03:25:04,203 - INFO - Batch 1210/2278: Loss=1.2654, Cls=0.0771, Reg=0.0000, Con=3.9608
2025-09-14 03:25:05,142 - INFO - Batch 1220/2278: Loss=0.0010, Cls=0.0010, Reg=0.0000, Con=0.0000
2025-09-14 03:25:06,065 - INFO - Batch 1230/2278: Loss=1.1896, Cls=0.0014, Reg=0.0000, Con=3.9609
2025-09-14 03:25:06,950 - INFO - Batch 1240/2278: Loss=1.1883, Cls=0.0000, Reg=0.0000, Con=3.9609
2025-09-14 03:25:07,840 - INFO - Batch 1250/2278: Loss=0.0000, Cls=0.0000, Reg=0.0000, Con=0.0000
2025-09-14 03:25:08,730 - INFO - Batch 1260/2278: Loss=1.1883, Cls=0.0001, Reg=0.0000, Con=3.9607
2025-09-14 03:25:09,603 - INFO - Batch 1270/2278: Loss=1.0554, Cls=1.0554, Reg=0.0000, Con=0.0000
2025-09-14 03:25:10,505 - INFO - Batch 1280/2278: Loss=1.1887, Cls=0.0004, Reg=0.0000, Con=3.9608
2025-09-14 03:25:11,482 - INFO - Batch 1290/2278: Loss=1.9202, Cls=0.7319, Reg=0.0000, Con=3.9610
2025-09-14 03:25:12,383 - INFO - Batch 1300/2278: Loss=1.1999, Cls=0.0116, Reg=0.0000, Con=3.9610
2025-09-14 03:25:13,289 - INFO - Batch 1310/2278: Loss=0.0017, Cls=0.0017, Reg=0.0000, Con=0.0000
2025-09-14 03:25:14,216 - INFO - Batch 1320/2278: Loss=1.2231, Cls=0.0348, Reg=0.0000, Con=3.9609
2025-09-14 03:25:15,120 - INFO - Batch 1330/2278: Loss=1.1885, Cls=0.0003, Reg=0.0000, Con=3.9609
2025-09-14 03:25:16,035 - INFO - Batch 1340/2278: Loss=0.0007, Cls=0.0007, Reg=0.0000, Con=0.0000
2025-09-14 03:25:16,963 - INFO - Batch 1350/2278: Loss=7.1454, Cls=7.1454, Reg=0.0000, Con=0.0000
2025-09-14 03:25:17,880 - INFO - Batch 1360/2278: Loss=1.6667, Cls=0.4784, Reg=0.0000, Con=3.9608
2025-09-14 03:25:18,814 - INFO - Batch 1370/2278: Loss=1.3496, Cls=0.1613, Reg=0.0000, Con=3.9608
2025-09-14 03:25:19,736 - INFO - Batch 1380/2278: Loss=1.1883, Cls=0.0000, Reg=0.0000, Con=3.9609
2025-09-14 03:25:20,660 - INFO - Batch 1390/2278: Loss=4.0912, Cls=2.9029, Reg=0.0000, Con=3.9608
2025-09-14 03:25:21,581 - INFO - Batch 1400/2278: Loss=0.0000, Cls=0.0000, Reg=0.0000, Con=0.0000
2025-09-14 03:25:22,489 - INFO - Batch 1410/2278: Loss=1.1901, Cls=0.0019, Reg=0.0000, Con=3.9608
2025-09-14 03:25:23,415 - INFO - Batch 1420/2278: Loss=0.0011, Cls=0.0011, Reg=0.0000, Con=0.0000
2025-09-14 03:25:24,333 - INFO - Batch 1430/2278: Loss=0.5862, Cls=0.5862, Reg=0.0000, Con=0.0000
2025-09-14 03:25:25,228 - INFO - Batch 1440/2278: Loss=1.1885, Cls=0.0001, Reg=0.0000, Con=3.9613
2025-09-14 03:25:26,114 - INFO - Batch 1450/2278: Loss=0.0000, Cls=0.0000, Reg=0.0000, Con=0.0000
2025-09-14 03:25:27,019 - INFO - Batch 1460/2278: Loss=1.1981, Cls=0.0098, Reg=0.0000, Con=3.9609
2025-09-14 03:25:27,970 - INFO - Batch 1470/2278: Loss=1.2009, Cls=0.0127, Reg=0.0000, Con=3.9608
2025-09-14 03:25:29,014 - INFO - Batch 1480/2278: Loss=0.0009, Cls=0.0009, Reg=0.0000, Con=0.0000
2025-09-14 03:25:30,053 - INFO - Batch 1490/2278: Loss=0.0119, Cls=0.0119, Reg=0.0000, Con=0.0000
2025-09-14 03:25:30,986 - INFO - Batch 1500/2278: Loss=0.0422, Cls=0.0422, Reg=0.0000, Con=0.0000
2025-09-14 03:25:31,881 - INFO - Batch 1510/2278: Loss=1.1987, Cls=0.0105, Reg=0.0000, Con=3.9608
2025-09-14 03:25:32,767 - INFO - Batch 1520/2278: Loss=1.2193, Cls=0.0310, Reg=0.0000, Con=3.9608
2025-09-14 03:25:33,675 - INFO - Batch 1530/2278: Loss=1.2846, Cls=0.0963, Reg=0.0000, Con=3.9609
2025-09-14 03:25:34,566 - INFO - Batch 1540/2278: Loss=0.0006, Cls=0.0006, Reg=0.0000, Con=0.0000
2025-09-14 03:25:35,467 - INFO - Batch 1550/2278: Loss=1.1883, Cls=0.0000, Reg=0.0000, Con=3.9609
2025-09-14 03:25:36,383 - INFO - Batch 1560/2278: Loss=1.1926, Cls=0.0043, Reg=0.0000, Con=3.9608
2025-09-14 03:25:37,264 - INFO - Batch 1570/2278: Loss=1.2300, Cls=0.0417, Reg=0.0000, Con=3.9609
2025-09-14 03:25:38,165 - INFO - Batch 1580/2278: Loss=0.0000, Cls=0.0000, Reg=0.0000, Con=0.0000
2025-09-14 03:25:39,092 - INFO - Batch 1590/2278: Loss=0.2511, Cls=0.2511, Reg=0.0000, Con=0.0000
2025-09-14 03:25:40,038 - INFO - Batch 1600/2278: Loss=1.2406, Cls=0.0523, Reg=0.0000, Con=3.9609
2025-09-14 03:25:40,959 - INFO - Batch 1610/2278: Loss=0.0008, Cls=0.0008, Reg=0.0000, Con=0.0000
2025-09-14 03:25:41,899 - INFO - Batch 1620/2278: Loss=1.1910, Cls=0.0027, Reg=0.0000, Con=3.9609
2025-09-14 03:25:42,779 - INFO - Batch 1630/2278: Loss=0.0000, Cls=0.0000, Reg=0.0000, Con=0.0000
2025-09-14 03:25:43,707 - INFO - Batch 1640/2278: Loss=1.1883, Cls=0.0000, Reg=0.0000, Con=3.9609
2025-09-14 03:25:44,609 - INFO - Batch 1650/2278: Loss=0.0009, Cls=0.0009, Reg=0.0000, Con=0.0000
2025-09-14 03:25:45,550 - INFO - Batch 1660/2278: Loss=1.1895, Cls=0.0013, Reg=0.0000, Con=3.9607
2025-09-14 03:25:46,479 - INFO - Batch 1670/2278: Loss=1.1890, Cls=0.0007, Reg=0.0000, Con=3.9608
2025-09-14 03:25:47,391 - INFO - Batch 1680/2278: Loss=1.2198, Cls=0.0314, Reg=0.0000, Con=3.9615
2025-09-14 03:25:48,313 - INFO - Batch 1690/2278: Loss=0.0007, Cls=0.0007, Reg=0.0000, Con=0.0000
2025-09-14 03:25:49,215 - INFO - Batch 1700/2278: Loss=1.1882, Cls=0.0000, Reg=0.0000, Con=3.9608
2025-09-14 03:25:50,113 - INFO - Batch 1710/2278: Loss=1.1883, Cls=0.0000, Reg=0.0000, Con=3.9612
2025-09-14 03:25:51,044 - INFO - Batch 1720/2278: Loss=1.5347, Cls=0.3464, Reg=0.0000, Con=3.9610
2025-09-14 03:25:51,975 - INFO - Batch 1730/2278: Loss=5.2369, Cls=4.0487, Reg=0.0000, Con=3.9609
2025-09-14 03:25:52,905 - INFO - Batch 1740/2278: Loss=1.1883, Cls=0.0000, Reg=0.0000, Con=3.9610
2025-09-14 03:25:53,854 - INFO - Batch 1750/2278: Loss=1.1893, Cls=0.0010, Reg=0.0000, Con=3.9609
2025-09-14 03:25:54,796 - INFO - Batch 1760/2278: Loss=1.1884, Cls=0.0001, Reg=0.0000, Con=3.9608
2025-09-14 03:25:55,704 - INFO - Batch 1770/2278: Loss=1.2166, Cls=0.0283, Reg=0.0000, Con=3.9610
2025-09-14 03:25:56,597 - INFO - Batch 1780/2278: Loss=1.1963, Cls=0.0080, Reg=0.0000, Con=3.9609
2025-09-14 03:25:57,484 - INFO - Batch 1790/2278: Loss=1.1883, Cls=0.0001, Reg=0.0000, Con=3.9608
2025-09-14 03:25:58,417 - INFO - Batch 1800/2278: Loss=1.1888, Cls=0.0006, Reg=0.0000, Con=3.9609
2025-09-14 03:25:59,418 - INFO - Batch 1810/2278: Loss=1.1957, Cls=0.0074, Reg=0.0000, Con=3.9610
2025-09-14 03:26:00,359 - INFO - Batch 1820/2278: Loss=1.1894, Cls=0.0012, Reg=0.0000, Con=3.9608
2025-09-14 03:26:01,255 - INFO - Batch 1830/2278: Loss=1.1885, Cls=0.0000, Reg=0.0000, Con=3.9615
2025-09-14 03:26:02,173 - INFO - Batch 1840/2278: Loss=1.2320, Cls=0.0438, Reg=0.0000, Con=3.9609
2025-09-14 03:26:03,090 - INFO - Batch 1850/2278: Loss=1.2548, Cls=0.0665, Reg=0.0000, Con=3.9608
2025-09-14 03:26:04,015 - INFO - Batch 1860/2278: Loss=1.6202, Cls=1.6202, Reg=0.0000, Con=0.0000
2025-09-14 03:26:04,931 - INFO - Batch 1870/2278: Loss=0.9533, Cls=0.9533, Reg=0.0000, Con=0.0000
2025-09-14 03:26:05,853 - INFO - Batch 1880/2278: Loss=1.2802, Cls=0.0919, Reg=0.0000, Con=3.9610
2025-09-14 03:26:06,783 - INFO - Batch 1890/2278: Loss=0.7262, Cls=0.7262, Reg=0.0000, Con=0.0000
2025-09-14 03:26:07,689 - INFO - Batch 1900/2278: Loss=1.2440, Cls=0.0558, Reg=0.0000, Con=3.9607
2025-09-14 03:26:08,590 - INFO - Batch 1910/2278: Loss=1.1938, Cls=0.0056, Reg=0.0000, Con=3.9607
2025-09-14 03:26:09,524 - INFO - Batch 1920/2278: Loss=1.2361, Cls=0.0479, Reg=0.0000, Con=3.9608
2025-09-14 03:26:10,440 - INFO - Batch 1930/2278: Loss=0.0071, Cls=0.0071, Reg=0.0000, Con=0.0000
2025-09-14 03:26:11,341 - INFO - Batch 1940/2278: Loss=1.6708, Cls=0.4826, Reg=0.0000, Con=3.9607
2025-09-14 03:26:12,227 - INFO - Batch 1950/2278: Loss=1.2384, Cls=0.0502, Reg=0.0000, Con=3.9609
2025-09-14 03:26:13,173 - INFO - Batch 1960/2278: Loss=1.1891, Cls=0.0008, Reg=0.0000, Con=3.9609
2025-09-14 03:26:14,124 - INFO - Batch 1970/2278: Loss=1.2142, Cls=0.0260, Reg=0.0000, Con=3.9606
2025-09-14 03:26:15,035 - INFO - Batch 1980/2278: Loss=1.2541, Cls=0.0659, Reg=0.0000, Con=3.9608
2025-09-14 03:26:15,986 - INFO - Batch 1990/2278: Loss=0.1566, Cls=0.1566, Reg=0.0000, Con=0.0000
2025-09-14 03:26:16,976 - INFO - Batch 2000/2278: Loss=1.1986, Cls=0.0104, Reg=0.0000, Con=3.9607
2025-09-14 03:26:17,931 - INFO - Batch 2010/2278: Loss=1.2295, Cls=0.0412, Reg=0.0000, Con=3.9608
2025-09-14 03:26:18,816 - INFO - Batch 2020/2278: Loss=0.0007, Cls=0.0007, Reg=0.0000, Con=0.0000
2025-09-14 03:26:19,698 - INFO - Batch 2030/2278: Loss=1.1983, Cls=0.0100, Reg=0.0000, Con=3.9610
2025-09-14 03:26:20,628 - INFO - Batch 2040/2278: Loss=1.1882, Cls=0.0000, Reg=0.0000, Con=3.9608
2025-09-14 03:26:21,526 - INFO - Batch 2050/2278: Loss=0.0004, Cls=0.0004, Reg=0.0000, Con=0.0000
2025-09-14 03:26:22,426 - INFO - Batch 2060/2278: Loss=1.1969, Cls=0.0085, Reg=0.0000, Con=3.9615
2025-09-14 03:26:23,332 - INFO - Batch 2070/2278: Loss=1.1894, Cls=0.0011, Reg=0.0000, Con=3.9608
2025-09-14 03:26:24,226 - INFO - Batch 2080/2278: Loss=0.0003, Cls=0.0003, Reg=0.0000, Con=0.0000
2025-09-14 03:26:25,149 - INFO - Batch 2090/2278: Loss=1.2138, Cls=0.0256, Reg=0.0000, Con=3.9608
2025-09-14 03:26:26,051 - INFO - Batch 2100/2278: Loss=0.0446, Cls=0.0446, Reg=0.0000, Con=0.0000
2025-09-14 03:26:26,966 - INFO - Batch 2110/2278: Loss=0.0002, Cls=0.0002, Reg=0.0000, Con=0.0000
2025-09-14 03:26:27,866 - INFO - Batch 2120/2278: Loss=1.1908, Cls=0.0026, Reg=0.0000, Con=3.9609
2025-09-14 03:26:28,799 - INFO - Batch 2130/2278: Loss=1.8916, Cls=0.7033, Reg=0.0000, Con=3.9608
2025-09-14 03:26:29,699 - INFO - Batch 2140/2278: Loss=1.8360, Cls=1.8360, Reg=0.0000, Con=0.0000
2025-09-14 03:26:30,600 - INFO - Batch 2150/2278: Loss=1.1885, Cls=0.0002, Reg=0.0000, Con=3.9610
2025-09-14 03:26:31,503 - INFO - Batch 2160/2278: Loss=1.1901, Cls=0.0019, Reg=0.0000, Con=3.9608
2025-09-14 03:26:32,409 - INFO - Batch 2170/2278: Loss=1.6204, Cls=0.4321, Reg=0.0000, Con=3.9608
2025-09-14 03:26:33,339 - INFO - Batch 2180/2278: Loss=1.2082, Cls=0.0200, Reg=0.0000, Con=3.9608
2025-09-14 03:26:34,245 - INFO - Batch 2190/2278: Loss=1.1941, Cls=0.0058, Reg=0.0000, Con=3.9610
2025-09-14 03:26:35,197 - INFO - Batch 2200/2278: Loss=1.1883, Cls=0.0001, Reg=0.0000, Con=3.9608
2025-09-14 03:26:36,107 - INFO - Batch 2210/2278: Loss=1.1889, Cls=0.0005, Reg=0.0000, Con=3.9613
2025-09-14 03:26:36,993 - INFO - Batch 2220/2278: Loss=0.0240, Cls=0.0240, Reg=0.0000, Con=0.0000
2025-09-14 03:26:37,905 - INFO - Batch 2230/2278: Loss=0.0000, Cls=0.0000, Reg=0.0000, Con=0.0000
2025-09-14 03:26:38,800 - INFO - Batch 2240/2278: Loss=1.1887, Cls=0.0005, Reg=0.0000, Con=3.9608
2025-09-14 03:26:39,700 - INFO - Batch 2250/2278: Loss=0.0035, Cls=0.0035, Reg=0.0000, Con=0.0000
2025-09-14 03:26:40,621 - INFO - Batch 2260/2278: Loss=3.6776, Cls=2.4894, Reg=0.0000, Con=3.9609
2025-09-14 03:26:41,563 - INFO - Batch 2270/2278: Loss=1.1896, Cls=0.0014, Reg=0.0000, Con=3.9606
2025-09-14 03:30:12,483 - INFO - === Epoch 2 Results ===
2025-09-14 03:30:12,483 - INFO - Training Loss: 1.0203 (Classification: 0.2347, Regression: 0.0000)
2025-09-14 03:30:12,483 - INFO - Validation Loss: 0.0709 (Classification: 0.0709, Regression: 0.0000)
2025-09-14 03:30:12,483 - INFO - Average Classification Accuracy: 0.9110 (on 1/26 tasks)
2025-09-14 03:30:12,483 - INFO - Average AUC: 0.8658
2025-09-14 03:30:15,307 - INFO - Best model saved to: experiments/r1c3_headft_cls_16_seed_42_20250914_031615/checkpoints/r1c3_headft_cls_16_seed_42_best.pth
2025-09-14 03:30:15,307 - INFO - 
Epoch 3/3
2025-09-14 03:30:15,441 - INFO - Batch 0/2278: Loss=1.1885, Cls=0.0003, Reg=0.0000, Con=3.9608
2025-09-14 03:30:16,425 - INFO - Batch 10/2278: Loss=1.2759, Cls=0.0876, Reg=0.0000, Con=3.9611
2025-09-14 03:30:17,380 - INFO - Batch 20/2278: Loss=1.6528, Cls=0.4646, Reg=0.0000, Con=3.9608
2025-09-14 03:30:18,462 - INFO - Batch 30/2278: Loss=0.0000, Cls=0.0000, Reg=0.0000, Con=0.0000
2025-09-14 03:30:19,457 - INFO - Batch 40/2278: Loss=1.3397, Cls=0.1515, Reg=0.0000, Con=3.9608
2025-09-14 03:30:20,378 - INFO - Batch 50/2278: Loss=1.1883, Cls=0.0000, Reg=0.0000, Con=3.9609
2025-09-14 03:30:21,357 - INFO - Batch 60/2278: Loss=1.1890, Cls=0.0008, Reg=0.0000, Con=3.9607
2025-09-14 03:30:22,293 - INFO - Batch 70/2278: Loss=2.0733, Cls=0.8851, Reg=0.0000, Con=3.9608
2025-09-14 03:30:23,210 - INFO - Batch 80/2278: Loss=0.0030, Cls=0.0030, Reg=0.0000, Con=0.0000
2025-09-14 03:30:24,141 - INFO - Batch 90/2278: Loss=1.1924, Cls=0.0041, Reg=0.0000, Con=3.9609
2025-09-14 03:30:25,074 - INFO - Batch 100/2278: Loss=1.3053, Cls=0.1171, Reg=0.0000, Con=3.9607
2025-09-14 03:30:26,073 - INFO - Batch 110/2278: Loss=1.6719, Cls=0.4834, Reg=0.0000, Con=3.9618
2025-09-14 03:30:27,027 - INFO - Batch 120/2278: Loss=2.8921, Cls=1.7039, Reg=0.0000, Con=3.9608
2025-09-14 03:30:27,980 - INFO - Batch 130/2278: Loss=1.1884, Cls=0.0002, Reg=0.0000, Con=3.9607
2025-09-14 03:30:28,959 - INFO - Batch 140/2278: Loss=0.0000, Cls=0.0000, Reg=0.0000, Con=0.0000
2025-09-14 03:30:29,926 - INFO - Batch 150/2278: Loss=1.1902, Cls=0.0020, Reg=0.0000, Con=3.9608
2025-09-14 03:30:30,881 - INFO - Batch 160/2278: Loss=8.6736, Cls=8.6736, Reg=0.0000, Con=0.0000
2025-09-14 03:30:31,801 - INFO - Batch 170/2278: Loss=1.2267, Cls=0.0385, Reg=0.0000, Con=3.9609
2025-09-14 03:30:32,771 - INFO - Batch 180/2278: Loss=1.1883, Cls=0.0000, Reg=0.0000, Con=3.9611
2025-09-14 03:30:33,746 - INFO - Batch 190/2278: Loss=1.1997, Cls=0.0115, Reg=0.0000, Con=3.9607
2025-09-14 03:30:34,738 - INFO - Batch 200/2278: Loss=0.0014, Cls=0.0014, Reg=0.0000, Con=0.0000
2025-09-14 03:30:35,762 - INFO - Batch 210/2278: Loss=1.2006, Cls=0.0123, Reg=0.0000, Con=3.9612
2025-09-14 03:30:36,749 - INFO - Batch 220/2278: Loss=1.1886, Cls=0.0004, Reg=0.0000, Con=3.9608
2025-09-14 03:30:37,672 - INFO - Batch 230/2278: Loss=2.7502, Cls=1.5618, Reg=0.0000, Con=3.9611
2025-09-14 03:30:38,584 - INFO - Batch 240/2278: Loss=1.1914, Cls=0.0032, Reg=0.0000, Con=3.9607
2025-09-14 03:30:39,534 - INFO - Batch 250/2278: Loss=1.1884, Cls=0.0001, Reg=0.0000, Con=3.9609
2025-09-14 03:30:40,436 - INFO - Batch 260/2278: Loss=1.1922, Cls=0.0040, Reg=0.0000, Con=3.9608
2025-09-14 03:30:41,383 - INFO - Batch 270/2278: Loss=1.4435, Cls=0.2552, Reg=0.0000, Con=3.9607
2025-09-14 03:30:42,305 - INFO - Batch 280/2278: Loss=1.1933, Cls=0.0050, Reg=0.0000, Con=3.9608
2025-09-14 03:30:43,209 - INFO - Batch 290/2278: Loss=1.2048, Cls=0.0165, Reg=0.0000, Con=3.9608
2025-09-14 03:30:44,174 - INFO - Batch 300/2278: Loss=1.1882, Cls=0.0000, Reg=0.0000, Con=3.9607
2025-09-14 03:30:45,105 - INFO - Batch 310/2278: Loss=1.1937, Cls=0.0054, Reg=0.0000, Con=3.9610
2025-09-14 03:30:46,048 - INFO - Batch 320/2278: Loss=1.2946, Cls=0.1063, Reg=0.0000, Con=3.9612
2025-09-14 03:30:46,969 - INFO - Batch 330/2278: Loss=0.1970, Cls=0.1970, Reg=0.0000, Con=0.0000
2025-09-14 03:30:47,952 - INFO - Batch 340/2278: Loss=0.0003, Cls=0.0003, Reg=0.0000, Con=0.0000
2025-09-14 03:30:48,917 - INFO - Batch 350/2278: Loss=1.1912, Cls=0.0029, Reg=0.0000, Con=3.9612
2025-09-14 03:30:49,893 - INFO - Batch 360/2278: Loss=1.1953, Cls=0.0069, Reg=0.0000, Con=3.9611
2025-09-14 03:30:50,816 - INFO - Batch 370/2278: Loss=1.1884, Cls=0.0001, Reg=0.0000, Con=3.9608
2025-09-14 03:30:51,825 - INFO - Batch 380/2278: Loss=1.5705, Cls=0.3823, Reg=0.0000, Con=3.9608
2025-09-14 03:30:52,814 - INFO - Batch 390/2278: Loss=1.1887, Cls=0.0005, Reg=0.0000, Con=3.9609
2025-09-14 03:30:53,776 - INFO - Batch 400/2278: Loss=0.1882, Cls=0.1882, Reg=0.0000, Con=0.0000
2025-09-14 03:30:54,739 - INFO - Batch 410/2278: Loss=1.1886, Cls=0.0003, Reg=0.0000, Con=3.9609
2025-09-14 03:30:55,656 - INFO - Batch 420/2278: Loss=1.1883, Cls=0.0000, Reg=0.0000, Con=3.9609
2025-09-14 03:30:56,613 - INFO - Batch 430/2278: Loss=2.4690, Cls=1.2806, Reg=0.0000, Con=3.9614
2025-09-14 03:30:57,575 - INFO - Batch 440/2278: Loss=0.0000, Cls=0.0000, Reg=0.0000, Con=0.0000
2025-09-14 03:30:58,518 - INFO - Batch 450/2278: Loss=1.1951, Cls=0.0069, Reg=0.0000, Con=3.9608
2025-09-14 03:30:59,442 - INFO - Batch 460/2278: Loss=0.0777, Cls=0.0777, Reg=0.0000, Con=0.0000
2025-09-14 03:31:00,364 - INFO - Batch 470/2278: Loss=0.0018, Cls=0.0018, Reg=0.0000, Con=0.0000
2025-09-14 03:31:01,309 - INFO - Batch 480/2278: Loss=1.2075, Cls=0.0192, Reg=0.0000, Con=3.9609
2025-09-14 03:31:02,353 - INFO - Batch 490/2278: Loss=0.0561, Cls=0.0561, Reg=0.0000, Con=0.0000
2025-09-14 03:31:03,248 - INFO - Batch 500/2278: Loss=0.0007, Cls=0.0007, Reg=0.0000, Con=0.0000
2025-09-14 03:31:04,185 - INFO - Batch 510/2278: Loss=1.1886, Cls=0.0004, Reg=0.0000, Con=3.9608
2025-09-14 03:31:05,143 - INFO - Batch 520/2278: Loss=0.0049, Cls=0.0049, Reg=0.0000, Con=0.0000
2025-09-14 03:31:06,062 - INFO - Batch 530/2278: Loss=1.5243, Cls=0.3361, Reg=0.0000, Con=3.9608
2025-09-14 03:31:06,994 - INFO - Batch 540/2278: Loss=1.1916, Cls=0.0034, Reg=0.0000, Con=3.9609
2025-09-14 03:31:07,900 - INFO - Batch 550/2278: Loss=0.0001, Cls=0.0001, Reg=0.0000, Con=0.0000
2025-09-14 03:31:08,816 - INFO - Batch 560/2278: Loss=1.1890, Cls=0.0007, Reg=0.0000, Con=3.9609
2025-09-14 03:31:09,745 - INFO - Batch 570/2278: Loss=1.1882, Cls=0.0000, Reg=0.0000, Con=3.9608
2025-09-14 03:31:10,686 - INFO - Batch 580/2278: Loss=0.0011, Cls=0.0011, Reg=0.0000, Con=0.0000
2025-09-14 03:31:11,570 - INFO - Batch 590/2278: Loss=2.0458, Cls=0.8575, Reg=0.0000, Con=3.9608
2025-09-14 03:31:12,497 - INFO - Batch 600/2278: Loss=1.7056, Cls=1.7056, Reg=0.0000, Con=0.0000
2025-09-14 03:31:13,424 - INFO - Batch 610/2278: Loss=0.2262, Cls=0.2262, Reg=0.0000, Con=0.0000
2025-09-14 03:31:14,334 - INFO - Batch 620/2278: Loss=1.1882, Cls=0.0000, Reg=0.0000, Con=3.9608
2025-09-14 03:31:15,254 - INFO - Batch 630/2278: Loss=1.1988, Cls=0.0104, Reg=0.0000, Con=3.9611
2025-09-14 03:31:16,191 - INFO - Batch 640/2278: Loss=1.1958, Cls=0.0076, Reg=0.0000, Con=3.9607
2025-09-14 03:31:17,080 - INFO - Batch 650/2278: Loss=2.7006, Cls=1.5123, Reg=0.0000, Con=3.9608
2025-09-14 03:31:18,008 - INFO - Batch 660/2278: Loss=1.3093, Cls=1.3093, Reg=0.0000, Con=0.0000
2025-09-14 03:31:18,908 - INFO - Batch 670/2278: Loss=1.1883, Cls=0.0001, Reg=0.0000, Con=3.9609
2025-09-14 03:31:19,891 - INFO - Batch 680/2278: Loss=0.0018, Cls=0.0018, Reg=0.0000, Con=0.0000
2025-09-14 03:31:20,783 - INFO - Batch 690/2278: Loss=1.2251, Cls=0.0368, Reg=0.0000, Con=3.9609
2025-09-14 03:31:21,702 - INFO - Batch 700/2278: Loss=1.8523, Cls=0.6640, Reg=0.0000, Con=3.9610
2025-09-14 03:31:22,604 - INFO - Batch 710/2278: Loss=1.1893, Cls=0.0010, Reg=0.0000, Con=3.9610
2025-09-14 03:31:23,523 - INFO - Batch 720/2278: Loss=1.9532, Cls=0.7649, Reg=0.0000, Con=3.9610
2025-09-14 03:31:24,435 - INFO - Batch 730/2278: Loss=1.1884, Cls=0.0001, Reg=0.0000, Con=3.9609
2025-09-14 03:31:25,352 - INFO - Batch 740/2278: Loss=1.1887, Cls=0.0005, Reg=0.0000, Con=3.9606
2025-09-14 03:31:26,249 - INFO - Batch 750/2278: Loss=1.1900, Cls=0.0018, Reg=0.0000, Con=3.9606
2025-09-14 03:31:27,165 - INFO - Batch 760/2278: Loss=1.1891, Cls=0.0008, Reg=0.0000, Con=3.9611
2025-09-14 03:31:28,091 - INFO - Batch 770/2278: Loss=1.1935, Cls=0.0051, Reg=0.0000, Con=3.9611
2025-09-14 03:31:28,998 - INFO - Batch 780/2278: Loss=0.0509, Cls=0.0509, Reg=0.0000, Con=0.0000
2025-09-14 03:31:29,881 - INFO - Batch 790/2278: Loss=1.1967, Cls=0.0084, Reg=0.0000, Con=3.9609
2025-09-14 03:31:30,773 - INFO - Batch 800/2278: Loss=1.1894, Cls=0.0011, Reg=0.0000, Con=3.9612
2025-09-14 03:31:31,687 - INFO - Batch 810/2278: Loss=0.0496, Cls=0.0496, Reg=0.0000, Con=0.0000
2025-09-14 03:31:32,600 - INFO - Batch 820/2278: Loss=1.2243, Cls=0.0361, Reg=0.0000, Con=3.9608
2025-09-14 03:31:33,494 - INFO - Batch 830/2278: Loss=1.1883, Cls=0.0000, Reg=0.0000, Con=3.9609
2025-09-14 03:31:34,394 - INFO - Batch 840/2278: Loss=0.1401, Cls=0.1401, Reg=0.0000, Con=0.0000
2025-09-14 03:31:35,322 - INFO - Batch 850/2278: Loss=3.1900, Cls=3.1900, Reg=0.0000, Con=0.0000
2025-09-14 03:31:36,213 - INFO - Batch 860/2278: Loss=1.6504, Cls=0.4621, Reg=0.0000, Con=3.9611
2025-09-14 03:31:37,107 - INFO - Batch 870/2278: Loss=1.1883, Cls=0.0000, Reg=0.0000, Con=3.9609
2025-09-14 03:31:38,059 - INFO - Batch 880/2278: Loss=0.0007, Cls=0.0007, Reg=0.0000, Con=0.0000
2025-09-14 03:31:38,996 - INFO - Batch 890/2278: Loss=1.2032, Cls=0.0150, Reg=0.0000, Con=3.9609
2025-09-14 03:31:39,909 - INFO - Batch 900/2278: Loss=0.0000, Cls=0.0000, Reg=0.0000, Con=0.0000
2025-09-14 03:31:40,790 - INFO - Batch 910/2278: Loss=0.0035, Cls=0.0035, Reg=0.0000, Con=0.0000
2025-09-14 03:31:41,694 - INFO - Batch 920/2278: Loss=0.0000, Cls=0.0000, Reg=0.0000, Con=0.0000
2025-09-14 03:31:42,599 - INFO - Batch 930/2278: Loss=0.0039, Cls=0.0039, Reg=0.0000, Con=0.0000
2025-09-14 03:31:43,494 - INFO - Batch 940/2278: Loss=1.1925, Cls=0.0041, Reg=0.0000, Con=3.9613
2025-09-14 03:31:44,385 - INFO - Batch 950/2278: Loss=0.0007, Cls=0.0007, Reg=0.0000, Con=0.0000
2025-09-14 03:31:45,277 - INFO - Batch 960/2278: Loss=0.0314, Cls=0.0314, Reg=0.0000, Con=0.0000
2025-09-14 03:31:46,175 - INFO - Batch 970/2278: Loss=1.2244, Cls=0.0362, Reg=0.0000, Con=3.9608
2025-09-14 03:31:47,064 - INFO - Batch 980/2278: Loss=1.2074, Cls=0.0191, Reg=0.0000, Con=3.9609
2025-09-14 03:31:47,979 - INFO - Batch 990/2278: Loss=1.2752, Cls=0.0869, Reg=0.0000, Con=3.9609
2025-09-14 03:31:48,892 - INFO - Batch 1000/2278: Loss=1.1941, Cls=0.0058, Reg=0.0000, Con=3.9610
2025-09-14 03:31:49,930 - INFO - Batch 1010/2278: Loss=1.3255, Cls=0.1372, Reg=0.0000, Con=3.9608
2025-09-14 03:31:50,842 - INFO - Batch 1020/2278: Loss=1.1910, Cls=0.0027, Reg=0.0000, Con=3.9608
2025-09-14 03:31:51,740 - INFO - Batch 1030/2278: Loss=0.0002, Cls=0.0002, Reg=0.0000, Con=0.0000
2025-09-14 03:31:52,668 - INFO - Batch 1040/2278: Loss=1.1884, Cls=0.0000, Reg=0.0000, Con=3.9613
2025-09-14 03:31:53,564 - INFO - Batch 1050/2278: Loss=0.0274, Cls=0.0274, Reg=0.0000, Con=0.0000
2025-09-14 03:31:54,475 - INFO - Batch 1060/2278: Loss=1.3021, Cls=0.1138, Reg=0.0000, Con=3.9611
2025-09-14 03:31:55,389 - INFO - Batch 1070/2278: Loss=1.1901, Cls=0.0018, Reg=0.0000, Con=3.9609
2025-09-14 03:31:56,284 - INFO - Batch 1080/2278: Loss=0.0000, Cls=0.0000, Reg=0.0000, Con=0.0000
2025-09-14 03:31:57,200 - INFO - Batch 1090/2278: Loss=1.1884, Cls=0.0000, Reg=0.0000, Con=3.9611
2025-09-14 03:31:58,095 - INFO - Batch 1100/2278: Loss=1.1883, Cls=0.0000, Reg=0.0000, Con=3.9611
2025-09-14 03:31:58,967 - INFO - Batch 1110/2278: Loss=1.7082, Cls=0.5200, Reg=0.0000, Con=3.9606
2025-09-14 03:31:59,880 - INFO - Batch 1120/2278: Loss=0.0026, Cls=0.0026, Reg=0.0000, Con=0.0000
2025-09-14 03:32:00,777 - INFO - Batch 1130/2278: Loss=0.0000, Cls=0.0000, Reg=0.0000, Con=0.0000
2025-09-14 03:32:01,687 - INFO - Batch 1140/2278: Loss=1.2694, Cls=0.0812, Reg=0.0000, Con=3.9609
2025-09-14 03:32:02,569 - INFO - Batch 1150/2278: Loss=0.0794, Cls=0.0794, Reg=0.0000, Con=0.0000
2025-09-14 03:32:03,496 - INFO - Batch 1160/2278: Loss=0.0021, Cls=0.0021, Reg=0.0000, Con=0.0000
2025-09-14 03:32:04,411 - INFO - Batch 1170/2278: Loss=1.1885, Cls=0.0003, Reg=0.0000, Con=3.9608
2025-09-14 03:32:05,330 - INFO - Batch 1180/2278: Loss=1.1886, Cls=0.0002, Reg=0.0000, Con=3.9613
2025-09-14 03:32:06,246 - INFO - Batch 1190/2278: Loss=1.1883, Cls=0.0000, Reg=0.0000, Con=3.9609
2025-09-14 03:32:07,138 - INFO - Batch 1200/2278: Loss=1.1891, Cls=0.0008, Reg=0.0000, Con=3.9611
2025-09-14 03:32:08,038 - INFO - Batch 1210/2278: Loss=1.4006, Cls=0.2123, Reg=0.0000, Con=3.9611
2025-09-14 03:32:08,936 - INFO - Batch 1220/2278: Loss=1.1964, Cls=0.0081, Reg=0.0000, Con=3.9609
2025-09-14 03:32:09,838 - INFO - Batch 1230/2278: Loss=0.1283, Cls=0.1283, Reg=0.0000, Con=0.0000
2025-09-14 03:32:10,722 - INFO - Batch 1240/2278: Loss=1.2412, Cls=0.0529, Reg=0.0000, Con=3.9608
2025-09-14 03:32:11,662 - INFO - Batch 1250/2278: Loss=1.1883, Cls=0.0000, Reg=0.0000, Con=3.9609
2025-09-14 03:32:12,547 - INFO - Batch 1260/2278: Loss=0.5463, Cls=0.5463, Reg=0.0000, Con=0.0000
2025-09-14 03:32:13,476 - INFO - Batch 1270/2278: Loss=1.2092, Cls=0.0209, Reg=0.0000, Con=3.9610
2025-09-14 03:32:14,361 - INFO - Batch 1280/2278: Loss=2.2691, Cls=1.0809, Reg=0.0000, Con=3.9607
2025-09-14 03:32:15,308 - INFO - Batch 1290/2278: Loss=0.0000, Cls=0.0000, Reg=0.0000, Con=0.0000
2025-09-14 03:32:16,186 - INFO - Batch 1300/2278: Loss=0.0038, Cls=0.0038, Reg=0.0000, Con=0.0000
2025-09-14 03:32:17,090 - INFO - Batch 1310/2278: Loss=1.1902, Cls=0.0019, Reg=0.0000, Con=3.9608
2025-09-14 03:32:17,992 - INFO - Batch 1320/2278: Loss=1.1886, Cls=0.0003, Reg=0.0000, Con=3.9610
2025-09-14 03:32:18,910 - INFO - Batch 1330/2278: Loss=1.1895, Cls=0.0012, Reg=0.0000, Con=3.9610
2025-09-14 03:32:19,852 - INFO - Batch 1340/2278: Loss=1.1887, Cls=0.0004, Reg=0.0000, Con=3.9608
2025-09-14 03:32:20,752 - INFO - Batch 1350/2278: Loss=1.1890, Cls=0.0007, Reg=0.0000, Con=3.9608
2025-09-14 03:32:21,654 - INFO - Batch 1360/2278: Loss=1.1884, Cls=0.0000, Reg=0.0000, Con=3.9612
2025-09-14 03:32:22,535 - INFO - Batch 1370/2278: Loss=1.1944, Cls=0.0060, Reg=0.0000, Con=3.9610
2025-09-14 03:32:23,451 - INFO - Batch 1380/2278: Loss=1.1887, Cls=0.0004, Reg=0.0000, Con=3.9608
2025-09-14 03:32:24,353 - INFO - Batch 1390/2278: Loss=1.1885, Cls=0.0002, Reg=0.0000, Con=3.9610
2025-09-14 03:32:25,272 - INFO - Batch 1400/2278: Loss=1.1885, Cls=0.0000, Reg=0.0000, Con=3.9615
2025-09-14 03:32:26,165 - INFO - Batch 1410/2278: Loss=0.0034, Cls=0.0034, Reg=0.0000, Con=0.0000
2025-09-14 03:32:27,078 - INFO - Batch 1420/2278: Loss=1.1916, Cls=0.0033, Reg=0.0000, Con=3.9610
2025-09-14 03:32:27,975 - INFO - Batch 1430/2278: Loss=0.0442, Cls=0.0442, Reg=0.0000, Con=0.0000
2025-09-14 03:32:28,900 - INFO - Batch 1440/2278: Loss=1.1892, Cls=0.0010, Reg=0.0000, Con=3.9606
2025-09-14 03:32:29,834 - INFO - Batch 1450/2278: Loss=0.0306, Cls=0.0306, Reg=0.0000, Con=0.0000
2025-09-14 03:32:30,720 - INFO - Batch 1460/2278: Loss=0.0043, Cls=0.0043, Reg=0.0000, Con=0.0000
2025-09-14 03:32:31,640 - INFO - Batch 1470/2278: Loss=2.2708, Cls=1.0826, Reg=0.0000, Con=3.9607
2025-09-14 03:32:32,516 - INFO - Batch 1480/2278: Loss=1.2828, Cls=0.0946, Reg=0.0000, Con=3.9608
2025-09-14 03:32:33,434 - INFO - Batch 1490/2278: Loss=0.0010, Cls=0.0010, Reg=0.0000, Con=0.0000
2025-09-14 03:32:34,336 - INFO - Batch 1500/2278: Loss=1.1945, Cls=0.0062, Reg=0.0000, Con=3.9610
2025-09-14 03:32:35,252 - INFO - Batch 1510/2278: Loss=1.1886, Cls=0.0004, Reg=0.0000, Con=3.9609
2025-09-14 03:32:36,135 - INFO - Batch 1520/2278: Loss=0.0026, Cls=0.0026, Reg=0.0000, Con=0.0000
2025-09-14 03:32:37,021 - INFO - Batch 1530/2278: Loss=1.1882, Cls=0.0000, Reg=0.0000, Con=3.9608
2025-09-14 03:32:37,938 - INFO - Batch 1540/2278: Loss=1.1938, Cls=0.0055, Reg=0.0000, Con=3.9610
2025-09-14 03:32:38,859 - INFO - Batch 1550/2278: Loss=1.2008, Cls=0.0124, Reg=0.0000, Con=3.9611
2025-09-14 03:32:39,795 - INFO - Batch 1560/2278: Loss=1.1883, Cls=0.0000, Reg=0.0000, Con=3.9608
2025-09-14 03:32:40,714 - INFO - Batch 1570/2278: Loss=0.0001, Cls=0.0001, Reg=0.0000, Con=0.0000
2025-09-14 03:32:41,663 - INFO - Batch 1580/2278: Loss=1.1882, Cls=0.0000, Reg=0.0000, Con=3.9608
2025-09-14 03:32:42,571 - INFO - Batch 1590/2278: Loss=0.0000, Cls=0.0000, Reg=0.0000, Con=0.0000
2025-09-14 03:32:43,478 - INFO - Batch 1600/2278: Loss=1.9364, Cls=0.7481, Reg=0.0000, Con=3.9608
2025-09-14 03:32:44,358 - INFO - Batch 1610/2278: Loss=0.0000, Cls=0.0000, Reg=0.0000, Con=0.0000
2025-09-14 03:32:45,297 - INFO - Batch 1620/2278: Loss=1.2457, Cls=0.0575, Reg=0.0000, Con=3.9608
2025-09-14 03:32:46,179 - INFO - Batch 1630/2278: Loss=2.1805, Cls=0.9922, Reg=0.0000, Con=3.9610
2025-09-14 03:32:47,094 - INFO - Batch 1640/2278: Loss=0.0002, Cls=0.0002, Reg=0.0000, Con=0.0000
2025-09-14 03:32:48,007 - INFO - Batch 1650/2278: Loss=1.1884, Cls=0.0002, Reg=0.0000, Con=3.9609
2025-09-14 03:32:48,906 - INFO - Batch 1660/2278: Loss=1.1934, Cls=0.0050, Reg=0.0000, Con=3.9613
2025-09-14 03:32:49,810 - INFO - Batch 1670/2278: Loss=1.2497, Cls=0.0614, Reg=0.0000, Con=3.9609
2025-09-14 03:32:50,757 - INFO - Batch 1680/2278: Loss=1.1934, Cls=0.0052, Reg=0.0000, Con=3.9607
2025-09-14 03:32:51,674 - INFO - Batch 1690/2278: Loss=1.1995, Cls=0.0112, Reg=0.0000, Con=3.9610
2025-09-14 03:32:52,593 - INFO - Batch 1700/2278: Loss=1.1890, Cls=0.0007, Reg=0.0000, Con=3.9608
2025-09-14 03:32:53,507 - INFO - Batch 1710/2278: Loss=0.0010, Cls=0.0010, Reg=0.0000, Con=0.0000
2025-09-14 03:32:54,429 - INFO - Batch 1720/2278: Loss=0.0010, Cls=0.0010, Reg=0.0000, Con=0.0000
2025-09-14 03:32:55,368 - INFO - Batch 1730/2278: Loss=1.1882, Cls=0.0000, Reg=0.0000, Con=3.9608
2025-09-14 03:32:56,349 - INFO - Batch 1740/2278: Loss=1.1991, Cls=0.0108, Reg=0.0000, Con=3.9609
2025-09-14 03:32:57,243 - INFO - Batch 1750/2278: Loss=0.0424, Cls=0.0424, Reg=0.0000, Con=0.0000
2025-09-14 03:32:58,155 - INFO - Batch 1760/2278: Loss=1.1886, Cls=0.0002, Reg=0.0000, Con=3.9612
2025-09-14 03:32:59,081 - INFO - Batch 1770/2278: Loss=0.0034, Cls=0.0034, Reg=0.0000, Con=0.0000
2025-09-14 03:33:00,014 - INFO - Batch 1780/2278: Loss=0.0871, Cls=0.0871, Reg=0.0000, Con=0.0000
2025-09-14 03:33:00,942 - INFO - Batch 1790/2278: Loss=0.0108, Cls=0.0108, Reg=0.0000, Con=0.0000
2025-09-14 03:33:01,849 - INFO - Batch 1800/2278: Loss=1.2000, Cls=0.0118, Reg=0.0000, Con=3.9607
2025-09-14 03:33:02,721 - INFO - Batch 1810/2278: Loss=1.6798, Cls=1.6798, Reg=0.0000, Con=0.0000
2025-09-14 03:33:03,623 - INFO - Batch 1820/2278: Loss=1.2140, Cls=0.0257, Reg=0.0000, Con=3.9609
2025-09-14 03:33:04,520 - INFO - Batch 1830/2278: Loss=1.1884, Cls=0.0002, Reg=0.0000, Con=3.9608
2025-09-14 03:33:05,449 - INFO - Batch 1840/2278: Loss=0.2695, Cls=0.2695, Reg=0.0000, Con=0.0000
2025-09-14 03:33:06,382 - INFO - Batch 1850/2278: Loss=1.1886, Cls=0.0003, Reg=0.0000, Con=3.9609
2025-09-14 03:33:07,276 - INFO - Batch 1860/2278: Loss=1.1921, Cls=0.0039, Reg=0.0000, Con=3.9607
2025-09-14 03:33:08,210 - INFO - Batch 1870/2278: Loss=0.2076, Cls=0.2076, Reg=0.0000, Con=0.0000
2025-09-14 03:33:09,114 - INFO - Batch 1880/2278: Loss=2.3295, Cls=1.1413, Reg=0.0000, Con=3.9607
2025-09-14 03:33:10,017 - INFO - Batch 1890/2278: Loss=0.0000, Cls=0.0000, Reg=0.0000, Con=0.0000
2025-09-14 03:33:10,958 - INFO - Batch 1900/2278: Loss=0.1874, Cls=0.1874, Reg=0.0000, Con=0.0000
2025-09-14 03:33:11,832 - INFO - Batch 1910/2278: Loss=1.1907, Cls=0.0024, Reg=0.0000, Con=3.9610
2025-09-14 03:33:12,775 - INFO - Batch 1920/2278: Loss=0.0006, Cls=0.0006, Reg=0.0000, Con=0.0000
2025-09-14 03:33:13,721 - INFO - Batch 1930/2278: Loss=2.9862, Cls=1.7978, Reg=0.0000, Con=3.9611
2025-09-14 03:33:14,708 - INFO - Batch 1940/2278: Loss=1.1904, Cls=0.0022, Reg=0.0000, Con=3.9607
2025-09-14 03:33:15,589 - INFO - Batch 1950/2278: Loss=1.1885, Cls=0.0002, Reg=0.0000, Con=3.9609
2025-09-14 03:33:16,498 - INFO - Batch 1960/2278: Loss=3.1708, Cls=1.9825, Reg=0.0000, Con=3.9610
2025-09-14 03:33:17,405 - INFO - Batch 1970/2278: Loss=0.0001, Cls=0.0001, Reg=0.0000, Con=0.0000
2025-09-14 03:33:18,337 - INFO - Batch 1980/2278: Loss=1.2919, Cls=0.1036, Reg=0.0000, Con=3.9610
2025-09-14 03:33:19,222 - INFO - Batch 1990/2278: Loss=1.1923, Cls=0.0040, Reg=0.0000, Con=3.9608
2025-09-14 03:33:20,129 - INFO - Batch 2000/2278: Loss=1.1970, Cls=0.0087, Reg=0.0000, Con=3.9610
2025-09-14 03:33:21,037 - INFO - Batch 2010/2278: Loss=1.2326, Cls=0.0444, Reg=0.0000, Con=3.9608
2025-09-14 03:33:21,938 - INFO - Batch 2020/2278: Loss=1.1884, Cls=0.0002, Reg=0.0000, Con=3.9608
2025-09-14 03:33:22,848 - INFO - Batch 2030/2278: Loss=1.1888, Cls=0.0006, Reg=0.0000, Con=3.9608
2025-09-14 03:33:23,727 - INFO - Batch 2040/2278: Loss=1.1886, Cls=0.0003, Reg=0.0000, Con=3.9610
2025-09-14 03:33:24,653 - INFO - Batch 2050/2278: Loss=0.0042, Cls=0.0042, Reg=0.0000, Con=0.0000
2025-09-14 03:33:25,535 - INFO - Batch 2060/2278: Loss=1.2054, Cls=0.0171, Reg=0.0000, Con=3.9609
2025-09-14 03:33:26,454 - INFO - Batch 2070/2278: Loss=0.0406, Cls=0.0406, Reg=0.0000, Con=0.0000
2025-09-14 03:33:27,349 - INFO - Batch 2080/2278: Loss=1.8717, Cls=0.6834, Reg=0.0000, Con=3.9613
2025-09-14 03:33:28,239 - INFO - Batch 2090/2278: Loss=1.1927, Cls=0.0044, Reg=0.0000, Con=3.9607
2025-09-14 03:33:29,146 - INFO - Batch 2100/2278: Loss=1.1886, Cls=0.0000, Reg=0.0000, Con=3.9619
2025-09-14 03:33:30,047 - INFO - Batch 2110/2278: Loss=1.2336, Cls=0.0453, Reg=0.0000, Con=3.9609
2025-09-14 03:33:30,960 - INFO - Batch 2120/2278: Loss=0.0013, Cls=0.0013, Reg=0.0000, Con=0.0000
2025-09-14 03:33:31,855 - INFO - Batch 2130/2278: Loss=0.0021, Cls=0.0021, Reg=0.0000, Con=0.0000
2025-09-14 03:33:32,754 - INFO - Batch 2140/2278: Loss=0.0008, Cls=0.0008, Reg=0.0000, Con=0.0000
2025-09-14 03:33:33,660 - INFO - Batch 2150/2278: Loss=1.1884, Cls=0.0001, Reg=0.0000, Con=3.9608
2025-09-14 03:33:34,560 - INFO - Batch 2160/2278: Loss=3.2089, Cls=2.0206, Reg=0.0000, Con=3.9609
2025-09-14 03:33:35,435 - INFO - Batch 2170/2278: Loss=1.4778, Cls=0.2896, Reg=0.0000, Con=3.9608
2025-09-14 03:33:36,332 - INFO - Batch 2180/2278: Loss=0.1294, Cls=0.1294, Reg=0.0000, Con=0.0000
2025-09-14 03:33:37,205 - INFO - Batch 2190/2278: Loss=1.1887, Cls=0.0004, Reg=0.0000, Con=3.9609
2025-09-14 03:33:38,110 - INFO - Batch 2200/2278: Loss=1.7768, Cls=0.5885, Reg=0.0000, Con=3.9608
2025-09-14 03:33:38,996 - INFO - Batch 2210/2278: Loss=0.0014, Cls=0.0014, Reg=0.0000, Con=0.0000
2025-09-14 03:33:39,892 - INFO - Batch 2220/2278: Loss=0.0002, Cls=0.0002, Reg=0.0000, Con=0.0000
2025-09-14 03:33:40,777 - INFO - Batch 2230/2278: Loss=1.1883, Cls=0.0000, Reg=0.0000, Con=3.9609
2025-09-14 03:33:41,657 - INFO - Batch 2240/2278: Loss=1.1937, Cls=0.0052, Reg=0.0000, Con=3.9617
2025-09-14 03:33:42,542 - INFO - Batch 2250/2278: Loss=1.1886, Cls=0.0004, Reg=0.0000, Con=3.9608
2025-09-14 03:33:43,438 - INFO - Batch 2260/2278: Loss=0.0032, Cls=0.0032, Reg=0.0000, Con=0.0000
2025-09-14 03:33:44,355 - INFO - Batch 2270/2278: Loss=0.0590, Cls=0.0590, Reg=0.0000, Con=0.0000
2025-09-14 03:37:14,722 - INFO - === Epoch 3 Results ===
2025-09-14 03:37:14,723 - INFO - Training Loss: 1.0054 (Classification: 0.2251, Regression: 0.0000)
2025-09-14 03:37:14,723 - INFO - Validation Loss: 0.0710 (Classification: 0.0710, Regression: 0.0000)
2025-09-14 03:37:14,723 - INFO - Average Classification Accuracy: 0.9110 (on 1/26 tasks)
2025-09-14 03:37:14,723 - INFO - Average AUC: 0.8696
2025-09-14 03:37:14,723 - INFO - Training finished!
2025-09-14 03:37:14,723 - INFO - Performing final evaluation...
2025-09-14 03:37:14,943 - INFO - Loaded best model from: experiments/r1c3_headft_cls_16_seed_42_20250914_031615/checkpoints/r1c3_headft_cls_16_seed_42_best.pth
2025-09-14 03:40:43,618 - INFO - Final Validation Results:
2025-09-14 03:40:43,619 - INFO -   Total Loss: 0.0709
2025-09-14 03:40:43,619 - INFO -   Classification Loss: 0.0709
2025-09-14 03:40:43,619 - INFO -   Regression Loss: 0.0000
2025-09-14 03:40:43,619 - INFO -   Average Classification Accuracy: 0.9110
2025-09-14 03:40:43,619 - INFO -   Average AUC: 0.8658
2025-09-14 03:40:43,619 - INFO - Results saved to: experiments/r1c3_headft_cls_16_seed_42_20250914_031615/checkpoints/r1c3_headft_cls_16_seed_42_results.json
