2025-09-14 09:17:14,600 - INFO - 🔬 Starting experiment: r1c3_headft_cls_21_seed_42
2025-09-14 09:17:14,600 - INFO - 📁 Experiment directory: experiments/r1c3_headft_cls_21_seed_42_20250914_091714
2025-09-14 09:17:14,600 - INFO - 🎲 Random seed: 42
2025-09-14 09:17:14,600 - INFO - 🔒 Deterministic mode: True
2025-09-14 09:17:14,600 - INFO - Using device: cuda
2025-09-14 09:17:14,600 - INFO - Total GPU Memory: 25.16 GB
2025-09-14 09:17:14,614 - INFO - 🧪 Fusion: Using cross-attention dynamic fusion
2025-09-14 09:17:14,614 - INFO - 🧪 GNN Backbone: Using default GraphAttentionNetwork branch
2025-09-14 09:17:14,614 - INFO - 🎯 Task Mode: Single classification endpoint 21
2025-09-14 09:17:14,614 - INFO - Configuration saved to: experiments/r1c3_headft_cls_21_seed_42_20250914_091714/checkpoints/config.json
2025-09-14 09:17:14,615 - INFO - 🚀 Using preprocessed data from: /mnt/backup2/ai4s/backupunimolpy/responds-work/ToxD4C/data/data/processed
2025-09-14 09:17:14,615 - INFO - Loading LMDB dataset from: /mnt/backup2/ai4s/backupunimolpy/responds-work/ToxD4C/data/data/processed
2025-09-14 09:17:15,120 - INFO - Number of training batches: 2278
2025-09-14 09:17:15,120 - INFO - Number of validation batches: 2278
2025-09-14 09:17:15,120 - INFO - Number of test batches: 2278
2025-09-14 09:17:15,120 - INFO - Creating ToxD4C model...
2025-09-14 09:17:16,220 - INFO - Model created successfully. Total parameters: 100,932,036
2025-09-14 09:17:16,221 - INFO - Testing model forward pass...
2025-09-14 09:17:16,658 - INFO - Test output shapes:
2025-09-14 09:17:16,658 - INFO -   classification: torch.Size([16, 1])
2025-09-14 09:17:16,660 - INFO -   classification contains NaN: False
2025-09-14 09:17:16,661 - INFO -   classification contains Inf: False
2025-09-14 09:17:16,661 - INFO -   regression: torch.Size([16, 0])
2025-09-14 09:17:16,661 - INFO -   regression contains NaN: False
2025-09-14 09:17:16,661 - INFO -   regression contains Inf: False
2025-09-14 09:17:16,661 - INFO - Model forward pass test successful!
2025-09-14 09:17:17,357 - INFO - 🔁 Loaded checkpoint from: /mnt/backup2/ai4s/backupunimolpy/responds-work/ToxD4C/experiments/r1c3_multi_full_seed_42_20250913_152627/checkpoints/r1c3_multi_full_seed_42_best.pth
2025-09-14 09:17:17,358 - INFO - 🧩 Head-only fine-tuning: unfroze head for task 'SR-ARE' and froze trunk.
2025-09-14 09:17:17,359 - INFO - Starting training...
2025-09-14 09:17:17,359 - INFO - 
Epoch 1/3
2025-09-14 09:17:17,539 - INFO - Batch 0/2278: Loss=0.0198, Cls=0.0198, Reg=0.0000, Con=0.0000
2025-09-14 09:17:18,427 - INFO - Batch 10/2278: Loss=0.3647, Cls=0.3647, Reg=0.0000, Con=0.0000
2025-09-14 09:17:19,314 - INFO - Batch 20/2278: Loss=1.6276, Cls=0.4393, Reg=0.0000, Con=3.9610
2025-09-14 09:17:20,203 - INFO - Batch 30/2278: Loss=0.0000, Cls=0.0000, Reg=0.0000, Con=0.0000
2025-09-14 09:17:21,081 - INFO - Batch 40/2278: Loss=0.0056, Cls=0.0056, Reg=0.0000, Con=0.0000
2025-09-14 09:17:21,974 - INFO - Batch 50/2278: Loss=1.3698, Cls=0.1815, Reg=0.0000, Con=3.9609
2025-09-14 09:17:22,873 - INFO - Batch 60/2278: Loss=2.0689, Cls=0.8807, Reg=0.0000, Con=3.9609
2025-09-14 09:17:23,783 - INFO - Batch 70/2278: Loss=1.1882, Cls=0.0000, Reg=0.0000, Con=3.9608
2025-09-14 09:17:24,679 - INFO - Batch 80/2278: Loss=0.0014, Cls=0.0014, Reg=0.0000, Con=0.0000
2025-09-14 09:17:25,590 - INFO - Batch 90/2278: Loss=0.2396, Cls=0.2396, Reg=0.0000, Con=0.0000
2025-09-14 09:17:26,453 - INFO - Batch 100/2278: Loss=0.1260, Cls=0.1260, Reg=0.0000, Con=0.0000
2025-09-14 09:17:27,358 - INFO - Batch 110/2278: Loss=0.0101, Cls=0.0101, Reg=0.0000, Con=0.0000
2025-09-14 09:17:28,249 - INFO - Batch 120/2278: Loss=1.2051, Cls=0.0168, Reg=0.0000, Con=3.9609
2025-09-14 09:17:29,123 - INFO - Batch 130/2278: Loss=1.1980, Cls=0.0097, Reg=0.0000, Con=3.9609
2025-09-14 09:17:30,043 - INFO - Batch 140/2278: Loss=1.1937, Cls=0.0053, Reg=0.0000, Con=3.9615
2025-09-14 09:17:30,941 - INFO - Batch 150/2278: Loss=1.1949, Cls=0.0065, Reg=0.0000, Con=3.9613
2025-09-14 09:17:31,831 - INFO - Batch 160/2278: Loss=1.4581, Cls=0.2698, Reg=0.0000, Con=3.9611
2025-09-14 09:17:32,716 - INFO - Batch 170/2278: Loss=1.2192, Cls=0.0308, Reg=0.0000, Con=3.9611
2025-09-14 09:17:33,612 - INFO - Batch 180/2278: Loss=1.2391, Cls=0.0508, Reg=0.0000, Con=3.9610
2025-09-14 09:17:34,534 - INFO - Batch 190/2278: Loss=2.2229, Cls=1.0347, Reg=0.0000, Con=3.9608
2025-09-14 09:17:35,412 - INFO - Batch 200/2278: Loss=2.6866, Cls=1.4983, Reg=0.0000, Con=3.9609
2025-09-14 09:17:36,307 - INFO - Batch 210/2278: Loss=0.0022, Cls=0.0022, Reg=0.0000, Con=0.0000
2025-09-14 09:17:37,193 - INFO - Batch 220/2278: Loss=3.0195, Cls=3.0195, Reg=0.0000, Con=0.0000
2025-09-14 09:17:38,094 - INFO - Batch 230/2278: Loss=1.1897, Cls=0.0014, Reg=0.0000, Con=3.9610
2025-09-14 09:17:38,974 - INFO - Batch 240/2278: Loss=1.1890, Cls=0.0008, Reg=0.0000, Con=3.9608
2025-09-14 09:17:39,857 - INFO - Batch 250/2278: Loss=0.0013, Cls=0.0013, Reg=0.0000, Con=0.0000
2025-09-14 09:17:40,731 - INFO - Batch 260/2278: Loss=0.0181, Cls=0.0181, Reg=0.0000, Con=0.0000
2025-09-14 09:17:41,627 - INFO - Batch 270/2278: Loss=0.0000, Cls=0.0000, Reg=0.0000, Con=0.0000
2025-09-14 09:17:42,503 - INFO - Batch 280/2278: Loss=1.1984, Cls=0.0101, Reg=0.0000, Con=3.9611
2025-09-14 09:17:43,401 - INFO - Batch 290/2278: Loss=1.0473, Cls=1.0473, Reg=0.0000, Con=0.0000
2025-09-14 09:17:44,279 - INFO - Batch 300/2278: Loss=1.1973, Cls=0.0091, Reg=0.0000, Con=3.9609
2025-09-14 09:17:45,237 - INFO - Batch 310/2278: Loss=1.1993, Cls=0.0110, Reg=0.0000, Con=3.9612
2025-09-14 09:17:46,128 - INFO - Batch 320/2278: Loss=1.3975, Cls=1.3975, Reg=0.0000, Con=0.0000
2025-09-14 09:17:47,033 - INFO - Batch 330/2278: Loss=1.1894, Cls=0.0012, Reg=0.0000, Con=3.9609
2025-09-14 09:17:47,918 - INFO - Batch 340/2278: Loss=1.1883, Cls=0.0000, Reg=0.0000, Con=3.9610
2025-09-14 09:17:48,837 - INFO - Batch 350/2278: Loss=1.3680, Cls=0.1797, Reg=0.0000, Con=3.9611
2025-09-14 09:17:49,733 - INFO - Batch 360/2278: Loss=1.1882, Cls=0.0000, Reg=0.0000, Con=3.9607
2025-09-14 09:17:50,639 - INFO - Batch 370/2278: Loss=2.6256, Cls=1.4374, Reg=0.0000, Con=3.9609
2025-09-14 09:17:51,524 - INFO - Batch 380/2278: Loss=1.2017, Cls=0.0135, Reg=0.0000, Con=3.9607
2025-09-14 09:17:52,426 - INFO - Batch 390/2278: Loss=1.1882, Cls=0.0000, Reg=0.0000, Con=3.9607
2025-09-14 09:17:53,318 - INFO - Batch 400/2278: Loss=0.0016, Cls=0.0016, Reg=0.0000, Con=0.0000
2025-09-14 09:17:54,187 - INFO - Batch 410/2278: Loss=0.0220, Cls=0.0220, Reg=0.0000, Con=0.0000
2025-09-14 09:17:55,059 - INFO - Batch 420/2278: Loss=0.0296, Cls=0.0296, Reg=0.0000, Con=0.0000
2025-09-14 09:17:55,966 - INFO - Batch 430/2278: Loss=1.1955, Cls=0.0073, Reg=0.0000, Con=3.9607
2025-09-14 09:17:56,880 - INFO - Batch 440/2278: Loss=1.2810, Cls=0.0927, Reg=0.0000, Con=3.9608
2025-09-14 09:17:57,788 - INFO - Batch 450/2278: Loss=1.2011, Cls=0.0129, Reg=0.0000, Con=3.9607
2025-09-14 09:17:58,668 - INFO - Batch 460/2278: Loss=1.9276, Cls=0.7394, Reg=0.0000, Con=3.9607
2025-09-14 09:17:59,570 - INFO - Batch 470/2278: Loss=1.1925, Cls=0.0042, Reg=0.0000, Con=3.9611
2025-09-14 09:18:00,458 - INFO - Batch 480/2278: Loss=1.2015, Cls=0.0132, Reg=0.0000, Con=3.9607
2025-09-14 09:18:01,335 - INFO - Batch 490/2278: Loss=0.0000, Cls=0.0000, Reg=0.0000, Con=0.0000
2025-09-14 09:18:02,243 - INFO - Batch 500/2278: Loss=0.0006, Cls=0.0006, Reg=0.0000, Con=0.0000
2025-09-14 09:18:03,127 - INFO - Batch 510/2278: Loss=1.1883, Cls=0.0000, Reg=0.0000, Con=3.9609
2025-09-14 09:18:03,994 - INFO - Batch 520/2278: Loss=1.2047, Cls=0.0165, Reg=0.0000, Con=3.9608
2025-09-14 09:18:04,934 - INFO - Batch 530/2278: Loss=1.2041, Cls=0.0158, Reg=0.0000, Con=3.9608
2025-09-14 09:18:05,850 - INFO - Batch 540/2278: Loss=1.2503, Cls=0.0620, Reg=0.0000, Con=3.9610
2025-09-14 09:18:06,707 - INFO - Batch 550/2278: Loss=1.1882, Cls=0.0000, Reg=0.0000, Con=3.9607
2025-09-14 09:18:07,653 - INFO - Batch 560/2278: Loss=1.1897, Cls=0.0014, Reg=0.0000, Con=3.9609
2025-09-14 09:18:08,587 - INFO - Batch 570/2278: Loss=1.3113, Cls=0.1230, Reg=0.0000, Con=3.9608
2025-09-14 09:18:09,469 - INFO - Batch 580/2278: Loss=0.0097, Cls=0.0097, Reg=0.0000, Con=0.0000
2025-09-14 09:18:10,373 - INFO - Batch 590/2278: Loss=3.9997, Cls=3.9997, Reg=0.0000, Con=0.0000
2025-09-14 09:18:11,290 - INFO - Batch 600/2278: Loss=1.1905, Cls=0.0022, Reg=0.0000, Con=3.9609
2025-09-14 09:18:12,186 - INFO - Batch 610/2278: Loss=1.2084, Cls=0.0201, Reg=0.0000, Con=3.9609
2025-09-14 09:18:13,060 - INFO - Batch 620/2278: Loss=1.2135, Cls=0.0252, Reg=0.0000, Con=3.9608
2025-09-14 09:18:13,938 - INFO - Batch 630/2278: Loss=0.0000, Cls=0.0000, Reg=0.0000, Con=0.0000
2025-09-14 09:18:14,834 - INFO - Batch 640/2278: Loss=1.5218, Cls=0.3336, Reg=0.0000, Con=3.9608
2025-09-14 09:18:15,708 - INFO - Batch 650/2278: Loss=1.1897, Cls=0.0013, Reg=0.0000, Con=3.9613
2025-09-14 09:18:16,593 - INFO - Batch 660/2278: Loss=1.1900, Cls=0.0018, Reg=0.0000, Con=3.9608
2025-09-14 09:18:17,521 - INFO - Batch 670/2278: Loss=5.2386, Cls=4.0504, Reg=0.0000, Con=3.9608
2025-09-14 09:18:18,397 - INFO - Batch 680/2278: Loss=3.3786, Cls=2.1903, Reg=0.0000, Con=3.9608
2025-09-14 09:18:19,464 - INFO - Batch 690/2278: Loss=0.5980, Cls=0.5980, Reg=0.0000, Con=0.0000
2025-09-14 09:18:20,344 - INFO - Batch 700/2278: Loss=0.0157, Cls=0.0157, Reg=0.0000, Con=0.0000
2025-09-14 09:18:21,231 - INFO - Batch 710/2278: Loss=1.1882, Cls=0.0000, Reg=0.0000, Con=3.9607
2025-09-14 09:18:22,119 - INFO - Batch 720/2278: Loss=1.1939, Cls=0.0056, Reg=0.0000, Con=3.9609
2025-09-14 09:18:23,009 - INFO - Batch 730/2278: Loss=1.2046, Cls=0.0162, Reg=0.0000, Con=3.9613
2025-09-14 09:18:23,901 - INFO - Batch 740/2278: Loss=1.2893, Cls=0.1009, Reg=0.0000, Con=3.9610
2025-09-14 09:18:24,782 - INFO - Batch 750/2278: Loss=2.9214, Cls=1.7331, Reg=0.0000, Con=3.9609
2025-09-14 09:18:25,666 - INFO - Batch 760/2278: Loss=1.6438, Cls=0.4556, Reg=0.0000, Con=3.9608
2025-09-14 09:18:26,540 - INFO - Batch 770/2278: Loss=1.1947, Cls=0.0064, Reg=0.0000, Con=3.9610
2025-09-14 09:18:27,437 - INFO - Batch 780/2278: Loss=1.1894, Cls=0.0012, Reg=0.0000, Con=3.9608
2025-09-14 09:18:28,336 - INFO - Batch 790/2278: Loss=0.1187, Cls=0.1187, Reg=0.0000, Con=0.0000
2025-09-14 09:18:29,225 - INFO - Batch 800/2278: Loss=1.2014, Cls=0.0131, Reg=0.0000, Con=3.9612
2025-09-14 09:18:30,105 - INFO - Batch 810/2278: Loss=1.1921, Cls=0.0037, Reg=0.0000, Con=3.9612
2025-09-14 09:18:31,003 - INFO - Batch 820/2278: Loss=1.1883, Cls=0.0000, Reg=0.0000, Con=3.9609
2025-09-14 09:18:31,902 - INFO - Batch 830/2278: Loss=2.0416, Cls=0.8533, Reg=0.0000, Con=3.9609
2025-09-14 09:18:32,782 - INFO - Batch 840/2278: Loss=1.9111, Cls=0.7229, Reg=0.0000, Con=3.9608
2025-09-14 09:18:33,665 - INFO - Batch 850/2278: Loss=0.2057, Cls=0.2057, Reg=0.0000, Con=0.0000
2025-09-14 09:18:34,535 - INFO - Batch 860/2278: Loss=1.2390, Cls=0.0508, Reg=0.0000, Con=3.9607
2025-09-14 09:18:35,457 - INFO - Batch 870/2278: Loss=0.1811, Cls=0.1811, Reg=0.0000, Con=0.0000
2025-09-14 09:18:36,349 - INFO - Batch 880/2278: Loss=0.0000, Cls=0.0000, Reg=0.0000, Con=0.0000
2025-09-14 09:18:37,214 - INFO - Batch 890/2278: Loss=0.0000, Cls=0.0000, Reg=0.0000, Con=0.0000
2025-09-14 09:18:38,107 - INFO - Batch 900/2278: Loss=1.5366, Cls=0.3483, Reg=0.0000, Con=3.9609
2025-09-14 09:18:39,009 - INFO - Batch 910/2278: Loss=2.2390, Cls=1.0507, Reg=0.0000, Con=3.9609
2025-09-14 09:18:39,876 - INFO - Batch 920/2278: Loss=1.2267, Cls=0.0385, Reg=0.0000, Con=3.9610
2025-09-14 09:18:40,780 - INFO - Batch 930/2278: Loss=1.4901, Cls=0.3018, Reg=0.0000, Con=3.9608
2025-09-14 09:18:41,661 - INFO - Batch 940/2278: Loss=1.3180, Cls=0.1298, Reg=0.0000, Con=3.9609
2025-09-14 09:18:42,545 - INFO - Batch 950/2278: Loss=1.1883, Cls=0.0000, Reg=0.0000, Con=3.9611
2025-09-14 09:18:43,412 - INFO - Batch 960/2278: Loss=1.3767, Cls=0.1884, Reg=0.0000, Con=3.9609
2025-09-14 09:18:44,309 - INFO - Batch 970/2278: Loss=1.5181, Cls=0.3297, Reg=0.0000, Con=3.9612
2025-09-14 09:18:45,207 - INFO - Batch 980/2278: Loss=0.0077, Cls=0.0077, Reg=0.0000, Con=0.0000
2025-09-14 09:18:46,086 - INFO - Batch 990/2278: Loss=0.0000, Cls=0.0000, Reg=0.0000, Con=0.0000
2025-09-14 09:18:46,966 - INFO - Batch 1000/2278: Loss=2.6474, Cls=1.4591, Reg=0.0000, Con=3.9609
2025-09-14 09:18:47,855 - INFO - Batch 1010/2278: Loss=1.1882, Cls=0.0000, Reg=0.0000, Con=3.9608
2025-09-14 09:18:48,730 - INFO - Batch 1020/2278: Loss=0.0027, Cls=0.0027, Reg=0.0000, Con=0.0000
2025-09-14 09:18:49,605 - INFO - Batch 1030/2278: Loss=1.1904, Cls=0.0021, Reg=0.0000, Con=3.9610
2025-09-14 09:18:50,483 - INFO - Batch 1040/2278: Loss=1.2002, Cls=0.0120, Reg=0.0000, Con=3.9607
2025-09-14 09:18:51,434 - INFO - Batch 1050/2278: Loss=1.2835, Cls=0.0952, Reg=0.0000, Con=3.9609
2025-09-14 09:18:52,340 - INFO - Batch 1060/2278: Loss=3.9586, Cls=2.7704, Reg=0.0000, Con=3.9608
2025-09-14 09:18:53,225 - INFO - Batch 1070/2278: Loss=1.1884, Cls=0.0001, Reg=0.0000, Con=3.9608
2025-09-14 09:18:54,104 - INFO - Batch 1080/2278: Loss=4.0649, Cls=2.8766, Reg=0.0000, Con=3.9608
2025-09-14 09:18:55,020 - INFO - Batch 1090/2278: Loss=2.0272, Cls=0.8389, Reg=0.0000, Con=3.9609
2025-09-14 09:18:55,917 - INFO - Batch 1100/2278: Loss=0.0638, Cls=0.0638, Reg=0.0000, Con=0.0000
2025-09-14 09:18:56,822 - INFO - Batch 1110/2278: Loss=1.1891, Cls=0.0008, Reg=0.0000, Con=3.9608
2025-09-14 09:18:57,699 - INFO - Batch 1120/2278: Loss=0.0000, Cls=0.0000, Reg=0.0000, Con=0.0000
2025-09-14 09:18:58,620 - INFO - Batch 1130/2278: Loss=4.4935, Cls=3.3052, Reg=0.0000, Con=3.9608
2025-09-14 09:18:59,510 - INFO - Batch 1140/2278: Loss=1.4221, Cls=0.2339, Reg=0.0000, Con=3.9608
2025-09-14 09:19:00,385 - INFO - Batch 1150/2278: Loss=1.2052, Cls=0.0168, Reg=0.0000, Con=3.9611
2025-09-14 09:19:01,290 - INFO - Batch 1160/2278: Loss=1.1940, Cls=0.0058, Reg=0.0000, Con=3.9609
2025-09-14 09:19:02,177 - INFO - Batch 1170/2278: Loss=0.3513, Cls=0.3513, Reg=0.0000, Con=0.0000
2025-09-14 09:19:03,074 - INFO - Batch 1180/2278: Loss=1.1883, Cls=0.0001, Reg=0.0000, Con=3.9609
2025-09-14 09:19:03,960 - INFO - Batch 1190/2278: Loss=1.1908, Cls=0.0025, Reg=0.0000, Con=3.9609
2025-09-14 09:19:04,869 - INFO - Batch 1200/2278: Loss=0.0071, Cls=0.0071, Reg=0.0000, Con=0.0000
2025-09-14 09:19:05,766 - INFO - Batch 1210/2278: Loss=1.3862, Cls=0.1979, Reg=0.0000, Con=3.9610
2025-09-14 09:19:06,646 - INFO - Batch 1220/2278: Loss=0.7415, Cls=0.7415, Reg=0.0000, Con=0.0000
2025-09-14 09:19:07,533 - INFO - Batch 1230/2278: Loss=1.1883, Cls=0.0000, Reg=0.0000, Con=3.9609
2025-09-14 09:19:08,444 - INFO - Batch 1240/2278: Loss=1.1883, Cls=0.0000, Reg=0.0000, Con=3.9609
2025-09-14 09:19:09,337 - INFO - Batch 1250/2278: Loss=0.0000, Cls=0.0000, Reg=0.0000, Con=0.0000
2025-09-14 09:19:10,223 - INFO - Batch 1260/2278: Loss=0.0137, Cls=0.0137, Reg=0.0000, Con=0.0000
2025-09-14 09:19:11,116 - INFO - Batch 1270/2278: Loss=1.1888, Cls=0.0006, Reg=0.0000, Con=3.9609
2025-09-14 09:19:12,016 - INFO - Batch 1280/2278: Loss=1.2871, Cls=1.2871, Reg=0.0000, Con=0.0000
2025-09-14 09:19:12,901 - INFO - Batch 1290/2278: Loss=0.0165, Cls=0.0165, Reg=0.0000, Con=0.0000
2025-09-14 09:19:13,792 - INFO - Batch 1300/2278: Loss=1.2075, Cls=0.0192, Reg=0.0000, Con=3.9610
2025-09-14 09:19:14,684 - INFO - Batch 1310/2278: Loss=3.3454, Cls=2.1571, Reg=0.0000, Con=3.9611
2025-09-14 09:19:15,569 - INFO - Batch 1320/2278: Loss=0.0018, Cls=0.0018, Reg=0.0000, Con=0.0000
2025-09-14 09:19:16,464 - INFO - Batch 1330/2278: Loss=1.1936, Cls=0.0052, Reg=0.0000, Con=3.9613
2025-09-14 09:19:17,487 - INFO - Batch 1340/2278: Loss=1.1895, Cls=0.0013, Reg=0.0000, Con=3.9608
2025-09-14 09:19:18,378 - INFO - Batch 1350/2278: Loss=0.0024, Cls=0.0024, Reg=0.0000, Con=0.0000
2025-09-14 09:19:19,282 - INFO - Batch 1360/2278: Loss=1.4672, Cls=0.2789, Reg=0.0000, Con=3.9610
2025-09-14 09:19:20,212 - INFO - Batch 1370/2278: Loss=1.1882, Cls=0.0000, Reg=0.0000, Con=3.9608
2025-09-14 09:19:21,151 - INFO - Batch 1380/2278: Loss=3.3333, Cls=2.1450, Reg=0.0000, Con=3.9608
2025-09-14 09:19:22,027 - INFO - Batch 1390/2278: Loss=1.2051, Cls=0.0169, Reg=0.0000, Con=3.9608
2025-09-14 09:19:22,942 - INFO - Batch 1400/2278: Loss=1.2088, Cls=0.0205, Reg=0.0000, Con=3.9609
2025-09-14 09:19:23,973 - INFO - Batch 1410/2278: Loss=1.2801, Cls=0.0917, Reg=0.0000, Con=3.9612
2025-09-14 09:19:24,898 - INFO - Batch 1420/2278: Loss=0.5257, Cls=0.5257, Reg=0.0000, Con=0.0000
2025-09-14 09:19:25,770 - INFO - Batch 1430/2278: Loss=1.2167, Cls=0.0285, Reg=0.0000, Con=3.9609
2025-09-14 09:19:26,673 - INFO - Batch 1440/2278: Loss=1.1883, Cls=0.0000, Reg=0.0000, Con=3.9609
2025-09-14 09:19:27,587 - INFO - Batch 1450/2278: Loss=1.1889, Cls=0.0007, Reg=0.0000, Con=3.9608
2025-09-14 09:19:28,497 - INFO - Batch 1460/2278: Loss=0.0087, Cls=0.0087, Reg=0.0000, Con=0.0000
2025-09-14 09:19:29,425 - INFO - Batch 1470/2278: Loss=1.1889, Cls=0.0007, Reg=0.0000, Con=3.9609
2025-09-14 09:19:30,325 - INFO - Batch 1480/2278: Loss=1.5441, Cls=0.3559, Reg=0.0000, Con=3.9607
2025-09-14 09:19:31,221 - INFO - Batch 1490/2278: Loss=5.2593, Cls=4.0710, Reg=0.0000, Con=3.9609
2025-09-14 09:19:32,109 - INFO - Batch 1500/2278: Loss=1.2059, Cls=0.0176, Reg=0.0000, Con=3.9609
2025-09-14 09:19:33,008 - INFO - Batch 1510/2278: Loss=0.0000, Cls=0.0000, Reg=0.0000, Con=0.0000
2025-09-14 09:19:33,914 - INFO - Batch 1520/2278: Loss=1.2302, Cls=0.0420, Reg=0.0000, Con=3.9608
2025-09-14 09:19:34,835 - INFO - Batch 1530/2278: Loss=2.9182, Cls=1.7300, Reg=0.0000, Con=3.9608
2025-09-14 09:19:35,768 - INFO - Batch 1540/2278: Loss=1.1929, Cls=0.0046, Reg=0.0000, Con=3.9609
2025-09-14 09:19:36,666 - INFO - Batch 1550/2278: Loss=1.1883, Cls=0.0000, Reg=0.0000, Con=3.9610
2025-09-14 09:19:37,570 - INFO - Batch 1560/2278: Loss=1.2893, Cls=0.1010, Reg=0.0000, Con=3.9609
2025-09-14 09:19:38,483 - INFO - Batch 1570/2278: Loss=1.4725, Cls=0.2843, Reg=0.0000, Con=3.9608
2025-09-14 09:19:39,418 - INFO - Batch 1580/2278: Loss=1.2325, Cls=0.0443, Reg=0.0000, Con=3.9608
2025-09-14 09:19:40,303 - INFO - Batch 1590/2278: Loss=2.0811, Cls=0.8929, Reg=0.0000, Con=3.9609
2025-09-14 09:19:41,189 - INFO - Batch 1600/2278: Loss=1.1883, Cls=0.0000, Reg=0.0000, Con=3.9608
2025-09-14 09:19:42,095 - INFO - Batch 1610/2278: Loss=0.5043, Cls=0.5043, Reg=0.0000, Con=0.0000
2025-09-14 09:19:43,007 - INFO - Batch 1620/2278: Loss=0.0063, Cls=0.0063, Reg=0.0000, Con=0.0000
2025-09-14 09:19:43,897 - INFO - Batch 1630/2278: Loss=1.1882, Cls=0.0000, Reg=0.0000, Con=3.9608
2025-09-14 09:19:44,786 - INFO - Batch 1640/2278: Loss=0.0145, Cls=0.0145, Reg=0.0000, Con=0.0000
2025-09-14 09:19:45,669 - INFO - Batch 1650/2278: Loss=0.0593, Cls=0.0593, Reg=0.0000, Con=0.0000
2025-09-14 09:19:46,558 - INFO - Batch 1660/2278: Loss=0.1935, Cls=0.1935, Reg=0.0000, Con=0.0000
2025-09-14 09:19:47,432 - INFO - Batch 1670/2278: Loss=1.1884, Cls=0.0000, Reg=0.0000, Con=3.9612
2025-09-14 09:19:48,351 - INFO - Batch 1680/2278: Loss=0.0016, Cls=0.0016, Reg=0.0000, Con=0.0000
2025-09-14 09:19:49,243 - INFO - Batch 1690/2278: Loss=1.1887, Cls=0.0003, Reg=0.0000, Con=3.9612
2025-09-14 09:19:50,143 - INFO - Batch 1700/2278: Loss=1.1914, Cls=0.0030, Reg=0.0000, Con=3.9612
2025-09-14 09:19:51,050 - INFO - Batch 1710/2278: Loss=0.0151, Cls=0.0151, Reg=0.0000, Con=0.0000
2025-09-14 09:19:51,937 - INFO - Batch 1720/2278: Loss=1.1962, Cls=0.0079, Reg=0.0000, Con=3.9608
2025-09-14 09:19:52,856 - INFO - Batch 1730/2278: Loss=0.0021, Cls=0.0021, Reg=0.0000, Con=0.0000
2025-09-14 09:19:53,755 - INFO - Batch 1740/2278: Loss=0.0000, Cls=0.0000, Reg=0.0000, Con=0.0000
2025-09-14 09:19:54,631 - INFO - Batch 1750/2278: Loss=1.1883, Cls=0.0000, Reg=0.0000, Con=3.9609
2025-09-14 09:19:55,525 - INFO - Batch 1760/2278: Loss=1.1888, Cls=0.0006, Reg=0.0000, Con=3.9609
2025-09-14 09:19:56,416 - INFO - Batch 1770/2278: Loss=1.1882, Cls=0.0000, Reg=0.0000, Con=3.9608
2025-09-14 09:19:57,327 - INFO - Batch 1780/2278: Loss=1.1948, Cls=0.0065, Reg=0.0000, Con=3.9608
2025-09-14 09:19:58,197 - INFO - Batch 1790/2278: Loss=0.3311, Cls=0.3311, Reg=0.0000, Con=0.0000
2025-09-14 09:19:59,090 - INFO - Batch 1800/2278: Loss=0.0036, Cls=0.0036, Reg=0.0000, Con=0.0000
2025-09-14 09:20:00,035 - INFO - Batch 1810/2278: Loss=0.0214, Cls=0.0214, Reg=0.0000, Con=0.0000
2025-09-14 09:20:00,937 - INFO - Batch 1820/2278: Loss=3.9878, Cls=2.7995, Reg=0.0000, Con=3.9611
2025-09-14 09:20:01,818 - INFO - Batch 1830/2278: Loss=0.0736, Cls=0.0736, Reg=0.0000, Con=0.0000
2025-09-14 09:20:02,696 - INFO - Batch 1840/2278: Loss=0.4771, Cls=0.4771, Reg=0.0000, Con=0.0000
2025-09-14 09:20:03,614 - INFO - Batch 1850/2278: Loss=1.1888, Cls=0.0006, Reg=0.0000, Con=3.9608
2025-09-14 09:20:04,498 - INFO - Batch 1860/2278: Loss=0.0075, Cls=0.0075, Reg=0.0000, Con=0.0000
2025-09-14 09:20:05,375 - INFO - Batch 1870/2278: Loss=1.1883, Cls=0.0001, Reg=0.0000, Con=3.9608
2025-09-14 09:20:06,308 - INFO - Batch 1880/2278: Loss=0.0000, Cls=0.0000, Reg=0.0000, Con=0.0000
2025-09-14 09:20:07,203 - INFO - Batch 1890/2278: Loss=1.1884, Cls=0.0001, Reg=0.0000, Con=3.9609
2025-09-14 09:20:08,107 - INFO - Batch 1900/2278: Loss=0.7043, Cls=0.7043, Reg=0.0000, Con=0.0000
2025-09-14 09:20:08,978 - INFO - Batch 1910/2278: Loss=0.0074, Cls=0.0074, Reg=0.0000, Con=0.0000
2025-09-14 09:20:09,894 - INFO - Batch 1920/2278: Loss=1.2168, Cls=0.0286, Reg=0.0000, Con=3.9607
2025-09-14 09:20:10,767 - INFO - Batch 1930/2278: Loss=1.1899, Cls=0.0017, Reg=0.0000, Con=3.9607
2025-09-14 09:20:11,654 - INFO - Batch 1940/2278: Loss=1.2657, Cls=0.0775, Reg=0.0000, Con=3.9608
2025-09-14 09:20:12,527 - INFO - Batch 1950/2278: Loss=1.1884, Cls=0.0002, Reg=0.0000, Con=3.9608
2025-09-14 09:20:13,429 - INFO - Batch 1960/2278: Loss=1.4360, Cls=0.2477, Reg=0.0000, Con=3.9609
2025-09-14 09:20:14,320 - INFO - Batch 1970/2278: Loss=1.1883, Cls=0.0000, Reg=0.0000, Con=3.9611
2025-09-14 09:20:15,209 - INFO - Batch 1980/2278: Loss=1.1886, Cls=0.0003, Reg=0.0000, Con=3.9608
2025-09-14 09:20:16,100 - INFO - Batch 1990/2278: Loss=1.2002, Cls=0.0117, Reg=0.0000, Con=3.9615
2025-09-14 09:20:17,004 - INFO - Batch 2000/2278: Loss=0.0005, Cls=0.0005, Reg=0.0000, Con=0.0000
2025-09-14 09:20:17,899 - INFO - Batch 2010/2278: Loss=3.2145, Cls=2.0263, Reg=0.0000, Con=3.9609
2025-09-14 09:20:18,792 - INFO - Batch 2020/2278: Loss=2.7961, Cls=1.6079, Reg=0.0000, Con=3.9608
2025-09-14 09:20:19,675 - INFO - Batch 2030/2278: Loss=1.1883, Cls=0.0001, Reg=0.0000, Con=3.9607
2025-09-14 09:20:20,558 - INFO - Batch 2040/2278: Loss=1.1891, Cls=0.0008, Reg=0.0000, Con=3.9609
2025-09-14 09:20:21,449 - INFO - Batch 2050/2278: Loss=1.1963, Cls=0.0080, Reg=0.0000, Con=3.9608
2025-09-14 09:20:22,324 - INFO - Batch 2060/2278: Loss=0.0210, Cls=0.0210, Reg=0.0000, Con=0.0000
2025-09-14 09:20:23,215 - INFO - Batch 2070/2278: Loss=1.1891, Cls=0.0008, Reg=0.0000, Con=3.9611
2025-09-14 09:20:24,114 - INFO - Batch 2080/2278: Loss=1.1909, Cls=0.0026, Reg=0.0000, Con=3.9610
2025-09-14 09:20:25,023 - INFO - Batch 2090/2278: Loss=1.1992, Cls=0.0108, Reg=0.0000, Con=3.9612
2025-09-14 09:20:25,928 - INFO - Batch 2100/2278: Loss=1.1886, Cls=0.0003, Reg=0.0000, Con=3.9611
2025-09-14 09:20:26,826 - INFO - Batch 2110/2278: Loss=1.1910, Cls=0.0027, Reg=0.0000, Con=3.9609
2025-09-14 09:20:27,708 - INFO - Batch 2120/2278: Loss=0.0073, Cls=0.0073, Reg=0.0000, Con=0.0000
2025-09-14 09:20:28,604 - INFO - Batch 2130/2278: Loss=1.1912, Cls=0.0030, Reg=0.0000, Con=3.9606
2025-09-14 09:20:29,498 - INFO - Batch 2140/2278: Loss=1.1895, Cls=0.0012, Reg=0.0000, Con=3.9608
2025-09-14 09:20:30,388 - INFO - Batch 2150/2278: Loss=1.2479, Cls=0.0597, Reg=0.0000, Con=3.9607
2025-09-14 09:20:31,321 - INFO - Batch 2160/2278: Loss=1.1941, Cls=0.0059, Reg=0.0000, Con=3.9608
2025-09-14 09:20:32,260 - INFO - Batch 2170/2278: Loss=1.1996, Cls=0.0113, Reg=0.0000, Con=3.9609
2025-09-14 09:20:33,120 - INFO - Batch 2180/2278: Loss=1.7419, Cls=1.7419, Reg=0.0000, Con=0.0000
2025-09-14 09:20:34,016 - INFO - Batch 2190/2278: Loss=0.0002, Cls=0.0002, Reg=0.0000, Con=0.0000
2025-09-14 09:20:34,936 - INFO - Batch 2200/2278: Loss=1.1941, Cls=0.0060, Reg=0.0000, Con=3.9605
2025-09-14 09:20:35,848 - INFO - Batch 2210/2278: Loss=1.2608, Cls=0.0725, Reg=0.0000, Con=3.9609
2025-09-14 09:20:36,737 - INFO - Batch 2220/2278: Loss=1.2090, Cls=0.0207, Reg=0.0000, Con=3.9610
2025-09-14 09:20:37,630 - INFO - Batch 2230/2278: Loss=0.0450, Cls=0.0450, Reg=0.0000, Con=0.0000
2025-09-14 09:20:38,531 - INFO - Batch 2240/2278: Loss=4.7688, Cls=4.7688, Reg=0.0000, Con=0.0000
2025-09-14 09:20:39,432 - INFO - Batch 2250/2278: Loss=3.7806, Cls=2.5924, Reg=0.0000, Con=3.9609
2025-09-14 09:20:40,366 - INFO - Batch 2260/2278: Loss=1.6457, Cls=0.4575, Reg=0.0000, Con=3.9608
2025-09-14 09:20:41,335 - INFO - Batch 2270/2278: Loss=1.2339, Cls=1.2339, Reg=0.0000, Con=0.0000
2025-09-14 09:24:09,491 - INFO - === Epoch 1 Results ===
2025-09-14 09:24:09,492 - INFO - Training Loss: 1.0991 (Classification: 0.3266, Regression: 0.0000)
2025-09-14 09:24:09,492 - INFO - Validation Loss: 0.1057 (Classification: 0.1057, Regression: 0.0000)
2025-09-14 09:24:09,492 - INFO - Average Classification Accuracy: 0.8333 (on 1/26 tasks)
2025-09-14 09:24:09,492 - INFO - Average AUC: 0.8280
2025-09-14 09:24:10,016 - INFO - Best model saved to: experiments/r1c3_headft_cls_21_seed_42_20250914_091714/checkpoints/r1c3_headft_cls_21_seed_42_best.pth
2025-09-14 09:24:10,016 - INFO - 
Epoch 2/3
2025-09-14 09:24:10,129 - INFO - Batch 0/2278: Loss=0.0556, Cls=0.0556, Reg=0.0000, Con=0.0000
2025-09-14 09:24:11,103 - INFO - Batch 10/2278: Loss=1.1881, Cls=0.0000, Reg=0.0000, Con=3.9604
2025-09-14 09:24:11,989 - INFO - Batch 20/2278: Loss=1.2600, Cls=0.0717, Reg=0.0000, Con=3.9610
2025-09-14 09:24:12,888 - INFO - Batch 30/2278: Loss=1.1955, Cls=0.0072, Reg=0.0000, Con=3.9608
2025-09-14 09:24:13,824 - INFO - Batch 40/2278: Loss=1.1962, Cls=0.0080, Reg=0.0000, Con=3.9608
2025-09-14 09:24:14,751 - INFO - Batch 50/2278: Loss=0.1754, Cls=0.1754, Reg=0.0000, Con=0.0000
2025-09-14 09:24:15,635 - INFO - Batch 60/2278: Loss=1.3672, Cls=0.1790, Reg=0.0000, Con=3.9608
2025-09-14 09:24:16,532 - INFO - Batch 70/2278: Loss=1.1963, Cls=0.0081, Reg=0.0000, Con=3.9607
2025-09-14 09:24:17,461 - INFO - Batch 80/2278: Loss=1.4435, Cls=0.2553, Reg=0.0000, Con=3.9609
2025-09-14 09:24:18,395 - INFO - Batch 90/2278: Loss=0.0047, Cls=0.0047, Reg=0.0000, Con=0.0000
2025-09-14 09:24:19,310 - INFO - Batch 100/2278: Loss=1.2595, Cls=0.0712, Reg=0.0000, Con=3.9609
2025-09-14 09:24:20,222 - INFO - Batch 110/2278: Loss=1.2067, Cls=0.0185, Reg=0.0000, Con=3.9609
2025-09-14 09:24:21,125 - INFO - Batch 120/2278: Loss=0.1873, Cls=0.1873, Reg=0.0000, Con=0.0000
2025-09-14 09:24:22,044 - INFO - Batch 130/2278: Loss=4.2983, Cls=3.1101, Reg=0.0000, Con=3.9607
2025-09-14 09:24:22,957 - INFO - Batch 140/2278: Loss=2.7122, Cls=1.5240, Reg=0.0000, Con=3.9609
2025-09-14 09:24:23,872 - INFO - Batch 150/2278: Loss=1.8605, Cls=0.6722, Reg=0.0000, Con=3.9611
2025-09-14 09:24:24,769 - INFO - Batch 160/2278: Loss=1.1922, Cls=0.0039, Reg=0.0000, Con=3.9609
2025-09-14 09:24:25,662 - INFO - Batch 170/2278: Loss=0.0000, Cls=0.0000, Reg=0.0000, Con=0.0000
2025-09-14 09:24:26,576 - INFO - Batch 180/2278: Loss=1.2701, Cls=0.0819, Reg=0.0000, Con=3.9609
2025-09-14 09:24:27,489 - INFO - Batch 190/2278: Loss=0.0226, Cls=0.0226, Reg=0.0000, Con=0.0000
2025-09-14 09:24:28,443 - INFO - Batch 200/2278: Loss=1.2320, Cls=0.0438, Reg=0.0000, Con=3.9608
2025-09-14 09:24:29,370 - INFO - Batch 210/2278: Loss=1.1940, Cls=0.0057, Reg=0.0000, Con=3.9609
2025-09-14 09:24:30,342 - INFO - Batch 220/2278: Loss=0.0031, Cls=0.0031, Reg=0.0000, Con=0.0000
2025-09-14 09:24:31,254 - INFO - Batch 230/2278: Loss=1.3849, Cls=1.3849, Reg=0.0000, Con=0.0000
2025-09-14 09:24:32,155 - INFO - Batch 240/2278: Loss=0.0224, Cls=0.0224, Reg=0.0000, Con=0.0000
2025-09-14 09:24:33,052 - INFO - Batch 250/2278: Loss=0.0021, Cls=0.0021, Reg=0.0000, Con=0.0000
2025-09-14 09:24:33,944 - INFO - Batch 260/2278: Loss=0.0165, Cls=0.0165, Reg=0.0000, Con=0.0000
2025-09-14 09:24:34,850 - INFO - Batch 270/2278: Loss=1.1883, Cls=0.0000, Reg=0.0000, Con=3.9608
2025-09-14 09:24:35,763 - INFO - Batch 280/2278: Loss=2.2472, Cls=1.0589, Reg=0.0000, Con=3.9609
2025-09-14 09:24:36,715 - INFO - Batch 290/2278: Loss=1.1940, Cls=0.0057, Reg=0.0000, Con=3.9609
2025-09-14 09:24:37,667 - INFO - Batch 300/2278: Loss=1.1951, Cls=0.0068, Reg=0.0000, Con=3.9609
2025-09-14 09:24:38,581 - INFO - Batch 310/2278: Loss=1.5492, Cls=0.3610, Reg=0.0000, Con=3.9608
2025-09-14 09:24:39,501 - INFO - Batch 320/2278: Loss=0.0000, Cls=0.0000, Reg=0.0000, Con=0.0000
2025-09-14 09:24:40,382 - INFO - Batch 330/2278: Loss=1.2273, Cls=0.0390, Reg=0.0000, Con=3.9609
2025-09-14 09:24:41,320 - INFO - Batch 340/2278: Loss=1.2668, Cls=0.0785, Reg=0.0000, Con=3.9609
2025-09-14 09:24:42,213 - INFO - Batch 350/2278: Loss=1.2113, Cls=0.0231, Reg=0.0000, Con=3.9609
2025-09-14 09:24:43,109 - INFO - Batch 360/2278: Loss=1.1892, Cls=0.0009, Reg=0.0000, Con=3.9609
2025-09-14 09:24:44,012 - INFO - Batch 370/2278: Loss=1.2137, Cls=0.0255, Reg=0.0000, Con=3.9609
2025-09-14 09:24:45,010 - INFO - Batch 380/2278: Loss=1.2200, Cls=0.0317, Reg=0.0000, Con=3.9608
2025-09-14 09:24:45,949 - INFO - Batch 390/2278: Loss=1.3432, Cls=0.1549, Reg=0.0000, Con=3.9609
2025-09-14 09:24:46,893 - INFO - Batch 400/2278: Loss=0.0000, Cls=0.0000, Reg=0.0000, Con=0.0000
2025-09-14 09:24:47,825 - INFO - Batch 410/2278: Loss=1.2002, Cls=0.0120, Reg=0.0000, Con=3.9608
2025-09-14 09:24:48,750 - INFO - Batch 420/2278: Loss=0.0235, Cls=0.0235, Reg=0.0000, Con=0.0000
2025-09-14 09:24:49,652 - INFO - Batch 430/2278: Loss=0.2942, Cls=0.2942, Reg=0.0000, Con=0.0000
2025-09-14 09:24:50,548 - INFO - Batch 440/2278: Loss=1.3676, Cls=0.1794, Reg=0.0000, Con=3.9608
2025-09-14 09:24:51,460 - INFO - Batch 450/2278: Loss=4.1785, Cls=2.9903, Reg=0.0000, Con=3.9607
2025-09-14 09:24:52,389 - INFO - Batch 460/2278: Loss=0.0035, Cls=0.0035, Reg=0.0000, Con=0.0000
2025-09-14 09:24:53,322 - INFO - Batch 470/2278: Loss=1.7509, Cls=0.5626, Reg=0.0000, Con=3.9608
2025-09-14 09:24:54,245 - INFO - Batch 480/2278: Loss=0.0000, Cls=0.0000, Reg=0.0000, Con=0.0000
2025-09-14 09:24:55,155 - INFO - Batch 490/2278: Loss=1.2185, Cls=0.0302, Reg=0.0000, Con=3.9610
2025-09-14 09:24:56,092 - INFO - Batch 500/2278: Loss=1.2074, Cls=0.0192, Reg=0.0000, Con=3.9607
2025-09-14 09:24:57,008 - INFO - Batch 510/2278: Loss=1.1882, Cls=0.0000, Reg=0.0000, Con=3.9607
2025-09-14 09:24:57,919 - INFO - Batch 520/2278: Loss=3.2976, Cls=2.1094, Reg=0.0000, Con=3.9607
2025-09-14 09:24:58,810 - INFO - Batch 530/2278: Loss=1.2744, Cls=0.0862, Reg=0.0000, Con=3.9608
2025-09-14 09:24:59,696 - INFO - Batch 540/2278: Loss=1.1891, Cls=0.0008, Reg=0.0000, Con=3.9610
2025-09-14 09:25:00,612 - INFO - Batch 550/2278: Loss=1.3217, Cls=0.1335, Reg=0.0000, Con=3.9607
2025-09-14 09:25:01,567 - INFO - Batch 560/2278: Loss=0.9681, Cls=0.9681, Reg=0.0000, Con=0.0000
2025-09-14 09:25:02,464 - INFO - Batch 570/2278: Loss=1.1882, Cls=0.0000, Reg=0.0000, Con=3.9608
2025-09-14 09:25:03,357 - INFO - Batch 580/2278: Loss=0.0762, Cls=0.0762, Reg=0.0000, Con=0.0000
2025-09-14 09:25:04,257 - INFO - Batch 590/2278: Loss=1.1882, Cls=0.0000, Reg=0.0000, Con=3.9608
2025-09-14 09:25:05,168 - INFO - Batch 600/2278: Loss=0.0000, Cls=0.0000, Reg=0.0000, Con=0.0000
2025-09-14 09:25:06,081 - INFO - Batch 610/2278: Loss=1.2196, Cls=0.0314, Reg=0.0000, Con=3.9608
2025-09-14 09:25:06,989 - INFO - Batch 620/2278: Loss=1.1882, Cls=0.0000, Reg=0.0000, Con=3.9608
2025-09-14 09:25:07,936 - INFO - Batch 630/2278: Loss=0.0258, Cls=0.0258, Reg=0.0000, Con=0.0000
2025-09-14 09:25:08,935 - INFO - Batch 640/2278: Loss=0.0098, Cls=0.0098, Reg=0.0000, Con=0.0000
2025-09-14 09:25:09,841 - INFO - Batch 650/2278: Loss=0.0000, Cls=0.0000, Reg=0.0000, Con=0.0000
2025-09-14 09:25:10,781 - INFO - Batch 660/2278: Loss=1.2090, Cls=0.0208, Reg=0.0000, Con=3.9607
2025-09-14 09:25:11,711 - INFO - Batch 670/2278: Loss=1.2024, Cls=0.0141, Reg=0.0000, Con=3.9609
2025-09-14 09:25:12,631 - INFO - Batch 680/2278: Loss=2.0373, Cls=0.8490, Reg=0.0000, Con=3.9608
2025-09-14 09:25:13,574 - INFO - Batch 690/2278: Loss=1.1885, Cls=0.0001, Reg=0.0000, Con=3.9613
2025-09-14 09:25:14,495 - INFO - Batch 700/2278: Loss=0.6273, Cls=0.6273, Reg=0.0000, Con=0.0000
2025-09-14 09:25:15,408 - INFO - Batch 710/2278: Loss=1.2257, Cls=0.0374, Reg=0.0000, Con=3.9610
2025-09-14 09:25:16,300 - INFO - Batch 720/2278: Loss=1.1883, Cls=0.0000, Reg=0.0000, Con=3.9609
2025-09-14 09:25:17,230 - INFO - Batch 730/2278: Loss=1.1992, Cls=0.0108, Reg=0.0000, Con=3.9612
2025-09-14 09:25:18,123 - INFO - Batch 740/2278: Loss=1.9739, Cls=0.7856, Reg=0.0000, Con=3.9610
2025-09-14 09:25:19,026 - INFO - Batch 750/2278: Loss=0.0092, Cls=0.0092, Reg=0.0000, Con=0.0000
2025-09-14 09:25:19,952 - INFO - Batch 760/2278: Loss=0.0589, Cls=0.0589, Reg=0.0000, Con=0.0000
2025-09-14 09:25:20,852 - INFO - Batch 770/2278: Loss=5.0489, Cls=3.8606, Reg=0.0000, Con=3.9608
2025-09-14 09:25:21,752 - INFO - Batch 780/2278: Loss=0.0050, Cls=0.0050, Reg=0.0000, Con=0.0000
2025-09-14 09:25:22,658 - INFO - Batch 790/2278: Loss=1.6804, Cls=0.4921, Reg=0.0000, Con=3.9609
2025-09-14 09:25:23,579 - INFO - Batch 800/2278: Loss=0.0003, Cls=0.0003, Reg=0.0000, Con=0.0000
2025-09-14 09:25:24,478 - INFO - Batch 810/2278: Loss=0.0000, Cls=0.0000, Reg=0.0000, Con=0.0000
2025-09-14 09:25:25,377 - INFO - Batch 820/2278: Loss=1.7154, Cls=0.5271, Reg=0.0000, Con=3.9608
2025-09-14 09:25:26,303 - INFO - Batch 830/2278: Loss=1.1939, Cls=0.0057, Reg=0.0000, Con=3.9607
2025-09-14 09:25:27,223 - INFO - Batch 840/2278: Loss=1.2129, Cls=0.0247, Reg=0.0000, Con=3.9608
2025-09-14 09:25:28,132 - INFO - Batch 850/2278: Loss=0.0047, Cls=0.0047, Reg=0.0000, Con=0.0000
2025-09-14 09:25:29,050 - INFO - Batch 860/2278: Loss=1.1962, Cls=0.0080, Reg=0.0000, Con=3.9608
2025-09-14 09:25:29,948 - INFO - Batch 870/2278: Loss=0.0149, Cls=0.0149, Reg=0.0000, Con=0.0000
2025-09-14 09:25:30,856 - INFO - Batch 880/2278: Loss=0.0033, Cls=0.0033, Reg=0.0000, Con=0.0000
2025-09-14 09:25:31,763 - INFO - Batch 890/2278: Loss=1.7549, Cls=0.5666, Reg=0.0000, Con=3.9609
2025-09-14 09:25:32,679 - INFO - Batch 900/2278: Loss=0.0499, Cls=0.0499, Reg=0.0000, Con=0.0000
2025-09-14 09:25:33,556 - INFO - Batch 910/2278: Loss=4.4702, Cls=4.4702, Reg=0.0000, Con=0.0000
2025-09-14 09:25:34,459 - INFO - Batch 920/2278: Loss=1.1893, Cls=0.0010, Reg=0.0000, Con=3.9611
2025-09-14 09:25:35,345 - INFO - Batch 930/2278: Loss=1.2013, Cls=0.0130, Reg=0.0000, Con=3.9609
2025-09-14 09:25:36,251 - INFO - Batch 940/2278: Loss=0.0071, Cls=0.0071, Reg=0.0000, Con=0.0000
2025-09-14 09:25:37,175 - INFO - Batch 950/2278: Loss=0.0639, Cls=0.0639, Reg=0.0000, Con=0.0000
2025-09-14 09:25:38,111 - INFO - Batch 960/2278: Loss=0.0000, Cls=0.0000, Reg=0.0000, Con=0.0000
2025-09-14 09:25:39,023 - INFO - Batch 970/2278: Loss=0.0466, Cls=0.0466, Reg=0.0000, Con=0.0000
2025-09-14 09:25:39,910 - INFO - Batch 980/2278: Loss=1.6565, Cls=0.4683, Reg=0.0000, Con=3.9609
2025-09-14 09:25:40,797 - INFO - Batch 990/2278: Loss=1.1882, Cls=0.0000, Reg=0.0000, Con=3.9606
2025-09-14 09:25:41,676 - INFO - Batch 1000/2278: Loss=1.2132, Cls=0.0249, Reg=0.0000, Con=3.9609
2025-09-14 09:25:42,554 - INFO - Batch 1010/2278: Loss=1.1883, Cls=0.0000, Reg=0.0000, Con=3.9609
2025-09-14 09:25:43,429 - INFO - Batch 1020/2278: Loss=3.2067, Cls=2.0182, Reg=0.0000, Con=3.9615
2025-09-14 09:25:44,334 - INFO - Batch 1030/2278: Loss=2.6102, Cls=1.4219, Reg=0.0000, Con=3.9608
2025-09-14 09:25:45,228 - INFO - Batch 1040/2278: Loss=1.1882, Cls=0.0000, Reg=0.0000, Con=3.9608
2025-09-14 09:25:46,119 - INFO - Batch 1050/2278: Loss=1.1950, Cls=0.0066, Reg=0.0000, Con=3.9611
2025-09-14 09:25:47,002 - INFO - Batch 1060/2278: Loss=1.2290, Cls=0.0406, Reg=0.0000, Con=3.9612
2025-09-14 09:25:47,938 - INFO - Batch 1070/2278: Loss=1.1895, Cls=0.0012, Reg=0.0000, Con=3.9609
2025-09-14 09:25:48,843 - INFO - Batch 1080/2278: Loss=1.2267, Cls=0.0385, Reg=0.0000, Con=3.9609
2025-09-14 09:25:49,801 - INFO - Batch 1090/2278: Loss=1.1993, Cls=0.0110, Reg=0.0000, Con=3.9608
2025-09-14 09:25:50,686 - INFO - Batch 1100/2278: Loss=1.1891, Cls=0.0009, Reg=0.0000, Con=3.9608
2025-09-14 09:25:51,568 - INFO - Batch 1110/2278: Loss=1.1884, Cls=0.0002, Reg=0.0000, Con=3.9608
2025-09-14 09:25:52,466 - INFO - Batch 1120/2278: Loss=1.2184, Cls=0.0302, Reg=0.0000, Con=3.9608
2025-09-14 09:25:53,381 - INFO - Batch 1130/2278: Loss=0.0002, Cls=0.0002, Reg=0.0000, Con=0.0000
2025-09-14 09:25:54,309 - INFO - Batch 1140/2278: Loss=0.0015, Cls=0.0015, Reg=0.0000, Con=0.0000
2025-09-14 09:25:55,220 - INFO - Batch 1150/2278: Loss=2.4296, Cls=1.2413, Reg=0.0000, Con=3.9609
2025-09-14 09:25:56,099 - INFO - Batch 1160/2278: Loss=1.1882, Cls=0.0000, Reg=0.0000, Con=3.9607
2025-09-14 09:25:57,028 - INFO - Batch 1170/2278: Loss=0.9165, Cls=0.9165, Reg=0.0000, Con=0.0000
2025-09-14 09:25:57,927 - INFO - Batch 1180/2278: Loss=1.1897, Cls=0.0014, Reg=0.0000, Con=3.9609
2025-09-14 09:25:58,830 - INFO - Batch 1190/2278: Loss=1.9243, Cls=0.7360, Reg=0.0000, Con=3.9610
2025-09-14 09:25:59,741 - INFO - Batch 1200/2278: Loss=1.1890, Cls=0.0007, Reg=0.0000, Con=3.9609
2025-09-14 09:26:00,652 - INFO - Batch 1210/2278: Loss=1.2013, Cls=0.0131, Reg=0.0000, Con=3.9608
2025-09-14 09:26:01,566 - INFO - Batch 1220/2278: Loss=2.5019, Cls=2.5019, Reg=0.0000, Con=0.0000
2025-09-14 09:26:02,476 - INFO - Batch 1230/2278: Loss=1.5378, Cls=0.3495, Reg=0.0000, Con=3.9609
2025-09-14 09:26:03,353 - INFO - Batch 1240/2278: Loss=1.2551, Cls=0.0668, Reg=0.0000, Con=3.9609
2025-09-14 09:26:04,238 - INFO - Batch 1250/2278: Loss=0.0004, Cls=0.0004, Reg=0.0000, Con=0.0000
2025-09-14 09:26:05,130 - INFO - Batch 1260/2278: Loss=1.1907, Cls=0.0025, Reg=0.0000, Con=3.9607
2025-09-14 09:26:06,021 - INFO - Batch 1270/2278: Loss=0.0027, Cls=0.0027, Reg=0.0000, Con=0.0000
2025-09-14 09:26:07,017 - INFO - Batch 1280/2278: Loss=1.2827, Cls=0.0945, Reg=0.0000, Con=3.9608
2025-09-14 09:26:07,966 - INFO - Batch 1290/2278: Loss=1.1975, Cls=0.0093, Reg=0.0000, Con=3.9610
2025-09-14 09:26:08,878 - INFO - Batch 1300/2278: Loss=2.3912, Cls=1.2029, Reg=0.0000, Con=3.9610
2025-09-14 09:26:09,785 - INFO - Batch 1310/2278: Loss=0.0000, Cls=0.0000, Reg=0.0000, Con=0.0000
2025-09-14 09:26:10,717 - INFO - Batch 1320/2278: Loss=1.3003, Cls=0.1121, Reg=0.0000, Con=3.9609
2025-09-14 09:26:11,622 - INFO - Batch 1330/2278: Loss=1.1919, Cls=0.0037, Reg=0.0000, Con=3.9609
2025-09-14 09:26:12,540 - INFO - Batch 1340/2278: Loss=0.0041, Cls=0.0041, Reg=0.0000, Con=0.0000
2025-09-14 09:26:13,435 - INFO - Batch 1350/2278: Loss=5.9992, Cls=5.9992, Reg=0.0000, Con=0.0000
2025-09-14 09:26:14,339 - INFO - Batch 1360/2278: Loss=1.2256, Cls=0.0374, Reg=0.0000, Con=3.9608
2025-09-14 09:26:15,233 - INFO - Batch 1370/2278: Loss=1.4785, Cls=0.2903, Reg=0.0000, Con=3.9608
2025-09-14 09:26:16,134 - INFO - Batch 1380/2278: Loss=1.1893, Cls=0.0010, Reg=0.0000, Con=3.9609
2025-09-14 09:26:17,065 - INFO - Batch 1390/2278: Loss=1.1926, Cls=0.0043, Reg=0.0000, Con=3.9608
2025-09-14 09:26:18,002 - INFO - Batch 1400/2278: Loss=0.0689, Cls=0.0689, Reg=0.0000, Con=0.0000
2025-09-14 09:26:18,906 - INFO - Batch 1410/2278: Loss=1.2559, Cls=0.0676, Reg=0.0000, Con=3.9608
2025-09-14 09:26:19,824 - INFO - Batch 1420/2278: Loss=3.3325, Cls=3.3325, Reg=0.0000, Con=0.0000
2025-09-14 09:26:20,743 - INFO - Batch 1430/2278: Loss=0.0037, Cls=0.0037, Reg=0.0000, Con=0.0000
2025-09-14 09:26:21,633 - INFO - Batch 1440/2278: Loss=1.1921, Cls=0.0037, Reg=0.0000, Con=3.9613
2025-09-14 09:26:22,537 - INFO - Batch 1450/2278: Loss=0.0000, Cls=0.0000, Reg=0.0000, Con=0.0000
2025-09-14 09:26:23,438 - INFO - Batch 1460/2278: Loss=1.1945, Cls=0.0062, Reg=0.0000, Con=3.9609
2025-09-14 09:26:24,378 - INFO - Batch 1470/2278: Loss=1.9610, Cls=0.7727, Reg=0.0000, Con=3.9608
2025-09-14 09:26:25,297 - INFO - Batch 1480/2278: Loss=0.0023, Cls=0.0023, Reg=0.0000, Con=0.0000
2025-09-14 09:26:26,354 - INFO - Batch 1490/2278: Loss=0.0311, Cls=0.0311, Reg=0.0000, Con=0.0000
2025-09-14 09:26:27,281 - INFO - Batch 1500/2278: Loss=0.0161, Cls=0.0161, Reg=0.0000, Con=0.0000
2025-09-14 09:26:28,166 - INFO - Batch 1510/2278: Loss=1.1883, Cls=0.0000, Reg=0.0000, Con=3.9608
2025-09-14 09:26:29,096 - INFO - Batch 1520/2278: Loss=1.1966, Cls=0.0084, Reg=0.0000, Con=3.9608
2025-09-14 09:26:30,053 - INFO - Batch 1530/2278: Loss=1.1932, Cls=0.0049, Reg=0.0000, Con=3.9609
2025-09-14 09:26:30,987 - INFO - Batch 1540/2278: Loss=0.0024, Cls=0.0024, Reg=0.0000, Con=0.0000
2025-09-14 09:26:31,884 - INFO - Batch 1550/2278: Loss=1.3651, Cls=0.1769, Reg=0.0000, Con=3.9609
2025-09-14 09:26:32,803 - INFO - Batch 1560/2278: Loss=2.2556, Cls=1.0674, Reg=0.0000, Con=3.9608
2025-09-14 09:26:33,705 - INFO - Batch 1570/2278: Loss=1.2029, Cls=0.0146, Reg=0.0000, Con=3.9609
2025-09-14 09:26:34,635 - INFO - Batch 1580/2278: Loss=0.0026, Cls=0.0026, Reg=0.0000, Con=0.0000
2025-09-14 09:26:35,571 - INFO - Batch 1590/2278: Loss=0.0044, Cls=0.0044, Reg=0.0000, Con=0.0000
2025-09-14 09:26:36,510 - INFO - Batch 1600/2278: Loss=1.2907, Cls=0.1025, Reg=0.0000, Con=3.9609
2025-09-14 09:26:37,423 - INFO - Batch 1610/2278: Loss=0.0008, Cls=0.0008, Reg=0.0000, Con=0.0000
2025-09-14 09:26:38,352 - INFO - Batch 1620/2278: Loss=1.1904, Cls=0.0022, Reg=0.0000, Con=3.9609
2025-09-14 09:26:39,248 - INFO - Batch 1630/2278: Loss=0.0004, Cls=0.0004, Reg=0.0000, Con=0.0000
2025-09-14 09:26:40,169 - INFO - Batch 1640/2278: Loss=1.1883, Cls=0.0000, Reg=0.0000, Con=3.9609
2025-09-14 09:26:41,071 - INFO - Batch 1650/2278: Loss=0.0006, Cls=0.0006, Reg=0.0000, Con=0.0000
2025-09-14 09:26:41,987 - INFO - Batch 1660/2278: Loss=1.1905, Cls=0.0023, Reg=0.0000, Con=3.9607
2025-09-14 09:26:42,904 - INFO - Batch 1670/2278: Loss=1.1888, Cls=0.0006, Reg=0.0000, Con=3.9608
2025-09-14 09:26:43,824 - INFO - Batch 1680/2278: Loss=1.2539, Cls=0.0654, Reg=0.0000, Con=3.9615
2025-09-14 09:26:44,763 - INFO - Batch 1690/2278: Loss=0.0039, Cls=0.0039, Reg=0.0000, Con=0.0000
2025-09-14 09:26:45,671 - INFO - Batch 1700/2278: Loss=1.1882, Cls=0.0000, Reg=0.0000, Con=3.9608
2025-09-14 09:26:46,573 - INFO - Batch 1710/2278: Loss=1.1883, Cls=0.0000, Reg=0.0000, Con=3.9612
2025-09-14 09:26:47,465 - INFO - Batch 1720/2278: Loss=2.1867, Cls=0.9984, Reg=0.0000, Con=3.9610
2025-09-14 09:26:48,393 - INFO - Batch 1730/2278: Loss=1.2026, Cls=0.0144, Reg=0.0000, Con=3.9609
2025-09-14 09:26:49,363 - INFO - Batch 1740/2278: Loss=1.4087, Cls=0.2204, Reg=0.0000, Con=3.9610
2025-09-14 09:26:50,331 - INFO - Batch 1750/2278: Loss=1.1921, Cls=0.0039, Reg=0.0000, Con=3.9609
2025-09-14 09:26:51,275 - INFO - Batch 1760/2278: Loss=1.1951, Cls=0.0069, Reg=0.0000, Con=3.9608
2025-09-14 09:26:52,190 - INFO - Batch 1770/2278: Loss=1.3386, Cls=0.1504, Reg=0.0000, Con=3.9610
2025-09-14 09:26:53,092 - INFO - Batch 1780/2278: Loss=1.3127, Cls=0.1245, Reg=0.0000, Con=3.9609
2025-09-14 09:26:53,981 - INFO - Batch 1790/2278: Loss=5.2487, Cls=4.0605, Reg=0.0000, Con=3.9608
2025-09-14 09:26:54,874 - INFO - Batch 1800/2278: Loss=1.5486, Cls=0.3604, Reg=0.0000, Con=3.9609
2025-09-14 09:26:55,772 - INFO - Batch 1810/2278: Loss=6.4395, Cls=5.2512, Reg=0.0000, Con=3.9610
2025-09-14 09:26:56,700 - INFO - Batch 1820/2278: Loss=1.2002, Cls=0.0120, Reg=0.0000, Con=3.9608
2025-09-14 09:26:57,619 - INFO - Batch 1830/2278: Loss=1.1885, Cls=0.0000, Reg=0.0000, Con=3.9615
2025-09-14 09:26:58,532 - INFO - Batch 1840/2278: Loss=1.2040, Cls=0.0158, Reg=0.0000, Con=3.9609
2025-09-14 09:26:59,450 - INFO - Batch 1850/2278: Loss=1.1972, Cls=0.0089, Reg=0.0000, Con=3.9608
2025-09-14 09:27:00,361 - INFO - Batch 1860/2278: Loss=1.0706, Cls=1.0706, Reg=0.0000, Con=0.0000
2025-09-14 09:27:01,266 - INFO - Batch 1870/2278: Loss=2.2839, Cls=1.0957, Reg=0.0000, Con=3.9608
2025-09-14 09:27:02,174 - INFO - Batch 1880/2278: Loss=1.6888, Cls=0.5005, Reg=0.0000, Con=3.9610
2025-09-14 09:27:03,099 - INFO - Batch 1890/2278: Loss=0.0596, Cls=0.0596, Reg=0.0000, Con=0.0000
2025-09-14 09:27:04,025 - INFO - Batch 1900/2278: Loss=1.1928, Cls=0.0046, Reg=0.0000, Con=3.9607
2025-09-14 09:27:04,953 - INFO - Batch 1910/2278: Loss=1.2067, Cls=0.0185, Reg=0.0000, Con=3.9607
2025-09-14 09:27:05,895 - INFO - Batch 1920/2278: Loss=1.3454, Cls=0.1571, Reg=0.0000, Con=3.9608
2025-09-14 09:27:06,807 - INFO - Batch 1930/2278: Loss=0.0004, Cls=0.0004, Reg=0.0000, Con=0.0000
2025-09-14 09:27:07,721 - INFO - Batch 1940/2278: Loss=1.2095, Cls=0.0213, Reg=0.0000, Con=3.9607
2025-09-14 09:27:08,655 - INFO - Batch 1950/2278: Loss=1.1888, Cls=0.0005, Reg=0.0000, Con=3.9609
2025-09-14 09:27:09,577 - INFO - Batch 1960/2278: Loss=1.1900, Cls=0.0018, Reg=0.0000, Con=3.9609
2025-09-14 09:27:10,497 - INFO - Batch 1970/2278: Loss=1.1920, Cls=0.0038, Reg=0.0000, Con=3.9606
2025-09-14 09:27:11,388 - INFO - Batch 1980/2278: Loss=2.0319, Cls=0.8436, Reg=0.0000, Con=3.9608
2025-09-14 09:27:12,295 - INFO - Batch 1990/2278: Loss=1.0595, Cls=1.0595, Reg=0.0000, Con=0.0000
2025-09-14 09:27:13,181 - INFO - Batch 2000/2278: Loss=1.5506, Cls=0.3624, Reg=0.0000, Con=3.9607
2025-09-14 09:27:14,077 - INFO - Batch 2010/2278: Loss=1.4385, Cls=0.2502, Reg=0.0000, Con=3.9608
2025-09-14 09:27:14,976 - INFO - Batch 2020/2278: Loss=0.0095, Cls=0.0095, Reg=0.0000, Con=0.0000
2025-09-14 09:27:15,900 - INFO - Batch 2030/2278: Loss=1.1907, Cls=0.0024, Reg=0.0000, Con=3.9610
2025-09-14 09:27:16,814 - INFO - Batch 2040/2278: Loss=1.1927, Cls=0.0044, Reg=0.0000, Con=3.9608
2025-09-14 09:27:17,700 - INFO - Batch 2050/2278: Loss=0.0042, Cls=0.0042, Reg=0.0000, Con=0.0000
2025-09-14 09:27:18,595 - INFO - Batch 2060/2278: Loss=1.1997, Cls=0.0113, Reg=0.0000, Con=3.9615
2025-09-14 09:27:19,499 - INFO - Batch 2070/2278: Loss=1.1906, Cls=0.0023, Reg=0.0000, Con=3.9608
2025-09-14 09:27:20,410 - INFO - Batch 2080/2278: Loss=1.5936, Cls=1.5936, Reg=0.0000, Con=0.0000
2025-09-14 09:27:21,318 - INFO - Batch 2090/2278: Loss=2.6979, Cls=1.5096, Reg=0.0000, Con=3.9608
2025-09-14 09:27:22,223 - INFO - Batch 2100/2278: Loss=0.0075, Cls=0.0075, Reg=0.0000, Con=0.0000
2025-09-14 09:27:23,134 - INFO - Batch 2110/2278: Loss=0.0066, Cls=0.0066, Reg=0.0000, Con=0.0000
2025-09-14 09:27:24,036 - INFO - Batch 2120/2278: Loss=1.2558, Cls=0.0675, Reg=0.0000, Con=3.9609
2025-09-14 09:27:24,931 - INFO - Batch 2130/2278: Loss=1.1896, Cls=0.0014, Reg=0.0000, Con=3.9608
2025-09-14 09:27:25,826 - INFO - Batch 2140/2278: Loss=0.0069, Cls=0.0069, Reg=0.0000, Con=0.0000
2025-09-14 09:27:26,699 - INFO - Batch 2150/2278: Loss=2.7886, Cls=1.6002, Reg=0.0000, Con=3.9610
2025-09-14 09:27:27,571 - INFO - Batch 2160/2278: Loss=1.3457, Cls=0.1575, Reg=0.0000, Con=3.9608
2025-09-14 09:27:28,468 - INFO - Batch 2170/2278: Loss=2.1731, Cls=0.9849, Reg=0.0000, Con=3.9608
2025-09-14 09:27:29,353 - INFO - Batch 2180/2278: Loss=1.1927, Cls=0.0044, Reg=0.0000, Con=3.9608
2025-09-14 09:27:30,240 - INFO - Batch 2190/2278: Loss=1.1883, Cls=0.0000, Reg=0.0000, Con=3.9610
2025-09-14 09:27:31,183 - INFO - Batch 2200/2278: Loss=1.1887, Cls=0.0005, Reg=0.0000, Con=3.9608
2025-09-14 09:27:32,094 - INFO - Batch 2210/2278: Loss=1.1928, Cls=0.0044, Reg=0.0000, Con=3.9613
2025-09-14 09:27:33,024 - INFO - Batch 2220/2278: Loss=0.0146, Cls=0.0146, Reg=0.0000, Con=0.0000
2025-09-14 09:27:33,938 - INFO - Batch 2230/2278: Loss=0.0232, Cls=0.0232, Reg=0.0000, Con=0.0000
2025-09-14 09:27:34,838 - INFO - Batch 2240/2278: Loss=1.1882, Cls=0.0000, Reg=0.0000, Con=3.9608
2025-09-14 09:27:35,790 - INFO - Batch 2250/2278: Loss=0.0025, Cls=0.0025, Reg=0.0000, Con=0.0000
2025-09-14 09:27:36,699 - INFO - Batch 2260/2278: Loss=2.2131, Cls=1.0248, Reg=0.0000, Con=3.9609
2025-09-14 09:27:37,622 - INFO - Batch 2270/2278: Loss=1.1898, Cls=0.0016, Reg=0.0000, Con=3.9606
2025-09-14 09:31:08,269 - INFO - === Epoch 2 Results ===
2025-09-14 09:31:08,270 - INFO - Training Loss: 1.1331 (Classification: 0.3397, Regression: 0.0000)
2025-09-14 09:31:08,270 - INFO - Validation Loss: 0.1196 (Classification: 0.1196, Regression: 0.0000)
2025-09-14 09:31:08,270 - INFO - Average Classification Accuracy: 0.8384 (on 1/26 tasks)
2025-09-14 09:31:08,270 - INFO - Average AUC: 0.8266
2025-09-14 09:31:08,270 - INFO - 
Epoch 3/3
2025-09-14 09:31:08,363 - INFO - Batch 0/2278: Loss=1.1928, Cls=0.0046, Reg=0.0000, Con=3.9608
2025-09-14 09:31:09,237 - INFO - Batch 10/2278: Loss=1.2038, Cls=0.0155, Reg=0.0000, Con=3.9611
2025-09-14 09:31:10,165 - INFO - Batch 20/2278: Loss=1.2388, Cls=0.0505, Reg=0.0000, Con=3.9608
2025-09-14 09:31:11,130 - INFO - Batch 30/2278: Loss=0.0000, Cls=0.0000, Reg=0.0000, Con=0.0000
2025-09-14 09:31:12,041 - INFO - Batch 40/2278: Loss=1.1882, Cls=0.0000, Reg=0.0000, Con=3.9608
2025-09-14 09:31:13,010 - INFO - Batch 50/2278: Loss=1.1883, Cls=0.0000, Reg=0.0000, Con=3.9609
2025-09-14 09:31:13,932 - INFO - Batch 60/2278: Loss=1.2002, Cls=0.0119, Reg=0.0000, Con=3.9607
2025-09-14 09:31:14,849 - INFO - Batch 70/2278: Loss=4.3455, Cls=3.1573, Reg=0.0000, Con=3.9608
2025-09-14 09:31:15,743 - INFO - Batch 80/2278: Loss=1.2198, Cls=1.2198, Reg=0.0000, Con=0.0000
2025-09-14 09:31:16,667 - INFO - Batch 90/2278: Loss=1.2075, Cls=0.0192, Reg=0.0000, Con=3.9609
2025-09-14 09:31:17,583 - INFO - Batch 100/2278: Loss=2.1923, Cls=1.0041, Reg=0.0000, Con=3.9607
2025-09-14 09:31:18,521 - INFO - Batch 110/2278: Loss=1.4562, Cls=0.2677, Reg=0.0000, Con=3.9618
2025-09-14 09:31:19,425 - INFO - Batch 120/2278: Loss=1.4513, Cls=0.2631, Reg=0.0000, Con=3.9609
2025-09-14 09:31:20,349 - INFO - Batch 130/2278: Loss=1.1893, Cls=0.0011, Reg=0.0000, Con=3.9607
2025-09-14 09:31:21,287 - INFO - Batch 140/2278: Loss=0.0000, Cls=0.0000, Reg=0.0000, Con=0.0000
2025-09-14 09:31:22,189 - INFO - Batch 150/2278: Loss=1.1970, Cls=0.0088, Reg=0.0000, Con=3.9608
2025-09-14 09:31:23,151 - INFO - Batch 160/2278: Loss=0.0054, Cls=0.0054, Reg=0.0000, Con=0.0000
2025-09-14 09:31:24,044 - INFO - Batch 170/2278: Loss=1.1912, Cls=0.0029, Reg=0.0000, Con=3.9609
2025-09-14 09:31:24,941 - INFO - Batch 180/2278: Loss=1.1883, Cls=0.0000, Reg=0.0000, Con=3.9611
2025-09-14 09:31:25,861 - INFO - Batch 190/2278: Loss=1.5239, Cls=0.3357, Reg=0.0000, Con=3.9607
2025-09-14 09:31:26,764 - INFO - Batch 200/2278: Loss=0.0441, Cls=0.0441, Reg=0.0000, Con=0.0000
2025-09-14 09:31:27,671 - INFO - Batch 210/2278: Loss=1.2141, Cls=0.0258, Reg=0.0000, Con=3.9612
2025-09-14 09:31:28,565 - INFO - Batch 220/2278: Loss=1.1892, Cls=0.0009, Reg=0.0000, Con=3.9608
2025-09-14 09:31:29,480 - INFO - Batch 230/2278: Loss=1.2068, Cls=0.0185, Reg=0.0000, Con=3.9611
2025-09-14 09:31:30,397 - INFO - Batch 240/2278: Loss=1.1948, Cls=0.0066, Reg=0.0000, Con=3.9607
2025-09-14 09:31:31,317 - INFO - Batch 250/2278: Loss=1.1885, Cls=0.0003, Reg=0.0000, Con=3.9609
2025-09-14 09:31:32,268 - INFO - Batch 260/2278: Loss=1.2019, Cls=0.0136, Reg=0.0000, Con=3.9608
2025-09-14 09:31:33,205 - INFO - Batch 270/2278: Loss=1.9750, Cls=0.7868, Reg=0.0000, Con=3.9607
2025-09-14 09:31:34,113 - INFO - Batch 280/2278: Loss=1.2096, Cls=0.0213, Reg=0.0000, Con=3.9608
2025-09-14 09:31:35,033 - INFO - Batch 290/2278: Loss=1.6383, Cls=0.4501, Reg=0.0000, Con=3.9608
2025-09-14 09:31:35,939 - INFO - Batch 300/2278: Loss=1.1885, Cls=0.0003, Reg=0.0000, Con=3.9607
2025-09-14 09:31:36,861 - INFO - Batch 310/2278: Loss=1.2072, Cls=0.0189, Reg=0.0000, Con=3.9610
2025-09-14 09:31:37,760 - INFO - Batch 320/2278: Loss=1.1896, Cls=0.0013, Reg=0.0000, Con=3.9612
2025-09-14 09:31:38,669 - INFO - Batch 330/2278: Loss=0.5032, Cls=0.5032, Reg=0.0000, Con=0.0000
2025-09-14 09:31:39,600 - INFO - Batch 340/2278: Loss=0.0040, Cls=0.0040, Reg=0.0000, Con=0.0000
2025-09-14 09:31:40,517 - INFO - Batch 350/2278: Loss=1.5857, Cls=0.3973, Reg=0.0000, Con=3.9612
2025-09-14 09:31:41,427 - INFO - Batch 360/2278: Loss=1.3068, Cls=0.1184, Reg=0.0000, Con=3.9611
2025-09-14 09:31:42,355 - INFO - Batch 370/2278: Loss=1.1909, Cls=0.0027, Reg=0.0000, Con=3.9608
2025-09-14 09:31:43,283 - INFO - Batch 380/2278: Loss=1.2128, Cls=0.0245, Reg=0.0000, Con=3.9608
2025-09-14 09:31:44,227 - INFO - Batch 390/2278: Loss=1.2375, Cls=0.0492, Reg=0.0000, Con=3.9609
2025-09-14 09:31:45,135 - INFO - Batch 400/2278: Loss=0.0045, Cls=0.0045, Reg=0.0000, Con=0.0000
2025-09-14 09:31:46,096 - INFO - Batch 410/2278: Loss=1.1925, Cls=0.0042, Reg=0.0000, Con=3.9609
2025-09-14 09:31:46,998 - INFO - Batch 420/2278: Loss=1.1883, Cls=0.0000, Reg=0.0000, Con=3.9609
2025-09-14 09:31:47,905 - INFO - Batch 430/2278: Loss=1.2076, Cls=0.0191, Reg=0.0000, Con=3.9614
2025-09-14 09:31:48,805 - INFO - Batch 440/2278: Loss=0.0000, Cls=0.0000, Reg=0.0000, Con=0.0000
2025-09-14 09:31:49,702 - INFO - Batch 450/2278: Loss=1.1966, Cls=0.0084, Reg=0.0000, Con=3.9608
2025-09-14 09:31:50,616 - INFO - Batch 460/2278: Loss=0.0432, Cls=0.0432, Reg=0.0000, Con=0.0000
2025-09-14 09:31:51,525 - INFO - Batch 470/2278: Loss=0.0026, Cls=0.0026, Reg=0.0000, Con=0.0000
2025-09-14 09:31:52,441 - INFO - Batch 480/2278: Loss=1.3255, Cls=0.1373, Reg=0.0000, Con=3.9609
2025-09-14 09:31:53,339 - INFO - Batch 490/2278: Loss=0.1232, Cls=0.1232, Reg=0.0000, Con=0.0000
2025-09-14 09:31:54,235 - INFO - Batch 500/2278: Loss=0.0041, Cls=0.0041, Reg=0.0000, Con=0.0000
2025-09-14 09:31:55,173 - INFO - Batch 510/2278: Loss=1.1900, Cls=0.0018, Reg=0.0000, Con=3.9608
2025-09-14 09:31:56,114 - INFO - Batch 520/2278: Loss=0.0000, Cls=0.0000, Reg=0.0000, Con=0.0000
2025-09-14 09:31:57,161 - INFO - Batch 530/2278: Loss=2.2687, Cls=1.0804, Reg=0.0000, Con=3.9608
2025-09-14 09:31:58,082 - INFO - Batch 540/2278: Loss=1.1933, Cls=0.0051, Reg=0.0000, Con=3.9609
2025-09-14 09:31:59,009 - INFO - Batch 550/2278: Loss=0.0013, Cls=0.0013, Reg=0.0000, Con=0.0000
2025-09-14 09:31:59,933 - INFO - Batch 560/2278: Loss=1.1932, Cls=0.0049, Reg=0.0000, Con=3.9609
2025-09-14 09:32:00,869 - INFO - Batch 570/2278: Loss=1.1883, Cls=0.0000, Reg=0.0000, Con=3.9608
2025-09-14 09:32:01,807 - INFO - Batch 580/2278: Loss=0.0096, Cls=0.0096, Reg=0.0000, Con=0.0000
2025-09-14 09:32:02,719 - INFO - Batch 590/2278: Loss=1.3404, Cls=0.1522, Reg=0.0000, Con=3.9608
2025-09-14 09:32:03,644 - INFO - Batch 600/2278: Loss=0.0072, Cls=0.0072, Reg=0.0000, Con=0.0000
2025-09-14 09:32:04,528 - INFO - Batch 610/2278: Loss=1.0152, Cls=1.0152, Reg=0.0000, Con=0.0000
2025-09-14 09:32:05,453 - INFO - Batch 620/2278: Loss=1.1882, Cls=0.0000, Reg=0.0000, Con=3.9608
2025-09-14 09:32:06,349 - INFO - Batch 630/2278: Loss=1.1913, Cls=0.0030, Reg=0.0000, Con=3.9611
2025-09-14 09:32:07,300 - INFO - Batch 640/2278: Loss=1.2078, Cls=0.0196, Reg=0.0000, Con=3.9607
2025-09-14 09:32:08,202 - INFO - Batch 650/2278: Loss=1.4781, Cls=0.2898, Reg=0.0000, Con=3.9608
2025-09-14 09:32:09,155 - INFO - Batch 660/2278: Loss=0.0321, Cls=0.0321, Reg=0.0000, Con=0.0000
2025-09-14 09:32:10,071 - INFO - Batch 670/2278: Loss=7.6842, Cls=6.4959, Reg=0.0000, Con=3.9609
2025-09-14 09:32:11,017 - INFO - Batch 680/2278: Loss=0.0023, Cls=0.0023, Reg=0.0000, Con=0.0000
2025-09-14 09:32:11,928 - INFO - Batch 690/2278: Loss=1.2087, Cls=0.0204, Reg=0.0000, Con=3.9609
2025-09-14 09:32:12,870 - INFO - Batch 700/2278: Loss=1.3059, Cls=0.1176, Reg=0.0000, Con=3.9610
2025-09-14 09:32:13,779 - INFO - Batch 710/2278: Loss=1.2007, Cls=0.0124, Reg=0.0000, Con=3.9610
2025-09-14 09:32:14,704 - INFO - Batch 720/2278: Loss=1.2228, Cls=0.0345, Reg=0.0000, Con=3.9610
2025-09-14 09:32:15,625 - INFO - Batch 730/2278: Loss=1.1890, Cls=0.0007, Reg=0.0000, Con=3.9609
2025-09-14 09:32:16,529 - INFO - Batch 740/2278: Loss=1.1894, Cls=0.0012, Reg=0.0000, Con=3.9606
2025-09-14 09:32:17,427 - INFO - Batch 750/2278: Loss=1.1986, Cls=0.0104, Reg=0.0000, Con=3.9606
2025-09-14 09:32:18,326 - INFO - Batch 760/2278: Loss=1.1920, Cls=0.0036, Reg=0.0000, Con=3.9611
2025-09-14 09:32:19,260 - INFO - Batch 770/2278: Loss=1.7086, Cls=0.5203, Reg=0.0000, Con=3.9611
2025-09-14 09:32:20,198 - INFO - Batch 780/2278: Loss=0.0194, Cls=0.0194, Reg=0.0000, Con=0.0000
2025-09-14 09:32:21,098 - INFO - Batch 790/2278: Loss=1.1906, Cls=0.0024, Reg=0.0000, Con=3.9609
2025-09-14 09:32:22,013 - INFO - Batch 800/2278: Loss=1.1884, Cls=0.0000, Reg=0.0000, Con=3.9612
2025-09-14 09:32:22,912 - INFO - Batch 810/2278: Loss=0.0187, Cls=0.0187, Reg=0.0000, Con=0.0000
2025-09-14 09:32:23,840 - INFO - Batch 820/2278: Loss=1.3098, Cls=0.1216, Reg=0.0000, Con=3.9608
2025-09-14 09:32:24,753 - INFO - Batch 830/2278: Loss=1.1894, Cls=0.0012, Reg=0.0000, Con=3.9609
2025-09-14 09:32:25,665 - INFO - Batch 840/2278: Loss=0.0040, Cls=0.0040, Reg=0.0000, Con=0.0000
2025-09-14 09:32:26,617 - INFO - Batch 850/2278: Loss=0.0687, Cls=0.0687, Reg=0.0000, Con=0.0000
2025-09-14 09:32:27,513 - INFO - Batch 860/2278: Loss=2.3936, Cls=1.2053, Reg=0.0000, Con=3.9611
2025-09-14 09:32:28,414 - INFO - Batch 870/2278: Loss=1.1883, Cls=0.0000, Reg=0.0000, Con=3.9609
2025-09-14 09:32:29,341 - INFO - Batch 880/2278: Loss=0.0059, Cls=0.0059, Reg=0.0000, Con=0.0000
2025-09-14 09:32:30,253 - INFO - Batch 890/2278: Loss=1.1906, Cls=0.0024, Reg=0.0000, Con=3.9609
2025-09-14 09:32:31,185 - INFO - Batch 900/2278: Loss=0.0000, Cls=0.0000, Reg=0.0000, Con=0.0000
2025-09-14 09:32:32,076 - INFO - Batch 910/2278: Loss=0.0025, Cls=0.0025, Reg=0.0000, Con=0.0000
2025-09-14 09:32:33,010 - INFO - Batch 920/2278: Loss=0.0083, Cls=0.0083, Reg=0.0000, Con=0.0000
2025-09-14 09:32:33,900 - INFO - Batch 930/2278: Loss=2.9741, Cls=2.9741, Reg=0.0000, Con=0.0000
2025-09-14 09:32:34,797 - INFO - Batch 940/2278: Loss=1.2298, Cls=0.0414, Reg=0.0000, Con=3.9613
2025-09-14 09:32:35,681 - INFO - Batch 950/2278: Loss=0.0221, Cls=0.0221, Reg=0.0000, Con=0.0000
2025-09-14 09:32:36,581 - INFO - Batch 960/2278: Loss=0.0102, Cls=0.0102, Reg=0.0000, Con=0.0000
2025-09-14 09:32:37,498 - INFO - Batch 970/2278: Loss=2.4532, Cls=1.2650, Reg=0.0000, Con=3.9608
2025-09-14 09:32:38,391 - INFO - Batch 980/2278: Loss=1.2496, Cls=0.0613, Reg=0.0000, Con=3.9609
2025-09-14 09:32:39,290 - INFO - Batch 990/2278: Loss=1.5120, Cls=0.3237, Reg=0.0000, Con=3.9609
2025-09-14 09:32:40,177 - INFO - Batch 1000/2278: Loss=1.1908, Cls=0.0025, Reg=0.0000, Con=3.9610
2025-09-14 09:32:41,108 - INFO - Batch 1010/2278: Loss=1.2382, Cls=0.0500, Reg=0.0000, Con=3.9608
2025-09-14 09:32:41,990 - INFO - Batch 1020/2278: Loss=1.2082, Cls=0.0199, Reg=0.0000, Con=3.9608
2025-09-14 09:32:42,880 - INFO - Batch 1030/2278: Loss=0.0105, Cls=0.0105, Reg=0.0000, Con=0.0000
2025-09-14 09:32:43,788 - INFO - Batch 1040/2278: Loss=1.1884, Cls=0.0000, Reg=0.0000, Con=3.9613
2025-09-14 09:32:44,713 - INFO - Batch 1050/2278: Loss=0.0037, Cls=0.0037, Reg=0.0000, Con=0.0000
2025-09-14 09:32:45,622 - INFO - Batch 1060/2278: Loss=1.2038, Cls=0.0155, Reg=0.0000, Con=3.9611
2025-09-14 09:32:46,556 - INFO - Batch 1070/2278: Loss=1.1960, Cls=0.0077, Reg=0.0000, Con=3.9609
2025-09-14 09:32:47,457 - INFO - Batch 1080/2278: Loss=0.0000, Cls=0.0000, Reg=0.0000, Con=0.0000
2025-09-14 09:32:48,374 - INFO - Batch 1090/2278: Loss=1.1888, Cls=0.0005, Reg=0.0000, Con=3.9611
2025-09-14 09:32:49,270 - INFO - Batch 1100/2278: Loss=1.1883, Cls=0.0000, Reg=0.0000, Con=3.9611
2025-09-14 09:32:50,167 - INFO - Batch 1110/2278: Loss=1.3472, Cls=1.3472, Reg=0.0000, Con=0.0000
2025-09-14 09:32:51,096 - INFO - Batch 1120/2278: Loss=0.0057, Cls=0.0057, Reg=0.0000, Con=0.0000
2025-09-14 09:32:52,004 - INFO - Batch 1130/2278: Loss=0.0000, Cls=0.0000, Reg=0.0000, Con=0.0000
2025-09-14 09:32:52,914 - INFO - Batch 1140/2278: Loss=2.1263, Cls=0.9380, Reg=0.0000, Con=3.9609
2025-09-14 09:32:53,803 - INFO - Batch 1150/2278: Loss=0.0000, Cls=0.0000, Reg=0.0000, Con=0.0000
2025-09-14 09:32:54,714 - INFO - Batch 1160/2278: Loss=0.0073, Cls=0.0073, Reg=0.0000, Con=0.0000
2025-09-14 09:32:55,601 - INFO - Batch 1170/2278: Loss=1.2513, Cls=0.0631, Reg=0.0000, Con=3.9608
2025-09-14 09:32:56,526 - INFO - Batch 1180/2278: Loss=1.1901, Cls=0.0017, Reg=0.0000, Con=3.9613
2025-09-14 09:32:57,442 - INFO - Batch 1190/2278: Loss=1.1883, Cls=0.0000, Reg=0.0000, Con=3.9609
2025-09-14 09:32:58,354 - INFO - Batch 1200/2278: Loss=1.1991, Cls=0.0108, Reg=0.0000, Con=3.9611
2025-09-14 09:32:59,264 - INFO - Batch 1210/2278: Loss=1.4216, Cls=0.2332, Reg=0.0000, Con=3.9611
2025-09-14 09:33:00,161 - INFO - Batch 1220/2278: Loss=1.1895, Cls=0.0012, Reg=0.0000, Con=3.9609
2025-09-14 09:33:01,074 - INFO - Batch 1230/2278: Loss=0.5314, Cls=0.5314, Reg=0.0000, Con=0.0000
2025-09-14 09:33:01,970 - INFO - Batch 1240/2278: Loss=1.6217, Cls=0.4334, Reg=0.0000, Con=3.9608
2025-09-14 09:33:02,889 - INFO - Batch 1250/2278: Loss=1.1885, Cls=0.0002, Reg=0.0000, Con=3.9609
2025-09-14 09:33:03,811 - INFO - Batch 1260/2278: Loss=2.5261, Cls=2.5261, Reg=0.0000, Con=0.0000
2025-09-14 09:33:04,811 - INFO - Batch 1270/2278: Loss=1.1893, Cls=0.0010, Reg=0.0000, Con=3.9610
2025-09-14 09:33:05,719 - INFO - Batch 1280/2278: Loss=1.3197, Cls=0.1315, Reg=0.0000, Con=3.9607
2025-09-14 09:33:06,684 - INFO - Batch 1290/2278: Loss=0.0000, Cls=0.0000, Reg=0.0000, Con=0.0000
2025-09-14 09:33:07,577 - INFO - Batch 1300/2278: Loss=0.0111, Cls=0.0111, Reg=0.0000, Con=0.0000
2025-09-14 09:33:08,577 - INFO - Batch 1310/2278: Loss=1.6271, Cls=0.4388, Reg=0.0000, Con=3.9608
2025-09-14 09:33:09,487 - INFO - Batch 1320/2278: Loss=1.1904, Cls=0.0021, Reg=0.0000, Con=3.9610
2025-09-14 09:33:10,387 - INFO - Batch 1330/2278: Loss=1.2061, Cls=0.0178, Reg=0.0000, Con=3.9610
2025-09-14 09:33:11,283 - INFO - Batch 1340/2278: Loss=1.1922, Cls=0.0039, Reg=0.0000, Con=3.9608
2025-09-14 09:33:12,208 - INFO - Batch 1350/2278: Loss=1.1889, Cls=0.0007, Reg=0.0000, Con=3.9608
2025-09-14 09:33:13,126 - INFO - Batch 1360/2278: Loss=1.4692, Cls=0.2809, Reg=0.0000, Con=3.9612
2025-09-14 09:33:14,022 - INFO - Batch 1370/2278: Loss=1.6861, Cls=0.4978, Reg=0.0000, Con=3.9610
2025-09-14 09:33:14,950 - INFO - Batch 1380/2278: Loss=4.4022, Cls=3.2139, Reg=0.0000, Con=3.9608
2025-09-14 09:33:15,869 - INFO - Batch 1390/2278: Loss=1.1883, Cls=0.0000, Reg=0.0000, Con=3.9610
2025-09-14 09:33:16,803 - INFO - Batch 1400/2278: Loss=1.1884, Cls=0.0000, Reg=0.0000, Con=3.9615
2025-09-14 09:33:17,708 - INFO - Batch 1410/2278: Loss=1.6789, Cls=0.4906, Reg=0.0000, Con=3.9608
2025-09-14 09:33:18,640 - INFO - Batch 1420/2278: Loss=1.1954, Cls=0.0071, Reg=0.0000, Con=3.9610
2025-09-14 09:33:19,548 - INFO - Batch 1430/2278: Loss=0.4972, Cls=0.4972, Reg=0.0000, Con=0.0000
2025-09-14 09:33:20,504 - INFO - Batch 1440/2278: Loss=1.1883, Cls=0.0001, Reg=0.0000, Con=3.9606
2025-09-14 09:33:21,451 - INFO - Batch 1450/2278: Loss=0.0000, Cls=0.0000, Reg=0.0000, Con=0.0000
2025-09-14 09:33:22,388 - INFO - Batch 1460/2278: Loss=0.0086, Cls=0.0086, Reg=0.0000, Con=0.0000
2025-09-14 09:33:23,326 - INFO - Batch 1470/2278: Loss=1.1891, Cls=0.0009, Reg=0.0000, Con=3.9607
2025-09-14 09:33:24,231 - INFO - Batch 1480/2278: Loss=1.2114, Cls=0.0232, Reg=0.0000, Con=3.9608
2025-09-14 09:33:25,146 - INFO - Batch 1490/2278: Loss=0.0000, Cls=0.0000, Reg=0.0000, Con=0.0000
2025-09-14 09:33:26,059 - INFO - Batch 1500/2278: Loss=1.2192, Cls=0.0309, Reg=0.0000, Con=3.9610
2025-09-14 09:33:27,003 - INFO - Batch 1510/2278: Loss=1.2101, Cls=0.0218, Reg=0.0000, Con=3.9609
2025-09-14 09:33:27,907 - INFO - Batch 1520/2278: Loss=0.3895, Cls=0.3895, Reg=0.0000, Con=0.0000
2025-09-14 09:33:28,815 - INFO - Batch 1530/2278: Loss=1.1882, Cls=0.0000, Reg=0.0000, Con=3.9608
2025-09-14 09:33:29,745 - INFO - Batch 1540/2278: Loss=1.4378, Cls=0.2495, Reg=0.0000, Con=3.9610
2025-09-14 09:33:30,655 - INFO - Batch 1550/2278: Loss=1.1969, Cls=0.0086, Reg=0.0000, Con=3.9611
2025-09-14 09:33:31,568 - INFO - Batch 1560/2278: Loss=1.1886, Cls=0.0004, Reg=0.0000, Con=3.9608
2025-09-14 09:33:32,465 - INFO - Batch 1570/2278: Loss=3.6208, Cls=3.6208, Reg=0.0000, Con=0.0000
2025-09-14 09:33:33,396 - INFO - Batch 1580/2278: Loss=1.1882, Cls=0.0000, Reg=0.0000, Con=3.9608
2025-09-14 09:33:34,331 - INFO - Batch 1590/2278: Loss=0.0000, Cls=0.0000, Reg=0.0000, Con=0.0000
2025-09-14 09:33:35,249 - INFO - Batch 1600/2278: Loss=2.2761, Cls=1.0878, Reg=0.0000, Con=3.9608
2025-09-14 09:33:36,138 - INFO - Batch 1610/2278: Loss=0.0000, Cls=0.0000, Reg=0.0000, Con=0.0000
2025-09-14 09:33:37,071 - INFO - Batch 1620/2278: Loss=1.7388, Cls=0.5505, Reg=0.0000, Con=3.9608
2025-09-14 09:33:37,970 - INFO - Batch 1630/2278: Loss=1.1947, Cls=0.0064, Reg=0.0000, Con=3.9610
2025-09-14 09:33:38,894 - INFO - Batch 1640/2278: Loss=0.0242, Cls=0.0242, Reg=0.0000, Con=0.0000
2025-09-14 09:33:39,818 - INFO - Batch 1650/2278: Loss=1.1883, Cls=0.0000, Reg=0.0000, Con=3.9609
2025-09-14 09:33:40,750 - INFO - Batch 1660/2278: Loss=1.1884, Cls=0.0000, Reg=0.0000, Con=3.9613
2025-09-14 09:33:41,648 - INFO - Batch 1670/2278: Loss=4.2980, Cls=3.1098, Reg=0.0000, Con=3.9609
2025-09-14 09:33:42,567 - INFO - Batch 1680/2278: Loss=1.1912, Cls=0.0030, Reg=0.0000, Con=3.9607
2025-09-14 09:33:43,438 - INFO - Batch 1690/2278: Loss=1.3053, Cls=0.1170, Reg=0.0000, Con=3.9610
2025-09-14 09:33:44,335 - INFO - Batch 1700/2278: Loss=3.0654, Cls=1.8771, Reg=0.0000, Con=3.9608
2025-09-14 09:33:45,238 - INFO - Batch 1710/2278: Loss=0.0024, Cls=0.0024, Reg=0.0000, Con=0.0000
2025-09-14 09:33:46,141 - INFO - Batch 1720/2278: Loss=0.0078, Cls=0.0078, Reg=0.0000, Con=0.0000
2025-09-14 09:33:47,033 - INFO - Batch 1730/2278: Loss=1.1882, Cls=0.0000, Reg=0.0000, Con=3.9608
2025-09-14 09:33:47,931 - INFO - Batch 1740/2278: Loss=1.4840, Cls=0.2958, Reg=0.0000, Con=3.9609
2025-09-14 09:33:48,823 - INFO - Batch 1750/2278: Loss=0.0112, Cls=0.0112, Reg=0.0000, Con=0.0000
2025-09-14 09:33:49,731 - INFO - Batch 1760/2278: Loss=1.1890, Cls=0.0006, Reg=0.0000, Con=3.9612
2025-09-14 09:33:50,659 - INFO - Batch 1770/2278: Loss=0.0203, Cls=0.0203, Reg=0.0000, Con=0.0000
2025-09-14 09:33:51,585 - INFO - Batch 1780/2278: Loss=0.0005, Cls=0.0005, Reg=0.0000, Con=0.0000
2025-09-14 09:33:52,489 - INFO - Batch 1790/2278: Loss=0.0843, Cls=0.0843, Reg=0.0000, Con=0.0000
2025-09-14 09:33:53,420 - INFO - Batch 1800/2278: Loss=3.9301, Cls=2.7419, Reg=0.0000, Con=3.9607
2025-09-14 09:33:54,304 - INFO - Batch 1810/2278: Loss=0.7388, Cls=0.7388, Reg=0.0000, Con=0.0000
2025-09-14 09:33:55,206 - INFO - Batch 1820/2278: Loss=0.3157, Cls=0.3157, Reg=0.0000, Con=0.0000
2025-09-14 09:33:56,101 - INFO - Batch 1830/2278: Loss=1.1948, Cls=0.0065, Reg=0.0000, Con=3.9608
2025-09-14 09:33:57,020 - INFO - Batch 1840/2278: Loss=0.1014, Cls=0.1014, Reg=0.0000, Con=0.0000
2025-09-14 09:33:57,943 - INFO - Batch 1850/2278: Loss=1.1904, Cls=0.0022, Reg=0.0000, Con=3.9609
2025-09-14 09:33:58,863 - INFO - Batch 1860/2278: Loss=1.1882, Cls=0.0000, Reg=0.0000, Con=3.9607
2025-09-14 09:33:59,823 - INFO - Batch 1870/2278: Loss=4.6880, Cls=3.4997, Reg=0.0000, Con=3.9609
2025-09-14 09:34:00,747 - INFO - Batch 1880/2278: Loss=2.7427, Cls=1.5545, Reg=0.0000, Con=3.9607
2025-09-14 09:34:01,683 - INFO - Batch 1890/2278: Loss=0.0000, Cls=0.0000, Reg=0.0000, Con=0.0000
2025-09-14 09:34:02,618 - INFO - Batch 1900/2278: Loss=0.0122, Cls=0.0122, Reg=0.0000, Con=0.0000
2025-09-14 09:34:03,504 - INFO - Batch 1910/2278: Loss=1.1901, Cls=0.0017, Reg=0.0000, Con=3.9610
2025-09-14 09:34:04,415 - INFO - Batch 1920/2278: Loss=0.0019, Cls=0.0019, Reg=0.0000, Con=0.0000
2025-09-14 09:34:05,336 - INFO - Batch 1930/2278: Loss=1.2506, Cls=0.0623, Reg=0.0000, Con=3.9611
2025-09-14 09:34:06,227 - INFO - Batch 1940/2278: Loss=1.1896, Cls=0.0014, Reg=0.0000, Con=3.9607
2025-09-14 09:34:07,114 - INFO - Batch 1950/2278: Loss=1.1887, Cls=0.0004, Reg=0.0000, Con=3.9609
2025-09-14 09:34:08,015 - INFO - Batch 1960/2278: Loss=1.1923, Cls=0.0041, Reg=0.0000, Con=3.9610
2025-09-14 09:34:08,912 - INFO - Batch 1970/2278: Loss=0.0015, Cls=0.0015, Reg=0.0000, Con=0.0000
2025-09-14 09:34:09,869 - INFO - Batch 1980/2278: Loss=1.2898, Cls=0.1015, Reg=0.0000, Con=3.9610
2025-09-14 09:34:10,764 - INFO - Batch 1990/2278: Loss=2.1392, Cls=0.9509, Reg=0.0000, Con=3.9608
2025-09-14 09:34:11,719 - INFO - Batch 2000/2278: Loss=1.2008, Cls=0.0125, Reg=0.0000, Con=3.9610
2025-09-14 09:34:12,653 - INFO - Batch 2010/2278: Loss=1.1882, Cls=0.0000, Reg=0.0000, Con=3.9608
2025-09-14 09:34:13,576 - INFO - Batch 2020/2278: Loss=1.2015, Cls=0.0133, Reg=0.0000, Con=3.9608
2025-09-14 09:34:14,498 - INFO - Batch 2030/2278: Loss=1.1907, Cls=0.0024, Reg=0.0000, Con=3.9608
2025-09-14 09:34:15,395 - INFO - Batch 2040/2278: Loss=1.1911, Cls=0.0028, Reg=0.0000, Con=3.9610
2025-09-14 09:34:16,330 - INFO - Batch 2050/2278: Loss=0.0008, Cls=0.0008, Reg=0.0000, Con=0.0000
2025-09-14 09:34:17,242 - INFO - Batch 2060/2278: Loss=1.2895, Cls=0.1012, Reg=0.0000, Con=3.9609
2025-09-14 09:34:18,173 - INFO - Batch 2070/2278: Loss=0.0038, Cls=0.0038, Reg=0.0000, Con=0.0000
2025-09-14 09:34:19,095 - INFO - Batch 2080/2278: Loss=1.1916, Cls=0.0032, Reg=0.0000, Con=3.9613
2025-09-14 09:34:19,998 - INFO - Batch 2090/2278: Loss=1.2003, Cls=0.0121, Reg=0.0000, Con=3.9607
2025-09-14 09:34:20,918 - INFO - Batch 2100/2278: Loss=1.2064, Cls=0.0178, Reg=0.0000, Con=3.9619
2025-09-14 09:34:21,824 - INFO - Batch 2110/2278: Loss=2.9218, Cls=1.7335, Reg=0.0000, Con=3.9609
2025-09-14 09:34:22,749 - INFO - Batch 2120/2278: Loss=3.4767, Cls=2.2884, Reg=0.0000, Con=3.9608
2025-09-14 09:34:23,662 - INFO - Batch 2130/2278: Loss=0.9549, Cls=0.9549, Reg=0.0000, Con=0.0000
2025-09-14 09:34:24,593 - INFO - Batch 2140/2278: Loss=0.0137, Cls=0.0137, Reg=0.0000, Con=0.0000
2025-09-14 09:34:25,489 - INFO - Batch 2150/2278: Loss=1.1894, Cls=0.0011, Reg=0.0000, Con=3.9608
2025-09-14 09:34:26,406 - INFO - Batch 2160/2278: Loss=3.6931, Cls=2.5048, Reg=0.0000, Con=3.9609
2025-09-14 09:34:27,296 - INFO - Batch 2170/2278: Loss=1.6399, Cls=0.4516, Reg=0.0000, Con=3.9608
2025-09-14 09:34:28,188 - INFO - Batch 2180/2278: Loss=0.0423, Cls=0.0423, Reg=0.0000, Con=0.0000
2025-09-14 09:34:29,075 - INFO - Batch 2190/2278: Loss=1.1899, Cls=0.0017, Reg=0.0000, Con=3.9609
2025-09-14 09:34:30,001 - INFO - Batch 2200/2278: Loss=1.3304, Cls=0.1422, Reg=0.0000, Con=3.9608
2025-09-14 09:34:30,892 - INFO - Batch 2210/2278: Loss=0.0084, Cls=0.0084, Reg=0.0000, Con=0.0000
2025-09-14 09:34:31,805 - INFO - Batch 2220/2278: Loss=0.0028, Cls=0.0028, Reg=0.0000, Con=0.0000
2025-09-14 09:34:32,709 - INFO - Batch 2230/2278: Loss=1.1883, Cls=0.0000, Reg=0.0000, Con=3.9609
2025-09-14 09:34:33,613 - INFO - Batch 2240/2278: Loss=5.7472, Cls=4.5587, Reg=0.0000, Con=3.9617
2025-09-14 09:34:34,516 - INFO - Batch 2250/2278: Loss=1.1904, Cls=0.0022, Reg=0.0000, Con=3.9608
2025-09-14 09:34:35,437 - INFO - Batch 2260/2278: Loss=0.1016, Cls=0.1016, Reg=0.0000, Con=0.0000
2025-09-14 09:34:36,341 - INFO - Batch 2270/2278: Loss=1.4504, Cls=1.4504, Reg=0.0000, Con=0.0000
2025-09-14 09:38:05,325 - INFO - === Epoch 3 Results ===
2025-09-14 09:38:05,326 - INFO - Training Loss: 1.1072 (Classification: 0.3268, Regression: 0.0000)
2025-09-14 09:38:05,326 - INFO - Validation Loss: 0.1171 (Classification: 0.1171, Regression: 0.0000)
2025-09-14 09:38:05,326 - INFO - Average Classification Accuracy: 0.8435 (on 1/26 tasks)
2025-09-14 09:38:05,326 - INFO - Average AUC: 0.8292
2025-09-14 09:38:05,326 - INFO - Training finished!
2025-09-14 09:38:05,326 - INFO - Performing final evaluation...
2025-09-14 09:38:05,531 - INFO - Loaded best model from: experiments/r1c3_headft_cls_21_seed_42_20250914_091714/checkpoints/r1c3_headft_cls_21_seed_42_best.pth
2025-09-14 09:41:33,819 - INFO - Final Validation Results:
2025-09-14 09:41:33,819 - INFO -   Total Loss: 0.1057
2025-09-14 09:41:33,819 - INFO -   Classification Loss: 0.1057
2025-09-14 09:41:33,819 - INFO -   Regression Loss: 0.0000
2025-09-14 09:41:33,819 - INFO -   Average Classification Accuracy: 0.8333
2025-09-14 09:41:33,819 - INFO -   Average AUC: 0.8280
2025-09-14 09:41:33,820 - INFO - Results saved to: experiments/r1c3_headft_cls_21_seed_42_20250914_091714/checkpoints/r1c3_headft_cls_21_seed_42_results.json
