2025-09-14 00:50:17,472 - INFO - 🔬 Starting experiment: r1c3_headft_cls_4_seed_42
2025-09-14 00:50:17,472 - INFO - 📁 Experiment directory: experiments/r1c3_headft_cls_4_seed_42_20250914_005017
2025-09-14 00:50:17,472 - INFO - 🎲 Random seed: 42
2025-09-14 00:50:17,472 - INFO - 🔒 Deterministic mode: True
2025-09-14 00:50:17,472 - INFO - Using device: cuda
2025-09-14 00:50:17,472 - INFO - Total GPU Memory: 25.16 GB
2025-09-14 00:50:17,487 - INFO - 🧪 Fusion: Using cross-attention dynamic fusion
2025-09-14 00:50:17,487 - INFO - 🧪 GNN Backbone: Using default GraphAttentionNetwork branch
2025-09-14 00:50:17,487 - INFO - 🎯 Task Mode: Single classification endpoint 4
2025-09-14 00:50:17,488 - INFO - Configuration saved to: experiments/r1c3_headft_cls_4_seed_42_20250914_005017/checkpoints/config.json
2025-09-14 00:50:17,488 - INFO - 🚀 Using preprocessed data from: /mnt/backup2/ai4s/backupunimolpy/responds-work/ToxD4C/data/data/processed
2025-09-14 00:50:17,488 - INFO - Loading LMDB dataset from: /mnt/backup2/ai4s/backupunimolpy/responds-work/ToxD4C/data/data/processed
2025-09-14 00:50:17,992 - INFO - Number of training batches: 2278
2025-09-14 00:50:17,992 - INFO - Number of validation batches: 2278
2025-09-14 00:50:17,992 - INFO - Number of test batches: 2278
2025-09-14 00:50:17,992 - INFO - Creating ToxD4C model...
2025-09-14 00:50:19,060 - INFO - Model created successfully. Total parameters: 100,932,036
2025-09-14 00:50:19,060 - INFO - Testing model forward pass...
2025-09-14 00:50:19,480 - INFO - Test output shapes:
2025-09-14 00:50:19,480 - INFO -   classification: torch.Size([16, 1])
2025-09-14 00:50:19,482 - INFO -   classification contains NaN: False
2025-09-14 00:50:19,483 - INFO -   classification contains Inf: False
2025-09-14 00:50:19,483 - INFO -   regression: torch.Size([16, 0])
2025-09-14 00:50:19,483 - INFO -   regression contains NaN: False
2025-09-14 00:50:19,483 - INFO -   regression contains Inf: False
2025-09-14 00:50:19,483 - INFO - Model forward pass test successful!
2025-09-14 00:50:20,141 - INFO - 🔁 Loaded checkpoint from: /mnt/backup2/ai4s/backupunimolpy/responds-work/ToxD4C/experiments/r1c3_multi_full_seed_42_20250913_152627/checkpoints/r1c3_multi_full_seed_42_best.pth
2025-09-14 00:50:20,142 - INFO - 🧩 Head-only fine-tuning: unfroze head for task 'Eye corrosion' and froze trunk.
2025-09-14 00:50:20,143 - INFO - Starting training...
2025-09-14 00:50:20,143 - INFO - 
Epoch 1/3
2025-09-14 00:50:20,297 - INFO - Batch 0/2278: Loss=0.0065, Cls=0.0065, Reg=0.0000, Con=0.0000
2025-09-14 00:50:21,172 - INFO - Batch 10/2278: Loss=0.0097, Cls=0.0097, Reg=0.0000, Con=0.0000
2025-09-14 00:50:22,009 - INFO - Batch 20/2278: Loss=1.1883, Cls=0.0000, Reg=0.0000, Con=3.9610
2025-09-14 00:50:22,846 - INFO - Batch 30/2278: Loss=0.0000, Cls=0.0000, Reg=0.0000, Con=0.0000
2025-09-14 00:50:23,691 - INFO - Batch 40/2278: Loss=0.0012, Cls=0.0012, Reg=0.0000, Con=0.0000
2025-09-14 00:50:24,547 - INFO - Batch 50/2278: Loss=1.1883, Cls=0.0000, Reg=0.0000, Con=3.9609
2025-09-14 00:50:25,411 - INFO - Batch 60/2278: Loss=1.1883, Cls=0.0000, Reg=0.0000, Con=3.9609
2025-09-14 00:50:26,278 - INFO - Batch 70/2278: Loss=1.1882, Cls=0.0000, Reg=0.0000, Con=3.9608
2025-09-14 00:50:27,124 - INFO - Batch 80/2278: Loss=0.0000, Cls=0.0000, Reg=0.0000, Con=0.0000
2025-09-14 00:50:28,002 - INFO - Batch 90/2278: Loss=0.0000, Cls=0.0000, Reg=0.0000, Con=0.0000
2025-09-14 00:50:28,847 - INFO - Batch 100/2278: Loss=0.0000, Cls=0.0000, Reg=0.0000, Con=0.0000
2025-09-14 00:50:29,726 - INFO - Batch 110/2278: Loss=0.0000, Cls=0.0000, Reg=0.0000, Con=0.0000
2025-09-14 00:50:30,597 - INFO - Batch 120/2278: Loss=1.1883, Cls=0.0000, Reg=0.0000, Con=3.9609
2025-09-14 00:50:31,468 - INFO - Batch 130/2278: Loss=1.1883, Cls=0.0000, Reg=0.0000, Con=3.9609
2025-09-14 00:50:32,320 - INFO - Batch 140/2278: Loss=1.1884, Cls=0.0000, Reg=0.0000, Con=3.9615
2025-09-14 00:50:33,200 - INFO - Batch 150/2278: Loss=1.1888, Cls=0.0004, Reg=0.0000, Con=3.9613
2025-09-14 00:50:34,172 - INFO - Batch 160/2278: Loss=1.1883, Cls=0.0000, Reg=0.0000, Con=3.9611
2025-09-14 00:50:35,081 - INFO - Batch 170/2278: Loss=1.1883, Cls=0.0000, Reg=0.0000, Con=3.9611
2025-09-14 00:50:36,146 - INFO - Batch 180/2278: Loss=1.1883, Cls=0.0000, Reg=0.0000, Con=3.9610
2025-09-14 00:50:37,018 - INFO - Batch 190/2278: Loss=1.1884, Cls=0.0001, Reg=0.0000, Con=3.9608
2025-09-14 00:50:37,876 - INFO - Batch 200/2278: Loss=0.0000, Cls=0.0000, Reg=0.0000, Con=0.0000
2025-09-14 00:50:38,864 - INFO - Batch 210/2278: Loss=0.0000, Cls=0.0000, Reg=0.0000, Con=0.0000
2025-09-14 00:50:39,756 - INFO - Batch 220/2278: Loss=0.0094, Cls=0.0094, Reg=0.0000, Con=0.0000
2025-09-14 00:50:40,640 - INFO - Batch 230/2278: Loss=1.1912, Cls=0.0029, Reg=0.0000, Con=3.9610
2025-09-14 00:50:41,496 - INFO - Batch 240/2278: Loss=1.1882, Cls=0.0000, Reg=0.0000, Con=3.9608
2025-09-14 00:50:42,366 - INFO - Batch 250/2278: Loss=0.6256, Cls=0.6256, Reg=0.0000, Con=0.0000
2025-09-14 00:50:43,247 - INFO - Batch 260/2278: Loss=2.9080, Cls=2.9080, Reg=0.0000, Con=0.0000
2025-09-14 00:50:44,191 - INFO - Batch 270/2278: Loss=0.0000, Cls=0.0000, Reg=0.0000, Con=0.0000
2025-09-14 00:50:45,227 - INFO - Batch 280/2278: Loss=1.2170, Cls=0.0287, Reg=0.0000, Con=3.9611
2025-09-14 00:50:46,243 - INFO - Batch 290/2278: Loss=0.0018, Cls=0.0018, Reg=0.0000, Con=0.0000
2025-09-14 00:50:47,194 - INFO - Batch 300/2278: Loss=1.1883, Cls=0.0000, Reg=0.0000, Con=3.9609
2025-09-14 00:50:48,096 - INFO - Batch 310/2278: Loss=1.9738, Cls=0.7855, Reg=0.0000, Con=3.9612
2025-09-14 00:50:48,952 - INFO - Batch 320/2278: Loss=0.0000, Cls=0.0000, Reg=0.0000, Con=0.0000
2025-09-14 00:50:49,842 - INFO - Batch 330/2278: Loss=1.3240, Cls=0.1357, Reg=0.0000, Con=3.9609
2025-09-14 00:50:50,716 - INFO - Batch 340/2278: Loss=1.1883, Cls=0.0000, Reg=0.0000, Con=3.9610
2025-09-14 00:50:51,645 - INFO - Batch 350/2278: Loss=5.6473, Cls=4.4590, Reg=0.0000, Con=3.9611
2025-09-14 00:50:52,664 - INFO - Batch 360/2278: Loss=1.1973, Cls=0.0091, Reg=0.0000, Con=3.9607
2025-09-14 00:50:53,698 - INFO - Batch 370/2278: Loss=1.1885, Cls=0.0002, Reg=0.0000, Con=3.9609
2025-09-14 00:50:54,571 - INFO - Batch 380/2278: Loss=1.1977, Cls=0.0093, Reg=0.0000, Con=3.9613
2025-09-14 00:50:55,561 - INFO - Batch 390/2278: Loss=1.1882, Cls=0.0000, Reg=0.0000, Con=3.9607
2025-09-14 00:50:56,582 - INFO - Batch 400/2278: Loss=0.0000, Cls=0.0000, Reg=0.0000, Con=0.0000
2025-09-14 00:50:57,487 - INFO - Batch 410/2278: Loss=0.0000, Cls=0.0000, Reg=0.0000, Con=0.0000
2025-09-14 00:50:58,360 - INFO - Batch 420/2278: Loss=0.0000, Cls=0.0000, Reg=0.0000, Con=0.0000
2025-09-14 00:50:59,249 - INFO - Batch 430/2278: Loss=1.1890, Cls=0.0008, Reg=0.0000, Con=3.9607
2025-09-14 00:51:00,125 - INFO - Batch 440/2278: Loss=1.1882, Cls=0.0000, Reg=0.0000, Con=3.9608
2025-09-14 00:51:00,979 - INFO - Batch 450/2278: Loss=1.1882, Cls=0.0000, Reg=0.0000, Con=3.9607
2025-09-14 00:51:01,861 - INFO - Batch 460/2278: Loss=1.1976, Cls=0.0094, Reg=0.0000, Con=3.9607
2025-09-14 00:51:02,765 - INFO - Batch 470/2278: Loss=1.1883, Cls=0.0000, Reg=0.0000, Con=3.9611
2025-09-14 00:51:03,657 - INFO - Batch 480/2278: Loss=1.1891, Cls=0.0009, Reg=0.0000, Con=3.9607
2025-09-14 00:51:04,580 - INFO - Batch 490/2278: Loss=0.0017, Cls=0.0017, Reg=0.0000, Con=0.0000
2025-09-14 00:51:05,449 - INFO - Batch 500/2278: Loss=0.0012, Cls=0.0012, Reg=0.0000, Con=0.0000
2025-09-14 00:51:06,310 - INFO - Batch 510/2278: Loss=1.1883, Cls=0.0000, Reg=0.0000, Con=3.9609
2025-09-14 00:51:07,169 - INFO - Batch 520/2278: Loss=1.1912, Cls=0.0030, Reg=0.0000, Con=3.9608
2025-09-14 00:51:08,027 - INFO - Batch 530/2278: Loss=1.1928, Cls=0.0046, Reg=0.0000, Con=3.9608
2025-09-14 00:51:08,928 - INFO - Batch 540/2278: Loss=1.1883, Cls=0.0000, Reg=0.0000, Con=3.9610
2025-09-14 00:51:09,792 - INFO - Batch 550/2278: Loss=1.1886, Cls=0.0004, Reg=0.0000, Con=3.9607
2025-09-14 00:51:10,687 - INFO - Batch 560/2278: Loss=1.1883, Cls=0.0000, Reg=0.0000, Con=3.9609
2025-09-14 00:51:11,598 - INFO - Batch 570/2278: Loss=2.6366, Cls=1.4484, Reg=0.0000, Con=3.9608
2025-09-14 00:51:12,473 - INFO - Batch 580/2278: Loss=0.0000, Cls=0.0000, Reg=0.0000, Con=0.0000
2025-09-14 00:51:13,327 - INFO - Batch 590/2278: Loss=0.0000, Cls=0.0000, Reg=0.0000, Con=0.0000
2025-09-14 00:51:14,225 - INFO - Batch 600/2278: Loss=1.1883, Cls=0.0000, Reg=0.0000, Con=3.9609
2025-09-14 00:51:15,090 - INFO - Batch 610/2278: Loss=1.1883, Cls=0.0000, Reg=0.0000, Con=3.9609
2025-09-14 00:51:15,968 - INFO - Batch 620/2278: Loss=1.1895, Cls=0.0013, Reg=0.0000, Con=3.9608
2025-09-14 00:51:16,927 - INFO - Batch 630/2278: Loss=0.0000, Cls=0.0000, Reg=0.0000, Con=0.0000
2025-09-14 00:51:17,949 - INFO - Batch 640/2278: Loss=1.1883, Cls=0.0001, Reg=0.0000, Con=3.9608
2025-09-14 00:51:18,910 - INFO - Batch 650/2278: Loss=1.1884, Cls=0.0000, Reg=0.0000, Con=3.9613
2025-09-14 00:51:19,830 - INFO - Batch 660/2278: Loss=1.1953, Cls=0.0071, Reg=0.0000, Con=3.9608
2025-09-14 00:51:20,784 - INFO - Batch 670/2278: Loss=1.1883, Cls=0.0000, Reg=0.0000, Con=3.9608
2025-09-14 00:51:21,766 - INFO - Batch 680/2278: Loss=1.1883, Cls=0.0000, Reg=0.0000, Con=3.9608
2025-09-14 00:51:22,796 - INFO - Batch 690/2278: Loss=0.0000, Cls=0.0000, Reg=0.0000, Con=0.0000
2025-09-14 00:51:23,754 - INFO - Batch 700/2278: Loss=0.0000, Cls=0.0000, Reg=0.0000, Con=0.0000
2025-09-14 00:51:24,647 - INFO - Batch 710/2278: Loss=1.1882, Cls=0.0000, Reg=0.0000, Con=3.9607
2025-09-14 00:51:25,504 - INFO - Batch 720/2278: Loss=1.1883, Cls=0.0000, Reg=0.0000, Con=3.9609
2025-09-14 00:51:26,392 - INFO - Batch 730/2278: Loss=1.1884, Cls=0.0000, Reg=0.0000, Con=3.9613
2025-09-14 00:51:27,271 - INFO - Batch 740/2278: Loss=1.1883, Cls=0.0000, Reg=0.0000, Con=3.9610
2025-09-14 00:51:28,200 - INFO - Batch 750/2278: Loss=1.1908, Cls=0.0025, Reg=0.0000, Con=3.9609
2025-09-14 00:51:29,240 - INFO - Batch 760/2278: Loss=1.1882, Cls=0.0000, Reg=0.0000, Con=3.9608
2025-09-14 00:51:30,189 - INFO - Batch 770/2278: Loss=1.1883, Cls=0.0000, Reg=0.0000, Con=3.9610
2025-09-14 00:51:31,086 - INFO - Batch 780/2278: Loss=1.5213, Cls=0.3331, Reg=0.0000, Con=3.9608
2025-09-14 00:51:32,022 - INFO - Batch 790/2278: Loss=0.0000, Cls=0.0000, Reg=0.0000, Con=0.0000
2025-09-14 00:51:32,886 - INFO - Batch 800/2278: Loss=1.2119, Cls=0.0235, Reg=0.0000, Con=3.9612
2025-09-14 00:51:33,748 - INFO - Batch 810/2278: Loss=1.1884, Cls=0.0000, Reg=0.0000, Con=3.9612
2025-09-14 00:51:34,642 - INFO - Batch 820/2278: Loss=1.1883, Cls=0.0000, Reg=0.0000, Con=3.9609
2025-09-14 00:51:35,535 - INFO - Batch 830/2278: Loss=1.1887, Cls=0.0004, Reg=0.0000, Con=3.9609
2025-09-14 00:51:36,407 - INFO - Batch 840/2278: Loss=1.1882, Cls=0.0000, Reg=0.0000, Con=3.9608
2025-09-14 00:51:37,283 - INFO - Batch 850/2278: Loss=2.7783, Cls=2.7783, Reg=0.0000, Con=0.0000
2025-09-14 00:51:38,118 - INFO - Batch 860/2278: Loss=1.1882, Cls=0.0000, Reg=0.0000, Con=3.9607
2025-09-14 00:51:38,981 - INFO - Batch 870/2278: Loss=0.0000, Cls=0.0000, Reg=0.0000, Con=0.0000
2025-09-14 00:51:39,854 - INFO - Batch 880/2278: Loss=0.0065, Cls=0.0065, Reg=0.0000, Con=0.0000
2025-09-14 00:51:40,712 - INFO - Batch 890/2278: Loss=0.0000, Cls=0.0000, Reg=0.0000, Con=0.0000
2025-09-14 00:51:41,610 - INFO - Batch 900/2278: Loss=1.1955, Cls=0.0072, Reg=0.0000, Con=3.9609
2025-09-14 00:51:42,478 - INFO - Batch 910/2278: Loss=1.1883, Cls=0.0000, Reg=0.0000, Con=3.9609
2025-09-14 00:51:43,334 - INFO - Batch 920/2278: Loss=1.1883, Cls=0.0000, Reg=0.0000, Con=3.9610
2025-09-14 00:51:44,219 - INFO - Batch 930/2278: Loss=1.1883, Cls=0.0000, Reg=0.0000, Con=3.9608
2025-09-14 00:51:45,103 - INFO - Batch 940/2278: Loss=1.1883, Cls=0.0000, Reg=0.0000, Con=3.9609
2025-09-14 00:51:45,974 - INFO - Batch 950/2278: Loss=1.2943, Cls=0.1060, Reg=0.0000, Con=3.9611
2025-09-14 00:51:46,854 - INFO - Batch 960/2278: Loss=1.1883, Cls=0.0000, Reg=0.0000, Con=3.9609
2025-09-14 00:51:47,720 - INFO - Batch 970/2278: Loss=1.1890, Cls=0.0007, Reg=0.0000, Con=3.9612
2025-09-14 00:51:48,576 - INFO - Batch 980/2278: Loss=0.0006, Cls=0.0006, Reg=0.0000, Con=0.0000
2025-09-14 00:51:49,441 - INFO - Batch 990/2278: Loss=0.0000, Cls=0.0000, Reg=0.0000, Con=0.0000
2025-09-14 00:51:50,302 - INFO - Batch 1000/2278: Loss=1.1883, Cls=0.0000, Reg=0.0000, Con=3.9609
2025-09-14 00:51:51,182 - INFO - Batch 1010/2278: Loss=1.1987, Cls=0.0104, Reg=0.0000, Con=3.9608
2025-09-14 00:51:52,044 - INFO - Batch 1020/2278: Loss=0.0001, Cls=0.0001, Reg=0.0000, Con=0.0000
2025-09-14 00:51:52,904 - INFO - Batch 1030/2278: Loss=1.1883, Cls=0.0000, Reg=0.0000, Con=3.9610
2025-09-14 00:51:53,759 - INFO - Batch 1040/2278: Loss=1.1882, Cls=0.0000, Reg=0.0000, Con=3.9607
2025-09-14 00:51:54,604 - INFO - Batch 1050/2278: Loss=1.1883, Cls=0.0000, Reg=0.0000, Con=3.9609
2025-09-14 00:51:55,455 - INFO - Batch 1060/2278: Loss=1.2222, Cls=0.0339, Reg=0.0000, Con=3.9608
2025-09-14 00:51:56,317 - INFO - Batch 1070/2278: Loss=1.1882, Cls=0.0000, Reg=0.0000, Con=3.9608
2025-09-14 00:51:57,161 - INFO - Batch 1080/2278: Loss=0.0017, Cls=0.0017, Reg=0.0000, Con=0.0000
2025-09-14 00:51:58,044 - INFO - Batch 1090/2278: Loss=1.1883, Cls=0.0000, Reg=0.0000, Con=3.9609
2025-09-14 00:51:58,922 - INFO - Batch 1100/2278: Loss=0.0000, Cls=0.0000, Reg=0.0000, Con=0.0000
2025-09-14 00:51:59,823 - INFO - Batch 1110/2278: Loss=1.1882, Cls=0.0000, Reg=0.0000, Con=3.9608
2025-09-14 00:52:00,866 - INFO - Batch 1120/2278: Loss=0.0000, Cls=0.0000, Reg=0.0000, Con=0.0000
2025-09-14 00:52:01,769 - INFO - Batch 1130/2278: Loss=1.9408, Cls=0.7526, Reg=0.0000, Con=3.9608
2025-09-14 00:52:02,646 - INFO - Batch 1140/2278: Loss=1.1882, Cls=0.0000, Reg=0.0000, Con=3.9608
2025-09-14 00:52:03,507 - INFO - Batch 1150/2278: Loss=2.6735, Cls=1.4851, Reg=0.0000, Con=3.9611
2025-09-14 00:52:04,393 - INFO - Batch 1160/2278: Loss=1.1883, Cls=0.0000, Reg=0.0000, Con=3.9609
2025-09-14 00:52:05,267 - INFO - Batch 1170/2278: Loss=0.0000, Cls=0.0000, Reg=0.0000, Con=0.0000
2025-09-14 00:52:06,126 - INFO - Batch 1180/2278: Loss=1.1883, Cls=0.0000, Reg=0.0000, Con=3.9609
2025-09-14 00:52:07,035 - INFO - Batch 1190/2278: Loss=1.1883, Cls=0.0000, Reg=0.0000, Con=3.9609
2025-09-14 00:52:07,924 - INFO - Batch 1200/2278: Loss=0.0000, Cls=0.0000, Reg=0.0000, Con=0.0000
2025-09-14 00:52:08,813 - INFO - Batch 1210/2278: Loss=1.1883, Cls=0.0000, Reg=0.0000, Con=3.9610
2025-09-14 00:52:09,709 - INFO - Batch 1220/2278: Loss=0.0000, Cls=0.0000, Reg=0.0000, Con=0.0000
2025-09-14 00:52:10,583 - INFO - Batch 1230/2278: Loss=1.1908, Cls=0.0026, Reg=0.0000, Con=3.9609
2025-09-14 00:52:11,489 - INFO - Batch 1240/2278: Loss=1.1883, Cls=0.0000, Reg=0.0000, Con=3.9609
2025-09-14 00:52:12,463 - INFO - Batch 1250/2278: Loss=0.0000, Cls=0.0000, Reg=0.0000, Con=0.0000
2025-09-14 00:52:13,358 - INFO - Batch 1260/2278: Loss=1.1882, Cls=0.0000, Reg=0.0000, Con=3.9608
2025-09-14 00:52:14,254 - INFO - Batch 1270/2278: Loss=1.1883, Cls=0.0000, Reg=0.0000, Con=3.9609
2025-09-14 00:52:15,109 - INFO - Batch 1280/2278: Loss=0.0000, Cls=0.0000, Reg=0.0000, Con=0.0000
2025-09-14 00:52:15,983 - INFO - Batch 1290/2278: Loss=0.0000, Cls=0.0000, Reg=0.0000, Con=0.0000
2025-09-14 00:52:16,863 - INFO - Batch 1300/2278: Loss=1.3600, Cls=0.1717, Reg=0.0000, Con=3.9610
2025-09-14 00:52:17,752 - INFO - Batch 1310/2278: Loss=1.1883, Cls=0.0000, Reg=0.0000, Con=3.9611
2025-09-14 00:52:18,627 - INFO - Batch 1320/2278: Loss=0.0036, Cls=0.0036, Reg=0.0000, Con=0.0000
2025-09-14 00:52:19,485 - INFO - Batch 1330/2278: Loss=2.9928, Cls=1.8044, Reg=0.0000, Con=3.9613
2025-09-14 00:52:20,352 - INFO - Batch 1340/2278: Loss=1.1882, Cls=0.0000, Reg=0.0000, Con=3.9608
2025-09-14 00:52:21,254 - INFO - Batch 1350/2278: Loss=0.0000, Cls=0.0000, Reg=0.0000, Con=0.0000
2025-09-14 00:52:22,209 - INFO - Batch 1360/2278: Loss=1.1883, Cls=0.0000, Reg=0.0000, Con=3.9610
2025-09-14 00:52:23,098 - INFO - Batch 1370/2278: Loss=1.1882, Cls=0.0000, Reg=0.0000, Con=3.9608
2025-09-14 00:52:24,143 - INFO - Batch 1380/2278: Loss=1.1882, Cls=0.0000, Reg=0.0000, Con=3.9608
2025-09-14 00:52:25,194 - INFO - Batch 1390/2278: Loss=1.1883, Cls=0.0000, Reg=0.0000, Con=3.9608
2025-09-14 00:52:26,100 - INFO - Batch 1400/2278: Loss=1.2438, Cls=0.0556, Reg=0.0000, Con=3.9609
2025-09-14 00:52:27,063 - INFO - Batch 1410/2278: Loss=1.1883, Cls=0.0000, Reg=0.0000, Con=3.9612
2025-09-14 00:52:27,933 - INFO - Batch 1420/2278: Loss=0.0000, Cls=0.0000, Reg=0.0000, Con=0.0000
2025-09-14 00:52:28,792 - INFO - Batch 1430/2278: Loss=1.1883, Cls=0.0000, Reg=0.0000, Con=3.9609
2025-09-14 00:52:29,711 - INFO - Batch 1440/2278: Loss=1.1883, Cls=0.0000, Reg=0.0000, Con=3.9609
2025-09-14 00:52:30,687 - INFO - Batch 1450/2278: Loss=1.1882, Cls=0.0000, Reg=0.0000, Con=3.9608
2025-09-14 00:52:31,609 - INFO - Batch 1460/2278: Loss=0.0000, Cls=0.0000, Reg=0.0000, Con=0.0000
2025-09-14 00:52:32,490 - INFO - Batch 1470/2278: Loss=1.1883, Cls=0.0000, Reg=0.0000, Con=3.9609
2025-09-14 00:52:33,371 - INFO - Batch 1480/2278: Loss=1.1921, Cls=0.0039, Reg=0.0000, Con=3.9607
2025-09-14 00:52:34,267 - INFO - Batch 1490/2278: Loss=1.1883, Cls=0.0000, Reg=0.0000, Con=3.9609
2025-09-14 00:52:35,131 - INFO - Batch 1500/2278: Loss=1.1883, Cls=0.0000, Reg=0.0000, Con=3.9609
2025-09-14 00:52:36,027 - INFO - Batch 1510/2278: Loss=0.0000, Cls=0.0000, Reg=0.0000, Con=0.0000
2025-09-14 00:52:37,009 - INFO - Batch 1520/2278: Loss=1.1882, Cls=0.0000, Reg=0.0000, Con=3.9608
2025-09-14 00:52:37,996 - INFO - Batch 1530/2278: Loss=1.1882, Cls=0.0000, Reg=0.0000, Con=3.9608
2025-09-14 00:52:38,881 - INFO - Batch 1540/2278: Loss=1.1883, Cls=0.0000, Reg=0.0000, Con=3.9609
2025-09-14 00:52:39,767 - INFO - Batch 1550/2278: Loss=1.1883, Cls=0.0000, Reg=0.0000, Con=3.9610
2025-09-14 00:52:40,650 - INFO - Batch 1560/2278: Loss=2.9870, Cls=1.7988, Reg=0.0000, Con=3.9609
2025-09-14 00:52:41,586 - INFO - Batch 1570/2278: Loss=1.1882, Cls=0.0000, Reg=0.0000, Con=3.9608
2025-09-14 00:52:42,557 - INFO - Batch 1580/2278: Loss=6.1365, Cls=4.9483, Reg=0.0000, Con=3.9608
2025-09-14 00:52:43,443 - INFO - Batch 1590/2278: Loss=1.1883, Cls=0.0000, Reg=0.0000, Con=3.9609
2025-09-14 00:52:44,295 - INFO - Batch 1600/2278: Loss=1.1883, Cls=0.0000, Reg=0.0000, Con=3.9608
2025-09-14 00:52:45,166 - INFO - Batch 1610/2278: Loss=0.0041, Cls=0.0041, Reg=0.0000, Con=0.0000
2025-09-14 00:52:46,031 - INFO - Batch 1620/2278: Loss=0.0000, Cls=0.0000, Reg=0.0000, Con=0.0000
2025-09-14 00:52:46,918 - INFO - Batch 1630/2278: Loss=1.1882, Cls=0.0000, Reg=0.0000, Con=3.9608
2025-09-14 00:52:47,794 - INFO - Batch 1640/2278: Loss=0.0000, Cls=0.0000, Reg=0.0000, Con=0.0000
2025-09-14 00:52:48,658 - INFO - Batch 1650/2278: Loss=0.0000, Cls=0.0000, Reg=0.0000, Con=0.0000
2025-09-14 00:52:49,589 - INFO - Batch 1660/2278: Loss=0.0016, Cls=0.0016, Reg=0.0000, Con=0.0000
2025-09-14 00:52:50,469 - INFO - Batch 1670/2278: Loss=1.1884, Cls=0.0000, Reg=0.0000, Con=3.9612
2025-09-14 00:52:51,336 - INFO - Batch 1680/2278: Loss=0.0000, Cls=0.0000, Reg=0.0000, Con=0.0000
2025-09-14 00:52:52,201 - INFO - Batch 1690/2278: Loss=1.1884, Cls=0.0000, Reg=0.0000, Con=3.9612
2025-09-14 00:52:53,063 - INFO - Batch 1700/2278: Loss=2.5730, Cls=1.3846, Reg=0.0000, Con=3.9612
2025-09-14 00:52:53,931 - INFO - Batch 1710/2278: Loss=0.0000, Cls=0.0000, Reg=0.0000, Con=0.0000
2025-09-14 00:52:54,789 - INFO - Batch 1720/2278: Loss=1.2097, Cls=0.0215, Reg=0.0000, Con=3.9608
2025-09-14 00:52:55,665 - INFO - Batch 1730/2278: Loss=0.0043, Cls=0.0043, Reg=0.0000, Con=0.0000
2025-09-14 00:52:56,592 - INFO - Batch 1740/2278: Loss=0.0000, Cls=0.0000, Reg=0.0000, Con=0.0000
2025-09-14 00:52:57,574 - INFO - Batch 1750/2278: Loss=1.1883, Cls=0.0000, Reg=0.0000, Con=3.9609
2025-09-14 00:52:58,466 - INFO - Batch 1760/2278: Loss=1.1883, Cls=0.0000, Reg=0.0000, Con=3.9609
2025-09-14 00:52:59,391 - INFO - Batch 1770/2278: Loss=1.1882, Cls=0.0000, Reg=0.0000, Con=3.9608
2025-09-14 00:53:00,282 - INFO - Batch 1780/2278: Loss=1.1883, Cls=0.0000, Reg=0.0000, Con=3.9608
2025-09-14 00:53:01,136 - INFO - Batch 1790/2278: Loss=0.0000, Cls=0.0000, Reg=0.0000, Con=0.0000
2025-09-14 00:53:02,028 - INFO - Batch 1800/2278: Loss=0.0008, Cls=0.0008, Reg=0.0000, Con=0.0000
2025-09-14 00:53:02,910 - INFO - Batch 1810/2278: Loss=0.0000, Cls=0.0000, Reg=0.0000, Con=0.0000
2025-09-14 00:53:03,783 - INFO - Batch 1820/2278: Loss=1.1883, Cls=0.0000, Reg=0.0000, Con=3.9611
2025-09-14 00:53:04,652 - INFO - Batch 1830/2278: Loss=0.0000, Cls=0.0000, Reg=0.0000, Con=0.0000
2025-09-14 00:53:05,524 - INFO - Batch 1840/2278: Loss=0.0000, Cls=0.0000, Reg=0.0000, Con=0.0000
2025-09-14 00:53:06,446 - INFO - Batch 1850/2278: Loss=1.1882, Cls=0.0000, Reg=0.0000, Con=3.9608
2025-09-14 00:53:07,424 - INFO - Batch 1860/2278: Loss=0.0026, Cls=0.0026, Reg=0.0000, Con=0.0000
2025-09-14 00:53:08,444 - INFO - Batch 1870/2278: Loss=1.1902, Cls=0.0020, Reg=0.0000, Con=3.9608
2025-09-14 00:53:09,327 - INFO - Batch 1880/2278: Loss=0.0000, Cls=0.0000, Reg=0.0000, Con=0.0000
2025-09-14 00:53:10,207 - INFO - Batch 1890/2278: Loss=1.1883, Cls=0.0000, Reg=0.0000, Con=3.9609
2025-09-14 00:53:11,071 - INFO - Batch 1900/2278: Loss=0.0000, Cls=0.0000, Reg=0.0000, Con=0.0000
2025-09-14 00:53:11,938 - INFO - Batch 1910/2278: Loss=0.0001, Cls=0.0001, Reg=0.0000, Con=0.0000
2025-09-14 00:53:12,858 - INFO - Batch 1920/2278: Loss=1.1883, Cls=0.0000, Reg=0.0000, Con=3.9607
2025-09-14 00:53:13,724 - INFO - Batch 1930/2278: Loss=1.2051, Cls=0.0169, Reg=0.0000, Con=3.9607
2025-09-14 00:53:14,629 - INFO - Batch 1940/2278: Loss=1.1882, Cls=0.0000, Reg=0.0000, Con=3.9608
2025-09-14 00:53:15,489 - INFO - Batch 1950/2278: Loss=1.1887, Cls=0.0005, Reg=0.0000, Con=3.9608
2025-09-14 00:53:16,351 - INFO - Batch 1960/2278: Loss=1.1883, Cls=0.0000, Reg=0.0000, Con=3.9609
2025-09-14 00:53:17,210 - INFO - Batch 1970/2278: Loss=1.1883, Cls=0.0000, Reg=0.0000, Con=3.9611
2025-09-14 00:53:18,096 - INFO - Batch 1980/2278: Loss=1.1896, Cls=0.0013, Reg=0.0000, Con=3.9608
2025-09-14 00:53:18,983 - INFO - Batch 1990/2278: Loss=1.1895, Cls=0.0010, Reg=0.0000, Con=3.9615
2025-09-14 00:53:19,853 - INFO - Batch 2000/2278: Loss=0.0000, Cls=0.0000, Reg=0.0000, Con=0.0000
2025-09-14 00:53:20,743 - INFO - Batch 2010/2278: Loss=1.1952, Cls=0.0069, Reg=0.0000, Con=3.9608
2025-09-14 00:53:21,619 - INFO - Batch 2020/2278: Loss=1.1882, Cls=0.0000, Reg=0.0000, Con=3.9608
2025-09-14 00:53:22,501 - INFO - Batch 2030/2278: Loss=1.1882, Cls=0.0000, Reg=0.0000, Con=3.9607
2025-09-14 00:53:23,397 - INFO - Batch 2040/2278: Loss=1.1883, Cls=0.0000, Reg=0.0000, Con=3.9609
2025-09-14 00:53:24,290 - INFO - Batch 2050/2278: Loss=1.1883, Cls=0.0000, Reg=0.0000, Con=3.9608
2025-09-14 00:53:25,142 - INFO - Batch 2060/2278: Loss=0.0000, Cls=0.0000, Reg=0.0000, Con=0.0000
2025-09-14 00:53:25,997 - INFO - Batch 2070/2278: Loss=1.1883, Cls=0.0000, Reg=0.0000, Con=3.9611
2025-09-14 00:53:26,856 - INFO - Batch 2080/2278: Loss=1.1885, Cls=0.0002, Reg=0.0000, Con=3.9610
2025-09-14 00:53:27,731 - INFO - Batch 2090/2278: Loss=1.1884, Cls=0.0001, Reg=0.0000, Con=3.9612
2025-09-14 00:53:28,605 - INFO - Batch 2100/2278: Loss=1.1883, Cls=0.0000, Reg=0.0000, Con=3.9611
2025-09-14 00:53:29,480 - INFO - Batch 2110/2278: Loss=1.1883, Cls=0.0000, Reg=0.0000, Con=3.9609
2025-09-14 00:53:30,348 - INFO - Batch 2120/2278: Loss=0.0000, Cls=0.0000, Reg=0.0000, Con=0.0000
2025-09-14 00:53:31,311 - INFO - Batch 2130/2278: Loss=1.1882, Cls=0.0000, Reg=0.0000, Con=3.9606
2025-09-14 00:53:32,203 - INFO - Batch 2140/2278: Loss=1.1882, Cls=0.0000, Reg=0.0000, Con=3.9608
2025-09-14 00:53:33,075 - INFO - Batch 2150/2278: Loss=1.1882, Cls=0.0000, Reg=0.0000, Con=3.9607
2025-09-14 00:53:33,961 - INFO - Batch 2160/2278: Loss=1.1882, Cls=0.0000, Reg=0.0000, Con=3.9608
2025-09-14 00:53:34,834 - INFO - Batch 2170/2278: Loss=1.1883, Cls=0.0000, Reg=0.0000, Con=3.9609
2025-09-14 00:53:35,693 - INFO - Batch 2180/2278: Loss=0.0000, Cls=0.0000, Reg=0.0000, Con=0.0000
2025-09-14 00:53:36,582 - INFO - Batch 2190/2278: Loss=0.0000, Cls=0.0000, Reg=0.0000, Con=0.0000
2025-09-14 00:53:37,479 - INFO - Batch 2200/2278: Loss=1.3814, Cls=0.1932, Reg=0.0000, Con=3.9605
2025-09-14 00:53:38,366 - INFO - Batch 2210/2278: Loss=1.2631, Cls=0.0748, Reg=0.0000, Con=3.9609
2025-09-14 00:53:39,236 - INFO - Batch 2220/2278: Loss=1.1883, Cls=0.0000, Reg=0.0000, Con=3.9610
2025-09-14 00:53:40,108 - INFO - Batch 2230/2278: Loss=0.0000, Cls=0.0000, Reg=0.0000, Con=0.0000
2025-09-14 00:53:40,981 - INFO - Batch 2240/2278: Loss=0.0000, Cls=0.0000, Reg=0.0000, Con=0.0000
2025-09-14 00:53:41,835 - INFO - Batch 2250/2278: Loss=1.1883, Cls=0.0000, Reg=0.0000, Con=3.9609
2025-09-14 00:53:42,738 - INFO - Batch 2260/2278: Loss=1.1883, Cls=0.0000, Reg=0.0000, Con=3.9608
2025-09-14 00:53:43,620 - INFO - Batch 2270/2278: Loss=0.0000, Cls=0.0000, Reg=0.0000, Con=0.0000
2025-09-14 00:57:11,890 - INFO - === Epoch 1 Results ===
2025-09-14 00:57:11,890 - INFO - Training Loss: 0.8589 (Classification: 0.0853, Regression: 0.0000)
2025-09-14 00:57:11,890 - INFO - Validation Loss: 0.0266 (Classification: 0.0266, Regression: 0.0000)
2025-09-14 00:57:11,890 - INFO - Average Classification Accuracy: 0.9442 (on 1/26 tasks)
2025-09-14 00:57:11,891 - INFO - Average AUC: 0.9855
2025-09-14 00:57:12,414 - INFO - Best model saved to: experiments/r1c3_headft_cls_4_seed_42_20250914_005017/checkpoints/r1c3_headft_cls_4_seed_42_best.pth
2025-09-14 00:57:12,414 - INFO - 
Epoch 2/3
2025-09-14 00:57:12,511 - INFO - Batch 0/2278: Loss=0.0000, Cls=0.0000, Reg=0.0000, Con=0.0000
2025-09-14 00:57:13,499 - INFO - Batch 10/2278: Loss=1.1881, Cls=0.0000, Reg=0.0000, Con=3.9604
2025-09-14 00:57:14,484 - INFO - Batch 20/2278: Loss=1.1883, Cls=0.0000, Reg=0.0000, Con=3.9610
2025-09-14 00:57:15,476 - INFO - Batch 30/2278: Loss=1.1883, Cls=0.0000, Reg=0.0000, Con=3.9608
2025-09-14 00:57:16,420 - INFO - Batch 40/2278: Loss=1.1883, Cls=0.0000, Reg=0.0000, Con=3.9608
2025-09-14 00:57:17,356 - INFO - Batch 50/2278: Loss=0.0000, Cls=0.0000, Reg=0.0000, Con=0.0000
2025-09-14 00:57:18,210 - INFO - Batch 60/2278: Loss=0.0000, Cls=0.0000, Reg=0.0000, Con=0.0000
2025-09-14 00:57:19,084 - INFO - Batch 70/2278: Loss=1.1882, Cls=0.0000, Reg=0.0000, Con=3.9607
2025-09-14 00:57:19,967 - INFO - Batch 80/2278: Loss=1.1884, Cls=0.0001, Reg=0.0000, Con=3.9609
2025-09-14 00:57:20,872 - INFO - Batch 90/2278: Loss=0.0000, Cls=0.0000, Reg=0.0000, Con=0.0000
2025-09-14 00:57:21,910 - INFO - Batch 100/2278: Loss=1.1883, Cls=0.0000, Reg=0.0000, Con=3.9609
2025-09-14 00:57:22,856 - INFO - Batch 110/2278: Loss=1.1883, Cls=0.0000, Reg=0.0000, Con=3.9609
2025-09-14 00:57:23,773 - INFO - Batch 120/2278: Loss=0.0001, Cls=0.0001, Reg=0.0000, Con=0.0000
2025-09-14 00:57:24,692 - INFO - Batch 130/2278: Loss=1.1882, Cls=0.0000, Reg=0.0000, Con=3.9607
2025-09-14 00:57:25,591 - INFO - Batch 140/2278: Loss=1.1883, Cls=0.0000, Reg=0.0000, Con=3.9609
2025-09-14 00:57:26,487 - INFO - Batch 150/2278: Loss=1.1883, Cls=0.0000, Reg=0.0000, Con=3.9611
2025-09-14 00:57:27,394 - INFO - Batch 160/2278: Loss=1.1883, Cls=0.0000, Reg=0.0000, Con=3.9609
2025-09-14 00:57:28,279 - INFO - Batch 170/2278: Loss=0.0000, Cls=0.0000, Reg=0.0000, Con=0.0000
2025-09-14 00:57:29,173 - INFO - Batch 180/2278: Loss=1.1883, Cls=0.0000, Reg=0.0000, Con=3.9609
2025-09-14 00:57:30,060 - INFO - Batch 190/2278: Loss=0.0000, Cls=0.0000, Reg=0.0000, Con=0.0000
2025-09-14 00:57:30,950 - INFO - Batch 200/2278: Loss=1.1882, Cls=0.0000, Reg=0.0000, Con=3.9608
2025-09-14 00:57:31,834 - INFO - Batch 210/2278: Loss=1.1883, Cls=0.0000, Reg=0.0000, Con=3.9609
2025-09-14 00:57:32,711 - INFO - Batch 220/2278: Loss=0.0000, Cls=0.0000, Reg=0.0000, Con=0.0000
2025-09-14 00:57:33,615 - INFO - Batch 230/2278: Loss=0.0000, Cls=0.0000, Reg=0.0000, Con=0.0000
2025-09-14 00:57:34,574 - INFO - Batch 240/2278: Loss=0.0000, Cls=0.0000, Reg=0.0000, Con=0.0000
2025-09-14 00:57:35,526 - INFO - Batch 250/2278: Loss=0.0000, Cls=0.0000, Reg=0.0000, Con=0.0000
2025-09-14 00:57:36,422 - INFO - Batch 260/2278: Loss=0.0000, Cls=0.0000, Reg=0.0000, Con=0.0000
2025-09-14 00:57:37,381 - INFO - Batch 270/2278: Loss=1.1884, Cls=0.0001, Reg=0.0000, Con=3.9608
2025-09-14 00:57:38,401 - INFO - Batch 280/2278: Loss=1.1883, Cls=0.0000, Reg=0.0000, Con=3.9609
2025-09-14 00:57:39,307 - INFO - Batch 290/2278: Loss=1.1902, Cls=0.0019, Reg=0.0000, Con=3.9609
2025-09-14 00:57:40,202 - INFO - Batch 300/2278: Loss=1.1883, Cls=0.0000, Reg=0.0000, Con=3.9609
2025-09-14 00:57:41,173 - INFO - Batch 310/2278: Loss=1.1883, Cls=0.0000, Reg=0.0000, Con=3.9608
2025-09-14 00:57:42,106 - INFO - Batch 320/2278: Loss=0.0000, Cls=0.0000, Reg=0.0000, Con=0.0000
2025-09-14 00:57:42,988 - INFO - Batch 330/2278: Loss=1.1883, Cls=0.0000, Reg=0.0000, Con=3.9609
2025-09-14 00:57:43,865 - INFO - Batch 340/2278: Loss=1.1883, Cls=0.0000, Reg=0.0000, Con=3.9609
2025-09-14 00:57:44,739 - INFO - Batch 350/2278: Loss=1.1912, Cls=0.0030, Reg=0.0000, Con=3.9609
2025-09-14 00:57:45,628 - INFO - Batch 360/2278: Loss=1.1883, Cls=0.0000, Reg=0.0000, Con=3.9609
2025-09-14 00:57:46,558 - INFO - Batch 370/2278: Loss=1.1883, Cls=0.0000, Reg=0.0000, Con=3.9609
2025-09-14 00:57:47,446 - INFO - Batch 380/2278: Loss=1.1887, Cls=0.0004, Reg=0.0000, Con=3.9609
2025-09-14 00:57:48,341 - INFO - Batch 390/2278: Loss=1.1886, Cls=0.0004, Reg=0.0000, Con=3.9609
2025-09-14 00:57:49,296 - INFO - Batch 400/2278: Loss=0.0000, Cls=0.0000, Reg=0.0000, Con=0.0000
2025-09-14 00:57:50,298 - INFO - Batch 410/2278: Loss=1.7301, Cls=0.5419, Reg=0.0000, Con=3.9608
2025-09-14 00:57:51,257 - INFO - Batch 420/2278: Loss=0.0000, Cls=0.0000, Reg=0.0000, Con=0.0000
2025-09-14 00:57:52,300 - INFO - Batch 430/2278: Loss=0.0020, Cls=0.0020, Reg=0.0000, Con=0.0000
2025-09-14 00:57:53,207 - INFO - Batch 440/2278: Loss=1.1882, Cls=0.0000, Reg=0.0000, Con=3.9608
2025-09-14 00:57:54,119 - INFO - Batch 450/2278: Loss=1.1882, Cls=0.0000, Reg=0.0000, Con=3.9607
2025-09-14 00:57:55,037 - INFO - Batch 460/2278: Loss=0.0011, Cls=0.0011, Reg=0.0000, Con=0.0000
2025-09-14 00:57:55,960 - INFO - Batch 470/2278: Loss=1.1882, Cls=0.0000, Reg=0.0000, Con=3.9608
2025-09-14 00:57:56,855 - INFO - Batch 480/2278: Loss=0.0209, Cls=0.0209, Reg=0.0000, Con=0.0000
2025-09-14 00:57:57,760 - INFO - Batch 490/2278: Loss=1.1883, Cls=0.0000, Reg=0.0000, Con=3.9610
2025-09-14 00:57:58,647 - INFO - Batch 500/2278: Loss=1.1882, Cls=0.0000, Reg=0.0000, Con=3.9607
2025-09-14 00:57:59,542 - INFO - Batch 510/2278: Loss=1.3748, Cls=0.1865, Reg=0.0000, Con=3.9607
2025-09-14 00:58:00,448 - INFO - Batch 520/2278: Loss=1.1888, Cls=0.0005, Reg=0.0000, Con=3.9607
2025-09-14 00:58:01,322 - INFO - Batch 530/2278: Loss=1.1882, Cls=0.0000, Reg=0.0000, Con=3.9608
2025-09-14 00:58:02,209 - INFO - Batch 540/2278: Loss=1.1885, Cls=0.0002, Reg=0.0000, Con=3.9610
2025-09-14 00:58:03,077 - INFO - Batch 550/2278: Loss=1.1920, Cls=0.0038, Reg=0.0000, Con=3.9607
2025-09-14 00:58:03,970 - INFO - Batch 560/2278: Loss=0.0000, Cls=0.0000, Reg=0.0000, Con=0.0000
2025-09-14 00:58:04,877 - INFO - Batch 570/2278: Loss=1.1949, Cls=0.0067, Reg=0.0000, Con=3.9608
2025-09-14 00:58:05,762 - INFO - Batch 580/2278: Loss=0.0000, Cls=0.0000, Reg=0.0000, Con=0.0000
2025-09-14 00:58:06,655 - INFO - Batch 590/2278: Loss=1.1883, Cls=0.0001, Reg=0.0000, Con=3.9608
2025-09-14 00:58:07,548 - INFO - Batch 600/2278: Loss=1.2026, Cls=0.0144, Reg=0.0000, Con=3.9608
2025-09-14 00:58:08,452 - INFO - Batch 610/2278: Loss=1.1882, Cls=0.0000, Reg=0.0000, Con=3.9608
2025-09-14 00:58:09,319 - INFO - Batch 620/2278: Loss=1.1882, Cls=0.0000, Reg=0.0000, Con=3.9608
2025-09-14 00:58:10,194 - INFO - Batch 630/2278: Loss=0.0000, Cls=0.0000, Reg=0.0000, Con=0.0000
2025-09-14 00:58:11,096 - INFO - Batch 640/2278: Loss=0.0000, Cls=0.0000, Reg=0.0000, Con=0.0000
2025-09-14 00:58:11,974 - INFO - Batch 650/2278: Loss=0.0314, Cls=0.0314, Reg=0.0000, Con=0.0000
2025-09-14 00:58:12,859 - INFO - Batch 660/2278: Loss=1.1882, Cls=0.0000, Reg=0.0000, Con=3.9607
2025-09-14 00:58:13,762 - INFO - Batch 670/2278: Loss=1.1883, Cls=0.0000, Reg=0.0000, Con=3.9609
2025-09-14 00:58:14,673 - INFO - Batch 680/2278: Loss=1.1882, Cls=0.0000, Reg=0.0000, Con=3.9608
2025-09-14 00:58:15,545 - INFO - Batch 690/2278: Loss=1.1884, Cls=0.0000, Reg=0.0000, Con=3.9613
2025-09-14 00:58:16,440 - INFO - Batch 700/2278: Loss=0.0001, Cls=0.0001, Reg=0.0000, Con=0.0000
2025-09-14 00:58:17,313 - INFO - Batch 710/2278: Loss=1.1883, Cls=0.0000, Reg=0.0000, Con=3.9610
2025-09-14 00:58:18,222 - INFO - Batch 720/2278: Loss=1.1883, Cls=0.0000, Reg=0.0000, Con=3.9609
2025-09-14 00:58:19,183 - INFO - Batch 730/2278: Loss=1.1884, Cls=0.0000, Reg=0.0000, Con=3.9612
2025-09-14 00:58:20,145 - INFO - Batch 740/2278: Loss=1.1883, Cls=0.0000, Reg=0.0000, Con=3.9610
2025-09-14 00:58:21,066 - INFO - Batch 750/2278: Loss=0.0000, Cls=0.0000, Reg=0.0000, Con=0.0000
2025-09-14 00:58:21,945 - INFO - Batch 760/2278: Loss=0.0000, Cls=0.0000, Reg=0.0000, Con=0.0000
2025-09-14 00:58:22,890 - INFO - Batch 770/2278: Loss=1.1885, Cls=0.0003, Reg=0.0000, Con=3.9608
2025-09-14 00:58:23,814 - INFO - Batch 780/2278: Loss=0.0000, Cls=0.0000, Reg=0.0000, Con=0.0000
2025-09-14 00:58:24,704 - INFO - Batch 790/2278: Loss=1.1883, Cls=0.0000, Reg=0.0000, Con=3.9609
2025-09-14 00:58:25,635 - INFO - Batch 800/2278: Loss=0.0000, Cls=0.0000, Reg=0.0000, Con=0.0000
2025-09-14 00:58:26,655 - INFO - Batch 810/2278: Loss=0.0002, Cls=0.0002, Reg=0.0000, Con=0.0000
2025-09-14 00:58:27,548 - INFO - Batch 820/2278: Loss=1.1901, Cls=0.0019, Reg=0.0000, Con=3.9608
2025-09-14 00:58:28,467 - INFO - Batch 830/2278: Loss=2.6745, Cls=1.4863, Reg=0.0000, Con=3.9607
2025-09-14 00:58:29,380 - INFO - Batch 840/2278: Loss=7.4888, Cls=6.3006, Reg=0.0000, Con=3.9608
2025-09-14 00:58:30,293 - INFO - Batch 850/2278: Loss=0.0209, Cls=0.0209, Reg=0.0000, Con=0.0000
2025-09-14 00:58:31,296 - INFO - Batch 860/2278: Loss=1.1882, Cls=0.0000, Reg=0.0000, Con=3.9608
2025-09-14 00:58:32,245 - INFO - Batch 870/2278: Loss=0.0010, Cls=0.0010, Reg=0.0000, Con=0.0000
2025-09-14 00:58:33,126 - INFO - Batch 880/2278: Loss=0.0000, Cls=0.0000, Reg=0.0000, Con=0.0000
2025-09-14 00:58:34,026 - INFO - Batch 890/2278: Loss=1.1885, Cls=0.0002, Reg=0.0000, Con=3.9609
2025-09-14 00:58:34,944 - INFO - Batch 900/2278: Loss=0.0005, Cls=0.0005, Reg=0.0000, Con=0.0000
2025-09-14 00:58:35,838 - INFO - Batch 910/2278: Loss=0.0000, Cls=0.0000, Reg=0.0000, Con=0.0000
2025-09-14 00:58:36,730 - INFO - Batch 920/2278: Loss=1.1892, Cls=0.0008, Reg=0.0000, Con=3.9611
2025-09-14 00:58:37,607 - INFO - Batch 930/2278: Loss=1.1883, Cls=0.0000, Reg=0.0000, Con=3.9609
2025-09-14 00:58:38,498 - INFO - Batch 940/2278: Loss=0.0000, Cls=0.0000, Reg=0.0000, Con=0.0000
2025-09-14 00:58:39,411 - INFO - Batch 950/2278: Loss=0.0000, Cls=0.0000, Reg=0.0000, Con=0.0000
2025-09-14 00:58:40,440 - INFO - Batch 960/2278: Loss=0.0000, Cls=0.0000, Reg=0.0000, Con=0.0000
2025-09-14 00:58:41,370 - INFO - Batch 970/2278: Loss=0.0000, Cls=0.0000, Reg=0.0000, Con=0.0000
2025-09-14 00:58:42,250 - INFO - Batch 980/2278: Loss=1.1883, Cls=0.0000, Reg=0.0000, Con=3.9609
2025-09-14 00:58:43,145 - INFO - Batch 990/2278: Loss=1.1892, Cls=0.0011, Reg=0.0000, Con=3.9606
2025-09-14 00:58:44,029 - INFO - Batch 1000/2278: Loss=1.1903, Cls=0.0021, Reg=0.0000, Con=3.9609
2025-09-14 00:58:44,927 - INFO - Batch 1010/2278: Loss=1.1883, Cls=0.0000, Reg=0.0000, Con=3.9609
2025-09-14 00:58:45,806 - INFO - Batch 1020/2278: Loss=1.1899, Cls=0.0014, Reg=0.0000, Con=3.9615
2025-09-14 00:58:46,686 - INFO - Batch 1030/2278: Loss=1.1885, Cls=0.0002, Reg=0.0000, Con=3.9608
2025-09-14 00:58:47,599 - INFO - Batch 1040/2278: Loss=1.1882, Cls=0.0000, Reg=0.0000, Con=3.9608
2025-09-14 00:58:48,552 - INFO - Batch 1050/2278: Loss=1.1884, Cls=0.0001, Reg=0.0000, Con=3.9611
2025-09-14 00:58:49,450 - INFO - Batch 1060/2278: Loss=1.1884, Cls=0.0000, Reg=0.0000, Con=3.9612
2025-09-14 00:58:50,324 - INFO - Batch 1070/2278: Loss=3.2007, Cls=2.0124, Reg=0.0000, Con=3.9608
2025-09-14 00:58:51,205 - INFO - Batch 1080/2278: Loss=1.1883, Cls=0.0000, Reg=0.0000, Con=3.9609
2025-09-14 00:58:52,213 - INFO - Batch 1090/2278: Loss=1.1882, Cls=0.0000, Reg=0.0000, Con=3.9608
2025-09-14 00:58:53,175 - INFO - Batch 1100/2278: Loss=1.1883, Cls=0.0000, Reg=0.0000, Con=3.9608
2025-09-14 00:58:54,058 - INFO - Batch 1110/2278: Loss=1.1883, Cls=0.0000, Reg=0.0000, Con=3.9608
2025-09-14 00:58:54,949 - INFO - Batch 1120/2278: Loss=1.1882, Cls=0.0000, Reg=0.0000, Con=3.9608
2025-09-14 00:58:55,824 - INFO - Batch 1130/2278: Loss=0.0000, Cls=0.0000, Reg=0.0000, Con=0.0000
2025-09-14 00:58:56,812 - INFO - Batch 1140/2278: Loss=0.0000, Cls=0.0000, Reg=0.0000, Con=0.0000
2025-09-14 00:58:57,737 - INFO - Batch 1150/2278: Loss=1.1883, Cls=0.0000, Reg=0.0000, Con=3.9609
2025-09-14 00:58:58,699 - INFO - Batch 1160/2278: Loss=1.1886, Cls=0.0004, Reg=0.0000, Con=3.9608
2025-09-14 00:58:59,584 - INFO - Batch 1170/2278: Loss=0.0000, Cls=0.0000, Reg=0.0000, Con=0.0000
2025-09-14 00:59:00,500 - INFO - Batch 1180/2278: Loss=1.1883, Cls=0.0000, Reg=0.0000, Con=3.9609
2025-09-14 00:59:01,390 - INFO - Batch 1190/2278: Loss=1.1883, Cls=0.0000, Reg=0.0000, Con=3.9610
2025-09-14 00:59:02,293 - INFO - Batch 1200/2278: Loss=1.1895, Cls=0.0012, Reg=0.0000, Con=3.9609
2025-09-14 00:59:03,307 - INFO - Batch 1210/2278: Loss=1.1882, Cls=0.0000, Reg=0.0000, Con=3.9608
2025-09-14 00:59:04,250 - INFO - Batch 1220/2278: Loss=0.0000, Cls=0.0000, Reg=0.0000, Con=0.0000
2025-09-14 00:59:05,173 - INFO - Batch 1230/2278: Loss=1.1883, Cls=0.0000, Reg=0.0000, Con=3.9609
2025-09-14 00:59:06,043 - INFO - Batch 1240/2278: Loss=1.1883, Cls=0.0000, Reg=0.0000, Con=3.9609
2025-09-14 00:59:06,939 - INFO - Batch 1250/2278: Loss=0.0013, Cls=0.0013, Reg=0.0000, Con=0.0000
2025-09-14 00:59:07,830 - INFO - Batch 1260/2278: Loss=1.1906, Cls=0.0023, Reg=0.0000, Con=3.9607
2025-09-14 00:59:08,742 - INFO - Batch 1270/2278: Loss=1.5010, Cls=1.5010, Reg=0.0000, Con=0.0000
2025-09-14 00:59:09,642 - INFO - Batch 1280/2278: Loss=1.1882, Cls=0.0000, Reg=0.0000, Con=3.9608
2025-09-14 00:59:10,564 - INFO - Batch 1290/2278: Loss=1.1883, Cls=0.0000, Reg=0.0000, Con=3.9610
2025-09-14 00:59:11,622 - INFO - Batch 1300/2278: Loss=1.1883, Cls=0.0000, Reg=0.0000, Con=3.9610
2025-09-14 00:59:12,565 - INFO - Batch 1310/2278: Loss=0.0001, Cls=0.0001, Reg=0.0000, Con=0.0000
2025-09-14 00:59:13,509 - INFO - Batch 1320/2278: Loss=1.1889, Cls=0.0007, Reg=0.0000, Con=3.9609
2025-09-14 00:59:14,462 - INFO - Batch 1330/2278: Loss=1.1883, Cls=0.0000, Reg=0.0000, Con=3.9609
2025-09-14 00:59:15,385 - INFO - Batch 1340/2278: Loss=0.0000, Cls=0.0000, Reg=0.0000, Con=0.0000
2025-09-14 00:59:16,264 - INFO - Batch 1350/2278: Loss=0.0000, Cls=0.0000, Reg=0.0000, Con=0.0000
2025-09-14 00:59:17,162 - INFO - Batch 1360/2278: Loss=1.1882, Cls=0.0000, Reg=0.0000, Con=3.9608
2025-09-14 00:59:18,037 - INFO - Batch 1370/2278: Loss=1.1882, Cls=0.0000, Reg=0.0000, Con=3.9608
2025-09-14 00:59:18,946 - INFO - Batch 1380/2278: Loss=1.1883, Cls=0.0000, Reg=0.0000, Con=3.9609
2025-09-14 00:59:19,854 - INFO - Batch 1390/2278: Loss=1.1884, Cls=0.0002, Reg=0.0000, Con=3.9608
2025-09-14 00:59:20,763 - INFO - Batch 1400/2278: Loss=0.0000, Cls=0.0000, Reg=0.0000, Con=0.0000
2025-09-14 00:59:21,701 - INFO - Batch 1410/2278: Loss=1.1882, Cls=0.0000, Reg=0.0000, Con=3.9608
2025-09-14 00:59:22,602 - INFO - Batch 1420/2278: Loss=0.0000, Cls=0.0000, Reg=0.0000, Con=0.0000
2025-09-14 00:59:23,504 - INFO - Batch 1430/2278: Loss=0.0000, Cls=0.0000, Reg=0.0000, Con=0.0000
2025-09-14 00:59:24,367 - INFO - Batch 1440/2278: Loss=1.1884, Cls=0.0000, Reg=0.0000, Con=3.9613
2025-09-14 00:59:25,271 - INFO - Batch 1450/2278: Loss=0.0000, Cls=0.0000, Reg=0.0000, Con=0.0000
2025-09-14 00:59:26,187 - INFO - Batch 1460/2278: Loss=1.1883, Cls=0.0000, Reg=0.0000, Con=3.9609
2025-09-14 00:59:27,076 - INFO - Batch 1470/2278: Loss=1.1883, Cls=0.0000, Reg=0.0000, Con=3.9608
2025-09-14 00:59:28,004 - INFO - Batch 1480/2278: Loss=0.0000, Cls=0.0000, Reg=0.0000, Con=0.0000
2025-09-14 00:59:29,023 - INFO - Batch 1490/2278: Loss=0.0000, Cls=0.0000, Reg=0.0000, Con=0.0000
2025-09-14 00:59:29,917 - INFO - Batch 1500/2278: Loss=3.8789, Cls=3.8789, Reg=0.0000, Con=0.0000
2025-09-14 00:59:30,805 - INFO - Batch 1510/2278: Loss=1.1883, Cls=0.0000, Reg=0.0000, Con=3.9608
2025-09-14 00:59:31,679 - INFO - Batch 1520/2278: Loss=1.1883, Cls=0.0000, Reg=0.0000, Con=3.9608
2025-09-14 00:59:32,667 - INFO - Batch 1530/2278: Loss=1.1883, Cls=0.0000, Reg=0.0000, Con=3.9609
2025-09-14 00:59:33,648 - INFO - Batch 1540/2278: Loss=0.0319, Cls=0.0319, Reg=0.0000, Con=0.0000
2025-09-14 00:59:34,540 - INFO - Batch 1550/2278: Loss=1.1883, Cls=0.0000, Reg=0.0000, Con=3.9609
2025-09-14 00:59:35,480 - INFO - Batch 1560/2278: Loss=1.1883, Cls=0.0000, Reg=0.0000, Con=3.9608
2025-09-14 00:59:36,344 - INFO - Batch 1570/2278: Loss=1.1883, Cls=0.0000, Reg=0.0000, Con=3.9609
2025-09-14 00:59:37,223 - INFO - Batch 1580/2278: Loss=0.0000, Cls=0.0000, Reg=0.0000, Con=0.0000
2025-09-14 00:59:38,130 - INFO - Batch 1590/2278: Loss=0.0000, Cls=0.0000, Reg=0.0000, Con=0.0000
2025-09-14 00:59:39,043 - INFO - Batch 1600/2278: Loss=1.1883, Cls=0.0000, Reg=0.0000, Con=3.9610
2025-09-14 00:59:40,033 - INFO - Batch 1610/2278: Loss=0.0068, Cls=0.0068, Reg=0.0000, Con=0.0000
2025-09-14 00:59:40,954 - INFO - Batch 1620/2278: Loss=1.1885, Cls=0.0003, Reg=0.0000, Con=3.9609
2025-09-14 00:59:41,826 - INFO - Batch 1630/2278: Loss=0.0000, Cls=0.0000, Reg=0.0000, Con=0.0000
2025-09-14 00:59:42,726 - INFO - Batch 1640/2278: Loss=1.1889, Cls=0.0006, Reg=0.0000, Con=3.9610
2025-09-14 00:59:43,618 - INFO - Batch 1650/2278: Loss=0.0003, Cls=0.0003, Reg=0.0000, Con=0.0000
2025-09-14 00:59:44,524 - INFO - Batch 1660/2278: Loss=1.1883, Cls=0.0001, Reg=0.0000, Con=3.9607
2025-09-14 00:59:45,449 - INFO - Batch 1670/2278: Loss=1.1885, Cls=0.0002, Reg=0.0000, Con=3.9608
2025-09-14 00:59:46,352 - INFO - Batch 1680/2278: Loss=1.2733, Cls=0.0849, Reg=0.0000, Con=3.9615
2025-09-14 00:59:47,262 - INFO - Batch 1690/2278: Loss=0.0000, Cls=0.0000, Reg=0.0000, Con=0.0000
2025-09-14 00:59:48,158 - INFO - Batch 1700/2278: Loss=1.1882, Cls=0.0000, Reg=0.0000, Con=3.9608
2025-09-14 00:59:49,045 - INFO - Batch 1710/2278: Loss=1.1888, Cls=0.0004, Reg=0.0000, Con=3.9612
2025-09-14 00:59:49,931 - INFO - Batch 1720/2278: Loss=1.1883, Cls=0.0000, Reg=0.0000, Con=3.9610
2025-09-14 00:59:50,836 - INFO - Batch 1730/2278: Loss=1.1883, Cls=0.0000, Reg=0.0000, Con=3.9609
2025-09-14 00:59:51,720 - INFO - Batch 1740/2278: Loss=1.1883, Cls=0.0000, Reg=0.0000, Con=3.9610
2025-09-14 00:59:52,719 - INFO - Batch 1750/2278: Loss=1.2081, Cls=0.0197, Reg=0.0000, Con=3.9611
2025-09-14 00:59:53,721 - INFO - Batch 1760/2278: Loss=1.1882, Cls=0.0000, Reg=0.0000, Con=3.9608
2025-09-14 00:59:54,612 - INFO - Batch 1770/2278: Loss=1.1883, Cls=0.0000, Reg=0.0000, Con=3.9610
2025-09-14 00:59:55,531 - INFO - Batch 1780/2278: Loss=1.1889, Cls=0.0006, Reg=0.0000, Con=3.9609
2025-09-14 00:59:56,451 - INFO - Batch 1790/2278: Loss=1.1884, Cls=0.0001, Reg=0.0000, Con=3.9608
2025-09-14 00:59:57,440 - INFO - Batch 1800/2278: Loss=1.1883, Cls=0.0000, Reg=0.0000, Con=3.9609
2025-09-14 00:59:58,341 - INFO - Batch 1810/2278: Loss=1.1883, Cls=0.0000, Reg=0.0000, Con=3.9610
2025-09-14 00:59:59,224 - INFO - Batch 1820/2278: Loss=1.1885, Cls=0.0003, Reg=0.0000, Con=3.9608
2025-09-14 01:00:00,114 - INFO - Batch 1830/2278: Loss=1.1885, Cls=0.0001, Reg=0.0000, Con=3.9615
2025-09-14 01:00:01,170 - INFO - Batch 1840/2278: Loss=1.1883, Cls=0.0000, Reg=0.0000, Con=3.9609
2025-09-14 01:00:02,105 - INFO - Batch 1850/2278: Loss=1.1883, Cls=0.0000, Reg=0.0000, Con=3.9608
2025-09-14 01:00:03,013 - INFO - Batch 1860/2278: Loss=0.0000, Cls=0.0000, Reg=0.0000, Con=0.0000
2025-09-14 01:00:03,899 - INFO - Batch 1870/2278: Loss=0.0030, Cls=0.0030, Reg=0.0000, Con=0.0000
2025-09-14 01:00:04,786 - INFO - Batch 1880/2278: Loss=1.7370, Cls=0.5487, Reg=0.0000, Con=3.9610
2025-09-14 01:00:05,674 - INFO - Batch 1890/2278: Loss=0.0000, Cls=0.0000, Reg=0.0000, Con=0.0000
2025-09-14 01:00:06,566 - INFO - Batch 1900/2278: Loss=1.1882, Cls=0.0000, Reg=0.0000, Con=3.9607
2025-09-14 01:00:07,465 - INFO - Batch 1910/2278: Loss=1.1882, Cls=0.0000, Reg=0.0000, Con=3.9607
2025-09-14 01:00:08,387 - INFO - Batch 1920/2278: Loss=1.2035, Cls=0.0152, Reg=0.0000, Con=3.9608
2025-09-14 01:00:09,281 - INFO - Batch 1930/2278: Loss=0.0000, Cls=0.0000, Reg=0.0000, Con=0.0000
2025-09-14 01:00:10,153 - INFO - Batch 1940/2278: Loss=1.1882, Cls=0.0000, Reg=0.0000, Con=3.9607
2025-09-14 01:00:11,028 - INFO - Batch 1950/2278: Loss=1.1893, Cls=0.0011, Reg=0.0000, Con=3.9609
2025-09-14 01:00:11,958 - INFO - Batch 1960/2278: Loss=1.1883, Cls=0.0000, Reg=0.0000, Con=3.9609
2025-09-14 01:00:12,853 - INFO - Batch 1970/2278: Loss=1.1882, Cls=0.0000, Reg=0.0000, Con=3.9606
2025-09-14 01:00:13,746 - INFO - Batch 1980/2278: Loss=1.1882, Cls=0.0000, Reg=0.0000, Con=3.9608
2025-09-14 01:00:14,742 - INFO - Batch 1990/2278: Loss=0.0000, Cls=0.0000, Reg=0.0000, Con=0.0000
2025-09-14 01:00:15,716 - INFO - Batch 2000/2278: Loss=1.1882, Cls=0.0000, Reg=0.0000, Con=3.9607
2025-09-14 01:00:16,738 - INFO - Batch 2010/2278: Loss=1.1882, Cls=0.0000, Reg=0.0000, Con=3.9608
2025-09-14 01:00:17,636 - INFO - Batch 2020/2278: Loss=0.0001, Cls=0.0001, Reg=0.0000, Con=0.0000
2025-09-14 01:00:18,543 - INFO - Batch 2030/2278: Loss=1.1883, Cls=0.0000, Reg=0.0000, Con=3.9610
2025-09-14 01:00:19,531 - INFO - Batch 2040/2278: Loss=1.1882, Cls=0.0000, Reg=0.0000, Con=3.9608
2025-09-14 01:00:20,417 - INFO - Batch 2050/2278: Loss=0.0000, Cls=0.0000, Reg=0.0000, Con=0.0000
2025-09-14 01:00:21,297 - INFO - Batch 2060/2278: Loss=1.1885, Cls=0.0000, Reg=0.0000, Con=3.9615
2025-09-14 01:00:22,194 - INFO - Batch 2070/2278: Loss=1.1882, Cls=0.0000, Reg=0.0000, Con=3.9608
2025-09-14 01:00:23,083 - INFO - Batch 2080/2278: Loss=0.0000, Cls=0.0000, Reg=0.0000, Con=0.0000
2025-09-14 01:00:23,982 - INFO - Batch 2090/2278: Loss=1.1882, Cls=0.0000, Reg=0.0000, Con=3.9608
2025-09-14 01:00:24,869 - INFO - Batch 2100/2278: Loss=0.0000, Cls=0.0000, Reg=0.0000, Con=0.0000
2025-09-14 01:00:25,765 - INFO - Batch 2110/2278: Loss=0.0000, Cls=0.0000, Reg=0.0000, Con=0.0000
2025-09-14 01:00:26,665 - INFO - Batch 2120/2278: Loss=1.1973, Cls=0.0091, Reg=0.0000, Con=3.9609
2025-09-14 01:00:27,552 - INFO - Batch 2130/2278: Loss=1.1883, Cls=0.0000, Reg=0.0000, Con=3.9608
2025-09-14 01:00:28,466 - INFO - Batch 2140/2278: Loss=0.0000, Cls=0.0000, Reg=0.0000, Con=0.0000
2025-09-14 01:00:29,341 - INFO - Batch 2150/2278: Loss=1.1883, Cls=0.0000, Reg=0.0000, Con=3.9610
2025-09-14 01:00:30,231 - INFO - Batch 2160/2278: Loss=1.1919, Cls=0.0037, Reg=0.0000, Con=3.9608
2025-09-14 01:00:31,133 - INFO - Batch 2170/2278: Loss=1.1883, Cls=0.0001, Reg=0.0000, Con=3.9608
2025-09-14 01:00:32,029 - INFO - Batch 2180/2278: Loss=1.1882, Cls=0.0000, Reg=0.0000, Con=3.9608
2025-09-14 01:00:32,889 - INFO - Batch 2190/2278: Loss=4.0677, Cls=2.8794, Reg=0.0000, Con=3.9610
2025-09-14 01:00:33,773 - INFO - Batch 2200/2278: Loss=1.1882, Cls=0.0000, Reg=0.0000, Con=3.9608
2025-09-14 01:00:34,675 - INFO - Batch 2210/2278: Loss=1.1884, Cls=0.0000, Reg=0.0000, Con=3.9613
2025-09-14 01:00:35,573 - INFO - Batch 2220/2278: Loss=0.0003, Cls=0.0003, Reg=0.0000, Con=0.0000
2025-09-14 01:00:36,584 - INFO - Batch 2230/2278: Loss=0.0024, Cls=0.0024, Reg=0.0000, Con=0.0000
2025-09-14 01:00:37,477 - INFO - Batch 2240/2278: Loss=1.1882, Cls=0.0000, Reg=0.0000, Con=3.9608
2025-09-14 01:00:38,372 - INFO - Batch 2250/2278: Loss=0.0000, Cls=0.0000, Reg=0.0000, Con=0.0000
2025-09-14 01:00:39,278 - INFO - Batch 2260/2278: Loss=1.1883, Cls=0.0000, Reg=0.0000, Con=3.9609
2025-09-14 01:00:40,176 - INFO - Batch 2270/2278: Loss=1.1891, Cls=0.0009, Reg=0.0000, Con=3.9606
2025-09-14 01:04:08,628 - INFO - === Epoch 2 Results ===
2025-09-14 01:04:08,628 - INFO - Training Loss: 0.8758 (Classification: 0.0897, Regression: 0.0000)
2025-09-14 01:04:08,628 - INFO - Validation Loss: 0.0222 (Classification: 0.0222, Regression: 0.0000)
2025-09-14 01:04:08,628 - INFO - Average Classification Accuracy: 0.9581 (on 1/26 tasks)
2025-09-14 01:04:08,628 - INFO - Average AUC: 0.9844
2025-09-14 01:04:11,372 - INFO - Best model saved to: experiments/r1c3_headft_cls_4_seed_42_20250914_005017/checkpoints/r1c3_headft_cls_4_seed_42_best.pth
2025-09-14 01:04:11,372 - INFO - 
Epoch 3/3
2025-09-14 01:04:11,527 - INFO - Batch 0/2278: Loss=1.7871, Cls=0.5989, Reg=0.0000, Con=3.9608
2025-09-14 01:04:12,405 - INFO - Batch 10/2278: Loss=1.1885, Cls=0.0002, Reg=0.0000, Con=3.9611
2025-09-14 01:04:13,320 - INFO - Batch 20/2278: Loss=1.1933, Cls=0.0050, Reg=0.0000, Con=3.9608
2025-09-14 01:04:14,245 - INFO - Batch 30/2278: Loss=0.0012, Cls=0.0012, Reg=0.0000, Con=0.0000
2025-09-14 01:04:15,104 - INFO - Batch 40/2278: Loss=1.1882, Cls=0.0000, Reg=0.0000, Con=3.9608
2025-09-14 01:04:15,981 - INFO - Batch 50/2278: Loss=1.1883, Cls=0.0000, Reg=0.0000, Con=3.9609
2025-09-14 01:04:16,855 - INFO - Batch 60/2278: Loss=1.1882, Cls=0.0000, Reg=0.0000, Con=3.9607
2025-09-14 01:04:17,747 - INFO - Batch 70/2278: Loss=1.1882, Cls=0.0000, Reg=0.0000, Con=3.9608
2025-09-14 01:04:18,603 - INFO - Batch 80/2278: Loss=0.0000, Cls=0.0000, Reg=0.0000, Con=0.0000
2025-09-14 01:04:19,481 - INFO - Batch 90/2278: Loss=1.1958, Cls=0.0076, Reg=0.0000, Con=3.9609
2025-09-14 01:04:20,367 - INFO - Batch 100/2278: Loss=1.1882, Cls=0.0000, Reg=0.0000, Con=3.9607
2025-09-14 01:04:21,279 - INFO - Batch 110/2278: Loss=1.1885, Cls=0.0000, Reg=0.0000, Con=3.9618
2025-09-14 01:04:22,156 - INFO - Batch 120/2278: Loss=1.1887, Cls=0.0005, Reg=0.0000, Con=3.9609
2025-09-14 01:04:23,049 - INFO - Batch 130/2278: Loss=1.1882, Cls=0.0000, Reg=0.0000, Con=3.9607
2025-09-14 01:04:23,967 - INFO - Batch 140/2278: Loss=0.0000, Cls=0.0000, Reg=0.0000, Con=0.0000
2025-09-14 01:04:24,839 - INFO - Batch 150/2278: Loss=1.1896, Cls=0.0014, Reg=0.0000, Con=3.9608
2025-09-14 01:04:25,733 - INFO - Batch 160/2278: Loss=0.0000, Cls=0.0000, Reg=0.0000, Con=0.0000
2025-09-14 01:04:26,610 - INFO - Batch 170/2278: Loss=1.1883, Cls=0.0000, Reg=0.0000, Con=3.9609
2025-09-14 01:04:27,483 - INFO - Batch 180/2278: Loss=1.1889, Cls=0.0006, Reg=0.0000, Con=3.9610
2025-09-14 01:04:28,358 - INFO - Batch 190/2278: Loss=1.1882, Cls=0.0000, Reg=0.0000, Con=3.9607
2025-09-14 01:04:29,231 - INFO - Batch 200/2278: Loss=0.0000, Cls=0.0000, Reg=0.0000, Con=0.0000
2025-09-14 01:04:30,108 - INFO - Batch 210/2278: Loss=1.1890, Cls=0.0006, Reg=0.0000, Con=3.9612
2025-09-14 01:04:30,987 - INFO - Batch 220/2278: Loss=1.1882, Cls=0.0000, Reg=0.0000, Con=3.9608
2025-09-14 01:04:31,868 - INFO - Batch 230/2278: Loss=1.1883, Cls=0.0000, Reg=0.0000, Con=3.9611
2025-09-14 01:04:32,760 - INFO - Batch 240/2278: Loss=1.1882, Cls=0.0000, Reg=0.0000, Con=3.9607
2025-09-14 01:04:33,627 - INFO - Batch 250/2278: Loss=1.1884, Cls=0.0002, Reg=0.0000, Con=3.9609
2025-09-14 01:04:34,474 - INFO - Batch 260/2278: Loss=1.1882, Cls=0.0000, Reg=0.0000, Con=3.9608
2025-09-14 01:04:35,382 - INFO - Batch 270/2278: Loss=1.1882, Cls=0.0000, Reg=0.0000, Con=3.9607
2025-09-14 01:04:36,237 - INFO - Batch 280/2278: Loss=1.1882, Cls=0.0000, Reg=0.0000, Con=3.9608
2025-09-14 01:04:37,113 - INFO - Batch 290/2278: Loss=1.1882, Cls=0.0000, Reg=0.0000, Con=3.9608
2025-09-14 01:04:37,970 - INFO - Batch 300/2278: Loss=1.1890, Cls=0.0008, Reg=0.0000, Con=3.9607
2025-09-14 01:04:38,862 - INFO - Batch 310/2278: Loss=1.1903, Cls=0.0020, Reg=0.0000, Con=3.9610
2025-09-14 01:04:39,743 - INFO - Batch 320/2278: Loss=1.1884, Cls=0.0000, Reg=0.0000, Con=3.9612
2025-09-14 01:04:40,587 - INFO - Batch 330/2278: Loss=7.3816, Cls=7.3816, Reg=0.0000, Con=0.0000
2025-09-14 01:04:41,483 - INFO - Batch 340/2278: Loss=0.0000, Cls=0.0000, Reg=0.0000, Con=0.0000
2025-09-14 01:04:42,358 - INFO - Batch 350/2278: Loss=1.1884, Cls=0.0000, Reg=0.0000, Con=3.9612
2025-09-14 01:04:43,249 - INFO - Batch 360/2278: Loss=1.1883, Cls=0.0000, Reg=0.0000, Con=3.9611
2025-09-14 01:04:44,122 - INFO - Batch 370/2278: Loss=1.1882, Cls=0.0000, Reg=0.0000, Con=3.9608
2025-09-14 01:04:45,020 - INFO - Batch 380/2278: Loss=1.1882, Cls=0.0000, Reg=0.0000, Con=3.9608
2025-09-14 01:04:45,937 - INFO - Batch 390/2278: Loss=1.1883, Cls=0.0000, Reg=0.0000, Con=3.9609
2025-09-14 01:04:46,808 - INFO - Batch 400/2278: Loss=0.0000, Cls=0.0000, Reg=0.0000, Con=0.0000
2025-09-14 01:04:47,700 - INFO - Batch 410/2278: Loss=1.2194, Cls=0.0311, Reg=0.0000, Con=3.9609
2025-09-14 01:04:48,568 - INFO - Batch 420/2278: Loss=1.1883, Cls=0.0000, Reg=0.0000, Con=3.9609
2025-09-14 01:04:49,448 - INFO - Batch 430/2278: Loss=1.1884, Cls=0.0000, Reg=0.0000, Con=3.9614
2025-09-14 01:04:50,319 - INFO - Batch 440/2278: Loss=0.0000, Cls=0.0000, Reg=0.0000, Con=0.0000
2025-09-14 01:04:51,198 - INFO - Batch 450/2278: Loss=1.1940, Cls=0.0057, Reg=0.0000, Con=3.9608
2025-09-14 01:04:52,079 - INFO - Batch 460/2278: Loss=0.0000, Cls=0.0000, Reg=0.0000, Con=0.0000
2025-09-14 01:04:52,945 - INFO - Batch 470/2278: Loss=0.0000, Cls=0.0000, Reg=0.0000, Con=0.0000
2025-09-14 01:04:53,823 - INFO - Batch 480/2278: Loss=1.1883, Cls=0.0000, Reg=0.0000, Con=3.9609
2025-09-14 01:04:54,698 - INFO - Batch 490/2278: Loss=0.0028, Cls=0.0028, Reg=0.0000, Con=0.0000
2025-09-14 01:04:55,569 - INFO - Batch 500/2278: Loss=0.0000, Cls=0.0000, Reg=0.0000, Con=0.0000
2025-09-14 01:04:56,468 - INFO - Batch 510/2278: Loss=1.1882, Cls=0.0000, Reg=0.0000, Con=3.9608
2025-09-14 01:04:57,363 - INFO - Batch 520/2278: Loss=0.0011, Cls=0.0011, Reg=0.0000, Con=0.0000
2025-09-14 01:04:58,237 - INFO - Batch 530/2278: Loss=1.1922, Cls=0.0040, Reg=0.0000, Con=3.9608
2025-09-14 01:04:59,315 - INFO - Batch 540/2278: Loss=1.1884, Cls=0.0002, Reg=0.0000, Con=3.9609
2025-09-14 01:05:00,268 - INFO - Batch 550/2278: Loss=0.0000, Cls=0.0000, Reg=0.0000, Con=0.0000
2025-09-14 01:05:01,176 - INFO - Batch 560/2278: Loss=1.1883, Cls=0.0000, Reg=0.0000, Con=3.9609
2025-09-14 01:05:02,102 - INFO - Batch 570/2278: Loss=1.1882, Cls=0.0000, Reg=0.0000, Con=3.9608
2025-09-14 01:05:03,035 - INFO - Batch 580/2278: Loss=0.0016, Cls=0.0016, Reg=0.0000, Con=0.0000
2025-09-14 01:05:03,902 - INFO - Batch 590/2278: Loss=1.1883, Cls=0.0000, Reg=0.0000, Con=3.9608
2025-09-14 01:05:04,785 - INFO - Batch 600/2278: Loss=0.0000, Cls=0.0000, Reg=0.0000, Con=0.0000
2025-09-14 01:05:05,636 - INFO - Batch 610/2278: Loss=0.0000, Cls=0.0000, Reg=0.0000, Con=0.0000
2025-09-14 01:05:06,531 - INFO - Batch 620/2278: Loss=1.1883, Cls=0.0000, Reg=0.0000, Con=3.9608
2025-09-14 01:05:07,396 - INFO - Batch 630/2278: Loss=1.1883, Cls=0.0000, Reg=0.0000, Con=3.9611
2025-09-14 01:05:08,311 - INFO - Batch 640/2278: Loss=1.1882, Cls=0.0000, Reg=0.0000, Con=3.9607
2025-09-14 01:05:09,186 - INFO - Batch 650/2278: Loss=1.1883, Cls=0.0000, Reg=0.0000, Con=3.9608
2025-09-14 01:05:10,085 - INFO - Batch 660/2278: Loss=1.1885, Cls=0.0002, Reg=0.0000, Con=3.9609
2025-09-14 01:05:10,976 - INFO - Batch 670/2278: Loss=1.1904, Cls=0.0021, Reg=0.0000, Con=3.9609
2025-09-14 01:05:11,885 - INFO - Batch 680/2278: Loss=0.0000, Cls=0.0000, Reg=0.0000, Con=0.0000
2025-09-14 01:05:12,749 - INFO - Batch 690/2278: Loss=1.1883, Cls=0.0000, Reg=0.0000, Con=3.9609
2025-09-14 01:05:13,646 - INFO - Batch 700/2278: Loss=1.1883, Cls=0.0000, Reg=0.0000, Con=3.9610
2025-09-14 01:05:14,516 - INFO - Batch 710/2278: Loss=1.1883, Cls=0.0000, Reg=0.0000, Con=3.9610
2025-09-14 01:05:15,400 - INFO - Batch 720/2278: Loss=1.1883, Cls=0.0000, Reg=0.0000, Con=3.9610
2025-09-14 01:05:16,276 - INFO - Batch 730/2278: Loss=1.1883, Cls=0.0000, Reg=0.0000, Con=3.9609
2025-09-14 01:05:17,153 - INFO - Batch 740/2278: Loss=1.1882, Cls=0.0000, Reg=0.0000, Con=3.9606
2025-09-14 01:05:18,027 - INFO - Batch 750/2278: Loss=1.1882, Cls=0.0000, Reg=0.0000, Con=3.9606
2025-09-14 01:05:18,871 - INFO - Batch 760/2278: Loss=1.1885, Cls=0.0002, Reg=0.0000, Con=3.9611
2025-09-14 01:05:19,761 - INFO - Batch 770/2278: Loss=1.2056, Cls=0.0173, Reg=0.0000, Con=3.9611
2025-09-14 01:05:20,652 - INFO - Batch 780/2278: Loss=0.0000, Cls=0.0000, Reg=0.0000, Con=0.0000
2025-09-14 01:05:21,521 - INFO - Batch 790/2278: Loss=1.1883, Cls=0.0000, Reg=0.0000, Con=3.9609
2025-09-14 01:05:22,400 - INFO - Batch 800/2278: Loss=1.1960, Cls=0.0076, Reg=0.0000, Con=3.9612
2025-09-14 01:05:23,269 - INFO - Batch 810/2278: Loss=0.0000, Cls=0.0000, Reg=0.0000, Con=0.0000
2025-09-14 01:05:24,169 - INFO - Batch 820/2278: Loss=1.3157, Cls=0.1275, Reg=0.0000, Con=3.9609
2025-09-14 01:05:25,057 - INFO - Batch 830/2278: Loss=1.1883, Cls=0.0000, Reg=0.0000, Con=3.9609
2025-09-14 01:05:25,945 - INFO - Batch 840/2278: Loss=0.0088, Cls=0.0088, Reg=0.0000, Con=0.0000
2025-09-14 01:05:26,865 - INFO - Batch 850/2278: Loss=0.0000, Cls=0.0000, Reg=0.0000, Con=0.0000
2025-09-14 01:05:27,744 - INFO - Batch 860/2278: Loss=1.1883, Cls=0.0000, Reg=0.0000, Con=3.9611
2025-09-14 01:05:28,630 - INFO - Batch 870/2278: Loss=1.1886, Cls=0.0004, Reg=0.0000, Con=3.9609
2025-09-14 01:05:29,522 - INFO - Batch 880/2278: Loss=0.0002, Cls=0.0002, Reg=0.0000, Con=0.0000
2025-09-14 01:05:30,434 - INFO - Batch 890/2278: Loss=1.1883, Cls=0.0000, Reg=0.0000, Con=3.9609
2025-09-14 01:05:31,352 - INFO - Batch 900/2278: Loss=0.0000, Cls=0.0000, Reg=0.0000, Con=0.0000
2025-09-14 01:05:32,235 - INFO - Batch 910/2278: Loss=0.0001, Cls=0.0001, Reg=0.0000, Con=0.0000
2025-09-14 01:05:33,132 - INFO - Batch 920/2278: Loss=0.0000, Cls=0.0000, Reg=0.0000, Con=0.0000
2025-09-14 01:05:34,015 - INFO - Batch 930/2278: Loss=0.0000, Cls=0.0000, Reg=0.0000, Con=0.0000
2025-09-14 01:05:34,905 - INFO - Batch 940/2278: Loss=1.1884, Cls=0.0000, Reg=0.0000, Con=3.9613
2025-09-14 01:05:35,777 - INFO - Batch 950/2278: Loss=0.0000, Cls=0.0000, Reg=0.0000, Con=0.0000
2025-09-14 01:05:36,638 - INFO - Batch 960/2278: Loss=0.0000, Cls=0.0000, Reg=0.0000, Con=0.0000
2025-09-14 01:05:37,540 - INFO - Batch 970/2278: Loss=1.1882, Cls=0.0000, Reg=0.0000, Con=3.9608
2025-09-14 01:05:38,423 - INFO - Batch 980/2278: Loss=1.1886, Cls=0.0003, Reg=0.0000, Con=3.9609
2025-09-14 01:05:39,321 - INFO - Batch 990/2278: Loss=1.1883, Cls=0.0000, Reg=0.0000, Con=3.9609
2025-09-14 01:05:40,194 - INFO - Batch 1000/2278: Loss=2.2798, Cls=1.0915, Reg=0.0000, Con=3.9610
2025-09-14 01:05:41,103 - INFO - Batch 1010/2278: Loss=1.1882, Cls=0.0000, Reg=0.0000, Con=3.9608
2025-09-14 01:05:41,971 - INFO - Batch 1020/2278: Loss=1.1882, Cls=0.0000, Reg=0.0000, Con=3.9608
2025-09-14 01:05:42,854 - INFO - Batch 1030/2278: Loss=0.0020, Cls=0.0020, Reg=0.0000, Con=0.0000
2025-09-14 01:05:43,759 - INFO - Batch 1040/2278: Loss=1.1884, Cls=0.0000, Reg=0.0000, Con=3.9613
2025-09-14 01:05:44,671 - INFO - Batch 1050/2278: Loss=0.0000, Cls=0.0000, Reg=0.0000, Con=0.0000
2025-09-14 01:05:45,587 - INFO - Batch 1060/2278: Loss=1.1895, Cls=0.0011, Reg=0.0000, Con=3.9611
2025-09-14 01:05:46,509 - INFO - Batch 1070/2278: Loss=1.1883, Cls=0.0000, Reg=0.0000, Con=3.9609
2025-09-14 01:05:47,403 - INFO - Batch 1080/2278: Loss=0.0000, Cls=0.0000, Reg=0.0000, Con=0.0000
2025-09-14 01:05:48,328 - INFO - Batch 1090/2278: Loss=1.1883, Cls=0.0000, Reg=0.0000, Con=3.9611
2025-09-14 01:05:49,227 - INFO - Batch 1100/2278: Loss=1.1885, Cls=0.0002, Reg=0.0000, Con=3.9611
2025-09-14 01:05:50,114 - INFO - Batch 1110/2278: Loss=0.0000, Cls=0.0000, Reg=0.0000, Con=0.0000
2025-09-14 01:05:51,025 - INFO - Batch 1120/2278: Loss=0.0001, Cls=0.0001, Reg=0.0000, Con=0.0000
2025-09-14 01:05:51,903 - INFO - Batch 1130/2278: Loss=0.0000, Cls=0.0000, Reg=0.0000, Con=0.0000
2025-09-14 01:05:52,791 - INFO - Batch 1140/2278: Loss=1.1885, Cls=0.0002, Reg=0.0000, Con=3.9609
2025-09-14 01:05:53,653 - INFO - Batch 1150/2278: Loss=0.0000, Cls=0.0000, Reg=0.0000, Con=0.0000
2025-09-14 01:05:54,537 - INFO - Batch 1160/2278: Loss=0.0004, Cls=0.0004, Reg=0.0000, Con=0.0000
2025-09-14 01:05:55,414 - INFO - Batch 1170/2278: Loss=1.1895, Cls=0.0013, Reg=0.0000, Con=3.9608
2025-09-14 01:05:56,317 - INFO - Batch 1180/2278: Loss=1.1884, Cls=0.0000, Reg=0.0000, Con=3.9613
2025-09-14 01:05:57,210 - INFO - Batch 1190/2278: Loss=1.1883, Cls=0.0000, Reg=0.0000, Con=3.9609
2025-09-14 01:05:58,086 - INFO - Batch 1200/2278: Loss=1.1883, Cls=0.0000, Reg=0.0000, Con=3.9611
2025-09-14 01:05:58,980 - INFO - Batch 1210/2278: Loss=1.1883, Cls=0.0000, Reg=0.0000, Con=3.9611
2025-09-14 01:05:59,848 - INFO - Batch 1220/2278: Loss=1.1883, Cls=0.0000, Reg=0.0000, Con=3.9609
2025-09-14 01:06:00,744 - INFO - Batch 1230/2278: Loss=0.0000, Cls=0.0000, Reg=0.0000, Con=0.0000
2025-09-14 01:06:01,619 - INFO - Batch 1240/2278: Loss=1.1882, Cls=0.0000, Reg=0.0000, Con=3.9608
2025-09-14 01:06:02,520 - INFO - Batch 1250/2278: Loss=1.1883, Cls=0.0000, Reg=0.0000, Con=3.9609
2025-09-14 01:06:03,357 - INFO - Batch 1260/2278: Loss=0.0000, Cls=0.0000, Reg=0.0000, Con=0.0000
2025-09-14 01:06:04,248 - INFO - Batch 1270/2278: Loss=1.1885, Cls=0.0002, Reg=0.0000, Con=3.9610
2025-09-14 01:06:05,119 - INFO - Batch 1280/2278: Loss=1.1882, Cls=0.0000, Reg=0.0000, Con=3.9607
2025-09-14 01:06:06,053 - INFO - Batch 1290/2278: Loss=0.0000, Cls=0.0000, Reg=0.0000, Con=0.0000
2025-09-14 01:06:06,929 - INFO - Batch 1300/2278: Loss=0.0002, Cls=0.0002, Reg=0.0000, Con=0.0000
2025-09-14 01:06:07,812 - INFO - Batch 1310/2278: Loss=1.3618, Cls=0.1736, Reg=0.0000, Con=3.9608
2025-09-14 01:06:08,693 - INFO - Batch 1320/2278: Loss=1.1883, Cls=0.0000, Reg=0.0000, Con=3.9610
2025-09-14 01:06:09,562 - INFO - Batch 1330/2278: Loss=1.1890, Cls=0.0007, Reg=0.0000, Con=3.9610
2025-09-14 01:06:10,436 - INFO - Batch 1340/2278: Loss=1.1882, Cls=0.0000, Reg=0.0000, Con=3.9608
2025-09-14 01:06:11,320 - INFO - Batch 1350/2278: Loss=1.1882, Cls=0.0000, Reg=0.0000, Con=3.9608
2025-09-14 01:06:12,205 - INFO - Batch 1360/2278: Loss=1.1884, Cls=0.0000, Reg=0.0000, Con=3.9612
2025-09-14 01:06:13,076 - INFO - Batch 1370/2278: Loss=6.8008, Cls=5.6125, Reg=0.0000, Con=3.9610
2025-09-14 01:06:13,967 - INFO - Batch 1380/2278: Loss=1.1884, Cls=0.0001, Reg=0.0000, Con=3.9608
2025-09-14 01:06:14,844 - INFO - Batch 1390/2278: Loss=1.1883, Cls=0.0000, Reg=0.0000, Con=3.9610
2025-09-14 01:06:15,749 - INFO - Batch 1400/2278: Loss=1.1884, Cls=0.0000, Reg=0.0000, Con=3.9615
2025-09-14 01:06:16,628 - INFO - Batch 1410/2278: Loss=0.0000, Cls=0.0000, Reg=0.0000, Con=0.0000
2025-09-14 01:06:17,496 - INFO - Batch 1420/2278: Loss=1.1883, Cls=0.0000, Reg=0.0000, Con=3.9610
2025-09-14 01:06:18,366 - INFO - Batch 1430/2278: Loss=0.0000, Cls=0.0000, Reg=0.0000, Con=0.0000
2025-09-14 01:06:19,275 - INFO - Batch 1440/2278: Loss=1.2072, Cls=0.0190, Reg=0.0000, Con=3.9606
2025-09-14 01:06:20,175 - INFO - Batch 1450/2278: Loss=0.0000, Cls=0.0000, Reg=0.0000, Con=0.0000
2025-09-14 01:06:21,034 - INFO - Batch 1460/2278: Loss=0.0002, Cls=0.0002, Reg=0.0000, Con=0.0000
2025-09-14 01:06:21,934 - INFO - Batch 1470/2278: Loss=1.1882, Cls=0.0000, Reg=0.0000, Con=3.9607
2025-09-14 01:06:22,798 - INFO - Batch 1480/2278: Loss=1.1902, Cls=0.0019, Reg=0.0000, Con=3.9608
2025-09-14 01:06:23,687 - INFO - Batch 1490/2278: Loss=0.0000, Cls=0.0000, Reg=0.0000, Con=0.0000
2025-09-14 01:06:24,549 - INFO - Batch 1500/2278: Loss=1.1888, Cls=0.0005, Reg=0.0000, Con=3.9610
2025-09-14 01:06:25,442 - INFO - Batch 1510/2278: Loss=1.2198, Cls=0.0316, Reg=0.0000, Con=3.9609
2025-09-14 01:06:26,297 - INFO - Batch 1520/2278: Loss=0.0007, Cls=0.0007, Reg=0.0000, Con=0.0000
2025-09-14 01:06:27,170 - INFO - Batch 1530/2278: Loss=1.1882, Cls=0.0000, Reg=0.0000, Con=3.9608
2025-09-14 01:06:28,072 - INFO - Batch 1540/2278: Loss=1.1966, Cls=0.0083, Reg=0.0000, Con=3.9610
2025-09-14 01:06:28,955 - INFO - Batch 1550/2278: Loss=1.1883, Cls=0.0000, Reg=0.0000, Con=3.9611
2025-09-14 01:06:29,844 - INFO - Batch 1560/2278: Loss=1.1883, Cls=0.0000, Reg=0.0000, Con=3.9608
2025-09-14 01:06:30,703 - INFO - Batch 1570/2278: Loss=0.0003, Cls=0.0003, Reg=0.0000, Con=0.0000
2025-09-14 01:06:31,571 - INFO - Batch 1580/2278: Loss=1.1882, Cls=0.0000, Reg=0.0000, Con=3.9608
2025-09-14 01:06:32,460 - INFO - Batch 1590/2278: Loss=0.4307, Cls=0.4307, Reg=0.0000, Con=0.0000
2025-09-14 01:06:33,336 - INFO - Batch 1600/2278: Loss=1.1882, Cls=0.0000, Reg=0.0000, Con=3.9608
2025-09-14 01:06:34,202 - INFO - Batch 1610/2278: Loss=0.0000, Cls=0.0000, Reg=0.0000, Con=0.0000
2025-09-14 01:06:35,097 - INFO - Batch 1620/2278: Loss=1.1882, Cls=0.0000, Reg=0.0000, Con=3.9608
2025-09-14 01:06:35,961 - INFO - Batch 1630/2278: Loss=1.1883, Cls=0.0000, Reg=0.0000, Con=3.9610
2025-09-14 01:06:36,812 - INFO - Batch 1640/2278: Loss=0.0000, Cls=0.0000, Reg=0.0000, Con=0.0000
2025-09-14 01:06:37,705 - INFO - Batch 1650/2278: Loss=1.1883, Cls=0.0000, Reg=0.0000, Con=3.9609
2025-09-14 01:06:38,595 - INFO - Batch 1660/2278: Loss=1.1884, Cls=0.0000, Reg=0.0000, Con=3.9613
2025-09-14 01:06:39,458 - INFO - Batch 1670/2278: Loss=1.1883, Cls=0.0000, Reg=0.0000, Con=3.9609
2025-09-14 01:06:40,336 - INFO - Batch 1680/2278: Loss=1.1882, Cls=0.0000, Reg=0.0000, Con=3.9607
2025-09-14 01:06:41,178 - INFO - Batch 1690/2278: Loss=1.1883, Cls=0.0000, Reg=0.0000, Con=3.9610
2025-09-14 01:06:42,039 - INFO - Batch 1700/2278: Loss=1.1883, Cls=0.0000, Reg=0.0000, Con=3.9608
2025-09-14 01:06:42,910 - INFO - Batch 1710/2278: Loss=0.0000, Cls=0.0000, Reg=0.0000, Con=0.0000
2025-09-14 01:06:43,791 - INFO - Batch 1720/2278: Loss=0.0000, Cls=0.0000, Reg=0.0000, Con=0.0000
2025-09-14 01:06:44,654 - INFO - Batch 1730/2278: Loss=1.1883, Cls=0.0000, Reg=0.0000, Con=3.9608
2025-09-14 01:06:45,537 - INFO - Batch 1740/2278: Loss=1.1913, Cls=0.0031, Reg=0.0000, Con=3.9609
2025-09-14 01:06:46,401 - INFO - Batch 1750/2278: Loss=0.0000, Cls=0.0000, Reg=0.0000, Con=0.0000
2025-09-14 01:06:47,267 - INFO - Batch 1760/2278: Loss=1.1884, Cls=0.0000, Reg=0.0000, Con=3.9612
2025-09-14 01:06:48,154 - INFO - Batch 1770/2278: Loss=0.0000, Cls=0.0000, Reg=0.0000, Con=0.0000
2025-09-14 01:06:49,045 - INFO - Batch 1780/2278: Loss=0.0008, Cls=0.0008, Reg=0.0000, Con=0.0000
2025-09-14 01:06:49,939 - INFO - Batch 1790/2278: Loss=5.7719, Cls=5.7719, Reg=0.0000, Con=0.0000
2025-09-14 01:06:50,830 - INFO - Batch 1800/2278: Loss=1.1882, Cls=0.0000, Reg=0.0000, Con=3.9607
2025-09-14 01:06:51,694 - INFO - Batch 1810/2278: Loss=0.0047, Cls=0.0047, Reg=0.0000, Con=0.0000
2025-09-14 01:06:52,563 - INFO - Batch 1820/2278: Loss=0.0000, Cls=0.0000, Reg=0.0000, Con=0.0000
2025-09-14 01:06:53,432 - INFO - Batch 1830/2278: Loss=1.1882, Cls=0.0000, Reg=0.0000, Con=3.9608
2025-09-14 01:06:54,314 - INFO - Batch 1840/2278: Loss=0.0000, Cls=0.0000, Reg=0.0000, Con=0.0000
2025-09-14 01:06:55,209 - INFO - Batch 1850/2278: Loss=1.1883, Cls=0.0000, Reg=0.0000, Con=3.9609
2025-09-14 01:06:56,090 - INFO - Batch 1860/2278: Loss=1.1882, Cls=0.0000, Reg=0.0000, Con=3.9607
2025-09-14 01:06:57,008 - INFO - Batch 1870/2278: Loss=0.0052, Cls=0.0052, Reg=0.0000, Con=0.0000
2025-09-14 01:06:57,907 - INFO - Batch 1880/2278: Loss=1.1946, Cls=0.0063, Reg=0.0000, Con=3.9608
2025-09-14 01:06:58,792 - INFO - Batch 1890/2278: Loss=0.0000, Cls=0.0000, Reg=0.0000, Con=0.0000
2025-09-14 01:06:59,671 - INFO - Batch 1900/2278: Loss=0.0000, Cls=0.0000, Reg=0.0000, Con=0.0000
2025-09-14 01:07:00,515 - INFO - Batch 1910/2278: Loss=1.1883, Cls=0.0000, Reg=0.0000, Con=3.9610
2025-09-14 01:07:01,370 - INFO - Batch 1920/2278: Loss=0.0000, Cls=0.0000, Reg=0.0000, Con=0.0000
2025-09-14 01:07:02,261 - INFO - Batch 1930/2278: Loss=1.1883, Cls=0.0000, Reg=0.0000, Con=3.9611
2025-09-14 01:07:03,121 - INFO - Batch 1940/2278: Loss=1.1882, Cls=0.0000, Reg=0.0000, Con=3.9607
2025-09-14 01:07:03,966 - INFO - Batch 1950/2278: Loss=1.1883, Cls=0.0000, Reg=0.0000, Con=3.9609
2025-09-14 01:07:04,828 - INFO - Batch 1960/2278: Loss=1.1883, Cls=0.0000, Reg=0.0000, Con=3.9610
2025-09-14 01:07:05,692 - INFO - Batch 1970/2278: Loss=0.0000, Cls=0.0000, Reg=0.0000, Con=0.0000
2025-09-14 01:07:06,607 - INFO - Batch 1980/2278: Loss=1.1883, Cls=0.0000, Reg=0.0000, Con=3.9610
2025-09-14 01:07:07,467 - INFO - Batch 1990/2278: Loss=1.1882, Cls=0.0000, Reg=0.0000, Con=3.9608
2025-09-14 01:07:08,308 - INFO - Batch 2000/2278: Loss=1.1883, Cls=0.0000, Reg=0.0000, Con=3.9610
2025-09-14 01:07:09,158 - INFO - Batch 2010/2278: Loss=1.1882, Cls=0.0000, Reg=0.0000, Con=3.9608
2025-09-14 01:07:10,047 - INFO - Batch 2020/2278: Loss=1.1882, Cls=0.0000, Reg=0.0000, Con=3.9608
2025-09-14 01:07:10,939 - INFO - Batch 2030/2278: Loss=1.1882, Cls=0.0000, Reg=0.0000, Con=3.9608
2025-09-14 01:07:11,802 - INFO - Batch 2040/2278: Loss=1.1883, Cls=0.0000, Reg=0.0000, Con=3.9610
2025-09-14 01:07:12,701 - INFO - Batch 2050/2278: Loss=0.0000, Cls=0.0000, Reg=0.0000, Con=0.0000
2025-09-14 01:07:13,561 - INFO - Batch 2060/2278: Loss=1.1918, Cls=0.0035, Reg=0.0000, Con=3.9609
2025-09-14 01:07:14,454 - INFO - Batch 2070/2278: Loss=0.0002, Cls=0.0002, Reg=0.0000, Con=0.0000
2025-09-14 01:07:15,333 - INFO - Batch 2080/2278: Loss=1.1884, Cls=0.0000, Reg=0.0000, Con=3.9613
2025-09-14 01:07:16,188 - INFO - Batch 2090/2278: Loss=1.1882, Cls=0.0000, Reg=0.0000, Con=3.9607
2025-09-14 01:07:17,080 - INFO - Batch 2100/2278: Loss=1.1886, Cls=0.0000, Reg=0.0000, Con=3.9619
2025-09-14 01:07:17,938 - INFO - Batch 2110/2278: Loss=1.1883, Cls=0.0000, Reg=0.0000, Con=3.9609
2025-09-14 01:07:18,816 - INFO - Batch 2120/2278: Loss=0.0000, Cls=0.0000, Reg=0.0000, Con=0.0000
2025-09-14 01:07:19,693 - INFO - Batch 2130/2278: Loss=0.0000, Cls=0.0000, Reg=0.0000, Con=0.0000
2025-09-14 01:07:20,573 - INFO - Batch 2140/2278: Loss=0.0067, Cls=0.0067, Reg=0.0000, Con=0.0000
2025-09-14 01:07:21,409 - INFO - Batch 2150/2278: Loss=1.1882, Cls=0.0000, Reg=0.0000, Con=3.9608
2025-09-14 01:07:22,282 - INFO - Batch 2160/2278: Loss=1.1883, Cls=0.0000, Reg=0.0000, Con=3.9609
2025-09-14 01:07:23,154 - INFO - Batch 2170/2278: Loss=1.1882, Cls=0.0000, Reg=0.0000, Con=3.9608
2025-09-14 01:07:24,017 - INFO - Batch 2180/2278: Loss=0.0000, Cls=0.0000, Reg=0.0000, Con=0.0000
2025-09-14 01:07:24,874 - INFO - Batch 2190/2278: Loss=1.1883, Cls=0.0000, Reg=0.0000, Con=3.9609
2025-09-14 01:07:25,762 - INFO - Batch 2200/2278: Loss=1.1882, Cls=0.0000, Reg=0.0000, Con=3.9608
2025-09-14 01:07:26,606 - INFO - Batch 2210/2278: Loss=0.0000, Cls=0.0000, Reg=0.0000, Con=0.0000
2025-09-14 01:07:27,483 - INFO - Batch 2220/2278: Loss=0.0000, Cls=0.0000, Reg=0.0000, Con=0.0000
2025-09-14 01:07:28,346 - INFO - Batch 2230/2278: Loss=1.1883, Cls=0.0000, Reg=0.0000, Con=3.9609
2025-09-14 01:07:29,193 - INFO - Batch 2240/2278: Loss=1.1885, Cls=0.0000, Reg=0.0000, Con=3.9617
2025-09-14 01:07:30,075 - INFO - Batch 2250/2278: Loss=1.1883, Cls=0.0000, Reg=0.0000, Con=3.9608
2025-09-14 01:07:30,950 - INFO - Batch 2260/2278: Loss=0.0000, Cls=0.0000, Reg=0.0000, Con=0.0000
2025-09-14 01:07:31,810 - INFO - Batch 2270/2278: Loss=0.0000, Cls=0.0000, Reg=0.0000, Con=0.0000
2025-09-14 01:10:47,549 - INFO - === Epoch 3 Results ===
2025-09-14 01:10:47,549 - INFO - Training Loss: 0.8750 (Classification: 0.0915, Regression: 0.0000)
2025-09-14 01:10:47,549 - INFO - Validation Loss: 0.0204 (Classification: 0.0204, Regression: 0.0000)
2025-09-14 01:10:47,549 - INFO - Average Classification Accuracy: 0.9581 (on 1/26 tasks)
2025-09-14 01:10:47,549 - INFO - Average AUC: 0.9862
2025-09-14 01:10:50,376 - INFO - Best model saved to: experiments/r1c3_headft_cls_4_seed_42_20250914_005017/checkpoints/r1c3_headft_cls_4_seed_42_best.pth
2025-09-14 01:10:50,376 - INFO - Training finished!
2025-09-14 01:10:50,376 - INFO - Performing final evaluation...
2025-09-14 01:10:50,637 - INFO - Loaded best model from: experiments/r1c3_headft_cls_4_seed_42_20250914_005017/checkpoints/r1c3_headft_cls_4_seed_42_best.pth
2025-09-14 01:14:18,913 - INFO - Final Validation Results:
2025-09-14 01:14:18,914 - INFO -   Total Loss: 0.0204
2025-09-14 01:14:18,914 - INFO -   Classification Loss: 0.0204
2025-09-14 01:14:18,914 - INFO -   Regression Loss: 0.0000
2025-09-14 01:14:18,914 - INFO -   Average Classification Accuracy: 0.9581
2025-09-14 01:14:18,914 - INFO -   Average AUC: 0.9862
2025-09-14 01:14:18,914 - INFO - Results saved to: experiments/r1c3_headft_cls_4_seed_42_20250914_005017/checkpoints/r1c3_headft_cls_4_seed_42_results.json
