2025-09-13 21:23:41,178 - INFO - 🔬 Starting experiment: r1c3_single_cls_24_seed_42
2025-09-13 21:23:41,178 - INFO - 📁 Experiment directory: experiments/r1c3_single_cls_24_seed_42_20250913_212341
2025-09-13 21:23:41,178 - INFO - 🎲 Random seed: 42
2025-09-13 21:23:41,178 - INFO - 🔒 Deterministic mode: True
2025-09-13 21:23:41,178 - INFO - Using device: cuda
2025-09-13 21:23:41,178 - INFO - Total GPU Memory: 25.16 GB
2025-09-13 21:23:41,192 - INFO - 🧪 Fusion: Using cross-attention dynamic fusion
2025-09-13 21:23:41,192 - INFO - 🧪 GNN Backbone: Using default GraphAttentionNetwork branch
2025-09-13 21:23:41,192 - INFO - 🎯 Task Mode: Single classification endpoint 24
2025-09-13 21:23:41,193 - INFO - Configuration saved to: experiments/r1c3_single_cls_24_seed_42_20250913_212341/checkpoints/config.json
2025-09-13 21:23:41,193 - INFO - 🚀 Using preprocessed data from: data/data/processed
2025-09-13 21:23:41,193 - INFO - Loading LMDB dataset from: data/data/processed
2025-09-13 21:23:41,557 - INFO - Number of training batches: 2278
2025-09-13 21:23:41,557 - INFO - Number of validation batches: 2278
2025-09-13 21:23:41,557 - INFO - Number of test batches: 2278
2025-09-13 21:23:41,557 - INFO - Creating ToxD4C model...
2025-09-13 21:23:42,653 - INFO - Model created successfully. Total parameters: 100,932,036
2025-09-13 21:23:42,654 - INFO - Testing model forward pass...
2025-09-13 21:23:43,100 - INFO - Test output shapes:
2025-09-13 21:23:43,100 - INFO -   classification: torch.Size([16, 1])
2025-09-13 21:23:43,103 - INFO -   classification contains NaN: False
2025-09-13 21:23:43,103 - INFO -   classification contains Inf: False
2025-09-13 21:23:43,103 - INFO -   regression: torch.Size([16, 0])
2025-09-13 21:23:43,103 - INFO -   regression contains NaN: False
2025-09-13 21:23:43,103 - INFO -   regression contains Inf: False
2025-09-13 21:23:43,103 - INFO - Model forward pass test successful!
2025-09-13 21:23:43,791 - INFO - 🔁 Loaded checkpoint from: experiments/r1c3_multi_full_seed_42_20250913_152627/checkpoints/r1c3_multi_full_seed_42_best.pth
2025-09-13 21:23:43,792 - INFO - 🧩 Head-only fine-tuning: unfroze head for task 'SR-MMP' and froze trunk.
2025-09-13 21:23:43,793 - INFO - Starting training...
2025-09-13 21:23:43,793 - INFO - 
Epoch 1/3
2025-09-13 21:23:43,954 - INFO - Batch 0/2278: Loss=0.0025, Cls=0.0025, Reg=0.0000, Con=0.0000
2025-09-13 21:23:44,839 - INFO - Batch 10/2278: Loss=0.0014, Cls=0.0014, Reg=0.0000, Con=0.0000
2025-09-13 21:23:45,721 - INFO - Batch 20/2278: Loss=1.3519, Cls=0.1636, Reg=0.0000, Con=3.9610
2025-09-13 21:23:46,615 - INFO - Batch 30/2278: Loss=0.0000, Cls=0.0000, Reg=0.0000, Con=0.0000
2025-09-13 21:23:47,522 - INFO - Batch 40/2278: Loss=0.0075, Cls=0.0075, Reg=0.0000, Con=0.0000
2025-09-13 21:23:48,449 - INFO - Batch 50/2278: Loss=1.2065, Cls=0.0183, Reg=0.0000, Con=3.9609
2025-09-13 21:23:49,421 - INFO - Batch 60/2278: Loss=1.4311, Cls=0.2428, Reg=0.0000, Con=3.9609
2025-09-13 21:23:50,357 - INFO - Batch 70/2278: Loss=1.1882, Cls=0.0000, Reg=0.0000, Con=3.9608
2025-09-13 21:23:51,398 - INFO - Batch 80/2278: Loss=0.0007, Cls=0.0007, Reg=0.0000, Con=0.0000
2025-09-13 21:23:52,456 - INFO - Batch 90/2278: Loss=0.0048, Cls=0.0048, Reg=0.0000, Con=0.0000
2025-09-13 21:23:53,417 - INFO - Batch 100/2278: Loss=0.0201, Cls=0.0201, Reg=0.0000, Con=0.0000
2025-09-13 21:23:54,444 - INFO - Batch 110/2278: Loss=0.2771, Cls=0.2771, Reg=0.0000, Con=0.0000
2025-09-13 21:23:55,489 - INFO - Batch 120/2278: Loss=1.1934, Cls=0.0051, Reg=0.0000, Con=3.9609
2025-09-13 21:23:56,408 - INFO - Batch 130/2278: Loss=1.1889, Cls=0.0006, Reg=0.0000, Con=3.9609
2025-09-13 21:23:57,275 - INFO - Batch 140/2278: Loss=1.2073, Cls=0.0188, Reg=0.0000, Con=3.9615
2025-09-13 21:23:58,174 - INFO - Batch 150/2278: Loss=1.2679, Cls=0.0796, Reg=0.0000, Con=3.9610
2025-09-13 21:23:59,069 - INFO - Batch 160/2278: Loss=1.3834, Cls=0.1951, Reg=0.0000, Con=3.9611
2025-09-13 21:23:59,966 - INFO - Batch 170/2278: Loss=1.1905, Cls=0.0022, Reg=0.0000, Con=3.9611
2025-09-13 21:24:00,877 - INFO - Batch 180/2278: Loss=1.1886, Cls=0.0003, Reg=0.0000, Con=3.9610
2025-09-13 21:24:01,759 - INFO - Batch 190/2278: Loss=1.6073, Cls=0.4190, Reg=0.0000, Con=3.9608
2025-09-13 21:24:02,636 - INFO - Batch 200/2278: Loss=0.0711, Cls=0.0711, Reg=0.0000, Con=0.0000
2025-09-13 21:24:03,541 - INFO - Batch 210/2278: Loss=0.0012, Cls=0.0012, Reg=0.0000, Con=0.0000
2025-09-13 21:24:04,430 - INFO - Batch 220/2278: Loss=0.0058, Cls=0.0058, Reg=0.0000, Con=0.0000
2025-09-13 21:24:05,338 - INFO - Batch 230/2278: Loss=1.1905, Cls=0.0022, Reg=0.0000, Con=3.9610
2025-09-13 21:24:06,207 - INFO - Batch 240/2278: Loss=1.1890, Cls=0.0007, Reg=0.0000, Con=3.9608
2025-09-13 21:24:07,096 - INFO - Batch 250/2278: Loss=0.0001, Cls=0.0001, Reg=0.0000, Con=0.0000
2025-09-13 21:24:07,985 - INFO - Batch 260/2278: Loss=0.0024, Cls=0.0024, Reg=0.0000, Con=0.0000
2025-09-13 21:24:08,885 - INFO - Batch 270/2278: Loss=0.0000, Cls=0.0000, Reg=0.0000, Con=0.0000
2025-09-13 21:24:09,769 - INFO - Batch 280/2278: Loss=1.1892, Cls=0.0009, Reg=0.0000, Con=3.9611
2025-09-13 21:24:10,744 - INFO - Batch 290/2278: Loss=1.1965, Cls=1.1965, Reg=0.0000, Con=0.0000
2025-09-13 21:24:11,718 - INFO - Batch 300/2278: Loss=1.1888, Cls=0.0005, Reg=0.0000, Con=3.9609
2025-09-13 21:24:12,620 - INFO - Batch 310/2278: Loss=1.1925, Cls=0.0041, Reg=0.0000, Con=3.9612
2025-09-13 21:24:13,485 - INFO - Batch 320/2278: Loss=0.0003, Cls=0.0003, Reg=0.0000, Con=0.0000
2025-09-13 21:24:14,393 - INFO - Batch 330/2278: Loss=3.0367, Cls=1.8484, Reg=0.0000, Con=3.9609
2025-09-13 21:24:15,277 - INFO - Batch 340/2278: Loss=1.7409, Cls=0.5526, Reg=0.0000, Con=3.9610
2025-09-13 21:24:16,224 - INFO - Batch 350/2278: Loss=1.9795, Cls=0.7912, Reg=0.0000, Con=3.9611
2025-09-13 21:24:17,098 - INFO - Batch 360/2278: Loss=1.1882, Cls=0.0000, Reg=0.0000, Con=3.9607
2025-09-13 21:24:17,998 - INFO - Batch 370/2278: Loss=1.4679, Cls=0.2796, Reg=0.0000, Con=3.9609
2025-09-13 21:24:18,891 - INFO - Batch 380/2278: Loss=1.1884, Cls=0.0001, Reg=0.0000, Con=3.9607
2025-09-13 21:24:19,804 - INFO - Batch 390/2278: Loss=1.1882, Cls=0.0000, Reg=0.0000, Con=3.9607
2025-09-13 21:24:20,752 - INFO - Batch 400/2278: Loss=4.1765, Cls=4.1765, Reg=0.0000, Con=0.0000
2025-09-13 21:24:21,650 - INFO - Batch 410/2278: Loss=0.0000, Cls=0.0000, Reg=0.0000, Con=0.0000
2025-09-13 21:24:22,539 - INFO - Batch 420/2278: Loss=0.0051, Cls=0.0051, Reg=0.0000, Con=0.0000
2025-09-13 21:24:23,448 - INFO - Batch 430/2278: Loss=1.1972, Cls=0.0090, Reg=0.0000, Con=3.9607
2025-09-13 21:24:24,332 - INFO - Batch 440/2278: Loss=1.1882, Cls=0.0000, Reg=0.0000, Con=3.9608
2025-09-13 21:24:25,207 - INFO - Batch 450/2278: Loss=1.6858, Cls=0.4976, Reg=0.0000, Con=3.9607
2025-09-13 21:24:26,081 - INFO - Batch 460/2278: Loss=1.9343, Cls=0.7461, Reg=0.0000, Con=3.9607
2025-09-13 21:24:26,992 - INFO - Batch 470/2278: Loss=1.1885, Cls=0.0002, Reg=0.0000, Con=3.9611
2025-09-13 21:24:27,900 - INFO - Batch 480/2278: Loss=1.1884, Cls=0.0002, Reg=0.0000, Con=3.9607
2025-09-13 21:24:28,813 - INFO - Batch 490/2278: Loss=0.0000, Cls=0.0000, Reg=0.0000, Con=0.0000
2025-09-13 21:24:29,704 - INFO - Batch 500/2278: Loss=0.0001, Cls=0.0001, Reg=0.0000, Con=0.0000
2025-09-13 21:24:30,591 - INFO - Batch 510/2278: Loss=1.1883, Cls=0.0000, Reg=0.0000, Con=3.9609
2025-09-13 21:24:31,470 - INFO - Batch 520/2278: Loss=1.1885, Cls=0.0002, Reg=0.0000, Con=3.9608
2025-09-13 21:24:32,347 - INFO - Batch 530/2278: Loss=1.1891, Cls=0.0009, Reg=0.0000, Con=3.9608
2025-09-13 21:24:33,263 - INFO - Batch 540/2278: Loss=1.1961, Cls=0.0078, Reg=0.0000, Con=3.9610
2025-09-13 21:24:34,136 - INFO - Batch 550/2278: Loss=1.1882, Cls=0.0000, Reg=0.0000, Con=3.9607
2025-09-13 21:24:35,010 - INFO - Batch 560/2278: Loss=1.1884, Cls=0.0001, Reg=0.0000, Con=3.9609
2025-09-13 21:24:35,928 - INFO - Batch 570/2278: Loss=1.7685, Cls=0.5803, Reg=0.0000, Con=3.9608
2025-09-13 21:24:36,821 - INFO - Batch 580/2278: Loss=0.0017, Cls=0.0017, Reg=0.0000, Con=0.0000
2025-09-13 21:24:37,684 - INFO - Batch 590/2278: Loss=0.4092, Cls=0.4092, Reg=0.0000, Con=0.0000
2025-09-13 21:24:38,594 - INFO - Batch 600/2278: Loss=1.1883, Cls=0.0000, Reg=0.0000, Con=3.9609
2025-09-13 21:24:39,467 - INFO - Batch 610/2278: Loss=1.1912, Cls=0.0030, Reg=0.0000, Con=3.9609
2025-09-13 21:24:40,355 - INFO - Batch 620/2278: Loss=1.1977, Cls=0.0095, Reg=0.0000, Con=3.9608
2025-09-13 21:24:41,256 - INFO - Batch 630/2278: Loss=0.0000, Cls=0.0000, Reg=0.0000, Con=0.0000
2025-09-13 21:24:42,212 - INFO - Batch 640/2278: Loss=1.1961, Cls=0.0078, Reg=0.0000, Con=3.9608
2025-09-13 21:24:43,098 - INFO - Batch 650/2278: Loss=1.1885, Cls=0.0001, Reg=0.0000, Con=3.9613
2025-09-13 21:24:43,966 - INFO - Batch 660/2278: Loss=1.1882, Cls=0.0000, Reg=0.0000, Con=3.9608
2025-09-13 21:24:44,848 - INFO - Batch 670/2278: Loss=1.1892, Cls=0.0010, Reg=0.0000, Con=3.9608
2025-09-13 21:24:45,739 - INFO - Batch 680/2278: Loss=1.1883, Cls=0.0000, Reg=0.0000, Con=3.9608
2025-09-13 21:24:46,729 - INFO - Batch 690/2278: Loss=0.9056, Cls=0.9056, Reg=0.0000, Con=0.0000
2025-09-13 21:24:47,629 - INFO - Batch 700/2278: Loss=0.0000, Cls=0.0000, Reg=0.0000, Con=0.0000
2025-09-13 21:24:48,541 - INFO - Batch 710/2278: Loss=1.1882, Cls=0.0000, Reg=0.0000, Con=3.9607
2025-09-13 21:24:49,414 - INFO - Batch 720/2278: Loss=1.1883, Cls=0.0000, Reg=0.0000, Con=3.9609
2025-09-13 21:24:50,323 - INFO - Batch 730/2278: Loss=1.1973, Cls=0.0090, Reg=0.0000, Con=3.9613
2025-09-13 21:24:51,229 - INFO - Batch 740/2278: Loss=2.0290, Cls=0.8407, Reg=0.0000, Con=3.9610
2025-09-13 21:24:52,132 - INFO - Batch 750/2278: Loss=1.2382, Cls=0.0500, Reg=0.0000, Con=3.9609
2025-09-13 21:24:53,033 - INFO - Batch 760/2278: Loss=1.1948, Cls=0.0066, Reg=0.0000, Con=3.9608
2025-09-13 21:24:53,925 - INFO - Batch 770/2278: Loss=1.1883, Cls=0.0000, Reg=0.0000, Con=3.9610
2025-09-13 21:24:54,832 - INFO - Batch 780/2278: Loss=1.1952, Cls=0.0069, Reg=0.0000, Con=3.9608
2025-09-13 21:24:55,729 - INFO - Batch 790/2278: Loss=0.2343, Cls=0.2343, Reg=0.0000, Con=0.0000
2025-09-13 21:24:56,637 - INFO - Batch 800/2278: Loss=1.1884, Cls=0.0000, Reg=0.0000, Con=3.9612
2025-09-13 21:24:57,516 - INFO - Batch 810/2278: Loss=1.1884, Cls=0.0000, Reg=0.0000, Con=3.9612
2025-09-13 21:24:58,436 - INFO - Batch 820/2278: Loss=1.1883, Cls=0.0000, Reg=0.0000, Con=3.9609
2025-09-13 21:24:59,374 - INFO - Batch 830/2278: Loss=1.1883, Cls=0.0000, Reg=0.0000, Con=3.9609
2025-09-13 21:25:00,254 - INFO - Batch 840/2278: Loss=1.1925, Cls=0.0043, Reg=0.0000, Con=3.9608
2025-09-13 21:25:01,148 - INFO - Batch 850/2278: Loss=0.0280, Cls=0.0280, Reg=0.0000, Con=0.0000
2025-09-13 21:25:02,014 - INFO - Batch 860/2278: Loss=1.1922, Cls=0.0039, Reg=0.0000, Con=3.9607
2025-09-13 21:25:02,884 - INFO - Batch 870/2278: Loss=0.0000, Cls=0.0000, Reg=0.0000, Con=0.0000
2025-09-13 21:25:03,782 - INFO - Batch 880/2278: Loss=0.0032, Cls=0.0032, Reg=0.0000, Con=0.0000
2025-09-13 21:25:04,635 - INFO - Batch 890/2278: Loss=0.0005, Cls=0.0005, Reg=0.0000, Con=0.0000
2025-09-13 21:25:05,530 - INFO - Batch 900/2278: Loss=1.2169, Cls=0.0286, Reg=0.0000, Con=3.9609
2025-09-13 21:25:06,423 - INFO - Batch 910/2278: Loss=2.6964, Cls=1.5081, Reg=0.0000, Con=3.9609
2025-09-13 21:25:07,285 - INFO - Batch 920/2278: Loss=7.8273, Cls=6.6390, Reg=0.0000, Con=3.9610
2025-09-13 21:25:08,183 - INFO - Batch 930/2278: Loss=3.1055, Cls=1.9172, Reg=0.0000, Con=3.9608
2025-09-13 21:25:09,056 - INFO - Batch 940/2278: Loss=1.1932, Cls=0.0049, Reg=0.0000, Con=3.9609
2025-09-13 21:25:09,939 - INFO - Batch 950/2278: Loss=1.1883, Cls=0.0000, Reg=0.0000, Con=3.9611
2025-09-13 21:25:10,811 - INFO - Batch 960/2278: Loss=1.5139, Cls=0.3256, Reg=0.0000, Con=3.9609
2025-09-13 21:25:11,696 - INFO - Batch 970/2278: Loss=1.2802, Cls=0.0918, Reg=0.0000, Con=3.9612
2025-09-13 21:25:12,569 - INFO - Batch 980/2278: Loss=2.3981, Cls=2.3981, Reg=0.0000, Con=0.0000
2025-09-13 21:25:13,452 - INFO - Batch 990/2278: Loss=0.0000, Cls=0.0000, Reg=0.0000, Con=0.0000
2025-09-13 21:25:14,320 - INFO - Batch 1000/2278: Loss=1.2485, Cls=0.0602, Reg=0.0000, Con=3.9609
2025-09-13 21:25:15,230 - INFO - Batch 1010/2278: Loss=1.1882, Cls=0.0000, Reg=0.0000, Con=3.9608
2025-09-13 21:25:16,111 - INFO - Batch 1020/2278: Loss=0.0044, Cls=0.0044, Reg=0.0000, Con=0.0000
2025-09-13 21:25:16,998 - INFO - Batch 1030/2278: Loss=1.1885, Cls=0.0002, Reg=0.0000, Con=3.9610
2025-09-13 21:25:17,876 - INFO - Batch 1040/2278: Loss=1.1885, Cls=0.0003, Reg=0.0000, Con=3.9607
2025-09-13 21:25:18,739 - INFO - Batch 1050/2278: Loss=1.1887, Cls=0.0004, Reg=0.0000, Con=3.9609
2025-09-13 21:25:19,613 - INFO - Batch 1060/2278: Loss=1.2484, Cls=0.0602, Reg=0.0000, Con=3.9608
2025-09-13 21:25:20,507 - INFO - Batch 1070/2278: Loss=1.1892, Cls=0.0009, Reg=0.0000, Con=3.9608
2025-09-13 21:25:21,376 - INFO - Batch 1080/2278: Loss=0.1248, Cls=0.1248, Reg=0.0000, Con=0.0000
2025-09-13 21:25:22,307 - INFO - Batch 1090/2278: Loss=1.1883, Cls=0.0000, Reg=0.0000, Con=3.9609
2025-09-13 21:25:23,194 - INFO - Batch 1100/2278: Loss=6.3532, Cls=6.3532, Reg=0.0000, Con=0.0000
2025-09-13 21:25:24,108 - INFO - Batch 1110/2278: Loss=1.1887, Cls=0.0005, Reg=0.0000, Con=3.9608
2025-09-13 21:25:24,994 - INFO - Batch 1120/2278: Loss=0.0013, Cls=0.0013, Reg=0.0000, Con=0.0000
2025-09-13 21:25:25,908 - INFO - Batch 1130/2278: Loss=2.3996, Cls=1.2114, Reg=0.0000, Con=3.9608
2025-09-13 21:25:26,790 - INFO - Batch 1140/2278: Loss=1.2815, Cls=0.0933, Reg=0.0000, Con=3.9608
2025-09-13 21:25:27,658 - INFO - Batch 1150/2278: Loss=1.1904, Cls=0.0020, Reg=0.0000, Con=3.9611
2025-09-13 21:25:28,541 - INFO - Batch 1160/2278: Loss=1.2259, Cls=0.0377, Reg=0.0000, Con=3.9609
2025-09-13 21:25:29,415 - INFO - Batch 1170/2278: Loss=0.0001, Cls=0.0001, Reg=0.0000, Con=0.0000
2025-09-13 21:25:30,304 - INFO - Batch 1180/2278: Loss=1.1890, Cls=0.0008, Reg=0.0000, Con=3.9609
2025-09-13 21:25:31,189 - INFO - Batch 1190/2278: Loss=1.2068, Cls=0.0185, Reg=0.0000, Con=3.9609
2025-09-13 21:25:32,080 - INFO - Batch 1200/2278: Loss=0.0295, Cls=0.0295, Reg=0.0000, Con=0.0000
2025-09-13 21:25:32,979 - INFO - Batch 1210/2278: Loss=1.1914, Cls=0.0031, Reg=0.0000, Con=3.9610
2025-09-13 21:25:33,867 - INFO - Batch 1220/2278: Loss=0.0400, Cls=0.0400, Reg=0.0000, Con=0.0000
2025-09-13 21:25:34,756 - INFO - Batch 1230/2278: Loss=1.1903, Cls=0.0020, Reg=0.0000, Con=3.9609
2025-09-13 21:25:35,663 - INFO - Batch 1240/2278: Loss=1.1883, Cls=0.0000, Reg=0.0000, Con=3.9609
2025-09-13 21:25:36,544 - INFO - Batch 1250/2278: Loss=0.0000, Cls=0.0000, Reg=0.0000, Con=0.0000
2025-09-13 21:25:37,421 - INFO - Batch 1260/2278: Loss=0.0013, Cls=0.0013, Reg=0.0000, Con=0.0000
2025-09-13 21:25:38,306 - INFO - Batch 1270/2278: Loss=1.1883, Cls=0.0001, Reg=0.0000, Con=3.9609
2025-09-13 21:25:39,181 - INFO - Batch 1280/2278: Loss=1.1218, Cls=1.1218, Reg=0.0000, Con=0.0000
2025-09-13 21:25:40,052 - INFO - Batch 1290/2278: Loss=0.0133, Cls=0.0133, Reg=0.0000, Con=0.0000
2025-09-13 21:25:40,945 - INFO - Batch 1300/2278: Loss=1.1983, Cls=0.0100, Reg=0.0000, Con=3.9610
2025-09-13 21:25:41,840 - INFO - Batch 1310/2278: Loss=3.3107, Cls=2.1224, Reg=0.0000, Con=3.9611
2025-09-13 21:25:42,725 - INFO - Batch 1320/2278: Loss=0.0001, Cls=0.0001, Reg=0.0000, Con=0.0000
2025-09-13 21:25:43,594 - INFO - Batch 1330/2278: Loss=1.1886, Cls=0.0002, Reg=0.0000, Con=3.9613
2025-09-13 21:25:44,509 - INFO - Batch 1340/2278: Loss=1.1882, Cls=0.0000, Reg=0.0000, Con=3.9608
2025-09-13 21:25:45,398 - INFO - Batch 1350/2278: Loss=0.0003, Cls=0.0003, Reg=0.0000, Con=0.0000
2025-09-13 21:25:46,303 - INFO - Batch 1360/2278: Loss=1.4065, Cls=0.2182, Reg=0.0000, Con=3.9610
2025-09-13 21:25:47,231 - INFO - Batch 1370/2278: Loss=1.1882, Cls=0.0000, Reg=0.0000, Con=3.9608
2025-09-13 21:25:48,223 - INFO - Batch 1380/2278: Loss=1.4246, Cls=0.2364, Reg=0.0000, Con=3.9608
2025-09-13 21:25:49,113 - INFO - Batch 1390/2278: Loss=1.1925, Cls=0.0042, Reg=0.0000, Con=3.9608
2025-09-13 21:25:50,007 - INFO - Batch 1400/2278: Loss=1.2611, Cls=0.0728, Reg=0.0000, Con=3.9609
2025-09-13 21:25:51,023 - INFO - Batch 1410/2278: Loss=1.2434, Cls=0.0550, Reg=0.0000, Con=3.9612
2025-09-13 21:25:51,921 - INFO - Batch 1420/2278: Loss=0.0118, Cls=0.0118, Reg=0.0000, Con=0.0000
2025-09-13 21:25:52,795 - INFO - Batch 1430/2278: Loss=1.2290, Cls=0.0407, Reg=0.0000, Con=3.9609
2025-09-13 21:25:53,666 - INFO - Batch 1440/2278: Loss=1.1883, Cls=0.0000, Reg=0.0000, Con=3.9609
2025-09-13 21:25:54,541 - INFO - Batch 1450/2278: Loss=1.1882, Cls=0.0000, Reg=0.0000, Con=3.9608
2025-09-13 21:25:55,445 - INFO - Batch 1460/2278: Loss=0.0002, Cls=0.0002, Reg=0.0000, Con=0.0000
2025-09-13 21:25:56,331 - INFO - Batch 1470/2278: Loss=1.1883, Cls=0.0000, Reg=0.0000, Con=3.9609
2025-09-13 21:25:57,209 - INFO - Batch 1480/2278: Loss=1.1912, Cls=0.0030, Reg=0.0000, Con=3.9607
2025-09-13 21:25:58,115 - INFO - Batch 1490/2278: Loss=1.1883, Cls=0.0001, Reg=0.0000, Con=3.9609
2025-09-13 21:25:59,011 - INFO - Batch 1500/2278: Loss=1.1883, Cls=0.0001, Reg=0.0000, Con=3.9609
2025-09-13 21:25:59,904 - INFO - Batch 1510/2278: Loss=0.0000, Cls=0.0000, Reg=0.0000, Con=0.0000
2025-09-13 21:26:00,796 - INFO - Batch 1520/2278: Loss=3.0923, Cls=1.9040, Reg=0.0000, Con=3.9608
2025-09-13 21:26:01,661 - INFO - Batch 1530/2278: Loss=1.3826, Cls=0.1943, Reg=0.0000, Con=3.9608
2025-09-13 21:26:02,541 - INFO - Batch 1540/2278: Loss=1.7199, Cls=0.5317, Reg=0.0000, Con=3.9609
2025-09-13 21:26:03,434 - INFO - Batch 1550/2278: Loss=1.4073, Cls=0.2190, Reg=0.0000, Con=3.9610
2025-09-13 21:26:04,314 - INFO - Batch 1560/2278: Loss=2.2165, Cls=1.0283, Reg=0.0000, Con=3.9609
2025-09-13 21:26:05,213 - INFO - Batch 1570/2278: Loss=1.2264, Cls=0.0382, Reg=0.0000, Con=3.9608
2025-09-13 21:26:06,127 - INFO - Batch 1580/2278: Loss=1.1919, Cls=0.0036, Reg=0.0000, Con=3.9608
2025-09-13 21:26:07,010 - INFO - Batch 1590/2278: Loss=1.6709, Cls=0.4827, Reg=0.0000, Con=3.9609
2025-09-13 21:26:07,864 - INFO - Batch 1600/2278: Loss=1.1883, Cls=0.0000, Reg=0.0000, Con=3.9608
2025-09-13 21:26:08,737 - INFO - Batch 1610/2278: Loss=0.3325, Cls=0.3325, Reg=0.0000, Con=0.0000
2025-09-13 21:26:09,605 - INFO - Batch 1620/2278: Loss=0.0142, Cls=0.0142, Reg=0.0000, Con=0.0000
2025-09-13 21:26:10,494 - INFO - Batch 1630/2278: Loss=1.1882, Cls=0.0000, Reg=0.0000, Con=3.9608
2025-09-13 21:26:11,370 - INFO - Batch 1640/2278: Loss=0.0030, Cls=0.0030, Reg=0.0000, Con=0.0000
2025-09-13 21:26:12,243 - INFO - Batch 1650/2278: Loss=0.5580, Cls=0.5580, Reg=0.0000, Con=0.0000
2025-09-13 21:26:13,135 - INFO - Batch 1660/2278: Loss=0.8415, Cls=0.8415, Reg=0.0000, Con=0.0000
2025-09-13 21:26:13,984 - INFO - Batch 1670/2278: Loss=1.1884, Cls=0.0000, Reg=0.0000, Con=3.9612
2025-09-13 21:26:14,928 - INFO - Batch 1680/2278: Loss=0.0004, Cls=0.0004, Reg=0.0000, Con=0.0000
2025-09-13 21:26:15,818 - INFO - Batch 1690/2278: Loss=1.1895, Cls=0.0011, Reg=0.0000, Con=3.9612
2025-09-13 21:26:16,687 - INFO - Batch 1700/2278: Loss=1.1896, Cls=0.0013, Reg=0.0000, Con=3.9612
2025-09-13 21:26:17,563 - INFO - Batch 1710/2278: Loss=0.0006, Cls=0.0006, Reg=0.0000, Con=0.0000
2025-09-13 21:26:18,431 - INFO - Batch 1720/2278: Loss=1.2973, Cls=0.1090, Reg=0.0000, Con=3.9608
2025-09-13 21:26:19,302 - INFO - Batch 1730/2278: Loss=0.0089, Cls=0.0089, Reg=0.0000, Con=0.0000
2025-09-13 21:26:20,196 - INFO - Batch 1740/2278: Loss=0.0000, Cls=0.0000, Reg=0.0000, Con=0.0000
2025-09-13 21:26:21,074 - INFO - Batch 1750/2278: Loss=1.1883, Cls=0.0000, Reg=0.0000, Con=3.9609
2025-09-13 21:26:21,950 - INFO - Batch 1760/2278: Loss=1.1885, Cls=0.0002, Reg=0.0000, Con=3.9609
2025-09-13 21:26:22,857 - INFO - Batch 1770/2278: Loss=1.1882, Cls=0.0000, Reg=0.0000, Con=3.9608
2025-09-13 21:26:23,742 - INFO - Batch 1780/2278: Loss=1.1938, Cls=0.0055, Reg=0.0000, Con=3.9608
2025-09-13 21:26:24,628 - INFO - Batch 1790/2278: Loss=0.0083, Cls=0.0083, Reg=0.0000, Con=0.0000
2025-09-13 21:26:25,513 - INFO - Batch 1800/2278: Loss=0.0193, Cls=0.0193, Reg=0.0000, Con=0.0000
2025-09-13 21:26:26,399 - INFO - Batch 1810/2278: Loss=0.0000, Cls=0.0000, Reg=0.0000, Con=0.0000
2025-09-13 21:26:27,292 - INFO - Batch 1820/2278: Loss=1.1910, Cls=0.0027, Reg=0.0000, Con=3.9611
2025-09-13 21:26:28,161 - INFO - Batch 1830/2278: Loss=0.0156, Cls=0.0156, Reg=0.0000, Con=0.0000
2025-09-13 21:26:29,020 - INFO - Batch 1840/2278: Loss=0.0044, Cls=0.0044, Reg=0.0000, Con=0.0000
2025-09-13 21:26:29,937 - INFO - Batch 1850/2278: Loss=1.1883, Cls=0.0000, Reg=0.0000, Con=3.9608
2025-09-13 21:26:30,836 - INFO - Batch 1860/2278: Loss=0.0239, Cls=0.0239, Reg=0.0000, Con=0.0000
2025-09-13 21:26:31,715 - INFO - Batch 1870/2278: Loss=1.1883, Cls=0.0000, Reg=0.0000, Con=3.9608
2025-09-13 21:26:32,576 - INFO - Batch 1880/2278: Loss=0.0000, Cls=0.0000, Reg=0.0000, Con=0.0000
2025-09-13 21:26:33,475 - INFO - Batch 1890/2278: Loss=1.1898, Cls=0.0016, Reg=0.0000, Con=3.9609
2025-09-13 21:26:34,339 - INFO - Batch 1900/2278: Loss=0.0077, Cls=0.0077, Reg=0.0000, Con=0.0000
2025-09-13 21:26:35,205 - INFO - Batch 1910/2278: Loss=0.0029, Cls=0.0029, Reg=0.0000, Con=0.0000
2025-09-13 21:26:36,127 - INFO - Batch 1920/2278: Loss=1.2136, Cls=0.0253, Reg=0.0000, Con=3.9607
2025-09-13 21:26:37,004 - INFO - Batch 1930/2278: Loss=1.1958, Cls=0.0075, Reg=0.0000, Con=3.9607
2025-09-13 21:26:37,892 - INFO - Batch 1940/2278: Loss=1.2400, Cls=0.0518, Reg=0.0000, Con=3.9608
2025-09-13 21:26:38,751 - INFO - Batch 1950/2278: Loss=1.1882, Cls=0.0000, Reg=0.0000, Con=3.9608
2025-09-13 21:26:39,628 - INFO - Batch 1960/2278: Loss=1.1946, Cls=0.0064, Reg=0.0000, Con=3.9609
2025-09-13 21:26:40,501 - INFO - Batch 1970/2278: Loss=1.1883, Cls=0.0000, Reg=0.0000, Con=3.9611
2025-09-13 21:26:41,384 - INFO - Batch 1980/2278: Loss=1.1888, Cls=0.0006, Reg=0.0000, Con=3.9608
2025-09-13 21:26:42,262 - INFO - Batch 1990/2278: Loss=1.1923, Cls=0.0039, Reg=0.0000, Con=3.9615
2025-09-13 21:26:43,123 - INFO - Batch 2000/2278: Loss=0.3444, Cls=0.3444, Reg=0.0000, Con=0.0000
2025-09-13 21:26:44,009 - INFO - Batch 2010/2278: Loss=1.1885, Cls=0.0002, Reg=0.0000, Con=3.9608
2025-09-13 21:26:44,880 - INFO - Batch 2020/2278: Loss=1.2259, Cls=0.0376, Reg=0.0000, Con=3.9608
2025-09-13 21:26:45,758 - INFO - Batch 2030/2278: Loss=1.1882, Cls=0.0000, Reg=0.0000, Con=3.9607
2025-09-13 21:26:46,648 - INFO - Batch 2040/2278: Loss=1.1911, Cls=0.0028, Reg=0.0000, Con=3.9609
2025-09-13 21:26:47,546 - INFO - Batch 2050/2278: Loss=1.1887, Cls=0.0004, Reg=0.0000, Con=3.9608
2025-09-13 21:26:48,404 - INFO - Batch 2060/2278: Loss=0.0000, Cls=0.0000, Reg=0.0000, Con=0.0000
2025-09-13 21:26:49,303 - INFO - Batch 2070/2278: Loss=1.1894, Cls=0.0011, Reg=0.0000, Con=3.9611
2025-09-13 21:26:50,187 - INFO - Batch 2080/2278: Loss=1.1883, Cls=0.0001, Reg=0.0000, Con=3.9610
2025-09-13 21:26:51,070 - INFO - Batch 2090/2278: Loss=1.1885, Cls=0.0001, Reg=0.0000, Con=3.9612
2025-09-13 21:26:51,941 - INFO - Batch 2100/2278: Loss=1.1883, Cls=0.0000, Reg=0.0000, Con=3.9611
2025-09-13 21:26:52,815 - INFO - Batch 2110/2278: Loss=1.1896, Cls=0.0014, Reg=0.0000, Con=3.9609
2025-09-13 21:26:53,699 - INFO - Batch 2120/2278: Loss=1.1073, Cls=1.1073, Reg=0.0000, Con=0.0000
2025-09-13 21:26:54,591 - INFO - Batch 2130/2278: Loss=1.1906, Cls=0.0024, Reg=0.0000, Con=3.9606
2025-09-13 21:26:55,470 - INFO - Batch 2140/2278: Loss=1.1890, Cls=0.0008, Reg=0.0000, Con=3.9608
2025-09-13 21:26:56,353 - INFO - Batch 2150/2278: Loss=1.3158, Cls=0.1276, Reg=0.0000, Con=3.9607
2025-09-13 21:26:57,223 - INFO - Batch 2160/2278: Loss=3.2417, Cls=2.0534, Reg=0.0000, Con=3.9608
2025-09-13 21:26:58,103 - INFO - Batch 2170/2278: Loss=1.1885, Cls=0.0002, Reg=0.0000, Con=3.9609
2025-09-13 21:26:58,956 - INFO - Batch 2180/2278: Loss=0.1916, Cls=0.1916, Reg=0.0000, Con=0.0000
2025-09-13 21:26:59,850 - INFO - Batch 2190/2278: Loss=0.0006, Cls=0.0006, Reg=0.0000, Con=0.0000
2025-09-13 21:27:00,757 - INFO - Batch 2200/2278: Loss=1.5544, Cls=0.3663, Reg=0.0000, Con=3.9605
2025-09-13 21:27:01,664 - INFO - Batch 2210/2278: Loss=1.1898, Cls=0.0016, Reg=0.0000, Con=3.9609
2025-09-13 21:27:02,552 - INFO - Batch 2220/2278: Loss=1.1883, Cls=0.0000, Reg=0.0000, Con=3.9610
2025-09-13 21:27:03,520 - INFO - Batch 2230/2278: Loss=0.0000, Cls=0.0000, Reg=0.0000, Con=0.0000
2025-09-13 21:27:04,456 - INFO - Batch 2240/2278: Loss=0.0045, Cls=0.0045, Reg=0.0000, Con=0.0000
2025-09-13 21:27:05,353 - INFO - Batch 2250/2278: Loss=4.0558, Cls=2.8675, Reg=0.0000, Con=3.9609
2025-09-13 21:27:06,295 - INFO - Batch 2260/2278: Loss=1.1909, Cls=0.0026, Reg=0.0000, Con=3.9608
2025-09-13 21:27:07,273 - INFO - Batch 2270/2278: Loss=0.1002, Cls=0.1002, Reg=0.0000, Con=0.0000
2025-09-13 21:30:38,072 - INFO - === Epoch 1 Results ===
2025-09-13 21:30:38,072 - INFO - Training Loss: 0.9932 (Classification: 0.2222, Regression: 0.0000)
2025-09-13 21:30:38,072 - INFO - Validation Loss: 0.0793 (Classification: 0.0793, Regression: 0.0000)
2025-09-13 21:30:38,072 - INFO - Average Classification Accuracy: 0.8985 (on 1/26 tasks)
2025-09-13 21:30:38,073 - INFO - Average AUC: 0.9148
2025-09-13 21:30:38,606 - INFO - Best model saved to: experiments/r1c3_single_cls_24_seed_42_20250913_212341/checkpoints/r1c3_single_cls_24_seed_42_best.pth
2025-09-13 21:30:38,606 - INFO - 
Epoch 2/3
2025-09-13 21:30:38,706 - INFO - Batch 0/2278: Loss=0.0011, Cls=0.0011, Reg=0.0000, Con=0.0000
2025-09-13 21:30:39,623 - INFO - Batch 10/2278: Loss=1.1886, Cls=0.0005, Reg=0.0000, Con=3.9604
2025-09-13 21:30:40,525 - INFO - Batch 20/2278: Loss=1.4077, Cls=0.2194, Reg=0.0000, Con=3.9610
2025-09-13 21:30:41,425 - INFO - Batch 30/2278: Loss=1.1903, Cls=0.0021, Reg=0.0000, Con=3.9608
2025-09-13 21:30:42,310 - INFO - Batch 40/2278: Loss=1.1883, Cls=0.0001, Reg=0.0000, Con=3.9608
2025-09-13 21:30:43,251 - INFO - Batch 50/2278: Loss=0.0000, Cls=0.0000, Reg=0.0000, Con=0.0000
2025-09-13 21:30:44,129 - INFO - Batch 60/2278: Loss=0.0324, Cls=0.0324, Reg=0.0000, Con=0.0000
2025-09-13 21:30:45,020 - INFO - Batch 70/2278: Loss=1.1892, Cls=0.0009, Reg=0.0000, Con=3.9607
2025-09-13 21:30:45,917 - INFO - Batch 80/2278: Loss=1.1883, Cls=0.0000, Reg=0.0000, Con=3.9609
2025-09-13 21:30:46,829 - INFO - Batch 90/2278: Loss=0.0001, Cls=0.0001, Reg=0.0000, Con=0.0000
2025-09-13 21:30:47,767 - INFO - Batch 100/2278: Loss=1.1904, Cls=0.0021, Reg=0.0000, Con=3.9609
2025-09-13 21:30:48,686 - INFO - Batch 110/2278: Loss=1.1883, Cls=0.0000, Reg=0.0000, Con=3.9609
2025-09-13 21:30:49,617 - INFO - Batch 120/2278: Loss=0.0023, Cls=0.0023, Reg=0.0000, Con=0.0000
2025-09-13 21:30:50,527 - INFO - Batch 130/2278: Loss=1.1900, Cls=0.0017, Reg=0.0000, Con=3.9607
2025-09-13 21:30:51,438 - INFO - Batch 140/2278: Loss=1.1916, Cls=0.0033, Reg=0.0000, Con=3.9609
2025-09-13 21:30:52,346 - INFO - Batch 150/2278: Loss=1.1884, Cls=0.0001, Reg=0.0000, Con=3.9611
2025-09-13 21:30:53,267 - INFO - Batch 160/2278: Loss=1.1916, Cls=0.0033, Reg=0.0000, Con=3.9609
2025-09-13 21:30:54,175 - INFO - Batch 170/2278: Loss=0.0002, Cls=0.0002, Reg=0.0000, Con=0.0000
2025-09-13 21:30:55,093 - INFO - Batch 180/2278: Loss=1.2227, Cls=0.0344, Reg=0.0000, Con=3.9609
2025-09-13 21:30:55,993 - INFO - Batch 190/2278: Loss=0.0019, Cls=0.0019, Reg=0.0000, Con=0.0000
2025-09-13 21:30:56,950 - INFO - Batch 200/2278: Loss=1.1917, Cls=0.0035, Reg=0.0000, Con=3.9608
2025-09-13 21:30:57,864 - INFO - Batch 210/2278: Loss=1.1883, Cls=0.0000, Reg=0.0000, Con=3.9609
2025-09-13 21:30:58,768 - INFO - Batch 220/2278: Loss=0.0000, Cls=0.0000, Reg=0.0000, Con=0.0000
2025-09-13 21:30:59,678 - INFO - Batch 230/2278: Loss=0.0008, Cls=0.0008, Reg=0.0000, Con=0.0000
2025-09-13 21:31:00,605 - INFO - Batch 240/2278: Loss=0.0191, Cls=0.0191, Reg=0.0000, Con=0.0000
2025-09-13 21:31:01,534 - INFO - Batch 250/2278: Loss=0.0001, Cls=0.0001, Reg=0.0000, Con=0.0000
2025-09-13 21:31:02,430 - INFO - Batch 260/2278: Loss=0.0204, Cls=0.0204, Reg=0.0000, Con=0.0000
2025-09-13 21:31:03,338 - INFO - Batch 270/2278: Loss=1.1883, Cls=0.0000, Reg=0.0000, Con=3.9608
2025-09-13 21:31:04,275 - INFO - Batch 280/2278: Loss=1.2335, Cls=0.0452, Reg=0.0000, Con=3.9609
2025-09-13 21:31:05,314 - INFO - Batch 290/2278: Loss=1.1885, Cls=0.0002, Reg=0.0000, Con=3.9609
2025-09-13 21:31:06,253 - INFO - Batch 300/2278: Loss=3.8673, Cls=2.6790, Reg=0.0000, Con=3.9609
2025-09-13 21:31:07,171 - INFO - Batch 310/2278: Loss=1.2360, Cls=0.0477, Reg=0.0000, Con=3.9609
2025-09-13 21:31:08,095 - INFO - Batch 320/2278: Loss=0.0000, Cls=0.0000, Reg=0.0000, Con=0.0000
2025-09-13 21:31:08,984 - INFO - Batch 330/2278: Loss=1.1883, Cls=0.0000, Reg=0.0000, Con=3.9609
2025-09-13 21:31:09,896 - INFO - Batch 340/2278: Loss=1.1930, Cls=0.0047, Reg=0.0000, Con=3.9609
2025-09-13 21:31:10,788 - INFO - Batch 350/2278: Loss=1.1952, Cls=0.0069, Reg=0.0000, Con=3.9609
2025-09-13 21:31:11,689 - INFO - Batch 360/2278: Loss=1.1883, Cls=0.0000, Reg=0.0000, Con=3.9609
2025-09-13 21:31:12,563 - INFO - Batch 370/2278: Loss=1.1887, Cls=0.0005, Reg=0.0000, Con=3.9609
2025-09-13 21:31:13,449 - INFO - Batch 380/2278: Loss=1.1888, Cls=0.0005, Reg=0.0000, Con=3.9608
2025-09-13 21:31:14,360 - INFO - Batch 390/2278: Loss=1.1883, Cls=0.0000, Reg=0.0000, Con=3.9609
2025-09-13 21:31:15,290 - INFO - Batch 400/2278: Loss=0.0000, Cls=0.0000, Reg=0.0000, Con=0.0000
2025-09-13 21:31:16,234 - INFO - Batch 410/2278: Loss=1.1970, Cls=0.0088, Reg=0.0000, Con=3.9608
2025-09-13 21:31:17,181 - INFO - Batch 420/2278: Loss=0.0596, Cls=0.0596, Reg=0.0000, Con=0.0000
2025-09-13 21:31:18,090 - INFO - Batch 430/2278: Loss=0.0023, Cls=0.0023, Reg=0.0000, Con=0.0000
2025-09-13 21:31:18,970 - INFO - Batch 440/2278: Loss=3.4490, Cls=2.2608, Reg=0.0000, Con=3.9608
2025-09-13 21:31:19,847 - INFO - Batch 450/2278: Loss=1.1882, Cls=0.0000, Reg=0.0000, Con=3.9607
2025-09-13 21:31:20,725 - INFO - Batch 460/2278: Loss=0.1716, Cls=0.1716, Reg=0.0000, Con=0.0000
2025-09-13 21:31:21,614 - INFO - Batch 470/2278: Loss=1.2637, Cls=0.0755, Reg=0.0000, Con=3.9608
2025-09-13 21:31:22,507 - INFO - Batch 480/2278: Loss=0.0000, Cls=0.0000, Reg=0.0000, Con=0.0000
2025-09-13 21:31:23,405 - INFO - Batch 490/2278: Loss=1.2442, Cls=0.0559, Reg=0.0000, Con=3.9610
2025-09-13 21:31:24,286 - INFO - Batch 500/2278: Loss=1.1907, Cls=0.0025, Reg=0.0000, Con=3.9607
2025-09-13 21:31:25,196 - INFO - Batch 510/2278: Loss=1.8629, Cls=0.6747, Reg=0.0000, Con=3.9607
2025-09-13 21:31:26,113 - INFO - Batch 520/2278: Loss=1.1884, Cls=0.0001, Reg=0.0000, Con=3.9607
2025-09-13 21:31:26,998 - INFO - Batch 530/2278: Loss=3.7345, Cls=2.5463, Reg=0.0000, Con=3.9608
2025-09-13 21:31:27,865 - INFO - Batch 540/2278: Loss=1.2205, Cls=0.0322, Reg=0.0000, Con=3.9610
2025-09-13 21:31:28,769 - INFO - Batch 550/2278: Loss=1.2772, Cls=0.0890, Reg=0.0000, Con=3.9607
2025-09-13 21:31:29,675 - INFO - Batch 560/2278: Loss=0.6176, Cls=0.6176, Reg=0.0000, Con=0.0000
2025-09-13 21:31:30,569 - INFO - Batch 570/2278: Loss=1.1882, Cls=0.0000, Reg=0.0000, Con=3.9608
2025-09-13 21:31:31,453 - INFO - Batch 580/2278: Loss=0.0049, Cls=0.0049, Reg=0.0000, Con=0.0000
2025-09-13 21:31:32,333 - INFO - Batch 590/2278: Loss=1.2015, Cls=0.0133, Reg=0.0000, Con=3.9608
2025-09-13 21:31:33,212 - INFO - Batch 600/2278: Loss=0.0000, Cls=0.0000, Reg=0.0000, Con=0.0000
2025-09-13 21:31:34,112 - INFO - Batch 610/2278: Loss=1.1883, Cls=0.0001, Reg=0.0000, Con=3.9608
2025-09-13 21:31:34,998 - INFO - Batch 620/2278: Loss=1.1882, Cls=0.0000, Reg=0.0000, Con=3.9608
2025-09-13 21:31:35,861 - INFO - Batch 630/2278: Loss=0.4297, Cls=0.4297, Reg=0.0000, Con=0.0000
2025-09-13 21:31:36,792 - INFO - Batch 640/2278: Loss=1.5675, Cls=1.5675, Reg=0.0000, Con=0.0000
2025-09-13 21:31:37,736 - INFO - Batch 650/2278: Loss=0.0000, Cls=0.0000, Reg=0.0000, Con=0.0000
2025-09-13 21:31:38,636 - INFO - Batch 660/2278: Loss=1.1956, Cls=0.0074, Reg=0.0000, Con=3.9607
2025-09-13 21:31:39,577 - INFO - Batch 670/2278: Loss=1.1897, Cls=0.0014, Reg=0.0000, Con=3.9609
2025-09-13 21:31:40,481 - INFO - Batch 680/2278: Loss=1.3967, Cls=0.2085, Reg=0.0000, Con=3.9608
2025-09-13 21:31:41,373 - INFO - Batch 690/2278: Loss=1.1884, Cls=0.0000, Reg=0.0000, Con=3.9613
2025-09-13 21:31:42,288 - INFO - Batch 700/2278: Loss=0.9095, Cls=0.9095, Reg=0.0000, Con=0.0000
2025-09-13 21:31:43,184 - INFO - Batch 710/2278: Loss=1.1917, Cls=0.0034, Reg=0.0000, Con=3.9610
2025-09-13 21:31:44,065 - INFO - Batch 720/2278: Loss=1.2144, Cls=0.0261, Reg=0.0000, Con=3.9609
2025-09-13 21:31:44,938 - INFO - Batch 730/2278: Loss=1.1894, Cls=0.0010, Reg=0.0000, Con=3.9612
2025-09-13 21:31:45,821 - INFO - Batch 740/2278: Loss=1.1893, Cls=0.0010, Reg=0.0000, Con=3.9610
2025-09-13 21:31:46,711 - INFO - Batch 750/2278: Loss=0.0002, Cls=0.0002, Reg=0.0000, Con=0.0000
2025-09-13 21:31:47,598 - INFO - Batch 760/2278: Loss=1.8925, Cls=1.8925, Reg=0.0000, Con=0.0000
2025-09-13 21:31:48,523 - INFO - Batch 770/2278: Loss=1.2385, Cls=0.0502, Reg=0.0000, Con=3.9608
2025-09-13 21:31:49,418 - INFO - Batch 780/2278: Loss=0.0002, Cls=0.0002, Reg=0.0000, Con=0.0000
2025-09-13 21:31:50,307 - INFO - Batch 790/2278: Loss=1.2335, Cls=0.0452, Reg=0.0000, Con=3.9609
2025-09-13 21:31:51,223 - INFO - Batch 800/2278: Loss=0.0008, Cls=0.0008, Reg=0.0000, Con=0.0000
2025-09-13 21:31:52,125 - INFO - Batch 810/2278: Loss=2.5146, Cls=2.5146, Reg=0.0000, Con=0.0000
2025-09-13 21:31:52,997 - INFO - Batch 820/2278: Loss=1.2052, Cls=0.0170, Reg=0.0000, Con=3.9608
2025-09-13 21:31:53,917 - INFO - Batch 830/2278: Loss=1.2686, Cls=0.0804, Reg=0.0000, Con=3.9607
2025-09-13 21:31:54,836 - INFO - Batch 840/2278: Loss=1.9645, Cls=0.7763, Reg=0.0000, Con=3.9608
2025-09-13 21:31:55,736 - INFO - Batch 850/2278: Loss=0.0097, Cls=0.0097, Reg=0.0000, Con=0.0000
2025-09-13 21:31:56,660 - INFO - Batch 860/2278: Loss=1.1883, Cls=0.0001, Reg=0.0000, Con=3.9608
2025-09-13 21:31:57,577 - INFO - Batch 870/2278: Loss=0.0033, Cls=0.0033, Reg=0.0000, Con=0.0000
2025-09-13 21:31:58,469 - INFO - Batch 880/2278: Loss=0.0000, Cls=0.0000, Reg=0.0000, Con=0.0000
2025-09-13 21:31:59,353 - INFO - Batch 890/2278: Loss=1.1887, Cls=0.0004, Reg=0.0000, Con=3.9609
2025-09-13 21:32:00,256 - INFO - Batch 900/2278: Loss=0.0021, Cls=0.0021, Reg=0.0000, Con=0.0000
2025-09-13 21:32:01,128 - INFO - Batch 910/2278: Loss=0.0011, Cls=0.0011, Reg=0.0000, Con=0.0000
2025-09-13 21:32:02,022 - INFO - Batch 920/2278: Loss=1.1884, Cls=0.0001, Reg=0.0000, Con=3.9611
2025-09-13 21:32:02,902 - INFO - Batch 930/2278: Loss=1.3098, Cls=0.1215, Reg=0.0000, Con=3.9609
2025-09-13 21:32:03,795 - INFO - Batch 940/2278: Loss=0.0005, Cls=0.0005, Reg=0.0000, Con=0.0000
2025-09-13 21:32:04,684 - INFO - Batch 950/2278: Loss=0.0000, Cls=0.0000, Reg=0.0000, Con=0.0000
2025-09-13 21:32:05,640 - INFO - Batch 960/2278: Loss=0.0000, Cls=0.0000, Reg=0.0000, Con=0.0000
2025-09-13 21:32:06,638 - INFO - Batch 970/2278: Loss=0.0001, Cls=0.0001, Reg=0.0000, Con=0.0000
2025-09-13 21:32:07,528 - INFO - Batch 980/2278: Loss=1.2586, Cls=0.0703, Reg=0.0000, Con=3.9609
2025-09-13 21:32:08,421 - INFO - Batch 990/2278: Loss=1.1882, Cls=0.0000, Reg=0.0000, Con=3.9606
2025-09-13 21:32:09,355 - INFO - Batch 1000/2278: Loss=1.2062, Cls=0.0180, Reg=0.0000, Con=3.9609
2025-09-13 21:32:10,230 - INFO - Batch 1010/2278: Loss=1.1883, Cls=0.0000, Reg=0.0000, Con=3.9609
2025-09-13 21:32:11,103 - INFO - Batch 1020/2278: Loss=1.1913, Cls=0.0029, Reg=0.0000, Con=3.9615
2025-09-13 21:32:11,980 - INFO - Batch 1030/2278: Loss=1.1886, Cls=0.0004, Reg=0.0000, Con=3.9608
2025-09-13 21:32:12,874 - INFO - Batch 1040/2278: Loss=1.1882, Cls=0.0000, Reg=0.0000, Con=3.9608
2025-09-13 21:32:13,770 - INFO - Batch 1050/2278: Loss=1.1896, Cls=0.0012, Reg=0.0000, Con=3.9611
2025-09-13 21:32:14,659 - INFO - Batch 1060/2278: Loss=1.1883, Cls=0.0000, Reg=0.0000, Con=3.9612
2025-09-13 21:32:15,543 - INFO - Batch 1070/2278: Loss=1.1883, Cls=0.0000, Reg=0.0000, Con=3.9609
2025-09-13 21:32:16,432 - INFO - Batch 1080/2278: Loss=1.1920, Cls=0.0038, Reg=0.0000, Con=3.9609
2025-09-13 21:32:17,374 - INFO - Batch 1090/2278: Loss=1.4809, Cls=0.2927, Reg=0.0000, Con=3.9608
2025-09-13 21:32:18,259 - INFO - Batch 1100/2278: Loss=1.1885, Cls=0.0003, Reg=0.0000, Con=3.9608
2025-09-13 21:32:19,151 - INFO - Batch 1110/2278: Loss=2.4712, Cls=1.2829, Reg=0.0000, Con=3.9608
2025-09-13 21:32:20,058 - INFO - Batch 1120/2278: Loss=1.1896, Cls=0.0014, Reg=0.0000, Con=3.9608
2025-09-13 21:32:20,990 - INFO - Batch 1130/2278: Loss=0.0000, Cls=0.0000, Reg=0.0000, Con=0.0000
2025-09-13 21:32:21,910 - INFO - Batch 1140/2278: Loss=3.5872, Cls=3.5872, Reg=0.0000, Con=0.0000
2025-09-13 21:32:22,814 - INFO - Batch 1150/2278: Loss=1.2032, Cls=0.0149, Reg=0.0000, Con=3.9609
2025-09-13 21:32:23,677 - INFO - Batch 1160/2278: Loss=1.1882, Cls=0.0000, Reg=0.0000, Con=3.9607
2025-09-13 21:32:24,582 - INFO - Batch 1170/2278: Loss=0.2282, Cls=0.2282, Reg=0.0000, Con=0.0000
2025-09-13 21:32:25,481 - INFO - Batch 1180/2278: Loss=2.4211, Cls=1.2329, Reg=0.0000, Con=3.9609
2025-09-13 21:32:26,434 - INFO - Batch 1190/2278: Loss=1.2087, Cls=0.0204, Reg=0.0000, Con=3.9610
2025-09-13 21:32:27,349 - INFO - Batch 1200/2278: Loss=1.1883, Cls=0.0000, Reg=0.0000, Con=3.9609
2025-09-13 21:32:28,263 - INFO - Batch 1210/2278: Loss=1.2135, Cls=0.0252, Reg=0.0000, Con=3.9608
2025-09-13 21:32:29,192 - INFO - Batch 1220/2278: Loss=0.0030, Cls=0.0030, Reg=0.0000, Con=0.0000
2025-09-13 21:32:30,115 - INFO - Batch 1230/2278: Loss=3.3334, Cls=2.1452, Reg=0.0000, Con=3.9609
2025-09-13 21:32:31,007 - INFO - Batch 1240/2278: Loss=1.1883, Cls=0.0000, Reg=0.0000, Con=3.9609
2025-09-13 21:32:31,911 - INFO - Batch 1250/2278: Loss=0.0001, Cls=0.0001, Reg=0.0000, Con=0.0000
2025-09-13 21:32:32,807 - INFO - Batch 1260/2278: Loss=1.1887, Cls=0.0005, Reg=0.0000, Con=3.9607
2025-09-13 21:32:33,687 - INFO - Batch 1270/2278: Loss=0.0072, Cls=0.0072, Reg=0.0000, Con=0.0000
2025-09-13 21:32:34,582 - INFO - Batch 1280/2278: Loss=1.3273, Cls=0.1391, Reg=0.0000, Con=3.9608
2025-09-13 21:32:35,505 - INFO - Batch 1290/2278: Loss=2.0604, Cls=0.8721, Reg=0.0000, Con=3.9610
2025-09-13 21:32:36,472 - INFO - Batch 1300/2278: Loss=1.8202, Cls=0.6320, Reg=0.0000, Con=3.9609
2025-09-13 21:32:37,385 - INFO - Batch 1310/2278: Loss=0.0003, Cls=0.0003, Reg=0.0000, Con=0.0000
2025-09-13 21:32:38,291 - INFO - Batch 1320/2278: Loss=1.2083, Cls=0.0200, Reg=0.0000, Con=3.9609
2025-09-13 21:32:39,191 - INFO - Batch 1330/2278: Loss=1.1899, Cls=0.0016, Reg=0.0000, Con=3.9609
2025-09-13 21:32:40,112 - INFO - Batch 1340/2278: Loss=0.0047, Cls=0.0047, Reg=0.0000, Con=0.0000
2025-09-13 21:32:41,015 - INFO - Batch 1350/2278: Loss=7.8700, Cls=7.8700, Reg=0.0000, Con=0.0000
2025-09-13 21:32:41,923 - INFO - Batch 1360/2278: Loss=1.2557, Cls=0.0675, Reg=0.0000, Con=3.9608
2025-09-13 21:32:42,811 - INFO - Batch 1370/2278: Loss=1.3342, Cls=0.1459, Reg=0.0000, Con=3.9608
2025-09-13 21:32:43,702 - INFO - Batch 1380/2278: Loss=1.1883, Cls=0.0000, Reg=0.0000, Con=3.9609
2025-09-13 21:32:44,601 - INFO - Batch 1390/2278: Loss=1.3446, Cls=0.1564, Reg=0.0000, Con=3.9608
2025-09-13 21:32:45,608 - INFO - Batch 1400/2278: Loss=0.0000, Cls=0.0000, Reg=0.0000, Con=0.0000
2025-09-13 21:32:46,531 - INFO - Batch 1410/2278: Loss=1.1889, Cls=0.0007, Reg=0.0000, Con=3.9608
2025-09-13 21:32:47,541 - INFO - Batch 1420/2278: Loss=0.0012, Cls=0.0012, Reg=0.0000, Con=0.0000
2025-09-13 21:32:48,480 - INFO - Batch 1430/2278: Loss=0.0004, Cls=0.0004, Reg=0.0000, Con=0.0000
2025-09-13 21:32:49,400 - INFO - Batch 1440/2278: Loss=1.1884, Cls=0.0000, Reg=0.0000, Con=3.9613
2025-09-13 21:32:50,393 - INFO - Batch 1450/2278: Loss=0.0000, Cls=0.0000, Reg=0.0000, Con=0.0000
2025-09-13 21:32:51,326 - INFO - Batch 1460/2278: Loss=1.1889, Cls=0.0007, Reg=0.0000, Con=3.9609
2025-09-13 21:32:52,329 - INFO - Batch 1470/2278: Loss=3.3290, Cls=2.1408, Reg=0.0000, Con=3.9608
2025-09-13 21:32:53,249 - INFO - Batch 1480/2278: Loss=0.0010, Cls=0.0010, Reg=0.0000, Con=0.0000
2025-09-13 21:32:54,311 - INFO - Batch 1490/2278: Loss=0.0069, Cls=0.0069, Reg=0.0000, Con=0.0000
2025-09-13 21:32:55,230 - INFO - Batch 1500/2278: Loss=0.0207, Cls=0.0207, Reg=0.0000, Con=0.0000
2025-09-13 21:32:56,133 - INFO - Batch 1510/2278: Loss=1.5164, Cls=0.3281, Reg=0.0000, Con=3.9608
2025-09-13 21:32:57,069 - INFO - Batch 1520/2278: Loss=1.6597, Cls=0.4714, Reg=0.0000, Con=3.9608
2025-09-13 21:32:58,012 - INFO - Batch 1530/2278: Loss=1.2294, Cls=0.0412, Reg=0.0000, Con=3.9609
2025-09-13 21:32:58,920 - INFO - Batch 1540/2278: Loss=0.0001, Cls=0.0001, Reg=0.0000, Con=0.0000
2025-09-13 21:32:59,824 - INFO - Batch 1550/2278: Loss=1.1883, Cls=0.0000, Reg=0.0000, Con=3.9609
2025-09-13 21:33:00,753 - INFO - Batch 1560/2278: Loss=4.6108, Cls=3.4226, Reg=0.0000, Con=3.9608
2025-09-13 21:33:01,641 - INFO - Batch 1570/2278: Loss=1.1938, Cls=0.0055, Reg=0.0000, Con=3.9609
2025-09-13 21:33:02,541 - INFO - Batch 1580/2278: Loss=0.0000, Cls=0.0000, Reg=0.0000, Con=0.0000
2025-09-13 21:33:03,472 - INFO - Batch 1590/2278: Loss=0.0225, Cls=0.0225, Reg=0.0000, Con=0.0000
2025-09-13 21:33:04,389 - INFO - Batch 1600/2278: Loss=1.1902, Cls=0.0019, Reg=0.0000, Con=3.9609
2025-09-13 21:33:05,296 - INFO - Batch 1610/2278: Loss=0.0003, Cls=0.0003, Reg=0.0000, Con=0.0000
2025-09-13 21:33:06,229 - INFO - Batch 1620/2278: Loss=1.1884, Cls=0.0001, Reg=0.0000, Con=3.9609
2025-09-13 21:33:07,121 - INFO - Batch 1630/2278: Loss=0.0000, Cls=0.0000, Reg=0.0000, Con=0.0000
2025-09-13 21:33:08,025 - INFO - Batch 1640/2278: Loss=1.1883, Cls=0.0000, Reg=0.0000, Con=3.9609
2025-09-13 21:33:08,925 - INFO - Batch 1650/2278: Loss=1.9112, Cls=1.9112, Reg=0.0000, Con=0.0000
2025-09-13 21:33:09,852 - INFO - Batch 1660/2278: Loss=1.1919, Cls=0.0037, Reg=0.0000, Con=3.9607
2025-09-13 21:33:10,776 - INFO - Batch 1670/2278: Loss=1.1905, Cls=0.0023, Reg=0.0000, Con=3.9608
2025-09-13 21:33:11,674 - INFO - Batch 1680/2278: Loss=1.2621, Cls=0.0737, Reg=0.0000, Con=3.9615
2025-09-13 21:33:12,603 - INFO - Batch 1690/2278: Loss=0.0022, Cls=0.0022, Reg=0.0000, Con=0.0000
2025-09-13 21:33:13,567 - INFO - Batch 1700/2278: Loss=1.1882, Cls=0.0000, Reg=0.0000, Con=3.9608
2025-09-13 21:33:14,474 - INFO - Batch 1710/2278: Loss=1.1883, Cls=0.0000, Reg=0.0000, Con=3.9612
2025-09-13 21:33:15,371 - INFO - Batch 1720/2278: Loss=1.1889, Cls=0.0006, Reg=0.0000, Con=3.9610
2025-09-13 21:33:16,292 - INFO - Batch 1730/2278: Loss=1.1911, Cls=0.0029, Reg=0.0000, Con=3.9609
2025-09-13 21:33:17,192 - INFO - Batch 1740/2278: Loss=1.1883, Cls=0.0000, Reg=0.0000, Con=3.9610
2025-09-13 21:33:18,141 - INFO - Batch 1750/2278: Loss=1.1887, Cls=0.0004, Reg=0.0000, Con=3.9609
2025-09-13 21:33:19,083 - INFO - Batch 1760/2278: Loss=1.1901, Cls=0.0018, Reg=0.0000, Con=3.9608
2025-09-13 21:33:19,989 - INFO - Batch 1770/2278: Loss=1.1899, Cls=0.0016, Reg=0.0000, Con=3.9610
2025-09-13 21:33:20,881 - INFO - Batch 1780/2278: Loss=1.1888, Cls=0.0006, Reg=0.0000, Con=3.9609
2025-09-13 21:33:21,778 - INFO - Batch 1790/2278: Loss=1.1949, Cls=0.0066, Reg=0.0000, Con=3.9608
2025-09-13 21:33:22,683 - INFO - Batch 1800/2278: Loss=1.1937, Cls=0.0054, Reg=0.0000, Con=3.9609
2025-09-13 21:33:23,573 - INFO - Batch 1810/2278: Loss=1.1889, Cls=0.0006, Reg=0.0000, Con=3.9610
2025-09-13 21:33:24,482 - INFO - Batch 1820/2278: Loss=1.1882, Cls=0.0000, Reg=0.0000, Con=3.9608
2025-09-13 21:33:25,379 - INFO - Batch 1830/2278: Loss=1.1885, Cls=0.0000, Reg=0.0000, Con=3.9615
2025-09-13 21:33:26,307 - INFO - Batch 1840/2278: Loss=3.7786, Cls=2.5904, Reg=0.0000, Con=3.9609
2025-09-13 21:33:27,225 - INFO - Batch 1850/2278: Loss=1.1883, Cls=0.0000, Reg=0.0000, Con=3.9608
2025-09-13 21:33:28,147 - INFO - Batch 1860/2278: Loss=0.0210, Cls=0.0210, Reg=0.0000, Con=0.0000
2025-09-13 21:33:29,053 - INFO - Batch 1870/2278: Loss=0.0002, Cls=0.0002, Reg=0.0000, Con=0.0000
2025-09-13 21:33:29,964 - INFO - Batch 1880/2278: Loss=1.1894, Cls=0.0011, Reg=0.0000, Con=3.9610
2025-09-13 21:33:30,874 - INFO - Batch 1890/2278: Loss=0.4185, Cls=0.4185, Reg=0.0000, Con=0.0000
2025-09-13 21:33:31,793 - INFO - Batch 1900/2278: Loss=1.2128, Cls=0.0246, Reg=0.0000, Con=3.9607
2025-09-13 21:33:32,700 - INFO - Batch 1910/2278: Loss=1.2210, Cls=0.0328, Reg=0.0000, Con=3.9607
2025-09-13 21:33:33,652 - INFO - Batch 1920/2278: Loss=1.1894, Cls=0.0012, Reg=0.0000, Con=3.9608
2025-09-13 21:33:34,655 - INFO - Batch 1930/2278: Loss=0.5007, Cls=0.5007, Reg=0.0000, Con=0.0000
2025-09-13 21:33:35,588 - INFO - Batch 1940/2278: Loss=1.2668, Cls=0.0786, Reg=0.0000, Con=3.9607
2025-09-13 21:33:36,469 - INFO - Batch 1950/2278: Loss=2.9428, Cls=1.7545, Reg=0.0000, Con=3.9609
2025-09-13 21:33:37,426 - INFO - Batch 1960/2278: Loss=1.1883, Cls=0.0000, Reg=0.0000, Con=3.9609
2025-09-13 21:33:38,355 - INFO - Batch 1970/2278: Loss=1.1969, Cls=0.0088, Reg=0.0000, Con=3.9606
2025-09-13 21:33:39,263 - INFO - Batch 1980/2278: Loss=1.1895, Cls=0.0012, Reg=0.0000, Con=3.9608
2025-09-13 21:33:40,189 - INFO - Batch 1990/2278: Loss=0.0000, Cls=0.0000, Reg=0.0000, Con=0.0000
2025-09-13 21:33:41,067 - INFO - Batch 2000/2278: Loss=3.4596, Cls=2.2714, Reg=0.0000, Con=3.9607
2025-09-13 21:33:41,973 - INFO - Batch 2010/2278: Loss=2.3208, Cls=1.1326, Reg=0.0000, Con=3.9608
2025-09-13 21:33:42,859 - INFO - Batch 2020/2278: Loss=0.0040, Cls=0.0040, Reg=0.0000, Con=0.0000
2025-09-13 21:33:43,749 - INFO - Batch 2030/2278: Loss=1.1883, Cls=0.0000, Reg=0.0000, Con=3.9610
2025-09-13 21:33:44,685 - INFO - Batch 2040/2278: Loss=1.1882, Cls=0.0000, Reg=0.0000, Con=3.9608
2025-09-13 21:33:45,592 - INFO - Batch 2050/2278: Loss=0.0006, Cls=0.0006, Reg=0.0000, Con=0.0000
2025-09-13 21:33:46,519 - INFO - Batch 2060/2278: Loss=1.1954, Cls=0.0069, Reg=0.0000, Con=3.9615
2025-09-13 21:33:47,453 - INFO - Batch 2070/2278: Loss=1.1885, Cls=0.0002, Reg=0.0000, Con=3.9608
2025-09-13 21:33:48,380 - INFO - Batch 2080/2278: Loss=0.0214, Cls=0.0214, Reg=0.0000, Con=0.0000
2025-09-13 21:33:49,333 - INFO - Batch 2090/2278: Loss=1.1885, Cls=0.0003, Reg=0.0000, Con=3.9608
2025-09-13 21:33:50,409 - INFO - Batch 2100/2278: Loss=0.3046, Cls=0.3046, Reg=0.0000, Con=0.0000
2025-09-13 21:33:51,390 - INFO - Batch 2110/2278: Loss=0.0048, Cls=0.0048, Reg=0.0000, Con=0.0000
2025-09-13 21:33:52,289 - INFO - Batch 2120/2278: Loss=1.7292, Cls=0.5409, Reg=0.0000, Con=3.9609
2025-09-13 21:33:53,192 - INFO - Batch 2130/2278: Loss=1.2318, Cls=0.0436, Reg=0.0000, Con=3.9608
2025-09-13 21:33:54,099 - INFO - Batch 2140/2278: Loss=0.0184, Cls=0.0184, Reg=0.0000, Con=0.0000
2025-09-13 21:33:54,987 - INFO - Batch 2150/2278: Loss=2.6393, Cls=1.4510, Reg=0.0000, Con=3.9610
2025-09-13 21:33:55,881 - INFO - Batch 2160/2278: Loss=3.8936, Cls=2.7054, Reg=0.0000, Con=3.9608
2025-09-13 21:33:56,792 - INFO - Batch 2170/2278: Loss=1.2549, Cls=0.0666, Reg=0.0000, Con=3.9608
2025-09-13 21:33:57,697 - INFO - Batch 2180/2278: Loss=1.1893, Cls=0.0010, Reg=0.0000, Con=3.9608
2025-09-13 21:33:58,592 - INFO - Batch 2190/2278: Loss=1.5326, Cls=0.3443, Reg=0.0000, Con=3.9610
2025-09-13 21:33:59,526 - INFO - Batch 2200/2278: Loss=1.1913, Cls=0.0030, Reg=0.0000, Con=3.9608
2025-09-13 21:34:00,506 - INFO - Batch 2210/2278: Loss=1.2515, Cls=0.0631, Reg=0.0000, Con=3.9613
2025-09-13 21:34:01,424 - INFO - Batch 2220/2278: Loss=0.0110, Cls=0.0110, Reg=0.0000, Con=0.0000
2025-09-13 21:34:02,403 - INFO - Batch 2230/2278: Loss=0.0001, Cls=0.0001, Reg=0.0000, Con=0.0000
2025-09-13 21:34:03,361 - INFO - Batch 2240/2278: Loss=1.1883, Cls=0.0000, Reg=0.0000, Con=3.9608
2025-09-13 21:34:04,347 - INFO - Batch 2250/2278: Loss=0.0183, Cls=0.0183, Reg=0.0000, Con=0.0000
2025-09-13 21:34:05,335 - INFO - Batch 2260/2278: Loss=3.3872, Cls=2.1989, Reg=0.0000, Con=3.9609
2025-09-13 21:34:06,280 - INFO - Batch 2270/2278: Loss=1.1887, Cls=0.0005, Reg=0.0000, Con=3.9606
2025-09-13 21:37:37,593 - INFO - === Epoch 2 Results ===
2025-09-13 21:37:37,594 - INFO - Training Loss: 1.0013 (Classification: 0.2163, Regression: 0.0000)
2025-09-13 21:37:37,594 - INFO - Validation Loss: 0.0801 (Classification: 0.0801, Regression: 0.0000)
2025-09-13 21:37:37,594 - INFO - Average Classification Accuracy: 0.9004 (on 1/26 tasks)
2025-09-13 21:37:37,594 - INFO - Average AUC: 0.9212
2025-09-13 21:37:37,594 - INFO - 
Epoch 3/3
2025-09-13 21:37:37,693 - INFO - Batch 0/2278: Loss=1.1882, Cls=0.0000, Reg=0.0000, Con=3.9608
2025-09-13 21:37:38,591 - INFO - Batch 10/2278: Loss=1.1908, Cls=0.0025, Reg=0.0000, Con=3.9611
2025-09-13 21:37:39,521 - INFO - Batch 20/2278: Loss=1.3936, Cls=0.2054, Reg=0.0000, Con=3.9608
2025-09-13 21:37:40,485 - INFO - Batch 30/2278: Loss=0.0000, Cls=0.0000, Reg=0.0000, Con=0.0000
2025-09-13 21:37:41,385 - INFO - Batch 40/2278: Loss=1.1906, Cls=0.0024, Reg=0.0000, Con=3.9608
2025-09-13 21:37:42,304 - INFO - Batch 50/2278: Loss=1.1883, Cls=0.0000, Reg=0.0000, Con=3.9609
2025-09-13 21:37:43,224 - INFO - Batch 60/2278: Loss=1.1885, Cls=0.0003, Reg=0.0000, Con=3.9607
2025-09-13 21:37:44,168 - INFO - Batch 70/2278: Loss=3.7472, Cls=2.5589, Reg=0.0000, Con=3.9608
2025-09-13 21:37:45,050 - INFO - Batch 80/2278: Loss=0.0044, Cls=0.0044, Reg=0.0000, Con=0.0000
2025-09-13 21:37:45,939 - INFO - Batch 90/2278: Loss=1.2006, Cls=0.0123, Reg=0.0000, Con=3.9609
2025-09-13 21:37:46,848 - INFO - Batch 100/2278: Loss=1.2523, Cls=0.0641, Reg=0.0000, Con=3.9607
2025-09-13 21:37:47,787 - INFO - Batch 110/2278: Loss=1.1885, Cls=0.0000, Reg=0.0000, Con=3.9618
2025-09-13 21:37:48,708 - INFO - Batch 120/2278: Loss=1.1918, Cls=0.0035, Reg=0.0000, Con=3.9608
2025-09-13 21:37:49,633 - INFO - Batch 130/2278: Loss=1.1882, Cls=0.0000, Reg=0.0000, Con=3.9607
2025-09-13 21:37:50,561 - INFO - Batch 140/2278: Loss=0.0000, Cls=0.0000, Reg=0.0000, Con=0.0000
2025-09-13 21:37:51,455 - INFO - Batch 150/2278: Loss=1.8322, Cls=0.6440, Reg=0.0000, Con=3.9608
2025-09-13 21:37:52,358 - INFO - Batch 160/2278: Loss=0.0001, Cls=0.0001, Reg=0.0000, Con=0.0000
2025-09-13 21:37:53,260 - INFO - Batch 170/2278: Loss=1.1884, Cls=0.0002, Reg=0.0000, Con=3.9609
2025-09-13 21:37:54,147 - INFO - Batch 180/2278: Loss=1.1883, Cls=0.0000, Reg=0.0000, Con=3.9611
2025-09-13 21:37:55,035 - INFO - Batch 190/2278: Loss=2.7969, Cls=1.6087, Reg=0.0000, Con=3.9608
2025-09-13 21:37:55,926 - INFO - Batch 200/2278: Loss=2.9354, Cls=2.9354, Reg=0.0000, Con=0.0000
2025-09-13 21:37:56,827 - INFO - Batch 210/2278: Loss=1.1919, Cls=0.0035, Reg=0.0000, Con=3.9612
2025-09-13 21:37:57,718 - INFO - Batch 220/2278: Loss=1.1885, Cls=0.0003, Reg=0.0000, Con=3.9608
2025-09-13 21:37:58,629 - INFO - Batch 230/2278: Loss=3.7909, Cls=2.6026, Reg=0.0000, Con=3.9611
2025-09-13 21:37:59,533 - INFO - Batch 240/2278: Loss=1.1897, Cls=0.0015, Reg=0.0000, Con=3.9607
2025-09-13 21:38:00,423 - INFO - Batch 250/2278: Loss=1.1883, Cls=0.0001, Reg=0.0000, Con=3.9609
2025-09-13 21:38:01,370 - INFO - Batch 260/2278: Loss=1.1887, Cls=0.0004, Reg=0.0000, Con=3.9608
2025-09-13 21:38:02,383 - INFO - Batch 270/2278: Loss=2.2438, Cls=1.0556, Reg=0.0000, Con=3.9607
2025-09-13 21:38:03,269 - INFO - Batch 280/2278: Loss=1.1884, Cls=0.0002, Reg=0.0000, Con=3.9608
2025-09-13 21:38:04,164 - INFO - Batch 290/2278: Loss=2.7715, Cls=1.5832, Reg=0.0000, Con=3.9608
2025-09-13 21:38:05,047 - INFO - Batch 300/2278: Loss=1.1883, Cls=0.0001, Reg=0.0000, Con=3.9607
2025-09-13 21:38:05,965 - INFO - Batch 310/2278: Loss=1.1884, Cls=0.0001, Reg=0.0000, Con=3.9610
2025-09-13 21:38:06,871 - INFO - Batch 320/2278: Loss=1.1888, Cls=0.0004, Reg=0.0000, Con=3.9612
2025-09-13 21:38:07,735 - INFO - Batch 330/2278: Loss=0.0615, Cls=0.0615, Reg=0.0000, Con=0.0000
2025-09-13 21:38:08,642 - INFO - Batch 340/2278: Loss=0.0007, Cls=0.0007, Reg=0.0000, Con=0.0000
2025-09-13 21:38:09,544 - INFO - Batch 350/2278: Loss=1.1955, Cls=0.0072, Reg=0.0000, Con=3.9612
2025-09-13 21:38:10,455 - INFO - Batch 360/2278: Loss=1.1925, Cls=0.0042, Reg=0.0000, Con=3.9611
2025-09-13 21:38:11,350 - INFO - Batch 370/2278: Loss=1.1885, Cls=0.0002, Reg=0.0000, Con=3.9608
2025-09-13 21:38:12,257 - INFO - Batch 380/2278: Loss=1.1938, Cls=0.0055, Reg=0.0000, Con=3.9608
2025-09-13 21:38:13,197 - INFO - Batch 390/2278: Loss=3.2764, Cls=2.0881, Reg=0.0000, Con=3.9609
2025-09-13 21:38:14,104 - INFO - Batch 400/2278: Loss=0.0173, Cls=0.0173, Reg=0.0000, Con=0.0000
2025-09-13 21:38:15,003 - INFO - Batch 410/2278: Loss=1.1886, Cls=0.0003, Reg=0.0000, Con=3.9609
2025-09-13 21:38:15,906 - INFO - Batch 420/2278: Loss=1.1883, Cls=0.0000, Reg=0.0000, Con=3.9609
2025-09-13 21:38:16,813 - INFO - Batch 430/2278: Loss=8.6523, Cls=7.4639, Reg=0.0000, Con=3.9614
2025-09-13 21:38:17,728 - INFO - Batch 440/2278: Loss=0.0005, Cls=0.0005, Reg=0.0000, Con=0.0000
2025-09-13 21:38:18,640 - INFO - Batch 450/2278: Loss=1.1901, Cls=0.0019, Reg=0.0000, Con=3.9608
2025-09-13 21:38:19,525 - INFO - Batch 460/2278: Loss=0.0000, Cls=0.0000, Reg=0.0000, Con=0.0000
2025-09-13 21:38:20,418 - INFO - Batch 470/2278: Loss=0.0041, Cls=0.0041, Reg=0.0000, Con=0.0000
2025-09-13 21:38:21,322 - INFO - Batch 480/2278: Loss=1.1887, Cls=0.0004, Reg=0.0000, Con=3.9609
2025-09-13 21:38:22,209 - INFO - Batch 490/2278: Loss=0.2634, Cls=0.2634, Reg=0.0000, Con=0.0000
2025-09-13 21:38:23,103 - INFO - Batch 500/2278: Loss=0.0008, Cls=0.0008, Reg=0.0000, Con=0.0000
2025-09-13 21:38:24,247 - INFO - Batch 510/2278: Loss=1.1926, Cls=0.0044, Reg=0.0000, Con=3.9608
2025-09-13 21:38:25,169 - INFO - Batch 520/2278: Loss=0.0076, Cls=0.0076, Reg=0.0000, Con=0.0000
2025-09-13 21:38:26,066 - INFO - Batch 530/2278: Loss=1.1882, Cls=0.0000, Reg=0.0000, Con=3.9608
2025-09-13 21:38:26,997 - INFO - Batch 540/2278: Loss=1.1886, Cls=0.0003, Reg=0.0000, Con=3.9609
2025-09-13 21:38:27,917 - INFO - Batch 550/2278: Loss=0.0001, Cls=0.0001, Reg=0.0000, Con=0.0000
2025-09-13 21:38:28,865 - INFO - Batch 560/2278: Loss=1.1883, Cls=0.0000, Reg=0.0000, Con=3.9609
2025-09-13 21:38:29,811 - INFO - Batch 570/2278: Loss=1.1883, Cls=0.0001, Reg=0.0000, Con=3.9608
2025-09-13 21:38:30,818 - INFO - Batch 580/2278: Loss=0.0000, Cls=0.0000, Reg=0.0000, Con=0.0000
2025-09-13 21:38:31,729 - INFO - Batch 590/2278: Loss=1.2263, Cls=0.0381, Reg=0.0000, Con=3.9608
2025-09-13 21:38:32,641 - INFO - Batch 600/2278: Loss=0.0000, Cls=0.0000, Reg=0.0000, Con=0.0000
2025-09-13 21:38:33,519 - INFO - Batch 610/2278: Loss=0.0000, Cls=0.0000, Reg=0.0000, Con=0.0000
2025-09-13 21:38:34,486 - INFO - Batch 620/2278: Loss=1.1882, Cls=0.0000, Reg=0.0000, Con=3.9608
2025-09-13 21:38:35,525 - INFO - Batch 630/2278: Loss=1.1885, Cls=0.0002, Reg=0.0000, Con=3.9611
2025-09-13 21:38:36,518 - INFO - Batch 640/2278: Loss=1.1886, Cls=0.0003, Reg=0.0000, Con=3.9607
2025-09-13 21:38:37,408 - INFO - Batch 650/2278: Loss=1.3340, Cls=0.1457, Reg=0.0000, Con=3.9608
2025-09-13 21:38:38,330 - INFO - Batch 660/2278: Loss=0.0007, Cls=0.0007, Reg=0.0000, Con=0.0000
2025-09-13 21:38:39,238 - INFO - Batch 670/2278: Loss=1.1888, Cls=0.0005, Reg=0.0000, Con=3.9609
2025-09-13 21:38:40,239 - INFO - Batch 680/2278: Loss=0.0015, Cls=0.0015, Reg=0.0000, Con=0.0000
2025-09-13 21:38:41,127 - INFO - Batch 690/2278: Loss=1.4634, Cls=0.2752, Reg=0.0000, Con=3.9609
2025-09-13 21:38:42,052 - INFO - Batch 700/2278: Loss=1.4424, Cls=0.2541, Reg=0.0000, Con=3.9610
2025-09-13 21:38:42,954 - INFO - Batch 710/2278: Loss=1.2177, Cls=0.0294, Reg=0.0000, Con=3.9610
2025-09-13 21:38:43,881 - INFO - Batch 720/2278: Loss=1.1906, Cls=0.0023, Reg=0.0000, Con=3.9610
2025-09-13 21:38:44,804 - INFO - Batch 730/2278: Loss=1.4128, Cls=0.2245, Reg=0.0000, Con=3.9609
2025-09-13 21:38:45,743 - INFO - Batch 740/2278: Loss=1.1896, Cls=0.0014, Reg=0.0000, Con=3.9606
2025-09-13 21:38:46,798 - INFO - Batch 750/2278: Loss=1.3326, Cls=0.1444, Reg=0.0000, Con=3.9606
2025-09-13 21:38:47,706 - INFO - Batch 760/2278: Loss=1.1893, Cls=0.0010, Reg=0.0000, Con=3.9611
2025-09-13 21:38:48,653 - INFO - Batch 770/2278: Loss=1.1886, Cls=0.0003, Reg=0.0000, Con=3.9611
2025-09-13 21:38:49,603 - INFO - Batch 780/2278: Loss=0.0095, Cls=0.0095, Reg=0.0000, Con=0.0000
2025-09-13 21:38:50,499 - INFO - Batch 790/2278: Loss=1.1914, Cls=0.0031, Reg=0.0000, Con=3.9609
2025-09-13 21:38:51,419 - INFO - Batch 800/2278: Loss=2.6174, Cls=1.4290, Reg=0.0000, Con=3.9612
2025-09-13 21:38:52,324 - INFO - Batch 810/2278: Loss=0.0069, Cls=0.0069, Reg=0.0000, Con=0.0000
2025-09-13 21:38:53,281 - INFO - Batch 820/2278: Loss=1.2788, Cls=0.0906, Reg=0.0000, Con=3.9608
2025-09-13 21:38:54,212 - INFO - Batch 830/2278: Loss=1.1883, Cls=0.0000, Reg=0.0000, Con=3.9609
2025-09-13 21:38:55,124 - INFO - Batch 840/2278: Loss=0.0036, Cls=0.0036, Reg=0.0000, Con=0.0000
2025-09-13 21:38:56,071 - INFO - Batch 850/2278: Loss=0.6350, Cls=0.6350, Reg=0.0000, Con=0.0000
2025-09-13 21:38:56,949 - INFO - Batch 860/2278: Loss=1.2029, Cls=0.0145, Reg=0.0000, Con=3.9611
2025-09-13 21:38:57,840 - INFO - Batch 870/2278: Loss=1.1883, Cls=0.0000, Reg=0.0000, Con=3.9609
2025-09-13 21:38:58,763 - INFO - Batch 880/2278: Loss=0.0001, Cls=0.0001, Reg=0.0000, Con=0.0000
2025-09-13 21:38:59,672 - INFO - Batch 890/2278: Loss=1.1887, Cls=0.0005, Reg=0.0000, Con=3.9609
2025-09-13 21:39:00,663 - INFO - Batch 900/2278: Loss=0.0000, Cls=0.0000, Reg=0.0000, Con=0.0000
2025-09-13 21:39:01,559 - INFO - Batch 910/2278: Loss=2.2411, Cls=2.2411, Reg=0.0000, Con=0.0000
2025-09-13 21:39:02,464 - INFO - Batch 920/2278: Loss=0.0001, Cls=0.0001, Reg=0.0000, Con=0.0000
2025-09-13 21:39:03,379 - INFO - Batch 930/2278: Loss=0.0003, Cls=0.0003, Reg=0.0000, Con=0.0000
2025-09-13 21:39:04,278 - INFO - Batch 940/2278: Loss=1.1954, Cls=0.0070, Reg=0.0000, Con=3.9613
2025-09-13 21:39:05,190 - INFO - Batch 950/2278: Loss=0.0337, Cls=0.0337, Reg=0.0000, Con=0.0000
2025-09-13 21:39:06,098 - INFO - Batch 960/2278: Loss=0.0005, Cls=0.0005, Reg=0.0000, Con=0.0000
2025-09-13 21:39:07,012 - INFO - Batch 970/2278: Loss=1.3349, Cls=0.1467, Reg=0.0000, Con=3.9608
2025-09-13 21:39:07,897 - INFO - Batch 980/2278: Loss=1.2018, Cls=0.0136, Reg=0.0000, Con=3.9609
2025-09-13 21:39:08,802 - INFO - Batch 990/2278: Loss=1.1934, Cls=0.0051, Reg=0.0000, Con=3.9609
2025-09-13 21:39:09,681 - INFO - Batch 1000/2278: Loss=1.1891, Cls=0.0008, Reg=0.0000, Con=3.9610
2025-09-13 21:39:10,615 - INFO - Batch 1010/2278: Loss=1.2042, Cls=0.0159, Reg=0.0000, Con=3.9608
2025-09-13 21:39:11,505 - INFO - Batch 1020/2278: Loss=1.1925, Cls=0.0042, Reg=0.0000, Con=3.9608
2025-09-13 21:39:12,395 - INFO - Batch 1030/2278: Loss=0.0003, Cls=0.0003, Reg=0.0000, Con=0.0000
2025-09-13 21:39:13,316 - INFO - Batch 1040/2278: Loss=1.1884, Cls=0.0000, Reg=0.0000, Con=3.9613
2025-09-13 21:39:14,245 - INFO - Batch 1050/2278: Loss=0.7527, Cls=0.7527, Reg=0.0000, Con=0.0000
2025-09-13 21:39:15,149 - INFO - Batch 1060/2278: Loss=1.2117, Cls=0.0233, Reg=0.0000, Con=3.9611
2025-09-13 21:39:16,073 - INFO - Batch 1070/2278: Loss=1.1883, Cls=0.0001, Reg=0.0000, Con=3.9609
2025-09-13 21:39:16,958 - INFO - Batch 1080/2278: Loss=0.0000, Cls=0.0000, Reg=0.0000, Con=0.0000
2025-09-13 21:39:17,887 - INFO - Batch 1090/2278: Loss=1.2037, Cls=0.0154, Reg=0.0000, Con=3.9611
2025-09-13 21:39:18,777 - INFO - Batch 1100/2278: Loss=1.1883, Cls=0.0000, Reg=0.0000, Con=3.9611
2025-09-13 21:39:19,693 - INFO - Batch 1110/2278: Loss=1.8484, Cls=1.8484, Reg=0.0000, Con=0.0000
2025-09-13 21:39:20,610 - INFO - Batch 1120/2278: Loss=0.0021, Cls=0.0021, Reg=0.0000, Con=0.0000
2025-09-13 21:39:21,522 - INFO - Batch 1130/2278: Loss=0.0000, Cls=0.0000, Reg=0.0000, Con=0.0000
2025-09-13 21:39:22,418 - INFO - Batch 1140/2278: Loss=1.1892, Cls=0.0009, Reg=0.0000, Con=3.9609
2025-09-13 21:39:23,312 - INFO - Batch 1150/2278: Loss=0.0752, Cls=0.0752, Reg=0.0000, Con=0.0000
2025-09-13 21:39:24,373 - INFO - Batch 1160/2278: Loss=0.0072, Cls=0.0072, Reg=0.0000, Con=0.0000
2025-09-13 21:39:25,434 - INFO - Batch 1170/2278: Loss=1.1883, Cls=0.0000, Reg=0.0000, Con=3.9608
2025-09-13 21:39:26,452 - INFO - Batch 1180/2278: Loss=1.1884, Cls=0.0000, Reg=0.0000, Con=3.9613
2025-09-13 21:39:27,363 - INFO - Batch 1190/2278: Loss=1.1883, Cls=0.0000, Reg=0.0000, Con=3.9609
2025-09-13 21:39:28,255 - INFO - Batch 1200/2278: Loss=1.1884, Cls=0.0001, Reg=0.0000, Con=3.9611
2025-09-13 21:39:29,150 - INFO - Batch 1210/2278: Loss=1.1893, Cls=0.0010, Reg=0.0000, Con=3.9611
2025-09-13 21:39:30,036 - INFO - Batch 1220/2278: Loss=1.2057, Cls=0.0174, Reg=0.0000, Con=3.9609
2025-09-13 21:39:30,938 - INFO - Batch 1230/2278: Loss=0.0080, Cls=0.0080, Reg=0.0000, Con=0.0000
2025-09-13 21:39:31,835 - INFO - Batch 1240/2278: Loss=1.3581, Cls=0.1699, Reg=0.0000, Con=3.9608
2025-09-13 21:39:32,747 - INFO - Batch 1250/2278: Loss=1.1883, Cls=0.0000, Reg=0.0000, Con=3.9609
2025-09-13 21:39:33,633 - INFO - Batch 1260/2278: Loss=1.3074, Cls=1.3074, Reg=0.0000, Con=0.0000
2025-09-13 21:39:34,559 - INFO - Batch 1270/2278: Loss=1.1890, Cls=0.0007, Reg=0.0000, Con=3.9610
2025-09-13 21:39:35,460 - INFO - Batch 1280/2278: Loss=1.7113, Cls=0.5231, Reg=0.0000, Con=3.9607
2025-09-13 21:39:36,420 - INFO - Batch 1290/2278: Loss=0.0000, Cls=0.0000, Reg=0.0000, Con=0.0000
2025-09-13 21:39:37,302 - INFO - Batch 1300/2278: Loss=0.0117, Cls=0.0117, Reg=0.0000, Con=0.0000
2025-09-13 21:39:38,240 - INFO - Batch 1310/2278: Loss=1.2614, Cls=0.0731, Reg=0.0000, Con=3.9608
2025-09-13 21:39:39,160 - INFO - Batch 1320/2278: Loss=1.1889, Cls=0.0006, Reg=0.0000, Con=3.9610
2025-09-13 21:39:40,049 - INFO - Batch 1330/2278: Loss=1.1885, Cls=0.0002, Reg=0.0000, Con=3.9610
2025-09-13 21:39:40,941 - INFO - Batch 1340/2278: Loss=1.1882, Cls=0.0000, Reg=0.0000, Con=3.9608
2025-09-13 21:39:41,846 - INFO - Batch 1350/2278: Loss=1.1957, Cls=0.0075, Reg=0.0000, Con=3.9608
2025-09-13 21:39:42,760 - INFO - Batch 1360/2278: Loss=1.2199, Cls=0.0315, Reg=0.0000, Con=3.9612
2025-09-13 21:39:43,650 - INFO - Batch 1370/2278: Loss=1.7830, Cls=0.5947, Reg=0.0000, Con=3.9610
2025-09-13 21:39:44,573 - INFO - Batch 1380/2278: Loss=1.1883, Cls=0.0001, Reg=0.0000, Con=3.9608
2025-09-13 21:39:45,473 - INFO - Batch 1390/2278: Loss=1.1883, Cls=0.0000, Reg=0.0000, Con=3.9610
2025-09-13 21:39:46,407 - INFO - Batch 1400/2278: Loss=1.1891, Cls=0.0007, Reg=0.0000, Con=3.9615
2025-09-13 21:39:47,313 - INFO - Batch 1410/2278: Loss=0.3701, Cls=0.3701, Reg=0.0000, Con=0.0000
2025-09-13 21:39:48,224 - INFO - Batch 1420/2278: Loss=1.1898, Cls=0.0014, Reg=0.0000, Con=3.9610
2025-09-13 21:39:49,122 - INFO - Batch 1430/2278: Loss=0.0115, Cls=0.0115, Reg=0.0000, Con=0.0000
2025-09-13 21:39:50,132 - INFO - Batch 1440/2278: Loss=1.1882, Cls=0.0000, Reg=0.0000, Con=3.9606
2025-09-13 21:39:51,070 - INFO - Batch 1450/2278: Loss=0.0207, Cls=0.0207, Reg=0.0000, Con=0.0000
2025-09-13 21:39:51,966 - INFO - Batch 1460/2278: Loss=0.0060, Cls=0.0060, Reg=0.0000, Con=0.0000
2025-09-13 21:39:52,912 - INFO - Batch 1470/2278: Loss=2.4873, Cls=1.2990, Reg=0.0000, Con=3.9608
2025-09-13 21:39:53,819 - INFO - Batch 1480/2278: Loss=1.7125, Cls=0.5242, Reg=0.0000, Con=3.9608
2025-09-13 21:39:54,728 - INFO - Batch 1490/2278: Loss=0.1315, Cls=0.1315, Reg=0.0000, Con=0.0000
2025-09-13 21:39:55,628 - INFO - Batch 1500/2278: Loss=2.5422, Cls=1.3539, Reg=0.0000, Con=3.9610
2025-09-13 21:39:56,575 - INFO - Batch 1510/2278: Loss=1.1890, Cls=0.0007, Reg=0.0000, Con=3.9609
2025-09-13 21:39:57,470 - INFO - Batch 1520/2278: Loss=0.3885, Cls=0.3885, Reg=0.0000, Con=0.0000
2025-09-13 21:39:58,378 - INFO - Batch 1530/2278: Loss=1.1882, Cls=0.0000, Reg=0.0000, Con=3.9608
2025-09-13 21:39:59,330 - INFO - Batch 1540/2278: Loss=1.1884, Cls=0.0000, Reg=0.0000, Con=3.9610
2025-09-13 21:40:00,243 - INFO - Batch 1550/2278: Loss=1.1971, Cls=0.0088, Reg=0.0000, Con=3.9611
2025-09-13 21:40:01,184 - INFO - Batch 1560/2278: Loss=1.1912, Cls=0.0029, Reg=0.0000, Con=3.9608
2025-09-13 21:40:02,072 - INFO - Batch 1570/2278: Loss=0.0000, Cls=0.0000, Reg=0.0000, Con=0.0000
2025-09-13 21:40:02,957 - INFO - Batch 1580/2278: Loss=1.1882, Cls=0.0000, Reg=0.0000, Con=3.9608
2025-09-13 21:40:03,882 - INFO - Batch 1590/2278: Loss=0.0000, Cls=0.0000, Reg=0.0000, Con=0.0000
2025-09-13 21:40:04,795 - INFO - Batch 1600/2278: Loss=2.5131, Cls=1.3249, Reg=0.0000, Con=3.9608
2025-09-13 21:40:05,672 - INFO - Batch 1610/2278: Loss=0.0000, Cls=0.0000, Reg=0.0000, Con=0.0000
2025-09-13 21:40:06,603 - INFO - Batch 1620/2278: Loss=1.2006, Cls=0.0124, Reg=0.0000, Con=3.9608
2025-09-13 21:40:07,485 - INFO - Batch 1630/2278: Loss=2.7578, Cls=1.5695, Reg=0.0000, Con=3.9610
2025-09-13 21:40:08,401 - INFO - Batch 1640/2278: Loss=0.0002, Cls=0.0002, Reg=0.0000, Con=0.0000
2025-09-13 21:40:09,316 - INFO - Batch 1650/2278: Loss=1.1883, Cls=0.0000, Reg=0.0000, Con=3.9609
2025-09-13 21:40:10,226 - INFO - Batch 1660/2278: Loss=1.1889, Cls=0.0006, Reg=0.0000, Con=3.9613
2025-09-13 21:40:11,105 - INFO - Batch 1670/2278: Loss=1.1883, Cls=0.0000, Reg=0.0000, Con=3.9609
2025-09-13 21:40:12,022 - INFO - Batch 1680/2278: Loss=1.1887, Cls=0.0005, Reg=0.0000, Con=3.9607
2025-09-13 21:40:12,896 - INFO - Batch 1690/2278: Loss=1.3506, Cls=0.1623, Reg=0.0000, Con=3.9610
2025-09-13 21:40:13,790 - INFO - Batch 1700/2278: Loss=1.1928, Cls=0.0046, Reg=0.0000, Con=3.9608
2025-09-13 21:40:14,680 - INFO - Batch 1710/2278: Loss=0.0000, Cls=0.0000, Reg=0.0000, Con=0.0000
2025-09-13 21:40:15,572 - INFO - Batch 1720/2278: Loss=0.0000, Cls=0.0000, Reg=0.0000, Con=0.0000
2025-09-13 21:40:16,472 - INFO - Batch 1730/2278: Loss=1.1882, Cls=0.0000, Reg=0.0000, Con=3.9608
2025-09-13 21:40:17,455 - INFO - Batch 1740/2278: Loss=1.2575, Cls=0.0692, Reg=0.0000, Con=3.9609
2025-09-13 21:40:18,373 - INFO - Batch 1750/2278: Loss=0.0000, Cls=0.0000, Reg=0.0000, Con=0.0000
2025-09-13 21:40:19,291 - INFO - Batch 1760/2278: Loss=1.1890, Cls=0.0006, Reg=0.0000, Con=3.9612
2025-09-13 21:40:20,197 - INFO - Batch 1770/2278: Loss=0.3925, Cls=0.3925, Reg=0.0000, Con=0.0000
2025-09-13 21:40:21,227 - INFO - Batch 1780/2278: Loss=0.0000, Cls=0.0000, Reg=0.0000, Con=0.0000
2025-09-13 21:40:22,240 - INFO - Batch 1790/2278: Loss=0.0561, Cls=0.0561, Reg=0.0000, Con=0.0000
2025-09-13 21:40:23,159 - INFO - Batch 1800/2278: Loss=2.5581, Cls=1.3699, Reg=0.0000, Con=3.9607
2025-09-13 21:40:24,032 - INFO - Batch 1810/2278: Loss=0.0394, Cls=0.0394, Reg=0.0000, Con=0.0000
2025-09-13 21:40:24,924 - INFO - Batch 1820/2278: Loss=1.4657, Cls=1.4657, Reg=0.0000, Con=0.0000
2025-09-13 21:40:25,817 - INFO - Batch 1830/2278: Loss=1.2211, Cls=0.0328, Reg=0.0000, Con=3.9608
2025-09-13 21:40:26,731 - INFO - Batch 1840/2278: Loss=0.0009, Cls=0.0009, Reg=0.0000, Con=0.0000
2025-09-13 21:40:27,670 - INFO - Batch 1850/2278: Loss=1.1883, Cls=0.0000, Reg=0.0000, Con=3.9609
2025-09-13 21:40:28,582 - INFO - Batch 1860/2278: Loss=1.1884, Cls=0.0002, Reg=0.0000, Con=3.9607
2025-09-13 21:40:29,662 - INFO - Batch 1870/2278: Loss=0.8070, Cls=0.8070, Reg=0.0000, Con=0.0000
2025-09-13 21:40:30,586 - INFO - Batch 1880/2278: Loss=5.2249, Cls=4.0367, Reg=0.0000, Con=3.9607
2025-09-13 21:40:31,509 - INFO - Batch 1890/2278: Loss=0.0000, Cls=0.0000, Reg=0.0000, Con=0.0000
2025-09-13 21:40:32,436 - INFO - Batch 1900/2278: Loss=0.0119, Cls=0.0119, Reg=0.0000, Con=0.0000
2025-09-13 21:40:33,329 - INFO - Batch 1910/2278: Loss=1.1896, Cls=0.0013, Reg=0.0000, Con=3.9610
2025-09-13 21:40:34,216 - INFO - Batch 1920/2278: Loss=0.0001, Cls=0.0001, Reg=0.0000, Con=0.0000
2025-09-13 21:40:35,124 - INFO - Batch 1930/2278: Loss=1.3622, Cls=0.1739, Reg=0.0000, Con=3.9611
2025-09-13 21:40:36,012 - INFO - Batch 1940/2278: Loss=2.6585, Cls=1.4703, Reg=0.0000, Con=3.9607
2025-09-13 21:40:36,895 - INFO - Batch 1950/2278: Loss=1.1883, Cls=0.0001, Reg=0.0000, Con=3.9609
2025-09-13 21:40:37,790 - INFO - Batch 1960/2278: Loss=1.1958, Cls=0.0075, Reg=0.0000, Con=3.9610
2025-09-13 21:40:38,688 - INFO - Batch 1970/2278: Loss=0.0000, Cls=0.0000, Reg=0.0000, Con=0.0000
2025-09-13 21:40:39,650 - INFO - Batch 1980/2278: Loss=4.3572, Cls=3.1689, Reg=0.0000, Con=3.9610
2025-09-13 21:40:40,545 - INFO - Batch 1990/2278: Loss=1.1912, Cls=0.0030, Reg=0.0000, Con=3.9608
2025-09-13 21:40:41,439 - INFO - Batch 2000/2278: Loss=1.2006, Cls=0.0123, Reg=0.0000, Con=3.9610
2025-09-13 21:40:42,337 - INFO - Batch 2010/2278: Loss=1.2689, Cls=0.0807, Reg=0.0000, Con=3.9608
2025-09-13 21:40:43,274 - INFO - Batch 2020/2278: Loss=1.8150, Cls=0.6267, Reg=0.0000, Con=3.9608
2025-09-13 21:40:44,209 - INFO - Batch 2030/2278: Loss=2.1294, Cls=0.9412, Reg=0.0000, Con=3.9608
2025-09-13 21:40:45,100 - INFO - Batch 2040/2278: Loss=1.1884, Cls=0.0000, Reg=0.0000, Con=3.9610
2025-09-13 21:40:46,042 - INFO - Batch 2050/2278: Loss=0.0003, Cls=0.0003, Reg=0.0000, Con=0.0000
2025-09-13 21:40:46,920 - INFO - Batch 2060/2278: Loss=1.1901, Cls=0.0018, Reg=0.0000, Con=3.9609
2025-09-13 21:40:47,843 - INFO - Batch 2070/2278: Loss=0.0001, Cls=0.0001, Reg=0.0000, Con=0.0000
2025-09-13 21:40:48,795 - INFO - Batch 2080/2278: Loss=1.1979, Cls=0.0095, Reg=0.0000, Con=3.9613
2025-09-13 21:40:49,679 - INFO - Batch 2090/2278: Loss=1.1882, Cls=0.0000, Reg=0.0000, Con=3.9607
2025-09-13 21:40:50,608 - INFO - Batch 2100/2278: Loss=1.1994, Cls=0.0108, Reg=0.0000, Con=3.9619
2025-09-13 21:40:51,514 - INFO - Batch 2110/2278: Loss=1.2149, Cls=0.0267, Reg=0.0000, Con=3.9609
2025-09-13 21:40:52,417 - INFO - Batch 2120/2278: Loss=0.0026, Cls=0.0026, Reg=0.0000, Con=0.0000
2025-09-13 21:40:53,307 - INFO - Batch 2130/2278: Loss=0.2630, Cls=0.2630, Reg=0.0000, Con=0.0000
2025-09-13 21:40:54,225 - INFO - Batch 2140/2278: Loss=0.0043, Cls=0.0043, Reg=0.0000, Con=0.0000
2025-09-13 21:40:55,139 - INFO - Batch 2150/2278: Loss=1.1886, Cls=0.0003, Reg=0.0000, Con=3.9608
2025-09-13 21:40:56,146 - INFO - Batch 2160/2278: Loss=1.2471, Cls=0.0588, Reg=0.0000, Con=3.9609
2025-09-13 21:40:57,111 - INFO - Batch 2170/2278: Loss=1.2332, Cls=0.0450, Reg=0.0000, Con=3.9608
2025-09-13 21:40:58,036 - INFO - Batch 2180/2278: Loss=0.0035, Cls=0.0035, Reg=0.0000, Con=0.0000
2025-09-13 21:40:58,979 - INFO - Batch 2190/2278: Loss=1.1896, Cls=0.0014, Reg=0.0000, Con=3.9609
2025-09-13 21:40:59,970 - INFO - Batch 2200/2278: Loss=1.1897, Cls=0.0015, Reg=0.0000, Con=3.9608
2025-09-13 21:41:00,926 - INFO - Batch 2210/2278: Loss=0.0000, Cls=0.0000, Reg=0.0000, Con=0.0000
2025-09-13 21:41:01,905 - INFO - Batch 2220/2278: Loss=0.0001, Cls=0.0001, Reg=0.0000, Con=0.0000
2025-09-13 21:41:02,894 - INFO - Batch 2230/2278: Loss=1.1883, Cls=0.0000, Reg=0.0000, Con=3.9609
2025-09-13 21:41:03,830 - INFO - Batch 2240/2278: Loss=1.1885, Cls=0.0000, Reg=0.0000, Con=3.9617
2025-09-13 21:41:04,835 - INFO - Batch 2250/2278: Loss=1.1887, Cls=0.0004, Reg=0.0000, Con=3.9608
2025-09-13 21:41:05,812 - INFO - Batch 2260/2278: Loss=0.0001, Cls=0.0001, Reg=0.0000, Con=0.0000
2025-09-13 21:41:06,822 - INFO - Batch 2270/2278: Loss=0.2181, Cls=0.2181, Reg=0.0000, Con=0.0000
2025-09-13 21:44:38,902 - INFO - === Epoch 3 Results ===
2025-09-13 21:44:38,902 - INFO - Training Loss: 0.9836 (Classification: 0.2058, Regression: 0.0000)
2025-09-13 21:44:38,903 - INFO - Validation Loss: 0.0755 (Classification: 0.0755, Regression: 0.0000)
2025-09-13 21:44:38,903 - INFO - Average Classification Accuracy: 0.9114 (on 1/26 tasks)
2025-09-13 21:44:38,903 - INFO - Average AUC: 0.9205
2025-09-13 21:44:41,773 - INFO - Best model saved to: experiments/r1c3_single_cls_24_seed_42_20250913_212341/checkpoints/r1c3_single_cls_24_seed_42_best.pth
2025-09-13 21:44:41,774 - INFO - Training finished!
2025-09-13 21:44:41,774 - INFO - Performing final evaluation...
2025-09-13 21:44:42,023 - INFO - Loaded best model from: experiments/r1c3_single_cls_24_seed_42_20250913_212341/checkpoints/r1c3_single_cls_24_seed_42_best.pth
2025-09-13 21:48:11,099 - INFO - Final Validation Results:
2025-09-13 21:48:11,100 - INFO -   Total Loss: 0.0755
2025-09-13 21:48:11,100 - INFO -   Classification Loss: 0.0755
2025-09-13 21:48:11,100 - INFO -   Regression Loss: 0.0000
2025-09-13 21:48:11,100 - INFO -   Average Classification Accuracy: 0.9114
2025-09-13 21:48:11,100 - INFO -   Average AUC: 0.9205
2025-09-13 21:48:11,100 - INFO - Results saved to: experiments/r1c3_single_cls_24_seed_42_20250913_212341/checkpoints/r1c3_single_cls_24_seed_42_results.json
