2025-09-14 00:26:03,544 - INFO - 🔬 Starting experiment: r1c3_headft_cls_3_seed_42
2025-09-14 00:26:03,545 - INFO - 📁 Experiment directory: experiments/r1c3_headft_cls_3_seed_42_20250914_002603
2025-09-14 00:26:03,545 - INFO - 🎲 Random seed: 42
2025-09-14 00:26:03,545 - INFO - 🔒 Deterministic mode: True
2025-09-14 00:26:03,545 - INFO - Using device: cuda
2025-09-14 00:26:03,545 - INFO - Total GPU Memory: 25.16 GB
2025-09-14 00:26:03,560 - INFO - 🧪 Fusion: Using cross-attention dynamic fusion
2025-09-14 00:26:03,560 - INFO - 🧪 GNN Backbone: Using default GraphAttentionNetwork branch
2025-09-14 00:26:03,560 - INFO - 🎯 Task Mode: Single classification endpoint 3
2025-09-14 00:26:03,560 - INFO - Configuration saved to: experiments/r1c3_headft_cls_3_seed_42_20250914_002603/checkpoints/config.json
2025-09-14 00:26:03,561 - INFO - 🚀 Using preprocessed data from: /mnt/backup2/ai4s/backupunimolpy/responds-work/ToxD4C/data/data/processed
2025-09-14 00:26:03,561 - INFO - Loading LMDB dataset from: /mnt/backup2/ai4s/backupunimolpy/responds-work/ToxD4C/data/data/processed
2025-09-14 00:26:04,064 - INFO - Number of training batches: 2278
2025-09-14 00:26:04,064 - INFO - Number of validation batches: 2278
2025-09-14 00:26:04,064 - INFO - Number of test batches: 2278
2025-09-14 00:26:04,064 - INFO - Creating ToxD4C model...
2025-09-14 00:26:05,175 - INFO - Model created successfully. Total parameters: 100,932,036
2025-09-14 00:26:05,175 - INFO - Testing model forward pass...
2025-09-14 00:26:05,631 - INFO - Test output shapes:
2025-09-14 00:26:05,631 - INFO -   classification: torch.Size([16, 1])
2025-09-14 00:26:05,634 - INFO -   classification contains NaN: False
2025-09-14 00:26:05,634 - INFO -   classification contains Inf: False
2025-09-14 00:26:05,634 - INFO -   regression: torch.Size([16, 0])
2025-09-14 00:26:05,634 - INFO -   regression contains NaN: False
2025-09-14 00:26:05,634 - INFO -   regression contains Inf: False
2025-09-14 00:26:05,634 - INFO - Model forward pass test successful!
2025-09-14 00:26:06,375 - INFO - 🔁 Loaded checkpoint from: /mnt/backup2/ai4s/backupunimolpy/responds-work/ToxD4C/experiments/r1c3_multi_full_seed_42_20250913_152627/checkpoints/r1c3_multi_full_seed_42_best.pth
2025-09-14 00:26:06,376 - INFO - 🧩 Head-only fine-tuning: unfroze head for task 'Eye irritation' and froze trunk.
2025-09-14 00:26:06,377 - INFO - Starting training...
2025-09-14 00:26:06,377 - INFO - 
Epoch 1/3
2025-09-14 00:26:06,541 - INFO - Batch 0/2278: Loss=0.0408, Cls=0.0408, Reg=0.0000, Con=0.0000
2025-09-14 00:26:07,423 - INFO - Batch 10/2278: Loss=0.1386, Cls=0.1386, Reg=0.0000, Con=0.0000
2025-09-14 00:26:08,282 - INFO - Batch 20/2278: Loss=1.1892, Cls=0.0009, Reg=0.0000, Con=3.9610
2025-09-14 00:26:09,149 - INFO - Batch 30/2278: Loss=0.0000, Cls=0.0000, Reg=0.0000, Con=0.0000
2025-09-14 00:26:10,025 - INFO - Batch 40/2278: Loss=0.0241, Cls=0.0241, Reg=0.0000, Con=0.0000
2025-09-14 00:26:10,911 - INFO - Batch 50/2278: Loss=1.1977, Cls=0.0094, Reg=0.0000, Con=3.9609
2025-09-14 00:26:11,821 - INFO - Batch 60/2278: Loss=1.1929, Cls=0.0047, Reg=0.0000, Con=3.9609
2025-09-14 00:26:12,711 - INFO - Batch 70/2278: Loss=1.1909, Cls=0.0027, Reg=0.0000, Con=3.9610
2025-09-14 00:26:13,574 - INFO - Batch 80/2278: Loss=0.0009, Cls=0.0009, Reg=0.0000, Con=0.0000
2025-09-14 00:26:14,473 - INFO - Batch 90/2278: Loss=1.1951, Cls=0.0068, Reg=0.0000, Con=3.9609
2025-09-14 00:26:15,345 - INFO - Batch 100/2278: Loss=1.1912, Cls=0.0030, Reg=0.0000, Con=3.9609
2025-09-14 00:26:16,256 - INFO - Batch 110/2278: Loss=1.1902, Cls=0.0019, Reg=0.0000, Con=3.9609
2025-09-14 00:26:17,153 - INFO - Batch 120/2278: Loss=1.1883, Cls=0.0000, Reg=0.0000, Con=3.9609
2025-09-14 00:26:18,028 - INFO - Batch 130/2278: Loss=1.1883, Cls=0.0000, Reg=0.0000, Con=3.9609
2025-09-14 00:26:18,894 - INFO - Batch 140/2278: Loss=1.1979, Cls=0.0095, Reg=0.0000, Con=3.9615
2025-09-14 00:26:19,811 - INFO - Batch 150/2278: Loss=1.1884, Cls=0.0000, Reg=0.0000, Con=3.9613
2025-09-14 00:26:20,750 - INFO - Batch 160/2278: Loss=1.1883, Cls=0.0000, Reg=0.0000, Con=3.9611
2025-09-14 00:26:21,639 - INFO - Batch 170/2278: Loss=1.1890, Cls=0.0006, Reg=0.0000, Con=3.9611
2025-09-14 00:26:22,573 - INFO - Batch 180/2278: Loss=1.1885, Cls=0.0003, Reg=0.0000, Con=3.9610
2025-09-14 00:26:23,583 - INFO - Batch 190/2278: Loss=1.1887, Cls=0.0005, Reg=0.0000, Con=3.9608
2025-09-14 00:26:24,463 - INFO - Batch 200/2278: Loss=0.0002, Cls=0.0002, Reg=0.0000, Con=0.0000
2025-09-14 00:26:25,382 - INFO - Batch 210/2278: Loss=1.7194, Cls=0.5311, Reg=0.0000, Con=3.9609
2025-09-14 00:26:26,387 - INFO - Batch 220/2278: Loss=0.0000, Cls=0.0000, Reg=0.0000, Con=0.0000
2025-09-14 00:26:27,303 - INFO - Batch 230/2278: Loss=1.1894, Cls=0.0011, Reg=0.0000, Con=3.9610
2025-09-14 00:26:28,161 - INFO - Batch 240/2278: Loss=1.1882, Cls=0.0000, Reg=0.0000, Con=3.9608
2025-09-14 00:26:29,076 - INFO - Batch 250/2278: Loss=0.5639, Cls=0.5639, Reg=0.0000, Con=0.0000
2025-09-14 00:26:29,948 - INFO - Batch 260/2278: Loss=3.5096, Cls=2.3213, Reg=0.0000, Con=3.9607
2025-09-14 00:26:30,843 - INFO - Batch 270/2278: Loss=0.0008, Cls=0.0008, Reg=0.0000, Con=0.0000
2025-09-14 00:26:31,717 - INFO - Batch 280/2278: Loss=1.1960, Cls=0.0077, Reg=0.0000, Con=3.9611
2025-09-14 00:26:32,601 - INFO - Batch 290/2278: Loss=0.0000, Cls=0.0000, Reg=0.0000, Con=0.0000
2025-09-14 00:26:33,507 - INFO - Batch 300/2278: Loss=1.1889, Cls=0.0006, Reg=0.0000, Con=3.9609
2025-09-14 00:26:34,418 - INFO - Batch 310/2278: Loss=1.5286, Cls=0.3402, Reg=0.0000, Con=3.9612
2025-09-14 00:26:35,286 - INFO - Batch 320/2278: Loss=0.0010, Cls=0.0010, Reg=0.0000, Con=0.0000
2025-09-14 00:26:36,195 - INFO - Batch 330/2278: Loss=1.1886, Cls=0.0003, Reg=0.0000, Con=3.9609
2025-09-14 00:26:37,075 - INFO - Batch 340/2278: Loss=1.2415, Cls=0.0532, Reg=0.0000, Con=3.9610
2025-09-14 00:26:38,049 - INFO - Batch 350/2278: Loss=1.1888, Cls=0.0005, Reg=0.0000, Con=3.9611
2025-09-14 00:26:39,077 - INFO - Batch 360/2278: Loss=1.1888, Cls=0.0006, Reg=0.0000, Con=3.9607
2025-09-14 00:26:39,978 - INFO - Batch 370/2278: Loss=1.1940, Cls=0.0057, Reg=0.0000, Con=3.9609
2025-09-14 00:26:40,857 - INFO - Batch 380/2278: Loss=1.2004, Cls=0.0122, Reg=0.0000, Con=3.9607
2025-09-14 00:26:41,747 - INFO - Batch 390/2278: Loss=1.1894, Cls=0.0011, Reg=0.0000, Con=3.9609
2025-09-14 00:26:42,675 - INFO - Batch 400/2278: Loss=0.0004, Cls=0.0004, Reg=0.0000, Con=0.0000
2025-09-14 00:26:43,600 - INFO - Batch 410/2278: Loss=0.0002, Cls=0.0002, Reg=0.0000, Con=0.0000
2025-09-14 00:26:44,533 - INFO - Batch 420/2278: Loss=0.0000, Cls=0.0000, Reg=0.0000, Con=0.0000
2025-09-14 00:26:45,468 - INFO - Batch 430/2278: Loss=1.3054, Cls=0.1171, Reg=0.0000, Con=3.9608
2025-09-14 00:26:46,352 - INFO - Batch 440/2278: Loss=1.1882, Cls=0.0000, Reg=0.0000, Con=3.9608
2025-09-14 00:26:47,231 - INFO - Batch 450/2278: Loss=1.7461, Cls=0.5578, Reg=0.0000, Con=3.9607
2025-09-14 00:26:48,134 - INFO - Batch 460/2278: Loss=1.1883, Cls=0.0001, Reg=0.0000, Con=3.9607
2025-09-14 00:26:49,044 - INFO - Batch 470/2278: Loss=1.1887, Cls=0.0003, Reg=0.0000, Con=3.9611
2025-09-14 00:26:49,946 - INFO - Batch 480/2278: Loss=1.4383, Cls=0.2501, Reg=0.0000, Con=3.9607
2025-09-14 00:26:50,852 - INFO - Batch 490/2278: Loss=1.1886, Cls=0.0004, Reg=0.0000, Con=3.9608
2025-09-14 00:26:51,722 - INFO - Batch 500/2278: Loss=0.0740, Cls=0.0740, Reg=0.0000, Con=0.0000
2025-09-14 00:26:52,621 - INFO - Batch 510/2278: Loss=1.1894, Cls=0.0012, Reg=0.0000, Con=3.9609
2025-09-14 00:26:53,529 - INFO - Batch 520/2278: Loss=1.1912, Cls=0.0030, Reg=0.0000, Con=3.9608
2025-09-14 00:26:54,397 - INFO - Batch 530/2278: Loss=1.2028, Cls=0.0145, Reg=0.0000, Con=3.9608
2025-09-14 00:26:55,312 - INFO - Batch 540/2278: Loss=1.1893, Cls=0.0011, Reg=0.0000, Con=3.9610
2025-09-14 00:26:56,193 - INFO - Batch 550/2278: Loss=1.1882, Cls=0.0000, Reg=0.0000, Con=3.9607
2025-09-14 00:26:57,054 - INFO - Batch 560/2278: Loss=1.1883, Cls=0.0000, Reg=0.0000, Con=3.9609
2025-09-14 00:26:57,987 - INFO - Batch 570/2278: Loss=1.1883, Cls=0.0000, Reg=0.0000, Con=3.9608
2025-09-14 00:26:58,876 - INFO - Batch 580/2278: Loss=0.0066, Cls=0.0066, Reg=0.0000, Con=0.0000
2025-09-14 00:26:59,728 - INFO - Batch 590/2278: Loss=1.1883, Cls=0.0000, Reg=0.0000, Con=3.9611
2025-09-14 00:27:00,602 - INFO - Batch 600/2278: Loss=1.1885, Cls=0.0002, Reg=0.0000, Con=3.9610
2025-09-14 00:27:01,485 - INFO - Batch 610/2278: Loss=1.1900, Cls=0.0017, Reg=0.0000, Con=3.9609
2025-09-14 00:27:02,350 - INFO - Batch 620/2278: Loss=5.6634, Cls=4.4751, Reg=0.0000, Con=3.9608
2025-09-14 00:27:03,234 - INFO - Batch 630/2278: Loss=1.1898, Cls=0.0015, Reg=0.0000, Con=3.9609
2025-09-14 00:27:04,214 - INFO - Batch 640/2278: Loss=1.1882, Cls=0.0000, Reg=0.0000, Con=3.9608
2025-09-14 00:27:05,116 - INFO - Batch 650/2278: Loss=1.1885, Cls=0.0001, Reg=0.0000, Con=3.9613
2025-09-14 00:27:05,970 - INFO - Batch 660/2278: Loss=1.1933, Cls=0.0051, Reg=0.0000, Con=3.9608
2025-09-14 00:27:06,855 - INFO - Batch 670/2278: Loss=1.1883, Cls=0.0000, Reg=0.0000, Con=3.9608
2025-09-14 00:27:07,750 - INFO - Batch 680/2278: Loss=4.0028, Cls=2.8146, Reg=0.0000, Con=3.9608
2025-09-14 00:27:08,843 - INFO - Batch 690/2278: Loss=0.0014, Cls=0.0014, Reg=0.0000, Con=0.0000
2025-09-14 00:27:09,749 - INFO - Batch 700/2278: Loss=1.1883, Cls=0.0001, Reg=0.0000, Con=3.9609
2025-09-14 00:27:10,692 - INFO - Batch 710/2278: Loss=1.1891, Cls=0.0008, Reg=0.0000, Con=3.9610
2025-09-14 00:27:11,547 - INFO - Batch 720/2278: Loss=1.1884, Cls=0.0002, Reg=0.0000, Con=3.9608
2025-09-14 00:27:12,431 - INFO - Batch 730/2278: Loss=1.1884, Cls=0.0000, Reg=0.0000, Con=3.9613
2025-09-14 00:27:13,324 - INFO - Batch 740/2278: Loss=2.4540, Cls=1.2657, Reg=0.0000, Con=3.9609
2025-09-14 00:27:14,190 - INFO - Batch 750/2278: Loss=2.5831, Cls=1.3948, Reg=0.0000, Con=3.9609
2025-09-14 00:27:15,067 - INFO - Batch 760/2278: Loss=1.1885, Cls=0.0001, Reg=0.0000, Con=3.9613
2025-09-14 00:27:15,932 - INFO - Batch 770/2278: Loss=1.2170, Cls=0.0287, Reg=0.0000, Con=3.9610
2025-09-14 00:27:16,808 - INFO - Batch 780/2278: Loss=3.4504, Cls=2.2622, Reg=0.0000, Con=3.9608
2025-09-14 00:27:17,668 - INFO - Batch 790/2278: Loss=0.0000, Cls=0.0000, Reg=0.0000, Con=0.0000
2025-09-14 00:27:18,551 - INFO - Batch 800/2278: Loss=2.4133, Cls=1.2250, Reg=0.0000, Con=3.9612
2025-09-14 00:27:19,402 - INFO - Batch 810/2278: Loss=1.1908, Cls=0.0024, Reg=0.0000, Con=3.9612
2025-09-14 00:27:20,279 - INFO - Batch 820/2278: Loss=1.1883, Cls=0.0000, Reg=0.0000, Con=3.9609
2025-09-14 00:27:21,180 - INFO - Batch 830/2278: Loss=1.5682, Cls=0.3800, Reg=0.0000, Con=3.9609
2025-09-14 00:27:22,039 - INFO - Batch 840/2278: Loss=1.3765, Cls=0.1883, Reg=0.0000, Con=3.9608
2025-09-14 00:27:22,905 - INFO - Batch 850/2278: Loss=0.0000, Cls=0.0000, Reg=0.0000, Con=0.0000
2025-09-14 00:27:23,761 - INFO - Batch 860/2278: Loss=1.5556, Cls=0.3673, Reg=0.0000, Con=3.9610
2025-09-14 00:27:24,629 - INFO - Batch 870/2278: Loss=1.1889, Cls=0.0006, Reg=0.0000, Con=3.9610
2025-09-14 00:27:25,509 - INFO - Batch 880/2278: Loss=1.1940, Cls=0.0058, Reg=0.0000, Con=3.9608
2025-09-14 00:27:26,353 - INFO - Batch 890/2278: Loss=0.0000, Cls=0.0000, Reg=0.0000, Con=0.0000
2025-09-14 00:27:27,219 - INFO - Batch 900/2278: Loss=1.1901, Cls=0.0018, Reg=0.0000, Con=3.9609
2025-09-14 00:27:28,110 - INFO - Batch 910/2278: Loss=1.1922, Cls=0.0039, Reg=0.0000, Con=3.9609
2025-09-14 00:27:28,959 - INFO - Batch 920/2278: Loss=1.1883, Cls=0.0000, Reg=0.0000, Con=3.9610
2025-09-14 00:27:29,845 - INFO - Batch 930/2278: Loss=1.1883, Cls=0.0000, Reg=0.0000, Con=3.9609
2025-09-14 00:27:30,717 - INFO - Batch 940/2278: Loss=1.1884, Cls=0.0001, Reg=0.0000, Con=3.9609
2025-09-14 00:27:31,590 - INFO - Batch 950/2278: Loss=2.2693, Cls=1.0810, Reg=0.0000, Con=3.9611
2025-09-14 00:27:32,451 - INFO - Batch 960/2278: Loss=1.1946, Cls=0.0063, Reg=0.0000, Con=3.9609
2025-09-14 00:27:33,316 - INFO - Batch 970/2278: Loss=1.1894, Cls=0.0010, Reg=0.0000, Con=3.9612
2025-09-14 00:27:34,176 - INFO - Batch 980/2278: Loss=1.2059, Cls=0.0177, Reg=0.0000, Con=3.9606
2025-09-14 00:27:35,078 - INFO - Batch 990/2278: Loss=1.2413, Cls=0.0530, Reg=0.0000, Con=3.9609
2025-09-14 00:27:35,952 - INFO - Batch 1000/2278: Loss=1.1933, Cls=0.0051, Reg=0.0000, Con=3.9609
2025-09-14 00:27:36,840 - INFO - Batch 1010/2278: Loss=1.1888, Cls=0.0005, Reg=0.0000, Con=3.9610
2025-09-14 00:27:37,726 - INFO - Batch 1020/2278: Loss=0.0004, Cls=0.0004, Reg=0.0000, Con=0.0000
2025-09-14 00:27:38,613 - INFO - Batch 1030/2278: Loss=1.2012, Cls=0.0129, Reg=0.0000, Con=3.9610
2025-09-14 00:27:39,487 - INFO - Batch 1040/2278: Loss=1.1891, Cls=0.0009, Reg=0.0000, Con=3.9607
2025-09-14 00:27:40,336 - INFO - Batch 1050/2278: Loss=1.1883, Cls=0.0000, Reg=0.0000, Con=3.9609
2025-09-14 00:27:41,196 - INFO - Batch 1060/2278: Loss=3.8238, Cls=2.6356, Reg=0.0000, Con=3.9608
2025-09-14 00:27:42,063 - INFO - Batch 1070/2278: Loss=1.1882, Cls=0.0000, Reg=0.0000, Con=3.9608
2025-09-14 00:27:42,914 - INFO - Batch 1080/2278: Loss=1.1883, Cls=0.0001, Reg=0.0000, Con=3.9610
2025-09-14 00:27:43,808 - INFO - Batch 1090/2278: Loss=1.1883, Cls=0.0000, Reg=0.0000, Con=3.9609
2025-09-14 00:27:44,691 - INFO - Batch 1100/2278: Loss=0.0000, Cls=0.0000, Reg=0.0000, Con=0.0000
2025-09-14 00:27:45,582 - INFO - Batch 1110/2278: Loss=1.1882, Cls=0.0000, Reg=0.0000, Con=3.9608
2025-09-14 00:27:46,441 - INFO - Batch 1120/2278: Loss=0.0000, Cls=0.0000, Reg=0.0000, Con=0.0000
2025-09-14 00:27:47,334 - INFO - Batch 1130/2278: Loss=1.1884, Cls=0.0001, Reg=0.0000, Con=3.9609
2025-09-14 00:27:48,208 - INFO - Batch 1140/2278: Loss=1.1882, Cls=0.0000, Reg=0.0000, Con=3.9608
2025-09-14 00:27:49,074 - INFO - Batch 1150/2278: Loss=1.2896, Cls=0.1013, Reg=0.0000, Con=3.9611
2025-09-14 00:27:49,982 - INFO - Batch 1160/2278: Loss=1.1938, Cls=0.0055, Reg=0.0000, Con=3.9609
2025-09-14 00:27:50,840 - INFO - Batch 1170/2278: Loss=0.0000, Cls=0.0000, Reg=0.0000, Con=0.0000
2025-09-14 00:27:51,690 - INFO - Batch 1180/2278: Loss=1.2533, Cls=0.0650, Reg=0.0000, Con=3.9609
2025-09-14 00:27:52,565 - INFO - Batch 1190/2278: Loss=1.1884, Cls=0.0001, Reg=0.0000, Con=3.9609
2025-09-14 00:27:53,428 - INFO - Batch 1200/2278: Loss=1.1890, Cls=0.0007, Reg=0.0000, Con=3.9609
2025-09-14 00:27:54,306 - INFO - Batch 1210/2278: Loss=1.1883, Cls=0.0000, Reg=0.0000, Con=3.9610
2025-09-14 00:27:55,160 - INFO - Batch 1220/2278: Loss=1.2370, Cls=0.0487, Reg=0.0000, Con=3.9610
2025-09-14 00:27:56,064 - INFO - Batch 1230/2278: Loss=1.1890, Cls=0.0007, Reg=0.0000, Con=3.9609
2025-09-14 00:27:56,972 - INFO - Batch 1240/2278: Loss=1.1883, Cls=0.0000, Reg=0.0000, Con=3.9609
2025-09-14 00:27:57,870 - INFO - Batch 1250/2278: Loss=1.1890, Cls=0.0007, Reg=0.0000, Con=3.9608
2025-09-14 00:27:58,743 - INFO - Batch 1260/2278: Loss=1.1882, Cls=0.0000, Reg=0.0000, Con=3.9608
2025-09-14 00:27:59,630 - INFO - Batch 1270/2278: Loss=1.1886, Cls=0.0003, Reg=0.0000, Con=3.9609
2025-09-14 00:28:00,477 - INFO - Batch 1280/2278: Loss=0.0000, Cls=0.0000, Reg=0.0000, Con=0.0000
2025-09-14 00:28:01,349 - INFO - Batch 1290/2278: Loss=0.0000, Cls=0.0000, Reg=0.0000, Con=0.0000
2025-09-14 00:28:02,254 - INFO - Batch 1300/2278: Loss=1.1958, Cls=0.0075, Reg=0.0000, Con=3.9610
2025-09-14 00:28:03,135 - INFO - Batch 1310/2278: Loss=1.1883, Cls=0.0000, Reg=0.0000, Con=3.9611
2025-09-14 00:28:04,015 - INFO - Batch 1320/2278: Loss=1.2565, Cls=0.0682, Reg=0.0000, Con=3.9610
2025-09-14 00:28:04,871 - INFO - Batch 1330/2278: Loss=1.1885, Cls=0.0001, Reg=0.0000, Con=3.9613
2025-09-14 00:28:05,732 - INFO - Batch 1340/2278: Loss=1.1889, Cls=0.0006, Reg=0.0000, Con=3.9610
2025-09-14 00:28:06,759 - INFO - Batch 1350/2278: Loss=1.3746, Cls=1.3746, Reg=0.0000, Con=0.0000
2025-09-14 00:28:07,649 - INFO - Batch 1360/2278: Loss=1.1904, Cls=0.0022, Reg=0.0000, Con=3.9610
2025-09-14 00:28:08,525 - INFO - Batch 1370/2278: Loss=1.1882, Cls=0.0000, Reg=0.0000, Con=3.9608
2025-09-14 00:28:09,405 - INFO - Batch 1380/2278: Loss=1.1882, Cls=0.0000, Reg=0.0000, Con=3.9608
2025-09-14 00:28:10,263 - INFO - Batch 1390/2278: Loss=1.1889, Cls=0.0006, Reg=0.0000, Con=3.9608
2025-09-14 00:28:11,133 - INFO - Batch 1400/2278: Loss=1.1883, Cls=0.0000, Reg=0.0000, Con=3.9609
2025-09-14 00:28:12,059 - INFO - Batch 1410/2278: Loss=1.1886, Cls=0.0002, Reg=0.0000, Con=3.9612
2025-09-14 00:28:12,913 - INFO - Batch 1420/2278: Loss=0.0000, Cls=0.0000, Reg=0.0000, Con=0.0000
2025-09-14 00:28:13,769 - INFO - Batch 1430/2278: Loss=1.1883, Cls=0.0000, Reg=0.0000, Con=3.9609
2025-09-14 00:28:14,654 - INFO - Batch 1440/2278: Loss=1.8448, Cls=0.6565, Reg=0.0000, Con=3.9610
2025-09-14 00:28:15,540 - INFO - Batch 1450/2278: Loss=1.1883, Cls=0.0000, Reg=0.0000, Con=3.9608
2025-09-14 00:28:16,432 - INFO - Batch 1460/2278: Loss=1.0460, Cls=1.0460, Reg=0.0000, Con=0.0000
2025-09-14 00:28:17,349 - INFO - Batch 1470/2278: Loss=1.1884, Cls=0.0002, Reg=0.0000, Con=3.9609
2025-09-14 00:28:18,255 - INFO - Batch 1480/2278: Loss=1.1882, Cls=0.0000, Reg=0.0000, Con=3.9607
2025-09-14 00:28:19,129 - INFO - Batch 1490/2278: Loss=2.7461, Cls=1.5579, Reg=0.0000, Con=3.9609
2025-09-14 00:28:20,001 - INFO - Batch 1500/2278: Loss=1.1883, Cls=0.0000, Reg=0.0000, Con=3.9608
2025-09-14 00:28:20,877 - INFO - Batch 1510/2278: Loss=0.0000, Cls=0.0000, Reg=0.0000, Con=0.0000
2025-09-14 00:28:21,746 - INFO - Batch 1520/2278: Loss=1.1886, Cls=0.0004, Reg=0.0000, Con=3.9608
2025-09-14 00:28:22,622 - INFO - Batch 1530/2278: Loss=1.1882, Cls=0.0000, Reg=0.0000, Con=3.9608
2025-09-14 00:28:23,509 - INFO - Batch 1540/2278: Loss=1.1896, Cls=0.0013, Reg=0.0000, Con=3.9609
2025-09-14 00:28:24,400 - INFO - Batch 1550/2278: Loss=1.1901, Cls=0.0018, Reg=0.0000, Con=3.9610
2025-09-14 00:28:25,272 - INFO - Batch 1560/2278: Loss=1.1883, Cls=0.0000, Reg=0.0000, Con=3.9609
2025-09-14 00:28:26,180 - INFO - Batch 1570/2278: Loss=1.3731, Cls=0.1849, Reg=0.0000, Con=3.9608
2025-09-14 00:28:27,099 - INFO - Batch 1580/2278: Loss=1.1889, Cls=0.0006, Reg=0.0000, Con=3.9608
2025-09-14 00:28:27,963 - INFO - Batch 1590/2278: Loss=1.1883, Cls=0.0000, Reg=0.0000, Con=3.9609
2025-09-14 00:28:28,817 - INFO - Batch 1600/2278: Loss=1.1883, Cls=0.0000, Reg=0.0000, Con=3.9608
2025-09-14 00:28:29,678 - INFO - Batch 1610/2278: Loss=1.1888, Cls=0.0006, Reg=0.0000, Con=3.9608
2025-09-14 00:28:30,554 - INFO - Batch 1620/2278: Loss=0.0000, Cls=0.0000, Reg=0.0000, Con=0.0000
2025-09-14 00:28:31,431 - INFO - Batch 1630/2278: Loss=1.1882, Cls=0.0000, Reg=0.0000, Con=3.9608
2025-09-14 00:28:32,305 - INFO - Batch 1640/2278: Loss=0.0000, Cls=0.0000, Reg=0.0000, Con=0.0000
2025-09-14 00:28:33,179 - INFO - Batch 1650/2278: Loss=0.0000, Cls=0.0000, Reg=0.0000, Con=0.0000
2025-09-14 00:28:34,070 - INFO - Batch 1660/2278: Loss=0.0659, Cls=0.0659, Reg=0.0000, Con=0.0000
2025-09-14 00:28:34,942 - INFO - Batch 1670/2278: Loss=1.1886, Cls=0.0002, Reg=0.0000, Con=3.9612
2025-09-14 00:28:35,843 - INFO - Batch 1680/2278: Loss=0.0018, Cls=0.0018, Reg=0.0000, Con=0.0000
2025-09-14 00:28:36,718 - INFO - Batch 1690/2278: Loss=1.1884, Cls=0.0001, Reg=0.0000, Con=3.9612
2025-09-14 00:28:37,578 - INFO - Batch 1700/2278: Loss=1.1976, Cls=0.0092, Reg=0.0000, Con=3.9612
2025-09-14 00:28:38,473 - INFO - Batch 1710/2278: Loss=0.0000, Cls=0.0000, Reg=0.0000, Con=0.0000
2025-09-14 00:28:39,347 - INFO - Batch 1720/2278: Loss=1.1890, Cls=0.0008, Reg=0.0000, Con=3.9608
2025-09-14 00:28:40,214 - INFO - Batch 1730/2278: Loss=0.8804, Cls=0.8804, Reg=0.0000, Con=0.0000
2025-09-14 00:28:41,090 - INFO - Batch 1740/2278: Loss=1.1885, Cls=0.0002, Reg=0.0000, Con=3.9610
2025-09-14 00:28:41,999 - INFO - Batch 1750/2278: Loss=1.1883, Cls=0.0000, Reg=0.0000, Con=3.9609
2025-09-14 00:28:42,886 - INFO - Batch 1760/2278: Loss=1.1884, Cls=0.0002, Reg=0.0000, Con=3.9609
2025-09-14 00:28:43,765 - INFO - Batch 1770/2278: Loss=1.9175, Cls=0.7293, Reg=0.0000, Con=3.9609
2025-09-14 00:28:44,634 - INFO - Batch 1780/2278: Loss=1.1899, Cls=0.0016, Reg=0.0000, Con=3.9611
2025-09-14 00:28:45,494 - INFO - Batch 1790/2278: Loss=0.1009, Cls=0.1009, Reg=0.0000, Con=0.0000
2025-09-14 00:28:46,376 - INFO - Batch 1800/2278: Loss=0.0000, Cls=0.0000, Reg=0.0000, Con=0.0000
2025-09-14 00:28:47,272 - INFO - Batch 1810/2278: Loss=1.1979, Cls=0.0096, Reg=0.0000, Con=3.9609
2025-09-14 00:28:48,139 - INFO - Batch 1820/2278: Loss=1.1883, Cls=0.0000, Reg=0.0000, Con=3.9611
2025-09-14 00:28:49,015 - INFO - Batch 1830/2278: Loss=1.1883, Cls=0.0000, Reg=0.0000, Con=3.9611
2025-09-14 00:28:49,891 - INFO - Batch 1840/2278: Loss=0.0006, Cls=0.0006, Reg=0.0000, Con=0.0000
2025-09-14 00:28:50,797 - INFO - Batch 1850/2278: Loss=2.2658, Cls=1.0775, Reg=0.0000, Con=3.9608
2025-09-14 00:28:51,676 - INFO - Batch 1860/2278: Loss=1.2261, Cls=0.0379, Reg=0.0000, Con=3.9608
2025-09-14 00:28:52,547 - INFO - Batch 1870/2278: Loss=1.1882, Cls=0.0000, Reg=0.0000, Con=3.9608
2025-09-14 00:28:53,414 - INFO - Batch 1880/2278: Loss=0.0000, Cls=0.0000, Reg=0.0000, Con=0.0000
2025-09-14 00:28:54,307 - INFO - Batch 1890/2278: Loss=1.1883, Cls=0.0000, Reg=0.0000, Con=3.9609
2025-09-14 00:28:55,195 - INFO - Batch 1900/2278: Loss=0.0086, Cls=0.0086, Reg=0.0000, Con=0.0000
2025-09-14 00:28:56,050 - INFO - Batch 1910/2278: Loss=0.0059, Cls=0.0059, Reg=0.0000, Con=0.0000
2025-09-14 00:28:56,957 - INFO - Batch 1920/2278: Loss=1.1882, Cls=0.0000, Reg=0.0000, Con=3.9607
2025-09-14 00:28:57,830 - INFO - Batch 1930/2278: Loss=9.0329, Cls=7.8447, Reg=0.0000, Con=3.9607
2025-09-14 00:28:58,702 - INFO - Batch 1940/2278: Loss=1.1883, Cls=0.0001, Reg=0.0000, Con=3.9608
2025-09-14 00:28:59,576 - INFO - Batch 1950/2278: Loss=1.1882, Cls=0.0000, Reg=0.0000, Con=3.9608
2025-09-14 00:29:00,439 - INFO - Batch 1960/2278: Loss=1.1888, Cls=0.0005, Reg=0.0000, Con=3.9609
2025-09-14 00:29:01,292 - INFO - Batch 1970/2278: Loss=1.1896, Cls=0.0013, Reg=0.0000, Con=3.9611
2025-09-14 00:29:02,167 - INFO - Batch 1980/2278: Loss=1.8670, Cls=0.6787, Reg=0.0000, Con=3.9608
2025-09-14 00:29:03,051 - INFO - Batch 1990/2278: Loss=1.1888, Cls=0.0004, Reg=0.0000, Con=3.9613
2025-09-14 00:29:03,910 - INFO - Batch 2000/2278: Loss=0.0000, Cls=0.0000, Reg=0.0000, Con=0.0000
2025-09-14 00:29:04,776 - INFO - Batch 2010/2278: Loss=1.1883, Cls=0.0000, Reg=0.0000, Con=3.9608
2025-09-14 00:29:05,670 - INFO - Batch 2020/2278: Loss=1.1883, Cls=0.0000, Reg=0.0000, Con=3.9608
2025-09-14 00:29:06,553 - INFO - Batch 2030/2278: Loss=1.1889, Cls=0.0006, Reg=0.0000, Con=3.9609
2025-09-14 00:29:07,433 - INFO - Batch 2040/2278: Loss=1.1883, Cls=0.0000, Reg=0.0000, Con=3.9609
2025-09-14 00:29:08,320 - INFO - Batch 2050/2278: Loss=1.1955, Cls=0.0072, Reg=0.0000, Con=3.9608
2025-09-14 00:29:09,166 - INFO - Batch 2060/2278: Loss=0.0002, Cls=0.0002, Reg=0.0000, Con=0.0000
2025-09-14 00:29:10,053 - INFO - Batch 2070/2278: Loss=1.1907, Cls=0.0024, Reg=0.0000, Con=3.9611
2025-09-14 00:29:10,912 - INFO - Batch 2080/2278: Loss=1.2584, Cls=0.0701, Reg=0.0000, Con=3.9610
2025-09-14 00:29:11,808 - INFO - Batch 2090/2278: Loss=1.2008, Cls=0.0124, Reg=0.0000, Con=3.9612
2025-09-14 00:29:12,694 - INFO - Batch 2100/2278: Loss=1.1883, Cls=0.0000, Reg=0.0000, Con=3.9611
2025-09-14 00:29:13,596 - INFO - Batch 2110/2278: Loss=1.1950, Cls=0.0067, Reg=0.0000, Con=3.9608
2025-09-14 00:29:14,464 - INFO - Batch 2120/2278: Loss=1.1885, Cls=0.0001, Reg=0.0000, Con=3.9612
2025-09-14 00:29:15,369 - INFO - Batch 2130/2278: Loss=1.1882, Cls=0.0000, Reg=0.0000, Con=3.9606
2025-09-14 00:29:16,255 - INFO - Batch 2140/2278: Loss=1.1883, Cls=0.0000, Reg=0.0000, Con=3.9608
2025-09-14 00:29:17,127 - INFO - Batch 2150/2278: Loss=1.1888, Cls=0.0006, Reg=0.0000, Con=3.9608
2025-09-14 00:29:17,988 - INFO - Batch 2160/2278: Loss=1.2808, Cls=0.0926, Reg=0.0000, Con=3.9608
2025-09-14 00:29:18,873 - INFO - Batch 2170/2278: Loss=1.1883, Cls=0.0000, Reg=0.0000, Con=3.9609
2025-09-14 00:29:19,752 - INFO - Batch 2180/2278: Loss=2.4624, Cls=2.4624, Reg=0.0000, Con=0.0000
2025-09-14 00:29:20,676 - INFO - Batch 2190/2278: Loss=0.0001, Cls=0.0001, Reg=0.0000, Con=0.0000
2025-09-14 00:29:21,637 - INFO - Batch 2200/2278: Loss=1.2236, Cls=0.0354, Reg=0.0000, Con=3.9605
2025-09-14 00:29:22,575 - INFO - Batch 2210/2278: Loss=1.2694, Cls=0.0812, Reg=0.0000, Con=3.9609
2025-09-14 00:29:23,476 - INFO - Batch 2220/2278: Loss=1.1993, Cls=0.0110, Reg=0.0000, Con=3.9610
2025-09-14 00:29:24,407 - INFO - Batch 2230/2278: Loss=1.1883, Cls=0.0000, Reg=0.0000, Con=3.9609
2025-09-14 00:29:25,321 - INFO - Batch 2240/2278: Loss=0.0000, Cls=0.0000, Reg=0.0000, Con=0.0000
2025-09-14 00:29:26,248 - INFO - Batch 2250/2278: Loss=1.1883, Cls=0.0000, Reg=0.0000, Con=3.9609
2025-09-14 00:29:27,195 - INFO - Batch 2260/2278: Loss=1.1907, Cls=0.0024, Reg=0.0000, Con=3.9608
2025-09-14 00:29:28,112 - INFO - Batch 2270/2278: Loss=0.0002, Cls=0.0002, Reg=0.0000, Con=0.0000
2025-09-14 00:32:55,719 - INFO - === Epoch 1 Results ===
2025-09-14 00:32:55,719 - INFO - Training Loss: 1.0443 (Classification: 0.1440, Regression: 0.0000)
2025-09-14 00:32:55,719 - INFO - Validation Loss: 0.0383 (Classification: 0.0383, Regression: 0.0000)
2025-09-14 00:32:55,719 - INFO - Average Classification Accuracy: 0.9560 (on 1/26 tasks)
2025-09-14 00:32:55,719 - INFO - Average AUC: 0.9692
2025-09-14 00:32:56,244 - INFO - Best model saved to: experiments/r1c3_headft_cls_3_seed_42_20250914_002603/checkpoints/r1c3_headft_cls_3_seed_42_best.pth
2025-09-14 00:32:56,244 - INFO - 
Epoch 2/3
2025-09-14 00:32:56,343 - INFO - Batch 0/2278: Loss=1.1887, Cls=0.0002, Reg=0.0000, Con=3.9618
2025-09-14 00:32:57,234 - INFO - Batch 10/2278: Loss=1.1882, Cls=0.0001, Reg=0.0000, Con=3.9604
2025-09-14 00:32:58,127 - INFO - Batch 20/2278: Loss=1.1883, Cls=0.0000, Reg=0.0000, Con=3.9610
2025-09-14 00:32:59,017 - INFO - Batch 30/2278: Loss=1.1926, Cls=0.0043, Reg=0.0000, Con=3.9608
2025-09-14 00:32:59,892 - INFO - Batch 40/2278: Loss=1.1904, Cls=0.0022, Reg=0.0000, Con=3.9609
2025-09-14 00:33:00,836 - INFO - Batch 50/2278: Loss=0.0059, Cls=0.0059, Reg=0.0000, Con=0.0000
2025-09-14 00:33:01,737 - INFO - Batch 60/2278: Loss=1.1898, Cls=0.0015, Reg=0.0000, Con=3.9609
2025-09-14 00:33:02,623 - INFO - Batch 70/2278: Loss=1.1948, Cls=0.0066, Reg=0.0000, Con=3.9608
2025-09-14 00:33:03,544 - INFO - Batch 80/2278: Loss=1.8850, Cls=0.6967, Reg=0.0000, Con=3.9611
2025-09-14 00:33:04,457 - INFO - Batch 90/2278: Loss=0.0000, Cls=0.0000, Reg=0.0000, Con=0.0000
2025-09-14 00:33:05,524 - INFO - Batch 100/2278: Loss=1.1885, Cls=0.0003, Reg=0.0000, Con=3.9609
2025-09-14 00:33:06,457 - INFO - Batch 110/2278: Loss=1.1883, Cls=0.0000, Reg=0.0000, Con=3.9609
2025-09-14 00:33:07,361 - INFO - Batch 120/2278: Loss=0.0001, Cls=0.0001, Reg=0.0000, Con=0.0000
2025-09-14 00:33:08,263 - INFO - Batch 130/2278: Loss=1.2012, Cls=0.0129, Reg=0.0000, Con=3.9607
2025-09-14 00:33:09,171 - INFO - Batch 140/2278: Loss=1.1883, Cls=0.0000, Reg=0.0000, Con=3.9609
2025-09-14 00:33:10,066 - INFO - Batch 150/2278: Loss=1.1883, Cls=0.0000, Reg=0.0000, Con=3.9611
2025-09-14 00:33:10,970 - INFO - Batch 160/2278: Loss=1.1884, Cls=0.0001, Reg=0.0000, Con=3.9608
2025-09-14 00:33:11,861 - INFO - Batch 170/2278: Loss=0.0000, Cls=0.0000, Reg=0.0000, Con=0.0000
2025-09-14 00:33:12,760 - INFO - Batch 180/2278: Loss=1.1883, Cls=0.0000, Reg=0.0000, Con=3.9609
2025-09-14 00:33:13,652 - INFO - Batch 190/2278: Loss=0.0028, Cls=0.0028, Reg=0.0000, Con=0.0000
2025-09-14 00:33:14,550 - INFO - Batch 200/2278: Loss=1.1887, Cls=0.0005, Reg=0.0000, Con=3.9608
2025-09-14 00:33:15,434 - INFO - Batch 210/2278: Loss=1.1883, Cls=0.0000, Reg=0.0000, Con=3.9609
2025-09-14 00:33:16,331 - INFO - Batch 220/2278: Loss=0.0000, Cls=0.0000, Reg=0.0000, Con=0.0000
2025-09-14 00:33:17,239 - INFO - Batch 230/2278: Loss=1.1883, Cls=0.0001, Reg=0.0000, Con=3.9609
2025-09-14 00:33:18,271 - INFO - Batch 240/2278: Loss=0.0009, Cls=0.0009, Reg=0.0000, Con=0.0000
2025-09-14 00:33:19,191 - INFO - Batch 250/2278: Loss=0.0000, Cls=0.0000, Reg=0.0000, Con=0.0000
2025-09-14 00:33:20,069 - INFO - Batch 260/2278: Loss=0.0004, Cls=0.0004, Reg=0.0000, Con=0.0000
2025-09-14 00:33:20,966 - INFO - Batch 270/2278: Loss=1.1883, Cls=0.0000, Reg=0.0000, Con=3.9608
2025-09-14 00:33:21,869 - INFO - Batch 280/2278: Loss=1.1886, Cls=0.0003, Reg=0.0000, Con=3.9609
2025-09-14 00:33:22,767 - INFO - Batch 290/2278: Loss=1.1883, Cls=0.0000, Reg=0.0000, Con=3.9609
2025-09-14 00:33:23,672 - INFO - Batch 300/2278: Loss=1.1883, Cls=0.0000, Reg=0.0000, Con=3.9609
2025-09-14 00:33:24,585 - INFO - Batch 310/2278: Loss=1.2200, Cls=0.0317, Reg=0.0000, Con=3.9608
2025-09-14 00:33:25,503 - INFO - Batch 320/2278: Loss=0.0000, Cls=0.0000, Reg=0.0000, Con=0.0000
2025-09-14 00:33:26,383 - INFO - Batch 330/2278: Loss=1.7545, Cls=0.5662, Reg=0.0000, Con=3.9609
2025-09-14 00:33:27,264 - INFO - Batch 340/2278: Loss=1.1887, Cls=0.0004, Reg=0.0000, Con=3.9609
2025-09-14 00:33:28,142 - INFO - Batch 350/2278: Loss=1.1883, Cls=0.0000, Reg=0.0000, Con=3.9609
2025-09-14 00:33:29,047 - INFO - Batch 360/2278: Loss=1.1883, Cls=0.0000, Reg=0.0000, Con=3.9609
2025-09-14 00:33:29,919 - INFO - Batch 370/2278: Loss=1.7896, Cls=0.6013, Reg=0.0000, Con=3.9609
2025-09-14 00:33:30,816 - INFO - Batch 380/2278: Loss=1.1883, Cls=0.0001, Reg=0.0000, Con=3.9608
2025-09-14 00:33:31,723 - INFO - Batch 390/2278: Loss=1.1883, Cls=0.0000, Reg=0.0000, Con=3.9609
2025-09-14 00:33:32,648 - INFO - Batch 400/2278: Loss=0.0000, Cls=0.0000, Reg=0.0000, Con=0.0000
2025-09-14 00:33:33,698 - INFO - Batch 410/2278: Loss=2.3977, Cls=1.2095, Reg=0.0000, Con=3.9608
2025-09-14 00:33:34,615 - INFO - Batch 420/2278: Loss=0.0000, Cls=0.0000, Reg=0.0000, Con=0.0000
2025-09-14 00:33:35,517 - INFO - Batch 430/2278: Loss=0.0000, Cls=0.0000, Reg=0.0000, Con=0.0000
2025-09-14 00:33:36,386 - INFO - Batch 440/2278: Loss=1.1883, Cls=0.0000, Reg=0.0000, Con=3.9608
2025-09-14 00:33:37,262 - INFO - Batch 450/2278: Loss=1.1893, Cls=0.0011, Reg=0.0000, Con=3.9607
2025-09-14 00:33:38,137 - INFO - Batch 460/2278: Loss=1.1883, Cls=0.0000, Reg=0.0000, Con=3.9608
2025-09-14 00:33:39,024 - INFO - Batch 470/2278: Loss=1.1882, Cls=0.0000, Reg=0.0000, Con=3.9608
2025-09-14 00:33:39,912 - INFO - Batch 480/2278: Loss=0.0205, Cls=0.0205, Reg=0.0000, Con=0.0000
2025-09-14 00:33:40,809 - INFO - Batch 490/2278: Loss=1.1883, Cls=0.0000, Reg=0.0000, Con=3.9610
2025-09-14 00:33:41,688 - INFO - Batch 500/2278: Loss=1.1882, Cls=0.0000, Reg=0.0000, Con=3.9607
2025-09-14 00:33:42,574 - INFO - Batch 510/2278: Loss=1.1882, Cls=0.0000, Reg=0.0000, Con=3.9607
2025-09-14 00:33:43,474 - INFO - Batch 520/2278: Loss=1.1882, Cls=0.0000, Reg=0.0000, Con=3.9607
2025-09-14 00:33:44,353 - INFO - Batch 530/2278: Loss=1.1934, Cls=0.0052, Reg=0.0000, Con=3.9608
2025-09-14 00:33:45,236 - INFO - Batch 540/2278: Loss=1.1885, Cls=0.0001, Reg=0.0000, Con=3.9610
2025-09-14 00:33:46,117 - INFO - Batch 550/2278: Loss=2.4770, Cls=1.2888, Reg=0.0000, Con=3.9607
2025-09-14 00:33:47,016 - INFO - Batch 560/2278: Loss=0.0000, Cls=0.0000, Reg=0.0000, Con=0.0000
2025-09-14 00:33:47,912 - INFO - Batch 570/2278: Loss=1.1882, Cls=0.0000, Reg=0.0000, Con=3.9608
2025-09-14 00:33:48,800 - INFO - Batch 580/2278: Loss=1.1885, Cls=0.0003, Reg=0.0000, Con=3.9610
2025-09-14 00:33:49,680 - INFO - Batch 590/2278: Loss=1.3732, Cls=0.1850, Reg=0.0000, Con=3.9608
2025-09-14 00:33:50,578 - INFO - Batch 600/2278: Loss=0.0003, Cls=0.0003, Reg=0.0000, Con=0.0000
2025-09-14 00:33:51,477 - INFO - Batch 610/2278: Loss=1.2714, Cls=0.0832, Reg=0.0000, Con=3.9608
2025-09-14 00:33:52,358 - INFO - Batch 620/2278: Loss=1.1884, Cls=0.0001, Reg=0.0000, Con=3.9609
2025-09-14 00:33:53,221 - INFO - Batch 630/2278: Loss=1.1886, Cls=0.0002, Reg=0.0000, Con=3.9612
2025-09-14 00:33:54,137 - INFO - Batch 640/2278: Loss=0.0015, Cls=0.0015, Reg=0.0000, Con=0.0000
2025-09-14 00:33:55,010 - INFO - Batch 650/2278: Loss=0.0000, Cls=0.0000, Reg=0.0000, Con=0.0000
2025-09-14 00:33:55,890 - INFO - Batch 660/2278: Loss=1.3408, Cls=0.1526, Reg=0.0000, Con=3.9607
2025-09-14 00:33:56,797 - INFO - Batch 670/2278: Loss=1.2334, Cls=0.0451, Reg=0.0000, Con=3.9609
2025-09-14 00:33:57,685 - INFO - Batch 680/2278: Loss=1.1890, Cls=0.0007, Reg=0.0000, Con=3.9608
2025-09-14 00:33:58,567 - INFO - Batch 690/2278: Loss=1.1885, Cls=0.0001, Reg=0.0000, Con=3.9613
2025-09-14 00:33:59,470 - INFO - Batch 700/2278: Loss=1.1883, Cls=0.0001, Reg=0.0000, Con=3.9610
2025-09-14 00:34:00,341 - INFO - Batch 710/2278: Loss=1.1883, Cls=0.0000, Reg=0.0000, Con=3.9610
2025-09-14 00:34:01,215 - INFO - Batch 720/2278: Loss=1.1883, Cls=0.0000, Reg=0.0000, Con=3.9609
2025-09-14 00:34:02,138 - INFO - Batch 730/2278: Loss=1.1884, Cls=0.0000, Reg=0.0000, Con=3.9612
2025-09-14 00:34:03,038 - INFO - Batch 740/2278: Loss=1.1936, Cls=0.0053, Reg=0.0000, Con=3.9610
2025-09-14 00:34:03,946 - INFO - Batch 750/2278: Loss=1.1887, Cls=0.0005, Reg=0.0000, Con=3.9609
2025-09-14 00:34:04,869 - INFO - Batch 760/2278: Loss=0.0001, Cls=0.0001, Reg=0.0000, Con=0.0000
2025-09-14 00:34:05,748 - INFO - Batch 770/2278: Loss=1.1888, Cls=0.0006, Reg=0.0000, Con=3.9608
2025-09-14 00:34:06,633 - INFO - Batch 780/2278: Loss=0.0002, Cls=0.0002, Reg=0.0000, Con=0.0000
2025-09-14 00:34:07,522 - INFO - Batch 790/2278: Loss=1.1966, Cls=0.0083, Reg=0.0000, Con=3.9609
2025-09-14 00:34:08,426 - INFO - Batch 800/2278: Loss=0.0000, Cls=0.0000, Reg=0.0000, Con=0.0000
2025-09-14 00:34:09,408 - INFO - Batch 810/2278: Loss=1.1889, Cls=0.0006, Reg=0.0000, Con=3.9609
2025-09-14 00:34:10,290 - INFO - Batch 820/2278: Loss=1.1884, Cls=0.0001, Reg=0.0000, Con=3.9608
2025-09-14 00:34:11,217 - INFO - Batch 830/2278: Loss=7.0866, Cls=5.8983, Reg=0.0000, Con=3.9607
2025-09-14 00:34:12,200 - INFO - Batch 840/2278: Loss=3.1131, Cls=1.9249, Reg=0.0000, Con=3.9608
2025-09-14 00:34:13,167 - INFO - Batch 850/2278: Loss=0.0002, Cls=0.0002, Reg=0.0000, Con=0.0000
2025-09-14 00:34:14,077 - INFO - Batch 860/2278: Loss=1.2892, Cls=0.1009, Reg=0.0000, Con=3.9608
2025-09-14 00:34:14,971 - INFO - Batch 870/2278: Loss=1.1890, Cls=0.0007, Reg=0.0000, Con=3.9609
2025-09-14 00:34:15,878 - INFO - Batch 880/2278: Loss=1.1886, Cls=0.0003, Reg=0.0000, Con=3.9609
2025-09-14 00:34:16,842 - INFO - Batch 890/2278: Loss=2.6751, Cls=1.4869, Reg=0.0000, Con=3.9609
2025-09-14 00:34:17,878 - INFO - Batch 900/2278: Loss=1.1897, Cls=0.0015, Reg=0.0000, Con=3.9607
2025-09-14 00:34:18,776 - INFO - Batch 910/2278: Loss=0.0000, Cls=0.0000, Reg=0.0000, Con=0.0000
2025-09-14 00:34:19,724 - INFO - Batch 920/2278: Loss=1.1915, Cls=0.0032, Reg=0.0000, Con=3.9611
2025-09-14 00:34:20,715 - INFO - Batch 930/2278: Loss=1.1889, Cls=0.0006, Reg=0.0000, Con=3.9609
2025-09-14 00:34:21,732 - INFO - Batch 940/2278: Loss=0.0024, Cls=0.0024, Reg=0.0000, Con=0.0000
2025-09-14 00:34:22,626 - INFO - Batch 950/2278: Loss=0.0018, Cls=0.0018, Reg=0.0000, Con=0.0000
2025-09-14 00:34:23,565 - INFO - Batch 960/2278: Loss=0.0000, Cls=0.0000, Reg=0.0000, Con=0.0000
2025-09-14 00:34:24,632 - INFO - Batch 970/2278: Loss=0.0000, Cls=0.0000, Reg=0.0000, Con=0.0000
2025-09-14 00:34:25,655 - INFO - Batch 980/2278: Loss=1.1889, Cls=0.0006, Reg=0.0000, Con=3.9609
2025-09-14 00:34:26,603 - INFO - Batch 990/2278: Loss=1.2268, Cls=0.0387, Reg=0.0000, Con=3.9606
2025-09-14 00:34:27,504 - INFO - Batch 1000/2278: Loss=1.1883, Cls=0.0000, Reg=0.0000, Con=3.9609
2025-09-14 00:34:28,402 - INFO - Batch 1010/2278: Loss=1.1883, Cls=0.0000, Reg=0.0000, Con=3.9609
2025-09-14 00:34:29,285 - INFO - Batch 1020/2278: Loss=1.1886, Cls=0.0001, Reg=0.0000, Con=3.9615
2025-09-14 00:34:30,172 - INFO - Batch 1030/2278: Loss=1.1883, Cls=0.0000, Reg=0.0000, Con=3.9608
2025-09-14 00:34:31,062 - INFO - Batch 1040/2278: Loss=1.1885, Cls=0.0003, Reg=0.0000, Con=3.9608
2025-09-14 00:34:31,965 - INFO - Batch 1050/2278: Loss=1.1914, Cls=0.0031, Reg=0.0000, Con=3.9611
2025-09-14 00:34:32,841 - INFO - Batch 1060/2278: Loss=1.1883, Cls=0.0000, Reg=0.0000, Con=3.9612
2025-09-14 00:34:33,717 - INFO - Batch 1070/2278: Loss=1.1888, Cls=0.0005, Reg=0.0000, Con=3.9609
2025-09-14 00:34:34,621 - INFO - Batch 1080/2278: Loss=1.1883, Cls=0.0000, Reg=0.0000, Con=3.9609
2025-09-14 00:34:35,576 - INFO - Batch 1090/2278: Loss=1.1883, Cls=0.0000, Reg=0.0000, Con=3.9608
2025-09-14 00:34:36,475 - INFO - Batch 1100/2278: Loss=1.1883, Cls=0.0000, Reg=0.0000, Con=3.9608
2025-09-14 00:34:37,360 - INFO - Batch 1110/2278: Loss=1.1890, Cls=0.0007, Reg=0.0000, Con=3.9609
2025-09-14 00:34:38,252 - INFO - Batch 1120/2278: Loss=1.1888, Cls=0.0006, Reg=0.0000, Con=3.9608
2025-09-14 00:34:39,148 - INFO - Batch 1130/2278: Loss=0.0000, Cls=0.0000, Reg=0.0000, Con=0.0000
2025-09-14 00:34:40,053 - INFO - Batch 1140/2278: Loss=0.0041, Cls=0.0041, Reg=0.0000, Con=0.0000
2025-09-14 00:34:40,991 - INFO - Batch 1150/2278: Loss=1.1883, Cls=0.0001, Reg=0.0000, Con=3.9608
2025-09-14 00:34:41,881 - INFO - Batch 1160/2278: Loss=1.1895, Cls=0.0013, Reg=0.0000, Con=3.9607
2025-09-14 00:34:42,794 - INFO - Batch 1170/2278: Loss=0.0001, Cls=0.0001, Reg=0.0000, Con=0.0000
2025-09-14 00:34:43,763 - INFO - Batch 1180/2278: Loss=1.2032, Cls=0.0149, Reg=0.0000, Con=3.9609
2025-09-14 00:34:44,730 - INFO - Batch 1190/2278: Loss=1.1930, Cls=0.0047, Reg=0.0000, Con=3.9609
2025-09-14 00:34:45,657 - INFO - Batch 1200/2278: Loss=1.1883, Cls=0.0000, Reg=0.0000, Con=3.9609
2025-09-14 00:34:46,584 - INFO - Batch 1210/2278: Loss=1.1883, Cls=0.0000, Reg=0.0000, Con=3.9608
2025-09-14 00:34:47,526 - INFO - Batch 1220/2278: Loss=0.0034, Cls=0.0034, Reg=0.0000, Con=0.0000
2025-09-14 00:34:48,481 - INFO - Batch 1230/2278: Loss=4.3708, Cls=3.1825, Reg=0.0000, Con=3.9610
2025-09-14 00:34:49,370 - INFO - Batch 1240/2278: Loss=1.1883, Cls=0.0000, Reg=0.0000, Con=3.9609
2025-09-14 00:34:50,268 - INFO - Batch 1250/2278: Loss=1.2029, Cls=0.0147, Reg=0.0000, Con=3.9609
2025-09-14 00:34:51,174 - INFO - Batch 1260/2278: Loss=1.1899, Cls=0.0017, Reg=0.0000, Con=3.9608
2025-09-14 00:34:52,060 - INFO - Batch 1270/2278: Loss=3.0725, Cls=3.0725, Reg=0.0000, Con=0.0000
2025-09-14 00:34:52,930 - INFO - Batch 1280/2278: Loss=1.1888, Cls=0.0005, Reg=0.0000, Con=3.9608
2025-09-14 00:34:53,850 - INFO - Batch 1290/2278: Loss=1.1885, Cls=0.0002, Reg=0.0000, Con=3.9610
2025-09-14 00:34:54,811 - INFO - Batch 1300/2278: Loss=1.1928, Cls=0.0045, Reg=0.0000, Con=3.9610
2025-09-14 00:34:55,718 - INFO - Batch 1310/2278: Loss=1.1885, Cls=0.0002, Reg=0.0000, Con=3.9611
2025-09-14 00:34:56,625 - INFO - Batch 1320/2278: Loss=1.2010, Cls=0.0128, Reg=0.0000, Con=3.9609
2025-09-14 00:34:57,528 - INFO - Batch 1330/2278: Loss=1.1884, Cls=0.0002, Reg=0.0000, Con=3.9609
2025-09-14 00:34:58,560 - INFO - Batch 1340/2278: Loss=0.0026, Cls=0.0026, Reg=0.0000, Con=0.0000
2025-09-14 00:34:59,508 - INFO - Batch 1350/2278: Loss=0.0018, Cls=0.0018, Reg=0.0000, Con=0.0000
2025-09-14 00:35:00,405 - INFO - Batch 1360/2278: Loss=1.1882, Cls=0.0000, Reg=0.0000, Con=3.9608
2025-09-14 00:35:01,289 - INFO - Batch 1370/2278: Loss=1.1897, Cls=0.0014, Reg=0.0000, Con=3.9608
2025-09-14 00:35:02,219 - INFO - Batch 1380/2278: Loss=1.1883, Cls=0.0001, Reg=0.0000, Con=3.9609
2025-09-14 00:35:03,180 - INFO - Batch 1390/2278: Loss=1.1883, Cls=0.0000, Reg=0.0000, Con=3.9608
2025-09-14 00:35:04,101 - INFO - Batch 1400/2278: Loss=0.0019, Cls=0.0019, Reg=0.0000, Con=0.0000
2025-09-14 00:35:05,068 - INFO - Batch 1410/2278: Loss=1.1885, Cls=0.0002, Reg=0.0000, Con=3.9610
2025-09-14 00:35:06,091 - INFO - Batch 1420/2278: Loss=1.1884, Cls=0.0000, Reg=0.0000, Con=3.9612
2025-09-14 00:35:07,013 - INFO - Batch 1430/2278: Loss=0.0020, Cls=0.0020, Reg=0.0000, Con=0.0000
2025-09-14 00:35:07,937 - INFO - Batch 1440/2278: Loss=1.1884, Cls=0.0000, Reg=0.0000, Con=3.9613
2025-09-14 00:35:08,828 - INFO - Batch 1450/2278: Loss=0.0005, Cls=0.0005, Reg=0.0000, Con=0.0000
2025-09-14 00:35:09,728 - INFO - Batch 1460/2278: Loss=1.1914, Cls=0.0032, Reg=0.0000, Con=3.9609
2025-09-14 00:35:10,614 - INFO - Batch 1470/2278: Loss=1.1993, Cls=0.0110, Reg=0.0000, Con=3.9608
2025-09-14 00:35:11,517 - INFO - Batch 1480/2278: Loss=0.0002, Cls=0.0002, Reg=0.0000, Con=0.0000
2025-09-14 00:35:12,489 - INFO - Batch 1490/2278: Loss=0.0000, Cls=0.0000, Reg=0.0000, Con=0.0000
2025-09-14 00:35:13,394 - INFO - Batch 1500/2278: Loss=0.0001, Cls=0.0001, Reg=0.0000, Con=0.0000
2025-09-14 00:35:14,319 - INFO - Batch 1510/2278: Loss=1.1884, Cls=0.0001, Reg=0.0000, Con=3.9609
2025-09-14 00:35:15,212 - INFO - Batch 1520/2278: Loss=1.1883, Cls=0.0001, Reg=0.0000, Con=3.9608
2025-09-14 00:35:16,099 - INFO - Batch 1530/2278: Loss=1.1884, Cls=0.0001, Reg=0.0000, Con=3.9610
2025-09-14 00:35:16,987 - INFO - Batch 1540/2278: Loss=1.1892, Cls=0.0009, Reg=0.0000, Con=3.9609
2025-09-14 00:35:17,878 - INFO - Batch 1550/2278: Loss=1.1883, Cls=0.0000, Reg=0.0000, Con=3.9609
2025-09-14 00:35:18,780 - INFO - Batch 1560/2278: Loss=1.1888, Cls=0.0005, Reg=0.0000, Con=3.9609
2025-09-14 00:35:19,662 - INFO - Batch 1570/2278: Loss=3.1645, Cls=1.9763, Reg=0.0000, Con=3.9609
2025-09-14 00:35:20,547 - INFO - Batch 1580/2278: Loss=0.0000, Cls=0.0000, Reg=0.0000, Con=0.0000
2025-09-14 00:35:21,460 - INFO - Batch 1590/2278: Loss=0.0005, Cls=0.0005, Reg=0.0000, Con=0.0000
2025-09-14 00:35:22,373 - INFO - Batch 1600/2278: Loss=1.1883, Cls=0.0001, Reg=0.0000, Con=3.9609
2025-09-14 00:35:23,330 - INFO - Batch 1610/2278: Loss=0.0016, Cls=0.0016, Reg=0.0000, Con=0.0000
2025-09-14 00:35:24,364 - INFO - Batch 1620/2278: Loss=1.1883, Cls=0.0000, Reg=0.0000, Con=3.9609
2025-09-14 00:35:25,244 - INFO - Batch 1630/2278: Loss=0.0000, Cls=0.0000, Reg=0.0000, Con=0.0000
2025-09-14 00:35:26,156 - INFO - Batch 1640/2278: Loss=1.1942, Cls=0.0060, Reg=0.0000, Con=3.9609
2025-09-14 00:35:27,082 - INFO - Batch 1650/2278: Loss=0.0972, Cls=0.0972, Reg=0.0000, Con=0.0000
2025-09-14 00:35:28,000 - INFO - Batch 1660/2278: Loss=1.1883, Cls=0.0001, Reg=0.0000, Con=3.9607
2025-09-14 00:35:28,916 - INFO - Batch 1670/2278: Loss=1.1882, Cls=0.0000, Reg=0.0000, Con=3.9608
2025-09-14 00:35:29,835 - INFO - Batch 1680/2278: Loss=1.1885, Cls=0.0000, Reg=0.0000, Con=3.9615
2025-09-14 00:35:30,908 - INFO - Batch 1690/2278: Loss=0.0000, Cls=0.0000, Reg=0.0000, Con=0.0000
2025-09-14 00:35:31,810 - INFO - Batch 1700/2278: Loss=1.1882, Cls=0.0000, Reg=0.0000, Con=3.9608
2025-09-14 00:35:32,704 - INFO - Batch 1710/2278: Loss=1.1885, Cls=0.0003, Reg=0.0000, Con=3.9609
2025-09-14 00:35:33,589 - INFO - Batch 1720/2278: Loss=1.1883, Cls=0.0000, Reg=0.0000, Con=3.9610
2025-09-14 00:35:34,494 - INFO - Batch 1730/2278: Loss=1.1883, Cls=0.0000, Reg=0.0000, Con=3.9609
2025-09-14 00:35:35,396 - INFO - Batch 1740/2278: Loss=1.1883, Cls=0.0000, Reg=0.0000, Con=3.9610
2025-09-14 00:35:36,330 - INFO - Batch 1750/2278: Loss=1.1883, Cls=0.0001, Reg=0.0000, Con=3.9608
2025-09-14 00:35:37,324 - INFO - Batch 1760/2278: Loss=1.1890, Cls=0.0007, Reg=0.0000, Con=3.9609
2025-09-14 00:35:38,294 - INFO - Batch 1770/2278: Loss=1.1884, Cls=0.0001, Reg=0.0000, Con=3.9610
2025-09-14 00:35:39,190 - INFO - Batch 1780/2278: Loss=1.3188, Cls=0.1306, Reg=0.0000, Con=3.9609
2025-09-14 00:35:40,078 - INFO - Batch 1790/2278: Loss=1.1882, Cls=0.0000, Reg=0.0000, Con=3.9608
2025-09-14 00:35:40,974 - INFO - Batch 1800/2278: Loss=1.1883, Cls=0.0000, Reg=0.0000, Con=3.9609
2025-09-14 00:35:41,895 - INFO - Batch 1810/2278: Loss=1.1985, Cls=0.0102, Reg=0.0000, Con=3.9609
2025-09-14 00:35:42,800 - INFO - Batch 1820/2278: Loss=1.1889, Cls=0.0007, Reg=0.0000, Con=3.9608
2025-09-14 00:35:43,698 - INFO - Batch 1830/2278: Loss=1.1885, Cls=0.0000, Reg=0.0000, Con=3.9615
2025-09-14 00:35:44,727 - INFO - Batch 1840/2278: Loss=1.1883, Cls=0.0000, Reg=0.0000, Con=3.9609
2025-09-14 00:35:45,745 - INFO - Batch 1850/2278: Loss=1.1883, Cls=0.0000, Reg=0.0000, Con=3.9608
2025-09-14 00:35:46,666 - INFO - Batch 1860/2278: Loss=1.1884, Cls=0.0001, Reg=0.0000, Con=3.9610
2025-09-14 00:35:47,565 - INFO - Batch 1870/2278: Loss=1.1883, Cls=0.0000, Reg=0.0000, Con=3.9610
2025-09-14 00:35:48,468 - INFO - Batch 1880/2278: Loss=1.1886, Cls=0.0003, Reg=0.0000, Con=3.9610
2025-09-14 00:35:49,407 - INFO - Batch 1890/2278: Loss=0.0001, Cls=0.0001, Reg=0.0000, Con=0.0000
2025-09-14 00:35:50,320 - INFO - Batch 1900/2278: Loss=1.1882, Cls=0.0000, Reg=0.0000, Con=3.9607
2025-09-14 00:35:51,236 - INFO - Batch 1910/2278: Loss=1.2227, Cls=0.0344, Reg=0.0000, Con=3.9609
2025-09-14 00:35:52,216 - INFO - Batch 1920/2278: Loss=1.1883, Cls=0.0000, Reg=0.0000, Con=3.9608
2025-09-14 00:35:53,121 - INFO - Batch 1930/2278: Loss=0.0000, Cls=0.0000, Reg=0.0000, Con=0.0000
2025-09-14 00:35:54,022 - INFO - Batch 1940/2278: Loss=1.1883, Cls=0.0001, Reg=0.0000, Con=3.9607
2025-09-14 00:35:54,898 - INFO - Batch 1950/2278: Loss=1.1883, Cls=0.0000, Reg=0.0000, Con=3.9609
2025-09-14 00:35:55,846 - INFO - Batch 1960/2278: Loss=1.1894, Cls=0.0012, Reg=0.0000, Con=3.9609
2025-09-14 00:35:56,798 - INFO - Batch 1970/2278: Loss=1.1883, Cls=0.0001, Reg=0.0000, Con=3.9606
2025-09-14 00:35:57,711 - INFO - Batch 1980/2278: Loss=1.1884, Cls=0.0002, Reg=0.0000, Con=3.9608
2025-09-14 00:35:58,646 - INFO - Batch 1990/2278: Loss=0.0019, Cls=0.0019, Reg=0.0000, Con=0.0000
2025-09-14 00:35:59,527 - INFO - Batch 2000/2278: Loss=0.2815, Cls=0.2815, Reg=0.0000, Con=0.0000
2025-09-14 00:36:00,427 - INFO - Batch 2010/2278: Loss=1.1882, Cls=0.0000, Reg=0.0000, Con=3.9608
2025-09-14 00:36:01,308 - INFO - Batch 2020/2278: Loss=1.1891, Cls=0.0007, Reg=0.0000, Con=3.9613
2025-09-14 00:36:02,196 - INFO - Batch 2030/2278: Loss=1.1899, Cls=0.0016, Reg=0.0000, Con=3.9610
2025-09-14 00:36:03,219 - INFO - Batch 2040/2278: Loss=1.1882, Cls=0.0000, Reg=0.0000, Con=3.9608
2025-09-14 00:36:04,118 - INFO - Batch 2050/2278: Loss=1.1921, Cls=0.0038, Reg=0.0000, Con=3.9611
2025-09-14 00:36:05,040 - INFO - Batch 2060/2278: Loss=1.2897, Cls=0.1012, Reg=0.0000, Con=3.9615
2025-09-14 00:36:05,948 - INFO - Batch 2070/2278: Loss=1.1886, Cls=0.0004, Reg=0.0000, Con=3.9608
2025-09-14 00:36:06,868 - INFO - Batch 2080/2278: Loss=0.0016, Cls=0.0016, Reg=0.0000, Con=0.0000
2025-09-14 00:36:07,828 - INFO - Batch 2090/2278: Loss=1.1964, Cls=0.0082, Reg=0.0000, Con=3.9608
2025-09-14 00:36:08,781 - INFO - Batch 2100/2278: Loss=1.1883, Cls=0.0000, Reg=0.0000, Con=3.9609
2025-09-14 00:36:09,690 - INFO - Batch 2110/2278: Loss=0.0031, Cls=0.0031, Reg=0.0000, Con=0.0000
2025-09-14 00:36:10,585 - INFO - Batch 2120/2278: Loss=1.1894, Cls=0.0011, Reg=0.0000, Con=3.9609
2025-09-14 00:36:11,478 - INFO - Batch 2130/2278: Loss=1.1884, Cls=0.0002, Reg=0.0000, Con=3.9609
2025-09-14 00:36:12,360 - INFO - Batch 2140/2278: Loss=0.0002, Cls=0.0002, Reg=0.0000, Con=0.0000
2025-09-14 00:36:13,270 - INFO - Batch 2150/2278: Loss=1.1885, Cls=0.0002, Reg=0.0000, Con=3.9610
2025-09-14 00:36:14,146 - INFO - Batch 2160/2278: Loss=1.6827, Cls=0.4944, Reg=0.0000, Con=3.9608
2025-09-14 00:36:15,045 - INFO - Batch 2170/2278: Loss=1.1923, Cls=0.0041, Reg=0.0000, Con=3.9608
2025-09-14 00:36:16,017 - INFO - Batch 2180/2278: Loss=1.1883, Cls=0.0000, Reg=0.0000, Con=3.9608
2025-09-14 00:36:16,930 - INFO - Batch 2190/2278: Loss=3.0564, Cls=1.8681, Reg=0.0000, Con=3.9610
2025-09-14 00:36:17,923 - INFO - Batch 2200/2278: Loss=1.1886, Cls=0.0003, Reg=0.0000, Con=3.9608
2025-09-14 00:36:18,842 - INFO - Batch 2210/2278: Loss=1.1884, Cls=0.0000, Reg=0.0000, Con=3.9613
2025-09-14 00:36:19,781 - INFO - Batch 2220/2278: Loss=1.2466, Cls=0.0585, Reg=0.0000, Con=3.9605
2025-09-14 00:36:20,767 - INFO - Batch 2230/2278: Loss=0.0004, Cls=0.0004, Reg=0.0000, Con=0.0000
2025-09-14 00:36:21,718 - INFO - Batch 2240/2278: Loss=1.1887, Cls=0.0004, Reg=0.0000, Con=3.9609
2025-09-14 00:36:22,671 - INFO - Batch 2250/2278: Loss=0.0003, Cls=0.0003, Reg=0.0000, Con=0.0000
2025-09-14 00:36:23,663 - INFO - Batch 2260/2278: Loss=1.1883, Cls=0.0000, Reg=0.0000, Con=3.9609
2025-09-14 00:36:24,650 - INFO - Batch 2270/2278: Loss=1.1886, Cls=0.0004, Reg=0.0000, Con=3.9606
2025-09-14 00:39:53,698 - INFO - === Epoch 2 Results ===
2025-09-14 00:39:53,698 - INFO - Training Loss: 1.0269 (Classification: 0.1229, Regression: 0.0000)
2025-09-14 00:39:53,698 - INFO - Validation Loss: 0.0457 (Classification: 0.0457, Regression: 0.0000)
2025-09-14 00:39:53,698 - INFO - Average Classification Accuracy: 0.9480 (on 1/26 tasks)
2025-09-14 00:39:53,698 - INFO - Average AUC: 0.9641
2025-09-14 00:39:53,698 - INFO - 
Epoch 3/3
2025-09-14 00:39:53,794 - INFO - Batch 0/2278: Loss=1.6540, Cls=0.4658, Reg=0.0000, Con=3.9608
2025-09-14 00:39:54,666 - INFO - Batch 10/2278: Loss=1.1883, Cls=0.0000, Reg=0.0000, Con=3.9611
2025-09-14 00:39:55,579 - INFO - Batch 20/2278: Loss=1.1883, Cls=0.0000, Reg=0.0000, Con=3.9608
2025-09-14 00:39:56,519 - INFO - Batch 30/2278: Loss=1.1885, Cls=0.0002, Reg=0.0000, Con=3.9611
2025-09-14 00:39:57,399 - INFO - Batch 40/2278: Loss=1.1882, Cls=0.0000, Reg=0.0000, Con=3.9608
2025-09-14 00:39:58,308 - INFO - Batch 50/2278: Loss=1.1915, Cls=0.0032, Reg=0.0000, Con=3.9610
2025-09-14 00:39:59,223 - INFO - Batch 60/2278: Loss=1.1911, Cls=0.0029, Reg=0.0000, Con=3.9607
2025-09-14 00:40:00,141 - INFO - Batch 70/2278: Loss=1.1883, Cls=0.0001, Reg=0.0000, Con=3.9608
2025-09-14 00:40:01,038 - INFO - Batch 80/2278: Loss=1.9839, Cls=0.7956, Reg=0.0000, Con=3.9610
2025-09-14 00:40:01,931 - INFO - Batch 90/2278: Loss=1.1883, Cls=0.0000, Reg=0.0000, Con=3.9609
2025-09-14 00:40:02,842 - INFO - Batch 100/2278: Loss=1.1882, Cls=0.0000, Reg=0.0000, Con=3.9607
2025-09-14 00:40:03,831 - INFO - Batch 110/2278: Loss=1.1909, Cls=0.0024, Reg=0.0000, Con=3.9618
2025-09-14 00:40:04,804 - INFO - Batch 120/2278: Loss=1.1883, Cls=0.0000, Reg=0.0000, Con=3.9609
2025-09-14 00:40:05,704 - INFO - Batch 130/2278: Loss=1.1883, Cls=0.0001, Reg=0.0000, Con=3.9609
2025-09-14 00:40:06,684 - INFO - Batch 140/2278: Loss=0.0000, Cls=0.0000, Reg=0.0000, Con=0.0000
2025-09-14 00:40:07,593 - INFO - Batch 150/2278: Loss=1.1956, Cls=0.0073, Reg=0.0000, Con=3.9608
2025-09-14 00:40:08,501 - INFO - Batch 160/2278: Loss=0.0000, Cls=0.0000, Reg=0.0000, Con=0.0000
2025-09-14 00:40:09,396 - INFO - Batch 170/2278: Loss=1.2448, Cls=0.0565, Reg=0.0000, Con=3.9609
2025-09-14 00:40:10,386 - INFO - Batch 180/2278: Loss=1.1900, Cls=0.0017, Reg=0.0000, Con=3.9611
2025-09-14 00:40:11,304 - INFO - Batch 190/2278: Loss=1.1882, Cls=0.0000, Reg=0.0000, Con=3.9607
2025-09-14 00:40:12,224 - INFO - Batch 200/2278: Loss=1.1890, Cls=0.0007, Reg=0.0000, Con=3.9608
2025-09-14 00:40:13,119 - INFO - Batch 210/2278: Loss=2.5614, Cls=1.3731, Reg=0.0000, Con=3.9612
2025-09-14 00:40:14,009 - INFO - Batch 220/2278: Loss=1.2585, Cls=0.0702, Reg=0.0000, Con=3.9608
2025-09-14 00:40:14,917 - INFO - Batch 230/2278: Loss=1.1883, Cls=0.0000, Reg=0.0000, Con=3.9611
2025-09-14 00:40:15,823 - INFO - Batch 240/2278: Loss=1.1882, Cls=0.0000, Reg=0.0000, Con=3.9607
2025-09-14 00:40:16,719 - INFO - Batch 250/2278: Loss=1.1883, Cls=0.0000, Reg=0.0000, Con=3.9609
2025-09-14 00:40:17,599 - INFO - Batch 260/2278: Loss=1.1882, Cls=0.0000, Reg=0.0000, Con=3.9608
2025-09-14 00:40:18,506 - INFO - Batch 270/2278: Loss=1.1895, Cls=0.0013, Reg=0.0000, Con=3.9607
2025-09-14 00:40:19,390 - INFO - Batch 280/2278: Loss=1.1884, Cls=0.0002, Reg=0.0000, Con=3.9608
2025-09-14 00:40:20,276 - INFO - Batch 290/2278: Loss=1.1889, Cls=0.0007, Reg=0.0000, Con=3.9608
2025-09-14 00:40:21,178 - INFO - Batch 300/2278: Loss=1.1882, Cls=0.0000, Reg=0.0000, Con=3.9607
2025-09-14 00:40:22,125 - INFO - Batch 310/2278: Loss=1.1900, Cls=0.0017, Reg=0.0000, Con=3.9610
2025-09-14 00:40:23,070 - INFO - Batch 320/2278: Loss=1.1939, Cls=0.0056, Reg=0.0000, Con=3.9610
2025-09-14 00:40:23,945 - INFO - Batch 330/2278: Loss=3.0656, Cls=1.8774, Reg=0.0000, Con=3.9607
2025-09-14 00:40:24,858 - INFO - Batch 340/2278: Loss=0.6921, Cls=0.6921, Reg=0.0000, Con=0.0000
2025-09-14 00:40:25,748 - INFO - Batch 350/2278: Loss=1.1884, Cls=0.0001, Reg=0.0000, Con=3.9612
2025-09-14 00:40:26,645 - INFO - Batch 360/2278: Loss=1.3136, Cls=0.1252, Reg=0.0000, Con=3.9611
2025-09-14 00:40:27,529 - INFO - Batch 370/2278: Loss=1.1882, Cls=0.0000, Reg=0.0000, Con=3.9608
2025-09-14 00:40:28,466 - INFO - Batch 380/2278: Loss=1.1884, Cls=0.0002, Reg=0.0000, Con=3.9608
2025-09-14 00:40:29,508 - INFO - Batch 390/2278: Loss=1.1883, Cls=0.0000, Reg=0.0000, Con=3.9609
2025-09-14 00:40:30,421 - INFO - Batch 400/2278: Loss=1.1941, Cls=0.0058, Reg=0.0000, Con=3.9610
2025-09-14 00:40:31,325 - INFO - Batch 410/2278: Loss=1.1889, Cls=0.0006, Reg=0.0000, Con=3.9609
2025-09-14 00:40:32,201 - INFO - Batch 420/2278: Loss=1.1885, Cls=0.0002, Reg=0.0000, Con=3.9609
2025-09-14 00:40:33,104 - INFO - Batch 430/2278: Loss=1.1884, Cls=0.0000, Reg=0.0000, Con=3.9614
2025-09-14 00:40:34,027 - INFO - Batch 440/2278: Loss=1.1884, Cls=0.0001, Reg=0.0000, Con=3.9611
2025-09-14 00:40:34,909 - INFO - Batch 450/2278: Loss=1.1884, Cls=0.0001, Reg=0.0000, Con=3.9610
2025-09-14 00:40:35,789 - INFO - Batch 460/2278: Loss=0.0040, Cls=0.0040, Reg=0.0000, Con=0.0000
2025-09-14 00:40:36,695 - INFO - Batch 470/2278: Loss=0.0036, Cls=0.0036, Reg=0.0000, Con=0.0000
2025-09-14 00:40:37,600 - INFO - Batch 480/2278: Loss=1.1883, Cls=0.0000, Reg=0.0000, Con=3.9609
2025-09-14 00:40:38,533 - INFO - Batch 490/2278: Loss=0.0000, Cls=0.0000, Reg=0.0000, Con=0.0000
2025-09-14 00:40:39,464 - INFO - Batch 500/2278: Loss=0.0193, Cls=0.0193, Reg=0.0000, Con=0.0000
2025-09-14 00:40:40,394 - INFO - Batch 510/2278: Loss=1.1884, Cls=0.0001, Reg=0.0000, Con=3.9608
2025-09-14 00:40:41,323 - INFO - Batch 520/2278: Loss=0.0001, Cls=0.0001, Reg=0.0000, Con=0.0000
2025-09-14 00:40:42,441 - INFO - Batch 530/2278: Loss=1.1883, Cls=0.0001, Reg=0.0000, Con=3.9608
2025-09-14 00:40:43,356 - INFO - Batch 540/2278: Loss=1.1888, Cls=0.0006, Reg=0.0000, Con=3.9609
2025-09-14 00:40:44,299 - INFO - Batch 550/2278: Loss=2.9812, Cls=1.7930, Reg=0.0000, Con=3.9608
2025-09-14 00:40:45,213 - INFO - Batch 560/2278: Loss=1.1883, Cls=0.0001, Reg=0.0000, Con=3.9609
2025-09-14 00:40:46,137 - INFO - Batch 570/2278: Loss=1.1900, Cls=0.0018, Reg=0.0000, Con=3.9608
2025-09-14 00:40:47,068 - INFO - Batch 580/2278: Loss=0.0009, Cls=0.0009, Reg=0.0000, Con=0.0000
2025-09-14 00:40:47,947 - INFO - Batch 590/2278: Loss=1.1887, Cls=0.0004, Reg=0.0000, Con=3.9609
2025-09-14 00:40:48,867 - INFO - Batch 600/2278: Loss=0.0019, Cls=0.0019, Reg=0.0000, Con=0.0000
2025-09-14 00:40:49,763 - INFO - Batch 610/2278: Loss=0.0000, Cls=0.0000, Reg=0.0000, Con=0.0000
2025-09-14 00:40:50,682 - INFO - Batch 620/2278: Loss=1.1883, Cls=0.0000, Reg=0.0000, Con=3.9608
2025-09-14 00:40:51,563 - INFO - Batch 630/2278: Loss=1.1884, Cls=0.0001, Reg=0.0000, Con=3.9611
2025-09-14 00:40:52,499 - INFO - Batch 640/2278: Loss=1.1882, Cls=0.0000, Reg=0.0000, Con=3.9607
2025-09-14 00:40:53,390 - INFO - Batch 650/2278: Loss=1.1893, Cls=0.0011, Reg=0.0000, Con=3.9607
2025-09-14 00:40:54,315 - INFO - Batch 660/2278: Loss=0.1058, Cls=0.1058, Reg=0.0000, Con=0.0000
2025-09-14 00:40:55,213 - INFO - Batch 670/2278: Loss=1.1883, Cls=0.0000, Reg=0.0000, Con=3.9609
2025-09-14 00:40:56,209 - INFO - Batch 680/2278: Loss=1.1884, Cls=0.0001, Reg=0.0000, Con=3.9610
2025-09-14 00:40:57,098 - INFO - Batch 690/2278: Loss=1.1883, Cls=0.0000, Reg=0.0000, Con=3.9609
2025-09-14 00:40:58,036 - INFO - Batch 700/2278: Loss=1.1888, Cls=0.0004, Reg=0.0000, Con=3.9610
2025-09-14 00:40:58,937 - INFO - Batch 710/2278: Loss=1.1991, Cls=0.0108, Reg=0.0000, Con=3.9610
2025-09-14 00:40:59,849 - INFO - Batch 720/2278: Loss=1.2031, Cls=0.0148, Reg=0.0000, Con=3.9610
2025-09-14 00:41:00,762 - INFO - Batch 730/2278: Loss=1.8808, Cls=0.6926, Reg=0.0000, Con=3.9609
2025-09-14 00:41:01,656 - INFO - Batch 740/2278: Loss=1.1882, Cls=0.0000, Reg=0.0000, Con=3.9606
2025-09-14 00:41:02,553 - INFO - Batch 750/2278: Loss=1.1915, Cls=0.0033, Reg=0.0000, Con=3.9606
2025-09-14 00:41:03,432 - INFO - Batch 760/2278: Loss=1.1886, Cls=0.0002, Reg=0.0000, Con=3.9611
2025-09-14 00:41:04,358 - INFO - Batch 770/2278: Loss=1.1883, Cls=0.0000, Reg=0.0000, Con=3.9611
2025-09-14 00:41:05,300 - INFO - Batch 780/2278: Loss=1.1883, Cls=0.0001, Reg=0.0000, Con=3.9607
2025-09-14 00:41:06,189 - INFO - Batch 790/2278: Loss=1.1883, Cls=0.0000, Reg=0.0000, Con=3.9609
2025-09-14 00:41:07,106 - INFO - Batch 800/2278: Loss=1.1884, Cls=0.0001, Reg=0.0000, Con=3.9612
2025-09-14 00:41:07,998 - INFO - Batch 810/2278: Loss=1.1884, Cls=0.0001, Reg=0.0000, Con=3.9611
2025-09-14 00:41:08,924 - INFO - Batch 820/2278: Loss=1.1884, Cls=0.0002, Reg=0.0000, Con=3.9608
2025-09-14 00:41:09,846 - INFO - Batch 830/2278: Loss=1.1885, Cls=0.0002, Reg=0.0000, Con=3.9609
2025-09-14 00:41:10,791 - INFO - Batch 840/2278: Loss=0.0003, Cls=0.0003, Reg=0.0000, Con=0.0000
2025-09-14 00:41:11,819 - INFO - Batch 850/2278: Loss=0.0005, Cls=0.0005, Reg=0.0000, Con=0.0000
2025-09-14 00:41:12,743 - INFO - Batch 860/2278: Loss=1.1902, Cls=0.0019, Reg=0.0000, Con=3.9611
2025-09-14 00:41:13,640 - INFO - Batch 870/2278: Loss=1.1951, Cls=0.0069, Reg=0.0000, Con=3.9608
2025-09-14 00:41:14,521 - INFO - Batch 880/2278: Loss=0.0000, Cls=0.0000, Reg=0.0000, Con=0.0000
2025-09-14 00:41:15,415 - INFO - Batch 890/2278: Loss=1.1885, Cls=0.0002, Reg=0.0000, Con=3.9608
2025-09-14 00:41:16,329 - INFO - Batch 900/2278: Loss=0.0000, Cls=0.0000, Reg=0.0000, Con=0.0000
2025-09-14 00:41:17,202 - INFO - Batch 910/2278: Loss=1.1883, Cls=0.0000, Reg=0.0000, Con=3.9609
2025-09-14 00:41:18,120 - INFO - Batch 920/2278: Loss=1.1918, Cls=0.0035, Reg=0.0000, Con=3.9608
2025-09-14 00:41:19,012 - INFO - Batch 930/2278: Loss=0.0000, Cls=0.0000, Reg=0.0000, Con=0.0000
2025-09-14 00:41:19,891 - INFO - Batch 940/2278: Loss=1.1887, Cls=0.0002, Reg=0.0000, Con=3.9614
2025-09-14 00:41:20,758 - INFO - Batch 950/2278: Loss=0.0004, Cls=0.0004, Reg=0.0000, Con=0.0000
2025-09-14 00:41:21,649 - INFO - Batch 960/2278: Loss=2.4095, Cls=1.2212, Reg=0.0000, Con=3.9610
2025-09-14 00:41:22,538 - INFO - Batch 970/2278: Loss=1.2190, Cls=0.0308, Reg=0.0000, Con=3.9608
2025-09-14 00:41:23,455 - INFO - Batch 980/2278: Loss=1.1965, Cls=0.0082, Reg=0.0000, Con=3.9609
2025-09-14 00:41:24,374 - INFO - Batch 990/2278: Loss=1.1887, Cls=0.0004, Reg=0.0000, Con=3.9609
2025-09-14 00:41:25,252 - INFO - Batch 1000/2278: Loss=2.0042, Cls=0.8159, Reg=0.0000, Con=3.9609
2025-09-14 00:41:26,169 - INFO - Batch 1010/2278: Loss=1.1896, Cls=0.0014, Reg=0.0000, Con=3.9608
2025-09-14 00:41:27,060 - INFO - Batch 1020/2278: Loss=1.1886, Cls=0.0004, Reg=0.0000, Con=3.9608
2025-09-14 00:41:27,945 - INFO - Batch 1030/2278: Loss=0.5051, Cls=0.5051, Reg=0.0000, Con=0.0000
2025-09-14 00:41:28,847 - INFO - Batch 1040/2278: Loss=1.1885, Cls=0.0001, Reg=0.0000, Con=3.9613
2025-09-14 00:41:29,758 - INFO - Batch 1050/2278: Loss=0.1248, Cls=0.1248, Reg=0.0000, Con=0.0000
2025-09-14 00:41:30,653 - INFO - Batch 1060/2278: Loss=1.1890, Cls=0.0007, Reg=0.0000, Con=3.9611
2025-09-14 00:41:31,668 - INFO - Batch 1070/2278: Loss=1.1894, Cls=0.0012, Reg=0.0000, Con=3.9609
2025-09-14 00:41:32,606 - INFO - Batch 1080/2278: Loss=0.0000, Cls=0.0000, Reg=0.0000, Con=0.0000
2025-09-14 00:41:33,513 - INFO - Batch 1090/2278: Loss=1.1883, Cls=0.0000, Reg=0.0000, Con=3.9611
2025-09-14 00:41:34,418 - INFO - Batch 1100/2278: Loss=1.2465, Cls=0.0582, Reg=0.0000, Con=3.9609
2025-09-14 00:41:35,342 - INFO - Batch 1110/2278: Loss=0.0000, Cls=0.0000, Reg=0.0000, Con=0.0000
2025-09-14 00:41:36,259 - INFO - Batch 1120/2278: Loss=1.1890, Cls=0.0007, Reg=0.0000, Con=3.9610
2025-09-14 00:41:37,150 - INFO - Batch 1130/2278: Loss=0.0000, Cls=0.0000, Reg=0.0000, Con=0.0000
2025-09-14 00:41:38,050 - INFO - Batch 1140/2278: Loss=1.1883, Cls=0.0000, Reg=0.0000, Con=3.9609
2025-09-14 00:41:38,937 - INFO - Batch 1150/2278: Loss=1.1915, Cls=0.0033, Reg=0.0000, Con=3.9607
2025-09-14 00:41:39,866 - INFO - Batch 1160/2278: Loss=0.0212, Cls=0.0212, Reg=0.0000, Con=0.0000
2025-09-14 00:41:40,770 - INFO - Batch 1170/2278: Loss=1.1888, Cls=0.0006, Reg=0.0000, Con=3.9608
2025-09-14 00:41:41,716 - INFO - Batch 1180/2278: Loss=1.1884, Cls=0.0000, Reg=0.0000, Con=3.9613
2025-09-14 00:41:42,623 - INFO - Batch 1190/2278: Loss=1.1884, Cls=0.0001, Reg=0.0000, Con=3.9609
2025-09-14 00:41:43,505 - INFO - Batch 1200/2278: Loss=1.1886, Cls=0.0002, Reg=0.0000, Con=3.9611
2025-09-14 00:41:44,433 - INFO - Batch 1210/2278: Loss=2.0852, Cls=0.8968, Reg=0.0000, Con=3.9611
2025-09-14 00:41:45,321 - INFO - Batch 1220/2278: Loss=1.1883, Cls=0.0000, Reg=0.0000, Con=3.9609
2025-09-14 00:41:46,259 - INFO - Batch 1230/2278: Loss=0.0001, Cls=0.0001, Reg=0.0000, Con=0.0000
2025-09-14 00:41:47,285 - INFO - Batch 1240/2278: Loss=1.1987, Cls=0.0105, Reg=0.0000, Con=3.9609
2025-09-14 00:41:48,234 - INFO - Batch 1250/2278: Loss=0.0008, Cls=0.0008, Reg=0.0000, Con=0.0000
2025-09-14 00:41:49,136 - INFO - Batch 1260/2278: Loss=1.1883, Cls=0.0001, Reg=0.0000, Con=3.9605
2025-09-14 00:41:50,045 - INFO - Batch 1270/2278: Loss=1.2007, Cls=0.0124, Reg=0.0000, Con=3.9610
2025-09-14 00:41:50,926 - INFO - Batch 1280/2278: Loss=2.4668, Cls=1.2786, Reg=0.0000, Con=3.9607
2025-09-14 00:41:51,958 - INFO - Batch 1290/2278: Loss=1.1919, Cls=0.0036, Reg=0.0000, Con=3.9611
2025-09-14 00:41:52,982 - INFO - Batch 1300/2278: Loss=0.0004, Cls=0.0004, Reg=0.0000, Con=0.0000
2025-09-14 00:41:53,909 - INFO - Batch 1310/2278: Loss=1.1882, Cls=0.0000, Reg=0.0000, Con=3.9608
2025-09-14 00:41:54,816 - INFO - Batch 1320/2278: Loss=1.1883, Cls=0.0000, Reg=0.0000, Con=3.9610
2025-09-14 00:41:55,725 - INFO - Batch 1330/2278: Loss=1.1896, Cls=0.0014, Reg=0.0000, Con=3.9610
2025-09-14 00:41:56,623 - INFO - Batch 1340/2278: Loss=1.1884, Cls=0.0001, Reg=0.0000, Con=3.9608
2025-09-14 00:41:57,545 - INFO - Batch 1350/2278: Loss=1.2606, Cls=0.0723, Reg=0.0000, Con=3.9608
2025-09-14 00:41:58,469 - INFO - Batch 1360/2278: Loss=1.1898, Cls=0.0015, Reg=0.0000, Con=3.9612
2025-09-14 00:41:59,384 - INFO - Batch 1370/2278: Loss=3.2883, Cls=2.1000, Reg=0.0000, Con=3.9610
2025-09-14 00:42:00,322 - INFO - Batch 1380/2278: Loss=1.1927, Cls=0.0044, Reg=0.0000, Con=3.9608
2025-09-14 00:42:01,230 - INFO - Batch 1390/2278: Loss=1.1883, Cls=0.0000, Reg=0.0000, Con=3.9610
2025-09-14 00:42:02,227 - INFO - Batch 1400/2278: Loss=1.1951, Cls=0.0067, Reg=0.0000, Con=3.9613
2025-09-14 00:42:03,138 - INFO - Batch 1410/2278: Loss=1.1900, Cls=0.0017, Reg=0.0000, Con=3.9610
2025-09-14 00:42:04,037 - INFO - Batch 1420/2278: Loss=1.1883, Cls=0.0000, Reg=0.0000, Con=3.9610
2025-09-14 00:42:04,935 - INFO - Batch 1430/2278: Loss=0.0001, Cls=0.0001, Reg=0.0000, Con=0.0000
2025-09-14 00:42:05,858 - INFO - Batch 1440/2278: Loss=1.1882, Cls=0.0000, Reg=0.0000, Con=3.9606
2025-09-14 00:42:06,776 - INFO - Batch 1450/2278: Loss=0.0009, Cls=0.0009, Reg=0.0000, Con=0.0000
2025-09-14 00:42:07,651 - INFO - Batch 1460/2278: Loss=0.0000, Cls=0.0000, Reg=0.0000, Con=0.0000
2025-09-14 00:42:08,565 - INFO - Batch 1470/2278: Loss=1.1915, Cls=0.0033, Reg=0.0000, Con=3.9608
2025-09-14 00:42:09,440 - INFO - Batch 1480/2278: Loss=1.1932, Cls=0.0050, Reg=0.0000, Con=3.9608
2025-09-14 00:42:10,350 - INFO - Batch 1490/2278: Loss=0.0089, Cls=0.0089, Reg=0.0000, Con=0.0000
2025-09-14 00:42:11,237 - INFO - Batch 1500/2278: Loss=1.1884, Cls=0.0001, Reg=0.0000, Con=3.9610
2025-09-14 00:42:12,180 - INFO - Batch 1510/2278: Loss=1.1972, Cls=0.0089, Reg=0.0000, Con=3.9609
2025-09-14 00:42:13,081 - INFO - Batch 1520/2278: Loss=0.0000, Cls=0.0000, Reg=0.0000, Con=0.0000
2025-09-14 00:42:13,990 - INFO - Batch 1530/2278: Loss=1.1887, Cls=0.0005, Reg=0.0000, Con=3.9609
2025-09-14 00:42:14,909 - INFO - Batch 1540/2278: Loss=1.1883, Cls=0.0000, Reg=0.0000, Con=3.9610
2025-09-14 00:42:15,813 - INFO - Batch 1550/2278: Loss=1.1883, Cls=0.0000, Reg=0.0000, Con=3.9611
2025-09-14 00:42:16,752 - INFO - Batch 1560/2278: Loss=1.1883, Cls=0.0000, Reg=0.0000, Con=3.9608
2025-09-14 00:42:17,637 - INFO - Batch 1570/2278: Loss=2.5678, Cls=1.3795, Reg=0.0000, Con=3.9609
2025-09-14 00:42:18,546 - INFO - Batch 1580/2278: Loss=1.1886, Cls=0.0004, Reg=0.0000, Con=3.9608
2025-09-14 00:42:19,465 - INFO - Batch 1590/2278: Loss=0.0000, Cls=0.0000, Reg=0.0000, Con=0.0000
2025-09-14 00:42:20,389 - INFO - Batch 1600/2278: Loss=6.6317, Cls=5.4435, Reg=0.0000, Con=3.9608
2025-09-14 00:42:21,389 - INFO - Batch 1610/2278: Loss=0.0032, Cls=0.0032, Reg=0.0000, Con=0.0000
2025-09-14 00:42:22,314 - INFO - Batch 1620/2278: Loss=1.1883, Cls=0.0001, Reg=0.0000, Con=3.9608
2025-09-14 00:42:23,225 - INFO - Batch 1630/2278: Loss=1.1885, Cls=0.0002, Reg=0.0000, Con=3.9610
2025-09-14 00:42:24,107 - INFO - Batch 1640/2278: Loss=0.0000, Cls=0.0000, Reg=0.0000, Con=0.0000
2025-09-14 00:42:25,061 - INFO - Batch 1650/2278: Loss=1.3270, Cls=0.1387, Reg=0.0000, Con=3.9610
2025-09-14 00:42:26,001 - INFO - Batch 1660/2278: Loss=1.1884, Cls=0.0001, Reg=0.0000, Con=3.9611
2025-09-14 00:42:26,890 - INFO - Batch 1670/2278: Loss=1.1883, Cls=0.0000, Reg=0.0000, Con=3.9609
2025-09-14 00:42:27,788 - INFO - Batch 1680/2278: Loss=1.2200, Cls=0.0318, Reg=0.0000, Con=3.9607
2025-09-14 00:42:28,707 - INFO - Batch 1690/2278: Loss=1.1883, Cls=0.0000, Reg=0.0000, Con=3.9610
2025-09-14 00:42:29,621 - INFO - Batch 1700/2278: Loss=1.1889, Cls=0.0006, Reg=0.0000, Con=3.9608
2025-09-14 00:42:30,528 - INFO - Batch 1710/2278: Loss=0.0043, Cls=0.0043, Reg=0.0000, Con=0.0000
2025-09-14 00:42:31,431 - INFO - Batch 1720/2278: Loss=1.1899, Cls=0.0016, Reg=0.0000, Con=3.9609
2025-09-14 00:42:32,331 - INFO - Batch 1730/2278: Loss=1.1893, Cls=0.0011, Reg=0.0000, Con=3.9608
2025-09-14 00:42:33,242 - INFO - Batch 1740/2278: Loss=1.1884, Cls=0.0002, Reg=0.0000, Con=3.9608
2025-09-14 00:42:34,166 - INFO - Batch 1750/2278: Loss=1.1888, Cls=0.0004, Reg=0.0000, Con=3.9612
2025-09-14 00:42:35,063 - INFO - Batch 1760/2278: Loss=1.1884, Cls=0.0000, Reg=0.0000, Con=3.9612
2025-09-14 00:42:35,968 - INFO - Batch 1770/2278: Loss=0.0019, Cls=0.0019, Reg=0.0000, Con=0.0000
2025-09-14 00:42:36,879 - INFO - Batch 1780/2278: Loss=0.0019, Cls=0.0019, Reg=0.0000, Con=0.0000
2025-09-14 00:42:37,802 - INFO - Batch 1790/2278: Loss=1.1893, Cls=0.0010, Reg=0.0000, Con=3.9609
2025-09-14 00:42:38,722 - INFO - Batch 1800/2278: Loss=2.1495, Cls=0.9613, Reg=0.0000, Con=3.9607
2025-09-14 00:42:39,606 - INFO - Batch 1810/2278: Loss=0.0000, Cls=0.0000, Reg=0.0000, Con=0.0000
2025-09-14 00:42:40,507 - INFO - Batch 1820/2278: Loss=1.1884, Cls=0.0002, Reg=0.0000, Con=3.9608
2025-09-14 00:42:41,402 - INFO - Batch 1830/2278: Loss=1.1912, Cls=0.0029, Reg=0.0000, Con=3.9609
2025-09-14 00:42:42,367 - INFO - Batch 1840/2278: Loss=0.5819, Cls=0.5819, Reg=0.0000, Con=0.0000
2025-09-14 00:42:43,309 - INFO - Batch 1850/2278: Loss=1.1906, Cls=0.0023, Reg=0.0000, Con=3.9609
2025-09-14 00:42:44,328 - INFO - Batch 1860/2278: Loss=1.1882, Cls=0.0000, Reg=0.0000, Con=3.9607
2025-09-14 00:42:45,358 - INFO - Batch 1870/2278: Loss=1.1883, Cls=0.0001, Reg=0.0000, Con=3.9609
2025-09-14 00:42:46,275 - INFO - Batch 1880/2278: Loss=1.1882, Cls=0.0000, Reg=0.0000, Con=3.9607
2025-09-14 00:42:47,182 - INFO - Batch 1890/2278: Loss=1.1887, Cls=0.0004, Reg=0.0000, Con=3.9610
2025-09-14 00:42:48,099 - INFO - Batch 1900/2278: Loss=0.0000, Cls=0.0000, Reg=0.0000, Con=0.0000
2025-09-14 00:42:48,973 - INFO - Batch 1910/2278: Loss=1.1883, Cls=0.0000, Reg=0.0000, Con=3.9610
2025-09-14 00:42:49,875 - INFO - Batch 1920/2278: Loss=1.1885, Cls=0.0002, Reg=0.0000, Con=3.9609
2025-09-14 00:42:50,851 - INFO - Batch 1930/2278: Loss=1.1884, Cls=0.0001, Reg=0.0000, Con=3.9611
2025-09-14 00:42:51,777 - INFO - Batch 1940/2278: Loss=1.1883, Cls=0.0000, Reg=0.0000, Con=3.9607
2025-09-14 00:42:52,656 - INFO - Batch 1950/2278: Loss=1.1883, Cls=0.0000, Reg=0.0000, Con=3.9609
2025-09-14 00:42:53,548 - INFO - Batch 1960/2278: Loss=1.1888, Cls=0.0005, Reg=0.0000, Con=3.9610
2025-09-14 00:42:54,438 - INFO - Batch 1970/2278: Loss=0.0031, Cls=0.0031, Reg=0.0000, Con=0.0000
2025-09-14 00:42:55,374 - INFO - Batch 1980/2278: Loss=1.1986, Cls=0.0103, Reg=0.0000, Con=3.9610
2025-09-14 00:42:56,276 - INFO - Batch 1990/2278: Loss=1.1882, Cls=0.0000, Reg=0.0000, Con=3.9608
2025-09-14 00:42:57,147 - INFO - Batch 2000/2278: Loss=1.1884, Cls=0.0001, Reg=0.0000, Con=3.9610
2025-09-14 00:42:58,030 - INFO - Batch 2010/2278: Loss=1.1882, Cls=0.0000, Reg=0.0000, Con=3.9608
2025-09-14 00:42:58,942 - INFO - Batch 2020/2278: Loss=1.2024, Cls=0.0142, Reg=0.0000, Con=3.9608
2025-09-14 00:42:59,859 - INFO - Batch 2030/2278: Loss=1.1883, Cls=0.0000, Reg=0.0000, Con=3.9608
2025-09-14 00:43:00,921 - INFO - Batch 2040/2278: Loss=1.1885, Cls=0.0002, Reg=0.0000, Con=3.9611
2025-09-14 00:43:01,880 - INFO - Batch 2050/2278: Loss=0.0002, Cls=0.0002, Reg=0.0000, Con=0.0000
2025-09-14 00:43:02,773 - INFO - Batch 2060/2278: Loss=1.1883, Cls=0.0000, Reg=0.0000, Con=3.9609
2025-09-14 00:43:03,696 - INFO - Batch 2070/2278: Loss=0.2325, Cls=0.2325, Reg=0.0000, Con=0.0000
2025-09-14 00:43:04,610 - INFO - Batch 2080/2278: Loss=1.2155, Cls=0.0271, Reg=0.0000, Con=3.9613
2025-09-14 00:43:05,493 - INFO - Batch 2090/2278: Loss=1.1882, Cls=0.0000, Reg=0.0000, Con=3.9607
2025-09-14 00:43:06,417 - INFO - Batch 2100/2278: Loss=1.1886, Cls=0.0000, Reg=0.0000, Con=3.9619
2025-09-14 00:43:07,327 - INFO - Batch 2110/2278: Loss=1.1883, Cls=0.0000, Reg=0.0000, Con=3.9609
2025-09-14 00:43:08,239 - INFO - Batch 2120/2278: Loss=0.0002, Cls=0.0002, Reg=0.0000, Con=0.0000
2025-09-14 00:43:09,193 - INFO - Batch 2130/2278: Loss=1.1919, Cls=0.0037, Reg=0.0000, Con=3.9607
2025-09-14 00:43:10,110 - INFO - Batch 2140/2278: Loss=1.6851, Cls=0.4968, Reg=0.0000, Con=3.9610
2025-09-14 00:43:10,979 - INFO - Batch 2150/2278: Loss=1.1884, Cls=0.0001, Reg=0.0000, Con=3.9608
2025-09-14 00:43:11,875 - INFO - Batch 2160/2278: Loss=1.2236, Cls=0.0353, Reg=0.0000, Con=3.9609
2025-09-14 00:43:12,750 - INFO - Batch 2170/2278: Loss=1.1884, Cls=0.0001, Reg=0.0000, Con=3.9608
2025-09-14 00:43:13,640 - INFO - Batch 2180/2278: Loss=1.1911, Cls=0.0028, Reg=0.0000, Con=3.9610
2025-09-14 00:43:14,536 - INFO - Batch 2190/2278: Loss=1.1891, Cls=0.0008, Reg=0.0000, Con=3.9609
2025-09-14 00:43:15,507 - INFO - Batch 2200/2278: Loss=1.1884, Cls=0.0001, Reg=0.0000, Con=3.9608
2025-09-14 00:43:16,502 - INFO - Batch 2210/2278: Loss=0.0000, Cls=0.0000, Reg=0.0000, Con=0.0000
2025-09-14 00:43:17,495 - INFO - Batch 2220/2278: Loss=0.0008, Cls=0.0008, Reg=0.0000, Con=0.0000
2025-09-14 00:43:18,405 - INFO - Batch 2230/2278: Loss=1.1883, Cls=0.0001, Reg=0.0000, Con=3.9609
2025-09-14 00:43:19,347 - INFO - Batch 2240/2278: Loss=1.1885, Cls=0.0000, Reg=0.0000, Con=3.9617
2025-09-14 00:43:20,278 - INFO - Batch 2250/2278: Loss=1.2310, Cls=0.0428, Reg=0.0000, Con=3.9608
2025-09-14 00:43:21,269 - INFO - Batch 2260/2278: Loss=0.0004, Cls=0.0004, Reg=0.0000, Con=0.0000
2025-09-14 00:43:22,240 - INFO - Batch 2270/2278: Loss=0.0030, Cls=0.0030, Reg=0.0000, Con=0.0000
2025-09-14 00:46:51,481 - INFO - === Epoch 3 Results ===
2025-09-14 00:46:51,482 - INFO - Training Loss: 1.0207 (Classification: 0.1318, Regression: 0.0000)
2025-09-14 00:46:51,482 - INFO - Validation Loss: 0.0412 (Classification: 0.0412, Regression: 0.0000)
2025-09-14 00:46:51,482 - INFO - Average Classification Accuracy: 0.9540 (on 1/26 tasks)
2025-09-14 00:46:51,482 - INFO - Average AUC: 0.9632
2025-09-14 00:46:51,482 - INFO - Training finished!
2025-09-14 00:46:51,482 - INFO - Performing final evaluation...
2025-09-14 00:46:51,691 - INFO - Loaded best model from: experiments/r1c3_headft_cls_3_seed_42_20250914_002603/checkpoints/r1c3_headft_cls_3_seed_42_best.pth
2025-09-14 00:50:19,847 - INFO - Final Validation Results:
2025-09-14 00:50:19,847 - INFO -   Total Loss: 0.0383
2025-09-14 00:50:19,847 - INFO -   Classification Loss: 0.0383
2025-09-14 00:50:19,847 - INFO -   Regression Loss: 0.0000
2025-09-14 00:50:19,847 - INFO -   Average Classification Accuracy: 0.9560
2025-09-14 00:50:19,847 - INFO -   Average AUC: 0.9692
2025-09-14 00:50:19,848 - INFO - Results saved to: experiments/r1c3_headft_cls_3_seed_42_20250914_002603/checkpoints/r1c3_headft_cls_3_seed_42_results.json
