2025-09-14 10:30:22,286 - INFO - 🔬 Starting experiment: r1c3_headft_reg_0_seed_42
2025-09-14 10:30:22,286 - INFO - 📁 Experiment directory: experiments/r1c3_headft_reg_0_seed_42_20250914_103022
2025-09-14 10:30:22,286 - INFO - 🎲 Random seed: 42
2025-09-14 10:30:22,286 - INFO - 🔒 Deterministic mode: True
2025-09-14 10:30:22,286 - INFO - Using device: cuda
2025-09-14 10:30:22,286 - INFO - Total GPU Memory: 25.16 GB
2025-09-14 10:30:22,305 - INFO - 🧪 Fusion: Using cross-attention dynamic fusion
2025-09-14 10:30:22,305 - INFO - 🧪 GNN Backbone: Using default GraphAttentionNetwork branch
2025-09-14 10:30:22,305 - INFO - 🎯 Task Mode: Single regression endpoint 0
2025-09-14 10:30:22,305 - INFO - Configuration saved to: experiments/r1c3_headft_reg_0_seed_42_20250914_103022/checkpoints/config.json
2025-09-14 10:30:22,306 - INFO - 🚀 Using preprocessed data from: /mnt/backup2/ai4s/backupunimolpy/responds-work/ToxD4C/data/data/processed
2025-09-14 10:30:22,306 - INFO - Loading LMDB dataset from: /mnt/backup2/ai4s/backupunimolpy/responds-work/ToxD4C/data/data/processed
2025-09-14 10:30:22,805 - INFO - Number of training batches: 2278
2025-09-14 10:30:22,805 - INFO - Number of validation batches: 2278
2025-09-14 10:30:22,805 - INFO - Number of test batches: 2278
2025-09-14 10:30:22,805 - INFO - Creating ToxD4C model...
2025-09-14 10:30:23,912 - INFO - Model created successfully. Total parameters: 100,932,036
2025-09-14 10:30:23,912 - INFO - Testing model forward pass...
2025-09-14 10:30:24,357 - INFO - Test output shapes:
2025-09-14 10:30:24,357 - INFO -   classification: torch.Size([16, 0])
2025-09-14 10:30:24,358 - INFO -   classification contains NaN: False
2025-09-14 10:30:24,358 - INFO -   classification contains Inf: False
2025-09-14 10:30:24,358 - INFO -   regression: torch.Size([16, 1])
2025-09-14 10:30:24,361 - INFO -   regression contains NaN: False
2025-09-14 10:30:24,361 - INFO -   regression contains Inf: False
2025-09-14 10:30:24,361 - INFO - Model forward pass test successful!
2025-09-14 10:30:25,059 - INFO - 🔁 Loaded checkpoint from: /mnt/backup2/ai4s/backupunimolpy/responds-work/ToxD4C/experiments/r1c3_multi_full_seed_42_20250913_152627/checkpoints/r1c3_multi_full_seed_42_best.pth
2025-09-14 10:30:25,060 - INFO - 🧩 Head-only fine-tuning: unfroze head for task 'Acute oral toxicity (LD50)' and froze trunk.
2025-09-14 10:30:25,061 - INFO - Starting training...
2025-09-14 10:30:25,061 - INFO - 
Epoch 1/3
2025-09-14 10:30:25,177 - INFO - Batch 0/2278: Loss=1.1882, Cls=0.0000, Reg=0.0000, Con=3.9608
2025-09-14 10:30:26,222 - INFO - Batch 10/2278: Loss=1.3632, Cls=0.0000, Reg=0.1749, Con=3.9608
2025-09-14 10:30:27,144 - INFO - Batch 20/2278: Loss=1.1939, Cls=0.0000, Reg=0.0056, Con=3.9609
2025-09-14 10:30:28,084 - INFO - Batch 30/2278: Loss=1.1995, Cls=0.0000, Reg=0.0112, Con=3.9610
2025-09-14 10:30:28,983 - INFO - Batch 40/2278: Loss=0.2055, Cls=0.0000, Reg=0.2055, Con=0.0000
2025-09-14 10:30:29,890 - INFO - Batch 50/2278: Loss=1.7311, Cls=0.0000, Reg=0.5429, Con=3.9608
2025-09-14 10:30:30,842 - INFO - Batch 60/2278: Loss=1.2766, Cls=0.0000, Reg=0.0884, Con=3.9607
2025-09-14 10:30:31,753 - INFO - Batch 70/2278: Loss=1.4669, Cls=0.0000, Reg=0.2786, Con=3.9609
2025-09-14 10:30:32,607 - INFO - Batch 80/2278: Loss=1.3962, Cls=0.0000, Reg=0.2079, Con=3.9609
2025-09-14 10:30:33,503 - INFO - Batch 90/2278: Loss=1.2042, Cls=0.0000, Reg=0.0159, Con=3.9609
2025-09-14 10:30:34,342 - INFO - Batch 100/2278: Loss=1.4283, Cls=0.0000, Reg=0.2401, Con=3.9608
2025-09-14 10:30:35,214 - INFO - Batch 110/2278: Loss=1.1883, Cls=0.0000, Reg=0.0000, Con=3.9609
2025-09-14 10:30:36,078 - INFO - Batch 120/2278: Loss=1.7485, Cls=0.0000, Reg=0.5602, Con=3.9608
2025-09-14 10:30:36,944 - INFO - Batch 130/2278: Loss=1.6409, Cls=0.0000, Reg=0.4526, Con=3.9609
2025-09-14 10:30:37,819 - INFO - Batch 140/2278: Loss=1.9302, Cls=0.0000, Reg=0.7419, Con=3.9610
2025-09-14 10:30:38,717 - INFO - Batch 150/2278: Loss=1.4180, Cls=0.0000, Reg=0.2296, Con=3.9613
2025-09-14 10:30:39,603 - INFO - Batch 160/2278: Loss=1.1981, Cls=0.0000, Reg=0.0099, Con=3.9609
2025-09-14 10:30:40,477 - INFO - Batch 170/2278: Loss=1.3399, Cls=0.0000, Reg=0.1516, Con=3.9609
2025-09-14 10:30:41,464 - INFO - Batch 180/2278: Loss=1.5577, Cls=0.0000, Reg=0.3695, Con=3.9609
2025-09-14 10:30:42,399 - INFO - Batch 190/2278: Loss=1.2279, Cls=0.0000, Reg=0.0397, Con=3.9608
2025-09-14 10:30:43,260 - INFO - Batch 200/2278: Loss=1.1883, Cls=0.0000, Reg=0.0000, Con=3.9609
2025-09-14 10:30:44,151 - INFO - Batch 210/2278: Loss=1.1956, Cls=0.0000, Reg=0.0074, Con=3.9609
2025-09-14 10:30:45,042 - INFO - Batch 220/2278: Loss=1.3827, Cls=0.0000, Reg=0.1943, Con=3.9612
2025-09-14 10:30:46,003 - INFO - Batch 230/2278: Loss=1.2642, Cls=0.0000, Reg=0.0759, Con=3.9610
2025-09-14 10:30:46,882 - INFO - Batch 240/2278: Loss=1.2899, Cls=0.0000, Reg=0.1016, Con=3.9608
2025-09-14 10:30:47,758 - INFO - Batch 250/2278: Loss=1.1890, Cls=0.0000, Reg=0.0008, Con=3.9608
2025-09-14 10:30:48,626 - INFO - Batch 260/2278: Loss=1.2530, Cls=0.0000, Reg=0.0648, Con=3.9608
2025-09-14 10:30:49,539 - INFO - Batch 270/2278: Loss=1.1882, Cls=0.0000, Reg=0.0000, Con=3.9608
2025-09-14 10:30:50,432 - INFO - Batch 280/2278: Loss=1.3664, Cls=0.0000, Reg=0.1781, Con=3.9609
2025-09-14 10:30:51,308 - INFO - Batch 290/2278: Loss=1.4022, Cls=0.0000, Reg=0.2140, Con=3.9610
2025-09-14 10:30:52,186 - INFO - Batch 300/2278: Loss=1.4672, Cls=0.0000, Reg=0.2790, Con=3.9609
2025-09-14 10:30:53,073 - INFO - Batch 310/2278: Loss=2.3962, Cls=0.0000, Reg=1.2080, Con=3.9609
2025-09-14 10:30:53,929 - INFO - Batch 320/2278: Loss=1.2508, Cls=0.0000, Reg=0.0625, Con=3.9608
2025-09-14 10:30:54,840 - INFO - Batch 330/2278: Loss=1.2710, Cls=0.0000, Reg=0.0827, Con=3.9609
2025-09-14 10:30:55,716 - INFO - Batch 340/2278: Loss=1.2269, Cls=0.0000, Reg=0.0386, Con=3.9609
2025-09-14 10:30:56,729 - INFO - Batch 350/2278: Loss=1.1889, Cls=0.0000, Reg=0.0006, Con=3.9610
2025-09-14 10:30:57,679 - INFO - Batch 360/2278: Loss=1.2440, Cls=0.0000, Reg=0.0558, Con=3.9607
2025-09-14 10:30:58,604 - INFO - Batch 370/2278: Loss=1.1911, Cls=0.0000, Reg=0.0029, Con=3.9609
2025-09-14 10:30:59,484 - INFO - Batch 380/2278: Loss=1.3455, Cls=0.0000, Reg=0.1571, Con=3.9613
2025-09-14 10:31:00,374 - INFO - Batch 390/2278: Loss=1.5243, Cls=0.0000, Reg=0.3361, Con=3.9607
2025-09-14 10:31:01,275 - INFO - Batch 400/2278: Loss=0.0106, Cls=0.0000, Reg=0.0106, Con=0.0000
2025-09-14 10:31:02,152 - INFO - Batch 410/2278: Loss=1.3804, Cls=0.0000, Reg=0.1922, Con=3.9608
2025-09-14 10:31:03,043 - INFO - Batch 420/2278: Loss=1.3135, Cls=0.0000, Reg=0.1252, Con=3.9608
2025-09-14 10:31:03,929 - INFO - Batch 430/2278: Loss=1.2364, Cls=0.0000, Reg=0.0481, Con=3.9609
2025-09-14 10:31:04,801 - INFO - Batch 440/2278: Loss=1.3612, Cls=0.0000, Reg=0.1729, Con=3.9609
2025-09-14 10:31:05,672 - INFO - Batch 450/2278: Loss=1.3840, Cls=0.0000, Reg=0.1958, Con=3.9607
2025-09-14 10:31:06,539 - INFO - Batch 460/2278: Loss=1.3494, Cls=0.0000, Reg=0.1612, Con=3.9609
2025-09-14 10:31:07,455 - INFO - Batch 470/2278: Loss=1.5003, Cls=0.0000, Reg=0.3120, Con=3.9609
2025-09-14 10:31:08,513 - INFO - Batch 480/2278: Loss=1.4591, Cls=0.0000, Reg=0.2708, Con=3.9607
2025-09-14 10:31:09,551 - INFO - Batch 490/2278: Loss=1.2164, Cls=0.0000, Reg=0.0282, Con=3.9608
2025-09-14 10:31:10,447 - INFO - Batch 500/2278: Loss=1.1883, Cls=0.0000, Reg=0.0000, Con=3.9608
2025-09-14 10:31:11,336 - INFO - Batch 510/2278: Loss=1.5672, Cls=0.0000, Reg=0.3789, Con=3.9609
2025-09-14 10:31:12,247 - INFO - Batch 520/2278: Loss=1.2364, Cls=0.0000, Reg=0.0481, Con=3.9608
2025-09-14 10:31:13,131 - INFO - Batch 530/2278: Loss=1.3112, Cls=0.0000, Reg=0.1229, Con=3.9608
2025-09-14 10:31:14,053 - INFO - Batch 540/2278: Loss=1.6102, Cls=0.0000, Reg=0.4219, Con=3.9609
2025-09-14 10:31:14,941 - INFO - Batch 550/2278: Loss=1.1952, Cls=0.0000, Reg=0.0070, Con=3.9607
2025-09-14 10:31:15,819 - INFO - Batch 560/2278: Loss=1.2578, Cls=0.0000, Reg=0.0696, Con=3.9608
2025-09-14 10:31:16,829 - INFO - Batch 570/2278: Loss=1.4532, Cls=0.0000, Reg=0.2650, Con=3.9608
2025-09-14 10:31:17,715 - INFO - Batch 580/2278: Loss=1.1883, Cls=0.0000, Reg=0.0001, Con=3.9609
2025-09-14 10:31:18,570 - INFO - Batch 590/2278: Loss=1.1882, Cls=0.0000, Reg=0.0000, Con=3.9608
2025-09-14 10:31:19,442 - INFO - Batch 600/2278: Loss=1.3814, Cls=0.0000, Reg=0.1931, Con=3.9609
2025-09-14 10:31:20,301 - INFO - Batch 610/2278: Loss=1.5228, Cls=0.0000, Reg=0.3345, Con=3.9609
2025-09-14 10:31:21,169 - INFO - Batch 620/2278: Loss=2.0976, Cls=0.0000, Reg=0.9093, Con=3.9608
2025-09-14 10:31:22,058 - INFO - Batch 630/2278: Loss=1.2121, Cls=0.0000, Reg=0.0238, Con=3.9609
2025-09-14 10:31:22,963 - INFO - Batch 640/2278: Loss=1.3823, Cls=0.0000, Reg=0.1941, Con=3.9608
2025-09-14 10:31:23,848 - INFO - Batch 650/2278: Loss=1.3294, Cls=0.0000, Reg=0.1412, Con=3.9609
2025-09-14 10:31:24,704 - INFO - Batch 660/2278: Loss=1.7822, Cls=0.0000, Reg=0.5939, Con=3.9608
2025-09-14 10:31:25,582 - INFO - Batch 670/2278: Loss=1.4663, Cls=0.0000, Reg=0.2781, Con=3.9608
2025-09-14 10:31:26,494 - INFO - Batch 680/2278: Loss=1.2539, Cls=0.0000, Reg=0.0657, Con=3.9608
2025-09-14 10:31:27,418 - INFO - Batch 690/2278: Loss=0.0000, Cls=0.0000, Reg=0.0000, Con=0.0000
2025-09-14 10:31:28,314 - INFO - Batch 700/2278: Loss=1.2067, Cls=0.0000, Reg=0.0184, Con=3.9610
2025-09-14 10:31:29,302 - INFO - Batch 710/2278: Loss=1.2207, Cls=0.0000, Reg=0.0324, Con=3.9610
2025-09-14 10:31:30,218 - INFO - Batch 720/2278: Loss=1.1979, Cls=0.0000, Reg=0.0097, Con=3.9608
2025-09-14 10:31:31,100 - INFO - Batch 730/2278: Loss=1.3911, Cls=0.0000, Reg=0.2029, Con=3.9609
2025-09-14 10:31:31,985 - INFO - Batch 740/2278: Loss=1.1925, Cls=0.0000, Reg=0.0043, Con=3.9608
2025-09-14 10:31:32,944 - INFO - Batch 750/2278: Loss=1.8457, Cls=0.0000, Reg=0.6575, Con=3.9609
2025-09-14 10:31:33,866 - INFO - Batch 760/2278: Loss=1.2932, Cls=0.0000, Reg=0.1048, Con=3.9613
2025-09-14 10:31:34,752 - INFO - Batch 770/2278: Loss=1.3875, Cls=0.0000, Reg=0.1992, Con=3.9609
2025-09-14 10:31:35,649 - INFO - Batch 780/2278: Loss=1.2728, Cls=0.0000, Reg=0.0845, Con=3.9609
2025-09-14 10:31:36,528 - INFO - Batch 790/2278: Loss=0.0168, Cls=0.0000, Reg=0.0168, Con=0.0000
2025-09-14 10:31:37,400 - INFO - Batch 800/2278: Loss=0.5375, Cls=0.0000, Reg=0.5375, Con=0.0000
2025-09-14 10:31:38,276 - INFO - Batch 810/2278: Loss=1.3177, Cls=0.0000, Reg=0.1295, Con=3.9609
2025-09-14 10:31:39,304 - INFO - Batch 820/2278: Loss=1.3672, Cls=0.0000, Reg=0.1790, Con=3.9608
2025-09-14 10:31:40,268 - INFO - Batch 830/2278: Loss=1.2924, Cls=0.0000, Reg=0.1042, Con=3.9609
2025-09-14 10:31:41,283 - INFO - Batch 840/2278: Loss=1.4158, Cls=0.0000, Reg=0.2276, Con=3.9608
2025-09-14 10:31:42,232 - INFO - Batch 850/2278: Loss=1.1883, Cls=0.0000, Reg=0.0000, Con=3.9609
2025-09-14 10:31:43,150 - INFO - Batch 860/2278: Loss=1.2123, Cls=0.0000, Reg=0.0241, Con=3.9610
2025-09-14 10:31:44,027 - INFO - Batch 870/2278: Loss=1.1926, Cls=0.0000, Reg=0.0043, Con=3.9610
2025-09-14 10:31:44,916 - INFO - Batch 880/2278: Loss=1.3913, Cls=0.0000, Reg=0.2031, Con=3.9609
2025-09-14 10:31:45,772 - INFO - Batch 890/2278: Loss=1.1988, Cls=0.0000, Reg=0.0105, Con=3.9609
2025-09-14 10:31:46,668 - INFO - Batch 900/2278: Loss=1.3593, Cls=0.0000, Reg=0.1710, Con=3.9609
2025-09-14 10:31:47,555 - INFO - Batch 910/2278: Loss=1.6039, Cls=0.0000, Reg=0.4156, Con=3.9609
2025-09-14 10:31:48,416 - INFO - Batch 920/2278: Loss=1.4101, Cls=0.0000, Reg=0.2218, Con=3.9608
2025-09-14 10:31:49,307 - INFO - Batch 930/2278: Loss=1.6449, Cls=0.0000, Reg=0.4567, Con=3.9609
2025-09-14 10:31:50,188 - INFO - Batch 940/2278: Loss=1.5660, Cls=0.0000, Reg=0.3777, Con=3.9609
2025-09-14 10:31:51,106 - INFO - Batch 950/2278: Loss=1.3502, Cls=0.0000, Reg=0.1619, Con=3.9610
2025-09-14 10:31:51,989 - INFO - Batch 960/2278: Loss=1.2476, Cls=0.0000, Reg=0.0593, Con=3.9609
2025-09-14 10:31:52,872 - INFO - Batch 970/2278: Loss=0.0030, Cls=0.0000, Reg=0.0030, Con=0.0000
2025-09-14 10:31:53,745 - INFO - Batch 980/2278: Loss=1.3266, Cls=0.0000, Reg=0.1385, Con=3.9602
2025-09-14 10:31:54,614 - INFO - Batch 990/2278: Loss=1.1917, Cls=0.0000, Reg=0.0035, Con=3.9608
2025-09-14 10:31:55,480 - INFO - Batch 1000/2278: Loss=1.3440, Cls=0.0000, Reg=0.1557, Con=3.9609
2025-09-14 10:31:56,397 - INFO - Batch 1010/2278: Loss=1.3664, Cls=0.0000, Reg=0.1781, Con=3.9610
2025-09-14 10:31:57,403 - INFO - Batch 1020/2278: Loss=2.1835, Cls=0.0000, Reg=0.9953, Con=3.9607
2025-09-14 10:31:58,311 - INFO - Batch 1030/2278: Loss=1.2393, Cls=0.0000, Reg=0.0510, Con=3.9609
2025-09-14 10:31:59,186 - INFO - Batch 1040/2278: Loss=1.2624, Cls=0.0000, Reg=0.0741, Con=3.9609
2025-09-14 10:32:00,057 - INFO - Batch 1050/2278: Loss=1.2209, Cls=0.0000, Reg=0.0326, Con=3.9609
2025-09-14 10:32:00,934 - INFO - Batch 1060/2278: Loss=1.3526, Cls=0.0000, Reg=0.1643, Con=3.9608
2025-09-14 10:32:01,813 - INFO - Batch 1070/2278: Loss=3.5820, Cls=0.0000, Reg=2.3938, Con=3.9608
2025-09-14 10:32:02,675 - INFO - Batch 1080/2278: Loss=1.1883, Cls=0.0000, Reg=0.0000, Con=3.9610
2025-09-14 10:32:03,574 - INFO - Batch 1090/2278: Loss=1.6658, Cls=0.0000, Reg=0.4775, Con=3.9608
2025-09-14 10:32:04,439 - INFO - Batch 1100/2278: Loss=1.2131, Cls=0.0000, Reg=0.0249, Con=3.9608
2025-09-14 10:32:05,336 - INFO - Batch 1110/2278: Loss=1.3445, Cls=0.0000, Reg=0.1563, Con=3.9609
2025-09-14 10:32:06,210 - INFO - Batch 1120/2278: Loss=1.1940, Cls=0.0000, Reg=0.0058, Con=3.9608
2025-09-14 10:32:07,224 - INFO - Batch 1130/2278: Loss=1.2823, Cls=0.0000, Reg=0.0941, Con=3.9609
2025-09-14 10:32:08,106 - INFO - Batch 1140/2278: Loss=1.3075, Cls=0.0000, Reg=0.1192, Con=3.9608
2025-09-14 10:32:08,975 - INFO - Batch 1150/2278: Loss=2.7370, Cls=0.0000, Reg=1.5487, Con=3.9611
2025-09-14 10:32:09,859 - INFO - Batch 1160/2278: Loss=1.2351, Cls=0.0000, Reg=0.0469, Con=3.9609
2025-09-14 10:32:10,736 - INFO - Batch 1170/2278: Loss=0.0020, Cls=0.0000, Reg=0.0020, Con=0.0000
2025-09-14 10:32:11,596 - INFO - Batch 1180/2278: Loss=1.5199, Cls=0.0000, Reg=0.3317, Con=3.9609
2025-09-14 10:32:12,487 - INFO - Batch 1190/2278: Loss=1.3365, Cls=0.0000, Reg=0.1482, Con=3.9609
2025-09-14 10:32:13,456 - INFO - Batch 1200/2278: Loss=1.2310, Cls=0.0000, Reg=0.0427, Con=3.9609
2025-09-14 10:32:14,382 - INFO - Batch 1210/2278: Loss=1.2297, Cls=0.0000, Reg=0.0414, Con=3.9610
2025-09-14 10:32:15,269 - INFO - Batch 1220/2278: Loss=1.1915, Cls=0.0000, Reg=0.0032, Con=3.9610
2025-09-14 10:32:16,152 - INFO - Batch 1230/2278: Loss=1.3020, Cls=0.0000, Reg=0.1137, Con=3.9609
2025-09-14 10:32:17,053 - INFO - Batch 1240/2278: Loss=1.6300, Cls=0.0000, Reg=0.4417, Con=3.9608
2025-09-14 10:32:17,926 - INFO - Batch 1250/2278: Loss=1.1882, Cls=0.0000, Reg=0.0000, Con=3.9608
2025-09-14 10:32:18,806 - INFO - Batch 1260/2278: Loss=1.3002, Cls=0.0000, Reg=0.1119, Con=3.9608
2025-09-14 10:32:19,711 - INFO - Batch 1270/2278: Loss=1.3051, Cls=0.0000, Reg=0.1168, Con=3.9609
2025-09-14 10:32:20,610 - INFO - Batch 1280/2278: Loss=0.0000, Cls=0.0000, Reg=0.0000, Con=0.0000
2025-09-14 10:32:21,495 - INFO - Batch 1290/2278: Loss=1.3151, Cls=0.0000, Reg=0.1267, Con=3.9611
2025-09-14 10:32:22,387 - INFO - Batch 1300/2278: Loss=1.4533, Cls=0.0000, Reg=0.2650, Con=3.9609
2025-09-14 10:32:23,279 - INFO - Batch 1310/2278: Loss=1.2729, Cls=0.0000, Reg=0.0846, Con=3.9609
2025-09-14 10:32:24,162 - INFO - Batch 1320/2278: Loss=2.8966, Cls=0.0000, Reg=1.7083, Con=3.9609
2025-09-14 10:32:25,026 - INFO - Batch 1330/2278: Loss=1.2356, Cls=0.0000, Reg=0.0472, Con=3.9613
2025-09-14 10:32:25,901 - INFO - Batch 1340/2278: Loss=1.4464, Cls=0.0000, Reg=0.2582, Con=3.9609
2025-09-14 10:32:26,788 - INFO - Batch 1350/2278: Loss=1.1883, Cls=0.0000, Reg=0.0000, Con=3.9609
2025-09-14 10:32:27,679 - INFO - Batch 1360/2278: Loss=1.4180, Cls=0.0000, Reg=0.2297, Con=3.9609
2025-09-14 10:32:28,575 - INFO - Batch 1370/2278: Loss=1.2352, Cls=0.0000, Reg=0.0469, Con=3.9608
2025-09-14 10:32:29,544 - INFO - Batch 1380/2278: Loss=1.2324, Cls=0.0000, Reg=0.0441, Con=3.9609
2025-09-14 10:32:30,430 - INFO - Batch 1390/2278: Loss=1.2557, Cls=0.0000, Reg=0.0674, Con=3.9608
2025-09-14 10:32:31,325 - INFO - Batch 1400/2278: Loss=1.2709, Cls=0.0000, Reg=0.0827, Con=3.9608
2025-09-14 10:32:32,321 - INFO - Batch 1410/2278: Loss=1.1903, Cls=0.0000, Reg=0.0020, Con=3.9612
2025-09-14 10:32:33,193 - INFO - Batch 1420/2278: Loss=1.4103, Cls=0.0000, Reg=0.2221, Con=3.9608
2025-09-14 10:32:34,098 - INFO - Batch 1430/2278: Loss=1.4553, Cls=0.0000, Reg=0.2671, Con=3.9608
2025-09-14 10:32:34,946 - INFO - Batch 1440/2278: Loss=1.3134, Cls=0.0000, Reg=0.1252, Con=3.9609
2025-09-14 10:32:35,816 - INFO - Batch 1450/2278: Loss=1.3494, Cls=0.0000, Reg=0.1612, Con=3.9608
2025-09-14 10:32:36,706 - INFO - Batch 1460/2278: Loss=1.1971, Cls=0.0000, Reg=0.0089, Con=3.9610
2025-09-14 10:32:37,580 - INFO - Batch 1470/2278: Loss=1.9109, Cls=0.0000, Reg=0.7226, Con=3.9609
2025-09-14 10:32:38,461 - INFO - Batch 1480/2278: Loss=1.6107, Cls=0.0000, Reg=0.4224, Con=3.9608
2025-09-14 10:32:39,402 - INFO - Batch 1490/2278: Loss=1.6506, Cls=0.0000, Reg=0.4624, Con=3.9609
2025-09-14 10:32:40,292 - INFO - Batch 1500/2278: Loss=1.3063, Cls=0.0000, Reg=0.1181, Con=3.9608
2025-09-14 10:32:41,194 - INFO - Batch 1510/2278: Loss=1.2463, Cls=0.0000, Reg=0.0580, Con=3.9609
2025-09-14 10:32:42,080 - INFO - Batch 1520/2278: Loss=1.5694, Cls=0.0000, Reg=0.3811, Con=3.9609
2025-09-14 10:32:42,947 - INFO - Batch 1530/2278: Loss=1.3018, Cls=0.0000, Reg=0.1136, Con=3.9608
2025-09-14 10:32:43,892 - INFO - Batch 1540/2278: Loss=1.3884, Cls=0.0000, Reg=0.2001, Con=3.9609
2025-09-14 10:32:44,802 - INFO - Batch 1550/2278: Loss=1.1882, Cls=0.0000, Reg=0.0000, Con=3.9607
2025-09-14 10:32:45,696 - INFO - Batch 1560/2278: Loss=1.5324, Cls=0.0000, Reg=0.3442, Con=3.9608
2025-09-14 10:32:46,745 - INFO - Batch 1570/2278: Loss=1.4879, Cls=0.0000, Reg=0.2997, Con=3.9608
2025-09-14 10:32:47,695 - INFO - Batch 1580/2278: Loss=1.4688, Cls=0.0000, Reg=0.2806, Con=3.9608
2025-09-14 10:32:48,623 - INFO - Batch 1590/2278: Loss=1.3739, Cls=0.0000, Reg=0.1856, Con=3.9609
2025-09-14 10:32:49,505 - INFO - Batch 1600/2278: Loss=1.2366, Cls=0.0000, Reg=0.0483, Con=3.9608
2025-09-14 10:32:50,396 - INFO - Batch 1610/2278: Loss=1.3556, Cls=0.0000, Reg=0.1673, Con=3.9613
2025-09-14 10:32:51,284 - INFO - Batch 1620/2278: Loss=1.2811, Cls=0.0000, Reg=0.0929, Con=3.9608
2025-09-14 10:32:52,220 - INFO - Batch 1630/2278: Loss=1.3245, Cls=0.0000, Reg=0.1362, Con=3.9608
2025-09-14 10:32:53,099 - INFO - Batch 1640/2278: Loss=1.4025, Cls=0.0000, Reg=0.2142, Con=3.9609
2025-09-14 10:32:53,969 - INFO - Batch 1650/2278: Loss=1.1882, Cls=0.0000, Reg=0.0000, Con=3.9608
2025-09-14 10:32:54,850 - INFO - Batch 1660/2278: Loss=0.0460, Cls=0.0000, Reg=0.0460, Con=0.0000
2025-09-14 10:32:55,725 - INFO - Batch 1670/2278: Loss=1.5757, Cls=0.0000, Reg=0.3873, Con=3.9613
2025-09-14 10:32:56,618 - INFO - Batch 1680/2278: Loss=1.1882, Cls=0.0000, Reg=0.0000, Con=3.9608
2025-09-14 10:32:57,502 - INFO - Batch 1690/2278: Loss=1.3522, Cls=0.0000, Reg=0.1639, Con=3.9612
2025-09-14 10:32:58,359 - INFO - Batch 1700/2278: Loss=1.1882, Cls=0.0000, Reg=0.0000, Con=3.9608
2025-09-14 10:32:59,236 - INFO - Batch 1710/2278: Loss=1.1908, Cls=0.0000, Reg=0.0025, Con=3.9608
2025-09-14 10:33:00,126 - INFO - Batch 1720/2278: Loss=1.6017, Cls=0.0000, Reg=0.4134, Con=3.9609
2025-09-14 10:33:01,019 - INFO - Batch 1730/2278: Loss=1.2629, Cls=0.0000, Reg=0.0746, Con=3.9610
2025-09-14 10:33:01,901 - INFO - Batch 1740/2278: Loss=1.4420, Cls=0.0000, Reg=0.2537, Con=3.9608
2025-09-14 10:33:02,796 - INFO - Batch 1750/2278: Loss=1.7528, Cls=0.0000, Reg=0.5646, Con=3.9609
2025-09-14 10:33:03,684 - INFO - Batch 1760/2278: Loss=2.4142, Cls=0.0000, Reg=1.2259, Con=3.9609
2025-09-14 10:33:04,671 - INFO - Batch 1770/2278: Loss=1.4797, Cls=0.0000, Reg=0.2914, Con=3.9609
2025-09-14 10:33:05,567 - INFO - Batch 1780/2278: Loss=1.1915, Cls=0.0000, Reg=0.0032, Con=3.9610
2025-09-14 10:33:06,442 - INFO - Batch 1790/2278: Loss=1.1951, Cls=0.0000, Reg=0.0069, Con=3.9608
2025-09-14 10:33:07,357 - INFO - Batch 1800/2278: Loss=0.1804, Cls=0.0000, Reg=0.1804, Con=0.0000
2025-09-14 10:33:08,251 - INFO - Batch 1810/2278: Loss=1.2145, Cls=0.0000, Reg=0.0262, Con=3.9609
2025-09-14 10:33:09,212 - INFO - Batch 1820/2278: Loss=1.4480, Cls=0.0000, Reg=0.2597, Con=3.9611
2025-09-14 10:33:10,189 - INFO - Batch 1830/2278: Loss=1.1883, Cls=0.0000, Reg=0.0000, Con=3.9609
2025-09-14 10:33:11,074 - INFO - Batch 1840/2278: Loss=0.1402, Cls=0.0000, Reg=0.1402, Con=0.0000
2025-09-14 10:33:12,055 - INFO - Batch 1850/2278: Loss=1.3027, Cls=0.0000, Reg=0.1144, Con=3.9608
2025-09-14 10:33:13,062 - INFO - Batch 1860/2278: Loss=1.8064, Cls=0.0000, Reg=0.6182, Con=3.9608
2025-09-14 10:33:13,926 - INFO - Batch 1870/2278: Loss=1.2750, Cls=0.0000, Reg=0.0867, Con=3.9610
2025-09-14 10:33:14,796 - INFO - Batch 1880/2278: Loss=1.1883, Cls=0.0000, Reg=0.0000, Con=3.9609
2025-09-14 10:33:15,694 - INFO - Batch 1890/2278: Loss=1.2295, Cls=0.0000, Reg=0.0412, Con=3.9609
2025-09-14 10:33:16,574 - INFO - Batch 1900/2278: Loss=1.3021, Cls=0.0000, Reg=0.1139, Con=3.9609
2025-09-14 10:33:17,458 - INFO - Batch 1910/2278: Loss=0.6600, Cls=0.0000, Reg=0.6600, Con=0.0000
2025-09-14 10:33:18,471 - INFO - Batch 1920/2278: Loss=1.5513, Cls=0.0000, Reg=0.3631, Con=3.9607
2025-09-14 10:33:19,398 - INFO - Batch 1930/2278: Loss=1.2469, Cls=0.0000, Reg=0.0587, Con=3.9608
2025-09-14 10:33:20,306 - INFO - Batch 1940/2278: Loss=1.3731, Cls=0.0000, Reg=0.1849, Con=3.9608
2025-09-14 10:33:21,176 - INFO - Batch 1950/2278: Loss=1.3242, Cls=0.0000, Reg=0.1359, Con=3.9608
2025-09-14 10:33:22,046 - INFO - Batch 1960/2278: Loss=1.5066, Cls=0.0000, Reg=0.3184, Con=3.9609
2025-09-14 10:33:22,908 - INFO - Batch 1970/2278: Loss=1.4246, Cls=0.0000, Reg=0.2364, Con=3.9610
2025-09-14 10:33:23,847 - INFO - Batch 1980/2278: Loss=1.2766, Cls=0.0000, Reg=0.0884, Con=3.9608
2025-09-14 10:33:24,891 - INFO - Batch 1990/2278: Loss=2.7501, Cls=0.0000, Reg=1.5617, Con=3.9613
2025-09-14 10:33:25,782 - INFO - Batch 2000/2278: Loss=0.2748, Cls=0.0000, Reg=0.2748, Con=0.0000
2025-09-14 10:33:26,664 - INFO - Batch 2010/2278: Loss=1.2931, Cls=0.0000, Reg=0.1049, Con=3.9609
2025-09-14 10:33:27,545 - INFO - Batch 2020/2278: Loss=1.3180, Cls=0.0000, Reg=0.1298, Con=3.9608
2025-09-14 10:33:28,435 - INFO - Batch 2030/2278: Loss=1.2620, Cls=0.0000, Reg=0.0738, Con=3.9609
2025-09-14 10:33:29,337 - INFO - Batch 2040/2278: Loss=1.3522, Cls=0.0000, Reg=0.1639, Con=3.9610
2025-09-14 10:33:30,248 - INFO - Batch 2050/2278: Loss=1.4163, Cls=0.0000, Reg=0.2280, Con=3.9609
2025-09-14 10:33:31,125 - INFO - Batch 2060/2278: Loss=2.0284, Cls=0.0000, Reg=0.8402, Con=3.9608
2025-09-14 10:33:32,002 - INFO - Batch 2070/2278: Loss=1.3755, Cls=0.0000, Reg=0.1872, Con=3.9609
2025-09-14 10:33:32,880 - INFO - Batch 2080/2278: Loss=1.2806, Cls=0.0000, Reg=0.0923, Con=3.9609
2025-09-14 10:33:33,771 - INFO - Batch 2090/2278: Loss=1.7843, Cls=0.0000, Reg=0.5959, Con=3.9612
2025-09-14 10:33:34,669 - INFO - Batch 2100/2278: Loss=1.4037, Cls=0.0000, Reg=0.2153, Con=3.9611
2025-09-14 10:33:35,551 - INFO - Batch 2110/2278: Loss=1.2494, Cls=0.0000, Reg=0.0612, Con=3.9609
2025-09-14 10:33:36,435 - INFO - Batch 2120/2278: Loss=1.1998, Cls=0.0000, Reg=0.0114, Con=3.9613
2025-09-14 10:33:37,342 - INFO - Batch 2130/2278: Loss=1.2425, Cls=0.0000, Reg=0.0543, Con=3.9605
2025-09-14 10:33:38,279 - INFO - Batch 2140/2278: Loss=1.1941, Cls=0.0000, Reg=0.0059, Con=3.9608
2025-09-14 10:33:39,324 - INFO - Batch 2150/2278: Loss=1.2082, Cls=0.0000, Reg=0.0200, Con=3.9608
2025-09-14 10:33:40,363 - INFO - Batch 2160/2278: Loss=1.2007, Cls=0.0000, Reg=0.0124, Con=3.9609
2025-09-14 10:33:41,420 - INFO - Batch 2170/2278: Loss=1.2029, Cls=0.0000, Reg=0.0146, Con=3.9609
2025-09-14 10:33:42,355 - INFO - Batch 2180/2278: Loss=1.1882, Cls=0.0000, Reg=0.0000, Con=3.9607
2025-09-14 10:33:43,260 - INFO - Batch 2190/2278: Loss=1.7758, Cls=0.0000, Reg=0.5875, Con=3.9608
2025-09-14 10:33:44,159 - INFO - Batch 2200/2278: Loss=1.1938, Cls=0.0000, Reg=0.0054, Con=3.9613
2025-09-14 10:33:45,096 - INFO - Batch 2210/2278: Loss=2.7249, Cls=0.0000, Reg=1.5367, Con=3.9609
2025-09-14 10:33:46,031 - INFO - Batch 2220/2278: Loss=1.3948, Cls=0.0000, Reg=0.2065, Con=3.9610
2025-09-14 10:33:46,907 - INFO - Batch 2230/2278: Loss=1.1883, Cls=0.0000, Reg=0.0000, Con=3.9609
2025-09-14 10:33:47,807 - INFO - Batch 2240/2278: Loss=1.2004, Cls=0.0000, Reg=0.0122, Con=3.9609
2025-09-14 10:33:48,672 - INFO - Batch 2250/2278: Loss=1.3364, Cls=0.0000, Reg=0.1481, Con=3.9609
2025-09-14 10:33:49,543 - INFO - Batch 2260/2278: Loss=1.4177, Cls=0.0000, Reg=0.2294, Con=3.9608
2025-09-14 10:33:50,424 - INFO - Batch 2270/2278: Loss=2.6983, Cls=0.0000, Reg=1.5101, Con=3.9608
2025-09-14 10:37:19,149 - INFO - === Epoch 1 Results ===
2025-09-14 10:37:19,150 - INFO - Training Loss: 1.2811 (Classification: 0.0000, Regression: 0.1904)
2025-09-14 10:37:19,150 - INFO - Validation Loss: 0.0759 (Classification: 0.0000, Regression: 0.0759)
2025-09-14 10:37:19,150 - INFO - Average R²: 0.4949 (on 1/5 tasks)
2025-09-14 10:37:19,150 - INFO - Average RMSE: 0.6352
2025-09-14 10:37:19,675 - INFO - Best model saved to: experiments/r1c3_headft_reg_0_seed_42_20250914_103022/checkpoints/r1c3_headft_reg_0_seed_42_best.pth
2025-09-14 10:37:19,675 - INFO - 
Epoch 2/3
2025-09-14 10:37:19,780 - INFO - Batch 0/2278: Loss=0.0000, Cls=0.0000, Reg=0.0000, Con=0.0000
2025-09-14 10:37:20,749 - INFO - Batch 10/2278: Loss=1.3843, Cls=0.0000, Reg=0.1962, Con=3.9604
2025-09-14 10:37:21,692 - INFO - Batch 20/2278: Loss=1.3307, Cls=0.0000, Reg=0.1424, Con=3.9610
2025-09-14 10:37:22,652 - INFO - Batch 30/2278: Loss=1.3148, Cls=0.0000, Reg=0.1265, Con=3.9608
2025-09-14 10:37:23,611 - INFO - Batch 40/2278: Loss=1.3200, Cls=0.0000, Reg=0.1317, Con=3.9609
2025-09-14 10:37:24,606 - INFO - Batch 50/2278: Loss=1.3766, Cls=0.0000, Reg=0.1883, Con=3.9608
2025-09-14 10:37:25,529 - INFO - Batch 60/2278: Loss=1.9092, Cls=0.0000, Reg=0.7210, Con=3.9609
2025-09-14 10:37:26,448 - INFO - Batch 70/2278: Loss=1.2022, Cls=0.0000, Reg=0.0140, Con=3.9608
2025-09-14 10:37:27,393 - INFO - Batch 80/2278: Loss=1.2313, Cls=0.0000, Reg=0.0430, Con=3.9609
2025-09-14 10:37:28,327 - INFO - Batch 90/2278: Loss=0.0151, Cls=0.0000, Reg=0.0151, Con=0.0000
2025-09-14 10:37:29,238 - INFO - Batch 100/2278: Loss=1.2575, Cls=0.0000, Reg=0.0692, Con=3.9609
2025-09-14 10:37:30,223 - INFO - Batch 110/2278: Loss=1.2376, Cls=0.0000, Reg=0.0493, Con=3.9609
2025-09-14 10:37:31,171 - INFO - Batch 120/2278: Loss=1.1882, Cls=0.0000, Reg=0.0000, Con=3.9607
2025-09-14 10:37:32,118 - INFO - Batch 130/2278: Loss=1.2802, Cls=0.0000, Reg=0.0920, Con=3.9608
2025-09-14 10:37:33,006 - INFO - Batch 140/2278: Loss=1.2843, Cls=0.0000, Reg=0.0961, Con=3.9609
2025-09-14 10:37:33,939 - INFO - Batch 150/2278: Loss=1.7756, Cls=0.0000, Reg=0.5873, Con=3.9609
2025-09-14 10:37:34,849 - INFO - Batch 160/2278: Loss=1.5418, Cls=0.0000, Reg=0.3536, Con=3.9607
2025-09-14 10:37:35,740 - INFO - Batch 170/2278: Loss=1.1932, Cls=0.0000, Reg=0.0050, Con=3.9609
2025-09-14 10:37:36,658 - INFO - Batch 180/2278: Loss=1.2392, Cls=0.0000, Reg=0.0509, Con=3.9609
2025-09-14 10:37:37,588 - INFO - Batch 190/2278: Loss=0.0000, Cls=0.0000, Reg=0.0000, Con=0.0000
2025-09-14 10:37:38,500 - INFO - Batch 200/2278: Loss=1.2924, Cls=0.0000, Reg=0.1041, Con=3.9608
2025-09-14 10:37:39,412 - INFO - Batch 210/2278: Loss=1.4703, Cls=0.0000, Reg=0.2820, Con=3.9609
2025-09-14 10:37:40,307 - INFO - Batch 220/2278: Loss=1.2030, Cls=0.0000, Reg=0.0148, Con=3.9608
2025-09-14 10:37:41,260 - INFO - Batch 230/2278: Loss=0.0000, Cls=0.0000, Reg=0.0000, Con=0.0000
2025-09-14 10:37:42,181 - INFO - Batch 240/2278: Loss=1.1882, Cls=0.0000, Reg=0.0000, Con=3.9608
2025-09-14 10:37:43,083 - INFO - Batch 250/2278: Loss=1.2265, Cls=0.0000, Reg=0.0383, Con=3.9608
2025-09-14 10:37:43,964 - INFO - Batch 260/2278: Loss=1.1886, Cls=0.0000, Reg=0.0004, Con=3.9608
2025-09-14 10:37:44,855 - INFO - Batch 270/2278: Loss=1.2295, Cls=0.0000, Reg=0.0412, Con=3.9608
2025-09-14 10:37:45,749 - INFO - Batch 280/2278: Loss=1.2414, Cls=0.0000, Reg=0.0531, Con=3.9609
2025-09-14 10:37:46,636 - INFO - Batch 290/2278: Loss=1.3109, Cls=0.0000, Reg=0.1227, Con=3.9609
2025-09-14 10:37:47,533 - INFO - Batch 300/2278: Loss=1.2386, Cls=0.0000, Reg=0.0503, Con=3.9609
2025-09-14 10:37:48,441 - INFO - Batch 310/2278: Loss=1.6528, Cls=0.0000, Reg=0.4645, Con=3.9608
2025-09-14 10:37:49,347 - INFO - Batch 320/2278: Loss=1.1883, Cls=0.0000, Reg=0.0000, Con=3.9609
2025-09-14 10:37:50,217 - INFO - Batch 330/2278: Loss=1.3180, Cls=0.0000, Reg=0.1298, Con=3.9609
2025-09-14 10:37:51,096 - INFO - Batch 340/2278: Loss=1.3250, Cls=0.0000, Reg=0.1367, Con=3.9609
2025-09-14 10:37:51,971 - INFO - Batch 350/2278: Loss=1.4483, Cls=0.0000, Reg=0.2601, Con=3.9609
2025-09-14 10:37:52,855 - INFO - Batch 360/2278: Loss=1.2675, Cls=0.0000, Reg=0.0792, Con=3.9609
2025-09-14 10:37:53,736 - INFO - Batch 370/2278: Loss=1.2748, Cls=0.0000, Reg=0.0865, Con=3.9610
2025-09-14 10:37:54,635 - INFO - Batch 380/2278: Loss=1.1965, Cls=0.0000, Reg=0.0082, Con=3.9609
2025-09-14 10:37:55,534 - INFO - Batch 390/2278: Loss=1.1999, Cls=0.0000, Reg=0.0116, Con=3.9608
2025-09-14 10:37:56,443 - INFO - Batch 400/2278: Loss=2.2079, Cls=0.0000, Reg=1.0196, Con=3.9611
2025-09-14 10:37:57,416 - INFO - Batch 410/2278: Loss=1.3257, Cls=0.0000, Reg=0.1375, Con=3.9608
2025-09-14 10:37:58,412 - INFO - Batch 420/2278: Loss=1.3752, Cls=0.0000, Reg=0.1870, Con=3.9609
2025-09-14 10:37:59,409 - INFO - Batch 430/2278: Loss=1.2603, Cls=0.0000, Reg=0.0720, Con=3.9608
2025-09-14 10:38:00,422 - INFO - Batch 440/2278: Loss=1.2780, Cls=0.0000, Reg=0.0897, Con=3.9609
2025-09-14 10:38:01,309 - INFO - Batch 450/2278: Loss=1.2283, Cls=0.0000, Reg=0.0400, Con=3.9608
2025-09-14 10:38:02,208 - INFO - Batch 460/2278: Loss=1.1883, Cls=0.0000, Reg=0.0000, Con=3.9609
2025-09-14 10:38:03,110 - INFO - Batch 470/2278: Loss=1.4925, Cls=0.0000, Reg=0.3041, Con=3.9612
2025-09-14 10:38:04,017 - INFO - Batch 480/2278: Loss=0.0443, Cls=0.0000, Reg=0.0443, Con=0.0000
2025-09-14 10:38:05,059 - INFO - Batch 490/2278: Loss=1.2704, Cls=0.0000, Reg=0.0821, Con=3.9610
2025-09-14 10:38:06,019 - INFO - Batch 500/2278: Loss=1.3493, Cls=0.0000, Reg=0.1610, Con=3.9609
2025-09-14 10:38:06,992 - INFO - Batch 510/2278: Loss=1.2898, Cls=0.0000, Reg=0.1015, Con=3.9609
2025-09-14 10:38:08,011 - INFO - Batch 520/2278: Loss=1.1889, Cls=0.0000, Reg=0.0007, Con=3.9610
2025-09-14 10:38:08,913 - INFO - Batch 530/2278: Loss=1.3640, Cls=0.0000, Reg=0.1757, Con=3.9610
2025-09-14 10:38:09,809 - INFO - Batch 540/2278: Loss=1.1883, Cls=0.0000, Reg=0.0000, Con=3.9609
2025-09-14 10:38:10,728 - INFO - Batch 550/2278: Loss=1.3896, Cls=0.0000, Reg=0.2013, Con=3.9610
2025-09-14 10:38:11,650 - INFO - Batch 560/2278: Loss=1.4393, Cls=0.0000, Reg=0.2510, Con=3.9610
2025-09-14 10:38:12,558 - INFO - Batch 570/2278: Loss=1.3448, Cls=0.0000, Reg=0.1566, Con=3.9608
2025-09-14 10:38:13,475 - INFO - Batch 580/2278: Loss=1.1883, Cls=0.0000, Reg=0.0000, Con=3.9609
2025-09-14 10:38:14,375 - INFO - Batch 590/2278: Loss=1.4442, Cls=0.0000, Reg=0.2559, Con=3.9610
2025-09-14 10:38:15,261 - INFO - Batch 600/2278: Loss=1.4385, Cls=0.0000, Reg=0.2502, Con=3.9609
2025-09-14 10:38:16,151 - INFO - Batch 610/2278: Loss=1.1911, Cls=0.0000, Reg=0.0028, Con=3.9609
2025-09-14 10:38:17,044 - INFO - Batch 620/2278: Loss=1.1961, Cls=0.0000, Reg=0.0078, Con=3.9609
2025-09-14 10:38:17,944 - INFO - Batch 630/2278: Loss=0.1352, Cls=0.0000, Reg=0.1352, Con=0.0000
2025-09-14 10:38:18,856 - INFO - Batch 640/2278: Loss=0.2416, Cls=0.0000, Reg=0.2416, Con=0.0000
2025-09-14 10:38:19,736 - INFO - Batch 650/2278: Loss=1.1883, Cls=0.0000, Reg=0.0000, Con=3.9609
2025-09-14 10:38:20,619 - INFO - Batch 660/2278: Loss=1.2807, Cls=0.0000, Reg=0.0925, Con=3.9607
2025-09-14 10:38:21,521 - INFO - Batch 670/2278: Loss=1.4222, Cls=0.0000, Reg=0.2339, Con=3.9609
2025-09-14 10:38:22,419 - INFO - Batch 680/2278: Loss=1.2529, Cls=0.0000, Reg=0.0647, Con=3.9608
2025-09-14 10:38:23,305 - INFO - Batch 690/2278: Loss=1.2867, Cls=0.0000, Reg=0.0983, Con=3.9613
2025-09-14 10:38:24,216 - INFO - Batch 700/2278: Loss=1.2131, Cls=0.0000, Reg=0.0249, Con=3.9610
2025-09-14 10:38:25,103 - INFO - Batch 710/2278: Loss=1.4380, Cls=0.0000, Reg=0.2497, Con=3.9609
2025-09-14 10:38:25,987 - INFO - Batch 720/2278: Loss=1.1882, Cls=0.0000, Reg=0.0000, Con=3.9607
2025-09-14 10:38:26,896 - INFO - Batch 730/2278: Loss=1.6953, Cls=0.0000, Reg=0.5070, Con=3.9611
2025-09-14 10:38:27,769 - INFO - Batch 740/2278: Loss=1.4715, Cls=0.0000, Reg=0.2832, Con=3.9610
2025-09-14 10:38:28,650 - INFO - Batch 750/2278: Loss=1.1883, Cls=0.0000, Reg=0.0000, Con=3.9609
2025-09-14 10:38:29,531 - INFO - Batch 760/2278: Loss=1.2931, Cls=0.0000, Reg=0.1048, Con=3.9612
2025-09-14 10:38:30,410 - INFO - Batch 770/2278: Loss=1.3496, Cls=0.0000, Reg=0.1614, Con=3.9608
2025-09-14 10:38:31,292 - INFO - Batch 780/2278: Loss=1.2372, Cls=0.0000, Reg=0.0490, Con=3.9607
2025-09-14 10:38:32,190 - INFO - Batch 790/2278: Loss=1.2620, Cls=0.0000, Reg=0.0737, Con=3.9609
2025-09-14 10:38:33,082 - INFO - Batch 800/2278: Loss=1.1882, Cls=0.0000, Reg=0.0000, Con=3.9608
2025-09-14 10:38:33,959 - INFO - Batch 810/2278: Loss=2.2615, Cls=0.0000, Reg=1.0732, Con=3.9608
2025-09-14 10:38:34,841 - INFO - Batch 820/2278: Loss=1.3242, Cls=0.0000, Reg=0.1360, Con=3.9608
2025-09-14 10:38:35,744 - INFO - Batch 830/2278: Loss=1.2821, Cls=0.0000, Reg=0.0938, Con=3.9609
2025-09-14 10:38:36,644 - INFO - Batch 840/2278: Loss=1.4026, Cls=0.0000, Reg=0.2144, Con=3.9608
2025-09-14 10:38:37,528 - INFO - Batch 850/2278: Loss=1.2368, Cls=0.0000, Reg=0.0485, Con=3.9608
2025-09-14 10:38:38,514 - INFO - Batch 860/2278: Loss=0.0000, Cls=0.0000, Reg=0.0000, Con=0.0000
2025-09-14 10:38:39,477 - INFO - Batch 870/2278: Loss=1.4919, Cls=0.0000, Reg=0.3037, Con=3.9609
2025-09-14 10:38:40,368 - INFO - Batch 880/2278: Loss=1.3135, Cls=0.0000, Reg=0.1253, Con=3.9609
2025-09-14 10:38:41,251 - INFO - Batch 890/2278: Loss=1.3119, Cls=0.0000, Reg=0.1236, Con=3.9609
2025-09-14 10:38:42,164 - INFO - Batch 900/2278: Loss=1.2494, Cls=0.0000, Reg=0.0612, Con=3.9609
2025-09-14 10:38:43,044 - INFO - Batch 910/2278: Loss=1.1947, Cls=0.0000, Reg=0.0064, Con=3.9611
2025-09-14 10:38:43,930 - INFO - Batch 920/2278: Loss=1.2811, Cls=0.0000, Reg=0.0929, Con=3.9609
2025-09-14 10:38:44,808 - INFO - Batch 930/2278: Loss=1.3247, Cls=0.0000, Reg=0.1364, Con=3.9609
2025-09-14 10:38:45,707 - INFO - Batch 940/2278: Loss=1.3811, Cls=0.0000, Reg=0.1929, Con=3.9608
2025-09-14 10:38:46,595 - INFO - Batch 950/2278: Loss=1.2972, Cls=0.0000, Reg=0.1090, Con=3.9608
2025-09-14 10:38:47,568 - INFO - Batch 960/2278: Loss=1.1882, Cls=0.0000, Reg=0.0000, Con=3.9607
2025-09-14 10:38:48,617 - INFO - Batch 970/2278: Loss=1.2870, Cls=0.0000, Reg=0.0988, Con=3.9609
2025-09-14 10:38:49,532 - INFO - Batch 980/2278: Loss=1.2253, Cls=0.0000, Reg=0.0370, Con=3.9609
2025-09-14 10:38:50,432 - INFO - Batch 990/2278: Loss=1.4112, Cls=0.0000, Reg=0.2229, Con=3.9609
2025-09-14 10:38:51,328 - INFO - Batch 1000/2278: Loss=1.9530, Cls=0.0000, Reg=0.7648, Con=3.9609
2025-09-14 10:38:52,215 - INFO - Batch 1010/2278: Loss=1.3265, Cls=0.0000, Reg=0.1382, Con=3.9609
2025-09-14 10:38:53,100 - INFO - Batch 1020/2278: Loss=1.2220, Cls=0.0000, Reg=0.0336, Con=3.9615
2025-09-14 10:38:53,985 - INFO - Batch 1030/2278: Loss=1.3502, Cls=0.0000, Reg=0.1619, Con=3.9608
2025-09-14 10:38:54,885 - INFO - Batch 1040/2278: Loss=1.6609, Cls=0.0000, Reg=0.4727, Con=3.9608
2025-09-14 10:38:55,798 - INFO - Batch 1050/2278: Loss=1.2743, Cls=0.0000, Reg=0.0859, Con=3.9611
2025-09-14 10:38:56,657 - INFO - Batch 1060/2278: Loss=1.4828, Cls=0.0000, Reg=0.2945, Con=3.9609
2025-09-14 10:38:57,526 - INFO - Batch 1070/2278: Loss=3.1083, Cls=0.0000, Reg=1.9199, Con=3.9613
2025-09-14 10:38:58,401 - INFO - Batch 1080/2278: Loss=1.6264, Cls=0.0000, Reg=0.4382, Con=3.9609
2025-09-14 10:38:59,412 - INFO - Batch 1090/2278: Loss=1.3188, Cls=0.0000, Reg=0.1305, Con=3.9608
2025-09-14 10:39:00,327 - INFO - Batch 1100/2278: Loss=1.2472, Cls=0.0000, Reg=0.0590, Con=3.9608
2025-09-14 10:39:01,217 - INFO - Batch 1110/2278: Loss=1.3757, Cls=0.0000, Reg=0.1874, Con=3.9609
2025-09-14 10:39:02,133 - INFO - Batch 1120/2278: Loss=1.9594, Cls=0.0000, Reg=0.7712, Con=3.9608
2025-09-14 10:39:03,030 - INFO - Batch 1130/2278: Loss=1.4119, Cls=0.0000, Reg=0.2236, Con=3.9608
2025-09-14 10:39:03,934 - INFO - Batch 1140/2278: Loss=1.1882, Cls=0.0000, Reg=0.0000, Con=3.9608
2025-09-14 10:39:04,906 - INFO - Batch 1150/2278: Loss=1.2837, Cls=0.0000, Reg=0.0954, Con=3.9608
2025-09-14 10:39:05,788 - INFO - Batch 1160/2278: Loss=1.2298, Cls=0.0000, Reg=0.0416, Con=3.9608
2025-09-14 10:39:06,692 - INFO - Batch 1170/2278: Loss=0.0008, Cls=0.0000, Reg=0.0008, Con=0.0000
2025-09-14 10:39:07,603 - INFO - Batch 1180/2278: Loss=1.2435, Cls=0.0000, Reg=0.0552, Con=3.9609
2025-09-14 10:39:08,553 - INFO - Batch 1190/2278: Loss=1.2943, Cls=0.0000, Reg=0.1060, Con=3.9609
2025-09-14 10:39:09,475 - INFO - Batch 1200/2278: Loss=1.2399, Cls=0.0000, Reg=0.0517, Con=3.9609
2025-09-14 10:39:10,493 - INFO - Batch 1210/2278: Loss=1.4476, Cls=0.0000, Reg=0.2593, Con=3.9607
2025-09-14 10:39:11,530 - INFO - Batch 1220/2278: Loss=1.1899, Cls=0.0000, Reg=0.0017, Con=3.9608
2025-09-14 10:39:12,443 - INFO - Batch 1230/2278: Loss=1.2455, Cls=0.0000, Reg=0.0573, Con=3.9609
2025-09-14 10:39:13,378 - INFO - Batch 1240/2278: Loss=1.3583, Cls=0.0000, Reg=0.1701, Con=3.9608
2025-09-14 10:39:14,274 - INFO - Batch 1250/2278: Loss=1.3029, Cls=0.0000, Reg=0.1147, Con=3.9608
2025-09-14 10:39:15,182 - INFO - Batch 1260/2278: Loss=1.2932, Cls=0.0000, Reg=0.1049, Con=3.9608
2025-09-14 10:39:16,099 - INFO - Batch 1270/2278: Loss=1.2491, Cls=0.0000, Reg=0.0608, Con=3.9609
2025-09-14 10:39:16,980 - INFO - Batch 1280/2278: Loss=1.2013, Cls=0.0000, Reg=0.0131, Con=3.9608
2025-09-14 10:39:17,933 - INFO - Batch 1290/2278: Loss=1.2078, Cls=0.0000, Reg=0.0196, Con=3.9609
2025-09-14 10:39:18,898 - INFO - Batch 1300/2278: Loss=1.3861, Cls=0.0000, Reg=0.1978, Con=3.9610
2025-09-14 10:39:19,794 - INFO - Batch 1310/2278: Loss=1.8089, Cls=0.0000, Reg=0.6206, Con=3.9609
2025-09-14 10:39:20,695 - INFO - Batch 1320/2278: Loss=1.3345, Cls=0.0000, Reg=0.1462, Con=3.9609
2025-09-14 10:39:21,648 - INFO - Batch 1330/2278: Loss=1.3428, Cls=0.0000, Reg=0.1545, Con=3.9608
2025-09-14 10:39:22,573 - INFO - Batch 1340/2278: Loss=1.2683, Cls=0.0000, Reg=0.0799, Con=3.9612
2025-09-14 10:39:23,457 - INFO - Batch 1350/2278: Loss=1.1882, Cls=0.0000, Reg=0.0000, Con=3.9607
2025-09-14 10:39:24,356 - INFO - Batch 1360/2278: Loss=1.6510, Cls=0.0000, Reg=0.4628, Con=3.9608
2025-09-14 10:39:25,240 - INFO - Batch 1370/2278: Loss=1.5686, Cls=0.0000, Reg=0.3804, Con=3.9608
2025-09-14 10:39:26,121 - INFO - Batch 1380/2278: Loss=1.2800, Cls=0.0000, Reg=0.0917, Con=3.9610
2025-09-14 10:39:27,013 - INFO - Batch 1390/2278: Loss=1.2869, Cls=0.0000, Reg=0.0987, Con=3.9608
2025-09-14 10:39:27,927 - INFO - Batch 1400/2278: Loss=1.9338, Cls=0.0000, Reg=0.7456, Con=3.9608
2025-09-14 10:39:28,881 - INFO - Batch 1410/2278: Loss=1.3904, Cls=0.0000, Reg=0.2021, Con=3.9611
2025-09-14 10:39:29,788 - INFO - Batch 1420/2278: Loss=1.1966, Cls=0.0000, Reg=0.0083, Con=3.9610
2025-09-14 10:39:30,693 - INFO - Batch 1430/2278: Loss=1.2284, Cls=0.0000, Reg=0.0402, Con=3.9607
2025-09-14 10:39:31,574 - INFO - Batch 1440/2278: Loss=1.2892, Cls=0.0000, Reg=0.1008, Con=3.9613
2025-09-14 10:39:32,454 - INFO - Batch 1450/2278: Loss=1.1882, Cls=0.0000, Reg=0.0000, Con=3.9608
2025-09-14 10:39:33,346 - INFO - Batch 1460/2278: Loss=1.3756, Cls=0.0000, Reg=0.1874, Con=3.9609
2025-09-14 10:39:34,239 - INFO - Batch 1470/2278: Loss=1.3022, Cls=0.0000, Reg=0.1140, Con=3.9608
2025-09-14 10:39:35,142 - INFO - Batch 1480/2278: Loss=1.1882, Cls=0.0000, Reg=0.0000, Con=3.9608
2025-09-14 10:39:36,162 - INFO - Batch 1490/2278: Loss=1.2189, Cls=0.0000, Reg=0.0307, Con=3.9608
2025-09-14 10:39:37,067 - INFO - Batch 1500/2278: Loss=1.3991, Cls=0.0000, Reg=0.2108, Con=3.9610
2025-09-14 10:39:37,938 - INFO - Batch 1510/2278: Loss=1.2144, Cls=0.0000, Reg=0.0262, Con=3.9608
2025-09-14 10:39:38,804 - INFO - Batch 1520/2278: Loss=1.2000, Cls=0.0000, Reg=0.0118, Con=3.9609
2025-09-14 10:39:39,714 - INFO - Batch 1530/2278: Loss=1.3125, Cls=0.0000, Reg=0.1242, Con=3.9610
2025-09-14 10:39:40,635 - INFO - Batch 1540/2278: Loss=1.2732, Cls=0.0000, Reg=0.0849, Con=3.9609
2025-09-14 10:39:41,526 - INFO - Batch 1550/2278: Loss=1.1883, Cls=0.0000, Reg=0.0000, Con=3.9608
2025-09-14 10:39:42,435 - INFO - Batch 1560/2278: Loss=1.9329, Cls=0.0000, Reg=0.7447, Con=3.9609
2025-09-14 10:39:43,310 - INFO - Batch 1570/2278: Loss=1.9423, Cls=0.0000, Reg=0.7540, Con=3.9609
2025-09-14 10:39:44,187 - INFO - Batch 1580/2278: Loss=1.2050, Cls=0.0000, Reg=0.0168, Con=3.9609
2025-09-14 10:39:45,097 - INFO - Batch 1590/2278: Loss=1.1883, Cls=0.0000, Reg=0.0000, Con=3.9609
2025-09-14 10:39:46,035 - INFO - Batch 1600/2278: Loss=1.2203, Cls=0.0000, Reg=0.0320, Con=3.9610
2025-09-14 10:39:47,001 - INFO - Batch 1610/2278: Loss=1.2194, Cls=0.0000, Reg=0.0311, Con=3.9608
2025-09-14 10:39:47,954 - INFO - Batch 1620/2278: Loss=1.2905, Cls=0.0000, Reg=0.1023, Con=3.9609
2025-09-14 10:39:48,864 - INFO - Batch 1630/2278: Loss=1.1882, Cls=0.0000, Reg=0.0000, Con=3.9606
2025-09-14 10:39:49,774 - INFO - Batch 1640/2278: Loss=1.3032, Cls=0.0000, Reg=0.1149, Con=3.9609
2025-09-14 10:39:50,725 - INFO - Batch 1650/2278: Loss=1.2310, Cls=0.0000, Reg=0.0428, Con=3.9608
2025-09-14 10:39:51,606 - INFO - Batch 1660/2278: Loss=1.4840, Cls=0.0000, Reg=0.2958, Con=3.9607
2025-09-14 10:39:52,599 - INFO - Batch 1670/2278: Loss=1.2213, Cls=0.0000, Reg=0.0330, Con=3.9608
2025-09-14 10:39:53,528 - INFO - Batch 1680/2278: Loss=1.3142, Cls=0.0000, Reg=0.1258, Con=3.9614
2025-09-14 10:39:54,477 - INFO - Batch 1690/2278: Loss=0.0000, Cls=0.0000, Reg=0.0000, Con=0.0000
2025-09-14 10:39:55,436 - INFO - Batch 1700/2278: Loss=1.2582, Cls=0.0000, Reg=0.0699, Con=3.9608
2025-09-14 10:39:56,314 - INFO - Batch 1710/2278: Loss=1.2490, Cls=0.0000, Reg=0.0608, Con=3.9608
2025-09-14 10:39:57,213 - INFO - Batch 1720/2278: Loss=1.2482, Cls=0.0000, Reg=0.0599, Con=3.9610
2025-09-14 10:39:58,117 - INFO - Batch 1730/2278: Loss=1.3753, Cls=0.0000, Reg=0.1871, Con=3.9609
2025-09-14 10:39:59,014 - INFO - Batch 1740/2278: Loss=1.2723, Cls=0.0000, Reg=0.0840, Con=3.9609
2025-09-14 10:39:59,973 - INFO - Batch 1750/2278: Loss=1.2091, Cls=0.0000, Reg=0.0208, Con=3.9610
2025-09-14 10:40:00,978 - INFO - Batch 1760/2278: Loss=1.3574, Cls=0.0000, Reg=0.1691, Con=3.9609
2025-09-14 10:40:01,878 - INFO - Batch 1770/2278: Loss=1.4030, Cls=0.0000, Reg=0.2148, Con=3.9609
2025-09-14 10:40:02,766 - INFO - Batch 1780/2278: Loss=1.2295, Cls=0.0000, Reg=0.0412, Con=3.9610
2025-09-14 10:40:03,657 - INFO - Batch 1790/2278: Loss=1.4545, Cls=0.0000, Reg=0.2662, Con=3.9608
2025-09-14 10:40:04,559 - INFO - Batch 1800/2278: Loss=1.2625, Cls=0.0000, Reg=0.0743, Con=3.9608
2025-09-14 10:40:05,461 - INFO - Batch 1810/2278: Loss=1.1997, Cls=0.0000, Reg=0.0114, Con=3.9609
2025-09-14 10:40:06,377 - INFO - Batch 1820/2278: Loss=1.2944, Cls=0.0000, Reg=0.1061, Con=3.9608
2025-09-14 10:40:07,270 - INFO - Batch 1830/2278: Loss=1.2982, Cls=0.0000, Reg=0.1099, Con=3.9611
2025-09-14 10:40:08,171 - INFO - Batch 1840/2278: Loss=1.2381, Cls=0.0000, Reg=0.0498, Con=3.9608
2025-09-14 10:40:09,078 - INFO - Batch 1850/2278: Loss=1.2100, Cls=0.0000, Reg=0.0217, Con=3.9608
2025-09-14 10:40:09,976 - INFO - Batch 1860/2278: Loss=1.3173, Cls=0.0000, Reg=0.1290, Con=3.9609
2025-09-14 10:40:10,875 - INFO - Batch 1870/2278: Loss=1.1883, Cls=0.0000, Reg=0.0000, Con=3.9608
2025-09-14 10:40:11,789 - INFO - Batch 1880/2278: Loss=1.4481, Cls=0.0000, Reg=0.2598, Con=3.9610
2025-09-14 10:40:12,718 - INFO - Batch 1890/2278: Loss=0.0036, Cls=0.0000, Reg=0.0036, Con=0.0000
2025-09-14 10:40:13,618 - INFO - Batch 1900/2278: Loss=1.5331, Cls=0.0000, Reg=0.3449, Con=3.9607
2025-09-14 10:40:14,509 - INFO - Batch 1910/2278: Loss=1.4098, Cls=0.0000, Reg=0.2216, Con=3.9609
2025-09-14 10:40:15,467 - INFO - Batch 1920/2278: Loss=2.1929, Cls=0.0000, Reg=1.0047, Con=3.9609
2025-09-14 10:40:16,390 - INFO - Batch 1930/2278: Loss=1.1883, Cls=0.0000, Reg=0.0000, Con=3.9609
2025-09-14 10:40:17,371 - INFO - Batch 1940/2278: Loss=1.3215, Cls=0.0000, Reg=0.1333, Con=3.9608
2025-09-14 10:40:18,270 - INFO - Batch 1950/2278: Loss=1.2137, Cls=0.0000, Reg=0.0254, Con=3.9609
2025-09-14 10:40:19,215 - INFO - Batch 1960/2278: Loss=1.2455, Cls=0.0000, Reg=0.0573, Con=3.9609
2025-09-14 10:40:20,137 - INFO - Batch 1970/2278: Loss=1.3653, Cls=0.0000, Reg=0.1771, Con=3.9606
2025-09-14 10:40:21,029 - INFO - Batch 1980/2278: Loss=1.3385, Cls=0.0000, Reg=0.1502, Con=3.9608
2025-09-14 10:40:21,937 - INFO - Batch 1990/2278: Loss=0.0000, Cls=0.0000, Reg=0.0000, Con=0.0000
2025-09-14 10:40:22,812 - INFO - Batch 2000/2278: Loss=1.4491, Cls=0.0000, Reg=0.2608, Con=3.9609
2025-09-14 10:40:23,708 - INFO - Batch 2010/2278: Loss=1.3531, Cls=0.0000, Reg=0.1649, Con=3.9608
2025-09-14 10:40:24,589 - INFO - Batch 2020/2278: Loss=1.2034, Cls=0.0000, Reg=0.0151, Con=3.9611
2025-09-14 10:40:25,469 - INFO - Batch 2030/2278: Loss=1.3748, Cls=0.0000, Reg=0.1865, Con=3.9609
2025-09-14 10:40:26,384 - INFO - Batch 2040/2278: Loss=1.2111, Cls=0.0000, Reg=0.0228, Con=3.9608
2025-09-14 10:40:27,269 - INFO - Batch 2050/2278: Loss=1.1883, Cls=0.0000, Reg=0.0000, Con=3.9609
2025-09-14 10:40:28,173 - INFO - Batch 2060/2278: Loss=1.3482, Cls=0.0000, Reg=0.1599, Con=3.9610
2025-09-14 10:40:29,068 - INFO - Batch 2070/2278: Loss=1.2172, Cls=0.0000, Reg=0.0290, Con=3.9608
2025-09-14 10:40:30,006 - INFO - Batch 2080/2278: Loss=0.0634, Cls=0.0000, Reg=0.0634, Con=0.0000
2025-09-14 10:40:30,912 - INFO - Batch 2090/2278: Loss=2.0110, Cls=0.0000, Reg=0.8228, Con=3.9608
2025-09-14 10:40:31,796 - INFO - Batch 2100/2278: Loss=0.0785, Cls=0.0000, Reg=0.0785, Con=0.0000
2025-09-14 10:40:32,709 - INFO - Batch 2110/2278: Loss=1.3162, Cls=0.0000, Reg=0.1279, Con=3.9610
2025-09-14 10:40:33,637 - INFO - Batch 2120/2278: Loss=1.5215, Cls=0.0000, Reg=0.3332, Con=3.9607
2025-09-14 10:40:34,634 - INFO - Batch 2130/2278: Loss=1.2031, Cls=0.0000, Reg=0.0148, Con=3.9609
2025-09-14 10:40:35,521 - INFO - Batch 2140/2278: Loss=1.1984, Cls=0.0000, Reg=0.0102, Con=3.9607
2025-09-14 10:40:36,402 - INFO - Batch 2150/2278: Loss=1.2583, Cls=0.0000, Reg=0.0700, Con=3.9610
2025-09-14 10:40:37,283 - INFO - Batch 2160/2278: Loss=1.3129, Cls=0.0000, Reg=0.1245, Con=3.9611
2025-09-14 10:40:38,164 - INFO - Batch 2170/2278: Loss=1.2679, Cls=0.0000, Reg=0.0796, Con=3.9608
2025-09-14 10:40:39,053 - INFO - Batch 2180/2278: Loss=1.3927, Cls=0.0000, Reg=0.2045, Con=3.9608
2025-09-14 10:40:39,918 - INFO - Batch 2190/2278: Loss=1.5521, Cls=0.0000, Reg=0.3639, Con=3.9609
2025-09-14 10:40:40,795 - INFO - Batch 2200/2278: Loss=1.2077, Cls=0.0000, Reg=0.0194, Con=3.9608
2025-09-14 10:40:41,696 - INFO - Batch 2210/2278: Loss=1.6583, Cls=0.0000, Reg=0.4699, Con=3.9613
2025-09-14 10:40:42,591 - INFO - Batch 2220/2278: Loss=1.1939, Cls=0.0000, Reg=0.0057, Con=3.9606
2025-09-14 10:40:43,589 - INFO - Batch 2230/2278: Loss=1.3224, Cls=0.0000, Reg=0.1342, Con=3.9609
2025-09-14 10:40:44,628 - INFO - Batch 2240/2278: Loss=1.1913, Cls=0.0000, Reg=0.0031, Con=3.9609
2025-09-14 10:40:45,541 - INFO - Batch 2250/2278: Loss=1.1919, Cls=0.0000, Reg=0.0036, Con=3.9608
2025-09-14 10:40:46,449 - INFO - Batch 2260/2278: Loss=1.2105, Cls=0.0000, Reg=0.0223, Con=3.9609
2025-09-14 10:40:47,364 - INFO - Batch 2270/2278: Loss=1.2080, Cls=0.0000, Reg=0.0198, Con=3.9607
2025-09-14 10:44:16,429 - INFO - === Epoch 2 Results ===
2025-09-14 10:44:16,430 - INFO - Training Loss: 1.2853 (Classification: 0.0000, Regression: 0.1743)
2025-09-14 10:44:16,430 - INFO - Validation Loss: 0.0774 (Classification: 0.0000, Regression: 0.0774)
2025-09-14 10:44:16,430 - INFO - Average R²: 0.4931 (on 1/5 tasks)
2025-09-14 10:44:16,430 - INFO - Average RMSE: 0.6364
2025-09-14 10:44:16,430 - INFO - 
Epoch 3/3
2025-09-14 10:44:16,536 - INFO - Batch 0/2278: Loss=1.2623, Cls=0.0000, Reg=0.0741, Con=3.9608
2025-09-14 10:44:17,455 - INFO - Batch 10/2278: Loss=1.6878, Cls=0.0000, Reg=0.4994, Con=3.9611
2025-09-14 10:44:18,446 - INFO - Batch 20/2278: Loss=1.3086, Cls=0.0000, Reg=0.1204, Con=3.9607
2025-09-14 10:44:19,435 - INFO - Batch 30/2278: Loss=1.2835, Cls=0.0000, Reg=0.0952, Con=3.9611
2025-09-14 10:44:20,371 - INFO - Batch 40/2278: Loss=1.2401, Cls=0.0000, Reg=0.0519, Con=3.9608
2025-09-14 10:44:21,287 - INFO - Batch 50/2278: Loss=1.1925, Cls=0.0000, Reg=0.0043, Con=3.9609
2025-09-14 10:44:22,236 - INFO - Batch 60/2278: Loss=1.2101, Cls=0.0000, Reg=0.0219, Con=3.9607
2025-09-14 10:44:23,177 - INFO - Batch 70/2278: Loss=1.2312, Cls=0.0000, Reg=0.0429, Con=3.9609
2025-09-14 10:44:24,109 - INFO - Batch 80/2278: Loss=0.0981, Cls=0.0000, Reg=0.0981, Con=0.0000
2025-09-14 10:44:25,049 - INFO - Batch 90/2278: Loss=1.3115, Cls=0.0000, Reg=0.1232, Con=3.9612
2025-09-14 10:44:26,040 - INFO - Batch 100/2278: Loss=1.4032, Cls=0.0000, Reg=0.2150, Con=3.9607
2025-09-14 10:44:27,047 - INFO - Batch 110/2278: Loss=1.2220, Cls=0.0000, Reg=0.0336, Con=3.9613
2025-09-14 10:44:27,964 - INFO - Batch 120/2278: Loss=1.4309, Cls=0.0000, Reg=0.2426, Con=3.9609
2025-09-14 10:44:28,941 - INFO - Batch 130/2278: Loss=1.3701, Cls=0.0000, Reg=0.1818, Con=3.9609
2025-09-14 10:44:29,969 - INFO - Batch 140/2278: Loss=1.1883, Cls=0.0000, Reg=0.0000, Con=3.9609
2025-09-14 10:44:31,028 - INFO - Batch 150/2278: Loss=1.1965, Cls=0.0000, Reg=0.0083, Con=3.9607
2025-09-14 10:44:31,998 - INFO - Batch 160/2278: Loss=1.5983, Cls=0.0000, Reg=0.4100, Con=3.9608
2025-09-14 10:44:32,899 - INFO - Batch 170/2278: Loss=1.4382, Cls=0.0000, Reg=0.2500, Con=3.9609
2025-09-14 10:44:33,782 - INFO - Batch 180/2278: Loss=1.2835, Cls=0.0000, Reg=0.0952, Con=3.9610
2025-09-14 10:44:34,669 - INFO - Batch 190/2278: Loss=1.2323, Cls=0.0000, Reg=0.0440, Con=3.9608
2025-09-14 10:44:35,568 - INFO - Batch 200/2278: Loss=1.3659, Cls=0.0000, Reg=0.1776, Con=3.9608
2025-09-14 10:44:36,468 - INFO - Batch 210/2278: Loss=1.4093, Cls=0.0000, Reg=0.2210, Con=3.9610
2025-09-14 10:44:37,363 - INFO - Batch 220/2278: Loss=1.2538, Cls=0.0000, Reg=0.0656, Con=3.9608
2025-09-14 10:44:38,305 - INFO - Batch 230/2278: Loss=1.4199, Cls=0.0000, Reg=0.2316, Con=3.9610
2025-09-14 10:44:39,227 - INFO - Batch 240/2278: Loss=1.3652, Cls=0.0000, Reg=0.1770, Con=3.9607
2025-09-14 10:44:40,109 - INFO - Batch 250/2278: Loss=1.2317, Cls=0.0000, Reg=0.0434, Con=3.9609
2025-09-14 10:44:40,985 - INFO - Batch 260/2278: Loss=1.2484, Cls=0.0000, Reg=0.0602, Con=3.9608
2025-09-14 10:44:41,904 - INFO - Batch 270/2278: Loss=1.2280, Cls=0.0000, Reg=0.0398, Con=3.9607
2025-09-14 10:44:42,792 - INFO - Batch 280/2278: Loss=1.2017, Cls=0.0000, Reg=0.0135, Con=3.9608
2025-09-14 10:44:43,686 - INFO - Batch 290/2278: Loss=1.2659, Cls=0.0000, Reg=0.0776, Con=3.9608
2025-09-14 10:44:44,559 - INFO - Batch 300/2278: Loss=1.2117, Cls=0.0000, Reg=0.0234, Con=3.9608
2025-09-14 10:44:45,465 - INFO - Batch 310/2278: Loss=0.1018, Cls=0.0000, Reg=0.1018, Con=0.0000
2025-09-14 10:44:46,367 - INFO - Batch 320/2278: Loss=1.2339, Cls=0.0000, Reg=0.0456, Con=3.9610
2025-09-14 10:44:47,225 - INFO - Batch 330/2278: Loss=1.8796, Cls=0.0000, Reg=0.6914, Con=3.9608
2025-09-14 10:44:48,118 - INFO - Batch 340/2278: Loss=0.0576, Cls=0.0000, Reg=0.0576, Con=0.0000
2025-09-14 10:44:49,015 - INFO - Batch 350/2278: Loss=1.9228, Cls=0.0000, Reg=0.7345, Con=3.9610
2025-09-14 10:44:49,918 - INFO - Batch 360/2278: Loss=1.5482, Cls=0.0000, Reg=0.3599, Con=3.9610
2025-09-14 10:44:50,810 - INFO - Batch 370/2278: Loss=1.4290, Cls=0.0000, Reg=0.2407, Con=3.9611
2025-09-14 10:44:51,738 - INFO - Batch 380/2278: Loss=1.3241, Cls=0.0000, Reg=0.1359, Con=3.9608
2025-09-14 10:44:52,756 - INFO - Batch 390/2278: Loss=1.2933, Cls=0.0000, Reg=0.1050, Con=3.9608
2025-09-14 10:44:53,661 - INFO - Batch 400/2278: Loss=1.1884, Cls=0.0000, Reg=0.0000, Con=3.9612
2025-09-14 10:44:54,569 - INFO - Batch 410/2278: Loss=1.3366, Cls=0.0000, Reg=0.1484, Con=3.9609
2025-09-14 10:44:55,456 - INFO - Batch 420/2278: Loss=1.2563, Cls=0.0000, Reg=0.0680, Con=3.9609
2025-09-14 10:44:56,371 - INFO - Batch 430/2278: Loss=1.2349, Cls=0.0000, Reg=0.0465, Con=3.9611
2025-09-14 10:44:57,287 - INFO - Batch 440/2278: Loss=1.1917, Cls=0.0000, Reg=0.0034, Con=3.9608
2025-09-14 10:44:58,171 - INFO - Batch 450/2278: Loss=1.4021, Cls=0.0000, Reg=0.2138, Con=3.9610
2025-09-14 10:44:59,057 - INFO - Batch 460/2278: Loss=0.0407, Cls=0.0000, Reg=0.0407, Con=0.0000
2025-09-14 10:44:59,992 - INFO - Batch 470/2278: Loss=1.2491, Cls=0.0000, Reg=0.0609, Con=3.9607
2025-09-14 10:45:00,895 - INFO - Batch 480/2278: Loss=1.1940, Cls=0.0000, Reg=0.0058, Con=3.9609
2025-09-14 10:45:01,786 - INFO - Batch 490/2278: Loss=1.2587, Cls=0.0000, Reg=0.0704, Con=3.9610
2025-09-14 10:45:02,690 - INFO - Batch 500/2278: Loss=0.0047, Cls=0.0000, Reg=0.0047, Con=0.0000
2025-09-14 10:45:03,640 - INFO - Batch 510/2278: Loss=1.9300, Cls=0.0000, Reg=0.7417, Con=3.9608
2025-09-14 10:45:04,555 - INFO - Batch 520/2278: Loss=0.0144, Cls=0.0000, Reg=0.0144, Con=0.0000
2025-09-14 10:45:05,626 - INFO - Batch 530/2278: Loss=1.8342, Cls=0.0000, Reg=0.6459, Con=3.9609
2025-09-14 10:45:06,652 - INFO - Batch 540/2278: Loss=1.2399, Cls=0.0000, Reg=0.0517, Con=3.9607
2025-09-14 10:45:07,647 - INFO - Batch 550/2278: Loss=1.1882, Cls=0.0000, Reg=0.0000, Con=3.9608
2025-09-14 10:45:08,551 - INFO - Batch 560/2278: Loss=1.3655, Cls=0.0000, Reg=0.1773, Con=3.9609
2025-09-14 10:45:09,519 - INFO - Batch 570/2278: Loss=1.2940, Cls=0.0000, Reg=0.1058, Con=3.9608
2025-09-14 10:45:10,534 - INFO - Batch 580/2278: Loss=1.7412, Cls=0.0000, Reg=0.5530, Con=3.9607
2025-09-14 10:45:11,415 - INFO - Batch 590/2278: Loss=1.2559, Cls=0.0000, Reg=0.0676, Con=3.9610
2025-09-14 10:45:12,310 - INFO - Batch 600/2278: Loss=1.1968, Cls=0.0000, Reg=0.0085, Con=3.9608
2025-09-14 10:45:13,180 - INFO - Batch 610/2278: Loss=1.1944, Cls=0.0000, Reg=0.0060, Con=3.9613
2025-09-14 10:45:14,089 - INFO - Batch 620/2278: Loss=1.2428, Cls=0.0000, Reg=0.0546, Con=3.9608
2025-09-14 10:45:14,959 - INFO - Batch 630/2278: Loss=1.2195, Cls=0.0000, Reg=0.0311, Con=3.9611
2025-09-14 10:45:15,885 - INFO - Batch 640/2278: Loss=1.5855, Cls=0.0000, Reg=0.3972, Con=3.9610
2025-09-14 10:45:16,767 - INFO - Batch 650/2278: Loss=1.9360, Cls=0.0000, Reg=0.7477, Con=3.9609
2025-09-14 10:45:17,711 - INFO - Batch 660/2278: Loss=1.2860, Cls=0.0000, Reg=0.0977, Con=3.9609
2025-09-14 10:45:18,779 - INFO - Batch 670/2278: Loss=1.4317, Cls=0.0000, Reg=0.2434, Con=3.9609
2025-09-14 10:45:19,793 - INFO - Batch 680/2278: Loss=1.1883, Cls=0.0000, Reg=0.0000, Con=3.9609
2025-09-14 10:45:20,713 - INFO - Batch 690/2278: Loss=1.2145, Cls=0.0000, Reg=0.0262, Con=3.9609
2025-09-14 10:45:21,666 - INFO - Batch 700/2278: Loss=1.5400, Cls=0.0000, Reg=0.3517, Con=3.9608
2025-09-14 10:45:22,570 - INFO - Batch 710/2278: Loss=1.2474, Cls=0.0000, Reg=0.0589, Con=3.9617
2025-09-14 10:45:23,477 - INFO - Batch 720/2278: Loss=1.3101, Cls=0.0000, Reg=0.1218, Con=3.9610
2025-09-14 10:45:24,383 - INFO - Batch 730/2278: Loss=1.2602, Cls=0.0000, Reg=0.0720, Con=3.9609
2025-09-14 10:45:25,283 - INFO - Batch 740/2278: Loss=1.3918, Cls=0.0000, Reg=0.2036, Con=3.9606
2025-09-14 10:45:26,233 - INFO - Batch 750/2278: Loss=1.4720, Cls=0.0000, Reg=0.2837, Con=3.9608
2025-09-14 10:45:27,229 - INFO - Batch 760/2278: Loss=1.5757, Cls=0.0000, Reg=0.3874, Con=3.9611
2025-09-14 10:45:28,159 - INFO - Batch 770/2278: Loss=1.6738, Cls=0.0000, Reg=0.4854, Con=3.9611
2025-09-14 10:45:29,075 - INFO - Batch 780/2278: Loss=1.1883, Cls=0.0000, Reg=0.0000, Con=3.9609
2025-09-14 10:45:29,962 - INFO - Batch 790/2278: Loss=1.3706, Cls=0.0000, Reg=0.1824, Con=3.9608
2025-09-14 10:45:30,859 - INFO - Batch 800/2278: Loss=1.3234, Cls=0.0000, Reg=0.1350, Con=3.9612
2025-09-14 10:45:31,760 - INFO - Batch 810/2278: Loss=1.3049, Cls=0.0000, Reg=0.1166, Con=3.9611
2025-09-14 10:45:32,718 - INFO - Batch 820/2278: Loss=1.2473, Cls=0.0000, Reg=0.0591, Con=3.9608
2025-09-14 10:45:33,658 - INFO - Batch 830/2278: Loss=1.3765, Cls=0.0000, Reg=0.1882, Con=3.9609
2025-09-14 10:45:34,576 - INFO - Batch 840/2278: Loss=1.1919, Cls=0.0000, Reg=0.0037, Con=3.9609
2025-09-14 10:45:35,603 - INFO - Batch 850/2278: Loss=0.0000, Cls=0.0000, Reg=0.0000, Con=0.0000
2025-09-14 10:45:36,611 - INFO - Batch 860/2278: Loss=1.5839, Cls=0.0000, Reg=0.3956, Con=3.9611
2025-09-14 10:45:37,581 - INFO - Batch 870/2278: Loss=1.7256, Cls=0.0000, Reg=0.5374, Con=3.9608
2025-09-14 10:45:38,507 - INFO - Batch 880/2278: Loss=0.0545, Cls=0.0000, Reg=0.0545, Con=0.0000
2025-09-14 10:45:39,463 - INFO - Batch 890/2278: Loss=1.4249, Cls=0.0000, Reg=0.2366, Con=3.9608
2025-09-14 10:45:40,390 - INFO - Batch 900/2278: Loss=1.2856, Cls=0.0000, Reg=0.0973, Con=3.9608
2025-09-14 10:45:41,272 - INFO - Batch 910/2278: Loss=1.5303, Cls=0.0000, Reg=0.3420, Con=3.9609
2025-09-14 10:45:42,183 - INFO - Batch 920/2278: Loss=1.3842, Cls=0.0000, Reg=0.1960, Con=3.9608
2025-09-14 10:45:43,060 - INFO - Batch 930/2278: Loss=1.4060, Cls=0.0000, Reg=0.2177, Con=3.9608
2025-09-14 10:45:43,955 - INFO - Batch 940/2278: Loss=1.2285, Cls=0.0000, Reg=0.0400, Con=3.9617
2025-09-14 10:45:44,846 - INFO - Batch 950/2278: Loss=2.2236, Cls=0.0000, Reg=1.0353, Con=3.9608
2025-09-14 10:45:45,735 - INFO - Batch 960/2278: Loss=1.1921, Cls=0.0000, Reg=0.0038, Con=3.9609
2025-09-14 10:45:46,634 - INFO - Batch 970/2278: Loss=1.2437, Cls=0.0000, Reg=0.0555, Con=3.9608
2025-09-14 10:45:47,539 - INFO - Batch 980/2278: Loss=1.2301, Cls=0.0000, Reg=0.0418, Con=3.9610
2025-09-14 10:45:48,432 - INFO - Batch 990/2278: Loss=1.2388, Cls=0.0000, Reg=0.0505, Con=3.9609
2025-09-14 10:45:49,310 - INFO - Batch 1000/2278: Loss=1.3103, Cls=0.0000, Reg=0.1221, Con=3.9607
2025-09-14 10:45:50,248 - INFO - Batch 1010/2278: Loss=1.3142, Cls=0.0000, Reg=0.1260, Con=3.9609
2025-09-14 10:45:51,125 - INFO - Batch 1020/2278: Loss=1.1976, Cls=0.0000, Reg=0.0093, Con=3.9610
2025-09-14 10:45:52,020 - INFO - Batch 1030/2278: Loss=0.0193, Cls=0.0000, Reg=0.0193, Con=0.0000
2025-09-14 10:45:52,919 - INFO - Batch 1040/2278: Loss=1.1882, Cls=0.0000, Reg=0.0000, Con=3.9608
2025-09-14 10:45:53,825 - INFO - Batch 1050/2278: Loss=0.0000, Cls=0.0000, Reg=0.0000, Con=0.0000
2025-09-14 10:45:54,790 - INFO - Batch 1060/2278: Loss=1.2709, Cls=0.0000, Reg=0.0826, Con=3.9611
2025-09-14 10:45:55,810 - INFO - Batch 1070/2278: Loss=1.2169, Cls=0.0000, Reg=0.0287, Con=3.9609
2025-09-14 10:45:56,713 - INFO - Batch 1080/2278: Loss=1.4610, Cls=0.0000, Reg=0.2727, Con=3.9609
2025-09-14 10:45:57,730 - INFO - Batch 1090/2278: Loss=1.1883, Cls=0.0000, Reg=0.0000, Con=3.9609
2025-09-14 10:45:58,634 - INFO - Batch 1100/2278: Loss=1.4842, Cls=0.0000, Reg=0.2960, Con=3.9609
2025-09-14 10:45:59,517 - INFO - Batch 1110/2278: Loss=1.6359, Cls=0.0000, Reg=0.4477, Con=3.9607
2025-09-14 10:46:00,451 - INFO - Batch 1120/2278: Loss=1.2046, Cls=0.0000, Reg=0.0163, Con=3.9610
2025-09-14 10:46:01,452 - INFO - Batch 1130/2278: Loss=1.2595, Cls=0.0000, Reg=0.0713, Con=3.9607
2025-09-14 10:46:02,360 - INFO - Batch 1140/2278: Loss=1.8561, Cls=0.0000, Reg=0.6678, Con=3.9609
2025-09-14 10:46:03,269 - INFO - Batch 1150/2278: Loss=1.4234, Cls=0.0000, Reg=0.2349, Con=3.9616
2025-09-14 10:46:04,185 - INFO - Batch 1160/2278: Loss=0.8582, Cls=0.0000, Reg=0.8582, Con=0.0000
2025-09-14 10:46:05,103 - INFO - Batch 1170/2278: Loss=1.5048, Cls=0.0000, Reg=0.3165, Con=3.9609
2025-09-14 10:46:06,029 - INFO - Batch 1180/2278: Loss=1.2409, Cls=0.0000, Reg=0.0526, Con=3.9610
2025-09-14 10:46:06,965 - INFO - Batch 1190/2278: Loss=1.3342, Cls=0.0000, Reg=0.1459, Con=3.9609
2025-09-14 10:46:07,862 - INFO - Batch 1200/2278: Loss=1.4479, Cls=0.0000, Reg=0.2595, Con=3.9611
2025-09-14 10:46:08,759 - INFO - Batch 1210/2278: Loss=1.3355, Cls=0.0000, Reg=0.1472, Con=3.9608
2025-09-14 10:46:09,646 - INFO - Batch 1220/2278: Loss=1.4961, Cls=0.0000, Reg=0.3078, Con=3.9609
2025-09-14 10:46:10,555 - INFO - Batch 1230/2278: Loss=1.1999, Cls=0.0000, Reg=0.0116, Con=3.9608
2025-09-14 10:46:11,454 - INFO - Batch 1240/2278: Loss=1.2089, Cls=0.0000, Reg=0.0206, Con=3.9608
2025-09-14 10:46:12,369 - INFO - Batch 1250/2278: Loss=1.4646, Cls=0.0000, Reg=0.2762, Con=3.9612
2025-09-14 10:46:13,254 - INFO - Batch 1260/2278: Loss=1.2628, Cls=0.0000, Reg=0.0747, Con=3.9605
2025-09-14 10:46:14,165 - INFO - Batch 1270/2278: Loss=1.2783, Cls=0.0000, Reg=0.0900, Con=3.9609
2025-09-14 10:46:15,073 - INFO - Batch 1280/2278: Loss=1.5313, Cls=0.0000, Reg=0.3431, Con=3.9607
2025-09-14 10:46:16,039 - INFO - Batch 1290/2278: Loss=1.1883, Cls=0.0000, Reg=0.0000, Con=3.9609
2025-09-14 10:46:16,939 - INFO - Batch 1300/2278: Loss=0.0576, Cls=0.0000, Reg=0.0576, Con=0.0000
2025-09-14 10:46:17,859 - INFO - Batch 1310/2278: Loss=1.2506, Cls=0.0000, Reg=0.0623, Con=3.9609
2025-09-14 10:46:18,763 - INFO - Batch 1320/2278: Loss=1.4970, Cls=0.0000, Reg=0.3088, Con=3.9610
2025-09-14 10:46:19,641 - INFO - Batch 1330/2278: Loss=1.2043, Cls=0.0000, Reg=0.0160, Con=3.9609
2025-09-14 10:46:20,538 - INFO - Batch 1340/2278: Loss=1.2023, Cls=0.0000, Reg=0.0141, Con=3.9609
2025-09-14 10:46:21,434 - INFO - Batch 1350/2278: Loss=1.2885, Cls=0.0000, Reg=0.1002, Con=3.9608
2025-09-14 10:46:22,338 - INFO - Batch 1360/2278: Loss=1.6609, Cls=0.0000, Reg=0.4725, Con=3.9612
2025-09-14 10:46:23,230 - INFO - Batch 1370/2278: Loss=1.2722, Cls=0.0000, Reg=0.0839, Con=3.9609
2025-09-14 10:46:24,145 - INFO - Batch 1380/2278: Loss=1.2122, Cls=0.0000, Reg=0.0239, Con=3.9608
2025-09-14 10:46:25,189 - INFO - Batch 1390/2278: Loss=1.3646, Cls=0.0000, Reg=0.1763, Con=3.9610
2025-09-14 10:46:26,118 - INFO - Batch 1400/2278: Loss=1.1884, Cls=0.0000, Reg=0.0000, Con=3.9612
2025-09-14 10:46:27,019 - INFO - Batch 1410/2278: Loss=1.1962, Cls=0.0000, Reg=0.0079, Con=3.9610
2025-09-14 10:46:27,948 - INFO - Batch 1420/2278: Loss=1.2003, Cls=0.0000, Reg=0.0121, Con=3.9609
2025-09-14 10:46:28,864 - INFO - Batch 1430/2278: Loss=1.1898, Cls=0.0000, Reg=0.0015, Con=3.9609
2025-09-14 10:46:29,885 - INFO - Batch 1440/2278: Loss=1.2437, Cls=0.0000, Reg=0.0553, Con=3.9611
2025-09-14 10:46:30,800 - INFO - Batch 1450/2278: Loss=0.0073, Cls=0.0000, Reg=0.0073, Con=0.0000
2025-09-14 10:46:31,679 - INFO - Batch 1460/2278: Loss=1.1960, Cls=0.0000, Reg=0.0077, Con=3.9612
2025-09-14 10:46:32,592 - INFO - Batch 1470/2278: Loss=1.4074, Cls=0.0000, Reg=0.2192, Con=3.9609
2025-09-14 10:46:33,464 - INFO - Batch 1480/2278: Loss=1.1987, Cls=0.0000, Reg=0.0105, Con=3.9607
2025-09-14 10:46:34,345 - INFO - Batch 1490/2278: Loss=1.3045, Cls=0.0000, Reg=0.1162, Con=3.9609
2025-09-14 10:46:35,214 - INFO - Batch 1500/2278: Loss=1.4796, Cls=0.0000, Reg=0.2913, Con=3.9610
2025-09-14 10:46:36,124 - INFO - Batch 1510/2278: Loss=1.4803, Cls=0.0000, Reg=0.2921, Con=3.9608
2025-09-14 10:46:37,002 - INFO - Batch 1520/2278: Loss=1.3409, Cls=0.0000, Reg=0.1527, Con=3.9608
2025-09-14 10:46:37,895 - INFO - Batch 1530/2278: Loss=1.7283, Cls=0.0000, Reg=0.5400, Con=3.9609
2025-09-14 10:46:38,864 - INFO - Batch 1540/2278: Loss=1.3967, Cls=0.0000, Reg=0.2084, Con=3.9609
2025-09-14 10:46:39,791 - INFO - Batch 1550/2278: Loss=1.4205, Cls=0.0000, Reg=0.2323, Con=3.9609
2025-09-14 10:46:40,699 - INFO - Batch 1560/2278: Loss=1.5690, Cls=0.0000, Reg=0.3808, Con=3.9608
2025-09-14 10:46:41,621 - INFO - Batch 1570/2278: Loss=1.3212, Cls=0.0000, Reg=0.1330, Con=3.9609
2025-09-14 10:46:42,549 - INFO - Batch 1580/2278: Loss=1.4455, Cls=0.0000, Reg=0.2572, Con=3.9608
2025-09-14 10:46:43,457 - INFO - Batch 1590/2278: Loss=0.0263, Cls=0.0000, Reg=0.0263, Con=0.0000
2025-09-14 10:46:44,361 - INFO - Batch 1600/2278: Loss=1.5721, Cls=0.0000, Reg=0.3839, Con=3.9608
2025-09-14 10:46:45,248 - INFO - Batch 1610/2278: Loss=1.1882, Cls=0.0000, Reg=0.0000, Con=3.9608
2025-09-14 10:46:46,222 - INFO - Batch 1620/2278: Loss=1.2473, Cls=0.0000, Reg=0.0590, Con=3.9608
2025-09-14 10:46:47,124 - INFO - Batch 1630/2278: Loss=1.2700, Cls=0.0000, Reg=0.0817, Con=3.9610
2025-09-14 10:46:48,011 - INFO - Batch 1640/2278: Loss=1.1883, Cls=0.0000, Reg=0.0000, Con=3.9609
2025-09-14 10:46:48,924 - INFO - Batch 1650/2278: Loss=1.1946, Cls=0.0000, Reg=0.0063, Con=3.9609
2025-09-14 10:46:49,844 - INFO - Batch 1660/2278: Loss=1.4473, Cls=0.0000, Reg=0.2590, Con=3.9611
2025-09-14 10:46:50,722 - INFO - Batch 1670/2278: Loss=1.3190, Cls=0.0000, Reg=0.1308, Con=3.9609
2025-09-14 10:46:51,616 - INFO - Batch 1680/2278: Loss=1.3414, Cls=0.0000, Reg=0.1532, Con=3.9609
2025-09-14 10:46:52,483 - INFO - Batch 1690/2278: Loss=1.6120, Cls=0.0000, Reg=0.4237, Con=3.9609
2025-09-14 10:46:53,443 - INFO - Batch 1700/2278: Loss=1.7907, Cls=0.0000, Reg=0.6024, Con=3.9608
2025-09-14 10:46:54,353 - INFO - Batch 1710/2278: Loss=1.5246, Cls=0.0000, Reg=0.3363, Con=3.9609
2025-09-14 10:46:55,239 - INFO - Batch 1720/2278: Loss=1.2107, Cls=0.0000, Reg=0.0224, Con=3.9609
2025-09-14 10:46:56,110 - INFO - Batch 1730/2278: Loss=1.3044, Cls=0.0000, Reg=0.1162, Con=3.9608
2025-09-14 10:46:57,000 - INFO - Batch 1740/2278: Loss=2.2109, Cls=0.0000, Reg=1.0226, Con=3.9608
2025-09-14 10:46:57,883 - INFO - Batch 1750/2278: Loss=1.1883, Cls=0.0000, Reg=0.0000, Con=3.9610
2025-09-14 10:46:58,770 - INFO - Batch 1760/2278: Loss=1.5218, Cls=0.0000, Reg=0.3334, Con=3.9611
2025-09-14 10:46:59,682 - INFO - Batch 1770/2278: Loss=1.1884, Cls=0.0000, Reg=0.0000, Con=3.9612
2025-09-14 10:47:00,587 - INFO - Batch 1780/2278: Loss=1.2177, Cls=0.0000, Reg=0.0295, Con=3.9608
2025-09-14 10:47:01,489 - INFO - Batch 1790/2278: Loss=1.2712, Cls=0.0000, Reg=0.0829, Con=3.9609
2025-09-14 10:47:02,453 - INFO - Batch 1800/2278: Loss=1.3379, Cls=0.0000, Reg=0.1497, Con=3.9607
2025-09-14 10:47:03,330 - INFO - Batch 1810/2278: Loss=0.0203, Cls=0.0000, Reg=0.0203, Con=0.0000
2025-09-14 10:47:04,215 - INFO - Batch 1820/2278: Loss=1.5719, Cls=0.0000, Reg=0.3837, Con=3.9608
2025-09-14 10:47:05,137 - INFO - Batch 1830/2278: Loss=1.2735, Cls=0.0000, Reg=0.0852, Con=3.9609
2025-09-14 10:47:06,040 - INFO - Batch 1840/2278: Loss=1.1907, Cls=0.0000, Reg=0.0024, Con=3.9609
2025-09-14 10:47:06,949 - INFO - Batch 1850/2278: Loss=1.4797, Cls=0.0000, Reg=0.2914, Con=3.9610
2025-09-14 10:47:07,938 - INFO - Batch 1860/2278: Loss=1.4740, Cls=0.0000, Reg=0.2857, Con=3.9611
2025-09-14 10:47:08,968 - INFO - Batch 1870/2278: Loss=1.1883, Cls=0.0000, Reg=0.0000, Con=3.9609
2025-09-14 10:47:09,960 - INFO - Batch 1880/2278: Loss=1.2256, Cls=0.0000, Reg=0.0374, Con=3.9608
2025-09-14 10:47:11,005 - INFO - Batch 1890/2278: Loss=1.1885, Cls=0.0000, Reg=0.0003, Con=3.9609
2025-09-14 10:47:11,916 - INFO - Batch 1900/2278: Loss=0.0118, Cls=0.0000, Reg=0.0118, Con=0.0000
2025-09-14 10:47:12,793 - INFO - Batch 1910/2278: Loss=1.6177, Cls=0.0000, Reg=0.4294, Con=3.9610
2025-09-14 10:47:13,689 - INFO - Batch 1920/2278: Loss=1.2012, Cls=0.0000, Reg=0.0130, Con=3.9609
2025-09-14 10:47:14,592 - INFO - Batch 1930/2278: Loss=1.3142, Cls=0.0000, Reg=0.1259, Con=3.9609
2025-09-14 10:47:15,461 - INFO - Batch 1940/2278: Loss=1.4073, Cls=0.0000, Reg=0.2191, Con=3.9607
2025-09-14 10:47:16,327 - INFO - Batch 1950/2278: Loss=1.3615, Cls=0.0000, Reg=0.1732, Con=3.9609
2025-09-14 10:47:17,218 - INFO - Batch 1960/2278: Loss=1.3266, Cls=0.0000, Reg=0.1383, Con=3.9609
2025-09-14 10:47:18,095 - INFO - Batch 1970/2278: Loss=1.7200, Cls=0.0000, Reg=0.5317, Con=3.9611
2025-09-14 10:47:19,019 - INFO - Batch 1980/2278: Loss=1.3706, Cls=0.0000, Reg=0.1824, Con=3.9609
2025-09-14 10:47:19,908 - INFO - Batch 1990/2278: Loss=1.3200, Cls=0.0000, Reg=0.1317, Con=3.9609
2025-09-14 10:47:20,850 - INFO - Batch 2000/2278: Loss=1.3697, Cls=0.0000, Reg=0.1814, Con=3.9610
2025-09-14 10:47:21,775 - INFO - Batch 2010/2278: Loss=1.2630, Cls=0.0000, Reg=0.0748, Con=3.9608
2025-09-14 10:47:22,671 - INFO - Batch 2020/2278: Loss=1.2840, Cls=0.0000, Reg=0.0957, Con=3.9610
2025-09-14 10:47:23,572 - INFO - Batch 2030/2278: Loss=1.2963, Cls=0.0000, Reg=0.1080, Con=3.9608
2025-09-14 10:47:24,612 - INFO - Batch 2040/2278: Loss=1.3609, Cls=0.0000, Reg=0.1726, Con=3.9609
2025-09-14 10:47:25,590 - INFO - Batch 2050/2278: Loss=0.0000, Cls=0.0000, Reg=0.0000, Con=0.0000
2025-09-14 10:47:26,479 - INFO - Batch 2060/2278: Loss=1.3755, Cls=0.0000, Reg=0.1872, Con=3.9609
2025-09-14 10:47:27,457 - INFO - Batch 2070/2278: Loss=1.1883, Cls=0.0000, Reg=0.0000, Con=3.9609
2025-09-14 10:47:28,427 - INFO - Batch 2080/2278: Loss=1.2733, Cls=0.0000, Reg=0.0849, Con=3.9610
2025-09-14 10:47:29,305 - INFO - Batch 2090/2278: Loss=1.5912, Cls=0.0000, Reg=0.4030, Con=3.9606
2025-09-14 10:47:30,235 - INFO - Batch 2100/2278: Loss=0.0321, Cls=0.0000, Reg=0.0321, Con=0.0000
2025-09-14 10:47:31,115 - INFO - Batch 2110/2278: Loss=1.1903, Cls=0.0000, Reg=0.0020, Con=3.9609
2025-09-14 10:47:32,026 - INFO - Batch 2120/2278: Loss=1.2600, Cls=0.0000, Reg=0.0718, Con=3.9609
2025-09-14 10:47:32,944 - INFO - Batch 2130/2278: Loss=1.2354, Cls=0.0000, Reg=0.0473, Con=3.9606
2025-09-14 10:47:33,843 - INFO - Batch 2140/2278: Loss=1.2896, Cls=0.0000, Reg=0.1013, Con=3.9610
2025-09-14 10:47:34,726 - INFO - Batch 2150/2278: Loss=1.2181, Cls=0.0000, Reg=0.0298, Con=3.9608
2025-09-14 10:47:35,627 - INFO - Batch 2160/2278: Loss=1.5275, Cls=0.0000, Reg=0.3392, Con=3.9609
2025-09-14 10:47:36,514 - INFO - Batch 2170/2278: Loss=1.3208, Cls=0.0000, Reg=0.1326, Con=3.9608
2025-09-14 10:47:37,400 - INFO - Batch 2180/2278: Loss=1.1914, Cls=0.0000, Reg=0.0031, Con=3.9610
2025-09-14 10:47:38,296 - INFO - Batch 2190/2278: Loss=1.2278, Cls=0.0000, Reg=0.0395, Con=3.9609
2025-09-14 10:47:39,215 - INFO - Batch 2200/2278: Loss=1.2250, Cls=0.0000, Reg=0.0368, Con=3.9608
2025-09-14 10:47:40,099 - INFO - Batch 2210/2278: Loss=1.1882, Cls=0.0000, Reg=0.0000, Con=3.9608
2025-09-14 10:47:41,004 - INFO - Batch 2220/2278: Loss=1.2227, Cls=0.0000, Reg=0.0345, Con=3.9609
2025-09-14 10:47:41,892 - INFO - Batch 2230/2278: Loss=1.4421, Cls=0.0000, Reg=0.2539, Con=3.9608
2025-09-14 10:47:42,760 - INFO - Batch 2240/2278: Loss=1.2381, Cls=0.0000, Reg=0.0496, Con=3.9615
2025-09-14 10:47:43,657 - INFO - Batch 2250/2278: Loss=1.2701, Cls=0.0000, Reg=0.0818, Con=3.9608
2025-09-14 10:47:44,547 - INFO - Batch 2260/2278: Loss=1.1883, Cls=0.0000, Reg=0.0000, Con=3.9612
2025-09-14 10:47:45,513 - INFO - Batch 2270/2278: Loss=1.2236, Cls=0.0000, Reg=0.0354, Con=3.9609
2025-09-14 10:51:14,739 - INFO - === Epoch 3 Results ===
2025-09-14 10:51:14,740 - INFO - Training Loss: 1.2572 (Classification: 0.0000, Regression: 0.1592)
2025-09-14 10:51:14,740 - INFO - Validation Loss: 0.0749 (Classification: 0.0000, Regression: 0.0749)
2025-09-14 10:51:14,740 - INFO - Average R²: 0.5014 (on 1/5 tasks)
2025-09-14 10:51:14,740 - INFO - Average RMSE: 0.6311
2025-09-14 10:51:17,362 - INFO - Best model saved to: experiments/r1c3_headft_reg_0_seed_42_20250914_103022/checkpoints/r1c3_headft_reg_0_seed_42_best.pth
2025-09-14 10:51:17,362 - INFO - Training finished!
2025-09-14 10:51:17,362 - INFO - Performing final evaluation...
2025-09-14 10:51:17,632 - INFO - Loaded best model from: experiments/r1c3_headft_reg_0_seed_42_20250914_103022/checkpoints/r1c3_headft_reg_0_seed_42_best.pth
2025-09-14 10:54:45,301 - INFO - Final Validation Results:
2025-09-14 10:54:45,301 - INFO -   Total Loss: 0.0749
2025-09-14 10:54:45,301 - INFO -   Classification Loss: 0.0000
2025-09-14 10:54:45,301 - INFO -   Regression Loss: 0.0749
2025-09-14 10:54:45,302 - INFO -   Average R²: 0.5014
2025-09-14 10:54:45,302 - INFO -   Average RMSE: 0.6311
2025-09-14 10:54:45,302 - INFO - Results saved to: experiments/r1c3_headft_reg_0_seed_42_20250914_103022/checkpoints/r1c3_headft_reg_0_seed_42_results.json
