2025-09-14 10:55:01,120 - INFO - 🔬 Starting experiment: r1c3_headft_reg_3_seed_42
2025-09-14 10:55:01,120 - INFO - 📁 Experiment directory: experiments/r1c3_headft_reg_3_seed_42_20250914_105500
2025-09-14 10:55:01,120 - INFO - 🎲 Random seed: 42
2025-09-14 10:55:01,120 - INFO - 🔒 Deterministic mode: True
2025-09-14 10:55:01,120 - INFO - Using device: cuda
2025-09-14 10:55:01,120 - INFO - Total GPU Memory: 25.16 GB
2025-09-14 10:55:01,132 - INFO - 🧪 Fusion: Using cross-attention dynamic fusion
2025-09-14 10:55:01,133 - INFO - 🧪 GNN Backbone: Using default GraphAttentionNetwork branch
2025-09-14 10:55:01,133 - INFO - 🎯 Task Mode: Single regression endpoint 3
2025-09-14 10:55:01,133 - INFO - Configuration saved to: experiments/r1c3_headft_reg_3_seed_42_20250914_105500/checkpoints/config.json
2025-09-14 10:55:01,133 - INFO - 🚀 Using preprocessed data from: /mnt/backup2/ai4s/backupunimolpy/responds-work/ToxD4C/data/data/processed
2025-09-14 10:55:01,133 - INFO - Loading LMDB dataset from: /mnt/backup2/ai4s/backupunimolpy/responds-work/ToxD4C/data/data/processed
2025-09-14 10:55:01,497 - INFO - Number of training batches: 2278
2025-09-14 10:55:01,497 - INFO - Number of validation batches: 2278
2025-09-14 10:55:01,497 - INFO - Number of test batches: 2278
2025-09-14 10:55:01,497 - INFO - Creating ToxD4C model...
2025-09-14 10:55:02,474 - INFO - Model created successfully. Total parameters: 100,932,036
2025-09-14 10:55:02,475 - INFO - Testing model forward pass...
2025-09-14 10:55:02,881 - INFO - Test output shapes:
2025-09-14 10:55:02,881 - INFO -   classification: torch.Size([16, 0])
2025-09-14 10:55:02,882 - INFO -   classification contains NaN: False
2025-09-14 10:55:02,882 - INFO -   classification contains Inf: False
2025-09-14 10:55:02,882 - INFO -   regression: torch.Size([16, 1])
2025-09-14 10:55:02,885 - INFO -   regression contains NaN: False
2025-09-14 10:55:02,885 - INFO -   regression contains Inf: False
2025-09-14 10:55:02,885 - INFO - Model forward pass test successful!
2025-09-14 10:55:03,603 - INFO - 🔁 Loaded checkpoint from: /mnt/backup2/ai4s/backupunimolpy/responds-work/ToxD4C/experiments/r1c3_multi_full_seed_42_20250913_152627/checkpoints/r1c3_multi_full_seed_42_best.pth
2025-09-14 10:55:03,604 - INFO - 🧩 Head-only fine-tuning: unfroze head for task 'LC50' and froze trunk.
2025-09-14 10:55:03,605 - INFO - Starting training...
2025-09-14 10:55:03,605 - INFO - 
Epoch 1/3
2025-09-14 10:55:03,724 - INFO - Batch 0/2278: Loss=1.1882, Cls=0.0000, Reg=0.0000, Con=3.9608
2025-09-14 10:55:04,780 - INFO - Batch 10/2278: Loss=1.1882, Cls=0.0000, Reg=0.0000, Con=3.9608
2025-09-14 10:55:05,651 - INFO - Batch 20/2278: Loss=1.1883, Cls=0.0000, Reg=0.0000, Con=3.9608
2025-09-14 10:55:06,635 - INFO - Batch 30/2278: Loss=1.1883, Cls=0.0000, Reg=0.0000, Con=3.9610
2025-09-14 10:55:07,636 - INFO - Batch 40/2278: Loss=0.0000, Cls=0.0000, Reg=0.0000, Con=0.0000
2025-09-14 10:55:08,497 - INFO - Batch 50/2278: Loss=1.1882, Cls=0.0000, Reg=0.0000, Con=3.9608
2025-09-14 10:55:09,355 - INFO - Batch 60/2278: Loss=0.1405, Cls=0.0000, Reg=0.1405, Con=0.0000
2025-09-14 10:55:10,218 - INFO - Batch 70/2278: Loss=1.1883, Cls=0.0000, Reg=0.0000, Con=3.9609
2025-09-14 10:55:11,094 - INFO - Batch 80/2278: Loss=0.0000, Cls=0.0000, Reg=0.0000, Con=0.0000
2025-09-14 10:55:11,975 - INFO - Batch 90/2278: Loss=1.1883, Cls=0.0000, Reg=0.0000, Con=3.9608
2025-09-14 10:55:12,875 - INFO - Batch 100/2278: Loss=1.1882, Cls=0.0000, Reg=0.0000, Con=3.9608
2025-09-14 10:55:13,746 - INFO - Batch 110/2278: Loss=1.1883, Cls=0.0000, Reg=0.0000, Con=3.9609
2025-09-14 10:55:14,596 - INFO - Batch 120/2278: Loss=0.0000, Cls=0.0000, Reg=0.0000, Con=0.0000
2025-09-14 10:55:15,461 - INFO - Batch 130/2278: Loss=0.0000, Cls=0.0000, Reg=0.0000, Con=0.0000
2025-09-14 10:55:16,452 - INFO - Batch 140/2278: Loss=1.1883, Cls=0.0000, Reg=0.0000, Con=3.9610
2025-09-14 10:55:17,412 - INFO - Batch 150/2278: Loss=0.0000, Cls=0.0000, Reg=0.0000, Con=0.0000
2025-09-14 10:55:18,301 - INFO - Batch 160/2278: Loss=1.1882, Cls=0.0000, Reg=0.0000, Con=3.9608
2025-09-14 10:55:19,165 - INFO - Batch 170/2278: Loss=1.2127, Cls=0.0000, Reg=0.0245, Con=3.9606
2025-09-14 10:55:20,045 - INFO - Batch 180/2278: Loss=1.1882, Cls=0.0000, Reg=0.0000, Con=3.9607
2025-09-14 10:55:20,914 - INFO - Batch 190/2278: Loss=0.0000, Cls=0.0000, Reg=0.0000, Con=0.0000
2025-09-14 10:55:21,778 - INFO - Batch 200/2278: Loss=1.1883, Cls=0.0000, Reg=0.0000, Con=3.9609
2025-09-14 10:55:22,672 - INFO - Batch 210/2278: Loss=1.1883, Cls=0.0000, Reg=0.0000, Con=3.9609
2025-09-14 10:55:23,567 - INFO - Batch 220/2278: Loss=0.0774, Cls=0.0000, Reg=0.0774, Con=0.0000
2025-09-14 10:55:24,441 - INFO - Batch 230/2278: Loss=1.1883, Cls=0.0000, Reg=0.0000, Con=3.9609
2025-09-14 10:55:25,300 - INFO - Batch 240/2278: Loss=1.1883, Cls=0.0000, Reg=0.0000, Con=3.9609
2025-09-14 10:55:26,176 - INFO - Batch 250/2278: Loss=1.1882, Cls=0.0000, Reg=0.0000, Con=3.9608
2025-09-14 10:55:27,049 - INFO - Batch 260/2278: Loss=1.3788, Cls=0.0000, Reg=0.1905, Con=3.9608
2025-09-14 10:55:27,918 - INFO - Batch 270/2278: Loss=1.1882, Cls=0.0000, Reg=0.0000, Con=3.9608
2025-09-14 10:55:28,775 - INFO - Batch 280/2278: Loss=1.2420, Cls=0.0000, Reg=0.0538, Con=3.9607
2025-09-14 10:55:29,652 - INFO - Batch 290/2278: Loss=1.3827, Cls=0.0000, Reg=0.1945, Con=3.9608
2025-09-14 10:55:30,565 - INFO - Batch 300/2278: Loss=0.0000, Cls=0.0000, Reg=0.0000, Con=0.0000
2025-09-14 10:55:31,454 - INFO - Batch 310/2278: Loss=1.1883, Cls=0.0000, Reg=0.0000, Con=3.9609
2025-09-14 10:55:32,302 - INFO - Batch 320/2278: Loss=1.1882, Cls=0.0000, Reg=0.0000, Con=3.9608
2025-09-14 10:55:33,191 - INFO - Batch 330/2278: Loss=0.0000, Cls=0.0000, Reg=0.0000, Con=0.0000
2025-09-14 10:55:34,054 - INFO - Batch 340/2278: Loss=1.1883, Cls=0.0000, Reg=0.0000, Con=3.9609
2025-09-14 10:55:34,943 - INFO - Batch 350/2278: Loss=1.1883, Cls=0.0000, Reg=0.0000, Con=3.9610
2025-09-14 10:55:35,792 - INFO - Batch 360/2278: Loss=0.0000, Cls=0.0000, Reg=0.0000, Con=0.0000
2025-09-14 10:55:36,664 - INFO - Batch 370/2278: Loss=1.1883, Cls=0.0000, Reg=0.0000, Con=3.9609
2025-09-14 10:55:37,526 - INFO - Batch 380/2278: Loss=1.1884, Cls=0.0000, Reg=0.0000, Con=3.9614
2025-09-14 10:55:38,412 - INFO - Batch 390/2278: Loss=0.0785, Cls=0.0000, Reg=0.0785, Con=0.0000
2025-09-14 10:55:39,320 - INFO - Batch 400/2278: Loss=0.1000, Cls=0.0000, Reg=0.1000, Con=0.0000
2025-09-14 10:55:40,176 - INFO - Batch 410/2278: Loss=1.1882, Cls=0.0000, Reg=0.0000, Con=3.9608
2025-09-14 10:55:41,035 - INFO - Batch 420/2278: Loss=1.1882, Cls=0.0000, Reg=0.0000, Con=3.9608
2025-09-14 10:55:41,920 - INFO - Batch 430/2278: Loss=1.1883, Cls=0.0000, Reg=0.0000, Con=3.9610
2025-09-14 10:55:42,801 - INFO - Batch 440/2278: Loss=1.1883, Cls=0.0000, Reg=0.0000, Con=3.9610
2025-09-14 10:55:43,664 - INFO - Batch 450/2278: Loss=1.2705, Cls=0.0000, Reg=0.0824, Con=3.9607
2025-09-14 10:55:44,513 - INFO - Batch 460/2278: Loss=1.1884, Cls=0.0000, Reg=0.0000, Con=3.9612
2025-09-14 10:55:45,402 - INFO - Batch 470/2278: Loss=1.1882, Cls=0.0000, Reg=0.0000, Con=3.9607
2025-09-14 10:55:46,289 - INFO - Batch 480/2278: Loss=1.1882, Cls=0.0000, Reg=0.0000, Con=3.9607
2025-09-14 10:55:47,149 - INFO - Batch 490/2278: Loss=1.1882, Cls=0.0000, Reg=0.0000, Con=3.9608
2025-09-14 10:55:48,017 - INFO - Batch 500/2278: Loss=1.1883, Cls=0.0000, Reg=0.0000, Con=3.9608
2025-09-14 10:55:48,926 - INFO - Batch 510/2278: Loss=0.0000, Cls=0.0000, Reg=0.0000, Con=0.0000
2025-09-14 10:55:49,817 - INFO - Batch 520/2278: Loss=1.1883, Cls=0.0000, Reg=0.0000, Con=3.9609
2025-09-14 10:55:50,662 - INFO - Batch 530/2278: Loss=0.0000, Cls=0.0000, Reg=0.0000, Con=0.0000
2025-09-14 10:55:51,538 - INFO - Batch 540/2278: Loss=1.1882, Cls=0.0000, Reg=0.0000, Con=3.9608
2025-09-14 10:55:52,393 - INFO - Batch 550/2278: Loss=1.1882, Cls=0.0000, Reg=0.0000, Con=3.9607
2025-09-14 10:55:53,280 - INFO - Batch 560/2278: Loss=1.1882, Cls=0.0000, Reg=0.0000, Con=3.9608
2025-09-14 10:55:54,160 - INFO - Batch 570/2278: Loss=0.0000, Cls=0.0000, Reg=0.0000, Con=0.0000
2025-09-14 10:55:55,028 - INFO - Batch 580/2278: Loss=1.1883, Cls=0.0000, Reg=0.0000, Con=3.9609
2025-09-14 10:55:55,874 - INFO - Batch 590/2278: Loss=1.1882, Cls=0.0000, Reg=0.0000, Con=3.9608
2025-09-14 10:55:56,749 - INFO - Batch 600/2278: Loss=1.1883, Cls=0.0000, Reg=0.0000, Con=3.9610
2025-09-14 10:55:57,607 - INFO - Batch 610/2278: Loss=1.1884, Cls=0.0000, Reg=0.0000, Con=3.9612
2025-09-14 10:55:58,533 - INFO - Batch 620/2278: Loss=0.0000, Cls=0.0000, Reg=0.0000, Con=0.0000
2025-09-14 10:55:59,413 - INFO - Batch 630/2278: Loss=1.1883, Cls=0.0000, Reg=0.0000, Con=3.9609
2025-09-14 10:56:00,294 - INFO - Batch 640/2278: Loss=0.0000, Cls=0.0000, Reg=0.0000, Con=0.0000
2025-09-14 10:56:01,155 - INFO - Batch 650/2278: Loss=1.1883, Cls=0.0000, Reg=0.0000, Con=3.9611
2025-09-14 10:56:02,039 - INFO - Batch 660/2278: Loss=1.1883, Cls=0.0000, Reg=0.0000, Con=3.9609
2025-09-14 10:56:02,968 - INFO - Batch 670/2278: Loss=2.9082, Cls=0.0000, Reg=1.7199, Con=3.9608
2025-09-14 10:56:03,834 - INFO - Batch 680/2278: Loss=1.1882, Cls=0.0000, Reg=0.0000, Con=3.9608
2025-09-14 10:56:04,806 - INFO - Batch 690/2278: Loss=0.0000, Cls=0.0000, Reg=0.0000, Con=0.0000
2025-09-14 10:56:05,685 - INFO - Batch 700/2278: Loss=1.1883, Cls=0.0000, Reg=0.0000, Con=3.9610
2025-09-14 10:56:06,565 - INFO - Batch 710/2278: Loss=1.1883, Cls=0.0000, Reg=0.0000, Con=3.9611
2025-09-14 10:56:07,447 - INFO - Batch 720/2278: Loss=1.1883, Cls=0.0000, Reg=0.0000, Con=3.9608
2025-09-14 10:56:08,310 - INFO - Batch 730/2278: Loss=1.1882, Cls=0.0000, Reg=0.0000, Con=3.9607
2025-09-14 10:56:09,179 - INFO - Batch 740/2278: Loss=1.1882, Cls=0.0000, Reg=0.0000, Con=3.9608
2025-09-14 10:56:10,053 - INFO - Batch 750/2278: Loss=1.3841, Cls=0.0000, Reg=0.1959, Con=3.9607
2025-09-14 10:56:10,934 - INFO - Batch 760/2278: Loss=1.1884, Cls=0.0000, Reg=0.0000, Con=3.9613
2025-09-14 10:56:11,790 - INFO - Batch 770/2278: Loss=1.1883, Cls=0.0000, Reg=0.0000, Con=3.9609
2025-09-14 10:56:12,659 - INFO - Batch 780/2278: Loss=1.4757, Cls=0.0000, Reg=0.2875, Con=3.9607
2025-09-14 10:56:13,526 - INFO - Batch 790/2278: Loss=0.0000, Cls=0.0000, Reg=0.0000, Con=0.0000
2025-09-14 10:56:14,384 - INFO - Batch 800/2278: Loss=0.0000, Cls=0.0000, Reg=0.0000, Con=0.0000
2025-09-14 10:56:15,236 - INFO - Batch 810/2278: Loss=1.1882, Cls=0.0000, Reg=0.0000, Con=3.9608
2025-09-14 10:56:16,115 - INFO - Batch 820/2278: Loss=1.1882, Cls=0.0000, Reg=0.0000, Con=3.9608
2025-09-14 10:56:17,000 - INFO - Batch 830/2278: Loss=0.0000, Cls=0.0000, Reg=0.0000, Con=0.0000
2025-09-14 10:56:17,856 - INFO - Batch 840/2278: Loss=0.3698, Cls=0.0000, Reg=0.3698, Con=0.0000
2025-09-14 10:56:18,717 - INFO - Batch 850/2278: Loss=1.1883, Cls=0.0000, Reg=0.0000, Con=3.9609
2025-09-14 10:56:19,546 - INFO - Batch 860/2278: Loss=1.1884, Cls=0.0000, Reg=0.0000, Con=3.9612
2025-09-14 10:56:20,402 - INFO - Batch 870/2278: Loss=1.1883, Cls=0.0000, Reg=0.0000, Con=3.9610
2025-09-14 10:56:21,291 - INFO - Batch 880/2278: Loss=1.5155, Cls=0.0000, Reg=0.3273, Con=3.9608
2025-09-14 10:56:22,155 - INFO - Batch 890/2278: Loss=1.3130, Cls=0.0000, Reg=0.1248, Con=3.9609
2025-09-14 10:56:23,024 - INFO - Batch 900/2278: Loss=0.0000, Cls=0.0000, Reg=0.0000, Con=0.0000
2025-09-14 10:56:23,893 - INFO - Batch 910/2278: Loss=0.0000, Cls=0.0000, Reg=0.0000, Con=0.0000
2025-09-14 10:56:24,738 - INFO - Batch 920/2278: Loss=1.2828, Cls=0.0000, Reg=0.0946, Con=3.9608
2025-09-14 10:56:25,614 - INFO - Batch 930/2278: Loss=1.1883, Cls=0.0000, Reg=0.0000, Con=3.9609
2025-09-14 10:56:26,478 - INFO - Batch 940/2278: Loss=1.1883, Cls=0.0000, Reg=0.0000, Con=3.9608
2025-09-14 10:56:27,347 - INFO - Batch 950/2278: Loss=1.1882, Cls=0.0000, Reg=0.0000, Con=3.9607
2025-09-14 10:56:28,208 - INFO - Batch 960/2278: Loss=0.4823, Cls=0.0000, Reg=0.4823, Con=0.0000
2025-09-14 10:56:29,087 - INFO - Batch 970/2278: Loss=1.9766, Cls=0.0000, Reg=1.9766, Con=0.0000
2025-09-14 10:56:29,971 - INFO - Batch 980/2278: Loss=1.4147, Cls=0.0000, Reg=0.2266, Con=3.9606
2025-09-14 10:56:30,838 - INFO - Batch 990/2278: Loss=1.1882, Cls=0.0000, Reg=0.0000, Con=3.9608
2025-09-14 10:56:31,791 - INFO - Batch 1000/2278: Loss=0.0000, Cls=0.0000, Reg=0.0000, Con=0.0000
2025-09-14 10:56:32,733 - INFO - Batch 1010/2278: Loss=1.1884, Cls=0.0000, Reg=0.0000, Con=3.9612
2025-09-14 10:56:33,596 - INFO - Batch 1020/2278: Loss=1.1882, Cls=0.0000, Reg=0.0000, Con=3.9607
2025-09-14 10:56:34,458 - INFO - Batch 1030/2278: Loss=1.1883, Cls=0.0000, Reg=0.0000, Con=3.9609
2025-09-14 10:56:35,323 - INFO - Batch 1040/2278: Loss=1.1883, Cls=0.0000, Reg=0.0000, Con=3.9610
2025-09-14 10:56:36,185 - INFO - Batch 1050/2278: Loss=0.0000, Cls=0.0000, Reg=0.0000, Con=0.0000
2025-09-14 10:56:37,064 - INFO - Batch 1060/2278: Loss=0.0000, Cls=0.0000, Reg=0.0000, Con=0.0000
2025-09-14 10:56:37,950 - INFO - Batch 1070/2278: Loss=1.1882, Cls=0.0000, Reg=0.0000, Con=3.9607
2025-09-14 10:56:38,816 - INFO - Batch 1080/2278: Loss=1.5617, Cls=0.0000, Reg=0.3734, Con=3.9610
2025-09-14 10:56:39,702 - INFO - Batch 1090/2278: Loss=1.1882, Cls=0.0000, Reg=0.0000, Con=3.9607
2025-09-14 10:56:40,567 - INFO - Batch 1100/2278: Loss=1.1882, Cls=0.0000, Reg=0.0000, Con=3.9608
2025-09-14 10:56:41,443 - INFO - Batch 1110/2278: Loss=1.1883, Cls=0.0000, Reg=0.0000, Con=3.9609
2025-09-14 10:56:42,303 - INFO - Batch 1120/2278: Loss=1.1882, Cls=0.0000, Reg=0.0000, Con=3.9608
2025-09-14 10:56:43,183 - INFO - Batch 1130/2278: Loss=1.1883, Cls=0.0000, Reg=0.0000, Con=3.9609
2025-09-14 10:56:44,049 - INFO - Batch 1140/2278: Loss=1.1882, Cls=0.0000, Reg=0.0000, Con=3.9608
2025-09-14 10:56:44,897 - INFO - Batch 1150/2278: Loss=1.1883, Cls=0.0000, Reg=0.0000, Con=3.9611
2025-09-14 10:56:45,782 - INFO - Batch 1160/2278: Loss=0.0000, Cls=0.0000, Reg=0.0000, Con=0.0000
2025-09-14 10:56:46,658 - INFO - Batch 1170/2278: Loss=0.0000, Cls=0.0000, Reg=0.0000, Con=0.0000
2025-09-14 10:56:47,565 - INFO - Batch 1180/2278: Loss=1.1883, Cls=0.0000, Reg=0.0000, Con=3.9609
2025-09-14 10:56:48,464 - INFO - Batch 1190/2278: Loss=1.1883, Cls=0.0000, Reg=0.0000, Con=3.9609
2025-09-14 10:56:49,341 - INFO - Batch 1200/2278: Loss=1.1883, Cls=0.0000, Reg=0.0000, Con=3.9609
2025-09-14 10:56:50,203 - INFO - Batch 1210/2278: Loss=0.0000, Cls=0.0000, Reg=0.0000, Con=0.0000
2025-09-14 10:56:51,055 - INFO - Batch 1220/2278: Loss=1.1883, Cls=0.0000, Reg=0.0000, Con=3.9610
2025-09-14 10:56:51,923 - INFO - Batch 1230/2278: Loss=1.1883, Cls=0.0000, Reg=0.0000, Con=3.9609
2025-09-14 10:56:52,812 - INFO - Batch 1240/2278: Loss=1.1883, Cls=0.0000, Reg=0.0000, Con=3.9609
2025-09-14 10:56:53,687 - INFO - Batch 1250/2278: Loss=1.1882, Cls=0.0000, Reg=0.0000, Con=3.9608
2025-09-14 10:56:54,561 - INFO - Batch 1260/2278: Loss=1.3982, Cls=0.0000, Reg=0.2100, Con=3.9608
2025-09-14 10:56:55,436 - INFO - Batch 1270/2278: Loss=0.0000, Cls=0.0000, Reg=0.0000, Con=0.0000
2025-09-14 10:56:56,418 - INFO - Batch 1280/2278: Loss=0.0000, Cls=0.0000, Reg=0.0000, Con=0.0000
2025-09-14 10:56:57,429 - INFO - Batch 1290/2278: Loss=1.1883, Cls=0.0000, Reg=0.0000, Con=3.9611
2025-09-14 10:56:58,304 - INFO - Batch 1300/2278: Loss=1.1883, Cls=0.0000, Reg=0.0000, Con=3.9608
2025-09-14 10:56:59,184 - INFO - Batch 1310/2278: Loss=1.1883, Cls=0.0000, Reg=0.0000, Con=3.9608
2025-09-14 10:57:00,055 - INFO - Batch 1320/2278: Loss=1.1883, Cls=0.0000, Reg=0.0000, Con=3.9609
2025-09-14 10:57:00,907 - INFO - Batch 1330/2278: Loss=0.1340, Cls=0.0000, Reg=0.1340, Con=0.0000
2025-09-14 10:57:01,760 - INFO - Batch 1340/2278: Loss=1.1883, Cls=0.0000, Reg=0.0000, Con=3.9610
2025-09-14 10:57:02,634 - INFO - Batch 1350/2278: Loss=1.5001, Cls=0.0000, Reg=0.3119, Con=3.9609
2025-09-14 10:57:03,520 - INFO - Batch 1360/2278: Loss=1.1883, Cls=0.0000, Reg=0.0000, Con=3.9609
2025-09-14 10:57:04,396 - INFO - Batch 1370/2278: Loss=0.0000, Cls=0.0000, Reg=0.0000, Con=0.0000
2025-09-14 10:57:05,277 - INFO - Batch 1380/2278: Loss=1.1883, Cls=0.0000, Reg=0.0000, Con=3.9611
2025-09-14 10:57:06,158 - INFO - Batch 1390/2278: Loss=1.1883, Cls=0.0000, Reg=0.0000, Con=3.9609
2025-09-14 10:57:07,046 - INFO - Batch 1400/2278: Loss=1.1882, Cls=0.0000, Reg=0.0000, Con=3.9608
2025-09-14 10:57:07,938 - INFO - Batch 1410/2278: Loss=0.0000, Cls=0.0000, Reg=0.0000, Con=0.0000
2025-09-14 10:57:08,829 - INFO - Batch 1420/2278: Loss=1.1883, Cls=0.0000, Reg=0.0000, Con=3.9608
2025-09-14 10:57:09,735 - INFO - Batch 1430/2278: Loss=1.1882, Cls=0.0000, Reg=0.0000, Con=3.9608
2025-09-14 10:57:10,648 - INFO - Batch 1440/2278: Loss=1.1883, Cls=0.0000, Reg=0.0000, Con=3.9609
2025-09-14 10:57:11,531 - INFO - Batch 1450/2278: Loss=0.0052, Cls=0.0000, Reg=0.0052, Con=0.0000
2025-09-14 10:57:12,534 - INFO - Batch 1460/2278: Loss=1.1883, Cls=0.0000, Reg=0.0000, Con=3.9609
2025-09-14 10:57:13,418 - INFO - Batch 1470/2278: Loss=0.0015, Cls=0.0000, Reg=0.0015, Con=0.0000
2025-09-14 10:57:14,276 - INFO - Batch 1480/2278: Loss=1.1949, Cls=0.0000, Reg=0.0066, Con=3.9609
2025-09-14 10:57:15,164 - INFO - Batch 1490/2278: Loss=0.0000, Cls=0.0000, Reg=0.0000, Con=0.0000
2025-09-14 10:57:16,030 - INFO - Batch 1500/2278: Loss=1.1883, Cls=0.0000, Reg=0.0000, Con=3.9609
2025-09-14 10:57:16,904 - INFO - Batch 1510/2278: Loss=1.6045, Cls=0.0000, Reg=0.4162, Con=3.9610
2025-09-14 10:57:17,769 - INFO - Batch 1520/2278: Loss=1.1883, Cls=0.0000, Reg=0.0000, Con=3.9609
2025-09-14 10:57:18,621 - INFO - Batch 1530/2278: Loss=1.1883, Cls=0.0000, Reg=0.0000, Con=3.9608
2025-09-14 10:57:19,478 - INFO - Batch 1540/2278: Loss=1.1882, Cls=0.0000, Reg=0.0000, Con=3.9608
2025-09-14 10:57:20,474 - INFO - Batch 1550/2278: Loss=1.1882, Cls=0.0000, Reg=0.0000, Con=3.9607
2025-09-14 10:57:21,461 - INFO - Batch 1560/2278: Loss=1.3070, Cls=0.0000, Reg=0.1188, Con=3.9608
2025-09-14 10:57:22,351 - INFO - Batch 1570/2278: Loss=1.1882, Cls=0.0000, Reg=0.0000, Con=3.9608
2025-09-14 10:57:23,289 - INFO - Batch 1580/2278: Loss=1.1882, Cls=0.0000, Reg=0.0000, Con=3.9608
2025-09-14 10:57:24,174 - INFO - Batch 1590/2278: Loss=1.1883, Cls=0.0000, Reg=0.0000, Con=3.9609
2025-09-14 10:57:25,027 - INFO - Batch 1600/2278: Loss=1.1882, Cls=0.0000, Reg=0.0000, Con=3.9608
2025-09-14 10:57:25,896 - INFO - Batch 1610/2278: Loss=3.7319, Cls=0.0000, Reg=2.5437, Con=3.9608
2025-09-14 10:57:26,775 - INFO - Batch 1620/2278: Loss=1.2012, Cls=0.0000, Reg=0.0130, Con=3.9608
2025-09-14 10:57:27,659 - INFO - Batch 1630/2278: Loss=1.1882, Cls=0.0000, Reg=0.0000, Con=3.9608
2025-09-14 10:57:28,538 - INFO - Batch 1640/2278: Loss=1.1883, Cls=0.0000, Reg=0.0000, Con=3.9609
2025-09-14 10:57:29,403 - INFO - Batch 1650/2278: Loss=1.1882, Cls=0.0000, Reg=0.0000, Con=3.9608
2025-09-14 10:57:30,274 - INFO - Batch 1660/2278: Loss=0.0000, Cls=0.0000, Reg=0.0000, Con=0.0000
2025-09-14 10:57:31,158 - INFO - Batch 1670/2278: Loss=1.1884, Cls=0.0000, Reg=0.0000, Con=3.9613
2025-09-14 10:57:32,138 - INFO - Batch 1680/2278: Loss=1.1919, Cls=0.0000, Reg=0.0037, Con=3.9608
2025-09-14 10:57:33,153 - INFO - Batch 1690/2278: Loss=0.3109, Cls=0.0000, Reg=0.3109, Con=0.0000
2025-09-14 10:57:34,014 - INFO - Batch 1700/2278: Loss=1.7850, Cls=0.0000, Reg=0.5968, Con=3.9608
2025-09-14 10:57:34,865 - INFO - Batch 1710/2278: Loss=1.1882, Cls=0.0000, Reg=0.0000, Con=3.9608
2025-09-14 10:57:35,775 - INFO - Batch 1720/2278: Loss=3.2412, Cls=0.0000, Reg=2.0529, Con=3.9609
2025-09-14 10:57:36,686 - INFO - Batch 1730/2278: Loss=1.1883, Cls=0.0000, Reg=0.0000, Con=3.9610
2025-09-14 10:57:37,633 - INFO - Batch 1740/2278: Loss=1.9462, Cls=0.0000, Reg=0.7580, Con=3.9608
2025-09-14 10:57:38,521 - INFO - Batch 1750/2278: Loss=1.1883, Cls=0.0000, Reg=0.0000, Con=3.9610
2025-09-14 10:57:39,422 - INFO - Batch 1760/2278: Loss=1.1883, Cls=0.0000, Reg=0.0000, Con=3.9609
2025-09-14 10:57:40,289 - INFO - Batch 1770/2278: Loss=1.1883, Cls=0.0000, Reg=0.0000, Con=3.9610
2025-09-14 10:57:41,174 - INFO - Batch 1780/2278: Loss=1.1883, Cls=0.0000, Reg=0.0000, Con=3.9611
2025-09-14 10:57:42,095 - INFO - Batch 1790/2278: Loss=1.1882, Cls=0.0000, Reg=0.0000, Con=3.9608
2025-09-14 10:57:43,115 - INFO - Batch 1800/2278: Loss=0.0000, Cls=0.0000, Reg=0.0000, Con=0.0000
2025-09-14 10:57:44,020 - INFO - Batch 1810/2278: Loss=4.2911, Cls=0.0000, Reg=3.1028, Con=3.9609
2025-09-14 10:57:44,867 - INFO - Batch 1820/2278: Loss=0.0000, Cls=0.0000, Reg=0.0000, Con=0.0000
2025-09-14 10:57:45,719 - INFO - Batch 1830/2278: Loss=1.1883, Cls=0.0000, Reg=0.0000, Con=3.9609
2025-09-14 10:57:46,590 - INFO - Batch 1840/2278: Loss=0.0000, Cls=0.0000, Reg=0.0000, Con=0.0000
2025-09-14 10:57:47,480 - INFO - Batch 1850/2278: Loss=1.1882, Cls=0.0000, Reg=0.0000, Con=3.9608
2025-09-14 10:57:48,333 - INFO - Batch 1860/2278: Loss=1.1883, Cls=0.0000, Reg=0.0000, Con=3.9612
2025-09-14 10:57:49,187 - INFO - Batch 1870/2278: Loss=1.1883, Cls=0.0000, Reg=0.0000, Con=3.9609
2025-09-14 10:57:50,074 - INFO - Batch 1880/2278: Loss=1.1883, Cls=0.0000, Reg=0.0000, Con=3.9609
2025-09-14 10:57:50,946 - INFO - Batch 1890/2278: Loss=0.0000, Cls=0.0000, Reg=0.0000, Con=0.0000
2025-09-14 10:57:51,922 - INFO - Batch 1900/2278: Loss=1.1883, Cls=0.0000, Reg=0.0000, Con=3.9609
2025-09-14 10:57:52,912 - INFO - Batch 1910/2278: Loss=0.0000, Cls=0.0000, Reg=0.0000, Con=0.0000
2025-09-14 10:57:53,882 - INFO - Batch 1920/2278: Loss=1.1882, Cls=0.0000, Reg=0.0000, Con=3.9608
2025-09-14 10:57:54,769 - INFO - Batch 1930/2278: Loss=1.2996, Cls=0.0000, Reg=0.1113, Con=3.9608
2025-09-14 10:57:55,651 - INFO - Batch 1940/2278: Loss=1.1882, Cls=0.0000, Reg=0.0000, Con=3.9608
2025-09-14 10:57:56,497 - INFO - Batch 1950/2278: Loss=0.0000, Cls=0.0000, Reg=0.0000, Con=0.0000
2025-09-14 10:57:57,357 - INFO - Batch 1960/2278: Loss=1.4783, Cls=0.0000, Reg=0.2900, Con=3.9610
2025-09-14 10:57:58,230 - INFO - Batch 1970/2278: Loss=1.1882, Cls=0.0000, Reg=0.0000, Con=3.9607
2025-09-14 10:57:59,099 - INFO - Batch 1980/2278: Loss=1.1882, Cls=0.0000, Reg=0.0000, Con=3.9608
2025-09-14 10:57:59,956 - INFO - Batch 1990/2278: Loss=1.1883, Cls=0.0000, Reg=0.0000, Con=3.9610
2025-09-14 10:58:00,832 - INFO - Batch 2000/2278: Loss=0.0000, Cls=0.0000, Reg=0.0000, Con=0.0000
2025-09-14 10:58:01,715 - INFO - Batch 2010/2278: Loss=0.0000, Cls=0.0000, Reg=0.0000, Con=0.0000
2025-09-14 10:58:02,715 - INFO - Batch 2020/2278: Loss=0.1506, Cls=0.0000, Reg=0.1506, Con=0.0000
2025-09-14 10:58:03,632 - INFO - Batch 2030/2278: Loss=1.1883, Cls=0.0000, Reg=0.0000, Con=3.9610
2025-09-14 10:58:04,498 - INFO - Batch 2040/2278: Loss=1.1883, Cls=0.0000, Reg=0.0000, Con=3.9610
2025-09-14 10:58:05,393 - INFO - Batch 2050/2278: Loss=1.2719, Cls=0.0000, Reg=0.0836, Con=3.9608
2025-09-14 10:58:06,263 - INFO - Batch 2060/2278: Loss=2.4365, Cls=0.0000, Reg=1.2483, Con=3.9608
2025-09-14 10:58:07,178 - INFO - Batch 2070/2278: Loss=0.0000, Cls=0.0000, Reg=0.0000, Con=0.0000
2025-09-14 10:58:08,035 - INFO - Batch 2080/2278: Loss=1.1882, Cls=0.0000, Reg=0.0000, Con=3.9607
2025-09-14 10:58:08,992 - INFO - Batch 2090/2278: Loss=0.2363, Cls=0.0000, Reg=0.2363, Con=0.0000
2025-09-14 10:58:09,850 - INFO - Batch 2100/2278: Loss=0.0000, Cls=0.0000, Reg=0.0000, Con=0.0000
2025-09-14 10:58:10,729 - INFO - Batch 2110/2278: Loss=1.1883, Cls=0.0000, Reg=0.0000, Con=3.9609
2025-09-14 10:58:11,594 - INFO - Batch 2120/2278: Loss=1.2115, Cls=0.0000, Reg=0.0231, Con=3.9613
2025-09-14 10:58:12,479 - INFO - Batch 2130/2278: Loss=1.8119, Cls=0.0000, Reg=0.6234, Con=3.9616
2025-09-14 10:58:13,351 - INFO - Batch 2140/2278: Loss=1.4207, Cls=0.0000, Reg=0.2324, Con=3.9612
2025-09-14 10:58:14,211 - INFO - Batch 2150/2278: Loss=1.1883, Cls=0.0000, Reg=0.0000, Con=3.9609
2025-09-14 10:58:15,097 - INFO - Batch 2160/2278: Loss=1.1883, Cls=0.0000, Reg=0.0000, Con=3.9610
2025-09-14 10:58:15,982 - INFO - Batch 2170/2278: Loss=1.1883, Cls=0.0000, Reg=0.0000, Con=3.9608
2025-09-14 10:58:16,963 - INFO - Batch 2180/2278: Loss=1.1882, Cls=0.0000, Reg=0.0000, Con=3.9607
2025-09-14 10:58:17,890 - INFO - Batch 2190/2278: Loss=1.3981, Cls=0.0000, Reg=0.2099, Con=3.9608
2025-09-14 10:58:18,823 - INFO - Batch 2200/2278: Loss=1.1885, Cls=0.0000, Reg=0.0000, Con=3.9616
2025-09-14 10:58:19,768 - INFO - Batch 2210/2278: Loss=0.0000, Cls=0.0000, Reg=0.0000, Con=0.0000
2025-09-14 10:58:20,661 - INFO - Batch 2220/2278: Loss=0.0000, Cls=0.0000, Reg=0.0000, Con=0.0000
2025-09-14 10:58:21,571 - INFO - Batch 2230/2278: Loss=1.1883, Cls=0.0000, Reg=0.0000, Con=3.9609
2025-09-14 10:58:22,477 - INFO - Batch 2240/2278: Loss=1.1883, Cls=0.0000, Reg=0.0000, Con=3.9609
2025-09-14 10:58:23,379 - INFO - Batch 2250/2278: Loss=0.0000, Cls=0.0000, Reg=0.0000, Con=0.0000
2025-09-14 10:58:24,271 - INFO - Batch 2260/2278: Loss=1.1882, Cls=0.0000, Reg=0.0000, Con=3.9608
2025-09-14 10:58:25,185 - INFO - Batch 2270/2278: Loss=1.2033, Cls=0.0000, Reg=0.0150, Con=3.9608
2025-09-14 11:01:52,012 - INFO - === Epoch 1 Results ===
2025-09-14 11:01:52,013 - INFO - Training Loss: 1.0243 (Classification: 0.0000, Regression: 0.1235)
2025-09-14 11:01:52,013 - INFO - Validation Loss: 0.0262 (Classification: 0.0000, Regression: 0.0262)
2025-09-14 11:01:52,013 - INFO - Average R²: 0.6336 (on 1/5 tasks)
2025-09-14 11:01:52,013 - INFO - Average RMSE: 0.9647
2025-09-14 11:01:52,544 - INFO - Best model saved to: experiments/r1c3_headft_reg_3_seed_42_20250914_105500/checkpoints/r1c3_headft_reg_3_seed_42_best.pth
2025-09-14 11:01:52,544 - INFO - 
Epoch 2/3
2025-09-14 11:01:52,656 - INFO - Batch 0/2278: Loss=0.0000, Cls=0.0000, Reg=0.0000, Con=0.0000
2025-09-14 11:01:53,684 - INFO - Batch 10/2278: Loss=1.1881, Cls=0.0000, Reg=0.0000, Con=3.9604
2025-09-14 11:01:54,560 - INFO - Batch 20/2278: Loss=0.0000, Cls=0.0000, Reg=0.0000, Con=0.0000
2025-09-14 11:01:55,430 - INFO - Batch 30/2278: Loss=1.1882, Cls=0.0000, Reg=0.0000, Con=3.9608
2025-09-14 11:01:56,307 - INFO - Batch 40/2278: Loss=1.1883, Cls=0.0000, Reg=0.0000, Con=3.9609
2025-09-14 11:01:57,245 - INFO - Batch 50/2278: Loss=1.1882, Cls=0.0000, Reg=0.0000, Con=3.9608
2025-09-14 11:01:58,159 - INFO - Batch 60/2278: Loss=1.2160, Cls=0.0000, Reg=0.0277, Con=3.9609
2025-09-14 11:01:59,027 - INFO - Batch 70/2278: Loss=1.1883, Cls=0.0000, Reg=0.0000, Con=3.9609
2025-09-14 11:01:59,892 - INFO - Batch 80/2278: Loss=1.1884, Cls=0.0000, Reg=0.0000, Con=3.9612
2025-09-14 11:02:00,768 - INFO - Batch 90/2278: Loss=0.3500, Cls=0.0000, Reg=0.3500, Con=0.0000
2025-09-14 11:02:01,657 - INFO - Batch 100/2278: Loss=1.1883, Cls=0.0000, Reg=0.0000, Con=3.9608
2025-09-14 11:02:02,533 - INFO - Batch 110/2278: Loss=0.0000, Cls=0.0000, Reg=0.0000, Con=0.0000
2025-09-14 11:02:03,407 - INFO - Batch 120/2278: Loss=1.1882, Cls=0.0000, Reg=0.0000, Con=3.9607
2025-09-14 11:02:04,291 - INFO - Batch 130/2278: Loss=1.1882, Cls=0.0000, Reg=0.0000, Con=3.9608
2025-09-14 11:02:05,157 - INFO - Batch 140/2278: Loss=0.0000, Cls=0.0000, Reg=0.0000, Con=0.0000
2025-09-14 11:02:06,051 - INFO - Batch 150/2278: Loss=1.1882, Cls=0.0000, Reg=0.0000, Con=3.9608
2025-09-14 11:02:06,929 - INFO - Batch 160/2278: Loss=1.1882, Cls=0.0000, Reg=0.0000, Con=3.9607
2025-09-14 11:02:07,780 - INFO - Batch 170/2278: Loss=1.1883, Cls=0.0000, Reg=0.0000, Con=3.9609
2025-09-14 11:02:08,682 - INFO - Batch 180/2278: Loss=0.0000, Cls=0.0000, Reg=0.0000, Con=0.0000
2025-09-14 11:02:09,558 - INFO - Batch 190/2278: Loss=0.0000, Cls=0.0000, Reg=0.0000, Con=0.0000
2025-09-14 11:02:10,474 - INFO - Batch 200/2278: Loss=0.0000, Cls=0.0000, Reg=0.0000, Con=0.0000
2025-09-14 11:02:11,424 - INFO - Batch 210/2278: Loss=1.1882, Cls=0.0000, Reg=0.0000, Con=3.9607
2025-09-14 11:02:12,415 - INFO - Batch 220/2278: Loss=1.1882, Cls=0.0000, Reg=0.0000, Con=3.9608
2025-09-14 11:02:13,311 - INFO - Batch 230/2278: Loss=0.0000, Cls=0.0000, Reg=0.0000, Con=0.0000
2025-09-14 11:02:14,350 - INFO - Batch 240/2278: Loss=1.1882, Cls=0.0000, Reg=0.0000, Con=3.9608
2025-09-14 11:02:15,406 - INFO - Batch 250/2278: Loss=1.1883, Cls=0.0000, Reg=0.0000, Con=3.9608
2025-09-14 11:02:16,386 - INFO - Batch 260/2278: Loss=2.3954, Cls=0.0000, Reg=1.2071, Con=3.9608
2025-09-14 11:02:17,272 - INFO - Batch 270/2278: Loss=1.1882, Cls=0.0000, Reg=0.0000, Con=3.9608
2025-09-14 11:02:18,150 - INFO - Batch 280/2278: Loss=0.0000, Cls=0.0000, Reg=0.0000, Con=0.0000
2025-09-14 11:02:19,050 - INFO - Batch 290/2278: Loss=1.1882, Cls=0.0000, Reg=0.0000, Con=3.9608
2025-09-14 11:02:19,998 - INFO - Batch 300/2278: Loss=1.2136, Cls=0.0000, Reg=1.2136, Con=0.0000
2025-09-14 11:02:20,949 - INFO - Batch 310/2278: Loss=0.0000, Cls=0.0000, Reg=0.0000, Con=0.0000
2025-09-14 11:02:21,876 - INFO - Batch 320/2278: Loss=1.5750, Cls=0.0000, Reg=0.3868, Con=3.9608
2025-09-14 11:02:22,773 - INFO - Batch 330/2278: Loss=1.1883, Cls=0.0000, Reg=0.0000, Con=3.9609
2025-09-14 11:02:23,675 - INFO - Batch 340/2278: Loss=0.0000, Cls=0.0000, Reg=0.0000, Con=0.0000
2025-09-14 11:02:24,571 - INFO - Batch 350/2278: Loss=1.1882, Cls=0.0000, Reg=0.0000, Con=3.9608
2025-09-14 11:02:25,456 - INFO - Batch 360/2278: Loss=0.0000, Cls=0.0000, Reg=0.0000, Con=0.0000
2025-09-14 11:02:26,360 - INFO - Batch 370/2278: Loss=1.1883, Cls=0.0000, Reg=0.0000, Con=3.9610
2025-09-14 11:02:27,333 - INFO - Batch 380/2278: Loss=1.1883, Cls=0.0000, Reg=0.0000, Con=3.9610
2025-09-14 11:02:28,216 - INFO - Batch 390/2278: Loss=1.1883, Cls=0.0000, Reg=0.0000, Con=3.9609
2025-09-14 11:02:29,123 - INFO - Batch 400/2278: Loss=1.1883, Cls=0.0000, Reg=0.0000, Con=3.9611
2025-09-14 11:02:30,044 - INFO - Batch 410/2278: Loss=1.1882, Cls=0.0000, Reg=0.0000, Con=3.9608
2025-09-14 11:02:30,953 - INFO - Batch 420/2278: Loss=1.1961, Cls=0.0000, Reg=0.0079, Con=3.9608
2025-09-14 11:02:31,846 - INFO - Batch 430/2278: Loss=1.1882, Cls=0.0000, Reg=0.0000, Con=3.9608
2025-09-14 11:02:32,700 - INFO - Batch 440/2278: Loss=1.1883, Cls=0.0000, Reg=0.0000, Con=3.9611
2025-09-14 11:02:33,566 - INFO - Batch 450/2278: Loss=1.1883, Cls=0.0000, Reg=0.0000, Con=3.9608
2025-09-14 11:02:34,434 - INFO - Batch 460/2278: Loss=1.1883, Cls=0.0000, Reg=0.0000, Con=3.9609
2025-09-14 11:02:35,341 - INFO - Batch 470/2278: Loss=1.2342, Cls=0.0000, Reg=0.0459, Con=3.9610
2025-09-14 11:02:36,241 - INFO - Batch 480/2278: Loss=0.0000, Cls=0.0000, Reg=0.0000, Con=0.0000
2025-09-14 11:02:37,124 - INFO - Batch 490/2278: Loss=0.0117, Cls=0.0000, Reg=0.0117, Con=0.0000
2025-09-14 11:02:37,995 - INFO - Batch 500/2278: Loss=1.5280, Cls=0.0000, Reg=0.3398, Con=3.9608
2025-09-14 11:02:38,875 - INFO - Batch 510/2278: Loss=1.1883, Cls=0.0000, Reg=0.0000, Con=3.9611
2025-09-14 11:02:39,761 - INFO - Batch 520/2278: Loss=1.1883, Cls=0.0000, Reg=0.0000, Con=3.9611
2025-09-14 11:02:40,627 - INFO - Batch 530/2278: Loss=0.0000, Cls=0.0000, Reg=0.0000, Con=0.0000
2025-09-14 11:02:41,542 - INFO - Batch 540/2278: Loss=1.1883, Cls=0.0000, Reg=0.0000, Con=3.9609
2025-09-14 11:02:42,515 - INFO - Batch 550/2278: Loss=1.3046, Cls=0.0000, Reg=0.1164, Con=3.9608
2025-09-14 11:02:43,430 - INFO - Batch 560/2278: Loss=1.1883, Cls=0.0000, Reg=0.0000, Con=3.9610
2025-09-14 11:02:44,419 - INFO - Batch 570/2278: Loss=0.0000, Cls=0.0000, Reg=0.0000, Con=0.0000
2025-09-14 11:02:45,391 - INFO - Batch 580/2278: Loss=1.1883, Cls=0.0000, Reg=0.0000, Con=3.9609
2025-09-14 11:02:46,370 - INFO - Batch 590/2278: Loss=1.1886, Cls=0.0000, Reg=0.0004, Con=3.9609
2025-09-14 11:02:47,313 - INFO - Batch 600/2278: Loss=1.1883, Cls=0.0000, Reg=0.0000, Con=3.9609
2025-09-14 11:02:48,338 - INFO - Batch 610/2278: Loss=1.1883, Cls=0.0000, Reg=0.0000, Con=3.9609
2025-09-14 11:02:49,228 - INFO - Batch 620/2278: Loss=1.2473, Cls=0.0000, Reg=0.0590, Con=3.9610
2025-09-14 11:02:50,096 - INFO - Batch 630/2278: Loss=0.0000, Cls=0.0000, Reg=0.0000, Con=0.0000
2025-09-14 11:02:50,996 - INFO - Batch 640/2278: Loss=1.1883, Cls=0.0000, Reg=0.0000, Con=3.9610
2025-09-14 11:02:51,844 - INFO - Batch 650/2278: Loss=1.1883, Cls=0.0000, Reg=0.0000, Con=3.9609
2025-09-14 11:02:52,712 - INFO - Batch 660/2278: Loss=0.0000, Cls=0.0000, Reg=0.0000, Con=0.0000
2025-09-14 11:02:53,613 - INFO - Batch 670/2278: Loss=0.0000, Cls=0.0000, Reg=0.0000, Con=0.0000
2025-09-14 11:02:54,514 - INFO - Batch 680/2278: Loss=1.9271, Cls=0.0000, Reg=0.7388, Con=3.9609
2025-09-14 11:02:55,403 - INFO - Batch 690/2278: Loss=1.1882, Cls=0.0000, Reg=0.0000, Con=3.9606
2025-09-14 11:02:56,305 - INFO - Batch 700/2278: Loss=1.1883, Cls=0.0000, Reg=0.0000, Con=3.9610
2025-09-14 11:02:57,205 - INFO - Batch 710/2278: Loss=1.1882, Cls=0.0000, Reg=0.0000, Con=3.9608
2025-09-14 11:02:58,147 - INFO - Batch 720/2278: Loss=1.1882, Cls=0.0000, Reg=0.0000, Con=3.9607
2025-09-14 11:02:59,084 - INFO - Batch 730/2278: Loss=2.2873, Cls=0.0000, Reg=1.0989, Con=3.9612
2025-09-14 11:02:59,968 - INFO - Batch 740/2278: Loss=0.0000, Cls=0.0000, Reg=0.0000, Con=0.0000
2025-09-14 11:03:00,900 - INFO - Batch 750/2278: Loss=1.1883, Cls=0.0000, Reg=0.0000, Con=3.9609
2025-09-14 11:03:01,802 - INFO - Batch 760/2278: Loss=1.1884, Cls=0.0000, Reg=0.0000, Con=3.9612
2025-09-14 11:03:02,666 - INFO - Batch 770/2278: Loss=1.1882, Cls=0.0000, Reg=0.0000, Con=3.9608
2025-09-14 11:03:03,582 - INFO - Batch 780/2278: Loss=1.5129, Cls=0.0000, Reg=0.3247, Con=3.9607
2025-09-14 11:03:04,514 - INFO - Batch 790/2278: Loss=0.0000, Cls=0.0000, Reg=0.0000, Con=0.0000
2025-09-14 11:03:05,508 - INFO - Batch 800/2278: Loss=1.1882, Cls=0.0000, Reg=0.0000, Con=3.9608
2025-09-14 11:03:06,460 - INFO - Batch 810/2278: Loss=1.1883, Cls=0.0000, Reg=0.0000, Con=3.9608
2025-09-14 11:03:07,421 - INFO - Batch 820/2278: Loss=0.0000, Cls=0.0000, Reg=0.0000, Con=0.0000
2025-09-14 11:03:08,406 - INFO - Batch 830/2278: Loss=1.1883, Cls=0.0000, Reg=0.0000, Con=3.9611
2025-09-14 11:03:09,306 - INFO - Batch 840/2278: Loss=1.4501, Cls=0.0000, Reg=0.2619, Con=3.9608
2025-09-14 11:03:10,198 - INFO - Batch 850/2278: Loss=1.1883, Cls=0.0000, Reg=0.0000, Con=3.9608
2025-09-14 11:03:11,117 - INFO - Batch 860/2278: Loss=0.0000, Cls=0.0000, Reg=0.0000, Con=0.0000
2025-09-14 11:03:12,050 - INFO - Batch 870/2278: Loss=1.1883, Cls=0.0000, Reg=0.0000, Con=3.9609
2025-09-14 11:03:12,924 - INFO - Batch 880/2278: Loss=1.1883, Cls=0.0000, Reg=0.0000, Con=3.9609
2025-09-14 11:03:13,794 - INFO - Batch 890/2278: Loss=1.1883, Cls=0.0000, Reg=0.0000, Con=3.9609
2025-09-14 11:03:14,687 - INFO - Batch 900/2278: Loss=1.1883, Cls=0.0000, Reg=0.0000, Con=3.9609
2025-09-14 11:03:15,653 - INFO - Batch 910/2278: Loss=1.6665, Cls=0.0000, Reg=0.4782, Con=3.9611
2025-09-14 11:03:16,539 - INFO - Batch 920/2278: Loss=1.2773, Cls=0.0000, Reg=0.0890, Con=3.9608
2025-09-14 11:03:17,420 - INFO - Batch 930/2278: Loss=1.1882, Cls=0.0000, Reg=0.0000, Con=3.9608
2025-09-14 11:03:18,378 - INFO - Batch 940/2278: Loss=1.1882, Cls=0.0000, Reg=0.0000, Con=3.9608
2025-09-14 11:03:19,338 - INFO - Batch 950/2278: Loss=1.1882, Cls=0.0000, Reg=0.0000, Con=3.9608
2025-09-14 11:03:20,273 - INFO - Batch 960/2278: Loss=1.1882, Cls=0.0000, Reg=0.0000, Con=3.9607
2025-09-14 11:03:21,154 - INFO - Batch 970/2278: Loss=1.2745, Cls=0.0000, Reg=0.0862, Con=3.9609
2025-09-14 11:03:22,021 - INFO - Batch 980/2278: Loss=1.1883, Cls=0.0000, Reg=0.0000, Con=3.9609
2025-09-14 11:03:22,981 - INFO - Batch 990/2278: Loss=1.1882, Cls=0.0000, Reg=0.0000, Con=3.9606
2025-09-14 11:03:23,986 - INFO - Batch 1000/2278: Loss=1.3190, Cls=0.0000, Reg=0.1307, Con=3.9608
2025-09-14 11:03:24,902 - INFO - Batch 1010/2278: Loss=1.1883, Cls=0.0000, Reg=0.0000, Con=3.9608
2025-09-14 11:03:25,771 - INFO - Batch 1020/2278: Loss=1.1884, Cls=0.0000, Reg=0.0000, Con=3.9614
2025-09-14 11:03:26,649 - INFO - Batch 1030/2278: Loss=1.1882, Cls=0.0000, Reg=0.0000, Con=3.9608
2025-09-14 11:03:27,554 - INFO - Batch 1040/2278: Loss=0.0000, Cls=0.0000, Reg=0.0000, Con=0.0000
2025-09-14 11:03:28,477 - INFO - Batch 1050/2278: Loss=1.1884, Cls=0.0000, Reg=0.0000, Con=3.9613
2025-09-14 11:03:29,386 - INFO - Batch 1060/2278: Loss=1.1882, Cls=0.0000, Reg=0.0000, Con=3.9607
2025-09-14 11:03:30,273 - INFO - Batch 1070/2278: Loss=1.3911, Cls=0.0000, Reg=0.2024, Con=3.9622
2025-09-14 11:03:31,154 - INFO - Batch 1080/2278: Loss=0.0000, Cls=0.0000, Reg=0.0000, Con=0.0000
2025-09-14 11:03:32,069 - INFO - Batch 1090/2278: Loss=1.1883, Cls=0.0000, Reg=0.0000, Con=3.9608
2025-09-14 11:03:32,935 - INFO - Batch 1100/2278: Loss=0.0000, Cls=0.0000, Reg=0.0000, Con=0.0000
2025-09-14 11:03:33,844 - INFO - Batch 1110/2278: Loss=1.1883, Cls=0.0000, Reg=0.0000, Con=3.9609
2025-09-14 11:03:34,747 - INFO - Batch 1120/2278: Loss=1.1883, Cls=0.0000, Reg=0.0000, Con=3.9609
2025-09-14 11:03:35,717 - INFO - Batch 1130/2278: Loss=1.1882, Cls=0.0000, Reg=0.0000, Con=3.9608
2025-09-14 11:03:36,618 - INFO - Batch 1140/2278: Loss=1.1882, Cls=0.0000, Reg=0.0000, Con=3.9608
2025-09-14 11:03:37,516 - INFO - Batch 1150/2278: Loss=1.2096, Cls=0.0000, Reg=0.0213, Con=3.9608
2025-09-14 11:03:38,384 - INFO - Batch 1160/2278: Loss=1.1882, Cls=0.0000, Reg=0.0000, Con=3.9608
2025-09-14 11:03:39,262 - INFO - Batch 1170/2278: Loss=0.0000, Cls=0.0000, Reg=0.0000, Con=0.0000
2025-09-14 11:03:40,164 - INFO - Batch 1180/2278: Loss=0.0000, Cls=0.0000, Reg=0.0000, Con=0.0000
2025-09-14 11:03:41,138 - INFO - Batch 1190/2278: Loss=1.4938, Cls=0.0000, Reg=0.3055, Con=3.9609
2025-09-14 11:03:42,027 - INFO - Batch 1200/2278: Loss=1.1882, Cls=0.0000, Reg=0.0000, Con=3.9608
2025-09-14 11:03:42,913 - INFO - Batch 1210/2278: Loss=0.0181, Cls=0.0000, Reg=0.0181, Con=0.0000
2025-09-14 11:03:43,835 - INFO - Batch 1220/2278: Loss=1.2189, Cls=0.0000, Reg=0.0306, Con=3.9608
2025-09-14 11:03:44,732 - INFO - Batch 1230/2278: Loss=1.1883, Cls=0.0000, Reg=0.0000, Con=3.9609
2025-09-14 11:03:45,610 - INFO - Batch 1240/2278: Loss=1.1882, Cls=0.0000, Reg=0.0000, Con=3.9607
2025-09-14 11:03:46,536 - INFO - Batch 1250/2278: Loss=1.1883, Cls=0.0000, Reg=0.0000, Con=3.9608
2025-09-14 11:03:47,429 - INFO - Batch 1260/2278: Loss=1.1883, Cls=0.0000, Reg=0.0000, Con=3.9608
2025-09-14 11:03:48,309 - INFO - Batch 1270/2278: Loss=1.1883, Cls=0.0000, Reg=0.0000, Con=3.9609
2025-09-14 11:03:49,185 - INFO - Batch 1280/2278: Loss=1.1882, Cls=0.0000, Reg=0.0000, Con=3.9608
2025-09-14 11:03:50,080 - INFO - Batch 1290/2278: Loss=1.1882, Cls=0.0000, Reg=0.0000, Con=3.9608
2025-09-14 11:03:50,957 - INFO - Batch 1300/2278: Loss=0.0000, Cls=0.0000, Reg=0.0000, Con=0.0000
2025-09-14 11:03:51,844 - INFO - Batch 1310/2278: Loss=1.1883, Cls=0.0000, Reg=0.0000, Con=3.9609
2025-09-14 11:03:52,749 - INFO - Batch 1320/2278: Loss=1.6510, Cls=0.0000, Reg=0.4628, Con=3.9608
2025-09-14 11:03:53,623 - INFO - Batch 1330/2278: Loss=1.1882, Cls=0.0000, Reg=0.0000, Con=3.9607
2025-09-14 11:03:54,553 - INFO - Batch 1340/2278: Loss=1.2517, Cls=0.0000, Reg=0.0635, Con=3.9606
2025-09-14 11:03:55,424 - INFO - Batch 1350/2278: Loss=1.1882, Cls=0.0000, Reg=0.0000, Con=3.9607
2025-09-14 11:03:56,305 - INFO - Batch 1360/2278: Loss=0.0000, Cls=0.0000, Reg=0.0000, Con=0.0000
2025-09-14 11:03:57,175 - INFO - Batch 1370/2278: Loss=1.1883, Cls=0.0000, Reg=0.0000, Con=3.9609
2025-09-14 11:03:58,035 - INFO - Batch 1380/2278: Loss=1.1883, Cls=0.0000, Reg=0.0000, Con=3.9610
2025-09-14 11:03:58,976 - INFO - Batch 1390/2278: Loss=1.1882, Cls=0.0000, Reg=0.0000, Con=3.9608
2025-09-14 11:03:59,877 - INFO - Batch 1400/2278: Loss=1.1882, Cls=0.0000, Reg=0.0000, Con=3.9608
2025-09-14 11:04:00,770 - INFO - Batch 1410/2278: Loss=2.5807, Cls=0.0000, Reg=1.3923, Con=3.9613
2025-09-14 11:04:01,692 - INFO - Batch 1420/2278: Loss=1.1883, Cls=0.0000, Reg=0.0000, Con=3.9610
2025-09-14 11:04:02,627 - INFO - Batch 1430/2278: Loss=1.1882, Cls=0.0000, Reg=0.0000, Con=3.9607
2025-09-14 11:04:03,491 - INFO - Batch 1440/2278: Loss=0.0000, Cls=0.0000, Reg=0.0000, Con=0.0000
2025-09-14 11:04:04,364 - INFO - Batch 1450/2278: Loss=1.1882, Cls=0.0000, Reg=0.0000, Con=3.9608
2025-09-14 11:04:05,257 - INFO - Batch 1460/2278: Loss=0.0247, Cls=0.0000, Reg=0.0247, Con=0.0000
2025-09-14 11:04:06,139 - INFO - Batch 1470/2278: Loss=1.7713, Cls=0.0000, Reg=0.5831, Con=3.9608
2025-09-14 11:04:07,017 - INFO - Batch 1480/2278: Loss=1.1882, Cls=0.0000, Reg=0.0000, Con=3.9608
2025-09-14 11:04:08,051 - INFO - Batch 1490/2278: Loss=1.1883, Cls=0.0000, Reg=0.0000, Con=3.9608
2025-09-14 11:04:09,093 - INFO - Batch 1500/2278: Loss=1.8010, Cls=0.0000, Reg=0.6127, Con=3.9607
2025-09-14 11:04:09,955 - INFO - Batch 1510/2278: Loss=1.1882, Cls=0.0000, Reg=0.0000, Con=3.9608
2025-09-14 11:04:10,834 - INFO - Batch 1520/2278: Loss=1.1883, Cls=0.0000, Reg=0.0000, Con=3.9609
2025-09-14 11:04:11,721 - INFO - Batch 1530/2278: Loss=1.1884, Cls=0.0000, Reg=0.0000, Con=3.9612
2025-09-14 11:04:12,613 - INFO - Batch 1540/2278: Loss=1.1883, Cls=0.0000, Reg=0.0000, Con=3.9609
2025-09-14 11:04:13,495 - INFO - Batch 1550/2278: Loss=1.1883, Cls=0.0000, Reg=0.0000, Con=3.9608
2025-09-14 11:04:14,385 - INFO - Batch 1560/2278: Loss=1.2668, Cls=0.0000, Reg=0.0785, Con=3.9609
2025-09-14 11:04:15,334 - INFO - Batch 1570/2278: Loss=1.1883, Cls=0.0000, Reg=0.0000, Con=3.9610
2025-09-14 11:04:16,303 - INFO - Batch 1580/2278: Loss=1.1883, Cls=0.0000, Reg=0.0000, Con=3.9609
2025-09-14 11:04:17,364 - INFO - Batch 1590/2278: Loss=2.7567, Cls=0.0000, Reg=1.5684, Con=3.9609
2025-09-14 11:04:18,308 - INFO - Batch 1600/2278: Loss=1.6075, Cls=0.0000, Reg=0.4191, Con=3.9611
2025-09-14 11:04:19,200 - INFO - Batch 1610/2278: Loss=1.1882, Cls=0.0000, Reg=0.0000, Con=3.9608
2025-09-14 11:04:20,111 - INFO - Batch 1620/2278: Loss=1.1905, Cls=0.0000, Reg=0.0022, Con=3.9609
2025-09-14 11:04:21,014 - INFO - Batch 1630/2278: Loss=1.1966, Cls=0.0000, Reg=0.0085, Con=3.9606
2025-09-14 11:04:21,911 - INFO - Batch 1640/2278: Loss=1.1883, Cls=0.0000, Reg=0.0000, Con=3.9610
2025-09-14 11:04:22,783 - INFO - Batch 1650/2278: Loss=1.1883, Cls=0.0000, Reg=0.0000, Con=3.9608
2025-09-14 11:04:23,746 - INFO - Batch 1660/2278: Loss=0.0000, Cls=0.0000, Reg=0.0000, Con=0.0000
2025-09-14 11:04:24,667 - INFO - Batch 1670/2278: Loss=0.0000, Cls=0.0000, Reg=0.0000, Con=0.0000
2025-09-14 11:04:25,565 - INFO - Batch 1680/2278: Loss=1.1887, Cls=0.0000, Reg=0.0000, Con=3.9624
2025-09-14 11:04:26,467 - INFO - Batch 1690/2278: Loss=0.0000, Cls=0.0000, Reg=0.0000, Con=0.0000
2025-09-14 11:04:27,395 - INFO - Batch 1700/2278: Loss=1.1883, Cls=0.0000, Reg=0.0000, Con=3.9609
2025-09-14 11:04:28,283 - INFO - Batch 1710/2278: Loss=1.1882, Cls=0.0000, Reg=0.0000, Con=3.9607
2025-09-14 11:04:29,152 - INFO - Batch 1720/2278: Loss=0.0000, Cls=0.0000, Reg=0.0000, Con=0.0000
2025-09-14 11:04:30,041 - INFO - Batch 1730/2278: Loss=1.1882, Cls=0.0000, Reg=0.0000, Con=3.9608
2025-09-14 11:04:30,929 - INFO - Batch 1740/2278: Loss=1.1882, Cls=0.0000, Reg=0.0000, Con=3.9608
2025-09-14 11:04:31,854 - INFO - Batch 1750/2278: Loss=1.1883, Cls=0.0000, Reg=0.0000, Con=3.9610
2025-09-14 11:04:32,760 - INFO - Batch 1760/2278: Loss=1.1883, Cls=0.0000, Reg=0.0000, Con=3.9610
2025-09-14 11:04:33,643 - INFO - Batch 1770/2278: Loss=1.1882, Cls=0.0000, Reg=0.0000, Con=3.9607
2025-09-14 11:04:34,521 - INFO - Batch 1780/2278: Loss=0.0000, Cls=0.0000, Reg=0.0000, Con=0.0000
2025-09-14 11:04:35,407 - INFO - Batch 1790/2278: Loss=0.0000, Cls=0.0000, Reg=0.0000, Con=0.0000
2025-09-14 11:04:36,402 - INFO - Batch 1800/2278: Loss=1.1883, Cls=0.0000, Reg=0.0000, Con=3.9609
2025-09-14 11:04:37,309 - INFO - Batch 1810/2278: Loss=1.1883, Cls=0.0000, Reg=0.0000, Con=3.9609
2025-09-14 11:04:38,212 - INFO - Batch 1820/2278: Loss=1.4854, Cls=0.0000, Reg=0.2972, Con=3.9608
2025-09-14 11:04:39,202 - INFO - Batch 1830/2278: Loss=1.1882, Cls=0.0000, Reg=0.0000, Con=3.9607
2025-09-14 11:04:40,150 - INFO - Batch 1840/2278: Loss=1.1882, Cls=0.0000, Reg=0.0000, Con=3.9608
2025-09-14 11:04:41,035 - INFO - Batch 1850/2278: Loss=0.0000, Cls=0.0000, Reg=0.0000, Con=0.0000
2025-09-14 11:04:41,914 - INFO - Batch 1860/2278: Loss=1.2431, Cls=0.0000, Reg=0.0548, Con=3.9609
2025-09-14 11:04:42,823 - INFO - Batch 1870/2278: Loss=1.1883, Cls=0.0000, Reg=0.0000, Con=3.9608
2025-09-14 11:04:43,777 - INFO - Batch 1880/2278: Loss=0.0000, Cls=0.0000, Reg=0.0000, Con=0.0000
2025-09-14 11:04:44,738 - INFO - Batch 1890/2278: Loss=0.3100, Cls=0.0000, Reg=0.3100, Con=0.0000
2025-09-14 11:04:45,684 - INFO - Batch 1900/2278: Loss=0.0000, Cls=0.0000, Reg=0.0000, Con=0.0000
2025-09-14 11:04:46,558 - INFO - Batch 1910/2278: Loss=1.1883, Cls=0.0000, Reg=0.0000, Con=3.9611
2025-09-14 11:04:47,454 - INFO - Batch 1920/2278: Loss=1.7604, Cls=0.0000, Reg=0.5722, Con=3.9609
2025-09-14 11:04:48,314 - INFO - Batch 1930/2278: Loss=1.1883, Cls=0.0000, Reg=0.0000, Con=3.9609
2025-09-14 11:04:49,189 - INFO - Batch 1940/2278: Loss=0.0387, Cls=0.0000, Reg=0.0387, Con=0.0000
2025-09-14 11:04:50,094 - INFO - Batch 1950/2278: Loss=0.3244, Cls=0.0000, Reg=0.3244, Con=0.0000
2025-09-14 11:04:51,078 - INFO - Batch 1960/2278: Loss=1.1882, Cls=0.0000, Reg=0.0000, Con=3.9608
2025-09-14 11:04:51,973 - INFO - Batch 1970/2278: Loss=0.0000, Cls=0.0000, Reg=0.0000, Con=0.0000
2025-09-14 11:04:52,846 - INFO - Batch 1980/2278: Loss=1.2806, Cls=0.0000, Reg=1.2806, Con=0.0000
2025-09-14 11:04:53,736 - INFO - Batch 1990/2278: Loss=0.1338, Cls=0.0000, Reg=0.1338, Con=0.0000
2025-09-14 11:04:54,632 - INFO - Batch 2000/2278: Loss=0.2951, Cls=0.0000, Reg=0.2951, Con=0.0000
2025-09-14 11:04:55,558 - INFO - Batch 2010/2278: Loss=1.1882, Cls=0.0000, Reg=0.0000, Con=3.9607
2025-09-14 11:04:56,495 - INFO - Batch 2020/2278: Loss=1.1883, Cls=0.0000, Reg=0.0000, Con=3.9611
2025-09-14 11:04:57,425 - INFO - Batch 2030/2278: Loss=1.1882, Cls=0.0000, Reg=0.0000, Con=3.9608
2025-09-14 11:04:58,320 - INFO - Batch 2040/2278: Loss=1.1883, Cls=0.0000, Reg=0.0000, Con=3.9609
2025-09-14 11:04:59,214 - INFO - Batch 2050/2278: Loss=1.1883, Cls=0.0000, Reg=0.0000, Con=3.9609
2025-09-14 11:05:00,095 - INFO - Batch 2060/2278: Loss=1.1882, Cls=0.0000, Reg=0.0000, Con=3.9607
2025-09-14 11:05:00,974 - INFO - Batch 2070/2278: Loss=1.1882, Cls=0.0000, Reg=0.0000, Con=3.9608
2025-09-14 11:05:01,848 - INFO - Batch 2080/2278: Loss=0.0000, Cls=0.0000, Reg=0.0000, Con=0.0000
2025-09-14 11:05:02,733 - INFO - Batch 2090/2278: Loss=1.1883, Cls=0.0000, Reg=0.0000, Con=3.9608
2025-09-14 11:05:03,597 - INFO - Batch 2100/2278: Loss=0.0000, Cls=0.0000, Reg=0.0000, Con=0.0000
2025-09-14 11:05:04,480 - INFO - Batch 2110/2278: Loss=1.1883, Cls=0.0000, Reg=0.0000, Con=3.9610
2025-09-14 11:05:05,351 - INFO - Batch 2120/2278: Loss=1.1882, Cls=0.0000, Reg=0.0000, Con=3.9607
2025-09-14 11:05:06,261 - INFO - Batch 2130/2278: Loss=1.1883, Cls=0.0000, Reg=0.0000, Con=3.9609
2025-09-14 11:05:07,179 - INFO - Batch 2140/2278: Loss=1.1882, Cls=0.0000, Reg=0.0000, Con=3.9607
2025-09-14 11:05:08,089 - INFO - Batch 2150/2278: Loss=0.0000, Cls=0.0000, Reg=0.0000, Con=0.0000
2025-09-14 11:05:08,944 - INFO - Batch 2160/2278: Loss=1.1884, Cls=0.0000, Reg=0.0000, Con=3.9612
2025-09-14 11:05:09,938 - INFO - Batch 2170/2278: Loss=0.0164, Cls=0.0000, Reg=0.0164, Con=0.0000
2025-09-14 11:05:10,835 - INFO - Batch 2180/2278: Loss=1.1882, Cls=0.0000, Reg=0.0000, Con=3.9608
2025-09-14 11:05:11,698 - INFO - Batch 2190/2278: Loss=1.1882, Cls=0.0000, Reg=0.0000, Con=3.9608
2025-09-14 11:05:12,617 - INFO - Batch 2200/2278: Loss=1.1883, Cls=0.0000, Reg=0.0000, Con=3.9608
2025-09-14 11:05:13,501 - INFO - Batch 2210/2278: Loss=0.0194, Cls=0.0000, Reg=0.0194, Con=0.0000
2025-09-14 11:05:14,489 - INFO - Batch 2220/2278: Loss=1.6243, Cls=0.0000, Reg=0.4361, Con=3.9605
2025-09-14 11:05:15,405 - INFO - Batch 2230/2278: Loss=3.0059, Cls=0.0000, Reg=1.8176, Con=3.9609
2025-09-14 11:05:16,346 - INFO - Batch 2240/2278: Loss=1.1883, Cls=0.0000, Reg=0.0000, Con=3.9610
2025-09-14 11:05:17,292 - INFO - Batch 2250/2278: Loss=1.3664, Cls=0.0000, Reg=0.1782, Con=3.9609
2025-09-14 11:05:18,208 - INFO - Batch 2260/2278: Loss=1.1882, Cls=0.0000, Reg=0.0000, Con=3.9608
2025-09-14 11:05:19,142 - INFO - Batch 2270/2278: Loss=1.1882, Cls=0.0000, Reg=0.0000, Con=3.9608
2025-09-14 11:08:45,705 - INFO - === Epoch 2 Results ===
2025-09-14 11:08:45,705 - INFO - Training Loss: 1.0289 (Classification: 0.0000, Regression: 0.1192)
2025-09-14 11:08:45,705 - INFO - Validation Loss: 0.0254 (Classification: 0.0000, Regression: 0.0254)
2025-09-14 11:08:45,705 - INFO - Average R²: 0.6452 (on 1/5 tasks)
2025-09-14 11:08:45,706 - INFO - Average RMSE: 0.9493
2025-09-14 11:08:48,448 - INFO - Best model saved to: experiments/r1c3_headft_reg_3_seed_42_20250914_105500/checkpoints/r1c3_headft_reg_3_seed_42_best.pth
2025-09-14 11:08:48,448 - INFO - 
Epoch 3/3
2025-09-14 11:08:48,588 - INFO - Batch 0/2278: Loss=1.1882, Cls=0.0000, Reg=0.0000, Con=3.9608
2025-09-14 11:08:49,472 - INFO - Batch 10/2278: Loss=0.0000, Cls=0.0000, Reg=0.0000, Con=0.0000
2025-09-14 11:08:50,364 - INFO - Batch 20/2278: Loss=1.1882, Cls=0.0000, Reg=0.0000, Con=3.9608
2025-09-14 11:08:51,371 - INFO - Batch 30/2278: Loss=1.1883, Cls=0.0000, Reg=0.0000, Con=3.9611
2025-09-14 11:08:52,407 - INFO - Batch 40/2278: Loss=1.1882, Cls=0.0000, Reg=0.0000, Con=3.9608
2025-09-14 11:08:53,456 - INFO - Batch 50/2278: Loss=1.1883, Cls=0.0000, Reg=0.0000, Con=3.9609
2025-09-14 11:08:54,358 - INFO - Batch 60/2278: Loss=1.1882, Cls=0.0000, Reg=0.0000, Con=3.9607
2025-09-14 11:08:55,247 - INFO - Batch 70/2278: Loss=1.1884, Cls=0.0000, Reg=0.0000, Con=3.9613
2025-09-14 11:08:56,111 - INFO - Batch 80/2278: Loss=0.0000, Cls=0.0000, Reg=0.0000, Con=0.0000
2025-09-14 11:08:57,092 - INFO - Batch 90/2278: Loss=1.1883, Cls=0.0000, Reg=0.0000, Con=3.9608
2025-09-14 11:08:57,981 - INFO - Batch 100/2278: Loss=0.0000, Cls=0.0000, Reg=0.0000, Con=0.0000
2025-09-14 11:08:58,884 - INFO - Batch 110/2278: Loss=1.1883, Cls=0.0000, Reg=0.0000, Con=3.9608
2025-09-14 11:08:59,761 - INFO - Batch 120/2278: Loss=0.0000, Cls=0.0000, Reg=0.0000, Con=0.0000
2025-09-14 11:09:00,646 - INFO - Batch 130/2278: Loss=1.1883, Cls=0.0000, Reg=0.0000, Con=3.9611
2025-09-14 11:09:01,561 - INFO - Batch 140/2278: Loss=1.1883, Cls=0.0000, Reg=0.0000, Con=3.9609
2025-09-14 11:09:02,427 - INFO - Batch 150/2278: Loss=1.1883, Cls=0.0000, Reg=0.0000, Con=3.9610
2025-09-14 11:09:03,306 - INFO - Batch 160/2278: Loss=1.1882, Cls=0.0000, Reg=0.0000, Con=3.9608
2025-09-14 11:09:04,168 - INFO - Batch 170/2278: Loss=1.1882, Cls=0.0000, Reg=0.0000, Con=3.9608
2025-09-14 11:09:05,073 - INFO - Batch 180/2278: Loss=1.2981, Cls=0.0000, Reg=0.1098, Con=3.9609
2025-09-14 11:09:06,056 - INFO - Batch 190/2278: Loss=1.1882, Cls=0.0000, Reg=0.0000, Con=3.9608
2025-09-14 11:09:06,929 - INFO - Batch 200/2278: Loss=1.3463, Cls=0.0000, Reg=0.1581, Con=3.9608
2025-09-14 11:09:07,812 - INFO - Batch 210/2278: Loss=1.1882, Cls=0.0000, Reg=0.0000, Con=3.9606
2025-09-14 11:09:08,686 - INFO - Batch 220/2278: Loss=0.0000, Cls=0.0000, Reg=0.0000, Con=0.0000
2025-09-14 11:09:09,572 - INFO - Batch 230/2278: Loss=1.1882, Cls=0.0000, Reg=0.0000, Con=3.9608
2025-09-14 11:09:10,464 - INFO - Batch 240/2278: Loss=0.0118, Cls=0.0000, Reg=0.0118, Con=0.0000
2025-09-14 11:09:11,324 - INFO - Batch 250/2278: Loss=0.0000, Cls=0.0000, Reg=0.0000, Con=0.0000
2025-09-14 11:09:12,246 - INFO - Batch 260/2278: Loss=0.0000, Cls=0.0000, Reg=0.0000, Con=0.0000
2025-09-14 11:09:13,177 - INFO - Batch 270/2278: Loss=1.1882, Cls=0.0000, Reg=0.0000, Con=3.9607
2025-09-14 11:09:14,038 - INFO - Batch 280/2278: Loss=0.2695, Cls=0.0000, Reg=0.2695, Con=0.0000
2025-09-14 11:09:14,915 - INFO - Batch 290/2278: Loss=1.1883, Cls=0.0000, Reg=0.0000, Con=3.9609
2025-09-14 11:09:15,815 - INFO - Batch 300/2278: Loss=0.0000, Cls=0.0000, Reg=0.0000, Con=0.0000
2025-09-14 11:09:16,740 - INFO - Batch 310/2278: Loss=1.3519, Cls=0.0000, Reg=0.1636, Con=3.9610
2025-09-14 11:09:17,620 - INFO - Batch 320/2278: Loss=1.1883, Cls=0.0000, Reg=0.0000, Con=3.9609
2025-09-14 11:09:18,584 - INFO - Batch 330/2278: Loss=1.9762, Cls=0.0000, Reg=0.7879, Con=3.9608
2025-09-14 11:09:19,509 - INFO - Batch 340/2278: Loss=0.0000, Cls=0.0000, Reg=0.0000, Con=0.0000
2025-09-14 11:09:20,410 - INFO - Batch 350/2278: Loss=1.6691, Cls=0.0000, Reg=0.4806, Con=3.9618
2025-09-14 11:09:21,313 - INFO - Batch 360/2278: Loss=1.9165, Cls=0.0000, Reg=0.7283, Con=3.9609
2025-09-14 11:09:22,185 - INFO - Batch 370/2278: Loss=0.7397, Cls=0.0000, Reg=0.7397, Con=0.0000
2025-09-14 11:09:23,088 - INFO - Batch 380/2278: Loss=1.1882, Cls=0.0000, Reg=0.0000, Con=3.9608
2025-09-14 11:09:24,011 - INFO - Batch 390/2278: Loss=1.1882, Cls=0.0000, Reg=0.0000, Con=3.9607
2025-09-14 11:09:25,007 - INFO - Batch 400/2278: Loss=1.1884, Cls=0.0000, Reg=0.0000, Con=3.9612
2025-09-14 11:09:25,992 - INFO - Batch 410/2278: Loss=1.1883, Cls=0.0000, Reg=0.0000, Con=3.9609
2025-09-14 11:09:26,972 - INFO - Batch 420/2278: Loss=0.0000, Cls=0.0000, Reg=0.0000, Con=0.0000
2025-09-14 11:09:27,846 - INFO - Batch 430/2278: Loss=1.1882, Cls=0.0000, Reg=0.0000, Con=3.9607
2025-09-14 11:09:28,721 - INFO - Batch 440/2278: Loss=1.1882, Cls=0.0000, Reg=0.0000, Con=3.9608
2025-09-14 11:09:29,608 - INFO - Batch 450/2278: Loss=1.1883, Cls=0.0000, Reg=0.0000, Con=3.9609
2025-09-14 11:09:30,543 - INFO - Batch 460/2278: Loss=0.0578, Cls=0.0000, Reg=0.0578, Con=0.0000
2025-09-14 11:09:31,447 - INFO - Batch 470/2278: Loss=1.6881, Cls=0.0000, Reg=0.4998, Con=3.9607
2025-09-14 11:09:32,329 - INFO - Batch 480/2278: Loss=1.1882, Cls=0.0000, Reg=0.0000, Con=3.9608
2025-09-14 11:09:33,213 - INFO - Batch 490/2278: Loss=1.2860, Cls=0.0000, Reg=1.2860, Con=0.0000
2025-09-14 11:09:34,193 - INFO - Batch 500/2278: Loss=0.0000, Cls=0.0000, Reg=0.0000, Con=0.0000
2025-09-14 11:09:35,257 - INFO - Batch 510/2278: Loss=0.4640, Cls=0.0000, Reg=0.4640, Con=0.0000
2025-09-14 11:09:36,180 - INFO - Batch 520/2278: Loss=0.0000, Cls=0.0000, Reg=0.0000, Con=0.0000
2025-09-14 11:09:37,084 - INFO - Batch 530/2278: Loss=1.1883, Cls=0.0000, Reg=0.0000, Con=3.9609
2025-09-14 11:09:38,097 - INFO - Batch 540/2278: Loss=1.1882, Cls=0.0000, Reg=0.0000, Con=3.9607
2025-09-14 11:09:38,996 - INFO - Batch 550/2278: Loss=1.1882, Cls=0.0000, Reg=0.0000, Con=3.9608
2025-09-14 11:09:39,893 - INFO - Batch 560/2278: Loss=1.1884, Cls=0.0000, Reg=0.0000, Con=3.9613
2025-09-14 11:09:40,810 - INFO - Batch 570/2278: Loss=1.1882, Cls=0.0000, Reg=0.0000, Con=3.9608
2025-09-14 11:09:41,881 - INFO - Batch 580/2278: Loss=1.1882, Cls=0.0000, Reg=0.0000, Con=3.9607
2025-09-14 11:09:42,815 - INFO - Batch 590/2278: Loss=1.3693, Cls=0.0000, Reg=0.1810, Con=3.9608
2025-09-14 11:09:43,736 - INFO - Batch 600/2278: Loss=1.2128, Cls=0.0000, Reg=0.0246, Con=3.9608
2025-09-14 11:09:44,660 - INFO - Batch 610/2278: Loss=1.1884, Cls=0.0000, Reg=0.0000, Con=3.9613
2025-09-14 11:09:45,732 - INFO - Batch 620/2278: Loss=1.1882, Cls=0.0000, Reg=0.0000, Con=3.9608
2025-09-14 11:09:46,635 - INFO - Batch 630/2278: Loss=0.0000, Cls=0.0000, Reg=0.0000, Con=0.0000
2025-09-14 11:09:47,546 - INFO - Batch 640/2278: Loss=1.1885, Cls=0.0000, Reg=0.0002, Con=3.9611
2025-09-14 11:09:48,417 - INFO - Batch 650/2278: Loss=1.1883, Cls=0.0000, Reg=0.0000, Con=3.9611
2025-09-14 11:09:49,328 - INFO - Batch 660/2278: Loss=1.1883, Cls=0.0000, Reg=0.0000, Con=3.9609
2025-09-14 11:09:50,205 - INFO - Batch 670/2278: Loss=1.1883, Cls=0.0000, Reg=0.0000, Con=3.9609
2025-09-14 11:09:51,119 - INFO - Batch 680/2278: Loss=1.1883, Cls=0.0000, Reg=0.0000, Con=3.9609
2025-09-14 11:09:51,989 - INFO - Batch 690/2278: Loss=0.0000, Cls=0.0000, Reg=0.0000, Con=0.0000
2025-09-14 11:09:52,902 - INFO - Batch 700/2278: Loss=1.1882, Cls=0.0000, Reg=0.0000, Con=3.9608
2025-09-14 11:09:53,790 - INFO - Batch 710/2278: Loss=1.3929, Cls=0.0000, Reg=0.2048, Con=3.9604
2025-09-14 11:09:54,687 - INFO - Batch 720/2278: Loss=0.0000, Cls=0.0000, Reg=0.0000, Con=0.0000
2025-09-14 11:09:55,578 - INFO - Batch 730/2278: Loss=0.0000, Cls=0.0000, Reg=0.0000, Con=0.0000
2025-09-14 11:09:56,480 - INFO - Batch 740/2278: Loss=1.1882, Cls=0.0000, Reg=0.0000, Con=3.9606
2025-09-14 11:09:57,346 - INFO - Batch 750/2278: Loss=0.3873, Cls=0.0000, Reg=0.3873, Con=0.0000
2025-09-14 11:09:58,208 - INFO - Batch 760/2278: Loss=0.0000, Cls=0.0000, Reg=0.0000, Con=0.0000
2025-09-14 11:09:59,106 - INFO - Batch 770/2278: Loss=1.1884, Cls=0.0000, Reg=0.0000, Con=3.9614
2025-09-14 11:10:00,004 - INFO - Batch 780/2278: Loss=1.1883, Cls=0.0000, Reg=0.0000, Con=3.9609
2025-09-14 11:10:00,879 - INFO - Batch 790/2278: Loss=1.1882, Cls=0.0000, Reg=0.0000, Con=3.9608
2025-09-14 11:10:01,788 - INFO - Batch 800/2278: Loss=1.1882, Cls=0.0000, Reg=0.0000, Con=3.9608
2025-09-14 11:10:02,808 - INFO - Batch 810/2278: Loss=1.1883, Cls=0.0000, Reg=0.0000, Con=3.9611
2025-09-14 11:10:03,807 - INFO - Batch 820/2278: Loss=0.0000, Cls=0.0000, Reg=0.0000, Con=0.0000
2025-09-14 11:10:04,698 - INFO - Batch 830/2278: Loss=1.1883, Cls=0.0000, Reg=0.0000, Con=3.9609
2025-09-14 11:10:05,598 - INFO - Batch 840/2278: Loss=1.1883, Cls=0.0000, Reg=0.0000, Con=3.9609
2025-09-14 11:10:06,534 - INFO - Batch 850/2278: Loss=0.0000, Cls=0.0000, Reg=0.0000, Con=0.0000
2025-09-14 11:10:07,398 - INFO - Batch 860/2278: Loss=0.0000, Cls=0.0000, Reg=0.0000, Con=0.0000
2025-09-14 11:10:08,272 - INFO - Batch 870/2278: Loss=1.1882, Cls=0.0000, Reg=0.0000, Con=3.9608
2025-09-14 11:10:09,175 - INFO - Batch 880/2278: Loss=0.0000, Cls=0.0000, Reg=0.0000, Con=0.0000
2025-09-14 11:10:10,059 - INFO - Batch 890/2278: Loss=1.1882, Cls=0.0000, Reg=0.0000, Con=3.9607
2025-09-14 11:10:10,964 - INFO - Batch 900/2278: Loss=1.1882, Cls=0.0000, Reg=0.0000, Con=3.9608
2025-09-14 11:10:11,833 - INFO - Batch 910/2278: Loss=1.1883, Cls=0.0000, Reg=0.0000, Con=3.9609
2025-09-14 11:10:12,740 - INFO - Batch 920/2278: Loss=2.5983, Cls=0.0000, Reg=1.4100, Con=3.9608
2025-09-14 11:10:13,602 - INFO - Batch 930/2278: Loss=0.5018, Cls=0.0000, Reg=0.5018, Con=0.0000
2025-09-14 11:10:14,473 - INFO - Batch 940/2278: Loss=1.4330, Cls=0.0000, Reg=0.2446, Con=3.9612
2025-09-14 11:10:15,360 - INFO - Batch 950/2278: Loss=1.2861, Cls=0.0000, Reg=0.0979, Con=3.9608
2025-09-14 11:10:16,234 - INFO - Batch 960/2278: Loss=1.1883, Cls=0.0000, Reg=0.0000, Con=3.9609
2025-09-14 11:10:17,147 - INFO - Batch 970/2278: Loss=1.1882, Cls=0.0000, Reg=0.0000, Con=3.9608
2025-09-14 11:10:18,014 - INFO - Batch 980/2278: Loss=1.1884, Cls=0.0000, Reg=0.0000, Con=3.9612
2025-09-14 11:10:18,892 - INFO - Batch 990/2278: Loss=1.1883, Cls=0.0000, Reg=0.0000, Con=3.9610
2025-09-14 11:10:19,757 - INFO - Batch 1000/2278: Loss=1.1883, Cls=0.0000, Reg=0.0000, Con=3.9609
2025-09-14 11:10:20,720 - INFO - Batch 1010/2278: Loss=1.1882, Cls=0.0000, Reg=0.0000, Con=3.9608
2025-09-14 11:10:21,632 - INFO - Batch 1020/2278: Loss=1.2650, Cls=0.0000, Reg=0.0767, Con=3.9611
2025-09-14 11:10:22,524 - INFO - Batch 1030/2278: Loss=0.0000, Cls=0.0000, Reg=0.0000, Con=0.0000
2025-09-14 11:10:23,432 - INFO - Batch 1040/2278: Loss=1.1882, Cls=0.0000, Reg=0.0000, Con=3.9608
2025-09-14 11:10:24,320 - INFO - Batch 1050/2278: Loss=0.0000, Cls=0.0000, Reg=0.0000, Con=0.0000
2025-09-14 11:10:25,213 - INFO - Batch 1060/2278: Loss=1.1884, Cls=0.0000, Reg=0.0000, Con=3.9613
2025-09-14 11:10:26,146 - INFO - Batch 1070/2278: Loss=1.1883, Cls=0.0000, Reg=0.0000, Con=3.9609
2025-09-14 11:10:27,031 - INFO - Batch 1080/2278: Loss=1.1883, Cls=0.0000, Reg=0.0000, Con=3.9609
2025-09-14 11:10:27,929 - INFO - Batch 1090/2278: Loss=1.1883, Cls=0.0000, Reg=0.0000, Con=3.9609
2025-09-14 11:10:28,801 - INFO - Batch 1100/2278: Loss=1.1882, Cls=0.0000, Reg=0.0000, Con=3.9608
2025-09-14 11:10:29,667 - INFO - Batch 1110/2278: Loss=0.0000, Cls=0.0000, Reg=0.0000, Con=0.0000
2025-09-14 11:10:30,565 - INFO - Batch 1120/2278: Loss=1.1883, Cls=0.0000, Reg=0.0000, Con=3.9610
2025-09-14 11:10:31,448 - INFO - Batch 1130/2278: Loss=1.1882, Cls=0.0000, Reg=0.0000, Con=3.9607
2025-09-14 11:10:32,367 - INFO - Batch 1140/2278: Loss=0.0000, Cls=0.0000, Reg=0.0000, Con=0.0000
2025-09-14 11:10:33,254 - INFO - Batch 1150/2278: Loss=0.0013, Cls=0.0000, Reg=0.0013, Con=0.0000
2025-09-14 11:10:34,153 - INFO - Batch 1160/2278: Loss=0.0125, Cls=0.0000, Reg=0.0125, Con=0.0000
2025-09-14 11:10:35,039 - INFO - Batch 1170/2278: Loss=1.1883, Cls=0.0000, Reg=0.0000, Con=3.9610
2025-09-14 11:10:35,943 - INFO - Batch 1180/2278: Loss=1.1883, Cls=0.0000, Reg=0.0000, Con=3.9609
2025-09-14 11:10:36,849 - INFO - Batch 1190/2278: Loss=0.0000, Cls=0.0000, Reg=0.0000, Con=0.0000
2025-09-14 11:10:37,740 - INFO - Batch 1200/2278: Loss=1.1884, Cls=0.0000, Reg=0.0000, Con=3.9612
2025-09-14 11:10:38,631 - INFO - Batch 1210/2278: Loss=0.0000, Cls=0.0000, Reg=0.0000, Con=0.0000
2025-09-14 11:10:39,504 - INFO - Batch 1220/2278: Loss=0.0000, Cls=0.0000, Reg=0.0000, Con=0.0000
2025-09-14 11:10:40,406 - INFO - Batch 1230/2278: Loss=1.5856, Cls=0.0000, Reg=0.3974, Con=3.9608
2025-09-14 11:10:41,298 - INFO - Batch 1240/2278: Loss=1.1882, Cls=0.0000, Reg=0.0000, Con=3.9608
2025-09-14 11:10:42,242 - INFO - Batch 1250/2278: Loss=1.1884, Cls=0.0000, Reg=0.0000, Con=3.9612
2025-09-14 11:10:43,132 - INFO - Batch 1260/2278: Loss=1.1881, Cls=0.0000, Reg=0.0000, Con=3.9605
2025-09-14 11:10:44,034 - INFO - Batch 1270/2278: Loss=1.1882, Cls=0.0000, Reg=0.0000, Con=3.9608
2025-09-14 11:10:44,923 - INFO - Batch 1280/2278: Loss=0.0000, Cls=0.0000, Reg=0.0000, Con=0.0000
2025-09-14 11:10:45,935 - INFO - Batch 1290/2278: Loss=1.1883, Cls=0.0000, Reg=0.0000, Con=3.9609
2025-09-14 11:10:46,878 - INFO - Batch 1300/2278: Loss=0.0000, Cls=0.0000, Reg=0.0000, Con=0.0000
2025-09-14 11:10:47,839 - INFO - Batch 1310/2278: Loss=1.1883, Cls=0.0000, Reg=0.0000, Con=3.9610
2025-09-14 11:10:48,778 - INFO - Batch 1320/2278: Loss=0.1361, Cls=0.0000, Reg=0.1361, Con=0.0000
2025-09-14 11:10:49,676 - INFO - Batch 1330/2278: Loss=1.2404, Cls=0.0000, Reg=0.0521, Con=3.9609
2025-09-14 11:10:50,650 - INFO - Batch 1340/2278: Loss=1.1883, Cls=0.0000, Reg=0.0000, Con=3.9610
2025-09-14 11:10:51,649 - INFO - Batch 1350/2278: Loss=1.1882, Cls=0.0000, Reg=0.0000, Con=3.9607
2025-09-14 11:10:52,662 - INFO - Batch 1360/2278: Loss=0.0000, Cls=0.0000, Reg=0.0000, Con=0.0000
2025-09-14 11:10:53,541 - INFO - Batch 1370/2278: Loss=1.1882, Cls=0.0000, Reg=0.0000, Con=3.9606
2025-09-14 11:10:54,448 - INFO - Batch 1380/2278: Loss=1.1882, Cls=0.0000, Reg=0.0000, Con=3.9608
2025-09-14 11:10:55,329 - INFO - Batch 1390/2278: Loss=1.1883, Cls=0.0000, Reg=0.0000, Con=3.9609
2025-09-14 11:10:56,263 - INFO - Batch 1400/2278: Loss=1.1884, Cls=0.0000, Reg=0.0000, Con=3.9612
2025-09-14 11:10:57,204 - INFO - Batch 1410/2278: Loss=1.1883, Cls=0.0000, Reg=0.0000, Con=3.9610
2025-09-14 11:10:58,142 - INFO - Batch 1420/2278: Loss=1.1883, Cls=0.0000, Reg=0.0000, Con=3.9609
2025-09-14 11:10:59,032 - INFO - Batch 1430/2278: Loss=1.1883, Cls=0.0000, Reg=0.0000, Con=3.9609
2025-09-14 11:10:59,947 - INFO - Batch 1440/2278: Loss=1.1884, Cls=0.0000, Reg=0.0000, Con=3.9613
2025-09-14 11:11:00,878 - INFO - Batch 1450/2278: Loss=0.0000, Cls=0.0000, Reg=0.0000, Con=0.0000
2025-09-14 11:11:01,764 - INFO - Batch 1460/2278: Loss=1.7282, Cls=0.0000, Reg=0.5400, Con=3.9609
2025-09-14 11:11:02,671 - INFO - Batch 1470/2278: Loss=1.7330, Cls=0.0000, Reg=0.5448, Con=3.9608
2025-09-14 11:11:03,536 - INFO - Batch 1480/2278: Loss=1.1882, Cls=0.0000, Reg=0.0000, Con=3.9608
2025-09-14 11:11:04,497 - INFO - Batch 1490/2278: Loss=1.1883, Cls=0.0000, Reg=0.0000, Con=3.9609
2025-09-14 11:11:05,462 - INFO - Batch 1500/2278: Loss=1.1885, Cls=0.0000, Reg=0.0000, Con=3.9617
2025-09-14 11:11:06,387 - INFO - Batch 1510/2278: Loss=1.9553, Cls=0.0000, Reg=0.7671, Con=3.9607
2025-09-14 11:11:07,263 - INFO - Batch 1520/2278: Loss=0.0000, Cls=0.0000, Reg=0.0000, Con=0.0000
2025-09-14 11:11:08,140 - INFO - Batch 1530/2278: Loss=1.2612, Cls=0.0000, Reg=0.0729, Con=3.9609
2025-09-14 11:11:09,037 - INFO - Batch 1540/2278: Loss=1.5264, Cls=0.0000, Reg=0.3382, Con=3.9608
2025-09-14 11:11:09,932 - INFO - Batch 1550/2278: Loss=1.1882, Cls=0.0000, Reg=0.0000, Con=3.9607
2025-09-14 11:11:10,817 - INFO - Batch 1560/2278: Loss=1.1882, Cls=0.0000, Reg=0.0000, Con=3.9608
2025-09-14 11:11:11,723 - INFO - Batch 1570/2278: Loss=1.1883, Cls=0.0000, Reg=0.0000, Con=3.9608
2025-09-14 11:11:12,634 - INFO - Batch 1580/2278: Loss=1.1882, Cls=0.0000, Reg=0.0000, Con=3.9608
2025-09-14 11:11:13,522 - INFO - Batch 1590/2278: Loss=0.0000, Cls=0.0000, Reg=0.0000, Con=0.0000
2025-09-14 11:11:14,404 - INFO - Batch 1600/2278: Loss=0.0000, Cls=0.0000, Reg=0.0000, Con=0.0000
2025-09-14 11:11:15,296 - INFO - Batch 1610/2278: Loss=1.1882, Cls=0.0000, Reg=0.0000, Con=3.9608
2025-09-14 11:11:16,200 - INFO - Batch 1620/2278: Loss=0.0000, Cls=0.0000, Reg=0.0000, Con=0.0000
2025-09-14 11:11:17,065 - INFO - Batch 1630/2278: Loss=1.1884, Cls=0.0000, Reg=0.0000, Con=3.9613
2025-09-14 11:11:17,966 - INFO - Batch 1640/2278: Loss=1.1883, Cls=0.0000, Reg=0.0000, Con=3.9609
2025-09-14 11:11:18,846 - INFO - Batch 1650/2278: Loss=1.1883, Cls=0.0000, Reg=0.0000, Con=3.9609
2025-09-14 11:11:19,723 - INFO - Batch 1660/2278: Loss=1.1882, Cls=0.0000, Reg=0.0000, Con=3.9607
2025-09-14 11:11:20,616 - INFO - Batch 1670/2278: Loss=0.0000, Cls=0.0000, Reg=0.0000, Con=0.0000
2025-09-14 11:11:21,529 - INFO - Batch 1680/2278: Loss=1.1883, Cls=0.0000, Reg=0.0000, Con=3.9609
2025-09-14 11:11:22,416 - INFO - Batch 1690/2278: Loss=0.0000, Cls=0.0000, Reg=0.0000, Con=0.0000
2025-09-14 11:11:23,334 - INFO - Batch 1700/2278: Loss=3.1380, Cls=0.0000, Reg=1.9497, Con=3.9608
2025-09-14 11:11:24,230 - INFO - Batch 1710/2278: Loss=1.1883, Cls=0.0000, Reg=0.0000, Con=3.9609
2025-09-14 11:11:25,137 - INFO - Batch 1720/2278: Loss=1.4149, Cls=0.0000, Reg=0.2266, Con=3.9609
2025-09-14 11:11:26,137 - INFO - Batch 1730/2278: Loss=0.0000, Cls=0.0000, Reg=0.0000, Con=0.0000
2025-09-14 11:11:27,008 - INFO - Batch 1740/2278: Loss=1.1882, Cls=0.0000, Reg=0.0000, Con=3.9608
2025-09-14 11:11:27,894 - INFO - Batch 1750/2278: Loss=1.1883, Cls=0.0000, Reg=0.0000, Con=3.9610
2025-09-14 11:11:28,861 - INFO - Batch 1760/2278: Loss=1.1883, Cls=0.0000, Reg=0.0000, Con=3.9610
2025-09-14 11:11:29,901 - INFO - Batch 1770/2278: Loss=1.1884, Cls=0.0000, Reg=0.0000, Con=3.9612
2025-09-14 11:11:30,960 - INFO - Batch 1780/2278: Loss=1.1882, Cls=0.0000, Reg=0.0000, Con=3.9607
2025-09-14 11:11:31,921 - INFO - Batch 1790/2278: Loss=1.6737, Cls=0.0000, Reg=0.4854, Con=3.9608
2025-09-14 11:11:32,800 - INFO - Batch 1800/2278: Loss=1.1882, Cls=0.0000, Reg=0.0000, Con=3.9607
2025-09-14 11:11:33,694 - INFO - Batch 1810/2278: Loss=1.1883, Cls=0.0000, Reg=0.0000, Con=3.9609
2025-09-14 11:11:34,648 - INFO - Batch 1820/2278: Loss=2.3126, Cls=0.0000, Reg=1.1244, Con=3.9607
2025-09-14 11:11:35,552 - INFO - Batch 1830/2278: Loss=1.5773, Cls=0.0000, Reg=0.3890, Con=3.9610
2025-09-14 11:11:36,460 - INFO - Batch 1840/2278: Loss=1.6126, Cls=0.0000, Reg=0.4244, Con=3.9609
2025-09-14 11:11:37,371 - INFO - Batch 1850/2278: Loss=0.2344, Cls=0.0000, Reg=0.2344, Con=0.0000
2025-09-14 11:11:38,269 - INFO - Batch 1860/2278: Loss=1.4311, Cls=0.0000, Reg=0.2429, Con=3.9607
2025-09-14 11:11:39,241 - INFO - Batch 1870/2278: Loss=1.1883, Cls=0.0000, Reg=0.0000, Con=3.9609
2025-09-14 11:11:40,266 - INFO - Batch 1880/2278: Loss=1.1882, Cls=0.0000, Reg=0.0000, Con=3.9608
2025-09-14 11:11:41,176 - INFO - Batch 1890/2278: Loss=1.1883, Cls=0.0000, Reg=0.0000, Con=3.9609
2025-09-14 11:11:42,069 - INFO - Batch 1900/2278: Loss=0.0000, Cls=0.0000, Reg=0.0000, Con=0.0000
2025-09-14 11:11:42,923 - INFO - Batch 1910/2278: Loss=0.0000, Cls=0.0000, Reg=0.0000, Con=0.0000
2025-09-14 11:11:43,805 - INFO - Batch 1920/2278: Loss=1.1883, Cls=0.0000, Reg=0.0000, Con=3.9609
2025-09-14 11:11:44,841 - INFO - Batch 1930/2278: Loss=1.1883, Cls=0.0000, Reg=0.0000, Con=3.9608
2025-09-14 11:11:45,751 - INFO - Batch 1940/2278: Loss=0.0000, Cls=0.0000, Reg=0.0000, Con=0.0000
2025-09-14 11:11:46,620 - INFO - Batch 1950/2278: Loss=0.0000, Cls=0.0000, Reg=0.0000, Con=0.0000
2025-09-14 11:11:47,510 - INFO - Batch 1960/2278: Loss=1.1882, Cls=0.0000, Reg=0.0000, Con=3.9608
2025-09-14 11:11:48,386 - INFO - Batch 1970/2278: Loss=1.1883, Cls=0.0000, Reg=0.0000, Con=3.9611
2025-09-14 11:11:49,297 - INFO - Batch 1980/2278: Loss=1.1883, Cls=0.0000, Reg=0.0000, Con=3.9609
2025-09-14 11:11:50,176 - INFO - Batch 1990/2278: Loss=1.1883, Cls=0.0000, Reg=0.0000, Con=3.9609
2025-09-14 11:11:51,093 - INFO - Batch 2000/2278: Loss=0.0131, Cls=0.0000, Reg=0.0131, Con=0.0000
2025-09-14 11:11:52,038 - INFO - Batch 2010/2278: Loss=1.1882, Cls=0.0000, Reg=0.0000, Con=3.9608
2025-09-14 11:11:53,057 - INFO - Batch 2020/2278: Loss=1.6069, Cls=0.0000, Reg=0.4185, Con=3.9610
2025-09-14 11:11:53,995 - INFO - Batch 2030/2278: Loss=0.0181, Cls=0.0000, Reg=0.0181, Con=0.0000
2025-09-14 11:11:54,875 - INFO - Batch 2040/2278: Loss=1.1896, Cls=0.0000, Reg=0.0014, Con=3.9609
2025-09-14 11:11:55,766 - INFO - Batch 2050/2278: Loss=0.0000, Cls=0.0000, Reg=0.0000, Con=0.0000
2025-09-14 11:11:56,659 - INFO - Batch 2060/2278: Loss=0.0000, Cls=0.0000, Reg=0.0000, Con=0.0000
2025-09-14 11:11:57,561 - INFO - Batch 2070/2278: Loss=1.1883, Cls=0.0000, Reg=0.0000, Con=3.9609
2025-09-14 11:11:58,444 - INFO - Batch 2080/2278: Loss=1.4134, Cls=0.0000, Reg=0.2253, Con=3.9607
2025-09-14 11:11:59,322 - INFO - Batch 2090/2278: Loss=1.1882, Cls=0.0000, Reg=0.0000, Con=3.9606
2025-09-14 11:12:00,221 - INFO - Batch 2100/2278: Loss=0.0000, Cls=0.0000, Reg=0.0000, Con=0.0000
2025-09-14 11:12:01,136 - INFO - Batch 2110/2278: Loss=0.0000, Cls=0.0000, Reg=0.0000, Con=0.0000
2025-09-14 11:12:02,014 - INFO - Batch 2120/2278: Loss=1.1883, Cls=0.0000, Reg=0.0000, Con=3.9609
2025-09-14 11:12:02,903 - INFO - Batch 2130/2278: Loss=1.3637, Cls=0.0000, Reg=0.1755, Con=3.9606
2025-09-14 11:12:03,796 - INFO - Batch 2140/2278: Loss=1.2141, Cls=0.0000, Reg=0.0258, Con=3.9610
2025-09-14 11:12:04,645 - INFO - Batch 2150/2278: Loss=1.1883, Cls=0.0000, Reg=0.0000, Con=3.9609
2025-09-14 11:12:05,533 - INFO - Batch 2160/2278: Loss=0.0000, Cls=0.0000, Reg=0.0000, Con=0.0000
2025-09-14 11:12:06,467 - INFO - Batch 2170/2278: Loss=1.2077, Cls=0.0000, Reg=0.0194, Con=3.9607
2025-09-14 11:12:07,436 - INFO - Batch 2180/2278: Loss=1.1883, Cls=0.0000, Reg=0.0000, Con=3.9609
2025-09-14 11:12:08,308 - INFO - Batch 2190/2278: Loss=1.1883, Cls=0.0000, Reg=0.0000, Con=3.9609
2025-09-14 11:12:09,205 - INFO - Batch 2200/2278: Loss=0.0000, Cls=0.0000, Reg=0.0000, Con=0.0000
2025-09-14 11:12:10,082 - INFO - Batch 2210/2278: Loss=1.1882, Cls=0.0000, Reg=0.0000, Con=3.9608
2025-09-14 11:12:10,992 - INFO - Batch 2220/2278: Loss=1.1883, Cls=0.0000, Reg=0.0000, Con=3.9609
2025-09-14 11:12:11,872 - INFO - Batch 2230/2278: Loss=1.2287, Cls=0.0000, Reg=0.0405, Con=3.9608
2025-09-14 11:12:12,755 - INFO - Batch 2240/2278: Loss=1.1884, Cls=0.0000, Reg=0.0000, Con=3.9613
2025-09-14 11:12:13,678 - INFO - Batch 2250/2278: Loss=1.1882, Cls=0.0000, Reg=0.0000, Con=3.9608
2025-09-14 11:12:14,645 - INFO - Batch 2260/2278: Loss=1.1883, Cls=0.0000, Reg=0.0000, Con=3.9612
2025-09-14 11:12:15,516 - INFO - Batch 2270/2278: Loss=1.1883, Cls=0.0000, Reg=0.0000, Con=3.9609
2025-09-14 11:15:42,711 - INFO - === Epoch 3 Results ===
2025-09-14 11:15:42,712 - INFO - Training Loss: 0.9924 (Classification: 0.0000, Regression: 0.0926)
2025-09-14 11:15:42,712 - INFO - Validation Loss: 0.0217 (Classification: 0.0000, Regression: 0.0217)
2025-09-14 11:15:42,712 - INFO - Average R²: 0.6966 (on 1/5 tasks)
2025-09-14 11:15:42,712 - INFO - Average RMSE: 0.8779
2025-09-14 11:15:45,468 - INFO - Best model saved to: experiments/r1c3_headft_reg_3_seed_42_20250914_105500/checkpoints/r1c3_headft_reg_3_seed_42_best.pth
2025-09-14 11:15:45,468 - INFO - Training finished!
2025-09-14 11:15:45,468 - INFO - Performing final evaluation...
2025-09-14 11:15:45,718 - INFO - Loaded best model from: experiments/r1c3_headft_reg_3_seed_42_20250914_105500/checkpoints/r1c3_headft_reg_3_seed_42_best.pth
2025-09-14 11:19:12,902 - INFO - Final Validation Results:
2025-09-14 11:19:12,902 - INFO -   Total Loss: 0.0217
2025-09-14 11:19:12,902 - INFO -   Classification Loss: 0.0000
2025-09-14 11:19:12,902 - INFO -   Regression Loss: 0.0217
2025-09-14 11:19:12,902 - INFO -   Average R²: 0.6966
2025-09-14 11:19:12,903 - INFO -   Average RMSE: 0.8779
2025-09-14 11:19:12,903 - INFO - Results saved to: experiments/r1c3_headft_reg_3_seed_42_20250914_105500/checkpoints/r1c3_headft_reg_3_seed_42_results.json
