2025-09-13 20:34:58,422 - INFO - 🔬 Starting experiment: r1c3_single_cls_19_seed_42
2025-09-13 20:34:58,422 - INFO - 📁 Experiment directory: experiments/r1c3_single_cls_19_seed_42_20250913_203458
2025-09-13 20:34:58,422 - INFO - 🎲 Random seed: 42
2025-09-13 20:34:58,422 - INFO - 🔒 Deterministic mode: True
2025-09-13 20:34:58,423 - INFO - Using device: cuda
2025-09-13 20:34:58,423 - INFO - Total GPU Memory: 25.16 GB
2025-09-13 20:34:58,436 - INFO - 🧪 Fusion: Using cross-attention dynamic fusion
2025-09-13 20:34:58,436 - INFO - 🧪 GNN Backbone: Using default GraphAttentionNetwork branch
2025-09-13 20:34:58,437 - INFO - 🎯 Task Mode: Single classification endpoint 19
2025-09-13 20:34:58,437 - INFO - Configuration saved to: experiments/r1c3_single_cls_19_seed_42_20250913_203458/checkpoints/config.json
2025-09-13 20:34:58,437 - INFO - 🚀 Using preprocessed data from: data/data/processed
2025-09-13 20:34:58,437 - INFO - Loading LMDB dataset from: data/data/processed
2025-09-13 20:34:58,937 - INFO - Number of training batches: 2278
2025-09-13 20:34:58,937 - INFO - Number of validation batches: 2278
2025-09-13 20:34:58,937 - INFO - Number of test batches: 2278
2025-09-13 20:34:58,937 - INFO - Creating ToxD4C model...
2025-09-13 20:34:59,981 - INFO - Model created successfully. Total parameters: 100,932,036
2025-09-13 20:34:59,981 - INFO - Testing model forward pass...
2025-09-13 20:35:00,425 - INFO - Test output shapes:
2025-09-13 20:35:00,426 - INFO -   classification: torch.Size([16, 1])
2025-09-13 20:35:00,429 - INFO -   classification contains NaN: False
2025-09-13 20:35:00,429 - INFO -   classification contains Inf: False
2025-09-13 20:35:00,429 - INFO -   regression: torch.Size([16, 0])
2025-09-13 20:35:00,429 - INFO -   regression contains NaN: False
2025-09-13 20:35:00,429 - INFO -   regression contains Inf: False
2025-09-13 20:35:00,430 - INFO - Model forward pass test successful!
2025-09-13 20:35:01,075 - INFO - 🔁 Loaded checkpoint from: experiments/r1c3_multi_full_seed_42_20250913_152627/checkpoints/r1c3_multi_full_seed_42_best.pth
2025-09-13 20:35:01,076 - INFO - 🧩 Head-only fine-tuning: unfroze head for task 'NR-ER-LBD' and froze trunk.
2025-09-13 20:35:01,077 - INFO - Starting training...
2025-09-13 20:35:01,077 - INFO - 
Epoch 1/3
2025-09-13 20:35:01,235 - INFO - Batch 0/2278: Loss=0.0028, Cls=0.0028, Reg=0.0000, Con=0.0000
2025-09-13 20:35:02,102 - INFO - Batch 10/2278: Loss=0.0107, Cls=0.0107, Reg=0.0000, Con=0.0000
2025-09-13 20:35:02,950 - INFO - Batch 20/2278: Loss=1.2178, Cls=0.0295, Reg=0.0000, Con=3.9610
2025-09-13 20:35:03,818 - INFO - Batch 30/2278: Loss=0.0000, Cls=0.0000, Reg=0.0000, Con=0.0000
2025-09-13 20:35:04,713 - INFO - Batch 40/2278: Loss=0.0038, Cls=0.0038, Reg=0.0000, Con=0.0000
2025-09-13 20:35:05,598 - INFO - Batch 50/2278: Loss=1.8480, Cls=0.6598, Reg=0.0000, Con=3.9609
2025-09-13 20:35:06,496 - INFO - Batch 60/2278: Loss=1.1971, Cls=0.0088, Reg=0.0000, Con=3.9609
2025-09-13 20:35:07,396 - INFO - Batch 70/2278: Loss=1.1882, Cls=0.0000, Reg=0.0000, Con=3.9608
2025-09-13 20:35:08,271 - INFO - Batch 80/2278: Loss=0.0010, Cls=0.0010, Reg=0.0000, Con=0.0000
2025-09-13 20:35:09,192 - INFO - Batch 90/2278: Loss=0.0324, Cls=0.0324, Reg=0.0000, Con=0.0000
2025-09-13 20:35:10,061 - INFO - Batch 100/2278: Loss=0.0075, Cls=0.0075, Reg=0.0000, Con=0.0000
2025-09-13 20:35:10,977 - INFO - Batch 110/2278: Loss=0.0229, Cls=0.0229, Reg=0.0000, Con=0.0000
2025-09-13 20:35:11,881 - INFO - Batch 120/2278: Loss=1.1890, Cls=0.0007, Reg=0.0000, Con=3.9609
2025-09-13 20:35:12,769 - INFO - Batch 130/2278: Loss=1.2071, Cls=0.0188, Reg=0.0000, Con=3.9609
2025-09-13 20:35:13,646 - INFO - Batch 140/2278: Loss=1.1891, Cls=0.0006, Reg=0.0000, Con=3.9615
2025-09-13 20:35:14,560 - INFO - Batch 150/2278: Loss=1.1922, Cls=0.0038, Reg=0.0000, Con=3.9613
2025-09-13 20:35:15,454 - INFO - Batch 160/2278: Loss=1.1974, Cls=0.0091, Reg=0.0000, Con=3.9611
2025-09-13 20:35:16,315 - INFO - Batch 170/2278: Loss=1.1884, Cls=0.0001, Reg=0.0000, Con=3.9611
2025-09-13 20:35:17,216 - INFO - Batch 180/2278: Loss=1.1890, Cls=0.0007, Reg=0.0000, Con=3.9610
2025-09-13 20:35:18,088 - INFO - Batch 190/2278: Loss=1.2019, Cls=0.0137, Reg=0.0000, Con=3.9608
2025-09-13 20:35:18,954 - INFO - Batch 200/2278: Loss=0.0057, Cls=0.0057, Reg=0.0000, Con=0.0000
2025-09-13 20:35:19,839 - INFO - Batch 210/2278: Loss=0.0062, Cls=0.0062, Reg=0.0000, Con=0.0000
2025-09-13 20:35:20,716 - INFO - Batch 220/2278: Loss=0.0001, Cls=0.0001, Reg=0.0000, Con=0.0000
2025-09-13 20:35:21,608 - INFO - Batch 230/2278: Loss=1.1890, Cls=0.0007, Reg=0.0000, Con=3.9610
2025-09-13 20:35:22,463 - INFO - Batch 240/2278: Loss=1.1885, Cls=0.0003, Reg=0.0000, Con=3.9608
2025-09-13 20:35:23,331 - INFO - Batch 250/2278: Loss=0.0004, Cls=0.0004, Reg=0.0000, Con=0.0000
2025-09-13 20:35:24,197 - INFO - Batch 260/2278: Loss=0.1492, Cls=0.1492, Reg=0.0000, Con=0.0000
2025-09-13 20:35:25,085 - INFO - Batch 270/2278: Loss=0.0000, Cls=0.0000, Reg=0.0000, Con=0.0000
2025-09-13 20:35:25,954 - INFO - Batch 280/2278: Loss=1.1887, Cls=0.0003, Reg=0.0000, Con=3.9611
2025-09-13 20:35:26,869 - INFO - Batch 290/2278: Loss=0.0011, Cls=0.0011, Reg=0.0000, Con=0.0000
2025-09-13 20:35:27,725 - INFO - Batch 300/2278: Loss=1.1905, Cls=0.0023, Reg=0.0000, Con=3.9609
2025-09-13 20:35:28,616 - INFO - Batch 310/2278: Loss=1.1885, Cls=0.0001, Reg=0.0000, Con=3.9612
2025-09-13 20:35:29,487 - INFO - Batch 320/2278: Loss=0.0002, Cls=0.0002, Reg=0.0000, Con=0.0000
2025-09-13 20:35:30,383 - INFO - Batch 330/2278: Loss=1.1884, Cls=0.0001, Reg=0.0000, Con=3.9609
2025-09-13 20:35:31,257 - INFO - Batch 340/2278: Loss=1.1903, Cls=0.0020, Reg=0.0000, Con=3.9610
2025-09-13 20:35:32,173 - INFO - Batch 350/2278: Loss=1.1936, Cls=0.0053, Reg=0.0000, Con=3.9611
2025-09-13 20:35:33,043 - INFO - Batch 360/2278: Loss=1.1882, Cls=0.0000, Reg=0.0000, Con=3.9607
2025-09-13 20:35:33,930 - INFO - Batch 370/2278: Loss=1.1900, Cls=0.0017, Reg=0.0000, Con=3.9609
2025-09-13 20:35:34,806 - INFO - Batch 380/2278: Loss=1.1887, Cls=0.0005, Reg=0.0000, Con=3.9607
2025-09-13 20:35:35,686 - INFO - Batch 390/2278: Loss=1.1882, Cls=0.0000, Reg=0.0000, Con=3.9607
2025-09-13 20:35:36,573 - INFO - Batch 400/2278: Loss=0.1801, Cls=0.1801, Reg=0.0000, Con=0.0000
2025-09-13 20:35:37,435 - INFO - Batch 410/2278: Loss=0.0001, Cls=0.0001, Reg=0.0000, Con=0.0000
2025-09-13 20:35:38,299 - INFO - Batch 420/2278: Loss=2.9453, Cls=2.9453, Reg=0.0000, Con=0.0000
2025-09-13 20:35:39,178 - INFO - Batch 430/2278: Loss=1.1889, Cls=0.0007, Reg=0.0000, Con=3.9607
2025-09-13 20:35:40,044 - INFO - Batch 440/2278: Loss=4.3010, Cls=3.1127, Reg=0.0000, Con=3.9608
2025-09-13 20:35:40,910 - INFO - Batch 450/2278: Loss=1.1899, Cls=0.0017, Reg=0.0000, Con=3.9607
2025-09-13 20:35:41,795 - INFO - Batch 460/2278: Loss=1.1970, Cls=0.0088, Reg=0.0000, Con=3.9607
2025-09-13 20:35:42,689 - INFO - Batch 470/2278: Loss=1.1885, Cls=0.0001, Reg=0.0000, Con=3.9611
2025-09-13 20:35:43,572 - INFO - Batch 480/2278: Loss=1.1894, Cls=0.0011, Reg=0.0000, Con=3.9607
2025-09-13 20:35:44,442 - INFO - Batch 490/2278: Loss=0.0000, Cls=0.0000, Reg=0.0000, Con=0.0000
2025-09-13 20:35:45,300 - INFO - Batch 500/2278: Loss=0.0000, Cls=0.0000, Reg=0.0000, Con=0.0000
2025-09-13 20:35:46,156 - INFO - Batch 510/2278: Loss=1.1883, Cls=0.0000, Reg=0.0000, Con=3.9609
2025-09-13 20:35:47,023 - INFO - Batch 520/2278: Loss=1.1895, Cls=0.0013, Reg=0.0000, Con=3.9608
2025-09-13 20:35:47,925 - INFO - Batch 530/2278: Loss=1.1887, Cls=0.0004, Reg=0.0000, Con=3.9608
2025-09-13 20:35:48,819 - INFO - Batch 540/2278: Loss=1.2088, Cls=0.0205, Reg=0.0000, Con=3.9610
2025-09-13 20:35:49,662 - INFO - Batch 550/2278: Loss=1.1882, Cls=0.0000, Reg=0.0000, Con=3.9607
2025-09-13 20:35:50,530 - INFO - Batch 560/2278: Loss=1.1885, Cls=0.0002, Reg=0.0000, Con=3.9609
2025-09-13 20:35:51,427 - INFO - Batch 570/2278: Loss=1.2066, Cls=0.0184, Reg=0.0000, Con=3.9608
2025-09-13 20:35:52,310 - INFO - Batch 580/2278: Loss=0.0034, Cls=0.0034, Reg=0.0000, Con=0.0000
2025-09-13 20:35:53,164 - INFO - Batch 590/2278: Loss=0.0170, Cls=0.0170, Reg=0.0000, Con=0.0000
2025-09-13 20:35:54,049 - INFO - Batch 600/2278: Loss=1.1884, Cls=0.0001, Reg=0.0000, Con=3.9609
2025-09-13 20:35:54,908 - INFO - Batch 610/2278: Loss=1.1885, Cls=0.0002, Reg=0.0000, Con=3.9609
2025-09-13 20:35:55,783 - INFO - Batch 620/2278: Loss=1.1899, Cls=0.0016, Reg=0.0000, Con=3.9608
2025-09-13 20:35:56,668 - INFO - Batch 630/2278: Loss=0.0003, Cls=0.0003, Reg=0.0000, Con=0.0000
2025-09-13 20:35:57,565 - INFO - Batch 640/2278: Loss=1.2086, Cls=0.0204, Reg=0.0000, Con=3.9608
2025-09-13 20:35:58,438 - INFO - Batch 650/2278: Loss=1.1885, Cls=0.0001, Reg=0.0000, Con=3.9613
2025-09-13 20:35:59,298 - INFO - Batch 660/2278: Loss=1.1882, Cls=0.0000, Reg=0.0000, Con=3.9608
2025-09-13 20:36:00,170 - INFO - Batch 670/2278: Loss=1.1885, Cls=0.0003, Reg=0.0000, Con=3.9608
2025-09-13 20:36:01,032 - INFO - Batch 680/2278: Loss=1.1883, Cls=0.0000, Reg=0.0000, Con=3.9608
2025-09-13 20:36:01,921 - INFO - Batch 690/2278: Loss=0.0011, Cls=0.0011, Reg=0.0000, Con=0.0000
2025-09-13 20:36:02,812 - INFO - Batch 700/2278: Loss=0.0003, Cls=0.0003, Reg=0.0000, Con=0.0000
2025-09-13 20:36:03,692 - INFO - Batch 710/2278: Loss=1.1882, Cls=0.0000, Reg=0.0000, Con=3.9607
2025-09-13 20:36:04,545 - INFO - Batch 720/2278: Loss=1.1885, Cls=0.0002, Reg=0.0000, Con=3.9609
2025-09-13 20:36:05,421 - INFO - Batch 730/2278: Loss=1.1888, Cls=0.0004, Reg=0.0000, Con=3.9613
2025-09-13 20:36:06,349 - INFO - Batch 740/2278: Loss=1.1910, Cls=0.0027, Reg=0.0000, Con=3.9610
2025-09-13 20:36:07,297 - INFO - Batch 750/2278: Loss=1.2036, Cls=0.0153, Reg=0.0000, Con=3.9609
2025-09-13 20:36:08,206 - INFO - Batch 760/2278: Loss=1.1978, Cls=0.0096, Reg=0.0000, Con=3.9608
2025-09-13 20:36:09,090 - INFO - Batch 770/2278: Loss=1.1896, Cls=0.0013, Reg=0.0000, Con=3.9610
2025-09-13 20:36:09,987 - INFO - Batch 780/2278: Loss=1.1885, Cls=0.0002, Reg=0.0000, Con=3.9608
2025-09-13 20:36:10,858 - INFO - Batch 790/2278: Loss=0.0248, Cls=0.0248, Reg=0.0000, Con=0.0000
2025-09-13 20:36:11,743 - INFO - Batch 800/2278: Loss=1.1895, Cls=0.0012, Reg=0.0000, Con=3.9612
2025-09-13 20:36:12,610 - INFO - Batch 810/2278: Loss=1.1889, Cls=0.0005, Reg=0.0000, Con=3.9612
2025-09-13 20:36:13,501 - INFO - Batch 820/2278: Loss=1.1883, Cls=0.0000, Reg=0.0000, Con=3.9609
2025-09-13 20:36:14,391 - INFO - Batch 830/2278: Loss=1.1903, Cls=0.0020, Reg=0.0000, Con=3.9609
2025-09-13 20:36:15,265 - INFO - Batch 840/2278: Loss=1.1885, Cls=0.0003, Reg=0.0000, Con=3.9608
2025-09-13 20:36:16,150 - INFO - Batch 850/2278: Loss=0.0214, Cls=0.0214, Reg=0.0000, Con=0.0000
2025-09-13 20:36:17,007 - INFO - Batch 860/2278: Loss=1.2071, Cls=0.0189, Reg=0.0000, Con=3.9607
2025-09-13 20:36:17,906 - INFO - Batch 870/2278: Loss=0.7573, Cls=0.7573, Reg=0.0000, Con=0.0000
2025-09-13 20:36:18,798 - INFO - Batch 880/2278: Loss=0.2920, Cls=0.2920, Reg=0.0000, Con=0.0000
2025-09-13 20:36:19,680 - INFO - Batch 890/2278: Loss=0.0165, Cls=0.0165, Reg=0.0000, Con=0.0000
2025-09-13 20:36:20,566 - INFO - Batch 900/2278: Loss=1.9160, Cls=0.7277, Reg=0.0000, Con=3.9609
2025-09-13 20:36:21,454 - INFO - Batch 910/2278: Loss=1.1934, Cls=0.0051, Reg=0.0000, Con=3.9609
2025-09-13 20:36:22,317 - INFO - Batch 920/2278: Loss=1.2599, Cls=0.0716, Reg=0.0000, Con=3.9610
2025-09-13 20:36:23,188 - INFO - Batch 930/2278: Loss=1.1882, Cls=0.0000, Reg=0.0000, Con=3.9608
2025-09-13 20:36:24,071 - INFO - Batch 940/2278: Loss=1.1918, Cls=0.0035, Reg=0.0000, Con=3.9609
2025-09-13 20:36:24,946 - INFO - Batch 950/2278: Loss=1.1883, Cls=0.0000, Reg=0.0000, Con=3.9611
2025-09-13 20:36:25,811 - INFO - Batch 960/2278: Loss=1.1897, Cls=0.0014, Reg=0.0000, Con=3.9609
2025-09-13 20:36:26,701 - INFO - Batch 970/2278: Loss=1.1889, Cls=0.0005, Reg=0.0000, Con=3.9612
2025-09-13 20:36:27,563 - INFO - Batch 980/2278: Loss=0.0005, Cls=0.0005, Reg=0.0000, Con=0.0000
2025-09-13 20:36:28,426 - INFO - Batch 990/2278: Loss=0.0000, Cls=0.0000, Reg=0.0000, Con=0.0000
2025-09-13 20:36:29,315 - INFO - Batch 1000/2278: Loss=1.1989, Cls=0.0106, Reg=0.0000, Con=3.9609
2025-09-13 20:36:30,206 - INFO - Batch 1010/2278: Loss=6.9479, Cls=5.7597, Reg=0.0000, Con=3.9608
2025-09-13 20:36:31,081 - INFO - Batch 1020/2278: Loss=0.0019, Cls=0.0019, Reg=0.0000, Con=0.0000
2025-09-13 20:36:31,947 - INFO - Batch 1030/2278: Loss=1.1907, Cls=0.0024, Reg=0.0000, Con=3.9610
2025-09-13 20:36:32,816 - INFO - Batch 1040/2278: Loss=1.1927, Cls=0.0045, Reg=0.0000, Con=3.9607
2025-09-13 20:36:33,682 - INFO - Batch 1050/2278: Loss=1.2101, Cls=0.0219, Reg=0.0000, Con=3.9609
2025-09-13 20:36:34,557 - INFO - Batch 1060/2278: Loss=1.1896, Cls=0.0014, Reg=0.0000, Con=3.9608
2025-09-13 20:36:35,447 - INFO - Batch 1070/2278: Loss=1.1887, Cls=0.0005, Reg=0.0000, Con=3.9608
2025-09-13 20:36:36,324 - INFO - Batch 1080/2278: Loss=0.0125, Cls=0.0125, Reg=0.0000, Con=0.0000
2025-09-13 20:36:37,218 - INFO - Batch 1090/2278: Loss=1.2316, Cls=0.0433, Reg=0.0000, Con=3.9609
2025-09-13 20:36:38,091 - INFO - Batch 1100/2278: Loss=0.3367, Cls=0.3367, Reg=0.0000, Con=0.0000
2025-09-13 20:36:38,982 - INFO - Batch 1110/2278: Loss=1.1887, Cls=0.0004, Reg=0.0000, Con=3.9608
2025-09-13 20:36:39,846 - INFO - Batch 1120/2278: Loss=0.2634, Cls=0.2634, Reg=0.0000, Con=0.0000
2025-09-13 20:36:40,742 - INFO - Batch 1130/2278: Loss=1.1937, Cls=0.0055, Reg=0.0000, Con=3.9608
2025-09-13 20:36:41,611 - INFO - Batch 1140/2278: Loss=2.2069, Cls=1.0187, Reg=0.0000, Con=3.9608
2025-09-13 20:36:42,514 - INFO - Batch 1150/2278: Loss=1.1899, Cls=0.0016, Reg=0.0000, Con=3.9611
2025-09-13 20:36:43,398 - INFO - Batch 1160/2278: Loss=1.2152, Cls=0.0269, Reg=0.0000, Con=3.9609
2025-09-13 20:36:44,276 - INFO - Batch 1170/2278: Loss=0.3345, Cls=0.3345, Reg=0.0000, Con=0.0000
2025-09-13 20:36:45,163 - INFO - Batch 1180/2278: Loss=1.1887, Cls=0.0004, Reg=0.0000, Con=3.9609
2025-09-13 20:36:46,047 - INFO - Batch 1190/2278: Loss=1.1888, Cls=0.0005, Reg=0.0000, Con=3.9609
2025-09-13 20:36:46,914 - INFO - Batch 1200/2278: Loss=0.0004, Cls=0.0004, Reg=0.0000, Con=0.0000
2025-09-13 20:36:47,803 - INFO - Batch 1210/2278: Loss=1.1897, Cls=0.0014, Reg=0.0000, Con=3.9610
2025-09-13 20:36:48,662 - INFO - Batch 1220/2278: Loss=0.0064, Cls=0.0064, Reg=0.0000, Con=0.0000
2025-09-13 20:36:49,527 - INFO - Batch 1230/2278: Loss=1.1890, Cls=0.0008, Reg=0.0000, Con=3.9609
2025-09-13 20:36:50,421 - INFO - Batch 1240/2278: Loss=1.1883, Cls=0.0000, Reg=0.0000, Con=3.9609
2025-09-13 20:36:51,288 - INFO - Batch 1250/2278: Loss=0.0000, Cls=0.0000, Reg=0.0000, Con=0.0000
2025-09-13 20:36:52,156 - INFO - Batch 1260/2278: Loss=1.3660, Cls=0.1778, Reg=0.0000, Con=3.9608
2025-09-13 20:36:53,034 - INFO - Batch 1270/2278: Loss=1.1883, Cls=0.0001, Reg=0.0000, Con=3.9609
2025-09-13 20:36:53,916 - INFO - Batch 1280/2278: Loss=0.0016, Cls=0.0016, Reg=0.0000, Con=0.0000
2025-09-13 20:36:54,794 - INFO - Batch 1290/2278: Loss=0.0045, Cls=0.0045, Reg=0.0000, Con=0.0000
2025-09-13 20:36:55,702 - INFO - Batch 1300/2278: Loss=1.1891, Cls=0.0008, Reg=0.0000, Con=3.9610
2025-09-13 20:36:56,590 - INFO - Batch 1310/2278: Loss=1.1899, Cls=0.0015, Reg=0.0000, Con=3.9611
2025-09-13 20:36:57,476 - INFO - Batch 1320/2278: Loss=0.0001, Cls=0.0001, Reg=0.0000, Con=0.0000
2025-09-13 20:36:58,340 - INFO - Batch 1330/2278: Loss=1.1885, Cls=0.0001, Reg=0.0000, Con=3.9613
2025-09-13 20:36:59,222 - INFO - Batch 1340/2278: Loss=1.1882, Cls=0.0000, Reg=0.0000, Con=3.9608
2025-09-13 20:37:00,116 - INFO - Batch 1350/2278: Loss=0.0001, Cls=0.0001, Reg=0.0000, Con=0.0000
2025-09-13 20:37:01,005 - INFO - Batch 1360/2278: Loss=1.1925, Cls=0.0042, Reg=0.0000, Con=3.9610
2025-09-13 20:37:01,907 - INFO - Batch 1370/2278: Loss=1.1882, Cls=0.0000, Reg=0.0000, Con=3.9608
2025-09-13 20:37:02,810 - INFO - Batch 1380/2278: Loss=1.1888, Cls=0.0006, Reg=0.0000, Con=3.9608
2025-09-13 20:37:03,691 - INFO - Batch 1390/2278: Loss=1.1906, Cls=0.0023, Reg=0.0000, Con=3.9608
2025-09-13 20:37:04,596 - INFO - Batch 1400/2278: Loss=1.1899, Cls=0.0017, Reg=0.0000, Con=3.9609
2025-09-13 20:37:05,658 - INFO - Batch 1410/2278: Loss=2.3028, Cls=1.1145, Reg=0.0000, Con=3.9612
2025-09-13 20:37:06,592 - INFO - Batch 1420/2278: Loss=2.2204, Cls=2.2204, Reg=0.0000, Con=0.0000
2025-09-13 20:37:07,502 - INFO - Batch 1430/2278: Loss=1.1931, Cls=0.0049, Reg=0.0000, Con=3.9609
2025-09-13 20:37:08,374 - INFO - Batch 1440/2278: Loss=1.1883, Cls=0.0000, Reg=0.0000, Con=3.9609
2025-09-13 20:37:09,240 - INFO - Batch 1450/2278: Loss=1.1922, Cls=0.0039, Reg=0.0000, Con=3.9608
2025-09-13 20:37:10,232 - INFO - Batch 1460/2278: Loss=0.0052, Cls=0.0052, Reg=0.0000, Con=0.0000
2025-09-13 20:37:11,120 - INFO - Batch 1470/2278: Loss=1.1887, Cls=0.0004, Reg=0.0000, Con=3.9609
2025-09-13 20:37:11,993 - INFO - Batch 1480/2278: Loss=1.1936, Cls=0.0053, Reg=0.0000, Con=3.9607
2025-09-13 20:37:12,900 - INFO - Batch 1490/2278: Loss=1.1902, Cls=0.0019, Reg=0.0000, Con=3.9609
2025-09-13 20:37:13,791 - INFO - Batch 1500/2278: Loss=1.1889, Cls=0.0007, Reg=0.0000, Con=3.9609
2025-09-13 20:37:14,701 - INFO - Batch 1510/2278: Loss=0.0000, Cls=0.0000, Reg=0.0000, Con=0.0000
2025-09-13 20:37:15,599 - INFO - Batch 1520/2278: Loss=1.1912, Cls=0.0030, Reg=0.0000, Con=3.9608
2025-09-13 20:37:16,470 - INFO - Batch 1530/2278: Loss=1.1961, Cls=0.0079, Reg=0.0000, Con=3.9608
2025-09-13 20:37:17,359 - INFO - Batch 1540/2278: Loss=1.2428, Cls=0.0545, Reg=0.0000, Con=3.9609
2025-09-13 20:37:18,254 - INFO - Batch 1550/2278: Loss=1.1885, Cls=0.0002, Reg=0.0000, Con=3.9610
2025-09-13 20:37:19,142 - INFO - Batch 1560/2278: Loss=1.7027, Cls=0.5144, Reg=0.0000, Con=3.9609
2025-09-13 20:37:20,043 - INFO - Batch 1570/2278: Loss=1.4161, Cls=0.2278, Reg=0.0000, Con=3.9608
2025-09-13 20:37:20,955 - INFO - Batch 1580/2278: Loss=1.1893, Cls=0.0010, Reg=0.0000, Con=3.9608
2025-09-13 20:37:21,829 - INFO - Batch 1590/2278: Loss=1.2001, Cls=0.0118, Reg=0.0000, Con=3.9609
2025-09-13 20:37:22,712 - INFO - Batch 1600/2278: Loss=1.1884, Cls=0.0001, Reg=0.0000, Con=3.9608
2025-09-13 20:37:23,616 - INFO - Batch 1610/2278: Loss=0.3678, Cls=0.3678, Reg=0.0000, Con=0.0000
2025-09-13 20:37:24,528 - INFO - Batch 1620/2278: Loss=0.0045, Cls=0.0045, Reg=0.0000, Con=0.0000
2025-09-13 20:37:25,443 - INFO - Batch 1630/2278: Loss=1.1882, Cls=0.0000, Reg=0.0000, Con=3.9608
2025-09-13 20:37:26,349 - INFO - Batch 1640/2278: Loss=0.0031, Cls=0.0031, Reg=0.0000, Con=0.0000
2025-09-13 20:37:27,225 - INFO - Batch 1650/2278: Loss=0.0019, Cls=0.0019, Reg=0.0000, Con=0.0000
2025-09-13 20:37:28,115 - INFO - Batch 1660/2278: Loss=0.0461, Cls=0.0461, Reg=0.0000, Con=0.0000
2025-09-13 20:37:28,966 - INFO - Batch 1670/2278: Loss=1.1884, Cls=0.0000, Reg=0.0000, Con=3.9612
2025-09-13 20:37:29,865 - INFO - Batch 1680/2278: Loss=0.9158, Cls=0.9158, Reg=0.0000, Con=0.0000
2025-09-13 20:37:30,751 - INFO - Batch 1690/2278: Loss=1.1889, Cls=0.0006, Reg=0.0000, Con=3.9612
2025-09-13 20:37:31,610 - INFO - Batch 1700/2278: Loss=1.1885, Cls=0.0001, Reg=0.0000, Con=3.9612
2025-09-13 20:37:32,482 - INFO - Batch 1710/2278: Loss=0.0019, Cls=0.0019, Reg=0.0000, Con=0.0000
2025-09-13 20:37:33,354 - INFO - Batch 1720/2278: Loss=1.1899, Cls=0.0016, Reg=0.0000, Con=3.9608
2025-09-13 20:37:34,247 - INFO - Batch 1730/2278: Loss=0.0000, Cls=0.0000, Reg=0.0000, Con=0.0000
2025-09-13 20:37:35,139 - INFO - Batch 1740/2278: Loss=0.0000, Cls=0.0000, Reg=0.0000, Con=0.0000
2025-09-13 20:37:36,011 - INFO - Batch 1750/2278: Loss=1.1883, Cls=0.0000, Reg=0.0000, Con=3.9609
2025-09-13 20:37:36,886 - INFO - Batch 1760/2278: Loss=1.1885, Cls=0.0002, Reg=0.0000, Con=3.9609
2025-09-13 20:37:37,773 - INFO - Batch 1770/2278: Loss=1.1882, Cls=0.0000, Reg=0.0000, Con=3.9608
2025-09-13 20:37:38,653 - INFO - Batch 1780/2278: Loss=1.1884, Cls=0.0002, Reg=0.0000, Con=3.9608
2025-09-13 20:37:39,505 - INFO - Batch 1790/2278: Loss=0.0312, Cls=0.0312, Reg=0.0000, Con=0.0000
2025-09-13 20:37:40,396 - INFO - Batch 1800/2278: Loss=0.0006, Cls=0.0006, Reg=0.0000, Con=0.0000
2025-09-13 20:37:41,287 - INFO - Batch 1810/2278: Loss=0.0010, Cls=0.0010, Reg=0.0000, Con=0.0000
2025-09-13 20:37:42,165 - INFO - Batch 1820/2278: Loss=1.1883, Cls=0.0000, Reg=0.0000, Con=3.9611
2025-09-13 20:37:43,046 - INFO - Batch 1830/2278: Loss=0.0004, Cls=0.0004, Reg=0.0000, Con=0.0000
2025-09-13 20:37:43,928 - INFO - Batch 1840/2278: Loss=0.0110, Cls=0.0110, Reg=0.0000, Con=0.0000
2025-09-13 20:37:44,842 - INFO - Batch 1850/2278: Loss=1.1884, Cls=0.0001, Reg=0.0000, Con=3.9608
2025-09-13 20:37:45,726 - INFO - Batch 1860/2278: Loss=0.0450, Cls=0.0450, Reg=0.0000, Con=0.0000
2025-09-13 20:37:46,608 - INFO - Batch 1870/2278: Loss=1.1883, Cls=0.0000, Reg=0.0000, Con=3.9608
2025-09-13 20:37:47,491 - INFO - Batch 1880/2278: Loss=0.0000, Cls=0.0000, Reg=0.0000, Con=0.0000
2025-09-13 20:37:48,384 - INFO - Batch 1890/2278: Loss=1.1886, Cls=0.0003, Reg=0.0000, Con=3.9609
2025-09-13 20:37:49,259 - INFO - Batch 1900/2278: Loss=0.0047, Cls=0.0047, Reg=0.0000, Con=0.0000
2025-09-13 20:37:50,162 - INFO - Batch 1910/2278: Loss=0.0001, Cls=0.0001, Reg=0.0000, Con=0.0000
2025-09-13 20:37:51,066 - INFO - Batch 1920/2278: Loss=1.1905, Cls=0.0023, Reg=0.0000, Con=3.9607
2025-09-13 20:37:51,938 - INFO - Batch 1930/2278: Loss=8.2029, Cls=7.0146, Reg=0.0000, Con=3.9607
2025-09-13 20:37:52,825 - INFO - Batch 1940/2278: Loss=2.2407, Cls=1.0524, Reg=0.0000, Con=3.9608
2025-09-13 20:37:53,685 - INFO - Batch 1950/2278: Loss=1.1888, Cls=0.0006, Reg=0.0000, Con=3.9608
2025-09-13 20:37:54,570 - INFO - Batch 1960/2278: Loss=1.1942, Cls=0.0059, Reg=0.0000, Con=3.9609
2025-09-13 20:37:55,456 - INFO - Batch 1970/2278: Loss=1.1883, Cls=0.0000, Reg=0.0000, Con=3.9611
2025-09-13 20:37:56,362 - INFO - Batch 1980/2278: Loss=1.2467, Cls=0.0584, Reg=0.0000, Con=3.9608
2025-09-13 20:37:57,235 - INFO - Batch 1990/2278: Loss=1.1894, Cls=0.0010, Reg=0.0000, Con=3.9615
2025-09-13 20:37:58,126 - INFO - Batch 2000/2278: Loss=0.0016, Cls=0.0016, Reg=0.0000, Con=0.0000
2025-09-13 20:37:58,997 - INFO - Batch 2010/2278: Loss=1.1886, Cls=0.0003, Reg=0.0000, Con=3.9608
2025-09-13 20:37:59,877 - INFO - Batch 2020/2278: Loss=1.2707, Cls=0.0824, Reg=0.0000, Con=3.9608
2025-09-13 20:38:00,747 - INFO - Batch 2030/2278: Loss=1.1882, Cls=0.0000, Reg=0.0000, Con=3.9607
2025-09-13 20:38:01,623 - INFO - Batch 2040/2278: Loss=1.1894, Cls=0.0011, Reg=0.0000, Con=3.9609
2025-09-13 20:38:02,514 - INFO - Batch 2050/2278: Loss=1.1998, Cls=0.0115, Reg=0.0000, Con=3.9608
2025-09-13 20:38:03,382 - INFO - Batch 2060/2278: Loss=0.0039, Cls=0.0039, Reg=0.0000, Con=0.0000
2025-09-13 20:38:04,247 - INFO - Batch 2070/2278: Loss=1.1899, Cls=0.0016, Reg=0.0000, Con=3.9611
2025-09-13 20:38:05,136 - INFO - Batch 2080/2278: Loss=1.1885, Cls=0.0002, Reg=0.0000, Con=3.9610
2025-09-13 20:38:06,025 - INFO - Batch 2090/2278: Loss=1.1895, Cls=0.0012, Reg=0.0000, Con=3.9612
2025-09-13 20:38:06,905 - INFO - Batch 2100/2278: Loss=1.1892, Cls=0.0009, Reg=0.0000, Con=3.9611
2025-09-13 20:38:07,799 - INFO - Batch 2110/2278: Loss=1.1890, Cls=0.0008, Reg=0.0000, Con=3.9609
2025-09-13 20:38:08,676 - INFO - Batch 2120/2278: Loss=0.0013, Cls=0.0013, Reg=0.0000, Con=0.0000
2025-09-13 20:38:09,594 - INFO - Batch 2130/2278: Loss=1.1883, Cls=0.0001, Reg=0.0000, Con=3.9606
2025-09-13 20:38:10,498 - INFO - Batch 2140/2278: Loss=1.1884, Cls=0.0002, Reg=0.0000, Con=3.9608
2025-09-13 20:38:11,364 - INFO - Batch 2150/2278: Loss=1.1900, Cls=0.0018, Reg=0.0000, Con=3.9607
2025-09-13 20:38:12,223 - INFO - Batch 2160/2278: Loss=1.1890, Cls=0.0007, Reg=0.0000, Con=3.9608
2025-09-13 20:38:13,089 - INFO - Batch 2170/2278: Loss=1.1898, Cls=0.0015, Reg=0.0000, Con=3.9609
2025-09-13 20:38:13,958 - INFO - Batch 2180/2278: Loss=2.3702, Cls=2.3702, Reg=0.0000, Con=0.0000
2025-09-13 20:38:14,852 - INFO - Batch 2190/2278: Loss=0.0013, Cls=0.0013, Reg=0.0000, Con=0.0000
2025-09-13 20:38:15,764 - INFO - Batch 2200/2278: Loss=1.2491, Cls=0.0609, Reg=0.0000, Con=3.9605
2025-09-13 20:38:16,662 - INFO - Batch 2210/2278: Loss=1.1997, Cls=0.0114, Reg=0.0000, Con=3.9609
2025-09-13 20:38:17,520 - INFO - Batch 2220/2278: Loss=1.1910, Cls=0.0027, Reg=0.0000, Con=3.9610
2025-09-13 20:38:18,398 - INFO - Batch 2230/2278: Loss=0.0728, Cls=0.0728, Reg=0.0000, Con=0.0000
2025-09-13 20:38:19,262 - INFO - Batch 2240/2278: Loss=0.0031, Cls=0.0031, Reg=0.0000, Con=0.0000
2025-09-13 20:38:20,131 - INFO - Batch 2250/2278: Loss=1.1912, Cls=0.0029, Reg=0.0000, Con=3.9609
2025-09-13 20:38:21,046 - INFO - Batch 2260/2278: Loss=1.1913, Cls=0.0030, Reg=0.0000, Con=3.9608
2025-09-13 20:38:21,944 - INFO - Batch 2270/2278: Loss=1.7674, Cls=1.7674, Reg=0.0000, Con=0.0000
2025-09-13 20:41:51,250 - INFO - === Epoch 1 Results ===
2025-09-13 20:41:51,250 - INFO - Training Loss: 0.9171 (Classification: 0.1514, Regression: 0.0000)
2025-09-13 20:41:51,250 - INFO - Validation Loss: 0.0388 (Classification: 0.0388, Regression: 0.0000)
2025-09-13 20:41:51,250 - INFO - Average Classification Accuracy: 0.9570 (on 1/26 tasks)
2025-09-13 20:41:51,250 - INFO - Average AUC: 0.8791
2025-09-13 20:41:51,784 - INFO - Best model saved to: experiments/r1c3_single_cls_19_seed_42_20250913_203458/checkpoints/r1c3_single_cls_19_seed_42_best.pth
2025-09-13 20:41:51,784 - INFO - 
Epoch 2/3
2025-09-13 20:41:51,883 - INFO - Batch 0/2278: Loss=0.0031, Cls=0.0031, Reg=0.0000, Con=0.0000
2025-09-13 20:41:52,847 - INFO - Batch 10/2278: Loss=1.1901, Cls=0.0019, Reg=0.0000, Con=3.9604
2025-09-13 20:41:53,784 - INFO - Batch 20/2278: Loss=1.1910, Cls=0.0027, Reg=0.0000, Con=3.9610
2025-09-13 20:41:54,680 - INFO - Batch 30/2278: Loss=1.1893, Cls=0.0010, Reg=0.0000, Con=3.9608
2025-09-13 20:41:55,561 - INFO - Batch 40/2278: Loss=1.1884, Cls=0.0001, Reg=0.0000, Con=3.9608
2025-09-13 20:41:56,518 - INFO - Batch 50/2278: Loss=0.0013, Cls=0.0013, Reg=0.0000, Con=0.0000
2025-09-13 20:41:57,547 - INFO - Batch 60/2278: Loss=0.0087, Cls=0.0087, Reg=0.0000, Con=0.0000
2025-09-13 20:41:58,606 - INFO - Batch 70/2278: Loss=1.1885, Cls=0.0003, Reg=0.0000, Con=3.9607
2025-09-13 20:41:59,559 - INFO - Batch 80/2278: Loss=1.1894, Cls=0.0011, Reg=0.0000, Con=3.9609
2025-09-13 20:42:00,488 - INFO - Batch 90/2278: Loss=0.0821, Cls=0.0821, Reg=0.0000, Con=0.0000
2025-09-13 20:42:01,420 - INFO - Batch 100/2278: Loss=1.1933, Cls=0.0050, Reg=0.0000, Con=3.9609
2025-09-13 20:42:02,325 - INFO - Batch 110/2278: Loss=1.1883, Cls=0.0000, Reg=0.0000, Con=3.9609
2025-09-13 20:42:03,222 - INFO - Batch 120/2278: Loss=0.0020, Cls=0.0020, Reg=0.0000, Con=0.0000
2025-09-13 20:42:04,134 - INFO - Batch 130/2278: Loss=1.1893, Cls=0.0011, Reg=0.0000, Con=3.9607
2025-09-13 20:42:05,024 - INFO - Batch 140/2278: Loss=1.1937, Cls=0.0054, Reg=0.0000, Con=3.9609
2025-09-13 20:42:05,926 - INFO - Batch 150/2278: Loss=1.1889, Cls=0.0006, Reg=0.0000, Con=3.9611
2025-09-13 20:42:06,827 - INFO - Batch 160/2278: Loss=1.1929, Cls=0.0047, Reg=0.0000, Con=3.9609
2025-09-13 20:42:07,717 - INFO - Batch 170/2278: Loss=0.0027, Cls=0.0027, Reg=0.0000, Con=0.0000
2025-09-13 20:42:08,615 - INFO - Batch 180/2278: Loss=2.8781, Cls=1.6898, Reg=0.0000, Con=3.9609
2025-09-13 20:42:09,527 - INFO - Batch 190/2278: Loss=0.0005, Cls=0.0005, Reg=0.0000, Con=0.0000
2025-09-13 20:42:10,431 - INFO - Batch 200/2278: Loss=1.1962, Cls=0.0080, Reg=0.0000, Con=3.9608
2025-09-13 20:42:11,318 - INFO - Batch 210/2278: Loss=2.4127, Cls=1.2245, Reg=0.0000, Con=3.9609
2025-09-13 20:42:12,204 - INFO - Batch 220/2278: Loss=0.0007, Cls=0.0007, Reg=0.0000, Con=0.0000
2025-09-13 20:42:13,109 - INFO - Batch 230/2278: Loss=0.0015, Cls=0.0015, Reg=0.0000, Con=0.0000
2025-09-13 20:42:14,020 - INFO - Batch 240/2278: Loss=0.0019, Cls=0.0019, Reg=0.0000, Con=0.0000
2025-09-13 20:42:14,918 - INFO - Batch 250/2278: Loss=0.0012, Cls=0.0012, Reg=0.0000, Con=0.0000
2025-09-13 20:42:15,816 - INFO - Batch 260/2278: Loss=0.0206, Cls=0.0206, Reg=0.0000, Con=0.0000
2025-09-13 20:42:16,726 - INFO - Batch 270/2278: Loss=1.1883, Cls=0.0000, Reg=0.0000, Con=3.9608
2025-09-13 20:42:17,627 - INFO - Batch 280/2278: Loss=1.1895, Cls=0.0013, Reg=0.0000, Con=3.9609
2025-09-13 20:42:18,526 - INFO - Batch 290/2278: Loss=1.1932, Cls=0.0050, Reg=0.0000, Con=3.9609
2025-09-13 20:42:19,427 - INFO - Batch 300/2278: Loss=1.1990, Cls=0.0107, Reg=0.0000, Con=3.9609
2025-09-13 20:42:20,351 - INFO - Batch 310/2278: Loss=1.2062, Cls=0.0179, Reg=0.0000, Con=3.9608
2025-09-13 20:42:21,280 - INFO - Batch 320/2278: Loss=0.0000, Cls=0.0000, Reg=0.0000, Con=0.0000
2025-09-13 20:42:22,170 - INFO - Batch 330/2278: Loss=4.0893, Cls=2.9010, Reg=0.0000, Con=3.9609
2025-09-13 20:42:23,089 - INFO - Batch 340/2278: Loss=1.1917, Cls=0.0034, Reg=0.0000, Con=3.9609
2025-09-13 20:42:24,005 - INFO - Batch 350/2278: Loss=1.1889, Cls=0.0006, Reg=0.0000, Con=3.9609
2025-09-13 20:42:24,911 - INFO - Batch 360/2278: Loss=1.1886, Cls=0.0003, Reg=0.0000, Con=3.9609
2025-09-13 20:42:25,790 - INFO - Batch 370/2278: Loss=1.1906, Cls=0.0023, Reg=0.0000, Con=3.9609
2025-09-13 20:42:26,684 - INFO - Batch 380/2278: Loss=1.1894, Cls=0.0012, Reg=0.0000, Con=3.9608
2025-09-13 20:42:27,590 - INFO - Batch 390/2278: Loss=1.1885, Cls=0.0002, Reg=0.0000, Con=3.9609
2025-09-13 20:42:28,528 - INFO - Batch 400/2278: Loss=0.0000, Cls=0.0000, Reg=0.0000, Con=0.0000
2025-09-13 20:42:29,470 - INFO - Batch 410/2278: Loss=1.1898, Cls=0.0016, Reg=0.0000, Con=3.9608
2025-09-13 20:42:30,415 - INFO - Batch 420/2278: Loss=0.0009, Cls=0.0009, Reg=0.0000, Con=0.0000
2025-09-13 20:42:31,313 - INFO - Batch 430/2278: Loss=0.0102, Cls=0.0102, Reg=0.0000, Con=0.0000
2025-09-13 20:42:32,252 - INFO - Batch 440/2278: Loss=1.1911, Cls=0.0029, Reg=0.0000, Con=3.9608
2025-09-13 20:42:33,180 - INFO - Batch 450/2278: Loss=1.1917, Cls=0.0035, Reg=0.0000, Con=3.9607
2025-09-13 20:42:34,080 - INFO - Batch 460/2278: Loss=0.0036, Cls=0.0036, Reg=0.0000, Con=0.0000
2025-09-13 20:42:34,987 - INFO - Batch 470/2278: Loss=1.4974, Cls=0.3091, Reg=0.0000, Con=3.9608
2025-09-13 20:42:35,874 - INFO - Batch 480/2278: Loss=0.0000, Cls=0.0000, Reg=0.0000, Con=0.0000
2025-09-13 20:42:36,779 - INFO - Batch 490/2278: Loss=1.1940, Cls=0.0057, Reg=0.0000, Con=3.9610
2025-09-13 20:42:37,663 - INFO - Batch 500/2278: Loss=1.1934, Cls=0.0052, Reg=0.0000, Con=3.9607
2025-09-13 20:42:38,569 - INFO - Batch 510/2278: Loss=1.1904, Cls=0.0022, Reg=0.0000, Con=3.9607
2025-09-13 20:42:39,477 - INFO - Batch 520/2278: Loss=1.1884, Cls=0.0002, Reg=0.0000, Con=3.9607
2025-09-13 20:42:40,373 - INFO - Batch 530/2278: Loss=1.2389, Cls=0.0507, Reg=0.0000, Con=3.9608
2025-09-13 20:42:41,285 - INFO - Batch 540/2278: Loss=1.1888, Cls=0.0005, Reg=0.0000, Con=3.9610
2025-09-13 20:42:42,176 - INFO - Batch 550/2278: Loss=1.2480, Cls=0.0598, Reg=0.0000, Con=3.9607
2025-09-13 20:42:43,082 - INFO - Batch 560/2278: Loss=0.0835, Cls=0.0835, Reg=0.0000, Con=0.0000
2025-09-13 20:42:43,990 - INFO - Batch 570/2278: Loss=1.1882, Cls=0.0000, Reg=0.0000, Con=3.9608
2025-09-13 20:42:44,898 - INFO - Batch 580/2278: Loss=0.0031, Cls=0.0031, Reg=0.0000, Con=0.0000
2025-09-13 20:42:45,787 - INFO - Batch 590/2278: Loss=1.1905, Cls=0.0023, Reg=0.0000, Con=3.9608
2025-09-13 20:42:46,689 - INFO - Batch 600/2278: Loss=0.0000, Cls=0.0000, Reg=0.0000, Con=0.0000
2025-09-13 20:42:47,590 - INFO - Batch 610/2278: Loss=1.1883, Cls=0.0001, Reg=0.0000, Con=3.9608
2025-09-13 20:42:48,470 - INFO - Batch 620/2278: Loss=1.1883, Cls=0.0001, Reg=0.0000, Con=3.9608
2025-09-13 20:42:49,351 - INFO - Batch 630/2278: Loss=2.4405, Cls=2.4405, Reg=0.0000, Con=0.0000
2025-09-13 20:42:50,281 - INFO - Batch 640/2278: Loss=0.0059, Cls=0.0059, Reg=0.0000, Con=0.0000
2025-09-13 20:42:51,174 - INFO - Batch 650/2278: Loss=0.0000, Cls=0.0000, Reg=0.0000, Con=0.0000
2025-09-13 20:42:52,081 - INFO - Batch 660/2278: Loss=1.1908, Cls=0.0026, Reg=0.0000, Con=3.9607
2025-09-13 20:42:52,999 - INFO - Batch 670/2278: Loss=1.1886, Cls=0.0004, Reg=0.0000, Con=3.9609
2025-09-13 20:42:53,900 - INFO - Batch 680/2278: Loss=1.1941, Cls=0.0059, Reg=0.0000, Con=3.9608
2025-09-13 20:42:54,800 - INFO - Batch 690/2278: Loss=1.1886, Cls=0.0002, Reg=0.0000, Con=3.9613
2025-09-13 20:42:55,713 - INFO - Batch 700/2278: Loss=0.0025, Cls=0.0025, Reg=0.0000, Con=0.0000
2025-09-13 20:42:56,601 - INFO - Batch 710/2278: Loss=1.1907, Cls=0.0024, Reg=0.0000, Con=3.9610
2025-09-13 20:42:57,510 - INFO - Batch 720/2278: Loss=1.1912, Cls=0.0029, Reg=0.0000, Con=3.9609
2025-09-13 20:42:58,442 - INFO - Batch 730/2278: Loss=1.1911, Cls=0.0028, Reg=0.0000, Con=3.9612
2025-09-13 20:42:59,314 - INFO - Batch 740/2278: Loss=1.1967, Cls=0.0084, Reg=0.0000, Con=3.9610
2025-09-13 20:43:00,221 - INFO - Batch 750/2278: Loss=0.0011, Cls=0.0011, Reg=0.0000, Con=0.0000
2025-09-13 20:43:01,101 - INFO - Batch 760/2278: Loss=0.4069, Cls=0.4069, Reg=0.0000, Con=0.0000
2025-09-13 20:43:01,981 - INFO - Batch 770/2278: Loss=1.1907, Cls=0.0024, Reg=0.0000, Con=3.9608
2025-09-13 20:43:02,890 - INFO - Batch 780/2278: Loss=0.0015, Cls=0.0015, Reg=0.0000, Con=0.0000
2025-09-13 20:43:03,786 - INFO - Batch 790/2278: Loss=1.1969, Cls=0.0087, Reg=0.0000, Con=3.9609
2025-09-13 20:43:04,689 - INFO - Batch 800/2278: Loss=0.0004, Cls=0.0004, Reg=0.0000, Con=0.0000
2025-09-13 20:43:05,584 - INFO - Batch 810/2278: Loss=0.0270, Cls=0.0270, Reg=0.0000, Con=0.0000
2025-09-13 20:43:06,459 - INFO - Batch 820/2278: Loss=1.1891, Cls=0.0008, Reg=0.0000, Con=3.9608
2025-09-13 20:43:07,371 - INFO - Batch 830/2278: Loss=1.1887, Cls=0.0004, Reg=0.0000, Con=3.9607
2025-09-13 20:43:08,287 - INFO - Batch 840/2278: Loss=1.1896, Cls=0.0013, Reg=0.0000, Con=3.9608
2025-09-13 20:43:09,199 - INFO - Batch 850/2278: Loss=0.0784, Cls=0.0784, Reg=0.0000, Con=0.0000
2025-09-13 20:43:10,118 - INFO - Batch 860/2278: Loss=1.1892, Cls=0.0010, Reg=0.0000, Con=3.9608
2025-09-13 20:43:11,029 - INFO - Batch 870/2278: Loss=0.0004, Cls=0.0004, Reg=0.0000, Con=0.0000
2025-09-13 20:43:11,933 - INFO - Batch 880/2278: Loss=0.0011, Cls=0.0011, Reg=0.0000, Con=0.0000
2025-09-13 20:43:12,827 - INFO - Batch 890/2278: Loss=1.2169, Cls=0.0286, Reg=0.0000, Con=3.9609
2025-09-13 20:43:13,734 - INFO - Batch 900/2278: Loss=2.1470, Cls=2.1470, Reg=0.0000, Con=0.0000
2025-09-13 20:43:14,636 - INFO - Batch 910/2278: Loss=0.0049, Cls=0.0049, Reg=0.0000, Con=0.0000
2025-09-13 20:43:15,529 - INFO - Batch 920/2278: Loss=1.1886, Cls=0.0003, Reg=0.0000, Con=3.9611
2025-09-13 20:43:16,424 - INFO - Batch 930/2278: Loss=1.1889, Cls=0.0006, Reg=0.0000, Con=3.9609
2025-09-13 20:43:17,313 - INFO - Batch 940/2278: Loss=0.0007, Cls=0.0007, Reg=0.0000, Con=0.0000
2025-09-13 20:43:18,204 - INFO - Batch 950/2278: Loss=0.2540, Cls=0.2540, Reg=0.0000, Con=0.0000
2025-09-13 20:43:19,142 - INFO - Batch 960/2278: Loss=0.0000, Cls=0.0000, Reg=0.0000, Con=0.0000
2025-09-13 20:43:20,091 - INFO - Batch 970/2278: Loss=0.0043, Cls=0.0043, Reg=0.0000, Con=0.0000
2025-09-13 20:43:20,976 - INFO - Batch 980/2278: Loss=1.2027, Cls=0.0144, Reg=0.0000, Con=3.9609
2025-09-13 20:43:21,938 - INFO - Batch 990/2278: Loss=1.1882, Cls=0.0000, Reg=0.0000, Con=3.9606
2025-09-13 20:43:22,833 - INFO - Batch 1000/2278: Loss=1.1886, Cls=0.0003, Reg=0.0000, Con=3.9609
2025-09-13 20:43:23,710 - INFO - Batch 1010/2278: Loss=1.1883, Cls=0.0000, Reg=0.0000, Con=3.9609
2025-09-13 20:43:24,591 - INFO - Batch 1020/2278: Loss=1.1892, Cls=0.0007, Reg=0.0000, Con=3.9615
2025-09-13 20:43:25,484 - INFO - Batch 1030/2278: Loss=1.1885, Cls=0.0002, Reg=0.0000, Con=3.9608
2025-09-13 20:43:26,384 - INFO - Batch 1040/2278: Loss=5.8630, Cls=4.6747, Reg=0.0000, Con=3.9608
2025-09-13 20:43:27,306 - INFO - Batch 1050/2278: Loss=1.2195, Cls=0.0311, Reg=0.0000, Con=3.9611
2025-09-13 20:43:28,190 - INFO - Batch 1060/2278: Loss=1.1883, Cls=0.0000, Reg=0.0000, Con=3.9612
2025-09-13 20:43:29,080 - INFO - Batch 1070/2278: Loss=1.1883, Cls=0.0000, Reg=0.0000, Con=3.9609
2025-09-13 20:43:29,972 - INFO - Batch 1080/2278: Loss=1.2291, Cls=0.0408, Reg=0.0000, Con=3.9609
2025-09-13 20:43:30,999 - INFO - Batch 1090/2278: Loss=1.1981, Cls=0.0099, Reg=0.0000, Con=3.9608
2025-09-13 20:43:31,897 - INFO - Batch 1100/2278: Loss=1.1883, Cls=0.0001, Reg=0.0000, Con=3.9608
2025-09-13 20:43:32,799 - INFO - Batch 1110/2278: Loss=1.1974, Cls=0.0091, Reg=0.0000, Con=3.9608
2025-09-13 20:43:33,709 - INFO - Batch 1120/2278: Loss=1.1895, Cls=0.0013, Reg=0.0000, Con=3.9608
2025-09-13 20:43:34,587 - INFO - Batch 1130/2278: Loss=0.0000, Cls=0.0000, Reg=0.0000, Con=0.0000
2025-09-13 20:43:35,492 - INFO - Batch 1140/2278: Loss=3.3515, Cls=3.3515, Reg=0.0000, Con=0.0000
2025-09-13 20:43:36,421 - INFO - Batch 1150/2278: Loss=2.6875, Cls=1.4993, Reg=0.0000, Con=3.9609
2025-09-13 20:43:37,417 - INFO - Batch 1160/2278: Loss=1.1882, Cls=0.0000, Reg=0.0000, Con=3.9607
2025-09-13 20:43:38,318 - INFO - Batch 1170/2278: Loss=0.0004, Cls=0.0004, Reg=0.0000, Con=0.0000
2025-09-13 20:43:39,217 - INFO - Batch 1180/2278: Loss=1.1883, Cls=0.0000, Reg=0.0000, Con=3.9609
2025-09-13 20:43:40,209 - INFO - Batch 1190/2278: Loss=1.1916, Cls=0.0033, Reg=0.0000, Con=3.9610
2025-09-13 20:43:41,122 - INFO - Batch 1200/2278: Loss=1.1883, Cls=0.0000, Reg=0.0000, Con=3.9609
2025-09-13 20:43:42,023 - INFO - Batch 1210/2278: Loss=1.1980, Cls=0.0097, Reg=0.0000, Con=3.9608
2025-09-13 20:43:42,936 - INFO - Batch 1220/2278: Loss=0.0103, Cls=0.0103, Reg=0.0000, Con=0.0000
2025-09-13 20:43:43,836 - INFO - Batch 1230/2278: Loss=1.1925, Cls=0.0042, Reg=0.0000, Con=3.9609
2025-09-13 20:43:44,727 - INFO - Batch 1240/2278: Loss=1.1883, Cls=0.0000, Reg=0.0000, Con=3.9609
2025-09-13 20:43:45,664 - INFO - Batch 1250/2278: Loss=0.0014, Cls=0.0014, Reg=0.0000, Con=0.0000
2025-09-13 20:43:46,583 - INFO - Batch 1260/2278: Loss=1.1892, Cls=0.0010, Reg=0.0000, Con=3.9607
2025-09-13 20:43:47,456 - INFO - Batch 1270/2278: Loss=0.0004, Cls=0.0004, Reg=0.0000, Con=0.0000
2025-09-13 20:43:48,358 - INFO - Batch 1280/2278: Loss=1.2119, Cls=0.0237, Reg=0.0000, Con=3.9608
2025-09-13 20:43:49,290 - INFO - Batch 1290/2278: Loss=1.1897, Cls=0.0014, Reg=0.0000, Con=3.9610
2025-09-13 20:43:50,201 - INFO - Batch 1300/2278: Loss=1.1897, Cls=0.0014, Reg=0.0000, Con=3.9610
2025-09-13 20:43:51,108 - INFO - Batch 1310/2278: Loss=0.0015, Cls=0.0015, Reg=0.0000, Con=0.0000
2025-09-13 20:43:52,042 - INFO - Batch 1320/2278: Loss=1.1901, Cls=0.0018, Reg=0.0000, Con=3.9609
2025-09-13 20:43:52,937 - INFO - Batch 1330/2278: Loss=1.1894, Cls=0.0011, Reg=0.0000, Con=3.9609
2025-09-13 20:43:53,861 - INFO - Batch 1340/2278: Loss=0.0127, Cls=0.0127, Reg=0.0000, Con=0.0000
2025-09-13 20:43:54,760 - INFO - Batch 1350/2278: Loss=0.0001, Cls=0.0001, Reg=0.0000, Con=0.0000
2025-09-13 20:43:55,665 - INFO - Batch 1360/2278: Loss=1.1897, Cls=0.0015, Reg=0.0000, Con=3.9608
2025-09-13 20:43:56,556 - INFO - Batch 1370/2278: Loss=1.1969, Cls=0.0086, Reg=0.0000, Con=3.9608
2025-09-13 20:43:57,456 - INFO - Batch 1380/2278: Loss=1.1883, Cls=0.0000, Reg=0.0000, Con=3.9609
2025-09-13 20:43:58,358 - INFO - Batch 1390/2278: Loss=1.1954, Cls=0.0072, Reg=0.0000, Con=3.9608
2025-09-13 20:43:59,267 - INFO - Batch 1400/2278: Loss=0.0000, Cls=0.0000, Reg=0.0000, Con=0.0000
2025-09-13 20:44:00,172 - INFO - Batch 1410/2278: Loss=1.1907, Cls=0.0024, Reg=0.0000, Con=3.9608
2025-09-13 20:44:01,068 - INFO - Batch 1420/2278: Loss=0.0004, Cls=0.0004, Reg=0.0000, Con=0.0000
2025-09-13 20:44:01,978 - INFO - Batch 1430/2278: Loss=0.0002, Cls=0.0002, Reg=0.0000, Con=0.0000
2025-09-13 20:44:02,879 - INFO - Batch 1440/2278: Loss=1.1886, Cls=0.0002, Reg=0.0000, Con=3.9613
2025-09-13 20:44:03,782 - INFO - Batch 1450/2278: Loss=0.0001, Cls=0.0001, Reg=0.0000, Con=0.0000
2025-09-13 20:44:04,688 - INFO - Batch 1460/2278: Loss=1.1886, Cls=0.0003, Reg=0.0000, Con=3.9609
2025-09-13 20:44:05,575 - INFO - Batch 1470/2278: Loss=1.2073, Cls=0.0191, Reg=0.0000, Con=3.9608
2025-09-13 20:44:06,471 - INFO - Batch 1480/2278: Loss=0.0004, Cls=0.0004, Reg=0.0000, Con=0.0000
2025-09-13 20:44:07,450 - INFO - Batch 1490/2278: Loss=1.9061, Cls=1.9061, Reg=0.0000, Con=0.0000
2025-09-13 20:44:08,388 - INFO - Batch 1500/2278: Loss=0.0036, Cls=0.0036, Reg=0.0000, Con=0.0000
2025-09-13 20:44:09,332 - INFO - Batch 1510/2278: Loss=1.2079, Cls=0.0196, Reg=0.0000, Con=3.9608
2025-09-13 20:44:10,270 - INFO - Batch 1520/2278: Loss=1.9852, Cls=0.7969, Reg=0.0000, Con=3.9608
2025-09-13 20:44:11,170 - INFO - Batch 1530/2278: Loss=1.1920, Cls=0.0037, Reg=0.0000, Con=3.9609
2025-09-13 20:44:12,063 - INFO - Batch 1540/2278: Loss=0.0001, Cls=0.0001, Reg=0.0000, Con=0.0000
2025-09-13 20:44:13,019 - INFO - Batch 1550/2278: Loss=1.1883, Cls=0.0000, Reg=0.0000, Con=3.9609
2025-09-13 20:44:13,924 - INFO - Batch 1560/2278: Loss=1.1973, Cls=0.0091, Reg=0.0000, Con=3.9608
2025-09-13 20:44:14,817 - INFO - Batch 1570/2278: Loss=1.4163, Cls=0.2280, Reg=0.0000, Con=3.9609
2025-09-13 20:44:15,729 - INFO - Batch 1580/2278: Loss=0.0003, Cls=0.0003, Reg=0.0000, Con=0.0000
2025-09-13 20:44:16,647 - INFO - Batch 1590/2278: Loss=0.0062, Cls=0.0062, Reg=0.0000, Con=0.0000
2025-09-13 20:44:17,567 - INFO - Batch 1600/2278: Loss=1.1888, Cls=0.0006, Reg=0.0000, Con=3.9609
2025-09-13 20:44:18,477 - INFO - Batch 1610/2278: Loss=0.0004, Cls=0.0004, Reg=0.0000, Con=0.0000
2025-09-13 20:44:19,398 - INFO - Batch 1620/2278: Loss=1.1883, Cls=0.0001, Reg=0.0000, Con=3.9609
2025-09-13 20:44:20,288 - INFO - Batch 1630/2278: Loss=0.0000, Cls=0.0000, Reg=0.0000, Con=0.0000
2025-09-13 20:44:21,200 - INFO - Batch 1640/2278: Loss=1.1883, Cls=0.0000, Reg=0.0000, Con=3.9609
2025-09-13 20:44:22,081 - INFO - Batch 1650/2278: Loss=0.0017, Cls=0.0017, Reg=0.0000, Con=0.0000
2025-09-13 20:44:22,971 - INFO - Batch 1660/2278: Loss=1.1891, Cls=0.0009, Reg=0.0000, Con=3.9607
2025-09-13 20:44:23,879 - INFO - Batch 1670/2278: Loss=1.1888, Cls=0.0005, Reg=0.0000, Con=3.9608
2025-09-13 20:44:24,779 - INFO - Batch 1680/2278: Loss=1.1955, Cls=0.0071, Reg=0.0000, Con=3.9615
2025-09-13 20:44:25,699 - INFO - Batch 1690/2278: Loss=0.5177, Cls=0.5177, Reg=0.0000, Con=0.0000
2025-09-13 20:44:26,598 - INFO - Batch 1700/2278: Loss=1.1882, Cls=0.0000, Reg=0.0000, Con=3.9608
2025-09-13 20:44:27,478 - INFO - Batch 1710/2278: Loss=1.1883, Cls=0.0000, Reg=0.0000, Con=3.9612
2025-09-13 20:44:28,389 - INFO - Batch 1720/2278: Loss=1.1911, Cls=0.0028, Reg=0.0000, Con=3.9610
2025-09-13 20:44:29,306 - INFO - Batch 1730/2278: Loss=1.1895, Cls=0.0013, Reg=0.0000, Con=3.9609
2025-09-13 20:44:30,174 - INFO - Batch 1740/2278: Loss=1.1883, Cls=0.0000, Reg=0.0000, Con=3.9610
2025-09-13 20:44:31,109 - INFO - Batch 1750/2278: Loss=1.1885, Cls=0.0002, Reg=0.0000, Con=3.9609
2025-09-13 20:44:32,102 - INFO - Batch 1760/2278: Loss=1.1889, Cls=0.0006, Reg=0.0000, Con=3.9608
2025-09-13 20:44:33,030 - INFO - Batch 1770/2278: Loss=1.1910, Cls=0.0027, Reg=0.0000, Con=3.9610
2025-09-13 20:44:33,956 - INFO - Batch 1780/2278: Loss=1.1891, Cls=0.0008, Reg=0.0000, Con=3.9609
2025-09-13 20:44:34,873 - INFO - Batch 1790/2278: Loss=1.1886, Cls=0.0003, Reg=0.0000, Con=3.9608
2025-09-13 20:44:35,782 - INFO - Batch 1800/2278: Loss=1.1933, Cls=0.0050, Reg=0.0000, Con=3.9609
2025-09-13 20:44:36,673 - INFO - Batch 1810/2278: Loss=1.1885, Cls=0.0002, Reg=0.0000, Con=3.9610
2025-09-13 20:44:37,562 - INFO - Batch 1820/2278: Loss=1.1886, Cls=0.0004, Reg=0.0000, Con=3.9608
2025-09-13 20:44:38,451 - INFO - Batch 1830/2278: Loss=1.1885, Cls=0.0000, Reg=0.0000, Con=3.9615
2025-09-13 20:44:39,378 - INFO - Batch 1840/2278: Loss=1.1902, Cls=0.0019, Reg=0.0000, Con=3.9609
2025-09-13 20:44:40,284 - INFO - Batch 1850/2278: Loss=1.3809, Cls=0.1927, Reg=0.0000, Con=3.9608
2025-09-13 20:44:41,188 - INFO - Batch 1860/2278: Loss=0.0083, Cls=0.0083, Reg=0.0000, Con=0.0000
2025-09-13 20:44:42,079 - INFO - Batch 1870/2278: Loss=0.2355, Cls=0.2355, Reg=0.0000, Con=0.0000
2025-09-13 20:44:42,967 - INFO - Batch 1880/2278: Loss=1.5874, Cls=0.3991, Reg=0.0000, Con=3.9610
2025-09-13 20:44:43,869 - INFO - Batch 1890/2278: Loss=0.0266, Cls=0.0266, Reg=0.0000, Con=0.0000
2025-09-13 20:44:44,764 - INFO - Batch 1900/2278: Loss=1.1912, Cls=0.0030, Reg=0.0000, Con=3.9607
2025-09-13 20:44:45,654 - INFO - Batch 1910/2278: Loss=1.2058, Cls=0.0176, Reg=0.0000, Con=3.9607
2025-09-13 20:44:46,586 - INFO - Batch 1920/2278: Loss=1.5823, Cls=0.3941, Reg=0.0000, Con=3.9608
2025-09-13 20:44:47,495 - INFO - Batch 1930/2278: Loss=0.0343, Cls=0.0343, Reg=0.0000, Con=0.0000
2025-09-13 20:44:48,407 - INFO - Batch 1940/2278: Loss=1.1882, Cls=0.0000, Reg=0.0000, Con=3.9607
2025-09-13 20:44:49,305 - INFO - Batch 1950/2278: Loss=8.3071, Cls=7.1188, Reg=0.0000, Con=3.9609
2025-09-13 20:44:50,303 - INFO - Batch 1960/2278: Loss=1.1883, Cls=0.0000, Reg=0.0000, Con=3.9609
2025-09-13 20:44:51,231 - INFO - Batch 1970/2278: Loss=1.1887, Cls=0.0005, Reg=0.0000, Con=3.9606
2025-09-13 20:44:52,132 - INFO - Batch 1980/2278: Loss=1.2023, Cls=0.0141, Reg=0.0000, Con=3.9608
2025-09-13 20:44:53,035 - INFO - Batch 1990/2278: Loss=1.7216, Cls=1.7216, Reg=0.0000, Con=0.0000
2025-09-13 20:44:53,924 - INFO - Batch 2000/2278: Loss=1.3213, Cls=0.1331, Reg=0.0000, Con=3.9607
2025-09-13 20:44:54,859 - INFO - Batch 2010/2278: Loss=1.1951, Cls=0.0069, Reg=0.0000, Con=3.9608
2025-09-13 20:44:55,734 - INFO - Batch 2020/2278: Loss=0.0004, Cls=0.0004, Reg=0.0000, Con=0.0000
2025-09-13 20:44:56,618 - INFO - Batch 2030/2278: Loss=1.1891, Cls=0.0008, Reg=0.0000, Con=3.9610
2025-09-13 20:44:57,539 - INFO - Batch 2040/2278: Loss=1.1884, Cls=0.0002, Reg=0.0000, Con=3.9608
2025-09-13 20:44:58,437 - INFO - Batch 2050/2278: Loss=0.0001, Cls=0.0001, Reg=0.0000, Con=0.0000
2025-09-13 20:44:59,334 - INFO - Batch 2060/2278: Loss=1.2850, Cls=0.0965, Reg=0.0000, Con=3.9615
2025-09-13 20:45:00,233 - INFO - Batch 2070/2278: Loss=1.1888, Cls=0.0006, Reg=0.0000, Con=3.9608
2025-09-13 20:45:01,133 - INFO - Batch 2080/2278: Loss=0.0165, Cls=0.0165, Reg=0.0000, Con=0.0000
2025-09-13 20:45:02,044 - INFO - Batch 2090/2278: Loss=1.1885, Cls=0.0003, Reg=0.0000, Con=3.9608
2025-09-13 20:45:02,925 - INFO - Batch 2100/2278: Loss=0.0683, Cls=0.0683, Reg=0.0000, Con=0.0000
2025-09-13 20:45:03,831 - INFO - Batch 2110/2278: Loss=0.0012, Cls=0.0012, Reg=0.0000, Con=0.0000
2025-09-13 20:45:04,728 - INFO - Batch 2120/2278: Loss=1.1917, Cls=0.0034, Reg=0.0000, Con=3.9609
2025-09-13 20:45:05,623 - INFO - Batch 2130/2278: Loss=1.1898, Cls=0.0015, Reg=0.0000, Con=3.9608
2025-09-13 20:45:06,530 - INFO - Batch 2140/2278: Loss=0.0111, Cls=0.0111, Reg=0.0000, Con=0.0000
2025-09-13 20:45:07,438 - INFO - Batch 2150/2278: Loss=3.3591, Cls=2.1708, Reg=0.0000, Con=3.9610
2025-09-13 20:45:08,338 - INFO - Batch 2160/2278: Loss=1.3658, Cls=0.1776, Reg=0.0000, Con=3.9608
2025-09-13 20:45:09,220 - INFO - Batch 2170/2278: Loss=1.1949, Cls=0.0067, Reg=0.0000, Con=3.9608
2025-09-13 20:45:10,121 - INFO - Batch 2180/2278: Loss=1.1919, Cls=0.0037, Reg=0.0000, Con=3.9608
2025-09-13 20:45:10,998 - INFO - Batch 2190/2278: Loss=1.1891, Cls=0.0008, Reg=0.0000, Con=3.9610
2025-09-13 20:45:11,885 - INFO - Batch 2200/2278: Loss=1.1908, Cls=0.0025, Reg=0.0000, Con=3.9608
2025-09-13 20:45:12,788 - INFO - Batch 2210/2278: Loss=1.1886, Cls=0.0002, Reg=0.0000, Con=3.9613
2025-09-13 20:45:13,680 - INFO - Batch 2220/2278: Loss=0.0014, Cls=0.0014, Reg=0.0000, Con=0.0000
2025-09-13 20:45:14,594 - INFO - Batch 2230/2278: Loss=0.0009, Cls=0.0009, Reg=0.0000, Con=0.0000
2025-09-13 20:45:15,490 - INFO - Batch 2240/2278: Loss=1.1905, Cls=0.0023, Reg=0.0000, Con=3.9608
2025-09-13 20:45:16,402 - INFO - Batch 2250/2278: Loss=0.0089, Cls=0.0089, Reg=0.0000, Con=0.0000
2025-09-13 20:45:17,328 - INFO - Batch 2260/2278: Loss=1.1911, Cls=0.0028, Reg=0.0000, Con=3.9609
2025-09-13 20:45:18,237 - INFO - Batch 2270/2278: Loss=1.1884, Cls=0.0002, Reg=0.0000, Con=3.9606
2025-09-13 20:48:47,284 - INFO - === Epoch 2 Results ===
2025-09-13 20:48:47,284 - INFO - Training Loss: 0.9324 (Classification: 0.1521, Regression: 0.0000)
2025-09-13 20:48:47,284 - INFO - Validation Loss: 0.0396 (Classification: 0.0396, Regression: 0.0000)
2025-09-13 20:48:47,284 - INFO - Average Classification Accuracy: 0.9631 (on 1/26 tasks)
2025-09-13 20:48:47,284 - INFO - Average AUC: 0.8626
2025-09-13 20:48:47,284 - INFO - 
Epoch 3/3
2025-09-13 20:48:47,391 - INFO - Batch 0/2278: Loss=1.1902, Cls=0.0020, Reg=0.0000, Con=3.9608
2025-09-13 20:48:48,365 - INFO - Batch 10/2278: Loss=1.1927, Cls=0.0044, Reg=0.0000, Con=3.9611
2025-09-13 20:48:49,280 - INFO - Batch 20/2278: Loss=1.1918, Cls=0.0036, Reg=0.0000, Con=3.9608
2025-09-13 20:48:50,216 - INFO - Batch 30/2278: Loss=0.0000, Cls=0.0000, Reg=0.0000, Con=0.0000
2025-09-13 20:48:51,096 - INFO - Batch 40/2278: Loss=1.1894, Cls=0.0011, Reg=0.0000, Con=3.9608
2025-09-13 20:48:52,086 - INFO - Batch 50/2278: Loss=1.1883, Cls=0.0000, Reg=0.0000, Con=3.9609
2025-09-13 20:48:53,003 - INFO - Batch 60/2278: Loss=1.1886, Cls=0.0004, Reg=0.0000, Con=3.9607
2025-09-13 20:48:53,930 - INFO - Batch 70/2278: Loss=1.5798, Cls=0.3916, Reg=0.0000, Con=3.9608
2025-09-13 20:48:54,832 - INFO - Batch 80/2278: Loss=0.0028, Cls=0.0028, Reg=0.0000, Con=0.0000
2025-09-13 20:48:55,739 - INFO - Batch 90/2278: Loss=1.1975, Cls=0.0092, Reg=0.0000, Con=3.9609
2025-09-13 20:48:56,645 - INFO - Batch 100/2278: Loss=1.1959, Cls=0.0077, Reg=0.0000, Con=3.9607
2025-09-13 20:48:57,564 - INFO - Batch 110/2278: Loss=1.2024, Cls=0.0138, Reg=0.0000, Con=3.9618
2025-09-13 20:48:58,472 - INFO - Batch 120/2278: Loss=1.2569, Cls=0.0686, Reg=0.0000, Con=3.9609
2025-09-13 20:48:59,372 - INFO - Batch 130/2278: Loss=1.1883, Cls=0.0001, Reg=0.0000, Con=3.9607
2025-09-13 20:49:00,313 - INFO - Batch 140/2278: Loss=0.0000, Cls=0.0000, Reg=0.0000, Con=0.0000
2025-09-13 20:49:01,201 - INFO - Batch 150/2278: Loss=1.1905, Cls=0.0023, Reg=0.0000, Con=3.9608
2025-09-13 20:49:02,112 - INFO - Batch 160/2278: Loss=0.0004, Cls=0.0004, Reg=0.0000, Con=0.0000
2025-09-13 20:49:03,002 - INFO - Batch 170/2278: Loss=1.1905, Cls=0.0022, Reg=0.0000, Con=3.9609
2025-09-13 20:49:03,904 - INFO - Batch 180/2278: Loss=1.1883, Cls=0.0000, Reg=0.0000, Con=3.9611
2025-09-13 20:49:04,818 - INFO - Batch 190/2278: Loss=1.1918, Cls=0.0036, Reg=0.0000, Con=3.9607
2025-09-13 20:49:05,705 - INFO - Batch 200/2278: Loss=0.0055, Cls=0.0055, Reg=0.0000, Con=0.0000
2025-09-13 20:49:06,611 - INFO - Batch 210/2278: Loss=2.7588, Cls=1.5705, Reg=0.0000, Con=3.9612
2025-09-13 20:49:07,519 - INFO - Batch 220/2278: Loss=1.1884, Cls=0.0002, Reg=0.0000, Con=3.9608
2025-09-13 20:49:08,487 - INFO - Batch 230/2278: Loss=1.2320, Cls=0.0437, Reg=0.0000, Con=3.9611
2025-09-13 20:49:09,499 - INFO - Batch 240/2278: Loss=1.1909, Cls=0.0026, Reg=0.0000, Con=3.9607
2025-09-13 20:49:10,410 - INFO - Batch 250/2278: Loss=1.1883, Cls=0.0000, Reg=0.0000, Con=3.9609
2025-09-13 20:49:11,298 - INFO - Batch 260/2278: Loss=1.1892, Cls=0.0010, Reg=0.0000, Con=3.9608
2025-09-13 20:49:12,236 - INFO - Batch 270/2278: Loss=1.1905, Cls=0.0023, Reg=0.0000, Con=3.9607
2025-09-13 20:49:13,133 - INFO - Batch 280/2278: Loss=1.1892, Cls=0.0009, Reg=0.0000, Con=3.9608
2025-09-13 20:49:14,057 - INFO - Batch 290/2278: Loss=1.2290, Cls=0.0407, Reg=0.0000, Con=3.9608
2025-09-13 20:49:14,968 - INFO - Batch 300/2278: Loss=1.1884, Cls=0.0001, Reg=0.0000, Con=3.9607
2025-09-13 20:49:15,897 - INFO - Batch 310/2278: Loss=1.1893, Cls=0.0010, Reg=0.0000, Con=3.9610
2025-09-13 20:49:16,864 - INFO - Batch 320/2278: Loss=1.1912, Cls=0.0029, Reg=0.0000, Con=3.9612
2025-09-13 20:49:17,842 - INFO - Batch 330/2278: Loss=0.0287, Cls=0.0287, Reg=0.0000, Con=0.0000
2025-09-13 20:49:18,777 - INFO - Batch 340/2278: Loss=0.0033, Cls=0.0033, Reg=0.0000, Con=0.0000
2025-09-13 20:49:19,738 - INFO - Batch 350/2278: Loss=1.1911, Cls=0.0027, Reg=0.0000, Con=3.9612
2025-09-13 20:49:20,669 - INFO - Batch 360/2278: Loss=1.1889, Cls=0.0006, Reg=0.0000, Con=3.9611
2025-09-13 20:49:21,643 - INFO - Batch 370/2278: Loss=1.1886, Cls=0.0003, Reg=0.0000, Con=3.9608
2025-09-13 20:49:22,598 - INFO - Batch 380/2278: Loss=1.1927, Cls=0.0045, Reg=0.0000, Con=3.9608
2025-09-13 20:49:23,556 - INFO - Batch 390/2278: Loss=1.1908, Cls=0.0025, Reg=0.0000, Con=3.9609
2025-09-13 20:49:24,585 - INFO - Batch 400/2278: Loss=0.0036, Cls=0.0036, Reg=0.0000, Con=0.0000
2025-09-13 20:49:25,523 - INFO - Batch 410/2278: Loss=1.1892, Cls=0.0009, Reg=0.0000, Con=3.9609
2025-09-13 20:49:26,425 - INFO - Batch 420/2278: Loss=1.1883, Cls=0.0000, Reg=0.0000, Con=3.9609
2025-09-13 20:49:27,349 - INFO - Batch 430/2278: Loss=1.2240, Cls=0.0355, Reg=0.0000, Con=3.9614
2025-09-13 20:49:28,272 - INFO - Batch 440/2278: Loss=0.0001, Cls=0.0001, Reg=0.0000, Con=0.0000
2025-09-13 20:49:29,187 - INFO - Batch 450/2278: Loss=1.1883, Cls=0.0001, Reg=0.0000, Con=3.9608
2025-09-13 20:49:30,098 - INFO - Batch 460/2278: Loss=0.0011, Cls=0.0011, Reg=0.0000, Con=0.0000
2025-09-13 20:49:31,011 - INFO - Batch 470/2278: Loss=0.0001, Cls=0.0001, Reg=0.0000, Con=0.0000
2025-09-13 20:49:31,931 - INFO - Batch 480/2278: Loss=1.1886, Cls=0.0003, Reg=0.0000, Con=3.9609
2025-09-13 20:49:32,832 - INFO - Batch 490/2278: Loss=0.0027, Cls=0.0027, Reg=0.0000, Con=0.0000
2025-09-13 20:49:33,753 - INFO - Batch 500/2278: Loss=0.0002, Cls=0.0002, Reg=0.0000, Con=0.0000
2025-09-13 20:49:34,933 - INFO - Batch 510/2278: Loss=1.1884, Cls=0.0001, Reg=0.0000, Con=3.9608
2025-09-13 20:49:35,883 - INFO - Batch 520/2278: Loss=0.2664, Cls=0.2664, Reg=0.0000, Con=0.0000
2025-09-13 20:49:36,795 - INFO - Batch 530/2278: Loss=3.1038, Cls=1.9156, Reg=0.0000, Con=3.9608
2025-09-13 20:49:37,726 - INFO - Batch 540/2278: Loss=1.1888, Cls=0.0005, Reg=0.0000, Con=3.9609
2025-09-13 20:49:38,716 - INFO - Batch 550/2278: Loss=0.0001, Cls=0.0001, Reg=0.0000, Con=0.0000
2025-09-13 20:49:39,656 - INFO - Batch 560/2278: Loss=1.1890, Cls=0.0007, Reg=0.0000, Con=3.9609
2025-09-13 20:49:40,630 - INFO - Batch 570/2278: Loss=1.1883, Cls=0.0000, Reg=0.0000, Con=3.9608
2025-09-13 20:49:41,672 - INFO - Batch 580/2278: Loss=0.0003, Cls=0.0003, Reg=0.0000, Con=0.0000
2025-09-13 20:49:42,573 - INFO - Batch 590/2278: Loss=1.2043, Cls=0.0160, Reg=0.0000, Con=3.9608
2025-09-13 20:49:43,492 - INFO - Batch 600/2278: Loss=0.0001, Cls=0.0001, Reg=0.0000, Con=0.0000
2025-09-13 20:49:44,386 - INFO - Batch 610/2278: Loss=0.0014, Cls=0.0014, Reg=0.0000, Con=0.0000
2025-09-13 20:49:45,312 - INFO - Batch 620/2278: Loss=1.1882, Cls=0.0000, Reg=0.0000, Con=3.9608
2025-09-13 20:49:46,233 - INFO - Batch 630/2278: Loss=1.1884, Cls=0.0001, Reg=0.0000, Con=3.9611
2025-09-13 20:49:47,280 - INFO - Batch 640/2278: Loss=1.1893, Cls=0.0011, Reg=0.0000, Con=3.9607
2025-09-13 20:49:48,292 - INFO - Batch 650/2278: Loss=1.1902, Cls=0.0019, Reg=0.0000, Con=3.9608
2025-09-13 20:49:49,284 - INFO - Batch 660/2278: Loss=0.0015, Cls=0.0015, Reg=0.0000, Con=0.0000
2025-09-13 20:49:50,188 - INFO - Batch 670/2278: Loss=1.1885, Cls=0.0003, Reg=0.0000, Con=3.9609
2025-09-13 20:49:51,162 - INFO - Batch 680/2278: Loss=0.0005, Cls=0.0005, Reg=0.0000, Con=0.0000
2025-09-13 20:49:52,189 - INFO - Batch 690/2278: Loss=1.1890, Cls=0.0007, Reg=0.0000, Con=3.9609
2025-09-13 20:49:53,152 - INFO - Batch 700/2278: Loss=1.6332, Cls=0.4449, Reg=0.0000, Con=3.9610
2025-09-13 20:49:54,194 - INFO - Batch 710/2278: Loss=1.1988, Cls=0.0105, Reg=0.0000, Con=3.9610
2025-09-13 20:49:55,163 - INFO - Batch 720/2278: Loss=1.1912, Cls=0.0029, Reg=0.0000, Con=3.9610
2025-09-13 20:49:56,154 - INFO - Batch 730/2278: Loss=1.8826, Cls=0.6944, Reg=0.0000, Con=3.9609
2025-09-13 20:49:57,093 - INFO - Batch 740/2278: Loss=1.1882, Cls=0.0000, Reg=0.0000, Con=3.9606
2025-09-13 20:49:58,082 - INFO - Batch 750/2278: Loss=1.1891, Cls=0.0009, Reg=0.0000, Con=3.9606
2025-09-13 20:49:59,002 - INFO - Batch 760/2278: Loss=1.1886, Cls=0.0003, Reg=0.0000, Con=3.9611
2025-09-13 20:50:00,028 - INFO - Batch 770/2278: Loss=1.1974, Cls=0.0090, Reg=0.0000, Con=3.9611
2025-09-13 20:50:01,078 - INFO - Batch 780/2278: Loss=0.0015, Cls=0.0015, Reg=0.0000, Con=0.0000
2025-09-13 20:50:02,037 - INFO - Batch 790/2278: Loss=1.1915, Cls=0.0032, Reg=0.0000, Con=3.9609
2025-09-13 20:50:02,977 - INFO - Batch 800/2278: Loss=1.1884, Cls=0.0001, Reg=0.0000, Con=3.9612
2025-09-13 20:50:03,889 - INFO - Batch 810/2278: Loss=0.0006, Cls=0.0006, Reg=0.0000, Con=0.0000
2025-09-13 20:50:04,848 - INFO - Batch 820/2278: Loss=1.1913, Cls=0.0031, Reg=0.0000, Con=3.9608
2025-09-13 20:50:05,771 - INFO - Batch 830/2278: Loss=1.1883, Cls=0.0001, Reg=0.0000, Con=3.9609
2025-09-13 20:50:06,785 - INFO - Batch 840/2278: Loss=0.0003, Cls=0.0003, Reg=0.0000, Con=0.0000
2025-09-13 20:50:07,790 - INFO - Batch 850/2278: Loss=0.0143, Cls=0.0143, Reg=0.0000, Con=0.0000
2025-09-13 20:50:08,733 - INFO - Batch 860/2278: Loss=1.1894, Cls=0.0011, Reg=0.0000, Con=3.9611
2025-09-13 20:50:09,780 - INFO - Batch 870/2278: Loss=1.1883, Cls=0.0000, Reg=0.0000, Con=3.9609
2025-09-13 20:50:10,756 - INFO - Batch 880/2278: Loss=0.0000, Cls=0.0000, Reg=0.0000, Con=0.0000
2025-09-13 20:50:11,796 - INFO - Batch 890/2278: Loss=1.6492, Cls=0.4609, Reg=0.0000, Con=3.9609
2025-09-13 20:50:12,779 - INFO - Batch 900/2278: Loss=0.0000, Cls=0.0000, Reg=0.0000, Con=0.0000
2025-09-13 20:50:13,823 - INFO - Batch 910/2278: Loss=0.0149, Cls=0.0149, Reg=0.0000, Con=0.0000
2025-09-13 20:50:14,844 - INFO - Batch 920/2278: Loss=0.0004, Cls=0.0004, Reg=0.0000, Con=0.0000
2025-09-13 20:50:15,911 - INFO - Batch 930/2278: Loss=0.0028, Cls=0.0028, Reg=0.0000, Con=0.0000
2025-09-13 20:50:16,854 - INFO - Batch 940/2278: Loss=1.1896, Cls=0.0012, Reg=0.0000, Con=3.9613
2025-09-13 20:50:17,762 - INFO - Batch 950/2278: Loss=0.0021, Cls=0.0021, Reg=0.0000, Con=0.0000
2025-09-13 20:50:18,661 - INFO - Batch 960/2278: Loss=0.0003, Cls=0.0003, Reg=0.0000, Con=0.0000
2025-09-13 20:50:19,561 - INFO - Batch 970/2278: Loss=1.1965, Cls=0.0082, Reg=0.0000, Con=3.9608
2025-09-13 20:50:20,435 - INFO - Batch 980/2278: Loss=1.1895, Cls=0.0012, Reg=0.0000, Con=3.9609
2025-09-13 20:50:21,337 - INFO - Batch 990/2278: Loss=3.1604, Cls=1.9722, Reg=0.0000, Con=3.9609
2025-09-13 20:50:22,208 - INFO - Batch 1000/2278: Loss=1.1905, Cls=0.0022, Reg=0.0000, Con=3.9610
2025-09-13 20:50:23,135 - INFO - Batch 1010/2278: Loss=1.1901, Cls=0.0019, Reg=0.0000, Con=3.9608
2025-09-13 20:50:24,006 - INFO - Batch 1020/2278: Loss=1.1889, Cls=0.0006, Reg=0.0000, Con=3.9608
2025-09-13 20:50:24,887 - INFO - Batch 1030/2278: Loss=0.0001, Cls=0.0001, Reg=0.0000, Con=0.0000
2025-09-13 20:50:25,794 - INFO - Batch 1040/2278: Loss=1.1884, Cls=0.0000, Reg=0.0000, Con=3.9613
2025-09-13 20:50:26,712 - INFO - Batch 1050/2278: Loss=0.0012, Cls=0.0012, Reg=0.0000, Con=0.0000
2025-09-13 20:50:27,634 - INFO - Batch 1060/2278: Loss=2.1917, Cls=1.0034, Reg=0.0000, Con=3.9611
2025-09-13 20:50:28,552 - INFO - Batch 1070/2278: Loss=1.1894, Cls=0.0011, Reg=0.0000, Con=3.9609
2025-09-13 20:50:29,435 - INFO - Batch 1080/2278: Loss=0.0000, Cls=0.0000, Reg=0.0000, Con=0.0000
2025-09-13 20:50:30,338 - INFO - Batch 1090/2278: Loss=1.1885, Cls=0.0001, Reg=0.0000, Con=3.9611
2025-09-13 20:50:31,231 - INFO - Batch 1100/2278: Loss=1.1883, Cls=0.0000, Reg=0.0000, Con=3.9611
2025-09-13 20:50:32,126 - INFO - Batch 1110/2278: Loss=0.0017, Cls=0.0017, Reg=0.0000, Con=0.0000
2025-09-13 20:50:33,036 - INFO - Batch 1120/2278: Loss=0.0006, Cls=0.0006, Reg=0.0000, Con=0.0000
2025-09-13 20:50:33,923 - INFO - Batch 1130/2278: Loss=0.0000, Cls=0.0000, Reg=0.0000, Con=0.0000
2025-09-13 20:50:34,816 - INFO - Batch 1140/2278: Loss=1.2163, Cls=0.0280, Reg=0.0000, Con=3.9609
2025-09-13 20:50:35,699 - INFO - Batch 1150/2278: Loss=0.0044, Cls=0.0044, Reg=0.0000, Con=0.0000
2025-09-13 20:50:36,625 - INFO - Batch 1160/2278: Loss=0.0013, Cls=0.0013, Reg=0.0000, Con=0.0000
2025-09-13 20:50:37,510 - INFO - Batch 1170/2278: Loss=1.1893, Cls=0.0011, Reg=0.0000, Con=3.9608
2025-09-13 20:50:38,423 - INFO - Batch 1180/2278: Loss=1.1884, Cls=0.0000, Reg=0.0000, Con=3.9613
2025-09-13 20:50:39,345 - INFO - Batch 1190/2278: Loss=1.1883, Cls=0.0000, Reg=0.0000, Con=3.9609
2025-09-13 20:50:40,236 - INFO - Batch 1200/2278: Loss=1.1898, Cls=0.0014, Reg=0.0000, Con=3.9611
2025-09-13 20:50:41,143 - INFO - Batch 1210/2278: Loss=1.3196, Cls=0.1313, Reg=0.0000, Con=3.9611
2025-09-13 20:50:42,060 - INFO - Batch 1220/2278: Loss=1.3549, Cls=0.1666, Reg=0.0000, Con=3.9609
2025-09-13 20:50:42,965 - INFO - Batch 1230/2278: Loss=0.0396, Cls=0.0396, Reg=0.0000, Con=0.0000
2025-09-13 20:50:43,850 - INFO - Batch 1240/2278: Loss=1.1939, Cls=0.0056, Reg=0.0000, Con=3.9608
2025-09-13 20:50:44,759 - INFO - Batch 1250/2278: Loss=1.1883, Cls=0.0001, Reg=0.0000, Con=3.9609
2025-09-13 20:50:45,668 - INFO - Batch 1260/2278: Loss=0.0176, Cls=0.0176, Reg=0.0000, Con=0.0000
2025-09-13 20:50:46,588 - INFO - Batch 1270/2278: Loss=1.1889, Cls=0.0006, Reg=0.0000, Con=3.9610
2025-09-13 20:50:47,471 - INFO - Batch 1280/2278: Loss=1.1923, Cls=0.0041, Reg=0.0000, Con=3.9607
2025-09-13 20:50:48,437 - INFO - Batch 1290/2278: Loss=0.0000, Cls=0.0000, Reg=0.0000, Con=0.0000
2025-09-13 20:50:49,328 - INFO - Batch 1300/2278: Loss=0.0023, Cls=0.0023, Reg=0.0000, Con=0.0000
2025-09-13 20:50:50,237 - INFO - Batch 1310/2278: Loss=1.2109, Cls=0.0226, Reg=0.0000, Con=3.9608
2025-09-13 20:50:51,163 - INFO - Batch 1320/2278: Loss=1.1905, Cls=0.0022, Reg=0.0000, Con=3.9610
2025-09-13 20:50:52,044 - INFO - Batch 1330/2278: Loss=1.2020, Cls=0.0137, Reg=0.0000, Con=3.9610
2025-09-13 20:50:52,944 - INFO - Batch 1340/2278: Loss=1.1886, Cls=0.0004, Reg=0.0000, Con=3.9608
2025-09-13 20:50:53,857 - INFO - Batch 1350/2278: Loss=1.1888, Cls=0.0006, Reg=0.0000, Con=3.9608
2025-09-13 20:50:54,760 - INFO - Batch 1360/2278: Loss=1.1910, Cls=0.0026, Reg=0.0000, Con=3.9612
2025-09-13 20:50:55,651 - INFO - Batch 1370/2278: Loss=1.2218, Cls=0.0335, Reg=0.0000, Con=3.9610
2025-09-13 20:50:56,557 - INFO - Batch 1380/2278: Loss=1.1888, Cls=0.0006, Reg=0.0000, Con=3.9608
2025-09-13 20:50:57,460 - INFO - Batch 1390/2278: Loss=1.1982, Cls=0.0099, Reg=0.0000, Con=3.9610
2025-09-13 20:50:58,393 - INFO - Batch 1400/2278: Loss=1.7368, Cls=0.5483, Reg=0.0000, Con=3.9615
2025-09-13 20:50:59,285 - INFO - Batch 1410/2278: Loss=0.0511, Cls=0.0511, Reg=0.0000, Con=0.0000
2025-09-13 20:51:00,206 - INFO - Batch 1420/2278: Loss=1.1906, Cls=0.0023, Reg=0.0000, Con=3.9610
2025-09-13 20:51:01,108 - INFO - Batch 1430/2278: Loss=0.0025, Cls=0.0025, Reg=0.0000, Con=0.0000
2025-09-13 20:51:02,036 - INFO - Batch 1440/2278: Loss=1.1882, Cls=0.0000, Reg=0.0000, Con=3.9606
2025-09-13 20:51:02,969 - INFO - Batch 1450/2278: Loss=0.0036, Cls=0.0036, Reg=0.0000, Con=0.0000
2025-09-13 20:51:03,848 - INFO - Batch 1460/2278: Loss=0.0014, Cls=0.0014, Reg=0.0000, Con=0.0000
2025-09-13 20:51:04,777 - INFO - Batch 1470/2278: Loss=1.2186, Cls=0.0303, Reg=0.0000, Con=3.9607
2025-09-13 20:51:05,689 - INFO - Batch 1480/2278: Loss=1.2008, Cls=0.0125, Reg=0.0000, Con=3.9608
2025-09-13 20:51:06,589 - INFO - Batch 1490/2278: Loss=2.7996, Cls=1.6113, Reg=0.0000, Con=3.9609
2025-09-13 20:51:07,516 - INFO - Batch 1500/2278: Loss=1.2066, Cls=0.0183, Reg=0.0000, Con=3.9610
2025-09-13 20:51:08,459 - INFO - Batch 1510/2278: Loss=1.2574, Cls=0.0691, Reg=0.0000, Con=3.9609
2025-09-13 20:51:09,344 - INFO - Batch 1520/2278: Loss=0.0071, Cls=0.0071, Reg=0.0000, Con=0.0000
2025-09-13 20:51:10,241 - INFO - Batch 1530/2278: Loss=1.1882, Cls=0.0000, Reg=0.0000, Con=3.9608
2025-09-13 20:51:11,148 - INFO - Batch 1540/2278: Loss=1.1960, Cls=0.0076, Reg=0.0000, Con=3.9610
2025-09-13 20:51:12,050 - INFO - Batch 1550/2278: Loss=1.1942, Cls=0.0058, Reg=0.0000, Con=3.9611
2025-09-13 20:51:12,971 - INFO - Batch 1560/2278: Loss=1.1890, Cls=0.0007, Reg=0.0000, Con=3.9608
2025-09-13 20:51:13,867 - INFO - Batch 1570/2278: Loss=0.0002, Cls=0.0002, Reg=0.0000, Con=0.0000
2025-09-13 20:51:14,761 - INFO - Batch 1580/2278: Loss=1.1882, Cls=0.0000, Reg=0.0000, Con=3.9608
2025-09-13 20:51:15,665 - INFO - Batch 1590/2278: Loss=0.0000, Cls=0.0000, Reg=0.0000, Con=0.0000
2025-09-13 20:51:16,584 - INFO - Batch 1600/2278: Loss=1.1991, Cls=0.0109, Reg=0.0000, Con=3.9608
2025-09-13 20:51:17,476 - INFO - Batch 1610/2278: Loss=0.0000, Cls=0.0000, Reg=0.0000, Con=0.0000
2025-09-13 20:51:18,404 - INFO - Batch 1620/2278: Loss=1.1895, Cls=0.0013, Reg=0.0000, Con=3.9608
2025-09-13 20:51:19,287 - INFO - Batch 1630/2278: Loss=1.1896, Cls=0.0013, Reg=0.0000, Con=3.9610
2025-09-13 20:51:20,158 - INFO - Batch 1640/2278: Loss=0.2239, Cls=0.2239, Reg=0.0000, Con=0.0000
2025-09-13 20:51:21,080 - INFO - Batch 1650/2278: Loss=1.1883, Cls=0.0000, Reg=0.0000, Con=3.9609
2025-09-13 20:51:21,996 - INFO - Batch 1660/2278: Loss=1.1890, Cls=0.0007, Reg=0.0000, Con=3.9613
2025-09-13 20:51:22,878 - INFO - Batch 1670/2278: Loss=1.1896, Cls=0.0014, Reg=0.0000, Con=3.9609
2025-09-13 20:51:23,779 - INFO - Batch 1680/2278: Loss=1.1889, Cls=0.0007, Reg=0.0000, Con=3.9607
2025-09-13 20:51:24,667 - INFO - Batch 1690/2278: Loss=1.1935, Cls=0.0052, Reg=0.0000, Con=3.9610
2025-09-13 20:51:25,551 - INFO - Batch 1700/2278: Loss=1.1917, Cls=0.0035, Reg=0.0000, Con=3.9608
2025-09-13 20:51:26,447 - INFO - Batch 1710/2278: Loss=0.0005, Cls=0.0005, Reg=0.0000, Con=0.0000
2025-09-13 20:51:27,353 - INFO - Batch 1720/2278: Loss=0.0005, Cls=0.0005, Reg=0.0000, Con=0.0000
2025-09-13 20:51:28,238 - INFO - Batch 1730/2278: Loss=1.1988, Cls=0.0105, Reg=0.0000, Con=3.9608
2025-09-13 20:51:29,139 - INFO - Batch 1740/2278: Loss=1.2181, Cls=0.0299, Reg=0.0000, Con=3.9609
2025-09-13 20:51:30,020 - INFO - Batch 1750/2278: Loss=0.0089, Cls=0.0089, Reg=0.0000, Con=0.0000
2025-09-13 20:51:30,917 - INFO - Batch 1760/2278: Loss=1.1884, Cls=0.0000, Reg=0.0000, Con=3.9612
2025-09-13 20:51:31,833 - INFO - Batch 1770/2278: Loss=0.0065, Cls=0.0065, Reg=0.0000, Con=0.0000
2025-09-13 20:51:32,758 - INFO - Batch 1780/2278: Loss=0.0010, Cls=0.0010, Reg=0.0000, Con=0.0000
2025-09-13 20:51:33,662 - INFO - Batch 1790/2278: Loss=0.0033, Cls=0.0033, Reg=0.0000, Con=0.0000
2025-09-13 20:51:34,563 - INFO - Batch 1800/2278: Loss=1.1936, Cls=0.0054, Reg=0.0000, Con=3.9607
2025-09-13 20:51:35,436 - INFO - Batch 1810/2278: Loss=0.0063, Cls=0.0063, Reg=0.0000, Con=0.0000
2025-09-13 20:51:36,327 - INFO - Batch 1820/2278: Loss=0.0082, Cls=0.0082, Reg=0.0000, Con=0.0000
2025-09-13 20:51:37,216 - INFO - Batch 1830/2278: Loss=1.1898, Cls=0.0015, Reg=0.0000, Con=3.9608
2025-09-13 20:51:38,127 - INFO - Batch 1840/2278: Loss=0.0014, Cls=0.0014, Reg=0.0000, Con=0.0000
2025-09-13 20:51:39,038 - INFO - Batch 1850/2278: Loss=1.1888, Cls=0.0006, Reg=0.0000, Con=3.9609
2025-09-13 20:51:39,960 - INFO - Batch 1860/2278: Loss=1.1884, Cls=0.0002, Reg=0.0000, Con=3.9607
2025-09-13 20:51:40,936 - INFO - Batch 1870/2278: Loss=0.0009, Cls=0.0009, Reg=0.0000, Con=0.0000
2025-09-13 20:51:42,031 - INFO - Batch 1880/2278: Loss=1.1894, Cls=0.0012, Reg=0.0000, Con=3.9607
2025-09-13 20:51:43,114 - INFO - Batch 1890/2278: Loss=0.0412, Cls=0.0412, Reg=0.0000, Con=0.0000
2025-09-13 20:51:44,153 - INFO - Batch 1900/2278: Loss=2.2990, Cls=2.2990, Reg=0.0000, Con=0.0000
2025-09-13 20:51:45,090 - INFO - Batch 1910/2278: Loss=1.1889, Cls=0.0006, Reg=0.0000, Con=3.9610
2025-09-13 20:51:45,986 - INFO - Batch 1920/2278: Loss=0.0011, Cls=0.0011, Reg=0.0000, Con=0.0000
2025-09-13 20:51:46,903 - INFO - Batch 1930/2278: Loss=1.1931, Cls=0.0048, Reg=0.0000, Con=3.9611
2025-09-13 20:51:47,780 - INFO - Batch 1940/2278: Loss=1.1886, Cls=0.0004, Reg=0.0000, Con=3.9607
2025-09-13 20:51:48,642 - INFO - Batch 1950/2278: Loss=1.1884, Cls=0.0001, Reg=0.0000, Con=3.9609
2025-09-13 20:51:49,556 - INFO - Batch 1960/2278: Loss=1.1902, Cls=0.0020, Reg=0.0000, Con=3.9610
2025-09-13 20:51:50,443 - INFO - Batch 1970/2278: Loss=0.0004, Cls=0.0004, Reg=0.0000, Con=0.0000
2025-09-13 20:51:51,378 - INFO - Batch 1980/2278: Loss=2.7140, Cls=1.5257, Reg=0.0000, Con=3.9610
2025-09-13 20:51:52,256 - INFO - Batch 1990/2278: Loss=1.1890, Cls=0.0007, Reg=0.0000, Con=3.9608
2025-09-13 20:51:53,133 - INFO - Batch 2000/2278: Loss=1.1914, Cls=0.0031, Reg=0.0000, Con=3.9610
2025-09-13 20:51:54,092 - INFO - Batch 2010/2278: Loss=1.2045, Cls=0.0163, Reg=0.0000, Con=3.9608
2025-09-13 20:51:54,994 - INFO - Batch 2020/2278: Loss=1.2089, Cls=0.0207, Reg=0.0000, Con=3.9608
2025-09-13 20:51:55,898 - INFO - Batch 2030/2278: Loss=1.1896, Cls=0.0013, Reg=0.0000, Con=3.9608
2025-09-13 20:51:56,785 - INFO - Batch 2040/2278: Loss=1.1896, Cls=0.0013, Reg=0.0000, Con=3.9610
2025-09-13 20:51:57,694 - INFO - Batch 2050/2278: Loss=0.0005, Cls=0.0005, Reg=0.0000, Con=0.0000
2025-09-13 20:51:58,588 - INFO - Batch 2060/2278: Loss=1.1917, Cls=0.0034, Reg=0.0000, Con=3.9609
2025-09-13 20:51:59,498 - INFO - Batch 2070/2278: Loss=0.0034, Cls=0.0034, Reg=0.0000, Con=0.0000
2025-09-13 20:52:00,402 - INFO - Batch 2080/2278: Loss=1.1910, Cls=0.0026, Reg=0.0000, Con=3.9613
2025-09-13 20:52:01,291 - INFO - Batch 2090/2278: Loss=1.1928, Cls=0.0046, Reg=0.0000, Con=3.9607
2025-09-13 20:52:02,194 - INFO - Batch 2100/2278: Loss=1.1902, Cls=0.0017, Reg=0.0000, Con=3.9619
2025-09-13 20:52:03,093 - INFO - Batch 2110/2278: Loss=1.1902, Cls=0.0019, Reg=0.0000, Con=3.9609
2025-09-13 20:52:03,987 - INFO - Batch 2120/2278: Loss=0.0022, Cls=0.0022, Reg=0.0000, Con=0.0000
2025-09-13 20:52:04,891 - INFO - Batch 2130/2278: Loss=0.0058, Cls=0.0058, Reg=0.0000, Con=0.0000
2025-09-13 20:52:05,803 - INFO - Batch 2140/2278: Loss=0.0014, Cls=0.0014, Reg=0.0000, Con=0.0000
2025-09-13 20:52:06,697 - INFO - Batch 2150/2278: Loss=1.1894, Cls=0.0012, Reg=0.0000, Con=3.9608
2025-09-13 20:52:07,609 - INFO - Batch 2160/2278: Loss=1.4573, Cls=0.2691, Reg=0.0000, Con=3.9609
2025-09-13 20:52:08,511 - INFO - Batch 2170/2278: Loss=1.1901, Cls=0.0019, Reg=0.0000, Con=3.9608
2025-09-13 20:52:09,382 - INFO - Batch 2180/2278: Loss=0.0034, Cls=0.0034, Reg=0.0000, Con=0.0000
2025-09-13 20:52:10,267 - INFO - Batch 2190/2278: Loss=1.1897, Cls=0.0014, Reg=0.0000, Con=3.9609
2025-09-13 20:52:11,170 - INFO - Batch 2200/2278: Loss=2.4128, Cls=1.2246, Reg=0.0000, Con=3.9608
2025-09-13 20:52:12,048 - INFO - Batch 2210/2278: Loss=0.0023, Cls=0.0023, Reg=0.0000, Con=0.0000
2025-09-13 20:52:12,938 - INFO - Batch 2220/2278: Loss=0.0009, Cls=0.0009, Reg=0.0000, Con=0.0000
2025-09-13 20:52:13,825 - INFO - Batch 2230/2278: Loss=1.1883, Cls=0.0000, Reg=0.0000, Con=3.9609
2025-09-13 20:52:14,722 - INFO - Batch 2240/2278: Loss=1.1896, Cls=0.0011, Reg=0.0000, Con=3.9617
2025-09-13 20:52:15,614 - INFO - Batch 2250/2278: Loss=1.1884, Cls=0.0002, Reg=0.0000, Con=3.9608
2025-09-13 20:52:16,510 - INFO - Batch 2260/2278: Loss=0.0005, Cls=0.0005, Reg=0.0000, Con=0.0000
2025-09-13 20:52:17,403 - INFO - Batch 2270/2278: Loss=0.0038, Cls=0.0038, Reg=0.0000, Con=0.0000
2025-09-13 20:55:47,251 - INFO - === Epoch 3 Results ===
2025-09-13 20:55:47,252 - INFO - Training Loss: 0.9181 (Classification: 0.1435, Regression: 0.0000)
2025-09-13 20:55:47,252 - INFO - Validation Loss: 0.0358 (Classification: 0.0358, Regression: 0.0000)
2025-09-13 20:55:47,252 - INFO - Average Classification Accuracy: 0.9631 (on 1/26 tasks)
2025-09-13 20:55:47,252 - INFO - Average AUC: 0.8726
2025-09-13 20:55:50,341 - INFO - Best model saved to: experiments/r1c3_single_cls_19_seed_42_20250913_203458/checkpoints/r1c3_single_cls_19_seed_42_best.pth
2025-09-13 20:55:50,341 - INFO - Training finished!
2025-09-13 20:55:50,342 - INFO - Performing final evaluation...
2025-09-13 20:55:50,594 - INFO - Loaded best model from: experiments/r1c3_single_cls_19_seed_42_20250913_203458/checkpoints/r1c3_single_cls_19_seed_42_best.pth
2025-09-13 20:59:19,044 - INFO - Final Validation Results:
2025-09-13 20:59:19,044 - INFO -   Total Loss: 0.0358
2025-09-13 20:59:19,044 - INFO -   Classification Loss: 0.0358
2025-09-13 20:59:19,045 - INFO -   Regression Loss: 0.0000
2025-09-13 20:59:19,045 - INFO -   Average Classification Accuracy: 0.9631
2025-09-13 20:59:19,045 - INFO -   Average AUC: 0.8726
2025-09-13 20:59:19,045 - INFO - Results saved to: experiments/r1c3_single_cls_19_seed_42_20250913_203458/checkpoints/r1c3_single_cls_19_seed_42_results.json
