2025-09-14 09:41:46,234 - INFO - 🔬 Starting experiment: r1c3_headft_cls_23_seed_42
2025-09-14 09:41:46,234 - INFO - 📁 Experiment directory: experiments/r1c3_headft_cls_23_seed_42_20250914_094146
2025-09-14 09:41:46,234 - INFO - 🎲 Random seed: 42
2025-09-14 09:41:46,234 - INFO - 🔒 Deterministic mode: True
2025-09-14 09:41:46,234 - INFO - Using device: cuda
2025-09-14 09:41:46,235 - INFO - Total GPU Memory: 25.16 GB
2025-09-14 09:41:46,250 - INFO - 🧪 Fusion: Using cross-attention dynamic fusion
2025-09-14 09:41:46,250 - INFO - 🧪 GNN Backbone: Using default GraphAttentionNetwork branch
2025-09-14 09:41:46,250 - INFO - 🎯 Task Mode: Single classification endpoint 23
2025-09-14 09:41:46,251 - INFO - Configuration saved to: experiments/r1c3_headft_cls_23_seed_42_20250914_094146/checkpoints/config.json
2025-09-14 09:41:46,251 - INFO - 🚀 Using preprocessed data from: /mnt/backup2/ai4s/backupunimolpy/responds-work/ToxD4C/data/data/processed
2025-09-14 09:41:46,251 - INFO - Loading LMDB dataset from: /mnt/backup2/ai4s/backupunimolpy/responds-work/ToxD4C/data/data/processed
2025-09-14 09:41:46,746 - INFO - Number of training batches: 2278
2025-09-14 09:41:46,746 - INFO - Number of validation batches: 2278
2025-09-14 09:41:46,746 - INFO - Number of test batches: 2278
2025-09-14 09:41:46,746 - INFO - Creating ToxD4C model...
2025-09-14 09:41:47,782 - INFO - Model created successfully. Total parameters: 100,932,036
2025-09-14 09:41:47,782 - INFO - Testing model forward pass...
2025-09-14 09:41:48,230 - INFO - Test output shapes:
2025-09-14 09:41:48,230 - INFO -   classification: torch.Size([16, 1])
2025-09-14 09:41:48,232 - INFO -   classification contains NaN: False
2025-09-14 09:41:48,233 - INFO -   classification contains Inf: False
2025-09-14 09:41:48,233 - INFO -   regression: torch.Size([16, 0])
2025-09-14 09:41:48,233 - INFO -   regression contains NaN: False
2025-09-14 09:41:48,233 - INFO -   regression contains Inf: False
2025-09-14 09:41:48,233 - INFO - Model forward pass test successful!
2025-09-14 09:41:48,922 - INFO - 🔁 Loaded checkpoint from: /mnt/backup2/ai4s/backupunimolpy/responds-work/ToxD4C/experiments/r1c3_multi_full_seed_42_20250913_152627/checkpoints/r1c3_multi_full_seed_42_best.pth
2025-09-14 09:41:48,923 - INFO - 🧩 Head-only fine-tuning: unfroze head for task 'SR-HSE' and froze trunk.
2025-09-14 09:41:48,924 - INFO - Starting training...
2025-09-14 09:41:48,924 - INFO - 
Epoch 1/3
2025-09-14 09:41:49,100 - INFO - Batch 0/2278: Loss=0.0075, Cls=0.0075, Reg=0.0000, Con=0.0000
2025-09-14 09:41:49,972 - INFO - Batch 10/2278: Loss=0.0185, Cls=0.0185, Reg=0.0000, Con=0.0000
2025-09-14 09:41:50,860 - INFO - Batch 20/2278: Loss=1.2282, Cls=0.0399, Reg=0.0000, Con=3.9610
2025-09-14 09:41:51,751 - INFO - Batch 30/2278: Loss=0.7715, Cls=0.7715, Reg=0.0000, Con=0.0000
2025-09-14 09:41:52,611 - INFO - Batch 40/2278: Loss=0.0024, Cls=0.0024, Reg=0.0000, Con=0.0000
2025-09-14 09:41:53,497 - INFO - Batch 50/2278: Loss=1.2030, Cls=0.0148, Reg=0.0000, Con=3.9609
2025-09-14 09:41:54,384 - INFO - Batch 60/2278: Loss=2.7884, Cls=1.6001, Reg=0.0000, Con=3.9609
2025-09-14 09:41:55,279 - INFO - Batch 70/2278: Loss=1.1882, Cls=0.0000, Reg=0.0000, Con=3.9608
2025-09-14 09:41:56,169 - INFO - Batch 80/2278: Loss=0.0000, Cls=0.0000, Reg=0.0000, Con=0.0000
2025-09-14 09:41:57,078 - INFO - Batch 90/2278: Loss=0.0416, Cls=0.0416, Reg=0.0000, Con=0.0000
2025-09-14 09:41:57,930 - INFO - Batch 100/2278: Loss=0.0263, Cls=0.0263, Reg=0.0000, Con=0.0000
2025-09-14 09:41:58,817 - INFO - Batch 110/2278: Loss=0.0860, Cls=0.0860, Reg=0.0000, Con=0.0000
2025-09-14 09:41:59,689 - INFO - Batch 120/2278: Loss=1.1901, Cls=0.0018, Reg=0.0000, Con=3.9609
2025-09-14 09:42:00,594 - INFO - Batch 130/2278: Loss=1.7068, Cls=0.5186, Reg=0.0000, Con=3.9609
2025-09-14 09:42:01,483 - INFO - Batch 140/2278: Loss=1.1898, Cls=0.0013, Reg=0.0000, Con=3.9615
2025-09-14 09:42:02,367 - INFO - Batch 150/2278: Loss=1.6029, Cls=0.4145, Reg=0.0000, Con=3.9613
2025-09-14 09:42:03,254 - INFO - Batch 160/2278: Loss=2.9264, Cls=1.7381, Reg=0.0000, Con=3.9611
2025-09-14 09:42:04,133 - INFO - Batch 170/2278: Loss=1.9807, Cls=0.7924, Reg=0.0000, Con=3.9611
2025-09-14 09:42:05,026 - INFO - Batch 180/2278: Loss=1.2046, Cls=0.0163, Reg=0.0000, Con=3.9610
2025-09-14 09:42:05,905 - INFO - Batch 190/2278: Loss=2.9123, Cls=1.7241, Reg=0.0000, Con=3.9607
2025-09-14 09:42:06,755 - INFO - Batch 200/2278: Loss=0.1466, Cls=0.1466, Reg=0.0000, Con=0.0000
2025-09-14 09:42:07,651 - INFO - Batch 210/2278: Loss=0.0025, Cls=0.0025, Reg=0.0000, Con=0.0000
2025-09-14 09:42:08,539 - INFO - Batch 220/2278: Loss=0.0015, Cls=0.0015, Reg=0.0000, Con=0.0000
2025-09-14 09:42:09,437 - INFO - Batch 230/2278: Loss=1.1891, Cls=0.0008, Reg=0.0000, Con=3.9610
2025-09-14 09:42:10,296 - INFO - Batch 240/2278: Loss=1.1890, Cls=0.0008, Reg=0.0000, Con=3.9608
2025-09-14 09:42:11,198 - INFO - Batch 250/2278: Loss=0.0014, Cls=0.0014, Reg=0.0000, Con=0.0000
2025-09-14 09:42:12,076 - INFO - Batch 260/2278: Loss=0.0240, Cls=0.0240, Reg=0.0000, Con=0.0000
2025-09-14 09:42:12,956 - INFO - Batch 270/2278: Loss=0.0000, Cls=0.0000, Reg=0.0000, Con=0.0000
2025-09-14 09:42:13,824 - INFO - Batch 280/2278: Loss=1.1896, Cls=0.0013, Reg=0.0000, Con=3.9611
2025-09-14 09:42:14,722 - INFO - Batch 290/2278: Loss=0.0265, Cls=0.0265, Reg=0.0000, Con=0.0000
2025-09-14 09:42:15,610 - INFO - Batch 300/2278: Loss=1.1890, Cls=0.0007, Reg=0.0000, Con=3.9609
2025-09-14 09:42:16,514 - INFO - Batch 310/2278: Loss=1.2013, Cls=0.0130, Reg=0.0000, Con=3.9612
2025-09-14 09:42:17,385 - INFO - Batch 320/2278: Loss=0.0026, Cls=0.0026, Reg=0.0000, Con=0.0000
2025-09-14 09:42:18,287 - INFO - Batch 330/2278: Loss=1.1947, Cls=0.0065, Reg=0.0000, Con=3.9609
2025-09-14 09:42:19,141 - INFO - Batch 340/2278: Loss=1.1883, Cls=0.0000, Reg=0.0000, Con=3.9610
2025-09-14 09:42:20,041 - INFO - Batch 350/2278: Loss=1.7929, Cls=0.6045, Reg=0.0000, Con=3.9611
2025-09-14 09:42:20,893 - INFO - Batch 360/2278: Loss=1.1882, Cls=0.0000, Reg=0.0000, Con=3.9607
2025-09-14 09:42:21,772 - INFO - Batch 370/2278: Loss=1.1935, Cls=0.0053, Reg=0.0000, Con=3.9609
2025-09-14 09:42:22,648 - INFO - Batch 380/2278: Loss=1.1901, Cls=0.0019, Reg=0.0000, Con=3.9607
2025-09-14 09:42:23,536 - INFO - Batch 390/2278: Loss=1.1882, Cls=0.0000, Reg=0.0000, Con=3.9607
2025-09-14 09:42:24,423 - INFO - Batch 400/2278: Loss=0.0155, Cls=0.0155, Reg=0.0000, Con=0.0000
2025-09-14 09:42:25,289 - INFO - Batch 410/2278: Loss=0.0184, Cls=0.0184, Reg=0.0000, Con=0.0000
2025-09-14 09:42:26,155 - INFO - Batch 420/2278: Loss=2.1059, Cls=2.1059, Reg=0.0000, Con=0.0000
2025-09-14 09:42:27,042 - INFO - Batch 430/2278: Loss=1.1892, Cls=0.0010, Reg=0.0000, Con=3.9607
2025-09-14 09:42:27,923 - INFO - Batch 440/2278: Loss=1.1963, Cls=0.0080, Reg=0.0000, Con=3.9608
2025-09-14 09:42:28,806 - INFO - Batch 450/2278: Loss=1.1905, Cls=0.0023, Reg=0.0000, Con=3.9607
2025-09-14 09:42:29,669 - INFO - Batch 460/2278: Loss=1.2584, Cls=0.0702, Reg=0.0000, Con=3.9607
2025-09-14 09:42:30,568 - INFO - Batch 470/2278: Loss=1.1884, Cls=0.0001, Reg=0.0000, Con=3.9611
2025-09-14 09:42:31,451 - INFO - Batch 480/2278: Loss=1.1893, Cls=0.0011, Reg=0.0000, Con=3.9607
2025-09-14 09:42:32,319 - INFO - Batch 490/2278: Loss=0.0000, Cls=0.0000, Reg=0.0000, Con=0.0000
2025-09-14 09:42:33,200 - INFO - Batch 500/2278: Loss=0.0000, Cls=0.0000, Reg=0.0000, Con=0.0000
2025-09-14 09:42:34,067 - INFO - Batch 510/2278: Loss=1.1883, Cls=0.0000, Reg=0.0000, Con=3.9609
2025-09-14 09:42:34,934 - INFO - Batch 520/2278: Loss=1.1886, Cls=0.0004, Reg=0.0000, Con=3.9608
2025-09-14 09:42:35,811 - INFO - Batch 530/2278: Loss=1.1887, Cls=0.0004, Reg=0.0000, Con=3.9608
2025-09-14 09:42:36,728 - INFO - Batch 540/2278: Loss=1.1934, Cls=0.0051, Reg=0.0000, Con=3.9610
2025-09-14 09:42:37,597 - INFO - Batch 550/2278: Loss=1.1882, Cls=0.0000, Reg=0.0000, Con=3.9607
2025-09-14 09:42:38,473 - INFO - Batch 560/2278: Loss=1.1883, Cls=0.0000, Reg=0.0000, Con=3.9609
2025-09-14 09:42:39,371 - INFO - Batch 570/2278: Loss=1.1967, Cls=0.0084, Reg=0.0000, Con=3.9608
2025-09-14 09:42:40,241 - INFO - Batch 580/2278: Loss=0.0012, Cls=0.0012, Reg=0.0000, Con=0.0000
2025-09-14 09:42:41,109 - INFO - Batch 590/2278: Loss=0.0030, Cls=0.0030, Reg=0.0000, Con=0.0000
2025-09-14 09:42:41,992 - INFO - Batch 600/2278: Loss=1.1886, Cls=0.0003, Reg=0.0000, Con=3.9609
2025-09-14 09:42:42,902 - INFO - Batch 610/2278: Loss=1.1951, Cls=0.0068, Reg=0.0000, Con=3.9609
2025-09-14 09:42:43,763 - INFO - Batch 620/2278: Loss=1.1971, Cls=0.0088, Reg=0.0000, Con=3.9608
2025-09-14 09:42:44,652 - INFO - Batch 630/2278: Loss=0.0006, Cls=0.0006, Reg=0.0000, Con=0.0000
2025-09-14 09:42:45,557 - INFO - Batch 640/2278: Loss=1.2877, Cls=0.0994, Reg=0.0000, Con=3.9608
2025-09-14 09:42:46,418 - INFO - Batch 650/2278: Loss=1.1900, Cls=0.0016, Reg=0.0000, Con=3.9613
2025-09-14 09:42:47,281 - INFO - Batch 660/2278: Loss=1.1884, Cls=0.0002, Reg=0.0000, Con=3.9608
2025-09-14 09:42:48,174 - INFO - Batch 670/2278: Loss=1.1909, Cls=0.0026, Reg=0.0000, Con=3.9608
2025-09-14 09:42:49,038 - INFO - Batch 680/2278: Loss=1.1921, Cls=0.0039, Reg=0.0000, Con=3.9608
2025-09-14 09:42:50,212 - INFO - Batch 690/2278: Loss=0.0096, Cls=0.0096, Reg=0.0000, Con=0.0000
2025-09-14 09:42:51,206 - INFO - Batch 700/2278: Loss=0.0007, Cls=0.0007, Reg=0.0000, Con=0.0000
2025-09-14 09:42:52,083 - INFO - Batch 710/2278: Loss=1.1882, Cls=0.0000, Reg=0.0000, Con=3.9607
2025-09-14 09:42:52,987 - INFO - Batch 720/2278: Loss=1.1885, Cls=0.0002, Reg=0.0000, Con=3.9609
2025-09-14 09:42:53,897 - INFO - Batch 730/2278: Loss=1.1888, Cls=0.0004, Reg=0.0000, Con=3.9613
2025-09-14 09:42:54,786 - INFO - Batch 740/2278: Loss=1.2003, Cls=0.0120, Reg=0.0000, Con=3.9610
2025-09-14 09:42:55,678 - INFO - Batch 750/2278: Loss=1.2012, Cls=0.0129, Reg=0.0000, Con=3.9609
2025-09-14 09:42:56,549 - INFO - Batch 760/2278: Loss=1.2058, Cls=0.0176, Reg=0.0000, Con=3.9608
2025-09-14 09:42:57,423 - INFO - Batch 770/2278: Loss=1.1889, Cls=0.0006, Reg=0.0000, Con=3.9610
2025-09-14 09:42:58,318 - INFO - Batch 780/2278: Loss=1.1898, Cls=0.0015, Reg=0.0000, Con=3.9608
2025-09-14 09:42:59,187 - INFO - Batch 790/2278: Loss=0.0009, Cls=0.0009, Reg=0.0000, Con=0.0000
2025-09-14 09:43:00,066 - INFO - Batch 800/2278: Loss=1.1885, Cls=0.0002, Reg=0.0000, Con=3.9612
2025-09-14 09:43:00,954 - INFO - Batch 810/2278: Loss=1.1887, Cls=0.0004, Reg=0.0000, Con=3.9612
2025-09-14 09:43:01,845 - INFO - Batch 820/2278: Loss=1.1883, Cls=0.0000, Reg=0.0000, Con=3.9609
2025-09-14 09:43:02,730 - INFO - Batch 830/2278: Loss=1.1889, Cls=0.0006, Reg=0.0000, Con=3.9609
2025-09-14 09:43:03,607 - INFO - Batch 840/2278: Loss=1.1908, Cls=0.0026, Reg=0.0000, Con=3.9608
2025-09-14 09:43:04,509 - INFO - Batch 850/2278: Loss=0.0119, Cls=0.0119, Reg=0.0000, Con=0.0000
2025-09-14 09:43:05,382 - INFO - Batch 860/2278: Loss=1.1885, Cls=0.0003, Reg=0.0000, Con=3.9607
2025-09-14 09:43:06,286 - INFO - Batch 870/2278: Loss=0.0007, Cls=0.0007, Reg=0.0000, Con=0.0000
2025-09-14 09:43:07,172 - INFO - Batch 880/2278: Loss=1.8697, Cls=1.8697, Reg=0.0000, Con=0.0000
2025-09-14 09:43:08,045 - INFO - Batch 890/2278: Loss=0.0027, Cls=0.0027, Reg=0.0000, Con=0.0000
2025-09-14 09:43:08,927 - INFO - Batch 900/2278: Loss=1.2077, Cls=0.0195, Reg=0.0000, Con=3.9609
2025-09-14 09:43:09,833 - INFO - Batch 910/2278: Loss=1.1953, Cls=0.0070, Reg=0.0000, Con=3.9609
2025-09-14 09:43:10,728 - INFO - Batch 920/2278: Loss=1.1885, Cls=0.0002, Reg=0.0000, Con=3.9610
2025-09-14 09:43:11,630 - INFO - Batch 930/2278: Loss=1.1969, Cls=0.0086, Reg=0.0000, Con=3.9608
2025-09-14 09:43:12,510 - INFO - Batch 940/2278: Loss=1.1884, Cls=0.0001, Reg=0.0000, Con=3.9609
2025-09-14 09:43:13,387 - INFO - Batch 950/2278: Loss=1.1883, Cls=0.0000, Reg=0.0000, Con=3.9611
2025-09-14 09:43:14,241 - INFO - Batch 960/2278: Loss=1.1889, Cls=0.0006, Reg=0.0000, Con=3.9609
2025-09-14 09:43:15,111 - INFO - Batch 970/2278: Loss=1.1916, Cls=0.0033, Reg=0.0000, Con=3.9612
2025-09-14 09:43:15,974 - INFO - Batch 980/2278: Loss=0.0036, Cls=0.0036, Reg=0.0000, Con=0.0000
2025-09-14 09:43:16,871 - INFO - Batch 990/2278: Loss=0.0000, Cls=0.0000, Reg=0.0000, Con=0.0000
2025-09-14 09:43:17,800 - INFO - Batch 1000/2278: Loss=2.2037, Cls=1.0154, Reg=0.0000, Con=3.9609
2025-09-14 09:43:18,696 - INFO - Batch 1010/2278: Loss=1.2292, Cls=0.0410, Reg=0.0000, Con=3.9608
2025-09-14 09:43:19,571 - INFO - Batch 1020/2278: Loss=0.0193, Cls=0.0193, Reg=0.0000, Con=0.0000
2025-09-14 09:43:20,477 - INFO - Batch 1030/2278: Loss=1.1898, Cls=0.0015, Reg=0.0000, Con=3.9610
2025-09-14 09:43:21,361 - INFO - Batch 1040/2278: Loss=1.2006, Cls=0.0124, Reg=0.0000, Con=3.9607
2025-09-14 09:43:22,253 - INFO - Batch 1050/2278: Loss=1.1884, Cls=0.0001, Reg=0.0000, Con=3.9609
2025-09-14 09:43:23,128 - INFO - Batch 1060/2278: Loss=1.1914, Cls=0.0032, Reg=0.0000, Con=3.9608
2025-09-14 09:43:24,014 - INFO - Batch 1070/2278: Loss=1.1887, Cls=0.0005, Reg=0.0000, Con=3.9608
2025-09-14 09:43:24,881 - INFO - Batch 1080/2278: Loss=0.0042, Cls=0.0042, Reg=0.0000, Con=0.0000
2025-09-14 09:43:25,784 - INFO - Batch 1090/2278: Loss=1.2173, Cls=0.0290, Reg=0.0000, Con=3.9609
2025-09-14 09:43:26,659 - INFO - Batch 1100/2278: Loss=0.3031, Cls=0.3031, Reg=0.0000, Con=0.0000
2025-09-14 09:43:27,544 - INFO - Batch 1110/2278: Loss=1.1891, Cls=0.0009, Reg=0.0000, Con=3.9608
2025-09-14 09:43:28,438 - INFO - Batch 1120/2278: Loss=0.2310, Cls=0.2310, Reg=0.0000, Con=0.0000
2025-09-14 09:43:29,348 - INFO - Batch 1130/2278: Loss=1.1905, Cls=0.0023, Reg=0.0000, Con=3.9608
2025-09-14 09:43:30,226 - INFO - Batch 1140/2278: Loss=1.1903, Cls=0.0021, Reg=0.0000, Con=3.9608
2025-09-14 09:43:31,095 - INFO - Batch 1150/2278: Loss=3.3664, Cls=2.1780, Reg=0.0000, Con=3.9611
2025-09-14 09:43:31,984 - INFO - Batch 1160/2278: Loss=1.1890, Cls=0.0008, Reg=0.0000, Con=3.9609
2025-09-14 09:43:32,866 - INFO - Batch 1170/2278: Loss=0.0049, Cls=0.0049, Reg=0.0000, Con=0.0000
2025-09-14 09:43:33,719 - INFO - Batch 1180/2278: Loss=1.1883, Cls=0.0000, Reg=0.0000, Con=3.9609
2025-09-14 09:43:34,606 - INFO - Batch 1190/2278: Loss=1.1917, Cls=0.0034, Reg=0.0000, Con=3.9609
2025-09-14 09:43:35,482 - INFO - Batch 1200/2278: Loss=0.0013, Cls=0.0013, Reg=0.0000, Con=0.0000
2025-09-14 09:43:36,370 - INFO - Batch 1210/2278: Loss=1.1908, Cls=0.0025, Reg=0.0000, Con=3.9610
2025-09-14 09:43:37,232 - INFO - Batch 1220/2278: Loss=0.0034, Cls=0.0034, Reg=0.0000, Con=0.0000
2025-09-14 09:43:38,106 - INFO - Batch 1230/2278: Loss=1.1883, Cls=0.0000, Reg=0.0000, Con=3.9609
2025-09-14 09:43:39,008 - INFO - Batch 1240/2278: Loss=1.1883, Cls=0.0000, Reg=0.0000, Con=3.9609
2025-09-14 09:43:39,882 - INFO - Batch 1250/2278: Loss=0.0000, Cls=0.0000, Reg=0.0000, Con=0.0000
2025-09-14 09:43:40,760 - INFO - Batch 1260/2278: Loss=2.0137, Cls=0.8254, Reg=0.0000, Con=3.9608
2025-09-14 09:43:41,646 - INFO - Batch 1270/2278: Loss=1.1886, Cls=0.0003, Reg=0.0000, Con=3.9609
2025-09-14 09:43:42,551 - INFO - Batch 1280/2278: Loss=0.0020, Cls=0.0020, Reg=0.0000, Con=0.0000
2025-09-14 09:43:43,439 - INFO - Batch 1290/2278: Loss=0.0080, Cls=0.0080, Reg=0.0000, Con=0.0000
2025-09-14 09:43:44,330 - INFO - Batch 1300/2278: Loss=1.1894, Cls=0.0011, Reg=0.0000, Con=3.9610
2025-09-14 09:43:45,235 - INFO - Batch 1310/2278: Loss=2.4162, Cls=1.2279, Reg=0.0000, Con=3.9611
2025-09-14 09:43:46,127 - INFO - Batch 1320/2278: Loss=0.0006, Cls=0.0006, Reg=0.0000, Con=0.0000
2025-09-14 09:43:46,992 - INFO - Batch 1330/2278: Loss=1.1898, Cls=0.0014, Reg=0.0000, Con=3.9613
2025-09-14 09:43:47,879 - INFO - Batch 1340/2278: Loss=1.1887, Cls=0.0004, Reg=0.0000, Con=3.9608
2025-09-14 09:43:48,792 - INFO - Batch 1350/2278: Loss=0.0025, Cls=0.0025, Reg=0.0000, Con=0.0000
2025-09-14 09:43:49,685 - INFO - Batch 1360/2278: Loss=1.2160, Cls=0.0277, Reg=0.0000, Con=3.9610
2025-09-14 09:43:50,585 - INFO - Batch 1370/2278: Loss=1.1882, Cls=0.0000, Reg=0.0000, Con=3.9608
2025-09-14 09:43:51,488 - INFO - Batch 1380/2278: Loss=1.2598, Cls=0.0716, Reg=0.0000, Con=3.9608
2025-09-14 09:43:52,357 - INFO - Batch 1390/2278: Loss=1.1909, Cls=0.0026, Reg=0.0000, Con=3.9608
2025-09-14 09:43:53,258 - INFO - Batch 1400/2278: Loss=1.1893, Cls=0.0010, Reg=0.0000, Con=3.9609
2025-09-14 09:43:54,173 - INFO - Batch 1410/2278: Loss=1.2012, Cls=0.0128, Reg=0.0000, Con=3.9612
2025-09-14 09:43:55,043 - INFO - Batch 1420/2278: Loss=0.0765, Cls=0.0765, Reg=0.0000, Con=0.0000
2025-09-14 09:43:55,911 - INFO - Batch 1430/2278: Loss=2.7641, Cls=1.5758, Reg=0.0000, Con=3.9609
2025-09-14 09:43:56,793 - INFO - Batch 1440/2278: Loss=1.1883, Cls=0.0000, Reg=0.0000, Con=3.9609
2025-09-14 09:43:57,683 - INFO - Batch 1450/2278: Loss=1.1945, Cls=0.0063, Reg=0.0000, Con=3.9608
2025-09-14 09:43:58,585 - INFO - Batch 1460/2278: Loss=0.0022, Cls=0.0022, Reg=0.0000, Con=0.0000
2025-09-14 09:43:59,499 - INFO - Batch 1470/2278: Loss=1.1890, Cls=0.0007, Reg=0.0000, Con=3.9609
2025-09-14 09:44:00,418 - INFO - Batch 1480/2278: Loss=1.2028, Cls=0.0146, Reg=0.0000, Con=3.9607
2025-09-14 09:44:01,312 - INFO - Batch 1490/2278: Loss=1.1921, Cls=0.0038, Reg=0.0000, Con=3.9609
2025-09-14 09:44:02,188 - INFO - Batch 1500/2278: Loss=1.1887, Cls=0.0004, Reg=0.0000, Con=3.9609
2025-09-14 09:44:03,070 - INFO - Batch 1510/2278: Loss=0.0000, Cls=0.0000, Reg=0.0000, Con=0.0000
2025-09-14 09:44:03,946 - INFO - Batch 1520/2278: Loss=1.1940, Cls=0.0058, Reg=0.0000, Con=3.9608
2025-09-14 09:44:04,820 - INFO - Batch 1530/2278: Loss=1.1969, Cls=0.0087, Reg=0.0000, Con=3.9608
2025-09-14 09:44:05,705 - INFO - Batch 1540/2278: Loss=1.1891, Cls=0.0009, Reg=0.0000, Con=3.9609
2025-09-14 09:44:06,586 - INFO - Batch 1550/2278: Loss=1.1883, Cls=0.0000, Reg=0.0000, Con=3.9610
2025-09-14 09:44:07,479 - INFO - Batch 1560/2278: Loss=1.6609, Cls=0.4727, Reg=0.0000, Con=3.9609
2025-09-14 09:44:08,374 - INFO - Batch 1570/2278: Loss=1.1925, Cls=0.0043, Reg=0.0000, Con=3.9608
2025-09-14 09:44:09,391 - INFO - Batch 1580/2278: Loss=1.1927, Cls=0.0044, Reg=0.0000, Con=3.9608
2025-09-14 09:44:10,284 - INFO - Batch 1590/2278: Loss=1.2017, Cls=0.0135, Reg=0.0000, Con=3.9609
2025-09-14 09:44:11,153 - INFO - Batch 1600/2278: Loss=1.1883, Cls=0.0000, Reg=0.0000, Con=3.9608
2025-09-14 09:44:12,034 - INFO - Batch 1610/2278: Loss=0.1871, Cls=0.1871, Reg=0.0000, Con=0.0000
2025-09-14 09:44:12,923 - INFO - Batch 1620/2278: Loss=0.0017, Cls=0.0017, Reg=0.0000, Con=0.0000
2025-09-14 09:44:13,817 - INFO - Batch 1630/2278: Loss=1.1882, Cls=0.0000, Reg=0.0000, Con=3.9608
2025-09-14 09:44:14,710 - INFO - Batch 1640/2278: Loss=0.0018, Cls=0.0018, Reg=0.0000, Con=0.0000
2025-09-14 09:44:15,594 - INFO - Batch 1650/2278: Loss=0.0014, Cls=0.0014, Reg=0.0000, Con=0.0000
2025-09-14 09:44:16,492 - INFO - Batch 1660/2278: Loss=1.4883, Cls=1.4883, Reg=0.0000, Con=0.0000
2025-09-14 09:44:17,376 - INFO - Batch 1670/2278: Loss=1.1884, Cls=0.0000, Reg=0.0000, Con=3.9612
2025-09-14 09:44:18,282 - INFO - Batch 1680/2278: Loss=0.0021, Cls=0.0021, Reg=0.0000, Con=0.0000
2025-09-14 09:44:19,174 - INFO - Batch 1690/2278: Loss=1.1907, Cls=0.0023, Reg=0.0000, Con=3.9612
2025-09-14 09:44:20,051 - INFO - Batch 1700/2278: Loss=1.1885, Cls=0.0002, Reg=0.0000, Con=3.9612
2025-09-14 09:44:20,942 - INFO - Batch 1710/2278: Loss=2.1664, Cls=2.1664, Reg=0.0000, Con=0.0000
2025-09-14 09:44:21,826 - INFO - Batch 1720/2278: Loss=1.1885, Cls=0.0003, Reg=0.0000, Con=3.9608
2025-09-14 09:44:22,708 - INFO - Batch 1730/2278: Loss=0.0005, Cls=0.0005, Reg=0.0000, Con=0.0000
2025-09-14 09:44:23,595 - INFO - Batch 1740/2278: Loss=0.0000, Cls=0.0000, Reg=0.0000, Con=0.0000
2025-09-14 09:44:24,499 - INFO - Batch 1750/2278: Loss=1.1883, Cls=0.0000, Reg=0.0000, Con=3.9609
2025-09-14 09:44:25,422 - INFO - Batch 1760/2278: Loss=1.1889, Cls=0.0007, Reg=0.0000, Con=3.9609
2025-09-14 09:44:26,308 - INFO - Batch 1770/2278: Loss=4.6659, Cls=3.4777, Reg=0.0000, Con=3.9608
2025-09-14 09:44:27,189 - INFO - Batch 1780/2278: Loss=1.1885, Cls=0.0002, Reg=0.0000, Con=3.9608
2025-09-14 09:44:28,069 - INFO - Batch 1790/2278: Loss=0.0086, Cls=0.0086, Reg=0.0000, Con=0.0000
2025-09-14 09:44:28,950 - INFO - Batch 1800/2278: Loss=0.0013, Cls=0.0013, Reg=0.0000, Con=0.0000
2025-09-14 09:44:29,853 - INFO - Batch 1810/2278: Loss=0.0051, Cls=0.0051, Reg=0.0000, Con=0.0000
2025-09-14 09:44:30,759 - INFO - Batch 1820/2278: Loss=1.1913, Cls=0.0030, Reg=0.0000, Con=3.9611
2025-09-14 09:44:31,645 - INFO - Batch 1830/2278: Loss=0.0172, Cls=0.0172, Reg=0.0000, Con=0.0000
2025-09-14 09:44:32,544 - INFO - Batch 1840/2278: Loss=0.0323, Cls=0.0323, Reg=0.0000, Con=0.0000
2025-09-14 09:44:33,456 - INFO - Batch 1850/2278: Loss=1.2459, Cls=0.0577, Reg=0.0000, Con=3.9608
2025-09-14 09:44:34,328 - INFO - Batch 1860/2278: Loss=0.0015, Cls=0.0015, Reg=0.0000, Con=0.0000
2025-09-14 09:44:35,195 - INFO - Batch 1870/2278: Loss=1.1883, Cls=0.0000, Reg=0.0000, Con=3.9608
2025-09-14 09:44:36,084 - INFO - Batch 1880/2278: Loss=0.0000, Cls=0.0000, Reg=0.0000, Con=0.0000
2025-09-14 09:44:36,989 - INFO - Batch 1890/2278: Loss=1.1885, Cls=0.0002, Reg=0.0000, Con=3.9609
2025-09-14 09:44:37,869 - INFO - Batch 1900/2278: Loss=0.0108, Cls=0.0108, Reg=0.0000, Con=0.0000
2025-09-14 09:44:38,754 - INFO - Batch 1910/2278: Loss=0.0008, Cls=0.0008, Reg=0.0000, Con=0.0000
2025-09-14 09:44:39,667 - INFO - Batch 1920/2278: Loss=1.1933, Cls=0.0051, Reg=0.0000, Con=3.9607
2025-09-14 09:44:40,544 - INFO - Batch 1930/2278: Loss=1.1885, Cls=0.0003, Reg=0.0000, Con=3.9607
2025-09-14 09:44:41,433 - INFO - Batch 1940/2278: Loss=2.8440, Cls=1.6558, Reg=0.0000, Con=3.9608
2025-09-14 09:44:42,325 - INFO - Batch 1950/2278: Loss=1.1883, Cls=0.0000, Reg=0.0000, Con=3.9608
2025-09-14 09:44:43,206 - INFO - Batch 1960/2278: Loss=1.1911, Cls=0.0029, Reg=0.0000, Con=3.9609
2025-09-14 09:44:44,086 - INFO - Batch 1970/2278: Loss=1.1883, Cls=0.0000, Reg=0.0000, Con=3.9611
2025-09-14 09:44:44,987 - INFO - Batch 1980/2278: Loss=1.1914, Cls=0.0032, Reg=0.0000, Con=3.9608
2025-09-14 09:44:45,874 - INFO - Batch 1990/2278: Loss=1.2072, Cls=0.0187, Reg=0.0000, Con=3.9615
2025-09-14 09:44:46,750 - INFO - Batch 2000/2278: Loss=5.1123, Cls=3.9241, Reg=0.0000, Con=3.9608
2025-09-14 09:44:47,621 - INFO - Batch 2010/2278: Loss=4.1610, Cls=2.9727, Reg=0.0000, Con=3.9608
2025-09-14 09:44:48,521 - INFO - Batch 2020/2278: Loss=1.5996, Cls=0.4114, Reg=0.0000, Con=3.9608
2025-09-14 09:44:49,419 - INFO - Batch 2030/2278: Loss=1.1885, Cls=0.0003, Reg=0.0000, Con=3.9607
2025-09-14 09:44:50,320 - INFO - Batch 2040/2278: Loss=1.1899, Cls=0.0017, Reg=0.0000, Con=3.9609
2025-09-14 09:44:51,222 - INFO - Batch 2050/2278: Loss=1.1903, Cls=0.0021, Reg=0.0000, Con=3.9608
2025-09-14 09:44:52,086 - INFO - Batch 2060/2278: Loss=0.0080, Cls=0.0080, Reg=0.0000, Con=0.0000
2025-09-14 09:44:52,976 - INFO - Batch 2070/2278: Loss=1.1891, Cls=0.0008, Reg=0.0000, Con=3.9611
2025-09-14 09:44:53,845 - INFO - Batch 2080/2278: Loss=1.1905, Cls=0.0022, Reg=0.0000, Con=3.9610
2025-09-14 09:44:54,741 - INFO - Batch 2090/2278: Loss=1.1947, Cls=0.0063, Reg=0.0000, Con=3.9612
2025-09-14 09:44:55,664 - INFO - Batch 2100/2278: Loss=1.2011, Cls=0.0127, Reg=0.0000, Con=3.9611
2025-09-14 09:44:56,578 - INFO - Batch 2110/2278: Loss=1.1902, Cls=0.0019, Reg=0.0000, Con=3.9609
2025-09-14 09:44:57,464 - INFO - Batch 2120/2278: Loss=0.0025, Cls=0.0025, Reg=0.0000, Con=0.0000
2025-09-14 09:44:58,363 - INFO - Batch 2130/2278: Loss=1.1898, Cls=0.0017, Reg=0.0000, Con=3.9606
2025-09-14 09:44:59,248 - INFO - Batch 2140/2278: Loss=1.1895, Cls=0.0012, Reg=0.0000, Con=3.9608
2025-09-14 09:45:00,128 - INFO - Batch 2150/2278: Loss=2.2046, Cls=1.0164, Reg=0.0000, Con=3.9608
2025-09-14 09:45:00,997 - INFO - Batch 2160/2278: Loss=1.1961, Cls=0.0079, Reg=0.0000, Con=3.9608
2025-09-14 09:45:01,885 - INFO - Batch 2170/2278: Loss=1.1901, Cls=0.0018, Reg=0.0000, Con=3.9609
2025-09-14 09:45:02,776 - INFO - Batch 2180/2278: Loss=0.9704, Cls=0.9704, Reg=0.0000, Con=0.0000
2025-09-14 09:45:03,697 - INFO - Batch 2190/2278: Loss=7.0208, Cls=7.0208, Reg=0.0000, Con=0.0000
2025-09-14 09:45:04,665 - INFO - Batch 2200/2278: Loss=1.1987, Cls=0.0106, Reg=0.0000, Con=3.9605
2025-09-14 09:45:05,660 - INFO - Batch 2210/2278: Loss=1.2324, Cls=0.0441, Reg=0.0000, Con=3.9609
2025-09-14 09:45:06,661 - INFO - Batch 2220/2278: Loss=1.2010, Cls=0.0127, Reg=0.0000, Con=3.9610
2025-09-14 09:45:07,596 - INFO - Batch 2230/2278: Loss=0.0168, Cls=0.0168, Reg=0.0000, Con=0.0000
2025-09-14 09:45:08,580 - INFO - Batch 2240/2278: Loss=0.0029, Cls=0.0029, Reg=0.0000, Con=0.0000
2025-09-14 09:45:09,515 - INFO - Batch 2250/2278: Loss=4.3243, Cls=3.1360, Reg=0.0000, Con=3.9609
2025-09-14 09:45:10,470 - INFO - Batch 2260/2278: Loss=1.1892, Cls=0.0009, Reg=0.0000, Con=3.9608
2025-09-14 09:45:11,451 - INFO - Batch 2270/2278: Loss=0.0008, Cls=0.0008, Reg=0.0000, Con=0.0000
2025-09-14 09:48:38,154 - INFO - === Epoch 1 Results ===
2025-09-14 09:48:38,154 - INFO - Training Loss: 0.9623 (Classification: 0.1950, Regression: 0.0000)
2025-09-14 09:48:38,154 - INFO - Validation Loss: 0.0669 (Classification: 0.0669, Regression: 0.0000)
2025-09-14 09:48:38,154 - INFO - Average Classification Accuracy: 0.9508 (on 1/26 tasks)
2025-09-14 09:48:38,154 - INFO - Average AUC: 0.7883
2025-09-14 09:48:38,677 - INFO - Best model saved to: experiments/r1c3_headft_cls_23_seed_42_20250914_094146/checkpoints/r1c3_headft_cls_23_seed_42_best.pth
2025-09-14 09:48:38,677 - INFO - 
Epoch 2/3
2025-09-14 09:48:38,787 - INFO - Batch 0/2278: Loss=0.0051, Cls=0.0051, Reg=0.0000, Con=0.0000
2025-09-14 09:48:39,736 - INFO - Batch 10/2278: Loss=1.1887, Cls=0.0005, Reg=0.0000, Con=3.9604
2025-09-14 09:48:40,643 - INFO - Batch 20/2278: Loss=1.1891, Cls=0.0008, Reg=0.0000, Con=3.9610
2025-09-14 09:48:41,579 - INFO - Batch 30/2278: Loss=1.1888, Cls=0.0006, Reg=0.0000, Con=3.9608
2025-09-14 09:48:42,486 - INFO - Batch 40/2278: Loss=1.1884, Cls=0.0002, Reg=0.0000, Con=3.9608
2025-09-14 09:48:43,425 - INFO - Batch 50/2278: Loss=0.0300, Cls=0.0300, Reg=0.0000, Con=0.0000
2025-09-14 09:48:44,295 - INFO - Batch 60/2278: Loss=0.0059, Cls=0.0059, Reg=0.0000, Con=0.0000
2025-09-14 09:48:45,226 - INFO - Batch 70/2278: Loss=1.1884, Cls=0.0002, Reg=0.0000, Con=3.9607
2025-09-14 09:48:46,123 - INFO - Batch 80/2278: Loss=1.1964, Cls=0.0081, Reg=0.0000, Con=3.9609
2025-09-14 09:48:47,041 - INFO - Batch 90/2278: Loss=0.0031, Cls=0.0031, Reg=0.0000, Con=0.0000
2025-09-14 09:48:47,950 - INFO - Batch 100/2278: Loss=1.1888, Cls=0.0006, Reg=0.0000, Con=3.9609
2025-09-14 09:48:48,860 - INFO - Batch 110/2278: Loss=1.1883, Cls=0.0001, Reg=0.0000, Con=3.9609
2025-09-14 09:48:49,753 - INFO - Batch 120/2278: Loss=0.0102, Cls=0.0102, Reg=0.0000, Con=0.0000
2025-09-14 09:48:50,637 - INFO - Batch 130/2278: Loss=1.1883, Cls=0.0000, Reg=0.0000, Con=3.9607
2025-09-14 09:48:51,541 - INFO - Batch 140/2278: Loss=2.8519, Cls=1.6637, Reg=0.0000, Con=3.9609
2025-09-14 09:48:52,467 - INFO - Batch 150/2278: Loss=2.0567, Cls=0.8684, Reg=0.0000, Con=3.9611
2025-09-14 09:48:53,377 - INFO - Batch 160/2278: Loss=1.1892, Cls=0.0009, Reg=0.0000, Con=3.9609
2025-09-14 09:48:54,268 - INFO - Batch 170/2278: Loss=0.0000, Cls=0.0000, Reg=0.0000, Con=0.0000
2025-09-14 09:48:55,166 - INFO - Batch 180/2278: Loss=1.1970, Cls=0.0087, Reg=0.0000, Con=3.9609
2025-09-14 09:48:56,082 - INFO - Batch 190/2278: Loss=0.0063, Cls=0.0063, Reg=0.0000, Con=0.0000
2025-09-14 09:48:56,987 - INFO - Batch 200/2278: Loss=1.2030, Cls=0.0148, Reg=0.0000, Con=3.9608
2025-09-14 09:48:57,890 - INFO - Batch 210/2278: Loss=1.9214, Cls=0.7332, Reg=0.0000, Con=3.9609
2025-09-14 09:48:58,846 - INFO - Batch 220/2278: Loss=0.0073, Cls=0.0073, Reg=0.0000, Con=0.0000
2025-09-14 09:48:59,791 - INFO - Batch 230/2278: Loss=0.0009, Cls=0.0009, Reg=0.0000, Con=0.0000
2025-09-14 09:49:00,691 - INFO - Batch 240/2278: Loss=1.2984, Cls=1.2984, Reg=0.0000, Con=0.0000
2025-09-14 09:49:01,591 - INFO - Batch 250/2278: Loss=0.0022, Cls=0.0022, Reg=0.0000, Con=0.0000
2025-09-14 09:49:02,469 - INFO - Batch 260/2278: Loss=0.1157, Cls=0.1157, Reg=0.0000, Con=0.0000
2025-09-14 09:49:03,376 - INFO - Batch 270/2278: Loss=1.1883, Cls=0.0000, Reg=0.0000, Con=3.9608
2025-09-14 09:49:04,259 - INFO - Batch 280/2278: Loss=2.8299, Cls=1.6416, Reg=0.0000, Con=3.9609
2025-09-14 09:49:05,142 - INFO - Batch 290/2278: Loss=1.1917, Cls=0.0034, Reg=0.0000, Con=3.9609
2025-09-14 09:49:06,046 - INFO - Batch 300/2278: Loss=2.1022, Cls=0.9140, Reg=0.0000, Con=3.9609
2025-09-14 09:49:06,971 - INFO - Batch 310/2278: Loss=1.1908, Cls=0.0026, Reg=0.0000, Con=3.9608
2025-09-14 09:49:07,913 - INFO - Batch 320/2278: Loss=0.0000, Cls=0.0000, Reg=0.0000, Con=0.0000
2025-09-14 09:49:08,842 - INFO - Batch 330/2278: Loss=2.9125, Cls=1.7243, Reg=0.0000, Con=3.9609
2025-09-14 09:49:09,782 - INFO - Batch 340/2278: Loss=1.2003, Cls=0.0120, Reg=0.0000, Con=3.9609
2025-09-14 09:49:10,681 - INFO - Batch 350/2278: Loss=1.1910, Cls=0.0027, Reg=0.0000, Con=3.9609
2025-09-14 09:49:11,593 - INFO - Batch 360/2278: Loss=1.1884, Cls=0.0001, Reg=0.0000, Con=3.9609
2025-09-14 09:49:12,494 - INFO - Batch 370/2278: Loss=1.1936, Cls=0.0054, Reg=0.0000, Con=3.9609
2025-09-14 09:49:13,415 - INFO - Batch 380/2278: Loss=1.1916, Cls=0.0034, Reg=0.0000, Con=3.9608
2025-09-14 09:49:14,318 - INFO - Batch 390/2278: Loss=1.6240, Cls=0.4357, Reg=0.0000, Con=3.9609
2025-09-14 09:49:15,223 - INFO - Batch 400/2278: Loss=0.0000, Cls=0.0000, Reg=0.0000, Con=0.0000
2025-09-14 09:49:16,152 - INFO - Batch 410/2278: Loss=1.1909, Cls=0.0027, Reg=0.0000, Con=3.9608
2025-09-14 09:49:17,072 - INFO - Batch 420/2278: Loss=0.0045, Cls=0.0045, Reg=0.0000, Con=0.0000
2025-09-14 09:49:17,959 - INFO - Batch 430/2278: Loss=0.0109, Cls=0.0109, Reg=0.0000, Con=0.0000
2025-09-14 09:49:18,836 - INFO - Batch 440/2278: Loss=1.2103, Cls=0.0221, Reg=0.0000, Con=3.9608
2025-09-14 09:49:19,719 - INFO - Batch 450/2278: Loss=1.1915, Cls=0.0033, Reg=0.0000, Con=3.9607
2025-09-14 09:49:20,597 - INFO - Batch 460/2278: Loss=0.0042, Cls=0.0042, Reg=0.0000, Con=0.0000
2025-09-14 09:49:21,484 - INFO - Batch 470/2278: Loss=1.6331, Cls=0.4449, Reg=0.0000, Con=3.9608
2025-09-14 09:49:22,379 - INFO - Batch 480/2278: Loss=0.0000, Cls=0.0000, Reg=0.0000, Con=0.0000
2025-09-14 09:49:23,281 - INFO - Batch 490/2278: Loss=1.1892, Cls=0.0010, Reg=0.0000, Con=3.9610
2025-09-14 09:49:24,162 - INFO - Batch 500/2278: Loss=1.1929, Cls=0.0047, Reg=0.0000, Con=3.9607
2025-09-14 09:49:25,060 - INFO - Batch 510/2278: Loss=1.1901, Cls=0.0019, Reg=0.0000, Con=3.9607
2025-09-14 09:49:25,964 - INFO - Batch 520/2278: Loss=1.1890, Cls=0.0008, Reg=0.0000, Con=3.9607
2025-09-14 09:49:26,865 - INFO - Batch 530/2278: Loss=2.7258, Cls=1.5376, Reg=0.0000, Con=3.9608
2025-09-14 09:49:27,732 - INFO - Batch 540/2278: Loss=1.1909, Cls=0.0026, Reg=0.0000, Con=3.9610
2025-09-14 09:49:28,625 - INFO - Batch 550/2278: Loss=1.2124, Cls=0.0242, Reg=0.0000, Con=3.9607
2025-09-14 09:49:29,536 - INFO - Batch 560/2278: Loss=0.0272, Cls=0.0272, Reg=0.0000, Con=0.0000
2025-09-14 09:49:30,424 - INFO - Batch 570/2278: Loss=1.1882, Cls=0.0000, Reg=0.0000, Con=3.9608
2025-09-14 09:49:31,323 - INFO - Batch 580/2278: Loss=1.3615, Cls=1.3615, Reg=0.0000, Con=0.0000
2025-09-14 09:49:32,223 - INFO - Batch 590/2278: Loss=1.1882, Cls=0.0000, Reg=0.0000, Con=3.9608
2025-09-14 09:49:33,118 - INFO - Batch 600/2278: Loss=0.0000, Cls=0.0000, Reg=0.0000, Con=0.0000
2025-09-14 09:49:34,043 - INFO - Batch 610/2278: Loss=1.1926, Cls=0.0043, Reg=0.0000, Con=3.9608
2025-09-14 09:49:34,937 - INFO - Batch 620/2278: Loss=1.1889, Cls=0.0006, Reg=0.0000, Con=3.9608
2025-09-14 09:49:35,804 - INFO - Batch 630/2278: Loss=2.4996, Cls=1.3113, Reg=0.0000, Con=3.9608
2025-09-14 09:49:36,720 - INFO - Batch 640/2278: Loss=0.0069, Cls=0.0069, Reg=0.0000, Con=0.0000
2025-09-14 09:49:37,604 - INFO - Batch 650/2278: Loss=2.1251, Cls=2.1251, Reg=0.0000, Con=0.0000
2025-09-14 09:49:38,481 - INFO - Batch 660/2278: Loss=1.1972, Cls=0.0090, Reg=0.0000, Con=3.9607
2025-09-14 09:49:39,393 - INFO - Batch 670/2278: Loss=1.1951, Cls=0.0068, Reg=0.0000, Con=3.9609
2025-09-14 09:49:40,292 - INFO - Batch 680/2278: Loss=1.2809, Cls=0.0927, Reg=0.0000, Con=3.9608
2025-09-14 09:49:41,182 - INFO - Batch 690/2278: Loss=1.1885, Cls=0.0001, Reg=0.0000, Con=3.9613
2025-09-14 09:49:42,084 - INFO - Batch 700/2278: Loss=0.0074, Cls=0.0074, Reg=0.0000, Con=0.0000
2025-09-14 09:49:42,976 - INFO - Batch 710/2278: Loss=1.2022, Cls=0.0139, Reg=0.0000, Con=3.9610
2025-09-14 09:49:43,890 - INFO - Batch 720/2278: Loss=1.1897, Cls=0.0015, Reg=0.0000, Con=3.9609
2025-09-14 09:49:44,779 - INFO - Batch 730/2278: Loss=1.2723, Cls=0.0839, Reg=0.0000, Con=3.9612
2025-09-14 09:49:45,688 - INFO - Batch 740/2278: Loss=2.7816, Cls=1.5933, Reg=0.0000, Con=3.9610
2025-09-14 09:49:46,602 - INFO - Batch 750/2278: Loss=0.0021, Cls=0.0021, Reg=0.0000, Con=0.0000
2025-09-14 09:49:47,511 - INFO - Batch 760/2278: Loss=0.0060, Cls=0.0060, Reg=0.0000, Con=0.0000
2025-09-14 09:49:48,464 - INFO - Batch 770/2278: Loss=1.1979, Cls=0.0097, Reg=0.0000, Con=3.9608
2025-09-14 09:49:49,370 - INFO - Batch 780/2278: Loss=0.0017, Cls=0.0017, Reg=0.0000, Con=0.0000
2025-09-14 09:49:50,283 - INFO - Batch 790/2278: Loss=1.2082, Cls=0.0199, Reg=0.0000, Con=3.9609
2025-09-14 09:49:51,204 - INFO - Batch 800/2278: Loss=1.2639, Cls=1.2639, Reg=0.0000, Con=0.0000
2025-09-14 09:49:52,086 - INFO - Batch 810/2278: Loss=0.0412, Cls=0.0412, Reg=0.0000, Con=0.0000
2025-09-14 09:49:52,959 - INFO - Batch 820/2278: Loss=1.1889, Cls=0.0006, Reg=0.0000, Con=3.9608
2025-09-14 09:49:53,872 - INFO - Batch 830/2278: Loss=1.1891, Cls=0.0009, Reg=0.0000, Con=3.9607
2025-09-14 09:49:54,772 - INFO - Batch 840/2278: Loss=1.1907, Cls=0.0025, Reg=0.0000, Con=3.9608
2025-09-14 09:49:55,665 - INFO - Batch 850/2278: Loss=0.0031, Cls=0.0031, Reg=0.0000, Con=0.0000
2025-09-14 09:49:56,580 - INFO - Batch 860/2278: Loss=1.1897, Cls=0.0015, Reg=0.0000, Con=3.9608
2025-09-14 09:49:57,513 - INFO - Batch 870/2278: Loss=0.0010, Cls=0.0010, Reg=0.0000, Con=0.0000
2025-09-14 09:49:58,423 - INFO - Batch 880/2278: Loss=0.0015, Cls=0.0015, Reg=0.0000, Con=0.0000
2025-09-14 09:49:59,315 - INFO - Batch 890/2278: Loss=1.7298, Cls=0.5415, Reg=0.0000, Con=3.9609
2025-09-14 09:50:00,209 - INFO - Batch 900/2278: Loss=0.0264, Cls=0.0264, Reg=0.0000, Con=0.0000
2025-09-14 09:50:01,117 - INFO - Batch 910/2278: Loss=0.0065, Cls=0.0065, Reg=0.0000, Con=0.0000
2025-09-14 09:50:02,007 - INFO - Batch 920/2278: Loss=1.1884, Cls=0.0001, Reg=0.0000, Con=3.9611
2025-09-14 09:50:02,884 - INFO - Batch 930/2278: Loss=1.1986, Cls=0.0104, Reg=0.0000, Con=3.9609
2025-09-14 09:50:03,787 - INFO - Batch 940/2278: Loss=0.0023, Cls=0.0023, Reg=0.0000, Con=0.0000
2025-09-14 09:50:04,682 - INFO - Batch 950/2278: Loss=0.2397, Cls=0.2397, Reg=0.0000, Con=0.0000
2025-09-14 09:50:05,608 - INFO - Batch 960/2278: Loss=0.0000, Cls=0.0000, Reg=0.0000, Con=0.0000
2025-09-14 09:50:06,506 - INFO - Batch 970/2278: Loss=0.0101, Cls=0.0101, Reg=0.0000, Con=0.0000
2025-09-14 09:50:07,387 - INFO - Batch 980/2278: Loss=1.2526, Cls=0.0643, Reg=0.0000, Con=3.9609
2025-09-14 09:50:08,293 - INFO - Batch 990/2278: Loss=1.2831, Cls=0.0950, Reg=0.0000, Con=3.9606
2025-09-14 09:50:09,256 - INFO - Batch 1000/2278: Loss=1.1889, Cls=0.0006, Reg=0.0000, Con=3.9609
2025-09-14 09:50:10,134 - INFO - Batch 1010/2278: Loss=1.1883, Cls=0.0000, Reg=0.0000, Con=3.9609
2025-09-14 09:50:11,019 - INFO - Batch 1020/2278: Loss=1.1924, Cls=0.0039, Reg=0.0000, Con=3.9615
2025-09-14 09:50:11,939 - INFO - Batch 1030/2278: Loss=1.1990, Cls=0.0107, Reg=0.0000, Con=3.9608
2025-09-14 09:50:12,825 - INFO - Batch 1040/2278: Loss=1.1882, Cls=0.0000, Reg=0.0000, Con=3.9608
2025-09-14 09:50:13,727 - INFO - Batch 1050/2278: Loss=1.3776, Cls=0.1893, Reg=0.0000, Con=3.9611
2025-09-14 09:50:14,649 - INFO - Batch 1060/2278: Loss=1.1944, Cls=0.0060, Reg=0.0000, Con=3.9612
2025-09-14 09:50:15,542 - INFO - Batch 1070/2278: Loss=1.1890, Cls=0.0007, Reg=0.0000, Con=3.9609
2025-09-14 09:50:16,434 - INFO - Batch 1080/2278: Loss=1.8445, Cls=0.6563, Reg=0.0000, Con=3.9609
2025-09-14 09:50:17,373 - INFO - Batch 1090/2278: Loss=1.1904, Cls=0.0022, Reg=0.0000, Con=3.9608
2025-09-14 09:50:18,271 - INFO - Batch 1100/2278: Loss=1.1884, Cls=0.0001, Reg=0.0000, Con=3.9608
2025-09-14 09:50:19,170 - INFO - Batch 1110/2278: Loss=1.1887, Cls=0.0004, Reg=0.0000, Con=3.9608
2025-09-14 09:50:20,083 - INFO - Batch 1120/2278: Loss=1.3539, Cls=0.1657, Reg=0.0000, Con=3.9608
2025-09-14 09:50:21,036 - INFO - Batch 1130/2278: Loss=0.0000, Cls=0.0000, Reg=0.0000, Con=0.0000
2025-09-14 09:50:22,011 - INFO - Batch 1140/2278: Loss=0.0006, Cls=0.0006, Reg=0.0000, Con=0.0000
2025-09-14 09:50:22,921 - INFO - Batch 1150/2278: Loss=4.2398, Cls=3.0516, Reg=0.0000, Con=3.9609
2025-09-14 09:50:23,796 - INFO - Batch 1160/2278: Loss=1.1882, Cls=0.0000, Reg=0.0000, Con=3.9607
2025-09-14 09:50:24,705 - INFO - Batch 1170/2278: Loss=0.0048, Cls=0.0048, Reg=0.0000, Con=0.0000
2025-09-14 09:50:25,598 - INFO - Batch 1180/2278: Loss=1.1889, Cls=0.0006, Reg=0.0000, Con=3.9609
2025-09-14 09:50:26,506 - INFO - Batch 1190/2278: Loss=1.1984, Cls=0.0101, Reg=0.0000, Con=3.9610
2025-09-14 09:50:27,412 - INFO - Batch 1200/2278: Loss=1.1883, Cls=0.0000, Reg=0.0000, Con=3.9609
2025-09-14 09:50:28,324 - INFO - Batch 1210/2278: Loss=1.1903, Cls=0.0021, Reg=0.0000, Con=3.9608
2025-09-14 09:50:29,240 - INFO - Batch 1220/2278: Loss=0.0275, Cls=0.0275, Reg=0.0000, Con=0.0000
2025-09-14 09:50:30,154 - INFO - Batch 1230/2278: Loss=2.3758, Cls=1.1875, Reg=0.0000, Con=3.9609
2025-09-14 09:50:31,032 - INFO - Batch 1240/2278: Loss=1.1938, Cls=0.0055, Reg=0.0000, Con=3.9609
2025-09-14 09:50:31,949 - INFO - Batch 1250/2278: Loss=0.0004, Cls=0.0004, Reg=0.0000, Con=0.0000
2025-09-14 09:50:32,853 - INFO - Batch 1260/2278: Loss=1.1984, Cls=0.0102, Reg=0.0000, Con=3.9607
2025-09-14 09:50:33,739 - INFO - Batch 1270/2278: Loss=0.0004, Cls=0.0004, Reg=0.0000, Con=0.0000
2025-09-14 09:50:34,662 - INFO - Batch 1280/2278: Loss=2.4495, Cls=1.2613, Reg=0.0000, Con=3.9608
2025-09-14 09:50:35,589 - INFO - Batch 1290/2278: Loss=1.1940, Cls=0.0057, Reg=0.0000, Con=3.9610
2025-09-14 09:50:36,522 - INFO - Batch 1300/2278: Loss=1.1890, Cls=0.0007, Reg=0.0000, Con=3.9610
2025-09-14 09:50:37,417 - INFO - Batch 1310/2278: Loss=0.0000, Cls=0.0000, Reg=0.0000, Con=0.0000
2025-09-14 09:50:38,353 - INFO - Batch 1320/2278: Loss=1.1902, Cls=0.0019, Reg=0.0000, Con=3.9609
2025-09-14 09:50:39,265 - INFO - Batch 1330/2278: Loss=1.1885, Cls=0.0002, Reg=0.0000, Con=3.9609
2025-09-14 09:50:40,190 - INFO - Batch 1340/2278: Loss=0.0003, Cls=0.0003, Reg=0.0000, Con=0.0000
2025-09-14 09:50:41,083 - INFO - Batch 1350/2278: Loss=0.0001, Cls=0.0001, Reg=0.0000, Con=0.0000
2025-09-14 09:50:41,977 - INFO - Batch 1360/2278: Loss=2.2523, Cls=1.0641, Reg=0.0000, Con=3.9608
2025-09-14 09:50:42,861 - INFO - Batch 1370/2278: Loss=2.8082, Cls=1.6200, Reg=0.0000, Con=3.9608
2025-09-14 09:50:43,773 - INFO - Batch 1380/2278: Loss=1.1887, Cls=0.0004, Reg=0.0000, Con=3.9609
2025-09-14 09:50:44,671 - INFO - Batch 1390/2278: Loss=1.1922, Cls=0.0039, Reg=0.0000, Con=3.9608
2025-09-14 09:50:45,680 - INFO - Batch 1400/2278: Loss=0.0039, Cls=0.0039, Reg=0.0000, Con=0.0000
2025-09-14 09:50:46,699 - INFO - Batch 1410/2278: Loss=1.1910, Cls=0.0028, Reg=0.0000, Con=3.9608
2025-09-14 09:50:47,626 - INFO - Batch 1420/2278: Loss=0.0025, Cls=0.0025, Reg=0.0000, Con=0.0000
2025-09-14 09:50:48,628 - INFO - Batch 1430/2278: Loss=0.0021, Cls=0.0021, Reg=0.0000, Con=0.0000
2025-09-14 09:50:49,552 - INFO - Batch 1440/2278: Loss=1.1896, Cls=0.0013, Reg=0.0000, Con=3.9613
2025-09-14 09:50:50,443 - INFO - Batch 1450/2278: Loss=0.0000, Cls=0.0000, Reg=0.0000, Con=0.0000
2025-09-14 09:50:51,352 - INFO - Batch 1460/2278: Loss=1.1887, Cls=0.0005, Reg=0.0000, Con=3.9609
2025-09-14 09:50:52,262 - INFO - Batch 1470/2278: Loss=1.2198, Cls=0.0315, Reg=0.0000, Con=3.9608
2025-09-14 09:50:53,160 - INFO - Batch 1480/2278: Loss=0.0004, Cls=0.0004, Reg=0.0000, Con=0.0000
2025-09-14 09:50:54,186 - INFO - Batch 1490/2278: Loss=0.6174, Cls=0.6174, Reg=0.0000, Con=0.0000
2025-09-14 09:50:55,107 - INFO - Batch 1500/2278: Loss=0.0243, Cls=0.0243, Reg=0.0000, Con=0.0000
2025-09-14 09:50:56,038 - INFO - Batch 1510/2278: Loss=1.2078, Cls=0.0196, Reg=0.0000, Con=3.9608
2025-09-14 09:50:56,962 - INFO - Batch 1520/2278: Loss=1.1886, Cls=0.0004, Reg=0.0000, Con=3.9608
2025-09-14 09:50:57,864 - INFO - Batch 1530/2278: Loss=1.1909, Cls=0.0026, Reg=0.0000, Con=3.9609
2025-09-14 09:50:58,746 - INFO - Batch 1540/2278: Loss=0.0002, Cls=0.0002, Reg=0.0000, Con=0.0000
2025-09-14 09:50:59,640 - INFO - Batch 1550/2278: Loss=1.1883, Cls=0.0000, Reg=0.0000, Con=3.9609
2025-09-14 09:51:00,542 - INFO - Batch 1560/2278: Loss=1.4539, Cls=0.2657, Reg=0.0000, Con=3.9608
2025-09-14 09:51:01,440 - INFO - Batch 1570/2278: Loss=1.1925, Cls=0.0042, Reg=0.0000, Con=3.9609
2025-09-14 09:51:02,368 - INFO - Batch 1580/2278: Loss=0.0019, Cls=0.0019, Reg=0.0000, Con=0.0000
2025-09-14 09:51:03,285 - INFO - Batch 1590/2278: Loss=0.0083, Cls=0.0083, Reg=0.0000, Con=0.0000
2025-09-14 09:51:04,213 - INFO - Batch 1600/2278: Loss=1.1940, Cls=0.0058, Reg=0.0000, Con=3.9609
2025-09-14 09:51:05,130 - INFO - Batch 1610/2278: Loss=0.0005, Cls=0.0005, Reg=0.0000, Con=0.0000
2025-09-14 09:51:06,037 - INFO - Batch 1620/2278: Loss=1.1887, Cls=0.0004, Reg=0.0000, Con=3.9609
2025-09-14 09:51:06,919 - INFO - Batch 1630/2278: Loss=0.0002, Cls=0.0002, Reg=0.0000, Con=0.0000
2025-09-14 09:51:07,850 - INFO - Batch 1640/2278: Loss=1.1883, Cls=0.0000, Reg=0.0000, Con=3.9609
2025-09-14 09:51:08,736 - INFO - Batch 1650/2278: Loss=0.0014, Cls=0.0014, Reg=0.0000, Con=0.0000
2025-09-14 09:51:09,663 - INFO - Batch 1660/2278: Loss=1.1900, Cls=0.0018, Reg=0.0000, Con=3.9607
2025-09-14 09:51:10,593 - INFO - Batch 1670/2278: Loss=1.1895, Cls=0.0012, Reg=0.0000, Con=3.9608
2025-09-14 09:51:11,514 - INFO - Batch 1680/2278: Loss=1.1942, Cls=0.0057, Reg=0.0000, Con=3.9615
2025-09-14 09:51:12,440 - INFO - Batch 1690/2278: Loss=0.0002, Cls=0.0002, Reg=0.0000, Con=0.0000
2025-09-14 09:51:13,330 - INFO - Batch 1700/2278: Loss=1.1882, Cls=0.0000, Reg=0.0000, Con=3.9608
2025-09-14 09:51:14,216 - INFO - Batch 1710/2278: Loss=1.1883, Cls=0.0000, Reg=0.0000, Con=3.9612
2025-09-14 09:51:15,112 - INFO - Batch 1720/2278: Loss=1.1917, Cls=0.0034, Reg=0.0000, Con=3.9610
2025-09-14 09:51:16,029 - INFO - Batch 1730/2278: Loss=1.1912, Cls=0.0029, Reg=0.0000, Con=3.9609
2025-09-14 09:51:16,916 - INFO - Batch 1740/2278: Loss=1.2233, Cls=0.0350, Reg=0.0000, Con=3.9610
2025-09-14 09:51:17,867 - INFO - Batch 1750/2278: Loss=1.1897, Cls=0.0014, Reg=0.0000, Con=3.9609
2025-09-14 09:51:18,801 - INFO - Batch 1760/2278: Loss=1.2275, Cls=0.0392, Reg=0.0000, Con=3.9608
2025-09-14 09:51:19,694 - INFO - Batch 1770/2278: Loss=1.2150, Cls=0.0268, Reg=0.0000, Con=3.9610
2025-09-14 09:51:20,578 - INFO - Batch 1780/2278: Loss=1.2420, Cls=0.0537, Reg=0.0000, Con=3.9609
2025-09-14 09:51:21,484 - INFO - Batch 1790/2278: Loss=1.1886, Cls=0.0004, Reg=0.0000, Con=3.9608
2025-09-14 09:51:22,399 - INFO - Batch 1800/2278: Loss=1.2000, Cls=0.0118, Reg=0.0000, Con=3.9609
2025-09-14 09:51:23,306 - INFO - Batch 1810/2278: Loss=1.1890, Cls=0.0007, Reg=0.0000, Con=3.9610
2025-09-14 09:51:24,199 - INFO - Batch 1820/2278: Loss=1.2039, Cls=0.0157, Reg=0.0000, Con=3.9608
2025-09-14 09:51:25,129 - INFO - Batch 1830/2278: Loss=1.1885, Cls=0.0000, Reg=0.0000, Con=3.9615
2025-09-14 09:51:26,043 - INFO - Batch 1840/2278: Loss=1.1920, Cls=0.0037, Reg=0.0000, Con=3.9609
2025-09-14 09:51:26,953 - INFO - Batch 1850/2278: Loss=1.1946, Cls=0.0064, Reg=0.0000, Con=3.9608
2025-09-14 09:51:27,862 - INFO - Batch 1860/2278: Loss=0.0321, Cls=0.0321, Reg=0.0000, Con=0.0000
2025-09-14 09:51:28,773 - INFO - Batch 1870/2278: Loss=0.0376, Cls=0.0376, Reg=0.0000, Con=0.0000
2025-09-14 09:51:29,682 - INFO - Batch 1880/2278: Loss=1.9457, Cls=0.7574, Reg=0.0000, Con=3.9610
2025-09-14 09:51:30,588 - INFO - Batch 1890/2278: Loss=0.6824, Cls=0.6824, Reg=0.0000, Con=0.0000
2025-09-14 09:51:31,508 - INFO - Batch 1900/2278: Loss=1.1923, Cls=0.0040, Reg=0.0000, Con=3.9607
2025-09-14 09:51:32,405 - INFO - Batch 1910/2278: Loss=1.2065, Cls=0.0182, Reg=0.0000, Con=3.9607
2025-09-14 09:51:33,341 - INFO - Batch 1920/2278: Loss=1.1966, Cls=0.0083, Reg=0.0000, Con=3.9608
2025-09-14 09:51:34,246 - INFO - Batch 1930/2278: Loss=0.0001, Cls=0.0001, Reg=0.0000, Con=0.0000
2025-09-14 09:51:35,130 - INFO - Batch 1940/2278: Loss=1.1884, Cls=0.0001, Reg=0.0000, Con=3.9607
2025-09-14 09:51:36,023 - INFO - Batch 1950/2278: Loss=1.1884, Cls=0.0001, Reg=0.0000, Con=3.9609
2025-09-14 09:51:36,951 - INFO - Batch 1960/2278: Loss=1.1884, Cls=0.0001, Reg=0.0000, Con=3.9609
2025-09-14 09:51:37,855 - INFO - Batch 1970/2278: Loss=1.1890, Cls=0.0008, Reg=0.0000, Con=3.9606
2025-09-14 09:51:38,757 - INFO - Batch 1980/2278: Loss=1.1915, Cls=0.0033, Reg=0.0000, Con=3.9608
2025-09-14 09:51:39,668 - INFO - Batch 1990/2278: Loss=0.0030, Cls=0.0030, Reg=0.0000, Con=0.0000
2025-09-14 09:51:40,565 - INFO - Batch 2000/2278: Loss=1.1965, Cls=0.0083, Reg=0.0000, Con=3.9607
2025-09-14 09:51:41,478 - INFO - Batch 2010/2278: Loss=1.1995, Cls=0.0113, Reg=0.0000, Con=3.9608
2025-09-14 09:51:42,368 - INFO - Batch 2020/2278: Loss=0.0007, Cls=0.0007, Reg=0.0000, Con=0.0000
2025-09-14 09:51:43,292 - INFO - Batch 2030/2278: Loss=1.1885, Cls=0.0001, Reg=0.0000, Con=3.9610
2025-09-14 09:51:44,222 - INFO - Batch 2040/2278: Loss=1.1888, Cls=0.0005, Reg=0.0000, Con=3.9608
2025-09-14 09:51:45,107 - INFO - Batch 2050/2278: Loss=0.0006, Cls=0.0006, Reg=0.0000, Con=0.0000
2025-09-14 09:51:46,018 - INFO - Batch 2060/2278: Loss=1.1954, Cls=0.0070, Reg=0.0000, Con=3.9615
2025-09-14 09:51:46,930 - INFO - Batch 2070/2278: Loss=1.1893, Cls=0.0010, Reg=0.0000, Con=3.9608
2025-09-14 09:51:47,830 - INFO - Batch 2080/2278: Loss=2.0398, Cls=2.0398, Reg=0.0000, Con=0.0000
2025-09-14 09:51:48,775 - INFO - Batch 2090/2278: Loss=1.1891, Cls=0.0009, Reg=0.0000, Con=3.9608
2025-09-14 09:51:49,669 - INFO - Batch 2100/2278: Loss=0.0164, Cls=0.0164, Reg=0.0000, Con=0.0000
2025-09-14 09:51:50,596 - INFO - Batch 2110/2278: Loss=0.0016, Cls=0.0016, Reg=0.0000, Con=0.0000
2025-09-14 09:51:51,494 - INFO - Batch 2120/2278: Loss=1.2196, Cls=0.0314, Reg=0.0000, Con=3.9609
2025-09-14 09:51:52,388 - INFO - Batch 2130/2278: Loss=2.9907, Cls=1.8024, Reg=0.0000, Con=3.9608
2025-09-14 09:51:53,285 - INFO - Batch 2140/2278: Loss=0.0057, Cls=0.0057, Reg=0.0000, Con=0.0000
2025-09-14 09:51:54,205 - INFO - Batch 2150/2278: Loss=1.2006, Cls=0.0123, Reg=0.0000, Con=3.9610
2025-09-14 09:51:55,079 - INFO - Batch 2160/2278: Loss=2.3119, Cls=1.1236, Reg=0.0000, Con=3.9608
2025-09-14 09:51:55,998 - INFO - Batch 2170/2278: Loss=1.1927, Cls=0.0044, Reg=0.0000, Con=3.9608
2025-09-14 09:51:56,909 - INFO - Batch 2180/2278: Loss=1.1897, Cls=0.0014, Reg=0.0000, Con=3.9608
2025-09-14 09:51:57,791 - INFO - Batch 2190/2278: Loss=1.2451, Cls=0.0568, Reg=0.0000, Con=3.9610
2025-09-14 09:51:58,720 - INFO - Batch 2200/2278: Loss=1.1896, Cls=0.0014, Reg=0.0000, Con=3.9608
2025-09-14 09:51:59,687 - INFO - Batch 2210/2278: Loss=1.1888, Cls=0.0004, Reg=0.0000, Con=3.9613
2025-09-14 09:52:00,674 - INFO - Batch 2220/2278: Loss=1.4287, Cls=1.4287, Reg=0.0000, Con=0.0000
2025-09-14 09:52:01,622 - INFO - Batch 2230/2278: Loss=0.0011, Cls=0.0011, Reg=0.0000, Con=0.0000
2025-09-14 09:52:02,577 - INFO - Batch 2240/2278: Loss=1.1882, Cls=0.0000, Reg=0.0000, Con=3.9608
2025-09-14 09:52:03,562 - INFO - Batch 2250/2278: Loss=0.0020, Cls=0.0020, Reg=0.0000, Con=0.0000
2025-09-14 09:52:04,514 - INFO - Batch 2260/2278: Loss=1.1902, Cls=0.0019, Reg=0.0000, Con=3.9609
2025-09-14 09:52:05,470 - INFO - Batch 2270/2278: Loss=1.1885, Cls=0.0003, Reg=0.0000, Con=3.9606
2025-09-14 09:55:33,989 - INFO - === Epoch 2 Results ===
2025-09-14 09:55:33,989 - INFO - Training Loss: 0.9629 (Classification: 0.1825, Regression: 0.0000)
2025-09-14 09:55:33,989 - INFO - Validation Loss: 0.0677 (Classification: 0.0677, Regression: 0.0000)
2025-09-14 09:55:33,989 - INFO - Average Classification Accuracy: 0.9508 (on 1/26 tasks)
2025-09-14 09:55:33,989 - INFO - Average AUC: 0.8052
2025-09-14 09:55:33,990 - INFO - 
Epoch 3/3
2025-09-14 09:55:34,084 - INFO - Batch 0/2278: Loss=1.1884, Cls=0.0001, Reg=0.0000, Con=3.9608
2025-09-14 09:55:34,968 - INFO - Batch 10/2278: Loss=1.1897, Cls=0.0014, Reg=0.0000, Con=3.9611
2025-09-14 09:55:35,880 - INFO - Batch 20/2278: Loss=1.1903, Cls=0.0021, Reg=0.0000, Con=3.9608
2025-09-14 09:55:36,815 - INFO - Batch 30/2278: Loss=0.0000, Cls=0.0000, Reg=0.0000, Con=0.0000
2025-09-14 09:55:37,694 - INFO - Batch 40/2278: Loss=1.1882, Cls=0.0000, Reg=0.0000, Con=3.9608
2025-09-14 09:55:38,593 - INFO - Batch 50/2278: Loss=1.1883, Cls=0.0000, Reg=0.0000, Con=3.9609
2025-09-14 09:55:39,488 - INFO - Batch 60/2278: Loss=1.1890, Cls=0.0007, Reg=0.0000, Con=3.9607
2025-09-14 09:55:40,413 - INFO - Batch 70/2278: Loss=3.5661, Cls=2.3779, Reg=0.0000, Con=3.9608
2025-09-14 09:55:41,331 - INFO - Batch 80/2278: Loss=0.0035, Cls=0.0035, Reg=0.0000, Con=0.0000
2025-09-14 09:55:42,246 - INFO - Batch 90/2278: Loss=1.1895, Cls=0.0013, Reg=0.0000, Con=3.9609
2025-09-14 09:55:43,185 - INFO - Batch 100/2278: Loss=2.6264, Cls=1.4382, Reg=0.0000, Con=3.9607
2025-09-14 09:55:44,133 - INFO - Batch 110/2278: Loss=1.3661, Cls=0.1776, Reg=0.0000, Con=3.9618
2025-09-14 09:55:45,031 - INFO - Batch 120/2278: Loss=1.2110, Cls=0.0227, Reg=0.0000, Con=3.9609
2025-09-14 09:55:45,940 - INFO - Batch 130/2278: Loss=1.1883, Cls=0.0001, Reg=0.0000, Con=3.9607
2025-09-14 09:55:46,849 - INFO - Batch 140/2278: Loss=0.0000, Cls=0.0000, Reg=0.0000, Con=0.0000
2025-09-14 09:55:47,731 - INFO - Batch 150/2278: Loss=1.1935, Cls=0.0053, Reg=0.0000, Con=3.9608
2025-09-14 09:55:48,648 - INFO - Batch 160/2278: Loss=0.0006, Cls=0.0006, Reg=0.0000, Con=0.0000
2025-09-14 09:55:49,543 - INFO - Batch 170/2278: Loss=1.1896, Cls=0.0013, Reg=0.0000, Con=3.9609
2025-09-14 09:55:50,433 - INFO - Batch 180/2278: Loss=1.1883, Cls=0.0000, Reg=0.0000, Con=3.9611
2025-09-14 09:55:51,362 - INFO - Batch 190/2278: Loss=1.1911, Cls=0.0028, Reg=0.0000, Con=3.9607
2025-09-14 09:55:52,309 - INFO - Batch 200/2278: Loss=0.0078, Cls=0.0078, Reg=0.0000, Con=0.0000
2025-09-14 09:55:53,227 - INFO - Batch 210/2278: Loss=1.1921, Cls=0.0038, Reg=0.0000, Con=3.9612
2025-09-14 09:55:54,121 - INFO - Batch 220/2278: Loss=1.1885, Cls=0.0002, Reg=0.0000, Con=3.9608
2025-09-14 09:55:55,015 - INFO - Batch 230/2278: Loss=1.2007, Cls=0.0124, Reg=0.0000, Con=3.9611
2025-09-14 09:55:55,919 - INFO - Batch 240/2278: Loss=1.1945, Cls=0.0063, Reg=0.0000, Con=3.9607
2025-09-14 09:55:56,816 - INFO - Batch 250/2278: Loss=1.1883, Cls=0.0001, Reg=0.0000, Con=3.9609
2025-09-14 09:55:57,721 - INFO - Batch 260/2278: Loss=1.1909, Cls=0.0027, Reg=0.0000, Con=3.9608
2025-09-14 09:55:58,628 - INFO - Batch 270/2278: Loss=1.1912, Cls=0.0030, Reg=0.0000, Con=3.9607
2025-09-14 09:55:59,536 - INFO - Batch 280/2278: Loss=1.1907, Cls=0.0025, Reg=0.0000, Con=3.9608
2025-09-14 09:56:00,435 - INFO - Batch 290/2278: Loss=1.1920, Cls=0.0038, Reg=0.0000, Con=3.9608
2025-09-14 09:56:01,322 - INFO - Batch 300/2278: Loss=1.1884, Cls=0.0002, Reg=0.0000, Con=3.9607
2025-09-14 09:56:02,246 - INFO - Batch 310/2278: Loss=1.1894, Cls=0.0011, Reg=0.0000, Con=3.9610
2025-09-14 09:56:03,182 - INFO - Batch 320/2278: Loss=1.1896, Cls=0.0013, Reg=0.0000, Con=3.9612
2025-09-14 09:56:04,106 - INFO - Batch 330/2278: Loss=0.0041, Cls=0.0041, Reg=0.0000, Con=0.0000
2025-09-14 09:56:05,023 - INFO - Batch 340/2278: Loss=0.0012, Cls=0.0012, Reg=0.0000, Con=0.0000
2025-09-14 09:56:05,958 - INFO - Batch 350/2278: Loss=1.1891, Cls=0.0007, Reg=0.0000, Con=3.9612
2025-09-14 09:56:06,901 - INFO - Batch 360/2278: Loss=1.2323, Cls=0.0440, Reg=0.0000, Con=3.9611
2025-09-14 09:56:07,792 - INFO - Batch 370/2278: Loss=1.1886, Cls=0.0003, Reg=0.0000, Con=3.9608
2025-09-14 09:56:08,704 - INFO - Batch 380/2278: Loss=1.1922, Cls=0.0039, Reg=0.0000, Con=3.9608
2025-09-14 09:56:09,627 - INFO - Batch 390/2278: Loss=2.4964, Cls=1.3081, Reg=0.0000, Con=3.9609
2025-09-14 09:56:10,523 - INFO - Batch 400/2278: Loss=0.0020, Cls=0.0020, Reg=0.0000, Con=0.0000
2025-09-14 09:56:11,435 - INFO - Batch 410/2278: Loss=1.1898, Cls=0.0015, Reg=0.0000, Con=3.9609
2025-09-14 09:56:12,314 - INFO - Batch 420/2278: Loss=1.1883, Cls=0.0000, Reg=0.0000, Con=3.9609
2025-09-14 09:56:13,208 - INFO - Batch 430/2278: Loss=2.7094, Cls=1.5209, Reg=0.0000, Con=3.9614
2025-09-14 09:56:14,099 - INFO - Batch 440/2278: Loss=0.0000, Cls=0.0000, Reg=0.0000, Con=0.0000
2025-09-14 09:56:14,973 - INFO - Batch 450/2278: Loss=1.1889, Cls=0.0007, Reg=0.0000, Con=3.9608
2025-09-14 09:56:15,859 - INFO - Batch 460/2278: Loss=0.0062, Cls=0.0062, Reg=0.0000, Con=0.0000
2025-09-14 09:56:16,767 - INFO - Batch 470/2278: Loss=0.2020, Cls=0.2020, Reg=0.0000, Con=0.0000
2025-09-14 09:56:17,692 - INFO - Batch 480/2278: Loss=1.1990, Cls=0.0108, Reg=0.0000, Con=3.9609
2025-09-14 09:56:18,612 - INFO - Batch 490/2278: Loss=0.0182, Cls=0.0182, Reg=0.0000, Con=0.0000
2025-09-14 09:56:19,501 - INFO - Batch 500/2278: Loss=0.0009, Cls=0.0009, Reg=0.0000, Con=0.0000
2025-09-14 09:56:20,582 - INFO - Batch 510/2278: Loss=1.1884, Cls=0.0002, Reg=0.0000, Con=3.9608
2025-09-14 09:56:21,487 - INFO - Batch 520/2278: Loss=0.0000, Cls=0.0000, Reg=0.0000, Con=0.0000
2025-09-14 09:56:22,401 - INFO - Batch 530/2278: Loss=2.7019, Cls=1.5137, Reg=0.0000, Con=3.9608
2025-09-14 09:56:23,362 - INFO - Batch 540/2278: Loss=1.1916, Cls=0.0033, Reg=0.0000, Con=3.9609
2025-09-14 09:56:24,269 - INFO - Batch 550/2278: Loss=0.0012, Cls=0.0012, Reg=0.0000, Con=0.0000
2025-09-14 09:56:25,181 - INFO - Batch 560/2278: Loss=1.1908, Cls=0.0026, Reg=0.0000, Con=3.9609
2025-09-14 09:56:26,113 - INFO - Batch 570/2278: Loss=1.1884, Cls=0.0001, Reg=0.0000, Con=3.9608
2025-09-14 09:56:27,055 - INFO - Batch 580/2278: Loss=0.0005, Cls=0.0005, Reg=0.0000, Con=0.0000
2025-09-14 09:56:27,953 - INFO - Batch 590/2278: Loss=1.1998, Cls=0.0115, Reg=0.0000, Con=3.9608
2025-09-14 09:56:28,861 - INFO - Batch 600/2278: Loss=0.0015, Cls=0.0015, Reg=0.0000, Con=0.0000
2025-09-14 09:56:29,845 - INFO - Batch 610/2278: Loss=1.0849, Cls=1.0849, Reg=0.0000, Con=0.0000
2025-09-14 09:56:30,793 - INFO - Batch 620/2278: Loss=1.1882, Cls=0.0000, Reg=0.0000, Con=3.9608
2025-09-14 09:56:31,702 - INFO - Batch 630/2278: Loss=1.1889, Cls=0.0006, Reg=0.0000, Con=3.9611
2025-09-14 09:56:32,631 - INFO - Batch 640/2278: Loss=1.1907, Cls=0.0025, Reg=0.0000, Con=3.9607
2025-09-14 09:56:33,539 - INFO - Batch 650/2278: Loss=1.1931, Cls=0.0049, Reg=0.0000, Con=3.9608
2025-09-14 09:56:34,472 - INFO - Batch 660/2278: Loss=0.0026, Cls=0.0026, Reg=0.0000, Con=0.0000
2025-09-14 09:56:35,374 - INFO - Batch 670/2278: Loss=1.1934, Cls=0.0051, Reg=0.0000, Con=3.9609
2025-09-14 09:56:36,306 - INFO - Batch 680/2278: Loss=0.0006, Cls=0.0006, Reg=0.0000, Con=0.0000
2025-09-14 09:56:37,205 - INFO - Batch 690/2278: Loss=1.2111, Cls=0.0228, Reg=0.0000, Con=3.9609
2025-09-14 09:56:38,138 - INFO - Batch 700/2278: Loss=1.1931, Cls=0.0048, Reg=0.0000, Con=3.9610
2025-09-14 09:56:39,035 - INFO - Batch 710/2278: Loss=1.1905, Cls=0.0022, Reg=0.0000, Con=3.9610
2025-09-14 09:56:39,946 - INFO - Batch 720/2278: Loss=1.2125, Cls=0.0242, Reg=0.0000, Con=3.9610
2025-09-14 09:56:40,863 - INFO - Batch 730/2278: Loss=2.0094, Cls=0.8212, Reg=0.0000, Con=3.9609
2025-09-14 09:56:41,779 - INFO - Batch 740/2278: Loss=1.1882, Cls=0.0000, Reg=0.0000, Con=3.9606
2025-09-14 09:56:42,682 - INFO - Batch 750/2278: Loss=1.1897, Cls=0.0015, Reg=0.0000, Con=3.9606
2025-09-14 09:56:43,611 - INFO - Batch 760/2278: Loss=1.1907, Cls=0.0024, Reg=0.0000, Con=3.9611
2025-09-14 09:56:44,534 - INFO - Batch 770/2278: Loss=1.2015, Cls=0.0132, Reg=0.0000, Con=3.9611
2025-09-14 09:56:45,454 - INFO - Batch 780/2278: Loss=0.0021, Cls=0.0021, Reg=0.0000, Con=0.0000
2025-09-14 09:56:46,353 - INFO - Batch 790/2278: Loss=1.1911, Cls=0.0029, Reg=0.0000, Con=3.9609
2025-09-14 09:56:47,261 - INFO - Batch 800/2278: Loss=1.1884, Cls=0.0000, Reg=0.0000, Con=3.9612
2025-09-14 09:56:48,192 - INFO - Batch 810/2278: Loss=0.0011, Cls=0.0011, Reg=0.0000, Con=0.0000
2025-09-14 09:56:49,126 - INFO - Batch 820/2278: Loss=1.1944, Cls=0.0062, Reg=0.0000, Con=3.9608
2025-09-14 09:56:50,023 - INFO - Batch 830/2278: Loss=1.1893, Cls=0.0010, Reg=0.0000, Con=3.9609
2025-09-14 09:56:50,932 - INFO - Batch 840/2278: Loss=0.0003, Cls=0.0003, Reg=0.0000, Con=0.0000
2025-09-14 09:56:51,994 - INFO - Batch 850/2278: Loss=0.6036, Cls=0.6036, Reg=0.0000, Con=0.0000
2025-09-14 09:56:52,918 - INFO - Batch 860/2278: Loss=1.1914, Cls=0.0031, Reg=0.0000, Con=3.9611
2025-09-14 09:56:53,813 - INFO - Batch 870/2278: Loss=1.1883, Cls=0.0000, Reg=0.0000, Con=3.9609
2025-09-14 09:56:54,742 - INFO - Batch 880/2278: Loss=0.0008, Cls=0.0008, Reg=0.0000, Con=0.0000
2025-09-14 09:56:55,643 - INFO - Batch 890/2278: Loss=1.2658, Cls=0.0775, Reg=0.0000, Con=3.9609
2025-09-14 09:56:56,552 - INFO - Batch 900/2278: Loss=0.0000, Cls=0.0000, Reg=0.0000, Con=0.0000
2025-09-14 09:56:57,441 - INFO - Batch 910/2278: Loss=0.6597, Cls=0.6597, Reg=0.0000, Con=0.0000
2025-09-14 09:56:58,336 - INFO - Batch 920/2278: Loss=0.0013, Cls=0.0013, Reg=0.0000, Con=0.0000
2025-09-14 09:56:59,209 - INFO - Batch 930/2278: Loss=0.0038, Cls=0.0038, Reg=0.0000, Con=0.0000
2025-09-14 09:57:00,104 - INFO - Batch 940/2278: Loss=1.1932, Cls=0.0048, Reg=0.0000, Con=3.9613
2025-09-14 09:57:00,991 - INFO - Batch 950/2278: Loss=0.0041, Cls=0.0041, Reg=0.0000, Con=0.0000
2025-09-14 09:57:01,910 - INFO - Batch 960/2278: Loss=0.0023, Cls=0.0023, Reg=0.0000, Con=0.0000
2025-09-14 09:57:02,803 - INFO - Batch 970/2278: Loss=2.2593, Cls=1.0711, Reg=0.0000, Con=3.9608
2025-09-14 09:57:03,709 - INFO - Batch 980/2278: Loss=1.1914, Cls=0.0031, Reg=0.0000, Con=3.9609
2025-09-14 09:57:04,607 - INFO - Batch 990/2278: Loss=1.1946, Cls=0.0063, Reg=0.0000, Con=3.9609
2025-09-14 09:57:05,474 - INFO - Batch 1000/2278: Loss=1.1886, Cls=0.0003, Reg=0.0000, Con=3.9610
2025-09-14 09:57:06,397 - INFO - Batch 1010/2278: Loss=1.1926, Cls=0.0043, Reg=0.0000, Con=3.9608
2025-09-14 09:57:07,308 - INFO - Batch 1020/2278: Loss=1.1899, Cls=0.0017, Reg=0.0000, Con=3.9608
2025-09-14 09:57:08,236 - INFO - Batch 1030/2278: Loss=0.0003, Cls=0.0003, Reg=0.0000, Con=0.0000
2025-09-14 09:57:09,295 - INFO - Batch 1040/2278: Loss=1.1884, Cls=0.0000, Reg=0.0000, Con=3.9613
2025-09-14 09:57:10,230 - INFO - Batch 1050/2278: Loss=0.7125, Cls=0.7125, Reg=0.0000, Con=0.0000
2025-09-14 09:57:11,129 - INFO - Batch 1060/2278: Loss=1.3310, Cls=0.1426, Reg=0.0000, Con=3.9611
2025-09-14 09:57:12,060 - INFO - Batch 1070/2278: Loss=1.1898, Cls=0.0015, Reg=0.0000, Con=3.9609
2025-09-14 09:57:12,966 - INFO - Batch 1080/2278: Loss=0.0000, Cls=0.0000, Reg=0.0000, Con=0.0000
2025-09-14 09:57:13,892 - INFO - Batch 1090/2278: Loss=1.1890, Cls=0.0007, Reg=0.0000, Con=3.9611
2025-09-14 09:57:14,780 - INFO - Batch 1100/2278: Loss=1.1883, Cls=0.0000, Reg=0.0000, Con=3.9611
2025-09-14 09:57:15,702 - INFO - Batch 1110/2278: Loss=0.0045, Cls=0.0045, Reg=0.0000, Con=0.0000
2025-09-14 09:57:16,629 - INFO - Batch 1120/2278: Loss=0.0006, Cls=0.0006, Reg=0.0000, Con=0.0000
2025-09-14 09:57:17,533 - INFO - Batch 1130/2278: Loss=0.0000, Cls=0.0000, Reg=0.0000, Con=0.0000
2025-09-14 09:57:18,428 - INFO - Batch 1140/2278: Loss=1.2036, Cls=0.0154, Reg=0.0000, Con=3.9609
2025-09-14 09:57:19,351 - INFO - Batch 1150/2278: Loss=0.0051, Cls=0.0051, Reg=0.0000, Con=0.0000
2025-09-14 09:57:20,353 - INFO - Batch 1160/2278: Loss=0.0023, Cls=0.0023, Reg=0.0000, Con=0.0000
2025-09-14 09:57:21,269 - INFO - Batch 1170/2278: Loss=1.1937, Cls=0.0054, Reg=0.0000, Con=3.9608
2025-09-14 09:57:22,208 - INFO - Batch 1180/2278: Loss=1.1889, Cls=0.0006, Reg=0.0000, Con=3.9613
2025-09-14 09:57:23,138 - INFO - Batch 1190/2278: Loss=1.1883, Cls=0.0000, Reg=0.0000, Con=3.9609
2025-09-14 09:57:24,031 - INFO - Batch 1200/2278: Loss=1.1906, Cls=0.0023, Reg=0.0000, Con=3.9611
2025-09-14 09:57:24,936 - INFO - Batch 1210/2278: Loss=1.5163, Cls=0.3279, Reg=0.0000, Con=3.9611
2025-09-14 09:57:25,857 - INFO - Batch 1220/2278: Loss=1.1895, Cls=0.0012, Reg=0.0000, Con=3.9609
2025-09-14 09:57:26,762 - INFO - Batch 1230/2278: Loss=0.0776, Cls=0.0776, Reg=0.0000, Con=0.0000
2025-09-14 09:57:27,653 - INFO - Batch 1240/2278: Loss=1.1992, Cls=0.0110, Reg=0.0000, Con=3.9608
2025-09-14 09:57:28,555 - INFO - Batch 1250/2278: Loss=1.1884, Cls=0.0001, Reg=0.0000, Con=3.9609
2025-09-14 09:57:29,449 - INFO - Batch 1260/2278: Loss=0.5385, Cls=0.5385, Reg=0.0000, Con=0.0000
2025-09-14 09:57:30,353 - INFO - Batch 1270/2278: Loss=1.1894, Cls=0.0011, Reg=0.0000, Con=3.9610
2025-09-14 09:57:31,234 - INFO - Batch 1280/2278: Loss=1.1947, Cls=0.0065, Reg=0.0000, Con=3.9607
2025-09-14 09:57:32,210 - INFO - Batch 1290/2278: Loss=0.0000, Cls=0.0000, Reg=0.0000, Con=0.0000
2025-09-14 09:57:33,093 - INFO - Batch 1300/2278: Loss=0.0025, Cls=0.0025, Reg=0.0000, Con=0.0000
2025-09-14 09:57:33,988 - INFO - Batch 1310/2278: Loss=1.2162, Cls=0.0280, Reg=0.0000, Con=3.9608
2025-09-14 09:57:34,907 - INFO - Batch 1320/2278: Loss=1.1913, Cls=0.0030, Reg=0.0000, Con=3.9610
2025-09-14 09:57:35,802 - INFO - Batch 1330/2278: Loss=1.1934, Cls=0.0051, Reg=0.0000, Con=3.9610
2025-09-14 09:57:36,688 - INFO - Batch 1340/2278: Loss=1.1886, Cls=0.0004, Reg=0.0000, Con=3.9608
2025-09-14 09:57:37,589 - INFO - Batch 1350/2278: Loss=1.1903, Cls=0.0021, Reg=0.0000, Con=3.9608
2025-09-14 09:57:38,550 - INFO - Batch 1360/2278: Loss=1.2291, Cls=0.0407, Reg=0.0000, Con=3.9612
2025-09-14 09:57:39,499 - INFO - Batch 1370/2278: Loss=1.1975, Cls=0.0092, Reg=0.0000, Con=3.9610
2025-09-14 09:57:40,424 - INFO - Batch 1380/2278: Loss=1.1889, Cls=0.0007, Reg=0.0000, Con=3.9608
2025-09-14 09:57:41,313 - INFO - Batch 1390/2278: Loss=1.1883, Cls=0.0000, Reg=0.0000, Con=3.9610
2025-09-14 09:57:42,232 - INFO - Batch 1400/2278: Loss=1.2124, Cls=0.0240, Reg=0.0000, Con=3.9615
2025-09-14 09:57:43,149 - INFO - Batch 1410/2278: Loss=0.0521, Cls=0.0521, Reg=0.0000, Con=0.0000
2025-09-14 09:57:44,101 - INFO - Batch 1420/2278: Loss=1.1891, Cls=0.0008, Reg=0.0000, Con=3.9610
2025-09-14 09:57:44,990 - INFO - Batch 1430/2278: Loss=0.0033, Cls=0.0033, Reg=0.0000, Con=0.0000
2025-09-14 09:57:45,896 - INFO - Batch 1440/2278: Loss=1.1883, Cls=0.0001, Reg=0.0000, Con=3.9606
2025-09-14 09:57:46,801 - INFO - Batch 1450/2278: Loss=0.0034, Cls=0.0034, Reg=0.0000, Con=0.0000
2025-09-14 09:57:47,668 - INFO - Batch 1460/2278: Loss=0.0018, Cls=0.0018, Reg=0.0000, Con=0.0000
2025-09-14 09:57:48,599 - INFO - Batch 1470/2278: Loss=1.3546, Cls=0.1663, Reg=0.0000, Con=3.9607
2025-09-14 09:57:49,498 - INFO - Batch 1480/2278: Loss=1.1982, Cls=0.0100, Reg=0.0000, Con=3.9608
2025-09-14 09:57:50,446 - INFO - Batch 1490/2278: Loss=1.4610, Cls=1.4610, Reg=0.0000, Con=0.0000
2025-09-14 09:57:51,359 - INFO - Batch 1500/2278: Loss=1.1924, Cls=0.0041, Reg=0.0000, Con=3.9610
2025-09-14 09:57:52,275 - INFO - Batch 1510/2278: Loss=1.1896, Cls=0.0013, Reg=0.0000, Con=3.9609
2025-09-14 09:57:53,166 - INFO - Batch 1520/2278: Loss=0.0254, Cls=0.0254, Reg=0.0000, Con=0.0000
2025-09-14 09:57:54,078 - INFO - Batch 1530/2278: Loss=1.1882, Cls=0.0000, Reg=0.0000, Con=3.9608
2025-09-14 09:57:54,976 - INFO - Batch 1540/2278: Loss=2.0216, Cls=0.8333, Reg=0.0000, Con=3.9610
2025-09-14 09:57:55,851 - INFO - Batch 1550/2278: Loss=1.1901, Cls=0.0018, Reg=0.0000, Con=3.9611
2025-09-14 09:57:56,760 - INFO - Batch 1560/2278: Loss=1.1912, Cls=0.0029, Reg=0.0000, Con=3.9608
2025-09-14 09:57:57,680 - INFO - Batch 1570/2278: Loss=0.0001, Cls=0.0001, Reg=0.0000, Con=0.0000
2025-09-14 09:57:58,618 - INFO - Batch 1580/2278: Loss=6.7878, Cls=5.5996, Reg=0.0000, Con=3.9608
2025-09-14 09:57:59,552 - INFO - Batch 1590/2278: Loss=0.0000, Cls=0.0000, Reg=0.0000, Con=0.0000
2025-09-14 09:58:00,455 - INFO - Batch 1600/2278: Loss=2.6742, Cls=1.4860, Reg=0.0000, Con=3.9608
2025-09-14 09:58:01,324 - INFO - Batch 1610/2278: Loss=0.0000, Cls=0.0000, Reg=0.0000, Con=0.0000
2025-09-14 09:58:02,229 - INFO - Batch 1620/2278: Loss=1.1923, Cls=0.0041, Reg=0.0000, Con=3.9608
2025-09-14 09:58:03,137 - INFO - Batch 1630/2278: Loss=1.1926, Cls=0.0043, Reg=0.0000, Con=3.9610
2025-09-14 09:58:04,028 - INFO - Batch 1640/2278: Loss=0.0669, Cls=0.0669, Reg=0.0000, Con=0.0000
2025-09-14 09:58:04,925 - INFO - Batch 1650/2278: Loss=1.1883, Cls=0.0000, Reg=0.0000, Con=3.9609
2025-09-14 09:58:05,820 - INFO - Batch 1660/2278: Loss=1.1885, Cls=0.0001, Reg=0.0000, Con=3.9613
2025-09-14 09:58:06,694 - INFO - Batch 1670/2278: Loss=1.1931, Cls=0.0048, Reg=0.0000, Con=3.9609
2025-09-14 09:58:07,587 - INFO - Batch 1680/2278: Loss=1.1913, Cls=0.0031, Reg=0.0000, Con=3.9607
2025-09-14 09:58:08,464 - INFO - Batch 1690/2278: Loss=1.2584, Cls=0.0701, Reg=0.0000, Con=3.9610
2025-09-14 09:58:09,352 - INFO - Batch 1700/2278: Loss=1.1964, Cls=0.0081, Reg=0.0000, Con=3.9608
2025-09-14 09:58:10,247 - INFO - Batch 1710/2278: Loss=0.0012, Cls=0.0012, Reg=0.0000, Con=0.0000
2025-09-14 09:58:11,127 - INFO - Batch 1720/2278: Loss=0.0018, Cls=0.0018, Reg=0.0000, Con=0.0000
2025-09-14 09:58:12,019 - INFO - Batch 1730/2278: Loss=1.2083, Cls=0.0201, Reg=0.0000, Con=3.9608
2025-09-14 09:58:12,947 - INFO - Batch 1740/2278: Loss=2.3215, Cls=1.1332, Reg=0.0000, Con=3.9609
2025-09-14 09:58:13,857 - INFO - Batch 1750/2278: Loss=0.0003, Cls=0.0003, Reg=0.0000, Con=0.0000
2025-09-14 09:58:14,776 - INFO - Batch 1760/2278: Loss=1.1884, Cls=0.0001, Reg=0.0000, Con=3.9612
2025-09-14 09:58:15,672 - INFO - Batch 1770/2278: Loss=0.0109, Cls=0.0109, Reg=0.0000, Con=0.0000
2025-09-14 09:58:16,572 - INFO - Batch 1780/2278: Loss=0.0103, Cls=0.0103, Reg=0.0000, Con=0.0000
2025-09-14 09:58:17,474 - INFO - Batch 1790/2278: Loss=0.0067, Cls=0.0067, Reg=0.0000, Con=0.0000
2025-09-14 09:58:18,381 - INFO - Batch 1800/2278: Loss=1.2005, Cls=0.0123, Reg=0.0000, Con=3.9607
2025-09-14 09:58:19,260 - INFO - Batch 1810/2278: Loss=0.0036, Cls=0.0036, Reg=0.0000, Con=0.0000
2025-09-14 09:58:20,148 - INFO - Batch 1820/2278: Loss=0.0108, Cls=0.0108, Reg=0.0000, Con=0.0000
2025-09-14 09:58:21,059 - INFO - Batch 1830/2278: Loss=1.1909, Cls=0.0026, Reg=0.0000, Con=3.9608
2025-09-14 09:58:21,988 - INFO - Batch 1840/2278: Loss=0.0197, Cls=0.0197, Reg=0.0000, Con=0.0000
2025-09-14 09:58:23,050 - INFO - Batch 1850/2278: Loss=1.1886, Cls=0.0003, Reg=0.0000, Con=3.9609
2025-09-14 09:58:23,971 - INFO - Batch 1860/2278: Loss=1.1882, Cls=0.0000, Reg=0.0000, Con=3.9607
2025-09-14 09:58:24,913 - INFO - Batch 1870/2278: Loss=0.0038, Cls=0.0038, Reg=0.0000, Con=0.0000
2025-09-14 09:58:25,811 - INFO - Batch 1880/2278: Loss=3.2730, Cls=2.0848, Reg=0.0000, Con=3.9607
2025-09-14 09:58:26,708 - INFO - Batch 1890/2278: Loss=0.0315, Cls=0.0315, Reg=0.0000, Con=0.0000
2025-09-14 09:58:27,601 - INFO - Batch 1900/2278: Loss=0.1635, Cls=0.1635, Reg=0.0000, Con=0.0000
2025-09-14 09:58:28,494 - INFO - Batch 1910/2278: Loss=1.1888, Cls=0.0005, Reg=0.0000, Con=3.9610
2025-09-14 09:58:29,406 - INFO - Batch 1920/2278: Loss=0.0004, Cls=0.0004, Reg=0.0000, Con=0.0000
2025-09-14 09:58:30,306 - INFO - Batch 1930/2278: Loss=1.1930, Cls=0.0046, Reg=0.0000, Con=3.9611
2025-09-14 09:58:31,187 - INFO - Batch 1940/2278: Loss=1.1902, Cls=0.0020, Reg=0.0000, Con=3.9607
2025-09-14 09:58:32,145 - INFO - Batch 1950/2278: Loss=1.1883, Cls=0.0001, Reg=0.0000, Con=3.9609
2025-09-14 09:58:33,071 - INFO - Batch 1960/2278: Loss=1.1911, Cls=0.0028, Reg=0.0000, Con=3.9610
2025-09-14 09:58:33,964 - INFO - Batch 1970/2278: Loss=0.0004, Cls=0.0004, Reg=0.0000, Con=0.0000
2025-09-14 09:58:34,890 - INFO - Batch 1980/2278: Loss=1.1896, Cls=0.0013, Reg=0.0000, Con=3.9610
2025-09-14 09:58:35,788 - INFO - Batch 1990/2278: Loss=1.1947, Cls=0.0065, Reg=0.0000, Con=3.9608
2025-09-14 09:58:36,687 - INFO - Batch 2000/2278: Loss=1.1979, Cls=0.0096, Reg=0.0000, Con=3.9610
2025-09-14 09:58:37,638 - INFO - Batch 2010/2278: Loss=1.2045, Cls=0.0163, Reg=0.0000, Con=3.9608
2025-09-14 09:58:38,557 - INFO - Batch 2020/2278: Loss=1.1913, Cls=0.0031, Reg=0.0000, Con=3.9608
2025-09-14 09:58:39,473 - INFO - Batch 2030/2278: Loss=1.1923, Cls=0.0041, Reg=0.0000, Con=3.9608
2025-09-14 09:58:40,353 - INFO - Batch 2040/2278: Loss=1.1890, Cls=0.0007, Reg=0.0000, Con=3.9610
2025-09-14 09:58:41,283 - INFO - Batch 2050/2278: Loss=0.0008, Cls=0.0008, Reg=0.0000, Con=0.0000
2025-09-14 09:58:42,165 - INFO - Batch 2060/2278: Loss=1.1938, Cls=0.0055, Reg=0.0000, Con=3.9609
2025-09-14 09:58:43,089 - INFO - Batch 2070/2278: Loss=0.0008, Cls=0.0008, Reg=0.0000, Con=0.0000
2025-09-14 09:58:43,995 - INFO - Batch 2080/2278: Loss=1.1968, Cls=0.0084, Reg=0.0000, Con=3.9613
2025-09-14 09:58:44,892 - INFO - Batch 2090/2278: Loss=1.1888, Cls=0.0006, Reg=0.0000, Con=3.9607
2025-09-14 09:58:45,804 - INFO - Batch 2100/2278: Loss=1.1902, Cls=0.0017, Reg=0.0000, Con=3.9619
2025-09-14 09:58:46,705 - INFO - Batch 2110/2278: Loss=1.1975, Cls=0.0092, Reg=0.0000, Con=3.9609
2025-09-14 09:58:47,606 - INFO - Batch 2120/2278: Loss=1.1352, Cls=1.1352, Reg=0.0000, Con=0.0000
2025-09-14 09:58:48,488 - INFO - Batch 2130/2278: Loss=0.0054, Cls=0.0054, Reg=0.0000, Con=0.0000
2025-09-14 09:58:49,389 - INFO - Batch 2140/2278: Loss=0.0030, Cls=0.0030, Reg=0.0000, Con=0.0000
2025-09-14 09:58:50,264 - INFO - Batch 2150/2278: Loss=1.1885, Cls=0.0003, Reg=0.0000, Con=3.9608
2025-09-14 09:58:51,155 - INFO - Batch 2160/2278: Loss=2.3955, Cls=1.2072, Reg=0.0000, Con=3.9609
2025-09-14 09:58:52,056 - INFO - Batch 2170/2278: Loss=1.1949, Cls=0.0067, Reg=0.0000, Con=3.9608
2025-09-14 09:58:53,034 - INFO - Batch 2180/2278: Loss=0.0026, Cls=0.0026, Reg=0.0000, Con=0.0000
2025-09-14 09:58:53,941 - INFO - Batch 2190/2278: Loss=1.1889, Cls=0.0007, Reg=0.0000, Con=3.9609
2025-09-14 09:58:54,864 - INFO - Batch 2200/2278: Loss=1.1964, Cls=0.0081, Reg=0.0000, Con=3.9608
2025-09-14 09:58:55,738 - INFO - Batch 2210/2278: Loss=0.0005, Cls=0.0005, Reg=0.0000, Con=0.0000
2025-09-14 09:58:56,622 - INFO - Batch 2220/2278: Loss=0.0017, Cls=0.0017, Reg=0.0000, Con=0.0000
2025-09-14 09:58:57,511 - INFO - Batch 2230/2278: Loss=1.1883, Cls=0.0000, Reg=0.0000, Con=3.9609
2025-09-14 09:58:58,425 - INFO - Batch 2240/2278: Loss=4.2417, Cls=3.0532, Reg=0.0000, Con=3.9617
2025-09-14 09:58:59,315 - INFO - Batch 2250/2278: Loss=1.1884, Cls=0.0002, Reg=0.0000, Con=3.9608
2025-09-14 09:59:00,243 - INFO - Batch 2260/2278: Loss=0.0068, Cls=0.0068, Reg=0.0000, Con=0.0000
2025-09-14 09:59:01,229 - INFO - Batch 2270/2278: Loss=0.0029, Cls=0.0029, Reg=0.0000, Con=0.0000
2025-09-14 10:02:29,140 - INFO - === Epoch 3 Results ===
2025-09-14 10:02:29,141 - INFO - Training Loss: 0.9552 (Classification: 0.1796, Regression: 0.0000)
2025-09-14 10:02:29,141 - INFO - Validation Loss: 0.0505 (Classification: 0.0505, Regression: 0.0000)
2025-09-14 10:02:29,141 - INFO - Average Classification Accuracy: 0.9460 (on 1/26 tasks)
2025-09-14 10:02:29,141 - INFO - Average AUC: 0.8202
2025-09-14 10:02:33,300 - INFO - Best model saved to: experiments/r1c3_headft_cls_23_seed_42_20250914_094146/checkpoints/r1c3_headft_cls_23_seed_42_best.pth
2025-09-14 10:02:33,301 - INFO - Training finished!
2025-09-14 10:02:33,301 - INFO - Performing final evaluation...
2025-09-14 10:02:33,554 - INFO - Loaded best model from: experiments/r1c3_headft_cls_23_seed_42_20250914_094146/checkpoints/r1c3_headft_cls_23_seed_42_best.pth
2025-09-14 10:06:01,534 - INFO - Final Validation Results:
2025-09-14 10:06:01,534 - INFO -   Total Loss: 0.0505
2025-09-14 10:06:01,534 - INFO -   Classification Loss: 0.0505
2025-09-14 10:06:01,534 - INFO -   Regression Loss: 0.0000
2025-09-14 10:06:01,534 - INFO -   Average Classification Accuracy: 0.9460
2025-09-14 10:06:01,534 - INFO -   Average AUC: 0.8202
2025-09-14 10:06:01,535 - INFO - Results saved to: experiments/r1c3_headft_cls_23_seed_42_20250914_094146/checkpoints/r1c3_headft_cls_23_seed_42_results.json
