2025-09-14 00:01:36,362 - INFO - 🔬 Starting experiment: r1c3_headft_cls_1_seed_42
2025-09-14 00:01:36,362 - INFO - 📁 Experiment directory: experiments/r1c3_headft_cls_1_seed_42_20250914_000136
2025-09-14 00:01:36,362 - INFO - 🎲 Random seed: 42
2025-09-14 00:01:36,362 - INFO - 🔒 Deterministic mode: True
2025-09-14 00:01:36,362 - INFO - Using device: cuda
2025-09-14 00:01:36,362 - INFO - Total GPU Memory: 25.16 GB
2025-09-14 00:01:36,378 - INFO - 🧪 Fusion: Using cross-attention dynamic fusion
2025-09-14 00:01:36,378 - INFO - 🧪 GNN Backbone: Using default GraphAttentionNetwork branch
2025-09-14 00:01:36,378 - INFO - 🎯 Task Mode: Single classification endpoint 1
2025-09-14 00:01:36,378 - INFO - Configuration saved to: experiments/r1c3_headft_cls_1_seed_42_20250914_000136/checkpoints/config.json
2025-09-14 00:01:36,378 - INFO - 🚀 Using preprocessed data from: /mnt/backup2/ai4s/backupunimolpy/responds-work/ToxD4C/data/data/processed
2025-09-14 00:01:36,378 - INFO - Loading LMDB dataset from: /mnt/backup2/ai4s/backupunimolpy/responds-work/ToxD4C/data/data/processed
2025-09-14 00:01:36,741 - INFO - Number of training batches: 2278
2025-09-14 00:01:36,741 - INFO - Number of validation batches: 2278
2025-09-14 00:01:36,741 - INFO - Number of test batches: 2278
2025-09-14 00:01:36,741 - INFO - Creating ToxD4C model...
2025-09-14 00:01:37,973 - INFO - Model created successfully. Total parameters: 100,932,036
2025-09-14 00:01:37,973 - INFO - Testing model forward pass...
2025-09-14 00:01:38,393 - INFO - Test output shapes:
2025-09-14 00:01:38,393 - INFO -   classification: torch.Size([16, 1])
2025-09-14 00:01:38,396 - INFO -   classification contains NaN: False
2025-09-14 00:01:38,396 - INFO -   classification contains Inf: False
2025-09-14 00:01:38,396 - INFO -   regression: torch.Size([16, 0])
2025-09-14 00:01:38,396 - INFO -   regression contains NaN: False
2025-09-14 00:01:38,396 - INFO -   regression contains Inf: False
2025-09-14 00:01:38,396 - INFO - Model forward pass test successful!
2025-09-14 00:01:39,121 - INFO - 🔁 Loaded checkpoint from: /mnt/backup2/ai4s/backupunimolpy/responds-work/ToxD4C/experiments/r1c3_multi_full_seed_42_20250913_152627/checkpoints/r1c3_multi_full_seed_42_best.pth
2025-09-14 00:01:39,122 - INFO - 🧩 Head-only fine-tuning: unfroze head for task 'Ames Mutagenicity' and froze trunk.
2025-09-14 00:01:39,123 - INFO - Starting training...
2025-09-14 00:01:39,123 - INFO - 
Epoch 1/3
2025-09-14 00:01:39,282 - INFO - Batch 0/2278: Loss=1.2281, Cls=0.0399, Reg=0.0000, Con=3.9608
2025-09-14 00:01:40,188 - INFO - Batch 10/2278: Loss=0.1140, Cls=0.1140, Reg=0.0000, Con=0.0000
2025-09-14 00:01:41,052 - INFO - Batch 20/2278: Loss=1.4896, Cls=0.3013, Reg=0.0000, Con=3.9609
2025-09-14 00:01:41,927 - INFO - Batch 30/2278: Loss=1.2593, Cls=0.0709, Reg=0.0000, Con=3.9613
2025-09-14 00:01:42,797 - INFO - Batch 40/2278: Loss=0.1156, Cls=0.1156, Reg=0.0000, Con=0.0000
2025-09-14 00:01:43,681 - INFO - Batch 50/2278: Loss=2.3026, Cls=1.1143, Reg=0.0000, Con=3.9609
2025-09-14 00:01:44,561 - INFO - Batch 60/2278: Loss=1.2501, Cls=0.0618, Reg=0.0000, Con=3.9609
2025-09-14 00:01:45,441 - INFO - Batch 70/2278: Loss=1.3865, Cls=0.1983, Reg=0.0000, Con=3.9608
2025-09-14 00:01:46,292 - INFO - Batch 80/2278: Loss=1.0009, Cls=1.0009, Reg=0.0000, Con=0.0000
2025-09-14 00:01:47,179 - INFO - Batch 90/2278: Loss=1.6579, Cls=1.6579, Reg=0.0000, Con=0.0000
2025-09-14 00:01:48,034 - INFO - Batch 100/2278: Loss=0.8395, Cls=0.8395, Reg=0.0000, Con=0.0000
2025-09-14 00:01:48,923 - INFO - Batch 110/2278: Loss=1.2836, Cls=0.0953, Reg=0.0000, Con=3.9609
2025-09-14 00:01:49,800 - INFO - Batch 120/2278: Loss=1.1895, Cls=0.0012, Reg=0.0000, Con=3.9609
2025-09-14 00:01:50,669 - INFO - Batch 130/2278: Loss=4.1507, Cls=2.9624, Reg=0.0000, Con=3.9609
2025-09-14 00:01:51,534 - INFO - Batch 140/2278: Loss=1.2104, Cls=0.0221, Reg=0.0000, Con=3.9611
2025-09-14 00:01:52,421 - INFO - Batch 150/2278: Loss=1.1884, Cls=0.0000, Reg=0.0000, Con=3.9613
2025-09-14 00:01:53,313 - INFO - Batch 160/2278: Loss=1.3102, Cls=0.1218, Reg=0.0000, Con=3.9611
2025-09-14 00:01:54,199 - INFO - Batch 170/2278: Loss=1.1883, Cls=0.0000, Reg=0.0000, Con=3.9611
2025-09-14 00:01:55,091 - INFO - Batch 180/2278: Loss=1.2668, Cls=0.0785, Reg=0.0000, Con=3.9610
2025-09-14 00:01:55,976 - INFO - Batch 190/2278: Loss=2.1409, Cls=0.9526, Reg=0.0000, Con=3.9608
2025-09-14 00:01:56,844 - INFO - Batch 200/2278: Loss=0.6150, Cls=0.6150, Reg=0.0000, Con=0.0000
2025-09-14 00:01:57,731 - INFO - Batch 210/2278: Loss=0.0374, Cls=0.0374, Reg=0.0000, Con=0.0000
2025-09-14 00:01:58,618 - INFO - Batch 220/2278: Loss=1.9652, Cls=0.7769, Reg=0.0000, Con=3.9608
2025-09-14 00:01:59,530 - INFO - Batch 230/2278: Loss=1.2710, Cls=0.0827, Reg=0.0000, Con=3.9610
2025-09-14 00:02:00,409 - INFO - Batch 240/2278: Loss=2.5134, Cls=1.3251, Reg=0.0000, Con=3.9608
2025-09-14 00:02:01,291 - INFO - Batch 250/2278: Loss=0.0566, Cls=0.0566, Reg=0.0000, Con=0.0000
2025-09-14 00:02:02,174 - INFO - Batch 260/2278: Loss=1.4138, Cls=1.4138, Reg=0.0000, Con=0.0000
2025-09-14 00:02:03,081 - INFO - Batch 270/2278: Loss=1.1953, Cls=0.0071, Reg=0.0000, Con=3.9608
2025-09-14 00:02:03,960 - INFO - Batch 280/2278: Loss=1.6091, Cls=0.4209, Reg=0.0000, Con=3.9609
2025-09-14 00:02:04,822 - INFO - Batch 290/2278: Loss=0.0357, Cls=0.0357, Reg=0.0000, Con=0.0000
2025-09-14 00:02:05,696 - INFO - Batch 300/2278: Loss=1.2672, Cls=0.0789, Reg=0.0000, Con=3.9609
2025-09-14 00:02:06,574 - INFO - Batch 310/2278: Loss=1.1884, Cls=0.0000, Reg=0.0000, Con=3.9612
2025-09-14 00:02:07,450 - INFO - Batch 320/2278: Loss=0.0055, Cls=0.0055, Reg=0.0000, Con=0.0000
2025-09-14 00:02:08,470 - INFO - Batch 330/2278: Loss=1.1907, Cls=0.0025, Reg=0.0000, Con=3.9609
2025-09-14 00:02:09,466 - INFO - Batch 340/2278: Loss=4.0383, Cls=2.8501, Reg=0.0000, Con=3.9609
2025-09-14 00:02:10,375 - INFO - Batch 350/2278: Loss=4.4499, Cls=3.2615, Reg=0.0000, Con=3.9611
2025-09-14 00:02:11,258 - INFO - Batch 360/2278: Loss=1.2115, Cls=0.0232, Reg=0.0000, Con=3.9609
2025-09-14 00:02:12,144 - INFO - Batch 370/2278: Loss=1.1968, Cls=0.0086, Reg=0.0000, Con=3.9609
2025-09-14 00:02:13,034 - INFO - Batch 380/2278: Loss=1.5422, Cls=0.3540, Reg=0.0000, Con=3.9607
2025-09-14 00:02:13,922 - INFO - Batch 390/2278: Loss=1.3454, Cls=0.1572, Reg=0.0000, Con=3.9608
2025-09-14 00:02:14,819 - INFO - Batch 400/2278: Loss=2.9584, Cls=2.9584, Reg=0.0000, Con=0.0000
2025-09-14 00:02:15,699 - INFO - Batch 410/2278: Loss=1.5108, Cls=0.3225, Reg=0.0000, Con=3.9608
2025-09-14 00:02:16,570 - INFO - Batch 420/2278: Loss=0.0007, Cls=0.0007, Reg=0.0000, Con=0.0000
2025-09-14 00:02:17,456 - INFO - Batch 430/2278: Loss=2.0259, Cls=0.8376, Reg=0.0000, Con=3.9609
2025-09-14 00:02:18,333 - INFO - Batch 440/2278: Loss=1.8528, Cls=0.6645, Reg=0.0000, Con=3.9609
2025-09-14 00:02:19,196 - INFO - Batch 450/2278: Loss=3.0976, Cls=1.9094, Reg=0.0000, Con=3.9607
2025-09-14 00:02:20,066 - INFO - Batch 460/2278: Loss=1.8247, Cls=0.6365, Reg=0.0000, Con=3.9607
2025-09-14 00:02:20,953 - INFO - Batch 470/2278: Loss=1.3262, Cls=0.1379, Reg=0.0000, Con=3.9609
2025-09-14 00:02:21,838 - INFO - Batch 480/2278: Loss=1.7129, Cls=0.5246, Reg=0.0000, Con=3.9607
2025-09-14 00:02:22,718 - INFO - Batch 490/2278: Loss=2.2334, Cls=1.0452, Reg=0.0000, Con=3.9609
2025-09-14 00:02:23,589 - INFO - Batch 500/2278: Loss=0.7253, Cls=0.7253, Reg=0.0000, Con=0.0000
2025-09-14 00:02:24,462 - INFO - Batch 510/2278: Loss=1.2604, Cls=0.0722, Reg=0.0000, Con=3.9609
2025-09-14 00:02:25,344 - INFO - Batch 520/2278: Loss=1.8319, Cls=0.6437, Reg=0.0000, Con=3.9608
2025-09-14 00:02:26,224 - INFO - Batch 530/2278: Loss=1.5224, Cls=0.3341, Reg=0.0000, Con=3.9608
2025-09-14 00:02:27,128 - INFO - Batch 540/2278: Loss=1.1884, Cls=0.0001, Reg=0.0000, Con=3.9610
2025-09-14 00:02:28,041 - INFO - Batch 550/2278: Loss=1.2074, Cls=0.0192, Reg=0.0000, Con=3.9607
2025-09-14 00:02:28,896 - INFO - Batch 560/2278: Loss=1.2051, Cls=0.0168, Reg=0.0000, Con=3.9608
2025-09-14 00:02:29,789 - INFO - Batch 570/2278: Loss=2.0981, Cls=0.9099, Reg=0.0000, Con=3.9608
2025-09-14 00:02:30,669 - INFO - Batch 580/2278: Loss=1.2237, Cls=0.0354, Reg=0.0000, Con=3.9609
2025-09-14 00:02:31,547 - INFO - Batch 590/2278: Loss=0.3912, Cls=0.3912, Reg=0.0000, Con=0.0000
2025-09-14 00:02:32,434 - INFO - Batch 600/2278: Loss=1.2046, Cls=0.0163, Reg=0.0000, Con=3.9609
2025-09-14 00:02:33,324 - INFO - Batch 610/2278: Loss=1.7477, Cls=0.5594, Reg=0.0000, Con=3.9609
2025-09-14 00:02:34,204 - INFO - Batch 620/2278: Loss=1.1882, Cls=0.0000, Reg=0.0000, Con=3.9608
2025-09-14 00:02:35,125 - INFO - Batch 630/2278: Loss=1.2729, Cls=0.0846, Reg=0.0000, Con=3.9608
2025-09-14 00:02:36,040 - INFO - Batch 640/2278: Loss=1.2018, Cls=0.0136, Reg=0.0000, Con=3.9608
2025-09-14 00:02:36,946 - INFO - Batch 650/2278: Loss=1.7582, Cls=0.5699, Reg=0.0000, Con=3.9611
2025-09-14 00:02:37,826 - INFO - Batch 660/2278: Loss=1.4887, Cls=0.3004, Reg=0.0000, Con=3.9608
2025-09-14 00:02:38,727 - INFO - Batch 670/2278: Loss=1.5148, Cls=0.3266, Reg=0.0000, Con=3.9608
2025-09-14 00:02:39,663 - INFO - Batch 680/2278: Loss=2.1993, Cls=1.0110, Reg=0.0000, Con=3.9608
2025-09-14 00:02:40,703 - INFO - Batch 690/2278: Loss=0.0559, Cls=0.0559, Reg=0.0000, Con=0.0000
2025-09-14 00:02:41,592 - INFO - Batch 700/2278: Loss=1.2615, Cls=0.0732, Reg=0.0000, Con=3.9610
2025-09-14 00:02:42,525 - INFO - Batch 710/2278: Loss=1.2755, Cls=0.0872, Reg=0.0000, Con=3.9608
2025-09-14 00:02:43,437 - INFO - Batch 720/2278: Loss=1.1918, Cls=0.0035, Reg=0.0000, Con=3.9609
2025-09-14 00:02:44,419 - INFO - Batch 730/2278: Loss=1.1884, Cls=0.0000, Reg=0.0000, Con=3.9613
2025-09-14 00:02:45,398 - INFO - Batch 740/2278: Loss=1.1883, Cls=0.0000, Reg=0.0000, Con=3.9610
2025-09-14 00:02:46,430 - INFO - Batch 750/2278: Loss=1.2187, Cls=0.0304, Reg=0.0000, Con=3.9609
2025-09-14 00:02:47,359 - INFO - Batch 760/2278: Loss=1.2506, Cls=0.0623, Reg=0.0000, Con=3.9608
2025-09-14 00:02:48,234 - INFO - Batch 770/2278: Loss=1.2265, Cls=0.0382, Reg=0.0000, Con=3.9609
2025-09-14 00:02:49,134 - INFO - Batch 780/2278: Loss=2.5851, Cls=1.3969, Reg=0.0000, Con=3.9607
2025-09-14 00:02:50,030 - INFO - Batch 790/2278: Loss=0.1898, Cls=0.1898, Reg=0.0000, Con=0.0000
2025-09-14 00:02:50,919 - INFO - Batch 800/2278: Loss=1.5470, Cls=0.3586, Reg=0.0000, Con=3.9612
2025-09-14 00:02:51,791 - INFO - Batch 810/2278: Loss=2.4529, Cls=1.2645, Reg=0.0000, Con=3.9611
2025-09-14 00:02:52,692 - INFO - Batch 820/2278: Loss=2.0153, Cls=0.8270, Reg=0.0000, Con=3.9609
2025-09-14 00:02:53,598 - INFO - Batch 830/2278: Loss=3.8077, Cls=2.6194, Reg=0.0000, Con=3.9610
2025-09-14 00:02:54,479 - INFO - Batch 840/2278: Loss=3.9042, Cls=2.7160, Reg=0.0000, Con=3.9608
2025-09-14 00:02:55,370 - INFO - Batch 850/2278: Loss=1.9415, Cls=0.7532, Reg=0.0000, Con=3.9612
2025-09-14 00:02:56,230 - INFO - Batch 860/2278: Loss=1.1882, Cls=0.0000, Reg=0.0000, Con=3.9607
2025-09-14 00:02:57,092 - INFO - Batch 870/2278: Loss=0.7612, Cls=0.7612, Reg=0.0000, Con=0.0000
2025-09-14 00:02:58,000 - INFO - Batch 880/2278: Loss=0.1337, Cls=0.1337, Reg=0.0000, Con=0.0000
2025-09-14 00:02:58,873 - INFO - Batch 890/2278: Loss=1.6664, Cls=0.4781, Reg=0.0000, Con=3.9609
2025-09-14 00:02:59,766 - INFO - Batch 900/2278: Loss=1.2004, Cls=0.0121, Reg=0.0000, Con=3.9609
2025-09-14 00:03:00,662 - INFO - Batch 910/2278: Loss=1.2013, Cls=0.0130, Reg=0.0000, Con=3.9609
2025-09-14 00:03:01,540 - INFO - Batch 920/2278: Loss=1.1895, Cls=0.0012, Reg=0.0000, Con=3.9609
2025-09-14 00:03:02,461 - INFO - Batch 930/2278: Loss=1.2178, Cls=0.0296, Reg=0.0000, Con=3.9608
2025-09-14 00:03:03,349 - INFO - Batch 940/2278: Loss=1.1955, Cls=0.0073, Reg=0.0000, Con=3.9609
2025-09-14 00:03:04,236 - INFO - Batch 950/2278: Loss=1.3672, Cls=0.1789, Reg=0.0000, Con=3.9610
2025-09-14 00:03:05,111 - INFO - Batch 960/2278: Loss=1.2703, Cls=0.0820, Reg=0.0000, Con=3.9609
2025-09-14 00:03:06,002 - INFO - Batch 970/2278: Loss=1.2075, Cls=0.0192, Reg=0.0000, Con=3.9612
2025-09-14 00:03:06,879 - INFO - Batch 980/2278: Loss=0.0018, Cls=0.0018, Reg=0.0000, Con=0.0000
2025-09-14 00:03:07,760 - INFO - Batch 990/2278: Loss=1.1950, Cls=0.0067, Reg=0.0000, Con=3.9609
2025-09-14 00:03:08,633 - INFO - Batch 1000/2278: Loss=1.3503, Cls=0.1620, Reg=0.0000, Con=3.9609
2025-09-14 00:03:09,532 - INFO - Batch 1010/2278: Loss=1.5593, Cls=0.3711, Reg=0.0000, Con=3.9608
2025-09-14 00:03:10,423 - INFO - Batch 1020/2278: Loss=2.1379, Cls=0.9497, Reg=0.0000, Con=3.9607
2025-09-14 00:03:11,312 - INFO - Batch 1030/2278: Loss=1.2943, Cls=0.1060, Reg=0.0000, Con=3.9610
2025-09-14 00:03:12,201 - INFO - Batch 1040/2278: Loss=1.3914, Cls=0.2032, Reg=0.0000, Con=3.9607
2025-09-14 00:03:13,058 - INFO - Batch 1050/2278: Loss=1.1883, Cls=0.0000, Reg=0.0000, Con=3.9609
2025-09-14 00:03:13,930 - INFO - Batch 1060/2278: Loss=1.5381, Cls=0.3499, Reg=0.0000, Con=3.9608
2025-09-14 00:03:14,807 - INFO - Batch 1070/2278: Loss=1.2540, Cls=0.0658, Reg=0.0000, Con=3.9608
2025-09-14 00:03:15,679 - INFO - Batch 1080/2278: Loss=1.4299, Cls=0.2416, Reg=0.0000, Con=3.9610
2025-09-14 00:03:16,605 - INFO - Batch 1090/2278: Loss=2.0053, Cls=0.8170, Reg=0.0000, Con=3.9609
2025-09-14 00:03:17,539 - INFO - Batch 1100/2278: Loss=1.1965, Cls=0.0082, Reg=0.0000, Con=3.9607
2025-09-14 00:03:18,453 - INFO - Batch 1110/2278: Loss=2.3252, Cls=1.1370, Reg=0.0000, Con=3.9609
2025-09-14 00:03:19,502 - INFO - Batch 1120/2278: Loss=0.0000, Cls=0.0000, Reg=0.0000, Con=0.0000
2025-09-14 00:03:20,490 - INFO - Batch 1130/2278: Loss=1.2117, Cls=0.0235, Reg=0.0000, Con=3.9608
2025-09-14 00:03:21,365 - INFO - Batch 1140/2278: Loss=1.3419, Cls=0.1537, Reg=0.0000, Con=3.9607
2025-09-14 00:03:22,228 - INFO - Batch 1150/2278: Loss=1.7075, Cls=0.5192, Reg=0.0000, Con=3.9610
2025-09-14 00:03:23,100 - INFO - Batch 1160/2278: Loss=1.1942, Cls=0.0059, Reg=0.0000, Con=3.9609
2025-09-14 00:03:23,968 - INFO - Batch 1170/2278: Loss=0.2497, Cls=0.2497, Reg=0.0000, Con=0.0000
2025-09-14 00:03:24,830 - INFO - Batch 1180/2278: Loss=1.1883, Cls=0.0000, Reg=0.0000, Con=3.9609
2025-09-14 00:03:25,719 - INFO - Batch 1190/2278: Loss=1.2159, Cls=0.0276, Reg=0.0000, Con=3.9609
2025-09-14 00:03:26,603 - INFO - Batch 1200/2278: Loss=2.3351, Cls=1.1468, Reg=0.0000, Con=3.9608
2025-09-14 00:03:27,489 - INFO - Batch 1210/2278: Loss=1.2136, Cls=0.0253, Reg=0.0000, Con=3.9610
2025-09-14 00:03:28,366 - INFO - Batch 1220/2278: Loss=0.4900, Cls=0.4900, Reg=0.0000, Con=0.0000
2025-09-14 00:03:29,244 - INFO - Batch 1230/2278: Loss=2.1749, Cls=0.9866, Reg=0.0000, Con=3.9609
2025-09-14 00:03:30,145 - INFO - Batch 1240/2278: Loss=1.6537, Cls=0.4655, Reg=0.0000, Con=3.9609
2025-09-14 00:03:31,208 - INFO - Batch 1250/2278: Loss=0.0574, Cls=0.0574, Reg=0.0000, Con=0.0000
2025-09-14 00:03:32,108 - INFO - Batch 1260/2278: Loss=1.3429, Cls=0.1547, Reg=0.0000, Con=3.9608
2025-09-14 00:03:33,120 - INFO - Batch 1270/2278: Loss=1.2112, Cls=0.0229, Reg=0.0000, Con=3.9609
2025-09-14 00:03:33,990 - INFO - Batch 1280/2278: Loss=2.1775, Cls=2.1775, Reg=0.0000, Con=0.0000
2025-09-14 00:03:34,888 - INFO - Batch 1290/2278: Loss=1.0776, Cls=1.0776, Reg=0.0000, Con=0.0000
2025-09-14 00:03:35,802 - INFO - Batch 1300/2278: Loss=1.2097, Cls=0.0214, Reg=0.0000, Con=3.9610
2025-09-14 00:03:36,734 - INFO - Batch 1310/2278: Loss=1.3329, Cls=0.1446, Reg=0.0000, Con=3.9610
2025-09-14 00:03:37,756 - INFO - Batch 1320/2278: Loss=1.0951, Cls=1.0951, Reg=0.0000, Con=0.0000
2025-09-14 00:03:38,622 - INFO - Batch 1330/2278: Loss=6.8709, Cls=5.6825, Reg=0.0000, Con=3.9613
2025-09-14 00:03:39,506 - INFO - Batch 1340/2278: Loss=1.3754, Cls=0.1871, Reg=0.0000, Con=3.9608
2025-09-14 00:03:40,442 - INFO - Batch 1350/2278: Loss=1.1924, Cls=0.0042, Reg=0.0000, Con=3.9609
2025-09-14 00:03:41,355 - INFO - Batch 1360/2278: Loss=1.2893, Cls=0.1010, Reg=0.0000, Con=3.9610
2025-09-14 00:03:42,272 - INFO - Batch 1370/2278: Loss=2.8806, Cls=1.6923, Reg=0.0000, Con=3.9608
2025-09-14 00:03:43,252 - INFO - Batch 1380/2278: Loss=3.9978, Cls=2.8095, Reg=0.0000, Con=3.9609
2025-09-14 00:03:44,137 - INFO - Batch 1390/2278: Loss=1.1986, Cls=0.0103, Reg=0.0000, Con=3.9608
2025-09-14 00:03:45,047 - INFO - Batch 1400/2278: Loss=1.2132, Cls=0.0249, Reg=0.0000, Con=3.9609
2025-09-14 00:03:46,057 - INFO - Batch 1410/2278: Loss=2.6494, Cls=1.4611, Reg=0.0000, Con=3.9612
2025-09-14 00:03:46,939 - INFO - Batch 1420/2278: Loss=1.4919, Cls=0.3036, Reg=0.0000, Con=3.9608
2025-09-14 00:03:47,824 - INFO - Batch 1430/2278: Loss=1.1883, Cls=0.0000, Reg=0.0000, Con=3.9609
2025-09-14 00:03:48,696 - INFO - Batch 1440/2278: Loss=1.2283, Cls=0.0401, Reg=0.0000, Con=3.9609
2025-09-14 00:03:49,551 - INFO - Batch 1450/2278: Loss=1.5900, Cls=0.4018, Reg=0.0000, Con=3.9608
2025-09-14 00:03:50,423 - INFO - Batch 1460/2278: Loss=1.7905, Cls=1.7905, Reg=0.0000, Con=0.0000
2025-09-14 00:03:51,302 - INFO - Batch 1470/2278: Loss=1.2604, Cls=0.0721, Reg=0.0000, Con=3.9609
2025-09-14 00:03:52,178 - INFO - Batch 1480/2278: Loss=1.4113, Cls=0.2231, Reg=0.0000, Con=3.9608
2025-09-14 00:03:53,076 - INFO - Batch 1490/2278: Loss=2.8732, Cls=1.6849, Reg=0.0000, Con=3.9609
2025-09-14 00:03:53,955 - INFO - Batch 1500/2278: Loss=2.1081, Cls=0.9199, Reg=0.0000, Con=3.9609
2025-09-14 00:03:54,846 - INFO - Batch 1510/2278: Loss=0.2450, Cls=0.2450, Reg=0.0000, Con=0.0000
2025-09-14 00:03:55,728 - INFO - Batch 1520/2278: Loss=1.3189, Cls=0.1306, Reg=0.0000, Con=3.9608
2025-09-14 00:03:56,592 - INFO - Batch 1530/2278: Loss=1.4165, Cls=0.2282, Reg=0.0000, Con=3.9608
2025-09-14 00:03:57,465 - INFO - Batch 1540/2278: Loss=1.2927, Cls=0.1044, Reg=0.0000, Con=3.9609
2025-09-14 00:03:58,348 - INFO - Batch 1550/2278: Loss=1.1883, Cls=0.0000, Reg=0.0000, Con=3.9610
2025-09-14 00:03:59,225 - INFO - Batch 1560/2278: Loss=1.3151, Cls=0.1269, Reg=0.0000, Con=3.9609
2025-09-14 00:04:00,125 - INFO - Batch 1570/2278: Loss=1.4234, Cls=0.2352, Reg=0.0000, Con=3.9609
2025-09-14 00:04:01,032 - INFO - Batch 1580/2278: Loss=1.4796, Cls=0.2913, Reg=0.0000, Con=3.9608
2025-09-14 00:04:01,972 - INFO - Batch 1590/2278: Loss=1.6796, Cls=0.4913, Reg=0.0000, Con=3.9609
2025-09-14 00:04:02,823 - INFO - Batch 1600/2278: Loss=1.6084, Cls=0.4202, Reg=0.0000, Con=3.9609
2025-09-14 00:04:03,694 - INFO - Batch 1610/2278: Loss=0.5792, Cls=0.5792, Reg=0.0000, Con=0.0000
2025-09-14 00:04:04,557 - INFO - Batch 1620/2278: Loss=0.0044, Cls=0.0044, Reg=0.0000, Con=0.0000
2025-09-14 00:04:05,449 - INFO - Batch 1630/2278: Loss=3.6797, Cls=2.4915, Reg=0.0000, Con=3.9608
2025-09-14 00:04:06,338 - INFO - Batch 1640/2278: Loss=1.5982, Cls=0.4099, Reg=0.0000, Con=3.9609
2025-09-14 00:04:07,207 - INFO - Batch 1650/2278: Loss=1.8709, Cls=0.6827, Reg=0.0000, Con=3.9608
2025-09-14 00:04:08,110 - INFO - Batch 1660/2278: Loss=0.0367, Cls=0.0367, Reg=0.0000, Con=0.0000
2025-09-14 00:04:08,993 - INFO - Batch 1670/2278: Loss=2.4369, Cls=1.2486, Reg=0.0000, Con=3.9612
2025-09-14 00:04:09,875 - INFO - Batch 1680/2278: Loss=1.1960, Cls=0.0078, Reg=0.0000, Con=3.9608
2025-09-14 00:04:10,772 - INFO - Batch 1690/2278: Loss=1.7496, Cls=0.5612, Reg=0.0000, Con=3.9612
2025-09-14 00:04:11,636 - INFO - Batch 1700/2278: Loss=1.2571, Cls=0.0688, Reg=0.0000, Con=3.9609
2025-09-14 00:04:12,525 - INFO - Batch 1710/2278: Loss=0.0025, Cls=0.0025, Reg=0.0000, Con=0.0000
2025-09-14 00:04:13,437 - INFO - Batch 1720/2278: Loss=1.3973, Cls=0.2090, Reg=0.0000, Con=3.9608
2025-09-14 00:04:14,389 - INFO - Batch 1730/2278: Loss=1.3438, Cls=0.1555, Reg=0.0000, Con=3.9610
2025-09-14 00:04:15,295 - INFO - Batch 1740/2278: Loss=1.4767, Cls=0.2884, Reg=0.0000, Con=3.9608
2025-09-14 00:04:16,186 - INFO - Batch 1750/2278: Loss=1.4382, Cls=0.2499, Reg=0.0000, Con=3.9609
2025-09-14 00:04:17,058 - INFO - Batch 1760/2278: Loss=1.3108, Cls=0.1225, Reg=0.0000, Con=3.9609
2025-09-14 00:04:18,011 - INFO - Batch 1770/2278: Loss=1.9387, Cls=0.7505, Reg=0.0000, Con=3.9608
2025-09-14 00:04:18,923 - INFO - Batch 1780/2278: Loss=1.2305, Cls=0.0422, Reg=0.0000, Con=3.9608
2025-09-14 00:04:19,799 - INFO - Batch 1790/2278: Loss=1.3106, Cls=0.1224, Reg=0.0000, Con=3.9608
2025-09-14 00:04:20,738 - INFO - Batch 1800/2278: Loss=0.0688, Cls=0.0688, Reg=0.0000, Con=0.0000
2025-09-14 00:04:21,634 - INFO - Batch 1810/2278: Loss=1.3203, Cls=1.3203, Reg=0.0000, Con=0.0000
2025-09-14 00:04:22,559 - INFO - Batch 1820/2278: Loss=2.5547, Cls=1.3664, Reg=0.0000, Con=3.9611
2025-09-14 00:04:23,441 - INFO - Batch 1830/2278: Loss=0.0000, Cls=0.0000, Reg=0.0000, Con=0.0000
2025-09-14 00:04:24,319 - INFO - Batch 1840/2278: Loss=0.1151, Cls=0.1151, Reg=0.0000, Con=0.0000
2025-09-14 00:04:25,244 - INFO - Batch 1850/2278: Loss=1.3426, Cls=0.1543, Reg=0.0000, Con=3.9608
2025-09-14 00:04:26,190 - INFO - Batch 1860/2278: Loss=1.6045, Cls=0.4161, Reg=0.0000, Con=3.9613
2025-09-14 00:04:27,186 - INFO - Batch 1870/2278: Loss=3.4026, Cls=2.2144, Reg=0.0000, Con=3.9608
2025-09-14 00:04:28,066 - INFO - Batch 1880/2278: Loss=2.4088, Cls=1.2205, Reg=0.0000, Con=3.9610
2025-09-14 00:04:28,975 - INFO - Batch 1890/2278: Loss=1.1995, Cls=0.0112, Reg=0.0000, Con=3.9609
2025-09-14 00:04:29,867 - INFO - Batch 1900/2278: Loss=1.9764, Cls=0.7881, Reg=0.0000, Con=3.9609
2025-09-14 00:04:30,736 - INFO - Batch 1910/2278: Loss=0.0050, Cls=0.0050, Reg=0.0000, Con=0.0000
2025-09-14 00:04:31,756 - INFO - Batch 1920/2278: Loss=3.4717, Cls=2.2835, Reg=0.0000, Con=3.9608
2025-09-14 00:04:32,672 - INFO - Batch 1930/2278: Loss=1.5424, Cls=0.3542, Reg=0.0000, Con=3.9608
2025-09-14 00:04:33,610 - INFO - Batch 1940/2278: Loss=1.5613, Cls=0.3731, Reg=0.0000, Con=3.9608
2025-09-14 00:04:34,512 - INFO - Batch 1950/2278: Loss=1.8369, Cls=0.6486, Reg=0.0000, Con=3.9608
2025-09-14 00:04:35,393 - INFO - Batch 1960/2278: Loss=1.5107, Cls=0.3224, Reg=0.0000, Con=3.9609
2025-09-14 00:04:36,269 - INFO - Batch 1970/2278: Loss=1.3747, Cls=0.1864, Reg=0.0000, Con=3.9611
2025-09-14 00:04:37,193 - INFO - Batch 1980/2278: Loss=1.2989, Cls=0.1106, Reg=0.0000, Con=3.9608
2025-09-14 00:04:38,102 - INFO - Batch 1990/2278: Loss=1.5999, Cls=0.4114, Reg=0.0000, Con=3.9615
2025-09-14 00:04:38,997 - INFO - Batch 2000/2278: Loss=0.0521, Cls=0.0521, Reg=0.0000, Con=0.0000
2025-09-14 00:04:40,055 - INFO - Batch 2010/2278: Loss=3.1522, Cls=1.9639, Reg=0.0000, Con=3.9608
2025-09-14 00:04:41,003 - INFO - Batch 2020/2278: Loss=2.4666, Cls=1.2783, Reg=0.0000, Con=3.9609
2025-09-14 00:04:41,896 - INFO - Batch 2030/2278: Loss=1.2678, Cls=0.0796, Reg=0.0000, Con=3.9608
2025-09-14 00:04:42,794 - INFO - Batch 2040/2278: Loss=1.2284, Cls=0.0401, Reg=0.0000, Con=3.9610
2025-09-14 00:04:43,723 - INFO - Batch 2050/2278: Loss=1.2877, Cls=0.0995, Reg=0.0000, Con=3.9609
2025-09-14 00:04:44,614 - INFO - Batch 2060/2278: Loss=1.4823, Cls=0.2941, Reg=0.0000, Con=3.9608
2025-09-14 00:04:45,462 - INFO - Batch 2070/2278: Loss=2.1247, Cls=0.9364, Reg=0.0000, Con=3.9611
2025-09-14 00:04:46,326 - INFO - Batch 2080/2278: Loss=1.5346, Cls=0.3463, Reg=0.0000, Con=3.9610
2025-09-14 00:04:47,222 - INFO - Batch 2090/2278: Loss=1.4699, Cls=0.2816, Reg=0.0000, Con=3.9612
2025-09-14 00:04:48,129 - INFO - Batch 2100/2278: Loss=1.5481, Cls=0.3598, Reg=0.0000, Con=3.9611
2025-09-14 00:04:49,001 - INFO - Batch 2110/2278: Loss=1.3369, Cls=0.1486, Reg=0.0000, Con=3.9609
2025-09-14 00:04:49,878 - INFO - Batch 2120/2278: Loss=0.0066, Cls=0.0066, Reg=0.0000, Con=0.0000
2025-09-14 00:04:50,772 - INFO - Batch 2130/2278: Loss=1.1887, Cls=0.0005, Reg=0.0000, Con=3.9606
2025-09-14 00:04:51,688 - INFO - Batch 2140/2278: Loss=1.1882, Cls=0.0000, Reg=0.0000, Con=3.9608
2025-09-14 00:04:52,582 - INFO - Batch 2150/2278: Loss=1.1882, Cls=0.0000, Reg=0.0000, Con=3.9607
2025-09-14 00:04:53,454 - INFO - Batch 2160/2278: Loss=1.7267, Cls=0.5384, Reg=0.0000, Con=3.9610
2025-09-14 00:04:54,336 - INFO - Batch 2170/2278: Loss=1.5675, Cls=0.3792, Reg=0.0000, Con=3.9609
2025-09-14 00:04:55,215 - INFO - Batch 2180/2278: Loss=1.4949, Cls=1.4949, Reg=0.0000, Con=0.0000
2025-09-14 00:04:56,117 - INFO - Batch 2190/2278: Loss=1.1942, Cls=0.0059, Reg=0.0000, Con=3.9608
2025-09-14 00:04:57,017 - INFO - Batch 2200/2278: Loss=2.1323, Cls=0.9440, Reg=0.0000, Con=3.9612
2025-09-14 00:04:58,008 - INFO - Batch 2210/2278: Loss=1.1883, Cls=0.0000, Reg=0.0000, Con=3.9609
2025-09-14 00:04:58,908 - INFO - Batch 2220/2278: Loss=1.2098, Cls=0.0215, Reg=0.0000, Con=3.9610
2025-09-14 00:04:59,787 - INFO - Batch 2230/2278: Loss=0.6017, Cls=0.6017, Reg=0.0000, Con=0.0000
2025-09-14 00:05:00,704 - INFO - Batch 2240/2278: Loss=2.1596, Cls=0.9713, Reg=0.0000, Con=3.9609
2025-09-14 00:05:01,723 - INFO - Batch 2250/2278: Loss=1.1883, Cls=0.0000, Reg=0.0000, Con=3.9609
2025-09-14 00:05:02,660 - INFO - Batch 2260/2278: Loss=1.3102, Cls=0.1219, Reg=0.0000, Con=3.9608
2025-09-14 00:05:03,561 - INFO - Batch 2270/2278: Loss=0.0230, Cls=0.0230, Reg=0.0000, Con=0.0000
2025-09-14 00:08:31,444 - INFO - === Epoch 1 Results ===
2025-09-14 00:08:31,445 - INFO - Training Loss: 1.3707 (Classification: 0.4422, Regression: 0.0000)
2025-09-14 00:08:31,445 - INFO - Validation Loss: 0.1187 (Classification: 0.1187, Regression: 0.0000)
2025-09-14 00:08:31,445 - INFO - Average Classification Accuracy: 0.8051 (on 1/26 tasks)
2025-09-14 00:08:31,445 - INFO - Average AUC: 0.8846
2025-09-14 00:08:31,977 - INFO - Best model saved to: experiments/r1c3_headft_cls_1_seed_42_20250914_000136/checkpoints/r1c3_headft_cls_1_seed_42_best.pth
2025-09-14 00:08:31,977 - INFO - 
Epoch 2/3
2025-09-14 00:08:32,074 - INFO - Batch 0/2278: Loss=0.1139, Cls=0.1139, Reg=0.0000, Con=0.0000
2025-09-14 00:08:32,964 - INFO - Batch 10/2278: Loss=1.1881, Cls=0.0000, Reg=0.0000, Con=3.9604
2025-09-14 00:08:33,868 - INFO - Batch 20/2278: Loss=1.9536, Cls=0.7653, Reg=0.0000, Con=3.9610
2025-09-14 00:08:34,754 - INFO - Batch 30/2278: Loss=1.2301, Cls=0.0418, Reg=0.0000, Con=3.9608
2025-09-14 00:08:35,652 - INFO - Batch 40/2278: Loss=1.2041, Cls=0.0158, Reg=0.0000, Con=3.9608
2025-09-14 00:08:36,636 - INFO - Batch 50/2278: Loss=1.7917, Cls=0.6034, Reg=0.0000, Con=3.9608
2025-09-14 00:08:37,595 - INFO - Batch 60/2278: Loss=2.0864, Cls=0.8981, Reg=0.0000, Con=3.9609
2025-09-14 00:08:38,524 - INFO - Batch 70/2278: Loss=1.2481, Cls=0.0599, Reg=0.0000, Con=3.9607
2025-09-14 00:08:39,414 - INFO - Batch 80/2278: Loss=1.2846, Cls=0.0963, Reg=0.0000, Con=3.9608
2025-09-14 00:08:40,312 - INFO - Batch 90/2278: Loss=0.0014, Cls=0.0014, Reg=0.0000, Con=0.0000
2025-09-14 00:08:41,254 - INFO - Batch 100/2278: Loss=1.2486, Cls=0.0604, Reg=0.0000, Con=3.9609
2025-09-14 00:08:42,172 - INFO - Batch 110/2278: Loss=1.1892, Cls=0.0009, Reg=0.0000, Con=3.9609
2025-09-14 00:08:43,185 - INFO - Batch 120/2278: Loss=0.0000, Cls=0.0000, Reg=0.0000, Con=0.0000
2025-09-14 00:08:44,139 - INFO - Batch 130/2278: Loss=1.1989, Cls=0.0107, Reg=0.0000, Con=3.9607
2025-09-14 00:08:45,045 - INFO - Batch 140/2278: Loss=3.1361, Cls=1.9479, Reg=0.0000, Con=3.9609
2025-09-14 00:08:46,113 - INFO - Batch 150/2278: Loss=1.1927, Cls=0.0044, Reg=0.0000, Con=3.9611
2025-09-14 00:08:47,063 - INFO - Batch 160/2278: Loss=2.5507, Cls=1.3624, Reg=0.0000, Con=3.9609
2025-09-14 00:08:47,979 - INFO - Batch 170/2278: Loss=1.2370, Cls=0.0488, Reg=0.0000, Con=3.9609
2025-09-14 00:08:48,938 - INFO - Batch 180/2278: Loss=1.1928, Cls=0.0045, Reg=0.0000, Con=3.9609
2025-09-14 00:08:49,934 - INFO - Batch 190/2278: Loss=1.0844, Cls=1.0844, Reg=0.0000, Con=0.0000
2025-09-14 00:08:50,877 - INFO - Batch 200/2278: Loss=1.1917, Cls=0.0034, Reg=0.0000, Con=3.9608
2025-09-14 00:08:51,766 - INFO - Batch 210/2278: Loss=1.1883, Cls=0.0000, Reg=0.0000, Con=3.9609
2025-09-14 00:08:52,666 - INFO - Batch 220/2278: Loss=0.4652, Cls=0.4652, Reg=0.0000, Con=0.0000
2025-09-14 00:08:53,576 - INFO - Batch 230/2278: Loss=0.0061, Cls=0.0061, Reg=0.0000, Con=0.0000
2025-09-14 00:08:54,641 - INFO - Batch 240/2278: Loss=0.2281, Cls=0.2281, Reg=0.0000, Con=0.0000
2025-09-14 00:08:55,552 - INFO - Batch 250/2278: Loss=1.4386, Cls=0.2504, Reg=0.0000, Con=3.9608
2025-09-14 00:08:56,448 - INFO - Batch 260/2278: Loss=1.4567, Cls=0.2684, Reg=0.0000, Con=3.9608
2025-09-14 00:08:57,337 - INFO - Batch 270/2278: Loss=1.3243, Cls=0.1360, Reg=0.0000, Con=3.9608
2025-09-14 00:08:58,238 - INFO - Batch 280/2278: Loss=1.2865, Cls=0.0982, Reg=0.0000, Con=3.9609
2025-09-14 00:08:59,129 - INFO - Batch 290/2278: Loss=1.9684, Cls=0.7802, Reg=0.0000, Con=3.9609
2025-09-14 00:09:00,040 - INFO - Batch 300/2278: Loss=2.7573, Cls=1.5691, Reg=0.0000, Con=3.9609
2025-09-14 00:09:01,038 - INFO - Batch 310/2278: Loss=1.1936, Cls=0.0054, Reg=0.0000, Con=3.9608
2025-09-14 00:09:02,115 - INFO - Batch 320/2278: Loss=1.1975, Cls=0.0093, Reg=0.0000, Con=3.9608
2025-09-14 00:09:03,008 - INFO - Batch 330/2278: Loss=1.2927, Cls=0.1044, Reg=0.0000, Con=3.9610
2025-09-14 00:09:04,026 - INFO - Batch 340/2278: Loss=1.1901, Cls=0.0019, Reg=0.0000, Con=3.9609
2025-09-14 00:09:04,929 - INFO - Batch 350/2278: Loss=1.9829, Cls=0.7946, Reg=0.0000, Con=3.9609
2025-09-14 00:09:05,862 - INFO - Batch 360/2278: Loss=1.6706, Cls=0.4823, Reg=0.0000, Con=3.9609
2025-09-14 00:09:06,738 - INFO - Batch 370/2278: Loss=1.2351, Cls=0.0468, Reg=0.0000, Con=3.9609
2025-09-14 00:09:07,662 - INFO - Batch 380/2278: Loss=2.0870, Cls=0.8988, Reg=0.0000, Con=3.9608
2025-09-14 00:09:08,575 - INFO - Batch 390/2278: Loss=1.3877, Cls=0.1994, Reg=0.0000, Con=3.9608
2025-09-14 00:09:09,580 - INFO - Batch 400/2278: Loss=2.2238, Cls=2.2238, Reg=0.0000, Con=0.0000
2025-09-14 00:09:10,523 - INFO - Batch 410/2278: Loss=2.2446, Cls=1.0563, Reg=0.0000, Con=3.9608
2025-09-14 00:09:11,568 - INFO - Batch 420/2278: Loss=0.1712, Cls=0.1712, Reg=0.0000, Con=0.0000
2025-09-14 00:09:12,509 - INFO - Batch 430/2278: Loss=0.1329, Cls=0.1329, Reg=0.0000, Con=0.0000
2025-09-14 00:09:13,405 - INFO - Batch 440/2278: Loss=1.5885, Cls=0.4002, Reg=0.0000, Con=3.9610
2025-09-14 00:09:14,290 - INFO - Batch 450/2278: Loss=1.3136, Cls=0.1254, Reg=0.0000, Con=3.9608
2025-09-14 00:09:15,170 - INFO - Batch 460/2278: Loss=1.1914, Cls=0.0032, Reg=0.0000, Con=3.9608
2025-09-14 00:09:16,076 - INFO - Batch 470/2278: Loss=1.2810, Cls=0.0927, Reg=0.0000, Con=3.9610
2025-09-14 00:09:16,967 - INFO - Batch 480/2278: Loss=0.1836, Cls=0.1836, Reg=0.0000, Con=0.0000
2025-09-14 00:09:17,921 - INFO - Batch 490/2278: Loss=2.0034, Cls=0.8151, Reg=0.0000, Con=3.9610
2025-09-14 00:09:18,833 - INFO - Batch 500/2278: Loss=2.4654, Cls=1.2772, Reg=0.0000, Con=3.9608
2025-09-14 00:09:19,777 - INFO - Batch 510/2278: Loss=1.2881, Cls=0.0999, Reg=0.0000, Con=3.9607
2025-09-14 00:09:20,783 - INFO - Batch 520/2278: Loss=1.3933, Cls=0.2051, Reg=0.0000, Con=3.9608
2025-09-14 00:09:21,683 - INFO - Batch 530/2278: Loss=1.4177, Cls=0.2294, Reg=0.0000, Con=3.9608
2025-09-14 00:09:22,571 - INFO - Batch 540/2278: Loss=2.0931, Cls=0.9048, Reg=0.0000, Con=3.9609
2025-09-14 00:09:23,458 - INFO - Batch 550/2278: Loss=1.4722, Cls=0.2840, Reg=0.0000, Con=3.9607
2025-09-14 00:09:24,361 - INFO - Batch 560/2278: Loss=1.2949, Cls=0.1067, Reg=0.0000, Con=3.9609
2025-09-14 00:09:25,292 - INFO - Batch 570/2278: Loss=1.3038, Cls=0.1155, Reg=0.0000, Con=3.9608
2025-09-14 00:09:26,300 - INFO - Batch 580/2278: Loss=1.2560, Cls=0.0678, Reg=0.0000, Con=3.9609
2025-09-14 00:09:27,238 - INFO - Batch 590/2278: Loss=1.5695, Cls=0.3813, Reg=0.0000, Con=3.9608
2025-09-14 00:09:28,205 - INFO - Batch 600/2278: Loss=1.8648, Cls=0.6765, Reg=0.0000, Con=3.9608
2025-09-14 00:09:29,105 - INFO - Batch 610/2278: Loss=1.2232, Cls=0.0349, Reg=0.0000, Con=3.9609
2025-09-14 00:09:30,003 - INFO - Batch 620/2278: Loss=1.2500, Cls=0.0617, Reg=0.0000, Con=3.9608
2025-09-14 00:09:30,875 - INFO - Batch 630/2278: Loss=0.1644, Cls=0.1644, Reg=0.0000, Con=0.0000
2025-09-14 00:09:31,809 - INFO - Batch 640/2278: Loss=1.9787, Cls=1.9787, Reg=0.0000, Con=0.0000
2025-09-14 00:09:32,729 - INFO - Batch 650/2278: Loss=1.2389, Cls=0.0506, Reg=0.0000, Con=3.9609
2025-09-14 00:09:33,635 - INFO - Batch 660/2278: Loss=1.1882, Cls=0.0000, Reg=0.0000, Con=3.9607
2025-09-14 00:09:34,579 - INFO - Batch 670/2278: Loss=1.1884, Cls=0.0002, Reg=0.0000, Con=3.9609
2025-09-14 00:09:35,598 - INFO - Batch 680/2278: Loss=1.3058, Cls=0.1176, Reg=0.0000, Con=3.9608
2025-09-14 00:09:36,506 - INFO - Batch 690/2278: Loss=1.9015, Cls=0.7131, Reg=0.0000, Con=3.9613
2025-09-14 00:09:37,473 - INFO - Batch 700/2278: Loss=0.0325, Cls=0.0325, Reg=0.0000, Con=0.0000
2025-09-14 00:09:38,374 - INFO - Batch 710/2278: Loss=1.1926, Cls=0.0043, Reg=0.0000, Con=3.9609
2025-09-14 00:09:39,313 - INFO - Batch 720/2278: Loss=1.3189, Cls=0.1306, Reg=0.0000, Con=3.9609
2025-09-14 00:09:40,212 - INFO - Batch 730/2278: Loss=1.6691, Cls=0.4807, Reg=0.0000, Con=3.9612
2025-09-14 00:09:41,094 - INFO - Batch 740/2278: Loss=1.4916, Cls=0.3033, Reg=0.0000, Con=3.9610
2025-09-14 00:09:41,996 - INFO - Batch 750/2278: Loss=0.0001, Cls=0.0001, Reg=0.0000, Con=0.0000
2025-09-14 00:09:42,891 - INFO - Batch 760/2278: Loss=1.4604, Cls=0.2720, Reg=0.0000, Con=3.9612
2025-09-14 00:09:43,787 - INFO - Batch 770/2278: Loss=1.1885, Cls=0.0003, Reg=0.0000, Con=3.9608
2025-09-14 00:09:44,768 - INFO - Batch 780/2278: Loss=0.0000, Cls=0.0000, Reg=0.0000, Con=0.0000
2025-09-14 00:09:45,736 - INFO - Batch 790/2278: Loss=1.1938, Cls=0.0055, Reg=0.0000, Con=3.9609
2025-09-14 00:09:46,650 - INFO - Batch 800/2278: Loss=1.2862, Cls=0.0980, Reg=0.0000, Con=3.9608
2025-09-14 00:09:47,544 - INFO - Batch 810/2278: Loss=1.1962, Cls=0.0079, Reg=0.0000, Con=3.9609
2025-09-14 00:09:48,421 - INFO - Batch 820/2278: Loss=1.1882, Cls=0.0000, Reg=0.0000, Con=3.9608
2025-09-14 00:09:49,332 - INFO - Batch 830/2278: Loss=1.1958, Cls=0.0075, Reg=0.0000, Con=3.9609
2025-09-14 00:09:50,256 - INFO - Batch 840/2278: Loss=2.4858, Cls=1.2976, Reg=0.0000, Con=3.9608
2025-09-14 00:09:51,213 - INFO - Batch 850/2278: Loss=1.2156, Cls=0.0274, Reg=0.0000, Con=3.9608
2025-09-14 00:09:52,214 - INFO - Batch 860/2278: Loss=1.1896, Cls=0.0014, Reg=0.0000, Con=3.9608
2025-09-14 00:09:53,112 - INFO - Batch 870/2278: Loss=0.2519, Cls=0.2519, Reg=0.0000, Con=0.0000
2025-09-14 00:09:54,083 - INFO - Batch 880/2278: Loss=1.1930, Cls=0.0047, Reg=0.0000, Con=3.9609
2025-09-14 00:09:55,080 - INFO - Batch 890/2278: Loss=1.7140, Cls=0.5257, Reg=0.0000, Con=3.9609
2025-09-14 00:09:56,014 - INFO - Batch 900/2278: Loss=0.6631, Cls=0.6631, Reg=0.0000, Con=0.0000
2025-09-14 00:09:56,904 - INFO - Batch 910/2278: Loss=1.2863, Cls=0.0979, Reg=0.0000, Con=3.9614
2025-09-14 00:09:57,802 - INFO - Batch 920/2278: Loss=1.1964, Cls=0.0081, Reg=0.0000, Con=3.9609
2025-09-14 00:09:58,693 - INFO - Batch 930/2278: Loss=2.0874, Cls=0.8992, Reg=0.0000, Con=3.9609
2025-09-14 00:09:59,597 - INFO - Batch 940/2278: Loss=1.9778, Cls=0.7896, Reg=0.0000, Con=3.9608
2025-09-14 00:10:00,523 - INFO - Batch 950/2278: Loss=1.2798, Cls=0.0915, Reg=0.0000, Con=3.9609
2025-09-14 00:10:01,561 - INFO - Batch 960/2278: Loss=1.4873, Cls=0.2991, Reg=0.0000, Con=3.9607
2025-09-14 00:10:02,488 - INFO - Batch 970/2278: Loss=1.2261, Cls=0.0379, Reg=0.0000, Con=3.9608
2025-09-14 00:10:03,413 - INFO - Batch 980/2278: Loss=3.1142, Cls=1.9259, Reg=0.0000, Con=3.9609
2025-09-14 00:10:04,324 - INFO - Batch 990/2278: Loss=1.9495, Cls=0.7613, Reg=0.0000, Con=3.9606
2025-09-14 00:10:05,219 - INFO - Batch 1000/2278: Loss=1.1925, Cls=0.0042, Reg=0.0000, Con=3.9608
2025-09-14 00:10:06,115 - INFO - Batch 1010/2278: Loss=1.1930, Cls=0.0047, Reg=0.0000, Con=3.9609
2025-09-14 00:10:06,998 - INFO - Batch 1020/2278: Loss=1.6871, Cls=0.4986, Reg=0.0000, Con=3.9615
2025-09-14 00:10:07,882 - INFO - Batch 1030/2278: Loss=1.9529, Cls=0.7647, Reg=0.0000, Con=3.9608
2025-09-14 00:10:08,785 - INFO - Batch 1040/2278: Loss=1.1882, Cls=0.0000, Reg=0.0000, Con=3.9608
2025-09-14 00:10:09,698 - INFO - Batch 1050/2278: Loss=1.2640, Cls=0.0757, Reg=0.0000, Con=3.9609
2025-09-14 00:10:10,582 - INFO - Batch 1060/2278: Loss=1.3052, Cls=0.1169, Reg=0.0000, Con=3.9610
2025-09-14 00:10:11,476 - INFO - Batch 1070/2278: Loss=1.3576, Cls=0.1693, Reg=0.0000, Con=3.9609
2025-09-14 00:10:12,376 - INFO - Batch 1080/2278: Loss=1.5899, Cls=0.4016, Reg=0.0000, Con=3.9609
2025-09-14 00:10:13,385 - INFO - Batch 1090/2278: Loss=1.2115, Cls=0.0233, Reg=0.0000, Con=3.9608
2025-09-14 00:10:14,280 - INFO - Batch 1100/2278: Loss=1.2551, Cls=0.0669, Reg=0.0000, Con=3.9608
2025-09-14 00:10:15,168 - INFO - Batch 1110/2278: Loss=1.1883, Cls=0.0000, Reg=0.0000, Con=3.9608
2025-09-14 00:10:16,111 - INFO - Batch 1120/2278: Loss=1.2780, Cls=0.0898, Reg=0.0000, Con=3.9608
2025-09-14 00:10:16,999 - INFO - Batch 1130/2278: Loss=0.0322, Cls=0.0322, Reg=0.0000, Con=0.0000
2025-09-14 00:10:17,897 - INFO - Batch 1140/2278: Loss=0.0164, Cls=0.0164, Reg=0.0000, Con=0.0000
2025-09-14 00:10:18,823 - INFO - Batch 1150/2278: Loss=2.7269, Cls=1.5386, Reg=0.0000, Con=3.9609
2025-09-14 00:10:19,707 - INFO - Batch 1160/2278: Loss=2.0631, Cls=0.8748, Reg=0.0000, Con=3.9607
2025-09-14 00:10:20,607 - INFO - Batch 1170/2278: Loss=0.0347, Cls=0.0347, Reg=0.0000, Con=0.0000
2025-09-14 00:10:21,511 - INFO - Batch 1180/2278: Loss=1.1883, Cls=0.0000, Reg=0.0000, Con=3.9609
2025-09-14 00:10:22,454 - INFO - Batch 1190/2278: Loss=1.4287, Cls=0.2404, Reg=0.0000, Con=3.9610
2025-09-14 00:10:23,426 - INFO - Batch 1200/2278: Loss=1.4703, Cls=0.2820, Reg=0.0000, Con=3.9609
2025-09-14 00:10:24,391 - INFO - Batch 1210/2278: Loss=2.5144, Cls=1.3262, Reg=0.0000, Con=3.9608
2025-09-14 00:10:25,334 - INFO - Batch 1220/2278: Loss=0.0000, Cls=0.0000, Reg=0.0000, Con=0.0000
2025-09-14 00:10:26,354 - INFO - Batch 1230/2278: Loss=4.4800, Cls=3.2917, Reg=0.0000, Con=3.9608
2025-09-14 00:10:27,242 - INFO - Batch 1240/2278: Loss=1.1883, Cls=0.0000, Reg=0.0000, Con=3.9609
2025-09-14 00:10:28,155 - INFO - Batch 1250/2278: Loss=1.3738, Cls=0.1855, Reg=0.0000, Con=3.9609
2025-09-14 00:10:29,051 - INFO - Batch 1260/2278: Loss=1.1891, Cls=0.0009, Reg=0.0000, Con=3.9607
2025-09-14 00:10:29,938 - INFO - Batch 1270/2278: Loss=2.0073, Cls=0.8191, Reg=0.0000, Con=3.9609
2025-09-14 00:10:30,837 - INFO - Batch 1280/2278: Loss=1.9770, Cls=0.7888, Reg=0.0000, Con=3.9608
2025-09-14 00:10:31,745 - INFO - Batch 1290/2278: Loss=1.4984, Cls=0.3101, Reg=0.0000, Con=3.9610
2025-09-14 00:10:32,791 - INFO - Batch 1300/2278: Loss=1.2534, Cls=0.0651, Reg=0.0000, Con=3.9610
2025-09-14 00:10:33,710 - INFO - Batch 1310/2278: Loss=3.0885, Cls=1.9003, Reg=0.0000, Con=3.9607
2025-09-14 00:10:34,655 - INFO - Batch 1320/2278: Loss=1.3411, Cls=0.1529, Reg=0.0000, Con=3.9609
2025-09-14 00:10:35,615 - INFO - Batch 1330/2278: Loss=1.2192, Cls=0.0309, Reg=0.0000, Con=3.9608
2025-09-14 00:10:36,528 - INFO - Batch 1340/2278: Loss=0.3712, Cls=0.3712, Reg=0.0000, Con=0.0000
2025-09-14 00:10:37,419 - INFO - Batch 1350/2278: Loss=1.3496, Cls=0.1613, Reg=0.0000, Con=3.9608
2025-09-14 00:10:38,313 - INFO - Batch 1360/2278: Loss=1.3159, Cls=0.1276, Reg=0.0000, Con=3.9608
2025-09-14 00:10:39,203 - INFO - Batch 1370/2278: Loss=1.1899, Cls=0.0017, Reg=0.0000, Con=3.9608
2025-09-14 00:10:40,082 - INFO - Batch 1380/2278: Loss=1.2367, Cls=0.0484, Reg=0.0000, Con=3.9609
2025-09-14 00:10:40,977 - INFO - Batch 1390/2278: Loss=1.3793, Cls=0.1911, Reg=0.0000, Con=3.9608
2025-09-14 00:10:41,896 - INFO - Batch 1400/2278: Loss=1.2873, Cls=0.0991, Reg=0.0000, Con=3.9608
2025-09-14 00:10:42,863 - INFO - Batch 1410/2278: Loss=1.1882, Cls=0.0000, Reg=0.0000, Con=3.9608
2025-09-14 00:10:43,826 - INFO - Batch 1420/2278: Loss=0.0012, Cls=0.0012, Reg=0.0000, Con=0.0000
2025-09-14 00:10:44,737 - INFO - Batch 1430/2278: Loss=0.0725, Cls=0.0725, Reg=0.0000, Con=0.0000
2025-09-14 00:10:45,701 - INFO - Batch 1440/2278: Loss=1.2825, Cls=0.0941, Reg=0.0000, Con=3.9613
2025-09-14 00:10:46,600 - INFO - Batch 1450/2278: Loss=2.1990, Cls=1.0107, Reg=0.0000, Con=3.9609
2025-09-14 00:10:47,519 - INFO - Batch 1460/2278: Loss=1.1900, Cls=0.0017, Reg=0.0000, Con=3.9610
2025-09-14 00:10:48,444 - INFO - Batch 1470/2278: Loss=1.4297, Cls=0.2414, Reg=0.0000, Con=3.9608
2025-09-14 00:10:49,344 - INFO - Batch 1480/2278: Loss=0.0224, Cls=0.0224, Reg=0.0000, Con=0.0000
2025-09-14 00:10:50,357 - INFO - Batch 1490/2278: Loss=1.2446, Cls=0.0563, Reg=0.0000, Con=3.9609
2025-09-14 00:10:51,321 - INFO - Batch 1500/2278: Loss=0.0543, Cls=0.0543, Reg=0.0000, Con=0.0000
2025-09-14 00:10:52,204 - INFO - Batch 1510/2278: Loss=1.7111, Cls=0.5228, Reg=0.0000, Con=3.9608
2025-09-14 00:10:53,069 - INFO - Batch 1520/2278: Loss=2.0777, Cls=0.8895, Reg=0.0000, Con=3.9608
2025-09-14 00:10:53,966 - INFO - Batch 1530/2278: Loss=1.6085, Cls=0.4202, Reg=0.0000, Con=3.9609
2025-09-14 00:10:54,864 - INFO - Batch 1540/2278: Loss=0.1290, Cls=0.1290, Reg=0.0000, Con=0.0000
2025-09-14 00:10:55,772 - INFO - Batch 1550/2278: Loss=1.1883, Cls=0.0000, Reg=0.0000, Con=3.9609
2025-09-14 00:10:56,737 - INFO - Batch 1560/2278: Loss=1.3032, Cls=0.1150, Reg=0.0000, Con=3.9609
2025-09-14 00:10:57,617 - INFO - Batch 1570/2278: Loss=1.3698, Cls=0.1815, Reg=0.0000, Con=3.9609
2025-09-14 00:10:58,506 - INFO - Batch 1580/2278: Loss=1.7378, Cls=0.5495, Reg=0.0000, Con=3.9609
2025-09-14 00:10:59,428 - INFO - Batch 1590/2278: Loss=1.4842, Cls=0.2959, Reg=0.0000, Con=3.9610
2025-09-14 00:11:00,353 - INFO - Batch 1600/2278: Loss=3.2548, Cls=2.0666, Reg=0.0000, Con=3.9609
2025-09-14 00:11:01,406 - INFO - Batch 1610/2278: Loss=0.0000, Cls=0.0000, Reg=0.0000, Con=0.0000
2025-09-14 00:11:02,419 - INFO - Batch 1620/2278: Loss=1.1885, Cls=0.0002, Reg=0.0000, Con=3.9609
2025-09-14 00:11:03,306 - INFO - Batch 1630/2278: Loss=3.0104, Cls=3.0104, Reg=0.0000, Con=0.0000
2025-09-14 00:11:04,224 - INFO - Batch 1640/2278: Loss=1.2260, Cls=0.0377, Reg=0.0000, Con=3.9609
2025-09-14 00:11:05,134 - INFO - Batch 1650/2278: Loss=1.5031, Cls=0.3148, Reg=0.0000, Con=3.9609
2025-09-14 00:11:06,053 - INFO - Batch 1660/2278: Loss=2.0233, Cls=0.8350, Reg=0.0000, Con=3.9611
2025-09-14 00:11:07,105 - INFO - Batch 1670/2278: Loss=1.2098, Cls=0.0216, Reg=0.0000, Con=3.9608
2025-09-14 00:11:08,066 - INFO - Batch 1680/2278: Loss=1.2305, Cls=0.0421, Reg=0.0000, Con=3.9615
2025-09-14 00:11:09,014 - INFO - Batch 1690/2278: Loss=0.0111, Cls=0.0111, Reg=0.0000, Con=0.0000
2025-09-14 00:11:09,916 - INFO - Batch 1700/2278: Loss=1.5976, Cls=0.4094, Reg=0.0000, Con=3.9609
2025-09-14 00:11:10,812 - INFO - Batch 1710/2278: Loss=1.1889, Cls=0.0005, Reg=0.0000, Con=3.9612
2025-09-14 00:11:11,703 - INFO - Batch 1720/2278: Loss=4.4283, Cls=3.2401, Reg=0.0000, Con=3.9610
2025-09-14 00:11:12,642 - INFO - Batch 1730/2278: Loss=2.3095, Cls=1.1213, Reg=0.0000, Con=3.9609
2025-09-14 00:11:13,562 - INFO - Batch 1740/2278: Loss=1.2422, Cls=0.0539, Reg=0.0000, Con=3.9610
2025-09-14 00:11:14,536 - INFO - Batch 1750/2278: Loss=1.4368, Cls=0.2486, Reg=0.0000, Con=3.9609
2025-09-14 00:11:15,553 - INFO - Batch 1760/2278: Loss=1.9275, Cls=0.7393, Reg=0.0000, Con=3.9608
2025-09-14 00:11:16,472 - INFO - Batch 1770/2278: Loss=1.1932, Cls=0.0049, Reg=0.0000, Con=3.9609
2025-09-14 00:11:17,402 - INFO - Batch 1780/2278: Loss=1.3128, Cls=0.1246, Reg=0.0000, Con=3.9609
2025-09-14 00:11:18,300 - INFO - Batch 1790/2278: Loss=1.5222, Cls=0.3340, Reg=0.0000, Con=3.9608
2025-09-14 00:11:19,190 - INFO - Batch 1800/2278: Loss=1.2712, Cls=0.0829, Reg=0.0000, Con=3.9608
2025-09-14 00:11:20,076 - INFO - Batch 1810/2278: Loss=1.1883, Cls=0.0000, Reg=0.0000, Con=3.9610
2025-09-14 00:11:20,959 - INFO - Batch 1820/2278: Loss=1.1882, Cls=0.0000, Reg=0.0000, Con=3.9608
2025-09-14 00:11:21,852 - INFO - Batch 1830/2278: Loss=1.3973, Cls=0.2089, Reg=0.0000, Con=3.9615
2025-09-14 00:11:22,785 - INFO - Batch 1840/2278: Loss=1.2437, Cls=0.0554, Reg=0.0000, Con=3.9609
2025-09-14 00:11:23,736 - INFO - Batch 1850/2278: Loss=1.8649, Cls=0.6767, Reg=0.0000, Con=3.9608
2025-09-14 00:11:24,643 - INFO - Batch 1860/2278: Loss=2.1774, Cls=2.1774, Reg=0.0000, Con=0.0000
2025-09-14 00:11:25,531 - INFO - Batch 1870/2278: Loss=1.6510, Cls=0.4627, Reg=0.0000, Con=3.9608
2025-09-14 00:11:26,539 - INFO - Batch 1880/2278: Loss=1.2026, Cls=0.0143, Reg=0.0000, Con=3.9610
2025-09-14 00:11:27,481 - INFO - Batch 1890/2278: Loss=0.1673, Cls=0.1673, Reg=0.0000, Con=0.0000
2025-09-14 00:11:28,429 - INFO - Batch 1900/2278: Loss=3.2549, Cls=2.0667, Reg=0.0000, Con=3.9607
2025-09-14 00:11:29,339 - INFO - Batch 1910/2278: Loss=1.2374, Cls=0.0491, Reg=0.0000, Con=3.9607
2025-09-14 00:11:30,387 - INFO - Batch 1920/2278: Loss=2.2751, Cls=1.0868, Reg=0.0000, Con=3.9608
2025-09-14 00:11:31,298 - INFO - Batch 1930/2278: Loss=1.2624, Cls=0.0742, Reg=0.0000, Con=3.9609
2025-09-14 00:11:32,208 - INFO - Batch 1940/2278: Loss=1.1906, Cls=0.0024, Reg=0.0000, Con=3.9607
2025-09-14 00:11:33,254 - INFO - Batch 1950/2278: Loss=3.5967, Cls=2.4085, Reg=0.0000, Con=3.9609
2025-09-14 00:11:34,222 - INFO - Batch 1960/2278: Loss=1.1883, Cls=0.0000, Reg=0.0000, Con=3.9609
2025-09-14 00:11:35,208 - INFO - Batch 1970/2278: Loss=1.1907, Cls=0.0025, Reg=0.0000, Con=3.9606
2025-09-14 00:11:36,111 - INFO - Batch 1980/2278: Loss=1.4305, Cls=0.2423, Reg=0.0000, Con=3.9608
2025-09-14 00:11:37,061 - INFO - Batch 1990/2278: Loss=0.3386, Cls=0.3386, Reg=0.0000, Con=0.0000
2025-09-14 00:11:37,930 - INFO - Batch 2000/2278: Loss=1.2561, Cls=0.0679, Reg=0.0000, Con=3.9607
2025-09-14 00:11:38,833 - INFO - Batch 2010/2278: Loss=5.1228, Cls=3.9346, Reg=0.0000, Con=3.9608
2025-09-14 00:11:39,742 - INFO - Batch 2020/2278: Loss=2.2329, Cls=2.2329, Reg=0.0000, Con=0.0000
2025-09-14 00:11:40,625 - INFO - Batch 2030/2278: Loss=1.3586, Cls=0.1703, Reg=0.0000, Con=3.9610
2025-09-14 00:11:41,661 - INFO - Batch 2040/2278: Loss=1.2777, Cls=0.0895, Reg=0.0000, Con=3.9608
2025-09-14 00:11:42,584 - INFO - Batch 2050/2278: Loss=1.1913, Cls=0.0030, Reg=0.0000, Con=3.9608
2025-09-14 00:11:43,489 - INFO - Batch 2060/2278: Loss=2.3337, Cls=1.1454, Reg=0.0000, Con=3.9610
2025-09-14 00:11:44,405 - INFO - Batch 2070/2278: Loss=2.7260, Cls=1.5378, Reg=0.0000, Con=3.9608
2025-09-14 00:11:45,319 - INFO - Batch 2080/2278: Loss=0.1924, Cls=0.1924, Reg=0.0000, Con=0.0000
2025-09-14 00:11:46,355 - INFO - Batch 2090/2278: Loss=1.2487, Cls=0.0605, Reg=0.0000, Con=3.9608
2025-09-14 00:11:47,232 - INFO - Batch 2100/2278: Loss=0.0000, Cls=0.0000, Reg=0.0000, Con=0.0000
2025-09-14 00:11:48,150 - INFO - Batch 2110/2278: Loss=1.7351, Cls=0.5468, Reg=0.0000, Con=3.9610
2025-09-14 00:11:49,212 - INFO - Batch 2120/2278: Loss=1.5067, Cls=0.3184, Reg=0.0000, Con=3.9609
2025-09-14 00:11:50,116 - INFO - Batch 2130/2278: Loss=1.4415, Cls=0.2533, Reg=0.0000, Con=3.9608
2025-09-14 00:11:51,040 - INFO - Batch 2140/2278: Loss=1.2053, Cls=0.0170, Reg=0.0000, Con=3.9610
2025-09-14 00:11:51,921 - INFO - Batch 2150/2278: Loss=1.9345, Cls=0.7462, Reg=0.0000, Con=3.9610
2025-09-14 00:11:52,799 - INFO - Batch 2160/2278: Loss=2.2996, Cls=1.1112, Reg=0.0000, Con=3.9612
2025-09-14 00:11:53,717 - INFO - Batch 2170/2278: Loss=1.5713, Cls=0.3830, Reg=0.0000, Con=3.9608
2025-09-14 00:11:54,612 - INFO - Batch 2180/2278: Loss=2.2309, Cls=1.0427, Reg=0.0000, Con=3.9608
2025-09-14 00:11:55,493 - INFO - Batch 2190/2278: Loss=1.3462, Cls=0.1579, Reg=0.0000, Con=3.9610
2025-09-14 00:11:56,404 - INFO - Batch 2200/2278: Loss=1.4391, Cls=0.2508, Reg=0.0000, Con=3.9608
2025-09-14 00:11:57,318 - INFO - Batch 2210/2278: Loss=2.6802, Cls=1.4918, Reg=0.0000, Con=3.9613
2025-09-14 00:11:58,266 - INFO - Batch 2220/2278: Loss=0.2332, Cls=0.2332, Reg=0.0000, Con=0.0000
2025-09-14 00:11:59,260 - INFO - Batch 2230/2278: Loss=0.0287, Cls=0.0287, Reg=0.0000, Con=0.0000
2025-09-14 00:12:00,224 - INFO - Batch 2240/2278: Loss=1.6918, Cls=0.5035, Reg=0.0000, Con=3.9609
2025-09-14 00:12:01,202 - INFO - Batch 2250/2278: Loss=1.9020, Cls=0.7138, Reg=0.0000, Con=3.9608
2025-09-14 00:12:02,211 - INFO - Batch 2260/2278: Loss=2.2157, Cls=1.0275, Reg=0.0000, Con=3.9609
2025-09-14 00:12:03,154 - INFO - Batch 2270/2278: Loss=2.9212, Cls=1.7330, Reg=0.0000, Con=3.9606
2025-09-14 00:15:31,312 - INFO - === Epoch 2 Results ===
2025-09-14 00:15:31,313 - INFO - Training Loss: 1.4015 (Classification: 0.4469, Regression: 0.0000)
2025-09-14 00:15:31,313 - INFO - Validation Loss: 0.1165 (Classification: 0.1165, Regression: 0.0000)
2025-09-14 00:15:31,313 - INFO - Average Classification Accuracy: 0.7961 (on 1/26 tasks)
2025-09-14 00:15:31,313 - INFO - Average AUC: 0.8860
2025-09-14 00:15:34,149 - INFO - Best model saved to: experiments/r1c3_headft_cls_1_seed_42_20250914_000136/checkpoints/r1c3_headft_cls_1_seed_42_best.pth
2025-09-14 00:15:34,150 - INFO - 
Epoch 3/3
2025-09-14 00:15:34,297 - INFO - Batch 0/2278: Loss=1.1973, Cls=0.0090, Reg=0.0000, Con=3.9608
2025-09-14 00:15:35,208 - INFO - Batch 10/2278: Loss=1.1887, Cls=0.0004, Reg=0.0000, Con=3.9611
2025-09-14 00:15:36,157 - INFO - Batch 20/2278: Loss=2.3255, Cls=1.1372, Reg=0.0000, Con=3.9609
2025-09-14 00:15:37,203 - INFO - Batch 30/2278: Loss=0.0009, Cls=0.0009, Reg=0.0000, Con=0.0000
2025-09-14 00:15:38,087 - INFO - Batch 40/2278: Loss=1.2296, Cls=0.0413, Reg=0.0000, Con=3.9608
2025-09-14 00:15:38,998 - INFO - Batch 50/2278: Loss=1.2097, Cls=0.0214, Reg=0.0000, Con=3.9608
2025-09-14 00:15:39,899 - INFO - Batch 60/2278: Loss=2.9991, Cls=1.8109, Reg=0.0000, Con=3.9607
2025-09-14 00:15:40,861 - INFO - Batch 70/2278: Loss=1.2383, Cls=0.0500, Reg=0.0000, Con=3.9610
2025-09-14 00:15:41,878 - INFO - Batch 80/2278: Loss=0.2631, Cls=0.2631, Reg=0.0000, Con=0.0000
2025-09-14 00:15:42,913 - INFO - Batch 90/2278: Loss=1.6396, Cls=0.4513, Reg=0.0000, Con=3.9609
2025-09-14 00:15:43,927 - INFO - Batch 100/2278: Loss=1.8514, Cls=0.6632, Reg=0.0000, Con=3.9607
2025-09-14 00:15:44,853 - INFO - Batch 110/2278: Loss=1.7581, Cls=0.5697, Reg=0.0000, Con=3.9613
2025-09-14 00:15:45,861 - INFO - Batch 120/2278: Loss=1.4619, Cls=0.2736, Reg=0.0000, Con=3.9609
2025-09-14 00:15:46,771 - INFO - Batch 130/2278: Loss=1.1882, Cls=0.0000, Reg=0.0000, Con=3.9607
2025-09-14 00:15:47,702 - INFO - Batch 140/2278: Loss=1.1884, Cls=0.0002, Reg=0.0000, Con=3.9609
2025-09-14 00:15:48,589 - INFO - Batch 150/2278: Loss=1.2169, Cls=0.0287, Reg=0.0000, Con=3.9608
2025-09-14 00:15:49,486 - INFO - Batch 160/2278: Loss=2.3335, Cls=2.3335, Reg=0.0000, Con=0.0000
2025-09-14 00:15:50,361 - INFO - Batch 170/2278: Loss=2.7844, Cls=1.5961, Reg=0.0000, Con=3.9609
2025-09-14 00:15:51,257 - INFO - Batch 180/2278: Loss=1.5375, Cls=0.3491, Reg=0.0000, Con=3.9611
2025-09-14 00:15:52,148 - INFO - Batch 190/2278: Loss=1.1907, Cls=0.0025, Reg=0.0000, Con=3.9607
2025-09-14 00:15:53,034 - INFO - Batch 200/2278: Loss=1.3474, Cls=0.1591, Reg=0.0000, Con=3.9608
2025-09-14 00:15:53,921 - INFO - Batch 210/2278: Loss=1.2664, Cls=0.0781, Reg=0.0000, Con=3.9612
2025-09-14 00:15:54,800 - INFO - Batch 220/2278: Loss=1.9269, Cls=0.7387, Reg=0.0000, Con=3.9608
2025-09-14 00:15:55,697 - INFO - Batch 230/2278: Loss=1.2597, Cls=0.0714, Reg=0.0000, Con=3.9610
2025-09-14 00:15:56,603 - INFO - Batch 240/2278: Loss=1.7538, Cls=0.5656, Reg=0.0000, Con=3.9607
2025-09-14 00:15:57,505 - INFO - Batch 250/2278: Loss=1.2163, Cls=0.0280, Reg=0.0000, Con=3.9609
2025-09-14 00:15:58,367 - INFO - Batch 260/2278: Loss=1.1882, Cls=0.0000, Reg=0.0000, Con=3.9608
2025-09-14 00:15:59,275 - INFO - Batch 270/2278: Loss=1.5232, Cls=0.3350, Reg=0.0000, Con=3.9607
2025-09-14 00:16:00,179 - INFO - Batch 280/2278: Loss=1.5259, Cls=0.3377, Reg=0.0000, Con=3.9608
2025-09-14 00:16:01,073 - INFO - Batch 290/2278: Loss=1.3825, Cls=0.1943, Reg=0.0000, Con=3.9608
2025-09-14 00:16:01,985 - INFO - Batch 300/2278: Loss=3.6835, Cls=2.4953, Reg=0.0000, Con=3.9607
2025-09-14 00:16:02,904 - INFO - Batch 310/2278: Loss=1.2167, Cls=0.0284, Reg=0.0000, Con=3.9610
2025-09-14 00:16:03,803 - INFO - Batch 320/2278: Loss=1.2113, Cls=0.0229, Reg=0.0000, Con=3.9612
2025-09-14 00:16:04,685 - INFO - Batch 330/2278: Loss=0.0072, Cls=0.0072, Reg=0.0000, Con=0.0000
2025-09-14 00:16:05,581 - INFO - Batch 340/2278: Loss=0.0000, Cls=0.0000, Reg=0.0000, Con=0.0000
2025-09-14 00:16:06,465 - INFO - Batch 350/2278: Loss=1.2880, Cls=0.0998, Reg=0.0000, Con=3.9607
2025-09-14 00:16:07,364 - INFO - Batch 360/2278: Loss=1.3020, Cls=0.1137, Reg=0.0000, Con=3.9610
2025-09-14 00:16:08,243 - INFO - Batch 370/2278: Loss=1.5296, Cls=0.3414, Reg=0.0000, Con=3.9608
2025-09-14 00:16:09,233 - INFO - Batch 380/2278: Loss=1.2702, Cls=0.0819, Reg=0.0000, Con=3.9608
2025-09-14 00:16:10,178 - INFO - Batch 390/2278: Loss=1.8870, Cls=0.6988, Reg=0.0000, Con=3.9609
2025-09-14 00:16:11,117 - INFO - Batch 400/2278: Loss=0.1118, Cls=0.1118, Reg=0.0000, Con=0.0000
2025-09-14 00:16:12,020 - INFO - Batch 410/2278: Loss=1.6488, Cls=0.4606, Reg=0.0000, Con=3.9609
2025-09-14 00:16:12,896 - INFO - Batch 420/2278: Loss=1.2006, Cls=0.0123, Reg=0.0000, Con=3.9609
2025-09-14 00:16:13,808 - INFO - Batch 430/2278: Loss=2.2402, Cls=1.0518, Reg=0.0000, Con=3.9614
2025-09-14 00:16:14,696 - INFO - Batch 440/2278: Loss=1.2304, Cls=0.0422, Reg=0.0000, Con=3.9608
2025-09-14 00:16:15,570 - INFO - Batch 450/2278: Loss=1.1959, Cls=0.0076, Reg=0.0000, Con=3.9608
2025-09-14 00:16:16,466 - INFO - Batch 460/2278: Loss=0.0000, Cls=0.0000, Reg=0.0000, Con=0.0000
2025-09-14 00:16:17,381 - INFO - Batch 470/2278: Loss=0.0362, Cls=0.0362, Reg=0.0000, Con=0.0000
2025-09-14 00:16:18,312 - INFO - Batch 480/2278: Loss=1.2403, Cls=0.0520, Reg=0.0000, Con=3.9609
2025-09-14 00:16:19,416 - INFO - Batch 490/2278: Loss=0.0004, Cls=0.0004, Reg=0.0000, Con=0.0000
2025-09-14 00:16:20,314 - INFO - Batch 500/2278: Loss=0.0468, Cls=0.0468, Reg=0.0000, Con=0.0000
2025-09-14 00:16:21,264 - INFO - Batch 510/2278: Loss=1.1884, Cls=0.0001, Reg=0.0000, Con=3.9608
2025-09-14 00:16:22,300 - INFO - Batch 520/2278: Loss=0.1303, Cls=0.1303, Reg=0.0000, Con=0.0000
2025-09-14 00:16:23,228 - INFO - Batch 530/2278: Loss=1.4288, Cls=0.2406, Reg=0.0000, Con=3.9609
2025-09-14 00:16:24,141 - INFO - Batch 540/2278: Loss=1.2407, Cls=0.0524, Reg=0.0000, Con=3.9609
2025-09-14 00:16:25,063 - INFO - Batch 550/2278: Loss=0.0076, Cls=0.0076, Reg=0.0000, Con=0.0000
2025-09-14 00:16:25,978 - INFO - Batch 560/2278: Loss=1.2199, Cls=0.0317, Reg=0.0000, Con=3.9609
2025-09-14 00:16:26,927 - INFO - Batch 570/2278: Loss=1.2041, Cls=0.0158, Reg=0.0000, Con=3.9608
2025-09-14 00:16:27,853 - INFO - Batch 580/2278: Loss=0.0073, Cls=0.0073, Reg=0.0000, Con=0.0000
2025-09-14 00:16:28,733 - INFO - Batch 590/2278: Loss=1.3843, Cls=0.1960, Reg=0.0000, Con=3.9608
2025-09-14 00:16:29,625 - INFO - Batch 600/2278: Loss=1.1949, Cls=0.0066, Reg=0.0000, Con=3.9608
2025-09-14 00:16:30,496 - INFO - Batch 610/2278: Loss=0.0000, Cls=0.0000, Reg=0.0000, Con=0.0000
2025-09-14 00:16:31,403 - INFO - Batch 620/2278: Loss=1.7246, Cls=0.5363, Reg=0.0000, Con=3.9609
2025-09-14 00:16:32,288 - INFO - Batch 630/2278: Loss=1.1883, Cls=0.0000, Reg=0.0000, Con=3.9611
2025-09-14 00:16:33,248 - INFO - Batch 640/2278: Loss=1.8728, Cls=0.6845, Reg=0.0000, Con=3.9607
2025-09-14 00:16:34,166 - INFO - Batch 650/2278: Loss=1.9705, Cls=0.7822, Reg=0.0000, Con=3.9608
2025-09-14 00:16:35,090 - INFO - Batch 660/2278: Loss=0.0000, Cls=0.0000, Reg=0.0000, Con=0.0000
2025-09-14 00:16:36,037 - INFO - Batch 670/2278: Loss=1.8438, Cls=0.6555, Reg=0.0000, Con=3.9609
2025-09-14 00:16:36,985 - INFO - Batch 680/2278: Loss=1.1960, Cls=0.0078, Reg=0.0000, Con=3.9608
2025-09-14 00:16:37,872 - INFO - Batch 690/2278: Loss=2.4194, Cls=1.2311, Reg=0.0000, Con=3.9609
2025-09-14 00:16:38,783 - INFO - Batch 700/2278: Loss=1.2175, Cls=0.0293, Reg=0.0000, Con=3.9609
2025-09-14 00:16:39,677 - INFO - Batch 710/2278: Loss=1.4410, Cls=0.2528, Reg=0.0000, Con=3.9607
2025-09-14 00:16:40,575 - INFO - Batch 720/2278: Loss=1.1966, Cls=0.0083, Reg=0.0000, Con=3.9610
2025-09-14 00:16:41,534 - INFO - Batch 730/2278: Loss=1.3071, Cls=0.1188, Reg=0.0000, Con=3.9609
2025-09-14 00:16:42,433 - INFO - Batch 740/2278: Loss=1.3639, Cls=0.1757, Reg=0.0000, Con=3.9606
2025-09-14 00:16:43,362 - INFO - Batch 750/2278: Loss=1.1928, Cls=0.0046, Reg=0.0000, Con=3.9606
2025-09-14 00:16:44,249 - INFO - Batch 760/2278: Loss=1.1917, Cls=0.0034, Reg=0.0000, Con=3.9611
2025-09-14 00:16:45,182 - INFO - Batch 770/2278: Loss=1.2565, Cls=0.0681, Reg=0.0000, Con=3.9611
2025-09-14 00:16:46,176 - INFO - Batch 780/2278: Loss=2.0603, Cls=0.8720, Reg=0.0000, Con=3.9608
2025-09-14 00:16:47,175 - INFO - Batch 790/2278: Loss=1.1883, Cls=0.0000, Reg=0.0000, Con=3.9609
2025-09-14 00:16:48,064 - INFO - Batch 800/2278: Loss=1.3279, Cls=0.1395, Reg=0.0000, Con=3.9612
2025-09-14 00:16:48,963 - INFO - Batch 810/2278: Loss=0.0101, Cls=0.0101, Reg=0.0000, Con=0.0000
2025-09-14 00:16:49,871 - INFO - Batch 820/2278: Loss=2.2406, Cls=1.0523, Reg=0.0000, Con=3.9610
2025-09-14 00:16:50,800 - INFO - Batch 830/2278: Loss=1.5501, Cls=0.3618, Reg=0.0000, Con=3.9609
2025-09-14 00:16:51,713 - INFO - Batch 840/2278: Loss=0.0785, Cls=0.0785, Reg=0.0000, Con=0.0000
2025-09-14 00:16:52,711 - INFO - Batch 850/2278: Loss=2.7976, Cls=2.7976, Reg=0.0000, Con=0.0000
2025-09-14 00:16:53,610 - INFO - Batch 860/2278: Loss=1.1899, Cls=0.0016, Reg=0.0000, Con=3.9611
2025-09-14 00:16:54,589 - INFO - Batch 870/2278: Loss=1.3579, Cls=0.1696, Reg=0.0000, Con=3.9609
2025-09-14 00:16:55,473 - INFO - Batch 880/2278: Loss=0.0000, Cls=0.0000, Reg=0.0000, Con=0.0000
2025-09-14 00:16:56,464 - INFO - Batch 890/2278: Loss=1.1889, Cls=0.0006, Reg=0.0000, Con=3.9609
2025-09-14 00:16:57,431 - INFO - Batch 900/2278: Loss=1.2601, Cls=0.0718, Reg=0.0000, Con=3.9608
2025-09-14 00:16:58,302 - INFO - Batch 910/2278: Loss=5.7915, Cls=5.7915, Reg=0.0000, Con=0.0000
2025-09-14 00:16:59,205 - INFO - Batch 920/2278: Loss=0.0468, Cls=0.0468, Reg=0.0000, Con=0.0000
2025-09-14 00:17:00,071 - INFO - Batch 930/2278: Loss=0.0287, Cls=0.0287, Reg=0.0000, Con=0.0000
2025-09-14 00:17:00,959 - INFO - Batch 940/2278: Loss=1.4513, Cls=0.2629, Reg=0.0000, Con=3.9613
2025-09-14 00:17:01,826 - INFO - Batch 950/2278: Loss=0.2303, Cls=0.2303, Reg=0.0000, Con=0.0000
2025-09-14 00:17:02,728 - INFO - Batch 960/2278: Loss=1.2209, Cls=0.0326, Reg=0.0000, Con=3.9608
2025-09-14 00:17:03,621 - INFO - Batch 970/2278: Loss=1.2932, Cls=0.1050, Reg=0.0000, Con=3.9608
2025-09-14 00:17:04,528 - INFO - Batch 980/2278: Loss=2.6869, Cls=1.4987, Reg=0.0000, Con=3.9609
2025-09-14 00:17:05,415 - INFO - Batch 990/2278: Loss=1.2337, Cls=0.0454, Reg=0.0000, Con=3.9609
2025-09-14 00:17:06,296 - INFO - Batch 1000/2278: Loss=1.6923, Cls=0.5041, Reg=0.0000, Con=3.9608
2025-09-14 00:17:07,218 - INFO - Batch 1010/2278: Loss=1.3422, Cls=0.1540, Reg=0.0000, Con=3.9608
2025-09-14 00:17:08,083 - INFO - Batch 1020/2278: Loss=1.7461, Cls=0.5578, Reg=0.0000, Con=3.9609
2025-09-14 00:17:08,966 - INFO - Batch 1030/2278: Loss=0.0053, Cls=0.0053, Reg=0.0000, Con=0.0000
2025-09-14 00:17:09,865 - INFO - Batch 1040/2278: Loss=2.0371, Cls=0.8487, Reg=0.0000, Con=3.9613
2025-09-14 00:17:10,761 - INFO - Batch 1050/2278: Loss=0.1410, Cls=0.1410, Reg=0.0000, Con=0.0000
2025-09-14 00:17:11,650 - INFO - Batch 1060/2278: Loss=1.4465, Cls=0.2582, Reg=0.0000, Con=3.9610
2025-09-14 00:17:12,694 - INFO - Batch 1070/2278: Loss=1.9944, Cls=0.8061, Reg=0.0000, Con=3.9609
2025-09-14 00:17:13,677 - INFO - Batch 1080/2278: Loss=1.3859, Cls=0.1976, Reg=0.0000, Con=3.9609
2025-09-14 00:17:14,584 - INFO - Batch 1090/2278: Loss=1.2200, Cls=0.0317, Reg=0.0000, Con=3.9610
2025-09-14 00:17:15,482 - INFO - Batch 1100/2278: Loss=2.4856, Cls=1.2973, Reg=0.0000, Con=3.9609
2025-09-14 00:17:16,364 - INFO - Batch 1110/2278: Loss=1.2150, Cls=0.0268, Reg=0.0000, Con=3.9606
2025-09-14 00:17:17,274 - INFO - Batch 1120/2278: Loss=0.9081, Cls=0.9081, Reg=0.0000, Con=0.0000
2025-09-14 00:17:18,204 - INFO - Batch 1130/2278: Loss=0.0189, Cls=0.0189, Reg=0.0000, Con=0.0000
2025-09-14 00:17:19,109 - INFO - Batch 1140/2278: Loss=1.1973, Cls=0.0091, Reg=0.0000, Con=3.9609
2025-09-14 00:17:19,996 - INFO - Batch 1150/2278: Loss=0.0375, Cls=0.0375, Reg=0.0000, Con=0.0000
2025-09-14 00:17:20,909 - INFO - Batch 1160/2278: Loss=0.1244, Cls=0.1244, Reg=0.0000, Con=0.0000
2025-09-14 00:17:21,820 - INFO - Batch 1170/2278: Loss=2.5770, Cls=1.3888, Reg=0.0000, Con=3.9609
2025-09-14 00:17:22,758 - INFO - Batch 1180/2278: Loss=2.1637, Cls=0.9754, Reg=0.0000, Con=3.9610
2025-09-14 00:17:23,680 - INFO - Batch 1190/2278: Loss=2.0669, Cls=0.8786, Reg=0.0000, Con=3.9609
2025-09-14 00:17:24,589 - INFO - Batch 1200/2278: Loss=1.3652, Cls=0.1768, Reg=0.0000, Con=3.9611
2025-09-14 00:17:25,496 - INFO - Batch 1210/2278: Loss=1.3653, Cls=0.1769, Reg=0.0000, Con=3.9611
2025-09-14 00:17:26,403 - INFO - Batch 1220/2278: Loss=1.1883, Cls=0.0000, Reg=0.0000, Con=3.9609
2025-09-14 00:17:27,427 - INFO - Batch 1230/2278: Loss=0.0003, Cls=0.0003, Reg=0.0000, Con=0.0000
2025-09-14 00:17:28,434 - INFO - Batch 1240/2278: Loss=1.1882, Cls=0.0000, Reg=0.0000, Con=3.9608
2025-09-14 00:17:29,361 - INFO - Batch 1250/2278: Loss=1.1929, Cls=0.0047, Reg=0.0000, Con=3.9609
2025-09-14 00:17:30,243 - INFO - Batch 1260/2278: Loss=0.0000, Cls=0.0000, Reg=0.0000, Con=0.0000
2025-09-14 00:17:31,159 - INFO - Batch 1270/2278: Loss=1.6828, Cls=0.4945, Reg=0.0000, Con=3.9609
2025-09-14 00:17:32,051 - INFO - Batch 1280/2278: Loss=1.3540, Cls=0.1658, Reg=0.0000, Con=3.9607
2025-09-14 00:17:33,119 - INFO - Batch 1290/2278: Loss=1.9055, Cls=0.7172, Reg=0.0000, Con=3.9610
2025-09-14 00:17:34,126 - INFO - Batch 1300/2278: Loss=1.9344, Cls=0.7462, Reg=0.0000, Con=3.9608
2025-09-14 00:17:35,058 - INFO - Batch 1310/2278: Loss=1.5946, Cls=0.4063, Reg=0.0000, Con=3.9609
2025-09-14 00:17:35,966 - INFO - Batch 1320/2278: Loss=1.9418, Cls=0.7535, Reg=0.0000, Con=3.9610
2025-09-14 00:17:36,848 - INFO - Batch 1330/2278: Loss=1.3410, Cls=0.1527, Reg=0.0000, Con=3.9610
2025-09-14 00:17:37,731 - INFO - Batch 1340/2278: Loss=1.2043, Cls=0.0160, Reg=0.0000, Con=3.9609
2025-09-14 00:17:38,634 - INFO - Batch 1350/2278: Loss=1.2077, Cls=0.0194, Reg=0.0000, Con=3.9608
2025-09-14 00:17:39,546 - INFO - Batch 1360/2278: Loss=1.1884, Cls=0.0000, Reg=0.0000, Con=3.9612
2025-09-14 00:17:40,431 - INFO - Batch 1370/2278: Loss=1.3421, Cls=0.1538, Reg=0.0000, Con=3.9609
2025-09-14 00:17:41,338 - INFO - Batch 1380/2278: Loss=1.2926, Cls=0.1043, Reg=0.0000, Con=3.9608
2025-09-14 00:17:42,228 - INFO - Batch 1390/2278: Loss=1.2240, Cls=0.0357, Reg=0.0000, Con=3.9610
2025-09-14 00:17:43,237 - INFO - Batch 1400/2278: Loss=1.6114, Cls=0.4231, Reg=0.0000, Con=3.9611
2025-09-14 00:17:44,144 - INFO - Batch 1410/2278: Loss=0.0000, Cls=0.0000, Reg=0.0000, Con=0.0000
2025-09-14 00:17:45,058 - INFO - Batch 1420/2278: Loss=2.0543, Cls=0.8660, Reg=0.0000, Con=3.9609
2025-09-14 00:17:45,966 - INFO - Batch 1430/2278: Loss=0.1166, Cls=0.1166, Reg=0.0000, Con=0.0000
2025-09-14 00:17:46,966 - INFO - Batch 1440/2278: Loss=2.2972, Cls=1.1090, Reg=0.0000, Con=3.9607
2025-09-14 00:17:47,944 - INFO - Batch 1450/2278: Loss=0.0094, Cls=0.0094, Reg=0.0000, Con=0.0000
2025-09-14 00:17:48,893 - INFO - Batch 1460/2278: Loss=1.9376, Cls=0.7494, Reg=0.0000, Con=3.9609
2025-09-14 00:17:49,862 - INFO - Batch 1470/2278: Loss=1.3215, Cls=0.1333, Reg=0.0000, Con=3.9607
2025-09-14 00:17:50,861 - INFO - Batch 1480/2278: Loss=1.1999, Cls=0.0117, Reg=0.0000, Con=3.9608
2025-09-14 00:17:51,762 - INFO - Batch 1490/2278: Loss=1.3234, Cls=0.1351, Reg=0.0000, Con=3.9608
2025-09-14 00:17:52,648 - INFO - Batch 1500/2278: Loss=1.2160, Cls=0.0277, Reg=0.0000, Con=3.9610
2025-09-14 00:17:53,587 - INFO - Batch 1510/2278: Loss=2.2570, Cls=1.0687, Reg=0.0000, Con=3.9609
2025-09-14 00:17:54,474 - INFO - Batch 1520/2278: Loss=0.0755, Cls=0.0755, Reg=0.0000, Con=0.0000
2025-09-14 00:17:55,379 - INFO - Batch 1530/2278: Loss=1.1882, Cls=0.0000, Reg=0.0000, Con=3.9608
2025-09-14 00:17:56,290 - INFO - Batch 1540/2278: Loss=1.1897, Cls=0.0015, Reg=0.0000, Con=3.9609
2025-09-14 00:17:57,195 - INFO - Batch 1550/2278: Loss=1.5065, Cls=0.3182, Reg=0.0000, Con=3.9611
2025-09-14 00:17:58,098 - INFO - Batch 1560/2278: Loss=1.2245, Cls=0.0363, Reg=0.0000, Con=3.9608
2025-09-14 00:17:58,971 - INFO - Batch 1570/2278: Loss=0.0165, Cls=0.0165, Reg=0.0000, Con=0.0000
2025-09-14 00:17:59,850 - INFO - Batch 1580/2278: Loss=1.2487, Cls=0.0604, Reg=0.0000, Con=3.9608
2025-09-14 00:18:00,775 - INFO - Batch 1590/2278: Loss=1.5743, Cls=1.5743, Reg=0.0000, Con=0.0000
2025-09-14 00:18:01,784 - INFO - Batch 1600/2278: Loss=1.4419, Cls=0.2537, Reg=0.0000, Con=3.9608
2025-09-14 00:18:02,668 - INFO - Batch 1610/2278: Loss=1.2388, Cls=0.0506, Reg=0.0000, Con=3.9608
2025-09-14 00:18:03,614 - INFO - Batch 1620/2278: Loss=1.1928, Cls=0.0046, Reg=0.0000, Con=3.9608
2025-09-14 00:18:04,532 - INFO - Batch 1630/2278: Loss=1.7012, Cls=0.5129, Reg=0.0000, Con=3.9610
2025-09-14 00:18:05,414 - INFO - Batch 1640/2278: Loss=1.3917, Cls=0.2034, Reg=0.0000, Con=3.9609
2025-09-14 00:18:06,380 - INFO - Batch 1650/2278: Loss=1.2162, Cls=0.0279, Reg=0.0000, Con=3.9609
2025-09-14 00:18:07,417 - INFO - Batch 1660/2278: Loss=1.2414, Cls=0.0530, Reg=0.0000, Con=3.9613
2025-09-14 00:18:08,304 - INFO - Batch 1670/2278: Loss=1.1886, Cls=0.0003, Reg=0.0000, Con=3.9609
2025-09-14 00:18:09,207 - INFO - Batch 1680/2278: Loss=2.1769, Cls=0.9887, Reg=0.0000, Con=3.9608
2025-09-14 00:18:10,075 - INFO - Batch 1690/2278: Loss=1.1934, Cls=0.0051, Reg=0.0000, Con=3.9610
2025-09-14 00:18:10,956 - INFO - Batch 1700/2278: Loss=1.2526, Cls=0.0644, Reg=0.0000, Con=3.9608
2025-09-14 00:18:11,834 - INFO - Batch 1710/2278: Loss=0.1146, Cls=0.1146, Reg=0.0000, Con=0.0000
2025-09-14 00:18:12,737 - INFO - Batch 1720/2278: Loss=1.2784, Cls=0.0901, Reg=0.0000, Con=3.9610
2025-09-14 00:18:13,620 - INFO - Batch 1730/2278: Loss=1.1962, Cls=0.0080, Reg=0.0000, Con=3.9608
2025-09-14 00:18:14,527 - INFO - Batch 1740/2278: Loss=1.2686, Cls=0.0804, Reg=0.0000, Con=3.9609
2025-09-14 00:18:15,407 - INFO - Batch 1750/2278: Loss=0.0293, Cls=0.0293, Reg=0.0000, Con=0.0000
2025-09-14 00:18:16,308 - INFO - Batch 1760/2278: Loss=1.1912, Cls=0.0029, Reg=0.0000, Con=3.9610
2025-09-14 00:18:17,207 - INFO - Batch 1770/2278: Loss=0.0455, Cls=0.0455, Reg=0.0000, Con=0.0000
2025-09-14 00:18:18,112 - INFO - Batch 1780/2278: Loss=1.2001, Cls=0.0119, Reg=0.0000, Con=3.9607
2025-09-14 00:18:19,013 - INFO - Batch 1790/2278: Loss=0.1553, Cls=0.1553, Reg=0.0000, Con=0.0000
2025-09-14 00:18:19,998 - INFO - Batch 1800/2278: Loss=1.2554, Cls=0.0672, Reg=0.0000, Con=3.9607
2025-09-14 00:18:21,040 - INFO - Batch 1810/2278: Loss=0.5508, Cls=0.5508, Reg=0.0000, Con=0.0000
2025-09-14 00:18:21,996 - INFO - Batch 1820/2278: Loss=1.2685, Cls=0.0801, Reg=0.0000, Con=3.9615
2025-09-14 00:18:22,888 - INFO - Batch 1830/2278: Loss=1.3139, Cls=0.1256, Reg=0.0000, Con=3.9609
2025-09-14 00:18:23,838 - INFO - Batch 1840/2278: Loss=1.8318, Cls=0.6436, Reg=0.0000, Con=3.9609
2025-09-14 00:18:24,801 - INFO - Batch 1850/2278: Loss=1.4042, Cls=0.2160, Reg=0.0000, Con=3.9609
2025-09-14 00:18:25,755 - INFO - Batch 1860/2278: Loss=1.4574, Cls=0.2692, Reg=0.0000, Con=3.9607
2025-09-14 00:18:26,771 - INFO - Batch 1870/2278: Loss=0.0249, Cls=0.0249, Reg=0.0000, Con=0.0000
2025-09-14 00:18:27,682 - INFO - Batch 1880/2278: Loss=2.0132, Cls=0.8250, Reg=0.0000, Con=3.9608
2025-09-14 00:18:28,586 - INFO - Batch 1890/2278: Loss=0.0105, Cls=0.0105, Reg=0.0000, Con=0.0000
2025-09-14 00:18:29,501 - INFO - Batch 1900/2278: Loss=0.4483, Cls=0.4483, Reg=0.0000, Con=0.0000
2025-09-14 00:18:30,383 - INFO - Batch 1910/2278: Loss=1.2839, Cls=0.0956, Reg=0.0000, Con=3.9610
2025-09-14 00:18:31,252 - INFO - Batch 1920/2278: Loss=0.2628, Cls=0.2628, Reg=0.0000, Con=0.0000
2025-09-14 00:18:32,167 - INFO - Batch 1930/2278: Loss=1.7205, Cls=0.5322, Reg=0.0000, Con=3.9611
2025-09-14 00:18:33,045 - INFO - Batch 1940/2278: Loss=3.1844, Cls=1.9962, Reg=0.0000, Con=3.9607
2025-09-14 00:18:33,914 - INFO - Batch 1950/2278: Loss=1.1883, Cls=0.0000, Reg=0.0000, Con=3.9609
2025-09-14 00:18:34,795 - INFO - Batch 1960/2278: Loss=1.8761, Cls=0.6879, Reg=0.0000, Con=3.9609
2025-09-14 00:18:35,676 - INFO - Batch 1970/2278: Loss=1.8845, Cls=0.6962, Reg=0.0000, Con=3.9611
2025-09-14 00:18:36,658 - INFO - Batch 1980/2278: Loss=1.2146, Cls=0.0264, Reg=0.0000, Con=3.9609
2025-09-14 00:18:37,589 - INFO - Batch 1990/2278: Loss=1.4817, Cls=0.2935, Reg=0.0000, Con=3.9609
2025-09-14 00:18:38,503 - INFO - Batch 2000/2278: Loss=3.0748, Cls=1.8865, Reg=0.0000, Con=3.9610
2025-09-14 00:18:39,397 - INFO - Batch 2010/2278: Loss=1.9361, Cls=0.7478, Reg=0.0000, Con=3.9608
2025-09-14 00:18:40,298 - INFO - Batch 2020/2278: Loss=1.1966, Cls=0.0083, Reg=0.0000, Con=3.9608
2025-09-14 00:18:41,206 - INFO - Batch 2030/2278: Loss=1.1964, Cls=0.0081, Reg=0.0000, Con=3.9608
2025-09-14 00:18:42,102 - INFO - Batch 2040/2278: Loss=1.5574, Cls=0.3691, Reg=0.0000, Con=3.9610
2025-09-14 00:18:43,079 - INFO - Batch 2050/2278: Loss=0.0196, Cls=0.0196, Reg=0.0000, Con=0.0000
2025-09-14 00:18:43,962 - INFO - Batch 2060/2278: Loss=1.1883, Cls=0.0000, Reg=0.0000, Con=3.9609
2025-09-14 00:18:44,955 - INFO - Batch 2070/2278: Loss=1.5197, Cls=0.3314, Reg=0.0000, Con=3.9609
2025-09-14 00:18:45,920 - INFO - Batch 2080/2278: Loss=1.2123, Cls=0.0240, Reg=0.0000, Con=3.9610
2025-09-14 00:18:46,802 - INFO - Batch 2090/2278: Loss=1.7894, Cls=0.6012, Reg=0.0000, Con=3.9607
2025-09-14 00:18:47,708 - INFO - Batch 2100/2278: Loss=1.6182, Cls=0.4296, Reg=0.0000, Con=3.9619
2025-09-14 00:18:48,639 - INFO - Batch 2110/2278: Loss=1.1934, Cls=0.0052, Reg=0.0000, Con=3.9609
2025-09-14 00:18:49,534 - INFO - Batch 2120/2278: Loss=0.1951, Cls=0.1951, Reg=0.0000, Con=0.0000
2025-09-14 00:18:50,440 - INFO - Batch 2130/2278: Loss=1.5167, Cls=0.3285, Reg=0.0000, Con=3.9606
2025-09-14 00:18:51,451 - INFO - Batch 2140/2278: Loss=1.4603, Cls=0.2720, Reg=0.0000, Con=3.9609
2025-09-14 00:18:52,342 - INFO - Batch 2150/2278: Loss=1.7072, Cls=0.5190, Reg=0.0000, Con=3.9608
2025-09-14 00:18:53,246 - INFO - Batch 2160/2278: Loss=1.4361, Cls=0.2478, Reg=0.0000, Con=3.9609
2025-09-14 00:18:54,145 - INFO - Batch 2170/2278: Loss=3.6377, Cls=2.4494, Reg=0.0000, Con=3.9608
2025-09-14 00:18:55,086 - INFO - Batch 2180/2278: Loss=1.2641, Cls=1.2641, Reg=0.0000, Con=0.0000
2025-09-14 00:18:56,059 - INFO - Batch 2190/2278: Loss=5.0919, Cls=3.9037, Reg=0.0000, Con=3.9609
2025-09-14 00:18:57,042 - INFO - Batch 2200/2278: Loss=1.1940, Cls=0.0057, Reg=0.0000, Con=3.9608
2025-09-14 00:18:57,968 - INFO - Batch 2210/2278: Loss=0.0511, Cls=0.0511, Reg=0.0000, Con=0.0000
2025-09-14 00:18:58,946 - INFO - Batch 2220/2278: Loss=1.2406, Cls=0.0523, Reg=0.0000, Con=3.9609
2025-09-14 00:18:59,917 - INFO - Batch 2230/2278: Loss=2.1239, Cls=0.9357, Reg=0.0000, Con=3.9609
2025-09-14 00:19:00,870 - INFO - Batch 2240/2278: Loss=1.6044, Cls=0.4159, Reg=0.0000, Con=3.9617
2025-09-14 00:19:01,805 - INFO - Batch 2250/2278: Loss=1.7441, Cls=0.5559, Reg=0.0000, Con=3.9608
2025-09-14 00:19:02,781 - INFO - Batch 2260/2278: Loss=0.0031, Cls=0.0031, Reg=0.0000, Con=0.0000
2025-09-14 00:19:03,757 - INFO - Batch 2270/2278: Loss=0.2823, Cls=0.2823, Reg=0.0000, Con=0.0000
2025-09-14 00:22:31,967 - INFO - === Epoch 3 Results ===
2025-09-14 00:22:31,967 - INFO - Training Loss: 1.3829 (Classification: 0.4361, Regression: 0.0000)
2025-09-14 00:22:31,967 - INFO - Validation Loss: 0.1242 (Classification: 0.1242, Regression: 0.0000)
2025-09-14 00:22:31,967 - INFO - Average Classification Accuracy: 0.7976 (on 1/26 tasks)
2025-09-14 00:22:31,967 - INFO - Average AUC: 0.8848
2025-09-14 00:22:31,967 - INFO - Training finished!
2025-09-14 00:22:31,967 - INFO - Performing final evaluation...
2025-09-14 00:22:32,188 - INFO - Loaded best model from: experiments/r1c3_headft_cls_1_seed_42_20250914_000136/checkpoints/r1c3_headft_cls_1_seed_42_best.pth
2025-09-14 00:25:59,521 - INFO - Final Validation Results:
2025-09-14 00:25:59,521 - INFO -   Total Loss: 0.1165
2025-09-14 00:25:59,521 - INFO -   Classification Loss: 0.1165
2025-09-14 00:25:59,521 - INFO -   Regression Loss: 0.0000
2025-09-14 00:25:59,521 - INFO -   Average Classification Accuracy: 0.7961
2025-09-14 00:25:59,521 - INFO -   Average AUC: 0.8860
2025-09-14 00:25:59,522 - INFO - Results saved to: experiments/r1c3_headft_cls_1_seed_42_20250914_000136/checkpoints/r1c3_headft_cls_1_seed_42_results.json
