2025-09-13 21:23:35,728 - INFO - 🔬 Starting experiment: r1c3_single_cls_23_seed_42
2025-09-13 21:23:35,728 - INFO - 📁 Experiment directory: experiments/r1c3_single_cls_23_seed_42_20250913_212335
2025-09-13 21:23:35,728 - INFO - 🎲 Random seed: 42
2025-09-13 21:23:35,728 - INFO - 🔒 Deterministic mode: True
2025-09-13 21:23:35,728 - INFO - Using device: cuda
2025-09-13 21:23:35,728 - INFO - Total GPU Memory: 25.16 GB
2025-09-13 21:23:35,744 - INFO - 🧪 Fusion: Using cross-attention dynamic fusion
2025-09-13 21:23:35,744 - INFO - 🧪 GNN Backbone: Using default GraphAttentionNetwork branch
2025-09-13 21:23:35,744 - INFO - 🎯 Task Mode: Single classification endpoint 23
2025-09-13 21:23:35,744 - INFO - Configuration saved to: experiments/r1c3_single_cls_23_seed_42_20250913_212335/checkpoints/config.json
2025-09-13 21:23:35,744 - INFO - 🚀 Using preprocessed data from: data/data/processed
2025-09-13 21:23:35,744 - INFO - Loading LMDB dataset from: data/data/processed
2025-09-13 21:23:36,240 - INFO - Number of training batches: 2278
2025-09-13 21:23:36,241 - INFO - Number of validation batches: 2278
2025-09-13 21:23:36,241 - INFO - Number of test batches: 2278
2025-09-13 21:23:36,241 - INFO - Creating ToxD4C model...
2025-09-13 21:23:37,321 - INFO - Model created successfully. Total parameters: 100,932,036
2025-09-13 21:23:37,321 - INFO - Testing model forward pass...
2025-09-13 21:23:37,750 - INFO - Test output shapes:
2025-09-13 21:23:37,750 - INFO -   classification: torch.Size([16, 1])
2025-09-13 21:23:37,753 - INFO -   classification contains NaN: False
2025-09-13 21:23:37,753 - INFO -   classification contains Inf: False
2025-09-13 21:23:37,753 - INFO -   regression: torch.Size([16, 0])
2025-09-13 21:23:37,753 - INFO -   regression contains NaN: False
2025-09-13 21:23:37,753 - INFO -   regression contains Inf: False
2025-09-13 21:23:37,753 - INFO - Model forward pass test successful!
2025-09-13 21:23:38,631 - INFO - 🔁 Loaded checkpoint from: experiments/r1c3_multi_full_seed_42_20250913_152627/checkpoints/r1c3_multi_full_seed_42_best.pth
2025-09-13 21:23:38,632 - INFO - 🧩 Head-only fine-tuning: unfroze head for task 'SR-HSE' and froze trunk.
2025-09-13 21:23:38,633 - INFO - Starting training...
2025-09-13 21:23:38,633 - INFO - 
Epoch 1/3
2025-09-13 21:23:38,791 - INFO - Batch 0/2278: Loss=0.0075, Cls=0.0075, Reg=0.0000, Con=0.0000
2025-09-13 21:23:39,641 - INFO - Batch 10/2278: Loss=0.0185, Cls=0.0185, Reg=0.0000, Con=0.0000
2025-09-13 21:23:40,474 - INFO - Batch 20/2278: Loss=1.2282, Cls=0.0399, Reg=0.0000, Con=3.9610
2025-09-13 21:23:41,314 - INFO - Batch 30/2278: Loss=0.7715, Cls=0.7715, Reg=0.0000, Con=0.0000
2025-09-13 21:23:42,170 - INFO - Batch 40/2278: Loss=0.0024, Cls=0.0024, Reg=0.0000, Con=0.0000
2025-09-13 21:23:43,053 - INFO - Batch 50/2278: Loss=1.2030, Cls=0.0148, Reg=0.0000, Con=3.9609
2025-09-13 21:23:43,924 - INFO - Batch 60/2278: Loss=2.7884, Cls=1.6001, Reg=0.0000, Con=3.9609
2025-09-13 21:23:44,789 - INFO - Batch 70/2278: Loss=1.1882, Cls=0.0000, Reg=0.0000, Con=3.9608
2025-09-13 21:23:45,660 - INFO - Batch 80/2278: Loss=0.0000, Cls=0.0000, Reg=0.0000, Con=0.0000
2025-09-13 21:23:46,560 - INFO - Batch 90/2278: Loss=0.0416, Cls=0.0416, Reg=0.0000, Con=0.0000
2025-09-13 21:23:47,455 - INFO - Batch 100/2278: Loss=0.0263, Cls=0.0263, Reg=0.0000, Con=0.0000
2025-09-13 21:23:48,378 - INFO - Batch 110/2278: Loss=0.0860, Cls=0.0860, Reg=0.0000, Con=0.0000
2025-09-13 21:23:49,290 - INFO - Batch 120/2278: Loss=1.1901, Cls=0.0018, Reg=0.0000, Con=3.9609
2025-09-13 21:23:50,178 - INFO - Batch 130/2278: Loss=1.7068, Cls=0.5186, Reg=0.0000, Con=3.9609
2025-09-13 21:23:51,185 - INFO - Batch 140/2278: Loss=1.1898, Cls=0.0013, Reg=0.0000, Con=3.9615
2025-09-13 21:23:52,240 - INFO - Batch 150/2278: Loss=1.6029, Cls=0.4145, Reg=0.0000, Con=3.9613
2025-09-13 21:23:53,192 - INFO - Batch 160/2278: Loss=2.9264, Cls=1.7381, Reg=0.0000, Con=3.9611
2025-09-13 21:23:54,143 - INFO - Batch 170/2278: Loss=1.9807, Cls=0.7924, Reg=0.0000, Con=3.9611
2025-09-13 21:23:55,184 - INFO - Batch 180/2278: Loss=1.2046, Cls=0.0163, Reg=0.0000, Con=3.9610
2025-09-13 21:23:56,087 - INFO - Batch 190/2278: Loss=2.9123, Cls=1.7241, Reg=0.0000, Con=3.9607
2025-09-13 21:23:56,960 - INFO - Batch 200/2278: Loss=0.1466, Cls=0.1466, Reg=0.0000, Con=0.0000
2025-09-13 21:23:57,860 - INFO - Batch 210/2278: Loss=0.0025, Cls=0.0025, Reg=0.0000, Con=0.0000
2025-09-13 21:23:58,766 - INFO - Batch 220/2278: Loss=0.0015, Cls=0.0015, Reg=0.0000, Con=0.0000
2025-09-13 21:23:59,664 - INFO - Batch 230/2278: Loss=1.1891, Cls=0.0008, Reg=0.0000, Con=3.9610
2025-09-13 21:24:00,547 - INFO - Batch 240/2278: Loss=1.1890, Cls=0.0008, Reg=0.0000, Con=3.9608
2025-09-13 21:24:01,454 - INFO - Batch 250/2278: Loss=0.0014, Cls=0.0014, Reg=0.0000, Con=0.0000
2025-09-13 21:24:02,335 - INFO - Batch 260/2278: Loss=0.0240, Cls=0.0240, Reg=0.0000, Con=0.0000
2025-09-13 21:24:03,235 - INFO - Batch 270/2278: Loss=0.0000, Cls=0.0000, Reg=0.0000, Con=0.0000
2025-09-13 21:24:04,105 - INFO - Batch 280/2278: Loss=1.1896, Cls=0.0013, Reg=0.0000, Con=3.9611
2025-09-13 21:24:05,007 - INFO - Batch 290/2278: Loss=0.0265, Cls=0.0265, Reg=0.0000, Con=0.0000
2025-09-13 21:24:05,897 - INFO - Batch 300/2278: Loss=1.1890, Cls=0.0007, Reg=0.0000, Con=3.9609
2025-09-13 21:24:06,788 - INFO - Batch 310/2278: Loss=1.2013, Cls=0.0130, Reg=0.0000, Con=3.9612
2025-09-13 21:24:07,652 - INFO - Batch 320/2278: Loss=0.0026, Cls=0.0026, Reg=0.0000, Con=0.0000
2025-09-13 21:24:08,576 - INFO - Batch 330/2278: Loss=1.1947, Cls=0.0065, Reg=0.0000, Con=3.9609
2025-09-13 21:24:09,456 - INFO - Batch 340/2278: Loss=1.1883, Cls=0.0000, Reg=0.0000, Con=3.9610
2025-09-13 21:24:10,439 - INFO - Batch 350/2278: Loss=1.7929, Cls=0.6045, Reg=0.0000, Con=3.9611
2025-09-13 21:24:11,417 - INFO - Batch 360/2278: Loss=1.1882, Cls=0.0000, Reg=0.0000, Con=3.9607
2025-09-13 21:24:12,307 - INFO - Batch 370/2278: Loss=1.1935, Cls=0.0053, Reg=0.0000, Con=3.9609
2025-09-13 21:24:13,173 - INFO - Batch 380/2278: Loss=1.1901, Cls=0.0019, Reg=0.0000, Con=3.9607
2025-09-13 21:24:14,055 - INFO - Batch 390/2278: Loss=1.1882, Cls=0.0000, Reg=0.0000, Con=3.9607
2025-09-13 21:24:14,965 - INFO - Batch 400/2278: Loss=0.0155, Cls=0.0155, Reg=0.0000, Con=0.0000
2025-09-13 21:24:15,877 - INFO - Batch 410/2278: Loss=0.0184, Cls=0.0184, Reg=0.0000, Con=0.0000
2025-09-13 21:24:16,782 - INFO - Batch 420/2278: Loss=2.1059, Cls=2.1059, Reg=0.0000, Con=0.0000
2025-09-13 21:24:17,672 - INFO - Batch 430/2278: Loss=1.1892, Cls=0.0010, Reg=0.0000, Con=3.9607
2025-09-13 21:24:18,575 - INFO - Batch 440/2278: Loss=1.1963, Cls=0.0080, Reg=0.0000, Con=3.9608
2025-09-13 21:24:19,477 - INFO - Batch 450/2278: Loss=1.1905, Cls=0.0023, Reg=0.0000, Con=3.9607
2025-09-13 21:24:20,380 - INFO - Batch 460/2278: Loss=1.2584, Cls=0.0702, Reg=0.0000, Con=3.9607
2025-09-13 21:24:21,334 - INFO - Batch 470/2278: Loss=1.1884, Cls=0.0001, Reg=0.0000, Con=3.9611
2025-09-13 21:24:22,219 - INFO - Batch 480/2278: Loss=1.1893, Cls=0.0011, Reg=0.0000, Con=3.9607
2025-09-13 21:24:23,113 - INFO - Batch 490/2278: Loss=0.0000, Cls=0.0000, Reg=0.0000, Con=0.0000
2025-09-13 21:24:24,011 - INFO - Batch 500/2278: Loss=0.0000, Cls=0.0000, Reg=0.0000, Con=0.0000
2025-09-13 21:24:24,890 - INFO - Batch 510/2278: Loss=1.1883, Cls=0.0000, Reg=0.0000, Con=3.9609
2025-09-13 21:24:25,771 - INFO - Batch 520/2278: Loss=1.1886, Cls=0.0004, Reg=0.0000, Con=3.9608
2025-09-13 21:24:26,654 - INFO - Batch 530/2278: Loss=1.1887, Cls=0.0004, Reg=0.0000, Con=3.9608
2025-09-13 21:24:27,579 - INFO - Batch 540/2278: Loss=1.1934, Cls=0.0051, Reg=0.0000, Con=3.9610
2025-09-13 21:24:28,479 - INFO - Batch 550/2278: Loss=1.1882, Cls=0.0000, Reg=0.0000, Con=3.9607
2025-09-13 21:24:29,388 - INFO - Batch 560/2278: Loss=1.1883, Cls=0.0000, Reg=0.0000, Con=3.9609
2025-09-13 21:24:30,284 - INFO - Batch 570/2278: Loss=1.1967, Cls=0.0084, Reg=0.0000, Con=3.9608
2025-09-13 21:24:31,160 - INFO - Batch 580/2278: Loss=0.0012, Cls=0.0012, Reg=0.0000, Con=0.0000
2025-09-13 21:24:32,023 - INFO - Batch 590/2278: Loss=0.0030, Cls=0.0030, Reg=0.0000, Con=0.0000
2025-09-13 21:24:32,919 - INFO - Batch 600/2278: Loss=1.1886, Cls=0.0003, Reg=0.0000, Con=3.9609
2025-09-13 21:24:33,836 - INFO - Batch 610/2278: Loss=1.1951, Cls=0.0068, Reg=0.0000, Con=3.9609
2025-09-13 21:24:34,703 - INFO - Batch 620/2278: Loss=1.1971, Cls=0.0088, Reg=0.0000, Con=3.9608
2025-09-13 21:24:35,605 - INFO - Batch 630/2278: Loss=0.0006, Cls=0.0006, Reg=0.0000, Con=0.0000
2025-09-13 21:24:36,514 - INFO - Batch 640/2278: Loss=1.2877, Cls=0.0994, Reg=0.0000, Con=3.9608
2025-09-13 21:24:37,387 - INFO - Batch 650/2278: Loss=1.1900, Cls=0.0016, Reg=0.0000, Con=3.9613
2025-09-13 21:24:38,257 - INFO - Batch 660/2278: Loss=1.1884, Cls=0.0002, Reg=0.0000, Con=3.9608
2025-09-13 21:24:39,164 - INFO - Batch 670/2278: Loss=1.1909, Cls=0.0026, Reg=0.0000, Con=3.9608
2025-09-13 21:24:40,040 - INFO - Batch 680/2278: Loss=1.1921, Cls=0.0039, Reg=0.0000, Con=3.9608
2025-09-13 21:24:40,917 - INFO - Batch 690/2278: Loss=0.0096, Cls=0.0096, Reg=0.0000, Con=0.0000
2025-09-13 21:24:41,887 - INFO - Batch 700/2278: Loss=0.0007, Cls=0.0007, Reg=0.0000, Con=0.0000
2025-09-13 21:24:42,773 - INFO - Batch 710/2278: Loss=1.1882, Cls=0.0000, Reg=0.0000, Con=3.9607
2025-09-13 21:24:43,657 - INFO - Batch 720/2278: Loss=1.1885, Cls=0.0002, Reg=0.0000, Con=3.9609
2025-09-13 21:24:44,529 - INFO - Batch 730/2278: Loss=1.1888, Cls=0.0004, Reg=0.0000, Con=3.9613
2025-09-13 21:24:45,422 - INFO - Batch 740/2278: Loss=1.2003, Cls=0.0120, Reg=0.0000, Con=3.9610
2025-09-13 21:24:46,338 - INFO - Batch 750/2278: Loss=1.2012, Cls=0.0129, Reg=0.0000, Con=3.9609
2025-09-13 21:24:47,209 - INFO - Batch 760/2278: Loss=1.2058, Cls=0.0176, Reg=0.0000, Con=3.9608
2025-09-13 21:24:48,121 - INFO - Batch 770/2278: Loss=1.1889, Cls=0.0006, Reg=0.0000, Con=3.9610
2025-09-13 21:24:49,012 - INFO - Batch 780/2278: Loss=1.1898, Cls=0.0015, Reg=0.0000, Con=3.9608
2025-09-13 21:24:49,910 - INFO - Batch 790/2278: Loss=0.0009, Cls=0.0009, Reg=0.0000, Con=0.0000
2025-09-13 21:24:50,815 - INFO - Batch 800/2278: Loss=1.1885, Cls=0.0002, Reg=0.0000, Con=3.9612
2025-09-13 21:24:51,722 - INFO - Batch 810/2278: Loss=1.1887, Cls=0.0004, Reg=0.0000, Con=3.9612
2025-09-13 21:24:52,620 - INFO - Batch 820/2278: Loss=1.1883, Cls=0.0000, Reg=0.0000, Con=3.9609
2025-09-13 21:24:53,515 - INFO - Batch 830/2278: Loss=1.1889, Cls=0.0006, Reg=0.0000, Con=3.9609
2025-09-13 21:24:54,409 - INFO - Batch 840/2278: Loss=1.1908, Cls=0.0026, Reg=0.0000, Con=3.9608
2025-09-13 21:24:55,309 - INFO - Batch 850/2278: Loss=0.0119, Cls=0.0119, Reg=0.0000, Con=0.0000
2025-09-13 21:24:56,197 - INFO - Batch 860/2278: Loss=1.1885, Cls=0.0003, Reg=0.0000, Con=3.9607
2025-09-13 21:24:57,107 - INFO - Batch 870/2278: Loss=0.0007, Cls=0.0007, Reg=0.0000, Con=0.0000
2025-09-13 21:24:58,006 - INFO - Batch 880/2278: Loss=1.8697, Cls=1.8697, Reg=0.0000, Con=0.0000
2025-09-13 21:24:58,911 - INFO - Batch 890/2278: Loss=0.0027, Cls=0.0027, Reg=0.0000, Con=0.0000
2025-09-13 21:24:59,851 - INFO - Batch 900/2278: Loss=1.2077, Cls=0.0195, Reg=0.0000, Con=3.9609
2025-09-13 21:25:00,740 - INFO - Batch 910/2278: Loss=1.1953, Cls=0.0070, Reg=0.0000, Con=3.9609
2025-09-13 21:25:01,623 - INFO - Batch 920/2278: Loss=1.1885, Cls=0.0002, Reg=0.0000, Con=3.9610
2025-09-13 21:25:02,507 - INFO - Batch 930/2278: Loss=1.1969, Cls=0.0086, Reg=0.0000, Con=3.9608
2025-09-13 21:25:03,374 - INFO - Batch 940/2278: Loss=1.1884, Cls=0.0001, Reg=0.0000, Con=3.9609
2025-09-13 21:25:04,253 - INFO - Batch 950/2278: Loss=1.1883, Cls=0.0000, Reg=0.0000, Con=3.9611
2025-09-13 21:25:05,116 - INFO - Batch 960/2278: Loss=1.1889, Cls=0.0006, Reg=0.0000, Con=3.9609
2025-09-13 21:25:06,010 - INFO - Batch 970/2278: Loss=1.1916, Cls=0.0033, Reg=0.0000, Con=3.9612
2025-09-13 21:25:06,900 - INFO - Batch 980/2278: Loss=0.0036, Cls=0.0036, Reg=0.0000, Con=0.0000
2025-09-13 21:25:07,768 - INFO - Batch 990/2278: Loss=0.0000, Cls=0.0000, Reg=0.0000, Con=0.0000
2025-09-13 21:25:08,646 - INFO - Batch 1000/2278: Loss=2.2037, Cls=1.0154, Reg=0.0000, Con=3.9609
2025-09-13 21:25:09,530 - INFO - Batch 1010/2278: Loss=1.2292, Cls=0.0410, Reg=0.0000, Con=3.9608
2025-09-13 21:25:10,417 - INFO - Batch 1020/2278: Loss=0.0193, Cls=0.0193, Reg=0.0000, Con=0.0000
2025-09-13 21:25:11,289 - INFO - Batch 1030/2278: Loss=1.1898, Cls=0.0015, Reg=0.0000, Con=3.9610
2025-09-13 21:25:12,167 - INFO - Batch 1040/2278: Loss=1.2006, Cls=0.0124, Reg=0.0000, Con=3.9607
2025-09-13 21:25:13,058 - INFO - Batch 1050/2278: Loss=1.1884, Cls=0.0001, Reg=0.0000, Con=3.9609
2025-09-13 21:25:13,913 - INFO - Batch 1060/2278: Loss=1.1914, Cls=0.0032, Reg=0.0000, Con=3.9608
2025-09-13 21:25:14,808 - INFO - Batch 1070/2278: Loss=1.1887, Cls=0.0005, Reg=0.0000, Con=3.9608
2025-09-13 21:25:15,703 - INFO - Batch 1080/2278: Loss=0.0042, Cls=0.0042, Reg=0.0000, Con=0.0000
2025-09-13 21:25:16,598 - INFO - Batch 1090/2278: Loss=1.2173, Cls=0.0290, Reg=0.0000, Con=3.9609
2025-09-13 21:25:17,468 - INFO - Batch 1100/2278: Loss=0.3031, Cls=0.3031, Reg=0.0000, Con=0.0000
2025-09-13 21:25:18,355 - INFO - Batch 1110/2278: Loss=1.1891, Cls=0.0009, Reg=0.0000, Con=3.9608
2025-09-13 21:25:19,224 - INFO - Batch 1120/2278: Loss=0.2310, Cls=0.2310, Reg=0.0000, Con=0.0000
2025-09-13 21:25:20,116 - INFO - Batch 1130/2278: Loss=1.1905, Cls=0.0023, Reg=0.0000, Con=3.9608
2025-09-13 21:25:20,980 - INFO - Batch 1140/2278: Loss=1.1903, Cls=0.0021, Reg=0.0000, Con=3.9608
2025-09-13 21:25:21,866 - INFO - Batch 1150/2278: Loss=3.3664, Cls=2.1780, Reg=0.0000, Con=3.9611
2025-09-13 21:25:22,789 - INFO - Batch 1160/2278: Loss=1.1890, Cls=0.0008, Reg=0.0000, Con=3.9609
2025-09-13 21:25:23,675 - INFO - Batch 1170/2278: Loss=0.0049, Cls=0.0049, Reg=0.0000, Con=0.0000
2025-09-13 21:25:24,572 - INFO - Batch 1180/2278: Loss=1.1883, Cls=0.0000, Reg=0.0000, Con=3.9609
2025-09-13 21:25:25,477 - INFO - Batch 1190/2278: Loss=1.1917, Cls=0.0034, Reg=0.0000, Con=3.9609
2025-09-13 21:25:26,380 - INFO - Batch 1200/2278: Loss=0.0013, Cls=0.0013, Reg=0.0000, Con=0.0000
2025-09-13 21:25:27,272 - INFO - Batch 1210/2278: Loss=1.1908, Cls=0.0025, Reg=0.0000, Con=3.9610
2025-09-13 21:25:28,136 - INFO - Batch 1220/2278: Loss=0.0034, Cls=0.0034, Reg=0.0000, Con=0.0000
2025-09-13 21:25:29,007 - INFO - Batch 1230/2278: Loss=1.1883, Cls=0.0000, Reg=0.0000, Con=3.9609
2025-09-13 21:25:29,914 - INFO - Batch 1240/2278: Loss=1.1883, Cls=0.0000, Reg=0.0000, Con=3.9609
2025-09-13 21:25:30,801 - INFO - Batch 1250/2278: Loss=0.0000, Cls=0.0000, Reg=0.0000, Con=0.0000
2025-09-13 21:25:31,683 - INFO - Batch 1260/2278: Loss=2.0137, Cls=0.8254, Reg=0.0000, Con=3.9608
2025-09-13 21:25:32,552 - INFO - Batch 1270/2278: Loss=1.1886, Cls=0.0003, Reg=0.0000, Con=3.9609
2025-09-13 21:25:33,466 - INFO - Batch 1280/2278: Loss=0.0020, Cls=0.0020, Reg=0.0000, Con=0.0000
2025-09-13 21:25:34,354 - INFO - Batch 1290/2278: Loss=0.0080, Cls=0.0080, Reg=0.0000, Con=0.0000
2025-09-13 21:25:35,246 - INFO - Batch 1300/2278: Loss=1.1894, Cls=0.0011, Reg=0.0000, Con=3.9610
2025-09-13 21:25:36,143 - INFO - Batch 1310/2278: Loss=2.4162, Cls=1.2279, Reg=0.0000, Con=3.9611
2025-09-13 21:25:37,027 - INFO - Batch 1320/2278: Loss=0.0006, Cls=0.0006, Reg=0.0000, Con=0.0000
2025-09-13 21:25:37,911 - INFO - Batch 1330/2278: Loss=1.1898, Cls=0.0014, Reg=0.0000, Con=3.9613
2025-09-13 21:25:38,785 - INFO - Batch 1340/2278: Loss=1.1887, Cls=0.0004, Reg=0.0000, Con=3.9608
2025-09-13 21:25:39,666 - INFO - Batch 1350/2278: Loss=0.0025, Cls=0.0025, Reg=0.0000, Con=0.0000
2025-09-13 21:25:40,546 - INFO - Batch 1360/2278: Loss=1.2160, Cls=0.0277, Reg=0.0000, Con=3.9610
2025-09-13 21:25:41,433 - INFO - Batch 1370/2278: Loss=1.1882, Cls=0.0000, Reg=0.0000, Con=3.9608
2025-09-13 21:25:42,322 - INFO - Batch 1380/2278: Loss=1.2598, Cls=0.0716, Reg=0.0000, Con=3.9608
2025-09-13 21:25:43,203 - INFO - Batch 1390/2278: Loss=1.1909, Cls=0.0026, Reg=0.0000, Con=3.9608
2025-09-13 21:25:44,096 - INFO - Batch 1400/2278: Loss=1.1893, Cls=0.0010, Reg=0.0000, Con=3.9609
2025-09-13 21:25:45,004 - INFO - Batch 1410/2278: Loss=1.2012, Cls=0.0128, Reg=0.0000, Con=3.9612
2025-09-13 21:25:45,880 - INFO - Batch 1420/2278: Loss=0.0765, Cls=0.0765, Reg=0.0000, Con=0.0000
2025-09-13 21:25:46,800 - INFO - Batch 1430/2278: Loss=2.7641, Cls=1.5758, Reg=0.0000, Con=3.9609
2025-09-13 21:25:47,745 - INFO - Batch 1440/2278: Loss=1.1883, Cls=0.0000, Reg=0.0000, Con=3.9609
2025-09-13 21:25:48,613 - INFO - Batch 1450/2278: Loss=1.1945, Cls=0.0063, Reg=0.0000, Con=3.9608
2025-09-13 21:25:49,500 - INFO - Batch 1460/2278: Loss=0.0022, Cls=0.0022, Reg=0.0000, Con=0.0000
2025-09-13 21:25:50,432 - INFO - Batch 1470/2278: Loss=1.1890, Cls=0.0007, Reg=0.0000, Con=3.9609
2025-09-13 21:25:51,335 - INFO - Batch 1480/2278: Loss=1.2028, Cls=0.0146, Reg=0.0000, Con=3.9607
2025-09-13 21:25:52,226 - INFO - Batch 1490/2278: Loss=1.1921, Cls=0.0038, Reg=0.0000, Con=3.9609
2025-09-13 21:25:53,101 - INFO - Batch 1500/2278: Loss=1.1887, Cls=0.0004, Reg=0.0000, Con=3.9609
2025-09-13 21:25:53,992 - INFO - Batch 1510/2278: Loss=0.0000, Cls=0.0000, Reg=0.0000, Con=0.0000
2025-09-13 21:25:54,891 - INFO - Batch 1520/2278: Loss=1.1940, Cls=0.0058, Reg=0.0000, Con=3.9608
2025-09-13 21:25:55,754 - INFO - Batch 1530/2278: Loss=1.1969, Cls=0.0087, Reg=0.0000, Con=3.9608
2025-09-13 21:25:56,630 - INFO - Batch 1540/2278: Loss=1.1891, Cls=0.0009, Reg=0.0000, Con=3.9609
2025-09-13 21:25:57,523 - INFO - Batch 1550/2278: Loss=1.1883, Cls=0.0000, Reg=0.0000, Con=3.9610
2025-09-13 21:25:58,419 - INFO - Batch 1560/2278: Loss=1.6609, Cls=0.4727, Reg=0.0000, Con=3.9609
2025-09-13 21:25:59,317 - INFO - Batch 1570/2278: Loss=1.1925, Cls=0.0043, Reg=0.0000, Con=3.9608
2025-09-13 21:26:00,225 - INFO - Batch 1580/2278: Loss=1.1927, Cls=0.0044, Reg=0.0000, Con=3.9608
2025-09-13 21:26:01,103 - INFO - Batch 1590/2278: Loss=1.2017, Cls=0.0135, Reg=0.0000, Con=3.9609
2025-09-13 21:26:01,965 - INFO - Batch 1600/2278: Loss=1.1883, Cls=0.0000, Reg=0.0000, Con=3.9608
2025-09-13 21:26:02,840 - INFO - Batch 1610/2278: Loss=0.1871, Cls=0.1871, Reg=0.0000, Con=0.0000
2025-09-13 21:26:03,734 - INFO - Batch 1620/2278: Loss=0.0017, Cls=0.0017, Reg=0.0000, Con=0.0000
2025-09-13 21:26:04,633 - INFO - Batch 1630/2278: Loss=1.1882, Cls=0.0000, Reg=0.0000, Con=3.9608
2025-09-13 21:26:05,528 - INFO - Batch 1640/2278: Loss=0.0018, Cls=0.0018, Reg=0.0000, Con=0.0000
2025-09-13 21:26:06,426 - INFO - Batch 1650/2278: Loss=0.0014, Cls=0.0014, Reg=0.0000, Con=0.0000
2025-09-13 21:26:07,316 - INFO - Batch 1660/2278: Loss=1.4883, Cls=1.4883, Reg=0.0000, Con=0.0000
2025-09-13 21:26:08,170 - INFO - Batch 1670/2278: Loss=1.1884, Cls=0.0000, Reg=0.0000, Con=3.9612
2025-09-13 21:26:09,045 - INFO - Batch 1680/2278: Loss=0.0021, Cls=0.0021, Reg=0.0000, Con=0.0000
2025-09-13 21:26:09,927 - INFO - Batch 1690/2278: Loss=1.1907, Cls=0.0023, Reg=0.0000, Con=3.9612
2025-09-13 21:26:10,794 - INFO - Batch 1700/2278: Loss=1.1885, Cls=0.0002, Reg=0.0000, Con=3.9612
2025-09-13 21:26:11,675 - INFO - Batch 1710/2278: Loss=2.1664, Cls=2.1664, Reg=0.0000, Con=0.0000
2025-09-13 21:26:12,549 - INFO - Batch 1720/2278: Loss=1.1885, Cls=0.0003, Reg=0.0000, Con=3.9608
2025-09-13 21:26:13,434 - INFO - Batch 1730/2278: Loss=0.0005, Cls=0.0005, Reg=0.0000, Con=0.0000
2025-09-13 21:26:14,345 - INFO - Batch 1740/2278: Loss=0.0000, Cls=0.0000, Reg=0.0000, Con=0.0000
2025-09-13 21:26:15,228 - INFO - Batch 1750/2278: Loss=1.1883, Cls=0.0000, Reg=0.0000, Con=3.9609
2025-09-13 21:26:16,116 - INFO - Batch 1760/2278: Loss=1.1889, Cls=0.0007, Reg=0.0000, Con=3.9609
2025-09-13 21:26:17,001 - INFO - Batch 1770/2278: Loss=4.6659, Cls=3.4777, Reg=0.0000, Con=3.9608
2025-09-13 21:26:17,875 - INFO - Batch 1780/2278: Loss=1.1885, Cls=0.0002, Reg=0.0000, Con=3.9608
2025-09-13 21:26:18,727 - INFO - Batch 1790/2278: Loss=0.0086, Cls=0.0086, Reg=0.0000, Con=0.0000
2025-09-13 21:26:19,606 - INFO - Batch 1800/2278: Loss=0.0013, Cls=0.0013, Reg=0.0000, Con=0.0000
2025-09-13 21:26:20,503 - INFO - Batch 1810/2278: Loss=0.0051, Cls=0.0051, Reg=0.0000, Con=0.0000
2025-09-13 21:26:21,376 - INFO - Batch 1820/2278: Loss=1.1913, Cls=0.0030, Reg=0.0000, Con=3.9611
2025-09-13 21:26:22,259 - INFO - Batch 1830/2278: Loss=0.0172, Cls=0.0172, Reg=0.0000, Con=0.0000
2025-09-13 21:26:23,153 - INFO - Batch 1840/2278: Loss=0.0323, Cls=0.0323, Reg=0.0000, Con=0.0000
2025-09-13 21:26:24,064 - INFO - Batch 1850/2278: Loss=1.2459, Cls=0.0577, Reg=0.0000, Con=3.9608
2025-09-13 21:26:24,945 - INFO - Batch 1860/2278: Loss=0.0015, Cls=0.0015, Reg=0.0000, Con=0.0000
2025-09-13 21:26:25,802 - INFO - Batch 1870/2278: Loss=1.1883, Cls=0.0000, Reg=0.0000, Con=3.9608
2025-09-13 21:26:26,698 - INFO - Batch 1880/2278: Loss=0.0000, Cls=0.0000, Reg=0.0000, Con=0.0000
2025-09-13 21:26:27,599 - INFO - Batch 1890/2278: Loss=1.1885, Cls=0.0002, Reg=0.0000, Con=3.9609
2025-09-13 21:26:28,466 - INFO - Batch 1900/2278: Loss=0.0108, Cls=0.0108, Reg=0.0000, Con=0.0000
2025-09-13 21:26:29,329 - INFO - Batch 1910/2278: Loss=0.0008, Cls=0.0008, Reg=0.0000, Con=0.0000
2025-09-13 21:26:30,233 - INFO - Batch 1920/2278: Loss=1.1933, Cls=0.0051, Reg=0.0000, Con=3.9607
2025-09-13 21:26:31,150 - INFO - Batch 1930/2278: Loss=1.1885, Cls=0.0003, Reg=0.0000, Con=3.9607
2025-09-13 21:26:32,025 - INFO - Batch 1940/2278: Loss=2.8440, Cls=1.6558, Reg=0.0000, Con=3.9608
2025-09-13 21:26:32,870 - INFO - Batch 1950/2278: Loss=1.1883, Cls=0.0000, Reg=0.0000, Con=3.9608
2025-09-13 21:26:33,767 - INFO - Batch 1960/2278: Loss=1.1911, Cls=0.0029, Reg=0.0000, Con=3.9609
2025-09-13 21:26:34,631 - INFO - Batch 1970/2278: Loss=1.1883, Cls=0.0000, Reg=0.0000, Con=3.9611
2025-09-13 21:26:35,517 - INFO - Batch 1980/2278: Loss=1.1914, Cls=0.0032, Reg=0.0000, Con=3.9608
2025-09-13 21:26:36,422 - INFO - Batch 1990/2278: Loss=1.2072, Cls=0.0187, Reg=0.0000, Con=3.9615
2025-09-13 21:26:37,304 - INFO - Batch 2000/2278: Loss=5.1123, Cls=3.9241, Reg=0.0000, Con=3.9608
2025-09-13 21:26:38,182 - INFO - Batch 2010/2278: Loss=4.1610, Cls=2.9727, Reg=0.0000, Con=3.9608
2025-09-13 21:26:39,063 - INFO - Batch 2020/2278: Loss=1.5996, Cls=0.4114, Reg=0.0000, Con=3.9608
2025-09-13 21:26:39,938 - INFO - Batch 2030/2278: Loss=1.1885, Cls=0.0003, Reg=0.0000, Con=3.9607
2025-09-13 21:26:40,820 - INFO - Batch 2040/2278: Loss=1.1899, Cls=0.0017, Reg=0.0000, Con=3.9609
2025-09-13 21:26:41,704 - INFO - Batch 2050/2278: Loss=1.1903, Cls=0.0021, Reg=0.0000, Con=3.9608
2025-09-13 21:26:42,560 - INFO - Batch 2060/2278: Loss=0.0080, Cls=0.0080, Reg=0.0000, Con=0.0000
2025-09-13 21:26:43,429 - INFO - Batch 2070/2278: Loss=1.1891, Cls=0.0008, Reg=0.0000, Con=3.9611
2025-09-13 21:26:44,302 - INFO - Batch 2080/2278: Loss=1.1905, Cls=0.0022, Reg=0.0000, Con=3.9610
2025-09-13 21:26:45,180 - INFO - Batch 2090/2278: Loss=1.1947, Cls=0.0063, Reg=0.0000, Con=3.9612
2025-09-13 21:26:46,059 - INFO - Batch 2100/2278: Loss=1.2011, Cls=0.0127, Reg=0.0000, Con=3.9611
2025-09-13 21:26:46,945 - INFO - Batch 2110/2278: Loss=1.1902, Cls=0.0019, Reg=0.0000, Con=3.9609
2025-09-13 21:26:47,840 - INFO - Batch 2120/2278: Loss=0.0025, Cls=0.0025, Reg=0.0000, Con=0.0000
2025-09-13 21:26:48,733 - INFO - Batch 2130/2278: Loss=1.1898, Cls=0.0017, Reg=0.0000, Con=3.9606
2025-09-13 21:26:49,633 - INFO - Batch 2140/2278: Loss=1.1895, Cls=0.0012, Reg=0.0000, Con=3.9608
2025-09-13 21:26:50,499 - INFO - Batch 2150/2278: Loss=2.2046, Cls=1.0164, Reg=0.0000, Con=3.9608
2025-09-13 21:26:51,381 - INFO - Batch 2160/2278: Loss=1.1961, Cls=0.0079, Reg=0.0000, Con=3.9608
2025-09-13 21:26:52,250 - INFO - Batch 2170/2278: Loss=1.1901, Cls=0.0018, Reg=0.0000, Con=3.9609
2025-09-13 21:26:53,113 - INFO - Batch 2180/2278: Loss=0.9704, Cls=0.9704, Reg=0.0000, Con=0.0000
2025-09-13 21:26:54,001 - INFO - Batch 2190/2278: Loss=7.0208, Cls=7.0208, Reg=0.0000, Con=0.0000
2025-09-13 21:26:54,897 - INFO - Batch 2200/2278: Loss=1.1987, Cls=0.0106, Reg=0.0000, Con=3.9605
2025-09-13 21:26:55,791 - INFO - Batch 2210/2278: Loss=1.2324, Cls=0.0441, Reg=0.0000, Con=3.9609
2025-09-13 21:26:56,658 - INFO - Batch 2220/2278: Loss=1.2010, Cls=0.0127, Reg=0.0000, Con=3.9610
2025-09-13 21:26:57,521 - INFO - Batch 2230/2278: Loss=0.0168, Cls=0.0168, Reg=0.0000, Con=0.0000
2025-09-13 21:26:58,410 - INFO - Batch 2240/2278: Loss=0.0029, Cls=0.0029, Reg=0.0000, Con=0.0000
2025-09-13 21:26:59,259 - INFO - Batch 2250/2278: Loss=4.3243, Cls=3.1360, Reg=0.0000, Con=3.9609
2025-09-13 21:27:00,163 - INFO - Batch 2260/2278: Loss=1.1892, Cls=0.0009, Reg=0.0000, Con=3.9608
2025-09-13 21:27:01,061 - INFO - Batch 2270/2278: Loss=0.0008, Cls=0.0008, Reg=0.0000, Con=0.0000
2025-09-13 21:30:29,274 - INFO - === Epoch 1 Results ===
2025-09-13 21:30:29,274 - INFO - Training Loss: 0.9623 (Classification: 0.1950, Regression: 0.0000)
2025-09-13 21:30:29,274 - INFO - Validation Loss: 0.0669 (Classification: 0.0669, Regression: 0.0000)
2025-09-13 21:30:29,274 - INFO - Average Classification Accuracy: 0.9508 (on 1/26 tasks)
2025-09-13 21:30:29,274 - INFO - Average AUC: 0.7883
2025-09-13 21:30:29,805 - INFO - Best model saved to: experiments/r1c3_single_cls_23_seed_42_20250913_212335/checkpoints/r1c3_single_cls_23_seed_42_best.pth
2025-09-13 21:30:29,806 - INFO - 
Epoch 2/3
2025-09-13 21:30:29,903 - INFO - Batch 0/2278: Loss=0.0051, Cls=0.0051, Reg=0.0000, Con=0.0000
2025-09-13 21:30:30,831 - INFO - Batch 10/2278: Loss=1.1887, Cls=0.0005, Reg=0.0000, Con=3.9604
2025-09-13 21:30:31,769 - INFO - Batch 20/2278: Loss=1.1891, Cls=0.0008, Reg=0.0000, Con=3.9610
2025-09-13 21:30:32,718 - INFO - Batch 30/2278: Loss=1.1888, Cls=0.0006, Reg=0.0000, Con=3.9608
2025-09-13 21:30:33,656 - INFO - Batch 40/2278: Loss=1.1884, Cls=0.0002, Reg=0.0000, Con=3.9608
2025-09-13 21:30:34,615 - INFO - Batch 50/2278: Loss=0.0300, Cls=0.0300, Reg=0.0000, Con=0.0000
2025-09-13 21:30:35,552 - INFO - Batch 60/2278: Loss=0.0059, Cls=0.0059, Reg=0.0000, Con=0.0000
2025-09-13 21:30:36,529 - INFO - Batch 70/2278: Loss=1.1884, Cls=0.0002, Reg=0.0000, Con=3.9607
2025-09-13 21:30:37,503 - INFO - Batch 80/2278: Loss=1.1964, Cls=0.0081, Reg=0.0000, Con=3.9609
2025-09-13 21:30:38,393 - INFO - Batch 90/2278: Loss=0.0031, Cls=0.0031, Reg=0.0000, Con=0.0000
2025-09-13 21:30:39,315 - INFO - Batch 100/2278: Loss=1.1888, Cls=0.0006, Reg=0.0000, Con=3.9609
2025-09-13 21:30:40,215 - INFO - Batch 110/2278: Loss=1.1883, Cls=0.0001, Reg=0.0000, Con=3.9609
2025-09-13 21:30:41,113 - INFO - Batch 120/2278: Loss=0.0102, Cls=0.0102, Reg=0.0000, Con=0.0000
2025-09-13 21:30:42,008 - INFO - Batch 130/2278: Loss=1.1883, Cls=0.0000, Reg=0.0000, Con=3.9607
2025-09-13 21:30:42,897 - INFO - Batch 140/2278: Loss=2.8519, Cls=1.6637, Reg=0.0000, Con=3.9609
2025-09-13 21:30:43,816 - INFO - Batch 150/2278: Loss=2.0567, Cls=0.8684, Reg=0.0000, Con=3.9611
2025-09-13 21:30:44,711 - INFO - Batch 160/2278: Loss=1.1892, Cls=0.0009, Reg=0.0000, Con=3.9609
2025-09-13 21:30:45,593 - INFO - Batch 170/2278: Loss=0.0000, Cls=0.0000, Reg=0.0000, Con=0.0000
2025-09-13 21:30:46,503 - INFO - Batch 180/2278: Loss=1.1970, Cls=0.0087, Reg=0.0000, Con=3.9609
2025-09-13 21:30:47,430 - INFO - Batch 190/2278: Loss=0.0063, Cls=0.0063, Reg=0.0000, Con=0.0000
2025-09-13 21:30:48,359 - INFO - Batch 200/2278: Loss=1.2030, Cls=0.0148, Reg=0.0000, Con=3.9608
2025-09-13 21:30:49,272 - INFO - Batch 210/2278: Loss=1.9214, Cls=0.7332, Reg=0.0000, Con=3.9609
2025-09-13 21:30:50,196 - INFO - Batch 220/2278: Loss=0.0073, Cls=0.0073, Reg=0.0000, Con=0.0000
2025-09-13 21:30:51,114 - INFO - Batch 230/2278: Loss=0.0009, Cls=0.0009, Reg=0.0000, Con=0.0000
2025-09-13 21:30:52,019 - INFO - Batch 240/2278: Loss=1.2984, Cls=1.2984, Reg=0.0000, Con=0.0000
2025-09-13 21:30:52,930 - INFO - Batch 250/2278: Loss=0.0022, Cls=0.0022, Reg=0.0000, Con=0.0000
2025-09-13 21:30:53,847 - INFO - Batch 260/2278: Loss=0.1157, Cls=0.1157, Reg=0.0000, Con=0.0000
2025-09-13 21:30:54,759 - INFO - Batch 270/2278: Loss=1.1883, Cls=0.0000, Reg=0.0000, Con=3.9608
2025-09-13 21:30:55,670 - INFO - Batch 280/2278: Loss=2.8299, Cls=1.6416, Reg=0.0000, Con=3.9609
2025-09-13 21:30:56,567 - INFO - Batch 290/2278: Loss=1.1917, Cls=0.0034, Reg=0.0000, Con=3.9609
2025-09-13 21:30:57,557 - INFO - Batch 300/2278: Loss=2.1022, Cls=0.9140, Reg=0.0000, Con=3.9609
2025-09-13 21:30:58,457 - INFO - Batch 310/2278: Loss=1.1908, Cls=0.0026, Reg=0.0000, Con=3.9608
2025-09-13 21:30:59,362 - INFO - Batch 320/2278: Loss=0.0000, Cls=0.0000, Reg=0.0000, Con=0.0000
2025-09-13 21:31:00,269 - INFO - Batch 330/2278: Loss=2.9125, Cls=1.7243, Reg=0.0000, Con=3.9609
2025-09-13 21:31:01,193 - INFO - Batch 340/2278: Loss=1.2003, Cls=0.0120, Reg=0.0000, Con=3.9609
2025-09-13 21:31:02,115 - INFO - Batch 350/2278: Loss=1.1910, Cls=0.0027, Reg=0.0000, Con=3.9609
2025-09-13 21:31:03,005 - INFO - Batch 360/2278: Loss=1.1884, Cls=0.0001, Reg=0.0000, Con=3.9609
2025-09-13 21:31:03,908 - INFO - Batch 370/2278: Loss=1.1936, Cls=0.0054, Reg=0.0000, Con=3.9609
2025-09-13 21:31:04,898 - INFO - Batch 380/2278: Loss=1.1916, Cls=0.0034, Reg=0.0000, Con=3.9608
2025-09-13 21:31:05,905 - INFO - Batch 390/2278: Loss=1.6240, Cls=0.4357, Reg=0.0000, Con=3.9609
2025-09-13 21:31:06,841 - INFO - Batch 400/2278: Loss=0.0000, Cls=0.0000, Reg=0.0000, Con=0.0000
2025-09-13 21:31:07,760 - INFO - Batch 410/2278: Loss=1.1909, Cls=0.0027, Reg=0.0000, Con=3.9608
2025-09-13 21:31:08,682 - INFO - Batch 420/2278: Loss=0.0045, Cls=0.0045, Reg=0.0000, Con=0.0000
2025-09-13 21:31:09,600 - INFO - Batch 430/2278: Loss=0.0109, Cls=0.0109, Reg=0.0000, Con=0.0000
2025-09-13 21:31:10,479 - INFO - Batch 440/2278: Loss=1.2103, Cls=0.0221, Reg=0.0000, Con=3.9608
2025-09-13 21:31:11,369 - INFO - Batch 450/2278: Loss=1.1915, Cls=0.0033, Reg=0.0000, Con=3.9607
2025-09-13 21:31:12,248 - INFO - Batch 460/2278: Loss=0.0042, Cls=0.0042, Reg=0.0000, Con=0.0000
2025-09-13 21:31:13,146 - INFO - Batch 470/2278: Loss=1.6331, Cls=0.4449, Reg=0.0000, Con=3.9608
2025-09-13 21:31:14,041 - INFO - Batch 480/2278: Loss=0.0000, Cls=0.0000, Reg=0.0000, Con=0.0000
2025-09-13 21:31:14,952 - INFO - Batch 490/2278: Loss=1.1892, Cls=0.0010, Reg=0.0000, Con=3.9610
2025-09-13 21:31:15,884 - INFO - Batch 500/2278: Loss=1.1929, Cls=0.0047, Reg=0.0000, Con=3.9607
2025-09-13 21:31:16,841 - INFO - Batch 510/2278: Loss=1.1901, Cls=0.0019, Reg=0.0000, Con=3.9607
2025-09-13 21:31:17,763 - INFO - Batch 520/2278: Loss=1.1890, Cls=0.0008, Reg=0.0000, Con=3.9607
2025-09-13 21:31:18,668 - INFO - Batch 530/2278: Loss=2.7258, Cls=1.5376, Reg=0.0000, Con=3.9608
2025-09-13 21:31:19,535 - INFO - Batch 540/2278: Loss=1.1909, Cls=0.0026, Reg=0.0000, Con=3.9610
2025-09-13 21:31:20,410 - INFO - Batch 550/2278: Loss=1.2124, Cls=0.0242, Reg=0.0000, Con=3.9607
2025-09-13 21:31:21,302 - INFO - Batch 560/2278: Loss=0.0272, Cls=0.0272, Reg=0.0000, Con=0.0000
2025-09-13 21:31:22,194 - INFO - Batch 570/2278: Loss=1.1882, Cls=0.0000, Reg=0.0000, Con=3.9608
2025-09-13 21:31:23,085 - INFO - Batch 580/2278: Loss=1.3615, Cls=1.3615, Reg=0.0000, Con=0.0000
2025-09-13 21:31:23,973 - INFO - Batch 590/2278: Loss=1.1882, Cls=0.0000, Reg=0.0000, Con=3.9608
2025-09-13 21:31:24,865 - INFO - Batch 600/2278: Loss=0.0000, Cls=0.0000, Reg=0.0000, Con=0.0000
2025-09-13 21:31:25,803 - INFO - Batch 610/2278: Loss=1.1926, Cls=0.0043, Reg=0.0000, Con=3.9608
2025-09-13 21:31:26,681 - INFO - Batch 620/2278: Loss=1.1889, Cls=0.0006, Reg=0.0000, Con=3.9608
2025-09-13 21:31:27,551 - INFO - Batch 630/2278: Loss=2.4996, Cls=1.3113, Reg=0.0000, Con=3.9608
2025-09-13 21:31:28,477 - INFO - Batch 640/2278: Loss=0.0069, Cls=0.0069, Reg=0.0000, Con=0.0000
2025-09-13 21:31:29,360 - INFO - Batch 650/2278: Loss=2.1251, Cls=2.1251, Reg=0.0000, Con=0.0000
2025-09-13 21:31:30,240 - INFO - Batch 660/2278: Loss=1.1972, Cls=0.0090, Reg=0.0000, Con=3.9607
2025-09-13 21:31:31,152 - INFO - Batch 670/2278: Loss=1.1951, Cls=0.0068, Reg=0.0000, Con=3.9609
2025-09-13 21:31:32,031 - INFO - Batch 680/2278: Loss=1.2809, Cls=0.0927, Reg=0.0000, Con=3.9608
2025-09-13 21:31:32,905 - INFO - Batch 690/2278: Loss=1.1885, Cls=0.0001, Reg=0.0000, Con=3.9613
2025-09-13 21:31:33,801 - INFO - Batch 700/2278: Loss=0.0074, Cls=0.0074, Reg=0.0000, Con=0.0000
2025-09-13 21:31:34,678 - INFO - Batch 710/2278: Loss=1.2022, Cls=0.0139, Reg=0.0000, Con=3.9610
2025-09-13 21:31:35,557 - INFO - Batch 720/2278: Loss=1.1897, Cls=0.0015, Reg=0.0000, Con=3.9609
2025-09-13 21:31:36,457 - INFO - Batch 730/2278: Loss=1.2723, Cls=0.0839, Reg=0.0000, Con=3.9612
2025-09-13 21:31:37,419 - INFO - Batch 740/2278: Loss=2.7816, Cls=1.5933, Reg=0.0000, Con=3.9610
2025-09-13 21:31:38,312 - INFO - Batch 750/2278: Loss=0.0021, Cls=0.0021, Reg=0.0000, Con=0.0000
2025-09-13 21:31:39,223 - INFO - Batch 760/2278: Loss=0.0060, Cls=0.0060, Reg=0.0000, Con=0.0000
2025-09-13 21:31:40,147 - INFO - Batch 770/2278: Loss=1.1979, Cls=0.0097, Reg=0.0000, Con=3.9608
2025-09-13 21:31:41,043 - INFO - Batch 780/2278: Loss=0.0017, Cls=0.0017, Reg=0.0000, Con=0.0000
2025-09-13 21:31:41,955 - INFO - Batch 790/2278: Loss=1.2082, Cls=0.0199, Reg=0.0000, Con=3.9609
2025-09-13 21:31:42,887 - INFO - Batch 800/2278: Loss=1.2639, Cls=1.2639, Reg=0.0000, Con=0.0000
2025-09-13 21:31:43,762 - INFO - Batch 810/2278: Loss=0.0412, Cls=0.0412, Reg=0.0000, Con=0.0000
2025-09-13 21:31:44,616 - INFO - Batch 820/2278: Loss=1.1889, Cls=0.0006, Reg=0.0000, Con=3.9608
2025-09-13 21:31:45,517 - INFO - Batch 830/2278: Loss=1.1891, Cls=0.0009, Reg=0.0000, Con=3.9607
2025-09-13 21:31:46,407 - INFO - Batch 840/2278: Loss=1.1907, Cls=0.0025, Reg=0.0000, Con=3.9608
2025-09-13 21:31:47,295 - INFO - Batch 850/2278: Loss=0.0031, Cls=0.0031, Reg=0.0000, Con=0.0000
2025-09-13 21:31:48,214 - INFO - Batch 860/2278: Loss=1.1897, Cls=0.0015, Reg=0.0000, Con=3.9608
2025-09-13 21:31:49,105 - INFO - Batch 870/2278: Loss=0.0010, Cls=0.0010, Reg=0.0000, Con=0.0000
2025-09-13 21:31:49,996 - INFO - Batch 880/2278: Loss=0.0015, Cls=0.0015, Reg=0.0000, Con=0.0000
2025-09-13 21:31:50,877 - INFO - Batch 890/2278: Loss=1.7298, Cls=0.5415, Reg=0.0000, Con=3.9609
2025-09-13 21:31:51,798 - INFO - Batch 900/2278: Loss=0.0264, Cls=0.0264, Reg=0.0000, Con=0.0000
2025-09-13 21:31:52,700 - INFO - Batch 910/2278: Loss=0.0065, Cls=0.0065, Reg=0.0000, Con=0.0000
2025-09-13 21:31:53,584 - INFO - Batch 920/2278: Loss=1.1884, Cls=0.0001, Reg=0.0000, Con=3.9611
2025-09-13 21:31:54,488 - INFO - Batch 930/2278: Loss=1.1986, Cls=0.0104, Reg=0.0000, Con=3.9609
2025-09-13 21:31:55,420 - INFO - Batch 940/2278: Loss=0.0023, Cls=0.0023, Reg=0.0000, Con=0.0000
2025-09-13 21:31:56,326 - INFO - Batch 950/2278: Loss=0.2397, Cls=0.2397, Reg=0.0000, Con=0.0000
2025-09-13 21:31:57,261 - INFO - Batch 960/2278: Loss=0.0000, Cls=0.0000, Reg=0.0000, Con=0.0000
2025-09-13 21:31:58,156 - INFO - Batch 970/2278: Loss=0.0101, Cls=0.0101, Reg=0.0000, Con=0.0000
2025-09-13 21:31:59,052 - INFO - Batch 980/2278: Loss=1.2526, Cls=0.0643, Reg=0.0000, Con=3.9609
2025-09-13 21:31:59,941 - INFO - Batch 990/2278: Loss=1.2831, Cls=0.0950, Reg=0.0000, Con=3.9606
2025-09-13 21:32:00,820 - INFO - Batch 1000/2278: Loss=1.1889, Cls=0.0006, Reg=0.0000, Con=3.9609
2025-09-13 21:32:01,696 - INFO - Batch 1010/2278: Loss=1.1883, Cls=0.0000, Reg=0.0000, Con=3.9609
2025-09-13 21:32:02,583 - INFO - Batch 1020/2278: Loss=1.1924, Cls=0.0039, Reg=0.0000, Con=3.9615
2025-09-13 21:32:03,469 - INFO - Batch 1030/2278: Loss=1.1990, Cls=0.0107, Reg=0.0000, Con=3.9608
2025-09-13 21:32:04,369 - INFO - Batch 1040/2278: Loss=1.1882, Cls=0.0000, Reg=0.0000, Con=3.9608
2025-09-13 21:32:05,273 - INFO - Batch 1050/2278: Loss=1.3776, Cls=0.1893, Reg=0.0000, Con=3.9611
2025-09-13 21:32:06,246 - INFO - Batch 1060/2278: Loss=1.1944, Cls=0.0060, Reg=0.0000, Con=3.9612
2025-09-13 21:32:07,132 - INFO - Batch 1070/2278: Loss=1.1890, Cls=0.0007, Reg=0.0000, Con=3.9609
2025-09-13 21:32:08,009 - INFO - Batch 1080/2278: Loss=1.8445, Cls=0.6563, Reg=0.0000, Con=3.9609
2025-09-13 21:32:08,955 - INFO - Batch 1090/2278: Loss=1.1904, Cls=0.0022, Reg=0.0000, Con=3.9608
2025-09-13 21:32:09,837 - INFO - Batch 1100/2278: Loss=1.1884, Cls=0.0001, Reg=0.0000, Con=3.9608
2025-09-13 21:32:10,707 - INFO - Batch 1110/2278: Loss=1.1887, Cls=0.0004, Reg=0.0000, Con=3.9608
2025-09-13 21:32:11,596 - INFO - Batch 1120/2278: Loss=1.3539, Cls=0.1657, Reg=0.0000, Con=3.9608
2025-09-13 21:32:12,473 - INFO - Batch 1130/2278: Loss=0.0000, Cls=0.0000, Reg=0.0000, Con=0.0000
2025-09-13 21:32:13,371 - INFO - Batch 1140/2278: Loss=0.0006, Cls=0.0006, Reg=0.0000, Con=0.0000
2025-09-13 21:32:14,270 - INFO - Batch 1150/2278: Loss=4.2398, Cls=3.0516, Reg=0.0000, Con=3.9609
2025-09-13 21:32:15,138 - INFO - Batch 1160/2278: Loss=1.1882, Cls=0.0000, Reg=0.0000, Con=3.9607
2025-09-13 21:32:16,035 - INFO - Batch 1170/2278: Loss=0.0048, Cls=0.0048, Reg=0.0000, Con=0.0000
2025-09-13 21:32:16,943 - INFO - Batch 1180/2278: Loss=1.1889, Cls=0.0006, Reg=0.0000, Con=3.9609
2025-09-13 21:32:17,846 - INFO - Batch 1190/2278: Loss=1.1984, Cls=0.0101, Reg=0.0000, Con=3.9610
2025-09-13 21:32:18,754 - INFO - Batch 1200/2278: Loss=1.1883, Cls=0.0000, Reg=0.0000, Con=3.9609
2025-09-13 21:32:19,666 - INFO - Batch 1210/2278: Loss=1.1903, Cls=0.0021, Reg=0.0000, Con=3.9608
2025-09-13 21:32:20,576 - INFO - Batch 1220/2278: Loss=0.0275, Cls=0.0275, Reg=0.0000, Con=0.0000
2025-09-13 21:32:21,508 - INFO - Batch 1230/2278: Loss=2.3758, Cls=1.1875, Reg=0.0000, Con=3.9609
2025-09-13 21:32:22,391 - INFO - Batch 1240/2278: Loss=1.1938, Cls=0.0055, Reg=0.0000, Con=3.9609
2025-09-13 21:32:23,292 - INFO - Batch 1250/2278: Loss=0.0004, Cls=0.0004, Reg=0.0000, Con=0.0000
2025-09-13 21:32:24,187 - INFO - Batch 1260/2278: Loss=1.1984, Cls=0.0102, Reg=0.0000, Con=3.9607
2025-09-13 21:32:25,062 - INFO - Batch 1270/2278: Loss=0.0004, Cls=0.0004, Reg=0.0000, Con=0.0000
2025-09-13 21:32:25,985 - INFO - Batch 1280/2278: Loss=2.4495, Cls=1.2613, Reg=0.0000, Con=3.9608
2025-09-13 21:32:26,935 - INFO - Batch 1290/2278: Loss=1.1940, Cls=0.0057, Reg=0.0000, Con=3.9610
2025-09-13 21:32:27,839 - INFO - Batch 1300/2278: Loss=1.1890, Cls=0.0007, Reg=0.0000, Con=3.9610
2025-09-13 21:32:28,738 - INFO - Batch 1310/2278: Loss=0.0000, Cls=0.0000, Reg=0.0000, Con=0.0000
2025-09-13 21:32:29,684 - INFO - Batch 1320/2278: Loss=1.1902, Cls=0.0019, Reg=0.0000, Con=3.9609
2025-09-13 21:32:30,596 - INFO - Batch 1330/2278: Loss=1.1885, Cls=0.0002, Reg=0.0000, Con=3.9609
2025-09-13 21:32:31,517 - INFO - Batch 1340/2278: Loss=0.0003, Cls=0.0003, Reg=0.0000, Con=0.0000
2025-09-13 21:32:32,400 - INFO - Batch 1350/2278: Loss=0.0001, Cls=0.0001, Reg=0.0000, Con=0.0000
2025-09-13 21:32:33,293 - INFO - Batch 1360/2278: Loss=2.2523, Cls=1.0641, Reg=0.0000, Con=3.9608
2025-09-13 21:32:34,185 - INFO - Batch 1370/2278: Loss=2.8082, Cls=1.6200, Reg=0.0000, Con=3.9608
2025-09-13 21:32:35,064 - INFO - Batch 1380/2278: Loss=1.1887, Cls=0.0004, Reg=0.0000, Con=3.9609
2025-09-13 21:32:36,050 - INFO - Batch 1390/2278: Loss=1.1922, Cls=0.0039, Reg=0.0000, Con=3.9608
2025-09-13 21:32:36,994 - INFO - Batch 1400/2278: Loss=0.0039, Cls=0.0039, Reg=0.0000, Con=0.0000
2025-09-13 21:32:37,889 - INFO - Batch 1410/2278: Loss=1.1910, Cls=0.0028, Reg=0.0000, Con=3.9608
2025-09-13 21:32:38,789 - INFO - Batch 1420/2278: Loss=0.0025, Cls=0.0025, Reg=0.0000, Con=0.0000
2025-09-13 21:32:39,693 - INFO - Batch 1430/2278: Loss=0.0021, Cls=0.0021, Reg=0.0000, Con=0.0000
2025-09-13 21:32:40,603 - INFO - Batch 1440/2278: Loss=1.1896, Cls=0.0013, Reg=0.0000, Con=3.9613
2025-09-13 21:32:41,505 - INFO - Batch 1450/2278: Loss=0.0000, Cls=0.0000, Reg=0.0000, Con=0.0000
2025-09-13 21:32:42,401 - INFO - Batch 1460/2278: Loss=1.1887, Cls=0.0005, Reg=0.0000, Con=3.9609
2025-09-13 21:32:43,284 - INFO - Batch 1470/2278: Loss=1.2198, Cls=0.0315, Reg=0.0000, Con=3.9608
2025-09-13 21:32:44,183 - INFO - Batch 1480/2278: Loss=0.0004, Cls=0.0004, Reg=0.0000, Con=0.0000
2025-09-13 21:32:45,159 - INFO - Batch 1490/2278: Loss=0.6174, Cls=0.6174, Reg=0.0000, Con=0.0000
2025-09-13 21:32:46,102 - INFO - Batch 1500/2278: Loss=0.0243, Cls=0.0243, Reg=0.0000, Con=0.0000
2025-09-13 21:32:47,054 - INFO - Batch 1510/2278: Loss=1.2078, Cls=0.0196, Reg=0.0000, Con=3.9608
2025-09-13 21:32:47,945 - INFO - Batch 1520/2278: Loss=1.1886, Cls=0.0004, Reg=0.0000, Con=3.9608
2025-09-13 21:32:48,877 - INFO - Batch 1530/2278: Loss=1.1909, Cls=0.0026, Reg=0.0000, Con=3.9609
2025-09-13 21:32:49,856 - INFO - Batch 1540/2278: Loss=0.0002, Cls=0.0002, Reg=0.0000, Con=0.0000
2025-09-13 21:32:50,786 - INFO - Batch 1550/2278: Loss=1.1883, Cls=0.0000, Reg=0.0000, Con=3.9609
2025-09-13 21:32:51,730 - INFO - Batch 1560/2278: Loss=1.4539, Cls=0.2657, Reg=0.0000, Con=3.9608
2025-09-13 21:32:52,654 - INFO - Batch 1570/2278: Loss=1.1925, Cls=0.0042, Reg=0.0000, Con=3.9609
2025-09-13 21:32:53,570 - INFO - Batch 1580/2278: Loss=0.0019, Cls=0.0019, Reg=0.0000, Con=0.0000
2025-09-13 21:32:54,555 - INFO - Batch 1590/2278: Loss=0.0083, Cls=0.0083, Reg=0.0000, Con=0.0000
2025-09-13 21:32:55,456 - INFO - Batch 1600/2278: Loss=1.1940, Cls=0.0058, Reg=0.0000, Con=3.9609
2025-09-13 21:32:56,359 - INFO - Batch 1610/2278: Loss=0.0005, Cls=0.0005, Reg=0.0000, Con=0.0000
2025-09-13 21:32:57,342 - INFO - Batch 1620/2278: Loss=1.1887, Cls=0.0004, Reg=0.0000, Con=3.9609
2025-09-13 21:32:58,232 - INFO - Batch 1630/2278: Loss=0.0002, Cls=0.0002, Reg=0.0000, Con=0.0000
2025-09-13 21:32:59,142 - INFO - Batch 1640/2278: Loss=1.1883, Cls=0.0000, Reg=0.0000, Con=3.9609
2025-09-13 21:33:00,048 - INFO - Batch 1650/2278: Loss=0.0014, Cls=0.0014, Reg=0.0000, Con=0.0000
2025-09-13 21:33:00,960 - INFO - Batch 1660/2278: Loss=1.1900, Cls=0.0018, Reg=0.0000, Con=3.9607
2025-09-13 21:33:01,864 - INFO - Batch 1670/2278: Loss=1.1895, Cls=0.0012, Reg=0.0000, Con=3.9608
2025-09-13 21:33:02,767 - INFO - Batch 1680/2278: Loss=1.1942, Cls=0.0057, Reg=0.0000, Con=3.9615
2025-09-13 21:33:03,697 - INFO - Batch 1690/2278: Loss=0.0002, Cls=0.0002, Reg=0.0000, Con=0.0000
2025-09-13 21:33:04,604 - INFO - Batch 1700/2278: Loss=1.1882, Cls=0.0000, Reg=0.0000, Con=3.9608
2025-09-13 21:33:05,511 - INFO - Batch 1710/2278: Loss=1.1883, Cls=0.0000, Reg=0.0000, Con=3.9612
2025-09-13 21:33:06,439 - INFO - Batch 1720/2278: Loss=1.1917, Cls=0.0034, Reg=0.0000, Con=3.9610
2025-09-13 21:33:07,352 - INFO - Batch 1730/2278: Loss=1.1912, Cls=0.0029, Reg=0.0000, Con=3.9609
2025-09-13 21:33:08,238 - INFO - Batch 1740/2278: Loss=1.2233, Cls=0.0350, Reg=0.0000, Con=3.9610
2025-09-13 21:33:09,169 - INFO - Batch 1750/2278: Loss=1.1897, Cls=0.0014, Reg=0.0000, Con=3.9609
2025-09-13 21:33:10,100 - INFO - Batch 1760/2278: Loss=1.2275, Cls=0.0392, Reg=0.0000, Con=3.9608
2025-09-13 21:33:11,000 - INFO - Batch 1770/2278: Loss=1.2150, Cls=0.0268, Reg=0.0000, Con=3.9610
2025-09-13 21:33:11,894 - INFO - Batch 1780/2278: Loss=1.2420, Cls=0.0537, Reg=0.0000, Con=3.9609
2025-09-13 21:33:12,821 - INFO - Batch 1790/2278: Loss=1.1886, Cls=0.0004, Reg=0.0000, Con=3.9608
2025-09-13 21:33:13,783 - INFO - Batch 1800/2278: Loss=1.2000, Cls=0.0118, Reg=0.0000, Con=3.9609
2025-09-13 21:33:14,689 - INFO - Batch 1810/2278: Loss=1.1890, Cls=0.0007, Reg=0.0000, Con=3.9610
2025-09-13 21:33:15,595 - INFO - Batch 1820/2278: Loss=1.2039, Cls=0.0157, Reg=0.0000, Con=3.9608
2025-09-13 21:33:16,507 - INFO - Batch 1830/2278: Loss=1.1885, Cls=0.0000, Reg=0.0000, Con=3.9615
2025-09-13 21:33:17,421 - INFO - Batch 1840/2278: Loss=1.1920, Cls=0.0037, Reg=0.0000, Con=3.9609
2025-09-13 21:33:18,360 - INFO - Batch 1850/2278: Loss=1.1946, Cls=0.0064, Reg=0.0000, Con=3.9608
2025-09-13 21:33:19,307 - INFO - Batch 1860/2278: Loss=0.0321, Cls=0.0321, Reg=0.0000, Con=0.0000
2025-09-13 21:33:20,208 - INFO - Batch 1870/2278: Loss=0.0376, Cls=0.0376, Reg=0.0000, Con=0.0000
2025-09-13 21:33:21,104 - INFO - Batch 1880/2278: Loss=1.9457, Cls=0.7574, Reg=0.0000, Con=3.9610
2025-09-13 21:33:22,014 - INFO - Batch 1890/2278: Loss=0.6824, Cls=0.6824, Reg=0.0000, Con=0.0000
2025-09-13 21:33:22,908 - INFO - Batch 1900/2278: Loss=1.1923, Cls=0.0040, Reg=0.0000, Con=3.9607
2025-09-13 21:33:23,798 - INFO - Batch 1910/2278: Loss=1.2065, Cls=0.0182, Reg=0.0000, Con=3.9607
2025-09-13 21:33:24,711 - INFO - Batch 1920/2278: Loss=1.1966, Cls=0.0083, Reg=0.0000, Con=3.9608
2025-09-13 21:33:25,604 - INFO - Batch 1930/2278: Loss=0.0001, Cls=0.0001, Reg=0.0000, Con=0.0000
2025-09-13 21:33:26,529 - INFO - Batch 1940/2278: Loss=1.1884, Cls=0.0001, Reg=0.0000, Con=3.9607
2025-09-13 21:33:27,445 - INFO - Batch 1950/2278: Loss=1.1884, Cls=0.0001, Reg=0.0000, Con=3.9609
2025-09-13 21:33:28,365 - INFO - Batch 1960/2278: Loss=1.1884, Cls=0.0001, Reg=0.0000, Con=3.9609
2025-09-13 21:33:29,280 - INFO - Batch 1970/2278: Loss=1.1890, Cls=0.0008, Reg=0.0000, Con=3.9606
2025-09-13 21:33:30,188 - INFO - Batch 1980/2278: Loss=1.1915, Cls=0.0033, Reg=0.0000, Con=3.9608
2025-09-13 21:33:31,089 - INFO - Batch 1990/2278: Loss=0.0030, Cls=0.0030, Reg=0.0000, Con=0.0000
2025-09-13 21:33:32,001 - INFO - Batch 2000/2278: Loss=1.1965, Cls=0.0083, Reg=0.0000, Con=3.9607
2025-09-13 21:33:32,923 - INFO - Batch 2010/2278: Loss=1.1995, Cls=0.0113, Reg=0.0000, Con=3.9608
2025-09-13 21:33:33,867 - INFO - Batch 2020/2278: Loss=0.0007, Cls=0.0007, Reg=0.0000, Con=0.0000
2025-09-13 21:33:34,890 - INFO - Batch 2030/2278: Loss=1.1885, Cls=0.0001, Reg=0.0000, Con=3.9610
2025-09-13 21:33:35,801 - INFO - Batch 2040/2278: Loss=1.1888, Cls=0.0005, Reg=0.0000, Con=3.9608
2025-09-13 21:33:36,698 - INFO - Batch 2050/2278: Loss=0.0006, Cls=0.0006, Reg=0.0000, Con=0.0000
2025-09-13 21:33:37,638 - INFO - Batch 2060/2278: Loss=1.1954, Cls=0.0070, Reg=0.0000, Con=3.9615
2025-09-13 21:33:38,567 - INFO - Batch 2070/2278: Loss=1.1893, Cls=0.0010, Reg=0.0000, Con=3.9608
2025-09-13 21:33:39,490 - INFO - Batch 2080/2278: Loss=2.0398, Cls=2.0398, Reg=0.0000, Con=0.0000
2025-09-13 21:33:40,412 - INFO - Batch 2090/2278: Loss=1.1891, Cls=0.0009, Reg=0.0000, Con=3.9608
2025-09-13 21:33:41,293 - INFO - Batch 2100/2278: Loss=0.0164, Cls=0.0164, Reg=0.0000, Con=0.0000
2025-09-13 21:33:42,195 - INFO - Batch 2110/2278: Loss=0.0016, Cls=0.0016, Reg=0.0000, Con=0.0000
2025-09-13 21:33:43,081 - INFO - Batch 2120/2278: Loss=1.2196, Cls=0.0314, Reg=0.0000, Con=3.9609
2025-09-13 21:33:43,971 - INFO - Batch 2130/2278: Loss=2.9907, Cls=1.8024, Reg=0.0000, Con=3.9608
2025-09-13 21:33:44,895 - INFO - Batch 2140/2278: Loss=0.0057, Cls=0.0057, Reg=0.0000, Con=0.0000
2025-09-13 21:33:45,809 - INFO - Batch 2150/2278: Loss=1.2006, Cls=0.0123, Reg=0.0000, Con=3.9610
2025-09-13 21:33:46,729 - INFO - Batch 2160/2278: Loss=2.3119, Cls=1.1236, Reg=0.0000, Con=3.9608
2025-09-13 21:33:47,676 - INFO - Batch 2170/2278: Loss=1.1927, Cls=0.0044, Reg=0.0000, Con=3.9608
2025-09-13 21:33:48,605 - INFO - Batch 2180/2278: Loss=1.1897, Cls=0.0014, Reg=0.0000, Con=3.9608
2025-09-13 21:33:49,545 - INFO - Batch 2190/2278: Loss=1.2451, Cls=0.0568, Reg=0.0000, Con=3.9610
2025-09-13 21:33:50,605 - INFO - Batch 2200/2278: Loss=1.1896, Cls=0.0014, Reg=0.0000, Con=3.9608
2025-09-13 21:33:51,522 - INFO - Batch 2210/2278: Loss=1.1888, Cls=0.0004, Reg=0.0000, Con=3.9613
2025-09-13 21:33:52,412 - INFO - Batch 2220/2278: Loss=1.4287, Cls=1.4287, Reg=0.0000, Con=0.0000
2025-09-13 21:33:53,335 - INFO - Batch 2230/2278: Loss=0.0011, Cls=0.0011, Reg=0.0000, Con=0.0000
2025-09-13 21:33:54,228 - INFO - Batch 2240/2278: Loss=1.1882, Cls=0.0000, Reg=0.0000, Con=3.9608
2025-09-13 21:33:55,118 - INFO - Batch 2250/2278: Loss=0.0020, Cls=0.0020, Reg=0.0000, Con=0.0000
2025-09-13 21:33:56,035 - INFO - Batch 2260/2278: Loss=1.1902, Cls=0.0019, Reg=0.0000, Con=3.9609
2025-09-13 21:33:56,943 - INFO - Batch 2270/2278: Loss=1.1885, Cls=0.0003, Reg=0.0000, Con=3.9606
2025-09-13 21:37:24,835 - INFO - === Epoch 2 Results ===
2025-09-13 21:37:24,836 - INFO - Training Loss: 0.9629 (Classification: 0.1825, Regression: 0.0000)
2025-09-13 21:37:24,836 - INFO - Validation Loss: 0.0677 (Classification: 0.0677, Regression: 0.0000)
2025-09-13 21:37:24,836 - INFO - Average Classification Accuracy: 0.9508 (on 1/26 tasks)
2025-09-13 21:37:24,836 - INFO - Average AUC: 0.8052
2025-09-13 21:37:24,836 - INFO - 
Epoch 3/3
2025-09-13 21:37:24,941 - INFO - Batch 0/2278: Loss=1.1884, Cls=0.0001, Reg=0.0000, Con=3.9608
2025-09-13 21:37:25,847 - INFO - Batch 10/2278: Loss=1.1897, Cls=0.0014, Reg=0.0000, Con=3.9611
2025-09-13 21:37:26,828 - INFO - Batch 20/2278: Loss=1.1903, Cls=0.0021, Reg=0.0000, Con=3.9608
2025-09-13 21:37:27,803 - INFO - Batch 30/2278: Loss=0.0000, Cls=0.0000, Reg=0.0000, Con=0.0000
2025-09-13 21:37:28,719 - INFO - Batch 40/2278: Loss=1.1882, Cls=0.0000, Reg=0.0000, Con=3.9608
2025-09-13 21:37:29,685 - INFO - Batch 50/2278: Loss=1.1883, Cls=0.0000, Reg=0.0000, Con=3.9609
2025-09-13 21:37:30,636 - INFO - Batch 60/2278: Loss=1.1890, Cls=0.0007, Reg=0.0000, Con=3.9607
2025-09-13 21:37:31,568 - INFO - Batch 70/2278: Loss=3.5661, Cls=2.3779, Reg=0.0000, Con=3.9608
2025-09-13 21:37:32,513 - INFO - Batch 80/2278: Loss=0.0035, Cls=0.0035, Reg=0.0000, Con=0.0000
2025-09-13 21:37:33,440 - INFO - Batch 90/2278: Loss=1.1895, Cls=0.0013, Reg=0.0000, Con=3.9609
2025-09-13 21:37:34,439 - INFO - Batch 100/2278: Loss=2.6264, Cls=1.4382, Reg=0.0000, Con=3.9607
2025-09-13 21:37:35,401 - INFO - Batch 110/2278: Loss=1.3661, Cls=0.1776, Reg=0.0000, Con=3.9618
2025-09-13 21:37:36,343 - INFO - Batch 120/2278: Loss=1.2110, Cls=0.0227, Reg=0.0000, Con=3.9609
2025-09-13 21:37:37,296 - INFO - Batch 130/2278: Loss=1.1883, Cls=0.0001, Reg=0.0000, Con=3.9607
2025-09-13 21:37:38,283 - INFO - Batch 140/2278: Loss=0.0000, Cls=0.0000, Reg=0.0000, Con=0.0000
2025-09-13 21:37:39,185 - INFO - Batch 150/2278: Loss=1.1935, Cls=0.0053, Reg=0.0000, Con=3.9608
2025-09-13 21:37:40,139 - INFO - Batch 160/2278: Loss=0.0006, Cls=0.0006, Reg=0.0000, Con=0.0000
2025-09-13 21:37:41,067 - INFO - Batch 170/2278: Loss=1.1896, Cls=0.0013, Reg=0.0000, Con=3.9609
2025-09-13 21:37:41,963 - INFO - Batch 180/2278: Loss=1.1883, Cls=0.0000, Reg=0.0000, Con=3.9611
2025-09-13 21:37:42,886 - INFO - Batch 190/2278: Loss=1.1911, Cls=0.0028, Reg=0.0000, Con=3.9607
2025-09-13 21:37:43,825 - INFO - Batch 200/2278: Loss=0.0078, Cls=0.0078, Reg=0.0000, Con=0.0000
2025-09-13 21:37:44,743 - INFO - Batch 210/2278: Loss=1.1921, Cls=0.0038, Reg=0.0000, Con=3.9612
2025-09-13 21:37:45,633 - INFO - Batch 220/2278: Loss=1.1885, Cls=0.0002, Reg=0.0000, Con=3.9608
2025-09-13 21:37:46,531 - INFO - Batch 230/2278: Loss=1.2007, Cls=0.0124, Reg=0.0000, Con=3.9611
2025-09-13 21:37:47,439 - INFO - Batch 240/2278: Loss=1.1945, Cls=0.0063, Reg=0.0000, Con=3.9607
2025-09-13 21:37:48,364 - INFO - Batch 250/2278: Loss=1.1883, Cls=0.0001, Reg=0.0000, Con=3.9609
2025-09-13 21:37:49,280 - INFO - Batch 260/2278: Loss=1.1909, Cls=0.0027, Reg=0.0000, Con=3.9608
2025-09-13 21:37:50,215 - INFO - Batch 270/2278: Loss=1.1912, Cls=0.0030, Reg=0.0000, Con=3.9607
2025-09-13 21:37:51,131 - INFO - Batch 280/2278: Loss=1.1907, Cls=0.0025, Reg=0.0000, Con=3.9608
2025-09-13 21:37:52,018 - INFO - Batch 290/2278: Loss=1.1920, Cls=0.0038, Reg=0.0000, Con=3.9608
2025-09-13 21:37:52,928 - INFO - Batch 300/2278: Loss=1.1884, Cls=0.0002, Reg=0.0000, Con=3.9607
2025-09-13 21:37:53,846 - INFO - Batch 310/2278: Loss=1.1894, Cls=0.0011, Reg=0.0000, Con=3.9610
2025-09-13 21:37:54,729 - INFO - Batch 320/2278: Loss=1.1896, Cls=0.0013, Reg=0.0000, Con=3.9612
2025-09-13 21:37:55,600 - INFO - Batch 330/2278: Loss=0.0041, Cls=0.0041, Reg=0.0000, Con=0.0000
2025-09-13 21:37:56,511 - INFO - Batch 340/2278: Loss=0.0012, Cls=0.0012, Reg=0.0000, Con=0.0000
2025-09-13 21:37:57,403 - INFO - Batch 350/2278: Loss=1.1891, Cls=0.0007, Reg=0.0000, Con=3.9612
2025-09-13 21:37:58,300 - INFO - Batch 360/2278: Loss=1.2323, Cls=0.0440, Reg=0.0000, Con=3.9611
2025-09-13 21:37:59,219 - INFO - Batch 370/2278: Loss=1.1886, Cls=0.0003, Reg=0.0000, Con=3.9608
2025-09-13 21:38:00,119 - INFO - Batch 380/2278: Loss=1.1922, Cls=0.0039, Reg=0.0000, Con=3.9608
2025-09-13 21:38:01,047 - INFO - Batch 390/2278: Loss=2.4964, Cls=1.3081, Reg=0.0000, Con=3.9609
2025-09-13 21:38:02,070 - INFO - Batch 400/2278: Loss=0.0020, Cls=0.0020, Reg=0.0000, Con=0.0000
2025-09-13 21:38:02,968 - INFO - Batch 410/2278: Loss=1.1898, Cls=0.0015, Reg=0.0000, Con=3.9609
2025-09-13 21:38:03,848 - INFO - Batch 420/2278: Loss=1.1883, Cls=0.0000, Reg=0.0000, Con=3.9609
2025-09-13 21:38:04,742 - INFO - Batch 430/2278: Loss=2.7094, Cls=1.5209, Reg=0.0000, Con=3.9614
2025-09-13 21:38:05,635 - INFO - Batch 440/2278: Loss=0.0000, Cls=0.0000, Reg=0.0000, Con=0.0000
2025-09-13 21:38:06,534 - INFO - Batch 450/2278: Loss=1.1889, Cls=0.0007, Reg=0.0000, Con=3.9608
2025-09-13 21:38:07,425 - INFO - Batch 460/2278: Loss=0.0062, Cls=0.0062, Reg=0.0000, Con=0.0000
2025-09-13 21:38:08,310 - INFO - Batch 470/2278: Loss=0.2020, Cls=0.2020, Reg=0.0000, Con=0.0000
2025-09-13 21:38:09,215 - INFO - Batch 480/2278: Loss=1.1990, Cls=0.0108, Reg=0.0000, Con=3.9609
2025-09-13 21:38:10,139 - INFO - Batch 490/2278: Loss=0.0182, Cls=0.0182, Reg=0.0000, Con=0.0000
2025-09-13 21:38:11,029 - INFO - Batch 500/2278: Loss=0.0009, Cls=0.0009, Reg=0.0000, Con=0.0000
2025-09-13 21:38:12,111 - INFO - Batch 510/2278: Loss=1.1884, Cls=0.0002, Reg=0.0000, Con=3.9608
2025-09-13 21:38:13,026 - INFO - Batch 520/2278: Loss=0.0000, Cls=0.0000, Reg=0.0000, Con=0.0000
2025-09-13 21:38:13,967 - INFO - Batch 530/2278: Loss=2.7019, Cls=1.5137, Reg=0.0000, Con=3.9608
2025-09-13 21:38:14,872 - INFO - Batch 540/2278: Loss=1.1916, Cls=0.0033, Reg=0.0000, Con=3.9609
2025-09-13 21:38:15,778 - INFO - Batch 550/2278: Loss=0.0012, Cls=0.0012, Reg=0.0000, Con=0.0000
2025-09-13 21:38:16,685 - INFO - Batch 560/2278: Loss=1.1908, Cls=0.0026, Reg=0.0000, Con=3.9609
2025-09-13 21:38:17,602 - INFO - Batch 570/2278: Loss=1.1884, Cls=0.0001, Reg=0.0000, Con=3.9608
2025-09-13 21:38:18,525 - INFO - Batch 580/2278: Loss=0.0005, Cls=0.0005, Reg=0.0000, Con=0.0000
2025-09-13 21:38:19,404 - INFO - Batch 590/2278: Loss=1.1998, Cls=0.0115, Reg=0.0000, Con=3.9608
2025-09-13 21:38:20,291 - INFO - Batch 600/2278: Loss=0.0015, Cls=0.0015, Reg=0.0000, Con=0.0000
2025-09-13 21:38:21,172 - INFO - Batch 610/2278: Loss=1.0849, Cls=1.0849, Reg=0.0000, Con=0.0000
2025-09-13 21:38:22,084 - INFO - Batch 620/2278: Loss=1.1882, Cls=0.0000, Reg=0.0000, Con=3.9608
2025-09-13 21:38:22,968 - INFO - Batch 630/2278: Loss=1.1889, Cls=0.0006, Reg=0.0000, Con=3.9611
2025-09-13 21:38:23,933 - INFO - Batch 640/2278: Loss=1.1907, Cls=0.0025, Reg=0.0000, Con=3.9607
2025-09-13 21:38:24,845 - INFO - Batch 650/2278: Loss=1.1931, Cls=0.0049, Reg=0.0000, Con=3.9608
2025-09-13 21:38:25,763 - INFO - Batch 660/2278: Loss=0.0026, Cls=0.0026, Reg=0.0000, Con=0.0000
2025-09-13 21:38:26,666 - INFO - Batch 670/2278: Loss=1.1934, Cls=0.0051, Reg=0.0000, Con=3.9609
2025-09-13 21:38:27,594 - INFO - Batch 680/2278: Loss=0.0006, Cls=0.0006, Reg=0.0000, Con=0.0000
2025-09-13 21:38:28,517 - INFO - Batch 690/2278: Loss=1.2111, Cls=0.0228, Reg=0.0000, Con=3.9609
2025-09-13 21:38:29,475 - INFO - Batch 700/2278: Loss=1.1931, Cls=0.0048, Reg=0.0000, Con=3.9610
2025-09-13 21:38:30,407 - INFO - Batch 710/2278: Loss=1.1905, Cls=0.0022, Reg=0.0000, Con=3.9610
2025-09-13 21:38:31,403 - INFO - Batch 720/2278: Loss=1.2125, Cls=0.0242, Reg=0.0000, Con=3.9610
2025-09-13 21:38:32,296 - INFO - Batch 730/2278: Loss=2.0094, Cls=0.8212, Reg=0.0000, Con=3.9609
2025-09-13 21:38:33,209 - INFO - Batch 740/2278: Loss=1.1882, Cls=0.0000, Reg=0.0000, Con=3.9606
2025-09-13 21:38:34,094 - INFO - Batch 750/2278: Loss=1.1897, Cls=0.0015, Reg=0.0000, Con=3.9606
2025-09-13 21:38:35,092 - INFO - Batch 760/2278: Loss=1.1907, Cls=0.0024, Reg=0.0000, Con=3.9611
2025-09-13 21:38:36,091 - INFO - Batch 770/2278: Loss=1.2015, Cls=0.0132, Reg=0.0000, Con=3.9611
2025-09-13 21:38:36,999 - INFO - Batch 780/2278: Loss=0.0021, Cls=0.0021, Reg=0.0000, Con=0.0000
2025-09-13 21:38:37,890 - INFO - Batch 790/2278: Loss=1.1911, Cls=0.0029, Reg=0.0000, Con=3.9609
2025-09-13 21:38:38,809 - INFO - Batch 800/2278: Loss=1.1884, Cls=0.0000, Reg=0.0000, Con=3.9612
2025-09-13 21:38:39,788 - INFO - Batch 810/2278: Loss=0.0011, Cls=0.0011, Reg=0.0000, Con=0.0000
2025-09-13 21:38:40,724 - INFO - Batch 820/2278: Loss=1.1944, Cls=0.0062, Reg=0.0000, Con=3.9608
2025-09-13 21:38:41,625 - INFO - Batch 830/2278: Loss=1.1893, Cls=0.0010, Reg=0.0000, Con=3.9609
2025-09-13 21:38:42,554 - INFO - Batch 840/2278: Loss=0.0003, Cls=0.0003, Reg=0.0000, Con=0.0000
2025-09-13 21:38:43,465 - INFO - Batch 850/2278: Loss=0.6036, Cls=0.6036, Reg=0.0000, Con=0.0000
2025-09-13 21:38:44,386 - INFO - Batch 860/2278: Loss=1.1914, Cls=0.0031, Reg=0.0000, Con=3.9611
2025-09-13 21:38:45,272 - INFO - Batch 870/2278: Loss=1.1883, Cls=0.0000, Reg=0.0000, Con=3.9609
2025-09-13 21:38:46,292 - INFO - Batch 880/2278: Loss=0.0008, Cls=0.0008, Reg=0.0000, Con=0.0000
2025-09-13 21:38:47,292 - INFO - Batch 890/2278: Loss=1.2658, Cls=0.0775, Reg=0.0000, Con=3.9609
2025-09-13 21:38:48,209 - INFO - Batch 900/2278: Loss=0.0000, Cls=0.0000, Reg=0.0000, Con=0.0000
2025-09-13 21:38:49,168 - INFO - Batch 910/2278: Loss=0.6597, Cls=0.6597, Reg=0.0000, Con=0.0000
2025-09-13 21:38:50,104 - INFO - Batch 920/2278: Loss=0.0013, Cls=0.0013, Reg=0.0000, Con=0.0000
2025-09-13 21:38:51,005 - INFO - Batch 930/2278: Loss=0.0038, Cls=0.0038, Reg=0.0000, Con=0.0000
2025-09-13 21:38:51,903 - INFO - Batch 940/2278: Loss=1.1932, Cls=0.0048, Reg=0.0000, Con=3.9613
2025-09-13 21:38:52,830 - INFO - Batch 950/2278: Loss=0.0041, Cls=0.0041, Reg=0.0000, Con=0.0000
2025-09-13 21:38:53,779 - INFO - Batch 960/2278: Loss=0.0023, Cls=0.0023, Reg=0.0000, Con=0.0000
2025-09-13 21:38:54,685 - INFO - Batch 970/2278: Loss=2.2593, Cls=1.0711, Reg=0.0000, Con=3.9608
2025-09-13 21:38:55,621 - INFO - Batch 980/2278: Loss=1.1914, Cls=0.0031, Reg=0.0000, Con=3.9609
2025-09-13 21:38:56,542 - INFO - Batch 990/2278: Loss=1.1946, Cls=0.0063, Reg=0.0000, Con=3.9609
2025-09-13 21:38:57,434 - INFO - Batch 1000/2278: Loss=1.1886, Cls=0.0003, Reg=0.0000, Con=3.9610
2025-09-13 21:38:58,359 - INFO - Batch 1010/2278: Loss=1.1926, Cls=0.0043, Reg=0.0000, Con=3.9608
2025-09-13 21:38:59,250 - INFO - Batch 1020/2278: Loss=1.1899, Cls=0.0017, Reg=0.0000, Con=3.9608
2025-09-13 21:39:00,176 - INFO - Batch 1030/2278: Loss=0.0003, Cls=0.0003, Reg=0.0000, Con=0.0000
2025-09-13 21:39:01,159 - INFO - Batch 1040/2278: Loss=1.1884, Cls=0.0000, Reg=0.0000, Con=3.9613
2025-09-13 21:39:02,057 - INFO - Batch 1050/2278: Loss=0.7125, Cls=0.7125, Reg=0.0000, Con=0.0000
2025-09-13 21:39:02,958 - INFO - Batch 1060/2278: Loss=1.3310, Cls=0.1426, Reg=0.0000, Con=3.9611
2025-09-13 21:39:03,885 - INFO - Batch 1070/2278: Loss=1.1898, Cls=0.0015, Reg=0.0000, Con=3.9609
2025-09-13 21:39:04,783 - INFO - Batch 1080/2278: Loss=0.0000, Cls=0.0000, Reg=0.0000, Con=0.0000
2025-09-13 21:39:05,706 - INFO - Batch 1090/2278: Loss=1.1890, Cls=0.0007, Reg=0.0000, Con=3.9611
2025-09-13 21:39:06,600 - INFO - Batch 1100/2278: Loss=1.1883, Cls=0.0000, Reg=0.0000, Con=3.9611
2025-09-13 21:39:07,489 - INFO - Batch 1110/2278: Loss=0.0045, Cls=0.0045, Reg=0.0000, Con=0.0000
2025-09-13 21:39:08,400 - INFO - Batch 1120/2278: Loss=0.0006, Cls=0.0006, Reg=0.0000, Con=0.0000
2025-09-13 21:39:09,292 - INFO - Batch 1130/2278: Loss=0.0000, Cls=0.0000, Reg=0.0000, Con=0.0000
2025-09-13 21:39:10,193 - INFO - Batch 1140/2278: Loss=1.2036, Cls=0.0154, Reg=0.0000, Con=3.9609
2025-09-13 21:39:11,081 - INFO - Batch 1150/2278: Loss=0.0051, Cls=0.0051, Reg=0.0000, Con=0.0000
2025-09-13 21:39:12,012 - INFO - Batch 1160/2278: Loss=0.0023, Cls=0.0023, Reg=0.0000, Con=0.0000
2025-09-13 21:39:12,909 - INFO - Batch 1170/2278: Loss=1.1937, Cls=0.0054, Reg=0.0000, Con=3.9608
2025-09-13 21:39:13,834 - INFO - Batch 1180/2278: Loss=1.1889, Cls=0.0006, Reg=0.0000, Con=3.9613
2025-09-13 21:39:14,752 - INFO - Batch 1190/2278: Loss=1.1883, Cls=0.0000, Reg=0.0000, Con=3.9609
2025-09-13 21:39:15,653 - INFO - Batch 1200/2278: Loss=1.1906, Cls=0.0023, Reg=0.0000, Con=3.9611
2025-09-13 21:39:16,561 - INFO - Batch 1210/2278: Loss=1.5163, Cls=0.3279, Reg=0.0000, Con=3.9611
2025-09-13 21:39:17,460 - INFO - Batch 1220/2278: Loss=1.1895, Cls=0.0012, Reg=0.0000, Con=3.9609
2025-09-13 21:39:18,375 - INFO - Batch 1230/2278: Loss=0.0776, Cls=0.0776, Reg=0.0000, Con=0.0000
2025-09-13 21:39:19,263 - INFO - Batch 1240/2278: Loss=1.1992, Cls=0.0110, Reg=0.0000, Con=3.9608
2025-09-13 21:39:20,193 - INFO - Batch 1250/2278: Loss=1.1884, Cls=0.0001, Reg=0.0000, Con=3.9609
2025-09-13 21:39:21,092 - INFO - Batch 1260/2278: Loss=0.5385, Cls=0.5385, Reg=0.0000, Con=0.0000
2025-09-13 21:39:22,014 - INFO - Batch 1270/2278: Loss=1.1894, Cls=0.0011, Reg=0.0000, Con=3.9610
2025-09-13 21:39:22,901 - INFO - Batch 1280/2278: Loss=1.1947, Cls=0.0065, Reg=0.0000, Con=3.9607
2025-09-13 21:39:23,940 - INFO - Batch 1290/2278: Loss=0.0000, Cls=0.0000, Reg=0.0000, Con=0.0000
2025-09-13 21:39:25,001 - INFO - Batch 1300/2278: Loss=0.0025, Cls=0.0025, Reg=0.0000, Con=0.0000
2025-09-13 21:39:26,036 - INFO - Batch 1310/2278: Loss=1.2162, Cls=0.0280, Reg=0.0000, Con=3.9608
2025-09-13 21:39:26,959 - INFO - Batch 1320/2278: Loss=1.1913, Cls=0.0030, Reg=0.0000, Con=3.9610
2025-09-13 21:39:27,861 - INFO - Batch 1330/2278: Loss=1.1934, Cls=0.0051, Reg=0.0000, Con=3.9610
2025-09-13 21:39:28,746 - INFO - Batch 1340/2278: Loss=1.1886, Cls=0.0004, Reg=0.0000, Con=3.9608
2025-09-13 21:39:29,633 - INFO - Batch 1350/2278: Loss=1.1903, Cls=0.0021, Reg=0.0000, Con=3.9608
2025-09-13 21:39:30,526 - INFO - Batch 1360/2278: Loss=1.2291, Cls=0.0407, Reg=0.0000, Con=3.9612
2025-09-13 21:39:31,432 - INFO - Batch 1370/2278: Loss=1.1975, Cls=0.0092, Reg=0.0000, Con=3.9610
2025-09-13 21:39:32,352 - INFO - Batch 1380/2278: Loss=1.1889, Cls=0.0007, Reg=0.0000, Con=3.9608
2025-09-13 21:39:33,232 - INFO - Batch 1390/2278: Loss=1.1883, Cls=0.0000, Reg=0.0000, Con=3.9610
2025-09-13 21:39:34,157 - INFO - Batch 1400/2278: Loss=1.2124, Cls=0.0240, Reg=0.0000, Con=3.9615
2025-09-13 21:39:35,049 - INFO - Batch 1410/2278: Loss=0.0521, Cls=0.0521, Reg=0.0000, Con=0.0000
2025-09-13 21:39:35,985 - INFO - Batch 1420/2278: Loss=1.1891, Cls=0.0008, Reg=0.0000, Con=3.9610
2025-09-13 21:39:36,907 - INFO - Batch 1430/2278: Loss=0.0033, Cls=0.0033, Reg=0.0000, Con=0.0000
2025-09-13 21:39:37,831 - INFO - Batch 1440/2278: Loss=1.1883, Cls=0.0001, Reg=0.0000, Con=3.9606
2025-09-13 21:39:38,754 - INFO - Batch 1450/2278: Loss=0.0034, Cls=0.0034, Reg=0.0000, Con=0.0000
2025-09-13 21:39:39,633 - INFO - Batch 1460/2278: Loss=0.0018, Cls=0.0018, Reg=0.0000, Con=0.0000
2025-09-13 21:39:40,548 - INFO - Batch 1470/2278: Loss=1.3546, Cls=0.1663, Reg=0.0000, Con=3.9607
2025-09-13 21:39:41,427 - INFO - Batch 1480/2278: Loss=1.1982, Cls=0.0100, Reg=0.0000, Con=3.9608
2025-09-13 21:39:42,341 - INFO - Batch 1490/2278: Loss=1.4610, Cls=1.4610, Reg=0.0000, Con=0.0000
2025-09-13 21:39:43,251 - INFO - Batch 1500/2278: Loss=1.1924, Cls=0.0041, Reg=0.0000, Con=3.9610
2025-09-13 21:39:44,154 - INFO - Batch 1510/2278: Loss=1.1896, Cls=0.0013, Reg=0.0000, Con=3.9609
2025-09-13 21:39:45,064 - INFO - Batch 1520/2278: Loss=0.0254, Cls=0.0254, Reg=0.0000, Con=0.0000
2025-09-13 21:39:45,965 - INFO - Batch 1530/2278: Loss=1.1882, Cls=0.0000, Reg=0.0000, Con=3.9608
2025-09-13 21:39:46,892 - INFO - Batch 1540/2278: Loss=2.0216, Cls=0.8333, Reg=0.0000, Con=3.9610
2025-09-13 21:39:47,810 - INFO - Batch 1550/2278: Loss=1.1901, Cls=0.0018, Reg=0.0000, Con=3.9611
2025-09-13 21:39:48,710 - INFO - Batch 1560/2278: Loss=1.1912, Cls=0.0029, Reg=0.0000, Con=3.9608
2025-09-13 21:39:49,607 - INFO - Batch 1570/2278: Loss=0.0001, Cls=0.0001, Reg=0.0000, Con=0.0000
2025-09-13 21:39:50,560 - INFO - Batch 1580/2278: Loss=6.7878, Cls=5.5996, Reg=0.0000, Con=3.9608
2025-09-13 21:39:51,471 - INFO - Batch 1590/2278: Loss=0.0000, Cls=0.0000, Reg=0.0000, Con=0.0000
2025-09-13 21:39:52,382 - INFO - Batch 1600/2278: Loss=2.6742, Cls=1.4860, Reg=0.0000, Con=3.9608
2025-09-13 21:39:53,313 - INFO - Batch 1610/2278: Loss=0.0000, Cls=0.0000, Reg=0.0000, Con=0.0000
2025-09-13 21:39:54,232 - INFO - Batch 1620/2278: Loss=1.1923, Cls=0.0041, Reg=0.0000, Con=3.9608
2025-09-13 21:39:55,105 - INFO - Batch 1630/2278: Loss=1.1926, Cls=0.0043, Reg=0.0000, Con=3.9610
2025-09-13 21:39:56,037 - INFO - Batch 1640/2278: Loss=0.0669, Cls=0.0669, Reg=0.0000, Con=0.0000
2025-09-13 21:39:56,964 - INFO - Batch 1650/2278: Loss=1.1883, Cls=0.0000, Reg=0.0000, Con=3.9609
2025-09-13 21:39:57,871 - INFO - Batch 1660/2278: Loss=1.1885, Cls=0.0001, Reg=0.0000, Con=3.9613
2025-09-13 21:39:58,787 - INFO - Batch 1670/2278: Loss=1.1931, Cls=0.0048, Reg=0.0000, Con=3.9609
2025-09-13 21:39:59,729 - INFO - Batch 1680/2278: Loss=1.1913, Cls=0.0031, Reg=0.0000, Con=3.9607
2025-09-13 21:40:00,640 - INFO - Batch 1690/2278: Loss=1.2584, Cls=0.0701, Reg=0.0000, Con=3.9610
2025-09-13 21:40:01,569 - INFO - Batch 1700/2278: Loss=1.1964, Cls=0.0081, Reg=0.0000, Con=3.9608
2025-09-13 21:40:02,460 - INFO - Batch 1710/2278: Loss=0.0012, Cls=0.0012, Reg=0.0000, Con=0.0000
2025-09-13 21:40:03,359 - INFO - Batch 1720/2278: Loss=0.0018, Cls=0.0018, Reg=0.0000, Con=0.0000
2025-09-13 21:40:04,270 - INFO - Batch 1730/2278: Loss=1.2083, Cls=0.0201, Reg=0.0000, Con=3.9608
2025-09-13 21:40:05,184 - INFO - Batch 1740/2278: Loss=2.3215, Cls=1.1332, Reg=0.0000, Con=3.9609
2025-09-13 21:40:06,073 - INFO - Batch 1750/2278: Loss=0.0003, Cls=0.0003, Reg=0.0000, Con=0.0000
2025-09-13 21:40:07,008 - INFO - Batch 1760/2278: Loss=1.1884, Cls=0.0001, Reg=0.0000, Con=3.9612
2025-09-13 21:40:07,908 - INFO - Batch 1770/2278: Loss=0.0109, Cls=0.0109, Reg=0.0000, Con=0.0000
2025-09-13 21:40:08,820 - INFO - Batch 1780/2278: Loss=0.0103, Cls=0.0103, Reg=0.0000, Con=0.0000
2025-09-13 21:40:09,720 - INFO - Batch 1790/2278: Loss=0.0067, Cls=0.0067, Reg=0.0000, Con=0.0000
2025-09-13 21:40:10,621 - INFO - Batch 1800/2278: Loss=1.2005, Cls=0.0123, Reg=0.0000, Con=3.9607
2025-09-13 21:40:11,497 - INFO - Batch 1810/2278: Loss=0.0036, Cls=0.0036, Reg=0.0000, Con=0.0000
2025-09-13 21:40:12,405 - INFO - Batch 1820/2278: Loss=0.0108, Cls=0.0108, Reg=0.0000, Con=0.0000
2025-09-13 21:40:13,292 - INFO - Batch 1830/2278: Loss=1.1909, Cls=0.0026, Reg=0.0000, Con=3.9608
2025-09-13 21:40:14,190 - INFO - Batch 1840/2278: Loss=0.0197, Cls=0.0197, Reg=0.0000, Con=0.0000
2025-09-13 21:40:15,093 - INFO - Batch 1850/2278: Loss=1.1886, Cls=0.0003, Reg=0.0000, Con=3.9609
2025-09-13 21:40:15,986 - INFO - Batch 1860/2278: Loss=1.1882, Cls=0.0000, Reg=0.0000, Con=3.9607
2025-09-13 21:40:16,954 - INFO - Batch 1870/2278: Loss=0.0038, Cls=0.0038, Reg=0.0000, Con=0.0000
2025-09-13 21:40:17,878 - INFO - Batch 1880/2278: Loss=3.2730, Cls=2.0848, Reg=0.0000, Con=3.9607
2025-09-13 21:40:18,802 - INFO - Batch 1890/2278: Loss=0.0315, Cls=0.0315, Reg=0.0000, Con=0.0000
2025-09-13 21:40:19,706 - INFO - Batch 1900/2278: Loss=0.1635, Cls=0.1635, Reg=0.0000, Con=0.0000
2025-09-13 21:40:20,607 - INFO - Batch 1910/2278: Loss=1.1888, Cls=0.0005, Reg=0.0000, Con=3.9610
2025-09-13 21:40:21,643 - INFO - Batch 1920/2278: Loss=0.0004, Cls=0.0004, Reg=0.0000, Con=0.0000
2025-09-13 21:40:22,579 - INFO - Batch 1930/2278: Loss=1.1930, Cls=0.0046, Reg=0.0000, Con=3.9611
2025-09-13 21:40:23,466 - INFO - Batch 1940/2278: Loss=1.1902, Cls=0.0020, Reg=0.0000, Con=3.9607
2025-09-13 21:40:24,333 - INFO - Batch 1950/2278: Loss=1.1883, Cls=0.0001, Reg=0.0000, Con=3.9609
2025-09-13 21:40:25,246 - INFO - Batch 1960/2278: Loss=1.1911, Cls=0.0028, Reg=0.0000, Con=3.9610
2025-09-13 21:40:26,140 - INFO - Batch 1970/2278: Loss=0.0004, Cls=0.0004, Reg=0.0000, Con=0.0000
2025-09-13 21:40:27,079 - INFO - Batch 1980/2278: Loss=1.1896, Cls=0.0013, Reg=0.0000, Con=3.9610
2025-09-13 21:40:27,977 - INFO - Batch 1990/2278: Loss=1.1947, Cls=0.0065, Reg=0.0000, Con=3.9608
2025-09-13 21:40:28,914 - INFO - Batch 2000/2278: Loss=1.1979, Cls=0.0096, Reg=0.0000, Con=3.9610
2025-09-13 21:40:29,883 - INFO - Batch 2010/2278: Loss=1.2045, Cls=0.0163, Reg=0.0000, Con=3.9608
2025-09-13 21:40:30,809 - INFO - Batch 2020/2278: Loss=1.1913, Cls=0.0031, Reg=0.0000, Con=3.9608
2025-09-13 21:40:31,746 - INFO - Batch 2030/2278: Loss=1.1923, Cls=0.0041, Reg=0.0000, Con=3.9608
2025-09-13 21:40:32,645 - INFO - Batch 2040/2278: Loss=1.1890, Cls=0.0007, Reg=0.0000, Con=3.9610
2025-09-13 21:40:33,561 - INFO - Batch 2050/2278: Loss=0.0008, Cls=0.0008, Reg=0.0000, Con=0.0000
2025-09-13 21:40:34,442 - INFO - Batch 2060/2278: Loss=1.1938, Cls=0.0055, Reg=0.0000, Con=3.9609
2025-09-13 21:40:35,347 - INFO - Batch 2070/2278: Loss=0.0008, Cls=0.0008, Reg=0.0000, Con=0.0000
2025-09-13 21:40:36,235 - INFO - Batch 2080/2278: Loss=1.1968, Cls=0.0084, Reg=0.0000, Con=3.9613
2025-09-13 21:40:37,116 - INFO - Batch 2090/2278: Loss=1.1888, Cls=0.0006, Reg=0.0000, Con=3.9607
2025-09-13 21:40:38,011 - INFO - Batch 2100/2278: Loss=1.1902, Cls=0.0017, Reg=0.0000, Con=3.9619
2025-09-13 21:40:38,897 - INFO - Batch 2110/2278: Loss=1.1975, Cls=0.0092, Reg=0.0000, Con=3.9609
2025-09-13 21:40:39,871 - INFO - Batch 2120/2278: Loss=1.1352, Cls=1.1352, Reg=0.0000, Con=0.0000
2025-09-13 21:40:40,765 - INFO - Batch 2130/2278: Loss=0.0054, Cls=0.0054, Reg=0.0000, Con=0.0000
2025-09-13 21:40:41,662 - INFO - Batch 2140/2278: Loss=0.0030, Cls=0.0030, Reg=0.0000, Con=0.0000
2025-09-13 21:40:42,552 - INFO - Batch 2150/2278: Loss=1.1885, Cls=0.0003, Reg=0.0000, Con=3.9608
2025-09-13 21:40:43,490 - INFO - Batch 2160/2278: Loss=2.3955, Cls=1.2072, Reg=0.0000, Con=3.9609
2025-09-13 21:40:44,422 - INFO - Batch 2170/2278: Loss=1.1949, Cls=0.0067, Reg=0.0000, Con=3.9608
2025-09-13 21:40:45,315 - INFO - Batch 2180/2278: Loss=0.0026, Cls=0.0026, Reg=0.0000, Con=0.0000
2025-09-13 21:40:46,247 - INFO - Batch 2190/2278: Loss=1.1889, Cls=0.0007, Reg=0.0000, Con=3.9609
2025-09-13 21:40:47,151 - INFO - Batch 2200/2278: Loss=1.1964, Cls=0.0081, Reg=0.0000, Con=3.9608
2025-09-13 21:40:48,068 - INFO - Batch 2210/2278: Loss=0.0005, Cls=0.0005, Reg=0.0000, Con=0.0000
2025-09-13 21:40:49,011 - INFO - Batch 2220/2278: Loss=0.0017, Cls=0.0017, Reg=0.0000, Con=0.0000
2025-09-13 21:40:49,893 - INFO - Batch 2230/2278: Loss=1.1883, Cls=0.0000, Reg=0.0000, Con=3.9609
2025-09-13 21:40:50,826 - INFO - Batch 2240/2278: Loss=4.2417, Cls=3.0532, Reg=0.0000, Con=3.9617
2025-09-13 21:40:51,731 - INFO - Batch 2250/2278: Loss=1.1884, Cls=0.0002, Reg=0.0000, Con=3.9608
2025-09-13 21:40:52,628 - INFO - Batch 2260/2278: Loss=0.0068, Cls=0.0068, Reg=0.0000, Con=0.0000
2025-09-13 21:40:53,527 - INFO - Batch 2270/2278: Loss=0.0029, Cls=0.0029, Reg=0.0000, Con=0.0000
2025-09-13 21:44:22,205 - INFO - === Epoch 3 Results ===
2025-09-13 21:44:22,205 - INFO - Training Loss: 0.9552 (Classification: 0.1796, Regression: 0.0000)
2025-09-13 21:44:22,205 - INFO - Validation Loss: 0.0505 (Classification: 0.0505, Regression: 0.0000)
2025-09-13 21:44:22,205 - INFO - Average Classification Accuracy: 0.9460 (on 1/26 tasks)
2025-09-13 21:44:22,205 - INFO - Average AUC: 0.8202
2025-09-13 21:44:24,930 - INFO - Best model saved to: experiments/r1c3_single_cls_23_seed_42_20250913_212335/checkpoints/r1c3_single_cls_23_seed_42_best.pth
2025-09-13 21:44:24,930 - INFO - Training finished!
2025-09-13 21:44:24,930 - INFO - Performing final evaluation...
2025-09-13 21:44:25,191 - INFO - Loaded best model from: experiments/r1c3_single_cls_23_seed_42_20250913_212335/checkpoints/r1c3_single_cls_23_seed_42_best.pth
2025-09-13 21:47:51,975 - INFO - Final Validation Results:
2025-09-13 21:47:51,975 - INFO -   Total Loss: 0.0505
2025-09-13 21:47:51,975 - INFO -   Classification Loss: 0.0505
2025-09-13 21:47:51,975 - INFO -   Regression Loss: 0.0000
2025-09-13 21:47:51,975 - INFO -   Average Classification Accuracy: 0.9460
2025-09-13 21:47:51,975 - INFO -   Average AUC: 0.8202
2025-09-13 21:47:51,976 - INFO - Results saved to: experiments/r1c3_single_cls_23_seed_42_20250913_212335/checkpoints/r1c3_single_cls_23_seed_42_results.json
