2025-09-14 01:14:19,362 - INFO - 🔬 Starting experiment: r1c3_headft_cls_6_seed_42
2025-09-14 01:14:19,362 - INFO - 📁 Experiment directory: experiments/r1c3_headft_cls_6_seed_42_20250914_011419
2025-09-14 01:14:19,362 - INFO - 🎲 Random seed: 42
2025-09-14 01:14:19,362 - INFO - 🔒 Deterministic mode: True
2025-09-14 01:14:19,362 - INFO - Using device: cuda
2025-09-14 01:14:19,362 - INFO - Total GPU Memory: 25.16 GB
2025-09-14 01:14:19,376 - INFO - 🧪 Fusion: Using cross-attention dynamic fusion
2025-09-14 01:14:19,376 - INFO - 🧪 GNN Backbone: Using default GraphAttentionNetwork branch
2025-09-14 01:14:19,376 - INFO - 🎯 Task Mode: Single classification endpoint 6
2025-09-14 01:14:19,377 - INFO - Configuration saved to: experiments/r1c3_headft_cls_6_seed_42_20250914_011419/checkpoints/config.json
2025-09-14 01:14:19,377 - INFO - 🚀 Using preprocessed data from: /mnt/backup2/ai4s/backupunimolpy/responds-work/ToxD4C/data/data/processed
2025-09-14 01:14:19,377 - INFO - Loading LMDB dataset from: /mnt/backup2/ai4s/backupunimolpy/responds-work/ToxD4C/data/data/processed
2025-09-14 01:14:19,780 - INFO - Number of training batches: 2278
2025-09-14 01:14:19,780 - INFO - Number of validation batches: 2278
2025-09-14 01:14:19,780 - INFO - Number of test batches: 2278
2025-09-14 01:14:19,780 - INFO - Creating ToxD4C model...
2025-09-14 01:14:20,721 - INFO - Model created successfully. Total parameters: 100,932,036
2025-09-14 01:14:20,721 - INFO - Testing model forward pass...
2025-09-14 01:14:21,133 - INFO - Test output shapes:
2025-09-14 01:14:21,133 - INFO -   classification: torch.Size([16, 1])
2025-09-14 01:14:21,136 - INFO -   classification contains NaN: False
2025-09-14 01:14:21,136 - INFO -   classification contains Inf: False
2025-09-14 01:14:21,136 - INFO -   regression: torch.Size([16, 0])
2025-09-14 01:14:21,136 - INFO -   regression contains NaN: False
2025-09-14 01:14:21,136 - INFO -   regression contains Inf: False
2025-09-14 01:14:21,136 - INFO - Model forward pass test successful!
2025-09-14 01:14:21,806 - INFO - 🔁 Loaded checkpoint from: /mnt/backup2/ai4s/backupunimolpy/responds-work/ToxD4C/experiments/r1c3_multi_full_seed_42_20250913_152627/checkpoints/r1c3_multi_full_seed_42_best.pth
2025-09-14 01:14:21,807 - INFO - 🧩 Head-only fine-tuning: unfroze head for task 'Cardiotoxicity10' and froze trunk.
2025-09-14 01:14:21,808 - INFO - Starting training...
2025-09-14 01:14:21,808 - INFO - 
Epoch 1/3
2025-09-14 01:14:21,906 - INFO - Batch 0/2278: Loss=0.0000, Cls=0.0000, Reg=0.0000, Con=0.0000
2025-09-14 01:14:22,803 - INFO - Batch 10/2278: Loss=0.0000, Cls=0.0000, Reg=0.0000, Con=0.0000
2025-09-14 01:14:23,628 - INFO - Batch 20/2278: Loss=1.1883, Cls=0.0000, Reg=0.0000, Con=3.9610
2025-09-14 01:14:24,467 - INFO - Batch 30/2278: Loss=0.9702, Cls=0.9702, Reg=0.0000, Con=0.0000
2025-09-14 01:14:25,318 - INFO - Batch 40/2278: Loss=0.0000, Cls=0.0000, Reg=0.0000, Con=0.0000
2025-09-14 01:14:26,178 - INFO - Batch 50/2278: Loss=1.1900, Cls=0.0017, Reg=0.0000, Con=3.9609
2025-09-14 01:14:27,043 - INFO - Batch 60/2278: Loss=1.2240, Cls=0.0357, Reg=0.0000, Con=3.9609
2025-09-14 01:14:27,898 - INFO - Batch 70/2278: Loss=1.5128, Cls=0.3246, Reg=0.0000, Con=3.9608
2025-09-14 01:14:28,728 - INFO - Batch 80/2278: Loss=0.0000, Cls=0.0000, Reg=0.0000, Con=0.0000
2025-09-14 01:14:29,620 - INFO - Batch 90/2278: Loss=0.0000, Cls=0.0000, Reg=0.0000, Con=0.0000
2025-09-14 01:14:30,492 - INFO - Batch 100/2278: Loss=0.0000, Cls=0.0000, Reg=0.0000, Con=0.0000
2025-09-14 01:14:31,453 - INFO - Batch 110/2278: Loss=0.0000, Cls=0.0000, Reg=0.0000, Con=0.0000
2025-09-14 01:14:32,317 - INFO - Batch 120/2278: Loss=1.1883, Cls=0.0000, Reg=0.0000, Con=3.9609
2025-09-14 01:14:33,175 - INFO - Batch 130/2278: Loss=1.2836, Cls=0.0953, Reg=0.0000, Con=3.9609
2025-09-14 01:14:34,036 - INFO - Batch 140/2278: Loss=1.1884, Cls=0.0000, Reg=0.0000, Con=3.9615
2025-09-14 01:14:34,912 - INFO - Batch 150/2278: Loss=1.2088, Cls=0.0204, Reg=0.0000, Con=3.9613
2025-09-14 01:14:35,775 - INFO - Batch 160/2278: Loss=1.2319, Cls=0.0436, Reg=0.0000, Con=3.9611
2025-09-14 01:14:36,632 - INFO - Batch 170/2278: Loss=1.1883, Cls=0.0000, Reg=0.0000, Con=3.9611
2025-09-14 01:14:37,517 - INFO - Batch 180/2278: Loss=1.1883, Cls=0.0000, Reg=0.0000, Con=3.9610
2025-09-14 01:14:38,378 - INFO - Batch 190/2278: Loss=1.1984, Cls=0.0101, Reg=0.0000, Con=3.9608
2025-09-14 01:14:39,227 - INFO - Batch 200/2278: Loss=0.0000, Cls=0.0000, Reg=0.0000, Con=0.0000
2025-09-14 01:14:40,113 - INFO - Batch 210/2278: Loss=0.4815, Cls=0.4815, Reg=0.0000, Con=0.0000
2025-09-14 01:14:40,978 - INFO - Batch 220/2278: Loss=0.0032, Cls=0.0032, Reg=0.0000, Con=0.0000
2025-09-14 01:14:41,851 - INFO - Batch 230/2278: Loss=1.1883, Cls=0.0000, Reg=0.0000, Con=3.9610
2025-09-14 01:14:42,695 - INFO - Batch 240/2278: Loss=1.1882, Cls=0.0000, Reg=0.0000, Con=3.9608
2025-09-14 01:14:43,550 - INFO - Batch 250/2278: Loss=0.0000, Cls=0.0000, Reg=0.0000, Con=0.0000
2025-09-14 01:14:44,409 - INFO - Batch 260/2278: Loss=0.0000, Cls=0.0000, Reg=0.0000, Con=0.0000
2025-09-14 01:14:45,294 - INFO - Batch 270/2278: Loss=3.2124, Cls=2.0242, Reg=0.0000, Con=3.9607
2025-09-14 01:14:46,155 - INFO - Batch 280/2278: Loss=1.6552, Cls=0.4669, Reg=0.0000, Con=3.9611
2025-09-14 01:14:47,001 - INFO - Batch 290/2278: Loss=0.0000, Cls=0.0000, Reg=0.0000, Con=0.0000
2025-09-14 01:14:47,868 - INFO - Batch 300/2278: Loss=1.1883, Cls=0.0000, Reg=0.0000, Con=3.9609
2025-09-14 01:14:48,760 - INFO - Batch 310/2278: Loss=1.1884, Cls=0.0000, Reg=0.0000, Con=3.9612
2025-09-14 01:14:49,680 - INFO - Batch 320/2278: Loss=0.0000, Cls=0.0000, Reg=0.0000, Con=0.0000
2025-09-14 01:14:50,647 - INFO - Batch 330/2278: Loss=3.7143, Cls=2.5261, Reg=0.0000, Con=3.9609
2025-09-14 01:14:51,663 - INFO - Batch 340/2278: Loss=1.1883, Cls=0.0000, Reg=0.0000, Con=3.9610
2025-09-14 01:14:52,626 - INFO - Batch 350/2278: Loss=1.1883, Cls=0.0000, Reg=0.0000, Con=3.9611
2025-09-14 01:14:53,486 - INFO - Batch 360/2278: Loss=1.4194, Cls=0.2312, Reg=0.0000, Con=3.9607
2025-09-14 01:14:54,367 - INFO - Batch 370/2278: Loss=1.1883, Cls=0.0000, Reg=0.0000, Con=3.9609
2025-09-14 01:14:55,241 - INFO - Batch 380/2278: Loss=1.1882, Cls=0.0000, Reg=0.0000, Con=3.9607
2025-09-14 01:14:56,120 - INFO - Batch 390/2278: Loss=1.2769, Cls=0.0886, Reg=0.0000, Con=3.9607
2025-09-14 01:14:57,002 - INFO - Batch 400/2278: Loss=0.0000, Cls=0.0000, Reg=0.0000, Con=0.0000
2025-09-14 01:14:57,893 - INFO - Batch 410/2278: Loss=0.0000, Cls=0.0000, Reg=0.0000, Con=0.0000
2025-09-14 01:14:58,756 - INFO - Batch 420/2278: Loss=0.0311, Cls=0.0311, Reg=0.0000, Con=0.0000
2025-09-14 01:14:59,644 - INFO - Batch 430/2278: Loss=1.1882, Cls=0.0000, Reg=0.0000, Con=3.9607
2025-09-14 01:15:00,502 - INFO - Batch 440/2278: Loss=1.1882, Cls=0.0000, Reg=0.0000, Con=3.9608
2025-09-14 01:15:01,351 - INFO - Batch 450/2278: Loss=1.2287, Cls=0.0405, Reg=0.0000, Con=3.9607
2025-09-14 01:15:02,199 - INFO - Batch 460/2278: Loss=1.1882, Cls=0.0000, Reg=0.0000, Con=3.9607
2025-09-14 01:15:03,077 - INFO - Batch 470/2278: Loss=1.1883, Cls=0.0000, Reg=0.0000, Con=3.9611
2025-09-14 01:15:03,954 - INFO - Batch 480/2278: Loss=1.1882, Cls=0.0000, Reg=0.0000, Con=3.9607
2025-09-14 01:15:04,873 - INFO - Batch 490/2278: Loss=0.0000, Cls=0.0000, Reg=0.0000, Con=0.0000
2025-09-14 01:15:05,736 - INFO - Batch 500/2278: Loss=0.0000, Cls=0.0000, Reg=0.0000, Con=0.0000
2025-09-14 01:15:06,619 - INFO - Batch 510/2278: Loss=1.1883, Cls=0.0000, Reg=0.0000, Con=3.9609
2025-09-14 01:15:07,486 - INFO - Batch 520/2278: Loss=1.1882, Cls=0.0000, Reg=0.0000, Con=3.9608
2025-09-14 01:15:08,347 - INFO - Batch 530/2278: Loss=1.1882, Cls=0.0000, Reg=0.0000, Con=3.9608
2025-09-14 01:15:09,240 - INFO - Batch 540/2278: Loss=1.1883, Cls=0.0000, Reg=0.0000, Con=3.9610
2025-09-14 01:15:10,109 - INFO - Batch 550/2278: Loss=1.6661, Cls=0.4778, Reg=0.0000, Con=3.9607
2025-09-14 01:15:10,950 - INFO - Batch 560/2278: Loss=1.1883, Cls=0.0000, Reg=0.0000, Con=3.9609
2025-09-14 01:15:11,885 - INFO - Batch 570/2278: Loss=1.1882, Cls=0.0000, Reg=0.0000, Con=3.9608
2025-09-14 01:15:12,930 - INFO - Batch 580/2278: Loss=0.0107, Cls=0.0107, Reg=0.0000, Con=0.0000
2025-09-14 01:15:13,870 - INFO - Batch 590/2278: Loss=0.0000, Cls=0.0000, Reg=0.0000, Con=0.0000
2025-09-14 01:15:14,755 - INFO - Batch 600/2278: Loss=1.1883, Cls=0.0000, Reg=0.0000, Con=3.9609
2025-09-14 01:15:15,613 - INFO - Batch 610/2278: Loss=1.1905, Cls=0.0023, Reg=0.0000, Con=3.9609
2025-09-14 01:15:16,510 - INFO - Batch 620/2278: Loss=1.1930, Cls=0.0047, Reg=0.0000, Con=3.9608
2025-09-14 01:15:17,402 - INFO - Batch 630/2278: Loss=0.0002, Cls=0.0002, Reg=0.0000, Con=0.0000
2025-09-14 01:15:18,415 - INFO - Batch 640/2278: Loss=1.1882, Cls=0.0000, Reg=0.0000, Con=3.9608
2025-09-14 01:15:19,308 - INFO - Batch 650/2278: Loss=1.1884, Cls=0.0000, Reg=0.0000, Con=3.9613
2025-09-14 01:15:20,152 - INFO - Batch 660/2278: Loss=1.1882, Cls=0.0000, Reg=0.0000, Con=3.9608
2025-09-14 01:15:21,022 - INFO - Batch 670/2278: Loss=1.1883, Cls=0.0000, Reg=0.0000, Con=3.9608
2025-09-14 01:15:21,923 - INFO - Batch 680/2278: Loss=1.1882, Cls=0.0000, Reg=0.0000, Con=3.9608
2025-09-14 01:15:22,812 - INFO - Batch 690/2278: Loss=0.0000, Cls=0.0000, Reg=0.0000, Con=0.0000
2025-09-14 01:15:23,744 - INFO - Batch 700/2278: Loss=0.0000, Cls=0.0000, Reg=0.0000, Con=0.0000
2025-09-14 01:15:24,661 - INFO - Batch 710/2278: Loss=1.1882, Cls=0.0000, Reg=0.0000, Con=3.9607
2025-09-14 01:15:25,514 - INFO - Batch 720/2278: Loss=1.1883, Cls=0.0000, Reg=0.0000, Con=3.9609
2025-09-14 01:15:26,421 - INFO - Batch 730/2278: Loss=1.1884, Cls=0.0000, Reg=0.0000, Con=3.9613
2025-09-14 01:15:27,363 - INFO - Batch 740/2278: Loss=1.2229, Cls=0.0346, Reg=0.0000, Con=3.9610
2025-09-14 01:15:28,263 - INFO - Batch 750/2278: Loss=3.5229, Cls=2.3347, Reg=0.0000, Con=3.9609
2025-09-14 01:15:29,146 - INFO - Batch 760/2278: Loss=1.1882, Cls=0.0000, Reg=0.0000, Con=3.9608
2025-09-14 01:15:29,998 - INFO - Batch 770/2278: Loss=1.1883, Cls=0.0000, Reg=0.0000, Con=3.9610
2025-09-14 01:15:30,866 - INFO - Batch 780/2278: Loss=1.1882, Cls=0.0000, Reg=0.0000, Con=3.9608
2025-09-14 01:15:31,726 - INFO - Batch 790/2278: Loss=0.0000, Cls=0.0000, Reg=0.0000, Con=0.0000
2025-09-14 01:15:32,600 - INFO - Batch 800/2278: Loss=1.1884, Cls=0.0000, Reg=0.0000, Con=3.9612
2025-09-14 01:15:33,467 - INFO - Batch 810/2278: Loss=1.1884, Cls=0.0000, Reg=0.0000, Con=3.9612
2025-09-14 01:15:34,340 - INFO - Batch 820/2278: Loss=1.1883, Cls=0.0000, Reg=0.0000, Con=3.9609
2025-09-14 01:15:35,204 - INFO - Batch 830/2278: Loss=1.1949, Cls=0.0067, Reg=0.0000, Con=3.9609
2025-09-14 01:15:36,061 - INFO - Batch 840/2278: Loss=1.1955, Cls=0.0072, Reg=0.0000, Con=3.9608
2025-09-14 01:15:36,962 - INFO - Batch 850/2278: Loss=0.0000, Cls=0.0000, Reg=0.0000, Con=0.0000
2025-09-14 01:15:37,803 - INFO - Batch 860/2278: Loss=1.1882, Cls=0.0000, Reg=0.0000, Con=3.9607
2025-09-14 01:15:38,716 - INFO - Batch 870/2278: Loss=0.0067, Cls=0.0067, Reg=0.0000, Con=0.0000
2025-09-14 01:15:39,621 - INFO - Batch 880/2278: Loss=0.0000, Cls=0.0000, Reg=0.0000, Con=0.0000
2025-09-14 01:15:40,504 - INFO - Batch 890/2278: Loss=0.0000, Cls=0.0000, Reg=0.0000, Con=0.0000
2025-09-14 01:15:41,410 - INFO - Batch 900/2278: Loss=1.1883, Cls=0.0000, Reg=0.0000, Con=3.9609
2025-09-14 01:15:42,280 - INFO - Batch 910/2278: Loss=1.1888, Cls=0.0005, Reg=0.0000, Con=3.9609
2025-09-14 01:15:43,126 - INFO - Batch 920/2278: Loss=1.1883, Cls=0.0000, Reg=0.0000, Con=3.9610
2025-09-14 01:15:44,002 - INFO - Batch 930/2278: Loss=1.1947, Cls=0.0065, Reg=0.0000, Con=3.9608
2025-09-14 01:15:44,865 - INFO - Batch 940/2278: Loss=3.2815, Cls=2.0932, Reg=0.0000, Con=3.9609
2025-09-14 01:15:45,731 - INFO - Batch 950/2278: Loss=1.1883, Cls=0.0000, Reg=0.0000, Con=3.9611
2025-09-14 01:15:46,581 - INFO - Batch 960/2278: Loss=1.1889, Cls=0.0006, Reg=0.0000, Con=3.9609
2025-09-14 01:15:47,435 - INFO - Batch 970/2278: Loss=1.1884, Cls=0.0000, Reg=0.0000, Con=3.9612
2025-09-14 01:15:48,296 - INFO - Batch 980/2278: Loss=0.0000, Cls=0.0000, Reg=0.0000, Con=0.0000
2025-09-14 01:15:49,161 - INFO - Batch 990/2278: Loss=0.0000, Cls=0.0000, Reg=0.0000, Con=0.0000
2025-09-14 01:15:50,049 - INFO - Batch 1000/2278: Loss=4.2707, Cls=3.0825, Reg=0.0000, Con=3.9609
2025-09-14 01:15:50,920 - INFO - Batch 1010/2278: Loss=1.1887, Cls=0.0005, Reg=0.0000, Con=3.9608
2025-09-14 01:15:51,775 - INFO - Batch 1020/2278: Loss=0.0000, Cls=0.0000, Reg=0.0000, Con=0.0000
2025-09-14 01:15:52,632 - INFO - Batch 1030/2278: Loss=1.2254, Cls=0.0371, Reg=0.0000, Con=3.9610
2025-09-14 01:15:53,486 - INFO - Batch 1040/2278: Loss=1.1882, Cls=0.0000, Reg=0.0000, Con=3.9607
2025-09-14 01:15:54,343 - INFO - Batch 1050/2278: Loss=1.1883, Cls=0.0000, Reg=0.0000, Con=3.9609
2025-09-14 01:15:55,221 - INFO - Batch 1060/2278: Loss=1.1882, Cls=0.0000, Reg=0.0000, Con=3.9608
2025-09-14 01:15:56,101 - INFO - Batch 1070/2278: Loss=1.1882, Cls=0.0000, Reg=0.0000, Con=3.9608
2025-09-14 01:15:56,952 - INFO - Batch 1080/2278: Loss=0.0000, Cls=0.0000, Reg=0.0000, Con=0.0000
2025-09-14 01:15:57,837 - INFO - Batch 1090/2278: Loss=1.1883, Cls=0.0000, Reg=0.0000, Con=3.9609
2025-09-14 01:15:58,748 - INFO - Batch 1100/2278: Loss=0.1082, Cls=0.1082, Reg=0.0000, Con=0.0000
2025-09-14 01:15:59,637 - INFO - Batch 1110/2278: Loss=1.1882, Cls=0.0000, Reg=0.0000, Con=3.9608
2025-09-14 01:16:00,490 - INFO - Batch 1120/2278: Loss=0.0000, Cls=0.0000, Reg=0.0000, Con=0.0000
2025-09-14 01:16:01,397 - INFO - Batch 1130/2278: Loss=1.1882, Cls=0.0000, Reg=0.0000, Con=3.9608
2025-09-14 01:16:02,254 - INFO - Batch 1140/2278: Loss=1.1882, Cls=0.0000, Reg=0.0000, Con=3.9608
2025-09-14 01:16:03,187 - INFO - Batch 1150/2278: Loss=1.1883, Cls=0.0000, Reg=0.0000, Con=3.9611
2025-09-14 01:16:04,092 - INFO - Batch 1160/2278: Loss=1.1883, Cls=0.0000, Reg=0.0000, Con=3.9609
2025-09-14 01:16:04,953 - INFO - Batch 1170/2278: Loss=0.0000, Cls=0.0000, Reg=0.0000, Con=0.0000
2025-09-14 01:16:05,891 - INFO - Batch 1180/2278: Loss=1.1883, Cls=0.0000, Reg=0.0000, Con=3.9609
2025-09-14 01:16:06,761 - INFO - Batch 1190/2278: Loss=1.1883, Cls=0.0000, Reg=0.0000, Con=3.9609
2025-09-14 01:16:07,623 - INFO - Batch 1200/2278: Loss=0.0000, Cls=0.0000, Reg=0.0000, Con=0.0000
2025-09-14 01:16:08,499 - INFO - Batch 1210/2278: Loss=1.1883, Cls=0.0000, Reg=0.0000, Con=3.9610
2025-09-14 01:16:09,354 - INFO - Batch 1220/2278: Loss=0.0014, Cls=0.0014, Reg=0.0000, Con=0.0000
2025-09-14 01:16:10,230 - INFO - Batch 1230/2278: Loss=1.1883, Cls=0.0000, Reg=0.0000, Con=3.9609
2025-09-14 01:16:11,116 - INFO - Batch 1240/2278: Loss=1.1883, Cls=0.0000, Reg=0.0000, Con=3.9609
2025-09-14 01:16:11,972 - INFO - Batch 1250/2278: Loss=2.1236, Cls=2.1236, Reg=0.0000, Con=0.0000
2025-09-14 01:16:12,841 - INFO - Batch 1260/2278: Loss=1.1882, Cls=0.0000, Reg=0.0000, Con=3.9608
2025-09-14 01:16:13,704 - INFO - Batch 1270/2278: Loss=1.1883, Cls=0.0000, Reg=0.0000, Con=3.9609
2025-09-14 01:16:14,554 - INFO - Batch 1280/2278: Loss=0.0000, Cls=0.0000, Reg=0.0000, Con=0.0000
2025-09-14 01:16:15,434 - INFO - Batch 1290/2278: Loss=0.0000, Cls=0.0000, Reg=0.0000, Con=0.0000
2025-09-14 01:16:16,316 - INFO - Batch 1300/2278: Loss=1.7617, Cls=0.5734, Reg=0.0000, Con=3.9610
2025-09-14 01:16:17,186 - INFO - Batch 1310/2278: Loss=1.2024, Cls=0.0141, Reg=0.0000, Con=3.9611
2025-09-14 01:16:18,050 - INFO - Batch 1320/2278: Loss=0.0000, Cls=0.0000, Reg=0.0000, Con=0.0000
2025-09-14 01:16:18,900 - INFO - Batch 1330/2278: Loss=6.4148, Cls=5.2264, Reg=0.0000, Con=3.9613
2025-09-14 01:16:19,750 - INFO - Batch 1340/2278: Loss=1.1882, Cls=0.0000, Reg=0.0000, Con=3.9608
2025-09-14 01:16:20,617 - INFO - Batch 1350/2278: Loss=0.0000, Cls=0.0000, Reg=0.0000, Con=0.0000
2025-09-14 01:16:21,484 - INFO - Batch 1360/2278: Loss=1.1883, Cls=0.0000, Reg=0.0000, Con=3.9610
2025-09-14 01:16:22,365 - INFO - Batch 1370/2278: Loss=1.1884, Cls=0.0002, Reg=0.0000, Con=3.9608
2025-09-14 01:16:23,359 - INFO - Batch 1380/2278: Loss=1.1882, Cls=0.0000, Reg=0.0000, Con=3.9608
2025-09-14 01:16:24,221 - INFO - Batch 1390/2278: Loss=1.1883, Cls=0.0000, Reg=0.0000, Con=3.9608
2025-09-14 01:16:25,104 - INFO - Batch 1400/2278: Loss=1.1883, Cls=0.0000, Reg=0.0000, Con=3.9609
2025-09-14 01:16:26,084 - INFO - Batch 1410/2278: Loss=1.1883, Cls=0.0000, Reg=0.0000, Con=3.9612
2025-09-14 01:16:26,991 - INFO - Batch 1420/2278: Loss=0.0000, Cls=0.0000, Reg=0.0000, Con=0.0000
2025-09-14 01:16:27,968 - INFO - Batch 1430/2278: Loss=1.1883, Cls=0.0000, Reg=0.0000, Con=3.9609
2025-09-14 01:16:28,845 - INFO - Batch 1440/2278: Loss=1.1883, Cls=0.0000, Reg=0.0000, Con=3.9609
2025-09-14 01:16:29,790 - INFO - Batch 1450/2278: Loss=1.1882, Cls=0.0000, Reg=0.0000, Con=3.9608
2025-09-14 01:16:30,639 - INFO - Batch 1460/2278: Loss=0.0000, Cls=0.0000, Reg=0.0000, Con=0.0000
2025-09-14 01:16:31,492 - INFO - Batch 1470/2278: Loss=1.2432, Cls=0.0549, Reg=0.0000, Con=3.9609
2025-09-14 01:16:32,343 - INFO - Batch 1480/2278: Loss=1.1882, Cls=0.0000, Reg=0.0000, Con=3.9607
2025-09-14 01:16:33,308 - INFO - Batch 1490/2278: Loss=1.1883, Cls=0.0000, Reg=0.0000, Con=3.9609
2025-09-14 01:16:34,198 - INFO - Batch 1500/2278: Loss=1.1883, Cls=0.0000, Reg=0.0000, Con=3.9609
2025-09-14 01:16:35,075 - INFO - Batch 1510/2278: Loss=0.2808, Cls=0.2808, Reg=0.0000, Con=0.0000
2025-09-14 01:16:35,931 - INFO - Batch 1520/2278: Loss=1.1882, Cls=0.0000, Reg=0.0000, Con=3.9608
2025-09-14 01:16:36,787 - INFO - Batch 1530/2278: Loss=1.1882, Cls=0.0000, Reg=0.0000, Con=3.9608
2025-09-14 01:16:37,668 - INFO - Batch 1540/2278: Loss=1.1883, Cls=0.0000, Reg=0.0000, Con=3.9609
2025-09-14 01:16:38,558 - INFO - Batch 1550/2278: Loss=1.1884, Cls=0.0001, Reg=0.0000, Con=3.9610
2025-09-14 01:16:39,428 - INFO - Batch 1560/2278: Loss=1.1883, Cls=0.0000, Reg=0.0000, Con=3.9609
2025-09-14 01:16:40,317 - INFO - Batch 1570/2278: Loss=1.1882, Cls=0.0000, Reg=0.0000, Con=3.9608
2025-09-14 01:16:41,219 - INFO - Batch 1580/2278: Loss=1.1967, Cls=0.0084, Reg=0.0000, Con=3.9608
2025-09-14 01:16:42,084 - INFO - Batch 1590/2278: Loss=1.1883, Cls=0.0000, Reg=0.0000, Con=3.9609
2025-09-14 01:16:42,962 - INFO - Batch 1600/2278: Loss=1.1904, Cls=0.0022, Reg=0.0000, Con=3.9608
2025-09-14 01:16:43,833 - INFO - Batch 1610/2278: Loss=0.0000, Cls=0.0000, Reg=0.0000, Con=0.0000
2025-09-14 01:16:44,756 - INFO - Batch 1620/2278: Loss=0.0000, Cls=0.0000, Reg=0.0000, Con=0.0000
2025-09-14 01:16:45,766 - INFO - Batch 1630/2278: Loss=1.1882, Cls=0.0000, Reg=0.0000, Con=3.9608
2025-09-14 01:16:46,637 - INFO - Batch 1640/2278: Loss=0.0000, Cls=0.0000, Reg=0.0000, Con=0.0000
2025-09-14 01:16:47,495 - INFO - Batch 1650/2278: Loss=0.0000, Cls=0.0000, Reg=0.0000, Con=0.0000
2025-09-14 01:16:48,362 - INFO - Batch 1660/2278: Loss=0.0000, Cls=0.0000, Reg=0.0000, Con=0.0000
2025-09-14 01:16:49,201 - INFO - Batch 1670/2278: Loss=1.1884, Cls=0.0000, Reg=0.0000, Con=3.9612
2025-09-14 01:16:50,196 - INFO - Batch 1680/2278: Loss=0.0000, Cls=0.0000, Reg=0.0000, Con=0.0000
2025-09-14 01:16:51,158 - INFO - Batch 1690/2278: Loss=1.1884, Cls=0.0000, Reg=0.0000, Con=3.9612
2025-09-14 01:16:52,030 - INFO - Batch 1700/2278: Loss=1.1884, Cls=0.0000, Reg=0.0000, Con=3.9612
2025-09-14 01:16:52,887 - INFO - Batch 1710/2278: Loss=0.0000, Cls=0.0000, Reg=0.0000, Con=0.0000
2025-09-14 01:16:53,746 - INFO - Batch 1720/2278: Loss=1.1882, Cls=0.0000, Reg=0.0000, Con=3.9608
2025-09-14 01:16:54,668 - INFO - Batch 1730/2278: Loss=0.0000, Cls=0.0000, Reg=0.0000, Con=0.0000
2025-09-14 01:16:55,538 - INFO - Batch 1740/2278: Loss=0.0000, Cls=0.0000, Reg=0.0000, Con=0.0000
2025-09-14 01:16:56,403 - INFO - Batch 1750/2278: Loss=1.1883, Cls=0.0000, Reg=0.0000, Con=3.9609
2025-09-14 01:16:57,258 - INFO - Batch 1760/2278: Loss=1.1887, Cls=0.0004, Reg=0.0000, Con=3.9609
2025-09-14 01:16:58,152 - INFO - Batch 1770/2278: Loss=1.1882, Cls=0.0000, Reg=0.0000, Con=3.9608
2025-09-14 01:16:59,025 - INFO - Batch 1780/2278: Loss=1.1883, Cls=0.0000, Reg=0.0000, Con=3.9608
2025-09-14 01:16:59,878 - INFO - Batch 1790/2278: Loss=0.0000, Cls=0.0000, Reg=0.0000, Con=0.0000
2025-09-14 01:17:00,749 - INFO - Batch 1800/2278: Loss=0.0028, Cls=0.0028, Reg=0.0000, Con=0.0000
2025-09-14 01:17:01,625 - INFO - Batch 1810/2278: Loss=0.0473, Cls=0.0473, Reg=0.0000, Con=0.0000
2025-09-14 01:17:02,484 - INFO - Batch 1820/2278: Loss=1.1883, Cls=0.0000, Reg=0.0000, Con=3.9611
2025-09-14 01:17:03,353 - INFO - Batch 1830/2278: Loss=0.0000, Cls=0.0000, Reg=0.0000, Con=0.0000
2025-09-14 01:17:04,198 - INFO - Batch 1840/2278: Loss=0.0000, Cls=0.0000, Reg=0.0000, Con=0.0000
2025-09-14 01:17:05,111 - INFO - Batch 1850/2278: Loss=1.1904, Cls=0.0022, Reg=0.0000, Con=3.9608
2025-09-14 01:17:05,982 - INFO - Batch 1860/2278: Loss=0.0000, Cls=0.0000, Reg=0.0000, Con=0.0000
2025-09-14 01:17:06,827 - INFO - Batch 1870/2278: Loss=1.1882, Cls=0.0000, Reg=0.0000, Con=3.9608
2025-09-14 01:17:07,686 - INFO - Batch 1880/2278: Loss=0.0017, Cls=0.0017, Reg=0.0000, Con=0.0000
2025-09-14 01:17:08,595 - INFO - Batch 1890/2278: Loss=1.1883, Cls=0.0000, Reg=0.0000, Con=3.9609
2025-09-14 01:17:09,465 - INFO - Batch 1900/2278: Loss=0.0000, Cls=0.0000, Reg=0.0000, Con=0.0000
2025-09-14 01:17:10,327 - INFO - Batch 1910/2278: Loss=0.0000, Cls=0.0000, Reg=0.0000, Con=0.0000
2025-09-14 01:17:11,315 - INFO - Batch 1920/2278: Loss=1.1885, Cls=0.0003, Reg=0.0000, Con=3.9607
2025-09-14 01:17:12,352 - INFO - Batch 1930/2278: Loss=1.1882, Cls=0.0000, Reg=0.0000, Con=3.9607
2025-09-14 01:17:13,364 - INFO - Batch 1940/2278: Loss=1.1882, Cls=0.0000, Reg=0.0000, Con=3.9608
2025-09-14 01:17:14,244 - INFO - Batch 1950/2278: Loss=1.1882, Cls=0.0000, Reg=0.0000, Con=3.9608
2025-09-14 01:17:15,124 - INFO - Batch 1960/2278: Loss=4.6435, Cls=3.4552, Reg=0.0000, Con=3.9609
2025-09-14 01:17:16,070 - INFO - Batch 1970/2278: Loss=1.1890, Cls=0.0007, Reg=0.0000, Con=3.9611
2025-09-14 01:17:16,949 - INFO - Batch 1980/2278: Loss=2.3109, Cls=1.1226, Reg=0.0000, Con=3.9608
2025-09-14 01:17:17,810 - INFO - Batch 1990/2278: Loss=1.1884, Cls=0.0000, Reg=0.0000, Con=3.9615
2025-09-14 01:17:18,678 - INFO - Batch 2000/2278: Loss=0.0000, Cls=0.0000, Reg=0.0000, Con=0.0000
2025-09-14 01:17:19,536 - INFO - Batch 2010/2278: Loss=1.1883, Cls=0.0000, Reg=0.0000, Con=3.9608
2025-09-14 01:17:20,392 - INFO - Batch 2020/2278: Loss=1.1882, Cls=0.0000, Reg=0.0000, Con=3.9608
2025-09-14 01:17:21,263 - INFO - Batch 2030/2278: Loss=1.1896, Cls=0.0014, Reg=0.0000, Con=3.9607
2025-09-14 01:17:22,134 - INFO - Batch 2040/2278: Loss=1.1883, Cls=0.0000, Reg=0.0000, Con=3.9609
2025-09-14 01:17:23,010 - INFO - Batch 2050/2278: Loss=1.1883, Cls=0.0000, Reg=0.0000, Con=3.9608
2025-09-14 01:17:23,854 - INFO - Batch 2060/2278: Loss=0.0000, Cls=0.0000, Reg=0.0000, Con=0.0000
2025-09-14 01:17:24,706 - INFO - Batch 2070/2278: Loss=1.1883, Cls=0.0000, Reg=0.0000, Con=3.9611
2025-09-14 01:17:25,564 - INFO - Batch 2080/2278: Loss=1.1883, Cls=0.0000, Reg=0.0000, Con=3.9610
2025-09-14 01:17:26,456 - INFO - Batch 2090/2278: Loss=1.1884, Cls=0.0000, Reg=0.0000, Con=3.9612
2025-09-14 01:17:27,324 - INFO - Batch 2100/2278: Loss=1.1883, Cls=0.0000, Reg=0.0000, Con=3.9611
2025-09-14 01:17:28,188 - INFO - Batch 2110/2278: Loss=6.1492, Cls=4.9610, Reg=0.0000, Con=3.9609
2025-09-14 01:17:29,177 - INFO - Batch 2120/2278: Loss=1.6855, Cls=1.6855, Reg=0.0000, Con=0.0000
2025-09-14 01:17:30,132 - INFO - Batch 2130/2278: Loss=1.1882, Cls=0.0000, Reg=0.0000, Con=3.9606
2025-09-14 01:17:31,008 - INFO - Batch 2140/2278: Loss=1.1882, Cls=0.0000, Reg=0.0000, Con=3.9608
2025-09-14 01:17:31,880 - INFO - Batch 2150/2278: Loss=1.1882, Cls=0.0000, Reg=0.0000, Con=3.9607
2025-09-14 01:17:32,734 - INFO - Batch 2160/2278: Loss=1.1882, Cls=0.0000, Reg=0.0000, Con=3.9608
2025-09-14 01:17:33,599 - INFO - Batch 2170/2278: Loss=1.1883, Cls=0.0000, Reg=0.0000, Con=3.9609
2025-09-14 01:17:34,442 - INFO - Batch 2180/2278: Loss=0.0000, Cls=0.0000, Reg=0.0000, Con=0.0000
2025-09-14 01:17:35,336 - INFO - Batch 2190/2278: Loss=0.0000, Cls=0.0000, Reg=0.0000, Con=0.0000
2025-09-14 01:17:36,256 - INFO - Batch 2200/2278: Loss=1.1882, Cls=0.0000, Reg=0.0000, Con=3.9605
2025-09-14 01:17:37,273 - INFO - Batch 2210/2278: Loss=1.1883, Cls=0.0000, Reg=0.0000, Con=3.9609
2025-09-14 01:17:38,172 - INFO - Batch 2220/2278: Loss=1.1883, Cls=0.0000, Reg=0.0000, Con=3.9610
2025-09-14 01:17:39,035 - INFO - Batch 2230/2278: Loss=0.0000, Cls=0.0000, Reg=0.0000, Con=0.0000
2025-09-14 01:17:39,947 - INFO - Batch 2240/2278: Loss=0.0000, Cls=0.0000, Reg=0.0000, Con=0.0000
2025-09-14 01:17:40,857 - INFO - Batch 2250/2278: Loss=1.1883, Cls=0.0000, Reg=0.0000, Con=3.9609
2025-09-14 01:17:41,831 - INFO - Batch 2260/2278: Loss=1.3474, Cls=0.1592, Reg=0.0000, Con=3.9608
2025-09-14 01:17:42,775 - INFO - Batch 2270/2278: Loss=0.0000, Cls=0.0000, Reg=0.0000, Con=0.0000
2025-09-14 01:21:09,157 - INFO - === Epoch 1 Results ===
2025-09-14 01:21:09,157 - INFO - Training Loss: 0.9072 (Classification: 0.1372, Regression: 0.0000)
2025-09-14 01:21:09,157 - INFO - Validation Loss: 0.0571 (Classification: 0.0571, Regression: 0.0000)
2025-09-14 01:21:09,157 - INFO - Average Classification Accuracy: 0.7853 (on 1/26 tasks)
2025-09-14 01:21:09,157 - INFO - Average AUC: 0.8486
2025-09-14 01:21:09,683 - INFO - Best model saved to: experiments/r1c3_headft_cls_6_seed_42_20250914_011419/checkpoints/r1c3_headft_cls_6_seed_42_best.pth
2025-09-14 01:21:09,683 - INFO - 
Epoch 2/3
2025-09-14 01:21:09,780 - INFO - Batch 0/2278: Loss=0.0143, Cls=0.0143, Reg=0.0000, Con=0.0000
2025-09-14 01:21:10,644 - INFO - Batch 10/2278: Loss=1.1881, Cls=0.0000, Reg=0.0000, Con=3.9604
2025-09-14 01:21:11,591 - INFO - Batch 20/2278: Loss=1.1955, Cls=0.0071, Reg=0.0000, Con=3.9610
2025-09-14 01:21:12,483 - INFO - Batch 30/2278: Loss=1.1883, Cls=0.0000, Reg=0.0000, Con=3.9608
2025-09-14 01:21:13,342 - INFO - Batch 40/2278: Loss=1.1935, Cls=0.0053, Reg=0.0000, Con=3.9608
2025-09-14 01:21:14,266 - INFO - Batch 50/2278: Loss=0.6146, Cls=0.6146, Reg=0.0000, Con=0.0000
2025-09-14 01:21:15,107 - INFO - Batch 60/2278: Loss=0.0000, Cls=0.0000, Reg=0.0000, Con=0.0000
2025-09-14 01:21:16,009 - INFO - Batch 70/2278: Loss=1.1882, Cls=0.0000, Reg=0.0000, Con=3.9607
2025-09-14 01:21:16,882 - INFO - Batch 80/2278: Loss=1.1883, Cls=0.0000, Reg=0.0000, Con=3.9609
2025-09-14 01:21:17,762 - INFO - Batch 90/2278: Loss=0.0085, Cls=0.0085, Reg=0.0000, Con=0.0000
2025-09-14 01:21:18,680 - INFO - Batch 100/2278: Loss=1.1883, Cls=0.0000, Reg=0.0000, Con=3.9609
2025-09-14 01:21:19,563 - INFO - Batch 110/2278: Loss=1.4888, Cls=0.3005, Reg=0.0000, Con=3.9609
2025-09-14 01:21:20,449 - INFO - Batch 120/2278: Loss=2.5850, Cls=2.5850, Reg=0.0000, Con=0.0000
2025-09-14 01:21:21,321 - INFO - Batch 130/2278: Loss=1.1882, Cls=0.0000, Reg=0.0000, Con=3.9607
2025-09-14 01:21:22,207 - INFO - Batch 140/2278: Loss=1.1883, Cls=0.0000, Reg=0.0000, Con=3.9609
2025-09-14 01:21:23,119 - INFO - Batch 150/2278: Loss=1.1883, Cls=0.0000, Reg=0.0000, Con=3.9611
2025-09-14 01:21:24,049 - INFO - Batch 160/2278: Loss=1.1883, Cls=0.0000, Reg=0.0000, Con=3.9609
2025-09-14 01:21:25,030 - INFO - Batch 170/2278: Loss=0.0000, Cls=0.0000, Reg=0.0000, Con=0.0000
2025-09-14 01:21:26,074 - INFO - Batch 180/2278: Loss=1.1884, Cls=0.0001, Reg=0.0000, Con=3.9609
2025-09-14 01:21:27,024 - INFO - Batch 190/2278: Loss=5.0596, Cls=5.0596, Reg=0.0000, Con=0.0000
2025-09-14 01:21:27,911 - INFO - Batch 200/2278: Loss=1.1882, Cls=0.0000, Reg=0.0000, Con=3.9608
2025-09-14 01:21:28,780 - INFO - Batch 210/2278: Loss=1.1883, Cls=0.0000, Reg=0.0000, Con=3.9609
2025-09-14 01:21:29,652 - INFO - Batch 220/2278: Loss=0.0005, Cls=0.0005, Reg=0.0000, Con=0.0000
2025-09-14 01:21:30,544 - INFO - Batch 230/2278: Loss=10.2034, Cls=10.2034, Reg=0.0000, Con=0.0000
2025-09-14 01:21:31,446 - INFO - Batch 240/2278: Loss=0.0000, Cls=0.0000, Reg=0.0000, Con=0.0000
2025-09-14 01:21:32,345 - INFO - Batch 250/2278: Loss=0.0000, Cls=0.0000, Reg=0.0000, Con=0.0000
2025-09-14 01:21:33,209 - INFO - Batch 260/2278: Loss=0.0000, Cls=0.0000, Reg=0.0000, Con=0.0000
2025-09-14 01:21:34,089 - INFO - Batch 270/2278: Loss=1.1883, Cls=0.0000, Reg=0.0000, Con=3.9608
2025-09-14 01:21:35,004 - INFO - Batch 280/2278: Loss=1.1883, Cls=0.0000, Reg=0.0000, Con=3.9609
2025-09-14 01:21:35,894 - INFO - Batch 290/2278: Loss=1.1883, Cls=0.0000, Reg=0.0000, Con=3.9609
2025-09-14 01:21:36,837 - INFO - Batch 300/2278: Loss=1.1885, Cls=0.0002, Reg=0.0000, Con=3.9609
2025-09-14 01:21:37,742 - INFO - Batch 310/2278: Loss=3.5266, Cls=2.3384, Reg=0.0000, Con=3.9608
2025-09-14 01:21:38,680 - INFO - Batch 320/2278: Loss=0.0000, Cls=0.0000, Reg=0.0000, Con=0.0000
2025-09-14 01:21:39,555 - INFO - Batch 330/2278: Loss=1.1883, Cls=0.0000, Reg=0.0000, Con=3.9609
2025-09-14 01:21:40,417 - INFO - Batch 340/2278: Loss=2.4217, Cls=1.2335, Reg=0.0000, Con=3.9609
2025-09-14 01:21:41,346 - INFO - Batch 350/2278: Loss=1.1883, Cls=0.0000, Reg=0.0000, Con=3.9609
2025-09-14 01:21:42,296 - INFO - Batch 360/2278: Loss=1.2008, Cls=0.0125, Reg=0.0000, Con=3.9609
2025-09-14 01:21:43,229 - INFO - Batch 370/2278: Loss=1.1883, Cls=0.0000, Reg=0.0000, Con=3.9609
2025-09-14 01:21:44,090 - INFO - Batch 380/2278: Loss=1.1882, Cls=0.0000, Reg=0.0000, Con=3.9608
2025-09-14 01:21:44,985 - INFO - Batch 390/2278: Loss=1.1888, Cls=0.0005, Reg=0.0000, Con=3.9609
2025-09-14 01:21:45,891 - INFO - Batch 400/2278: Loss=0.0000, Cls=0.0000, Reg=0.0000, Con=0.0000
2025-09-14 01:21:46,885 - INFO - Batch 410/2278: Loss=1.1882, Cls=0.0000, Reg=0.0000, Con=3.9608
2025-09-14 01:21:47,841 - INFO - Batch 420/2278: Loss=3.2308, Cls=3.2308, Reg=0.0000, Con=0.0000
2025-09-14 01:21:48,755 - INFO - Batch 430/2278: Loss=0.0000, Cls=0.0000, Reg=0.0000, Con=0.0000
2025-09-14 01:21:49,631 - INFO - Batch 440/2278: Loss=1.1882, Cls=0.0000, Reg=0.0000, Con=3.9608
2025-09-14 01:21:50,562 - INFO - Batch 450/2278: Loss=1.1882, Cls=0.0000, Reg=0.0000, Con=3.9607
2025-09-14 01:21:51,559 - INFO - Batch 460/2278: Loss=0.0000, Cls=0.0000, Reg=0.0000, Con=0.0000
2025-09-14 01:21:52,450 - INFO - Batch 470/2278: Loss=1.1882, Cls=0.0000, Reg=0.0000, Con=3.9608
2025-09-14 01:21:53,331 - INFO - Batch 480/2278: Loss=0.0000, Cls=0.0000, Reg=0.0000, Con=0.0000
2025-09-14 01:21:54,237 - INFO - Batch 490/2278: Loss=1.1883, Cls=0.0000, Reg=0.0000, Con=3.9610
2025-09-14 01:21:55,117 - INFO - Batch 500/2278: Loss=1.1882, Cls=0.0000, Reg=0.0000, Con=3.9607
2025-09-14 01:21:55,998 - INFO - Batch 510/2278: Loss=1.1882, Cls=0.0000, Reg=0.0000, Con=3.9607
2025-09-14 01:21:56,885 - INFO - Batch 520/2278: Loss=5.6275, Cls=4.4393, Reg=0.0000, Con=3.9607
2025-09-14 01:21:57,790 - INFO - Batch 530/2278: Loss=1.2136, Cls=0.0253, Reg=0.0000, Con=3.9608
2025-09-14 01:21:58,734 - INFO - Batch 540/2278: Loss=1.1883, Cls=0.0000, Reg=0.0000, Con=3.9610
2025-09-14 01:21:59,614 - INFO - Batch 550/2278: Loss=1.1882, Cls=0.0000, Reg=0.0000, Con=3.9607
2025-09-14 01:22:00,594 - INFO - Batch 560/2278: Loss=0.0000, Cls=0.0000, Reg=0.0000, Con=0.0000
2025-09-14 01:22:01,557 - INFO - Batch 570/2278: Loss=1.1882, Cls=0.0000, Reg=0.0000, Con=3.9608
2025-09-14 01:22:02,424 - INFO - Batch 580/2278: Loss=0.0000, Cls=0.0000, Reg=0.0000, Con=0.0000
2025-09-14 01:22:03,294 - INFO - Batch 590/2278: Loss=1.1882, Cls=0.0000, Reg=0.0000, Con=3.9608
2025-09-14 01:22:04,152 - INFO - Batch 600/2278: Loss=0.0000, Cls=0.0000, Reg=0.0000, Con=0.0000
2025-09-14 01:22:05,041 - INFO - Batch 610/2278: Loss=1.1882, Cls=0.0000, Reg=0.0000, Con=3.9608
2025-09-14 01:22:05,949 - INFO - Batch 620/2278: Loss=1.1935, Cls=0.0053, Reg=0.0000, Con=3.9608
2025-09-14 01:22:06,823 - INFO - Batch 630/2278: Loss=0.0000, Cls=0.0000, Reg=0.0000, Con=0.0000
2025-09-14 01:22:07,719 - INFO - Batch 640/2278: Loss=0.0000, Cls=0.0000, Reg=0.0000, Con=0.0000
2025-09-14 01:22:08,586 - INFO - Batch 650/2278: Loss=0.0000, Cls=0.0000, Reg=0.0000, Con=0.0000
2025-09-14 01:22:09,455 - INFO - Batch 660/2278: Loss=1.1882, Cls=0.0000, Reg=0.0000, Con=3.9607
2025-09-14 01:22:10,343 - INFO - Batch 670/2278: Loss=1.1883, Cls=0.0000, Reg=0.0000, Con=3.9609
2025-09-14 01:22:11,241 - INFO - Batch 680/2278: Loss=1.1882, Cls=0.0000, Reg=0.0000, Con=3.9608
2025-09-14 01:22:12,116 - INFO - Batch 690/2278: Loss=1.1884, Cls=0.0000, Reg=0.0000, Con=3.9613
2025-09-14 01:22:13,010 - INFO - Batch 700/2278: Loss=0.0000, Cls=0.0000, Reg=0.0000, Con=0.0000
2025-09-14 01:22:13,886 - INFO - Batch 710/2278: Loss=1.1883, Cls=0.0000, Reg=0.0000, Con=3.9610
2025-09-14 01:22:14,792 - INFO - Batch 720/2278: Loss=1.6294, Cls=0.4411, Reg=0.0000, Con=3.9609
2025-09-14 01:22:15,772 - INFO - Batch 730/2278: Loss=1.1884, Cls=0.0000, Reg=0.0000, Con=3.9612
2025-09-14 01:22:16,653 - INFO - Batch 740/2278: Loss=1.1883, Cls=0.0000, Reg=0.0000, Con=3.9610
2025-09-14 01:22:17,539 - INFO - Batch 750/2278: Loss=0.0000, Cls=0.0000, Reg=0.0000, Con=0.0000
2025-09-14 01:22:18,415 - INFO - Batch 760/2278: Loss=0.0000, Cls=0.0000, Reg=0.0000, Con=0.0000
2025-09-14 01:22:19,310 - INFO - Batch 770/2278: Loss=1.1883, Cls=0.0000, Reg=0.0000, Con=3.9608
2025-09-14 01:22:20,312 - INFO - Batch 780/2278: Loss=0.0000, Cls=0.0000, Reg=0.0000, Con=0.0000
2025-09-14 01:22:21,296 - INFO - Batch 790/2278: Loss=1.1883, Cls=0.0000, Reg=0.0000, Con=3.9609
2025-09-14 01:22:22,223 - INFO - Batch 800/2278: Loss=0.0000, Cls=0.0000, Reg=0.0000, Con=0.0000
2025-09-14 01:22:23,130 - INFO - Batch 810/2278: Loss=0.0000, Cls=0.0000, Reg=0.0000, Con=0.0000
2025-09-14 01:22:23,998 - INFO - Batch 820/2278: Loss=1.1903, Cls=0.0021, Reg=0.0000, Con=3.9608
2025-09-14 01:22:24,903 - INFO - Batch 830/2278: Loss=1.1882, Cls=0.0000, Reg=0.0000, Con=3.9607
2025-09-14 01:22:25,798 - INFO - Batch 840/2278: Loss=1.1882, Cls=0.0000, Reg=0.0000, Con=3.9608
2025-09-14 01:22:26,681 - INFO - Batch 850/2278: Loss=0.0000, Cls=0.0000, Reg=0.0000, Con=0.0000
2025-09-14 01:22:27,600 - INFO - Batch 860/2278: Loss=2.2781, Cls=1.0899, Reg=0.0000, Con=3.9608
2025-09-14 01:22:28,487 - INFO - Batch 870/2278: Loss=0.0000, Cls=0.0000, Reg=0.0000, Con=0.0000
2025-09-14 01:22:29,362 - INFO - Batch 880/2278: Loss=0.0000, Cls=0.0000, Reg=0.0000, Con=0.0000
2025-09-14 01:22:30,286 - INFO - Batch 890/2278: Loss=1.1883, Cls=0.0000, Reg=0.0000, Con=3.9609
2025-09-14 01:22:31,277 - INFO - Batch 900/2278: Loss=0.0000, Cls=0.0000, Reg=0.0000, Con=0.0000
2025-09-14 01:22:32,149 - INFO - Batch 910/2278: Loss=0.0000, Cls=0.0000, Reg=0.0000, Con=0.0000
2025-09-14 01:22:33,015 - INFO - Batch 920/2278: Loss=1.1883, Cls=0.0000, Reg=0.0000, Con=3.9611
2025-09-14 01:22:33,899 - INFO - Batch 930/2278: Loss=1.2084, Cls=0.0202, Reg=0.0000, Con=3.9609
2025-09-14 01:22:34,786 - INFO - Batch 940/2278: Loss=0.0000, Cls=0.0000, Reg=0.0000, Con=0.0000
2025-09-14 01:22:35,673 - INFO - Batch 950/2278: Loss=0.1403, Cls=0.1403, Reg=0.0000, Con=0.0000
2025-09-14 01:22:36,579 - INFO - Batch 960/2278: Loss=0.0013, Cls=0.0013, Reg=0.0000, Con=0.0000
2025-09-14 01:22:37,466 - INFO - Batch 970/2278: Loss=0.0000, Cls=0.0000, Reg=0.0000, Con=0.0000
2025-09-14 01:22:38,328 - INFO - Batch 980/2278: Loss=1.1883, Cls=0.0000, Reg=0.0000, Con=3.9609
2025-09-14 01:22:39,227 - INFO - Batch 990/2278: Loss=1.1882, Cls=0.0000, Reg=0.0000, Con=3.9606
2025-09-14 01:22:40,116 - INFO - Batch 1000/2278: Loss=1.1883, Cls=0.0000, Reg=0.0000, Con=3.9609
2025-09-14 01:22:41,046 - INFO - Batch 1010/2278: Loss=1.1883, Cls=0.0000, Reg=0.0000, Con=3.9609
2025-09-14 01:22:41,903 - INFO - Batch 1020/2278: Loss=1.1885, Cls=0.0000, Reg=0.0000, Con=3.9615
2025-09-14 01:22:42,786 - INFO - Batch 1030/2278: Loss=1.1882, Cls=0.0000, Reg=0.0000, Con=3.9608
2025-09-14 01:22:43,662 - INFO - Batch 1040/2278: Loss=1.1882, Cls=0.0000, Reg=0.0000, Con=3.9608
2025-09-14 01:22:44,544 - INFO - Batch 1050/2278: Loss=1.1883, Cls=0.0000, Reg=0.0000, Con=3.9611
2025-09-14 01:22:45,395 - INFO - Batch 1060/2278: Loss=1.1883, Cls=0.0000, Reg=0.0000, Con=3.9612
2025-09-14 01:22:46,260 - INFO - Batch 1070/2278: Loss=2.7039, Cls=1.5156, Reg=0.0000, Con=3.9609
2025-09-14 01:22:47,122 - INFO - Batch 1080/2278: Loss=1.1883, Cls=0.0000, Reg=0.0000, Con=3.9609
2025-09-14 01:22:48,073 - INFO - Batch 1090/2278: Loss=1.1882, Cls=0.0000, Reg=0.0000, Con=3.9608
2025-09-14 01:22:48,944 - INFO - Batch 1100/2278: Loss=1.2468, Cls=0.0586, Reg=0.0000, Con=3.9608
2025-09-14 01:22:49,812 - INFO - Batch 1110/2278: Loss=1.1883, Cls=0.0000, Reg=0.0000, Con=3.9608
2025-09-14 01:22:50,692 - INFO - Batch 1120/2278: Loss=1.1902, Cls=0.0020, Reg=0.0000, Con=3.9608
2025-09-14 01:22:51,575 - INFO - Batch 1130/2278: Loss=0.0020, Cls=0.0020, Reg=0.0000, Con=0.0000
2025-09-14 01:22:52,485 - INFO - Batch 1140/2278: Loss=0.0000, Cls=0.0000, Reg=0.0000, Con=0.0000
2025-09-14 01:22:53,363 - INFO - Batch 1150/2278: Loss=1.1883, Cls=0.0000, Reg=0.0000, Con=3.9609
2025-09-14 01:22:54,226 - INFO - Batch 1160/2278: Loss=1.1882, Cls=0.0000, Reg=0.0000, Con=3.9607
2025-09-14 01:22:55,120 - INFO - Batch 1170/2278: Loss=0.0000, Cls=0.0000, Reg=0.0000, Con=0.0000
2025-09-14 01:22:55,993 - INFO - Batch 1180/2278: Loss=1.1883, Cls=0.0000, Reg=0.0000, Con=3.9609
2025-09-14 01:22:56,875 - INFO - Batch 1190/2278: Loss=1.1883, Cls=0.0000, Reg=0.0000, Con=3.9610
2025-09-14 01:22:57,780 - INFO - Batch 1200/2278: Loss=1.1883, Cls=0.0000, Reg=0.0000, Con=3.9609
2025-09-14 01:22:58,657 - INFO - Batch 1210/2278: Loss=1.1882, Cls=0.0000, Reg=0.0000, Con=3.9608
2025-09-14 01:22:59,549 - INFO - Batch 1220/2278: Loss=1.1907, Cls=0.0024, Reg=0.0000, Con=3.9608
2025-09-14 01:23:00,424 - INFO - Batch 1230/2278: Loss=1.1883, Cls=0.0000, Reg=0.0000, Con=3.9609
2025-09-14 01:23:01,316 - INFO - Batch 1240/2278: Loss=1.1883, Cls=0.0000, Reg=0.0000, Con=3.9609
2025-09-14 01:23:02,204 - INFO - Batch 1250/2278: Loss=0.0000, Cls=0.0000, Reg=0.0000, Con=0.0000
2025-09-14 01:23:03,102 - INFO - Batch 1260/2278: Loss=1.1882, Cls=0.0000, Reg=0.0000, Con=3.9607
2025-09-14 01:23:04,012 - INFO - Batch 1270/2278: Loss=0.0000, Cls=0.0000, Reg=0.0000, Con=0.0000
2025-09-14 01:23:04,885 - INFO - Batch 1280/2278: Loss=1.1882, Cls=0.0000, Reg=0.0000, Con=3.9608
2025-09-14 01:23:05,786 - INFO - Batch 1290/2278: Loss=1.1883, Cls=0.0000, Reg=0.0000, Con=3.9610
2025-09-14 01:23:06,703 - INFO - Batch 1300/2278: Loss=1.1883, Cls=0.0000, Reg=0.0000, Con=3.9610
2025-09-14 01:23:07,574 - INFO - Batch 1310/2278: Loss=0.0000, Cls=0.0000, Reg=0.0000, Con=0.0000
2025-09-14 01:23:08,453 - INFO - Batch 1320/2278: Loss=1.1883, Cls=0.0000, Reg=0.0000, Con=3.9609
2025-09-14 01:23:09,456 - INFO - Batch 1330/2278: Loss=1.1883, Cls=0.0000, Reg=0.0000, Con=3.9609
2025-09-14 01:23:10,365 - INFO - Batch 1340/2278: Loss=0.0000, Cls=0.0000, Reg=0.0000, Con=0.0000
2025-09-14 01:23:11,250 - INFO - Batch 1350/2278: Loss=0.0000, Cls=0.0000, Reg=0.0000, Con=0.0000
2025-09-14 01:23:12,128 - INFO - Batch 1360/2278: Loss=1.1882, Cls=0.0000, Reg=0.0000, Con=3.9608
2025-09-14 01:23:12,988 - INFO - Batch 1370/2278: Loss=1.1882, Cls=0.0000, Reg=0.0000, Con=3.9608
2025-09-14 01:23:13,931 - INFO - Batch 1380/2278: Loss=1.1914, Cls=0.0032, Reg=0.0000, Con=3.9609
2025-09-14 01:23:14,892 - INFO - Batch 1390/2278: Loss=1.1883, Cls=0.0000, Reg=0.0000, Con=3.9608
2025-09-14 01:23:15,788 - INFO - Batch 1400/2278: Loss=0.1000, Cls=0.1000, Reg=0.0000, Con=0.0000
2025-09-14 01:23:16,659 - INFO - Batch 1410/2278: Loss=1.1882, Cls=0.0000, Reg=0.0000, Con=3.9608
2025-09-14 01:23:17,534 - INFO - Batch 1420/2278: Loss=0.0000, Cls=0.0000, Reg=0.0000, Con=0.0000
2025-09-14 01:23:18,414 - INFO - Batch 1430/2278: Loss=0.0000, Cls=0.0000, Reg=0.0000, Con=0.0000
2025-09-14 01:23:19,278 - INFO - Batch 1440/2278: Loss=1.1886, Cls=0.0002, Reg=0.0000, Con=3.9613
2025-09-14 01:23:20,150 - INFO - Batch 1450/2278: Loss=0.0000, Cls=0.0000, Reg=0.0000, Con=0.0000
2025-09-14 01:23:21,190 - INFO - Batch 1460/2278: Loss=1.1883, Cls=0.0000, Reg=0.0000, Con=3.9609
2025-09-14 01:23:22,112 - INFO - Batch 1470/2278: Loss=1.1883, Cls=0.0000, Reg=0.0000, Con=3.9608
2025-09-14 01:23:22,992 - INFO - Batch 1480/2278: Loss=0.0000, Cls=0.0000, Reg=0.0000, Con=0.0000
2025-09-14 01:23:24,003 - INFO - Batch 1490/2278: Loss=3.7337, Cls=3.7337, Reg=0.0000, Con=0.0000
2025-09-14 01:23:24,893 - INFO - Batch 1500/2278: Loss=0.0000, Cls=0.0000, Reg=0.0000, Con=0.0000
2025-09-14 01:23:25,763 - INFO - Batch 1510/2278: Loss=1.1883, Cls=0.0000, Reg=0.0000, Con=3.9608
2025-09-14 01:23:26,653 - INFO - Batch 1520/2278: Loss=1.2018, Cls=0.0135, Reg=0.0000, Con=3.9608
2025-09-14 01:23:27,551 - INFO - Batch 1530/2278: Loss=1.1883, Cls=0.0000, Reg=0.0000, Con=3.9609
2025-09-14 01:23:28,428 - INFO - Batch 1540/2278: Loss=0.0119, Cls=0.0119, Reg=0.0000, Con=0.0000
2025-09-14 01:23:29,327 - INFO - Batch 1550/2278: Loss=1.1936, Cls=0.0053, Reg=0.0000, Con=3.9609
2025-09-14 01:23:30,213 - INFO - Batch 1560/2278: Loss=1.1883, Cls=0.0000, Reg=0.0000, Con=3.9608
2025-09-14 01:23:31,079 - INFO - Batch 1570/2278: Loss=1.1883, Cls=0.0000, Reg=0.0000, Con=3.9609
2025-09-14 01:23:31,956 - INFO - Batch 1580/2278: Loss=0.0000, Cls=0.0000, Reg=0.0000, Con=0.0000
2025-09-14 01:23:32,849 - INFO - Batch 1590/2278: Loss=0.0000, Cls=0.0000, Reg=0.0000, Con=0.0000
2025-09-14 01:23:33,735 - INFO - Batch 1600/2278: Loss=1.2253, Cls=0.0370, Reg=0.0000, Con=3.9609
2025-09-14 01:23:34,623 - INFO - Batch 1610/2278: Loss=0.0000, Cls=0.0000, Reg=0.0000, Con=0.0000
2025-09-14 01:23:35,538 - INFO - Batch 1620/2278: Loss=1.1883, Cls=0.0000, Reg=0.0000, Con=3.9609
2025-09-14 01:23:36,383 - INFO - Batch 1630/2278: Loss=0.0000, Cls=0.0000, Reg=0.0000, Con=0.0000
2025-09-14 01:23:37,288 - INFO - Batch 1640/2278: Loss=1.1940, Cls=0.0057, Reg=0.0000, Con=3.9609
2025-09-14 01:23:38,179 - INFO - Batch 1650/2278: Loss=0.0015, Cls=0.0015, Reg=0.0000, Con=0.0000
2025-09-14 01:23:39,064 - INFO - Batch 1660/2278: Loss=1.1882, Cls=0.0000, Reg=0.0000, Con=3.9607
2025-09-14 01:23:40,001 - INFO - Batch 1670/2278: Loss=1.1883, Cls=0.0000, Reg=0.0000, Con=3.9608
2025-09-14 01:23:40,872 - INFO - Batch 1680/2278: Loss=1.1885, Cls=0.0000, Reg=0.0000, Con=3.9615
2025-09-14 01:23:41,768 - INFO - Batch 1690/2278: Loss=0.0000, Cls=0.0000, Reg=0.0000, Con=0.0000
2025-09-14 01:23:42,647 - INFO - Batch 1700/2278: Loss=1.1882, Cls=0.0000, Reg=0.0000, Con=3.9608
2025-09-14 01:23:43,508 - INFO - Batch 1710/2278: Loss=1.1883, Cls=0.0000, Reg=0.0000, Con=3.9612
2025-09-14 01:23:44,373 - INFO - Batch 1720/2278: Loss=1.1883, Cls=0.0000, Reg=0.0000, Con=3.9610
2025-09-14 01:23:45,253 - INFO - Batch 1730/2278: Loss=1.1883, Cls=0.0000, Reg=0.0000, Con=3.9609
2025-09-14 01:23:46,144 - INFO - Batch 1740/2278: Loss=1.1883, Cls=0.0000, Reg=0.0000, Con=3.9610
2025-09-14 01:23:47,083 - INFO - Batch 1750/2278: Loss=1.1883, Cls=0.0000, Reg=0.0000, Con=3.9609
2025-09-14 01:23:48,020 - INFO - Batch 1760/2278: Loss=1.1882, Cls=0.0000, Reg=0.0000, Con=3.9608
2025-09-14 01:23:48,938 - INFO - Batch 1770/2278: Loss=1.1883, Cls=0.0000, Reg=0.0000, Con=3.9610
2025-09-14 01:23:49,816 - INFO - Batch 1780/2278: Loss=1.1883, Cls=0.0000, Reg=0.0000, Con=3.9609
2025-09-14 01:23:50,674 - INFO - Batch 1790/2278: Loss=1.1882, Cls=0.0000, Reg=0.0000, Con=3.9608
2025-09-14 01:23:51,584 - INFO - Batch 1800/2278: Loss=1.1883, Cls=0.0000, Reg=0.0000, Con=3.9609
2025-09-14 01:23:52,484 - INFO - Batch 1810/2278: Loss=1.1883, Cls=0.0000, Reg=0.0000, Con=3.9610
2025-09-14 01:23:53,415 - INFO - Batch 1820/2278: Loss=1.1882, Cls=0.0000, Reg=0.0000, Con=3.9608
2025-09-14 01:23:54,303 - INFO - Batch 1830/2278: Loss=4.7989, Cls=3.6104, Reg=0.0000, Con=3.9615
2025-09-14 01:23:55,188 - INFO - Batch 1840/2278: Loss=1.1883, Cls=0.0000, Reg=0.0000, Con=3.9609
2025-09-14 01:23:56,092 - INFO - Batch 1850/2278: Loss=1.1884, Cls=0.0001, Reg=0.0000, Con=3.9608
2025-09-14 01:23:57,021 - INFO - Batch 1860/2278: Loss=0.0000, Cls=0.0000, Reg=0.0000, Con=0.0000
2025-09-14 01:23:57,986 - INFO - Batch 1870/2278: Loss=0.0627, Cls=0.0627, Reg=0.0000, Con=0.0000
2025-09-14 01:23:58,881 - INFO - Batch 1880/2278: Loss=1.1883, Cls=0.0000, Reg=0.0000, Con=3.9610
2025-09-14 01:23:59,765 - INFO - Batch 1890/2278: Loss=0.0000, Cls=0.0000, Reg=0.0000, Con=0.0000
2025-09-14 01:24:00,658 - INFO - Batch 1900/2278: Loss=1.1882, Cls=0.0000, Reg=0.0000, Con=3.9607
2025-09-14 01:24:01,560 - INFO - Batch 1910/2278: Loss=1.1882, Cls=0.0000, Reg=0.0000, Con=3.9607
2025-09-14 01:24:02,466 - INFO - Batch 1920/2278: Loss=1.1893, Cls=0.0010, Reg=0.0000, Con=3.9608
2025-09-14 01:24:03,346 - INFO - Batch 1930/2278: Loss=0.0049, Cls=0.0049, Reg=0.0000, Con=0.0000
2025-09-14 01:24:04,243 - INFO - Batch 1940/2278: Loss=1.1882, Cls=0.0000, Reg=0.0000, Con=3.9607
2025-09-14 01:24:05,127 - INFO - Batch 1950/2278: Loss=1.1883, Cls=0.0000, Reg=0.0000, Con=3.9609
2025-09-14 01:24:06,042 - INFO - Batch 1960/2278: Loss=1.1884, Cls=0.0001, Reg=0.0000, Con=3.9609
2025-09-14 01:24:06,950 - INFO - Batch 1970/2278: Loss=1.1882, Cls=0.0000, Reg=0.0000, Con=3.9606
2025-09-14 01:24:07,871 - INFO - Batch 1980/2278: Loss=1.1882, Cls=0.0000, Reg=0.0000, Con=3.9608
2025-09-14 01:24:08,762 - INFO - Batch 1990/2278: Loss=0.0001, Cls=0.0001, Reg=0.0000, Con=0.0000
2025-09-14 01:24:09,609 - INFO - Batch 2000/2278: Loss=1.1882, Cls=0.0000, Reg=0.0000, Con=3.9607
2025-09-14 01:24:10,515 - INFO - Batch 2010/2278: Loss=1.4724, Cls=0.2841, Reg=0.0000, Con=3.9608
2025-09-14 01:24:11,408 - INFO - Batch 2020/2278: Loss=0.0000, Cls=0.0000, Reg=0.0000, Con=0.0000
2025-09-14 01:24:12,313 - INFO - Batch 2030/2278: Loss=1.1891, Cls=0.0007, Reg=0.0000, Con=3.9610
2025-09-14 01:24:13,219 - INFO - Batch 2040/2278: Loss=1.1882, Cls=0.0000, Reg=0.0000, Con=3.9608
2025-09-14 01:24:14,093 - INFO - Batch 2050/2278: Loss=0.0000, Cls=0.0000, Reg=0.0000, Con=0.0000
2025-09-14 01:24:14,979 - INFO - Batch 2060/2278: Loss=1.1885, Cls=0.0000, Reg=0.0000, Con=3.9615
2025-09-14 01:24:15,853 - INFO - Batch 2070/2278: Loss=1.1882, Cls=0.0000, Reg=0.0000, Con=3.9608
2025-09-14 01:24:16,724 - INFO - Batch 2080/2278: Loss=0.0000, Cls=0.0000, Reg=0.0000, Con=0.0000
2025-09-14 01:24:17,617 - INFO - Batch 2090/2278: Loss=1.1882, Cls=0.0000, Reg=0.0000, Con=3.9608
2025-09-14 01:24:18,503 - INFO - Batch 2100/2278: Loss=0.0020, Cls=0.0020, Reg=0.0000, Con=0.0000
2025-09-14 01:24:19,397 - INFO - Batch 2110/2278: Loss=0.0000, Cls=0.0000, Reg=0.0000, Con=0.0000
2025-09-14 01:24:20,273 - INFO - Batch 2120/2278: Loss=1.1883, Cls=0.0000, Reg=0.0000, Con=3.9609
2025-09-14 01:24:21,150 - INFO - Batch 2130/2278: Loss=1.1908, Cls=0.0025, Reg=0.0000, Con=3.9608
2025-09-14 01:24:22,027 - INFO - Batch 2140/2278: Loss=0.0000, Cls=0.0000, Reg=0.0000, Con=0.0000
2025-09-14 01:24:22,932 - INFO - Batch 2150/2278: Loss=1.1883, Cls=0.0000, Reg=0.0000, Con=3.9610
2025-09-14 01:24:23,822 - INFO - Batch 2160/2278: Loss=1.1882, Cls=0.0000, Reg=0.0000, Con=3.9608
2025-09-14 01:24:24,792 - INFO - Batch 2170/2278: Loss=1.1882, Cls=0.0000, Reg=0.0000, Con=3.9608
2025-09-14 01:24:25,715 - INFO - Batch 2180/2278: Loss=1.1882, Cls=0.0000, Reg=0.0000, Con=3.9608
2025-09-14 01:24:26,607 - INFO - Batch 2190/2278: Loss=1.1883, Cls=0.0000, Reg=0.0000, Con=3.9610
2025-09-14 01:24:27,498 - INFO - Batch 2200/2278: Loss=1.1882, Cls=0.0000, Reg=0.0000, Con=3.9608
2025-09-14 01:24:28,374 - INFO - Batch 2210/2278: Loss=1.1912, Cls=0.0028, Reg=0.0000, Con=3.9613
2025-09-14 01:24:29,274 - INFO - Batch 2220/2278: Loss=0.0000, Cls=0.0000, Reg=0.0000, Con=0.0000
2025-09-14 01:24:30,245 - INFO - Batch 2230/2278: Loss=0.0000, Cls=0.0000, Reg=0.0000, Con=0.0000
2025-09-14 01:24:31,255 - INFO - Batch 2240/2278: Loss=1.1882, Cls=0.0000, Reg=0.0000, Con=3.9608
2025-09-14 01:24:32,173 - INFO - Batch 2250/2278: Loss=0.0628, Cls=0.0628, Reg=0.0000, Con=0.0000
2025-09-14 01:24:33,060 - INFO - Batch 2260/2278: Loss=1.1883, Cls=0.0000, Reg=0.0000, Con=3.9609
2025-09-14 01:24:33,934 - INFO - Batch 2270/2278: Loss=1.1882, Cls=0.0000, Reg=0.0000, Con=3.9606
2025-09-14 01:28:02,135 - INFO - === Epoch 2 Results ===
2025-09-14 01:28:02,136 - INFO - Training Loss: 0.9324 (Classification: 0.1484, Regression: 0.0000)
2025-09-14 01:28:02,136 - INFO - Validation Loss: 0.0622 (Classification: 0.0622, Regression: 0.0000)
2025-09-14 01:28:02,136 - INFO - Average Classification Accuracy: 0.7797 (on 1/26 tasks)
2025-09-14 01:28:02,136 - INFO - Average AUC: 0.8590
2025-09-14 01:28:02,136 - INFO - 
Epoch 3/3
2025-09-14 01:28:02,235 - INFO - Batch 0/2278: Loss=1.1882, Cls=0.0000, Reg=0.0000, Con=3.9608
2025-09-14 01:28:03,142 - INFO - Batch 10/2278: Loss=1.1883, Cls=0.0000, Reg=0.0000, Con=3.9611
2025-09-14 01:28:04,090 - INFO - Batch 20/2278: Loss=1.1883, Cls=0.0000, Reg=0.0000, Con=3.9608
2025-09-14 01:28:05,119 - INFO - Batch 30/2278: Loss=0.0000, Cls=0.0000, Reg=0.0000, Con=0.0000
2025-09-14 01:28:06,010 - INFO - Batch 40/2278: Loss=1.1882, Cls=0.0000, Reg=0.0000, Con=3.9608
2025-09-14 01:28:06,922 - INFO - Batch 50/2278: Loss=1.1883, Cls=0.0000, Reg=0.0000, Con=3.9609
2025-09-14 01:28:07,872 - INFO - Batch 60/2278: Loss=1.1882, Cls=0.0000, Reg=0.0000, Con=3.9607
2025-09-14 01:28:08,759 - INFO - Batch 70/2278: Loss=1.2056, Cls=0.0173, Reg=0.0000, Con=3.9608
2025-09-14 01:28:09,593 - INFO - Batch 80/2278: Loss=0.0000, Cls=0.0000, Reg=0.0000, Con=0.0000
2025-09-14 01:28:10,448 - INFO - Batch 90/2278: Loss=1.1883, Cls=0.0000, Reg=0.0000, Con=3.9609
2025-09-14 01:28:11,348 - INFO - Batch 100/2278: Loss=1.1882, Cls=0.0000, Reg=0.0000, Con=3.9607
2025-09-14 01:28:12,252 - INFO - Batch 110/2278: Loss=1.1885, Cls=0.0000, Reg=0.0000, Con=3.9618
2025-09-14 01:28:13,146 - INFO - Batch 120/2278: Loss=1.1968, Cls=0.0086, Reg=0.0000, Con=3.9609
2025-09-14 01:28:14,090 - INFO - Batch 130/2278: Loss=1.1882, Cls=0.0000, Reg=0.0000, Con=3.9607
2025-09-14 01:28:15,002 - INFO - Batch 140/2278: Loss=0.0007, Cls=0.0007, Reg=0.0000, Con=0.0000
2025-09-14 01:28:15,863 - INFO - Batch 150/2278: Loss=1.1882, Cls=0.0000, Reg=0.0000, Con=3.9608
2025-09-14 01:28:16,808 - INFO - Batch 160/2278: Loss=0.6451, Cls=0.6451, Reg=0.0000, Con=0.0000
2025-09-14 01:28:17,695 - INFO - Batch 170/2278: Loss=1.1883, Cls=0.0000, Reg=0.0000, Con=3.9609
2025-09-14 01:28:18,555 - INFO - Batch 180/2278: Loss=1.1883, Cls=0.0000, Reg=0.0000, Con=3.9611
2025-09-14 01:28:19,421 - INFO - Batch 190/2278: Loss=1.1882, Cls=0.0000, Reg=0.0000, Con=3.9607
2025-09-14 01:28:20,350 - INFO - Batch 200/2278: Loss=0.0000, Cls=0.0000, Reg=0.0000, Con=0.0000
2025-09-14 01:28:21,264 - INFO - Batch 210/2278: Loss=1.1884, Cls=0.0000, Reg=0.0000, Con=3.9612
2025-09-14 01:28:22,146 - INFO - Batch 220/2278: Loss=1.1915, Cls=0.0033, Reg=0.0000, Con=3.9608
2025-09-14 01:28:23,046 - INFO - Batch 230/2278: Loss=1.3650, Cls=0.1767, Reg=0.0000, Con=3.9611
2025-09-14 01:28:23,943 - INFO - Batch 240/2278: Loss=1.1882, Cls=0.0000, Reg=0.0000, Con=3.9607
2025-09-14 01:28:24,802 - INFO - Batch 250/2278: Loss=1.1883, Cls=0.0000, Reg=0.0000, Con=3.9609
2025-09-14 01:28:25,674 - INFO - Batch 260/2278: Loss=1.1882, Cls=0.0000, Reg=0.0000, Con=3.9608
2025-09-14 01:28:26,570 - INFO - Batch 270/2278: Loss=1.1882, Cls=0.0000, Reg=0.0000, Con=3.9607
2025-09-14 01:28:27,432 - INFO - Batch 280/2278: Loss=1.1882, Cls=0.0000, Reg=0.0000, Con=3.9608
2025-09-14 01:28:28,312 - INFO - Batch 290/2278: Loss=1.1882, Cls=0.0000, Reg=0.0000, Con=3.9608
2025-09-14 01:28:29,172 - INFO - Batch 300/2278: Loss=1.1918, Cls=0.0036, Reg=0.0000, Con=3.9607
2025-09-14 01:28:30,054 - INFO - Batch 310/2278: Loss=1.1883, Cls=0.0000, Reg=0.0000, Con=3.9610
2025-09-14 01:28:30,936 - INFO - Batch 320/2278: Loss=1.1884, Cls=0.0000, Reg=0.0000, Con=3.9612
2025-09-14 01:28:31,821 - INFO - Batch 330/2278: Loss=0.0000, Cls=0.0000, Reg=0.0000, Con=0.0000
2025-09-14 01:28:32,697 - INFO - Batch 340/2278: Loss=0.0000, Cls=0.0000, Reg=0.0000, Con=0.0000
2025-09-14 01:28:33,594 - INFO - Batch 350/2278: Loss=1.1884, Cls=0.0000, Reg=0.0000, Con=3.9612
2025-09-14 01:28:34,508 - INFO - Batch 360/2278: Loss=1.1883, Cls=0.0000, Reg=0.0000, Con=3.9611
2025-09-14 01:28:35,396 - INFO - Batch 370/2278: Loss=1.1882, Cls=0.0000, Reg=0.0000, Con=3.9608
2025-09-14 01:28:36,287 - INFO - Batch 380/2278: Loss=1.1882, Cls=0.0000, Reg=0.0000, Con=3.9608
2025-09-14 01:28:37,209 - INFO - Batch 390/2278: Loss=1.1883, Cls=0.0000, Reg=0.0000, Con=3.9609
2025-09-14 01:28:38,170 - INFO - Batch 400/2278: Loss=0.0000, Cls=0.0000, Reg=0.0000, Con=0.0000
2025-09-14 01:28:39,070 - INFO - Batch 410/2278: Loss=1.1886, Cls=0.0004, Reg=0.0000, Con=3.9609
2025-09-14 01:28:39,937 - INFO - Batch 420/2278: Loss=1.1883, Cls=0.0000, Reg=0.0000, Con=3.9609
2025-09-14 01:28:40,803 - INFO - Batch 430/2278: Loss=1.1884, Cls=0.0000, Reg=0.0000, Con=3.9614
2025-09-14 01:28:41,675 - INFO - Batch 440/2278: Loss=0.0000, Cls=0.0000, Reg=0.0000, Con=0.0000
2025-09-14 01:28:42,569 - INFO - Batch 450/2278: Loss=1.1882, Cls=0.0000, Reg=0.0000, Con=3.9608
2025-09-14 01:28:43,473 - INFO - Batch 460/2278: Loss=0.4599, Cls=0.4599, Reg=0.0000, Con=0.0000
2025-09-14 01:28:44,383 - INFO - Batch 470/2278: Loss=0.0000, Cls=0.0000, Reg=0.0000, Con=0.0000
2025-09-14 01:28:45,388 - INFO - Batch 480/2278: Loss=1.1883, Cls=0.0000, Reg=0.0000, Con=3.9609
2025-09-14 01:28:46,318 - INFO - Batch 490/2278: Loss=0.0000, Cls=0.0000, Reg=0.0000, Con=0.0000
2025-09-14 01:28:47,207 - INFO - Batch 500/2278: Loss=0.0000, Cls=0.0000, Reg=0.0000, Con=0.0000
2025-09-14 01:28:48,115 - INFO - Batch 510/2278: Loss=1.1882, Cls=0.0000, Reg=0.0000, Con=3.9608
2025-09-14 01:28:49,026 - INFO - Batch 520/2278: Loss=0.0000, Cls=0.0000, Reg=0.0000, Con=0.0000
2025-09-14 01:28:49,884 - INFO - Batch 530/2278: Loss=1.1882, Cls=0.0000, Reg=0.0000, Con=3.9608
2025-09-14 01:28:50,779 - INFO - Batch 540/2278: Loss=1.1883, Cls=0.0000, Reg=0.0000, Con=3.9609
2025-09-14 01:28:51,672 - INFO - Batch 550/2278: Loss=0.0000, Cls=0.0000, Reg=0.0000, Con=0.0000
2025-09-14 01:28:52,593 - INFO - Batch 560/2278: Loss=1.1883, Cls=0.0000, Reg=0.0000, Con=3.9609
2025-09-14 01:28:53,528 - INFO - Batch 570/2278: Loss=1.1882, Cls=0.0000, Reg=0.0000, Con=3.9608
2025-09-14 01:28:54,594 - INFO - Batch 580/2278: Loss=0.0000, Cls=0.0000, Reg=0.0000, Con=0.0000
2025-09-14 01:28:55,464 - INFO - Batch 590/2278: Loss=1.1883, Cls=0.0000, Reg=0.0000, Con=3.9608
2025-09-14 01:28:56,382 - INFO - Batch 600/2278: Loss=0.0000, Cls=0.0000, Reg=0.0000, Con=0.0000
2025-09-14 01:28:57,315 - INFO - Batch 610/2278: Loss=0.0000, Cls=0.0000, Reg=0.0000, Con=0.0000
2025-09-14 01:28:58,214 - INFO - Batch 620/2278: Loss=1.1882, Cls=0.0000, Reg=0.0000, Con=3.9608
2025-09-14 01:28:59,077 - INFO - Batch 630/2278: Loss=1.1884, Cls=0.0001, Reg=0.0000, Con=3.9611
2025-09-14 01:28:59,989 - INFO - Batch 640/2278: Loss=1.2074, Cls=0.0192, Reg=0.0000, Con=3.9607
2025-09-14 01:29:00,868 - INFO - Batch 650/2278: Loss=1.1883, Cls=0.0000, Reg=0.0000, Con=3.9608
2025-09-14 01:29:01,771 - INFO - Batch 660/2278: Loss=0.0000, Cls=0.0000, Reg=0.0000, Con=0.0000
2025-09-14 01:29:02,679 - INFO - Batch 670/2278: Loss=1.1883, Cls=0.0000, Reg=0.0000, Con=3.9609
2025-09-14 01:29:03,598 - INFO - Batch 680/2278: Loss=0.0000, Cls=0.0000, Reg=0.0000, Con=0.0000
2025-09-14 01:29:04,459 - INFO - Batch 690/2278: Loss=1.1883, Cls=0.0000, Reg=0.0000, Con=3.9609
2025-09-14 01:29:05,353 - INFO - Batch 700/2278: Loss=1.1883, Cls=0.0000, Reg=0.0000, Con=3.9610
2025-09-14 01:29:06,333 - INFO - Batch 710/2278: Loss=1.1883, Cls=0.0000, Reg=0.0000, Con=3.9610
2025-09-14 01:29:07,234 - INFO - Batch 720/2278: Loss=1.1883, Cls=0.0000, Reg=0.0000, Con=3.9610
2025-09-14 01:29:08,142 - INFO - Batch 730/2278: Loss=1.1883, Cls=0.0000, Reg=0.0000, Con=3.9609
2025-09-14 01:29:09,049 - INFO - Batch 740/2278: Loss=1.1882, Cls=0.0000, Reg=0.0000, Con=3.9606
2025-09-14 01:29:09,922 - INFO - Batch 750/2278: Loss=1.1885, Cls=0.0004, Reg=0.0000, Con=3.9606
2025-09-14 01:29:10,848 - INFO - Batch 760/2278: Loss=1.1958, Cls=0.0075, Reg=0.0000, Con=3.9611
2025-09-14 01:29:11,780 - INFO - Batch 770/2278: Loss=1.1883, Cls=0.0000, Reg=0.0000, Con=3.9611
2025-09-14 01:29:12,681 - INFO - Batch 780/2278: Loss=6.1906, Cls=6.1906, Reg=0.0000, Con=0.0000
2025-09-14 01:29:13,550 - INFO - Batch 790/2278: Loss=1.1883, Cls=0.0000, Reg=0.0000, Con=3.9609
2025-09-14 01:29:14,459 - INFO - Batch 800/2278: Loss=1.2071, Cls=0.0187, Reg=0.0000, Con=3.9612
2025-09-14 01:29:15,334 - INFO - Batch 810/2278: Loss=0.0021, Cls=0.0021, Reg=0.0000, Con=0.0000
2025-09-14 01:29:16,225 - INFO - Batch 820/2278: Loss=1.1882, Cls=0.0000, Reg=0.0000, Con=3.9608
2025-09-14 01:29:17,114 - INFO - Batch 830/2278: Loss=1.1883, Cls=0.0000, Reg=0.0000, Con=3.9609
2025-09-14 01:29:18,004 - INFO - Batch 840/2278: Loss=0.0000, Cls=0.0000, Reg=0.0000, Con=0.0000
2025-09-14 01:29:18,952 - INFO - Batch 850/2278: Loss=0.0000, Cls=0.0000, Reg=0.0000, Con=0.0000
2025-09-14 01:29:19,836 - INFO - Batch 860/2278: Loss=1.1883, Cls=0.0000, Reg=0.0000, Con=3.9611
2025-09-14 01:29:20,713 - INFO - Batch 870/2278: Loss=1.1982, Cls=0.0100, Reg=0.0000, Con=3.9609
2025-09-14 01:29:21,657 - INFO - Batch 880/2278: Loss=0.9394, Cls=0.9394, Reg=0.0000, Con=0.0000
2025-09-14 01:29:22,546 - INFO - Batch 890/2278: Loss=1.3958, Cls=0.2075, Reg=0.0000, Con=3.9609
2025-09-14 01:29:23,457 - INFO - Batch 900/2278: Loss=0.0000, Cls=0.0000, Reg=0.0000, Con=0.0000
2025-09-14 01:29:24,327 - INFO - Batch 910/2278: Loss=0.2345, Cls=0.2345, Reg=0.0000, Con=0.0000
2025-09-14 01:29:25,255 - INFO - Batch 920/2278: Loss=0.0038, Cls=0.0038, Reg=0.0000, Con=0.0000
2025-09-14 01:29:26,132 - INFO - Batch 930/2278: Loss=0.0003, Cls=0.0003, Reg=0.0000, Con=0.0000
2025-09-14 01:29:27,033 - INFO - Batch 940/2278: Loss=1.1884, Cls=0.0000, Reg=0.0000, Con=3.9613
2025-09-14 01:29:28,020 - INFO - Batch 950/2278: Loss=0.0002, Cls=0.0002, Reg=0.0000, Con=0.0000
2025-09-14 01:29:28,986 - INFO - Batch 960/2278: Loss=0.0000, Cls=0.0000, Reg=0.0000, Con=0.0000
2025-09-14 01:29:29,898 - INFO - Batch 970/2278: Loss=1.1890, Cls=0.0008, Reg=0.0000, Con=3.9608
2025-09-14 01:29:30,764 - INFO - Batch 980/2278: Loss=1.1883, Cls=0.0000, Reg=0.0000, Con=3.9609
2025-09-14 01:29:31,672 - INFO - Batch 990/2278: Loss=1.2071, Cls=0.0189, Reg=0.0000, Con=3.9609
2025-09-14 01:29:32,536 - INFO - Batch 1000/2278: Loss=1.1883, Cls=0.0000, Reg=0.0000, Con=3.9610
2025-09-14 01:29:33,446 - INFO - Batch 1010/2278: Loss=1.1882, Cls=0.0000, Reg=0.0000, Con=3.9608
2025-09-14 01:29:34,332 - INFO - Batch 1020/2278: Loss=1.1882, Cls=0.0000, Reg=0.0000, Con=3.9608
2025-09-14 01:29:35,214 - INFO - Batch 1030/2278: Loss=0.0000, Cls=0.0000, Reg=0.0000, Con=0.0000
2025-09-14 01:29:36,114 - INFO - Batch 1040/2278: Loss=1.1884, Cls=0.0000, Reg=0.0000, Con=3.9613
2025-09-14 01:29:37,111 - INFO - Batch 1050/2278: Loss=0.0000, Cls=0.0000, Reg=0.0000, Con=0.0000
2025-09-14 01:29:38,090 - INFO - Batch 1060/2278: Loss=1.1883, Cls=0.0000, Reg=0.0000, Con=3.9611
2025-09-14 01:29:39,063 - INFO - Batch 1070/2278: Loss=1.1886, Cls=0.0003, Reg=0.0000, Con=3.9609
2025-09-14 01:29:39,964 - INFO - Batch 1080/2278: Loss=0.0000, Cls=0.0000, Reg=0.0000, Con=0.0000
2025-09-14 01:29:40,857 - INFO - Batch 1090/2278: Loss=1.1915, Cls=0.0032, Reg=0.0000, Con=3.9611
2025-09-14 01:29:41,735 - INFO - Batch 1100/2278: Loss=1.1883, Cls=0.0000, Reg=0.0000, Con=3.9611
2025-09-14 01:29:42,597 - INFO - Batch 1110/2278: Loss=0.0000, Cls=0.0000, Reg=0.0000, Con=0.0000
2025-09-14 01:29:43,490 - INFO - Batch 1120/2278: Loss=0.0000, Cls=0.0000, Reg=0.0000, Con=0.0000
2025-09-14 01:29:44,380 - INFO - Batch 1130/2278: Loss=3.2668, Cls=3.2668, Reg=0.0000, Con=0.0000
2025-09-14 01:29:45,257 - INFO - Batch 1140/2278: Loss=1.1883, Cls=0.0000, Reg=0.0000, Con=3.9609
2025-09-14 01:29:46,132 - INFO - Batch 1150/2278: Loss=0.0000, Cls=0.0000, Reg=0.0000, Con=0.0000
2025-09-14 01:29:47,151 - INFO - Batch 1160/2278: Loss=0.0000, Cls=0.0000, Reg=0.0000, Con=0.0000
2025-09-14 01:29:48,028 - INFO - Batch 1170/2278: Loss=10.0702, Cls=8.8820, Reg=0.0000, Con=3.9608
2025-09-14 01:29:48,921 - INFO - Batch 1180/2278: Loss=1.1884, Cls=0.0000, Reg=0.0000, Con=3.9613
2025-09-14 01:29:49,817 - INFO - Batch 1190/2278: Loss=1.1991, Cls=0.0108, Reg=0.0000, Con=3.9609
2025-09-14 01:29:50,682 - INFO - Batch 1200/2278: Loss=1.1883, Cls=0.0000, Reg=0.0000, Con=3.9611
2025-09-14 01:29:51,561 - INFO - Batch 1210/2278: Loss=1.1883, Cls=0.0000, Reg=0.0000, Con=3.9611
2025-09-14 01:29:52,455 - INFO - Batch 1220/2278: Loss=1.1883, Cls=0.0000, Reg=0.0000, Con=3.9609
2025-09-14 01:29:53,357 - INFO - Batch 1230/2278: Loss=0.0000, Cls=0.0000, Reg=0.0000, Con=0.0000
2025-09-14 01:29:54,231 - INFO - Batch 1240/2278: Loss=1.1882, Cls=0.0000, Reg=0.0000, Con=3.9608
2025-09-14 01:29:55,136 - INFO - Batch 1250/2278: Loss=1.1883, Cls=0.0000, Reg=0.0000, Con=3.9609
2025-09-14 01:29:56,016 - INFO - Batch 1260/2278: Loss=0.0000, Cls=0.0000, Reg=0.0000, Con=0.0000
2025-09-14 01:29:56,928 - INFO - Batch 1270/2278: Loss=1.1883, Cls=0.0000, Reg=0.0000, Con=3.9610
2025-09-14 01:29:57,864 - INFO - Batch 1280/2278: Loss=1.1883, Cls=0.0001, Reg=0.0000, Con=3.9607
2025-09-14 01:29:58,861 - INFO - Batch 1290/2278: Loss=0.0000, Cls=0.0000, Reg=0.0000, Con=0.0000
2025-09-14 01:29:59,740 - INFO - Batch 1300/2278: Loss=0.0000, Cls=0.0000, Reg=0.0000, Con=0.0000
2025-09-14 01:30:00,730 - INFO - Batch 1310/2278: Loss=1.1882, Cls=0.0000, Reg=0.0000, Con=3.9608
2025-09-14 01:30:01,731 - INFO - Batch 1320/2278: Loss=1.1889, Cls=0.0006, Reg=0.0000, Con=3.9610
2025-09-14 01:30:02,645 - INFO - Batch 1330/2278: Loss=1.1883, Cls=0.0000, Reg=0.0000, Con=3.9610
2025-09-14 01:30:03,524 - INFO - Batch 1340/2278: Loss=1.1882, Cls=0.0000, Reg=0.0000, Con=3.9608
2025-09-14 01:30:04,571 - INFO - Batch 1350/2278: Loss=1.3103, Cls=0.1220, Reg=0.0000, Con=3.9608
2025-09-14 01:30:05,512 - INFO - Batch 1360/2278: Loss=1.1960, Cls=0.0076, Reg=0.0000, Con=3.9612
2025-09-14 01:30:06,397 - INFO - Batch 1370/2278: Loss=2.1000, Cls=0.9117, Reg=0.0000, Con=3.9610
2025-09-14 01:30:07,295 - INFO - Batch 1380/2278: Loss=1.1882, Cls=0.0000, Reg=0.0000, Con=3.9608
2025-09-14 01:30:08,204 - INFO - Batch 1390/2278: Loss=9.1153, Cls=7.9270, Reg=0.0000, Con=3.9610
2025-09-14 01:30:09,143 - INFO - Batch 1400/2278: Loss=1.1884, Cls=0.0000, Reg=0.0000, Con=3.9615
2025-09-14 01:30:10,132 - INFO - Batch 1410/2278: Loss=0.0000, Cls=0.0000, Reg=0.0000, Con=0.0000
2025-09-14 01:30:11,070 - INFO - Batch 1420/2278: Loss=6.8070, Cls=5.6187, Reg=0.0000, Con=3.9610
2025-09-14 01:30:12,104 - INFO - Batch 1430/2278: Loss=0.0000, Cls=0.0000, Reg=0.0000, Con=0.0000
2025-09-14 01:30:13,169 - INFO - Batch 1440/2278: Loss=1.1882, Cls=0.0000, Reg=0.0000, Con=3.9606
2025-09-14 01:30:14,131 - INFO - Batch 1450/2278: Loss=0.0000, Cls=0.0000, Reg=0.0000, Con=0.0000
2025-09-14 01:30:15,017 - INFO - Batch 1460/2278: Loss=0.0000, Cls=0.0000, Reg=0.0000, Con=0.0000
2025-09-14 01:30:15,927 - INFO - Batch 1470/2278: Loss=2.8547, Cls=1.6665, Reg=0.0000, Con=3.9607
2025-09-14 01:30:16,805 - INFO - Batch 1480/2278: Loss=1.1882, Cls=0.0000, Reg=0.0000, Con=3.9608
2025-09-14 01:30:17,816 - INFO - Batch 1490/2278: Loss=0.0000, Cls=0.0000, Reg=0.0000, Con=0.0000
2025-09-14 01:30:18,701 - INFO - Batch 1500/2278: Loss=1.1883, Cls=0.0000, Reg=0.0000, Con=3.9610
2025-09-14 01:30:19,594 - INFO - Batch 1510/2278: Loss=1.1883, Cls=0.0000, Reg=0.0000, Con=3.9609
2025-09-14 01:30:20,465 - INFO - Batch 1520/2278: Loss=0.0000, Cls=0.0000, Reg=0.0000, Con=0.0000
2025-09-14 01:30:21,356 - INFO - Batch 1530/2278: Loss=1.1882, Cls=0.0000, Reg=0.0000, Con=3.9608
2025-09-14 01:30:22,279 - INFO - Batch 1540/2278: Loss=1.1883, Cls=0.0000, Reg=0.0000, Con=3.9610
2025-09-14 01:30:23,276 - INFO - Batch 1550/2278: Loss=1.1883, Cls=0.0000, Reg=0.0000, Con=3.9611
2025-09-14 01:30:24,171 - INFO - Batch 1560/2278: Loss=1.1883, Cls=0.0000, Reg=0.0000, Con=3.9608
2025-09-14 01:30:25,087 - INFO - Batch 1570/2278: Loss=0.0000, Cls=0.0000, Reg=0.0000, Con=0.0000
2025-09-14 01:30:25,961 - INFO - Batch 1580/2278: Loss=1.1882, Cls=0.0000, Reg=0.0000, Con=3.9608
2025-09-14 01:30:26,853 - INFO - Batch 1590/2278: Loss=0.0015, Cls=0.0015, Reg=0.0000, Con=0.0000
2025-09-14 01:30:27,735 - INFO - Batch 1600/2278: Loss=1.1886, Cls=0.0003, Reg=0.0000, Con=3.9608
2025-09-14 01:30:28,647 - INFO - Batch 1610/2278: Loss=0.0000, Cls=0.0000, Reg=0.0000, Con=0.0000
2025-09-14 01:30:29,549 - INFO - Batch 1620/2278: Loss=1.1882, Cls=0.0000, Reg=0.0000, Con=3.9608
2025-09-14 01:30:30,429 - INFO - Batch 1630/2278: Loss=1.1883, Cls=0.0000, Reg=0.0000, Con=3.9610
2025-09-14 01:30:31,363 - INFO - Batch 1640/2278: Loss=0.0000, Cls=0.0000, Reg=0.0000, Con=0.0000
2025-09-14 01:30:32,263 - INFO - Batch 1650/2278: Loss=1.1883, Cls=0.0000, Reg=0.0000, Con=3.9609
2025-09-14 01:30:33,147 - INFO - Batch 1660/2278: Loss=1.1884, Cls=0.0000, Reg=0.0000, Con=3.9613
2025-09-14 01:30:34,004 - INFO - Batch 1670/2278: Loss=1.1883, Cls=0.0000, Reg=0.0000, Con=3.9609
2025-09-14 01:30:34,886 - INFO - Batch 1680/2278: Loss=1.1882, Cls=0.0000, Reg=0.0000, Con=3.9607
2025-09-14 01:30:35,782 - INFO - Batch 1690/2278: Loss=1.1883, Cls=0.0000, Reg=0.0000, Con=3.9610
2025-09-14 01:30:36,725 - INFO - Batch 1700/2278: Loss=1.1883, Cls=0.0000, Reg=0.0000, Con=3.9608
2025-09-14 01:30:37,613 - INFO - Batch 1710/2278: Loss=0.0000, Cls=0.0000, Reg=0.0000, Con=0.0000
2025-09-14 01:30:38,535 - INFO - Batch 1720/2278: Loss=0.0000, Cls=0.0000, Reg=0.0000, Con=0.0000
2025-09-14 01:30:39,417 - INFO - Batch 1730/2278: Loss=1.1882, Cls=0.0000, Reg=0.0000, Con=3.9608
2025-09-14 01:30:40,287 - INFO - Batch 1740/2278: Loss=1.1883, Cls=0.0000, Reg=0.0000, Con=3.9609
2025-09-14 01:30:41,205 - INFO - Batch 1750/2278: Loss=1.1942, Cls=0.0059, Reg=0.0000, Con=3.9608
2025-09-14 01:30:42,114 - INFO - Batch 1760/2278: Loss=1.1884, Cls=0.0000, Reg=0.0000, Con=3.9612
2025-09-14 01:30:43,004 - INFO - Batch 1770/2278: Loss=0.9065, Cls=0.9065, Reg=0.0000, Con=0.0000
2025-09-14 01:30:43,888 - INFO - Batch 1780/2278: Loss=0.0000, Cls=0.0000, Reg=0.0000, Con=0.0000
2025-09-14 01:30:44,864 - INFO - Batch 1790/2278: Loss=0.0000, Cls=0.0000, Reg=0.0000, Con=0.0000
2025-09-14 01:30:45,894 - INFO - Batch 1800/2278: Loss=1.1882, Cls=0.0000, Reg=0.0000, Con=3.9607
2025-09-14 01:30:46,782 - INFO - Batch 1810/2278: Loss=0.0008, Cls=0.0008, Reg=0.0000, Con=0.0000
2025-09-14 01:30:47,647 - INFO - Batch 1820/2278: Loss=0.0104, Cls=0.0104, Reg=0.0000, Con=0.0000
2025-09-14 01:30:48,511 - INFO - Batch 1830/2278: Loss=1.1882, Cls=0.0000, Reg=0.0000, Con=3.9608
2025-09-14 01:30:49,401 - INFO - Batch 1840/2278: Loss=0.0000, Cls=0.0000, Reg=0.0000, Con=0.0000
2025-09-14 01:30:50,300 - INFO - Batch 1850/2278: Loss=2.2122, Cls=1.0239, Reg=0.0000, Con=3.9609
2025-09-14 01:30:51,195 - INFO - Batch 1860/2278: Loss=1.1882, Cls=0.0000, Reg=0.0000, Con=3.9607
2025-09-14 01:30:52,125 - INFO - Batch 1870/2278: Loss=0.0000, Cls=0.0000, Reg=0.0000, Con=0.0000
2025-09-14 01:30:53,010 - INFO - Batch 1880/2278: Loss=1.1882, Cls=0.0000, Reg=0.0000, Con=3.9607
2025-09-14 01:30:53,885 - INFO - Batch 1890/2278: Loss=0.0000, Cls=0.0000, Reg=0.0000, Con=0.0000
2025-09-14 01:30:54,779 - INFO - Batch 1900/2278: Loss=0.0000, Cls=0.0000, Reg=0.0000, Con=0.0000
2025-09-14 01:30:55,635 - INFO - Batch 1910/2278: Loss=1.1883, Cls=0.0000, Reg=0.0000, Con=3.9610
2025-09-14 01:30:56,514 - INFO - Batch 1920/2278: Loss=0.0000, Cls=0.0000, Reg=0.0000, Con=0.0000
2025-09-14 01:30:57,467 - INFO - Batch 1930/2278: Loss=1.1883, Cls=0.0000, Reg=0.0000, Con=3.9611
2025-09-14 01:30:58,432 - INFO - Batch 1940/2278: Loss=1.3647, Cls=0.1765, Reg=0.0000, Con=3.9607
2025-09-14 01:30:59,313 - INFO - Batch 1950/2278: Loss=1.1883, Cls=0.0000, Reg=0.0000, Con=3.9609
2025-09-14 01:31:00,269 - INFO - Batch 1960/2278: Loss=1.1883, Cls=0.0000, Reg=0.0000, Con=3.9610
2025-09-14 01:31:01,209 - INFO - Batch 1970/2278: Loss=0.0000, Cls=0.0000, Reg=0.0000, Con=0.0000
2025-09-14 01:31:02,110 - INFO - Batch 1980/2278: Loss=1.1883, Cls=0.0000, Reg=0.0000, Con=3.9610
2025-09-14 01:31:02,978 - INFO - Batch 1990/2278: Loss=1.7317, Cls=0.5435, Reg=0.0000, Con=3.9608
2025-09-14 01:31:03,846 - INFO - Batch 2000/2278: Loss=1.1883, Cls=0.0000, Reg=0.0000, Con=3.9610
2025-09-14 01:31:04,845 - INFO - Batch 2010/2278: Loss=1.1884, Cls=0.0001, Reg=0.0000, Con=3.9608
2025-09-14 01:31:05,764 - INFO - Batch 2020/2278: Loss=1.1882, Cls=0.0000, Reg=0.0000, Con=3.9608
2025-09-14 01:31:06,640 - INFO - Batch 2030/2278: Loss=1.1882, Cls=0.0000, Reg=0.0000, Con=3.9608
2025-09-14 01:31:07,502 - INFO - Batch 2040/2278: Loss=1.1883, Cls=0.0000, Reg=0.0000, Con=3.9610
2025-09-14 01:31:08,420 - INFO - Batch 2050/2278: Loss=0.0808, Cls=0.0808, Reg=0.0000, Con=0.0000
2025-09-14 01:31:09,300 - INFO - Batch 2060/2278: Loss=1.1883, Cls=0.0000, Reg=0.0000, Con=3.9609
2025-09-14 01:31:10,187 - INFO - Batch 2070/2278: Loss=0.0000, Cls=0.0000, Reg=0.0000, Con=0.0000
2025-09-14 01:31:11,063 - INFO - Batch 2080/2278: Loss=1.1884, Cls=0.0000, Reg=0.0000, Con=3.9613
2025-09-14 01:31:11,963 - INFO - Batch 2090/2278: Loss=1.1882, Cls=0.0000, Reg=0.0000, Con=3.9607
2025-09-14 01:31:12,848 - INFO - Batch 2100/2278: Loss=1.1886, Cls=0.0000, Reg=0.0000, Con=3.9619
2025-09-14 01:31:13,720 - INFO - Batch 2110/2278: Loss=1.1883, Cls=0.0000, Reg=0.0000, Con=3.9609
2025-09-14 01:31:14,593 - INFO - Batch 2120/2278: Loss=0.0000, Cls=0.0000, Reg=0.0000, Con=0.0000
2025-09-14 01:31:15,465 - INFO - Batch 2130/2278: Loss=0.0000, Cls=0.0000, Reg=0.0000, Con=0.0000
2025-09-14 01:31:16,362 - INFO - Batch 2140/2278: Loss=0.0000, Cls=0.0000, Reg=0.0000, Con=0.0000
2025-09-14 01:31:17,299 - INFO - Batch 2150/2278: Loss=1.1882, Cls=0.0000, Reg=0.0000, Con=3.9608
2025-09-14 01:31:18,278 - INFO - Batch 2160/2278: Loss=1.1883, Cls=0.0000, Reg=0.0000, Con=3.9609
2025-09-14 01:31:19,190 - INFO - Batch 2170/2278: Loss=1.1882, Cls=0.0000, Reg=0.0000, Con=3.9608
2025-09-14 01:31:20,154 - INFO - Batch 2180/2278: Loss=0.0000, Cls=0.0000, Reg=0.0000, Con=0.0000
2025-09-14 01:31:21,044 - INFO - Batch 2190/2278: Loss=1.1883, Cls=0.0000, Reg=0.0000, Con=3.9609
2025-09-14 01:31:21,962 - INFO - Batch 2200/2278: Loss=1.2376, Cls=0.0493, Reg=0.0000, Con=3.9608
2025-09-14 01:31:22,845 - INFO - Batch 2210/2278: Loss=0.0000, Cls=0.0000, Reg=0.0000, Con=0.0000
2025-09-14 01:31:23,731 - INFO - Batch 2220/2278: Loss=0.0000, Cls=0.0000, Reg=0.0000, Con=0.0000
2025-09-14 01:31:24,612 - INFO - Batch 2230/2278: Loss=1.1883, Cls=0.0000, Reg=0.0000, Con=3.9609
2025-09-14 01:31:25,560 - INFO - Batch 2240/2278: Loss=1.1885, Cls=0.0000, Reg=0.0000, Con=3.9617
2025-09-14 01:31:26,540 - INFO - Batch 2250/2278: Loss=1.1883, Cls=0.0000, Reg=0.0000, Con=3.9608
2025-09-14 01:31:27,424 - INFO - Batch 2260/2278: Loss=0.0000, Cls=0.0000, Reg=0.0000, Con=0.0000
2025-09-14 01:31:28,300 - INFO - Batch 2270/2278: Loss=0.0000, Cls=0.0000, Reg=0.0000, Con=0.0000
2025-09-14 01:34:56,273 - INFO - === Epoch 3 Results ===
2025-09-14 01:34:56,273 - INFO - Training Loss: 0.9155 (Classification: 0.1351, Regression: 0.0000)
2025-09-14 01:34:56,273 - INFO - Validation Loss: 0.0663 (Classification: 0.0663, Regression: 0.0000)
2025-09-14 01:34:56,273 - INFO - Average Classification Accuracy: 0.7853 (on 1/26 tasks)
2025-09-14 01:34:56,273 - INFO - Average AUC: 0.8537
2025-09-14 01:34:56,273 - INFO - Training finished!
2025-09-14 01:34:56,273 - INFO - Performing final evaluation...
2025-09-14 01:34:56,490 - INFO - Loaded best model from: experiments/r1c3_headft_cls_6_seed_42_20250914_011419/checkpoints/r1c3_headft_cls_6_seed_42_best.pth
2025-09-14 01:38:23,183 - INFO - Final Validation Results:
2025-09-14 01:38:23,183 - INFO -   Total Loss: 0.0571
2025-09-14 01:38:23,183 - INFO -   Classification Loss: 0.0571
2025-09-14 01:38:23,183 - INFO -   Regression Loss: 0.0000
2025-09-14 01:38:23,183 - INFO -   Average Classification Accuracy: 0.7853
2025-09-14 01:38:23,184 - INFO -   Average AUC: 0.8486
2025-09-14 01:38:23,184 - INFO - Results saved to: experiments/r1c3_headft_cls_6_seed_42_20250914_011419/checkpoints/r1c3_headft_cls_6_seed_42_results.json
