2025-09-13 18:10:16,149 - INFO - 🔬 Starting experiment: r1c3_single_cls_2_seed_42
2025-09-13 18:10:16,149 - INFO - 📁 Experiment directory: experiments/r1c3_single_cls_2_seed_42_20250913_181015
2025-09-13 18:10:16,149 - INFO - 🎲 Random seed: 42
2025-09-13 18:10:16,149 - INFO - 🔒 Deterministic mode: True
2025-09-13 18:10:16,149 - INFO - Using device: cuda
2025-09-13 18:10:16,149 - INFO - Total GPU Memory: 25.16 GB
2025-09-13 18:10:16,161 - INFO - 🧪 Fusion: Using cross-attention dynamic fusion
2025-09-13 18:10:16,161 - INFO - 🧪 GNN Backbone: Using default GraphAttentionNetwork branch
2025-09-13 18:10:16,162 - INFO - 🎯 Task Mode: Single classification endpoint 2
2025-09-13 18:10:16,162 - INFO - Configuration saved to: experiments/r1c3_single_cls_2_seed_42_20250913_181015/checkpoints/config.json
2025-09-13 18:10:16,162 - INFO - 🚀 Using preprocessed data from: data/data/processed
2025-09-13 18:10:16,162 - INFO - Loading LMDB dataset from: data/data/processed
2025-09-13 18:10:16,560 - INFO - Number of training batches: 2278
2025-09-13 18:10:16,560 - INFO - Number of validation batches: 2278
2025-09-13 18:10:16,560 - INFO - Number of test batches: 2278
2025-09-13 18:10:16,560 - INFO - Creating ToxD4C model...
2025-09-13 18:10:17,713 - INFO - Model created successfully. Total parameters: 100,932,036
2025-09-13 18:10:17,714 - INFO - Testing model forward pass...
2025-09-13 18:10:18,158 - INFO - Test output shapes:
2025-09-13 18:10:18,158 - INFO -   classification: torch.Size([16, 1])
2025-09-13 18:10:18,161 - INFO -   classification contains NaN: False
2025-09-13 18:10:18,161 - INFO -   classification contains Inf: False
2025-09-13 18:10:18,161 - INFO -   regression: torch.Size([16, 0])
2025-09-13 18:10:18,161 - INFO -   regression contains NaN: False
2025-09-13 18:10:18,161 - INFO -   regression contains Inf: False
2025-09-13 18:10:18,161 - INFO - Model forward pass test successful!
2025-09-13 18:10:18,864 - INFO - 🔁 Loaded checkpoint from: experiments/r1c3_multi_full_seed_42_20250913_152627/checkpoints/r1c3_multi_full_seed_42_best.pth
2025-09-13 18:10:18,865 - INFO - 🧩 Head-only fine-tuning: unfroze head for task 'Respiratory toxicity' and froze trunk.
2025-09-13 18:10:18,866 - INFO - Starting training...
2025-09-13 18:10:18,866 - INFO - 
Epoch 1/3
2025-09-13 18:10:18,993 - INFO - Batch 0/2278: Loss=0.0000, Cls=0.0000, Reg=0.0000, Con=0.0000
2025-09-13 18:10:20,023 - INFO - Batch 10/2278: Loss=0.4043, Cls=0.4043, Reg=0.0000, Con=0.0000
2025-09-13 18:10:20,877 - INFO - Batch 20/2278: Loss=1.1883, Cls=0.0000, Reg=0.0000, Con=3.9610
2025-09-13 18:10:21,743 - INFO - Batch 30/2278: Loss=1.8808, Cls=0.6926, Reg=0.0000, Con=3.9608
2025-09-13 18:10:22,628 - INFO - Batch 40/2278: Loss=1.1629, Cls=1.1629, Reg=0.0000, Con=0.0000
2025-09-13 18:10:23,518 - INFO - Batch 50/2278: Loss=1.1883, Cls=0.0000, Reg=0.0000, Con=3.9609
2025-09-13 18:10:24,388 - INFO - Batch 60/2278: Loss=1.2084, Cls=0.0201, Reg=0.0000, Con=3.9609
2025-09-13 18:10:25,267 - INFO - Batch 70/2278: Loss=1.1882, Cls=0.0000, Reg=0.0000, Con=3.9608
2025-09-13 18:10:26,127 - INFO - Batch 80/2278: Loss=0.0164, Cls=0.0164, Reg=0.0000, Con=0.0000
2025-09-13 18:10:27,019 - INFO - Batch 90/2278: Loss=0.0000, Cls=0.0000, Reg=0.0000, Con=0.0000
2025-09-13 18:10:27,872 - INFO - Batch 100/2278: Loss=0.0000, Cls=0.0000, Reg=0.0000, Con=0.0000
2025-09-13 18:10:28,751 - INFO - Batch 110/2278: Loss=0.0000, Cls=0.0000, Reg=0.0000, Con=0.0000
2025-09-13 18:10:29,619 - INFO - Batch 120/2278: Loss=1.1883, Cls=0.0000, Reg=0.0000, Con=3.9609
2025-09-13 18:10:30,487 - INFO - Batch 130/2278: Loss=1.1883, Cls=0.0000, Reg=0.0000, Con=3.9609
2025-09-13 18:10:31,350 - INFO - Batch 140/2278: Loss=1.1884, Cls=0.0000, Reg=0.0000, Con=3.9615
2025-09-13 18:10:32,241 - INFO - Batch 150/2278: Loss=1.1884, Cls=0.0000, Reg=0.0000, Con=3.9613
2025-09-13 18:10:33,118 - INFO - Batch 160/2278: Loss=1.1883, Cls=0.0000, Reg=0.0000, Con=3.9611
2025-09-13 18:10:33,990 - INFO - Batch 170/2278: Loss=1.1943, Cls=0.0060, Reg=0.0000, Con=3.9611
2025-09-13 18:10:34,880 - INFO - Batch 180/2278: Loss=1.1883, Cls=0.0000, Reg=0.0000, Con=3.9610
2025-09-13 18:10:35,740 - INFO - Batch 190/2278: Loss=1.6577, Cls=0.4694, Reg=0.0000, Con=3.9608
2025-09-13 18:10:36,595 - INFO - Batch 200/2278: Loss=0.0682, Cls=0.0682, Reg=0.0000, Con=0.0000
2025-09-13 18:10:37,484 - INFO - Batch 210/2278: Loss=0.0000, Cls=0.0000, Reg=0.0000, Con=0.0000
2025-09-13 18:10:38,357 - INFO - Batch 220/2278: Loss=0.0000, Cls=0.0000, Reg=0.0000, Con=0.0000
2025-09-13 18:10:39,237 - INFO - Batch 230/2278: Loss=1.2122, Cls=0.0239, Reg=0.0000, Con=3.9610
2025-09-13 18:10:40,094 - INFO - Batch 240/2278: Loss=1.2020, Cls=0.0138, Reg=0.0000, Con=3.9608
2025-09-13 18:10:40,966 - INFO - Batch 250/2278: Loss=0.0000, Cls=0.0000, Reg=0.0000, Con=0.0000
2025-09-13 18:10:41,826 - INFO - Batch 260/2278: Loss=0.0000, Cls=0.0000, Reg=0.0000, Con=0.0000
2025-09-13 18:10:42,702 - INFO - Batch 270/2278: Loss=0.0000, Cls=0.0000, Reg=0.0000, Con=0.0000
2025-09-13 18:10:43,559 - INFO - Batch 280/2278: Loss=1.1883, Cls=0.0000, Reg=0.0000, Con=3.9611
2025-09-13 18:10:44,399 - INFO - Batch 290/2278: Loss=4.4782, Cls=3.2899, Reg=0.0000, Con=3.9608
2025-09-13 18:10:45,255 - INFO - Batch 300/2278: Loss=1.1883, Cls=0.0000, Reg=0.0000, Con=3.9609
2025-09-13 18:10:46,129 - INFO - Batch 310/2278: Loss=1.1884, Cls=0.0000, Reg=0.0000, Con=3.9612
2025-09-13 18:10:46,980 - INFO - Batch 320/2278: Loss=0.0000, Cls=0.0000, Reg=0.0000, Con=0.0000
2025-09-13 18:10:47,878 - INFO - Batch 330/2278: Loss=1.2598, Cls=0.0715, Reg=0.0000, Con=3.9609
2025-09-13 18:10:48,743 - INFO - Batch 340/2278: Loss=1.1883, Cls=0.0000, Reg=0.0000, Con=3.9610
2025-09-13 18:10:49,649 - INFO - Batch 350/2278: Loss=1.1883, Cls=0.0000, Reg=0.0000, Con=3.9611
2025-09-13 18:10:50,515 - INFO - Batch 360/2278: Loss=1.2258, Cls=0.0376, Reg=0.0000, Con=3.9607
2025-09-13 18:10:51,408 - INFO - Batch 370/2278: Loss=1.1888, Cls=0.0006, Reg=0.0000, Con=3.9609
2025-09-13 18:10:52,274 - INFO - Batch 380/2278: Loss=1.1882, Cls=0.0000, Reg=0.0000, Con=3.9607
2025-09-13 18:10:53,164 - INFO - Batch 390/2278: Loss=1.1882, Cls=0.0000, Reg=0.0000, Con=3.9607
2025-09-13 18:10:54,071 - INFO - Batch 400/2278: Loss=0.0007, Cls=0.0007, Reg=0.0000, Con=0.0000
2025-09-13 18:10:54,953 - INFO - Batch 410/2278: Loss=0.0031, Cls=0.0031, Reg=0.0000, Con=0.0000
2025-09-13 18:10:55,823 - INFO - Batch 420/2278: Loss=0.0480, Cls=0.0480, Reg=0.0000, Con=0.0000
2025-09-13 18:10:56,713 - INFO - Batch 430/2278: Loss=1.2540, Cls=0.0658, Reg=0.0000, Con=3.9607
2025-09-13 18:10:57,588 - INFO - Batch 440/2278: Loss=1.1882, Cls=0.0000, Reg=0.0000, Con=3.9608
2025-09-13 18:10:58,447 - INFO - Batch 450/2278: Loss=1.1882, Cls=0.0000, Reg=0.0000, Con=3.9607
2025-09-13 18:10:59,313 - INFO - Batch 460/2278: Loss=1.1882, Cls=0.0000, Reg=0.0000, Con=3.9607
2025-09-13 18:11:00,200 - INFO - Batch 470/2278: Loss=1.1883, Cls=0.0000, Reg=0.0000, Con=3.9611
2025-09-13 18:11:01,094 - INFO - Batch 480/2278: Loss=1.3660, Cls=0.1778, Reg=0.0000, Con=3.9607
2025-09-13 18:11:01,962 - INFO - Batch 490/2278: Loss=0.0000, Cls=0.0000, Reg=0.0000, Con=0.0000
2025-09-13 18:11:02,822 - INFO - Batch 500/2278: Loss=0.0000, Cls=0.0000, Reg=0.0000, Con=0.0000
2025-09-13 18:11:03,687 - INFO - Batch 510/2278: Loss=1.2280, Cls=0.0397, Reg=0.0000, Con=3.9609
2025-09-13 18:11:04,548 - INFO - Batch 520/2278: Loss=1.1882, Cls=0.0000, Reg=0.0000, Con=3.9608
2025-09-13 18:11:05,407 - INFO - Batch 530/2278: Loss=1.3628, Cls=0.1746, Reg=0.0000, Con=3.9608
2025-09-13 18:11:06,292 - INFO - Batch 540/2278: Loss=1.1883, Cls=0.0000, Reg=0.0000, Con=3.9610
2025-09-13 18:11:07,152 - INFO - Batch 550/2278: Loss=1.1882, Cls=0.0000, Reg=0.0000, Con=3.9607
2025-09-13 18:11:07,996 - INFO - Batch 560/2278: Loss=1.1963, Cls=0.0081, Reg=0.0000, Con=3.9609
2025-09-13 18:11:08,903 - INFO - Batch 570/2278: Loss=1.1882, Cls=0.0000, Reg=0.0000, Con=3.9608
2025-09-13 18:11:09,784 - INFO - Batch 580/2278: Loss=0.0012, Cls=0.0012, Reg=0.0000, Con=0.0000
2025-09-13 18:11:10,646 - INFO - Batch 590/2278: Loss=0.0000, Cls=0.0000, Reg=0.0000, Con=0.0000
2025-09-13 18:11:11,536 - INFO - Batch 600/2278: Loss=8.1510, Cls=6.9628, Reg=0.0000, Con=3.9609
2025-09-13 18:11:12,397 - INFO - Batch 610/2278: Loss=1.1883, Cls=0.0001, Reg=0.0000, Con=3.9609
2025-09-13 18:11:13,263 - INFO - Batch 620/2278: Loss=1.2152, Cls=0.0270, Reg=0.0000, Con=3.9608
2025-09-13 18:11:14,140 - INFO - Batch 630/2278: Loss=0.0000, Cls=0.0000, Reg=0.0000, Con=0.0000
2025-09-13 18:11:15,033 - INFO - Batch 640/2278: Loss=1.1882, Cls=0.0000, Reg=0.0000, Con=3.9608
2025-09-13 18:11:15,910 - INFO - Batch 650/2278: Loss=1.1884, Cls=0.0000, Reg=0.0000, Con=3.9613
2025-09-13 18:11:16,761 - INFO - Batch 660/2278: Loss=1.1882, Cls=0.0000, Reg=0.0000, Con=3.9608
2025-09-13 18:11:17,630 - INFO - Batch 670/2278: Loss=1.1888, Cls=0.0006, Reg=0.0000, Con=3.9608
2025-09-13 18:11:18,498 - INFO - Batch 680/2278: Loss=1.1882, Cls=0.0000, Reg=0.0000, Con=3.9608
2025-09-13 18:11:19,562 - INFO - Batch 690/2278: Loss=0.0000, Cls=0.0000, Reg=0.0000, Con=0.0000
2025-09-13 18:11:20,451 - INFO - Batch 700/2278: Loss=0.0042, Cls=0.0042, Reg=0.0000, Con=0.0000
2025-09-13 18:11:21,322 - INFO - Batch 710/2278: Loss=1.2076, Cls=0.0194, Reg=0.0000, Con=3.9607
2025-09-13 18:11:22,166 - INFO - Batch 720/2278: Loss=6.5520, Cls=5.3638, Reg=0.0000, Con=3.9609
2025-09-13 18:11:23,032 - INFO - Batch 730/2278: Loss=1.1883, Cls=0.0000, Reg=0.0000, Con=3.9610
2025-09-13 18:11:23,898 - INFO - Batch 740/2278: Loss=1.1888, Cls=0.0006, Reg=0.0000, Con=3.9609
2025-09-13 18:11:24,768 - INFO - Batch 750/2278: Loss=1.1883, Cls=0.0000, Reg=0.0000, Con=3.9609
2025-09-13 18:11:25,633 - INFO - Batch 760/2278: Loss=1.2868, Cls=0.0986, Reg=0.0000, Con=3.9608
2025-09-13 18:11:26,493 - INFO - Batch 770/2278: Loss=1.1883, Cls=0.0000, Reg=0.0000, Con=3.9610
2025-09-13 18:11:27,362 - INFO - Batch 780/2278: Loss=1.1882, Cls=0.0000, Reg=0.0000, Con=3.9608
2025-09-13 18:11:28,224 - INFO - Batch 790/2278: Loss=0.9797, Cls=0.9797, Reg=0.0000, Con=0.0000
2025-09-13 18:11:29,080 - INFO - Batch 800/2278: Loss=1.1884, Cls=0.0000, Reg=0.0000, Con=3.9612
2025-09-13 18:11:29,932 - INFO - Batch 810/2278: Loss=1.2091, Cls=0.0207, Reg=0.0000, Con=3.9612
2025-09-13 18:11:30,810 - INFO - Batch 820/2278: Loss=1.1883, Cls=0.0000, Reg=0.0000, Con=3.9609
2025-09-13 18:11:31,682 - INFO - Batch 830/2278: Loss=1.1883, Cls=0.0000, Reg=0.0000, Con=3.9609
2025-09-13 18:11:32,540 - INFO - Batch 840/2278: Loss=1.1882, Cls=0.0000, Reg=0.0000, Con=3.9608
2025-09-13 18:11:33,407 - INFO - Batch 850/2278: Loss=0.0000, Cls=0.0000, Reg=0.0000, Con=0.0000
2025-09-13 18:11:34,244 - INFO - Batch 860/2278: Loss=1.1882, Cls=0.0000, Reg=0.0000, Con=3.9607
2025-09-13 18:11:35,083 - INFO - Batch 870/2278: Loss=0.0000, Cls=0.0000, Reg=0.0000, Con=0.0000
2025-09-13 18:11:35,961 - INFO - Batch 880/2278: Loss=0.0202, Cls=0.0202, Reg=0.0000, Con=0.0000
2025-09-13 18:11:36,795 - INFO - Batch 890/2278: Loss=0.1513, Cls=0.1513, Reg=0.0000, Con=0.0000
2025-09-13 18:11:37,663 - INFO - Batch 900/2278: Loss=1.1883, Cls=0.0000, Reg=0.0000, Con=3.9609
2025-09-13 18:11:38,534 - INFO - Batch 910/2278: Loss=1.1883, Cls=0.0000, Reg=0.0000, Con=3.9609
2025-09-13 18:11:39,375 - INFO - Batch 920/2278: Loss=1.1883, Cls=0.0000, Reg=0.0000, Con=3.9610
2025-09-13 18:11:40,247 - INFO - Batch 930/2278: Loss=1.1882, Cls=0.0000, Reg=0.0000, Con=3.9608
2025-09-13 18:11:41,121 - INFO - Batch 940/2278: Loss=1.1883, Cls=0.0000, Reg=0.0000, Con=3.9609
2025-09-13 18:11:41,988 - INFO - Batch 950/2278: Loss=1.1883, Cls=0.0000, Reg=0.0000, Con=3.9611
2025-09-13 18:11:42,835 - INFO - Batch 960/2278: Loss=1.6381, Cls=0.4498, Reg=0.0000, Con=3.9609
2025-09-13 18:11:43,697 - INFO - Batch 970/2278: Loss=1.1884, Cls=0.0000, Reg=0.0000, Con=3.9612
2025-09-13 18:11:44,548 - INFO - Batch 980/2278: Loss=1.2792, Cls=1.2792, Reg=0.0000, Con=0.0000
2025-09-13 18:11:45,400 - INFO - Batch 990/2278: Loss=0.0000, Cls=0.0000, Reg=0.0000, Con=0.0000
2025-09-13 18:11:46,260 - INFO - Batch 1000/2278: Loss=1.1883, Cls=0.0001, Reg=0.0000, Con=3.9609
2025-09-13 18:11:47,144 - INFO - Batch 1010/2278: Loss=1.1885, Cls=0.0003, Reg=0.0000, Con=3.9608
2025-09-13 18:11:48,010 - INFO - Batch 1020/2278: Loss=0.0000, Cls=0.0000, Reg=0.0000, Con=0.0000
2025-09-13 18:11:48,868 - INFO - Batch 1030/2278: Loss=1.1883, Cls=0.0000, Reg=0.0000, Con=3.9610
2025-09-13 18:11:49,742 - INFO - Batch 1040/2278: Loss=1.1882, Cls=0.0000, Reg=0.0000, Con=3.9607
2025-09-13 18:11:50,593 - INFO - Batch 1050/2278: Loss=1.1883, Cls=0.0000, Reg=0.0000, Con=3.9609
2025-09-13 18:11:51,439 - INFO - Batch 1060/2278: Loss=1.1882, Cls=0.0000, Reg=0.0000, Con=3.9608
2025-09-13 18:11:52,306 - INFO - Batch 1070/2278: Loss=1.1883, Cls=0.0000, Reg=0.0000, Con=3.9608
2025-09-13 18:11:53,155 - INFO - Batch 1080/2278: Loss=0.0000, Cls=0.0000, Reg=0.0000, Con=0.0000
2025-09-13 18:11:54,043 - INFO - Batch 1090/2278: Loss=1.1883, Cls=0.0000, Reg=0.0000, Con=3.9609
2025-09-13 18:11:54,906 - INFO - Batch 1100/2278: Loss=0.0000, Cls=0.0000, Reg=0.0000, Con=0.0000
2025-09-13 18:11:55,793 - INFO - Batch 1110/2278: Loss=1.1882, Cls=0.0000, Reg=0.0000, Con=3.9608
2025-09-13 18:11:56,658 - INFO - Batch 1120/2278: Loss=1.1992, Cls=1.1992, Reg=0.0000, Con=0.0000
2025-09-13 18:11:57,543 - INFO - Batch 1130/2278: Loss=1.1894, Cls=0.0012, Reg=0.0000, Con=3.9608
2025-09-13 18:11:58,406 - INFO - Batch 1140/2278: Loss=3.9163, Cls=2.7281, Reg=0.0000, Con=3.9608
2025-09-13 18:11:59,263 - INFO - Batch 1150/2278: Loss=1.1890, Cls=0.0007, Reg=0.0000, Con=3.9611
2025-09-13 18:12:00,121 - INFO - Batch 1160/2278: Loss=1.1883, Cls=0.0000, Reg=0.0000, Con=3.9609
2025-09-13 18:12:00,980 - INFO - Batch 1170/2278: Loss=0.0000, Cls=0.0000, Reg=0.0000, Con=0.0000
2025-09-13 18:12:01,832 - INFO - Batch 1180/2278: Loss=1.1883, Cls=0.0000, Reg=0.0000, Con=3.9609
2025-09-13 18:12:02,700 - INFO - Batch 1190/2278: Loss=1.3249, Cls=0.1366, Reg=0.0000, Con=3.9609
2025-09-13 18:12:03,562 - INFO - Batch 1200/2278: Loss=0.0000, Cls=0.0000, Reg=0.0000, Con=0.0000
2025-09-13 18:12:04,438 - INFO - Batch 1210/2278: Loss=1.1883, Cls=0.0000, Reg=0.0000, Con=3.9610
2025-09-13 18:12:05,289 - INFO - Batch 1220/2278: Loss=0.0000, Cls=0.0000, Reg=0.0000, Con=0.0000
2025-09-13 18:12:06,160 - INFO - Batch 1230/2278: Loss=1.1883, Cls=0.0000, Reg=0.0000, Con=3.9609
2025-09-13 18:12:07,048 - INFO - Batch 1240/2278: Loss=1.4423, Cls=0.2540, Reg=0.0000, Con=3.9609
2025-09-13 18:12:07,903 - INFO - Batch 1250/2278: Loss=0.0000, Cls=0.0000, Reg=0.0000, Con=0.0000
2025-09-13 18:12:08,774 - INFO - Batch 1260/2278: Loss=1.2836, Cls=0.0954, Reg=0.0000, Con=3.9608
2025-09-13 18:12:09,635 - INFO - Batch 1270/2278: Loss=1.1883, Cls=0.0000, Reg=0.0000, Con=3.9609
2025-09-13 18:12:10,483 - INFO - Batch 1280/2278: Loss=0.0041, Cls=0.0041, Reg=0.0000, Con=0.0000
2025-09-13 18:12:11,351 - INFO - Batch 1290/2278: Loss=1.1897, Cls=0.0014, Reg=0.0000, Con=3.9611
2025-09-13 18:12:12,222 - INFO - Batch 1300/2278: Loss=1.1961, Cls=0.0078, Reg=0.0000, Con=3.9610
2025-09-13 18:12:13,091 - INFO - Batch 1310/2278: Loss=1.1933, Cls=0.0050, Reg=0.0000, Con=3.9611
2025-09-13 18:12:13,958 - INFO - Batch 1320/2278: Loss=0.0017, Cls=0.0017, Reg=0.0000, Con=0.0000
2025-09-13 18:12:14,805 - INFO - Batch 1330/2278: Loss=1.1884, Cls=0.0000, Reg=0.0000, Con=3.9613
2025-09-13 18:12:15,661 - INFO - Batch 1340/2278: Loss=1.1882, Cls=0.0000, Reg=0.0000, Con=3.9608
2025-09-13 18:12:16,526 - INFO - Batch 1350/2278: Loss=0.0000, Cls=0.0000, Reg=0.0000, Con=0.0000
2025-09-13 18:12:17,397 - INFO - Batch 1360/2278: Loss=1.1883, Cls=0.0000, Reg=0.0000, Con=3.9610
2025-09-13 18:12:18,277 - INFO - Batch 1370/2278: Loss=1.1882, Cls=0.0000, Reg=0.0000, Con=3.9608
2025-09-13 18:12:19,155 - INFO - Batch 1380/2278: Loss=1.1882, Cls=0.0000, Reg=0.0000, Con=3.9608
2025-09-13 18:12:20,001 - INFO - Batch 1390/2278: Loss=1.1883, Cls=0.0000, Reg=0.0000, Con=3.9608
2025-09-13 18:12:20,894 - INFO - Batch 1400/2278: Loss=3.5931, Cls=2.4049, Reg=0.0000, Con=3.9609
2025-09-13 18:12:21,788 - INFO - Batch 1410/2278: Loss=1.1883, Cls=0.0000, Reg=0.0000, Con=3.9612
2025-09-13 18:12:22,641 - INFO - Batch 1420/2278: Loss=0.0000, Cls=0.0000, Reg=0.0000, Con=0.0000
2025-09-13 18:12:23,492 - INFO - Batch 1430/2278: Loss=1.1883, Cls=0.0000, Reg=0.0000, Con=3.9609
2025-09-13 18:12:24,325 - INFO - Batch 1440/2278: Loss=1.1883, Cls=0.0000, Reg=0.0000, Con=3.9609
2025-09-13 18:12:25,149 - INFO - Batch 1450/2278: Loss=1.1883, Cls=0.0000, Reg=0.0000, Con=3.9608
2025-09-13 18:12:26,001 - INFO - Batch 1460/2278: Loss=0.0000, Cls=0.0000, Reg=0.0000, Con=0.0000
2025-09-13 18:12:26,865 - INFO - Batch 1470/2278: Loss=1.1883, Cls=0.0000, Reg=0.0000, Con=3.9609
2025-09-13 18:12:27,728 - INFO - Batch 1480/2278: Loss=1.1882, Cls=0.0000, Reg=0.0000, Con=3.9607
2025-09-13 18:12:28,602 - INFO - Batch 1490/2278: Loss=1.1883, Cls=0.0000, Reg=0.0000, Con=3.9609
2025-09-13 18:12:29,468 - INFO - Batch 1500/2278: Loss=1.1883, Cls=0.0000, Reg=0.0000, Con=3.9609
2025-09-13 18:12:30,345 - INFO - Batch 1510/2278: Loss=5.2029, Cls=5.2029, Reg=0.0000, Con=0.0000
2025-09-13 18:12:31,202 - INFO - Batch 1520/2278: Loss=1.1882, Cls=0.0000, Reg=0.0000, Con=3.9608
2025-09-13 18:12:32,055 - INFO - Batch 1530/2278: Loss=1.1882, Cls=0.0000, Reg=0.0000, Con=3.9608
2025-09-13 18:12:32,920 - INFO - Batch 1540/2278: Loss=1.1883, Cls=0.0000, Reg=0.0000, Con=3.9609
2025-09-13 18:12:33,803 - INFO - Batch 1550/2278: Loss=1.1883, Cls=0.0000, Reg=0.0000, Con=3.9610
2025-09-13 18:12:34,671 - INFO - Batch 1560/2278: Loss=3.7314, Cls=2.5431, Reg=0.0000, Con=3.9609
2025-09-13 18:12:35,554 - INFO - Batch 1570/2278: Loss=1.1882, Cls=0.0000, Reg=0.0000, Con=3.9608
2025-09-13 18:12:36,453 - INFO - Batch 1580/2278: Loss=1.2023, Cls=0.0141, Reg=0.0000, Con=3.9608
2025-09-13 18:12:37,317 - INFO - Batch 1590/2278: Loss=1.1883, Cls=0.0000, Reg=0.0000, Con=3.9609
2025-09-13 18:12:38,147 - INFO - Batch 1600/2278: Loss=1.1883, Cls=0.0000, Reg=0.0000, Con=3.9608
2025-09-13 18:12:39,001 - INFO - Batch 1610/2278: Loss=0.0000, Cls=0.0000, Reg=0.0000, Con=0.0000
2025-09-13 18:12:39,857 - INFO - Batch 1620/2278: Loss=0.1498, Cls=0.1498, Reg=0.0000, Con=0.0000
2025-09-13 18:12:40,732 - INFO - Batch 1630/2278: Loss=1.1882, Cls=0.0000, Reg=0.0000, Con=3.9608
2025-09-13 18:12:41,596 - INFO - Batch 1640/2278: Loss=0.0000, Cls=0.0000, Reg=0.0000, Con=0.0000
2025-09-13 18:12:42,460 - INFO - Batch 1650/2278: Loss=0.0000, Cls=0.0000, Reg=0.0000, Con=0.0000
2025-09-13 18:12:43,336 - INFO - Batch 1660/2278: Loss=0.0000, Cls=0.0000, Reg=0.0000, Con=0.0000
2025-09-13 18:12:44,179 - INFO - Batch 1670/2278: Loss=1.2418, Cls=0.0535, Reg=0.0000, Con=3.9612
2025-09-13 18:12:45,031 - INFO - Batch 1680/2278: Loss=0.0000, Cls=0.0000, Reg=0.0000, Con=0.0000
2025-09-13 18:12:45,892 - INFO - Batch 1690/2278: Loss=1.1884, Cls=0.0000, Reg=0.0000, Con=3.9612
2025-09-13 18:12:46,744 - INFO - Batch 1700/2278: Loss=1.1886, Cls=0.0002, Reg=0.0000, Con=3.9612
2025-09-13 18:12:47,595 - INFO - Batch 1710/2278: Loss=0.0000, Cls=0.0000, Reg=0.0000, Con=0.0000
2025-09-13 18:12:48,454 - INFO - Batch 1720/2278: Loss=1.2449, Cls=0.0567, Reg=0.0000, Con=3.9608
2025-09-13 18:12:49,318 - INFO - Batch 1730/2278: Loss=0.0000, Cls=0.0000, Reg=0.0000, Con=0.0000
2025-09-13 18:12:50,193 - INFO - Batch 1740/2278: Loss=0.0003, Cls=0.0003, Reg=0.0000, Con=0.0000
2025-09-13 18:12:51,061 - INFO - Batch 1750/2278: Loss=1.1883, Cls=0.0000, Reg=0.0000, Con=3.9609
2025-09-13 18:12:51,919 - INFO - Batch 1760/2278: Loss=1.1883, Cls=0.0000, Reg=0.0000, Con=3.9609
2025-09-13 18:12:52,792 - INFO - Batch 1770/2278: Loss=1.1882, Cls=0.0000, Reg=0.0000, Con=3.9608
2025-09-13 18:12:53,660 - INFO - Batch 1780/2278: Loss=1.1884, Cls=0.0002, Reg=0.0000, Con=3.9608
2025-09-13 18:12:54,508 - INFO - Batch 1790/2278: Loss=0.0038, Cls=0.0038, Reg=0.0000, Con=0.0000
2025-09-13 18:12:55,386 - INFO - Batch 1800/2278: Loss=0.0005, Cls=0.0005, Reg=0.0000, Con=0.0000
2025-09-13 18:12:56,256 - INFO - Batch 1810/2278: Loss=0.0000, Cls=0.0000, Reg=0.0000, Con=0.0000
2025-09-13 18:12:57,118 - INFO - Batch 1820/2278: Loss=1.1883, Cls=0.0000, Reg=0.0000, Con=3.9611
2025-09-13 18:12:57,970 - INFO - Batch 1830/2278: Loss=0.0000, Cls=0.0000, Reg=0.0000, Con=0.0000
2025-09-13 18:12:58,817 - INFO - Batch 1840/2278: Loss=0.0000, Cls=0.0000, Reg=0.0000, Con=0.0000
2025-09-13 18:12:59,722 - INFO - Batch 1850/2278: Loss=1.1883, Cls=0.0001, Reg=0.0000, Con=3.9608
2025-09-13 18:13:00,585 - INFO - Batch 1860/2278: Loss=1.1913, Cls=0.0031, Reg=0.0000, Con=3.9606
2025-09-13 18:13:01,446 - INFO - Batch 1870/2278: Loss=1.4432, Cls=0.2549, Reg=0.0000, Con=3.9610
2025-09-13 18:13:02,300 - INFO - Batch 1880/2278: Loss=0.0000, Cls=0.0000, Reg=0.0000, Con=0.0000
2025-09-13 18:13:03,191 - INFO - Batch 1890/2278: Loss=1.1883, Cls=0.0000, Reg=0.0000, Con=3.9609
2025-09-13 18:13:04,048 - INFO - Batch 1900/2278: Loss=0.0000, Cls=0.0000, Reg=0.0000, Con=0.0000
2025-09-13 18:13:04,902 - INFO - Batch 1910/2278: Loss=0.1989, Cls=0.1989, Reg=0.0000, Con=0.0000
2025-09-13 18:13:05,796 - INFO - Batch 1920/2278: Loss=1.1883, Cls=0.0001, Reg=0.0000, Con=3.9607
2025-09-13 18:13:06,660 - INFO - Batch 1930/2278: Loss=1.1882, Cls=0.0000, Reg=0.0000, Con=3.9607
2025-09-13 18:13:07,526 - INFO - Batch 1940/2278: Loss=1.1882, Cls=0.0000, Reg=0.0000, Con=3.9608
2025-09-13 18:13:08,376 - INFO - Batch 1950/2278: Loss=1.1882, Cls=0.0000, Reg=0.0000, Con=3.9608
2025-09-13 18:13:09,228 - INFO - Batch 1960/2278: Loss=1.1883, Cls=0.0000, Reg=0.0000, Con=3.9609
2025-09-13 18:13:10,089 - INFO - Batch 1970/2278: Loss=1.1883, Cls=0.0000, Reg=0.0000, Con=3.9611
2025-09-13 18:13:10,969 - INFO - Batch 1980/2278: Loss=1.1882, Cls=0.0000, Reg=0.0000, Con=3.9608
2025-09-13 18:13:11,825 - INFO - Batch 1990/2278: Loss=1.1888, Cls=0.0004, Reg=0.0000, Con=3.9615
2025-09-13 18:13:12,692 - INFO - Batch 2000/2278: Loss=0.0007, Cls=0.0007, Reg=0.0000, Con=0.0000
2025-09-13 18:13:13,558 - INFO - Batch 2010/2278: Loss=1.2397, Cls=0.0515, Reg=0.0000, Con=3.9608
2025-09-13 18:13:14,420 - INFO - Batch 2020/2278: Loss=1.1882, Cls=0.0000, Reg=0.0000, Con=3.9608
2025-09-13 18:13:15,279 - INFO - Batch 2030/2278: Loss=1.1882, Cls=0.0000, Reg=0.0000, Con=3.9607
2025-09-13 18:13:16,144 - INFO - Batch 2040/2278: Loss=1.1883, Cls=0.0000, Reg=0.0000, Con=3.9609
2025-09-13 18:13:17,023 - INFO - Batch 2050/2278: Loss=1.1883, Cls=0.0000, Reg=0.0000, Con=3.9608
2025-09-13 18:13:17,866 - INFO - Batch 2060/2278: Loss=0.0000, Cls=0.0000, Reg=0.0000, Con=0.0000
2025-09-13 18:13:18,702 - INFO - Batch 2070/2278: Loss=1.1883, Cls=0.0000, Reg=0.0000, Con=3.9611
2025-09-13 18:13:19,547 - INFO - Batch 2080/2278: Loss=1.1883, Cls=0.0000, Reg=0.0000, Con=3.9610
2025-09-13 18:13:20,414 - INFO - Batch 2090/2278: Loss=1.1884, Cls=0.0000, Reg=0.0000, Con=3.9612
2025-09-13 18:13:21,274 - INFO - Batch 2100/2278: Loss=1.1883, Cls=0.0000, Reg=0.0000, Con=3.9611
2025-09-13 18:13:22,135 - INFO - Batch 2110/2278: Loss=1.1883, Cls=0.0000, Reg=0.0000, Con=3.9609
2025-09-13 18:13:22,998 - INFO - Batch 2120/2278: Loss=0.8723, Cls=0.8723, Reg=0.0000, Con=0.0000
2025-09-13 18:13:23,873 - INFO - Batch 2130/2278: Loss=2.6784, Cls=1.4902, Reg=0.0000, Con=3.9606
2025-09-13 18:13:24,742 - INFO - Batch 2140/2278: Loss=1.1882, Cls=0.0000, Reg=0.0000, Con=3.9608
2025-09-13 18:13:25,599 - INFO - Batch 2150/2278: Loss=1.2148, Cls=0.0266, Reg=0.0000, Con=3.9607
2025-09-13 18:13:26,455 - INFO - Batch 2160/2278: Loss=1.1883, Cls=0.0001, Reg=0.0000, Con=3.9608
2025-09-13 18:13:27,316 - INFO - Batch 2170/2278: Loss=1.1883, Cls=0.0000, Reg=0.0000, Con=3.9609
2025-09-13 18:13:28,152 - INFO - Batch 2180/2278: Loss=0.0000, Cls=0.0000, Reg=0.0000, Con=0.0000
2025-09-13 18:13:29,030 - INFO - Batch 2190/2278: Loss=0.0014, Cls=0.0014, Reg=0.0000, Con=0.0000
2025-09-13 18:13:29,913 - INFO - Batch 2200/2278: Loss=1.1882, Cls=0.0001, Reg=0.0000, Con=3.9605
2025-09-13 18:13:30,789 - INFO - Batch 2210/2278: Loss=1.1883, Cls=0.0000, Reg=0.0000, Con=3.9609
2025-09-13 18:13:31,646 - INFO - Batch 2220/2278: Loss=2.4578, Cls=1.2695, Reg=0.0000, Con=3.9610
2025-09-13 18:13:32,509 - INFO - Batch 2230/2278: Loss=0.0829, Cls=0.0829, Reg=0.0000, Con=0.0000
2025-09-13 18:13:33,365 - INFO - Batch 2240/2278: Loss=1.4295, Cls=1.4295, Reg=0.0000, Con=0.0000
2025-09-13 18:13:34,202 - INFO - Batch 2250/2278: Loss=1.1883, Cls=0.0000, Reg=0.0000, Con=3.9609
2025-09-13 18:13:35,070 - INFO - Batch 2260/2278: Loss=1.1883, Cls=0.0000, Reg=0.0000, Con=3.9608
2025-09-13 18:13:35,938 - INFO - Batch 2270/2278: Loss=0.0000, Cls=0.0000, Reg=0.0000, Con=0.0000
2025-09-13 18:17:01,215 - INFO - === Epoch 1 Results ===
2025-09-13 18:17:01,215 - INFO - Training Loss: 0.9710 (Classification: 0.1922, Regression: 0.0000)
2025-09-13 18:17:01,215 - INFO - Validation Loss: 0.0774 (Classification: 0.0774, Regression: 0.0000)
2025-09-13 18:17:01,215 - INFO - Average Classification Accuracy: 0.7197 (on 1/26 tasks)
2025-09-13 18:17:01,216 - INFO - Average AUC: 0.8248
2025-09-13 18:17:01,758 - INFO - Best model saved to: experiments/r1c3_single_cls_2_seed_42_20250913_181015/checkpoints/r1c3_single_cls_2_seed_42_best.pth
2025-09-13 18:17:01,758 - INFO - 
Epoch 2/3
2025-09-13 18:17:01,857 - INFO - Batch 0/2278: Loss=0.0000, Cls=0.0000, Reg=0.0000, Con=0.0000
2025-09-13 18:17:02,748 - INFO - Batch 10/2278: Loss=1.1881, Cls=0.0000, Reg=0.0000, Con=3.9604
2025-09-13 18:17:03,634 - INFO - Batch 20/2278: Loss=1.2232, Cls=0.0349, Reg=0.0000, Con=3.9610
2025-09-13 18:17:04,509 - INFO - Batch 30/2278: Loss=1.1883, Cls=0.0000, Reg=0.0000, Con=3.9608
2025-09-13 18:17:05,369 - INFO - Batch 40/2278: Loss=1.1882, Cls=0.0000, Reg=0.0000, Con=3.9608
2025-09-13 18:17:06,313 - INFO - Batch 50/2278: Loss=0.0000, Cls=0.0000, Reg=0.0000, Con=0.0000
2025-09-13 18:17:07,170 - INFO - Batch 60/2278: Loss=0.0000, Cls=0.0000, Reg=0.0000, Con=0.0000
2025-09-13 18:17:08,050 - INFO - Batch 70/2278: Loss=1.2477, Cls=0.0594, Reg=0.0000, Con=3.9607
2025-09-13 18:17:08,934 - INFO - Batch 80/2278: Loss=1.1883, Cls=0.0000, Reg=0.0000, Con=3.9609
2025-09-13 18:17:09,843 - INFO - Batch 90/2278: Loss=0.0000, Cls=0.0000, Reg=0.0000, Con=0.0000
2025-09-13 18:17:10,753 - INFO - Batch 100/2278: Loss=1.1883, Cls=0.0000, Reg=0.0000, Con=3.9609
2025-09-13 18:17:11,651 - INFO - Batch 110/2278: Loss=1.1910, Cls=0.0028, Reg=0.0000, Con=3.9609
2025-09-13 18:17:12,538 - INFO - Batch 120/2278: Loss=0.0000, Cls=0.0000, Reg=0.0000, Con=0.0000
2025-09-13 18:17:13,443 - INFO - Batch 130/2278: Loss=1.9290, Cls=0.7407, Reg=0.0000, Con=3.9607
2025-09-13 18:17:14,324 - INFO - Batch 140/2278: Loss=1.5929, Cls=0.4046, Reg=0.0000, Con=3.9609
2025-09-13 18:17:15,214 - INFO - Batch 150/2278: Loss=1.1946, Cls=0.0063, Reg=0.0000, Con=3.9611
2025-09-13 18:17:16,108 - INFO - Batch 160/2278: Loss=1.1883, Cls=0.0000, Reg=0.0000, Con=3.9609
2025-09-13 18:17:16,987 - INFO - Batch 170/2278: Loss=0.0000, Cls=0.0000, Reg=0.0000, Con=0.0000
2025-09-13 18:17:17,883 - INFO - Batch 180/2278: Loss=1.1883, Cls=0.0000, Reg=0.0000, Con=3.9609
2025-09-13 18:17:18,764 - INFO - Batch 190/2278: Loss=0.0013, Cls=0.0013, Reg=0.0000, Con=0.0000
2025-09-13 18:17:19,647 - INFO - Batch 200/2278: Loss=1.2409, Cls=0.0526, Reg=0.0000, Con=3.9608
2025-09-13 18:17:20,518 - INFO - Batch 210/2278: Loss=1.1883, Cls=0.0000, Reg=0.0000, Con=3.9609
2025-09-13 18:17:21,405 - INFO - Batch 220/2278: Loss=0.0003, Cls=0.0003, Reg=0.0000, Con=0.0000
2025-09-13 18:17:22,294 - INFO - Batch 230/2278: Loss=0.0000, Cls=0.0000, Reg=0.0000, Con=0.0000
2025-09-13 18:17:23,188 - INFO - Batch 240/2278: Loss=0.0000, Cls=0.0000, Reg=0.0000, Con=0.0000
2025-09-13 18:17:24,070 - INFO - Batch 250/2278: Loss=0.0000, Cls=0.0000, Reg=0.0000, Con=0.0000
2025-09-13 18:17:24,940 - INFO - Batch 260/2278: Loss=0.0000, Cls=0.0000, Reg=0.0000, Con=0.0000
2025-09-13 18:17:25,822 - INFO - Batch 270/2278: Loss=1.1884, Cls=0.0002, Reg=0.0000, Con=3.9608
2025-09-13 18:17:26,709 - INFO - Batch 280/2278: Loss=1.1883, Cls=0.0000, Reg=0.0000, Con=3.9609
2025-09-13 18:17:27,591 - INFO - Batch 290/2278: Loss=1.1884, Cls=0.0001, Reg=0.0000, Con=3.9609
2025-09-13 18:17:28,486 - INFO - Batch 300/2278: Loss=1.1883, Cls=0.0000, Reg=0.0000, Con=3.9609
2025-09-13 18:17:29,388 - INFO - Batch 310/2278: Loss=1.1927, Cls=0.0045, Reg=0.0000, Con=3.9608
2025-09-13 18:17:30,293 - INFO - Batch 320/2278: Loss=0.0000, Cls=0.0000, Reg=0.0000, Con=0.0000
2025-09-13 18:17:31,160 - INFO - Batch 330/2278: Loss=1.1883, Cls=0.0000, Reg=0.0000, Con=3.9609
2025-09-13 18:17:32,022 - INFO - Batch 340/2278: Loss=1.1883, Cls=0.0000, Reg=0.0000, Con=3.9609
2025-09-13 18:17:32,896 - INFO - Batch 350/2278: Loss=1.1883, Cls=0.0000, Reg=0.0000, Con=3.9609
2025-09-13 18:17:33,785 - INFO - Batch 360/2278: Loss=1.1883, Cls=0.0000, Reg=0.0000, Con=3.9609
2025-09-13 18:17:34,653 - INFO - Batch 370/2278: Loss=1.8957, Cls=0.7075, Reg=0.0000, Con=3.9608
2025-09-13 18:17:35,516 - INFO - Batch 380/2278: Loss=2.8968, Cls=1.7086, Reg=0.0000, Con=3.9608
2025-09-13 18:17:36,407 - INFO - Batch 390/2278: Loss=1.1883, Cls=0.0000, Reg=0.0000, Con=3.9609
2025-09-13 18:17:37,317 - INFO - Batch 400/2278: Loss=0.0000, Cls=0.0000, Reg=0.0000, Con=0.0000
2025-09-13 18:17:38,231 - INFO - Batch 410/2278: Loss=2.6136, Cls=1.4253, Reg=0.0000, Con=3.9608
2025-09-13 18:17:39,142 - INFO - Batch 420/2278: Loss=0.0052, Cls=0.0052, Reg=0.0000, Con=0.0000
2025-09-13 18:17:40,038 - INFO - Batch 430/2278: Loss=0.0000, Cls=0.0000, Reg=0.0000, Con=0.0000
2025-09-13 18:17:40,916 - INFO - Batch 440/2278: Loss=1.1882, Cls=0.0000, Reg=0.0000, Con=3.9608
2025-09-13 18:17:41,794 - INFO - Batch 450/2278: Loss=1.1882, Cls=0.0000, Reg=0.0000, Con=3.9607
2025-09-13 18:17:42,673 - INFO - Batch 460/2278: Loss=0.0000, Cls=0.0000, Reg=0.0000, Con=0.0000
2025-09-13 18:17:43,558 - INFO - Batch 470/2278: Loss=1.1882, Cls=0.0000, Reg=0.0000, Con=3.9608
2025-09-13 18:17:44,445 - INFO - Batch 480/2278: Loss=0.0000, Cls=0.0000, Reg=0.0000, Con=0.0000
2025-09-13 18:17:45,340 - INFO - Batch 490/2278: Loss=1.1883, Cls=0.0000, Reg=0.0000, Con=3.9610
2025-09-13 18:17:46,214 - INFO - Batch 500/2278: Loss=1.1882, Cls=0.0000, Reg=0.0000, Con=3.9607
2025-09-13 18:17:47,106 - INFO - Batch 510/2278: Loss=1.1882, Cls=0.0000, Reg=0.0000, Con=3.9607
2025-09-13 18:17:48,005 - INFO - Batch 520/2278: Loss=1.1882, Cls=0.0000, Reg=0.0000, Con=3.9607
2025-09-13 18:17:48,883 - INFO - Batch 530/2278: Loss=1.1882, Cls=0.0000, Reg=0.0000, Con=3.9608
2025-09-13 18:17:49,738 - INFO - Batch 540/2278: Loss=1.1883, Cls=0.0000, Reg=0.0000, Con=3.9610
2025-09-13 18:17:50,599 - INFO - Batch 550/2278: Loss=1.1882, Cls=0.0000, Reg=0.0000, Con=3.9607
2025-09-13 18:17:51,492 - INFO - Batch 560/2278: Loss=0.0009, Cls=0.0009, Reg=0.0000, Con=0.0000
2025-09-13 18:17:52,395 - INFO - Batch 570/2278: Loss=1.1893, Cls=0.0011, Reg=0.0000, Con=3.9608
2025-09-13 18:17:53,275 - INFO - Batch 580/2278: Loss=0.0000, Cls=0.0000, Reg=0.0000, Con=0.0000
2025-09-13 18:17:54,155 - INFO - Batch 590/2278: Loss=1.1882, Cls=0.0000, Reg=0.0000, Con=3.9608
2025-09-13 18:17:55,029 - INFO - Batch 600/2278: Loss=0.0015, Cls=0.0015, Reg=0.0000, Con=0.0000
2025-09-13 18:17:55,919 - INFO - Batch 610/2278: Loss=1.1887, Cls=0.0005, Reg=0.0000, Con=3.9608
2025-09-13 18:17:56,799 - INFO - Batch 620/2278: Loss=1.1882, Cls=0.0000, Reg=0.0000, Con=3.9608
2025-09-13 18:17:57,658 - INFO - Batch 630/2278: Loss=0.0000, Cls=0.0000, Reg=0.0000, Con=0.0000
2025-09-13 18:17:58,566 - INFO - Batch 640/2278: Loss=0.0000, Cls=0.0000, Reg=0.0000, Con=0.0000
2025-09-13 18:17:59,444 - INFO - Batch 650/2278: Loss=0.0000, Cls=0.0000, Reg=0.0000, Con=0.0000
2025-09-13 18:18:00,328 - INFO - Batch 660/2278: Loss=1.1882, Cls=0.0000, Reg=0.0000, Con=3.9607
2025-09-13 18:18:01,233 - INFO - Batch 670/2278: Loss=1.1883, Cls=0.0000, Reg=0.0000, Con=3.9609
2025-09-13 18:18:02,127 - INFO - Batch 680/2278: Loss=1.1882, Cls=0.0000, Reg=0.0000, Con=3.9608
2025-09-13 18:18:03,010 - INFO - Batch 690/2278: Loss=1.1891, Cls=0.0007, Reg=0.0000, Con=3.9613
2025-09-13 18:18:03,902 - INFO - Batch 700/2278: Loss=0.0000, Cls=0.0000, Reg=0.0000, Con=0.0000
2025-09-13 18:18:04,788 - INFO - Batch 710/2278: Loss=1.1883, Cls=0.0000, Reg=0.0000, Con=3.9610
2025-09-13 18:18:05,661 - INFO - Batch 720/2278: Loss=1.1883, Cls=0.0000, Reg=0.0000, Con=3.9609
2025-09-13 18:18:06,535 - INFO - Batch 730/2278: Loss=1.1891, Cls=0.0008, Reg=0.0000, Con=3.9612
2025-09-13 18:18:07,409 - INFO - Batch 740/2278: Loss=1.2582, Cls=0.0698, Reg=0.0000, Con=3.9610
2025-09-13 18:18:08,296 - INFO - Batch 750/2278: Loss=0.0149, Cls=0.0149, Reg=0.0000, Con=0.0000
2025-09-13 18:18:09,165 - INFO - Batch 760/2278: Loss=0.0000, Cls=0.0000, Reg=0.0000, Con=0.0000
2025-09-13 18:18:10,048 - INFO - Batch 770/2278: Loss=3.2529, Cls=2.0646, Reg=0.0000, Con=3.9608
2025-09-13 18:18:10,940 - INFO - Batch 780/2278: Loss=0.0000, Cls=0.0000, Reg=0.0000, Con=0.0000
2025-09-13 18:18:11,819 - INFO - Batch 790/2278: Loss=1.1883, Cls=0.0000, Reg=0.0000, Con=3.9609
2025-09-13 18:18:12,716 - INFO - Batch 800/2278: Loss=0.0000, Cls=0.0000, Reg=0.0000, Con=0.0000
2025-09-13 18:18:13,602 - INFO - Batch 810/2278: Loss=0.6368, Cls=0.6368, Reg=0.0000, Con=0.0000
2025-09-13 18:18:14,470 - INFO - Batch 820/2278: Loss=1.1882, Cls=0.0000, Reg=0.0000, Con=3.9608
2025-09-13 18:18:15,377 - INFO - Batch 830/2278: Loss=1.1882, Cls=0.0000, Reg=0.0000, Con=3.9607
2025-09-13 18:18:16,277 - INFO - Batch 840/2278: Loss=1.1882, Cls=0.0000, Reg=0.0000, Con=3.9608
2025-09-13 18:18:17,173 - INFO - Batch 850/2278: Loss=0.0000, Cls=0.0000, Reg=0.0000, Con=0.0000
2025-09-13 18:18:18,083 - INFO - Batch 860/2278: Loss=1.1882, Cls=0.0000, Reg=0.0000, Con=3.9608
2025-09-13 18:18:18,962 - INFO - Batch 870/2278: Loss=0.0000, Cls=0.0000, Reg=0.0000, Con=0.0000
2025-09-13 18:18:19,850 - INFO - Batch 880/2278: Loss=0.0000, Cls=0.0000, Reg=0.0000, Con=0.0000
2025-09-13 18:18:20,736 - INFO - Batch 890/2278: Loss=1.1883, Cls=0.0000, Reg=0.0000, Con=3.9609
2025-09-13 18:18:21,624 - INFO - Batch 900/2278: Loss=0.0000, Cls=0.0000, Reg=0.0000, Con=0.0000
2025-09-13 18:18:22,487 - INFO - Batch 910/2278: Loss=0.0000, Cls=0.0000, Reg=0.0000, Con=0.0000
2025-09-13 18:18:23,376 - INFO - Batch 920/2278: Loss=1.1883, Cls=0.0000, Reg=0.0000, Con=3.9611
2025-09-13 18:18:24,253 - INFO - Batch 930/2278: Loss=1.1883, Cls=0.0000, Reg=0.0000, Con=3.9609
2025-09-13 18:18:25,125 - INFO - Batch 940/2278: Loss=0.0000, Cls=0.0000, Reg=0.0000, Con=0.0000
2025-09-13 18:18:26,000 - INFO - Batch 950/2278: Loss=0.0000, Cls=0.0000, Reg=0.0000, Con=0.0000
2025-09-13 18:18:26,919 - INFO - Batch 960/2278: Loss=0.0215, Cls=0.0215, Reg=0.0000, Con=0.0000
2025-09-13 18:18:27,829 - INFO - Batch 970/2278: Loss=4.4109, Cls=3.2225, Reg=0.0000, Con=3.9611
2025-09-13 18:18:28,712 - INFO - Batch 980/2278: Loss=1.1883, Cls=0.0000, Reg=0.0000, Con=3.9609
2025-09-13 18:18:29,592 - INFO - Batch 990/2278: Loss=1.1882, Cls=0.0000, Reg=0.0000, Con=3.9606
2025-09-13 18:18:30,478 - INFO - Batch 1000/2278: Loss=1.1883, Cls=0.0001, Reg=0.0000, Con=3.9609
2025-09-13 18:18:31,348 - INFO - Batch 1010/2278: Loss=1.1883, Cls=0.0000, Reg=0.0000, Con=3.9609
2025-09-13 18:18:32,210 - INFO - Batch 1020/2278: Loss=1.1885, Cls=0.0000, Reg=0.0000, Con=3.9615
2025-09-13 18:18:33,080 - INFO - Batch 1030/2278: Loss=9.6541, Cls=8.4658, Reg=0.0000, Con=3.9608
2025-09-13 18:18:33,964 - INFO - Batch 1040/2278: Loss=1.2307, Cls=0.0424, Reg=0.0000, Con=3.9608
2025-09-13 18:18:34,859 - INFO - Batch 1050/2278: Loss=1.2180, Cls=0.0297, Reg=0.0000, Con=3.9611
2025-09-13 18:18:35,749 - INFO - Batch 1060/2278: Loss=1.1883, Cls=0.0000, Reg=0.0000, Con=3.9612
2025-09-13 18:18:36,631 - INFO - Batch 1070/2278: Loss=1.2042, Cls=0.0159, Reg=0.0000, Con=3.9609
2025-09-13 18:18:37,511 - INFO - Batch 1080/2278: Loss=1.1883, Cls=0.0000, Reg=0.0000, Con=3.9609
2025-09-13 18:18:38,437 - INFO - Batch 1090/2278: Loss=1.1883, Cls=0.0001, Reg=0.0000, Con=3.9608
2025-09-13 18:18:39,315 - INFO - Batch 1100/2278: Loss=1.1883, Cls=0.0000, Reg=0.0000, Con=3.9608
2025-09-13 18:18:40,189 - INFO - Batch 1110/2278: Loss=1.1883, Cls=0.0000, Reg=0.0000, Con=3.9608
2025-09-13 18:18:41,092 - INFO - Batch 1120/2278: Loss=1.3512, Cls=0.1630, Reg=0.0000, Con=3.9608
2025-09-13 18:18:41,977 - INFO - Batch 1130/2278: Loss=0.0000, Cls=0.0000, Reg=0.0000, Con=0.0000
2025-09-13 18:18:42,859 - INFO - Batch 1140/2278: Loss=0.0000, Cls=0.0000, Reg=0.0000, Con=0.0000
2025-09-13 18:18:43,757 - INFO - Batch 1150/2278: Loss=1.6403, Cls=0.4520, Reg=0.0000, Con=3.9609
2025-09-13 18:18:44,629 - INFO - Batch 1160/2278: Loss=1.1893, Cls=0.0011, Reg=0.0000, Con=3.9607
2025-09-13 18:18:45,513 - INFO - Batch 1170/2278: Loss=0.5595, Cls=0.5595, Reg=0.0000, Con=0.0000
2025-09-13 18:18:46,420 - INFO - Batch 1180/2278: Loss=1.1883, Cls=0.0000, Reg=0.0000, Con=3.9609
2025-09-13 18:18:47,332 - INFO - Batch 1190/2278: Loss=1.2087, Cls=0.0204, Reg=0.0000, Con=3.9610
2025-09-13 18:18:48,231 - INFO - Batch 1200/2278: Loss=1.1883, Cls=0.0000, Reg=0.0000, Con=3.9609
2025-09-13 18:18:49,136 - INFO - Batch 1210/2278: Loss=1.1882, Cls=0.0000, Reg=0.0000, Con=3.9608
2025-09-13 18:18:50,033 - INFO - Batch 1220/2278: Loss=0.0026, Cls=0.0026, Reg=0.0000, Con=0.0000
2025-09-13 18:18:50,933 - INFO - Batch 1230/2278: Loss=1.1883, Cls=0.0000, Reg=0.0000, Con=3.9609
2025-09-13 18:18:51,827 - INFO - Batch 1240/2278: Loss=1.1883, Cls=0.0000, Reg=0.0000, Con=3.9609
2025-09-13 18:18:52,710 - INFO - Batch 1250/2278: Loss=0.0000, Cls=0.0000, Reg=0.0000, Con=0.0000
2025-09-13 18:18:53,588 - INFO - Batch 1260/2278: Loss=1.1887, Cls=0.0005, Reg=0.0000, Con=3.9607
2025-09-13 18:18:54,466 - INFO - Batch 1270/2278: Loss=0.1703, Cls=0.1703, Reg=0.0000, Con=0.0000
2025-09-13 18:18:55,330 - INFO - Batch 1280/2278: Loss=1.1882, Cls=0.0000, Reg=0.0000, Con=3.9608
2025-09-13 18:18:56,238 - INFO - Batch 1290/2278: Loss=1.1883, Cls=0.0000, Reg=0.0000, Con=3.9610
2025-09-13 18:18:57,124 - INFO - Batch 1300/2278: Loss=1.1968, Cls=0.0085, Reg=0.0000, Con=3.9610
2025-09-13 18:18:58,015 - INFO - Batch 1310/2278: Loss=0.0096, Cls=0.0096, Reg=0.0000, Con=0.0000
2025-09-13 18:18:58,911 - INFO - Batch 1320/2278: Loss=1.1883, Cls=0.0000, Reg=0.0000, Con=3.9609
2025-09-13 18:18:59,802 - INFO - Batch 1330/2278: Loss=1.1883, Cls=0.0000, Reg=0.0000, Con=3.9609
2025-09-13 18:19:00,731 - INFO - Batch 1340/2278: Loss=6.0645, Cls=6.0645, Reg=0.0000, Con=0.0000
2025-09-13 18:19:01,623 - INFO - Batch 1350/2278: Loss=0.0000, Cls=0.0000, Reg=0.0000, Con=0.0000
2025-09-13 18:19:02,514 - INFO - Batch 1360/2278: Loss=1.1885, Cls=0.0003, Reg=0.0000, Con=3.9608
2025-09-13 18:19:03,414 - INFO - Batch 1370/2278: Loss=1.1882, Cls=0.0000, Reg=0.0000, Con=3.9608
2025-09-13 18:19:04,312 - INFO - Batch 1380/2278: Loss=2.1596, Cls=0.9713, Reg=0.0000, Con=3.9609
2025-09-13 18:19:05,195 - INFO - Batch 1390/2278: Loss=1.1882, Cls=0.0000, Reg=0.0000, Con=3.9608
2025-09-13 18:19:06,094 - INFO - Batch 1400/2278: Loss=0.0057, Cls=0.0057, Reg=0.0000, Con=0.0000
2025-09-13 18:19:06,978 - INFO - Batch 1410/2278: Loss=1.2533, Cls=0.0651, Reg=0.0000, Con=3.9608
2025-09-13 18:19:07,869 - INFO - Batch 1420/2278: Loss=3.4928, Cls=3.4928, Reg=0.0000, Con=0.0000
2025-09-13 18:19:08,756 - INFO - Batch 1430/2278: Loss=0.0000, Cls=0.0000, Reg=0.0000, Con=0.0000
2025-09-13 18:19:09,620 - INFO - Batch 1440/2278: Loss=1.1884, Cls=0.0000, Reg=0.0000, Con=3.9613
2025-09-13 18:19:10,482 - INFO - Batch 1450/2278: Loss=0.0004, Cls=0.0004, Reg=0.0000, Con=0.0000
2025-09-13 18:19:11,352 - INFO - Batch 1460/2278: Loss=1.2087, Cls=0.0204, Reg=0.0000, Con=3.9609
2025-09-13 18:19:12,224 - INFO - Batch 1470/2278: Loss=1.1905, Cls=0.0023, Reg=0.0000, Con=3.9608
2025-09-13 18:19:13,102 - INFO - Batch 1480/2278: Loss=0.0000, Cls=0.0000, Reg=0.0000, Con=0.0000
2025-09-13 18:19:14,084 - INFO - Batch 1490/2278: Loss=1.2267, Cls=1.2267, Reg=0.0000, Con=0.0000
2025-09-13 18:19:14,991 - INFO - Batch 1500/2278: Loss=0.0084, Cls=0.0084, Reg=0.0000, Con=0.0000
2025-09-13 18:19:15,848 - INFO - Batch 1510/2278: Loss=1.5918, Cls=0.4035, Reg=0.0000, Con=3.9608
2025-09-13 18:19:16,679 - INFO - Batch 1520/2278: Loss=1.1883, Cls=0.0000, Reg=0.0000, Con=3.9608
2025-09-13 18:19:17,562 - INFO - Batch 1530/2278: Loss=1.1883, Cls=0.0000, Reg=0.0000, Con=3.9609
2025-09-13 18:19:18,451 - INFO - Batch 1540/2278: Loss=3.7058, Cls=3.7058, Reg=0.0000, Con=0.0000
2025-09-13 18:19:19,328 - INFO - Batch 1550/2278: Loss=1.1883, Cls=0.0000, Reg=0.0000, Con=3.9609
2025-09-13 18:19:20,216 - INFO - Batch 1560/2278: Loss=1.1883, Cls=0.0000, Reg=0.0000, Con=3.9608
2025-09-13 18:19:21,070 - INFO - Batch 1570/2278: Loss=1.1883, Cls=0.0000, Reg=0.0000, Con=3.9609
2025-09-13 18:19:21,934 - INFO - Batch 1580/2278: Loss=0.0091, Cls=0.0091, Reg=0.0000, Con=0.0000
2025-09-13 18:19:22,828 - INFO - Batch 1590/2278: Loss=1.6292, Cls=0.4409, Reg=0.0000, Con=3.9608
2025-09-13 18:19:23,719 - INFO - Batch 1600/2278: Loss=1.1883, Cls=0.0000, Reg=0.0000, Con=3.9609
2025-09-13 18:19:24,612 - INFO - Batch 1610/2278: Loss=0.1722, Cls=0.1722, Reg=0.0000, Con=0.0000
2025-09-13 18:19:25,513 - INFO - Batch 1620/2278: Loss=2.4476, Cls=1.2594, Reg=0.0000, Con=3.9609
2025-09-13 18:19:26,368 - INFO - Batch 1630/2278: Loss=0.0000, Cls=0.0000, Reg=0.0000, Con=0.0000
2025-09-13 18:19:27,251 - INFO - Batch 1640/2278: Loss=1.1883, Cls=0.0000, Reg=0.0000, Con=3.9609
2025-09-13 18:19:28,119 - INFO - Batch 1650/2278: Loss=0.0000, Cls=0.0000, Reg=0.0000, Con=0.0000
2025-09-13 18:19:28,990 - INFO - Batch 1660/2278: Loss=1.1898, Cls=0.0016, Reg=0.0000, Con=3.9607
2025-09-13 18:19:29,885 - INFO - Batch 1670/2278: Loss=1.1882, Cls=0.0000, Reg=0.0000, Con=3.9608
2025-09-13 18:19:30,775 - INFO - Batch 1680/2278: Loss=1.1921, Cls=0.0037, Reg=0.0000, Con=3.9615
2025-09-13 18:19:31,679 - INFO - Batch 1690/2278: Loss=0.0000, Cls=0.0000, Reg=0.0000, Con=0.0000
2025-09-13 18:19:32,554 - INFO - Batch 1700/2278: Loss=1.1882, Cls=0.0000, Reg=0.0000, Con=3.9608
2025-09-13 18:19:33,415 - INFO - Batch 1710/2278: Loss=1.1885, Cls=0.0002, Reg=0.0000, Con=3.9612
2025-09-13 18:19:34,278 - INFO - Batch 1720/2278: Loss=1.1883, Cls=0.0000, Reg=0.0000, Con=3.9610
2025-09-13 18:19:35,169 - INFO - Batch 1730/2278: Loss=1.1883, Cls=0.0000, Reg=0.0000, Con=3.9609
2025-09-13 18:19:36,021 - INFO - Batch 1740/2278: Loss=1.1883, Cls=0.0000, Reg=0.0000, Con=3.9610
2025-09-13 18:19:36,967 - INFO - Batch 1750/2278: Loss=1.1883, Cls=0.0000, Reg=0.0000, Con=3.9609
2025-09-13 18:19:37,881 - INFO - Batch 1760/2278: Loss=1.1910, Cls=0.0028, Reg=0.0000, Con=3.9608
2025-09-13 18:19:38,757 - INFO - Batch 1770/2278: Loss=1.1883, Cls=0.0000, Reg=0.0000, Con=3.9610
2025-09-13 18:19:39,624 - INFO - Batch 1780/2278: Loss=1.1883, Cls=0.0000, Reg=0.0000, Con=3.9609
2025-09-13 18:19:40,486 - INFO - Batch 1790/2278: Loss=1.1882, Cls=0.0000, Reg=0.0000, Con=3.9608
2025-09-13 18:19:41,367 - INFO - Batch 1800/2278: Loss=1.1911, Cls=0.0029, Reg=0.0000, Con=3.9608
2025-09-13 18:19:42,228 - INFO - Batch 1810/2278: Loss=1.1883, Cls=0.0000, Reg=0.0000, Con=3.9610
2025-09-13 18:19:43,097 - INFO - Batch 1820/2278: Loss=1.1882, Cls=0.0000, Reg=0.0000, Con=3.9608
2025-09-13 18:19:43,978 - INFO - Batch 1830/2278: Loss=1.2349, Cls=0.0465, Reg=0.0000, Con=3.9615
2025-09-13 18:19:44,866 - INFO - Batch 1840/2278: Loss=1.1883, Cls=0.0000, Reg=0.0000, Con=3.9609
2025-09-13 18:19:45,761 - INFO - Batch 1850/2278: Loss=1.1883, Cls=0.0000, Reg=0.0000, Con=3.9608
2025-09-13 18:19:46,643 - INFO - Batch 1860/2278: Loss=1.1893, Cls=0.0011, Reg=0.0000, Con=3.9608
2025-09-13 18:19:47,507 - INFO - Batch 1870/2278: Loss=0.0000, Cls=0.0000, Reg=0.0000, Con=0.0000
2025-09-13 18:19:48,391 - INFO - Batch 1880/2278: Loss=1.1888, Cls=0.0005, Reg=0.0000, Con=3.9610
2025-09-13 18:19:49,269 - INFO - Batch 1890/2278: Loss=0.0000, Cls=0.0000, Reg=0.0000, Con=0.0000
2025-09-13 18:19:50,144 - INFO - Batch 1900/2278: Loss=1.1882, Cls=0.0000, Reg=0.0000, Con=3.9607
2025-09-13 18:19:51,026 - INFO - Batch 1910/2278: Loss=1.1882, Cls=0.0000, Reg=0.0000, Con=3.9607
2025-09-13 18:19:51,921 - INFO - Batch 1920/2278: Loss=1.1883, Cls=0.0000, Reg=0.0000, Con=3.9608
2025-09-13 18:19:52,798 - INFO - Batch 1930/2278: Loss=0.0053, Cls=0.0053, Reg=0.0000, Con=0.0000
2025-09-13 18:19:53,665 - INFO - Batch 1940/2278: Loss=1.1882, Cls=0.0000, Reg=0.0000, Con=3.9607
2025-09-13 18:19:54,516 - INFO - Batch 1950/2278: Loss=1.5054, Cls=0.3172, Reg=0.0000, Con=3.9609
2025-09-13 18:19:55,429 - INFO - Batch 1960/2278: Loss=1.1883, Cls=0.0000, Reg=0.0000, Con=3.9609
2025-09-13 18:19:56,329 - INFO - Batch 1970/2278: Loss=1.1882, Cls=0.0000, Reg=0.0000, Con=3.9606
2025-09-13 18:19:57,220 - INFO - Batch 1980/2278: Loss=1.1965, Cls=0.0083, Reg=0.0000, Con=3.9608
2025-09-13 18:19:58,113 - INFO - Batch 1990/2278: Loss=0.0743, Cls=0.0743, Reg=0.0000, Con=0.0000
2025-09-13 18:19:58,963 - INFO - Batch 2000/2278: Loss=3.6167, Cls=2.4285, Reg=0.0000, Con=3.9607
2025-09-13 18:19:59,843 - INFO - Batch 2010/2278: Loss=1.1882, Cls=0.0000, Reg=0.0000, Con=3.9608
2025-09-13 18:20:00,708 - INFO - Batch 2020/2278: Loss=0.0000, Cls=0.0000, Reg=0.0000, Con=0.0000
2025-09-13 18:20:01,580 - INFO - Batch 2030/2278: Loss=3.0429, Cls=1.8546, Reg=0.0000, Con=3.9610
2025-09-13 18:20:02,489 - INFO - Batch 2040/2278: Loss=1.1883, Cls=0.0001, Reg=0.0000, Con=3.9608
2025-09-13 18:20:03,349 - INFO - Batch 2050/2278: Loss=0.0000, Cls=0.0000, Reg=0.0000, Con=0.0000
2025-09-13 18:20:04,228 - INFO - Batch 2060/2278: Loss=1.1885, Cls=0.0000, Reg=0.0000, Con=3.9615
2025-09-13 18:20:05,105 - INFO - Batch 2070/2278: Loss=1.2144, Cls=0.0262, Reg=0.0000, Con=3.9608
2025-09-13 18:20:05,982 - INFO - Batch 2080/2278: Loss=0.0001, Cls=0.0001, Reg=0.0000, Con=0.0000
2025-09-13 18:20:06,890 - INFO - Batch 2090/2278: Loss=1.1883, Cls=0.0000, Reg=0.0000, Con=3.9608
2025-09-13 18:20:07,799 - INFO - Batch 2100/2278: Loss=0.0000, Cls=0.0000, Reg=0.0000, Con=0.0000
2025-09-13 18:20:08,689 - INFO - Batch 2110/2278: Loss=0.0000, Cls=0.0000, Reg=0.0000, Con=0.0000
2025-09-13 18:20:09,559 - INFO - Batch 2120/2278: Loss=1.1883, Cls=0.0000, Reg=0.0000, Con=3.9609
2025-09-13 18:20:10,442 - INFO - Batch 2130/2278: Loss=1.1883, Cls=0.0000, Reg=0.0000, Con=3.9608
2025-09-13 18:20:11,319 - INFO - Batch 2140/2278: Loss=0.0000, Cls=0.0000, Reg=0.0000, Con=0.0000
2025-09-13 18:20:12,172 - INFO - Batch 2150/2278: Loss=1.1883, Cls=0.0000, Reg=0.0000, Con=3.9610
2025-09-13 18:20:13,029 - INFO - Batch 2160/2278: Loss=1.1882, Cls=0.0000, Reg=0.0000, Con=3.9608
2025-09-13 18:20:13,904 - INFO - Batch 2170/2278: Loss=7.3102, Cls=6.1220, Reg=0.0000, Con=3.9608
2025-09-13 18:20:14,787 - INFO - Batch 2180/2278: Loss=1.1883, Cls=0.0000, Reg=0.0000, Con=3.9608
2025-09-13 18:20:15,645 - INFO - Batch 2190/2278: Loss=1.1884, Cls=0.0001, Reg=0.0000, Con=3.9610
2025-09-13 18:20:16,516 - INFO - Batch 2200/2278: Loss=1.1882, Cls=0.0000, Reg=0.0000, Con=3.9608
2025-09-13 18:20:17,393 - INFO - Batch 2210/2278: Loss=1.1884, Cls=0.0000, Reg=0.0000, Con=3.9613
2025-09-13 18:20:18,261 - INFO - Batch 2220/2278: Loss=0.3428, Cls=0.3428, Reg=0.0000, Con=0.0000
2025-09-13 18:20:19,169 - INFO - Batch 2230/2278: Loss=0.0125, Cls=0.0125, Reg=0.0000, Con=0.0000
2025-09-13 18:20:20,048 - INFO - Batch 2240/2278: Loss=1.1882, Cls=0.0000, Reg=0.0000, Con=3.9608
2025-09-13 18:20:20,928 - INFO - Batch 2250/2278: Loss=0.0000, Cls=0.0000, Reg=0.0000, Con=0.0000
2025-09-13 18:20:21,817 - INFO - Batch 2260/2278: Loss=1.1883, Cls=0.0000, Reg=0.0000, Con=3.9609
2025-09-13 18:20:22,684 - INFO - Batch 2270/2278: Loss=1.1882, Cls=0.0000, Reg=0.0000, Con=3.9606
2025-09-13 18:23:50,285 - INFO - === Epoch 2 Results ===
2025-09-13 18:23:50,286 - INFO - Training Loss: 1.0033 (Classification: 0.2120, Regression: 0.0000)
2025-09-13 18:23:50,286 - INFO - Validation Loss: 0.0583 (Classification: 0.0583, Regression: 0.0000)
2025-09-13 18:23:50,286 - INFO - Average Classification Accuracy: 0.7576 (on 1/26 tasks)
2025-09-13 18:23:50,286 - INFO - Average AUC: 0.8261
2025-09-13 18:23:55,426 - INFO - Best model saved to: experiments/r1c3_single_cls_2_seed_42_20250913_181015/checkpoints/r1c3_single_cls_2_seed_42_best.pth
2025-09-13 18:23:55,426 - INFO - 
Epoch 3/3
2025-09-13 18:23:55,565 - INFO - Batch 0/2278: Loss=1.1882, Cls=0.0000, Reg=0.0000, Con=3.9608
2025-09-13 18:23:56,509 - INFO - Batch 10/2278: Loss=1.3482, Cls=0.1599, Reg=0.0000, Con=3.9611
2025-09-13 18:23:57,448 - INFO - Batch 20/2278: Loss=1.2043, Cls=0.0161, Reg=0.0000, Con=3.9608
2025-09-13 18:23:58,481 - INFO - Batch 30/2278: Loss=0.0000, Cls=0.0000, Reg=0.0000, Con=0.0000
2025-09-13 18:23:59,442 - INFO - Batch 40/2278: Loss=3.2653, Cls=2.0770, Reg=0.0000, Con=3.9608
2025-09-13 18:24:00,343 - INFO - Batch 50/2278: Loss=5.0124, Cls=3.8242, Reg=0.0000, Con=3.9609
2025-09-13 18:24:01,240 - INFO - Batch 60/2278: Loss=1.1882, Cls=0.0000, Reg=0.0000, Con=3.9607
2025-09-13 18:24:02,155 - INFO - Batch 70/2278: Loss=1.1897, Cls=0.0015, Reg=0.0000, Con=3.9608
2025-09-13 18:24:03,018 - INFO - Batch 80/2278: Loss=0.0018, Cls=0.0018, Reg=0.0000, Con=0.0000
2025-09-13 18:24:03,908 - INFO - Batch 90/2278: Loss=1.1883, Cls=0.0000, Reg=0.0000, Con=3.9609
2025-09-13 18:24:04,827 - INFO - Batch 100/2278: Loss=1.1882, Cls=0.0000, Reg=0.0000, Con=3.9607
2025-09-13 18:24:05,737 - INFO - Batch 110/2278: Loss=1.1885, Cls=0.0000, Reg=0.0000, Con=3.9618
2025-09-13 18:24:06,624 - INFO - Batch 120/2278: Loss=1.1883, Cls=0.0000, Reg=0.0000, Con=3.9609
2025-09-13 18:24:07,551 - INFO - Batch 130/2278: Loss=1.1882, Cls=0.0000, Reg=0.0000, Con=3.9607
2025-09-13 18:24:08,470 - INFO - Batch 140/2278: Loss=0.0000, Cls=0.0000, Reg=0.0000, Con=0.0000
2025-09-13 18:24:09,350 - INFO - Batch 150/2278: Loss=1.1882, Cls=0.0000, Reg=0.0000, Con=3.9608
2025-09-13 18:24:10,243 - INFO - Batch 160/2278: Loss=0.0000, Cls=0.0000, Reg=0.0000, Con=0.0000
2025-09-13 18:24:11,118 - INFO - Batch 170/2278: Loss=1.2033, Cls=0.0150, Reg=0.0000, Con=3.9609
2025-09-13 18:24:11,994 - INFO - Batch 180/2278: Loss=1.1982, Cls=0.0098, Reg=0.0000, Con=3.9611
2025-09-13 18:24:12,873 - INFO - Batch 190/2278: Loss=1.1882, Cls=0.0000, Reg=0.0000, Con=3.9607
2025-09-13 18:24:13,752 - INFO - Batch 200/2278: Loss=0.0002, Cls=0.0002, Reg=0.0000, Con=0.0000
2025-09-13 18:24:14,641 - INFO - Batch 210/2278: Loss=3.6137, Cls=2.4254, Reg=0.0000, Con=3.9612
2025-09-13 18:24:15,538 - INFO - Batch 220/2278: Loss=1.1882, Cls=0.0000, Reg=0.0000, Con=3.9608
2025-09-13 18:24:16,436 - INFO - Batch 230/2278: Loss=1.1883, Cls=0.0000, Reg=0.0000, Con=3.9611
2025-09-13 18:24:17,358 - INFO - Batch 240/2278: Loss=1.1882, Cls=0.0000, Reg=0.0000, Con=3.9607
2025-09-13 18:24:18,243 - INFO - Batch 250/2278: Loss=1.1884, Cls=0.0001, Reg=0.0000, Con=3.9609
2025-09-13 18:24:19,171 - INFO - Batch 260/2278: Loss=1.1886, Cls=0.0004, Reg=0.0000, Con=3.9608
2025-09-13 18:24:20,076 - INFO - Batch 270/2278: Loss=1.1882, Cls=0.0000, Reg=0.0000, Con=3.9607
2025-09-13 18:24:20,960 - INFO - Batch 280/2278: Loss=1.1882, Cls=0.0000, Reg=0.0000, Con=3.9608
2025-09-13 18:24:21,854 - INFO - Batch 290/2278: Loss=1.1882, Cls=0.0000, Reg=0.0000, Con=3.9608
2025-09-13 18:24:22,741 - INFO - Batch 300/2278: Loss=1.2439, Cls=0.0557, Reg=0.0000, Con=3.9607
2025-09-13 18:24:23,649 - INFO - Batch 310/2278: Loss=1.1883, Cls=0.0000, Reg=0.0000, Con=3.9610
2025-09-13 18:24:24,545 - INFO - Batch 320/2278: Loss=1.1884, Cls=0.0000, Reg=0.0000, Con=3.9612
2025-09-13 18:24:25,433 - INFO - Batch 330/2278: Loss=0.0032, Cls=0.0032, Reg=0.0000, Con=0.0000
2025-09-13 18:24:26,351 - INFO - Batch 340/2278: Loss=0.0796, Cls=0.0796, Reg=0.0000, Con=0.0000
2025-09-13 18:24:27,237 - INFO - Batch 350/2278: Loss=1.1884, Cls=0.0000, Reg=0.0000, Con=3.9612
2025-09-13 18:24:28,144 - INFO - Batch 360/2278: Loss=1.1883, Cls=0.0000, Reg=0.0000, Con=3.9611
2025-09-13 18:24:29,049 - INFO - Batch 370/2278: Loss=1.1882, Cls=0.0000, Reg=0.0000, Con=3.9608
2025-09-13 18:24:29,984 - INFO - Batch 380/2278: Loss=1.2596, Cls=0.0713, Reg=0.0000, Con=3.9608
2025-09-13 18:24:30,916 - INFO - Batch 390/2278: Loss=1.1883, Cls=0.0000, Reg=0.0000, Con=3.9609
2025-09-13 18:24:31,810 - INFO - Batch 400/2278: Loss=0.0000, Cls=0.0000, Reg=0.0000, Con=0.0000
2025-09-13 18:24:32,700 - INFO - Batch 410/2278: Loss=1.1883, Cls=0.0000, Reg=0.0000, Con=3.9609
2025-09-13 18:24:33,576 - INFO - Batch 420/2278: Loss=1.1883, Cls=0.0000, Reg=0.0000, Con=3.9609
2025-09-13 18:24:34,463 - INFO - Batch 430/2278: Loss=1.1884, Cls=0.0000, Reg=0.0000, Con=3.9614
2025-09-13 18:24:35,354 - INFO - Batch 440/2278: Loss=0.0000, Cls=0.0000, Reg=0.0000, Con=0.0000
2025-09-13 18:24:36,235 - INFO - Batch 450/2278: Loss=1.1882, Cls=0.0000, Reg=0.0000, Con=3.9608
2025-09-13 18:24:37,113 - INFO - Batch 460/2278: Loss=0.0000, Cls=0.0000, Reg=0.0000, Con=0.0000
2025-09-13 18:24:37,998 - INFO - Batch 470/2278: Loss=0.0000, Cls=0.0000, Reg=0.0000, Con=0.0000
2025-09-13 18:24:38,893 - INFO - Batch 480/2278: Loss=1.1883, Cls=0.0000, Reg=0.0000, Con=3.9609
2025-09-13 18:24:39,785 - INFO - Batch 490/2278: Loss=0.0000, Cls=0.0000, Reg=0.0000, Con=0.0000
2025-09-13 18:24:40,679 - INFO - Batch 500/2278: Loss=0.0000, Cls=0.0000, Reg=0.0000, Con=0.0000
2025-09-13 18:24:41,589 - INFO - Batch 510/2278: Loss=1.1882, Cls=0.0000, Reg=0.0000, Con=3.9608
2025-09-13 18:24:42,499 - INFO - Batch 520/2278: Loss=0.0573, Cls=0.0573, Reg=0.0000, Con=0.0000
2025-09-13 18:24:43,445 - INFO - Batch 530/2278: Loss=1.2830, Cls=0.0948, Reg=0.0000, Con=3.9608
2025-09-13 18:24:44,522 - INFO - Batch 540/2278: Loss=1.1883, Cls=0.0000, Reg=0.0000, Con=3.9609
2025-09-13 18:24:45,451 - INFO - Batch 550/2278: Loss=0.0000, Cls=0.0000, Reg=0.0000, Con=0.0000
2025-09-13 18:24:46,390 - INFO - Batch 560/2278: Loss=1.1883, Cls=0.0000, Reg=0.0000, Con=3.9609
2025-09-13 18:24:47,321 - INFO - Batch 570/2278: Loss=1.1882, Cls=0.0000, Reg=0.0000, Con=3.9608
2025-09-13 18:24:48,248 - INFO - Batch 580/2278: Loss=0.0000, Cls=0.0000, Reg=0.0000, Con=0.0000
2025-09-13 18:24:49,118 - INFO - Batch 590/2278: Loss=1.1883, Cls=0.0000, Reg=0.0000, Con=3.9608
2025-09-13 18:24:50,008 - INFO - Batch 600/2278: Loss=0.0000, Cls=0.0000, Reg=0.0000, Con=0.0000
2025-09-13 18:24:50,895 - INFO - Batch 610/2278: Loss=1.2039, Cls=0.0155, Reg=0.0000, Con=3.9613
2025-09-13 18:24:51,813 - INFO - Batch 620/2278: Loss=1.1882, Cls=0.0000, Reg=0.0000, Con=3.9608
2025-09-13 18:24:52,709 - INFO - Batch 630/2278: Loss=1.1883, Cls=0.0000, Reg=0.0000, Con=3.9611
2025-09-13 18:24:53,638 - INFO - Batch 640/2278: Loss=1.2074, Cls=0.0192, Reg=0.0000, Con=3.9607
2025-09-13 18:24:54,521 - INFO - Batch 650/2278: Loss=1.1883, Cls=0.0000, Reg=0.0000, Con=3.9608
2025-09-13 18:24:55,490 - INFO - Batch 660/2278: Loss=0.0000, Cls=0.0000, Reg=0.0000, Con=0.0000
2025-09-13 18:24:56,387 - INFO - Batch 670/2278: Loss=2.2195, Cls=1.0312, Reg=0.0000, Con=3.9609
2025-09-13 18:24:57,316 - INFO - Batch 680/2278: Loss=0.0000, Cls=0.0000, Reg=0.0000, Con=0.0000
2025-09-13 18:24:58,197 - INFO - Batch 690/2278: Loss=1.1883, Cls=0.0000, Reg=0.0000, Con=3.9609
2025-09-13 18:24:59,113 - INFO - Batch 700/2278: Loss=1.1883, Cls=0.0000, Reg=0.0000, Con=3.9610
2025-09-13 18:24:59,997 - INFO - Batch 710/2278: Loss=1.1883, Cls=0.0000, Reg=0.0000, Con=3.9610
2025-09-13 18:25:00,889 - INFO - Batch 720/2278: Loss=1.1883, Cls=0.0000, Reg=0.0000, Con=3.9610
2025-09-13 18:25:01,784 - INFO - Batch 730/2278: Loss=1.4962, Cls=0.3079, Reg=0.0000, Con=3.9609
2025-09-13 18:25:02,712 - INFO - Batch 740/2278: Loss=1.1882, Cls=0.0000, Reg=0.0000, Con=3.9606
2025-09-13 18:25:03,628 - INFO - Batch 750/2278: Loss=1.2164, Cls=0.0282, Reg=0.0000, Con=3.9606
2025-09-13 18:25:04,526 - INFO - Batch 760/2278: Loss=1.1883, Cls=0.0000, Reg=0.0000, Con=3.9611
2025-09-13 18:25:05,442 - INFO - Batch 770/2278: Loss=1.1883, Cls=0.0000, Reg=0.0000, Con=3.9611
2025-09-13 18:25:06,349 - INFO - Batch 780/2278: Loss=1.0256, Cls=1.0256, Reg=0.0000, Con=0.0000
2025-09-13 18:25:07,232 - INFO - Batch 790/2278: Loss=1.1883, Cls=0.0000, Reg=0.0000, Con=3.9609
2025-09-13 18:25:08,120 - INFO - Batch 800/2278: Loss=1.1884, Cls=0.0000, Reg=0.0000, Con=3.9612
2025-09-13 18:25:09,014 - INFO - Batch 810/2278: Loss=0.0000, Cls=0.0000, Reg=0.0000, Con=0.0000
2025-09-13 18:25:09,916 - INFO - Batch 820/2278: Loss=1.1882, Cls=0.0000, Reg=0.0000, Con=3.9608
2025-09-13 18:25:10,808 - INFO - Batch 830/2278: Loss=1.1883, Cls=0.0000, Reg=0.0000, Con=3.9609
2025-09-13 18:25:11,704 - INFO - Batch 840/2278: Loss=0.0710, Cls=0.0710, Reg=0.0000, Con=0.0000
2025-09-13 18:25:12,628 - INFO - Batch 850/2278: Loss=0.0000, Cls=0.0000, Reg=0.0000, Con=0.0000
2025-09-13 18:25:13,515 - INFO - Batch 860/2278: Loss=1.1883, Cls=0.0000, Reg=0.0000, Con=3.9611
2025-09-13 18:25:14,392 - INFO - Batch 870/2278: Loss=1.1883, Cls=0.0000, Reg=0.0000, Con=3.9609
2025-09-13 18:25:15,345 - INFO - Batch 880/2278: Loss=0.0000, Cls=0.0000, Reg=0.0000, Con=0.0000
2025-09-13 18:25:16,245 - INFO - Batch 890/2278: Loss=1.1883, Cls=0.0000, Reg=0.0000, Con=3.9609
2025-09-13 18:25:17,164 - INFO - Batch 900/2278: Loss=0.0001, Cls=0.0001, Reg=0.0000, Con=0.0000
2025-09-13 18:25:18,031 - INFO - Batch 910/2278: Loss=0.0550, Cls=0.0550, Reg=0.0000, Con=0.0000
2025-09-13 18:25:18,921 - INFO - Batch 920/2278: Loss=0.0000, Cls=0.0000, Reg=0.0000, Con=0.0000
2025-09-13 18:25:19,786 - INFO - Batch 930/2278: Loss=0.0000, Cls=0.0000, Reg=0.0000, Con=0.0000
2025-09-13 18:25:20,678 - INFO - Batch 940/2278: Loss=1.1884, Cls=0.0000, Reg=0.0000, Con=3.9613
2025-09-13 18:25:21,556 - INFO - Batch 950/2278: Loss=0.0000, Cls=0.0000, Reg=0.0000, Con=0.0000
2025-09-13 18:25:22,442 - INFO - Batch 960/2278: Loss=0.0000, Cls=0.0000, Reg=0.0000, Con=0.0000
2025-09-13 18:25:23,337 - INFO - Batch 970/2278: Loss=1.1882, Cls=0.0000, Reg=0.0000, Con=3.9608
2025-09-13 18:25:24,220 - INFO - Batch 980/2278: Loss=1.1883, Cls=0.0000, Reg=0.0000, Con=3.9609
2025-09-13 18:25:25,107 - INFO - Batch 990/2278: Loss=1.1883, Cls=0.0000, Reg=0.0000, Con=3.9609
2025-09-13 18:25:25,975 - INFO - Batch 1000/2278: Loss=1.1883, Cls=0.0000, Reg=0.0000, Con=3.9610
2025-09-13 18:25:26,893 - INFO - Batch 1010/2278: Loss=1.1882, Cls=0.0000, Reg=0.0000, Con=3.9608
2025-09-13 18:25:27,760 - INFO - Batch 1020/2278: Loss=1.1882, Cls=0.0000, Reg=0.0000, Con=3.9608
2025-09-13 18:25:28,682 - INFO - Batch 1030/2278: Loss=1.6845, Cls=1.6845, Reg=0.0000, Con=0.0000
2025-09-13 18:25:29,628 - INFO - Batch 1040/2278: Loss=1.1932, Cls=0.0049, Reg=0.0000, Con=3.9613
2025-09-13 18:25:30,543 - INFO - Batch 1050/2278: Loss=0.0000, Cls=0.0000, Reg=0.0000, Con=0.0000
2025-09-13 18:25:31,448 - INFO - Batch 1060/2278: Loss=1.1883, Cls=0.0000, Reg=0.0000, Con=3.9611
2025-09-13 18:25:32,356 - INFO - Batch 1070/2278: Loss=1.1883, Cls=0.0000, Reg=0.0000, Con=3.9609
2025-09-13 18:25:33,236 - INFO - Batch 1080/2278: Loss=0.0000, Cls=0.0000, Reg=0.0000, Con=0.0000
2025-09-13 18:25:34,146 - INFO - Batch 1090/2278: Loss=1.1883, Cls=0.0000, Reg=0.0000, Con=3.9611
2025-09-13 18:25:35,034 - INFO - Batch 1100/2278: Loss=1.1883, Cls=0.0000, Reg=0.0000, Con=3.9611
2025-09-13 18:25:35,926 - INFO - Batch 1110/2278: Loss=0.0000, Cls=0.0000, Reg=0.0000, Con=0.0000
2025-09-13 18:25:36,844 - INFO - Batch 1120/2278: Loss=0.4683, Cls=0.4683, Reg=0.0000, Con=0.0000
2025-09-13 18:25:37,729 - INFO - Batch 1130/2278: Loss=0.0000, Cls=0.0000, Reg=0.0000, Con=0.0000
2025-09-13 18:25:38,632 - INFO - Batch 1140/2278: Loss=1.1883, Cls=0.0000, Reg=0.0000, Con=3.9609
2025-09-13 18:25:39,503 - INFO - Batch 1150/2278: Loss=0.6086, Cls=0.6086, Reg=0.0000, Con=0.0000
2025-09-13 18:25:40,423 - INFO - Batch 1160/2278: Loss=0.0000, Cls=0.0000, Reg=0.0000, Con=0.0000
2025-09-13 18:25:41,341 - INFO - Batch 1170/2278: Loss=1.6554, Cls=0.4672, Reg=0.0000, Con=3.9608
2025-09-13 18:25:42,249 - INFO - Batch 1180/2278: Loss=1.1884, Cls=0.0000, Reg=0.0000, Con=3.9613
2025-09-13 18:25:43,165 - INFO - Batch 1190/2278: Loss=1.1883, Cls=0.0000, Reg=0.0000, Con=3.9609
2025-09-13 18:25:44,058 - INFO - Batch 1200/2278: Loss=1.1883, Cls=0.0000, Reg=0.0000, Con=3.9611
2025-09-13 18:25:44,947 - INFO - Batch 1210/2278: Loss=1.1883, Cls=0.0000, Reg=0.0000, Con=3.9611
2025-09-13 18:25:45,834 - INFO - Batch 1220/2278: Loss=1.1883, Cls=0.0000, Reg=0.0000, Con=3.9609
2025-09-13 18:25:46,743 - INFO - Batch 1230/2278: Loss=0.1221, Cls=0.1221, Reg=0.0000, Con=0.0000
2025-09-13 18:25:47,632 - INFO - Batch 1240/2278: Loss=1.6796, Cls=0.4914, Reg=0.0000, Con=3.9608
2025-09-13 18:25:48,651 - INFO - Batch 1250/2278: Loss=1.1883, Cls=0.0000, Reg=0.0000, Con=3.9609
2025-09-13 18:25:49,525 - INFO - Batch 1260/2278: Loss=0.0000, Cls=0.0000, Reg=0.0000, Con=0.0000
2025-09-13 18:25:50,476 - INFO - Batch 1270/2278: Loss=1.1883, Cls=0.0000, Reg=0.0000, Con=3.9610
2025-09-13 18:25:51,416 - INFO - Batch 1280/2278: Loss=1.1882, Cls=0.0000, Reg=0.0000, Con=3.9607
2025-09-13 18:25:52,379 - INFO - Batch 1290/2278: Loss=0.0002, Cls=0.0002, Reg=0.0000, Con=0.0000
2025-09-13 18:25:53,260 - INFO - Batch 1300/2278: Loss=0.0000, Cls=0.0000, Reg=0.0000, Con=0.0000
2025-09-13 18:25:54,137 - INFO - Batch 1310/2278: Loss=1.1882, Cls=0.0000, Reg=0.0000, Con=3.9608
2025-09-13 18:25:55,018 - INFO - Batch 1320/2278: Loss=1.1883, Cls=0.0000, Reg=0.0000, Con=3.9610
2025-09-13 18:25:55,920 - INFO - Batch 1330/2278: Loss=1.1883, Cls=0.0000, Reg=0.0000, Con=3.9610
2025-09-13 18:25:56,816 - INFO - Batch 1340/2278: Loss=1.1882, Cls=0.0000, Reg=0.0000, Con=3.9608
2025-09-13 18:25:57,701 - INFO - Batch 1350/2278: Loss=1.1882, Cls=0.0000, Reg=0.0000, Con=3.9608
2025-09-13 18:25:58,595 - INFO - Batch 1360/2278: Loss=1.1884, Cls=0.0000, Reg=0.0000, Con=3.9612
2025-09-13 18:25:59,524 - INFO - Batch 1370/2278: Loss=1.1883, Cls=0.0000, Reg=0.0000, Con=3.9610
2025-09-13 18:26:00,441 - INFO - Batch 1380/2278: Loss=1.1882, Cls=0.0000, Reg=0.0000, Con=3.9608
2025-09-13 18:26:01,353 - INFO - Batch 1390/2278: Loss=1.1884, Cls=0.0001, Reg=0.0000, Con=3.9610
2025-09-13 18:26:02,265 - INFO - Batch 1400/2278: Loss=8.1723, Cls=6.9838, Reg=0.0000, Con=3.9615
2025-09-13 18:26:03,156 - INFO - Batch 1410/2278: Loss=9.4358, Cls=9.4358, Reg=0.0000, Con=0.0000
2025-09-13 18:26:04,061 - INFO - Batch 1420/2278: Loss=1.1883, Cls=0.0000, Reg=0.0000, Con=3.9610
2025-09-13 18:26:04,989 - INFO - Batch 1430/2278: Loss=0.0000, Cls=0.0000, Reg=0.0000, Con=0.0000
2025-09-13 18:26:05,961 - INFO - Batch 1440/2278: Loss=1.3721, Cls=0.1839, Reg=0.0000, Con=3.9606
2025-09-13 18:26:06,874 - INFO - Batch 1450/2278: Loss=0.1075, Cls=0.1075, Reg=0.0000, Con=0.0000
2025-09-13 18:26:07,743 - INFO - Batch 1460/2278: Loss=0.0000, Cls=0.0000, Reg=0.0000, Con=0.0000
2025-09-13 18:26:08,664 - INFO - Batch 1470/2278: Loss=1.1882, Cls=0.0000, Reg=0.0000, Con=3.9607
2025-09-13 18:26:09,521 - INFO - Batch 1480/2278: Loss=1.1882, Cls=0.0000, Reg=0.0000, Con=3.9608
2025-09-13 18:26:10,434 - INFO - Batch 1490/2278: Loss=0.0000, Cls=0.0000, Reg=0.0000, Con=0.0000
2025-09-13 18:26:11,436 - INFO - Batch 1500/2278: Loss=1.1883, Cls=0.0000, Reg=0.0000, Con=3.9610
2025-09-13 18:26:12,494 - INFO - Batch 1510/2278: Loss=1.1883, Cls=0.0000, Reg=0.0000, Con=3.9609
2025-09-13 18:26:13,455 - INFO - Batch 1520/2278: Loss=6.3114, Cls=6.3114, Reg=0.0000, Con=0.0000
2025-09-13 18:26:14,348 - INFO - Batch 1530/2278: Loss=1.1931, Cls=0.0049, Reg=0.0000, Con=3.9608
2025-09-13 18:26:15,244 - INFO - Batch 1540/2278: Loss=1.1883, Cls=0.0000, Reg=0.0000, Con=3.9610
2025-09-13 18:26:16,158 - INFO - Batch 1550/2278: Loss=1.1883, Cls=0.0000, Reg=0.0000, Con=3.9611
2025-09-13 18:26:17,073 - INFO - Batch 1560/2278: Loss=1.1883, Cls=0.0000, Reg=0.0000, Con=3.9608
2025-09-13 18:26:17,954 - INFO - Batch 1570/2278: Loss=0.0000, Cls=0.0000, Reg=0.0000, Con=0.0000
2025-09-13 18:26:18,867 - INFO - Batch 1580/2278: Loss=1.1882, Cls=0.0000, Reg=0.0000, Con=3.9608
2025-09-13 18:26:19,758 - INFO - Batch 1590/2278: Loss=0.0000, Cls=0.0000, Reg=0.0000, Con=0.0000
2025-09-13 18:26:20,658 - INFO - Batch 1600/2278: Loss=1.1882, Cls=0.0000, Reg=0.0000, Con=3.9608
2025-09-13 18:26:21,610 - INFO - Batch 1610/2278: Loss=0.0006, Cls=0.0006, Reg=0.0000, Con=0.0000
2025-09-13 18:26:22,557 - INFO - Batch 1620/2278: Loss=1.1883, Cls=0.0000, Reg=0.0000, Con=3.9608
2025-09-13 18:26:23,465 - INFO - Batch 1630/2278: Loss=1.1883, Cls=0.0000, Reg=0.0000, Con=3.9610
2025-09-13 18:26:24,363 - INFO - Batch 1640/2278: Loss=0.0000, Cls=0.0000, Reg=0.0000, Con=0.0000
2025-09-13 18:26:25,282 - INFO - Batch 1650/2278: Loss=1.1892, Cls=0.0009, Reg=0.0000, Con=3.9609
2025-09-13 18:26:26,184 - INFO - Batch 1660/2278: Loss=1.1884, Cls=0.0000, Reg=0.0000, Con=3.9613
2025-09-13 18:26:27,053 - INFO - Batch 1670/2278: Loss=1.1883, Cls=0.0000, Reg=0.0000, Con=3.9609
2025-09-13 18:26:27,953 - INFO - Batch 1680/2278: Loss=1.1899, Cls=0.0017, Reg=0.0000, Con=3.9607
2025-09-13 18:26:28,813 - INFO - Batch 1690/2278: Loss=1.1982, Cls=0.0099, Reg=0.0000, Con=3.9610
2025-09-13 18:26:29,704 - INFO - Batch 1700/2278: Loss=3.7410, Cls=2.5528, Reg=0.0000, Con=3.9608
2025-09-13 18:26:30,585 - INFO - Batch 1710/2278: Loss=0.0000, Cls=0.0000, Reg=0.0000, Con=0.0000
2025-09-13 18:26:31,466 - INFO - Batch 1720/2278: Loss=0.0000, Cls=0.0000, Reg=0.0000, Con=0.0000
2025-09-13 18:26:32,348 - INFO - Batch 1730/2278: Loss=1.1882, Cls=0.0000, Reg=0.0000, Con=3.9608
2025-09-13 18:26:33,239 - INFO - Batch 1740/2278: Loss=1.1905, Cls=0.0023, Reg=0.0000, Con=3.9609
2025-09-13 18:26:34,121 - INFO - Batch 1750/2278: Loss=0.0000, Cls=0.0000, Reg=0.0000, Con=0.0000
2025-09-13 18:26:35,047 - INFO - Batch 1760/2278: Loss=1.1884, Cls=0.0000, Reg=0.0000, Con=3.9612
2025-09-13 18:26:35,949 - INFO - Batch 1770/2278: Loss=0.0006, Cls=0.0006, Reg=0.0000, Con=0.0000
2025-09-13 18:26:36,837 - INFO - Batch 1780/2278: Loss=0.0102, Cls=0.0102, Reg=0.0000, Con=0.0000
2025-09-13 18:26:37,717 - INFO - Batch 1790/2278: Loss=0.0000, Cls=0.0000, Reg=0.0000, Con=0.0000
2025-09-13 18:26:38,611 - INFO - Batch 1800/2278: Loss=1.1898, Cls=0.0016, Reg=0.0000, Con=3.9607
2025-09-13 18:26:39,490 - INFO - Batch 1810/2278: Loss=0.0000, Cls=0.0000, Reg=0.0000, Con=0.0000
2025-09-13 18:26:40,371 - INFO - Batch 1820/2278: Loss=0.0000, Cls=0.0000, Reg=0.0000, Con=0.0000
2025-09-13 18:26:41,259 - INFO - Batch 1830/2278: Loss=1.1889, Cls=0.0007, Reg=0.0000, Con=3.9608
2025-09-13 18:26:42,166 - INFO - Batch 1840/2278: Loss=0.0000, Cls=0.0000, Reg=0.0000, Con=0.0000
2025-09-13 18:26:43,185 - INFO - Batch 1850/2278: Loss=1.1883, Cls=0.0000, Reg=0.0000, Con=3.9609
2025-09-13 18:26:44,208 - INFO - Batch 1860/2278: Loss=1.1882, Cls=0.0000, Reg=0.0000, Con=3.9607
2025-09-13 18:26:45,157 - INFO - Batch 1870/2278: Loss=0.0000, Cls=0.0000, Reg=0.0000, Con=0.0000
2025-09-13 18:26:46,067 - INFO - Batch 1880/2278: Loss=1.1882, Cls=0.0000, Reg=0.0000, Con=3.9607
2025-09-13 18:26:46,977 - INFO - Batch 1890/2278: Loss=0.0000, Cls=0.0000, Reg=0.0000, Con=0.0000
2025-09-13 18:26:47,884 - INFO - Batch 1900/2278: Loss=0.0000, Cls=0.0000, Reg=0.0000, Con=0.0000
2025-09-13 18:26:48,752 - INFO - Batch 1910/2278: Loss=1.1883, Cls=0.0000, Reg=0.0000, Con=3.9610
2025-09-13 18:26:49,641 - INFO - Batch 1920/2278: Loss=0.0000, Cls=0.0000, Reg=0.0000, Con=0.0000
2025-09-13 18:26:50,546 - INFO - Batch 1930/2278: Loss=1.1883, Cls=0.0000, Reg=0.0000, Con=3.9611
2025-09-13 18:26:51,415 - INFO - Batch 1940/2278: Loss=1.1882, Cls=0.0000, Reg=0.0000, Con=3.9607
2025-09-13 18:26:52,286 - INFO - Batch 1950/2278: Loss=1.1883, Cls=0.0000, Reg=0.0000, Con=3.9609
2025-09-13 18:26:53,188 - INFO - Batch 1960/2278: Loss=8.1492, Cls=6.9609, Reg=0.0000, Con=3.9610
2025-09-13 18:26:54,096 - INFO - Batch 1970/2278: Loss=0.0000, Cls=0.0000, Reg=0.0000, Con=0.0000
2025-09-13 18:26:55,026 - INFO - Batch 1980/2278: Loss=1.1990, Cls=0.0107, Reg=0.0000, Con=3.9610
2025-09-13 18:26:56,021 - INFO - Batch 1990/2278: Loss=1.1882, Cls=0.0000, Reg=0.0000, Con=3.9608
2025-09-13 18:26:56,970 - INFO - Batch 2000/2278: Loss=1.1883, Cls=0.0000, Reg=0.0000, Con=3.9610
2025-09-13 18:26:57,840 - INFO - Batch 2010/2278: Loss=1.1882, Cls=0.0000, Reg=0.0000, Con=3.9608
2025-09-13 18:26:58,777 - INFO - Batch 2020/2278: Loss=1.1882, Cls=0.0000, Reg=0.0000, Con=3.9608
2025-09-13 18:26:59,681 - INFO - Batch 2030/2278: Loss=1.1939, Cls=0.0057, Reg=0.0000, Con=3.9608
2025-09-13 18:27:00,567 - INFO - Batch 2040/2278: Loss=1.1883, Cls=0.0000, Reg=0.0000, Con=3.9610
2025-09-13 18:27:01,473 - INFO - Batch 2050/2278: Loss=0.8843, Cls=0.8843, Reg=0.0000, Con=0.0000
2025-09-13 18:27:02,358 - INFO - Batch 2060/2278: Loss=1.1883, Cls=0.0000, Reg=0.0000, Con=3.9609
2025-09-13 18:27:03,270 - INFO - Batch 2070/2278: Loss=0.0000, Cls=0.0000, Reg=0.0000, Con=0.0000
2025-09-13 18:27:04,175 - INFO - Batch 2080/2278: Loss=1.1884, Cls=0.0000, Reg=0.0000, Con=3.9613
2025-09-13 18:27:05,057 - INFO - Batch 2090/2278: Loss=5.4389, Cls=4.2506, Reg=0.0000, Con=3.9607
2025-09-13 18:27:05,962 - INFO - Batch 2100/2278: Loss=1.1887, Cls=0.0001, Reg=0.0000, Con=3.9619
2025-09-13 18:27:06,856 - INFO - Batch 2110/2278: Loss=1.1883, Cls=0.0000, Reg=0.0000, Con=3.9609
2025-09-13 18:27:07,748 - INFO - Batch 2120/2278: Loss=0.0038, Cls=0.0038, Reg=0.0000, Con=0.0000
2025-09-13 18:27:08,656 - INFO - Batch 2130/2278: Loss=0.0000, Cls=0.0000, Reg=0.0000, Con=0.0000
2025-09-13 18:27:09,570 - INFO - Batch 2140/2278: Loss=0.0000, Cls=0.0000, Reg=0.0000, Con=0.0000
2025-09-13 18:27:10,429 - INFO - Batch 2150/2278: Loss=1.1882, Cls=0.0000, Reg=0.0000, Con=3.9608
2025-09-13 18:27:11,318 - INFO - Batch 2160/2278: Loss=1.2521, Cls=0.0638, Reg=0.0000, Con=3.9609
2025-09-13 18:27:12,190 - INFO - Batch 2170/2278: Loss=1.3854, Cls=0.1971, Reg=0.0000, Con=3.9608
2025-09-13 18:27:13,067 - INFO - Batch 2180/2278: Loss=0.0009, Cls=0.0009, Reg=0.0000, Con=0.0000
2025-09-13 18:27:13,952 - INFO - Batch 2190/2278: Loss=1.1883, Cls=0.0000, Reg=0.0000, Con=3.9609
2025-09-13 18:27:14,856 - INFO - Batch 2200/2278: Loss=1.1966, Cls=0.0084, Reg=0.0000, Con=3.9608
2025-09-13 18:27:15,729 - INFO - Batch 2210/2278: Loss=0.0000, Cls=0.0000, Reg=0.0000, Con=0.0000
2025-09-13 18:27:16,623 - INFO - Batch 2220/2278: Loss=0.0000, Cls=0.0000, Reg=0.0000, Con=0.0000
2025-09-13 18:27:17,507 - INFO - Batch 2230/2278: Loss=1.1883, Cls=0.0000, Reg=0.0000, Con=3.9609
2025-09-13 18:27:18,384 - INFO - Batch 2240/2278: Loss=1.1892, Cls=0.0007, Reg=0.0000, Con=3.9617
2025-09-13 18:27:19,259 - INFO - Batch 2250/2278: Loss=1.1884, Cls=0.0001, Reg=0.0000, Con=3.9608
2025-09-13 18:27:20,148 - INFO - Batch 2260/2278: Loss=0.0000, Cls=0.0000, Reg=0.0000, Con=0.0000
2025-09-13 18:27:21,058 - INFO - Batch 2270/2278: Loss=0.0000, Cls=0.0000, Reg=0.0000, Con=0.0000
2025-09-13 18:30:49,673 - INFO - === Epoch 3 Results ===
2025-09-13 18:30:49,673 - INFO - Training Loss: 0.9823 (Classification: 0.1952, Regression: 0.0000)
2025-09-13 18:30:49,673 - INFO - Validation Loss: 0.0646 (Classification: 0.0646, Regression: 0.0000)
2025-09-13 18:30:49,673 - INFO - Average Classification Accuracy: 0.7500 (on 1/26 tasks)
2025-09-13 18:30:49,673 - INFO - Average AUC: 0.8286
2025-09-13 18:30:49,673 - INFO - Training finished!
2025-09-13 18:30:49,673 - INFO - Performing final evaluation...
2025-09-13 18:30:49,885 - INFO - Loaded best model from: experiments/r1c3_single_cls_2_seed_42_20250913_181015/checkpoints/r1c3_single_cls_2_seed_42_best.pth
2025-09-13 18:34:11,413 - INFO - Final Validation Results:
2025-09-13 18:34:11,413 - INFO -   Total Loss: 0.0583
2025-09-13 18:34:11,413 - INFO -   Classification Loss: 0.0583
2025-09-13 18:34:11,413 - INFO -   Regression Loss: 0.0000
2025-09-13 18:34:11,413 - INFO -   Average Classification Accuracy: 0.7576
2025-09-13 18:34:11,413 - INFO -   Average AUC: 0.8261
2025-09-13 18:34:11,414 - INFO - Results saved to: experiments/r1c3_single_cls_2_seed_42_20250913_181015/checkpoints/r1c3_single_cls_2_seed_42_results.json
