2025-09-14 02:27:31,401 - INFO - 🔬 Starting experiment: r1c3_headft_cls_12_seed_42
2025-09-14 02:27:31,401 - INFO - 📁 Experiment directory: experiments/r1c3_headft_cls_12_seed_42_20250914_022731
2025-09-14 02:27:31,401 - INFO - 🎲 Random seed: 42
2025-09-14 02:27:31,401 - INFO - 🔒 Deterministic mode: True
2025-09-14 02:27:31,401 - INFO - Using device: cuda
2025-09-14 02:27:31,401 - INFO - Total GPU Memory: 25.16 GB
2025-09-14 02:27:31,417 - INFO - 🧪 Fusion: Using cross-attention dynamic fusion
2025-09-14 02:27:31,417 - INFO - 🧪 GNN Backbone: Using default GraphAttentionNetwork branch
2025-09-14 02:27:31,417 - INFO - 🎯 Task Mode: Single classification endpoint 12
2025-09-14 02:27:31,417 - INFO - Configuration saved to: experiments/r1c3_headft_cls_12_seed_42_20250914_022731/checkpoints/config.json
2025-09-14 02:27:31,418 - INFO - 🚀 Using preprocessed data from: /mnt/backup2/ai4s/backupunimolpy/responds-work/ToxD4C/data/data/processed
2025-09-14 02:27:31,418 - INFO - Loading LMDB dataset from: /mnt/backup2/ai4s/backupunimolpy/responds-work/ToxD4C/data/data/processed
2025-09-14 02:27:31,780 - INFO - Number of training batches: 2278
2025-09-14 02:27:31,780 - INFO - Number of validation batches: 2278
2025-09-14 02:27:31,780 - INFO - Number of test batches: 2278
2025-09-14 02:27:31,780 - INFO - Creating ToxD4C model...
2025-09-14 02:27:32,792 - INFO - Model created successfully. Total parameters: 100,932,036
2025-09-14 02:27:32,792 - INFO - Testing model forward pass...
2025-09-14 02:27:33,217 - INFO - Test output shapes:
2025-09-14 02:27:33,217 - INFO -   classification: torch.Size([16, 1])
2025-09-14 02:27:33,219 - INFO -   classification contains NaN: False
2025-09-14 02:27:33,219 - INFO -   classification contains Inf: False
2025-09-14 02:27:33,220 - INFO -   regression: torch.Size([16, 0])
2025-09-14 02:27:33,220 - INFO -   regression contains NaN: False
2025-09-14 02:27:33,220 - INFO -   regression contains Inf: False
2025-09-14 02:27:33,220 - INFO - Model forward pass test successful!
2025-09-14 02:27:33,937 - INFO - 🔁 Loaded checkpoint from: /mnt/backup2/ai4s/backupunimolpy/responds-work/ToxD4C/experiments/r1c3_multi_full_seed_42_20250913_152627/checkpoints/r1c3_multi_full_seed_42_best.pth
2025-09-14 02:27:33,938 - INFO - 🧩 Head-only fine-tuning: unfroze head for task 'CYP2D6' and froze trunk.
2025-09-14 02:27:33,939 - INFO - Starting training...
2025-09-14 02:27:33,939 - INFO - 
Epoch 1/3
2025-09-14 02:27:34,097 - INFO - Batch 0/2278: Loss=0.0145, Cls=0.0145, Reg=0.0000, Con=0.0000
2025-09-14 02:27:35,036 - INFO - Batch 10/2278: Loss=1.7635, Cls=0.5752, Reg=0.0000, Con=3.9609
2025-09-14 02:27:35,921 - INFO - Batch 20/2278: Loss=1.2096, Cls=0.0213, Reg=0.0000, Con=3.9610
2025-09-14 02:27:36,852 - INFO - Batch 30/2278: Loss=0.1512, Cls=0.1512, Reg=0.0000, Con=0.0000
2025-09-14 02:27:37,796 - INFO - Batch 40/2278: Loss=1.1906, Cls=1.1906, Reg=0.0000, Con=0.0000
2025-09-14 02:27:38,719 - INFO - Batch 50/2278: Loss=1.2052, Cls=0.0169, Reg=0.0000, Con=3.9609
2025-09-14 02:27:39,653 - INFO - Batch 60/2278: Loss=1.2170, Cls=0.0287, Reg=0.0000, Con=3.9609
2025-09-14 02:27:40,599 - INFO - Batch 70/2278: Loss=1.1882, Cls=0.0000, Reg=0.0000, Con=3.9608
2025-09-14 02:27:41,483 - INFO - Batch 80/2278: Loss=0.3478, Cls=0.3478, Reg=0.0000, Con=0.0000
2025-09-14 02:27:42,389 - INFO - Batch 90/2278: Loss=0.0064, Cls=0.0064, Reg=0.0000, Con=0.0000
2025-09-14 02:27:43,358 - INFO - Batch 100/2278: Loss=0.0143, Cls=0.0143, Reg=0.0000, Con=0.0000
2025-09-14 02:27:44,288 - INFO - Batch 110/2278: Loss=0.0192, Cls=0.0192, Reg=0.0000, Con=0.0000
2025-09-14 02:27:45,188 - INFO - Batch 120/2278: Loss=1.1995, Cls=0.0112, Reg=0.0000, Con=3.9609
2025-09-14 02:27:46,071 - INFO - Batch 130/2278: Loss=1.1948, Cls=0.0065, Reg=0.0000, Con=3.9609
2025-09-14 02:27:46,960 - INFO - Batch 140/2278: Loss=1.3974, Cls=0.2090, Reg=0.0000, Con=3.9615
2025-09-14 02:27:47,902 - INFO - Batch 150/2278: Loss=1.3559, Cls=0.1675, Reg=0.0000, Con=3.9613
2025-09-14 02:27:48,861 - INFO - Batch 160/2278: Loss=1.1914, Cls=0.0031, Reg=0.0000, Con=3.9611
2025-09-14 02:27:49,807 - INFO - Batch 170/2278: Loss=1.1895, Cls=0.0012, Reg=0.0000, Con=3.9611
2025-09-14 02:27:50,746 - INFO - Batch 180/2278: Loss=1.8941, Cls=0.7058, Reg=0.0000, Con=3.9610
2025-09-14 02:27:51,704 - INFO - Batch 190/2278: Loss=1.1884, Cls=0.0002, Reg=0.0000, Con=3.9608
2025-09-14 02:27:52,655 - INFO - Batch 200/2278: Loss=0.0002, Cls=0.0002, Reg=0.0000, Con=0.0000
2025-09-14 02:27:53,609 - INFO - Batch 210/2278: Loss=0.0001, Cls=0.0001, Reg=0.0000, Con=0.0000
2025-09-14 02:27:54,564 - INFO - Batch 220/2278: Loss=1.5935, Cls=0.4052, Reg=0.0000, Con=3.9608
2025-09-14 02:27:55,508 - INFO - Batch 230/2278: Loss=1.6350, Cls=0.4467, Reg=0.0000, Con=3.9610
2025-09-14 02:27:56,373 - INFO - Batch 240/2278: Loss=1.2101, Cls=0.0219, Reg=0.0000, Con=3.9608
2025-09-14 02:27:57,272 - INFO - Batch 250/2278: Loss=0.0114, Cls=0.0114, Reg=0.0000, Con=0.0000
2025-09-14 02:27:58,205 - INFO - Batch 260/2278: Loss=0.0087, Cls=0.0087, Reg=0.0000, Con=0.0000
2025-09-14 02:27:59,208 - INFO - Batch 270/2278: Loss=0.0013, Cls=0.0013, Reg=0.0000, Con=0.0000
2025-09-14 02:28:00,092 - INFO - Batch 280/2278: Loss=1.8739, Cls=0.6856, Reg=0.0000, Con=3.9611
2025-09-14 02:28:00,940 - INFO - Batch 290/2278: Loss=0.9549, Cls=0.9549, Reg=0.0000, Con=0.0000
2025-09-14 02:28:01,809 - INFO - Batch 300/2278: Loss=1.1928, Cls=0.0045, Reg=0.0000, Con=3.9609
2025-09-14 02:28:02,689 - INFO - Batch 310/2278: Loss=1.2050, Cls=0.0167, Reg=0.0000, Con=3.9612
2025-09-14 02:28:03,531 - INFO - Batch 320/2278: Loss=0.1205, Cls=0.1205, Reg=0.0000, Con=0.0000
2025-09-14 02:28:04,429 - INFO - Batch 330/2278: Loss=1.1970, Cls=0.0087, Reg=0.0000, Con=3.9609
2025-09-14 02:28:05,292 - INFO - Batch 340/2278: Loss=1.1892, Cls=0.0009, Reg=0.0000, Con=3.9610
2025-09-14 02:28:06,243 - INFO - Batch 350/2278: Loss=1.1883, Cls=0.0000, Reg=0.0000, Con=3.9611
2025-09-14 02:28:07,138 - INFO - Batch 360/2278: Loss=1.2259, Cls=0.0377, Reg=0.0000, Con=3.9607
2025-09-14 02:28:08,047 - INFO - Batch 370/2278: Loss=1.2371, Cls=0.0488, Reg=0.0000, Con=3.9609
2025-09-14 02:28:08,929 - INFO - Batch 380/2278: Loss=1.5125, Cls=0.3243, Reg=0.0000, Con=3.9607
2025-09-14 02:28:09,812 - INFO - Batch 390/2278: Loss=4.4631, Cls=3.2749, Reg=0.0000, Con=3.9607
2025-09-14 02:28:10,702 - INFO - Batch 400/2278: Loss=0.0003, Cls=0.0003, Reg=0.0000, Con=0.0000
2025-09-14 02:28:11,572 - INFO - Batch 410/2278: Loss=0.0001, Cls=0.0001, Reg=0.0000, Con=0.0000
2025-09-14 02:28:12,437 - INFO - Batch 420/2278: Loss=0.0010, Cls=0.0010, Reg=0.0000, Con=0.0000
2025-09-14 02:28:13,320 - INFO - Batch 430/2278: Loss=1.1883, Cls=0.0001, Reg=0.0000, Con=3.9607
2025-09-14 02:28:14,194 - INFO - Batch 440/2278: Loss=2.2053, Cls=1.0170, Reg=0.0000, Con=3.9608
2025-09-14 02:28:15,046 - INFO - Batch 450/2278: Loss=3.3212, Cls=2.1330, Reg=0.0000, Con=3.9607
2025-09-14 02:28:15,928 - INFO - Batch 460/2278: Loss=1.3766, Cls=0.1884, Reg=0.0000, Con=3.9607
2025-09-14 02:28:16,918 - INFO - Batch 470/2278: Loss=1.3092, Cls=0.1209, Reg=0.0000, Con=3.9611
2025-09-14 02:28:17,808 - INFO - Batch 480/2278: Loss=1.9406, Cls=0.7524, Reg=0.0000, Con=3.9608
2025-09-14 02:28:18,693 - INFO - Batch 490/2278: Loss=1.1103, Cls=1.1103, Reg=0.0000, Con=0.0000
2025-09-14 02:28:19,596 - INFO - Batch 500/2278: Loss=0.0508, Cls=0.0508, Reg=0.0000, Con=0.0000
2025-09-14 02:28:20,494 - INFO - Batch 510/2278: Loss=1.5798, Cls=0.3915, Reg=0.0000, Con=3.9609
2025-09-14 02:28:21,380 - INFO - Batch 520/2278: Loss=1.2063, Cls=0.0180, Reg=0.0000, Con=3.9608
2025-09-14 02:28:22,330 - INFO - Batch 530/2278: Loss=3.9662, Cls=2.7780, Reg=0.0000, Con=3.9608
2025-09-14 02:28:23,293 - INFO - Batch 540/2278: Loss=1.1950, Cls=0.0067, Reg=0.0000, Con=3.9610
2025-09-14 02:28:24,185 - INFO - Batch 550/2278: Loss=1.2485, Cls=0.0603, Reg=0.0000, Con=3.9607
2025-09-14 02:28:25,130 - INFO - Batch 560/2278: Loss=1.1883, Cls=0.0001, Reg=0.0000, Con=3.9609
2025-09-14 02:28:26,032 - INFO - Batch 570/2278: Loss=1.1897, Cls=0.0014, Reg=0.0000, Con=3.9608
2025-09-14 02:28:26,962 - INFO - Batch 580/2278: Loss=2.4586, Cls=1.2704, Reg=0.0000, Con=3.9608
2025-09-14 02:28:27,858 - INFO - Batch 590/2278: Loss=0.0818, Cls=0.0818, Reg=0.0000, Con=0.0000
2025-09-14 02:28:28,810 - INFO - Batch 600/2278: Loss=1.4174, Cls=0.2291, Reg=0.0000, Con=3.9609
2025-09-14 02:28:29,688 - INFO - Batch 610/2278: Loss=1.4012, Cls=0.2129, Reg=0.0000, Con=3.9609
2025-09-14 02:28:30,598 - INFO - Batch 620/2278: Loss=1.2265, Cls=0.0383, Reg=0.0000, Con=3.9608
2025-09-14 02:28:31,486 - INFO - Batch 630/2278: Loss=0.5552, Cls=0.5552, Reg=0.0000, Con=0.0000
2025-09-14 02:28:32,412 - INFO - Batch 640/2278: Loss=1.1926, Cls=0.0044, Reg=0.0000, Con=3.9608
2025-09-14 02:28:33,297 - INFO - Batch 650/2278: Loss=2.7291, Cls=1.5407, Reg=0.0000, Con=3.9613
2025-09-14 02:28:34,169 - INFO - Batch 660/2278: Loss=1.1935, Cls=0.0053, Reg=0.0000, Con=3.9608
2025-09-14 02:28:35,047 - INFO - Batch 670/2278: Loss=1.1915, Cls=0.0032, Reg=0.0000, Con=3.9608
2025-09-14 02:28:35,939 - INFO - Batch 680/2278: Loss=1.2577, Cls=0.0695, Reg=0.0000, Con=3.9608
2025-09-14 02:28:36,813 - INFO - Batch 690/2278: Loss=0.0011, Cls=0.0011, Reg=0.0000, Con=0.0000
2025-09-14 02:28:37,720 - INFO - Batch 700/2278: Loss=0.0044, Cls=0.0044, Reg=0.0000, Con=0.0000
2025-09-14 02:28:38,612 - INFO - Batch 710/2278: Loss=1.1903, Cls=0.0020, Reg=0.0000, Con=3.9607
2025-09-14 02:28:39,488 - INFO - Batch 720/2278: Loss=1.2009, Cls=0.0126, Reg=0.0000, Con=3.9609
2025-09-14 02:28:40,366 - INFO - Batch 730/2278: Loss=1.1902, Cls=0.0018, Reg=0.0000, Con=3.9613
2025-09-14 02:28:41,255 - INFO - Batch 740/2278: Loss=1.6131, Cls=0.4248, Reg=0.0000, Con=3.9609
2025-09-14 02:28:42,137 - INFO - Batch 750/2278: Loss=1.1883, Cls=0.0000, Reg=0.0000, Con=3.9609
2025-09-14 02:28:43,019 - INFO - Batch 760/2278: Loss=1.1884, Cls=0.0001, Reg=0.0000, Con=3.9608
2025-09-14 02:28:43,900 - INFO - Batch 770/2278: Loss=1.1893, Cls=0.0010, Reg=0.0000, Con=3.9610
2025-09-14 02:28:44,785 - INFO - Batch 780/2278: Loss=1.1917, Cls=0.0035, Reg=0.0000, Con=3.9608
2025-09-14 02:28:45,668 - INFO - Batch 790/2278: Loss=0.0054, Cls=0.0054, Reg=0.0000, Con=0.0000
2025-09-14 02:28:46,544 - INFO - Batch 800/2278: Loss=1.1994, Cls=0.0110, Reg=0.0000, Con=3.9612
2025-09-14 02:28:47,413 - INFO - Batch 810/2278: Loss=1.1884, Cls=0.0000, Reg=0.0000, Con=3.9612
2025-09-14 02:28:48,303 - INFO - Batch 820/2278: Loss=1.2922, Cls=0.1040, Reg=0.0000, Con=3.9608
2025-09-14 02:28:49,193 - INFO - Batch 830/2278: Loss=2.0935, Cls=0.9053, Reg=0.0000, Con=3.9609
2025-09-14 02:28:50,063 - INFO - Batch 840/2278: Loss=1.1913, Cls=0.0031, Reg=0.0000, Con=3.9608
2025-09-14 02:28:50,948 - INFO - Batch 850/2278: Loss=1.8546, Cls=0.6664, Reg=0.0000, Con=3.9608
2025-09-14 02:28:51,799 - INFO - Batch 860/2278: Loss=1.1887, Cls=0.0005, Reg=0.0000, Con=3.9607
2025-09-14 02:28:52,665 - INFO - Batch 870/2278: Loss=0.0042, Cls=0.0042, Reg=0.0000, Con=0.0000
2025-09-14 02:28:53,556 - INFO - Batch 880/2278: Loss=0.1365, Cls=0.1365, Reg=0.0000, Con=0.0000
2025-09-14 02:28:54,436 - INFO - Batch 890/2278: Loss=0.0007, Cls=0.0007, Reg=0.0000, Con=0.0000
2025-09-14 02:28:55,324 - INFO - Batch 900/2278: Loss=1.1888, Cls=0.0005, Reg=0.0000, Con=3.9609
2025-09-14 02:28:56,229 - INFO - Batch 910/2278: Loss=1.1886, Cls=0.0004, Reg=0.0000, Con=3.9609
2025-09-14 02:28:57,120 - INFO - Batch 920/2278: Loss=1.1980, Cls=0.0097, Reg=0.0000, Con=3.9610
2025-09-14 02:28:58,014 - INFO - Batch 930/2278: Loss=1.1888, Cls=0.0006, Reg=0.0000, Con=3.9608
2025-09-14 02:28:58,893 - INFO - Batch 940/2278: Loss=1.8153, Cls=0.6271, Reg=0.0000, Con=3.9609
2025-09-14 02:28:59,770 - INFO - Batch 950/2278: Loss=1.1884, Cls=0.0000, Reg=0.0000, Con=3.9611
2025-09-14 02:29:00,638 - INFO - Batch 960/2278: Loss=1.1886, Cls=0.0003, Reg=0.0000, Con=3.9609
2025-09-14 02:29:01,514 - INFO - Batch 970/2278: Loss=1.1914, Cls=0.0031, Reg=0.0000, Con=3.9612
2025-09-14 02:29:02,397 - INFO - Batch 980/2278: Loss=0.0048, Cls=0.0048, Reg=0.0000, Con=0.0000
2025-09-14 02:29:03,292 - INFO - Batch 990/2278: Loss=0.8271, Cls=0.8271, Reg=0.0000, Con=0.0000
2025-09-14 02:29:04,182 - INFO - Batch 1000/2278: Loss=1.1883, Cls=0.0000, Reg=0.0000, Con=3.9609
2025-09-14 02:29:05,071 - INFO - Batch 1010/2278: Loss=1.9908, Cls=0.8025, Reg=0.0000, Con=3.9608
2025-09-14 02:29:05,953 - INFO - Batch 1020/2278: Loss=0.0001, Cls=0.0001, Reg=0.0000, Con=0.0000
2025-09-14 02:29:06,834 - INFO - Batch 1030/2278: Loss=1.6031, Cls=0.4148, Reg=0.0000, Con=3.9610
2025-09-14 02:29:07,869 - INFO - Batch 1040/2278: Loss=1.1993, Cls=0.0111, Reg=0.0000, Con=3.9607
2025-09-14 02:29:08,797 - INFO - Batch 1050/2278: Loss=1.2180, Cls=0.0297, Reg=0.0000, Con=3.9609
2025-09-14 02:29:09,706 - INFO - Batch 1060/2278: Loss=1.2059, Cls=0.0176, Reg=0.0000, Con=3.9608
2025-09-14 02:29:10,586 - INFO - Batch 1070/2278: Loss=1.6660, Cls=0.4778, Reg=0.0000, Con=3.9608
2025-09-14 02:29:11,464 - INFO - Batch 1080/2278: Loss=0.0103, Cls=0.0103, Reg=0.0000, Con=0.0000
2025-09-14 02:29:12,386 - INFO - Batch 1090/2278: Loss=1.3814, Cls=0.1931, Reg=0.0000, Con=3.9609
2025-09-14 02:29:13,275 - INFO - Batch 1100/2278: Loss=2.6580, Cls=1.4698, Reg=0.0000, Con=3.9608
2025-09-14 02:29:14,181 - INFO - Batch 1110/2278: Loss=1.1957, Cls=0.0075, Reg=0.0000, Con=3.9608
2025-09-14 02:29:15,058 - INFO - Batch 1120/2278: Loss=0.4799, Cls=0.4799, Reg=0.0000, Con=0.0000
2025-09-14 02:29:15,973 - INFO - Batch 1130/2278: Loss=1.2589, Cls=0.0707, Reg=0.0000, Con=3.9608
2025-09-14 02:29:16,860 - INFO - Batch 1140/2278: Loss=2.0104, Cls=0.8221, Reg=0.0000, Con=3.9608
2025-09-14 02:29:17,732 - INFO - Batch 1150/2278: Loss=1.1883, Cls=0.0000, Reg=0.0000, Con=3.9611
2025-09-14 02:29:18,626 - INFO - Batch 1160/2278: Loss=1.1896, Cls=0.0013, Reg=0.0000, Con=3.9609
2025-09-14 02:29:19,501 - INFO - Batch 1170/2278: Loss=0.0061, Cls=0.0061, Reg=0.0000, Con=0.0000
2025-09-14 02:29:20,375 - INFO - Batch 1180/2278: Loss=1.1897, Cls=0.0014, Reg=0.0000, Con=3.9609
2025-09-14 02:29:21,258 - INFO - Batch 1190/2278: Loss=1.1883, Cls=0.0001, Reg=0.0000, Con=3.9609
2025-09-14 02:29:22,142 - INFO - Batch 1200/2278: Loss=0.0675, Cls=0.0675, Reg=0.0000, Con=0.0000
2025-09-14 02:29:23,035 - INFO - Batch 1210/2278: Loss=1.2095, Cls=0.0212, Reg=0.0000, Con=3.9610
2025-09-14 02:29:23,911 - INFO - Batch 1220/2278: Loss=0.0869, Cls=0.0869, Reg=0.0000, Con=0.0000
2025-09-14 02:29:24,785 - INFO - Batch 1230/2278: Loss=1.1914, Cls=0.0032, Reg=0.0000, Con=3.9609
2025-09-14 02:29:25,695 - INFO - Batch 1240/2278: Loss=1.2063, Cls=0.0180, Reg=0.0000, Con=3.9609
2025-09-14 02:29:26,581 - INFO - Batch 1250/2278: Loss=1.9590, Cls=0.7708, Reg=0.0000, Con=3.9608
2025-09-14 02:29:27,461 - INFO - Batch 1260/2278: Loss=1.7283, Cls=0.5401, Reg=0.0000, Con=3.9608
2025-09-14 02:29:28,346 - INFO - Batch 1270/2278: Loss=1.2509, Cls=0.0627, Reg=0.0000, Con=3.9609
2025-09-14 02:29:29,216 - INFO - Batch 1280/2278: Loss=1.7026, Cls=0.5144, Reg=0.0000, Con=3.9607
2025-09-14 02:29:30,093 - INFO - Batch 1290/2278: Loss=0.0079, Cls=0.0079, Reg=0.0000, Con=0.0000
2025-09-14 02:29:30,977 - INFO - Batch 1300/2278: Loss=1.2125, Cls=0.0242, Reg=0.0000, Con=3.9610
2025-09-14 02:29:31,867 - INFO - Batch 1310/2278: Loss=1.1905, Cls=0.0022, Reg=0.0000, Con=3.9611
2025-09-14 02:29:32,745 - INFO - Batch 1320/2278: Loss=0.0003, Cls=0.0003, Reg=0.0000, Con=0.0000
2025-09-14 02:29:33,612 - INFO - Batch 1330/2278: Loss=1.2132, Cls=0.0248, Reg=0.0000, Con=3.9613
2025-09-14 02:29:34,481 - INFO - Batch 1340/2278: Loss=1.4480, Cls=0.2598, Reg=0.0000, Con=3.9608
2025-09-14 02:29:35,369 - INFO - Batch 1350/2278: Loss=0.0417, Cls=0.0417, Reg=0.0000, Con=0.0000
2025-09-14 02:29:36,255 - INFO - Batch 1360/2278: Loss=1.1921, Cls=0.0038, Reg=0.0000, Con=3.9610
2025-09-14 02:29:37,149 - INFO - Batch 1370/2278: Loss=1.8811, Cls=0.6928, Reg=0.0000, Con=3.9608
2025-09-14 02:29:38,044 - INFO - Batch 1380/2278: Loss=1.1912, Cls=0.0029, Reg=0.0000, Con=3.9608
2025-09-14 02:29:38,915 - INFO - Batch 1390/2278: Loss=1.1905, Cls=0.0023, Reg=0.0000, Con=3.9608
2025-09-14 02:29:39,863 - INFO - Batch 1400/2278: Loss=1.9585, Cls=0.7703, Reg=0.0000, Con=3.9609
2025-09-14 02:29:40,792 - INFO - Batch 1410/2278: Loss=1.4180, Cls=0.2297, Reg=0.0000, Con=3.9610
2025-09-14 02:29:41,666 - INFO - Batch 1420/2278: Loss=0.0103, Cls=0.0103, Reg=0.0000, Con=0.0000
2025-09-14 02:29:42,550 - INFO - Batch 1430/2278: Loss=1.9830, Cls=0.7947, Reg=0.0000, Con=3.9609
2025-09-14 02:29:43,426 - INFO - Batch 1440/2278: Loss=1.2176, Cls=0.0293, Reg=0.0000, Con=3.9609
2025-09-14 02:29:44,297 - INFO - Batch 1450/2278: Loss=1.7250, Cls=0.5368, Reg=0.0000, Con=3.9607
2025-09-14 02:29:45,197 - INFO - Batch 1460/2278: Loss=0.0228, Cls=0.0228, Reg=0.0000, Con=0.0000
2025-09-14 02:29:46,077 - INFO - Batch 1470/2278: Loss=1.2081, Cls=0.0198, Reg=0.0000, Con=3.9609
2025-09-14 02:29:46,981 - INFO - Batch 1480/2278: Loss=1.1931, Cls=0.0049, Reg=0.0000, Con=3.9607
2025-09-14 02:29:47,872 - INFO - Batch 1490/2278: Loss=1.2985, Cls=0.1103, Reg=0.0000, Con=3.9609
2025-09-14 02:29:48,766 - INFO - Batch 1500/2278: Loss=1.1883, Cls=0.0000, Reg=0.0000, Con=3.9609
2025-09-14 02:29:49,674 - INFO - Batch 1510/2278: Loss=0.0054, Cls=0.0054, Reg=0.0000, Con=0.0000
2025-09-14 02:29:50,565 - INFO - Batch 1520/2278: Loss=1.1953, Cls=0.0070, Reg=0.0000, Con=3.9608
2025-09-14 02:29:51,453 - INFO - Batch 1530/2278: Loss=1.1886, Cls=0.0004, Reg=0.0000, Con=3.9608
2025-09-14 02:29:52,335 - INFO - Batch 1540/2278: Loss=1.4782, Cls=0.2899, Reg=0.0000, Con=3.9609
2025-09-14 02:29:53,243 - INFO - Batch 1550/2278: Loss=2.3523, Cls=1.1640, Reg=0.0000, Con=3.9610
2025-09-14 02:29:54,146 - INFO - Batch 1560/2278: Loss=1.5684, Cls=0.3801, Reg=0.0000, Con=3.9609
2025-09-14 02:29:55,067 - INFO - Batch 1570/2278: Loss=1.1902, Cls=0.0020, Reg=0.0000, Con=3.9608
2025-09-14 02:29:55,996 - INFO - Batch 1580/2278: Loss=1.3121, Cls=0.1239, Reg=0.0000, Con=3.9608
2025-09-14 02:29:56,882 - INFO - Batch 1590/2278: Loss=1.2278, Cls=0.0396, Reg=0.0000, Con=3.9609
2025-09-14 02:29:57,739 - INFO - Batch 1600/2278: Loss=1.4791, Cls=0.2909, Reg=0.0000, Con=3.9608
2025-09-14 02:29:58,604 - INFO - Batch 1610/2278: Loss=0.0022, Cls=0.0022, Reg=0.0000, Con=0.0000
2025-09-14 02:29:59,488 - INFO - Batch 1620/2278: Loss=2.9978, Cls=1.8096, Reg=0.0000, Con=3.9608
2025-09-14 02:30:00,407 - INFO - Batch 1630/2278: Loss=1.3811, Cls=0.1929, Reg=0.0000, Con=3.9608
2025-09-14 02:30:01,308 - INFO - Batch 1640/2278: Loss=0.0009, Cls=0.0009, Reg=0.0000, Con=0.0000
2025-09-14 02:30:02,194 - INFO - Batch 1650/2278: Loss=0.0026, Cls=0.0026, Reg=0.0000, Con=0.0000
2025-09-14 02:30:03,091 - INFO - Batch 1660/2278: Loss=0.0044, Cls=0.0044, Reg=0.0000, Con=0.0000
2025-09-14 02:30:03,953 - INFO - Batch 1670/2278: Loss=1.2289, Cls=0.0406, Reg=0.0000, Con=3.9612
2025-09-14 02:30:04,824 - INFO - Batch 1680/2278: Loss=0.9768, Cls=0.9768, Reg=0.0000, Con=0.0000
2025-09-14 02:30:05,727 - INFO - Batch 1690/2278: Loss=1.2361, Cls=0.0478, Reg=0.0000, Con=3.9612
2025-09-14 02:30:06,599 - INFO - Batch 1700/2278: Loss=1.1911, Cls=0.0028, Reg=0.0000, Con=3.9612
2025-09-14 02:30:07,474 - INFO - Batch 1710/2278: Loss=0.0024, Cls=0.0024, Reg=0.0000, Con=0.0000
2025-09-14 02:30:08,357 - INFO - Batch 1720/2278: Loss=1.1900, Cls=0.0018, Reg=0.0000, Con=3.9608
2025-09-14 02:30:09,247 - INFO - Batch 1730/2278: Loss=0.1150, Cls=0.1150, Reg=0.0000, Con=0.0000
2025-09-14 02:30:10,142 - INFO - Batch 1740/2278: Loss=0.0571, Cls=0.0571, Reg=0.0000, Con=0.0000
2025-09-14 02:30:11,026 - INFO - Batch 1750/2278: Loss=1.2141, Cls=0.0258, Reg=0.0000, Con=3.9609
2025-09-14 02:30:11,925 - INFO - Batch 1760/2278: Loss=1.2241, Cls=0.0358, Reg=0.0000, Con=3.9609
2025-09-14 02:30:12,832 - INFO - Batch 1770/2278: Loss=1.1889, Cls=0.0007, Reg=0.0000, Con=3.9608
2025-09-14 02:30:13,732 - INFO - Batch 1780/2278: Loss=1.4939, Cls=0.3057, Reg=0.0000, Con=3.9608
2025-09-14 02:30:14,614 - INFO - Batch 1790/2278: Loss=0.0012, Cls=0.0012, Reg=0.0000, Con=0.0000
2025-09-14 02:30:15,588 - INFO - Batch 1800/2278: Loss=0.0362, Cls=0.0362, Reg=0.0000, Con=0.0000
2025-09-14 02:30:16,551 - INFO - Batch 1810/2278: Loss=0.0168, Cls=0.0168, Reg=0.0000, Con=0.0000
2025-09-14 02:30:17,448 - INFO - Batch 1820/2278: Loss=1.7829, Cls=0.5945, Reg=0.0000, Con=3.9611
2025-09-14 02:30:18,327 - INFO - Batch 1830/2278: Loss=0.1586, Cls=0.1586, Reg=0.0000, Con=0.0000
2025-09-14 02:30:19,191 - INFO - Batch 1840/2278: Loss=0.0139, Cls=0.0139, Reg=0.0000, Con=0.0000
2025-09-14 02:30:20,132 - INFO - Batch 1850/2278: Loss=1.1895, Cls=0.0012, Reg=0.0000, Con=3.9608
2025-09-14 02:30:21,024 - INFO - Batch 1860/2278: Loss=0.0001, Cls=0.0001, Reg=0.0000, Con=0.0000
2025-09-14 02:30:21,902 - INFO - Batch 1870/2278: Loss=1.1886, Cls=0.0004, Reg=0.0000, Con=3.9608
2025-09-14 02:30:22,766 - INFO - Batch 1880/2278: Loss=0.0622, Cls=0.0622, Reg=0.0000, Con=0.0000
2025-09-14 02:30:23,676 - INFO - Batch 1890/2278: Loss=1.1994, Cls=0.0111, Reg=0.0000, Con=3.9609
2025-09-14 02:30:24,559 - INFO - Batch 1900/2278: Loss=0.1645, Cls=0.1645, Reg=0.0000, Con=0.0000
2025-09-14 02:30:25,435 - INFO - Batch 1910/2278: Loss=0.0111, Cls=0.0111, Reg=0.0000, Con=0.0000
2025-09-14 02:30:26,352 - INFO - Batch 1920/2278: Loss=1.1887, Cls=0.0005, Reg=0.0000, Con=3.9607
2025-09-14 02:30:27,249 - INFO - Batch 1930/2278: Loss=1.1996, Cls=0.0114, Reg=0.0000, Con=3.9607
2025-09-14 02:30:28,144 - INFO - Batch 1940/2278: Loss=1.2558, Cls=0.0675, Reg=0.0000, Con=3.9608
2025-09-14 02:30:29,022 - INFO - Batch 1950/2278: Loss=1.2620, Cls=0.0737, Reg=0.0000, Con=3.9608
2025-09-14 02:30:29,898 - INFO - Batch 1960/2278: Loss=1.1941, Cls=0.0058, Reg=0.0000, Con=3.9609
2025-09-14 02:30:30,770 - INFO - Batch 1970/2278: Loss=1.2118, Cls=0.0234, Reg=0.0000, Con=3.9611
2025-09-14 02:30:31,656 - INFO - Batch 1980/2278: Loss=3.2094, Cls=2.0212, Reg=0.0000, Con=3.9608
2025-09-14 02:30:32,540 - INFO - Batch 1990/2278: Loss=3.2861, Cls=2.0978, Reg=0.0000, Con=3.9611
2025-09-14 02:30:33,416 - INFO - Batch 2000/2278: Loss=0.2643, Cls=0.2643, Reg=0.0000, Con=0.0000
2025-09-14 02:30:34,302 - INFO - Batch 2010/2278: Loss=1.1884, Cls=0.0002, Reg=0.0000, Con=3.9608
2025-09-14 02:30:35,184 - INFO - Batch 2020/2278: Loss=1.2255, Cls=0.0372, Reg=0.0000, Con=3.9608
2025-09-14 02:30:36,082 - INFO - Batch 2030/2278: Loss=1.1937, Cls=0.0055, Reg=0.0000, Con=3.9607
2025-09-14 02:30:36,976 - INFO - Batch 2040/2278: Loss=1.6888, Cls=0.5005, Reg=0.0000, Con=3.9609
2025-09-14 02:30:37,885 - INFO - Batch 2050/2278: Loss=1.1926, Cls=0.0043, Reg=0.0000, Con=3.9608
2025-09-14 02:30:38,750 - INFO - Batch 2060/2278: Loss=1.2414, Cls=0.0532, Reg=0.0000, Con=3.9607
2025-09-14 02:30:39,611 - INFO - Batch 2070/2278: Loss=1.4106, Cls=0.2224, Reg=0.0000, Con=3.9609
2025-09-14 02:30:40,480 - INFO - Batch 2080/2278: Loss=1.2193, Cls=0.0310, Reg=0.0000, Con=3.9610
2025-09-14 02:30:41,362 - INFO - Batch 2090/2278: Loss=1.1940, Cls=0.0056, Reg=0.0000, Con=3.9612
2025-09-14 02:30:42,243 - INFO - Batch 2100/2278: Loss=1.2499, Cls=0.0616, Reg=0.0000, Con=3.9611
2025-09-14 02:30:43,122 - INFO - Batch 2110/2278: Loss=1.1884, Cls=0.0002, Reg=0.0000, Con=3.9609
2025-09-14 02:30:44,012 - INFO - Batch 2120/2278: Loss=0.0177, Cls=0.0177, Reg=0.0000, Con=0.0000
2025-09-14 02:30:44,917 - INFO - Batch 2130/2278: Loss=1.2018, Cls=0.0136, Reg=0.0000, Con=3.9606
2025-09-14 02:30:45,826 - INFO - Batch 2140/2278: Loss=1.1886, Cls=0.0003, Reg=0.0000, Con=3.9608
2025-09-14 02:30:46,698 - INFO - Batch 2150/2278: Loss=1.1886, Cls=0.0003, Reg=0.0000, Con=3.9607
2025-09-14 02:30:47,585 - INFO - Batch 2160/2278: Loss=1.6301, Cls=0.4419, Reg=0.0000, Con=3.9608
2025-09-14 02:30:48,477 - INFO - Batch 2170/2278: Loss=2.6330, Cls=1.4448, Reg=0.0000, Con=3.9609
2025-09-14 02:30:49,331 - INFO - Batch 2180/2278: Loss=0.6776, Cls=0.6776, Reg=0.0000, Con=0.0000
2025-09-14 02:30:50,229 - INFO - Batch 2190/2278: Loss=0.0063, Cls=0.0063, Reg=0.0000, Con=0.0000
2025-09-14 02:30:51,124 - INFO - Batch 2200/2278: Loss=1.2402, Cls=0.0520, Reg=0.0000, Con=3.9605
2025-09-14 02:30:52,019 - INFO - Batch 2210/2278: Loss=1.1912, Cls=0.0030, Reg=0.0000, Con=3.9609
2025-09-14 02:30:52,878 - INFO - Batch 2220/2278: Loss=1.2062, Cls=0.0179, Reg=0.0000, Con=3.9610
2025-09-14 02:30:53,746 - INFO - Batch 2230/2278: Loss=0.0066, Cls=0.0066, Reg=0.0000, Con=0.0000
2025-09-14 02:30:54,634 - INFO - Batch 2240/2278: Loss=2.0256, Cls=0.8374, Reg=0.0000, Con=3.9608
2025-09-14 02:30:55,499 - INFO - Batch 2250/2278: Loss=1.1908, Cls=0.0025, Reg=0.0000, Con=3.9609
2025-09-14 02:30:56,393 - INFO - Batch 2260/2278: Loss=2.2828, Cls=1.0946, Reg=0.0000, Con=3.9608
2025-09-14 02:30:57,288 - INFO - Batch 2270/2278: Loss=2.4517, Cls=1.2634, Reg=0.0000, Con=3.9609
2025-09-14 02:34:25,822 - INFO - === Epoch 1 Results ===
2025-09-14 02:34:25,823 - INFO - Training Loss: 1.0225 (Classification: 0.2150, Regression: 0.0000)
2025-09-14 02:34:25,823 - INFO - Validation Loss: 0.0969 (Classification: 0.0969, Regression: 0.0000)
2025-09-14 02:34:25,823 - INFO - Average Classification Accuracy: 0.9040 (on 1/26 tasks)
2025-09-14 02:34:25,823 - INFO - Average AUC: 0.8681
2025-09-14 02:34:26,359 - INFO - Best model saved to: experiments/r1c3_headft_cls_12_seed_42_20250914_022731/checkpoints/r1c3_headft_cls_12_seed_42_best.pth
2025-09-14 02:34:26,359 - INFO - 
Epoch 2/3
2025-09-14 02:34:26,456 - INFO - Batch 0/2278: Loss=0.0086, Cls=0.0086, Reg=0.0000, Con=0.0000
2025-09-14 02:34:27,384 - INFO - Batch 10/2278: Loss=1.8146, Cls=0.6265, Reg=0.0000, Con=3.9604
2025-09-14 02:34:28,373 - INFO - Batch 20/2278: Loss=1.2020, Cls=0.0137, Reg=0.0000, Con=3.9610
2025-09-14 02:34:29,338 - INFO - Batch 30/2278: Loss=2.2562, Cls=1.0680, Reg=0.0000, Con=3.9608
2025-09-14 02:34:30,271 - INFO - Batch 40/2278: Loss=1.8649, Cls=0.6766, Reg=0.0000, Con=3.9608
2025-09-14 02:34:31,305 - INFO - Batch 50/2278: Loss=0.0394, Cls=0.0394, Reg=0.0000, Con=0.0000
2025-09-14 02:34:32,291 - INFO - Batch 60/2278: Loss=0.0052, Cls=0.0052, Reg=0.0000, Con=0.0000
2025-09-14 02:34:33,273 - INFO - Batch 70/2278: Loss=1.2031, Cls=0.0149, Reg=0.0000, Con=3.9607
2025-09-14 02:34:34,189 - INFO - Batch 80/2278: Loss=1.1907, Cls=0.0024, Reg=0.0000, Con=3.9609
2025-09-14 02:34:35,143 - INFO - Batch 90/2278: Loss=0.8634, Cls=0.8634, Reg=0.0000, Con=0.0000
2025-09-14 02:34:36,121 - INFO - Batch 100/2278: Loss=1.1962, Cls=0.0080, Reg=0.0000, Con=3.9609
2025-09-14 02:34:37,120 - INFO - Batch 110/2278: Loss=1.2028, Cls=0.0145, Reg=0.0000, Con=3.9609
2025-09-14 02:34:38,080 - INFO - Batch 120/2278: Loss=0.0083, Cls=0.0083, Reg=0.0000, Con=0.0000
2025-09-14 02:34:39,011 - INFO - Batch 130/2278: Loss=1.1938, Cls=0.0055, Reg=0.0000, Con=3.9607
2025-09-14 02:34:39,932 - INFO - Batch 140/2278: Loss=1.2027, Cls=0.0144, Reg=0.0000, Con=3.9609
2025-09-14 02:34:40,862 - INFO - Batch 150/2278: Loss=1.2784, Cls=0.0900, Reg=0.0000, Con=3.9611
2025-09-14 02:34:41,822 - INFO - Batch 160/2278: Loss=1.2038, Cls=0.0155, Reg=0.0000, Con=3.9609
2025-09-14 02:34:42,736 - INFO - Batch 170/2278: Loss=0.3847, Cls=0.3847, Reg=0.0000, Con=0.0000
2025-09-14 02:34:43,716 - INFO - Batch 180/2278: Loss=1.2224, Cls=0.0341, Reg=0.0000, Con=3.9609
2025-09-14 02:34:44,613 - INFO - Batch 190/2278: Loss=0.3793, Cls=0.3793, Reg=0.0000, Con=0.0000
2025-09-14 02:34:45,555 - INFO - Batch 200/2278: Loss=1.2045, Cls=0.0162, Reg=0.0000, Con=3.9608
2025-09-14 02:34:46,502 - INFO - Batch 210/2278: Loss=1.1914, Cls=0.0032, Reg=0.0000, Con=3.9609
2025-09-14 02:34:47,458 - INFO - Batch 220/2278: Loss=0.0016, Cls=0.0016, Reg=0.0000, Con=0.0000
2025-09-14 02:34:48,401 - INFO - Batch 230/2278: Loss=0.0060, Cls=0.0060, Reg=0.0000, Con=0.0000
2025-09-14 02:34:49,360 - INFO - Batch 240/2278: Loss=0.0388, Cls=0.0388, Reg=0.0000, Con=0.0000
2025-09-14 02:34:50,355 - INFO - Batch 250/2278: Loss=0.0335, Cls=0.0335, Reg=0.0000, Con=0.0000
2025-09-14 02:34:51,302 - INFO - Batch 260/2278: Loss=0.0014, Cls=0.0014, Reg=0.0000, Con=0.0000
2025-09-14 02:34:52,248 - INFO - Batch 270/2278: Loss=1.2125, Cls=0.0243, Reg=0.0000, Con=3.9608
2025-09-14 02:34:53,211 - INFO - Batch 280/2278: Loss=1.4102, Cls=0.2220, Reg=0.0000, Con=3.9609
2025-09-14 02:34:54,113 - INFO - Batch 290/2278: Loss=1.8046, Cls=0.6164, Reg=0.0000, Con=3.9609
2025-09-14 02:34:55,086 - INFO - Batch 300/2278: Loss=1.1883, Cls=0.0000, Reg=0.0000, Con=3.9609
2025-09-14 02:34:56,059 - INFO - Batch 310/2278: Loss=4.2122, Cls=3.0240, Reg=0.0000, Con=3.9608
2025-09-14 02:34:57,066 - INFO - Batch 320/2278: Loss=0.5569, Cls=0.5569, Reg=0.0000, Con=0.0000
2025-09-14 02:34:57,989 - INFO - Batch 330/2278: Loss=1.1919, Cls=0.0036, Reg=0.0000, Con=3.9609
2025-09-14 02:34:58,962 - INFO - Batch 340/2278: Loss=1.1943, Cls=0.0060, Reg=0.0000, Con=3.9609
2025-09-14 02:34:59,875 - INFO - Batch 350/2278: Loss=1.1884, Cls=0.0001, Reg=0.0000, Con=3.9609
2025-09-14 02:35:00,772 - INFO - Batch 360/2278: Loss=1.1970, Cls=0.0087, Reg=0.0000, Con=3.9609
2025-09-14 02:35:01,646 - INFO - Batch 370/2278: Loss=1.1915, Cls=0.0033, Reg=0.0000, Con=3.9609
2025-09-14 02:35:02,560 - INFO - Batch 380/2278: Loss=1.1974, Cls=0.0092, Reg=0.0000, Con=3.9608
2025-09-14 02:35:03,484 - INFO - Batch 390/2278: Loss=1.2493, Cls=0.0610, Reg=0.0000, Con=3.9609
2025-09-14 02:35:04,418 - INFO - Batch 400/2278: Loss=0.0197, Cls=0.0197, Reg=0.0000, Con=0.0000
2025-09-14 02:35:05,353 - INFO - Batch 410/2278: Loss=1.1938, Cls=0.0056, Reg=0.0000, Con=3.9608
2025-09-14 02:35:06,298 - INFO - Batch 420/2278: Loss=0.1515, Cls=0.1515, Reg=0.0000, Con=0.0000
2025-09-14 02:35:07,216 - INFO - Batch 430/2278: Loss=0.0313, Cls=0.0313, Reg=0.0000, Con=0.0000
2025-09-14 02:35:08,095 - INFO - Batch 440/2278: Loss=1.2181, Cls=0.0299, Reg=0.0000, Con=3.9608
2025-09-14 02:35:08,989 - INFO - Batch 450/2278: Loss=1.1882, Cls=0.0000, Reg=0.0000, Con=3.9607
2025-09-14 02:35:09,887 - INFO - Batch 460/2278: Loss=0.4228, Cls=0.4228, Reg=0.0000, Con=0.0000
2025-09-14 02:35:10,790 - INFO - Batch 470/2278: Loss=1.3608, Cls=0.1726, Reg=0.0000, Con=3.9608
2025-09-14 02:35:11,680 - INFO - Batch 480/2278: Loss=0.0068, Cls=0.0068, Reg=0.0000, Con=0.0000
2025-09-14 02:35:12,581 - INFO - Batch 490/2278: Loss=1.2864, Cls=0.0981, Reg=0.0000, Con=3.9610
2025-09-14 02:35:13,461 - INFO - Batch 500/2278: Loss=2.8743, Cls=1.6860, Reg=0.0000, Con=3.9607
2025-09-14 02:35:14,362 - INFO - Batch 510/2278: Loss=1.2056, Cls=0.0174, Reg=0.0000, Con=3.9607
2025-09-14 02:35:15,278 - INFO - Batch 520/2278: Loss=1.1921, Cls=0.0039, Reg=0.0000, Con=3.9607
2025-09-14 02:35:16,164 - INFO - Batch 530/2278: Loss=1.3275, Cls=0.1393, Reg=0.0000, Con=3.9608
2025-09-14 02:35:17,034 - INFO - Batch 540/2278: Loss=1.2329, Cls=0.0446, Reg=0.0000, Con=3.9610
2025-09-14 02:35:17,910 - INFO - Batch 550/2278: Loss=1.2618, Cls=0.0736, Reg=0.0000, Con=3.9607
2025-09-14 02:35:18,822 - INFO - Batch 560/2278: Loss=2.2296, Cls=1.0413, Reg=0.0000, Con=3.9608
2025-09-14 02:35:19,717 - INFO - Batch 570/2278: Loss=1.3270, Cls=0.1388, Reg=0.0000, Con=3.9608
2025-09-14 02:35:20,607 - INFO - Batch 580/2278: Loss=0.0136, Cls=0.0136, Reg=0.0000, Con=0.0000
2025-09-14 02:35:21,501 - INFO - Batch 590/2278: Loss=1.2190, Cls=0.0308, Reg=0.0000, Con=3.9608
2025-09-14 02:35:22,383 - INFO - Batch 600/2278: Loss=0.0010, Cls=0.0010, Reg=0.0000, Con=0.0000
2025-09-14 02:35:23,282 - INFO - Batch 610/2278: Loss=1.2301, Cls=0.0418, Reg=0.0000, Con=3.9608
2025-09-14 02:35:24,161 - INFO - Batch 620/2278: Loss=1.4076, Cls=0.2194, Reg=0.0000, Con=3.9608
2025-09-14 02:35:25,065 - INFO - Batch 630/2278: Loss=0.0224, Cls=0.0224, Reg=0.0000, Con=0.0000
2025-09-14 02:35:26,002 - INFO - Batch 640/2278: Loss=0.0007, Cls=0.0007, Reg=0.0000, Con=0.0000
2025-09-14 02:35:26,904 - INFO - Batch 650/2278: Loss=0.0307, Cls=0.0307, Reg=0.0000, Con=0.0000
2025-09-14 02:35:27,789 - INFO - Batch 660/2278: Loss=1.5433, Cls=0.3551, Reg=0.0000, Con=3.9607
2025-09-14 02:35:28,718 - INFO - Batch 670/2278: Loss=1.7773, Cls=0.5890, Reg=0.0000, Con=3.9609
2025-09-14 02:35:29,623 - INFO - Batch 680/2278: Loss=1.1935, Cls=0.0052, Reg=0.0000, Con=3.9608
2025-09-14 02:35:30,514 - INFO - Batch 690/2278: Loss=1.2926, Cls=0.1043, Reg=0.0000, Con=3.9611
2025-09-14 02:35:31,445 - INFO - Batch 700/2278: Loss=1.8350, Cls=1.8350, Reg=0.0000, Con=0.0000
2025-09-14 02:35:32,330 - INFO - Batch 710/2278: Loss=1.1896, Cls=0.0013, Reg=0.0000, Con=3.9610
2025-09-14 02:35:33,245 - INFO - Batch 720/2278: Loss=1.2200, Cls=0.0318, Reg=0.0000, Con=3.9609
2025-09-14 02:35:34,186 - INFO - Batch 730/2278: Loss=1.1995, Cls=0.0111, Reg=0.0000, Con=3.9612
2025-09-14 02:35:35,139 - INFO - Batch 740/2278: Loss=1.5215, Cls=0.3332, Reg=0.0000, Con=3.9610
2025-09-14 02:35:36,059 - INFO - Batch 750/2278: Loss=0.0085, Cls=0.0085, Reg=0.0000, Con=0.0000
2025-09-14 02:35:36,970 - INFO - Batch 760/2278: Loss=0.0012, Cls=0.0012, Reg=0.0000, Con=0.0000
2025-09-14 02:35:37,855 - INFO - Batch 770/2278: Loss=1.1916, Cls=0.0034, Reg=0.0000, Con=3.9608
2025-09-14 02:35:38,748 - INFO - Batch 780/2278: Loss=0.3923, Cls=0.3923, Reg=0.0000, Con=0.0000
2025-09-14 02:35:39,637 - INFO - Batch 790/2278: Loss=1.1980, Cls=0.0097, Reg=0.0000, Con=3.9609
2025-09-14 02:35:40,537 - INFO - Batch 800/2278: Loss=0.0027, Cls=0.0027, Reg=0.0000, Con=0.0000
2025-09-14 02:35:41,428 - INFO - Batch 810/2278: Loss=0.0180, Cls=0.0180, Reg=0.0000, Con=0.0000
2025-09-14 02:35:42,301 - INFO - Batch 820/2278: Loss=1.1922, Cls=0.0040, Reg=0.0000, Con=3.9608
2025-09-14 02:35:43,218 - INFO - Batch 830/2278: Loss=1.7915, Cls=0.6033, Reg=0.0000, Con=3.9607
2025-09-14 02:35:44,127 - INFO - Batch 840/2278: Loss=1.5531, Cls=0.3649, Reg=0.0000, Con=3.9608
2025-09-14 02:35:45,023 - INFO - Batch 850/2278: Loss=0.0106, Cls=0.0106, Reg=0.0000, Con=0.0000
2025-09-14 02:35:45,945 - INFO - Batch 860/2278: Loss=1.1906, Cls=0.0024, Reg=0.0000, Con=3.9608
2025-09-14 02:35:46,842 - INFO - Batch 870/2278: Loss=0.0047, Cls=0.0047, Reg=0.0000, Con=0.0000
2025-09-14 02:35:47,743 - INFO - Batch 880/2278: Loss=0.0000, Cls=0.0000, Reg=0.0000, Con=0.0000
2025-09-14 02:35:48,637 - INFO - Batch 890/2278: Loss=2.3326, Cls=1.1443, Reg=0.0000, Con=3.9609
2025-09-14 02:35:49,558 - INFO - Batch 900/2278: Loss=0.0001, Cls=0.0001, Reg=0.0000, Con=0.0000
2025-09-14 02:35:50,452 - INFO - Batch 910/2278: Loss=0.0009, Cls=0.0009, Reg=0.0000, Con=0.0000
2025-09-14 02:35:51,359 - INFO - Batch 920/2278: Loss=1.1883, Cls=0.0000, Reg=0.0000, Con=3.9611
2025-09-14 02:35:52,243 - INFO - Batch 930/2278: Loss=1.5023, Cls=0.3140, Reg=0.0000, Con=3.9609
2025-09-14 02:35:53,140 - INFO - Batch 940/2278: Loss=0.0000, Cls=0.0000, Reg=0.0000, Con=0.0000
2025-09-14 02:35:54,051 - INFO - Batch 950/2278: Loss=0.0031, Cls=0.0031, Reg=0.0000, Con=0.0000
2025-09-14 02:35:55,056 - INFO - Batch 960/2278: Loss=0.0005, Cls=0.0005, Reg=0.0000, Con=0.0000
2025-09-14 02:35:55,971 - INFO - Batch 970/2278: Loss=0.0020, Cls=0.0020, Reg=0.0000, Con=0.0000
2025-09-14 02:35:56,876 - INFO - Batch 980/2278: Loss=1.3733, Cls=0.1850, Reg=0.0000, Con=3.9609
2025-09-14 02:35:57,779 - INFO - Batch 990/2278: Loss=1.3804, Cls=0.1922, Reg=0.0000, Con=3.9606
2025-09-14 02:35:58,681 - INFO - Batch 1000/2278: Loss=1.8792, Cls=0.6910, Reg=0.0000, Con=3.9608
2025-09-14 02:35:59,586 - INFO - Batch 1010/2278: Loss=2.0146, Cls=0.8263, Reg=0.0000, Con=3.9609
2025-09-14 02:36:00,498 - INFO - Batch 1020/2278: Loss=1.1933, Cls=0.0048, Reg=0.0000, Con=3.9615
2025-09-14 02:36:01,440 - INFO - Batch 1030/2278: Loss=1.2044, Cls=0.0161, Reg=0.0000, Con=3.9608
2025-09-14 02:36:02,332 - INFO - Batch 1040/2278: Loss=1.2301, Cls=0.0419, Reg=0.0000, Con=3.9608
2025-09-14 02:36:03,239 - INFO - Batch 1050/2278: Loss=1.3361, Cls=0.1478, Reg=0.0000, Con=3.9611
2025-09-14 02:36:04,120 - INFO - Batch 1060/2278: Loss=1.1973, Cls=0.0089, Reg=0.0000, Con=3.9612
2025-09-14 02:36:05,003 - INFO - Batch 1070/2278: Loss=1.1920, Cls=0.0037, Reg=0.0000, Con=3.9609
2025-09-14 02:36:05,882 - INFO - Batch 1080/2278: Loss=1.1930, Cls=0.0048, Reg=0.0000, Con=3.9609
2025-09-14 02:36:06,826 - INFO - Batch 1090/2278: Loss=2.5854, Cls=1.3971, Reg=0.0000, Con=3.9608
2025-09-14 02:36:07,715 - INFO - Batch 1100/2278: Loss=1.2002, Cls=0.0119, Reg=0.0000, Con=3.9608
2025-09-14 02:36:08,603 - INFO - Batch 1110/2278: Loss=2.9681, Cls=1.7798, Reg=0.0000, Con=3.9608
2025-09-14 02:36:09,500 - INFO - Batch 1120/2278: Loss=1.1895, Cls=0.0013, Reg=0.0000, Con=3.9608
2025-09-14 02:36:10,401 - INFO - Batch 1130/2278: Loss=1.5928, Cls=0.4046, Reg=0.0000, Con=3.9608
2025-09-14 02:36:11,313 - INFO - Batch 1140/2278: Loss=0.7133, Cls=0.7133, Reg=0.0000, Con=0.0000
2025-09-14 02:36:12,218 - INFO - Batch 1150/2278: Loss=1.1917, Cls=0.0034, Reg=0.0000, Con=3.9609
2025-09-14 02:36:13,099 - INFO - Batch 1160/2278: Loss=1.2031, Cls=0.0149, Reg=0.0000, Con=3.9607
2025-09-14 02:36:14,021 - INFO - Batch 1170/2278: Loss=0.0132, Cls=0.0132, Reg=0.0000, Con=0.0000
2025-09-14 02:36:14,921 - INFO - Batch 1180/2278: Loss=1.2011, Cls=0.0128, Reg=0.0000, Con=3.9609
2025-09-14 02:36:15,814 - INFO - Batch 1190/2278: Loss=1.1952, Cls=0.0069, Reg=0.0000, Con=3.9610
2025-09-14 02:36:16,720 - INFO - Batch 1200/2278: Loss=1.2092, Cls=0.0210, Reg=0.0000, Con=3.9609
2025-09-14 02:36:17,628 - INFO - Batch 1210/2278: Loss=1.2180, Cls=0.0298, Reg=0.0000, Con=3.9608
2025-09-14 02:36:18,551 - INFO - Batch 1220/2278: Loss=0.5629, Cls=0.5629, Reg=0.0000, Con=0.0000
2025-09-14 02:36:19,462 - INFO - Batch 1230/2278: Loss=1.1937, Cls=0.0054, Reg=0.0000, Con=3.9609
2025-09-14 02:36:20,405 - INFO - Batch 1240/2278: Loss=1.2183, Cls=0.0300, Reg=0.0000, Con=3.9609
2025-09-14 02:36:21,296 - INFO - Batch 1250/2278: Loss=0.2739, Cls=0.2739, Reg=0.0000, Con=0.0000
2025-09-14 02:36:22,183 - INFO - Batch 1260/2278: Loss=1.2234, Cls=0.0351, Reg=0.0000, Con=3.9607
2025-09-14 02:36:23,058 - INFO - Batch 1270/2278: Loss=0.0357, Cls=0.0357, Reg=0.0000, Con=0.0000
2025-09-14 02:36:23,950 - INFO - Batch 1280/2278: Loss=1.1886, Cls=0.0004, Reg=0.0000, Con=3.9608
2025-09-14 02:36:24,971 - INFO - Batch 1290/2278: Loss=2.4171, Cls=1.2289, Reg=0.0000, Con=3.9609
2025-09-14 02:36:25,879 - INFO - Batch 1300/2278: Loss=6.3819, Cls=5.1936, Reg=0.0000, Con=3.9610
2025-09-14 02:36:26,777 - INFO - Batch 1310/2278: Loss=0.0028, Cls=0.0028, Reg=0.0000, Con=0.0000
2025-09-14 02:36:27,680 - INFO - Batch 1320/2278: Loss=1.2088, Cls=0.0206, Reg=0.0000, Con=3.9609
2025-09-14 02:36:28,589 - INFO - Batch 1330/2278: Loss=1.2922, Cls=0.1039, Reg=0.0000, Con=3.9609
2025-09-14 02:36:29,517 - INFO - Batch 1340/2278: Loss=0.0043, Cls=0.0043, Reg=0.0000, Con=0.0000
2025-09-14 02:36:30,417 - INFO - Batch 1350/2278: Loss=1.8369, Cls=0.6487, Reg=0.0000, Con=3.9607
2025-09-14 02:36:31,319 - INFO - Batch 1360/2278: Loss=1.2254, Cls=0.0372, Reg=0.0000, Con=3.9608
2025-09-14 02:36:32,205 - INFO - Batch 1370/2278: Loss=1.1887, Cls=0.0005, Reg=0.0000, Con=3.9608
2025-09-14 02:36:33,107 - INFO - Batch 1380/2278: Loss=1.1907, Cls=0.0024, Reg=0.0000, Con=3.9609
2025-09-14 02:36:34,006 - INFO - Batch 1390/2278: Loss=1.1946, Cls=0.0063, Reg=0.0000, Con=3.9608
2025-09-14 02:36:34,924 - INFO - Batch 1400/2278: Loss=0.2735, Cls=0.2735, Reg=0.0000, Con=0.0000
2025-09-14 02:36:35,863 - INFO - Batch 1410/2278: Loss=1.2333, Cls=0.0451, Reg=0.0000, Con=3.9608
2025-09-14 02:36:36,791 - INFO - Batch 1420/2278: Loss=0.0084, Cls=0.0084, Reg=0.0000, Con=0.0000
2025-09-14 02:36:37,712 - INFO - Batch 1430/2278: Loss=0.0189, Cls=0.0189, Reg=0.0000, Con=0.0000
2025-09-14 02:36:38,598 - INFO - Batch 1440/2278: Loss=1.2957, Cls=0.1073, Reg=0.0000, Con=3.9613
2025-09-14 02:36:39,476 - INFO - Batch 1450/2278: Loss=0.1612, Cls=0.1612, Reg=0.0000, Con=0.0000
2025-09-14 02:36:40,367 - INFO - Batch 1460/2278: Loss=1.1931, Cls=0.0048, Reg=0.0000, Con=3.9609
2025-09-14 02:36:41,259 - INFO - Batch 1470/2278: Loss=1.2855, Cls=0.0973, Reg=0.0000, Con=3.9608
2025-09-14 02:36:42,220 - INFO - Batch 1480/2278: Loss=2.1224, Cls=0.9342, Reg=0.0000, Con=3.9608
2025-09-14 02:36:43,245 - INFO - Batch 1490/2278: Loss=0.2393, Cls=0.2393, Reg=0.0000, Con=0.0000
2025-09-14 02:36:44,149 - INFO - Batch 1500/2278: Loss=0.0189, Cls=0.0189, Reg=0.0000, Con=0.0000
2025-09-14 02:36:45,066 - INFO - Batch 1510/2278: Loss=1.1891, Cls=0.0009, Reg=0.0000, Con=3.9608
2025-09-14 02:36:45,967 - INFO - Batch 1520/2278: Loss=1.1977, Cls=0.0094, Reg=0.0000, Con=3.9608
2025-09-14 02:36:46,906 - INFO - Batch 1530/2278: Loss=1.1941, Cls=0.0058, Reg=0.0000, Con=3.9609
2025-09-14 02:36:47,826 - INFO - Batch 1540/2278: Loss=0.0089, Cls=0.0089, Reg=0.0000, Con=0.0000
2025-09-14 02:36:48,746 - INFO - Batch 1550/2278: Loss=1.1904, Cls=0.0021, Reg=0.0000, Con=3.9609
2025-09-14 02:36:49,655 - INFO - Batch 1560/2278: Loss=1.2084, Cls=0.0202, Reg=0.0000, Con=3.9608
2025-09-14 02:36:50,555 - INFO - Batch 1570/2278: Loss=2.6565, Cls=1.4682, Reg=0.0000, Con=3.9609
2025-09-14 02:36:51,447 - INFO - Batch 1580/2278: Loss=1.6791, Cls=0.4909, Reg=0.0000, Con=3.9607
2025-09-14 02:36:52,355 - INFO - Batch 1590/2278: Loss=0.0498, Cls=0.0498, Reg=0.0000, Con=0.0000
2025-09-14 02:36:53,273 - INFO - Batch 1600/2278: Loss=1.2542, Cls=0.0660, Reg=0.0000, Con=3.9609
2025-09-14 02:36:54,186 - INFO - Batch 1610/2278: Loss=0.2617, Cls=0.2617, Reg=0.0000, Con=0.0000
2025-09-14 02:36:55,099 - INFO - Batch 1620/2278: Loss=1.2263, Cls=0.0381, Reg=0.0000, Con=3.9609
2025-09-14 02:36:55,980 - INFO - Batch 1630/2278: Loss=2.6676, Cls=1.4794, Reg=0.0000, Con=3.9606
2025-09-14 02:36:56,884 - INFO - Batch 1640/2278: Loss=2.3303, Cls=1.1420, Reg=0.0000, Con=3.9609
2025-09-14 02:36:57,772 - INFO - Batch 1650/2278: Loss=0.0034, Cls=0.0034, Reg=0.0000, Con=0.0000
2025-09-14 02:36:58,660 - INFO - Batch 1660/2278: Loss=2.7602, Cls=1.5720, Reg=0.0000, Con=3.9607
2025-09-14 02:36:59,570 - INFO - Batch 1670/2278: Loss=1.1887, Cls=0.0004, Reg=0.0000, Con=3.9608
2025-09-14 02:37:00,461 - INFO - Batch 1680/2278: Loss=1.1893, Cls=0.0008, Reg=0.0000, Con=3.9615
2025-09-14 02:37:01,382 - INFO - Batch 1690/2278: Loss=0.0010, Cls=0.0010, Reg=0.0000, Con=0.0000
2025-09-14 02:37:02,279 - INFO - Batch 1700/2278: Loss=1.1899, Cls=0.0017, Reg=0.0000, Con=3.9608
2025-09-14 02:37:03,167 - INFO - Batch 1710/2278: Loss=1.1912, Cls=0.0028, Reg=0.0000, Con=3.9612
2025-09-14 02:37:04,045 - INFO - Batch 1720/2278: Loss=1.1907, Cls=0.0024, Reg=0.0000, Con=3.9610
2025-09-14 02:37:04,959 - INFO - Batch 1730/2278: Loss=1.8252, Cls=0.6370, Reg=0.0000, Con=3.9609
2025-09-14 02:37:05,860 - INFO - Batch 1740/2278: Loss=1.1900, Cls=0.0017, Reg=0.0000, Con=3.9610
2025-09-14 02:37:06,803 - INFO - Batch 1750/2278: Loss=2.0806, Cls=0.8923, Reg=0.0000, Con=3.9609
2025-09-14 02:37:07,773 - INFO - Batch 1760/2278: Loss=1.1895, Cls=0.0013, Reg=0.0000, Con=3.9608
2025-09-14 02:37:08,845 - INFO - Batch 1770/2278: Loss=1.1891, Cls=0.0008, Reg=0.0000, Con=3.9610
2025-09-14 02:37:09,822 - INFO - Batch 1780/2278: Loss=1.5752, Cls=0.3869, Reg=0.0000, Con=3.9608
2025-09-14 02:37:10,745 - INFO - Batch 1790/2278: Loss=1.3163, Cls=0.1281, Reg=0.0000, Con=3.9608
2025-09-14 02:37:11,766 - INFO - Batch 1800/2278: Loss=1.2848, Cls=0.0966, Reg=0.0000, Con=3.9609
2025-09-14 02:37:12,727 - INFO - Batch 1810/2278: Loss=1.2395, Cls=0.0512, Reg=0.0000, Con=3.9610
2025-09-14 02:37:13,635 - INFO - Batch 1820/2278: Loss=2.2779, Cls=1.0897, Reg=0.0000, Con=3.9608
2025-09-14 02:37:14,528 - INFO - Batch 1830/2278: Loss=1.2499, Cls=0.0614, Reg=0.0000, Con=3.9615
2025-09-14 02:37:15,447 - INFO - Batch 1840/2278: Loss=1.2469, Cls=0.0586, Reg=0.0000, Con=3.9609
2025-09-14 02:37:16,442 - INFO - Batch 1850/2278: Loss=1.1893, Cls=0.0011, Reg=0.0000, Con=3.9608
2025-09-14 02:37:17,341 - INFO - Batch 1860/2278: Loss=0.0356, Cls=0.0356, Reg=0.0000, Con=0.0000
2025-09-14 02:37:18,240 - INFO - Batch 1870/2278: Loss=1.1429, Cls=1.1429, Reg=0.0000, Con=0.0000
2025-09-14 02:37:19,152 - INFO - Batch 1880/2278: Loss=1.1891, Cls=0.0008, Reg=0.0000, Con=3.9610
2025-09-14 02:37:20,051 - INFO - Batch 1890/2278: Loss=0.2723, Cls=0.2723, Reg=0.0000, Con=0.0000
2025-09-14 02:37:20,938 - INFO - Batch 1900/2278: Loss=1.1952, Cls=0.0070, Reg=0.0000, Con=3.9607
2025-09-14 02:37:21,834 - INFO - Batch 1910/2278: Loss=1.1882, Cls=0.0000, Reg=0.0000, Con=3.9607
2025-09-14 02:37:22,745 - INFO - Batch 1920/2278: Loss=1.2139, Cls=0.0257, Reg=0.0000, Con=3.9608
2025-09-14 02:37:23,656 - INFO - Batch 1930/2278: Loss=0.0019, Cls=0.0019, Reg=0.0000, Con=0.0000
2025-09-14 02:37:24,606 - INFO - Batch 1940/2278: Loss=1.1907, Cls=0.0025, Reg=0.0000, Con=3.9607
2025-09-14 02:37:25,514 - INFO - Batch 1950/2278: Loss=1.1915, Cls=0.0032, Reg=0.0000, Con=3.9609
2025-09-14 02:37:26,437 - INFO - Batch 1960/2278: Loss=1.1888, Cls=0.0005, Reg=0.0000, Con=3.9609
2025-09-14 02:37:27,346 - INFO - Batch 1970/2278: Loss=1.3146, Cls=0.1265, Reg=0.0000, Con=3.9606
2025-09-14 02:37:28,239 - INFO - Batch 1980/2278: Loss=1.2221, Cls=0.0338, Reg=0.0000, Con=3.9608
2025-09-14 02:37:29,146 - INFO - Batch 1990/2278: Loss=0.0011, Cls=0.0011, Reg=0.0000, Con=0.0000
2025-09-14 02:37:30,052 - INFO - Batch 2000/2278: Loss=1.2180, Cls=0.0298, Reg=0.0000, Con=3.9607
2025-09-14 02:37:30,978 - INFO - Batch 2010/2278: Loss=1.1910, Cls=0.0028, Reg=0.0000, Con=3.9608
2025-09-14 02:37:31,904 - INFO - Batch 2020/2278: Loss=0.5449, Cls=0.5449, Reg=0.0000, Con=0.0000
2025-09-14 02:37:32,822 - INFO - Batch 2030/2278: Loss=1.1918, Cls=0.0035, Reg=0.0000, Con=3.9610
2025-09-14 02:37:33,733 - INFO - Batch 2040/2278: Loss=1.1928, Cls=0.0046, Reg=0.0000, Con=3.9608
2025-09-14 02:37:34,632 - INFO - Batch 2050/2278: Loss=0.0170, Cls=0.0170, Reg=0.0000, Con=0.0000
2025-09-14 02:37:35,525 - INFO - Batch 2060/2278: Loss=1.3952, Cls=0.2067, Reg=0.0000, Con=3.9615
2025-09-14 02:37:36,420 - INFO - Batch 2070/2278: Loss=1.1900, Cls=0.0018, Reg=0.0000, Con=3.9608
2025-09-14 02:37:37,368 - INFO - Batch 2080/2278: Loss=1.2007, Cls=0.0125, Reg=0.0000, Con=3.9607
2025-09-14 02:37:38,315 - INFO - Batch 2090/2278: Loss=1.2756, Cls=0.0873, Reg=0.0000, Con=3.9608
2025-09-14 02:37:39,235 - INFO - Batch 2100/2278: Loss=0.0389, Cls=0.0389, Reg=0.0000, Con=0.0000
2025-09-14 02:37:40,136 - INFO - Batch 2110/2278: Loss=0.0072, Cls=0.0072, Reg=0.0000, Con=0.0000
2025-09-14 02:37:41,035 - INFO - Batch 2120/2278: Loss=1.1886, Cls=0.0003, Reg=0.0000, Con=3.9609
2025-09-14 02:37:41,939 - INFO - Batch 2130/2278: Loss=1.4939, Cls=0.3056, Reg=0.0000, Con=3.9608
2025-09-14 02:37:42,848 - INFO - Batch 2140/2278: Loss=0.0012, Cls=0.0012, Reg=0.0000, Con=0.0000
2025-09-14 02:37:43,751 - INFO - Batch 2150/2278: Loss=1.1933, Cls=0.0050, Reg=0.0000, Con=3.9610
2025-09-14 02:37:44,648 - INFO - Batch 2160/2278: Loss=1.1927, Cls=0.0045, Reg=0.0000, Con=3.9608
2025-09-14 02:37:45,612 - INFO - Batch 2170/2278: Loss=1.1883, Cls=0.0001, Reg=0.0000, Con=3.9608
2025-09-14 02:37:46,536 - INFO - Batch 2180/2278: Loss=1.1886, Cls=0.0003, Reg=0.0000, Con=3.9608
2025-09-14 02:37:47,456 - INFO - Batch 2190/2278: Loss=1.1887, Cls=0.0004, Reg=0.0000, Con=3.9610
2025-09-14 02:37:48,382 - INFO - Batch 2200/2278: Loss=1.1897, Cls=0.0014, Reg=0.0000, Con=3.9608
2025-09-14 02:37:49,286 - INFO - Batch 2210/2278: Loss=1.1891, Cls=0.0007, Reg=0.0000, Con=3.9613
2025-09-14 02:37:50,171 - INFO - Batch 2220/2278: Loss=0.0149, Cls=0.0149, Reg=0.0000, Con=0.0000
2025-09-14 02:37:51,090 - INFO - Batch 2230/2278: Loss=0.0087, Cls=0.0087, Reg=0.0000, Con=0.0000
2025-09-14 02:37:52,028 - INFO - Batch 2240/2278: Loss=1.2104, Cls=0.0222, Reg=0.0000, Con=3.9608
2025-09-14 02:37:52,939 - INFO - Batch 2250/2278: Loss=0.0042, Cls=0.0042, Reg=0.0000, Con=0.0000
2025-09-14 02:37:53,886 - INFO - Batch 2260/2278: Loss=1.6249, Cls=0.4366, Reg=0.0000, Con=3.9609
2025-09-14 02:37:54,893 - INFO - Batch 2270/2278: Loss=2.6897, Cls=1.5015, Reg=0.0000, Con=3.9606
2025-09-14 02:41:24,290 - INFO - === Epoch 2 Results ===
2025-09-14 02:41:24,290 - INFO - Training Loss: 1.0430 (Classification: 0.2230, Regression: 0.0000)
2025-09-14 02:41:24,290 - INFO - Validation Loss: 0.1021 (Classification: 0.1021, Regression: 0.0000)
2025-09-14 02:41:24,290 - INFO - Average Classification Accuracy: 0.9149 (on 1/26 tasks)
2025-09-14 02:41:24,290 - INFO - Average AUC: 0.8718
2025-09-14 02:41:24,290 - INFO - 
Epoch 3/3
2025-09-14 02:41:24,387 - INFO - Batch 0/2278: Loss=3.0652, Cls=1.8769, Reg=0.0000, Con=3.9608
2025-09-14 02:41:25,297 - INFO - Batch 10/2278: Loss=1.1985, Cls=0.0102, Reg=0.0000, Con=3.9611
2025-09-14 02:41:26,300 - INFO - Batch 20/2278: Loss=1.2083, Cls=0.0201, Reg=0.0000, Con=3.9608
2025-09-14 02:41:27,352 - INFO - Batch 30/2278: Loss=0.0010, Cls=0.0010, Reg=0.0000, Con=0.0000
2025-09-14 02:41:28,292 - INFO - Batch 40/2278: Loss=1.1882, Cls=0.0000, Reg=0.0000, Con=3.9608
2025-09-14 02:41:29,218 - INFO - Batch 50/2278: Loss=1.1936, Cls=0.0054, Reg=0.0000, Con=3.9609
2025-09-14 02:41:30,121 - INFO - Batch 60/2278: Loss=1.2051, Cls=0.0169, Reg=0.0000, Con=3.9607
2025-09-14 02:41:31,027 - INFO - Batch 70/2278: Loss=1.2486, Cls=0.0604, Reg=0.0000, Con=3.9608
2025-09-14 02:41:31,956 - INFO - Batch 80/2278: Loss=0.0248, Cls=0.0248, Reg=0.0000, Con=0.0000
2025-09-14 02:41:32,873 - INFO - Batch 90/2278: Loss=1.1948, Cls=0.0065, Reg=0.0000, Con=3.9609
2025-09-14 02:41:33,860 - INFO - Batch 100/2278: Loss=1.5145, Cls=0.3263, Reg=0.0000, Con=3.9606
2025-09-14 02:41:34,858 - INFO - Batch 110/2278: Loss=1.2730, Cls=0.0844, Reg=0.0000, Con=3.9618
2025-09-14 02:41:35,860 - INFO - Batch 120/2278: Loss=1.2128, Cls=0.0245, Reg=0.0000, Con=3.9609
2025-09-14 02:41:36,782 - INFO - Batch 130/2278: Loss=1.7629, Cls=0.5747, Reg=0.0000, Con=3.9607
2025-09-14 02:41:37,784 - INFO - Batch 140/2278: Loss=0.0010, Cls=0.0010, Reg=0.0000, Con=0.0000
2025-09-14 02:41:38,751 - INFO - Batch 150/2278: Loss=5.4263, Cls=4.2381, Reg=0.0000, Con=3.9608
2025-09-14 02:41:39,695 - INFO - Batch 160/2278: Loss=0.0105, Cls=0.0105, Reg=0.0000, Con=0.0000
2025-09-14 02:41:40,613 - INFO - Batch 170/2278: Loss=2.1333, Cls=0.9450, Reg=0.0000, Con=3.9609
2025-09-14 02:41:41,603 - INFO - Batch 180/2278: Loss=1.1918, Cls=0.0035, Reg=0.0000, Con=3.9611
2025-09-14 02:41:42,624 - INFO - Batch 190/2278: Loss=1.1915, Cls=0.0033, Reg=0.0000, Con=3.9607
2025-09-14 02:41:43,544 - INFO - Batch 200/2278: Loss=0.0003, Cls=0.0003, Reg=0.0000, Con=0.0000
2025-09-14 02:41:44,532 - INFO - Batch 210/2278: Loss=1.3827, Cls=0.1943, Reg=0.0000, Con=3.9612
2025-09-14 02:41:45,528 - INFO - Batch 220/2278: Loss=1.1891, Cls=0.0009, Reg=0.0000, Con=3.9608
2025-09-14 02:41:46,513 - INFO - Batch 230/2278: Loss=1.1896, Cls=0.0013, Reg=0.0000, Con=3.9611
2025-09-14 02:41:47,452 - INFO - Batch 240/2278: Loss=1.1994, Cls=0.0112, Reg=0.0000, Con=3.9607
2025-09-14 02:41:48,402 - INFO - Batch 250/2278: Loss=4.4548, Cls=3.2665, Reg=0.0000, Con=3.9609
2025-09-14 02:41:49,337 - INFO - Batch 260/2278: Loss=1.1893, Cls=0.0010, Reg=0.0000, Con=3.9608
2025-09-14 02:41:50,336 - INFO - Batch 270/2278: Loss=1.1882, Cls=0.0000, Reg=0.0000, Con=3.9607
2025-09-14 02:41:51,246 - INFO - Batch 280/2278: Loss=2.3872, Cls=1.1989, Reg=0.0000, Con=3.9608
2025-09-14 02:41:52,160 - INFO - Batch 290/2278: Loss=1.1887, Cls=0.0005, Reg=0.0000, Con=3.9608
2025-09-14 02:41:53,129 - INFO - Batch 300/2278: Loss=1.2081, Cls=0.0199, Reg=0.0000, Con=3.9607
2025-09-14 02:41:54,060 - INFO - Batch 310/2278: Loss=1.1904, Cls=0.0021, Reg=0.0000, Con=3.9610
2025-09-14 02:41:55,003 - INFO - Batch 320/2278: Loss=1.1923, Cls=0.0039, Reg=0.0000, Con=3.9612
2025-09-14 02:41:55,852 - INFO - Batch 330/2278: Loss=0.0077, Cls=0.0077, Reg=0.0000, Con=0.0000
2025-09-14 02:41:56,736 - INFO - Batch 340/2278: Loss=0.0334, Cls=0.0334, Reg=0.0000, Con=0.0000
2025-09-14 02:41:57,641 - INFO - Batch 350/2278: Loss=1.1986, Cls=0.0102, Reg=0.0000, Con=3.9612
2025-09-14 02:41:58,694 - INFO - Batch 360/2278: Loss=1.1901, Cls=0.0018, Reg=0.0000, Con=3.9611
2025-09-14 02:41:59,605 - INFO - Batch 370/2278: Loss=2.0172, Cls=0.8290, Reg=0.0000, Con=3.9608
2025-09-14 02:42:00,547 - INFO - Batch 380/2278: Loss=1.2092, Cls=0.0210, Reg=0.0000, Con=3.9608
2025-09-14 02:42:01,476 - INFO - Batch 390/2278: Loss=1.2292, Cls=0.0409, Reg=0.0000, Con=3.9609
2025-09-14 02:42:02,365 - INFO - Batch 400/2278: Loss=1.7403, Cls=1.7403, Reg=0.0000, Con=0.0000
2025-09-14 02:42:03,280 - INFO - Batch 410/2278: Loss=1.1922, Cls=0.0039, Reg=0.0000, Con=3.9609
2025-09-14 02:42:04,207 - INFO - Batch 420/2278: Loss=2.1641, Cls=0.9759, Reg=0.0000, Con=3.9609
2025-09-14 02:42:05,107 - INFO - Batch 430/2278: Loss=1.1988, Cls=0.0103, Reg=0.0000, Con=3.9614
2025-09-14 02:42:05,994 - INFO - Batch 440/2278: Loss=0.1619, Cls=0.1619, Reg=0.0000, Con=0.0000
2025-09-14 02:42:06,888 - INFO - Batch 450/2278: Loss=1.1889, Cls=0.0007, Reg=0.0000, Con=3.9608
2025-09-14 02:42:07,812 - INFO - Batch 460/2278: Loss=0.0074, Cls=0.0074, Reg=0.0000, Con=0.0000
2025-09-14 02:42:08,718 - INFO - Batch 470/2278: Loss=0.0033, Cls=0.0033, Reg=0.0000, Con=0.0000
2025-09-14 02:42:09,630 - INFO - Batch 480/2278: Loss=1.2005, Cls=0.0123, Reg=0.0000, Con=3.9609
2025-09-14 02:42:10,571 - INFO - Batch 490/2278: Loss=0.0169, Cls=0.0169, Reg=0.0000, Con=0.0000
2025-09-14 02:42:11,471 - INFO - Batch 500/2278: Loss=0.1896, Cls=0.1896, Reg=0.0000, Con=0.0000
2025-09-14 02:42:12,567 - INFO - Batch 510/2278: Loss=1.2053, Cls=0.0171, Reg=0.0000, Con=3.9608
2025-09-14 02:42:13,470 - INFO - Batch 520/2278: Loss=0.0161, Cls=0.0161, Reg=0.0000, Con=0.0000
2025-09-14 02:42:14,348 - INFO - Batch 530/2278: Loss=1.1902, Cls=0.0020, Reg=0.0000, Con=3.9608
2025-09-14 02:42:15,258 - INFO - Batch 540/2278: Loss=1.3529, Cls=0.1646, Reg=0.0000, Con=3.9609
2025-09-14 02:42:16,163 - INFO - Batch 550/2278: Loss=0.0069, Cls=0.0069, Reg=0.0000, Con=0.0000
2025-09-14 02:42:17,070 - INFO - Batch 560/2278: Loss=1.1966, Cls=0.0083, Reg=0.0000, Con=3.9609
2025-09-14 02:42:17,996 - INFO - Batch 570/2278: Loss=2.2975, Cls=1.1093, Reg=0.0000, Con=3.9608
2025-09-14 02:42:18,911 - INFO - Batch 580/2278: Loss=0.0040, Cls=0.0040, Reg=0.0000, Con=0.0000
2025-09-14 02:42:19,811 - INFO - Batch 590/2278: Loss=1.1921, Cls=0.0039, Reg=0.0000, Con=3.9608
2025-09-14 02:42:20,700 - INFO - Batch 600/2278: Loss=0.5710, Cls=0.5710, Reg=0.0000, Con=0.0000
2025-09-14 02:42:21,563 - INFO - Batch 610/2278: Loss=0.0136, Cls=0.0136, Reg=0.0000, Con=0.0000
2025-09-14 02:42:22,493 - INFO - Batch 620/2278: Loss=1.1922, Cls=0.0039, Reg=0.0000, Con=3.9608
2025-09-14 02:42:23,372 - INFO - Batch 630/2278: Loss=1.1948, Cls=0.0065, Reg=0.0000, Con=3.9611
2025-09-14 02:42:24,295 - INFO - Batch 640/2278: Loss=1.4980, Cls=0.3098, Reg=0.0000, Con=3.9607
2025-09-14 02:42:25,180 - INFO - Batch 650/2278: Loss=1.2180, Cls=0.0298, Reg=0.0000, Con=3.9608
2025-09-14 02:42:26,104 - INFO - Batch 660/2278: Loss=0.0029, Cls=0.0029, Reg=0.0000, Con=0.0000
2025-09-14 02:42:26,999 - INFO - Batch 670/2278: Loss=1.1889, Cls=0.0007, Reg=0.0000, Con=3.9609
2025-09-14 02:42:28,058 - INFO - Batch 680/2278: Loss=0.0010, Cls=0.0010, Reg=0.0000, Con=0.0000
2025-09-14 02:42:28,963 - INFO - Batch 690/2278: Loss=1.8980, Cls=0.7097, Reg=0.0000, Con=3.9609
2025-09-14 02:42:29,900 - INFO - Batch 700/2278: Loss=2.1626, Cls=0.9743, Reg=0.0000, Con=3.9610
2025-09-14 02:42:30,801 - INFO - Batch 710/2278: Loss=1.2932, Cls=0.1049, Reg=0.0000, Con=3.9610
2025-09-14 02:42:31,706 - INFO - Batch 720/2278: Loss=1.1890, Cls=0.0007, Reg=0.0000, Con=3.9610
2025-09-14 02:42:32,607 - INFO - Batch 730/2278: Loss=1.5905, Cls=0.4022, Reg=0.0000, Con=3.9609
2025-09-14 02:42:33,551 - INFO - Batch 740/2278: Loss=1.2142, Cls=0.0260, Reg=0.0000, Con=3.9606
2025-09-14 02:42:34,459 - INFO - Batch 750/2278: Loss=1.1889, Cls=0.0007, Reg=0.0000, Con=3.9606
2025-09-14 02:42:35,346 - INFO - Batch 760/2278: Loss=1.1896, Cls=0.0013, Reg=0.0000, Con=3.9611
2025-09-14 02:42:36,269 - INFO - Batch 770/2278: Loss=1.7098, Cls=0.5215, Reg=0.0000, Con=3.9611
2025-09-14 02:42:37,182 - INFO - Batch 780/2278: Loss=0.0056, Cls=0.0056, Reg=0.0000, Con=0.0000
2025-09-14 02:42:38,070 - INFO - Batch 790/2278: Loss=1.1901, Cls=0.0018, Reg=0.0000, Con=3.9609
2025-09-14 02:42:38,966 - INFO - Batch 800/2278: Loss=1.1885, Cls=0.0002, Reg=0.0000, Con=3.9612
2025-09-14 02:42:39,863 - INFO - Batch 810/2278: Loss=0.0014, Cls=0.0014, Reg=0.0000, Con=0.0000
2025-09-14 02:42:40,785 - INFO - Batch 820/2278: Loss=1.3906, Cls=0.2023, Reg=0.0000, Con=3.9608
2025-09-14 02:42:41,683 - INFO - Batch 830/2278: Loss=2.3400, Cls=1.1518, Reg=0.0000, Con=3.9608
2025-09-14 02:42:42,599 - INFO - Batch 840/2278: Loss=2.5975, Cls=1.4093, Reg=0.0000, Con=3.9608
2025-09-14 02:42:43,532 - INFO - Batch 850/2278: Loss=0.0417, Cls=0.0417, Reg=0.0000, Con=0.0000
2025-09-14 02:42:44,431 - INFO - Batch 860/2278: Loss=1.2003, Cls=0.0120, Reg=0.0000, Con=3.9611
2025-09-14 02:42:45,333 - INFO - Batch 870/2278: Loss=1.3484, Cls=0.1601, Reg=0.0000, Con=3.9609
2025-09-14 02:42:46,251 - INFO - Batch 880/2278: Loss=0.0092, Cls=0.0092, Reg=0.0000, Con=0.0000
2025-09-14 02:42:47,155 - INFO - Batch 890/2278: Loss=1.4878, Cls=0.2995, Reg=0.0000, Con=3.9609
2025-09-14 02:42:48,069 - INFO - Batch 900/2278: Loss=0.0351, Cls=0.0351, Reg=0.0000, Con=0.0000
2025-09-14 02:42:48,954 - INFO - Batch 910/2278: Loss=0.0010, Cls=0.0010, Reg=0.0000, Con=0.0000
2025-09-14 02:42:49,882 - INFO - Batch 920/2278: Loss=0.0448, Cls=0.0448, Reg=0.0000, Con=0.0000
2025-09-14 02:42:50,815 - INFO - Batch 930/2278: Loss=0.0018, Cls=0.0018, Reg=0.0000, Con=0.0000
2025-09-14 02:42:51,710 - INFO - Batch 940/2278: Loss=1.1897, Cls=0.0013, Reg=0.0000, Con=3.9613
2025-09-14 02:42:52,589 - INFO - Batch 950/2278: Loss=0.0016, Cls=0.0016, Reg=0.0000, Con=0.0000
2025-09-14 02:42:53,453 - INFO - Batch 960/2278: Loss=0.0904, Cls=0.0904, Reg=0.0000, Con=0.0000
2025-09-14 02:42:54,354 - INFO - Batch 970/2278: Loss=2.3319, Cls=1.1436, Reg=0.0000, Con=3.9608
2025-09-14 02:42:55,237 - INFO - Batch 980/2278: Loss=1.1887, Cls=0.0004, Reg=0.0000, Con=3.9609
2025-09-14 02:42:56,157 - INFO - Batch 990/2278: Loss=1.5686, Cls=0.3804, Reg=0.0000, Con=3.9609
2025-09-14 02:42:57,031 - INFO - Batch 1000/2278: Loss=1.3053, Cls=0.1170, Reg=0.0000, Con=3.9610
2025-09-14 02:42:57,949 - INFO - Batch 1010/2278: Loss=1.2014, Cls=0.0131, Reg=0.0000, Con=3.9608
2025-09-14 02:42:58,847 - INFO - Batch 1020/2278: Loss=1.3917, Cls=0.2034, Reg=0.0000, Con=3.9608
2025-09-14 02:42:59,778 - INFO - Batch 1030/2278: Loss=0.0001, Cls=0.0001, Reg=0.0000, Con=0.0000
2025-09-14 02:43:00,696 - INFO - Batch 1040/2278: Loss=1.2453, Cls=0.0569, Reg=0.0000, Con=3.9613
2025-09-14 02:43:01,606 - INFO - Batch 1050/2278: Loss=0.0018, Cls=0.0018, Reg=0.0000, Con=0.0000
2025-09-14 02:43:02,510 - INFO - Batch 1060/2278: Loss=1.1962, Cls=0.0079, Reg=0.0000, Con=3.9611
2025-09-14 02:43:03,421 - INFO - Batch 1070/2278: Loss=1.1897, Cls=0.0015, Reg=0.0000, Con=3.9609
2025-09-14 02:43:04,320 - INFO - Batch 1080/2278: Loss=0.0041, Cls=0.0041, Reg=0.0000, Con=0.0000
2025-09-14 02:43:05,224 - INFO - Batch 1090/2278: Loss=1.1931, Cls=0.0047, Reg=0.0000, Con=3.9611
2025-09-14 02:43:06,114 - INFO - Batch 1100/2278: Loss=1.1888, Cls=0.0005, Reg=0.0000, Con=3.9611
2025-09-14 02:43:06,990 - INFO - Batch 1110/2278: Loss=0.0002, Cls=0.0002, Reg=0.0000, Con=0.0000
2025-09-14 02:43:07,897 - INFO - Batch 1120/2278: Loss=0.0216, Cls=0.0216, Reg=0.0000, Con=0.0000
2025-09-14 02:43:08,794 - INFO - Batch 1130/2278: Loss=0.0724, Cls=0.0724, Reg=0.0000, Con=0.0000
2025-09-14 02:43:09,688 - INFO - Batch 1140/2278: Loss=2.2244, Cls=1.0361, Reg=0.0000, Con=3.9609
2025-09-14 02:43:10,560 - INFO - Batch 1150/2278: Loss=0.0085, Cls=0.0085, Reg=0.0000, Con=0.0000
2025-09-14 02:43:11,466 - INFO - Batch 1160/2278: Loss=0.0019, Cls=0.0019, Reg=0.0000, Con=0.0000
2025-09-14 02:43:12,356 - INFO - Batch 1170/2278: Loss=1.1886, Cls=0.0004, Reg=0.0000, Con=3.9608
2025-09-14 02:43:13,266 - INFO - Batch 1180/2278: Loss=1.1908, Cls=0.0024, Reg=0.0000, Con=3.9613
2025-09-14 02:43:14,177 - INFO - Batch 1190/2278: Loss=1.1964, Cls=0.0081, Reg=0.0000, Con=3.9609
2025-09-14 02:43:15,076 - INFO - Batch 1200/2278: Loss=1.1934, Cls=0.0051, Reg=0.0000, Con=3.9611
2025-09-14 02:43:15,967 - INFO - Batch 1210/2278: Loss=2.6378, Cls=1.4494, Reg=0.0000, Con=3.9611
2025-09-14 02:43:16,847 - INFO - Batch 1220/2278: Loss=1.2431, Cls=0.0548, Reg=0.0000, Con=3.9609
2025-09-14 02:43:17,763 - INFO - Batch 1230/2278: Loss=0.0097, Cls=0.0097, Reg=0.0000, Con=0.0000
2025-09-14 02:43:18,653 - INFO - Batch 1240/2278: Loss=1.2399, Cls=0.0517, Reg=0.0000, Con=3.9608
2025-09-14 02:43:19,563 - INFO - Batch 1250/2278: Loss=1.1959, Cls=0.0077, Reg=0.0000, Con=3.9609
2025-09-14 02:43:20,431 - INFO - Batch 1260/2278: Loss=0.0041, Cls=0.0041, Reg=0.0000, Con=0.0000
2025-09-14 02:43:21,336 - INFO - Batch 1270/2278: Loss=1.2040, Cls=0.0157, Reg=0.0000, Con=3.9610
2025-09-14 02:43:22,215 - INFO - Batch 1280/2278: Loss=1.1929, Cls=0.0046, Reg=0.0000, Con=3.9607
2025-09-14 02:43:23,167 - INFO - Batch 1290/2278: Loss=0.0173, Cls=0.0173, Reg=0.0000, Con=0.0000
2025-09-14 02:43:24,060 - INFO - Batch 1300/2278: Loss=0.0049, Cls=0.0049, Reg=0.0000, Con=0.0000
2025-09-14 02:43:24,980 - INFO - Batch 1310/2278: Loss=1.2031, Cls=0.0148, Reg=0.0000, Con=3.9608
2025-09-14 02:43:25,875 - INFO - Batch 1320/2278: Loss=1.1892, Cls=0.0010, Reg=0.0000, Con=3.9610
2025-09-14 02:43:26,769 - INFO - Batch 1330/2278: Loss=1.2708, Cls=0.0825, Reg=0.0000, Con=3.9610
2025-09-14 02:43:27,656 - INFO - Batch 1340/2278: Loss=1.1927, Cls=0.0045, Reg=0.0000, Con=3.9608
2025-09-14 02:43:28,563 - INFO - Batch 1350/2278: Loss=1.7172, Cls=0.5290, Reg=0.0000, Con=3.9608
2025-09-14 02:43:29,468 - INFO - Batch 1360/2278: Loss=1.1920, Cls=0.0036, Reg=0.0000, Con=3.9612
2025-09-14 02:43:30,368 - INFO - Batch 1370/2278: Loss=1.1896, Cls=0.0013, Reg=0.0000, Con=3.9610
2025-09-14 02:43:31,304 - INFO - Batch 1380/2278: Loss=1.3733, Cls=0.1850, Reg=0.0000, Con=3.9608
2025-09-14 02:43:32,212 - INFO - Batch 1390/2278: Loss=1.1938, Cls=0.0055, Reg=0.0000, Con=3.9610
2025-09-14 02:43:33,138 - INFO - Batch 1400/2278: Loss=1.2983, Cls=0.1099, Reg=0.0000, Con=3.9615
2025-09-14 02:43:34,044 - INFO - Batch 1410/2278: Loss=0.0007, Cls=0.0007, Reg=0.0000, Con=0.0000
2025-09-14 02:43:34,966 - INFO - Batch 1420/2278: Loss=1.1939, Cls=0.0056, Reg=0.0000, Con=3.9610
2025-09-14 02:43:35,873 - INFO - Batch 1430/2278: Loss=0.8406, Cls=0.8406, Reg=0.0000, Con=0.0000
2025-09-14 02:43:36,805 - INFO - Batch 1440/2278: Loss=1.1884, Cls=0.0002, Reg=0.0000, Con=3.9606
2025-09-14 02:43:37,739 - INFO - Batch 1450/2278: Loss=0.0051, Cls=0.0051, Reg=0.0000, Con=0.0000
2025-09-14 02:43:38,626 - INFO - Batch 1460/2278: Loss=0.0010, Cls=0.0010, Reg=0.0000, Con=0.0000
2025-09-14 02:43:39,551 - INFO - Batch 1470/2278: Loss=1.1961, Cls=0.0078, Reg=0.0000, Con=3.9607
2025-09-14 02:43:40,432 - INFO - Batch 1480/2278: Loss=1.9142, Cls=0.7260, Reg=0.0000, Con=3.9608
2025-09-14 02:43:41,327 - INFO - Batch 1490/2278: Loss=1.6811, Cls=1.6811, Reg=0.0000, Con=0.0000
2025-09-14 02:43:42,219 - INFO - Batch 1500/2278: Loss=1.5523, Cls=0.3641, Reg=0.0000, Con=3.9610
2025-09-14 02:43:43,147 - INFO - Batch 1510/2278: Loss=1.2630, Cls=0.0748, Reg=0.0000, Con=3.9609
2025-09-14 02:43:44,037 - INFO - Batch 1520/2278: Loss=0.0026, Cls=0.0026, Reg=0.0000, Con=0.0000
2025-09-14 02:43:44,940 - INFO - Batch 1530/2278: Loss=1.2529, Cls=0.0647, Reg=0.0000, Con=3.9608
2025-09-14 02:43:45,859 - INFO - Batch 1540/2278: Loss=1.1888, Cls=0.0004, Reg=0.0000, Con=3.9610
2025-09-14 02:43:46,772 - INFO - Batch 1550/2278: Loss=1.5627, Cls=0.3744, Reg=0.0000, Con=3.9611
2025-09-14 02:43:47,663 - INFO - Batch 1560/2278: Loss=1.2253, Cls=0.0370, Reg=0.0000, Con=3.9608
2025-09-14 02:43:48,544 - INFO - Batch 1570/2278: Loss=1.3719, Cls=0.1836, Reg=0.0000, Con=3.9608
2025-09-14 02:43:49,485 - INFO - Batch 1580/2278: Loss=1.2184, Cls=0.0302, Reg=0.0000, Con=3.9608
2025-09-14 02:43:50,394 - INFO - Batch 1590/2278: Loss=1.2031, Cls=0.0148, Reg=0.0000, Con=3.9608
2025-09-14 02:43:51,314 - INFO - Batch 1600/2278: Loss=1.1906, Cls=0.0024, Reg=0.0000, Con=3.9608
2025-09-14 02:43:52,194 - INFO - Batch 1610/2278: Loss=0.0037, Cls=0.0037, Reg=0.0000, Con=0.0000
2025-09-14 02:43:53,108 - INFO - Batch 1620/2278: Loss=1.2271, Cls=0.0388, Reg=0.0000, Con=3.9608
2025-09-14 02:43:53,982 - INFO - Batch 1630/2278: Loss=1.1974, Cls=0.0091, Reg=0.0000, Con=3.9610
2025-09-14 02:43:54,957 - INFO - Batch 1640/2278: Loss=0.0092, Cls=0.0092, Reg=0.0000, Con=0.0000
2025-09-14 02:43:55,874 - INFO - Batch 1650/2278: Loss=1.2288, Cls=0.0405, Reg=0.0000, Con=3.9609
2025-09-14 02:43:56,790 - INFO - Batch 1660/2278: Loss=1.2113, Cls=0.0230, Reg=0.0000, Con=3.9613
2025-09-14 02:43:57,681 - INFO - Batch 1670/2278: Loss=1.3374, Cls=0.1491, Reg=0.0000, Con=3.9609
2025-09-14 02:43:58,578 - INFO - Batch 1680/2278: Loss=1.1919, Cls=0.0037, Reg=0.0000, Con=3.9607
2025-09-14 02:43:59,441 - INFO - Batch 1690/2278: Loss=1.2034, Cls=0.0151, Reg=0.0000, Con=3.9610
2025-09-14 02:44:00,346 - INFO - Batch 1700/2278: Loss=1.1886, Cls=0.0003, Reg=0.0000, Con=3.9608
2025-09-14 02:44:01,251 - INFO - Batch 1710/2278: Loss=0.0244, Cls=0.0244, Reg=0.0000, Con=0.0000
2025-09-14 02:44:02,132 - INFO - Batch 1720/2278: Loss=0.0025, Cls=0.0025, Reg=0.0000, Con=0.0000
2025-09-14 02:44:03,023 - INFO - Batch 1730/2278: Loss=1.1973, Cls=0.0090, Reg=0.0000, Con=3.9608
2025-09-14 02:44:03,929 - INFO - Batch 1740/2278: Loss=1.1885, Cls=0.0002, Reg=0.0000, Con=3.9609
2025-09-14 02:44:04,838 - INFO - Batch 1750/2278: Loss=0.0842, Cls=0.0842, Reg=0.0000, Con=0.0000
2025-09-14 02:44:05,743 - INFO - Batch 1760/2278: Loss=1.1910, Cls=0.0026, Reg=0.0000, Con=3.9612
2025-09-14 02:44:06,657 - INFO - Batch 1770/2278: Loss=0.0010, Cls=0.0010, Reg=0.0000, Con=0.0000
2025-09-14 02:44:07,562 - INFO - Batch 1780/2278: Loss=0.0002, Cls=0.0002, Reg=0.0000, Con=0.0000
2025-09-14 02:44:08,466 - INFO - Batch 1790/2278: Loss=0.0014, Cls=0.0014, Reg=0.0000, Con=0.0000
2025-09-14 02:44:09,372 - INFO - Batch 1800/2278: Loss=1.1886, Cls=0.0004, Reg=0.0000, Con=3.9607
2025-09-14 02:44:10,240 - INFO - Batch 1810/2278: Loss=0.0105, Cls=0.0105, Reg=0.0000, Con=0.0000
2025-09-14 02:44:11,138 - INFO - Batch 1820/2278: Loss=0.0299, Cls=0.0299, Reg=0.0000, Con=0.0000
2025-09-14 02:44:12,016 - INFO - Batch 1830/2278: Loss=2.7307, Cls=1.5424, Reg=0.0000, Con=3.9608
2025-09-14 02:44:12,926 - INFO - Batch 1840/2278: Loss=0.0079, Cls=0.0079, Reg=0.0000, Con=0.0000
2025-09-14 02:44:13,838 - INFO - Batch 1850/2278: Loss=1.2259, Cls=0.0376, Reg=0.0000, Con=3.9609
2025-09-14 02:44:14,744 - INFO - Batch 1860/2278: Loss=1.7858, Cls=0.5976, Reg=0.0000, Con=3.9607
2025-09-14 02:44:15,761 - INFO - Batch 1870/2278: Loss=0.1735, Cls=0.1735, Reg=0.0000, Con=0.0000
2025-09-14 02:44:16,686 - INFO - Batch 1880/2278: Loss=1.1938, Cls=0.0055, Reg=0.0000, Con=3.9607
2025-09-14 02:44:17,595 - INFO - Batch 1890/2278: Loss=0.0541, Cls=0.0541, Reg=0.0000, Con=0.0000
2025-09-14 02:44:18,506 - INFO - Batch 1900/2278: Loss=0.2504, Cls=0.2504, Reg=0.0000, Con=0.0000
2025-09-14 02:44:19,379 - INFO - Batch 1910/2278: Loss=1.1987, Cls=0.0104, Reg=0.0000, Con=3.9610
2025-09-14 02:44:20,261 - INFO - Batch 1920/2278: Loss=0.0020, Cls=0.0020, Reg=0.0000, Con=0.0000
2025-09-14 02:44:21,186 - INFO - Batch 1930/2278: Loss=1.1921, Cls=0.0038, Reg=0.0000, Con=3.9611
2025-09-14 02:44:22,066 - INFO - Batch 1940/2278: Loss=1.1892, Cls=0.0010, Reg=0.0000, Con=3.9607
2025-09-14 02:44:22,944 - INFO - Batch 1950/2278: Loss=1.1911, Cls=0.0029, Reg=0.0000, Con=3.9609
2025-09-14 02:44:23,832 - INFO - Batch 1960/2278: Loss=1.1887, Cls=0.0004, Reg=0.0000, Con=3.9610
2025-09-14 02:44:24,741 - INFO - Batch 1970/2278: Loss=0.0018, Cls=0.0018, Reg=0.0000, Con=0.0000
2025-09-14 02:44:25,680 - INFO - Batch 1980/2278: Loss=1.1932, Cls=0.0049, Reg=0.0000, Con=3.9610
2025-09-14 02:44:26,569 - INFO - Batch 1990/2278: Loss=1.1889, Cls=0.0007, Reg=0.0000, Con=3.9608
2025-09-14 02:44:27,457 - INFO - Batch 2000/2278: Loss=1.2425, Cls=0.0542, Reg=0.0000, Con=3.9610
2025-09-14 02:44:28,364 - INFO - Batch 2010/2278: Loss=2.5035, Cls=1.3152, Reg=0.0000, Con=3.9608
2025-09-14 02:44:29,270 - INFO - Batch 2020/2278: Loss=1.1892, Cls=0.0010, Reg=0.0000, Con=3.9608
2025-09-14 02:44:30,177 - INFO - Batch 2030/2278: Loss=1.2162, Cls=0.0279, Reg=0.0000, Con=3.9608
2025-09-14 02:44:31,069 - INFO - Batch 2040/2278: Loss=1.1941, Cls=0.0058, Reg=0.0000, Con=3.9610
2025-09-14 02:44:31,989 - INFO - Batch 2050/2278: Loss=0.0057, Cls=0.0057, Reg=0.0000, Con=0.0000
2025-09-14 02:44:32,868 - INFO - Batch 2060/2278: Loss=1.2577, Cls=0.0694, Reg=0.0000, Con=3.9609
2025-09-14 02:44:33,777 - INFO - Batch 2070/2278: Loss=0.1062, Cls=0.1062, Reg=0.0000, Con=0.0000
2025-09-14 02:44:34,689 - INFO - Batch 2080/2278: Loss=1.1889, Cls=0.0005, Reg=0.0000, Con=3.9613
2025-09-14 02:44:35,562 - INFO - Batch 2090/2278: Loss=1.1931, Cls=0.0048, Reg=0.0000, Con=3.9607
2025-09-14 02:44:36,469 - INFO - Batch 2100/2278: Loss=1.8885, Cls=0.6999, Reg=0.0000, Con=3.9619
2025-09-14 02:44:37,368 - INFO - Batch 2110/2278: Loss=1.1887, Cls=0.0004, Reg=0.0000, Con=3.9609
2025-09-14 02:44:38,286 - INFO - Batch 2120/2278: Loss=0.0710, Cls=0.0710, Reg=0.0000, Con=0.0000
2025-09-14 02:44:39,185 - INFO - Batch 2130/2278: Loss=1.2321, Cls=0.0440, Reg=0.0000, Con=3.9606
2025-09-14 02:44:40,079 - INFO - Batch 2140/2278: Loss=0.0018, Cls=0.0018, Reg=0.0000, Con=0.0000
2025-09-14 02:44:40,984 - INFO - Batch 2150/2278: Loss=1.1902, Cls=0.0019, Reg=0.0000, Con=3.9608
2025-09-14 02:44:41,869 - INFO - Batch 2160/2278: Loss=1.2065, Cls=0.0183, Reg=0.0000, Con=3.9609
2025-09-14 02:44:42,755 - INFO - Batch 2170/2278: Loss=1.1895, Cls=0.0012, Reg=0.0000, Con=3.9608
2025-09-14 02:44:43,654 - INFO - Batch 2180/2278: Loss=0.0347, Cls=0.0347, Reg=0.0000, Con=0.0000
2025-09-14 02:44:44,564 - INFO - Batch 2190/2278: Loss=1.1893, Cls=0.0010, Reg=0.0000, Con=3.9609
2025-09-14 02:44:45,461 - INFO - Batch 2200/2278: Loss=1.1927, Cls=0.0045, Reg=0.0000, Con=3.9608
2025-09-14 02:44:46,386 - INFO - Batch 2210/2278: Loss=1.8681, Cls=0.6798, Reg=0.0000, Con=3.9608
2025-09-14 02:44:47,345 - INFO - Batch 2220/2278: Loss=0.0261, Cls=0.0261, Reg=0.0000, Con=0.0000
2025-09-14 02:44:48,252 - INFO - Batch 2230/2278: Loss=1.2082, Cls=0.0199, Reg=0.0000, Con=3.9609
2025-09-14 02:44:49,175 - INFO - Batch 2240/2278: Loss=1.1893, Cls=0.0008, Reg=0.0000, Con=3.9617
2025-09-14 02:44:50,080 - INFO - Batch 2250/2278: Loss=1.2012, Cls=0.0129, Reg=0.0000, Con=3.9608
2025-09-14 02:44:50,975 - INFO - Batch 2260/2278: Loss=0.0106, Cls=0.0106, Reg=0.0000, Con=0.0000
2025-09-14 02:44:51,863 - INFO - Batch 2270/2278: Loss=0.0158, Cls=0.0158, Reg=0.0000, Con=0.0000
2025-09-14 02:48:21,403 - INFO - === Epoch 3 Results ===
2025-09-14 02:48:21,403 - INFO - Training Loss: 1.0145 (Classification: 0.2054, Regression: 0.0000)
2025-09-14 02:48:21,403 - INFO - Validation Loss: 0.0999 (Classification: 0.0999, Regression: 0.0000)
2025-09-14 02:48:21,403 - INFO - Average Classification Accuracy: 0.9106 (on 1/26 tasks)
2025-09-14 02:48:21,403 - INFO - Average AUC: 0.8723
2025-09-14 02:48:21,403 - INFO - Training finished!
2025-09-14 02:48:21,403 - INFO - Performing final evaluation...
2025-09-14 02:48:21,630 - INFO - Loaded best model from: experiments/r1c3_headft_cls_12_seed_42_20250914_022731/checkpoints/r1c3_headft_cls_12_seed_42_best.pth
2025-09-14 02:51:49,779 - INFO - Final Validation Results:
2025-09-14 02:51:49,779 - INFO -   Total Loss: 0.0969
2025-09-14 02:51:49,779 - INFO -   Classification Loss: 0.0969
2025-09-14 02:51:49,779 - INFO -   Regression Loss: 0.0000
2025-09-14 02:51:49,779 - INFO -   Average Classification Accuracy: 0.9040
2025-09-14 02:51:49,779 - INFO -   Average AUC: 0.8681
2025-09-14 02:51:49,780 - INFO - Results saved to: experiments/r1c3_headft_cls_12_seed_42_20250914_022731/checkpoints/r1c3_headft_cls_12_seed_42_results.json
